[2024-03-04T19:08:01.738+0530] {processor.py:161} INFO - Started process (PID=136527) to work on /home/taushif/.local/lib/python3.10/site-packages/airflow/example_dags/example_nested_branch_dag.py
[2024-03-04T19:08:01.740+0530] {processor.py:830} INFO - Processing file /home/taushif/.local/lib/python3.10/site-packages/airflow/example_dags/example_nested_branch_dag.py for tasks to queue
[2024-03-04T19:08:01.741+0530] {logging_mixin.py:188} INFO - [2024-03-04T19:08:01.740+0530] {dagbag.py:540} INFO - Filling up the DagBag from /home/taushif/.local/lib/python3.10/site-packages/airflow/example_dags/example_nested_branch_dag.py
[2024-03-04T19:08:01.751+0530] {processor.py:840} INFO - DAG(s) 'example_nested_branch_dag' retrieved from /home/taushif/.local/lib/python3.10/site-packages/airflow/example_dags/example_nested_branch_dag.py
[2024-03-04T19:08:01.871+0530] {logging_mixin.py:188} INFO - [2024-03-04T19:08:01.871+0530] {dag.py:3047} INFO - Sync 1 DAGs
[2024-03-04T19:08:01.880+0530] {logging_mixin.py:188} INFO - [2024-03-04T19:08:01.880+0530] {dag.py:3834} INFO - Setting next_dagrun for example_nested_branch_dag to 2024-03-03 00:00:00+00:00, run_after=2024-03-04 00:00:00+00:00
[2024-03-04T19:08:01.898+0530] {processor.py:183} INFO - Processing /home/taushif/.local/lib/python3.10/site-packages/airflow/example_dags/example_nested_branch_dag.py took 0.162 seconds
[2024-03-04T19:08:50.327+0530] {processor.py:161} INFO - Started process (PID=136987) to work on /home/taushif/.local/lib/python3.10/site-packages/airflow/example_dags/example_nested_branch_dag.py
[2024-03-04T19:08:50.333+0530] {processor.py:830} INFO - Processing file /home/taushif/.local/lib/python3.10/site-packages/airflow/example_dags/example_nested_branch_dag.py for tasks to queue
[2024-03-04T19:08:50.335+0530] {logging_mixin.py:188} INFO - [2024-03-04T19:08:50.334+0530] {dagbag.py:540} INFO - Filling up the DagBag from /home/taushif/.local/lib/python3.10/site-packages/airflow/example_dags/example_nested_branch_dag.py
[2024-03-04T19:08:50.351+0530] {processor.py:840} INFO - DAG(s) 'example_nested_branch_dag' retrieved from /home/taushif/.local/lib/python3.10/site-packages/airflow/example_dags/example_nested_branch_dag.py
[2024-03-04T19:08:50.366+0530] {logging_mixin.py:188} INFO - [2024-03-04T19:08:50.366+0530] {dag.py:3047} INFO - Sync 1 DAGs
[2024-03-04T19:08:50.469+0530] {logging_mixin.py:188} INFO - [2024-03-04T19:08:50.469+0530] {dag.py:3834} INFO - Setting next_dagrun for example_nested_branch_dag to 2024-03-03 00:00:00+00:00, run_after=2024-03-04 00:00:00+00:00
[2024-03-04T19:08:50.495+0530] {processor.py:183} INFO - Processing /home/taushif/.local/lib/python3.10/site-packages/airflow/example_dags/example_nested_branch_dag.py took 0.175 seconds
[2024-03-04T19:09:38.450+0530] {processor.py:161} INFO - Started process (PID=137707) to work on /home/taushif/.local/lib/python3.10/site-packages/airflow/example_dags/example_nested_branch_dag.py
[2024-03-04T19:09:38.457+0530] {processor.py:830} INFO - Processing file /home/taushif/.local/lib/python3.10/site-packages/airflow/example_dags/example_nested_branch_dag.py for tasks to queue
[2024-03-04T19:09:38.458+0530] {logging_mixin.py:188} INFO - [2024-03-04T19:09:38.458+0530] {dagbag.py:540} INFO - Filling up the DagBag from /home/taushif/.local/lib/python3.10/site-packages/airflow/example_dags/example_nested_branch_dag.py
[2024-03-04T19:09:38.469+0530] {processor.py:840} INFO - DAG(s) 'example_nested_branch_dag' retrieved from /home/taushif/.local/lib/python3.10/site-packages/airflow/example_dags/example_nested_branch_dag.py
[2024-03-04T19:09:38.481+0530] {logging_mixin.py:188} INFO - [2024-03-04T19:09:38.480+0530] {dag.py:3047} INFO - Sync 1 DAGs
[2024-03-04T19:09:38.494+0530] {logging_mixin.py:188} INFO - [2024-03-04T19:09:38.494+0530] {dag.py:3834} INFO - Setting next_dagrun for example_nested_branch_dag to 2024-03-03 00:00:00+00:00, run_after=2024-03-04 00:00:00+00:00
[2024-03-04T19:09:38.512+0530] {processor.py:183} INFO - Processing /home/taushif/.local/lib/python3.10/site-packages/airflow/example_dags/example_nested_branch_dag.py took 0.065 seconds
[2024-03-04T19:10:39.759+0530] {processor.py:161} INFO - Started process (PID=138589) to work on /home/taushif/.local/lib/python3.10/site-packages/airflow/example_dags/example_nested_branch_dag.py
[2024-03-04T19:10:39.760+0530] {processor.py:830} INFO - Processing file /home/taushif/.local/lib/python3.10/site-packages/airflow/example_dags/example_nested_branch_dag.py for tasks to queue
[2024-03-04T19:10:39.760+0530] {logging_mixin.py:188} INFO - [2024-03-04T19:10:39.760+0530] {dagbag.py:540} INFO - Filling up the DagBag from /home/taushif/.local/lib/python3.10/site-packages/airflow/example_dags/example_nested_branch_dag.py
[2024-03-04T19:10:39.768+0530] {processor.py:840} INFO - DAG(s) 'example_nested_branch_dag' retrieved from /home/taushif/.local/lib/python3.10/site-packages/airflow/example_dags/example_nested_branch_dag.py
[2024-03-04T19:10:39.780+0530] {logging_mixin.py:188} INFO - [2024-03-04T19:10:39.779+0530] {dag.py:3047} INFO - Sync 1 DAGs
[2024-03-04T19:10:39.796+0530] {logging_mixin.py:188} INFO - [2024-03-04T19:10:39.795+0530] {dag.py:3834} INFO - Setting next_dagrun for example_nested_branch_dag to 2024-03-03 00:00:00+00:00, run_after=2024-03-04 00:00:00+00:00
[2024-03-04T19:10:39.815+0530] {processor.py:183} INFO - Processing /home/taushif/.local/lib/python3.10/site-packages/airflow/example_dags/example_nested_branch_dag.py took 0.058 seconds
[2024-03-04T19:11:24.734+0530] {processor.py:161} INFO - Started process (PID=139338) to work on /home/taushif/.local/lib/python3.10/site-packages/airflow/example_dags/example_nested_branch_dag.py
[2024-03-04T19:11:24.740+0530] {processor.py:830} INFO - Processing file /home/taushif/.local/lib/python3.10/site-packages/airflow/example_dags/example_nested_branch_dag.py for tasks to queue
[2024-03-04T19:11:24.741+0530] {logging_mixin.py:188} INFO - [2024-03-04T19:11:24.740+0530] {dagbag.py:540} INFO - Filling up the DagBag from /home/taushif/.local/lib/python3.10/site-packages/airflow/example_dags/example_nested_branch_dag.py
[2024-03-04T19:11:24.750+0530] {processor.py:840} INFO - DAG(s) 'example_nested_branch_dag' retrieved from /home/taushif/.local/lib/python3.10/site-packages/airflow/example_dags/example_nested_branch_dag.py
[2024-03-04T19:11:24.760+0530] {logging_mixin.py:188} INFO - [2024-03-04T19:11:24.760+0530] {dag.py:3047} INFO - Sync 1 DAGs
[2024-03-04T19:11:24.772+0530] {logging_mixin.py:188} INFO - [2024-03-04T19:11:24.772+0530] {dag.py:3834} INFO - Setting next_dagrun for example_nested_branch_dag to 2024-03-03 00:00:00+00:00, run_after=2024-03-04 00:00:00+00:00
[2024-03-04T19:11:24.785+0530] {processor.py:183} INFO - Processing /home/taushif/.local/lib/python3.10/site-packages/airflow/example_dags/example_nested_branch_dag.py took 0.054 seconds
[2024-03-04T19:12:20.183+0530] {processor.py:161} INFO - Started process (PID=139934) to work on /home/taushif/.local/lib/python3.10/site-packages/airflow/example_dags/example_nested_branch_dag.py
[2024-03-04T19:12:20.190+0530] {processor.py:830} INFO - Processing file /home/taushif/.local/lib/python3.10/site-packages/airflow/example_dags/example_nested_branch_dag.py for tasks to queue
[2024-03-04T19:12:20.191+0530] {logging_mixin.py:188} INFO - [2024-03-04T19:12:20.191+0530] {dagbag.py:540} INFO - Filling up the DagBag from /home/taushif/.local/lib/python3.10/site-packages/airflow/example_dags/example_nested_branch_dag.py
[2024-03-04T19:12:20.210+0530] {processor.py:840} INFO - DAG(s) 'example_nested_branch_dag' retrieved from /home/taushif/.local/lib/python3.10/site-packages/airflow/example_dags/example_nested_branch_dag.py
[2024-03-04T19:12:20.224+0530] {logging_mixin.py:188} INFO - [2024-03-04T19:12:20.224+0530] {dag.py:3047} INFO - Sync 1 DAGs
[2024-03-04T19:12:20.240+0530] {logging_mixin.py:188} INFO - [2024-03-04T19:12:20.240+0530] {dag.py:3834} INFO - Setting next_dagrun for example_nested_branch_dag to 2024-03-03 00:00:00+00:00, run_after=2024-03-04 00:00:00+00:00
[2024-03-04T19:12:20.259+0530] {processor.py:183} INFO - Processing /home/taushif/.local/lib/python3.10/site-packages/airflow/example_dags/example_nested_branch_dag.py took 0.080 seconds
[2024-03-04T19:13:05.938+0530] {processor.py:161} INFO - Started process (PID=140420) to work on /home/taushif/.local/lib/python3.10/site-packages/airflow/example_dags/example_nested_branch_dag.py
[2024-03-04T19:13:05.939+0530] {processor.py:830} INFO - Processing file /home/taushif/.local/lib/python3.10/site-packages/airflow/example_dags/example_nested_branch_dag.py for tasks to queue
[2024-03-04T19:13:05.941+0530] {logging_mixin.py:188} INFO - [2024-03-04T19:13:05.940+0530] {dagbag.py:540} INFO - Filling up the DagBag from /home/taushif/.local/lib/python3.10/site-packages/airflow/example_dags/example_nested_branch_dag.py
[2024-03-04T19:13:05.955+0530] {processor.py:840} INFO - DAG(s) 'example_nested_branch_dag' retrieved from /home/taushif/.local/lib/python3.10/site-packages/airflow/example_dags/example_nested_branch_dag.py
[2024-03-04T19:13:05.970+0530] {logging_mixin.py:188} INFO - [2024-03-04T19:13:05.970+0530] {dag.py:3047} INFO - Sync 1 DAGs
[2024-03-04T19:13:05.986+0530] {logging_mixin.py:188} INFO - [2024-03-04T19:13:05.986+0530] {dag.py:3834} INFO - Setting next_dagrun for example_nested_branch_dag to 2024-03-03 00:00:00+00:00, run_after=2024-03-04 00:00:00+00:00
[2024-03-04T19:13:06.003+0530] {processor.py:183} INFO - Processing /home/taushif/.local/lib/python3.10/site-packages/airflow/example_dags/example_nested_branch_dag.py took 0.069 seconds
[2024-03-04T19:13:56.710+0530] {processor.py:161} INFO - Started process (PID=140912) to work on /home/taushif/.local/lib/python3.10/site-packages/airflow/example_dags/example_nested_branch_dag.py
[2024-03-04T19:13:56.717+0530] {processor.py:830} INFO - Processing file /home/taushif/.local/lib/python3.10/site-packages/airflow/example_dags/example_nested_branch_dag.py for tasks to queue
[2024-03-04T19:13:56.719+0530] {logging_mixin.py:188} INFO - [2024-03-04T19:13:56.718+0530] {dagbag.py:540} INFO - Filling up the DagBag from /home/taushif/.local/lib/python3.10/site-packages/airflow/example_dags/example_nested_branch_dag.py
[2024-03-04T19:13:56.737+0530] {processor.py:840} INFO - DAG(s) 'example_nested_branch_dag' retrieved from /home/taushif/.local/lib/python3.10/site-packages/airflow/example_dags/example_nested_branch_dag.py
[2024-03-04T19:13:56.752+0530] {logging_mixin.py:188} INFO - [2024-03-04T19:13:56.752+0530] {dag.py:3047} INFO - Sync 1 DAGs
[2024-03-04T19:13:56.765+0530] {logging_mixin.py:188} INFO - [2024-03-04T19:13:56.765+0530] {dag.py:3834} INFO - Setting next_dagrun for example_nested_branch_dag to 2024-03-03 00:00:00+00:00, run_after=2024-03-04 00:00:00+00:00
[2024-03-04T19:13:56.782+0530] {processor.py:183} INFO - Processing /home/taushif/.local/lib/python3.10/site-packages/airflow/example_dags/example_nested_branch_dag.py took 0.076 seconds
[2024-03-04T19:14:50.363+0530] {processor.py:161} INFO - Started process (PID=141421) to work on /home/taushif/.local/lib/python3.10/site-packages/airflow/example_dags/example_nested_branch_dag.py
[2024-03-04T19:14:50.369+0530] {processor.py:830} INFO - Processing file /home/taushif/.local/lib/python3.10/site-packages/airflow/example_dags/example_nested_branch_dag.py for tasks to queue
[2024-03-04T19:14:50.370+0530] {logging_mixin.py:188} INFO - [2024-03-04T19:14:50.369+0530] {dagbag.py:540} INFO - Filling up the DagBag from /home/taushif/.local/lib/python3.10/site-packages/airflow/example_dags/example_nested_branch_dag.py
[2024-03-04T19:14:50.390+0530] {processor.py:840} INFO - DAG(s) 'example_nested_branch_dag' retrieved from /home/taushif/.local/lib/python3.10/site-packages/airflow/example_dags/example_nested_branch_dag.py
[2024-03-04T19:14:50.408+0530] {logging_mixin.py:188} INFO - [2024-03-04T19:14:50.407+0530] {dag.py:3047} INFO - Sync 1 DAGs
[2024-03-04T19:14:50.425+0530] {logging_mixin.py:188} INFO - [2024-03-04T19:14:50.425+0530] {dag.py:3834} INFO - Setting next_dagrun for example_nested_branch_dag to 2024-03-03 00:00:00+00:00, run_after=2024-03-04 00:00:00+00:00
[2024-03-04T19:14:50.443+0530] {processor.py:183} INFO - Processing /home/taushif/.local/lib/python3.10/site-packages/airflow/example_dags/example_nested_branch_dag.py took 0.083 seconds
[2024-03-04T19:15:40.475+0530] {processor.py:161} INFO - Started process (PID=141891) to work on /home/taushif/.local/lib/python3.10/site-packages/airflow/example_dags/example_nested_branch_dag.py
[2024-03-04T19:15:40.480+0530] {processor.py:830} INFO - Processing file /home/taushif/.local/lib/python3.10/site-packages/airflow/example_dags/example_nested_branch_dag.py for tasks to queue
[2024-03-04T19:15:40.481+0530] {logging_mixin.py:188} INFO - [2024-03-04T19:15:40.481+0530] {dagbag.py:540} INFO - Filling up the DagBag from /home/taushif/.local/lib/python3.10/site-packages/airflow/example_dags/example_nested_branch_dag.py
[2024-03-04T19:15:40.488+0530] {processor.py:840} INFO - DAG(s) 'example_nested_branch_dag' retrieved from /home/taushif/.local/lib/python3.10/site-packages/airflow/example_dags/example_nested_branch_dag.py
[2024-03-04T19:15:40.501+0530] {logging_mixin.py:188} INFO - [2024-03-04T19:15:40.501+0530] {dag.py:3047} INFO - Sync 1 DAGs
[2024-03-04T19:15:40.518+0530] {logging_mixin.py:188} INFO - [2024-03-04T19:15:40.517+0530] {dag.py:3834} INFO - Setting next_dagrun for example_nested_branch_dag to 2024-03-03 00:00:00+00:00, run_after=2024-03-04 00:00:00+00:00
[2024-03-04T19:15:40.536+0530] {processor.py:183} INFO - Processing /home/taushif/.local/lib/python3.10/site-packages/airflow/example_dags/example_nested_branch_dag.py took 0.063 seconds
