[2024-03-04T19:08:09.659+0530] {processor.py:161} INFO - Started process (PID=136623) to work on /home/taushif/.local/lib/python3.10/site-packages/airflow/example_dags/example_kubernetes_executor.py
[2024-03-04T19:08:09.660+0530] {processor.py:830} INFO - Processing file /home/taushif/.local/lib/python3.10/site-packages/airflow/example_dags/example_kubernetes_executor.py for tasks to queue
[2024-03-04T19:08:09.661+0530] {logging_mixin.py:188} INFO - [2024-03-04T19:08:09.661+0530] {dagbag.py:540} INFO - Filling up the DagBag from /home/taushif/.local/lib/python3.10/site-packages/airflow/example_dags/example_kubernetes_executor.py
[2024-03-04T19:08:09.665+0530] {logging_mixin.py:188} INFO - [2024-03-04T19:08:09.664+0530] {example_kubernetes_executor.py:38} WARNING - The example_kubernetes_executor example DAG requires the kubernetes provider. Please install it with: pip install apache-airflow[cncf.kubernetes]
[2024-03-04T19:08:09.665+0530] {processor.py:842} WARNING - No viable dags retrieved from /home/taushif/.local/lib/python3.10/site-packages/airflow/example_dags/example_kubernetes_executor.py
[2024-03-04T19:08:09.672+0530] {processor.py:183} INFO - Processing /home/taushif/.local/lib/python3.10/site-packages/airflow/example_dags/example_kubernetes_executor.py took 0.017 seconds
[2024-03-04T19:08:59.422+0530] {processor.py:161} INFO - Started process (PID=137111) to work on /home/taushif/.local/lib/python3.10/site-packages/airflow/example_dags/example_kubernetes_executor.py
[2024-03-04T19:08:59.428+0530] {processor.py:830} INFO - Processing file /home/taushif/.local/lib/python3.10/site-packages/airflow/example_dags/example_kubernetes_executor.py for tasks to queue
[2024-03-04T19:08:59.429+0530] {logging_mixin.py:188} INFO - [2024-03-04T19:08:59.429+0530] {dagbag.py:540} INFO - Filling up the DagBag from /home/taushif/.local/lib/python3.10/site-packages/airflow/example_dags/example_kubernetes_executor.py
[2024-03-04T19:08:59.432+0530] {logging_mixin.py:188} INFO - [2024-03-04T19:08:59.432+0530] {example_kubernetes_executor.py:38} WARNING - The example_kubernetes_executor example DAG requires the kubernetes provider. Please install it with: pip install apache-airflow[cncf.kubernetes]
[2024-03-04T19:08:59.433+0530] {processor.py:842} WARNING - No viable dags retrieved from /home/taushif/.local/lib/python3.10/site-packages/airflow/example_dags/example_kubernetes_executor.py
[2024-03-04T19:08:59.441+0530] {processor.py:183} INFO - Processing /home/taushif/.local/lib/python3.10/site-packages/airflow/example_dags/example_kubernetes_executor.py took 0.020 seconds
[2024-03-04T19:10:02.119+0530] {processor.py:161} INFO - Started process (PID=138093) to work on /home/taushif/.local/lib/python3.10/site-packages/airflow/example_dags/example_kubernetes_executor.py
[2024-03-04T19:10:02.125+0530] {processor.py:830} INFO - Processing file /home/taushif/.local/lib/python3.10/site-packages/airflow/example_dags/example_kubernetes_executor.py for tasks to queue
[2024-03-04T19:10:02.126+0530] {logging_mixin.py:188} INFO - [2024-03-04T19:10:02.125+0530] {dagbag.py:540} INFO - Filling up the DagBag from /home/taushif/.local/lib/python3.10/site-packages/airflow/example_dags/example_kubernetes_executor.py
[2024-03-04T19:10:02.129+0530] {logging_mixin.py:188} INFO - [2024-03-04T19:10:02.129+0530] {example_kubernetes_executor.py:38} WARNING - The example_kubernetes_executor example DAG requires the kubernetes provider. Please install it with: pip install apache-airflow[cncf.kubernetes]
[2024-03-04T19:10:02.130+0530] {processor.py:842} WARNING - No viable dags retrieved from /home/taushif/.local/lib/python3.10/site-packages/airflow/example_dags/example_kubernetes_executor.py
[2024-03-04T19:10:02.139+0530] {processor.py:183} INFO - Processing /home/taushif/.local/lib/python3.10/site-packages/airflow/example_dags/example_kubernetes_executor.py took 0.024 seconds
[2024-03-04T19:11:05.673+0530] {processor.py:161} INFO - Started process (PID=139074) to work on /home/taushif/.local/lib/python3.10/site-packages/airflow/example_dags/example_kubernetes_executor.py
[2024-03-04T19:11:05.679+0530] {processor.py:830} INFO - Processing file /home/taushif/.local/lib/python3.10/site-packages/airflow/example_dags/example_kubernetes_executor.py for tasks to queue
[2024-03-04T19:11:05.681+0530] {logging_mixin.py:188} INFO - [2024-03-04T19:11:05.680+0530] {dagbag.py:540} INFO - Filling up the DagBag from /home/taushif/.local/lib/python3.10/site-packages/airflow/example_dags/example_kubernetes_executor.py
[2024-03-04T19:11:05.686+0530] {logging_mixin.py:188} INFO - [2024-03-04T19:11:05.685+0530] {example_kubernetes_executor.py:38} WARNING - The example_kubernetes_executor example DAG requires the kubernetes provider. Please install it with: pip install apache-airflow[cncf.kubernetes]
[2024-03-04T19:11:05.686+0530] {processor.py:842} WARNING - No viable dags retrieved from /home/taushif/.local/lib/python3.10/site-packages/airflow/example_dags/example_kubernetes_executor.py
[2024-03-04T19:11:05.697+0530] {processor.py:183} INFO - Processing /home/taushif/.local/lib/python3.10/site-packages/airflow/example_dags/example_kubernetes_executor.py took 0.029 seconds
[2024-03-04T19:12:07.339+0530] {processor.py:161} INFO - Started process (PID=139807) to work on /home/taushif/.local/lib/python3.10/site-packages/airflow/example_dags/example_kubernetes_executor.py
[2024-03-04T19:12:07.346+0530] {processor.py:830} INFO - Processing file /home/taushif/.local/lib/python3.10/site-packages/airflow/example_dags/example_kubernetes_executor.py for tasks to queue
[2024-03-04T19:12:07.347+0530] {logging_mixin.py:188} INFO - [2024-03-04T19:12:07.347+0530] {dagbag.py:540} INFO - Filling up the DagBag from /home/taushif/.local/lib/python3.10/site-packages/airflow/example_dags/example_kubernetes_executor.py
[2024-03-04T19:12:07.352+0530] {logging_mixin.py:188} INFO - [2024-03-04T19:12:07.352+0530] {example_kubernetes_executor.py:38} WARNING - The example_kubernetes_executor example DAG requires the kubernetes provider. Please install it with: pip install apache-airflow[cncf.kubernetes]
[2024-03-04T19:12:07.353+0530] {processor.py:842} WARNING - No viable dags retrieved from /home/taushif/.local/lib/python3.10/site-packages/airflow/example_dags/example_kubernetes_executor.py
[2024-03-04T19:12:07.368+0530] {processor.py:183} INFO - Processing /home/taushif/.local/lib/python3.10/site-packages/airflow/example_dags/example_kubernetes_executor.py took 0.034 seconds
[2024-03-04T19:12:55.607+0530] {processor.py:161} INFO - Started process (PID=140316) to work on /home/taushif/.local/lib/python3.10/site-packages/airflow/example_dags/example_kubernetes_executor.py
[2024-03-04T19:12:55.614+0530] {processor.py:830} INFO - Processing file /home/taushif/.local/lib/python3.10/site-packages/airflow/example_dags/example_kubernetes_executor.py for tasks to queue
[2024-03-04T19:12:55.615+0530] {logging_mixin.py:188} INFO - [2024-03-04T19:12:55.614+0530] {dagbag.py:540} INFO - Filling up the DagBag from /home/taushif/.local/lib/python3.10/site-packages/airflow/example_dags/example_kubernetes_executor.py
[2024-03-04T19:12:55.619+0530] {logging_mixin.py:188} INFO - [2024-03-04T19:12:55.618+0530] {example_kubernetes_executor.py:38} WARNING - The example_kubernetes_executor example DAG requires the kubernetes provider. Please install it with: pip install apache-airflow[cncf.kubernetes]
[2024-03-04T19:12:55.619+0530] {processor.py:842} WARNING - No viable dags retrieved from /home/taushif/.local/lib/python3.10/site-packages/airflow/example_dags/example_kubernetes_executor.py
[2024-03-04T19:12:55.630+0530] {processor.py:183} INFO - Processing /home/taushif/.local/lib/python3.10/site-packages/airflow/example_dags/example_kubernetes_executor.py took 0.027 seconds
[2024-03-04T19:13:44.245+0530] {processor.py:161} INFO - Started process (PID=140792) to work on /home/taushif/.local/lib/python3.10/site-packages/airflow/example_dags/example_kubernetes_executor.py
[2024-03-04T19:13:44.252+0530] {processor.py:830} INFO - Processing file /home/taushif/.local/lib/python3.10/site-packages/airflow/example_dags/example_kubernetes_executor.py for tasks to queue
[2024-03-04T19:13:44.253+0530] {logging_mixin.py:188} INFO - [2024-03-04T19:13:44.252+0530] {dagbag.py:540} INFO - Filling up the DagBag from /home/taushif/.local/lib/python3.10/site-packages/airflow/example_dags/example_kubernetes_executor.py
[2024-03-04T19:13:44.258+0530] {logging_mixin.py:188} INFO - [2024-03-04T19:13:44.257+0530] {example_kubernetes_executor.py:38} WARNING - The example_kubernetes_executor example DAG requires the kubernetes provider. Please install it with: pip install apache-airflow[cncf.kubernetes]
[2024-03-04T19:13:44.258+0530] {processor.py:842} WARNING - No viable dags retrieved from /home/taushif/.local/lib/python3.10/site-packages/airflow/example_dags/example_kubernetes_executor.py
[2024-03-04T19:13:44.277+0530] {processor.py:183} INFO - Processing /home/taushif/.local/lib/python3.10/site-packages/airflow/example_dags/example_kubernetes_executor.py took 0.037 seconds
[2024-03-04T19:14:36.543+0530] {processor.py:161} INFO - Started process (PID=141292) to work on /home/taushif/.local/lib/python3.10/site-packages/airflow/example_dags/example_kubernetes_executor.py
[2024-03-04T19:14:36.550+0530] {processor.py:830} INFO - Processing file /home/taushif/.local/lib/python3.10/site-packages/airflow/example_dags/example_kubernetes_executor.py for tasks to queue
[2024-03-04T19:14:36.553+0530] {logging_mixin.py:188} INFO - [2024-03-04T19:14:36.552+0530] {dagbag.py:540} INFO - Filling up the DagBag from /home/taushif/.local/lib/python3.10/site-packages/airflow/example_dags/example_kubernetes_executor.py
[2024-03-04T19:14:36.558+0530] {logging_mixin.py:188} INFO - [2024-03-04T19:14:36.558+0530] {example_kubernetes_executor.py:38} WARNING - The example_kubernetes_executor example DAG requires the kubernetes provider. Please install it with: pip install apache-airflow[cncf.kubernetes]
[2024-03-04T19:14:36.559+0530] {processor.py:842} WARNING - No viable dags retrieved from /home/taushif/.local/lib/python3.10/site-packages/airflow/example_dags/example_kubernetes_executor.py
[2024-03-04T19:14:36.574+0530] {processor.py:183} INFO - Processing /home/taushif/.local/lib/python3.10/site-packages/airflow/example_dags/example_kubernetes_executor.py took 0.035 seconds
[2024-03-04T19:15:26.916+0530] {processor.py:161} INFO - Started process (PID=141757) to work on /home/taushif/.local/lib/python3.10/site-packages/airflow/example_dags/example_kubernetes_executor.py
[2024-03-04T19:15:26.922+0530] {processor.py:830} INFO - Processing file /home/taushif/.local/lib/python3.10/site-packages/airflow/example_dags/example_kubernetes_executor.py for tasks to queue
[2024-03-04T19:15:26.923+0530] {logging_mixin.py:188} INFO - [2024-03-04T19:15:26.923+0530] {dagbag.py:540} INFO - Filling up the DagBag from /home/taushif/.local/lib/python3.10/site-packages/airflow/example_dags/example_kubernetes_executor.py
[2024-03-04T19:15:26.926+0530] {logging_mixin.py:188} INFO - [2024-03-04T19:15:26.926+0530] {example_kubernetes_executor.py:38} WARNING - The example_kubernetes_executor example DAG requires the kubernetes provider. Please install it with: pip install apache-airflow[cncf.kubernetes]
[2024-03-04T19:15:26.927+0530] {processor.py:842} WARNING - No viable dags retrieved from /home/taushif/.local/lib/python3.10/site-packages/airflow/example_dags/example_kubernetes_executor.py
[2024-03-04T19:15:26.937+0530] {processor.py:183} INFO - Processing /home/taushif/.local/lib/python3.10/site-packages/airflow/example_dags/example_kubernetes_executor.py took 0.023 seconds
