[2024-03-04T19:08:22.725+0530] {processor.py:161} INFO - Started process (PID=136740) to work on /home/taushif/.local/lib/python3.10/site-packages/airflow/example_dags/example_branch_operator_decorator.py
[2024-03-04T19:08:22.726+0530] {processor.py:830} INFO - Processing file /home/taushif/.local/lib/python3.10/site-packages/airflow/example_dags/example_branch_operator_decorator.py for tasks to queue
[2024-03-04T19:08:22.727+0530] {logging_mixin.py:188} INFO - [2024-03-04T19:08:22.726+0530] {dagbag.py:540} INFO - Filling up the DagBag from /home/taushif/.local/lib/python3.10/site-packages/airflow/example_dags/example_branch_operator_decorator.py
[2024-03-04T19:08:22.752+0530] {logging_mixin.py:188} INFO - [2024-03-04T19:08:22.750+0530] {dagbag.py:350} ERROR - Failed to import: /home/taushif/.local/lib/python3.10/site-packages/airflow/example_dags/example_branch_operator_decorator.py
Traceback (most recent call last):
  File "/home/taushif/.local/lib/python3.10/site-packages/airflow/models/dagbag.py", line 346, in parse
    loader.exec_module(new_module)
  File "<frozen importlib._bootstrap_external>", line 883, in exec_module
  File "<frozen importlib._bootstrap>", line 241, in _call_with_frames_removed
  File "/home/taushif/.local/lib/python3.10/site-packages/airflow/example_dags/example_branch_operator_decorator.py", line 125, in <module>
    random_choice_venv = branching_virtualenv(choices=options)
  File "/home/taushif/.local/lib/python3.10/site-packages/airflow/decorators/base.py", line 366, in __call__
    op = self.operator_class(
  File "/home/taushif/.local/lib/python3.10/site-packages/airflow/models/baseoperator.py", line 437, in apply_defaults
    result = func(self, **kwargs, default_args=default_args)
  File "/home/taushif/.local/lib/python3.10/site-packages/airflow/models/baseoperator.py", line 437, in apply_defaults
    result = func(self, **kwargs, default_args=default_args)
  File "/home/taushif/.local/lib/python3.10/site-packages/airflow/decorators/python.py", line 52, in __init__
    super().__init__(
  File "/home/taushif/.local/lib/python3.10/site-packages/airflow/models/baseoperator.py", line 437, in apply_defaults
    result = func(self, **kwargs, default_args=default_args)
  File "/home/taushif/.local/lib/python3.10/site-packages/airflow/decorators/base.py", line 233, in __init__
    super().__init__(task_id=task_id, **kwargs_to_upstream, **kwargs)
  File "/home/taushif/.local/lib/python3.10/site-packages/airflow/models/baseoperator.py", line 437, in apply_defaults
    result = func(self, **kwargs, default_args=default_args)
  File "/home/taushif/.local/lib/python3.10/site-packages/airflow/models/baseoperator.py", line 437, in apply_defaults
    result = func(self, **kwargs, default_args=default_args)
  File "/home/taushif/.local/lib/python3.10/site-packages/airflow/operators/python.py", line 591, in __init__
    raise AirflowException("PythonVirtualenvOperator requires virtualenv, please install it.")
airflow.exceptions.AirflowException: PythonVirtualenvOperator requires virtualenv, please install it.
[2024-03-04T19:08:22.753+0530] {processor.py:842} WARNING - No viable dags retrieved from /home/taushif/.local/lib/python3.10/site-packages/airflow/example_dags/example_branch_operator_decorator.py
[2024-03-04T19:08:22.780+0530] {processor.py:183} INFO - Processing /home/taushif/.local/lib/python3.10/site-packages/airflow/example_dags/example_branch_operator_decorator.py took 0.060 seconds
[2024-03-04T19:09:23.075+0530] {processor.py:161} INFO - Started process (PID=137473) to work on /home/taushif/.local/lib/python3.10/site-packages/airflow/example_dags/example_branch_operator_decorator.py
[2024-03-04T19:09:23.077+0530] {processor.py:830} INFO - Processing file /home/taushif/.local/lib/python3.10/site-packages/airflow/example_dags/example_branch_operator_decorator.py for tasks to queue
[2024-03-04T19:09:23.079+0530] {logging_mixin.py:188} INFO - [2024-03-04T19:09:23.078+0530] {dagbag.py:540} INFO - Filling up the DagBag from /home/taushif/.local/lib/python3.10/site-packages/airflow/example_dags/example_branch_operator_decorator.py
[2024-03-04T19:09:23.103+0530] {logging_mixin.py:188} INFO - [2024-03-04T19:09:23.101+0530] {dagbag.py:350} ERROR - Failed to import: /home/taushif/.local/lib/python3.10/site-packages/airflow/example_dags/example_branch_operator_decorator.py
Traceback (most recent call last):
  File "/home/taushif/.local/lib/python3.10/site-packages/airflow/models/dagbag.py", line 346, in parse
    loader.exec_module(new_module)
  File "<frozen importlib._bootstrap_external>", line 883, in exec_module
  File "<frozen importlib._bootstrap>", line 241, in _call_with_frames_removed
  File "/home/taushif/.local/lib/python3.10/site-packages/airflow/example_dags/example_branch_operator_decorator.py", line 125, in <module>
    random_choice_venv = branching_virtualenv(choices=options)
  File "/home/taushif/.local/lib/python3.10/site-packages/airflow/decorators/base.py", line 366, in __call__
    op = self.operator_class(
  File "/home/taushif/.local/lib/python3.10/site-packages/airflow/models/baseoperator.py", line 437, in apply_defaults
    result = func(self, **kwargs, default_args=default_args)
  File "/home/taushif/.local/lib/python3.10/site-packages/airflow/models/baseoperator.py", line 437, in apply_defaults
    result = func(self, **kwargs, default_args=default_args)
  File "/home/taushif/.local/lib/python3.10/site-packages/airflow/decorators/python.py", line 52, in __init__
    super().__init__(
  File "/home/taushif/.local/lib/python3.10/site-packages/airflow/models/baseoperator.py", line 437, in apply_defaults
    result = func(self, **kwargs, default_args=default_args)
  File "/home/taushif/.local/lib/python3.10/site-packages/airflow/decorators/base.py", line 233, in __init__
    super().__init__(task_id=task_id, **kwargs_to_upstream, **kwargs)
  File "/home/taushif/.local/lib/python3.10/site-packages/airflow/models/baseoperator.py", line 437, in apply_defaults
    result = func(self, **kwargs, default_args=default_args)
  File "/home/taushif/.local/lib/python3.10/site-packages/airflow/models/baseoperator.py", line 437, in apply_defaults
    result = func(self, **kwargs, default_args=default_args)
  File "/home/taushif/.local/lib/python3.10/site-packages/airflow/operators/python.py", line 591, in __init__
    raise AirflowException("PythonVirtualenvOperator requires virtualenv, please install it.")
airflow.exceptions.AirflowException: PythonVirtualenvOperator requires virtualenv, please install it.
[2024-03-04T19:09:23.104+0530] {processor.py:842} WARNING - No viable dags retrieved from /home/taushif/.local/lib/python3.10/site-packages/airflow/example_dags/example_branch_operator_decorator.py
[2024-03-04T19:09:23.116+0530] {processor.py:183} INFO - Processing /home/taushif/.local/lib/python3.10/site-packages/airflow/example_dags/example_branch_operator_decorator.py took 0.047 seconds
[2024-03-04T19:10:28.871+0530] {processor.py:161} INFO - Started process (PID=138482) to work on /home/taushif/.local/lib/python3.10/site-packages/airflow/example_dags/example_branch_operator_decorator.py
[2024-03-04T19:10:28.877+0530] {processor.py:830} INFO - Processing file /home/taushif/.local/lib/python3.10/site-packages/airflow/example_dags/example_branch_operator_decorator.py for tasks to queue
[2024-03-04T19:10:28.878+0530] {logging_mixin.py:188} INFO - [2024-03-04T19:10:28.878+0530] {dagbag.py:540} INFO - Filling up the DagBag from /home/taushif/.local/lib/python3.10/site-packages/airflow/example_dags/example_branch_operator_decorator.py
[2024-03-04T19:10:28.894+0530] {logging_mixin.py:188} INFO - [2024-03-04T19:10:28.893+0530] {dagbag.py:350} ERROR - Failed to import: /home/taushif/.local/lib/python3.10/site-packages/airflow/example_dags/example_branch_operator_decorator.py
Traceback (most recent call last):
  File "/home/taushif/.local/lib/python3.10/site-packages/airflow/models/dagbag.py", line 346, in parse
    loader.exec_module(new_module)
  File "<frozen importlib._bootstrap_external>", line 883, in exec_module
  File "<frozen importlib._bootstrap>", line 241, in _call_with_frames_removed
  File "/home/taushif/.local/lib/python3.10/site-packages/airflow/example_dags/example_branch_operator_decorator.py", line 125, in <module>
    random_choice_venv = branching_virtualenv(choices=options)
  File "/home/taushif/.local/lib/python3.10/site-packages/airflow/decorators/base.py", line 366, in __call__
    op = self.operator_class(
  File "/home/taushif/.local/lib/python3.10/site-packages/airflow/models/baseoperator.py", line 437, in apply_defaults
    result = func(self, **kwargs, default_args=default_args)
  File "/home/taushif/.local/lib/python3.10/site-packages/airflow/models/baseoperator.py", line 437, in apply_defaults
    result = func(self, **kwargs, default_args=default_args)
  File "/home/taushif/.local/lib/python3.10/site-packages/airflow/decorators/python.py", line 52, in __init__
    super().__init__(
  File "/home/taushif/.local/lib/python3.10/site-packages/airflow/models/baseoperator.py", line 437, in apply_defaults
    result = func(self, **kwargs, default_args=default_args)
  File "/home/taushif/.local/lib/python3.10/site-packages/airflow/decorators/base.py", line 233, in __init__
    super().__init__(task_id=task_id, **kwargs_to_upstream, **kwargs)
  File "/home/taushif/.local/lib/python3.10/site-packages/airflow/models/baseoperator.py", line 437, in apply_defaults
    result = func(self, **kwargs, default_args=default_args)
  File "/home/taushif/.local/lib/python3.10/site-packages/airflow/models/baseoperator.py", line 437, in apply_defaults
    result = func(self, **kwargs, default_args=default_args)
  File "/home/taushif/.local/lib/python3.10/site-packages/airflow/operators/python.py", line 591, in __init__
    raise AirflowException("PythonVirtualenvOperator requires virtualenv, please install it.")
airflow.exceptions.AirflowException: PythonVirtualenvOperator requires virtualenv, please install it.
[2024-03-04T19:10:28.894+0530] {processor.py:842} WARNING - No viable dags retrieved from /home/taushif/.local/lib/python3.10/site-packages/airflow/example_dags/example_branch_operator_decorator.py
[2024-03-04T19:10:28.904+0530] {processor.py:183} INFO - Processing /home/taushif/.local/lib/python3.10/site-packages/airflow/example_dags/example_branch_operator_decorator.py took 0.037 seconds
[2024-03-04T19:11:32.725+0530] {processor.py:161} INFO - Started process (PID=139415) to work on /home/taushif/.local/lib/python3.10/site-packages/airflow/example_dags/example_branch_operator_decorator.py
[2024-03-04T19:11:32.731+0530] {processor.py:830} INFO - Processing file /home/taushif/.local/lib/python3.10/site-packages/airflow/example_dags/example_branch_operator_decorator.py for tasks to queue
[2024-03-04T19:11:32.732+0530] {logging_mixin.py:188} INFO - [2024-03-04T19:11:32.732+0530] {dagbag.py:540} INFO - Filling up the DagBag from /home/taushif/.local/lib/python3.10/site-packages/airflow/example_dags/example_branch_operator_decorator.py
[2024-03-04T19:11:32.747+0530] {logging_mixin.py:188} INFO - [2024-03-04T19:11:32.745+0530] {dagbag.py:350} ERROR - Failed to import: /home/taushif/.local/lib/python3.10/site-packages/airflow/example_dags/example_branch_operator_decorator.py
Traceback (most recent call last):
  File "/home/taushif/.local/lib/python3.10/site-packages/airflow/models/dagbag.py", line 346, in parse
    loader.exec_module(new_module)
  File "<frozen importlib._bootstrap_external>", line 883, in exec_module
  File "<frozen importlib._bootstrap>", line 241, in _call_with_frames_removed
  File "/home/taushif/.local/lib/python3.10/site-packages/airflow/example_dags/example_branch_operator_decorator.py", line 125, in <module>
    random_choice_venv = branching_virtualenv(choices=options)
  File "/home/taushif/.local/lib/python3.10/site-packages/airflow/decorators/base.py", line 366, in __call__
    op = self.operator_class(
  File "/home/taushif/.local/lib/python3.10/site-packages/airflow/models/baseoperator.py", line 437, in apply_defaults
    result = func(self, **kwargs, default_args=default_args)
  File "/home/taushif/.local/lib/python3.10/site-packages/airflow/models/baseoperator.py", line 437, in apply_defaults
    result = func(self, **kwargs, default_args=default_args)
  File "/home/taushif/.local/lib/python3.10/site-packages/airflow/decorators/python.py", line 52, in __init__
    super().__init__(
  File "/home/taushif/.local/lib/python3.10/site-packages/airflow/models/baseoperator.py", line 437, in apply_defaults
    result = func(self, **kwargs, default_args=default_args)
  File "/home/taushif/.local/lib/python3.10/site-packages/airflow/decorators/base.py", line 233, in __init__
    super().__init__(task_id=task_id, **kwargs_to_upstream, **kwargs)
  File "/home/taushif/.local/lib/python3.10/site-packages/airflow/models/baseoperator.py", line 437, in apply_defaults
    result = func(self, **kwargs, default_args=default_args)
  File "/home/taushif/.local/lib/python3.10/site-packages/airflow/models/baseoperator.py", line 437, in apply_defaults
    result = func(self, **kwargs, default_args=default_args)
  File "/home/taushif/.local/lib/python3.10/site-packages/airflow/operators/python.py", line 591, in __init__
    raise AirflowException("PythonVirtualenvOperator requires virtualenv, please install it.")
airflow.exceptions.AirflowException: PythonVirtualenvOperator requires virtualenv, please install it.
[2024-03-04T19:11:32.747+0530] {processor.py:842} WARNING - No viable dags retrieved from /home/taushif/.local/lib/python3.10/site-packages/airflow/example_dags/example_branch_operator_decorator.py
[2024-03-04T19:11:32.757+0530] {processor.py:183} INFO - Processing /home/taushif/.local/lib/python3.10/site-packages/airflow/example_dags/example_branch_operator_decorator.py took 0.038 seconds
[2024-03-04T19:12:28.003+0530] {processor.py:161} INFO - Started process (PID=140028) to work on /home/taushif/.local/lib/python3.10/site-packages/airflow/example_dags/example_branch_operator_decorator.py
[2024-03-04T19:12:28.010+0530] {processor.py:830} INFO - Processing file /home/taushif/.local/lib/python3.10/site-packages/airflow/example_dags/example_branch_operator_decorator.py for tasks to queue
[2024-03-04T19:12:28.012+0530] {logging_mixin.py:188} INFO - [2024-03-04T19:12:28.011+0530] {dagbag.py:540} INFO - Filling up the DagBag from /home/taushif/.local/lib/python3.10/site-packages/airflow/example_dags/example_branch_operator_decorator.py
[2024-03-04T19:12:28.024+0530] {logging_mixin.py:188} INFO - [2024-03-04T19:12:28.023+0530] {dagbag.py:350} ERROR - Failed to import: /home/taushif/.local/lib/python3.10/site-packages/airflow/example_dags/example_branch_operator_decorator.py
Traceback (most recent call last):
  File "/home/taushif/.local/lib/python3.10/site-packages/airflow/models/dagbag.py", line 346, in parse
    loader.exec_module(new_module)
  File "<frozen importlib._bootstrap_external>", line 883, in exec_module
  File "<frozen importlib._bootstrap>", line 241, in _call_with_frames_removed
  File "/home/taushif/.local/lib/python3.10/site-packages/airflow/example_dags/example_branch_operator_decorator.py", line 125, in <module>
    random_choice_venv = branching_virtualenv(choices=options)
  File "/home/taushif/.local/lib/python3.10/site-packages/airflow/decorators/base.py", line 366, in __call__
    op = self.operator_class(
  File "/home/taushif/.local/lib/python3.10/site-packages/airflow/models/baseoperator.py", line 437, in apply_defaults
    result = func(self, **kwargs, default_args=default_args)
  File "/home/taushif/.local/lib/python3.10/site-packages/airflow/models/baseoperator.py", line 437, in apply_defaults
    result = func(self, **kwargs, default_args=default_args)
  File "/home/taushif/.local/lib/python3.10/site-packages/airflow/decorators/python.py", line 52, in __init__
    super().__init__(
  File "/home/taushif/.local/lib/python3.10/site-packages/airflow/models/baseoperator.py", line 437, in apply_defaults
    result = func(self, **kwargs, default_args=default_args)
  File "/home/taushif/.local/lib/python3.10/site-packages/airflow/decorators/base.py", line 233, in __init__
    super().__init__(task_id=task_id, **kwargs_to_upstream, **kwargs)
  File "/home/taushif/.local/lib/python3.10/site-packages/airflow/models/baseoperator.py", line 437, in apply_defaults
    result = func(self, **kwargs, default_args=default_args)
  File "/home/taushif/.local/lib/python3.10/site-packages/airflow/models/baseoperator.py", line 437, in apply_defaults
    result = func(self, **kwargs, default_args=default_args)
  File "/home/taushif/.local/lib/python3.10/site-packages/airflow/operators/python.py", line 591, in __init__
    raise AirflowException("PythonVirtualenvOperator requires virtualenv, please install it.")
airflow.exceptions.AirflowException: PythonVirtualenvOperator requires virtualenv, please install it.
[2024-03-04T19:12:28.024+0530] {processor.py:842} WARNING - No viable dags retrieved from /home/taushif/.local/lib/python3.10/site-packages/airflow/example_dags/example_branch_operator_decorator.py
[2024-03-04T19:12:28.037+0530] {processor.py:183} INFO - Processing /home/taushif/.local/lib/python3.10/site-packages/airflow/example_dags/example_branch_operator_decorator.py took 0.037 seconds
[2024-03-04T19:13:13.846+0530] {processor.py:161} INFO - Started process (PID=140502) to work on /home/taushif/.local/lib/python3.10/site-packages/airflow/example_dags/example_branch_operator_decorator.py
[2024-03-04T19:13:13.853+0530] {processor.py:830} INFO - Processing file /home/taushif/.local/lib/python3.10/site-packages/airflow/example_dags/example_branch_operator_decorator.py for tasks to queue
[2024-03-04T19:13:13.854+0530] {logging_mixin.py:188} INFO - [2024-03-04T19:13:13.854+0530] {dagbag.py:540} INFO - Filling up the DagBag from /home/taushif/.local/lib/python3.10/site-packages/airflow/example_dags/example_branch_operator_decorator.py
[2024-03-04T19:13:13.873+0530] {logging_mixin.py:188} INFO - [2024-03-04T19:13:13.872+0530] {dagbag.py:350} ERROR - Failed to import: /home/taushif/.local/lib/python3.10/site-packages/airflow/example_dags/example_branch_operator_decorator.py
Traceback (most recent call last):
  File "/home/taushif/.local/lib/python3.10/site-packages/airflow/models/dagbag.py", line 346, in parse
    loader.exec_module(new_module)
  File "<frozen importlib._bootstrap_external>", line 883, in exec_module
  File "<frozen importlib._bootstrap>", line 241, in _call_with_frames_removed
  File "/home/taushif/.local/lib/python3.10/site-packages/airflow/example_dags/example_branch_operator_decorator.py", line 125, in <module>
    random_choice_venv = branching_virtualenv(choices=options)
  File "/home/taushif/.local/lib/python3.10/site-packages/airflow/decorators/base.py", line 366, in __call__
    op = self.operator_class(
  File "/home/taushif/.local/lib/python3.10/site-packages/airflow/models/baseoperator.py", line 437, in apply_defaults
    result = func(self, **kwargs, default_args=default_args)
  File "/home/taushif/.local/lib/python3.10/site-packages/airflow/models/baseoperator.py", line 437, in apply_defaults
    result = func(self, **kwargs, default_args=default_args)
  File "/home/taushif/.local/lib/python3.10/site-packages/airflow/decorators/python.py", line 52, in __init__
    super().__init__(
  File "/home/taushif/.local/lib/python3.10/site-packages/airflow/models/baseoperator.py", line 437, in apply_defaults
    result = func(self, **kwargs, default_args=default_args)
  File "/home/taushif/.local/lib/python3.10/site-packages/airflow/decorators/base.py", line 233, in __init__
    super().__init__(task_id=task_id, **kwargs_to_upstream, **kwargs)
  File "/home/taushif/.local/lib/python3.10/site-packages/airflow/models/baseoperator.py", line 437, in apply_defaults
    result = func(self, **kwargs, default_args=default_args)
  File "/home/taushif/.local/lib/python3.10/site-packages/airflow/models/baseoperator.py", line 437, in apply_defaults
    result = func(self, **kwargs, default_args=default_args)
  File "/home/taushif/.local/lib/python3.10/site-packages/airflow/operators/python.py", line 591, in __init__
    raise AirflowException("PythonVirtualenvOperator requires virtualenv, please install it.")
airflow.exceptions.AirflowException: PythonVirtualenvOperator requires virtualenv, please install it.
[2024-03-04T19:13:13.873+0530] {processor.py:842} WARNING - No viable dags retrieved from /home/taushif/.local/lib/python3.10/site-packages/airflow/example_dags/example_branch_operator_decorator.py
[2024-03-04T19:13:13.886+0530] {processor.py:183} INFO - Processing /home/taushif/.local/lib/python3.10/site-packages/airflow/example_dags/example_branch_operator_decorator.py took 0.044 seconds
[2024-03-04T19:14:04.567+0530] {processor.py:161} INFO - Started process (PID=140989) to work on /home/taushif/.local/lib/python3.10/site-packages/airflow/example_dags/example_branch_operator_decorator.py
[2024-03-04T19:14:04.568+0530] {processor.py:830} INFO - Processing file /home/taushif/.local/lib/python3.10/site-packages/airflow/example_dags/example_branch_operator_decorator.py for tasks to queue
[2024-03-04T19:14:04.572+0530] {logging_mixin.py:188} INFO - [2024-03-04T19:14:04.570+0530] {dagbag.py:540} INFO - Filling up the DagBag from /home/taushif/.local/lib/python3.10/site-packages/airflow/example_dags/example_branch_operator_decorator.py
[2024-03-04T19:14:04.598+0530] {logging_mixin.py:188} INFO - [2024-03-04T19:14:04.596+0530] {dagbag.py:350} ERROR - Failed to import: /home/taushif/.local/lib/python3.10/site-packages/airflow/example_dags/example_branch_operator_decorator.py
Traceback (most recent call last):
  File "/home/taushif/.local/lib/python3.10/site-packages/airflow/models/dagbag.py", line 346, in parse
    loader.exec_module(new_module)
  File "<frozen importlib._bootstrap_external>", line 883, in exec_module
  File "<frozen importlib._bootstrap>", line 241, in _call_with_frames_removed
  File "/home/taushif/.local/lib/python3.10/site-packages/airflow/example_dags/example_branch_operator_decorator.py", line 125, in <module>
    random_choice_venv = branching_virtualenv(choices=options)
  File "/home/taushif/.local/lib/python3.10/site-packages/airflow/decorators/base.py", line 366, in __call__
    op = self.operator_class(
  File "/home/taushif/.local/lib/python3.10/site-packages/airflow/models/baseoperator.py", line 437, in apply_defaults
    result = func(self, **kwargs, default_args=default_args)
  File "/home/taushif/.local/lib/python3.10/site-packages/airflow/models/baseoperator.py", line 437, in apply_defaults
    result = func(self, **kwargs, default_args=default_args)
  File "/home/taushif/.local/lib/python3.10/site-packages/airflow/decorators/python.py", line 52, in __init__
    super().__init__(
  File "/home/taushif/.local/lib/python3.10/site-packages/airflow/models/baseoperator.py", line 437, in apply_defaults
    result = func(self, **kwargs, default_args=default_args)
  File "/home/taushif/.local/lib/python3.10/site-packages/airflow/decorators/base.py", line 233, in __init__
    super().__init__(task_id=task_id, **kwargs_to_upstream, **kwargs)
  File "/home/taushif/.local/lib/python3.10/site-packages/airflow/models/baseoperator.py", line 437, in apply_defaults
    result = func(self, **kwargs, default_args=default_args)
  File "/home/taushif/.local/lib/python3.10/site-packages/airflow/models/baseoperator.py", line 437, in apply_defaults
    result = func(self, **kwargs, default_args=default_args)
  File "/home/taushif/.local/lib/python3.10/site-packages/airflow/operators/python.py", line 591, in __init__
    raise AirflowException("PythonVirtualenvOperator requires virtualenv, please install it.")
airflow.exceptions.AirflowException: PythonVirtualenvOperator requires virtualenv, please install it.
[2024-03-04T19:14:04.599+0530] {processor.py:842} WARNING - No viable dags retrieved from /home/taushif/.local/lib/python3.10/site-packages/airflow/example_dags/example_branch_operator_decorator.py
[2024-03-04T19:14:04.615+0530] {processor.py:183} INFO - Processing /home/taushif/.local/lib/python3.10/site-packages/airflow/example_dags/example_branch_operator_decorator.py took 0.053 seconds
[2024-03-04T19:14:57.752+0530] {processor.py:161} INFO - Started process (PID=141482) to work on /home/taushif/.local/lib/python3.10/site-packages/airflow/example_dags/example_branch_operator_decorator.py
[2024-03-04T19:14:57.758+0530] {processor.py:830} INFO - Processing file /home/taushif/.local/lib/python3.10/site-packages/airflow/example_dags/example_branch_operator_decorator.py for tasks to queue
[2024-03-04T19:14:57.759+0530] {logging_mixin.py:188} INFO - [2024-03-04T19:14:57.758+0530] {dagbag.py:540} INFO - Filling up the DagBag from /home/taushif/.local/lib/python3.10/site-packages/airflow/example_dags/example_branch_operator_decorator.py
[2024-03-04T19:14:57.777+0530] {logging_mixin.py:188} INFO - [2024-03-04T19:14:57.776+0530] {dagbag.py:350} ERROR - Failed to import: /home/taushif/.local/lib/python3.10/site-packages/airflow/example_dags/example_branch_operator_decorator.py
Traceback (most recent call last):
  File "/home/taushif/.local/lib/python3.10/site-packages/airflow/models/dagbag.py", line 346, in parse
    loader.exec_module(new_module)
  File "<frozen importlib._bootstrap_external>", line 883, in exec_module
  File "<frozen importlib._bootstrap>", line 241, in _call_with_frames_removed
  File "/home/taushif/.local/lib/python3.10/site-packages/airflow/example_dags/example_branch_operator_decorator.py", line 125, in <module>
    random_choice_venv = branching_virtualenv(choices=options)
  File "/home/taushif/.local/lib/python3.10/site-packages/airflow/decorators/base.py", line 366, in __call__
    op = self.operator_class(
  File "/home/taushif/.local/lib/python3.10/site-packages/airflow/models/baseoperator.py", line 437, in apply_defaults
    result = func(self, **kwargs, default_args=default_args)
  File "/home/taushif/.local/lib/python3.10/site-packages/airflow/models/baseoperator.py", line 437, in apply_defaults
    result = func(self, **kwargs, default_args=default_args)
  File "/home/taushif/.local/lib/python3.10/site-packages/airflow/decorators/python.py", line 52, in __init__
    super().__init__(
  File "/home/taushif/.local/lib/python3.10/site-packages/airflow/models/baseoperator.py", line 437, in apply_defaults
    result = func(self, **kwargs, default_args=default_args)
  File "/home/taushif/.local/lib/python3.10/site-packages/airflow/decorators/base.py", line 233, in __init__
    super().__init__(task_id=task_id, **kwargs_to_upstream, **kwargs)
  File "/home/taushif/.local/lib/python3.10/site-packages/airflow/models/baseoperator.py", line 437, in apply_defaults
    result = func(self, **kwargs, default_args=default_args)
  File "/home/taushif/.local/lib/python3.10/site-packages/airflow/models/baseoperator.py", line 437, in apply_defaults
    result = func(self, **kwargs, default_args=default_args)
  File "/home/taushif/.local/lib/python3.10/site-packages/airflow/operators/python.py", line 591, in __init__
    raise AirflowException("PythonVirtualenvOperator requires virtualenv, please install it.")
airflow.exceptions.AirflowException: PythonVirtualenvOperator requires virtualenv, please install it.
[2024-03-04T19:14:57.778+0530] {processor.py:842} WARNING - No viable dags retrieved from /home/taushif/.local/lib/python3.10/site-packages/airflow/example_dags/example_branch_operator_decorator.py
[2024-03-04T19:14:57.793+0530] {processor.py:183} INFO - Processing /home/taushif/.local/lib/python3.10/site-packages/airflow/example_dags/example_branch_operator_decorator.py took 0.046 seconds
