[2024-03-04T19:07:45.907+0530] {processor.py:161} INFO - Started process (PID=136357) to work on /home/taushif/.local/lib/python3.10/site-packages/airflow/example_dags/example_short_circuit_decorator.py
[2024-03-04T19:07:45.908+0530] {processor.py:830} INFO - Processing file /home/taushif/.local/lib/python3.10/site-packages/airflow/example_dags/example_short_circuit_decorator.py for tasks to queue
[2024-03-04T19:07:45.908+0530] {logging_mixin.py:188} INFO - [2024-03-04T19:07:45.908+0530] {dagbag.py:540} INFO - Filling up the DagBag from /home/taushif/.local/lib/python3.10/site-packages/airflow/example_dags/example_short_circuit_decorator.py
[2024-03-04T19:07:45.915+0530] {processor.py:840} INFO - DAG(s) 'example_short_circuit_decorator' retrieved from /home/taushif/.local/lib/python3.10/site-packages/airflow/example_dags/example_short_circuit_decorator.py
[2024-03-04T19:07:46.034+0530] {logging_mixin.py:188} INFO - [2024-03-04T19:07:46.034+0530] {dag.py:3047} INFO - Sync 1 DAGs
[2024-03-04T19:07:46.043+0530] {logging_mixin.py:188} INFO - [2024-03-04T19:07:46.042+0530] {dag.py:3834} INFO - Setting next_dagrun for example_short_circuit_decorator to 2024-03-03 00:00:00+00:00, run_after=2024-03-04 00:00:00+00:00
[2024-03-04T19:07:46.059+0530] {processor.py:183} INFO - Processing /home/taushif/.local/lib/python3.10/site-packages/airflow/example_dags/example_short_circuit_decorator.py took 0.154 seconds
[2024-03-04T19:08:35.833+0530] {processor.py:161} INFO - Started process (PID=136852) to work on /home/taushif/.local/lib/python3.10/site-packages/airflow/example_dags/example_short_circuit_decorator.py
[2024-03-04T19:08:35.840+0530] {processor.py:830} INFO - Processing file /home/taushif/.local/lib/python3.10/site-packages/airflow/example_dags/example_short_circuit_decorator.py for tasks to queue
[2024-03-04T19:08:35.841+0530] {logging_mixin.py:188} INFO - [2024-03-04T19:08:35.841+0530] {dagbag.py:540} INFO - Filling up the DagBag from /home/taushif/.local/lib/python3.10/site-packages/airflow/example_dags/example_short_circuit_decorator.py
[2024-03-04T19:08:35.857+0530] {processor.py:840} INFO - DAG(s) 'example_short_circuit_decorator' retrieved from /home/taushif/.local/lib/python3.10/site-packages/airflow/example_dags/example_short_circuit_decorator.py
[2024-03-04T19:08:35.874+0530] {logging_mixin.py:188} INFO - [2024-03-04T19:08:35.874+0530] {dag.py:3047} INFO - Sync 1 DAGs
[2024-03-04T19:08:35.991+0530] {logging_mixin.py:188} INFO - [2024-03-04T19:08:35.991+0530] {dag.py:3834} INFO - Setting next_dagrun for example_short_circuit_decorator to 2024-03-03 00:00:00+00:00, run_after=2024-03-04 00:00:00+00:00
[2024-03-04T19:08:36.019+0530] {processor.py:183} INFO - Processing /home/taushif/.local/lib/python3.10/site-packages/airflow/example_dags/example_short_circuit_decorator.py took 0.193 seconds
[2024-03-04T19:09:26.013+0530] {processor.py:161} INFO - Started process (PID=137508) to work on /home/taushif/.local/lib/python3.10/site-packages/airflow/example_dags/example_short_circuit_decorator.py
[2024-03-04T19:09:26.014+0530] {processor.py:830} INFO - Processing file /home/taushif/.local/lib/python3.10/site-packages/airflow/example_dags/example_short_circuit_decorator.py for tasks to queue
[2024-03-04T19:09:26.015+0530] {logging_mixin.py:188} INFO - [2024-03-04T19:09:26.015+0530] {dagbag.py:540} INFO - Filling up the DagBag from /home/taushif/.local/lib/python3.10/site-packages/airflow/example_dags/example_short_circuit_decorator.py
[2024-03-04T19:09:26.028+0530] {processor.py:840} INFO - DAG(s) 'example_short_circuit_decorator' retrieved from /home/taushif/.local/lib/python3.10/site-packages/airflow/example_dags/example_short_circuit_decorator.py
[2024-03-04T19:09:26.051+0530] {logging_mixin.py:188} INFO - [2024-03-04T19:09:26.051+0530] {dag.py:3047} INFO - Sync 1 DAGs
[2024-03-04T19:09:26.087+0530] {logging_mixin.py:188} INFO - [2024-03-04T19:09:26.086+0530] {dag.py:3834} INFO - Setting next_dagrun for example_short_circuit_decorator to 2024-03-03 00:00:00+00:00, run_after=2024-03-04 00:00:00+00:00
[2024-03-04T19:09:26.143+0530] {processor.py:183} INFO - Processing /home/taushif/.local/lib/python3.10/site-packages/airflow/example_dags/example_short_circuit_decorator.py took 0.132 seconds
[2024-03-04T19:10:08.831+0530] {processor.py:161} INFO - Started process (PID=138210) to work on /home/taushif/.local/lib/python3.10/site-packages/airflow/example_dags/example_short_circuit_decorator.py
[2024-03-04T19:10:08.837+0530] {processor.py:830} INFO - Processing file /home/taushif/.local/lib/python3.10/site-packages/airflow/example_dags/example_short_circuit_decorator.py for tasks to queue
[2024-03-04T19:10:08.838+0530] {logging_mixin.py:188} INFO - [2024-03-04T19:10:08.837+0530] {dagbag.py:540} INFO - Filling up the DagBag from /home/taushif/.local/lib/python3.10/site-packages/airflow/example_dags/example_short_circuit_decorator.py
[2024-03-04T19:10:08.846+0530] {processor.py:840} INFO - DAG(s) 'example_short_circuit_decorator' retrieved from /home/taushif/.local/lib/python3.10/site-packages/airflow/example_dags/example_short_circuit_decorator.py
[2024-03-04T19:10:08.857+0530] {logging_mixin.py:188} INFO - [2024-03-04T19:10:08.857+0530] {dag.py:3047} INFO - Sync 1 DAGs
[2024-03-04T19:10:08.868+0530] {logging_mixin.py:188} INFO - [2024-03-04T19:10:08.868+0530] {dag.py:3834} INFO - Setting next_dagrun for example_short_circuit_decorator to 2024-03-03 00:00:00+00:00, run_after=2024-03-04 00:00:00+00:00
[2024-03-04T19:10:08.884+0530] {processor.py:183} INFO - Processing /home/taushif/.local/lib/python3.10/site-packages/airflow/example_dags/example_short_circuit_decorator.py took 0.055 seconds
[2024-03-04T19:10:49.444+0530] {processor.py:161} INFO - Started process (PID=138750) to work on /home/taushif/.local/lib/python3.10/site-packages/airflow/example_dags/example_short_circuit_decorator.py
[2024-03-04T19:10:49.451+0530] {processor.py:830} INFO - Processing file /home/taushif/.local/lib/python3.10/site-packages/airflow/example_dags/example_short_circuit_decorator.py for tasks to queue
[2024-03-04T19:10:49.452+0530] {logging_mixin.py:188} INFO - [2024-03-04T19:10:49.451+0530] {dagbag.py:540} INFO - Filling up the DagBag from /home/taushif/.local/lib/python3.10/site-packages/airflow/example_dags/example_short_circuit_decorator.py
[2024-03-04T19:10:49.464+0530] {processor.py:840} INFO - DAG(s) 'example_short_circuit_decorator' retrieved from /home/taushif/.local/lib/python3.10/site-packages/airflow/example_dags/example_short_circuit_decorator.py
[2024-03-04T19:10:49.476+0530] {logging_mixin.py:188} INFO - [2024-03-04T19:10:49.476+0530] {dag.py:3047} INFO - Sync 1 DAGs
[2024-03-04T19:10:49.488+0530] {logging_mixin.py:188} INFO - [2024-03-04T19:10:49.487+0530] {dag.py:3834} INFO - Setting next_dagrun for example_short_circuit_decorator to 2024-03-03 00:00:00+00:00, run_after=2024-03-04 00:00:00+00:00
[2024-03-04T19:10:49.500+0530] {processor.py:183} INFO - Processing /home/taushif/.local/lib/python3.10/site-packages/airflow/example_dags/example_short_circuit_decorator.py took 0.059 seconds
[2024-03-04T19:11:37.885+0530] {processor.py:161} INFO - Started process (PID=139485) to work on /home/taushif/.local/lib/python3.10/site-packages/airflow/example_dags/example_short_circuit_decorator.py
[2024-03-04T19:11:37.892+0530] {processor.py:830} INFO - Processing file /home/taushif/.local/lib/python3.10/site-packages/airflow/example_dags/example_short_circuit_decorator.py for tasks to queue
[2024-03-04T19:11:37.893+0530] {logging_mixin.py:188} INFO - [2024-03-04T19:11:37.892+0530] {dagbag.py:540} INFO - Filling up the DagBag from /home/taushif/.local/lib/python3.10/site-packages/airflow/example_dags/example_short_circuit_decorator.py
[2024-03-04T19:11:37.905+0530] {processor.py:840} INFO - DAG(s) 'example_short_circuit_decorator' retrieved from /home/taushif/.local/lib/python3.10/site-packages/airflow/example_dags/example_short_circuit_decorator.py
[2024-03-04T19:11:37.916+0530] {logging_mixin.py:188} INFO - [2024-03-04T19:11:37.916+0530] {dag.py:3047} INFO - Sync 1 DAGs
[2024-03-04T19:11:37.928+0530] {logging_mixin.py:188} INFO - [2024-03-04T19:11:37.928+0530] {dag.py:3834} INFO - Setting next_dagrun for example_short_circuit_decorator to 2024-03-03 00:00:00+00:00, run_after=2024-03-04 00:00:00+00:00
[2024-03-04T19:11:37.941+0530] {processor.py:183} INFO - Processing /home/taushif/.local/lib/python3.10/site-packages/airflow/example_dags/example_short_circuit_decorator.py took 0.060 seconds
[2024-03-04T19:12:14.263+0530] {processor.py:161} INFO - Started process (PID=139880) to work on /home/taushif/.local/lib/python3.10/site-packages/airflow/example_dags/example_short_circuit_decorator.py
[2024-03-04T19:12:14.263+0530] {processor.py:830} INFO - Processing file /home/taushif/.local/lib/python3.10/site-packages/airflow/example_dags/example_short_circuit_decorator.py for tasks to queue
[2024-03-04T19:12:14.264+0530] {logging_mixin.py:188} INFO - [2024-03-04T19:12:14.264+0530] {dagbag.py:540} INFO - Filling up the DagBag from /home/taushif/.local/lib/python3.10/site-packages/airflow/example_dags/example_short_circuit_decorator.py
[2024-03-04T19:12:14.270+0530] {processor.py:840} INFO - DAG(s) 'example_short_circuit_decorator' retrieved from /home/taushif/.local/lib/python3.10/site-packages/airflow/example_dags/example_short_circuit_decorator.py
[2024-03-04T19:12:14.287+0530] {logging_mixin.py:188} INFO - [2024-03-04T19:12:14.287+0530] {dag.py:3047} INFO - Sync 1 DAGs
[2024-03-04T19:12:14.307+0530] {logging_mixin.py:188} INFO - [2024-03-04T19:12:14.307+0530] {dag.py:3834} INFO - Setting next_dagrun for example_short_circuit_decorator to 2024-03-03 00:00:00+00:00, run_after=2024-03-04 00:00:00+00:00
[2024-03-04T19:12:14.326+0530] {processor.py:183} INFO - Processing /home/taushif/.local/lib/python3.10/site-packages/airflow/example_dags/example_short_circuit_decorator.py took 0.065 seconds
[2024-03-04T19:12:50.032+0530] {processor.py:161} INFO - Started process (PID=140262) to work on /home/taushif/.local/lib/python3.10/site-packages/airflow/example_dags/example_short_circuit_decorator.py
[2024-03-04T19:12:50.033+0530] {processor.py:830} INFO - Processing file /home/taushif/.local/lib/python3.10/site-packages/airflow/example_dags/example_short_circuit_decorator.py for tasks to queue
[2024-03-04T19:12:50.034+0530] {logging_mixin.py:188} INFO - [2024-03-04T19:12:50.034+0530] {dagbag.py:540} INFO - Filling up the DagBag from /home/taushif/.local/lib/python3.10/site-packages/airflow/example_dags/example_short_circuit_decorator.py
[2024-03-04T19:12:50.051+0530] {processor.py:840} INFO - DAG(s) 'example_short_circuit_decorator' retrieved from /home/taushif/.local/lib/python3.10/site-packages/airflow/example_dags/example_short_circuit_decorator.py
[2024-03-04T19:12:50.067+0530] {logging_mixin.py:188} INFO - [2024-03-04T19:12:50.066+0530] {dag.py:3047} INFO - Sync 1 DAGs
[2024-03-04T19:12:50.081+0530] {logging_mixin.py:188} INFO - [2024-03-04T19:12:50.081+0530] {dag.py:3834} INFO - Setting next_dagrun for example_short_circuit_decorator to 2024-03-03 00:00:00+00:00, run_after=2024-03-04 00:00:00+00:00
[2024-03-04T19:12:50.100+0530] {processor.py:183} INFO - Processing /home/taushif/.local/lib/python3.10/site-packages/airflow/example_dags/example_short_circuit_decorator.py took 0.073 seconds
[2024-03-04T19:13:36.805+0530] {processor.py:161} INFO - Started process (PID=140714) to work on /home/taushif/.local/lib/python3.10/site-packages/airflow/example_dags/example_short_circuit_decorator.py
[2024-03-04T19:13:36.811+0530] {processor.py:830} INFO - Processing file /home/taushif/.local/lib/python3.10/site-packages/airflow/example_dags/example_short_circuit_decorator.py for tasks to queue
[2024-03-04T19:13:36.813+0530] {logging_mixin.py:188} INFO - [2024-03-04T19:13:36.812+0530] {dagbag.py:540} INFO - Filling up the DagBag from /home/taushif/.local/lib/python3.10/site-packages/airflow/example_dags/example_short_circuit_decorator.py
[2024-03-04T19:13:36.822+0530] {processor.py:840} INFO - DAG(s) 'example_short_circuit_decorator' retrieved from /home/taushif/.local/lib/python3.10/site-packages/airflow/example_dags/example_short_circuit_decorator.py
[2024-03-04T19:13:36.839+0530] {logging_mixin.py:188} INFO - [2024-03-04T19:13:36.839+0530] {dag.py:3047} INFO - Sync 1 DAGs
[2024-03-04T19:13:36.854+0530] {logging_mixin.py:188} INFO - [2024-03-04T19:13:36.854+0530] {dag.py:3834} INFO - Setting next_dagrun for example_short_circuit_decorator to 2024-03-03 00:00:00+00:00, run_after=2024-03-04 00:00:00+00:00
[2024-03-04T19:13:36.872+0530] {processor.py:183} INFO - Processing /home/taushif/.local/lib/python3.10/site-packages/airflow/example_dags/example_short_circuit_decorator.py took 0.071 seconds
[2024-03-04T19:14:28.341+0530] {processor.py:161} INFO - Started process (PID=141201) to work on /home/taushif/.local/lib/python3.10/site-packages/airflow/example_dags/example_short_circuit_decorator.py
[2024-03-04T19:14:28.342+0530] {processor.py:830} INFO - Processing file /home/taushif/.local/lib/python3.10/site-packages/airflow/example_dags/example_short_circuit_decorator.py for tasks to queue
[2024-03-04T19:14:28.344+0530] {logging_mixin.py:188} INFO - [2024-03-04T19:14:28.344+0530] {dagbag.py:540} INFO - Filling up the DagBag from /home/taushif/.local/lib/python3.10/site-packages/airflow/example_dags/example_short_circuit_decorator.py
[2024-03-04T19:14:28.360+0530] {processor.py:840} INFO - DAG(s) 'example_short_circuit_decorator' retrieved from /home/taushif/.local/lib/python3.10/site-packages/airflow/example_dags/example_short_circuit_decorator.py
[2024-03-04T19:14:28.379+0530] {logging_mixin.py:188} INFO - [2024-03-04T19:14:28.379+0530] {dag.py:3047} INFO - Sync 1 DAGs
[2024-03-04T19:14:28.392+0530] {logging_mixin.py:188} INFO - [2024-03-04T19:14:28.392+0530] {dag.py:3834} INFO - Setting next_dagrun for example_short_circuit_decorator to 2024-03-03 00:00:00+00:00, run_after=2024-03-04 00:00:00+00:00
[2024-03-04T19:14:28.410+0530] {processor.py:183} INFO - Processing /home/taushif/.local/lib/python3.10/site-packages/airflow/example_dags/example_short_circuit_decorator.py took 0.073 seconds
[2024-03-04T19:15:04.666+0530] {processor.py:161} INFO - Started process (PID=141542) to work on /home/taushif/.local/lib/python3.10/site-packages/airflow/example_dags/example_short_circuit_decorator.py
[2024-03-04T19:15:04.672+0530] {processor.py:830} INFO - Processing file /home/taushif/.local/lib/python3.10/site-packages/airflow/example_dags/example_short_circuit_decorator.py for tasks to queue
[2024-03-04T19:15:04.673+0530] {logging_mixin.py:188} INFO - [2024-03-04T19:15:04.672+0530] {dagbag.py:540} INFO - Filling up the DagBag from /home/taushif/.local/lib/python3.10/site-packages/airflow/example_dags/example_short_circuit_decorator.py
[2024-03-04T19:15:04.683+0530] {processor.py:840} INFO - DAG(s) 'example_short_circuit_decorator' retrieved from /home/taushif/.local/lib/python3.10/site-packages/airflow/example_dags/example_short_circuit_decorator.py
[2024-03-04T19:15:04.697+0530] {logging_mixin.py:188} INFO - [2024-03-04T19:15:04.697+0530] {dag.py:3047} INFO - Sync 1 DAGs
[2024-03-04T19:15:04.713+0530] {logging_mixin.py:188} INFO - [2024-03-04T19:15:04.712+0530] {dag.py:3834} INFO - Setting next_dagrun for example_short_circuit_decorator to 2024-03-03 00:00:00+00:00, run_after=2024-03-04 00:00:00+00:00
[2024-03-04T19:15:04.733+0530] {processor.py:183} INFO - Processing /home/taushif/.local/lib/python3.10/site-packages/airflow/example_dags/example_short_circuit_decorator.py took 0.069 seconds
