[2024-03-04T19:07:42.166+0530] {processor.py:161} INFO - Started process (PID=136290) to work on /home/taushif/.local/lib/python3.10/site-packages/airflow/example_dags/example_setup_teardown_taskflow.py
[2024-03-04T19:07:42.167+0530] {processor.py:830} INFO - Processing file /home/taushif/.local/lib/python3.10/site-packages/airflow/example_dags/example_setup_teardown_taskflow.py for tasks to queue
[2024-03-04T19:07:42.167+0530] {logging_mixin.py:188} INFO - [2024-03-04T19:07:42.167+0530] {dagbag.py:540} INFO - Filling up the DagBag from /home/taushif/.local/lib/python3.10/site-packages/airflow/example_dags/example_setup_teardown_taskflow.py
[2024-03-04T19:07:42.177+0530] {processor.py:840} INFO - DAG(s) 'example_setup_teardown_taskflow' retrieved from /home/taushif/.local/lib/python3.10/site-packages/airflow/example_dags/example_setup_teardown_taskflow.py
[2024-03-04T19:07:42.297+0530] {logging_mixin.py:188} INFO - [2024-03-04T19:07:42.297+0530] {dag.py:3047} INFO - Sync 1 DAGs
[2024-03-04T19:07:42.306+0530] {logging_mixin.py:188} INFO - [2024-03-04T19:07:42.306+0530] {dag.py:3834} INFO - Setting next_dagrun for example_setup_teardown_taskflow to 2024-03-03 00:00:00+00:00, run_after=2024-03-04 00:00:00+00:00
[2024-03-04T19:07:42.322+0530] {processor.py:183} INFO - Processing /home/taushif/.local/lib/python3.10/site-packages/airflow/example_dags/example_setup_teardown_taskflow.py took 0.158 seconds
[2024-03-04T19:08:32.741+0530] {processor.py:161} INFO - Started process (PID=136829) to work on /home/taushif/.local/lib/python3.10/site-packages/airflow/example_dags/example_setup_teardown_taskflow.py
[2024-03-04T19:08:32.750+0530] {processor.py:830} INFO - Processing file /home/taushif/.local/lib/python3.10/site-packages/airflow/example_dags/example_setup_teardown_taskflow.py for tasks to queue
[2024-03-04T19:08:32.752+0530] {logging_mixin.py:188} INFO - [2024-03-04T19:08:32.751+0530] {dagbag.py:540} INFO - Filling up the DagBag from /home/taushif/.local/lib/python3.10/site-packages/airflow/example_dags/example_setup_teardown_taskflow.py
[2024-03-04T19:08:32.762+0530] {processor.py:840} INFO - DAG(s) 'example_setup_teardown_taskflow' retrieved from /home/taushif/.local/lib/python3.10/site-packages/airflow/example_dags/example_setup_teardown_taskflow.py
[2024-03-04T19:08:32.776+0530] {logging_mixin.py:188} INFO - [2024-03-04T19:08:32.776+0530] {dag.py:3047} INFO - Sync 1 DAGs
[2024-03-04T19:08:32.878+0530] {logging_mixin.py:188} INFO - [2024-03-04T19:08:32.877+0530] {dag.py:3834} INFO - Setting next_dagrun for example_setup_teardown_taskflow to 2024-03-03 00:00:00+00:00, run_after=2024-03-04 00:00:00+00:00
[2024-03-04T19:08:32.901+0530] {processor.py:183} INFO - Processing /home/taushif/.local/lib/python3.10/site-packages/airflow/example_dags/example_setup_teardown_taskflow.py took 0.163 seconds
[2024-03-04T19:09:13.584+0530] {processor.py:161} INFO - Started process (PID=137316) to work on /home/taushif/.local/lib/python3.10/site-packages/airflow/example_dags/example_setup_teardown_taskflow.py
[2024-03-04T19:09:13.585+0530] {processor.py:830} INFO - Processing file /home/taushif/.local/lib/python3.10/site-packages/airflow/example_dags/example_setup_teardown_taskflow.py for tasks to queue
[2024-03-04T19:09:13.586+0530] {logging_mixin.py:188} INFO - [2024-03-04T19:09:13.585+0530] {dagbag.py:540} INFO - Filling up the DagBag from /home/taushif/.local/lib/python3.10/site-packages/airflow/example_dags/example_setup_teardown_taskflow.py
[2024-03-04T19:09:13.593+0530] {processor.py:840} INFO - DAG(s) 'example_setup_teardown_taskflow' retrieved from /home/taushif/.local/lib/python3.10/site-packages/airflow/example_dags/example_setup_teardown_taskflow.py
[2024-03-04T19:09:13.605+0530] {logging_mixin.py:188} INFO - [2024-03-04T19:09:13.604+0530] {dag.py:3047} INFO - Sync 1 DAGs
[2024-03-04T19:09:13.618+0530] {logging_mixin.py:188} INFO - [2024-03-04T19:09:13.618+0530] {dag.py:3834} INFO - Setting next_dagrun for example_setup_teardown_taskflow to 2024-03-03 00:00:00+00:00, run_after=2024-03-04 00:00:00+00:00
[2024-03-04T19:09:13.635+0530] {processor.py:183} INFO - Processing /home/taushif/.local/lib/python3.10/site-packages/airflow/example_dags/example_setup_teardown_taskflow.py took 0.055 seconds
[2024-03-04T19:10:06.395+0530] {processor.py:161} INFO - Started process (PID=138173) to work on /home/taushif/.local/lib/python3.10/site-packages/airflow/example_dags/example_setup_teardown_taskflow.py
[2024-03-04T19:10:06.401+0530] {processor.py:830} INFO - Processing file /home/taushif/.local/lib/python3.10/site-packages/airflow/example_dags/example_setup_teardown_taskflow.py for tasks to queue
[2024-03-04T19:10:06.402+0530] {logging_mixin.py:188} INFO - [2024-03-04T19:10:06.402+0530] {dagbag.py:540} INFO - Filling up the DagBag from /home/taushif/.local/lib/python3.10/site-packages/airflow/example_dags/example_setup_teardown_taskflow.py
[2024-03-04T19:10:06.411+0530] {processor.py:840} INFO - DAG(s) 'example_setup_teardown_taskflow' retrieved from /home/taushif/.local/lib/python3.10/site-packages/airflow/example_dags/example_setup_teardown_taskflow.py
[2024-03-04T19:10:06.422+0530] {logging_mixin.py:188} INFO - [2024-03-04T19:10:06.422+0530] {dag.py:3047} INFO - Sync 1 DAGs
[2024-03-04T19:10:06.435+0530] {logging_mixin.py:188} INFO - [2024-03-04T19:10:06.434+0530] {dag.py:3834} INFO - Setting next_dagrun for example_setup_teardown_taskflow to 2024-03-03 00:00:00+00:00, run_after=2024-03-04 00:00:00+00:00
[2024-03-04T19:10:06.451+0530] {processor.py:183} INFO - Processing /home/taushif/.local/lib/python3.10/site-packages/airflow/example_dags/example_setup_teardown_taskflow.py took 0.058 seconds
[2024-03-04T19:10:47.198+0530] {processor.py:161} INFO - Started process (PID=138716) to work on /home/taushif/.local/lib/python3.10/site-packages/airflow/example_dags/example_setup_teardown_taskflow.py
[2024-03-04T19:10:47.199+0530] {processor.py:830} INFO - Processing file /home/taushif/.local/lib/python3.10/site-packages/airflow/example_dags/example_setup_teardown_taskflow.py for tasks to queue
[2024-03-04T19:10:47.199+0530] {logging_mixin.py:188} INFO - [2024-03-04T19:10:47.199+0530] {dagbag.py:540} INFO - Filling up the DagBag from /home/taushif/.local/lib/python3.10/site-packages/airflow/example_dags/example_setup_teardown_taskflow.py
[2024-03-04T19:10:47.207+0530] {processor.py:840} INFO - DAG(s) 'example_setup_teardown_taskflow' retrieved from /home/taushif/.local/lib/python3.10/site-packages/airflow/example_dags/example_setup_teardown_taskflow.py
[2024-03-04T19:10:47.217+0530] {logging_mixin.py:188} INFO - [2024-03-04T19:10:47.217+0530] {dag.py:3047} INFO - Sync 1 DAGs
[2024-03-04T19:10:47.230+0530] {logging_mixin.py:188} INFO - [2024-03-04T19:10:47.230+0530] {dag.py:3834} INFO - Setting next_dagrun for example_setup_teardown_taskflow to 2024-03-03 00:00:00+00:00, run_after=2024-03-04 00:00:00+00:00
[2024-03-04T19:10:47.243+0530] {processor.py:183} INFO - Processing /home/taushif/.local/lib/python3.10/site-packages/airflow/example_dags/example_setup_teardown_taskflow.py took 0.047 seconds
[2024-03-04T19:11:34.719+0530] {processor.py:161} INFO - Started process (PID=139433) to work on /home/taushif/.local/lib/python3.10/site-packages/airflow/example_dags/example_setup_teardown_taskflow.py
[2024-03-04T19:11:34.726+0530] {processor.py:830} INFO - Processing file /home/taushif/.local/lib/python3.10/site-packages/airflow/example_dags/example_setup_teardown_taskflow.py for tasks to queue
[2024-03-04T19:11:34.727+0530] {logging_mixin.py:188} INFO - [2024-03-04T19:11:34.727+0530] {dagbag.py:540} INFO - Filling up the DagBag from /home/taushif/.local/lib/python3.10/site-packages/airflow/example_dags/example_setup_teardown_taskflow.py
[2024-03-04T19:11:34.742+0530] {processor.py:840} INFO - DAG(s) 'example_setup_teardown_taskflow' retrieved from /home/taushif/.local/lib/python3.10/site-packages/airflow/example_dags/example_setup_teardown_taskflow.py
[2024-03-04T19:11:34.758+0530] {logging_mixin.py:188} INFO - [2024-03-04T19:11:34.758+0530] {dag.py:3047} INFO - Sync 1 DAGs
[2024-03-04T19:11:34.772+0530] {logging_mixin.py:188} INFO - [2024-03-04T19:11:34.771+0530] {dag.py:3834} INFO - Setting next_dagrun for example_setup_teardown_taskflow to 2024-03-03 00:00:00+00:00, run_after=2024-03-04 00:00:00+00:00
[2024-03-04T19:11:34.787+0530] {processor.py:183} INFO - Processing /home/taushif/.local/lib/python3.10/site-packages/airflow/example_dags/example_setup_teardown_taskflow.py took 0.072 seconds
[2024-03-04T19:12:12.800+0530] {processor.py:161} INFO - Started process (PID=139861) to work on /home/taushif/.local/lib/python3.10/site-packages/airflow/example_dags/example_setup_teardown_taskflow.py
[2024-03-04T19:12:12.806+0530] {processor.py:830} INFO - Processing file /home/taushif/.local/lib/python3.10/site-packages/airflow/example_dags/example_setup_teardown_taskflow.py for tasks to queue
[2024-03-04T19:12:12.807+0530] {logging_mixin.py:188} INFO - [2024-03-04T19:12:12.807+0530] {dagbag.py:540} INFO - Filling up the DagBag from /home/taushif/.local/lib/python3.10/site-packages/airflow/example_dags/example_setup_teardown_taskflow.py
[2024-03-04T19:12:12.820+0530] {processor.py:840} INFO - DAG(s) 'example_setup_teardown_taskflow' retrieved from /home/taushif/.local/lib/python3.10/site-packages/airflow/example_dags/example_setup_teardown_taskflow.py
[2024-03-04T19:12:12.845+0530] {logging_mixin.py:188} INFO - [2024-03-04T19:12:12.844+0530] {dag.py:3047} INFO - Sync 1 DAGs
[2024-03-04T19:12:12.863+0530] {logging_mixin.py:188} INFO - [2024-03-04T19:12:12.863+0530] {dag.py:3834} INFO - Setting next_dagrun for example_setup_teardown_taskflow to 2024-03-03 00:00:00+00:00, run_after=2024-03-04 00:00:00+00:00
[2024-03-04T19:12:12.881+0530] {processor.py:183} INFO - Processing /home/taushif/.local/lib/python3.10/site-packages/airflow/example_dags/example_setup_teardown_taskflow.py took 0.085 seconds
[2024-03-04T19:12:46.462+0530] {processor.py:161} INFO - Started process (PID=140227) to work on /home/taushif/.local/lib/python3.10/site-packages/airflow/example_dags/example_setup_teardown_taskflow.py
[2024-03-04T19:12:46.469+0530] {processor.py:830} INFO - Processing file /home/taushif/.local/lib/python3.10/site-packages/airflow/example_dags/example_setup_teardown_taskflow.py for tasks to queue
[2024-03-04T19:12:46.471+0530] {logging_mixin.py:188} INFO - [2024-03-04T19:12:46.470+0530] {dagbag.py:540} INFO - Filling up the DagBag from /home/taushif/.local/lib/python3.10/site-packages/airflow/example_dags/example_setup_teardown_taskflow.py
[2024-03-04T19:12:46.488+0530] {processor.py:840} INFO - DAG(s) 'example_setup_teardown_taskflow' retrieved from /home/taushif/.local/lib/python3.10/site-packages/airflow/example_dags/example_setup_teardown_taskflow.py
[2024-03-04T19:12:46.509+0530] {logging_mixin.py:188} INFO - [2024-03-04T19:12:46.509+0530] {dag.py:3047} INFO - Sync 1 DAGs
[2024-03-04T19:12:46.531+0530] {logging_mixin.py:188} INFO - [2024-03-04T19:12:46.531+0530] {dag.py:3834} INFO - Setting next_dagrun for example_setup_teardown_taskflow to 2024-03-03 00:00:00+00:00, run_after=2024-03-04 00:00:00+00:00
[2024-03-04T19:12:46.558+0530] {processor.py:183} INFO - Processing /home/taushif/.local/lib/python3.10/site-packages/airflow/example_dags/example_setup_teardown_taskflow.py took 0.103 seconds
[2024-03-04T19:13:34.151+0530] {processor.py:161} INFO - Started process (PID=140686) to work on /home/taushif/.local/lib/python3.10/site-packages/airflow/example_dags/example_setup_teardown_taskflow.py
[2024-03-04T19:13:34.157+0530] {processor.py:830} INFO - Processing file /home/taushif/.local/lib/python3.10/site-packages/airflow/example_dags/example_setup_teardown_taskflow.py for tasks to queue
[2024-03-04T19:13:34.159+0530] {logging_mixin.py:188} INFO - [2024-03-04T19:13:34.158+0530] {dagbag.py:540} INFO - Filling up the DagBag from /home/taushif/.local/lib/python3.10/site-packages/airflow/example_dags/example_setup_teardown_taskflow.py
[2024-03-04T19:13:34.172+0530] {processor.py:840} INFO - DAG(s) 'example_setup_teardown_taskflow' retrieved from /home/taushif/.local/lib/python3.10/site-packages/airflow/example_dags/example_setup_teardown_taskflow.py
[2024-03-04T19:13:34.198+0530] {logging_mixin.py:188} INFO - [2024-03-04T19:13:34.197+0530] {dag.py:3047} INFO - Sync 1 DAGs
[2024-03-04T19:13:34.223+0530] {logging_mixin.py:188} INFO - [2024-03-04T19:13:34.222+0530] {dag.py:3834} INFO - Setting next_dagrun for example_setup_teardown_taskflow to 2024-03-03 00:00:00+00:00, run_after=2024-03-04 00:00:00+00:00
[2024-03-04T19:13:34.244+0530] {processor.py:183} INFO - Processing /home/taushif/.local/lib/python3.10/site-packages/airflow/example_dags/example_setup_teardown_taskflow.py took 0.098 seconds
[2024-03-04T19:14:12.319+0530] {processor.py:161} INFO - Started process (PID=141043) to work on /home/taushif/.local/lib/python3.10/site-packages/airflow/example_dags/example_setup_teardown_taskflow.py
[2024-03-04T19:14:12.326+0530] {processor.py:830} INFO - Processing file /home/taushif/.local/lib/python3.10/site-packages/airflow/example_dags/example_setup_teardown_taskflow.py for tasks to queue
[2024-03-04T19:14:12.327+0530] {logging_mixin.py:188} INFO - [2024-03-04T19:14:12.327+0530] {dagbag.py:540} INFO - Filling up the DagBag from /home/taushif/.local/lib/python3.10/site-packages/airflow/example_dags/example_setup_teardown_taskflow.py
[2024-03-04T19:14:12.339+0530] {processor.py:840} INFO - DAG(s) 'example_setup_teardown_taskflow' retrieved from /home/taushif/.local/lib/python3.10/site-packages/airflow/example_dags/example_setup_teardown_taskflow.py
[2024-03-04T19:14:12.352+0530] {logging_mixin.py:188} INFO - [2024-03-04T19:14:12.352+0530] {dag.py:3047} INFO - Sync 1 DAGs
[2024-03-04T19:14:12.367+0530] {logging_mixin.py:188} INFO - [2024-03-04T19:14:12.367+0530] {dag.py:3834} INFO - Setting next_dagrun for example_setup_teardown_taskflow to 2024-03-03 00:00:00+00:00, run_after=2024-03-04 00:00:00+00:00
[2024-03-04T19:14:12.383+0530] {processor.py:183} INFO - Processing /home/taushif/.local/lib/python3.10/site-packages/airflow/example_dags/example_setup_teardown_taskflow.py took 0.067 seconds
[2024-03-04T19:14:48.622+0530] {processor.py:161} INFO - Started process (PID=141402) to work on /home/taushif/.local/lib/python3.10/site-packages/airflow/example_dags/example_setup_teardown_taskflow.py
[2024-03-04T19:14:48.628+0530] {processor.py:830} INFO - Processing file /home/taushif/.local/lib/python3.10/site-packages/airflow/example_dags/example_setup_teardown_taskflow.py for tasks to queue
[2024-03-04T19:14:48.629+0530] {logging_mixin.py:188} INFO - [2024-03-04T19:14:48.629+0530] {dagbag.py:540} INFO - Filling up the DagBag from /home/taushif/.local/lib/python3.10/site-packages/airflow/example_dags/example_setup_teardown_taskflow.py
[2024-03-04T19:14:48.642+0530] {processor.py:840} INFO - DAG(s) 'example_setup_teardown_taskflow' retrieved from /home/taushif/.local/lib/python3.10/site-packages/airflow/example_dags/example_setup_teardown_taskflow.py
[2024-03-04T19:14:48.658+0530] {logging_mixin.py:188} INFO - [2024-03-04T19:14:48.657+0530] {dag.py:3047} INFO - Sync 1 DAGs
[2024-03-04T19:14:48.675+0530] {logging_mixin.py:188} INFO - [2024-03-04T19:14:48.675+0530] {dag.py:3834} INFO - Setting next_dagrun for example_setup_teardown_taskflow to 2024-03-03 00:00:00+00:00, run_after=2024-03-04 00:00:00+00:00
[2024-03-04T19:14:48.694+0530] {processor.py:183} INFO - Processing /home/taushif/.local/lib/python3.10/site-packages/airflow/example_dags/example_setup_teardown_taskflow.py took 0.074 seconds
[2024-03-04T19:15:38.198+0530] {processor.py:161} INFO - Started process (PID=141862) to work on /home/taushif/.local/lib/python3.10/site-packages/airflow/example_dags/example_setup_teardown_taskflow.py
[2024-03-04T19:15:38.204+0530] {processor.py:830} INFO - Processing file /home/taushif/.local/lib/python3.10/site-packages/airflow/example_dags/example_setup_teardown_taskflow.py for tasks to queue
[2024-03-04T19:15:38.206+0530] {logging_mixin.py:188} INFO - [2024-03-04T19:15:38.205+0530] {dagbag.py:540} INFO - Filling up the DagBag from /home/taushif/.local/lib/python3.10/site-packages/airflow/example_dags/example_setup_teardown_taskflow.py
[2024-03-04T19:15:38.217+0530] {processor.py:840} INFO - DAG(s) 'example_setup_teardown_taskflow' retrieved from /home/taushif/.local/lib/python3.10/site-packages/airflow/example_dags/example_setup_teardown_taskflow.py
[2024-03-04T19:15:38.229+0530] {logging_mixin.py:188} INFO - [2024-03-04T19:15:38.229+0530] {dag.py:3047} INFO - Sync 1 DAGs
[2024-03-04T19:15:38.245+0530] {logging_mixin.py:188} INFO - [2024-03-04T19:15:38.244+0530] {dag.py:3834} INFO - Setting next_dagrun for example_setup_teardown_taskflow to 2024-03-03 00:00:00+00:00, run_after=2024-03-04 00:00:00+00:00
[2024-03-04T19:15:38.263+0530] {processor.py:183} INFO - Processing /home/taushif/.local/lib/python3.10/site-packages/airflow/example_dags/example_setup_teardown_taskflow.py took 0.069 seconds
