[2024-03-04T19:08:08.413+0530] {processor.py:161} INFO - Started process (PID=136582) to work on /home/taushif/.local/lib/python3.10/site-packages/airflow/example_dags/example_params_trigger_ui.py
[2024-03-04T19:08:08.414+0530] {processor.py:830} INFO - Processing file /home/taushif/.local/lib/python3.10/site-packages/airflow/example_dags/example_params_trigger_ui.py for tasks to queue
[2024-03-04T19:08:08.415+0530] {logging_mixin.py:188} INFO - [2024-03-04T19:08:08.415+0530] {dagbag.py:540} INFO - Filling up the DagBag from /home/taushif/.local/lib/python3.10/site-packages/airflow/example_dags/example_params_trigger_ui.py
[2024-03-04T19:08:08.425+0530] {processor.py:840} INFO - DAG(s) 'example_params_trigger_ui' retrieved from /home/taushif/.local/lib/python3.10/site-packages/airflow/example_dags/example_params_trigger_ui.py
[2024-03-04T19:08:08.580+0530] {logging_mixin.py:188} INFO - [2024-03-04T19:08:08.580+0530] {dag.py:3047} INFO - Sync 1 DAGs
[2024-03-04T19:08:08.586+0530] {logging_mixin.py:188} INFO - [2024-03-04T19:08:08.586+0530] {dag.py:3834} INFO - Setting next_dagrun for example_params_trigger_ui to None, run_after=None
[2024-03-04T19:08:08.606+0530] {processor.py:183} INFO - Processing /home/taushif/.local/lib/python3.10/site-packages/airflow/example_dags/example_params_trigger_ui.py took 0.195 seconds
[2024-03-04T19:08:58.183+0530] {processor.py:161} INFO - Started process (PID=137095) to work on /home/taushif/.local/lib/python3.10/site-packages/airflow/example_dags/example_params_trigger_ui.py
[2024-03-04T19:08:58.189+0530] {processor.py:830} INFO - Processing file /home/taushif/.local/lib/python3.10/site-packages/airflow/example_dags/example_params_trigger_ui.py for tasks to queue
[2024-03-04T19:08:58.189+0530] {logging_mixin.py:188} INFO - [2024-03-04T19:08:58.189+0530] {dagbag.py:540} INFO - Filling up the DagBag from /home/taushif/.local/lib/python3.10/site-packages/airflow/example_dags/example_params_trigger_ui.py
[2024-03-04T19:08:58.283+0530] {processor.py:840} INFO - DAG(s) 'example_params_trigger_ui' retrieved from /home/taushif/.local/lib/python3.10/site-packages/airflow/example_dags/example_params_trigger_ui.py
[2024-03-04T19:08:58.314+0530] {logging_mixin.py:188} INFO - [2024-03-04T19:08:58.314+0530] {dag.py:3047} INFO - Sync 1 DAGs
[2024-03-04T19:08:58.321+0530] {logging_mixin.py:188} INFO - [2024-03-04T19:08:58.321+0530] {dag.py:3834} INFO - Setting next_dagrun for example_params_trigger_ui to None, run_after=None
[2024-03-04T19:08:58.340+0530] {processor.py:183} INFO - Processing /home/taushif/.local/lib/python3.10/site-packages/airflow/example_dags/example_params_trigger_ui.py took 0.159 seconds
[2024-03-04T19:10:00.979+0530] {processor.py:161} INFO - Started process (PID=138062) to work on /home/taushif/.local/lib/python3.10/site-packages/airflow/example_dags/example_params_trigger_ui.py
[2024-03-04T19:10:00.986+0530] {processor.py:830} INFO - Processing file /home/taushif/.local/lib/python3.10/site-packages/airflow/example_dags/example_params_trigger_ui.py for tasks to queue
[2024-03-04T19:10:00.987+0530] {logging_mixin.py:188} INFO - [2024-03-04T19:10:00.986+0530] {dagbag.py:540} INFO - Filling up the DagBag from /home/taushif/.local/lib/python3.10/site-packages/airflow/example_dags/example_params_trigger_ui.py
[2024-03-04T19:10:01.000+0530] {processor.py:840} INFO - DAG(s) 'example_params_trigger_ui' retrieved from /home/taushif/.local/lib/python3.10/site-packages/airflow/example_dags/example_params_trigger_ui.py
[2024-03-04T19:10:01.024+0530] {logging_mixin.py:188} INFO - [2024-03-04T19:10:01.024+0530] {dag.py:3047} INFO - Sync 1 DAGs
[2024-03-04T19:10:01.031+0530] {logging_mixin.py:188} INFO - [2024-03-04T19:10:01.031+0530] {dag.py:3834} INFO - Setting next_dagrun for example_params_trigger_ui to None, run_after=None
[2024-03-04T19:10:01.044+0530] {processor.py:183} INFO - Processing /home/taushif/.local/lib/python3.10/site-packages/airflow/example_dags/example_params_trigger_ui.py took 0.069 seconds
[2024-03-04T19:11:04.300+0530] {processor.py:161} INFO - Started process (PID=139039) to work on /home/taushif/.local/lib/python3.10/site-packages/airflow/example_dags/example_params_trigger_ui.py
[2024-03-04T19:11:04.306+0530] {processor.py:830} INFO - Processing file /home/taushif/.local/lib/python3.10/site-packages/airflow/example_dags/example_params_trigger_ui.py for tasks to queue
[2024-03-04T19:11:04.306+0530] {logging_mixin.py:188} INFO - [2024-03-04T19:11:04.306+0530] {dagbag.py:540} INFO - Filling up the DagBag from /home/taushif/.local/lib/python3.10/site-packages/airflow/example_dags/example_params_trigger_ui.py
[2024-03-04T19:11:04.316+0530] {processor.py:840} INFO - DAG(s) 'example_params_trigger_ui' retrieved from /home/taushif/.local/lib/python3.10/site-packages/airflow/example_dags/example_params_trigger_ui.py
[2024-03-04T19:11:04.349+0530] {logging_mixin.py:188} INFO - [2024-03-04T19:11:04.349+0530] {dag.py:3047} INFO - Sync 1 DAGs
[2024-03-04T19:11:04.361+0530] {logging_mixin.py:188} INFO - [2024-03-04T19:11:04.361+0530] {dag.py:3834} INFO - Setting next_dagrun for example_params_trigger_ui to None, run_after=None
[2024-03-04T19:11:04.416+0530] {processor.py:183} INFO - Processing /home/taushif/.local/lib/python3.10/site-packages/airflow/example_dags/example_params_trigger_ui.py took 0.118 seconds
[2024-03-04T19:11:52.168+0530] {processor.py:161} INFO - Started process (PID=139677) to work on /home/taushif/.local/lib/python3.10/site-packages/airflow/example_dags/example_params_trigger_ui.py
[2024-03-04T19:11:52.169+0530] {processor.py:830} INFO - Processing file /home/taushif/.local/lib/python3.10/site-packages/airflow/example_dags/example_params_trigger_ui.py for tasks to queue
[2024-03-04T19:11:52.171+0530] {logging_mixin.py:188} INFO - [2024-03-04T19:11:52.170+0530] {dagbag.py:540} INFO - Filling up the DagBag from /home/taushif/.local/lib/python3.10/site-packages/airflow/example_dags/example_params_trigger_ui.py
[2024-03-04T19:11:52.184+0530] {processor.py:840} INFO - DAG(s) 'example_params_trigger_ui' retrieved from /home/taushif/.local/lib/python3.10/site-packages/airflow/example_dags/example_params_trigger_ui.py
[2024-03-04T19:11:52.224+0530] {logging_mixin.py:188} INFO - [2024-03-04T19:11:52.224+0530] {dag.py:3047} INFO - Sync 1 DAGs
[2024-03-04T19:11:52.233+0530] {logging_mixin.py:188} INFO - [2024-03-04T19:11:52.233+0530] {dag.py:3834} INFO - Setting next_dagrun for example_params_trigger_ui to None, run_after=None
[2024-03-04T19:11:52.249+0530] {processor.py:183} INFO - Processing /home/taushif/.local/lib/python3.10/site-packages/airflow/example_dags/example_params_trigger_ui.py took 0.087 seconds
[2024-03-04T19:12:43.405+0530] {processor.py:161} INFO - Started process (PID=140207) to work on /home/taushif/.local/lib/python3.10/site-packages/airflow/example_dags/example_params_trigger_ui.py
[2024-03-04T19:12:43.411+0530] {processor.py:830} INFO - Processing file /home/taushif/.local/lib/python3.10/site-packages/airflow/example_dags/example_params_trigger_ui.py for tasks to queue
[2024-03-04T19:12:43.413+0530] {logging_mixin.py:188} INFO - [2024-03-04T19:12:43.412+0530] {dagbag.py:540} INFO - Filling up the DagBag from /home/taushif/.local/lib/python3.10/site-packages/airflow/example_dags/example_params_trigger_ui.py
[2024-03-04T19:12:43.437+0530] {processor.py:840} INFO - DAG(s) 'example_params_trigger_ui' retrieved from /home/taushif/.local/lib/python3.10/site-packages/airflow/example_dags/example_params_trigger_ui.py
[2024-03-04T19:12:43.465+0530] {logging_mixin.py:188} INFO - [2024-03-04T19:12:43.465+0530] {dag.py:3047} INFO - Sync 1 DAGs
[2024-03-04T19:12:43.475+0530] {logging_mixin.py:188} INFO - [2024-03-04T19:12:43.475+0530] {dag.py:3834} INFO - Setting next_dagrun for example_params_trigger_ui to None, run_after=None
[2024-03-04T19:12:43.494+0530] {processor.py:183} INFO - Processing /home/taushif/.local/lib/python3.10/site-packages/airflow/example_dags/example_params_trigger_ui.py took 0.096 seconds
[2024-03-04T19:13:32.427+0530] {processor.py:161} INFO - Started process (PID=140666) to work on /home/taushif/.local/lib/python3.10/site-packages/airflow/example_dags/example_params_trigger_ui.py
[2024-03-04T19:13:32.433+0530] {processor.py:830} INFO - Processing file /home/taushif/.local/lib/python3.10/site-packages/airflow/example_dags/example_params_trigger_ui.py for tasks to queue
[2024-03-04T19:13:32.435+0530] {logging_mixin.py:188} INFO - [2024-03-04T19:13:32.435+0530] {dagbag.py:540} INFO - Filling up the DagBag from /home/taushif/.local/lib/python3.10/site-packages/airflow/example_dags/example_params_trigger_ui.py
[2024-03-04T19:13:32.459+0530] {processor.py:840} INFO - DAG(s) 'example_params_trigger_ui' retrieved from /home/taushif/.local/lib/python3.10/site-packages/airflow/example_dags/example_params_trigger_ui.py
[2024-03-04T19:13:32.511+0530] {logging_mixin.py:188} INFO - [2024-03-04T19:13:32.510+0530] {dag.py:3047} INFO - Sync 1 DAGs
[2024-03-04T19:13:32.528+0530] {logging_mixin.py:188} INFO - [2024-03-04T19:13:32.527+0530] {dag.py:3834} INFO - Setting next_dagrun for example_params_trigger_ui to None, run_after=None
[2024-03-04T19:13:32.559+0530] {processor.py:183} INFO - Processing /home/taushif/.local/lib/python3.10/site-packages/airflow/example_dags/example_params_trigger_ui.py took 0.138 seconds
[2024-03-04T19:14:24.452+0530] {processor.py:161} INFO - Started process (PID=141167) to work on /home/taushif/.local/lib/python3.10/site-packages/airflow/example_dags/example_params_trigger_ui.py
[2024-03-04T19:14:24.458+0530] {processor.py:830} INFO - Processing file /home/taushif/.local/lib/python3.10/site-packages/airflow/example_dags/example_params_trigger_ui.py for tasks to queue
[2024-03-04T19:14:24.459+0530] {logging_mixin.py:188} INFO - [2024-03-04T19:14:24.459+0530] {dagbag.py:540} INFO - Filling up the DagBag from /home/taushif/.local/lib/python3.10/site-packages/airflow/example_dags/example_params_trigger_ui.py
[2024-03-04T19:14:24.485+0530] {processor.py:840} INFO - DAG(s) 'example_params_trigger_ui' retrieved from /home/taushif/.local/lib/python3.10/site-packages/airflow/example_dags/example_params_trigger_ui.py
[2024-03-04T19:14:24.521+0530] {logging_mixin.py:188} INFO - [2024-03-04T19:14:24.521+0530] {dag.py:3047} INFO - Sync 1 DAGs
[2024-03-04T19:14:24.529+0530] {logging_mixin.py:188} INFO - [2024-03-04T19:14:24.528+0530] {dag.py:3834} INFO - Setting next_dagrun for example_params_trigger_ui to None, run_after=None
[2024-03-04T19:14:24.550+0530] {processor.py:183} INFO - Processing /home/taushif/.local/lib/python3.10/site-packages/airflow/example_dags/example_params_trigger_ui.py took 0.104 seconds
[2024-03-04T19:15:14.362+0530] {processor.py:161} INFO - Started process (PID=141636) to work on /home/taushif/.local/lib/python3.10/site-packages/airflow/example_dags/example_params_trigger_ui.py
[2024-03-04T19:15:14.368+0530] {processor.py:830} INFO - Processing file /home/taushif/.local/lib/python3.10/site-packages/airflow/example_dags/example_params_trigger_ui.py for tasks to queue
[2024-03-04T19:15:14.370+0530] {logging_mixin.py:188} INFO - [2024-03-04T19:15:14.369+0530] {dagbag.py:540} INFO - Filling up the DagBag from /home/taushif/.local/lib/python3.10/site-packages/airflow/example_dags/example_params_trigger_ui.py
[2024-03-04T19:15:14.382+0530] {processor.py:840} INFO - DAG(s) 'example_params_trigger_ui' retrieved from /home/taushif/.local/lib/python3.10/site-packages/airflow/example_dags/example_params_trigger_ui.py
[2024-03-04T19:15:14.408+0530] {logging_mixin.py:188} INFO - [2024-03-04T19:15:14.408+0530] {dag.py:3047} INFO - Sync 1 DAGs
[2024-03-04T19:15:14.416+0530] {logging_mixin.py:188} INFO - [2024-03-04T19:15:14.416+0530] {dag.py:3834} INFO - Setting next_dagrun for example_params_trigger_ui to None, run_after=None
[2024-03-04T19:15:14.432+0530] {processor.py:183} INFO - Processing /home/taushif/.local/lib/python3.10/site-packages/airflow/example_dags/example_params_trigger_ui.py took 0.073 seconds
