[2024-03-04T19:07:52.658+0530] {processor.py:161} INFO - Started process (PID=136425) to work on /home/taushif/.local/lib/python3.10/site-packages/airflow/example_dags/example_trigger_target_dag.py
[2024-03-04T19:07:52.659+0530] {processor.py:830} INFO - Processing file /home/taushif/.local/lib/python3.10/site-packages/airflow/example_dags/example_trigger_target_dag.py for tasks to queue
[2024-03-04T19:07:52.660+0530] {logging_mixin.py:188} INFO - [2024-03-04T19:07:52.659+0530] {dagbag.py:540} INFO - Filling up the DagBag from /home/taushif/.local/lib/python3.10/site-packages/airflow/example_dags/example_trigger_target_dag.py
[2024-03-04T19:07:52.666+0530] {processor.py:840} INFO - DAG(s) 'example_trigger_target_dag' retrieved from /home/taushif/.local/lib/python3.10/site-packages/airflow/example_dags/example_trigger_target_dag.py
[2024-03-04T19:07:52.811+0530] {logging_mixin.py:188} INFO - [2024-03-04T19:07:52.811+0530] {dag.py:3047} INFO - Sync 1 DAGs
[2024-03-04T19:07:52.817+0530] {logging_mixin.py:188} INFO - [2024-03-04T19:07:52.817+0530] {dag.py:3834} INFO - Setting next_dagrun for example_trigger_target_dag to None, run_after=None
[2024-03-04T19:07:52.836+0530] {processor.py:183} INFO - Processing /home/taushif/.local/lib/python3.10/site-packages/airflow/example_dags/example_trigger_target_dag.py took 0.180 seconds
[2024-03-04T19:08:42.999+0530] {processor.py:161} INFO - Started process (PID=136926) to work on /home/taushif/.local/lib/python3.10/site-packages/airflow/example_dags/example_trigger_target_dag.py
[2024-03-04T19:08:43.001+0530] {processor.py:830} INFO - Processing file /home/taushif/.local/lib/python3.10/site-packages/airflow/example_dags/example_trigger_target_dag.py for tasks to queue
[2024-03-04T19:08:43.003+0530] {logging_mixin.py:188} INFO - [2024-03-04T19:08:43.002+0530] {dagbag.py:540} INFO - Filling up the DagBag from /home/taushif/.local/lib/python3.10/site-packages/airflow/example_dags/example_trigger_target_dag.py
[2024-03-04T19:08:43.014+0530] {processor.py:840} INFO - DAG(s) 'example_trigger_target_dag' retrieved from /home/taushif/.local/lib/python3.10/site-packages/airflow/example_dags/example_trigger_target_dag.py
[2024-03-04T19:08:43.031+0530] {logging_mixin.py:188} INFO - [2024-03-04T19:08:43.031+0530] {dag.py:3047} INFO - Sync 1 DAGs
[2024-03-04T19:08:43.139+0530] {logging_mixin.py:188} INFO - [2024-03-04T19:08:43.139+0530] {dag.py:3834} INFO - Setting next_dagrun for example_trigger_target_dag to None, run_after=None
[2024-03-04T19:08:43.161+0530] {processor.py:183} INFO - Processing /home/taushif/.local/lib/python3.10/site-packages/airflow/example_dags/example_trigger_target_dag.py took 0.166 seconds
[2024-03-04T19:09:32.420+0530] {processor.py:161} INFO - Started process (PID=137608) to work on /home/taushif/.local/lib/python3.10/site-packages/airflow/example_dags/example_trigger_target_dag.py
[2024-03-04T19:09:32.426+0530] {processor.py:830} INFO - Processing file /home/taushif/.local/lib/python3.10/site-packages/airflow/example_dags/example_trigger_target_dag.py for tasks to queue
[2024-03-04T19:09:32.428+0530] {logging_mixin.py:188} INFO - [2024-03-04T19:09:32.427+0530] {dagbag.py:540} INFO - Filling up the DagBag from /home/taushif/.local/lib/python3.10/site-packages/airflow/example_dags/example_trigger_target_dag.py
[2024-03-04T19:09:32.435+0530] {processor.py:840} INFO - DAG(s) 'example_trigger_target_dag' retrieved from /home/taushif/.local/lib/python3.10/site-packages/airflow/example_dags/example_trigger_target_dag.py
[2024-03-04T19:09:32.446+0530] {logging_mixin.py:188} INFO - [2024-03-04T19:09:32.445+0530] {dag.py:3047} INFO - Sync 1 DAGs
[2024-03-04T19:09:32.452+0530] {logging_mixin.py:188} INFO - [2024-03-04T19:09:32.452+0530] {dag.py:3834} INFO - Setting next_dagrun for example_trigger_target_dag to None, run_after=None
[2024-03-04T19:09:32.466+0530] {processor.py:183} INFO - Processing /home/taushif/.local/lib/python3.10/site-packages/airflow/example_dags/example_trigger_target_dag.py took 0.048 seconds
[2024-03-04T19:10:16.280+0530] {processor.py:161} INFO - Started process (PID=138325) to work on /home/taushif/.local/lib/python3.10/site-packages/airflow/example_dags/example_trigger_target_dag.py
[2024-03-04T19:10:16.286+0530] {processor.py:830} INFO - Processing file /home/taushif/.local/lib/python3.10/site-packages/airflow/example_dags/example_trigger_target_dag.py for tasks to queue
[2024-03-04T19:10:16.288+0530] {logging_mixin.py:188} INFO - [2024-03-04T19:10:16.287+0530] {dagbag.py:540} INFO - Filling up the DagBag from /home/taushif/.local/lib/python3.10/site-packages/airflow/example_dags/example_trigger_target_dag.py
[2024-03-04T19:10:16.295+0530] {processor.py:840} INFO - DAG(s) 'example_trigger_target_dag' retrieved from /home/taushif/.local/lib/python3.10/site-packages/airflow/example_dags/example_trigger_target_dag.py
[2024-03-04T19:10:16.305+0530] {logging_mixin.py:188} INFO - [2024-03-04T19:10:16.305+0530] {dag.py:3047} INFO - Sync 1 DAGs
[2024-03-04T19:10:16.311+0530] {logging_mixin.py:188} INFO - [2024-03-04T19:10:16.311+0530] {dag.py:3834} INFO - Setting next_dagrun for example_trigger_target_dag to None, run_after=None
[2024-03-04T19:10:16.326+0530] {processor.py:183} INFO - Processing /home/taushif/.local/lib/python3.10/site-packages/airflow/example_dags/example_trigger_target_dag.py took 0.049 seconds
[2024-03-04T19:11:03.163+0530] {processor.py:161} INFO - Started process (PID=139036) to work on /home/taushif/.local/lib/python3.10/site-packages/airflow/example_dags/example_trigger_target_dag.py
[2024-03-04T19:11:03.166+0530] {processor.py:830} INFO - Processing file /home/taushif/.local/lib/python3.10/site-packages/airflow/example_dags/example_trigger_target_dag.py for tasks to queue
[2024-03-04T19:11:03.168+0530] {logging_mixin.py:188} INFO - [2024-03-04T19:11:03.167+0530] {dagbag.py:540} INFO - Filling up the DagBag from /home/taushif/.local/lib/python3.10/site-packages/airflow/example_dags/example_trigger_target_dag.py
[2024-03-04T19:11:03.181+0530] {processor.py:840} INFO - DAG(s) 'example_trigger_target_dag' retrieved from /home/taushif/.local/lib/python3.10/site-packages/airflow/example_dags/example_trigger_target_dag.py
[2024-03-04T19:11:03.205+0530] {logging_mixin.py:188} INFO - [2024-03-04T19:11:03.204+0530] {dag.py:3047} INFO - Sync 1 DAGs
[2024-03-04T19:11:03.213+0530] {logging_mixin.py:188} INFO - [2024-03-04T19:11:03.213+0530] {dag.py:3834} INFO - Setting next_dagrun for example_trigger_target_dag to None, run_after=None
[2024-03-04T19:11:03.227+0530] {processor.py:183} INFO - Processing /home/taushif/.local/lib/python3.10/site-packages/airflow/example_dags/example_trigger_target_dag.py took 0.070 seconds
[2024-03-04T19:11:45.433+0530] {processor.py:161} INFO - Started process (PID=139606) to work on /home/taushif/.local/lib/python3.10/site-packages/airflow/example_dags/example_trigger_target_dag.py
[2024-03-04T19:11:45.439+0530] {processor.py:830} INFO - Processing file /home/taushif/.local/lib/python3.10/site-packages/airflow/example_dags/example_trigger_target_dag.py for tasks to queue
[2024-03-04T19:11:45.439+0530] {logging_mixin.py:188} INFO - [2024-03-04T19:11:45.439+0530] {dagbag.py:540} INFO - Filling up the DagBag from /home/taushif/.local/lib/python3.10/site-packages/airflow/example_dags/example_trigger_target_dag.py
[2024-03-04T19:11:45.445+0530] {processor.py:840} INFO - DAG(s) 'example_trigger_target_dag' retrieved from /home/taushif/.local/lib/python3.10/site-packages/airflow/example_dags/example_trigger_target_dag.py
[2024-03-04T19:11:45.462+0530] {logging_mixin.py:188} INFO - [2024-03-04T19:11:45.462+0530] {dag.py:3047} INFO - Sync 1 DAGs
[2024-03-04T19:11:45.478+0530] {logging_mixin.py:188} INFO - [2024-03-04T19:11:45.478+0530] {dag.py:3834} INFO - Setting next_dagrun for example_trigger_target_dag to None, run_after=None
[2024-03-04T19:11:45.505+0530] {processor.py:183} INFO - Processing /home/taushif/.local/lib/python3.10/site-packages/airflow/example_dags/example_trigger_target_dag.py took 0.075 seconds
[2024-03-04T19:12:36.484+0530] {processor.py:161} INFO - Started process (PID=140136) to work on /home/taushif/.local/lib/python3.10/site-packages/airflow/example_dags/example_trigger_target_dag.py
[2024-03-04T19:12:36.489+0530] {processor.py:830} INFO - Processing file /home/taushif/.local/lib/python3.10/site-packages/airflow/example_dags/example_trigger_target_dag.py for tasks to queue
[2024-03-04T19:12:36.490+0530] {logging_mixin.py:188} INFO - [2024-03-04T19:12:36.490+0530] {dagbag.py:540} INFO - Filling up the DagBag from /home/taushif/.local/lib/python3.10/site-packages/airflow/example_dags/example_trigger_target_dag.py
[2024-03-04T19:12:36.497+0530] {processor.py:840} INFO - DAG(s) 'example_trigger_target_dag' retrieved from /home/taushif/.local/lib/python3.10/site-packages/airflow/example_dags/example_trigger_target_dag.py
[2024-03-04T19:12:36.515+0530] {logging_mixin.py:188} INFO - [2024-03-04T19:12:36.515+0530] {dag.py:3047} INFO - Sync 1 DAGs
[2024-03-04T19:12:36.527+0530] {logging_mixin.py:188} INFO - [2024-03-04T19:12:36.527+0530] {dag.py:3834} INFO - Setting next_dagrun for example_trigger_target_dag to None, run_after=None
[2024-03-04T19:12:36.560+0530] {processor.py:183} INFO - Processing /home/taushif/.local/lib/python3.10/site-packages/airflow/example_dags/example_trigger_target_dag.py took 0.079 seconds
[2024-03-04T19:13:26.299+0530] {processor.py:161} INFO - Started process (PID=140610) to work on /home/taushif/.local/lib/python3.10/site-packages/airflow/example_dags/example_trigger_target_dag.py
[2024-03-04T19:13:26.305+0530] {processor.py:830} INFO - Processing file /home/taushif/.local/lib/python3.10/site-packages/airflow/example_dags/example_trigger_target_dag.py for tasks to queue
[2024-03-04T19:13:26.307+0530] {logging_mixin.py:188} INFO - [2024-03-04T19:13:26.306+0530] {dagbag.py:540} INFO - Filling up the DagBag from /home/taushif/.local/lib/python3.10/site-packages/airflow/example_dags/example_trigger_target_dag.py
[2024-03-04T19:13:26.320+0530] {processor.py:840} INFO - DAG(s) 'example_trigger_target_dag' retrieved from /home/taushif/.local/lib/python3.10/site-packages/airflow/example_dags/example_trigger_target_dag.py
[2024-03-04T19:13:26.344+0530] {logging_mixin.py:188} INFO - [2024-03-04T19:13:26.343+0530] {dag.py:3047} INFO - Sync 1 DAGs
[2024-03-04T19:13:26.356+0530] {logging_mixin.py:188} INFO - [2024-03-04T19:13:26.356+0530] {dag.py:3834} INFO - Setting next_dagrun for example_trigger_target_dag to None, run_after=None
[2024-03-04T19:13:26.375+0530] {processor.py:183} INFO - Processing /home/taushif/.local/lib/python3.10/site-packages/airflow/example_dags/example_trigger_target_dag.py took 0.082 seconds
[2024-03-04T19:14:17.025+0530] {processor.py:161} INFO - Started process (PID=141108) to work on /home/taushif/.local/lib/python3.10/site-packages/airflow/example_dags/example_trigger_target_dag.py
[2024-03-04T19:14:17.031+0530] {processor.py:830} INFO - Processing file /home/taushif/.local/lib/python3.10/site-packages/airflow/example_dags/example_trigger_target_dag.py for tasks to queue
[2024-03-04T19:14:17.032+0530] {logging_mixin.py:188} INFO - [2024-03-04T19:14:17.032+0530] {dagbag.py:540} INFO - Filling up the DagBag from /home/taushif/.local/lib/python3.10/site-packages/airflow/example_dags/example_trigger_target_dag.py
[2024-03-04T19:14:17.039+0530] {processor.py:840} INFO - DAG(s) 'example_trigger_target_dag' retrieved from /home/taushif/.local/lib/python3.10/site-packages/airflow/example_dags/example_trigger_target_dag.py
[2024-03-04T19:14:17.052+0530] {logging_mixin.py:188} INFO - [2024-03-04T19:14:17.052+0530] {dag.py:3047} INFO - Sync 1 DAGs
[2024-03-04T19:14:17.060+0530] {logging_mixin.py:188} INFO - [2024-03-04T19:14:17.059+0530] {dag.py:3834} INFO - Setting next_dagrun for example_trigger_target_dag to None, run_after=None
[2024-03-04T19:14:17.080+0530] {processor.py:183} INFO - Processing /home/taushif/.local/lib/python3.10/site-packages/airflow/example_dags/example_trigger_target_dag.py took 0.058 seconds
[2024-03-04T19:15:06.854+0530] {processor.py:161} INFO - Started process (PID=141559) to work on /home/taushif/.local/lib/python3.10/site-packages/airflow/example_dags/example_trigger_target_dag.py
[2024-03-04T19:15:06.860+0530] {processor.py:830} INFO - Processing file /home/taushif/.local/lib/python3.10/site-packages/airflow/example_dags/example_trigger_target_dag.py for tasks to queue
[2024-03-04T19:15:06.862+0530] {logging_mixin.py:188} INFO - [2024-03-04T19:15:06.861+0530] {dagbag.py:540} INFO - Filling up the DagBag from /home/taushif/.local/lib/python3.10/site-packages/airflow/example_dags/example_trigger_target_dag.py
[2024-03-04T19:15:06.874+0530] {processor.py:840} INFO - DAG(s) 'example_trigger_target_dag' retrieved from /home/taushif/.local/lib/python3.10/site-packages/airflow/example_dags/example_trigger_target_dag.py
[2024-03-04T19:15:06.892+0530] {logging_mixin.py:188} INFO - [2024-03-04T19:15:06.891+0530] {dag.py:3047} INFO - Sync 1 DAGs
[2024-03-04T19:15:06.902+0530] {logging_mixin.py:188} INFO - [2024-03-04T19:15:06.901+0530] {dag.py:3834} INFO - Setting next_dagrun for example_trigger_target_dag to None, run_after=None
[2024-03-04T19:15:06.920+0530] {processor.py:183} INFO - Processing /home/taushif/.local/lib/python3.10/site-packages/airflow/example_dags/example_trigger_target_dag.py took 0.069 seconds
