[2024-03-04T19:07:59.162+0530] {processor.py:161} INFO - Started process (PID=136509) to work on /home/taushif/.local/lib/python3.10/site-packages/airflow/example_dags/example_python_operator.py
[2024-03-04T19:07:59.163+0530] {processor.py:830} INFO - Processing file /home/taushif/.local/lib/python3.10/site-packages/airflow/example_dags/example_python_operator.py for tasks to queue
[2024-03-04T19:07:59.164+0530] {logging_mixin.py:188} INFO - [2024-03-04T19:07:59.164+0530] {dagbag.py:540} INFO - Filling up the DagBag from /home/taushif/.local/lib/python3.10/site-packages/airflow/example_dags/example_python_operator.py
[2024-03-04T19:07:59.176+0530] {logging_mixin.py:188} INFO - [2024-03-04T19:07:59.176+0530] {example_python_operator.py:88} WARNING - The virtalenv_python example task requires virtualenv, please install it.
[2024-03-04T19:07:59.177+0530] {processor.py:840} INFO - DAG(s) 'example_python_operator' retrieved from /home/taushif/.local/lib/python3.10/site-packages/airflow/example_dags/example_python_operator.py
[2024-03-04T19:07:59.346+0530] {logging_mixin.py:188} INFO - [2024-03-04T19:07:59.346+0530] {dag.py:3047} INFO - Sync 1 DAGs
[2024-03-04T19:07:59.353+0530] {logging_mixin.py:188} INFO - [2024-03-04T19:07:59.352+0530] {dag.py:3834} INFO - Setting next_dagrun for example_python_operator to None, run_after=None
[2024-03-04T19:07:59.374+0530] {processor.py:183} INFO - Processing /home/taushif/.local/lib/python3.10/site-packages/airflow/example_dags/example_python_operator.py took 0.214 seconds
[2024-03-04T19:08:47.991+0530] {processor.py:161} INFO - Started process (PID=136967) to work on /home/taushif/.local/lib/python3.10/site-packages/airflow/example_dags/example_python_operator.py
[2024-03-04T19:08:47.997+0530] {processor.py:830} INFO - Processing file /home/taushif/.local/lib/python3.10/site-packages/airflow/example_dags/example_python_operator.py for tasks to queue
[2024-03-04T19:08:47.999+0530] {logging_mixin.py:188} INFO - [2024-03-04T19:08:47.998+0530] {dagbag.py:540} INFO - Filling up the DagBag from /home/taushif/.local/lib/python3.10/site-packages/airflow/example_dags/example_python_operator.py
[2024-03-04T19:08:48.012+0530] {logging_mixin.py:188} INFO - [2024-03-04T19:08:48.011+0530] {example_python_operator.py:88} WARNING - The virtalenv_python example task requires virtualenv, please install it.
[2024-03-04T19:08:48.014+0530] {processor.py:840} INFO - DAG(s) 'example_python_operator' retrieved from /home/taushif/.local/lib/python3.10/site-packages/airflow/example_dags/example_python_operator.py
[2024-03-04T19:08:48.043+0530] {logging_mixin.py:188} INFO - [2024-03-04T19:08:48.043+0530] {dag.py:3047} INFO - Sync 1 DAGs
[2024-03-04T19:08:48.155+0530] {logging_mixin.py:188} INFO - [2024-03-04T19:08:48.154+0530] {dag.py:3834} INFO - Setting next_dagrun for example_python_operator to None, run_after=None
[2024-03-04T19:08:48.176+0530] {processor.py:183} INFO - Processing /home/taushif/.local/lib/python3.10/site-packages/airflow/example_dags/example_python_operator.py took 0.187 seconds
[2024-03-04T19:09:36.155+0530] {processor.py:161} INFO - Started process (PID=137642) to work on /home/taushif/.local/lib/python3.10/site-packages/airflow/example_dags/example_python_operator.py
[2024-03-04T19:09:36.160+0530] {processor.py:830} INFO - Processing file /home/taushif/.local/lib/python3.10/site-packages/airflow/example_dags/example_python_operator.py for tasks to queue
[2024-03-04T19:09:36.161+0530] {logging_mixin.py:188} INFO - [2024-03-04T19:09:36.161+0530] {dagbag.py:540} INFO - Filling up the DagBag from /home/taushif/.local/lib/python3.10/site-packages/airflow/example_dags/example_python_operator.py
[2024-03-04T19:09:36.167+0530] {logging_mixin.py:188} INFO - [2024-03-04T19:09:36.166+0530] {example_python_operator.py:88} WARNING - The virtalenv_python example task requires virtualenv, please install it.
[2024-03-04T19:09:36.167+0530] {processor.py:840} INFO - DAG(s) 'example_python_operator' retrieved from /home/taushif/.local/lib/python3.10/site-packages/airflow/example_dags/example_python_operator.py
[2024-03-04T19:09:36.177+0530] {logging_mixin.py:188} INFO - [2024-03-04T19:09:36.176+0530] {dag.py:3047} INFO - Sync 1 DAGs
[2024-03-04T19:09:36.183+0530] {logging_mixin.py:188} INFO - [2024-03-04T19:09:36.183+0530] {dag.py:3834} INFO - Setting next_dagrun for example_python_operator to None, run_after=None
[2024-03-04T19:09:36.198+0530] {processor.py:183} INFO - Processing /home/taushif/.local/lib/python3.10/site-packages/airflow/example_dags/example_python_operator.py took 0.045 seconds
[2024-03-04T19:10:20.297+0530] {processor.py:161} INFO - Started process (PID=138379) to work on /home/taushif/.local/lib/python3.10/site-packages/airflow/example_dags/example_python_operator.py
[2024-03-04T19:10:20.304+0530] {processor.py:830} INFO - Processing file /home/taushif/.local/lib/python3.10/site-packages/airflow/example_dags/example_python_operator.py for tasks to queue
[2024-03-04T19:10:20.305+0530] {logging_mixin.py:188} INFO - [2024-03-04T19:10:20.304+0530] {dagbag.py:540} INFO - Filling up the DagBag from /home/taushif/.local/lib/python3.10/site-packages/airflow/example_dags/example_python_operator.py
[2024-03-04T19:10:20.313+0530] {logging_mixin.py:188} INFO - [2024-03-04T19:10:20.313+0530] {example_python_operator.py:88} WARNING - The virtalenv_python example task requires virtualenv, please install it.
[2024-03-04T19:10:20.314+0530] {processor.py:840} INFO - DAG(s) 'example_python_operator' retrieved from /home/taushif/.local/lib/python3.10/site-packages/airflow/example_dags/example_python_operator.py
[2024-03-04T19:10:20.324+0530] {logging_mixin.py:188} INFO - [2024-03-04T19:10:20.324+0530] {dag.py:3047} INFO - Sync 1 DAGs
[2024-03-04T19:10:20.330+0530] {logging_mixin.py:188} INFO - [2024-03-04T19:10:20.330+0530] {dag.py:3834} INFO - Setting next_dagrun for example_python_operator to None, run_after=None
[2024-03-04T19:10:20.346+0530] {processor.py:183} INFO - Processing /home/taushif/.local/lib/python3.10/site-packages/airflow/example_dags/example_python_operator.py took 0.052 seconds
[2024-03-04T19:11:22.428+0530] {processor.py:161} INFO - Started process (PID=139322) to work on /home/taushif/.local/lib/python3.10/site-packages/airflow/example_dags/example_python_operator.py
[2024-03-04T19:11:22.434+0530] {processor.py:830} INFO - Processing file /home/taushif/.local/lib/python3.10/site-packages/airflow/example_dags/example_python_operator.py for tasks to queue
[2024-03-04T19:11:22.436+0530] {logging_mixin.py:188} INFO - [2024-03-04T19:11:22.435+0530] {dagbag.py:540} INFO - Filling up the DagBag from /home/taushif/.local/lib/python3.10/site-packages/airflow/example_dags/example_python_operator.py
[2024-03-04T19:11:22.446+0530] {logging_mixin.py:188} INFO - [2024-03-04T19:11:22.446+0530] {example_python_operator.py:88} WARNING - The virtalenv_python example task requires virtualenv, please install it.
[2024-03-04T19:11:22.447+0530] {processor.py:840} INFO - DAG(s) 'example_python_operator' retrieved from /home/taushif/.local/lib/python3.10/site-packages/airflow/example_dags/example_python_operator.py
[2024-03-04T19:11:22.462+0530] {logging_mixin.py:188} INFO - [2024-03-04T19:11:22.462+0530] {dag.py:3047} INFO - Sync 1 DAGs
[2024-03-04T19:11:22.468+0530] {logging_mixin.py:188} INFO - [2024-03-04T19:11:22.468+0530] {dag.py:3834} INFO - Setting next_dagrun for example_python_operator to None, run_after=None
[2024-03-04T19:11:22.481+0530] {processor.py:183} INFO - Processing /home/taushif/.local/lib/python3.10/site-packages/airflow/example_dags/example_python_operator.py took 0.057 seconds
[2024-03-04T19:12:06.179+0530] {processor.py:161} INFO - Started process (PID=139806) to work on /home/taushif/.local/lib/python3.10/site-packages/airflow/example_dags/example_python_operator.py
[2024-03-04T19:12:06.185+0530] {processor.py:830} INFO - Processing file /home/taushif/.local/lib/python3.10/site-packages/airflow/example_dags/example_python_operator.py for tasks to queue
[2024-03-04T19:12:06.186+0530] {logging_mixin.py:188} INFO - [2024-03-04T19:12:06.186+0530] {dagbag.py:540} INFO - Filling up the DagBag from /home/taushif/.local/lib/python3.10/site-packages/airflow/example_dags/example_python_operator.py
[2024-03-04T19:12:06.193+0530] {logging_mixin.py:188} INFO - [2024-03-04T19:12:06.193+0530] {example_python_operator.py:88} WARNING - The virtalenv_python example task requires virtualenv, please install it.
[2024-03-04T19:12:06.194+0530] {processor.py:840} INFO - DAG(s) 'example_python_operator' retrieved from /home/taushif/.local/lib/python3.10/site-packages/airflow/example_dags/example_python_operator.py
[2024-03-04T19:12:06.210+0530] {logging_mixin.py:188} INFO - [2024-03-04T19:12:06.210+0530] {dag.py:3047} INFO - Sync 1 DAGs
[2024-03-04T19:12:06.221+0530] {logging_mixin.py:188} INFO - [2024-03-04T19:12:06.221+0530] {dag.py:3834} INFO - Setting next_dagrun for example_python_operator to None, run_after=None
[2024-03-04T19:12:06.239+0530] {processor.py:183} INFO - Processing /home/taushif/.local/lib/python3.10/site-packages/airflow/example_dags/example_python_operator.py took 0.064 seconds
[2024-03-04T19:12:54.690+0530] {processor.py:161} INFO - Started process (PID=140301) to work on /home/taushif/.local/lib/python3.10/site-packages/airflow/example_dags/example_python_operator.py
[2024-03-04T19:12:54.696+0530] {processor.py:830} INFO - Processing file /home/taushif/.local/lib/python3.10/site-packages/airflow/example_dags/example_python_operator.py for tasks to queue
[2024-03-04T19:12:54.696+0530] {logging_mixin.py:188} INFO - [2024-03-04T19:12:54.696+0530] {dagbag.py:540} INFO - Filling up the DagBag from /home/taushif/.local/lib/python3.10/site-packages/airflow/example_dags/example_python_operator.py
[2024-03-04T19:12:54.700+0530] {logging_mixin.py:188} INFO - [2024-03-04T19:12:54.700+0530] {example_python_operator.py:88} WARNING - The virtalenv_python example task requires virtualenv, please install it.
[2024-03-04T19:12:54.701+0530] {processor.py:840} INFO - DAG(s) 'example_python_operator' retrieved from /home/taushif/.local/lib/python3.10/site-packages/airflow/example_dags/example_python_operator.py
[2024-03-04T19:12:54.714+0530] {logging_mixin.py:188} INFO - [2024-03-04T19:12:54.714+0530] {dag.py:3047} INFO - Sync 1 DAGs
[2024-03-04T19:12:54.721+0530] {logging_mixin.py:188} INFO - [2024-03-04T19:12:54.721+0530] {dag.py:3834} INFO - Setting next_dagrun for example_python_operator to None, run_after=None
[2024-03-04T19:12:54.738+0530] {processor.py:183} INFO - Processing /home/taushif/.local/lib/python3.10/site-packages/airflow/example_dags/example_python_operator.py took 0.051 seconds
[2024-03-04T19:13:43.100+0530] {processor.py:161} INFO - Started process (PID=140772) to work on /home/taushif/.local/lib/python3.10/site-packages/airflow/example_dags/example_python_operator.py
[2024-03-04T19:13:43.107+0530] {processor.py:830} INFO - Processing file /home/taushif/.local/lib/python3.10/site-packages/airflow/example_dags/example_python_operator.py for tasks to queue
[2024-03-04T19:13:43.108+0530] {logging_mixin.py:188} INFO - [2024-03-04T19:13:43.107+0530] {dagbag.py:540} INFO - Filling up the DagBag from /home/taushif/.local/lib/python3.10/site-packages/airflow/example_dags/example_python_operator.py
[2024-03-04T19:13:43.121+0530] {logging_mixin.py:188} INFO - [2024-03-04T19:13:43.120+0530] {example_python_operator.py:88} WARNING - The virtalenv_python example task requires virtualenv, please install it.
[2024-03-04T19:13:43.121+0530] {processor.py:840} INFO - DAG(s) 'example_python_operator' retrieved from /home/taushif/.local/lib/python3.10/site-packages/airflow/example_dags/example_python_operator.py
[2024-03-04T19:13:43.138+0530] {logging_mixin.py:188} INFO - [2024-03-04T19:13:43.138+0530] {dag.py:3047} INFO - Sync 1 DAGs
[2024-03-04T19:13:43.148+0530] {logging_mixin.py:188} INFO - [2024-03-04T19:13:43.148+0530] {dag.py:3834} INFO - Setting next_dagrun for example_python_operator to None, run_after=None
[2024-03-04T19:13:43.165+0530] {processor.py:183} INFO - Processing /home/taushif/.local/lib/python3.10/site-packages/airflow/example_dags/example_python_operator.py took 0.071 seconds
[2024-03-04T19:14:36.200+0530] {processor.py:161} INFO - Started process (PID=141291) to work on /home/taushif/.local/lib/python3.10/site-packages/airflow/example_dags/example_python_operator.py
[2024-03-04T19:14:36.206+0530] {processor.py:830} INFO - Processing file /home/taushif/.local/lib/python3.10/site-packages/airflow/example_dags/example_python_operator.py for tasks to queue
[2024-03-04T19:14:36.209+0530] {logging_mixin.py:188} INFO - [2024-03-04T19:14:36.207+0530] {dagbag.py:540} INFO - Filling up the DagBag from /home/taushif/.local/lib/python3.10/site-packages/airflow/example_dags/example_python_operator.py
[2024-03-04T19:14:36.218+0530] {logging_mixin.py:188} INFO - [2024-03-04T19:14:36.217+0530] {example_python_operator.py:88} WARNING - The virtalenv_python example task requires virtualenv, please install it.
[2024-03-04T19:14:36.219+0530] {processor.py:840} INFO - DAG(s) 'example_python_operator' retrieved from /home/taushif/.local/lib/python3.10/site-packages/airflow/example_dags/example_python_operator.py
[2024-03-04T19:14:36.237+0530] {logging_mixin.py:188} INFO - [2024-03-04T19:14:36.237+0530] {dag.py:3047} INFO - Sync 1 DAGs
[2024-03-04T19:14:36.250+0530] {logging_mixin.py:188} INFO - [2024-03-04T19:14:36.249+0530] {dag.py:3834} INFO - Setting next_dagrun for example_python_operator to None, run_after=None
[2024-03-04T19:14:36.278+0530] {processor.py:183} INFO - Processing /home/taushif/.local/lib/python3.10/site-packages/airflow/example_dags/example_python_operator.py took 0.082 seconds
[2024-03-04T19:15:25.769+0530] {processor.py:161} INFO - Started process (PID=141756) to work on /home/taushif/.local/lib/python3.10/site-packages/airflow/example_dags/example_python_operator.py
[2024-03-04T19:15:25.775+0530] {processor.py:830} INFO - Processing file /home/taushif/.local/lib/python3.10/site-packages/airflow/example_dags/example_python_operator.py for tasks to queue
[2024-03-04T19:15:25.776+0530] {logging_mixin.py:188} INFO - [2024-03-04T19:15:25.775+0530] {dagbag.py:540} INFO - Filling up the DagBag from /home/taushif/.local/lib/python3.10/site-packages/airflow/example_dags/example_python_operator.py
[2024-03-04T19:15:25.784+0530] {logging_mixin.py:188} INFO - [2024-03-04T19:15:25.784+0530] {example_python_operator.py:88} WARNING - The virtalenv_python example task requires virtualenv, please install it.
[2024-03-04T19:15:25.785+0530] {processor.py:840} INFO - DAG(s) 'example_python_operator' retrieved from /home/taushif/.local/lib/python3.10/site-packages/airflow/example_dags/example_python_operator.py
[2024-03-04T19:15:25.810+0530] {logging_mixin.py:188} INFO - [2024-03-04T19:15:25.809+0530] {dag.py:3047} INFO - Sync 1 DAGs
[2024-03-04T19:15:25.825+0530] {logging_mixin.py:188} INFO - [2024-03-04T19:15:25.824+0530] {dag.py:3834} INFO - Setting next_dagrun for example_python_operator to None, run_after=None
[2024-03-04T19:15:25.857+0530] {processor.py:183} INFO - Processing /home/taushif/.local/lib/python3.10/site-packages/airflow/example_dags/example_python_operator.py took 0.092 seconds
