[2024-03-04T19:08:16.249+0530] {processor.py:161} INFO - Started process (PID=136677) to work on /home/taushif/.local/lib/python3.10/site-packages/airflow/example_dags/example_bash_operator.py
[2024-03-04T19:08:16.250+0530] {processor.py:830} INFO - Processing file /home/taushif/.local/lib/python3.10/site-packages/airflow/example_dags/example_bash_operator.py for tasks to queue
[2024-03-04T19:08:16.250+0530] {logging_mixin.py:188} INFO - [2024-03-04T19:08:16.250+0530] {dagbag.py:540} INFO - Filling up the DagBag from /home/taushif/.local/lib/python3.10/site-packages/airflow/example_dags/example_bash_operator.py
[2024-03-04T19:08:16.257+0530] {processor.py:840} INFO - DAG(s) 'example_bash_operator' retrieved from /home/taushif/.local/lib/python3.10/site-packages/airflow/example_dags/example_bash_operator.py
[2024-03-04T19:08:16.381+0530] {logging_mixin.py:188} INFO - [2024-03-04T19:08:16.381+0530] {dag.py:3047} INFO - Sync 1 DAGs
[2024-03-04T19:08:16.393+0530] {logging_mixin.py:188} INFO - [2024-03-04T19:08:16.393+0530] {dag.py:3834} INFO - Setting next_dagrun for example_bash_operator to 2024-03-03 00:00:00+00:00, run_after=2024-03-04 00:00:00+00:00
[2024-03-04T19:08:16.412+0530] {processor.py:183} INFO - Processing /home/taushif/.local/lib/python3.10/site-packages/airflow/example_dags/example_bash_operator.py took 0.166 seconds
[2024-03-04T19:09:16.592+0530] {processor.py:161} INFO - Started process (PID=137368) to work on /home/taushif/.local/lib/python3.10/site-packages/airflow/example_dags/example_bash_operator.py
[2024-03-04T19:09:16.593+0530] {processor.py:830} INFO - Processing file /home/taushif/.local/lib/python3.10/site-packages/airflow/example_dags/example_bash_operator.py for tasks to queue
[2024-03-04T19:09:16.594+0530] {logging_mixin.py:188} INFO - [2024-03-04T19:09:16.593+0530] {dagbag.py:540} INFO - Filling up the DagBag from /home/taushif/.local/lib/python3.10/site-packages/airflow/example_dags/example_bash_operator.py
[2024-03-04T19:09:16.605+0530] {processor.py:840} INFO - DAG(s) 'example_bash_operator' retrieved from /home/taushif/.local/lib/python3.10/site-packages/airflow/example_dags/example_bash_operator.py
[2024-03-04T19:09:16.634+0530] {logging_mixin.py:188} INFO - [2024-03-04T19:09:16.633+0530] {dag.py:3047} INFO - Sync 1 DAGs
[2024-03-04T19:09:16.701+0530] {logging_mixin.py:188} INFO - [2024-03-04T19:09:16.701+0530] {dag.py:3834} INFO - Setting next_dagrun for example_bash_operator to 2024-03-03 00:00:00+00:00, run_after=2024-03-04 00:00:00+00:00
[2024-03-04T19:09:16.741+0530] {processor.py:183} INFO - Processing /home/taushif/.local/lib/python3.10/site-packages/airflow/example_dags/example_bash_operator.py took 0.152 seconds
[2024-03-04T19:10:22.572+0530] {processor.py:161} INFO - Started process (PID=138428) to work on /home/taushif/.local/lib/python3.10/site-packages/airflow/example_dags/example_bash_operator.py
[2024-03-04T19:10:22.578+0530] {processor.py:830} INFO - Processing file /home/taushif/.local/lib/python3.10/site-packages/airflow/example_dags/example_bash_operator.py for tasks to queue
[2024-03-04T19:10:22.578+0530] {logging_mixin.py:188} INFO - [2024-03-04T19:10:22.578+0530] {dagbag.py:540} INFO - Filling up the DagBag from /home/taushif/.local/lib/python3.10/site-packages/airflow/example_dags/example_bash_operator.py
[2024-03-04T19:10:22.589+0530] {processor.py:840} INFO - DAG(s) 'example_bash_operator' retrieved from /home/taushif/.local/lib/python3.10/site-packages/airflow/example_dags/example_bash_operator.py
[2024-03-04T19:10:22.609+0530] {logging_mixin.py:188} INFO - [2024-03-04T19:10:22.609+0530] {dag.py:3047} INFO - Sync 1 DAGs
[2024-03-04T19:10:22.622+0530] {logging_mixin.py:188} INFO - [2024-03-04T19:10:22.621+0530] {dag.py:3834} INFO - Setting next_dagrun for example_bash_operator to 2024-03-03 00:00:00+00:00, run_after=2024-03-04 00:00:00+00:00
[2024-03-04T19:10:22.635+0530] {processor.py:183} INFO - Processing /home/taushif/.local/lib/python3.10/site-packages/airflow/example_dags/example_bash_operator.py took 0.065 seconds
[2024-03-04T19:11:27.007+0530] {processor.py:161} INFO - Started process (PID=139357) to work on /home/taushif/.local/lib/python3.10/site-packages/airflow/example_dags/example_bash_operator.py
[2024-03-04T19:11:27.013+0530] {processor.py:830} INFO - Processing file /home/taushif/.local/lib/python3.10/site-packages/airflow/example_dags/example_bash_operator.py for tasks to queue
[2024-03-04T19:11:27.014+0530] {logging_mixin.py:188} INFO - [2024-03-04T19:11:27.014+0530] {dagbag.py:540} INFO - Filling up the DagBag from /home/taushif/.local/lib/python3.10/site-packages/airflow/example_dags/example_bash_operator.py
[2024-03-04T19:11:27.028+0530] {processor.py:840} INFO - DAG(s) 'example_bash_operator' retrieved from /home/taushif/.local/lib/python3.10/site-packages/airflow/example_dags/example_bash_operator.py
[2024-03-04T19:11:27.044+0530] {logging_mixin.py:188} INFO - [2024-03-04T19:11:27.043+0530] {dag.py:3047} INFO - Sync 1 DAGs
[2024-03-04T19:11:27.056+0530] {logging_mixin.py:188} INFO - [2024-03-04T19:11:27.056+0530] {dag.py:3834} INFO - Setting next_dagrun for example_bash_operator to 2024-03-03 00:00:00+00:00, run_after=2024-03-04 00:00:00+00:00
[2024-03-04T19:11:27.070+0530] {processor.py:183} INFO - Processing /home/taushif/.local/lib/python3.10/site-packages/airflow/example_dags/example_bash_operator.py took 0.067 seconds
[2024-03-04T19:12:22.469+0530] {processor.py:161} INFO - Started process (PID=139958) to work on /home/taushif/.local/lib/python3.10/site-packages/airflow/example_dags/example_bash_operator.py
[2024-03-04T19:12:22.475+0530] {processor.py:830} INFO - Processing file /home/taushif/.local/lib/python3.10/site-packages/airflow/example_dags/example_bash_operator.py for tasks to queue
[2024-03-04T19:12:22.476+0530] {logging_mixin.py:188} INFO - [2024-03-04T19:12:22.476+0530] {dagbag.py:540} INFO - Filling up the DagBag from /home/taushif/.local/lib/python3.10/site-packages/airflow/example_dags/example_bash_operator.py
[2024-03-04T19:12:22.505+0530] {processor.py:840} INFO - DAG(s) 'example_bash_operator' retrieved from /home/taushif/.local/lib/python3.10/site-packages/airflow/example_dags/example_bash_operator.py
[2024-03-04T19:12:22.545+0530] {logging_mixin.py:188} INFO - [2024-03-04T19:12:22.545+0530] {dag.py:3047} INFO - Sync 1 DAGs
[2024-03-04T19:12:22.572+0530] {logging_mixin.py:188} INFO - [2024-03-04T19:12:22.572+0530] {dag.py:3834} INFO - Setting next_dagrun for example_bash_operator to 2024-03-03 00:00:00+00:00, run_after=2024-03-04 00:00:00+00:00
[2024-03-04T19:12:22.586+0530] {processor.py:183} INFO - Processing /home/taushif/.local/lib/python3.10/site-packages/airflow/example_dags/example_bash_operator.py took 0.121 seconds
[2024-03-04T19:13:08.247+0530] {processor.py:161} INFO - Started process (PID=140442) to work on /home/taushif/.local/lib/python3.10/site-packages/airflow/example_dags/example_bash_operator.py
[2024-03-04T19:13:08.254+0530] {processor.py:830} INFO - Processing file /home/taushif/.local/lib/python3.10/site-packages/airflow/example_dags/example_bash_operator.py for tasks to queue
[2024-03-04T19:13:08.255+0530] {logging_mixin.py:188} INFO - [2024-03-04T19:13:08.255+0530] {dagbag.py:540} INFO - Filling up the DagBag from /home/taushif/.local/lib/python3.10/site-packages/airflow/example_dags/example_bash_operator.py
[2024-03-04T19:13:08.273+0530] {processor.py:840} INFO - DAG(s) 'example_bash_operator' retrieved from /home/taushif/.local/lib/python3.10/site-packages/airflow/example_dags/example_bash_operator.py
[2024-03-04T19:13:08.293+0530] {logging_mixin.py:188} INFO - [2024-03-04T19:13:08.293+0530] {dag.py:3047} INFO - Sync 1 DAGs
[2024-03-04T19:13:08.309+0530] {logging_mixin.py:188} INFO - [2024-03-04T19:13:08.308+0530] {dag.py:3834} INFO - Setting next_dagrun for example_bash_operator to 2024-03-03 00:00:00+00:00, run_after=2024-03-04 00:00:00+00:00
[2024-03-04T19:13:08.327+0530] {processor.py:183} INFO - Processing /home/taushif/.local/lib/python3.10/site-packages/airflow/example_dags/example_bash_operator.py took 0.086 seconds
[2024-03-04T19:13:58.541+0530] {processor.py:161} INFO - Started process (PID=140932) to work on /home/taushif/.local/lib/python3.10/site-packages/airflow/example_dags/example_bash_operator.py
[2024-03-04T19:13:58.548+0530] {processor.py:830} INFO - Processing file /home/taushif/.local/lib/python3.10/site-packages/airflow/example_dags/example_bash_operator.py for tasks to queue
[2024-03-04T19:13:58.550+0530] {logging_mixin.py:188} INFO - [2024-03-04T19:13:58.549+0530] {dagbag.py:540} INFO - Filling up the DagBag from /home/taushif/.local/lib/python3.10/site-packages/airflow/example_dags/example_bash_operator.py
[2024-03-04T19:13:58.567+0530] {processor.py:840} INFO - DAG(s) 'example_bash_operator' retrieved from /home/taushif/.local/lib/python3.10/site-packages/airflow/example_dags/example_bash_operator.py
[2024-03-04T19:13:58.587+0530] {logging_mixin.py:188} INFO - [2024-03-04T19:13:58.587+0530] {dag.py:3047} INFO - Sync 1 DAGs
[2024-03-04T19:13:58.603+0530] {logging_mixin.py:188} INFO - [2024-03-04T19:13:58.603+0530] {dag.py:3834} INFO - Setting next_dagrun for example_bash_operator to 2024-03-03 00:00:00+00:00, run_after=2024-03-04 00:00:00+00:00
[2024-03-04T19:13:58.622+0530] {processor.py:183} INFO - Processing /home/taushif/.local/lib/python3.10/site-packages/airflow/example_dags/example_bash_operator.py took 0.085 seconds
[2024-03-04T19:14:51.709+0530] {processor.py:161} INFO - Started process (PID=141423) to work on /home/taushif/.local/lib/python3.10/site-packages/airflow/example_dags/example_bash_operator.py
[2024-03-04T19:14:51.715+0530] {processor.py:830} INFO - Processing file /home/taushif/.local/lib/python3.10/site-packages/airflow/example_dags/example_bash_operator.py for tasks to queue
[2024-03-04T19:14:51.716+0530] {logging_mixin.py:188} INFO - [2024-03-04T19:14:51.716+0530] {dagbag.py:540} INFO - Filling up the DagBag from /home/taushif/.local/lib/python3.10/site-packages/airflow/example_dags/example_bash_operator.py
[2024-03-04T19:14:51.728+0530] {processor.py:840} INFO - DAG(s) 'example_bash_operator' retrieved from /home/taushif/.local/lib/python3.10/site-packages/airflow/example_dags/example_bash_operator.py
[2024-03-04T19:14:51.745+0530] {logging_mixin.py:188} INFO - [2024-03-04T19:14:51.745+0530] {dag.py:3047} INFO - Sync 1 DAGs
[2024-03-04T19:14:51.762+0530] {logging_mixin.py:188} INFO - [2024-03-04T19:14:51.761+0530] {dag.py:3834} INFO - Setting next_dagrun for example_bash_operator to 2024-03-03 00:00:00+00:00, run_after=2024-03-04 00:00:00+00:00
[2024-03-04T19:14:51.779+0530] {processor.py:183} INFO - Processing /home/taushif/.local/lib/python3.10/site-packages/airflow/example_dags/example_bash_operator.py took 0.073 seconds
[2024-03-04T19:15:41.865+0530] {processor.py:161} INFO - Started process (PID=141893) to work on /home/taushif/.local/lib/python3.10/site-packages/airflow/example_dags/example_bash_operator.py
[2024-03-04T19:15:41.871+0530] {processor.py:830} INFO - Processing file /home/taushif/.local/lib/python3.10/site-packages/airflow/example_dags/example_bash_operator.py for tasks to queue
[2024-03-04T19:15:41.873+0530] {logging_mixin.py:188} INFO - [2024-03-04T19:15:41.872+0530] {dagbag.py:540} INFO - Filling up the DagBag from /home/taushif/.local/lib/python3.10/site-packages/airflow/example_dags/example_bash_operator.py
[2024-03-04T19:15:41.886+0530] {processor.py:840} INFO - DAG(s) 'example_bash_operator' retrieved from /home/taushif/.local/lib/python3.10/site-packages/airflow/example_dags/example_bash_operator.py
[2024-03-04T19:15:41.900+0530] {logging_mixin.py:188} INFO - [2024-03-04T19:15:41.900+0530] {dag.py:3047} INFO - Sync 1 DAGs
[2024-03-04T19:15:41.914+0530] {logging_mixin.py:188} INFO - [2024-03-04T19:15:41.914+0530] {dag.py:3834} INFO - Setting next_dagrun for example_bash_operator to 2024-03-03 00:00:00+00:00, run_after=2024-03-04 00:00:00+00:00
[2024-03-04T19:15:41.930+0530] {processor.py:183} INFO - Processing /home/taushif/.local/lib/python3.10/site-packages/airflow/example_dags/example_bash_operator.py took 0.068 seconds
