[2024-03-04T19:07:47.147+0530] {processor.py:161} INFO - Started process (PID=136374) to work on /home/taushif/.local/lib/python3.10/site-packages/airflow/example_dags/example_setup_teardown.py
[2024-03-04T19:07:47.147+0530] {processor.py:830} INFO - Processing file /home/taushif/.local/lib/python3.10/site-packages/airflow/example_dags/example_setup_teardown.py for tasks to queue
[2024-03-04T19:07:47.148+0530] {logging_mixin.py:188} INFO - [2024-03-04T19:07:47.148+0530] {dagbag.py:540} INFO - Filling up the DagBag from /home/taushif/.local/lib/python3.10/site-packages/airflow/example_dags/example_setup_teardown.py
[2024-03-04T19:07:47.155+0530] {processor.py:840} INFO - DAG(s) 'example_setup_teardown' retrieved from /home/taushif/.local/lib/python3.10/site-packages/airflow/example_dags/example_setup_teardown.py
[2024-03-04T19:07:47.296+0530] {logging_mixin.py:188} INFO - [2024-03-04T19:07:47.296+0530] {dag.py:3047} INFO - Sync 1 DAGs
[2024-03-04T19:07:47.307+0530] {logging_mixin.py:188} INFO - [2024-03-04T19:07:47.306+0530] {dag.py:3834} INFO - Setting next_dagrun for example_setup_teardown to 2024-03-03 00:00:00+00:00, run_after=2024-03-04 00:00:00+00:00
[2024-03-04T19:07:47.326+0530] {processor.py:183} INFO - Processing /home/taushif/.local/lib/python3.10/site-packages/airflow/example_dags/example_setup_teardown.py took 0.182 seconds
[2024-03-04T19:08:37.080+0530] {processor.py:161} INFO - Started process (PID=136867) to work on /home/taushif/.local/lib/python3.10/site-packages/airflow/example_dags/example_setup_teardown.py
[2024-03-04T19:08:37.087+0530] {processor.py:830} INFO - Processing file /home/taushif/.local/lib/python3.10/site-packages/airflow/example_dags/example_setup_teardown.py for tasks to queue
[2024-03-04T19:08:37.088+0530] {logging_mixin.py:188} INFO - [2024-03-04T19:08:37.088+0530] {dagbag.py:540} INFO - Filling up the DagBag from /home/taushif/.local/lib/python3.10/site-packages/airflow/example_dags/example_setup_teardown.py
[2024-03-04T19:08:37.103+0530] {processor.py:840} INFO - DAG(s) 'example_setup_teardown' retrieved from /home/taushif/.local/lib/python3.10/site-packages/airflow/example_dags/example_setup_teardown.py
[2024-03-04T19:08:37.122+0530] {logging_mixin.py:188} INFO - [2024-03-04T19:08:37.122+0530] {dag.py:3047} INFO - Sync 1 DAGs
[2024-03-04T19:08:37.224+0530] {logging_mixin.py:188} INFO - [2024-03-04T19:08:37.224+0530] {dag.py:3834} INFO - Setting next_dagrun for example_setup_teardown to 2024-03-03 00:00:00+00:00, run_after=2024-03-04 00:00:00+00:00
[2024-03-04T19:08:37.251+0530] {processor.py:183} INFO - Processing /home/taushif/.local/lib/python3.10/site-packages/airflow/example_dags/example_setup_teardown.py took 0.177 seconds
[2024-03-04T19:09:27.066+0530] {processor.py:161} INFO - Started process (PID=137524) to work on /home/taushif/.local/lib/python3.10/site-packages/airflow/example_dags/example_setup_teardown.py
[2024-03-04T19:09:27.072+0530] {processor.py:830} INFO - Processing file /home/taushif/.local/lib/python3.10/site-packages/airflow/example_dags/example_setup_teardown.py for tasks to queue
[2024-03-04T19:09:27.073+0530] {logging_mixin.py:188} INFO - [2024-03-04T19:09:27.073+0530] {dagbag.py:540} INFO - Filling up the DagBag from /home/taushif/.local/lib/python3.10/site-packages/airflow/example_dags/example_setup_teardown.py
[2024-03-04T19:09:27.082+0530] {processor.py:840} INFO - DAG(s) 'example_setup_teardown' retrieved from /home/taushif/.local/lib/python3.10/site-packages/airflow/example_dags/example_setup_teardown.py
[2024-03-04T19:09:27.104+0530] {logging_mixin.py:188} INFO - [2024-03-04T19:09:27.103+0530] {dag.py:3047} INFO - Sync 1 DAGs
[2024-03-04T19:09:27.130+0530] {logging_mixin.py:188} INFO - [2024-03-04T19:09:27.130+0530] {dag.py:3834} INFO - Setting next_dagrun for example_setup_teardown to 2024-03-03 00:00:00+00:00, run_after=2024-03-04 00:00:00+00:00
[2024-03-04T19:09:27.158+0530] {processor.py:183} INFO - Processing /home/taushif/.local/lib/python3.10/site-packages/airflow/example_dags/example_setup_teardown.py took 0.095 seconds
[2024-03-04T19:10:09.981+0530] {processor.py:161} INFO - Started process (PID=138227) to work on /home/taushif/.local/lib/python3.10/site-packages/airflow/example_dags/example_setup_teardown.py
[2024-03-04T19:10:09.982+0530] {processor.py:830} INFO - Processing file /home/taushif/.local/lib/python3.10/site-packages/airflow/example_dags/example_setup_teardown.py for tasks to queue
[2024-03-04T19:10:09.983+0530] {logging_mixin.py:188} INFO - [2024-03-04T19:10:09.982+0530] {dagbag.py:540} INFO - Filling up the DagBag from /home/taushif/.local/lib/python3.10/site-packages/airflow/example_dags/example_setup_teardown.py
[2024-03-04T19:10:09.995+0530] {processor.py:840} INFO - DAG(s) 'example_setup_teardown' retrieved from /home/taushif/.local/lib/python3.10/site-packages/airflow/example_dags/example_setup_teardown.py
[2024-03-04T19:10:10.013+0530] {logging_mixin.py:188} INFO - [2024-03-04T19:10:10.012+0530] {dag.py:3047} INFO - Sync 1 DAGs
[2024-03-04T19:10:10.036+0530] {logging_mixin.py:188} INFO - [2024-03-04T19:10:10.035+0530] {dag.py:3834} INFO - Setting next_dagrun for example_setup_teardown to 2024-03-03 00:00:00+00:00, run_after=2024-03-04 00:00:00+00:00
[2024-03-04T19:10:10.060+0530] {processor.py:183} INFO - Processing /home/taushif/.local/lib/python3.10/site-packages/airflow/example_dags/example_setup_teardown.py took 0.081 seconds
[2024-03-04T19:10:50.060+0530] {processor.py:161} INFO - Started process (PID=138766) to work on /home/taushif/.local/lib/python3.10/site-packages/airflow/example_dags/example_setup_teardown.py
[2024-03-04T19:10:50.066+0530] {processor.py:830} INFO - Processing file /home/taushif/.local/lib/python3.10/site-packages/airflow/example_dags/example_setup_teardown.py for tasks to queue
[2024-03-04T19:10:50.067+0530] {logging_mixin.py:188} INFO - [2024-03-04T19:10:50.067+0530] {dagbag.py:540} INFO - Filling up the DagBag from /home/taushif/.local/lib/python3.10/site-packages/airflow/example_dags/example_setup_teardown.py
[2024-03-04T19:10:50.073+0530] {processor.py:840} INFO - DAG(s) 'example_setup_teardown' retrieved from /home/taushif/.local/lib/python3.10/site-packages/airflow/example_dags/example_setup_teardown.py
[2024-03-04T19:10:50.084+0530] {logging_mixin.py:188} INFO - [2024-03-04T19:10:50.084+0530] {dag.py:3047} INFO - Sync 1 DAGs
[2024-03-04T19:10:50.099+0530] {logging_mixin.py:188} INFO - [2024-03-04T19:10:50.099+0530] {dag.py:3834} INFO - Setting next_dagrun for example_setup_teardown to 2024-03-03 00:00:00+00:00, run_after=2024-03-04 00:00:00+00:00
[2024-03-04T19:10:50.113+0530] {processor.py:183} INFO - Processing /home/taushif/.local/lib/python3.10/site-packages/airflow/example_dags/example_setup_teardown.py took 0.058 seconds
[2024-03-04T19:11:39.026+0530] {processor.py:161} INFO - Started process (PID=139501) to work on /home/taushif/.local/lib/python3.10/site-packages/airflow/example_dags/example_setup_teardown.py
[2024-03-04T19:11:39.027+0530] {processor.py:830} INFO - Processing file /home/taushif/.local/lib/python3.10/site-packages/airflow/example_dags/example_setup_teardown.py for tasks to queue
[2024-03-04T19:11:39.029+0530] {logging_mixin.py:188} INFO - [2024-03-04T19:11:39.028+0530] {dagbag.py:540} INFO - Filling up the DagBag from /home/taushif/.local/lib/python3.10/site-packages/airflow/example_dags/example_setup_teardown.py
[2024-03-04T19:11:39.038+0530] {processor.py:840} INFO - DAG(s) 'example_setup_teardown' retrieved from /home/taushif/.local/lib/python3.10/site-packages/airflow/example_dags/example_setup_teardown.py
[2024-03-04T19:11:39.079+0530] {logging_mixin.py:188} INFO - [2024-03-04T19:11:39.078+0530] {dag.py:3047} INFO - Sync 1 DAGs
[2024-03-04T19:11:39.115+0530] {logging_mixin.py:188} INFO - [2024-03-04T19:11:39.114+0530] {dag.py:3834} INFO - Setting next_dagrun for example_setup_teardown to 2024-03-03 00:00:00+00:00, run_after=2024-03-04 00:00:00+00:00
[2024-03-04T19:11:39.140+0530] {processor.py:183} INFO - Processing /home/taushif/.local/lib/python3.10/site-packages/airflow/example_dags/example_setup_teardown.py took 0.118 seconds
[2024-03-04T19:12:15.431+0530] {processor.py:161} INFO - Started process (PID=139881) to work on /home/taushif/.local/lib/python3.10/site-packages/airflow/example_dags/example_setup_teardown.py
[2024-03-04T19:12:15.438+0530] {processor.py:830} INFO - Processing file /home/taushif/.local/lib/python3.10/site-packages/airflow/example_dags/example_setup_teardown.py for tasks to queue
[2024-03-04T19:12:15.439+0530] {logging_mixin.py:188} INFO - [2024-03-04T19:12:15.439+0530] {dagbag.py:540} INFO - Filling up the DagBag from /home/taushif/.local/lib/python3.10/site-packages/airflow/example_dags/example_setup_teardown.py
[2024-03-04T19:12:15.449+0530] {processor.py:840} INFO - DAG(s) 'example_setup_teardown' retrieved from /home/taushif/.local/lib/python3.10/site-packages/airflow/example_dags/example_setup_teardown.py
[2024-03-04T19:12:15.464+0530] {logging_mixin.py:188} INFO - [2024-03-04T19:12:15.464+0530] {dag.py:3047} INFO - Sync 1 DAGs
[2024-03-04T19:12:15.483+0530] {logging_mixin.py:188} INFO - [2024-03-04T19:12:15.483+0530] {dag.py:3834} INFO - Setting next_dagrun for example_setup_teardown to 2024-03-03 00:00:00+00:00, run_after=2024-03-04 00:00:00+00:00
[2024-03-04T19:12:15.506+0530] {processor.py:183} INFO - Processing /home/taushif/.local/lib/python3.10/site-packages/airflow/example_dags/example_setup_teardown.py took 0.080 seconds
[2024-03-04T19:13:01.938+0530] {processor.py:161} INFO - Started process (PID=140372) to work on /home/taushif/.local/lib/python3.10/site-packages/airflow/example_dags/example_setup_teardown.py
[2024-03-04T19:13:01.945+0530] {processor.py:830} INFO - Processing file /home/taushif/.local/lib/python3.10/site-packages/airflow/example_dags/example_setup_teardown.py for tasks to queue
[2024-03-04T19:13:01.950+0530] {logging_mixin.py:188} INFO - [2024-03-04T19:13:01.948+0530] {dagbag.py:540} INFO - Filling up the DagBag from /home/taushif/.local/lib/python3.10/site-packages/airflow/example_dags/example_setup_teardown.py
[2024-03-04T19:13:01.965+0530] {processor.py:840} INFO - DAG(s) 'example_setup_teardown' retrieved from /home/taushif/.local/lib/python3.10/site-packages/airflow/example_dags/example_setup_teardown.py
[2024-03-04T19:13:01.982+0530] {logging_mixin.py:188} INFO - [2024-03-04T19:13:01.982+0530] {dag.py:3047} INFO - Sync 1 DAGs
[2024-03-04T19:13:02.002+0530] {logging_mixin.py:188} INFO - [2024-03-04T19:13:02.001+0530] {dag.py:3834} INFO - Setting next_dagrun for example_setup_teardown to 2024-03-03 00:00:00+00:00, run_after=2024-03-04 00:00:00+00:00
[2024-03-04T19:13:02.024+0530] {processor.py:183} INFO - Processing /home/taushif/.local/lib/python3.10/site-packages/airflow/example_dags/example_setup_teardown.py took 0.090 seconds
[2024-03-04T19:13:37.946+0530] {processor.py:161} INFO - Started process (PID=140733) to work on /home/taushif/.local/lib/python3.10/site-packages/airflow/example_dags/example_setup_teardown.py
[2024-03-04T19:13:37.952+0530] {processor.py:830} INFO - Processing file /home/taushif/.local/lib/python3.10/site-packages/airflow/example_dags/example_setup_teardown.py for tasks to queue
[2024-03-04T19:13:37.954+0530] {logging_mixin.py:188} INFO - [2024-03-04T19:13:37.953+0530] {dagbag.py:540} INFO - Filling up the DagBag from /home/taushif/.local/lib/python3.10/site-packages/airflow/example_dags/example_setup_teardown.py
[2024-03-04T19:13:37.965+0530] {processor.py:840} INFO - DAG(s) 'example_setup_teardown' retrieved from /home/taushif/.local/lib/python3.10/site-packages/airflow/example_dags/example_setup_teardown.py
[2024-03-04T19:13:37.984+0530] {logging_mixin.py:188} INFO - [2024-03-04T19:13:37.984+0530] {dag.py:3047} INFO - Sync 1 DAGs
[2024-03-04T19:13:38.002+0530] {logging_mixin.py:188} INFO - [2024-03-04T19:13:38.002+0530] {dag.py:3834} INFO - Setting next_dagrun for example_setup_teardown to 2024-03-03 00:00:00+00:00, run_after=2024-03-04 00:00:00+00:00
[2024-03-04T19:13:38.020+0530] {processor.py:183} INFO - Processing /home/taushif/.local/lib/python3.10/site-packages/airflow/example_dags/example_setup_teardown.py took 0.077 seconds
[2024-03-04T19:14:29.489+0530] {processor.py:161} INFO - Started process (PID=141220) to work on /home/taushif/.local/lib/python3.10/site-packages/airflow/example_dags/example_setup_teardown.py
[2024-03-04T19:14:29.496+0530] {processor.py:830} INFO - Processing file /home/taushif/.local/lib/python3.10/site-packages/airflow/example_dags/example_setup_teardown.py for tasks to queue
[2024-03-04T19:14:29.498+0530] {logging_mixin.py:188} INFO - [2024-03-04T19:14:29.497+0530] {dagbag.py:540} INFO - Filling up the DagBag from /home/taushif/.local/lib/python3.10/site-packages/airflow/example_dags/example_setup_teardown.py
[2024-03-04T19:14:29.511+0530] {processor.py:840} INFO - DAG(s) 'example_setup_teardown' retrieved from /home/taushif/.local/lib/python3.10/site-packages/airflow/example_dags/example_setup_teardown.py
[2024-03-04T19:14:29.527+0530] {logging_mixin.py:188} INFO - [2024-03-04T19:14:29.527+0530] {dag.py:3047} INFO - Sync 1 DAGs
[2024-03-04T19:14:29.543+0530] {logging_mixin.py:188} INFO - [2024-03-04T19:14:29.543+0530] {dag.py:3834} INFO - Setting next_dagrun for example_setup_teardown to 2024-03-03 00:00:00+00:00, run_after=2024-03-04 00:00:00+00:00
[2024-03-04T19:14:29.562+0530] {processor.py:183} INFO - Processing /home/taushif/.local/lib/python3.10/site-packages/airflow/example_dags/example_setup_teardown.py took 0.079 seconds
[2024-03-04T19:15:17.914+0530] {processor.py:161} INFO - Started process (PID=141671) to work on /home/taushif/.local/lib/python3.10/site-packages/airflow/example_dags/example_setup_teardown.py
[2024-03-04T19:15:17.920+0530] {processor.py:830} INFO - Processing file /home/taushif/.local/lib/python3.10/site-packages/airflow/example_dags/example_setup_teardown.py for tasks to queue
[2024-03-04T19:15:17.921+0530] {logging_mixin.py:188} INFO - [2024-03-04T19:15:17.921+0530] {dagbag.py:540} INFO - Filling up the DagBag from /home/taushif/.local/lib/python3.10/site-packages/airflow/example_dags/example_setup_teardown.py
[2024-03-04T19:15:17.930+0530] {processor.py:840} INFO - DAG(s) 'example_setup_teardown' retrieved from /home/taushif/.local/lib/python3.10/site-packages/airflow/example_dags/example_setup_teardown.py
[2024-03-04T19:15:17.940+0530] {logging_mixin.py:188} INFO - [2024-03-04T19:15:17.939+0530] {dag.py:3047} INFO - Sync 1 DAGs
[2024-03-04T19:15:17.951+0530] {logging_mixin.py:188} INFO - [2024-03-04T19:15:17.951+0530] {dag.py:3834} INFO - Setting next_dagrun for example_setup_teardown to 2024-03-03 00:00:00+00:00, run_after=2024-03-04 00:00:00+00:00
[2024-03-04T19:15:17.964+0530] {processor.py:183} INFO - Processing /home/taushif/.local/lib/python3.10/site-packages/airflow/example_dags/example_setup_teardown.py took 0.053 seconds
