[2024-03-04T19:07:57.910+0530] {processor.py:161} INFO - Started process (PID=136490) to work on /home/taushif/.local/lib/python3.10/site-packages/airflow/example_dags/example_task_group.py
[2024-03-04T19:07:57.911+0530] {processor.py:830} INFO - Processing file /home/taushif/.local/lib/python3.10/site-packages/airflow/example_dags/example_task_group.py for tasks to queue
[2024-03-04T19:07:57.912+0530] {logging_mixin.py:188} INFO - [2024-03-04T19:07:57.912+0530] {dagbag.py:540} INFO - Filling up the DagBag from /home/taushif/.local/lib/python3.10/site-packages/airflow/example_dags/example_task_group.py
[2024-03-04T19:07:57.919+0530] {processor.py:840} INFO - DAG(s) 'example_task_group' retrieved from /home/taushif/.local/lib/python3.10/site-packages/airflow/example_dags/example_task_group.py
[2024-03-04T19:07:58.050+0530] {logging_mixin.py:188} INFO - [2024-03-04T19:07:58.049+0530] {dag.py:3047} INFO - Sync 1 DAGs
[2024-03-04T19:07:58.060+0530] {logging_mixin.py:188} INFO - [2024-03-04T19:07:58.060+0530] {dag.py:3834} INFO - Setting next_dagrun for example_task_group to 2024-03-03 00:00:00+00:00, run_after=2024-03-04 00:00:00+00:00
[2024-03-04T19:07:58.077+0530] {processor.py:183} INFO - Processing /home/taushif/.local/lib/python3.10/site-packages/airflow/example_dags/example_task_group.py took 0.170 seconds
[2024-03-04T19:08:47.555+0530] {processor.py:161} INFO - Started process (PID=136966) to work on /home/taushif/.local/lib/python3.10/site-packages/airflow/example_dags/example_task_group.py
[2024-03-04T19:08:47.560+0530] {processor.py:830} INFO - Processing file /home/taushif/.local/lib/python3.10/site-packages/airflow/example_dags/example_task_group.py for tasks to queue
[2024-03-04T19:08:47.561+0530] {logging_mixin.py:188} INFO - [2024-03-04T19:08:47.561+0530] {dagbag.py:540} INFO - Filling up the DagBag from /home/taushif/.local/lib/python3.10/site-packages/airflow/example_dags/example_task_group.py
[2024-03-04T19:08:47.574+0530] {processor.py:840} INFO - DAG(s) 'example_task_group' retrieved from /home/taushif/.local/lib/python3.10/site-packages/airflow/example_dags/example_task_group.py
[2024-03-04T19:08:47.592+0530] {logging_mixin.py:188} INFO - [2024-03-04T19:08:47.591+0530] {dag.py:3047} INFO - Sync 1 DAGs
[2024-03-04T19:08:47.697+0530] {logging_mixin.py:188} INFO - [2024-03-04T19:08:47.697+0530] {dag.py:3834} INFO - Setting next_dagrun for example_task_group to 2024-03-03 00:00:00+00:00, run_after=2024-03-04 00:00:00+00:00
[2024-03-04T19:08:47.722+0530] {processor.py:183} INFO - Processing /home/taushif/.local/lib/python3.10/site-packages/airflow/example_dags/example_task_group.py took 0.170 seconds
[2024-03-04T19:09:35.022+0530] {processor.py:161} INFO - Started process (PID=137641) to work on /home/taushif/.local/lib/python3.10/site-packages/airflow/example_dags/example_task_group.py
[2024-03-04T19:09:35.029+0530] {processor.py:830} INFO - Processing file /home/taushif/.local/lib/python3.10/site-packages/airflow/example_dags/example_task_group.py for tasks to queue
[2024-03-04T19:09:35.030+0530] {logging_mixin.py:188} INFO - [2024-03-04T19:09:35.029+0530] {dagbag.py:540} INFO - Filling up the DagBag from /home/taushif/.local/lib/python3.10/site-packages/airflow/example_dags/example_task_group.py
[2024-03-04T19:09:35.037+0530] {processor.py:840} INFO - DAG(s) 'example_task_group' retrieved from /home/taushif/.local/lib/python3.10/site-packages/airflow/example_dags/example_task_group.py
[2024-03-04T19:09:35.050+0530] {logging_mixin.py:188} INFO - [2024-03-04T19:09:35.050+0530] {dag.py:3047} INFO - Sync 1 DAGs
[2024-03-04T19:09:35.071+0530] {logging_mixin.py:188} INFO - [2024-03-04T19:09:35.071+0530] {dag.py:3834} INFO - Setting next_dagrun for example_task_group to 2024-03-03 00:00:00+00:00, run_after=2024-03-04 00:00:00+00:00
[2024-03-04T19:09:35.095+0530] {processor.py:183} INFO - Processing /home/taushif/.local/lib/python3.10/site-packages/airflow/example_dags/example_task_group.py took 0.078 seconds
[2024-03-04T19:10:19.146+0530] {processor.py:161} INFO - Started process (PID=138363) to work on /home/taushif/.local/lib/python3.10/site-packages/airflow/example_dags/example_task_group.py
[2024-03-04T19:10:19.152+0530] {processor.py:830} INFO - Processing file /home/taushif/.local/lib/python3.10/site-packages/airflow/example_dags/example_task_group.py for tasks to queue
[2024-03-04T19:10:19.154+0530] {logging_mixin.py:188} INFO - [2024-03-04T19:10:19.153+0530] {dagbag.py:540} INFO - Filling up the DagBag from /home/taushif/.local/lib/python3.10/site-packages/airflow/example_dags/example_task_group.py
[2024-03-04T19:10:19.163+0530] {processor.py:840} INFO - DAG(s) 'example_task_group' retrieved from /home/taushif/.local/lib/python3.10/site-packages/airflow/example_dags/example_task_group.py
[2024-03-04T19:10:19.178+0530] {logging_mixin.py:188} INFO - [2024-03-04T19:10:19.178+0530] {dag.py:3047} INFO - Sync 1 DAGs
[2024-03-04T19:10:19.189+0530] {logging_mixin.py:188} INFO - [2024-03-04T19:10:19.189+0530] {dag.py:3834} INFO - Setting next_dagrun for example_task_group to 2024-03-03 00:00:00+00:00, run_after=2024-03-04 00:00:00+00:00
[2024-03-04T19:10:19.204+0530] {processor.py:183} INFO - Processing /home/taushif/.local/lib/python3.10/site-packages/airflow/example_dags/example_task_group.py took 0.061 seconds
[2024-03-04T19:11:22.149+0530] {processor.py:161} INFO - Started process (PID=139321) to work on /home/taushif/.local/lib/python3.10/site-packages/airflow/example_dags/example_task_group.py
[2024-03-04T19:11:22.155+0530] {processor.py:830} INFO - Processing file /home/taushif/.local/lib/python3.10/site-packages/airflow/example_dags/example_task_group.py for tasks to queue
[2024-03-04T19:11:22.157+0530] {logging_mixin.py:188} INFO - [2024-03-04T19:11:22.156+0530] {dagbag.py:540} INFO - Filling up the DagBag from /home/taushif/.local/lib/python3.10/site-packages/airflow/example_dags/example_task_group.py
[2024-03-04T19:11:22.166+0530] {processor.py:840} INFO - DAG(s) 'example_task_group' retrieved from /home/taushif/.local/lib/python3.10/site-packages/airflow/example_dags/example_task_group.py
[2024-03-04T19:11:22.177+0530] {logging_mixin.py:188} INFO - [2024-03-04T19:11:22.176+0530] {dag.py:3047} INFO - Sync 1 DAGs
[2024-03-04T19:11:22.200+0530] {logging_mixin.py:188} INFO - [2024-03-04T19:11:22.200+0530] {dag.py:3834} INFO - Setting next_dagrun for example_task_group to 2024-03-03 00:00:00+00:00, run_after=2024-03-04 00:00:00+00:00
[2024-03-04T19:11:22.213+0530] {processor.py:183} INFO - Processing /home/taushif/.local/lib/python3.10/site-packages/airflow/example_dags/example_task_group.py took 0.067 seconds
[2024-03-04T19:12:05.027+0530] {processor.py:161} INFO - Started process (PID=139786) to work on /home/taushif/.local/lib/python3.10/site-packages/airflow/example_dags/example_task_group.py
[2024-03-04T19:12:05.033+0530] {processor.py:830} INFO - Processing file /home/taushif/.local/lib/python3.10/site-packages/airflow/example_dags/example_task_group.py for tasks to queue
[2024-03-04T19:12:05.035+0530] {logging_mixin.py:188} INFO - [2024-03-04T19:12:05.034+0530] {dagbag.py:540} INFO - Filling up the DagBag from /home/taushif/.local/lib/python3.10/site-packages/airflow/example_dags/example_task_group.py
[2024-03-04T19:12:05.049+0530] {processor.py:840} INFO - DAG(s) 'example_task_group' retrieved from /home/taushif/.local/lib/python3.10/site-packages/airflow/example_dags/example_task_group.py
[2024-03-04T19:12:05.065+0530] {logging_mixin.py:188} INFO - [2024-03-04T19:12:05.065+0530] {dag.py:3047} INFO - Sync 1 DAGs
[2024-03-04T19:12:05.081+0530] {logging_mixin.py:188} INFO - [2024-03-04T19:12:05.081+0530] {dag.py:3834} INFO - Setting next_dagrun for example_task_group to 2024-03-03 00:00:00+00:00, run_after=2024-03-04 00:00:00+00:00
[2024-03-04T19:12:05.098+0530] {processor.py:183} INFO - Processing /home/taushif/.local/lib/python3.10/site-packages/airflow/example_dags/example_task_group.py took 0.077 seconds
[2024-03-04T19:12:53.547+0530] {processor.py:161} INFO - Started process (PID=140300) to work on /home/taushif/.local/lib/python3.10/site-packages/airflow/example_dags/example_task_group.py
[2024-03-04T19:12:53.553+0530] {processor.py:830} INFO - Processing file /home/taushif/.local/lib/python3.10/site-packages/airflow/example_dags/example_task_group.py for tasks to queue
[2024-03-04T19:12:53.555+0530] {logging_mixin.py:188} INFO - [2024-03-04T19:12:53.554+0530] {dagbag.py:540} INFO - Filling up the DagBag from /home/taushif/.local/lib/python3.10/site-packages/airflow/example_dags/example_task_group.py
[2024-03-04T19:12:53.568+0530] {processor.py:840} INFO - DAG(s) 'example_task_group' retrieved from /home/taushif/.local/lib/python3.10/site-packages/airflow/example_dags/example_task_group.py
[2024-03-04T19:12:53.585+0530] {logging_mixin.py:188} INFO - [2024-03-04T19:12:53.585+0530] {dag.py:3047} INFO - Sync 1 DAGs
[2024-03-04T19:12:53.601+0530] {logging_mixin.py:188} INFO - [2024-03-04T19:12:53.600+0530] {dag.py:3834} INFO - Setting next_dagrun for example_task_group to 2024-03-03 00:00:00+00:00, run_after=2024-03-04 00:00:00+00:00
[2024-03-04T19:12:53.617+0530] {processor.py:183} INFO - Processing /home/taushif/.local/lib/python3.10/site-packages/airflow/example_dags/example_task_group.py took 0.072 seconds
[2024-03-04T19:13:41.952+0530] {processor.py:161} INFO - Started process (PID=140768) to work on /home/taushif/.local/lib/python3.10/site-packages/airflow/example_dags/example_task_group.py
[2024-03-04T19:13:41.959+0530] {processor.py:830} INFO - Processing file /home/taushif/.local/lib/python3.10/site-packages/airflow/example_dags/example_task_group.py for tasks to queue
[2024-03-04T19:13:41.961+0530] {logging_mixin.py:188} INFO - [2024-03-04T19:13:41.960+0530] {dagbag.py:540} INFO - Filling up the DagBag from /home/taushif/.local/lib/python3.10/site-packages/airflow/example_dags/example_task_group.py
[2024-03-04T19:13:41.975+0530] {processor.py:840} INFO - DAG(s) 'example_task_group' retrieved from /home/taushif/.local/lib/python3.10/site-packages/airflow/example_dags/example_task_group.py
[2024-03-04T19:13:41.999+0530] {logging_mixin.py:188} INFO - [2024-03-04T19:13:41.999+0530] {dag.py:3047} INFO - Sync 1 DAGs
[2024-03-04T19:13:42.016+0530] {logging_mixin.py:188} INFO - [2024-03-04T19:13:42.016+0530] {dag.py:3834} INFO - Setting next_dagrun for example_task_group to 2024-03-03 00:00:00+00:00, run_after=2024-03-04 00:00:00+00:00
[2024-03-04T19:13:42.034+0530] {processor.py:183} INFO - Processing /home/taushif/.local/lib/python3.10/site-packages/airflow/example_dags/example_task_group.py took 0.086 seconds
[2024-03-04T19:14:35.032+0530] {processor.py:161} INFO - Started process (PID=141274) to work on /home/taushif/.local/lib/python3.10/site-packages/airflow/example_dags/example_task_group.py
[2024-03-04T19:14:35.038+0530] {processor.py:830} INFO - Processing file /home/taushif/.local/lib/python3.10/site-packages/airflow/example_dags/example_task_group.py for tasks to queue
[2024-03-04T19:14:35.039+0530] {logging_mixin.py:188} INFO - [2024-03-04T19:14:35.039+0530] {dagbag.py:540} INFO - Filling up the DagBag from /home/taushif/.local/lib/python3.10/site-packages/airflow/example_dags/example_task_group.py
[2024-03-04T19:14:35.048+0530] {processor.py:840} INFO - DAG(s) 'example_task_group' retrieved from /home/taushif/.local/lib/python3.10/site-packages/airflow/example_dags/example_task_group.py
[2024-03-04T19:14:35.069+0530] {logging_mixin.py:188} INFO - [2024-03-04T19:14:35.068+0530] {dag.py:3047} INFO - Sync 1 DAGs
[2024-03-04T19:14:35.087+0530] {logging_mixin.py:188} INFO - [2024-03-04T19:14:35.087+0530] {dag.py:3834} INFO - Setting next_dagrun for example_task_group to 2024-03-03 00:00:00+00:00, run_after=2024-03-04 00:00:00+00:00
[2024-03-04T19:14:35.107+0530] {processor.py:183} INFO - Processing /home/taushif/.local/lib/python3.10/site-packages/airflow/example_dags/example_task_group.py took 0.078 seconds
[2024-03-04T19:15:25.264+0530] {processor.py:161} INFO - Started process (PID=141738) to work on /home/taushif/.local/lib/python3.10/site-packages/airflow/example_dags/example_task_group.py
[2024-03-04T19:15:25.270+0530] {processor.py:830} INFO - Processing file /home/taushif/.local/lib/python3.10/site-packages/airflow/example_dags/example_task_group.py for tasks to queue
[2024-03-04T19:15:25.271+0530] {logging_mixin.py:188} INFO - [2024-03-04T19:15:25.271+0530] {dagbag.py:540} INFO - Filling up the DagBag from /home/taushif/.local/lib/python3.10/site-packages/airflow/example_dags/example_task_group.py
[2024-03-04T19:15:25.279+0530] {processor.py:840} INFO - DAG(s) 'example_task_group' retrieved from /home/taushif/.local/lib/python3.10/site-packages/airflow/example_dags/example_task_group.py
[2024-03-04T19:15:25.299+0530] {logging_mixin.py:188} INFO - [2024-03-04T19:15:25.298+0530] {dag.py:3047} INFO - Sync 1 DAGs
[2024-03-04T19:15:25.317+0530] {logging_mixin.py:188} INFO - [2024-03-04T19:15:25.317+0530] {dag.py:3834} INFO - Setting next_dagrun for example_task_group to 2024-03-03 00:00:00+00:00, run_after=2024-03-04 00:00:00+00:00
[2024-03-04T19:15:25.335+0530] {processor.py:183} INFO - Processing /home/taushif/.local/lib/python3.10/site-packages/airflow/example_dags/example_task_group.py took 0.074 seconds
