[2024-03-04T19:08:06.890+0530] {processor.py:161} INFO - Started process (PID=136564) to work on /home/taushif/.local/lib/python3.10/site-packages/airflow/example_dags/example_latest_only_with_trigger.py
[2024-03-04T19:08:06.891+0530] {processor.py:830} INFO - Processing file /home/taushif/.local/lib/python3.10/site-packages/airflow/example_dags/example_latest_only_with_trigger.py for tasks to queue
[2024-03-04T19:08:06.891+0530] {logging_mixin.py:188} INFO - [2024-03-04T19:08:06.891+0530] {dagbag.py:540} INFO - Filling up the DagBag from /home/taushif/.local/lib/python3.10/site-packages/airflow/example_dags/example_latest_only_with_trigger.py
[2024-03-04T19:08:06.897+0530] {processor.py:840} INFO - DAG(s) 'latest_only_with_trigger' retrieved from /home/taushif/.local/lib/python3.10/site-packages/airflow/example_dags/example_latest_only_with_trigger.py
[2024-03-04T19:08:07.033+0530] {logging_mixin.py:188} INFO - [2024-03-04T19:08:07.033+0530] {dag.py:3047} INFO - Sync 1 DAGs
[2024-03-04T19:08:07.044+0530] {logging_mixin.py:188} INFO - [2024-03-04T19:08:07.044+0530] {dag.py:3834} INFO - Setting next_dagrun for latest_only_with_trigger to 2024-03-04 08:00:00+00:00, run_after=2024-03-04 12:00:00+00:00
[2024-03-04T19:08:07.062+0530] {processor.py:183} INFO - Processing /home/taushif/.local/lib/python3.10/site-packages/airflow/example_dags/example_latest_only_with_trigger.py took 0.176 seconds
[2024-03-04T19:08:55.589+0530] {processor.py:161} INFO - Started process (PID=137045) to work on /home/taushif/.local/lib/python3.10/site-packages/airflow/example_dags/example_latest_only_with_trigger.py
[2024-03-04T19:08:55.591+0530] {processor.py:830} INFO - Processing file /home/taushif/.local/lib/python3.10/site-packages/airflow/example_dags/example_latest_only_with_trigger.py for tasks to queue
[2024-03-04T19:08:55.592+0530] {logging_mixin.py:188} INFO - [2024-03-04T19:08:55.592+0530] {dagbag.py:540} INFO - Filling up the DagBag from /home/taushif/.local/lib/python3.10/site-packages/airflow/example_dags/example_latest_only_with_trigger.py
[2024-03-04T19:08:55.604+0530] {processor.py:840} INFO - DAG(s) 'latest_only_with_trigger' retrieved from /home/taushif/.local/lib/python3.10/site-packages/airflow/example_dags/example_latest_only_with_trigger.py
[2024-03-04T19:08:55.747+0530] {logging_mixin.py:188} INFO - [2024-03-04T19:08:55.746+0530] {dag.py:3047} INFO - Sync 1 DAGs
[2024-03-04T19:08:55.775+0530] {logging_mixin.py:188} INFO - [2024-03-04T19:08:55.775+0530] {dag.py:3834} INFO - Setting next_dagrun for latest_only_with_trigger to 2024-03-04 08:00:00+00:00, run_after=2024-03-04 12:00:00+00:00
[2024-03-04T19:08:55.809+0530] {processor.py:183} INFO - Processing /home/taushif/.local/lib/python3.10/site-packages/airflow/example_dags/example_latest_only_with_trigger.py took 0.226 seconds
[2024-03-04T19:09:58.689+0530] {processor.py:161} INFO - Started process (PID=138029) to work on /home/taushif/.local/lib/python3.10/site-packages/airflow/example_dags/example_latest_only_with_trigger.py
[2024-03-04T19:09:58.690+0530] {processor.py:830} INFO - Processing file /home/taushif/.local/lib/python3.10/site-packages/airflow/example_dags/example_latest_only_with_trigger.py for tasks to queue
[2024-03-04T19:09:58.690+0530] {logging_mixin.py:188} INFO - [2024-03-04T19:09:58.690+0530] {dagbag.py:540} INFO - Filling up the DagBag from /home/taushif/.local/lib/python3.10/site-packages/airflow/example_dags/example_latest_only_with_trigger.py
[2024-03-04T19:09:58.696+0530] {processor.py:840} INFO - DAG(s) 'latest_only_with_trigger' retrieved from /home/taushif/.local/lib/python3.10/site-packages/airflow/example_dags/example_latest_only_with_trigger.py
[2024-03-04T19:09:58.713+0530] {logging_mixin.py:188} INFO - [2024-03-04T19:09:58.713+0530] {dag.py:3047} INFO - Sync 1 DAGs
[2024-03-04T19:09:58.728+0530] {logging_mixin.py:188} INFO - [2024-03-04T19:09:58.728+0530] {dag.py:3834} INFO - Setting next_dagrun for latest_only_with_trigger to 2024-03-04 08:00:00+00:00, run_after=2024-03-04 12:00:00+00:00
[2024-03-04T19:09:58.743+0530] {processor.py:183} INFO - Processing /home/taushif/.local/lib/python3.10/site-packages/airflow/example_dags/example_latest_only_with_trigger.py took 0.057 seconds
[2024-03-04T19:10:44.911+0530] {processor.py:161} INFO - Started process (PID=138684) to work on /home/taushif/.local/lib/python3.10/site-packages/airflow/example_dags/example_latest_only_with_trigger.py
[2024-03-04T19:10:44.917+0530] {processor.py:830} INFO - Processing file /home/taushif/.local/lib/python3.10/site-packages/airflow/example_dags/example_latest_only_with_trigger.py for tasks to queue
[2024-03-04T19:10:44.918+0530] {logging_mixin.py:188} INFO - [2024-03-04T19:10:44.918+0530] {dagbag.py:540} INFO - Filling up the DagBag from /home/taushif/.local/lib/python3.10/site-packages/airflow/example_dags/example_latest_only_with_trigger.py
[2024-03-04T19:10:44.923+0530] {processor.py:840} INFO - DAG(s) 'latest_only_with_trigger' retrieved from /home/taushif/.local/lib/python3.10/site-packages/airflow/example_dags/example_latest_only_with_trigger.py
[2024-03-04T19:10:44.933+0530] {logging_mixin.py:188} INFO - [2024-03-04T19:10:44.933+0530] {dag.py:3047} INFO - Sync 1 DAGs
[2024-03-04T19:10:44.947+0530] {logging_mixin.py:188} INFO - [2024-03-04T19:10:44.947+0530] {dag.py:3834} INFO - Setting next_dagrun for latest_only_with_trigger to 2024-03-04 08:00:00+00:00, run_after=2024-03-04 12:00:00+00:00
[2024-03-04T19:10:44.964+0530] {processor.py:183} INFO - Processing /home/taushif/.local/lib/python3.10/site-packages/airflow/example_dags/example_latest_only_with_trigger.py took 0.055 seconds
[2024-03-04T19:11:49.864+0530] {processor.py:161} INFO - Started process (PID=139658) to work on /home/taushif/.local/lib/python3.10/site-packages/airflow/example_dags/example_latest_only_with_trigger.py
[2024-03-04T19:11:49.870+0530] {processor.py:830} INFO - Processing file /home/taushif/.local/lib/python3.10/site-packages/airflow/example_dags/example_latest_only_with_trigger.py for tasks to queue
[2024-03-04T19:11:49.871+0530] {logging_mixin.py:188} INFO - [2024-03-04T19:11:49.871+0530] {dagbag.py:540} INFO - Filling up the DagBag from /home/taushif/.local/lib/python3.10/site-packages/airflow/example_dags/example_latest_only_with_trigger.py
[2024-03-04T19:11:49.877+0530] {processor.py:840} INFO - DAG(s) 'latest_only_with_trigger' retrieved from /home/taushif/.local/lib/python3.10/site-packages/airflow/example_dags/example_latest_only_with_trigger.py
[2024-03-04T19:11:49.887+0530] {logging_mixin.py:188} INFO - [2024-03-04T19:11:49.887+0530] {dag.py:3047} INFO - Sync 1 DAGs
[2024-03-04T19:11:49.900+0530] {logging_mixin.py:188} INFO - [2024-03-04T19:11:49.900+0530] {dag.py:3834} INFO - Setting next_dagrun for latest_only_with_trigger to 2024-03-04 08:00:00+00:00, run_after=2024-03-04 12:00:00+00:00
[2024-03-04T19:11:49.916+0530] {processor.py:183} INFO - Processing /home/taushif/.local/lib/python3.10/site-packages/airflow/example_dags/example_latest_only_with_trigger.py took 0.055 seconds
[2024-03-04T19:12:41.303+0530] {processor.py:161} INFO - Started process (PID=140186) to work on /home/taushif/.local/lib/python3.10/site-packages/airflow/example_dags/example_latest_only_with_trigger.py
[2024-03-04T19:12:41.310+0530] {processor.py:830} INFO - Processing file /home/taushif/.local/lib/python3.10/site-packages/airflow/example_dags/example_latest_only_with_trigger.py for tasks to queue
[2024-03-04T19:12:41.312+0530] {logging_mixin.py:188} INFO - [2024-03-04T19:12:41.311+0530] {dagbag.py:540} INFO - Filling up the DagBag from /home/taushif/.local/lib/python3.10/site-packages/airflow/example_dags/example_latest_only_with_trigger.py
[2024-03-04T19:12:41.325+0530] {processor.py:840} INFO - DAG(s) 'latest_only_with_trigger' retrieved from /home/taushif/.local/lib/python3.10/site-packages/airflow/example_dags/example_latest_only_with_trigger.py
[2024-03-04T19:12:41.354+0530] {logging_mixin.py:188} INFO - [2024-03-04T19:12:41.353+0530] {dag.py:3047} INFO - Sync 1 DAGs
[2024-03-04T19:12:41.376+0530] {logging_mixin.py:188} INFO - [2024-03-04T19:12:41.376+0530] {dag.py:3834} INFO - Setting next_dagrun for latest_only_with_trigger to 2024-03-04 08:00:00+00:00, run_after=2024-03-04 12:00:00+00:00
[2024-03-04T19:12:41.395+0530] {processor.py:183} INFO - Processing /home/taushif/.local/lib/python3.10/site-packages/airflow/example_dags/example_latest_only_with_trigger.py took 0.097 seconds
[2024-03-04T19:13:31.065+0530] {processor.py:161} INFO - Started process (PID=140664) to work on /home/taushif/.local/lib/python3.10/site-packages/airflow/example_dags/example_latest_only_with_trigger.py
[2024-03-04T19:13:31.073+0530] {processor.py:830} INFO - Processing file /home/taushif/.local/lib/python3.10/site-packages/airflow/example_dags/example_latest_only_with_trigger.py for tasks to queue
[2024-03-04T19:13:31.075+0530] {logging_mixin.py:188} INFO - [2024-03-04T19:13:31.074+0530] {dagbag.py:540} INFO - Filling up the DagBag from /home/taushif/.local/lib/python3.10/site-packages/airflow/example_dags/example_latest_only_with_trigger.py
[2024-03-04T19:13:31.083+0530] {processor.py:840} INFO - DAG(s) 'latest_only_with_trigger' retrieved from /home/taushif/.local/lib/python3.10/site-packages/airflow/example_dags/example_latest_only_with_trigger.py
[2024-03-04T19:13:31.098+0530] {logging_mixin.py:188} INFO - [2024-03-04T19:13:31.097+0530] {dag.py:3047} INFO - Sync 1 DAGs
[2024-03-04T19:13:31.113+0530] {logging_mixin.py:188} INFO - [2024-03-04T19:13:31.113+0530] {dag.py:3834} INFO - Setting next_dagrun for latest_only_with_trigger to 2024-03-04 08:00:00+00:00, run_after=2024-03-04 12:00:00+00:00
[2024-03-04T19:13:31.130+0530] {processor.py:183} INFO - Processing /home/taushif/.local/lib/python3.10/site-packages/airflow/example_dags/example_latest_only_with_trigger.py took 0.069 seconds
[2024-03-04T19:14:22.536+0530] {processor.py:161} INFO - Started process (PID=141148) to work on /home/taushif/.local/lib/python3.10/site-packages/airflow/example_dags/example_latest_only_with_trigger.py
[2024-03-04T19:14:22.542+0530] {processor.py:830} INFO - Processing file /home/taushif/.local/lib/python3.10/site-packages/airflow/example_dags/example_latest_only_with_trigger.py for tasks to queue
[2024-03-04T19:14:22.544+0530] {logging_mixin.py:188} INFO - [2024-03-04T19:14:22.543+0530] {dagbag.py:540} INFO - Filling up the DagBag from /home/taushif/.local/lib/python3.10/site-packages/airflow/example_dags/example_latest_only_with_trigger.py
[2024-03-04T19:14:22.551+0530] {processor.py:840} INFO - DAG(s) 'latest_only_with_trigger' retrieved from /home/taushif/.local/lib/python3.10/site-packages/airflow/example_dags/example_latest_only_with_trigger.py
[2024-03-04T19:14:22.561+0530] {logging_mixin.py:188} INFO - [2024-03-04T19:14:22.561+0530] {dag.py:3047} INFO - Sync 1 DAGs
[2024-03-04T19:14:22.576+0530] {logging_mixin.py:188} INFO - [2024-03-04T19:14:22.575+0530] {dag.py:3834} INFO - Setting next_dagrun for latest_only_with_trigger to 2024-03-04 08:00:00+00:00, run_after=2024-03-04 12:00:00+00:00
[2024-03-04T19:14:22.594+0530] {processor.py:183} INFO - Processing /home/taushif/.local/lib/python3.10/site-packages/airflow/example_dags/example_latest_only_with_trigger.py took 0.060 seconds
[2024-03-04T19:15:12.083+0530] {processor.py:161} INFO - Started process (PID=141618) to work on /home/taushif/.local/lib/python3.10/site-packages/airflow/example_dags/example_latest_only_with_trigger.py
[2024-03-04T19:15:12.083+0530] {processor.py:830} INFO - Processing file /home/taushif/.local/lib/python3.10/site-packages/airflow/example_dags/example_latest_only_with_trigger.py for tasks to queue
[2024-03-04T19:15:12.084+0530] {logging_mixin.py:188} INFO - [2024-03-04T19:15:12.083+0530] {dagbag.py:540} INFO - Filling up the DagBag from /home/taushif/.local/lib/python3.10/site-packages/airflow/example_dags/example_latest_only_with_trigger.py
[2024-03-04T19:15:12.088+0530] {processor.py:840} INFO - DAG(s) 'latest_only_with_trigger' retrieved from /home/taushif/.local/lib/python3.10/site-packages/airflow/example_dags/example_latest_only_with_trigger.py
[2024-03-04T19:15:12.098+0530] {logging_mixin.py:188} INFO - [2024-03-04T19:15:12.098+0530] {dag.py:3047} INFO - Sync 1 DAGs
[2024-03-04T19:15:12.111+0530] {logging_mixin.py:188} INFO - [2024-03-04T19:15:12.111+0530] {dag.py:3834} INFO - Setting next_dagrun for latest_only_with_trigger to 2024-03-04 08:00:00+00:00, run_after=2024-03-04 12:00:00+00:00
[2024-03-04T19:15:12.126+0530] {processor.py:183} INFO - Processing /home/taushif/.local/lib/python3.10/site-packages/airflow/example_dags/example_latest_only_with_trigger.py took 0.045 seconds
