[2024-03-04T19:07:48.667+0530] {processor.py:161} INFO - Started process (PID=136376) to work on /home/taushif/.local/lib/python3.10/site-packages/airflow/example_dags/example_trigger_controller_dag.py
[2024-03-04T19:07:48.668+0530] {processor.py:830} INFO - Processing file /home/taushif/.local/lib/python3.10/site-packages/airflow/example_dags/example_trigger_controller_dag.py for tasks to queue
[2024-03-04T19:07:48.668+0530] {logging_mixin.py:188} INFO - [2024-03-04T19:07:48.668+0530] {dagbag.py:540} INFO - Filling up the DagBag from /home/taushif/.local/lib/python3.10/site-packages/airflow/example_dags/example_trigger_controller_dag.py
[2024-03-04T19:07:48.672+0530] {processor.py:840} INFO - DAG(s) 'example_trigger_controller_dag' retrieved from /home/taushif/.local/lib/python3.10/site-packages/airflow/example_dags/example_trigger_controller_dag.py
[2024-03-04T19:07:48.832+0530] {logging_mixin.py:188} INFO - [2024-03-04T19:07:48.831+0530] {dag.py:3047} INFO - Sync 1 DAGs
[2024-03-04T19:07:48.841+0530] {logging_mixin.py:188} INFO - [2024-03-04T19:07:48.841+0530] {dag.py:3834} INFO - Setting next_dagrun for example_trigger_controller_dag to 2021-01-01 00:00:00+00:00, run_after=2021-01-01 00:00:00+00:00
[2024-03-04T19:07:48.860+0530] {processor.py:183} INFO - Processing /home/taushif/.local/lib/python3.10/site-packages/airflow/example_dags/example_trigger_controller_dag.py took 0.195 seconds
[2024-03-04T19:08:39.557+0530] {processor.py:161} INFO - Started process (PID=136890) to work on /home/taushif/.local/lib/python3.10/site-packages/airflow/example_dags/example_trigger_controller_dag.py
[2024-03-04T19:08:39.559+0530] {processor.py:830} INFO - Processing file /home/taushif/.local/lib/python3.10/site-packages/airflow/example_dags/example_trigger_controller_dag.py for tasks to queue
[2024-03-04T19:08:39.561+0530] {logging_mixin.py:188} INFO - [2024-03-04T19:08:39.560+0530] {dagbag.py:540} INFO - Filling up the DagBag from /home/taushif/.local/lib/python3.10/site-packages/airflow/example_dags/example_trigger_controller_dag.py
[2024-03-04T19:08:39.566+0530] {processor.py:840} INFO - DAG(s) 'example_trigger_controller_dag' retrieved from /home/taushif/.local/lib/python3.10/site-packages/airflow/example_dags/example_trigger_controller_dag.py
[2024-03-04T19:08:39.578+0530] {logging_mixin.py:188} INFO - [2024-03-04T19:08:39.578+0530] {dag.py:3047} INFO - Sync 1 DAGs
[2024-03-04T19:08:39.695+0530] {logging_mixin.py:188} INFO - [2024-03-04T19:08:39.694+0530] {dag.py:3834} INFO - Setting next_dagrun for example_trigger_controller_dag to 2021-01-01 00:00:00+00:00, run_after=2021-01-01 00:00:00+00:00
[2024-03-04T19:08:39.725+0530] {processor.py:183} INFO - Processing /home/taushif/.local/lib/python3.10/site-packages/airflow/example_dags/example_trigger_controller_dag.py took 0.170 seconds
[2024-03-04T19:09:29.463+0530] {processor.py:161} INFO - Started process (PID=137556) to work on /home/taushif/.local/lib/python3.10/site-packages/airflow/example_dags/example_trigger_controller_dag.py
[2024-03-04T19:09:29.464+0530] {processor.py:830} INFO - Processing file /home/taushif/.local/lib/python3.10/site-packages/airflow/example_dags/example_trigger_controller_dag.py for tasks to queue
[2024-03-04T19:09:29.465+0530] {logging_mixin.py:188} INFO - [2024-03-04T19:09:29.464+0530] {dagbag.py:540} INFO - Filling up the DagBag from /home/taushif/.local/lib/python3.10/site-packages/airflow/example_dags/example_trigger_controller_dag.py
[2024-03-04T19:09:29.471+0530] {processor.py:840} INFO - DAG(s) 'example_trigger_controller_dag' retrieved from /home/taushif/.local/lib/python3.10/site-packages/airflow/example_dags/example_trigger_controller_dag.py
[2024-03-04T19:09:29.488+0530] {logging_mixin.py:188} INFO - [2024-03-04T19:09:29.487+0530] {dag.py:3047} INFO - Sync 1 DAGs
[2024-03-04T19:09:29.512+0530] {logging_mixin.py:188} INFO - [2024-03-04T19:09:29.511+0530] {dag.py:3834} INFO - Setting next_dagrun for example_trigger_controller_dag to 2021-01-01 00:00:00+00:00, run_after=2021-01-01 00:00:00+00:00
[2024-03-04T19:09:29.538+0530] {processor.py:183} INFO - Processing /home/taushif/.local/lib/python3.10/site-packages/airflow/example_dags/example_trigger_controller_dag.py took 0.078 seconds
[2024-03-04T19:10:12.272+0530] {processor.py:161} INFO - Started process (PID=138273) to work on /home/taushif/.local/lib/python3.10/site-packages/airflow/example_dags/example_trigger_controller_dag.py
[2024-03-04T19:10:12.278+0530] {processor.py:830} INFO - Processing file /home/taushif/.local/lib/python3.10/site-packages/airflow/example_dags/example_trigger_controller_dag.py for tasks to queue
[2024-03-04T19:10:12.279+0530] {logging_mixin.py:188} INFO - [2024-03-04T19:10:12.279+0530] {dagbag.py:540} INFO - Filling up the DagBag from /home/taushif/.local/lib/python3.10/site-packages/airflow/example_dags/example_trigger_controller_dag.py
[2024-03-04T19:10:12.286+0530] {processor.py:840} INFO - DAG(s) 'example_trigger_controller_dag' retrieved from /home/taushif/.local/lib/python3.10/site-packages/airflow/example_dags/example_trigger_controller_dag.py
[2024-03-04T19:10:12.297+0530] {logging_mixin.py:188} INFO - [2024-03-04T19:10:12.297+0530] {dag.py:3047} INFO - Sync 1 DAGs
[2024-03-04T19:10:12.308+0530] {logging_mixin.py:188} INFO - [2024-03-04T19:10:12.308+0530] {dag.py:3834} INFO - Setting next_dagrun for example_trigger_controller_dag to 2021-01-01 00:00:00+00:00, run_after=2021-01-01 00:00:00+00:00
[2024-03-04T19:10:12.321+0530] {processor.py:183} INFO - Processing /home/taushif/.local/lib/python3.10/site-packages/airflow/example_dags/example_trigger_controller_dag.py took 0.051 seconds
[2024-03-04T19:10:52.346+0530] {processor.py:161} INFO - Started process (PID=138797) to work on /home/taushif/.local/lib/python3.10/site-packages/airflow/example_dags/example_trigger_controller_dag.py
[2024-03-04T19:10:52.347+0530] {processor.py:830} INFO - Processing file /home/taushif/.local/lib/python3.10/site-packages/airflow/example_dags/example_trigger_controller_dag.py for tasks to queue
[2024-03-04T19:10:52.347+0530] {logging_mixin.py:188} INFO - [2024-03-04T19:10:52.347+0530] {dagbag.py:540} INFO - Filling up the DagBag from /home/taushif/.local/lib/python3.10/site-packages/airflow/example_dags/example_trigger_controller_dag.py
[2024-03-04T19:10:52.351+0530] {processor.py:840} INFO - DAG(s) 'example_trigger_controller_dag' retrieved from /home/taushif/.local/lib/python3.10/site-packages/airflow/example_dags/example_trigger_controller_dag.py
[2024-03-04T19:10:52.362+0530] {logging_mixin.py:188} INFO - [2024-03-04T19:10:52.362+0530] {dag.py:3047} INFO - Sync 1 DAGs
[2024-03-04T19:10:52.375+0530] {logging_mixin.py:188} INFO - [2024-03-04T19:10:52.375+0530] {dag.py:3834} INFO - Setting next_dagrun for example_trigger_controller_dag to 2021-01-01 00:00:00+00:00, run_after=2021-01-01 00:00:00+00:00
[2024-03-04T19:10:52.388+0530] {processor.py:183} INFO - Processing /home/taushif/.local/lib/python3.10/site-packages/airflow/example_dags/example_trigger_controller_dag.py took 0.043 seconds
[2024-03-04T19:11:41.428+0530] {processor.py:161} INFO - Started process (PID=139550) to work on /home/taushif/.local/lib/python3.10/site-packages/airflow/example_dags/example_trigger_controller_dag.py
[2024-03-04T19:11:41.434+0530] {processor.py:830} INFO - Processing file /home/taushif/.local/lib/python3.10/site-packages/airflow/example_dags/example_trigger_controller_dag.py for tasks to queue
[2024-03-04T19:11:41.435+0530] {logging_mixin.py:188} INFO - [2024-03-04T19:11:41.434+0530] {dagbag.py:540} INFO - Filling up the DagBag from /home/taushif/.local/lib/python3.10/site-packages/airflow/example_dags/example_trigger_controller_dag.py
[2024-03-04T19:11:41.439+0530] {processor.py:840} INFO - DAG(s) 'example_trigger_controller_dag' retrieved from /home/taushif/.local/lib/python3.10/site-packages/airflow/example_dags/example_trigger_controller_dag.py
[2024-03-04T19:11:41.458+0530] {logging_mixin.py:188} INFO - [2024-03-04T19:11:41.457+0530] {dag.py:3047} INFO - Sync 1 DAGs
[2024-03-04T19:11:41.471+0530] {logging_mixin.py:188} INFO - [2024-03-04T19:11:41.471+0530] {dag.py:3834} INFO - Setting next_dagrun for example_trigger_controller_dag to 2021-01-01 00:00:00+00:00, run_after=2021-01-01 00:00:00+00:00
[2024-03-04T19:11:41.485+0530] {processor.py:183} INFO - Processing /home/taushif/.local/lib/python3.10/site-packages/airflow/example_dags/example_trigger_controller_dag.py took 0.059 seconds
[2024-03-04T19:12:17.725+0530] {processor.py:161} INFO - Started process (PID=139901) to work on /home/taushif/.local/lib/python3.10/site-packages/airflow/example_dags/example_trigger_controller_dag.py
[2024-03-04T19:12:17.731+0530] {processor.py:830} INFO - Processing file /home/taushif/.local/lib/python3.10/site-packages/airflow/example_dags/example_trigger_controller_dag.py for tasks to queue
[2024-03-04T19:12:17.733+0530] {logging_mixin.py:188} INFO - [2024-03-04T19:12:17.732+0530] {dagbag.py:540} INFO - Filling up the DagBag from /home/taushif/.local/lib/python3.10/site-packages/airflow/example_dags/example_trigger_controller_dag.py
[2024-03-04T19:12:17.743+0530] {processor.py:840} INFO - DAG(s) 'example_trigger_controller_dag' retrieved from /home/taushif/.local/lib/python3.10/site-packages/airflow/example_dags/example_trigger_controller_dag.py
[2024-03-04T19:12:17.762+0530] {logging_mixin.py:188} INFO - [2024-03-04T19:12:17.762+0530] {dag.py:3047} INFO - Sync 1 DAGs
[2024-03-04T19:12:17.777+0530] {logging_mixin.py:188} INFO - [2024-03-04T19:12:17.777+0530] {dag.py:3834} INFO - Setting next_dagrun for example_trigger_controller_dag to 2021-01-01 00:00:00+00:00, run_after=2021-01-01 00:00:00+00:00
[2024-03-04T19:12:17.794+0530] {processor.py:183} INFO - Processing /home/taushif/.local/lib/python3.10/site-packages/airflow/example_dags/example_trigger_controller_dag.py took 0.075 seconds
[2024-03-04T19:13:03.696+0530] {processor.py:161} INFO - Started process (PID=140379) to work on /home/taushif/.local/lib/python3.10/site-packages/airflow/example_dags/example_trigger_controller_dag.py
[2024-03-04T19:13:03.703+0530] {processor.py:830} INFO - Processing file /home/taushif/.local/lib/python3.10/site-packages/airflow/example_dags/example_trigger_controller_dag.py for tasks to queue
[2024-03-04T19:13:03.704+0530] {logging_mixin.py:188} INFO - [2024-03-04T19:13:03.703+0530] {dagbag.py:540} INFO - Filling up the DagBag from /home/taushif/.local/lib/python3.10/site-packages/airflow/example_dags/example_trigger_controller_dag.py
[2024-03-04T19:13:03.710+0530] {processor.py:840} INFO - DAG(s) 'example_trigger_controller_dag' retrieved from /home/taushif/.local/lib/python3.10/site-packages/airflow/example_dags/example_trigger_controller_dag.py
[2024-03-04T19:13:03.725+0530] {logging_mixin.py:188} INFO - [2024-03-04T19:13:03.725+0530] {dag.py:3047} INFO - Sync 1 DAGs
[2024-03-04T19:13:03.743+0530] {logging_mixin.py:188} INFO - [2024-03-04T19:13:03.742+0530] {dag.py:3834} INFO - Setting next_dagrun for example_trigger_controller_dag to 2021-01-01 00:00:00+00:00, run_after=2021-01-01 00:00:00+00:00
[2024-03-04T19:13:03.761+0530] {processor.py:183} INFO - Processing /home/taushif/.local/lib/python3.10/site-packages/airflow/example_dags/example_trigger_controller_dag.py took 0.070 seconds
[2024-03-04T19:13:53.386+0530] {processor.py:161} INFO - Started process (PID=140879) to work on /home/taushif/.local/lib/python3.10/site-packages/airflow/example_dags/example_trigger_controller_dag.py
[2024-03-04T19:13:53.393+0530] {processor.py:830} INFO - Processing file /home/taushif/.local/lib/python3.10/site-packages/airflow/example_dags/example_trigger_controller_dag.py for tasks to queue
[2024-03-04T19:13:53.395+0530] {logging_mixin.py:188} INFO - [2024-03-04T19:13:53.394+0530] {dagbag.py:540} INFO - Filling up the DagBag from /home/taushif/.local/lib/python3.10/site-packages/airflow/example_dags/example_trigger_controller_dag.py
[2024-03-04T19:13:53.404+0530] {processor.py:840} INFO - DAG(s) 'example_trigger_controller_dag' retrieved from /home/taushif/.local/lib/python3.10/site-packages/airflow/example_dags/example_trigger_controller_dag.py
[2024-03-04T19:13:53.427+0530] {logging_mixin.py:188} INFO - [2024-03-04T19:13:53.426+0530] {dag.py:3047} INFO - Sync 1 DAGs
[2024-03-04T19:13:53.443+0530] {logging_mixin.py:188} INFO - [2024-03-04T19:13:53.442+0530] {dag.py:3834} INFO - Setting next_dagrun for example_trigger_controller_dag to 2021-01-01 00:00:00+00:00, run_after=2021-01-01 00:00:00+00:00
[2024-03-04T19:13:53.458+0530] {processor.py:183} INFO - Processing /home/taushif/.local/lib/python3.10/site-packages/airflow/example_dags/example_trigger_controller_dag.py took 0.078 seconds
[2024-03-04T19:14:31.776+0530] {processor.py:161} INFO - Started process (PID=141236) to work on /home/taushif/.local/lib/python3.10/site-packages/airflow/example_dags/example_trigger_controller_dag.py
[2024-03-04T19:14:31.784+0530] {processor.py:830} INFO - Processing file /home/taushif/.local/lib/python3.10/site-packages/airflow/example_dags/example_trigger_controller_dag.py for tasks to queue
[2024-03-04T19:14:31.786+0530] {logging_mixin.py:188} INFO - [2024-03-04T19:14:31.785+0530] {dagbag.py:540} INFO - Filling up the DagBag from /home/taushif/.local/lib/python3.10/site-packages/airflow/example_dags/example_trigger_controller_dag.py
[2024-03-04T19:14:31.795+0530] {processor.py:840} INFO - DAG(s) 'example_trigger_controller_dag' retrieved from /home/taushif/.local/lib/python3.10/site-packages/airflow/example_dags/example_trigger_controller_dag.py
[2024-03-04T19:14:31.821+0530] {logging_mixin.py:188} INFO - [2024-03-04T19:14:31.821+0530] {dag.py:3047} INFO - Sync 1 DAGs
[2024-03-04T19:14:31.839+0530] {logging_mixin.py:188} INFO - [2024-03-04T19:14:31.839+0530] {dag.py:3834} INFO - Setting next_dagrun for example_trigger_controller_dag to 2021-01-01 00:00:00+00:00, run_after=2021-01-01 00:00:00+00:00
[2024-03-04T19:14:31.857+0530] {processor.py:183} INFO - Processing /home/taushif/.local/lib/python3.10/site-packages/airflow/example_dags/example_trigger_controller_dag.py took 0.086 seconds
[2024-03-04T19:15:20.115+0530] {processor.py:161} INFO - Started process (PID=141690) to work on /home/taushif/.local/lib/python3.10/site-packages/airflow/example_dags/example_trigger_controller_dag.py
[2024-03-04T19:15:20.122+0530] {processor.py:830} INFO - Processing file /home/taushif/.local/lib/python3.10/site-packages/airflow/example_dags/example_trigger_controller_dag.py for tasks to queue
[2024-03-04T19:15:20.123+0530] {logging_mixin.py:188} INFO - [2024-03-04T19:15:20.122+0530] {dagbag.py:540} INFO - Filling up the DagBag from /home/taushif/.local/lib/python3.10/site-packages/airflow/example_dags/example_trigger_controller_dag.py
[2024-03-04T19:15:20.129+0530] {processor.py:840} INFO - DAG(s) 'example_trigger_controller_dag' retrieved from /home/taushif/.local/lib/python3.10/site-packages/airflow/example_dags/example_trigger_controller_dag.py
[2024-03-04T19:15:20.142+0530] {logging_mixin.py:188} INFO - [2024-03-04T19:15:20.142+0530] {dag.py:3047} INFO - Sync 1 DAGs
[2024-03-04T19:15:20.154+0530] {logging_mixin.py:188} INFO - [2024-03-04T19:15:20.153+0530] {dag.py:3834} INFO - Setting next_dagrun for example_trigger_controller_dag to 2021-01-01 00:00:00+00:00, run_after=2021-01-01 00:00:00+00:00
[2024-03-04T19:15:20.166+0530] {processor.py:183} INFO - Processing /home/taushif/.local/lib/python3.10/site-packages/airflow/example_dags/example_trigger_controller_dag.py took 0.055 seconds
