[2024-03-04T19:07:55.259+0530] {processor.py:161} INFO - Started process (PID=136468) to work on /home/taushif/.local/lib/python3.10/site-packages/airflow/example_dags/example_short_circuit_operator.py
[2024-03-04T19:07:55.260+0530] {processor.py:830} INFO - Processing file /home/taushif/.local/lib/python3.10/site-packages/airflow/example_dags/example_short_circuit_operator.py for tasks to queue
[2024-03-04T19:07:55.261+0530] {logging_mixin.py:188} INFO - [2024-03-04T19:07:55.261+0530] {dagbag.py:540} INFO - Filling up the DagBag from /home/taushif/.local/lib/python3.10/site-packages/airflow/example_dags/example_short_circuit_operator.py
[2024-03-04T19:07:55.269+0530] {processor.py:840} INFO - DAG(s) 'example_short_circuit_operator' retrieved from /home/taushif/.local/lib/python3.10/site-packages/airflow/example_dags/example_short_circuit_operator.py
[2024-03-04T19:07:55.428+0530] {logging_mixin.py:188} INFO - [2024-03-04T19:07:55.428+0530] {dag.py:3047} INFO - Sync 1 DAGs
[2024-03-04T19:07:55.439+0530] {logging_mixin.py:188} INFO - [2024-03-04T19:07:55.439+0530] {dag.py:3834} INFO - Setting next_dagrun for example_short_circuit_operator to 2024-03-03 00:00:00+00:00, run_after=2024-03-04 00:00:00+00:00
[2024-03-04T19:07:55.455+0530] {processor.py:183} INFO - Processing /home/taushif/.local/lib/python3.10/site-packages/airflow/example_dags/example_short_circuit_operator.py took 0.198 seconds
[2024-03-04T19:08:45.079+0530] {processor.py:161} INFO - Started process (PID=136948) to work on /home/taushif/.local/lib/python3.10/site-packages/airflow/example_dags/example_short_circuit_operator.py
[2024-03-04T19:08:45.081+0530] {processor.py:830} INFO - Processing file /home/taushif/.local/lib/python3.10/site-packages/airflow/example_dags/example_short_circuit_operator.py for tasks to queue
[2024-03-04T19:08:45.082+0530] {logging_mixin.py:188} INFO - [2024-03-04T19:08:45.081+0530] {dagbag.py:540} INFO - Filling up the DagBag from /home/taushif/.local/lib/python3.10/site-packages/airflow/example_dags/example_short_circuit_operator.py
[2024-03-04T19:08:45.098+0530] {processor.py:840} INFO - DAG(s) 'example_short_circuit_operator' retrieved from /home/taushif/.local/lib/python3.10/site-packages/airflow/example_dags/example_short_circuit_operator.py
[2024-03-04T19:08:45.124+0530] {logging_mixin.py:188} INFO - [2024-03-04T19:08:45.124+0530] {dag.py:3047} INFO - Sync 1 DAGs
[2024-03-04T19:08:45.228+0530] {logging_mixin.py:188} INFO - [2024-03-04T19:08:45.227+0530] {dag.py:3834} INFO - Setting next_dagrun for example_short_circuit_operator to 2024-03-03 00:00:00+00:00, run_after=2024-03-04 00:00:00+00:00
[2024-03-04T19:08:45.246+0530] {processor.py:183} INFO - Processing /home/taushif/.local/lib/python3.10/site-packages/airflow/example_dags/example_short_circuit_operator.py took 0.172 seconds
[2024-03-04T19:09:33.718+0530] {processor.py:161} INFO - Started process (PID=137625) to work on /home/taushif/.local/lib/python3.10/site-packages/airflow/example_dags/example_short_circuit_operator.py
[2024-03-04T19:09:33.719+0530] {processor.py:830} INFO - Processing file /home/taushif/.local/lib/python3.10/site-packages/airflow/example_dags/example_short_circuit_operator.py for tasks to queue
[2024-03-04T19:09:33.719+0530] {logging_mixin.py:188} INFO - [2024-03-04T19:09:33.719+0530] {dagbag.py:540} INFO - Filling up the DagBag from /home/taushif/.local/lib/python3.10/site-packages/airflow/example_dags/example_short_circuit_operator.py
[2024-03-04T19:09:33.725+0530] {processor.py:840} INFO - DAG(s) 'example_short_circuit_operator' retrieved from /home/taushif/.local/lib/python3.10/site-packages/airflow/example_dags/example_short_circuit_operator.py
[2024-03-04T19:09:33.736+0530] {logging_mixin.py:188} INFO - [2024-03-04T19:09:33.736+0530] {dag.py:3047} INFO - Sync 1 DAGs
[2024-03-04T19:09:33.753+0530] {logging_mixin.py:188} INFO - [2024-03-04T19:09:33.752+0530] {dag.py:3834} INFO - Setting next_dagrun for example_short_circuit_operator to 2024-03-03 00:00:00+00:00, run_after=2024-03-04 00:00:00+00:00
[2024-03-04T19:09:33.769+0530] {processor.py:183} INFO - Processing /home/taushif/.local/lib/python3.10/site-packages/airflow/example_dags/example_short_circuit_operator.py took 0.053 seconds
[2024-03-04T19:10:18.566+0530] {processor.py:161} INFO - Started process (PID=138361) to work on /home/taushif/.local/lib/python3.10/site-packages/airflow/example_dags/example_short_circuit_operator.py
[2024-03-04T19:10:18.572+0530] {processor.py:830} INFO - Processing file /home/taushif/.local/lib/python3.10/site-packages/airflow/example_dags/example_short_circuit_operator.py for tasks to queue
[2024-03-04T19:10:18.572+0530] {logging_mixin.py:188} INFO - [2024-03-04T19:10:18.572+0530] {dagbag.py:540} INFO - Filling up the DagBag from /home/taushif/.local/lib/python3.10/site-packages/airflow/example_dags/example_short_circuit_operator.py
[2024-03-04T19:10:18.579+0530] {processor.py:840} INFO - DAG(s) 'example_short_circuit_operator' retrieved from /home/taushif/.local/lib/python3.10/site-packages/airflow/example_dags/example_short_circuit_operator.py
[2024-03-04T19:10:18.591+0530] {logging_mixin.py:188} INFO - [2024-03-04T19:10:18.591+0530] {dag.py:3047} INFO - Sync 1 DAGs
[2024-03-04T19:10:18.604+0530] {logging_mixin.py:188} INFO - [2024-03-04T19:10:18.603+0530] {dag.py:3834} INFO - Setting next_dagrun for example_short_circuit_operator to 2024-03-03 00:00:00+00:00, run_after=2024-03-04 00:00:00+00:00
[2024-03-04T19:10:18.619+0530] {processor.py:183} INFO - Processing /home/taushif/.local/lib/python3.10/site-packages/airflow/example_dags/example_short_circuit_operator.py took 0.055 seconds
[2024-03-04T19:11:20.720+0530] {processor.py:161} INFO - Started process (PID=139305) to work on /home/taushif/.local/lib/python3.10/site-packages/airflow/example_dags/example_short_circuit_operator.py
[2024-03-04T19:11:20.727+0530] {processor.py:830} INFO - Processing file /home/taushif/.local/lib/python3.10/site-packages/airflow/example_dags/example_short_circuit_operator.py for tasks to queue
[2024-03-04T19:11:20.728+0530] {logging_mixin.py:188} INFO - [2024-03-04T19:11:20.728+0530] {dagbag.py:540} INFO - Filling up the DagBag from /home/taushif/.local/lib/python3.10/site-packages/airflow/example_dags/example_short_circuit_operator.py
[2024-03-04T19:11:20.736+0530] {processor.py:840} INFO - DAG(s) 'example_short_circuit_operator' retrieved from /home/taushif/.local/lib/python3.10/site-packages/airflow/example_dags/example_short_circuit_operator.py
[2024-03-04T19:11:20.748+0530] {logging_mixin.py:188} INFO - [2024-03-04T19:11:20.748+0530] {dag.py:3047} INFO - Sync 1 DAGs
[2024-03-04T19:11:20.761+0530] {logging_mixin.py:188} INFO - [2024-03-04T19:11:20.760+0530] {dag.py:3834} INFO - Setting next_dagrun for example_short_circuit_operator to 2024-03-03 00:00:00+00:00, run_after=2024-03-04 00:00:00+00:00
[2024-03-04T19:11:20.774+0530] {processor.py:183} INFO - Processing /home/taushif/.local/lib/python3.10/site-packages/airflow/example_dags/example_short_circuit_operator.py took 0.059 seconds
[2024-03-04T19:12:02.824+0530] {processor.py:161} INFO - Started process (PID=139769) to work on /home/taushif/.local/lib/python3.10/site-packages/airflow/example_dags/example_short_circuit_operator.py
[2024-03-04T19:12:02.831+0530] {processor.py:830} INFO - Processing file /home/taushif/.local/lib/python3.10/site-packages/airflow/example_dags/example_short_circuit_operator.py for tasks to queue
[2024-03-04T19:12:02.832+0530] {logging_mixin.py:188} INFO - [2024-03-04T19:12:02.831+0530] {dagbag.py:540} INFO - Filling up the DagBag from /home/taushif/.local/lib/python3.10/site-packages/airflow/example_dags/example_short_circuit_operator.py
[2024-03-04T19:12:02.839+0530] {processor.py:840} INFO - DAG(s) 'example_short_circuit_operator' retrieved from /home/taushif/.local/lib/python3.10/site-packages/airflow/example_dags/example_short_circuit_operator.py
[2024-03-04T19:12:02.854+0530] {logging_mixin.py:188} INFO - [2024-03-04T19:12:02.854+0530] {dag.py:3047} INFO - Sync 1 DAGs
[2024-03-04T19:12:02.870+0530] {logging_mixin.py:188} INFO - [2024-03-04T19:12:02.870+0530] {dag.py:3834} INFO - Setting next_dagrun for example_short_circuit_operator to 2024-03-03 00:00:00+00:00, run_after=2024-03-04 00:00:00+00:00
[2024-03-04T19:12:02.888+0530] {processor.py:183} INFO - Processing /home/taushif/.local/lib/python3.10/site-packages/airflow/example_dags/example_short_circuit_operator.py took 0.067 seconds
[2024-03-04T19:12:51.607+0530] {processor.py:161} INFO - Started process (PID=140282) to work on /home/taushif/.local/lib/python3.10/site-packages/airflow/example_dags/example_short_circuit_operator.py
[2024-03-04T19:12:51.613+0530] {processor.py:830} INFO - Processing file /home/taushif/.local/lib/python3.10/site-packages/airflow/example_dags/example_short_circuit_operator.py for tasks to queue
[2024-03-04T19:12:51.615+0530] {logging_mixin.py:188} INFO - [2024-03-04T19:12:51.614+0530] {dagbag.py:540} INFO - Filling up the DagBag from /home/taushif/.local/lib/python3.10/site-packages/airflow/example_dags/example_short_circuit_operator.py
[2024-03-04T19:12:51.623+0530] {processor.py:840} INFO - DAG(s) 'example_short_circuit_operator' retrieved from /home/taushif/.local/lib/python3.10/site-packages/airflow/example_dags/example_short_circuit_operator.py
[2024-03-04T19:12:51.638+0530] {logging_mixin.py:188} INFO - [2024-03-04T19:12:51.637+0530] {dag.py:3047} INFO - Sync 1 DAGs
[2024-03-04T19:12:51.659+0530] {logging_mixin.py:188} INFO - [2024-03-04T19:12:51.659+0530] {dag.py:3834} INFO - Setting next_dagrun for example_short_circuit_operator to 2024-03-03 00:00:00+00:00, run_after=2024-03-04 00:00:00+00:00
[2024-03-04T19:12:51.676+0530] {processor.py:183} INFO - Processing /home/taushif/.local/lib/python3.10/site-packages/airflow/example_dags/example_short_circuit_operator.py took 0.074 seconds
[2024-03-04T19:13:40.229+0530] {processor.py:161} INFO - Started process (PID=140750) to work on /home/taushif/.local/lib/python3.10/site-packages/airflow/example_dags/example_short_circuit_operator.py
[2024-03-04T19:13:40.235+0530] {processor.py:830} INFO - Processing file /home/taushif/.local/lib/python3.10/site-packages/airflow/example_dags/example_short_circuit_operator.py for tasks to queue
[2024-03-04T19:13:40.237+0530] {logging_mixin.py:188} INFO - [2024-03-04T19:13:40.236+0530] {dagbag.py:540} INFO - Filling up the DagBag from /home/taushif/.local/lib/python3.10/site-packages/airflow/example_dags/example_short_circuit_operator.py
[2024-03-04T19:13:40.251+0530] {processor.py:840} INFO - DAG(s) 'example_short_circuit_operator' retrieved from /home/taushif/.local/lib/python3.10/site-packages/airflow/example_dags/example_short_circuit_operator.py
[2024-03-04T19:13:40.278+0530] {logging_mixin.py:188} INFO - [2024-03-04T19:13:40.278+0530] {dag.py:3047} INFO - Sync 1 DAGs
[2024-03-04T19:13:40.293+0530] {logging_mixin.py:188} INFO - [2024-03-04T19:13:40.292+0530] {dag.py:3834} INFO - Setting next_dagrun for example_short_circuit_operator to 2024-03-03 00:00:00+00:00, run_after=2024-03-04 00:00:00+00:00
[2024-03-04T19:13:40.309+0530] {processor.py:183} INFO - Processing /home/taushif/.local/lib/python3.10/site-packages/airflow/example_dags/example_short_circuit_operator.py took 0.086 seconds
[2024-03-04T19:14:33.477+0530] {processor.py:161} INFO - Started process (PID=141245) to work on /home/taushif/.local/lib/python3.10/site-packages/airflow/example_dags/example_short_circuit_operator.py
[2024-03-04T19:14:33.478+0530] {processor.py:830} INFO - Processing file /home/taushif/.local/lib/python3.10/site-packages/airflow/example_dags/example_short_circuit_operator.py for tasks to queue
[2024-03-04T19:14:33.480+0530] {logging_mixin.py:188} INFO - [2024-03-04T19:14:33.479+0530] {dagbag.py:540} INFO - Filling up the DagBag from /home/taushif/.local/lib/python3.10/site-packages/airflow/example_dags/example_short_circuit_operator.py
[2024-03-04T19:14:33.490+0530] {processor.py:840} INFO - DAG(s) 'example_short_circuit_operator' retrieved from /home/taushif/.local/lib/python3.10/site-packages/airflow/example_dags/example_short_circuit_operator.py
[2024-03-04T19:14:33.514+0530] {logging_mixin.py:188} INFO - [2024-03-04T19:14:33.514+0530] {dag.py:3047} INFO - Sync 1 DAGs
[2024-03-04T19:14:33.546+0530] {logging_mixin.py:188} INFO - [2024-03-04T19:14:33.544+0530] {dag.py:3834} INFO - Setting next_dagrun for example_short_circuit_operator to 2024-03-03 00:00:00+00:00, run_after=2024-03-04 00:00:00+00:00
[2024-03-04T19:14:33.586+0530] {processor.py:183} INFO - Processing /home/taushif/.local/lib/python3.10/site-packages/airflow/example_dags/example_short_circuit_operator.py took 0.112 seconds
[2024-03-04T19:15:23.148+0530] {processor.py:161} INFO - Started process (PID=141716) to work on /home/taushif/.local/lib/python3.10/site-packages/airflow/example_dags/example_short_circuit_operator.py
[2024-03-04T19:15:23.154+0530] {processor.py:830} INFO - Processing file /home/taushif/.local/lib/python3.10/site-packages/airflow/example_dags/example_short_circuit_operator.py for tasks to queue
[2024-03-04T19:15:23.156+0530] {logging_mixin.py:188} INFO - [2024-03-04T19:15:23.156+0530] {dagbag.py:540} INFO - Filling up the DagBag from /home/taushif/.local/lib/python3.10/site-packages/airflow/example_dags/example_short_circuit_operator.py
[2024-03-04T19:15:23.166+0530] {processor.py:840} INFO - DAG(s) 'example_short_circuit_operator' retrieved from /home/taushif/.local/lib/python3.10/site-packages/airflow/example_dags/example_short_circuit_operator.py
[2024-03-04T19:15:23.189+0530] {logging_mixin.py:188} INFO - [2024-03-04T19:15:23.189+0530] {dag.py:3047} INFO - Sync 1 DAGs
[2024-03-04T19:15:23.214+0530] {logging_mixin.py:188} INFO - [2024-03-04T19:15:23.213+0530] {dag.py:3834} INFO - Setting next_dagrun for example_short_circuit_operator to 2024-03-03 00:00:00+00:00, run_after=2024-03-04 00:00:00+00:00
[2024-03-04T19:15:23.242+0530] {processor.py:183} INFO - Processing /home/taushif/.local/lib/python3.10/site-packages/airflow/example_dags/example_short_circuit_operator.py took 0.097 seconds
