[2024-03-04T19:08:19.010+0530] {processor.py:161} INFO - Started process (PID=136696) to work on /home/taushif/.local/lib/python3.10/site-packages/airflow/example_dags/example_branch_python_dop_operator_3.py
[2024-03-04T19:08:19.011+0530] {processor.py:830} INFO - Processing file /home/taushif/.local/lib/python3.10/site-packages/airflow/example_dags/example_branch_python_dop_operator_3.py for tasks to queue
[2024-03-04T19:08:19.012+0530] {logging_mixin.py:188} INFO - [2024-03-04T19:08:19.011+0530] {dagbag.py:540} INFO - Filling up the DagBag from /home/taushif/.local/lib/python3.10/site-packages/airflow/example_dags/example_branch_python_dop_operator_3.py
[2024-03-04T19:08:19.021+0530] {processor.py:840} INFO - DAG(s) 'example_branch_dop_operator_v3' retrieved from /home/taushif/.local/lib/python3.10/site-packages/airflow/example_dags/example_branch_python_dop_operator_3.py
[2024-03-04T19:08:19.141+0530] {logging_mixin.py:188} INFO - [2024-03-04T19:08:19.141+0530] {dag.py:3047} INFO - Sync 1 DAGs
[2024-03-04T19:08:19.154+0530] {logging_mixin.py:188} INFO - [2024-03-04T19:08:19.154+0530] {dag.py:3834} INFO - Setting next_dagrun for example_branch_dop_operator_v3 to 2024-03-04 13:37:00+00:00, run_after=2024-03-04 13:38:00+00:00
[2024-03-04T19:08:19.172+0530] {processor.py:183} INFO - Processing /home/taushif/.local/lib/python3.10/site-packages/airflow/example_dags/example_branch_python_dop_operator_3.py took 0.166 seconds
[2024-03-04T19:09:19.726+0530] {processor.py:161} INFO - Started process (PID=137404) to work on /home/taushif/.local/lib/python3.10/site-packages/airflow/example_dags/example_branch_python_dop_operator_3.py
[2024-03-04T19:09:19.732+0530] {processor.py:830} INFO - Processing file /home/taushif/.local/lib/python3.10/site-packages/airflow/example_dags/example_branch_python_dop_operator_3.py for tasks to queue
[2024-03-04T19:09:19.733+0530] {logging_mixin.py:188} INFO - [2024-03-04T19:09:19.733+0530] {dagbag.py:540} INFO - Filling up the DagBag from /home/taushif/.local/lib/python3.10/site-packages/airflow/example_dags/example_branch_python_dop_operator_3.py
[2024-03-04T19:09:19.742+0530] {processor.py:840} INFO - DAG(s) 'example_branch_dop_operator_v3' retrieved from /home/taushif/.local/lib/python3.10/site-packages/airflow/example_dags/example_branch_python_dop_operator_3.py
[2024-03-04T19:09:19.755+0530] {logging_mixin.py:188} INFO - [2024-03-04T19:09:19.755+0530] {dag.py:3047} INFO - Sync 1 DAGs
[2024-03-04T19:09:19.775+0530] {logging_mixin.py:188} INFO - [2024-03-04T19:09:19.774+0530] {dag.py:3834} INFO - Setting next_dagrun for example_branch_dop_operator_v3 to 2024-03-04 13:38:00+00:00, run_after=2024-03-04 13:39:00+00:00
[2024-03-04T19:09:19.793+0530] {processor.py:183} INFO - Processing /home/taushif/.local/lib/python3.10/site-packages/airflow/example_dags/example_branch_python_dop_operator_3.py took 0.070 seconds
[2024-03-04T19:10:25.452+0530] {processor.py:161} INFO - Started process (PID=138448) to work on /home/taushif/.local/lib/python3.10/site-packages/airflow/example_dags/example_branch_python_dop_operator_3.py
[2024-03-04T19:10:25.458+0530] {processor.py:830} INFO - Processing file /home/taushif/.local/lib/python3.10/site-packages/airflow/example_dags/example_branch_python_dop_operator_3.py for tasks to queue
[2024-03-04T19:10:25.459+0530] {logging_mixin.py:188} INFO - [2024-03-04T19:10:25.458+0530] {dagbag.py:540} INFO - Filling up the DagBag from /home/taushif/.local/lib/python3.10/site-packages/airflow/example_dags/example_branch_python_dop_operator_3.py
[2024-03-04T19:10:25.469+0530] {processor.py:840} INFO - DAG(s) 'example_branch_dop_operator_v3' retrieved from /home/taushif/.local/lib/python3.10/site-packages/airflow/example_dags/example_branch_python_dop_operator_3.py
[2024-03-04T19:10:25.479+0530] {logging_mixin.py:188} INFO - [2024-03-04T19:10:25.479+0530] {dag.py:3047} INFO - Sync 1 DAGs
[2024-03-04T19:10:25.492+0530] {logging_mixin.py:188} INFO - [2024-03-04T19:10:25.492+0530] {dag.py:3834} INFO - Setting next_dagrun for example_branch_dop_operator_v3 to 2024-03-04 13:39:00+00:00, run_after=2024-03-04 13:40:00+00:00
[2024-03-04T19:10:25.506+0530] {processor.py:183} INFO - Processing /home/taushif/.local/lib/python3.10/site-packages/airflow/example_dags/example_branch_python_dop_operator_3.py took 0.057 seconds
[2024-03-04T19:11:29.884+0530] {processor.py:161} INFO - Started process (PID=139378) to work on /home/taushif/.local/lib/python3.10/site-packages/airflow/example_dags/example_branch_python_dop_operator_3.py
[2024-03-04T19:11:29.890+0530] {processor.py:830} INFO - Processing file /home/taushif/.local/lib/python3.10/site-packages/airflow/example_dags/example_branch_python_dop_operator_3.py for tasks to queue
[2024-03-04T19:11:29.892+0530] {logging_mixin.py:188} INFO - [2024-03-04T19:11:29.891+0530] {dagbag.py:540} INFO - Filling up the DagBag from /home/taushif/.local/lib/python3.10/site-packages/airflow/example_dags/example_branch_python_dop_operator_3.py
[2024-03-04T19:11:29.906+0530] {processor.py:840} INFO - DAG(s) 'example_branch_dop_operator_v3' retrieved from /home/taushif/.local/lib/python3.10/site-packages/airflow/example_dags/example_branch_python_dop_operator_3.py
[2024-03-04T19:11:29.930+0530] {logging_mixin.py:188} INFO - [2024-03-04T19:11:29.929+0530] {dag.py:3047} INFO - Sync 1 DAGs
[2024-03-04T19:11:29.969+0530] {logging_mixin.py:188} INFO - [2024-03-04T19:11:29.969+0530] {dag.py:3834} INFO - Setting next_dagrun for example_branch_dop_operator_v3 to 2024-03-04 13:40:00+00:00, run_after=2024-03-04 13:41:00+00:00
[2024-03-04T19:11:30.000+0530] {processor.py:183} INFO - Processing /home/taushif/.local/lib/python3.10/site-packages/airflow/example_dags/example_branch_python_dop_operator_3.py took 0.120 seconds
[2024-03-04T19:12:24.565+0530] {processor.py:161} INFO - Started process (PID=139976) to work on /home/taushif/.local/lib/python3.10/site-packages/airflow/example_dags/example_branch_python_dop_operator_3.py
[2024-03-04T19:12:24.571+0530] {processor.py:830} INFO - Processing file /home/taushif/.local/lib/python3.10/site-packages/airflow/example_dags/example_branch_python_dop_operator_3.py for tasks to queue
[2024-03-04T19:12:24.572+0530] {logging_mixin.py:188} INFO - [2024-03-04T19:12:24.571+0530] {dagbag.py:540} INFO - Filling up the DagBag from /home/taushif/.local/lib/python3.10/site-packages/airflow/example_dags/example_branch_python_dop_operator_3.py
[2024-03-04T19:12:24.581+0530] {processor.py:840} INFO - DAG(s) 'example_branch_dop_operator_v3' retrieved from /home/taushif/.local/lib/python3.10/site-packages/airflow/example_dags/example_branch_python_dop_operator_3.py
[2024-03-04T19:12:24.590+0530] {logging_mixin.py:188} INFO - [2024-03-04T19:12:24.590+0530] {dag.py:3047} INFO - Sync 1 DAGs
[2024-03-04T19:12:24.605+0530] {logging_mixin.py:188} INFO - [2024-03-04T19:12:24.604+0530] {dag.py:3834} INFO - Setting next_dagrun for example_branch_dop_operator_v3 to 2024-03-04 13:41:00+00:00, run_after=2024-03-04 13:42:00+00:00
[2024-03-04T19:12:24.619+0530] {processor.py:183} INFO - Processing /home/taushif/.local/lib/python3.10/site-packages/airflow/example_dags/example_branch_python_dop_operator_3.py took 0.056 seconds
[2024-03-04T19:13:11.087+0530] {processor.py:161} INFO - Started process (PID=140482) to work on /home/taushif/.local/lib/python3.10/site-packages/airflow/example_dags/example_branch_python_dop_operator_3.py
[2024-03-04T19:13:11.094+0530] {processor.py:830} INFO - Processing file /home/taushif/.local/lib/python3.10/site-packages/airflow/example_dags/example_branch_python_dop_operator_3.py for tasks to queue
[2024-03-04T19:13:11.095+0530] {logging_mixin.py:188} INFO - [2024-03-04T19:13:11.095+0530] {dagbag.py:540} INFO - Filling up the DagBag from /home/taushif/.local/lib/python3.10/site-packages/airflow/example_dags/example_branch_python_dop_operator_3.py
[2024-03-04T19:13:11.110+0530] {processor.py:840} INFO - DAG(s) 'example_branch_dop_operator_v3' retrieved from /home/taushif/.local/lib/python3.10/site-packages/airflow/example_dags/example_branch_python_dop_operator_3.py
[2024-03-04T19:13:11.127+0530] {logging_mixin.py:188} INFO - [2024-03-04T19:13:11.127+0530] {dag.py:3047} INFO - Sync 1 DAGs
[2024-03-04T19:13:11.145+0530] {logging_mixin.py:188} INFO - [2024-03-04T19:13:11.145+0530] {dag.py:3834} INFO - Setting next_dagrun for example_branch_dop_operator_v3 to 2024-03-04 13:42:00+00:00, run_after=2024-03-04 13:43:00+00:00
[2024-03-04T19:13:11.162+0530] {processor.py:183} INFO - Processing /home/taushif/.local/lib/python3.10/site-packages/airflow/example_dags/example_branch_python_dop_operator_3.py took 0.083 seconds
[2024-03-04T19:14:01.980+0530] {processor.py:161} INFO - Started process (PID=140950) to work on /home/taushif/.local/lib/python3.10/site-packages/airflow/example_dags/example_branch_python_dop_operator_3.py
[2024-03-04T19:14:01.987+0530] {processor.py:830} INFO - Processing file /home/taushif/.local/lib/python3.10/site-packages/airflow/example_dags/example_branch_python_dop_operator_3.py for tasks to queue
[2024-03-04T19:14:01.988+0530] {logging_mixin.py:188} INFO - [2024-03-04T19:14:01.988+0530] {dagbag.py:540} INFO - Filling up the DagBag from /home/taushif/.local/lib/python3.10/site-packages/airflow/example_dags/example_branch_python_dop_operator_3.py
[2024-03-04T19:14:01.999+0530] {processor.py:840} INFO - DAG(s) 'example_branch_dop_operator_v3' retrieved from /home/taushif/.local/lib/python3.10/site-packages/airflow/example_dags/example_branch_python_dop_operator_3.py
[2024-03-04T19:14:02.012+0530] {logging_mixin.py:188} INFO - [2024-03-04T19:14:02.012+0530] {dag.py:3047} INFO - Sync 1 DAGs
[2024-03-04T19:14:02.030+0530] {logging_mixin.py:188} INFO - [2024-03-04T19:14:02.030+0530] {dag.py:3834} INFO - Setting next_dagrun for example_branch_dop_operator_v3 to 2024-03-04 13:43:00+00:00, run_after=2024-03-04 13:44:00+00:00
[2024-03-04T19:14:02.048+0530] {processor.py:183} INFO - Processing /home/taushif/.local/lib/python3.10/site-packages/airflow/example_dags/example_branch_python_dop_operator_3.py took 0.073 seconds
[2024-03-04T19:14:54.361+0530] {processor.py:161} INFO - Started process (PID=141448) to work on /home/taushif/.local/lib/python3.10/site-packages/airflow/example_dags/example_branch_python_dop_operator_3.py
[2024-03-04T19:14:54.368+0530] {processor.py:830} INFO - Processing file /home/taushif/.local/lib/python3.10/site-packages/airflow/example_dags/example_branch_python_dop_operator_3.py for tasks to queue
[2024-03-04T19:14:54.368+0530] {logging_mixin.py:188} INFO - [2024-03-04T19:14:54.368+0530] {dagbag.py:540} INFO - Filling up the DagBag from /home/taushif/.local/lib/python3.10/site-packages/airflow/example_dags/example_branch_python_dop_operator_3.py
[2024-03-04T19:14:54.379+0530] {processor.py:840} INFO - DAG(s) 'example_branch_dop_operator_v3' retrieved from /home/taushif/.local/lib/python3.10/site-packages/airflow/example_dags/example_branch_python_dop_operator_3.py
[2024-03-04T19:14:54.393+0530] {logging_mixin.py:188} INFO - [2024-03-04T19:14:54.392+0530] {dag.py:3047} INFO - Sync 1 DAGs
[2024-03-04T19:14:54.416+0530] {logging_mixin.py:188} INFO - [2024-03-04T19:14:54.415+0530] {dag.py:3834} INFO - Setting next_dagrun for example_branch_dop_operator_v3 to 2024-03-04 13:43:00+00:00, run_after=2024-03-04 13:44:00+00:00
[2024-03-04T19:14:54.437+0530] {processor.py:183} INFO - Processing /home/taushif/.local/lib/python3.10/site-packages/airflow/example_dags/example_branch_python_dop_operator_3.py took 0.080 seconds
[2024-03-04T19:15:45.305+0530] {processor.py:161} INFO - Started process (PID=141927) to work on /home/taushif/.local/lib/python3.10/site-packages/airflow/example_dags/example_branch_python_dop_operator_3.py
[2024-03-04T19:15:45.311+0530] {processor.py:830} INFO - Processing file /home/taushif/.local/lib/python3.10/site-packages/airflow/example_dags/example_branch_python_dop_operator_3.py for tasks to queue
[2024-03-04T19:15:45.312+0530] {logging_mixin.py:188} INFO - [2024-03-04T19:15:45.311+0530] {dagbag.py:540} INFO - Filling up the DagBag from /home/taushif/.local/lib/python3.10/site-packages/airflow/example_dags/example_branch_python_dop_operator_3.py
[2024-03-04T19:15:45.319+0530] {processor.py:840} INFO - DAG(s) 'example_branch_dop_operator_v3' retrieved from /home/taushif/.local/lib/python3.10/site-packages/airflow/example_dags/example_branch_python_dop_operator_3.py
[2024-03-04T19:15:45.329+0530] {logging_mixin.py:188} INFO - [2024-03-04T19:15:45.329+0530] {dag.py:3047} INFO - Sync 1 DAGs
[2024-03-04T19:15:45.347+0530] {logging_mixin.py:188} INFO - [2024-03-04T19:15:45.347+0530] {dag.py:3834} INFO - Setting next_dagrun for example_branch_dop_operator_v3 to 2024-03-04 13:44:00+00:00, run_after=2024-03-04 13:45:00+00:00
[2024-03-04T19:15:45.365+0530] {processor.py:183} INFO - Processing /home/taushif/.local/lib/python3.10/site-packages/airflow/example_dags/example_branch_python_dop_operator_3.py took 0.062 seconds
