[2024-03-04T19:08:17.488+0530] {processor.py:161} INFO - Started process (PID=136679) to work on /home/taushif/.local/lib/python3.10/site-packages/airflow/example_dags/example_branch_day_of_week_operator.py
[2024-03-04T19:08:17.489+0530] {processor.py:830} INFO - Processing file /home/taushif/.local/lib/python3.10/site-packages/airflow/example_dags/example_branch_day_of_week_operator.py for tasks to queue
[2024-03-04T19:08:17.490+0530] {logging_mixin.py:188} INFO - [2024-03-04T19:08:17.490+0530] {dagbag.py:540} INFO - Filling up the DagBag from /home/taushif/.local/lib/python3.10/site-packages/airflow/example_dags/example_branch_day_of_week_operator.py
[2024-03-04T19:08:17.497+0530] {processor.py:840} INFO - DAG(s) 'example_weekday_branch_operator' retrieved from /home/taushif/.local/lib/python3.10/site-packages/airflow/example_dags/example_branch_day_of_week_operator.py
[2024-03-04T19:08:17.618+0530] {logging_mixin.py:188} INFO - [2024-03-04T19:08:17.618+0530] {dag.py:3047} INFO - Sync 1 DAGs
[2024-03-04T19:08:17.628+0530] {logging_mixin.py:188} INFO - [2024-03-04T19:08:17.628+0530] {dag.py:3834} INFO - Setting next_dagrun for example_weekday_branch_operator to 2024-03-03 00:00:00+00:00, run_after=2024-03-04 00:00:00+00:00
[2024-03-04T19:08:17.646+0530] {processor.py:183} INFO - Processing /home/taushif/.local/lib/python3.10/site-packages/airflow/example_dags/example_branch_day_of_week_operator.py took 0.162 seconds
[2024-03-04T19:09:17.918+0530] {processor.py:161} INFO - Started process (PID=137402) to work on /home/taushif/.local/lib/python3.10/site-packages/airflow/example_dags/example_branch_day_of_week_operator.py
[2024-03-04T19:09:17.924+0530] {processor.py:830} INFO - Processing file /home/taushif/.local/lib/python3.10/site-packages/airflow/example_dags/example_branch_day_of_week_operator.py for tasks to queue
[2024-03-04T19:09:17.926+0530] {logging_mixin.py:188} INFO - [2024-03-04T19:09:17.925+0530] {dagbag.py:540} INFO - Filling up the DagBag from /home/taushif/.local/lib/python3.10/site-packages/airflow/example_dags/example_branch_day_of_week_operator.py
[2024-03-04T19:09:17.936+0530] {processor.py:840} INFO - DAG(s) 'example_weekday_branch_operator' retrieved from /home/taushif/.local/lib/python3.10/site-packages/airflow/example_dags/example_branch_day_of_week_operator.py
[2024-03-04T19:09:17.946+0530] {logging_mixin.py:188} INFO - [2024-03-04T19:09:17.946+0530] {dag.py:3047} INFO - Sync 1 DAGs
[2024-03-04T19:09:17.958+0530] {logging_mixin.py:188} INFO - [2024-03-04T19:09:17.958+0530] {dag.py:3834} INFO - Setting next_dagrun for example_weekday_branch_operator to 2024-03-03 00:00:00+00:00, run_after=2024-03-04 00:00:00+00:00
[2024-03-04T19:09:17.971+0530] {processor.py:183} INFO - Processing /home/taushif/.local/lib/python3.10/site-packages/airflow/example_dags/example_branch_day_of_week_operator.py took 0.057 seconds
[2024-03-04T19:10:23.713+0530] {processor.py:161} INFO - Started process (PID=138429) to work on /home/taushif/.local/lib/python3.10/site-packages/airflow/example_dags/example_branch_day_of_week_operator.py
[2024-03-04T19:10:23.719+0530] {processor.py:830} INFO - Processing file /home/taushif/.local/lib/python3.10/site-packages/airflow/example_dags/example_branch_day_of_week_operator.py for tasks to queue
[2024-03-04T19:10:23.721+0530] {logging_mixin.py:188} INFO - [2024-03-04T19:10:23.720+0530] {dagbag.py:540} INFO - Filling up the DagBag from /home/taushif/.local/lib/python3.10/site-packages/airflow/example_dags/example_branch_day_of_week_operator.py
[2024-03-04T19:10:23.730+0530] {processor.py:840} INFO - DAG(s) 'example_weekday_branch_operator' retrieved from /home/taushif/.local/lib/python3.10/site-packages/airflow/example_dags/example_branch_day_of_week_operator.py
[2024-03-04T19:10:23.741+0530] {logging_mixin.py:188} INFO - [2024-03-04T19:10:23.741+0530] {dag.py:3047} INFO - Sync 1 DAGs
[2024-03-04T19:10:23.753+0530] {logging_mixin.py:188} INFO - [2024-03-04T19:10:23.753+0530] {dag.py:3834} INFO - Setting next_dagrun for example_weekday_branch_operator to 2024-03-03 00:00:00+00:00, run_after=2024-03-04 00:00:00+00:00
[2024-03-04T19:10:23.766+0530] {processor.py:183} INFO - Processing /home/taushif/.local/lib/python3.10/site-packages/airflow/example_dags/example_branch_day_of_week_operator.py took 0.057 seconds
[2024-03-04T19:11:27.575+0530] {processor.py:161} INFO - Started process (PID=139358) to work on /home/taushif/.local/lib/python3.10/site-packages/airflow/example_dags/example_branch_day_of_week_operator.py
[2024-03-04T19:11:27.581+0530] {processor.py:830} INFO - Processing file /home/taushif/.local/lib/python3.10/site-packages/airflow/example_dags/example_branch_day_of_week_operator.py for tasks to queue
[2024-03-04T19:11:27.582+0530] {logging_mixin.py:188} INFO - [2024-03-04T19:11:27.581+0530] {dagbag.py:540} INFO - Filling up the DagBag from /home/taushif/.local/lib/python3.10/site-packages/airflow/example_dags/example_branch_day_of_week_operator.py
[2024-03-04T19:11:27.588+0530] {processor.py:840} INFO - DAG(s) 'example_weekday_branch_operator' retrieved from /home/taushif/.local/lib/python3.10/site-packages/airflow/example_dags/example_branch_day_of_week_operator.py
[2024-03-04T19:11:27.599+0530] {logging_mixin.py:188} INFO - [2024-03-04T19:11:27.599+0530] {dag.py:3047} INFO - Sync 1 DAGs
[2024-03-04T19:11:27.611+0530] {logging_mixin.py:188} INFO - [2024-03-04T19:11:27.611+0530] {dag.py:3834} INFO - Setting next_dagrun for example_weekday_branch_operator to 2024-03-03 00:00:00+00:00, run_after=2024-03-04 00:00:00+00:00
[2024-03-04T19:11:27.628+0530] {processor.py:183} INFO - Processing /home/taushif/.local/lib/python3.10/site-packages/airflow/example_dags/example_branch_day_of_week_operator.py took 0.055 seconds
[2024-03-04T19:12:23.122+0530] {processor.py:161} INFO - Started process (PID=139959) to work on /home/taushif/.local/lib/python3.10/site-packages/airflow/example_dags/example_branch_day_of_week_operator.py
[2024-03-04T19:12:23.128+0530] {processor.py:830} INFO - Processing file /home/taushif/.local/lib/python3.10/site-packages/airflow/example_dags/example_branch_day_of_week_operator.py for tasks to queue
[2024-03-04T19:12:23.130+0530] {logging_mixin.py:188} INFO - [2024-03-04T19:12:23.129+0530] {dagbag.py:540} INFO - Filling up the DagBag from /home/taushif/.local/lib/python3.10/site-packages/airflow/example_dags/example_branch_day_of_week_operator.py
[2024-03-04T19:12:23.144+0530] {processor.py:840} INFO - DAG(s) 'example_weekday_branch_operator' retrieved from /home/taushif/.local/lib/python3.10/site-packages/airflow/example_dags/example_branch_day_of_week_operator.py
[2024-03-04T19:12:23.170+0530] {logging_mixin.py:188} INFO - [2024-03-04T19:12:23.169+0530] {dag.py:3047} INFO - Sync 1 DAGs
[2024-03-04T19:12:23.188+0530] {logging_mixin.py:188} INFO - [2024-03-04T19:12:23.188+0530] {dag.py:3834} INFO - Setting next_dagrun for example_weekday_branch_operator to 2024-03-03 00:00:00+00:00, run_after=2024-03-04 00:00:00+00:00
[2024-03-04T19:12:23.206+0530] {processor.py:183} INFO - Processing /home/taushif/.local/lib/python3.10/site-packages/airflow/example_dags/example_branch_day_of_week_operator.py took 0.089 seconds
[2024-03-04T19:13:09.388+0530] {processor.py:161} INFO - Started process (PID=140443) to work on /home/taushif/.local/lib/python3.10/site-packages/airflow/example_dags/example_branch_day_of_week_operator.py
[2024-03-04T19:13:09.394+0530] {processor.py:830} INFO - Processing file /home/taushif/.local/lib/python3.10/site-packages/airflow/example_dags/example_branch_day_of_week_operator.py for tasks to queue
[2024-03-04T19:13:09.397+0530] {logging_mixin.py:188} INFO - [2024-03-04T19:13:09.396+0530] {dagbag.py:540} INFO - Filling up the DagBag from /home/taushif/.local/lib/python3.10/site-packages/airflow/example_dags/example_branch_day_of_week_operator.py
[2024-03-04T19:13:09.411+0530] {processor.py:840} INFO - DAG(s) 'example_weekday_branch_operator' retrieved from /home/taushif/.local/lib/python3.10/site-packages/airflow/example_dags/example_branch_day_of_week_operator.py
[2024-03-04T19:13:09.442+0530] {logging_mixin.py:188} INFO - [2024-03-04T19:13:09.441+0530] {dag.py:3047} INFO - Sync 1 DAGs
[2024-03-04T19:13:09.471+0530] {logging_mixin.py:188} INFO - [2024-03-04T19:13:09.471+0530] {dag.py:3834} INFO - Setting next_dagrun for example_weekday_branch_operator to 2024-03-03 00:00:00+00:00, run_after=2024-03-04 00:00:00+00:00
[2024-03-04T19:13:09.495+0530] {processor.py:183} INFO - Processing /home/taushif/.local/lib/python3.10/site-packages/airflow/example_dags/example_branch_day_of_week_operator.py took 0.112 seconds
[2024-03-04T19:13:59.681+0530] {processor.py:161} INFO - Started process (PID=140933) to work on /home/taushif/.local/lib/python3.10/site-packages/airflow/example_dags/example_branch_day_of_week_operator.py
[2024-03-04T19:13:59.687+0530] {processor.py:830} INFO - Processing file /home/taushif/.local/lib/python3.10/site-packages/airflow/example_dags/example_branch_day_of_week_operator.py for tasks to queue
[2024-03-04T19:13:59.689+0530] {logging_mixin.py:188} INFO - [2024-03-04T19:13:59.688+0530] {dagbag.py:540} INFO - Filling up the DagBag from /home/taushif/.local/lib/python3.10/site-packages/airflow/example_dags/example_branch_day_of_week_operator.py
[2024-03-04T19:13:59.702+0530] {processor.py:840} INFO - DAG(s) 'example_weekday_branch_operator' retrieved from /home/taushif/.local/lib/python3.10/site-packages/airflow/example_dags/example_branch_day_of_week_operator.py
[2024-03-04T19:13:59.722+0530] {logging_mixin.py:188} INFO - [2024-03-04T19:13:59.722+0530] {dag.py:3047} INFO - Sync 1 DAGs
[2024-03-04T19:13:59.739+0530] {logging_mixin.py:188} INFO - [2024-03-04T19:13:59.738+0530] {dag.py:3834} INFO - Setting next_dagrun for example_weekday_branch_operator to 2024-03-03 00:00:00+00:00, run_after=2024-03-04 00:00:00+00:00
[2024-03-04T19:13:59.757+0530] {processor.py:183} INFO - Processing /home/taushif/.local/lib/python3.10/site-packages/airflow/example_dags/example_branch_day_of_week_operator.py took 0.080 seconds
[2024-03-04T19:14:52.854+0530] {processor.py:161} INFO - Started process (PID=141442) to work on /home/taushif/.local/lib/python3.10/site-packages/airflow/example_dags/example_branch_day_of_week_operator.py
[2024-03-04T19:14:52.861+0530] {processor.py:830} INFO - Processing file /home/taushif/.local/lib/python3.10/site-packages/airflow/example_dags/example_branch_day_of_week_operator.py for tasks to queue
[2024-03-04T19:14:52.863+0530] {logging_mixin.py:188} INFO - [2024-03-04T19:14:52.862+0530] {dagbag.py:540} INFO - Filling up the DagBag from /home/taushif/.local/lib/python3.10/site-packages/airflow/example_dags/example_branch_day_of_week_operator.py
[2024-03-04T19:14:52.879+0530] {processor.py:840} INFO - DAG(s) 'example_weekday_branch_operator' retrieved from /home/taushif/.local/lib/python3.10/site-packages/airflow/example_dags/example_branch_day_of_week_operator.py
[2024-03-04T19:14:52.902+0530] {logging_mixin.py:188} INFO - [2024-03-04T19:14:52.901+0530] {dag.py:3047} INFO - Sync 1 DAGs
[2024-03-04T19:14:52.918+0530] {logging_mixin.py:188} INFO - [2024-03-04T19:14:52.918+0530] {dag.py:3834} INFO - Setting next_dagrun for example_weekday_branch_operator to 2024-03-03 00:00:00+00:00, run_after=2024-03-04 00:00:00+00:00
[2024-03-04T19:14:52.935+0530] {processor.py:183} INFO - Processing /home/taushif/.local/lib/python3.10/site-packages/airflow/example_dags/example_branch_day_of_week_operator.py took 0.085 seconds
[2024-03-04T19:15:43.002+0530] {processor.py:161} INFO - Started process (PID=141908) to work on /home/taushif/.local/lib/python3.10/site-packages/airflow/example_dags/example_branch_day_of_week_operator.py
[2024-03-04T19:15:43.007+0530] {processor.py:830} INFO - Processing file /home/taushif/.local/lib/python3.10/site-packages/airflow/example_dags/example_branch_day_of_week_operator.py for tasks to queue
[2024-03-04T19:15:43.008+0530] {logging_mixin.py:188} INFO - [2024-03-04T19:15:43.008+0530] {dagbag.py:540} INFO - Filling up the DagBag from /home/taushif/.local/lib/python3.10/site-packages/airflow/example_dags/example_branch_day_of_week_operator.py
[2024-03-04T19:15:43.015+0530] {processor.py:840} INFO - DAG(s) 'example_weekday_branch_operator' retrieved from /home/taushif/.local/lib/python3.10/site-packages/airflow/example_dags/example_branch_day_of_week_operator.py
[2024-03-04T19:15:43.028+0530] {logging_mixin.py:188} INFO - [2024-03-04T19:15:43.028+0530] {dag.py:3047} INFO - Sync 1 DAGs
[2024-03-04T19:15:43.045+0530] {logging_mixin.py:188} INFO - [2024-03-04T19:15:43.045+0530] {dag.py:3834} INFO - Setting next_dagrun for example_weekday_branch_operator to 2024-03-03 00:00:00+00:00, run_after=2024-03-04 00:00:00+00:00
[2024-03-04T19:15:43.068+0530] {processor.py:183} INFO - Processing /home/taushif/.local/lib/python3.10/site-packages/airflow/example_dags/example_branch_day_of_week_operator.py took 0.068 seconds
