[2024-03-04T19:08:10.793+0530] {processor.py:161} INFO - Started process (PID=136624) to work on /home/taushif/.local/lib/python3.10/site-packages/airflow/example_dags/example_external_task_marker_dag.py
[2024-03-04T19:08:10.794+0530] {processor.py:830} INFO - Processing file /home/taushif/.local/lib/python3.10/site-packages/airflow/example_dags/example_external_task_marker_dag.py for tasks to queue
[2024-03-04T19:08:10.794+0530] {logging_mixin.py:188} INFO - [2024-03-04T19:08:10.794+0530] {dagbag.py:540} INFO - Filling up the DagBag from /home/taushif/.local/lib/python3.10/site-packages/airflow/example_dags/example_external_task_marker_dag.py
[2024-03-04T19:08:10.798+0530] {processor.py:840} INFO - DAG(s) 'example_external_task_marker_child', 'example_external_task_marker_parent' retrieved from /home/taushif/.local/lib/python3.10/site-packages/airflow/example_dags/example_external_task_marker_dag.py
[2024-03-04T19:08:10.928+0530] {logging_mixin.py:188} INFO - [2024-03-04T19:08:10.928+0530] {dag.py:3047} INFO - Sync 2 DAGs
[2024-03-04T19:08:10.934+0530] {logging_mixin.py:188} INFO - [2024-03-04T19:08:10.933+0530] {dag.py:3834} INFO - Setting next_dagrun for example_external_task_marker_child to None, run_after=None
[2024-03-04T19:08:10.935+0530] {logging_mixin.py:188} INFO - [2024-03-04T19:08:10.935+0530] {dag.py:3834} INFO - Setting next_dagrun for example_external_task_marker_parent to None, run_after=None
[2024-03-04T19:08:10.954+0530] {processor.py:183} INFO - Processing /home/taushif/.local/lib/python3.10/site-packages/airflow/example_dags/example_external_task_marker_dag.py took 0.163 seconds
[2024-03-04T19:09:00.571+0530] {processor.py:161} INFO - Started process (PID=137116) to work on /home/taushif/.local/lib/python3.10/site-packages/airflow/example_dags/example_external_task_marker_dag.py
[2024-03-04T19:09:00.577+0530] {processor.py:830} INFO - Processing file /home/taushif/.local/lib/python3.10/site-packages/airflow/example_dags/example_external_task_marker_dag.py for tasks to queue
[2024-03-04T19:09:00.578+0530] {logging_mixin.py:188} INFO - [2024-03-04T19:09:00.577+0530] {dagbag.py:540} INFO - Filling up the DagBag from /home/taushif/.local/lib/python3.10/site-packages/airflow/example_dags/example_external_task_marker_dag.py
[2024-03-04T19:09:00.657+0530] {processor.py:840} INFO - DAG(s) 'example_external_task_marker_child', 'example_external_task_marker_parent' retrieved from /home/taushif/.local/lib/python3.10/site-packages/airflow/example_dags/example_external_task_marker_dag.py
[2024-03-04T19:09:00.665+0530] {logging_mixin.py:188} INFO - [2024-03-04T19:09:00.665+0530] {dag.py:3047} INFO - Sync 2 DAGs
[2024-03-04T19:09:00.671+0530] {logging_mixin.py:188} INFO - [2024-03-04T19:09:00.671+0530] {dag.py:3834} INFO - Setting next_dagrun for example_external_task_marker_child to None, run_after=None
[2024-03-04T19:09:00.673+0530] {logging_mixin.py:188} INFO - [2024-03-04T19:09:00.673+0530] {dag.py:3834} INFO - Setting next_dagrun for example_external_task_marker_parent to None, run_after=None
[2024-03-04T19:09:00.686+0530] {processor.py:183} INFO - Processing /home/taushif/.local/lib/python3.10/site-packages/airflow/example_dags/example_external_task_marker_dag.py took 0.118 seconds
[2024-03-04T19:10:03.255+0530] {processor.py:161} INFO - Started process (PID=138126) to work on /home/taushif/.local/lib/python3.10/site-packages/airflow/example_dags/example_external_task_marker_dag.py
[2024-03-04T19:10:03.261+0530] {processor.py:830} INFO - Processing file /home/taushif/.local/lib/python3.10/site-packages/airflow/example_dags/example_external_task_marker_dag.py for tasks to queue
[2024-03-04T19:10:03.262+0530] {logging_mixin.py:188} INFO - [2024-03-04T19:10:03.261+0530] {dagbag.py:540} INFO - Filling up the DagBag from /home/taushif/.local/lib/python3.10/site-packages/airflow/example_dags/example_external_task_marker_dag.py
[2024-03-04T19:10:03.267+0530] {processor.py:840} INFO - DAG(s) 'example_external_task_marker_child', 'example_external_task_marker_parent' retrieved from /home/taushif/.local/lib/python3.10/site-packages/airflow/example_dags/example_external_task_marker_dag.py
[2024-03-04T19:10:03.281+0530] {logging_mixin.py:188} INFO - [2024-03-04T19:10:03.281+0530] {dag.py:3047} INFO - Sync 2 DAGs
[2024-03-04T19:10:03.289+0530] {logging_mixin.py:188} INFO - [2024-03-04T19:10:03.289+0530] {dag.py:3834} INFO - Setting next_dagrun for example_external_task_marker_child to None, run_after=None
[2024-03-04T19:10:03.292+0530] {logging_mixin.py:188} INFO - [2024-03-04T19:10:03.292+0530] {dag.py:3834} INFO - Setting next_dagrun for example_external_task_marker_parent to None, run_after=None
[2024-03-04T19:10:03.311+0530] {processor.py:183} INFO - Processing /home/taushif/.local/lib/python3.10/site-packages/airflow/example_dags/example_external_task_marker_dag.py took 0.059 seconds
[2024-03-04T19:11:06.814+0530] {processor.py:161} INFO - Started process (PID=139104) to work on /home/taushif/.local/lib/python3.10/site-packages/airflow/example_dags/example_external_task_marker_dag.py
[2024-03-04T19:11:06.820+0530] {processor.py:830} INFO - Processing file /home/taushif/.local/lib/python3.10/site-packages/airflow/example_dags/example_external_task_marker_dag.py for tasks to queue
[2024-03-04T19:11:06.821+0530] {logging_mixin.py:188} INFO - [2024-03-04T19:11:06.821+0530] {dagbag.py:540} INFO - Filling up the DagBag from /home/taushif/.local/lib/python3.10/site-packages/airflow/example_dags/example_external_task_marker_dag.py
[2024-03-04T19:11:06.826+0530] {processor.py:840} INFO - DAG(s) 'example_external_task_marker_child', 'example_external_task_marker_parent' retrieved from /home/taushif/.local/lib/python3.10/site-packages/airflow/example_dags/example_external_task_marker_dag.py
[2024-03-04T19:11:06.840+0530] {logging_mixin.py:188} INFO - [2024-03-04T19:11:06.840+0530] {dag.py:3047} INFO - Sync 2 DAGs
[2024-03-04T19:11:06.847+0530] {logging_mixin.py:188} INFO - [2024-03-04T19:11:06.847+0530] {dag.py:3834} INFO - Setting next_dagrun for example_external_task_marker_child to None, run_after=None
[2024-03-04T19:11:06.849+0530] {logging_mixin.py:188} INFO - [2024-03-04T19:11:06.849+0530] {dag.py:3834} INFO - Setting next_dagrun for example_external_task_marker_parent to None, run_after=None
[2024-03-04T19:11:06.863+0530] {processor.py:183} INFO - Processing /home/taushif/.local/lib/python3.10/site-packages/airflow/example_dags/example_external_task_marker_dag.py took 0.050 seconds
[2024-03-04T19:12:08.491+0530] {processor.py:161} INFO - Started process (PID=139825) to work on /home/taushif/.local/lib/python3.10/site-packages/airflow/example_dags/example_external_task_marker_dag.py
[2024-03-04T19:12:08.497+0530] {processor.py:830} INFO - Processing file /home/taushif/.local/lib/python3.10/site-packages/airflow/example_dags/example_external_task_marker_dag.py for tasks to queue
[2024-03-04T19:12:08.498+0530] {logging_mixin.py:188} INFO - [2024-03-04T19:12:08.498+0530] {dagbag.py:540} INFO - Filling up the DagBag from /home/taushif/.local/lib/python3.10/site-packages/airflow/example_dags/example_external_task_marker_dag.py
[2024-03-04T19:12:08.503+0530] {processor.py:840} INFO - DAG(s) 'example_external_task_marker_parent', 'example_external_task_marker_child' retrieved from /home/taushif/.local/lib/python3.10/site-packages/airflow/example_dags/example_external_task_marker_dag.py
[2024-03-04T19:12:08.523+0530] {logging_mixin.py:188} INFO - [2024-03-04T19:12:08.522+0530] {dag.py:3047} INFO - Sync 2 DAGs
[2024-03-04T19:12:08.533+0530] {logging_mixin.py:188} INFO - [2024-03-04T19:12:08.533+0530] {dag.py:3834} INFO - Setting next_dagrun for example_external_task_marker_child to None, run_after=None
[2024-03-04T19:12:08.538+0530] {logging_mixin.py:188} INFO - [2024-03-04T19:12:08.538+0530] {dag.py:3834} INFO - Setting next_dagrun for example_external_task_marker_parent to None, run_after=None
[2024-03-04T19:12:08.562+0530] {processor.py:183} INFO - Processing /home/taushif/.local/lib/python3.10/site-packages/airflow/example_dags/example_external_task_marker_dag.py took 0.076 seconds
[2024-03-04T19:12:56.752+0530] {processor.py:161} INFO - Started process (PID=140320) to work on /home/taushif/.local/lib/python3.10/site-packages/airflow/example_dags/example_external_task_marker_dag.py
[2024-03-04T19:12:56.758+0530] {processor.py:830} INFO - Processing file /home/taushif/.local/lib/python3.10/site-packages/airflow/example_dags/example_external_task_marker_dag.py for tasks to queue
[2024-03-04T19:12:56.759+0530] {logging_mixin.py:188} INFO - [2024-03-04T19:12:56.759+0530] {dagbag.py:540} INFO - Filling up the DagBag from /home/taushif/.local/lib/python3.10/site-packages/airflow/example_dags/example_external_task_marker_dag.py
[2024-03-04T19:12:56.764+0530] {processor.py:840} INFO - DAG(s) 'example_external_task_marker_child', 'example_external_task_marker_parent' retrieved from /home/taushif/.local/lib/python3.10/site-packages/airflow/example_dags/example_external_task_marker_dag.py
[2024-03-04T19:12:56.779+0530] {logging_mixin.py:188} INFO - [2024-03-04T19:12:56.779+0530] {dag.py:3047} INFO - Sync 2 DAGs
[2024-03-04T19:12:56.786+0530] {logging_mixin.py:188} INFO - [2024-03-04T19:12:56.786+0530] {dag.py:3834} INFO - Setting next_dagrun for example_external_task_marker_child to None, run_after=None
[2024-03-04T19:12:56.788+0530] {logging_mixin.py:188} INFO - [2024-03-04T19:12:56.788+0530] {dag.py:3834} INFO - Setting next_dagrun for example_external_task_marker_parent to None, run_after=None
[2024-03-04T19:12:56.803+0530] {processor.py:183} INFO - Processing /home/taushif/.local/lib/python3.10/site-packages/airflow/example_dags/example_external_task_marker_dag.py took 0.054 seconds
[2024-03-04T19:13:45.421+0530] {processor.py:161} INFO - Started process (PID=140805) to work on /home/taushif/.local/lib/python3.10/site-packages/airflow/example_dags/example_external_task_marker_dag.py
[2024-03-04T19:13:45.427+0530] {processor.py:830} INFO - Processing file /home/taushif/.local/lib/python3.10/site-packages/airflow/example_dags/example_external_task_marker_dag.py for tasks to queue
[2024-03-04T19:13:45.430+0530] {logging_mixin.py:188} INFO - [2024-03-04T19:13:45.429+0530] {dagbag.py:540} INFO - Filling up the DagBag from /home/taushif/.local/lib/python3.10/site-packages/airflow/example_dags/example_external_task_marker_dag.py
[2024-03-04T19:13:45.442+0530] {processor.py:840} INFO - DAG(s) 'example_external_task_marker_parent', 'example_external_task_marker_child' retrieved from /home/taushif/.local/lib/python3.10/site-packages/airflow/example_dags/example_external_task_marker_dag.py
[2024-03-04T19:13:45.474+0530] {logging_mixin.py:188} INFO - [2024-03-04T19:13:45.474+0530] {dag.py:3047} INFO - Sync 2 DAGs
[2024-03-04T19:13:45.487+0530] {logging_mixin.py:188} INFO - [2024-03-04T19:13:45.487+0530] {dag.py:3834} INFO - Setting next_dagrun for example_external_task_marker_child to None, run_after=None
[2024-03-04T19:13:45.489+0530] {logging_mixin.py:188} INFO - [2024-03-04T19:13:45.489+0530] {dag.py:3834} INFO - Setting next_dagrun for example_external_task_marker_parent to None, run_after=None
[2024-03-04T19:13:45.511+0530] {processor.py:183} INFO - Processing /home/taushif/.local/lib/python3.10/site-packages/airflow/example_dags/example_external_task_marker_dag.py took 0.095 seconds
[2024-03-04T19:14:37.726+0530] {processor.py:161} INFO - Started process (PID=141299) to work on /home/taushif/.local/lib/python3.10/site-packages/airflow/example_dags/example_external_task_marker_dag.py
[2024-03-04T19:14:37.732+0530] {processor.py:830} INFO - Processing file /home/taushif/.local/lib/python3.10/site-packages/airflow/example_dags/example_external_task_marker_dag.py for tasks to queue
[2024-03-04T19:14:37.733+0530] {logging_mixin.py:188} INFO - [2024-03-04T19:14:37.733+0530] {dagbag.py:540} INFO - Filling up the DagBag from /home/taushif/.local/lib/python3.10/site-packages/airflow/example_dags/example_external_task_marker_dag.py
[2024-03-04T19:14:37.739+0530] {processor.py:840} INFO - DAG(s) 'example_external_task_marker_parent', 'example_external_task_marker_child' retrieved from /home/taushif/.local/lib/python3.10/site-packages/airflow/example_dags/example_external_task_marker_dag.py
[2024-03-04T19:14:37.761+0530] {logging_mixin.py:188} INFO - [2024-03-04T19:14:37.761+0530] {dag.py:3047} INFO - Sync 2 DAGs
[2024-03-04T19:14:37.770+0530] {logging_mixin.py:188} INFO - [2024-03-04T19:14:37.770+0530] {dag.py:3834} INFO - Setting next_dagrun for example_external_task_marker_child to None, run_after=None
[2024-03-04T19:14:37.773+0530] {logging_mixin.py:188} INFO - [2024-03-04T19:14:37.773+0530] {dag.py:3834} INFO - Setting next_dagrun for example_external_task_marker_parent to None, run_after=None
[2024-03-04T19:14:37.796+0530] {processor.py:183} INFO - Processing /home/taushif/.local/lib/python3.10/site-packages/airflow/example_dags/example_external_task_marker_dag.py took 0.074 seconds
[2024-03-04T19:15:28.058+0530] {processor.py:161} INFO - Started process (PID=141772) to work on /home/taushif/.local/lib/python3.10/site-packages/airflow/example_dags/example_external_task_marker_dag.py
[2024-03-04T19:15:28.064+0530] {processor.py:830} INFO - Processing file /home/taushif/.local/lib/python3.10/site-packages/airflow/example_dags/example_external_task_marker_dag.py for tasks to queue
[2024-03-04T19:15:28.065+0530] {logging_mixin.py:188} INFO - [2024-03-04T19:15:28.065+0530] {dagbag.py:540} INFO - Filling up the DagBag from /home/taushif/.local/lib/python3.10/site-packages/airflow/example_dags/example_external_task_marker_dag.py
[2024-03-04T19:15:28.073+0530] {processor.py:840} INFO - DAG(s) 'example_external_task_marker_parent', 'example_external_task_marker_child' retrieved from /home/taushif/.local/lib/python3.10/site-packages/airflow/example_dags/example_external_task_marker_dag.py
[2024-03-04T19:15:28.090+0530] {logging_mixin.py:188} INFO - [2024-03-04T19:15:28.089+0530] {dag.py:3047} INFO - Sync 2 DAGs
[2024-03-04T19:15:28.097+0530] {logging_mixin.py:188} INFO - [2024-03-04T19:15:28.097+0530] {dag.py:3834} INFO - Setting next_dagrun for example_external_task_marker_child to None, run_after=None
[2024-03-04T19:15:28.099+0530] {logging_mixin.py:188} INFO - [2024-03-04T19:15:28.099+0530] {dag.py:3834} INFO - Setting next_dagrun for example_external_task_marker_parent to None, run_after=None
[2024-03-04T19:15:28.112+0530] {processor.py:183} INFO - Processing /home/taushif/.local/lib/python3.10/site-packages/airflow/example_dags/example_external_task_marker_dag.py took 0.057 seconds
