[2024-03-04T19:08:20.256+0530] {processor.py:161} INFO - Started process (PID=136715) to work on /home/taushif/.local/lib/python3.10/site-packages/airflow/example_dags/example_complex.py
[2024-03-04T19:08:20.257+0530] {processor.py:830} INFO - Processing file /home/taushif/.local/lib/python3.10/site-packages/airflow/example_dags/example_complex.py for tasks to queue
[2024-03-04T19:08:20.258+0530] {logging_mixin.py:188} INFO - [2024-03-04T19:08:20.258+0530] {dagbag.py:540} INFO - Filling up the DagBag from /home/taushif/.local/lib/python3.10/site-packages/airflow/example_dags/example_complex.py
[2024-03-04T19:08:20.267+0530] {processor.py:840} INFO - DAG(s) 'example_complex' retrieved from /home/taushif/.local/lib/python3.10/site-packages/airflow/example_dags/example_complex.py
[2024-03-04T19:08:20.404+0530] {logging_mixin.py:188} INFO - [2024-03-04T19:08:20.404+0530] {dag.py:3047} INFO - Sync 1 DAGs
[2024-03-04T19:08:20.413+0530] {logging_mixin.py:188} INFO - [2024-03-04T19:08:20.412+0530] {dag.py:3834} INFO - Setting next_dagrun for example_complex to None, run_after=None
[2024-03-04T19:08:20.432+0530] {processor.py:183} INFO - Processing /home/taushif/.local/lib/python3.10/site-packages/airflow/example_dags/example_complex.py took 0.180 seconds
[2024-03-04T19:09:20.862+0530] {processor.py:161} INFO - Started process (PID=137423) to work on /home/taushif/.local/lib/python3.10/site-packages/airflow/example_dags/example_complex.py
[2024-03-04T19:09:20.868+0530] {processor.py:830} INFO - Processing file /home/taushif/.local/lib/python3.10/site-packages/airflow/example_dags/example_complex.py for tasks to queue
[2024-03-04T19:09:20.870+0530] {logging_mixin.py:188} INFO - [2024-03-04T19:09:20.869+0530] {dagbag.py:540} INFO - Filling up the DagBag from /home/taushif/.local/lib/python3.10/site-packages/airflow/example_dags/example_complex.py
[2024-03-04T19:09:20.881+0530] {processor.py:840} INFO - DAG(s) 'example_complex' retrieved from /home/taushif/.local/lib/python3.10/site-packages/airflow/example_dags/example_complex.py
[2024-03-04T19:09:20.896+0530] {logging_mixin.py:188} INFO - [2024-03-04T19:09:20.896+0530] {dag.py:3047} INFO - Sync 1 DAGs
[2024-03-04T19:09:20.903+0530] {logging_mixin.py:188} INFO - [2024-03-04T19:09:20.903+0530] {dag.py:3834} INFO - Setting next_dagrun for example_complex to None, run_after=None
[2024-03-04T19:09:20.918+0530] {processor.py:183} INFO - Processing /home/taushif/.local/lib/python3.10/site-packages/airflow/example_dags/example_complex.py took 0.060 seconds
[2024-03-04T19:10:26.589+0530] {processor.py:161} INFO - Started process (PID=138463) to work on /home/taushif/.local/lib/python3.10/site-packages/airflow/example_dags/example_complex.py
[2024-03-04T19:10:26.595+0530] {processor.py:830} INFO - Processing file /home/taushif/.local/lib/python3.10/site-packages/airflow/example_dags/example_complex.py for tasks to queue
[2024-03-04T19:10:26.596+0530] {logging_mixin.py:188} INFO - [2024-03-04T19:10:26.595+0530] {dagbag.py:540} INFO - Filling up the DagBag from /home/taushif/.local/lib/python3.10/site-packages/airflow/example_dags/example_complex.py
[2024-03-04T19:10:26.603+0530] {processor.py:840} INFO - DAG(s) 'example_complex' retrieved from /home/taushif/.local/lib/python3.10/site-packages/airflow/example_dags/example_complex.py
[2024-03-04T19:10:26.619+0530] {logging_mixin.py:188} INFO - [2024-03-04T19:10:26.619+0530] {dag.py:3047} INFO - Sync 1 DAGs
[2024-03-04T19:10:26.625+0530] {logging_mixin.py:188} INFO - [2024-03-04T19:10:26.625+0530] {dag.py:3834} INFO - Setting next_dagrun for example_complex to None, run_after=None
[2024-03-04T19:10:26.639+0530] {processor.py:183} INFO - Processing /home/taushif/.local/lib/python3.10/site-packages/airflow/example_dags/example_complex.py took 0.053 seconds
[2024-03-04T19:11:31.139+0530] {processor.py:161} INFO - Started process (PID=139397) to work on /home/taushif/.local/lib/python3.10/site-packages/airflow/example_dags/example_complex.py
[2024-03-04T19:11:31.146+0530] {processor.py:830} INFO - Processing file /home/taushif/.local/lib/python3.10/site-packages/airflow/example_dags/example_complex.py for tasks to queue
[2024-03-04T19:11:31.147+0530] {logging_mixin.py:188} INFO - [2024-03-04T19:11:31.147+0530] {dagbag.py:540} INFO - Filling up the DagBag from /home/taushif/.local/lib/python3.10/site-packages/airflow/example_dags/example_complex.py
[2024-03-04T19:11:31.159+0530] {processor.py:840} INFO - DAG(s) 'example_complex' retrieved from /home/taushif/.local/lib/python3.10/site-packages/airflow/example_dags/example_complex.py
[2024-03-04T19:11:31.175+0530] {logging_mixin.py:188} INFO - [2024-03-04T19:11:31.175+0530] {dag.py:3047} INFO - Sync 1 DAGs
[2024-03-04T19:11:31.181+0530] {logging_mixin.py:188} INFO - [2024-03-04T19:11:31.181+0530] {dag.py:3834} INFO - Setting next_dagrun for example_complex to None, run_after=None
[2024-03-04T19:11:31.211+0530] {processor.py:183} INFO - Processing /home/taushif/.local/lib/python3.10/site-packages/airflow/example_dags/example_complex.py took 0.076 seconds
[2024-03-04T19:12:25.717+0530] {processor.py:161} INFO - Started process (PID=139977) to work on /home/taushif/.local/lib/python3.10/site-packages/airflow/example_dags/example_complex.py
[2024-03-04T19:12:25.723+0530] {processor.py:830} INFO - Processing file /home/taushif/.local/lib/python3.10/site-packages/airflow/example_dags/example_complex.py for tasks to queue
[2024-03-04T19:12:25.724+0530] {logging_mixin.py:188} INFO - [2024-03-04T19:12:25.724+0530] {dagbag.py:540} INFO - Filling up the DagBag from /home/taushif/.local/lib/python3.10/site-packages/airflow/example_dags/example_complex.py
[2024-03-04T19:12:25.736+0530] {processor.py:840} INFO - DAG(s) 'example_complex' retrieved from /home/taushif/.local/lib/python3.10/site-packages/airflow/example_dags/example_complex.py
[2024-03-04T19:12:25.765+0530] {logging_mixin.py:188} INFO - [2024-03-04T19:12:25.764+0530] {dag.py:3047} INFO - Sync 1 DAGs
[2024-03-04T19:12:25.772+0530] {logging_mixin.py:188} INFO - [2024-03-04T19:12:25.772+0530] {dag.py:3834} INFO - Setting next_dagrun for example_complex to None, run_after=None
[2024-03-04T19:12:25.786+0530] {processor.py:183} INFO - Processing /home/taushif/.local/lib/python3.10/site-packages/airflow/example_dags/example_complex.py took 0.072 seconds
[2024-03-04T19:13:12.227+0530] {processor.py:161} INFO - Started process (PID=140500) to work on /home/taushif/.local/lib/python3.10/site-packages/airflow/example_dags/example_complex.py
[2024-03-04T19:13:12.234+0530] {processor.py:830} INFO - Processing file /home/taushif/.local/lib/python3.10/site-packages/airflow/example_dags/example_complex.py for tasks to queue
[2024-03-04T19:13:12.236+0530] {logging_mixin.py:188} INFO - [2024-03-04T19:13:12.235+0530] {dagbag.py:540} INFO - Filling up the DagBag from /home/taushif/.local/lib/python3.10/site-packages/airflow/example_dags/example_complex.py
[2024-03-04T19:13:12.243+0530] {processor.py:840} INFO - DAG(s) 'example_complex' retrieved from /home/taushif/.local/lib/python3.10/site-packages/airflow/example_dags/example_complex.py
[2024-03-04T19:13:12.271+0530] {logging_mixin.py:188} INFO - [2024-03-04T19:13:12.271+0530] {dag.py:3047} INFO - Sync 1 DAGs
[2024-03-04T19:13:12.280+0530] {logging_mixin.py:188} INFO - [2024-03-04T19:13:12.280+0530] {dag.py:3834} INFO - Setting next_dagrun for example_complex to None, run_after=None
[2024-03-04T19:13:12.307+0530] {processor.py:183} INFO - Processing /home/taushif/.local/lib/python3.10/site-packages/airflow/example_dags/example_complex.py took 0.081 seconds
[2024-03-04T19:14:02.542+0530] {processor.py:161} INFO - Started process (PID=140967) to work on /home/taushif/.local/lib/python3.10/site-packages/airflow/example_dags/example_complex.py
[2024-03-04T19:14:02.549+0530] {processor.py:830} INFO - Processing file /home/taushif/.local/lib/python3.10/site-packages/airflow/example_dags/example_complex.py for tasks to queue
[2024-03-04T19:14:02.551+0530] {logging_mixin.py:188} INFO - [2024-03-04T19:14:02.550+0530] {dagbag.py:540} INFO - Filling up the DagBag from /home/taushif/.local/lib/python3.10/site-packages/airflow/example_dags/example_complex.py
[2024-03-04T19:14:02.571+0530] {processor.py:840} INFO - DAG(s) 'example_complex' retrieved from /home/taushif/.local/lib/python3.10/site-packages/airflow/example_dags/example_complex.py
[2024-03-04T19:14:02.598+0530] {logging_mixin.py:188} INFO - [2024-03-04T19:14:02.598+0530] {dag.py:3047} INFO - Sync 1 DAGs
[2024-03-04T19:14:02.608+0530] {logging_mixin.py:188} INFO - [2024-03-04T19:14:02.608+0530] {dag.py:3834} INFO - Setting next_dagrun for example_complex to None, run_after=None
[2024-03-04T19:14:02.627+0530] {processor.py:183} INFO - Processing /home/taushif/.local/lib/python3.10/site-packages/airflow/example_dags/example_complex.py took 0.090 seconds
[2024-03-04T19:14:55.348+0530] {processor.py:161} INFO - Started process (PID=141465) to work on /home/taushif/.local/lib/python3.10/site-packages/airflow/example_dags/example_complex.py
[2024-03-04T19:14:55.355+0530] {processor.py:830} INFO - Processing file /home/taushif/.local/lib/python3.10/site-packages/airflow/example_dags/example_complex.py for tasks to queue
[2024-03-04T19:14:55.356+0530] {logging_mixin.py:188} INFO - [2024-03-04T19:14:55.356+0530] {dagbag.py:540} INFO - Filling up the DagBag from /home/taushif/.local/lib/python3.10/site-packages/airflow/example_dags/example_complex.py
[2024-03-04T19:14:55.377+0530] {processor.py:840} INFO - DAG(s) 'example_complex' retrieved from /home/taushif/.local/lib/python3.10/site-packages/airflow/example_dags/example_complex.py
[2024-03-04T19:14:55.409+0530] {logging_mixin.py:188} INFO - [2024-03-04T19:14:55.409+0530] {dag.py:3047} INFO - Sync 1 DAGs
[2024-03-04T19:14:55.418+0530] {logging_mixin.py:188} INFO - [2024-03-04T19:14:55.418+0530] {dag.py:3834} INFO - Setting next_dagrun for example_complex to None, run_after=None
[2024-03-04T19:14:55.434+0530] {processor.py:183} INFO - Processing /home/taushif/.local/lib/python3.10/site-packages/airflow/example_dags/example_complex.py took 0.091 seconds
[2024-03-04T19:15:45.865+0530] {processor.py:161} INFO - Started process (PID=141931) to work on /home/taushif/.local/lib/python3.10/site-packages/airflow/example_dags/example_complex.py
[2024-03-04T19:15:45.871+0530] {processor.py:830} INFO - Processing file /home/taushif/.local/lib/python3.10/site-packages/airflow/example_dags/example_complex.py for tasks to queue
[2024-03-04T19:15:45.872+0530] {logging_mixin.py:188} INFO - [2024-03-04T19:15:45.872+0530] {dagbag.py:540} INFO - Filling up the DagBag from /home/taushif/.local/lib/python3.10/site-packages/airflow/example_dags/example_complex.py
[2024-03-04T19:15:45.879+0530] {processor.py:840} INFO - DAG(s) 'example_complex' retrieved from /home/taushif/.local/lib/python3.10/site-packages/airflow/example_dags/example_complex.py
[2024-03-04T19:15:45.895+0530] {logging_mixin.py:188} INFO - [2024-03-04T19:15:45.895+0530] {dag.py:3047} INFO - Sync 1 DAGs
[2024-03-04T19:15:45.904+0530] {logging_mixin.py:188} INFO - [2024-03-04T19:15:45.903+0530] {dag.py:3834} INFO - Setting next_dagrun for example_complex to None, run_after=None
[2024-03-04T19:15:45.920+0530] {processor.py:183} INFO - Processing /home/taushif/.local/lib/python3.10/site-packages/airflow/example_dags/example_complex.py took 0.057 seconds
