[2024-03-04T19:08:23.887+0530] {processor.py:161} INFO - Started process (PID=136756) to work on /home/taushif/.local/lib/python3.10/site-packages/airflow/example_dags/example_branch_datetime_operator.py
[2024-03-04T19:08:23.888+0530] {processor.py:830} INFO - Processing file /home/taushif/.local/lib/python3.10/site-packages/airflow/example_dags/example_branch_datetime_operator.py for tasks to queue
[2024-03-04T19:08:23.889+0530] {logging_mixin.py:188} INFO - [2024-03-04T19:08:23.889+0530] {dagbag.py:540} INFO - Filling up the DagBag from /home/taushif/.local/lib/python3.10/site-packages/airflow/example_dags/example_branch_datetime_operator.py
[2024-03-04T19:08:23.907+0530] {processor.py:840} INFO - DAG(s) 'example_branch_datetime_operator_2', 'example_branch_datetime_operator', 'example_branch_datetime_operator_3' retrieved from /home/taushif/.local/lib/python3.10/site-packages/airflow/example_dags/example_branch_datetime_operator.py
[2024-03-04T19:08:24.087+0530] {logging_mixin.py:188} INFO - [2024-03-04T19:08:24.086+0530] {dag.py:3047} INFO - Sync 3 DAGs
[2024-03-04T19:08:24.105+0530] {logging_mixin.py:188} INFO - [2024-03-04T19:08:24.104+0530] {dag.py:3834} INFO - Setting next_dagrun for example_branch_datetime_operator to 2024-03-03 00:00:00+00:00, run_after=2024-03-04 00:00:00+00:00
[2024-03-04T19:08:24.109+0530] {logging_mixin.py:188} INFO - [2024-03-04T19:08:24.108+0530] {dag.py:3834} INFO - Setting next_dagrun for example_branch_datetime_operator_2 to 2024-03-03 00:00:00+00:00, run_after=2024-03-04 00:00:00+00:00
[2024-03-04T19:08:24.112+0530] {logging_mixin.py:188} INFO - [2024-03-04T19:08:24.112+0530] {dag.py:3834} INFO - Setting next_dagrun for example_branch_datetime_operator_3 to 2024-03-03 00:00:00+00:00, run_after=2024-03-04 00:00:00+00:00
[2024-03-04T19:08:24.133+0530] {processor.py:183} INFO - Processing /home/taushif/.local/lib/python3.10/site-packages/airflow/example_dags/example_branch_datetime_operator.py took 0.251 seconds
[2024-03-04T19:09:23.727+0530] {processor.py:161} INFO - Started process (PID=137474) to work on /home/taushif/.local/lib/python3.10/site-packages/airflow/example_dags/example_branch_datetime_operator.py
[2024-03-04T19:09:23.732+0530] {processor.py:830} INFO - Processing file /home/taushif/.local/lib/python3.10/site-packages/airflow/example_dags/example_branch_datetime_operator.py for tasks to queue
[2024-03-04T19:09:23.733+0530] {logging_mixin.py:188} INFO - [2024-03-04T19:09:23.733+0530] {dagbag.py:540} INFO - Filling up the DagBag from /home/taushif/.local/lib/python3.10/site-packages/airflow/example_dags/example_branch_datetime_operator.py
[2024-03-04T19:09:23.741+0530] {processor.py:840} INFO - DAG(s) 'example_branch_datetime_operator_2', 'example_branch_datetime_operator', 'example_branch_datetime_operator_3' retrieved from /home/taushif/.local/lib/python3.10/site-packages/airflow/example_dags/example_branch_datetime_operator.py
[2024-03-04T19:09:23.755+0530] {logging_mixin.py:188} INFO - [2024-03-04T19:09:23.755+0530] {dag.py:3047} INFO - Sync 3 DAGs
[2024-03-04T19:09:23.768+0530] {logging_mixin.py:188} INFO - [2024-03-04T19:09:23.768+0530] {dag.py:3834} INFO - Setting next_dagrun for example_branch_datetime_operator to 2024-03-03 00:00:00+00:00, run_after=2024-03-04 00:00:00+00:00
[2024-03-04T19:09:23.771+0530] {logging_mixin.py:188} INFO - [2024-03-04T19:09:23.771+0530] {dag.py:3834} INFO - Setting next_dagrun for example_branch_datetime_operator_2 to 2024-03-03 00:00:00+00:00, run_after=2024-03-04 00:00:00+00:00
[2024-03-04T19:09:23.773+0530] {logging_mixin.py:188} INFO - [2024-03-04T19:09:23.773+0530] {dag.py:3834} INFO - Setting next_dagrun for example_branch_datetime_operator_3 to 2024-03-03 00:00:00+00:00, run_after=2024-03-04 00:00:00+00:00
[2024-03-04T19:09:23.787+0530] {processor.py:183} INFO - Processing /home/taushif/.local/lib/python3.10/site-packages/airflow/example_dags/example_branch_datetime_operator.py took 0.063 seconds
[2024-03-04T19:10:29.453+0530] {processor.py:161} INFO - Started process (PID=138483) to work on /home/taushif/.local/lib/python3.10/site-packages/airflow/example_dags/example_branch_datetime_operator.py
[2024-03-04T19:10:29.459+0530] {processor.py:830} INFO - Processing file /home/taushif/.local/lib/python3.10/site-packages/airflow/example_dags/example_branch_datetime_operator.py for tasks to queue
[2024-03-04T19:10:29.461+0530] {logging_mixin.py:188} INFO - [2024-03-04T19:10:29.460+0530] {dagbag.py:540} INFO - Filling up the DagBag from /home/taushif/.local/lib/python3.10/site-packages/airflow/example_dags/example_branch_datetime_operator.py
[2024-03-04T19:10:29.471+0530] {processor.py:840} INFO - DAG(s) 'example_branch_datetime_operator_3', 'example_branch_datetime_operator_2', 'example_branch_datetime_operator' retrieved from /home/taushif/.local/lib/python3.10/site-packages/airflow/example_dags/example_branch_datetime_operator.py
[2024-03-04T19:10:29.485+0530] {logging_mixin.py:188} INFO - [2024-03-04T19:10:29.485+0530] {dag.py:3047} INFO - Sync 3 DAGs
[2024-03-04T19:10:29.496+0530] {logging_mixin.py:188} INFO - [2024-03-04T19:10:29.496+0530] {dag.py:3834} INFO - Setting next_dagrun for example_branch_datetime_operator to 2024-03-03 00:00:00+00:00, run_after=2024-03-04 00:00:00+00:00
[2024-03-04T19:10:29.499+0530] {logging_mixin.py:188} INFO - [2024-03-04T19:10:29.499+0530] {dag.py:3834} INFO - Setting next_dagrun for example_branch_datetime_operator_2 to 2024-03-03 00:00:00+00:00, run_after=2024-03-04 00:00:00+00:00
[2024-03-04T19:10:29.500+0530] {logging_mixin.py:188} INFO - [2024-03-04T19:10:29.500+0530] {dag.py:3834} INFO - Setting next_dagrun for example_branch_datetime_operator_3 to 2024-03-03 00:00:00+00:00, run_after=2024-03-04 00:00:00+00:00
[2024-03-04T19:10:29.512+0530] {processor.py:183} INFO - Processing /home/taushif/.local/lib/python3.10/site-packages/airflow/example_dags/example_branch_datetime_operator.py took 0.063 seconds
[2024-03-04T19:11:33.884+0530] {processor.py:161} INFO - Started process (PID=139416) to work on /home/taushif/.local/lib/python3.10/site-packages/airflow/example_dags/example_branch_datetime_operator.py
[2024-03-04T19:11:33.890+0530] {processor.py:830} INFO - Processing file /home/taushif/.local/lib/python3.10/site-packages/airflow/example_dags/example_branch_datetime_operator.py for tasks to queue
[2024-03-04T19:11:33.891+0530] {logging_mixin.py:188} INFO - [2024-03-04T19:11:33.890+0530] {dagbag.py:540} INFO - Filling up the DagBag from /home/taushif/.local/lib/python3.10/site-packages/airflow/example_dags/example_branch_datetime_operator.py
[2024-03-04T19:11:33.902+0530] {processor.py:840} INFO - DAG(s) 'example_branch_datetime_operator_3', 'example_branch_datetime_operator', 'example_branch_datetime_operator_2' retrieved from /home/taushif/.local/lib/python3.10/site-packages/airflow/example_dags/example_branch_datetime_operator.py
[2024-03-04T19:11:33.915+0530] {logging_mixin.py:188} INFO - [2024-03-04T19:11:33.915+0530] {dag.py:3047} INFO - Sync 3 DAGs
[2024-03-04T19:11:33.928+0530] {logging_mixin.py:188} INFO - [2024-03-04T19:11:33.928+0530] {dag.py:3834} INFO - Setting next_dagrun for example_branch_datetime_operator to 2024-03-03 00:00:00+00:00, run_after=2024-03-04 00:00:00+00:00
[2024-03-04T19:11:33.931+0530] {logging_mixin.py:188} INFO - [2024-03-04T19:11:33.930+0530] {dag.py:3834} INFO - Setting next_dagrun for example_branch_datetime_operator_2 to 2024-03-03 00:00:00+00:00, run_after=2024-03-04 00:00:00+00:00
[2024-03-04T19:11:33.932+0530] {logging_mixin.py:188} INFO - [2024-03-04T19:11:33.932+0530] {dag.py:3834} INFO - Setting next_dagrun for example_branch_datetime_operator_3 to 2024-03-03 00:00:00+00:00, run_after=2024-03-04 00:00:00+00:00
[2024-03-04T19:11:33.957+0530] {processor.py:183} INFO - Processing /home/taushif/.local/lib/python3.10/site-packages/airflow/example_dags/example_branch_datetime_operator.py took 0.076 seconds
[2024-03-04T19:12:29.140+0530] {processor.py:161} INFO - Started process (PID=140046) to work on /home/taushif/.local/lib/python3.10/site-packages/airflow/example_dags/example_branch_datetime_operator.py
[2024-03-04T19:12:29.146+0530] {processor.py:830} INFO - Processing file /home/taushif/.local/lib/python3.10/site-packages/airflow/example_dags/example_branch_datetime_operator.py for tasks to queue
[2024-03-04T19:12:29.147+0530] {logging_mixin.py:188} INFO - [2024-03-04T19:12:29.147+0530] {dagbag.py:540} INFO - Filling up the DagBag from /home/taushif/.local/lib/python3.10/site-packages/airflow/example_dags/example_branch_datetime_operator.py
[2024-03-04T19:12:29.155+0530] {processor.py:840} INFO - DAG(s) 'example_branch_datetime_operator_2', 'example_branch_datetime_operator', 'example_branch_datetime_operator_3' retrieved from /home/taushif/.local/lib/python3.10/site-packages/airflow/example_dags/example_branch_datetime_operator.py
[2024-03-04T19:12:29.170+0530] {logging_mixin.py:188} INFO - [2024-03-04T19:12:29.170+0530] {dag.py:3047} INFO - Sync 3 DAGs
[2024-03-04T19:12:29.184+0530] {logging_mixin.py:188} INFO - [2024-03-04T19:12:29.184+0530] {dag.py:3834} INFO - Setting next_dagrun for example_branch_datetime_operator to 2024-03-03 00:00:00+00:00, run_after=2024-03-04 00:00:00+00:00
[2024-03-04T19:12:29.187+0530] {logging_mixin.py:188} INFO - [2024-03-04T19:12:29.187+0530] {dag.py:3834} INFO - Setting next_dagrun for example_branch_datetime_operator_2 to 2024-03-03 00:00:00+00:00, run_after=2024-03-04 00:00:00+00:00
[2024-03-04T19:12:29.188+0530] {logging_mixin.py:188} INFO - [2024-03-04T19:12:29.188+0530] {dag.py:3834} INFO - Setting next_dagrun for example_branch_datetime_operator_3 to 2024-03-03 00:00:00+00:00, run_after=2024-03-04 00:00:00+00:00
[2024-03-04T19:12:29.203+0530] {processor.py:183} INFO - Processing /home/taushif/.local/lib/python3.10/site-packages/airflow/example_dags/example_branch_datetime_operator.py took 0.065 seconds
[2024-03-04T19:13:15.000+0530] {processor.py:161} INFO - Started process (PID=140517) to work on /home/taushif/.local/lib/python3.10/site-packages/airflow/example_dags/example_branch_datetime_operator.py
[2024-03-04T19:13:15.007+0530] {processor.py:830} INFO - Processing file /home/taushif/.local/lib/python3.10/site-packages/airflow/example_dags/example_branch_datetime_operator.py for tasks to queue
[2024-03-04T19:13:15.009+0530] {logging_mixin.py:188} INFO - [2024-03-04T19:13:15.008+0530] {dagbag.py:540} INFO - Filling up the DagBag from /home/taushif/.local/lib/python3.10/site-packages/airflow/example_dags/example_branch_datetime_operator.py
[2024-03-04T19:13:15.027+0530] {processor.py:840} INFO - DAG(s) 'example_branch_datetime_operator_3', 'example_branch_datetime_operator', 'example_branch_datetime_operator_2' retrieved from /home/taushif/.local/lib/python3.10/site-packages/airflow/example_dags/example_branch_datetime_operator.py
[2024-03-04T19:13:15.049+0530] {logging_mixin.py:188} INFO - [2024-03-04T19:13:15.049+0530] {dag.py:3047} INFO - Sync 3 DAGs
[2024-03-04T19:13:15.066+0530] {logging_mixin.py:188} INFO - [2024-03-04T19:13:15.065+0530] {dag.py:3834} INFO - Setting next_dagrun for example_branch_datetime_operator to 2024-03-03 00:00:00+00:00, run_after=2024-03-04 00:00:00+00:00
[2024-03-04T19:13:15.071+0530] {logging_mixin.py:188} INFO - [2024-03-04T19:13:15.070+0530] {dag.py:3834} INFO - Setting next_dagrun for example_branch_datetime_operator_2 to 2024-03-03 00:00:00+00:00, run_after=2024-03-04 00:00:00+00:00
[2024-03-04T19:13:15.072+0530] {logging_mixin.py:188} INFO - [2024-03-04T19:13:15.072+0530] {dag.py:3834} INFO - Setting next_dagrun for example_branch_datetime_operator_3 to 2024-03-03 00:00:00+00:00, run_after=2024-03-04 00:00:00+00:00
[2024-03-04T19:13:15.088+0530] {processor.py:183} INFO - Processing /home/taushif/.local/lib/python3.10/site-packages/airflow/example_dags/example_branch_datetime_operator.py took 0.094 seconds
[2024-03-04T19:14:05.736+0530] {processor.py:161} INFO - Started process (PID=140990) to work on /home/taushif/.local/lib/python3.10/site-packages/airflow/example_dags/example_branch_datetime_operator.py
[2024-03-04T19:14:05.744+0530] {processor.py:830} INFO - Processing file /home/taushif/.local/lib/python3.10/site-packages/airflow/example_dags/example_branch_datetime_operator.py for tasks to queue
[2024-03-04T19:14:05.745+0530] {logging_mixin.py:188} INFO - [2024-03-04T19:14:05.745+0530] {dagbag.py:540} INFO - Filling up the DagBag from /home/taushif/.local/lib/python3.10/site-packages/airflow/example_dags/example_branch_datetime_operator.py
[2024-03-04T19:14:05.761+0530] {processor.py:840} INFO - DAG(s) 'example_branch_datetime_operator_3', 'example_branch_datetime_operator', 'example_branch_datetime_operator_2' retrieved from /home/taushif/.local/lib/python3.10/site-packages/airflow/example_dags/example_branch_datetime_operator.py
[2024-03-04T19:14:05.792+0530] {logging_mixin.py:188} INFO - [2024-03-04T19:14:05.792+0530] {dag.py:3047} INFO - Sync 3 DAGs
[2024-03-04T19:14:05.808+0530] {logging_mixin.py:188} INFO - [2024-03-04T19:14:05.808+0530] {dag.py:3834} INFO - Setting next_dagrun for example_branch_datetime_operator to 2024-03-03 00:00:00+00:00, run_after=2024-03-04 00:00:00+00:00
[2024-03-04T19:14:05.811+0530] {logging_mixin.py:188} INFO - [2024-03-04T19:14:05.811+0530] {dag.py:3834} INFO - Setting next_dagrun for example_branch_datetime_operator_2 to 2024-03-03 00:00:00+00:00, run_after=2024-03-04 00:00:00+00:00
[2024-03-04T19:14:05.812+0530] {logging_mixin.py:188} INFO - [2024-03-04T19:14:05.812+0530] {dag.py:3834} INFO - Setting next_dagrun for example_branch_datetime_operator_3 to 2024-03-03 00:00:00+00:00, run_after=2024-03-04 00:00:00+00:00
[2024-03-04T19:14:05.828+0530] {processor.py:183} INFO - Processing /home/taushif/.local/lib/python3.10/site-packages/airflow/example_dags/example_branch_datetime_operator.py took 0.097 seconds
[2024-03-04T19:14:58.900+0530] {processor.py:161} INFO - Started process (PID=141498) to work on /home/taushif/.local/lib/python3.10/site-packages/airflow/example_dags/example_branch_datetime_operator.py
[2024-03-04T19:14:58.906+0530] {processor.py:830} INFO - Processing file /home/taushif/.local/lib/python3.10/site-packages/airflow/example_dags/example_branch_datetime_operator.py for tasks to queue
[2024-03-04T19:14:58.907+0530] {logging_mixin.py:188} INFO - [2024-03-04T19:14:58.906+0530] {dagbag.py:540} INFO - Filling up the DagBag from /home/taushif/.local/lib/python3.10/site-packages/airflow/example_dags/example_branch_datetime_operator.py
[2024-03-04T19:14:58.915+0530] {processor.py:840} INFO - DAG(s) 'example_branch_datetime_operator_3', 'example_branch_datetime_operator_2', 'example_branch_datetime_operator' retrieved from /home/taushif/.local/lib/python3.10/site-packages/airflow/example_dags/example_branch_datetime_operator.py
[2024-03-04T19:14:58.934+0530] {logging_mixin.py:188} INFO - [2024-03-04T19:14:58.934+0530] {dag.py:3047} INFO - Sync 3 DAGs
[2024-03-04T19:14:58.952+0530] {logging_mixin.py:188} INFO - [2024-03-04T19:14:58.952+0530] {dag.py:3834} INFO - Setting next_dagrun for example_branch_datetime_operator to 2024-03-03 00:00:00+00:00, run_after=2024-03-04 00:00:00+00:00
[2024-03-04T19:14:58.956+0530] {logging_mixin.py:188} INFO - [2024-03-04T19:14:58.955+0530] {dag.py:3834} INFO - Setting next_dagrun for example_branch_datetime_operator_2 to 2024-03-03 00:00:00+00:00, run_after=2024-03-04 00:00:00+00:00
[2024-03-04T19:14:58.957+0530] {logging_mixin.py:188} INFO - [2024-03-04T19:14:58.957+0530] {dag.py:3834} INFO - Setting next_dagrun for example_branch_datetime_operator_3 to 2024-03-03 00:00:00+00:00, run_after=2024-03-04 00:00:00+00:00
[2024-03-04T19:14:58.973+0530] {processor.py:183} INFO - Processing /home/taushif/.local/lib/python3.10/site-packages/airflow/example_dags/example_branch_datetime_operator.py took 0.075 seconds
