[2024-03-04T19:07:56.604+0530] {processor.py:161} INFO - Started process (PID=136474) to work on /home/taushif/.local/lib/python3.10/site-packages/airflow/example_dags/example_task_group_decorator.py
[2024-03-04T19:07:56.605+0530] {processor.py:830} INFO - Processing file /home/taushif/.local/lib/python3.10/site-packages/airflow/example_dags/example_task_group_decorator.py for tasks to queue
[2024-03-04T19:07:56.606+0530] {logging_mixin.py:188} INFO - [2024-03-04T19:07:56.605+0530] {dagbag.py:540} INFO - Filling up the DagBag from /home/taushif/.local/lib/python3.10/site-packages/airflow/example_dags/example_task_group_decorator.py
[2024-03-04T19:07:56.622+0530] {processor.py:840} INFO - DAG(s) 'example_task_group_decorator' retrieved from /home/taushif/.local/lib/python3.10/site-packages/airflow/example_dags/example_task_group_decorator.py
[2024-03-04T19:07:56.816+0530] {logging_mixin.py:188} INFO - [2024-03-04T19:07:56.816+0530] {dag.py:3047} INFO - Sync 1 DAGs
[2024-03-04T19:07:56.829+0530] {logging_mixin.py:188} INFO - [2024-03-04T19:07:56.829+0530] {dag.py:3834} INFO - Setting next_dagrun for example_task_group_decorator to 2024-03-03 00:00:00+00:00, run_after=2024-03-04 00:00:00+00:00
[2024-03-04T19:07:56.848+0530] {processor.py:183} INFO - Processing /home/taushif/.local/lib/python3.10/site-packages/airflow/example_dags/example_task_group_decorator.py took 0.247 seconds
[2024-03-04T19:08:46.310+0530] {processor.py:161} INFO - Started process (PID=136949) to work on /home/taushif/.local/lib/python3.10/site-packages/airflow/example_dags/example_task_group_decorator.py
[2024-03-04T19:08:46.316+0530] {processor.py:830} INFO - Processing file /home/taushif/.local/lib/python3.10/site-packages/airflow/example_dags/example_task_group_decorator.py for tasks to queue
[2024-03-04T19:08:46.317+0530] {logging_mixin.py:188} INFO - [2024-03-04T19:08:46.317+0530] {dagbag.py:540} INFO - Filling up the DagBag from /home/taushif/.local/lib/python3.10/site-packages/airflow/example_dags/example_task_group_decorator.py
[2024-03-04T19:08:46.328+0530] {processor.py:840} INFO - DAG(s) 'example_task_group_decorator' retrieved from /home/taushif/.local/lib/python3.10/site-packages/airflow/example_dags/example_task_group_decorator.py
[2024-03-04T19:08:46.345+0530] {logging_mixin.py:188} INFO - [2024-03-04T19:08:46.345+0530] {dag.py:3047} INFO - Sync 1 DAGs
[2024-03-04T19:08:46.460+0530] {logging_mixin.py:188} INFO - [2024-03-04T19:08:46.459+0530] {dag.py:3834} INFO - Setting next_dagrun for example_task_group_decorator to 2024-03-03 00:00:00+00:00, run_after=2024-03-04 00:00:00+00:00
[2024-03-04T19:08:46.477+0530] {processor.py:183} INFO - Processing /home/taushif/.local/lib/python3.10/site-packages/airflow/example_dags/example_task_group_decorator.py took 0.169 seconds
[2024-03-04T19:09:33.868+0530] {processor.py:161} INFO - Started process (PID=137626) to work on /home/taushif/.local/lib/python3.10/site-packages/airflow/example_dags/example_task_group_decorator.py
[2024-03-04T19:09:33.874+0530] {processor.py:830} INFO - Processing file /home/taushif/.local/lib/python3.10/site-packages/airflow/example_dags/example_task_group_decorator.py for tasks to queue
[2024-03-04T19:09:33.875+0530] {logging_mixin.py:188} INFO - [2024-03-04T19:09:33.874+0530] {dagbag.py:540} INFO - Filling up the DagBag from /home/taushif/.local/lib/python3.10/site-packages/airflow/example_dags/example_task_group_decorator.py
[2024-03-04T19:09:33.886+0530] {processor.py:840} INFO - DAG(s) 'example_task_group_decorator' retrieved from /home/taushif/.local/lib/python3.10/site-packages/airflow/example_dags/example_task_group_decorator.py
[2024-03-04T19:09:33.898+0530] {logging_mixin.py:188} INFO - [2024-03-04T19:09:33.898+0530] {dag.py:3047} INFO - Sync 1 DAGs
[2024-03-04T19:09:33.912+0530] {logging_mixin.py:188} INFO - [2024-03-04T19:09:33.911+0530] {dag.py:3834} INFO - Setting next_dagrun for example_task_group_decorator to 2024-03-03 00:00:00+00:00, run_after=2024-03-04 00:00:00+00:00
[2024-03-04T19:09:33.926+0530] {processor.py:183} INFO - Processing /home/taushif/.local/lib/python3.10/site-packages/airflow/example_dags/example_task_group_decorator.py took 0.060 seconds
[2024-03-04T19:10:18.819+0530] {processor.py:161} INFO - Started process (PID=138362) to work on /home/taushif/.local/lib/python3.10/site-packages/airflow/example_dags/example_task_group_decorator.py
[2024-03-04T19:10:18.825+0530] {processor.py:830} INFO - Processing file /home/taushif/.local/lib/python3.10/site-packages/airflow/example_dags/example_task_group_decorator.py for tasks to queue
[2024-03-04T19:10:18.827+0530] {logging_mixin.py:188} INFO - [2024-03-04T19:10:18.826+0530] {dagbag.py:540} INFO - Filling up the DagBag from /home/taushif/.local/lib/python3.10/site-packages/airflow/example_dags/example_task_group_decorator.py
[2024-03-04T19:10:18.839+0530] {processor.py:840} INFO - DAG(s) 'example_task_group_decorator' retrieved from /home/taushif/.local/lib/python3.10/site-packages/airflow/example_dags/example_task_group_decorator.py
[2024-03-04T19:10:18.852+0530] {logging_mixin.py:188} INFO - [2024-03-04T19:10:18.852+0530] {dag.py:3047} INFO - Sync 1 DAGs
[2024-03-04T19:10:18.865+0530] {logging_mixin.py:188} INFO - [2024-03-04T19:10:18.865+0530] {dag.py:3834} INFO - Setting next_dagrun for example_task_group_decorator to 2024-03-03 00:00:00+00:00, run_after=2024-03-04 00:00:00+00:00
[2024-03-04T19:10:18.880+0530] {processor.py:183} INFO - Processing /home/taushif/.local/lib/python3.10/site-packages/airflow/example_dags/example_task_group_decorator.py took 0.063 seconds
[2024-03-04T19:11:21.857+0530] {processor.py:161} INFO - Started process (PID=139320) to work on /home/taushif/.local/lib/python3.10/site-packages/airflow/example_dags/example_task_group_decorator.py
[2024-03-04T19:11:21.863+0530] {processor.py:830} INFO - Processing file /home/taushif/.local/lib/python3.10/site-packages/airflow/example_dags/example_task_group_decorator.py for tasks to queue
[2024-03-04T19:11:21.864+0530] {logging_mixin.py:188} INFO - [2024-03-04T19:11:21.864+0530] {dagbag.py:540} INFO - Filling up the DagBag from /home/taushif/.local/lib/python3.10/site-packages/airflow/example_dags/example_task_group_decorator.py
[2024-03-04T19:11:21.879+0530] {processor.py:840} INFO - DAG(s) 'example_task_group_decorator' retrieved from /home/taushif/.local/lib/python3.10/site-packages/airflow/example_dags/example_task_group_decorator.py
[2024-03-04T19:11:21.891+0530] {logging_mixin.py:188} INFO - [2024-03-04T19:11:21.891+0530] {dag.py:3047} INFO - Sync 1 DAGs
[2024-03-04T19:11:21.904+0530] {logging_mixin.py:188} INFO - [2024-03-04T19:11:21.903+0530] {dag.py:3834} INFO - Setting next_dagrun for example_task_group_decorator to 2024-03-03 00:00:00+00:00, run_after=2024-03-04 00:00:00+00:00
[2024-03-04T19:11:21.917+0530] {processor.py:183} INFO - Processing /home/taushif/.local/lib/python3.10/site-packages/airflow/example_dags/example_task_group_decorator.py took 0.064 seconds
[2024-03-04T19:12:03.756+0530] {processor.py:161} INFO - Started process (PID=139785) to work on /home/taushif/.local/lib/python3.10/site-packages/airflow/example_dags/example_task_group_decorator.py
[2024-03-04T19:12:03.762+0530] {processor.py:830} INFO - Processing file /home/taushif/.local/lib/python3.10/site-packages/airflow/example_dags/example_task_group_decorator.py for tasks to queue
[2024-03-04T19:12:03.764+0530] {logging_mixin.py:188} INFO - [2024-03-04T19:12:03.763+0530] {dagbag.py:540} INFO - Filling up the DagBag from /home/taushif/.local/lib/python3.10/site-packages/airflow/example_dags/example_task_group_decorator.py
[2024-03-04T19:12:03.792+0530] {processor.py:840} INFO - DAG(s) 'example_task_group_decorator' retrieved from /home/taushif/.local/lib/python3.10/site-packages/airflow/example_dags/example_task_group_decorator.py
[2024-03-04T19:12:03.820+0530] {logging_mixin.py:188} INFO - [2024-03-04T19:12:03.820+0530] {dag.py:3047} INFO - Sync 1 DAGs
[2024-03-04T19:12:03.841+0530] {logging_mixin.py:188} INFO - [2024-03-04T19:12:03.841+0530] {dag.py:3834} INFO - Setting next_dagrun for example_task_group_decorator to 2024-03-03 00:00:00+00:00, run_after=2024-03-04 00:00:00+00:00
[2024-03-04T19:12:03.858+0530] {processor.py:183} INFO - Processing /home/taushif/.local/lib/python3.10/site-packages/airflow/example_dags/example_task_group_decorator.py took 0.107 seconds
[2024-03-04T19:12:52.753+0530] {processor.py:161} INFO - Started process (PID=140284) to work on /home/taushif/.local/lib/python3.10/site-packages/airflow/example_dags/example_task_group_decorator.py
[2024-03-04T19:12:52.760+0530] {processor.py:830} INFO - Processing file /home/taushif/.local/lib/python3.10/site-packages/airflow/example_dags/example_task_group_decorator.py for tasks to queue
[2024-03-04T19:12:52.761+0530] {logging_mixin.py:188} INFO - [2024-03-04T19:12:52.760+0530] {dagbag.py:540} INFO - Filling up the DagBag from /home/taushif/.local/lib/python3.10/site-packages/airflow/example_dags/example_task_group_decorator.py
[2024-03-04T19:12:52.778+0530] {processor.py:840} INFO - DAG(s) 'example_task_group_decorator' retrieved from /home/taushif/.local/lib/python3.10/site-packages/airflow/example_dags/example_task_group_decorator.py
[2024-03-04T19:12:52.792+0530] {logging_mixin.py:188} INFO - [2024-03-04T19:12:52.792+0530] {dag.py:3047} INFO - Sync 1 DAGs
[2024-03-04T19:12:52.806+0530] {logging_mixin.py:188} INFO - [2024-03-04T19:12:52.805+0530] {dag.py:3834} INFO - Setting next_dagrun for example_task_group_decorator to 2024-03-03 00:00:00+00:00, run_after=2024-03-04 00:00:00+00:00
[2024-03-04T19:12:52.826+0530] {processor.py:183} INFO - Processing /home/taushif/.local/lib/python3.10/site-packages/airflow/example_dags/example_task_group_decorator.py took 0.077 seconds
[2024-03-04T19:13:41.358+0530] {processor.py:161} INFO - Started process (PID=140767) to work on /home/taushif/.local/lib/python3.10/site-packages/airflow/example_dags/example_task_group_decorator.py
[2024-03-04T19:13:41.365+0530] {processor.py:830} INFO - Processing file /home/taushif/.local/lib/python3.10/site-packages/airflow/example_dags/example_task_group_decorator.py for tasks to queue
[2024-03-04T19:13:41.366+0530] {logging_mixin.py:188} INFO - [2024-03-04T19:13:41.366+0530] {dagbag.py:540} INFO - Filling up the DagBag from /home/taushif/.local/lib/python3.10/site-packages/airflow/example_dags/example_task_group_decorator.py
[2024-03-04T19:13:41.377+0530] {processor.py:840} INFO - DAG(s) 'example_task_group_decorator' retrieved from /home/taushif/.local/lib/python3.10/site-packages/airflow/example_dags/example_task_group_decorator.py
[2024-03-04T19:13:41.390+0530] {logging_mixin.py:188} INFO - [2024-03-04T19:13:41.390+0530] {dag.py:3047} INFO - Sync 1 DAGs
[2024-03-04T19:13:41.407+0530] {logging_mixin.py:188} INFO - [2024-03-04T19:13:41.407+0530] {dag.py:3834} INFO - Setting next_dagrun for example_task_group_decorator to 2024-03-03 00:00:00+00:00, run_after=2024-03-04 00:00:00+00:00
[2024-03-04T19:13:41.428+0530] {processor.py:183} INFO - Processing /home/taushif/.local/lib/python3.10/site-packages/airflow/example_dags/example_task_group_decorator.py took 0.072 seconds
[2024-03-04T19:14:34.761+0530] {processor.py:161} INFO - Started process (PID=141273) to work on /home/taushif/.local/lib/python3.10/site-packages/airflow/example_dags/example_task_group_decorator.py
[2024-03-04T19:14:34.764+0530] {processor.py:830} INFO - Processing file /home/taushif/.local/lib/python3.10/site-packages/airflow/example_dags/example_task_group_decorator.py for tasks to queue
[2024-03-04T19:14:34.765+0530] {logging_mixin.py:188} INFO - [2024-03-04T19:14:34.764+0530] {dagbag.py:540} INFO - Filling up the DagBag from /home/taushif/.local/lib/python3.10/site-packages/airflow/example_dags/example_task_group_decorator.py
[2024-03-04T19:14:34.784+0530] {processor.py:840} INFO - DAG(s) 'example_task_group_decorator' retrieved from /home/taushif/.local/lib/python3.10/site-packages/airflow/example_dags/example_task_group_decorator.py
[2024-03-04T19:14:34.807+0530] {logging_mixin.py:188} INFO - [2024-03-04T19:14:34.806+0530] {dag.py:3047} INFO - Sync 1 DAGs
[2024-03-04T19:14:34.834+0530] {logging_mixin.py:188} INFO - [2024-03-04T19:14:34.834+0530] {dag.py:3834} INFO - Setting next_dagrun for example_task_group_decorator to 2024-03-03 00:00:00+00:00, run_after=2024-03-04 00:00:00+00:00
[2024-03-04T19:14:34.866+0530] {processor.py:183} INFO - Processing /home/taushif/.local/lib/python3.10/site-packages/airflow/example_dags/example_task_group_decorator.py took 0.109 seconds
[2024-03-04T19:15:24.390+0530] {processor.py:161} INFO - Started process (PID=141734) to work on /home/taushif/.local/lib/python3.10/site-packages/airflow/example_dags/example_task_group_decorator.py
[2024-03-04T19:15:24.391+0530] {processor.py:830} INFO - Processing file /home/taushif/.local/lib/python3.10/site-packages/airflow/example_dags/example_task_group_decorator.py for tasks to queue
[2024-03-04T19:15:24.391+0530] {logging_mixin.py:188} INFO - [2024-03-04T19:15:24.391+0530] {dagbag.py:540} INFO - Filling up the DagBag from /home/taushif/.local/lib/python3.10/site-packages/airflow/example_dags/example_task_group_decorator.py
[2024-03-04T19:15:24.407+0530] {processor.py:840} INFO - DAG(s) 'example_task_group_decorator' retrieved from /home/taushif/.local/lib/python3.10/site-packages/airflow/example_dags/example_task_group_decorator.py
[2024-03-04T19:15:24.431+0530] {logging_mixin.py:188} INFO - [2024-03-04T19:15:24.431+0530] {dag.py:3047} INFO - Sync 1 DAGs
[2024-03-04T19:15:24.454+0530] {logging_mixin.py:188} INFO - [2024-03-04T19:15:24.454+0530] {dag.py:3834} INFO - Setting next_dagrun for example_task_group_decorator to 2024-03-03 00:00:00+00:00, run_after=2024-03-04 00:00:00+00:00
[2024-03-04T19:15:24.482+0530] {processor.py:183} INFO - Processing /home/taushif/.local/lib/python3.10/site-packages/airflow/example_dags/example_task_group_decorator.py took 0.095 seconds
