[2024-03-04T19:08:08.127+0530] {processor.py:161} INFO - Started process (PID=136581) to work on /home/taushif/.local/lib/python3.10/site-packages/airflow/example_dags/example_python_decorator.py
[2024-03-04T19:08:08.128+0530] {processor.py:830} INFO - Processing file /home/taushif/.local/lib/python3.10/site-packages/airflow/example_dags/example_python_decorator.py for tasks to queue
[2024-03-04T19:08:08.130+0530] {logging_mixin.py:188} INFO - [2024-03-04T19:08:08.129+0530] {dagbag.py:540} INFO - Filling up the DagBag from /home/taushif/.local/lib/python3.10/site-packages/airflow/example_dags/example_python_decorator.py
[2024-03-04T19:08:08.138+0530] {logging_mixin.py:188} INFO - [2024-03-04T19:08:08.138+0530] {example_python_decorator.py:79} WARNING - The virtalenv_python example task requires virtualenv, please install it.
[2024-03-04T19:08:08.138+0530] {processor.py:840} INFO - DAG(s) 'example_python_decorator' retrieved from /home/taushif/.local/lib/python3.10/site-packages/airflow/example_dags/example_python_decorator.py
[2024-03-04T19:08:08.256+0530] {logging_mixin.py:188} INFO - [2024-03-04T19:08:08.256+0530] {dag.py:3047} INFO - Sync 1 DAGs
[2024-03-04T19:08:08.261+0530] {logging_mixin.py:188} INFO - [2024-03-04T19:08:08.261+0530] {dag.py:3834} INFO - Setting next_dagrun for example_python_decorator to None, run_after=None
[2024-03-04T19:08:08.275+0530] {processor.py:183} INFO - Processing /home/taushif/.local/lib/python3.10/site-packages/airflow/example_dags/example_python_decorator.py took 0.151 seconds
[2024-03-04T19:08:56.942+0530] {processor.py:161} INFO - Started process (PID=137064) to work on /home/taushif/.local/lib/python3.10/site-packages/airflow/example_dags/example_python_decorator.py
[2024-03-04T19:08:56.948+0530] {processor.py:830} INFO - Processing file /home/taushif/.local/lib/python3.10/site-packages/airflow/example_dags/example_python_decorator.py for tasks to queue
[2024-03-04T19:08:56.949+0530] {logging_mixin.py:188} INFO - [2024-03-04T19:08:56.949+0530] {dagbag.py:540} INFO - Filling up the DagBag from /home/taushif/.local/lib/python3.10/site-packages/airflow/example_dags/example_python_decorator.py
[2024-03-04T19:08:56.960+0530] {logging_mixin.py:188} INFO - [2024-03-04T19:08:56.960+0530] {example_python_decorator.py:79} WARNING - The virtalenv_python example task requires virtualenv, please install it.
[2024-03-04T19:08:56.961+0530] {processor.py:840} INFO - DAG(s) 'example_python_decorator' retrieved from /home/taushif/.local/lib/python3.10/site-packages/airflow/example_dags/example_python_decorator.py
[2024-03-04T19:08:57.036+0530] {logging_mixin.py:188} INFO - [2024-03-04T19:08:57.036+0530] {dag.py:3047} INFO - Sync 1 DAGs
[2024-03-04T19:08:57.041+0530] {logging_mixin.py:188} INFO - [2024-03-04T19:08:57.041+0530] {dag.py:3834} INFO - Setting next_dagrun for example_python_decorator to None, run_after=None
[2024-03-04T19:08:57.056+0530] {processor.py:183} INFO - Processing /home/taushif/.local/lib/python3.10/site-packages/airflow/example_dags/example_python_decorator.py took 0.117 seconds
[2024-03-04T19:09:59.839+0530] {processor.py:161} INFO - Started process (PID=138046) to work on /home/taushif/.local/lib/python3.10/site-packages/airflow/example_dags/example_python_decorator.py
[2024-03-04T19:09:59.845+0530] {processor.py:830} INFO - Processing file /home/taushif/.local/lib/python3.10/site-packages/airflow/example_dags/example_python_decorator.py for tasks to queue
[2024-03-04T19:09:59.846+0530] {logging_mixin.py:188} INFO - [2024-03-04T19:09:59.845+0530] {dagbag.py:540} INFO - Filling up the DagBag from /home/taushif/.local/lib/python3.10/site-packages/airflow/example_dags/example_python_decorator.py
[2024-03-04T19:09:59.855+0530] {logging_mixin.py:188} INFO - [2024-03-04T19:09:59.854+0530] {example_python_decorator.py:79} WARNING - The virtalenv_python example task requires virtualenv, please install it.
[2024-03-04T19:09:59.855+0530] {processor.py:840} INFO - DAG(s) 'example_python_decorator' retrieved from /home/taushif/.local/lib/python3.10/site-packages/airflow/example_dags/example_python_decorator.py
[2024-03-04T19:09:59.865+0530] {logging_mixin.py:188} INFO - [2024-03-04T19:09:59.865+0530] {dag.py:3047} INFO - Sync 1 DAGs
[2024-03-04T19:09:59.874+0530] {logging_mixin.py:188} INFO - [2024-03-04T19:09:59.874+0530] {dag.py:3834} INFO - Setting next_dagrun for example_python_decorator to None, run_after=None
[2024-03-04T19:09:59.890+0530] {processor.py:183} INFO - Processing /home/taushif/.local/lib/python3.10/site-packages/airflow/example_dags/example_python_decorator.py took 0.054 seconds
[2024-03-04T19:10:46.056+0530] {processor.py:161} INFO - Started process (PID=138700) to work on /home/taushif/.local/lib/python3.10/site-packages/airflow/example_dags/example_python_decorator.py
[2024-03-04T19:10:46.062+0530] {processor.py:830} INFO - Processing file /home/taushif/.local/lib/python3.10/site-packages/airflow/example_dags/example_python_decorator.py for tasks to queue
[2024-03-04T19:10:46.063+0530] {logging_mixin.py:188} INFO - [2024-03-04T19:10:46.062+0530] {dagbag.py:540} INFO - Filling up the DagBag from /home/taushif/.local/lib/python3.10/site-packages/airflow/example_dags/example_python_decorator.py
[2024-03-04T19:10:46.073+0530] {logging_mixin.py:188} INFO - [2024-03-04T19:10:46.072+0530] {example_python_decorator.py:79} WARNING - The virtalenv_python example task requires virtualenv, please install it.
[2024-03-04T19:10:46.073+0530] {processor.py:840} INFO - DAG(s) 'example_python_decorator' retrieved from /home/taushif/.local/lib/python3.10/site-packages/airflow/example_dags/example_python_decorator.py
[2024-03-04T19:10:46.083+0530] {logging_mixin.py:188} INFO - [2024-03-04T19:10:46.083+0530] {dag.py:3047} INFO - Sync 1 DAGs
[2024-03-04T19:10:46.090+0530] {logging_mixin.py:188} INFO - [2024-03-04T19:10:46.090+0530] {dag.py:3834} INFO - Setting next_dagrun for example_python_decorator to None, run_after=None
[2024-03-04T19:10:46.106+0530] {processor.py:183} INFO - Processing /home/taushif/.local/lib/python3.10/site-packages/airflow/example_dags/example_python_decorator.py took 0.053 seconds
[2024-03-04T19:11:51.017+0530] {processor.py:161} INFO - Started process (PID=139676) to work on /home/taushif/.local/lib/python3.10/site-packages/airflow/example_dags/example_python_decorator.py
[2024-03-04T19:11:51.022+0530] {processor.py:830} INFO - Processing file /home/taushif/.local/lib/python3.10/site-packages/airflow/example_dags/example_python_decorator.py for tasks to queue
[2024-03-04T19:11:51.023+0530] {logging_mixin.py:188} INFO - [2024-03-04T19:11:51.023+0530] {dagbag.py:540} INFO - Filling up the DagBag from /home/taushif/.local/lib/python3.10/site-packages/airflow/example_dags/example_python_decorator.py
[2024-03-04T19:11:51.030+0530] {logging_mixin.py:188} INFO - [2024-03-04T19:11:51.029+0530] {example_python_decorator.py:79} WARNING - The virtalenv_python example task requires virtualenv, please install it.
[2024-03-04T19:11:51.030+0530] {processor.py:840} INFO - DAG(s) 'example_python_decorator' retrieved from /home/taushif/.local/lib/python3.10/site-packages/airflow/example_dags/example_python_decorator.py
[2024-03-04T19:11:51.041+0530] {logging_mixin.py:188} INFO - [2024-03-04T19:11:51.041+0530] {dag.py:3047} INFO - Sync 1 DAGs
[2024-03-04T19:11:51.050+0530] {logging_mixin.py:188} INFO - [2024-03-04T19:11:51.050+0530] {dag.py:3834} INFO - Setting next_dagrun for example_python_decorator to None, run_after=None
[2024-03-04T19:11:51.068+0530] {processor.py:183} INFO - Processing /home/taushif/.local/lib/python3.10/site-packages/airflow/example_dags/example_python_decorator.py took 0.053 seconds
[2024-03-04T19:12:42.574+0530] {processor.py:161} INFO - Started process (PID=140190) to work on /home/taushif/.local/lib/python3.10/site-packages/airflow/example_dags/example_python_decorator.py
[2024-03-04T19:12:42.580+0530] {processor.py:830} INFO - Processing file /home/taushif/.local/lib/python3.10/site-packages/airflow/example_dags/example_python_decorator.py for tasks to queue
[2024-03-04T19:12:42.582+0530] {logging_mixin.py:188} INFO - [2024-03-04T19:12:42.581+0530] {dagbag.py:540} INFO - Filling up the DagBag from /home/taushif/.local/lib/python3.10/site-packages/airflow/example_dags/example_python_decorator.py
[2024-03-04T19:12:42.599+0530] {logging_mixin.py:188} INFO - [2024-03-04T19:12:42.598+0530] {example_python_decorator.py:79} WARNING - The virtalenv_python example task requires virtualenv, please install it.
[2024-03-04T19:12:42.600+0530] {processor.py:840} INFO - DAG(s) 'example_python_decorator' retrieved from /home/taushif/.local/lib/python3.10/site-packages/airflow/example_dags/example_python_decorator.py
[2024-03-04T19:12:42.624+0530] {logging_mixin.py:188} INFO - [2024-03-04T19:12:42.624+0530] {dag.py:3047} INFO - Sync 1 DAGs
[2024-03-04T19:12:42.632+0530] {logging_mixin.py:188} INFO - [2024-03-04T19:12:42.632+0530] {dag.py:3834} INFO - Setting next_dagrun for example_python_decorator to None, run_after=None
[2024-03-04T19:12:42.649+0530] {processor.py:183} INFO - Processing /home/taushif/.local/lib/python3.10/site-packages/airflow/example_dags/example_python_decorator.py took 0.082 seconds
[2024-03-04T19:13:31.630+0530] {processor.py:161} INFO - Started process (PID=140665) to work on /home/taushif/.local/lib/python3.10/site-packages/airflow/example_dags/example_python_decorator.py
[2024-03-04T19:13:31.636+0530] {processor.py:830} INFO - Processing file /home/taushif/.local/lib/python3.10/site-packages/airflow/example_dags/example_python_decorator.py for tasks to queue
[2024-03-04T19:13:31.637+0530] {logging_mixin.py:188} INFO - [2024-03-04T19:13:31.636+0530] {dagbag.py:540} INFO - Filling up the DagBag from /home/taushif/.local/lib/python3.10/site-packages/airflow/example_dags/example_python_decorator.py
[2024-03-04T19:13:31.648+0530] {logging_mixin.py:188} INFO - [2024-03-04T19:13:31.647+0530] {example_python_decorator.py:79} WARNING - The virtalenv_python example task requires virtualenv, please install it.
[2024-03-04T19:13:31.648+0530] {processor.py:840} INFO - DAG(s) 'example_python_decorator' retrieved from /home/taushif/.local/lib/python3.10/site-packages/airflow/example_dags/example_python_decorator.py
[2024-03-04T19:13:31.671+0530] {logging_mixin.py:188} INFO - [2024-03-04T19:13:31.670+0530] {dag.py:3047} INFO - Sync 1 DAGs
[2024-03-04T19:13:31.685+0530] {logging_mixin.py:188} INFO - [2024-03-04T19:13:31.684+0530] {dag.py:3834} INFO - Setting next_dagrun for example_python_decorator to None, run_after=None
[2024-03-04T19:13:31.715+0530] {processor.py:183} INFO - Processing /home/taushif/.local/lib/python3.10/site-packages/airflow/example_dags/example_python_decorator.py took 0.089 seconds
[2024-03-04T19:14:23.298+0530] {processor.py:161} INFO - Started process (PID=141163) to work on /home/taushif/.local/lib/python3.10/site-packages/airflow/example_dags/example_python_decorator.py
[2024-03-04T19:14:23.299+0530] {processor.py:830} INFO - Processing file /home/taushif/.local/lib/python3.10/site-packages/airflow/example_dags/example_python_decorator.py for tasks to queue
[2024-03-04T19:14:23.300+0530] {logging_mixin.py:188} INFO - [2024-03-04T19:14:23.300+0530] {dagbag.py:540} INFO - Filling up the DagBag from /home/taushif/.local/lib/python3.10/site-packages/airflow/example_dags/example_python_decorator.py
[2024-03-04T19:14:23.310+0530] {logging_mixin.py:188} INFO - [2024-03-04T19:14:23.310+0530] {example_python_decorator.py:79} WARNING - The virtalenv_python example task requires virtualenv, please install it.
[2024-03-04T19:14:23.311+0530] {processor.py:840} INFO - DAG(s) 'example_python_decorator' retrieved from /home/taushif/.local/lib/python3.10/site-packages/airflow/example_dags/example_python_decorator.py
[2024-03-04T19:14:23.324+0530] {logging_mixin.py:188} INFO - [2024-03-04T19:14:23.324+0530] {dag.py:3047} INFO - Sync 1 DAGs
[2024-03-04T19:14:23.334+0530] {logging_mixin.py:188} INFO - [2024-03-04T19:14:23.333+0530] {dag.py:3834} INFO - Setting next_dagrun for example_python_decorator to None, run_after=None
[2024-03-04T19:14:23.350+0530] {processor.py:183} INFO - Processing /home/taushif/.local/lib/python3.10/site-packages/airflow/example_dags/example_python_decorator.py took 0.058 seconds
[2024-03-04T19:15:13.224+0530] {processor.py:161} INFO - Started process (PID=141635) to work on /home/taushif/.local/lib/python3.10/site-packages/airflow/example_dags/example_python_decorator.py
[2024-03-04T19:15:13.229+0530] {processor.py:830} INFO - Processing file /home/taushif/.local/lib/python3.10/site-packages/airflow/example_dags/example_python_decorator.py for tasks to queue
[2024-03-04T19:15:13.231+0530] {logging_mixin.py:188} INFO - [2024-03-04T19:15:13.230+0530] {dagbag.py:540} INFO - Filling up the DagBag from /home/taushif/.local/lib/python3.10/site-packages/airflow/example_dags/example_python_decorator.py
[2024-03-04T19:15:13.240+0530] {logging_mixin.py:188} INFO - [2024-03-04T19:15:13.240+0530] {example_python_decorator.py:79} WARNING - The virtalenv_python example task requires virtualenv, please install it.
[2024-03-04T19:15:13.240+0530] {processor.py:840} INFO - DAG(s) 'example_python_decorator' retrieved from /home/taushif/.local/lib/python3.10/site-packages/airflow/example_dags/example_python_decorator.py
[2024-03-04T19:15:13.250+0530] {logging_mixin.py:188} INFO - [2024-03-04T19:15:13.250+0530] {dag.py:3047} INFO - Sync 1 DAGs
[2024-03-04T19:15:13.257+0530] {logging_mixin.py:188} INFO - [2024-03-04T19:15:13.257+0530] {dag.py:3834} INFO - Setting next_dagrun for example_python_decorator to None, run_after=None
[2024-03-04T19:15:13.274+0530] {processor.py:183} INFO - Processing /home/taushif/.local/lib/python3.10/site-packages/airflow/example_dags/example_python_decorator.py took 0.053 seconds
