[2024-03-04T19:07:41.831+0530] {processor.py:161} INFO - Started process (PID=136289) to work on /home/taushif/.local/lib/python3.10/site-packages/airflow/example_dags/example_sensors.py
[2024-03-04T19:07:41.831+0530] {processor.py:830} INFO - Processing file /home/taushif/.local/lib/python3.10/site-packages/airflow/example_dags/example_sensors.py for tasks to queue
[2024-03-04T19:07:41.832+0530] {logging_mixin.py:188} INFO - [2024-03-04T19:07:41.832+0530] {dagbag.py:540} INFO - Filling up the DagBag from /home/taushif/.local/lib/python3.10/site-packages/airflow/example_dags/example_sensors.py
[2024-03-04T19:07:41.840+0530] {processor.py:840} INFO - DAG(s) 'example_sensors' retrieved from /home/taushif/.local/lib/python3.10/site-packages/airflow/example_dags/example_sensors.py
[2024-03-04T19:07:42.005+0530] {logging_mixin.py:188} INFO - [2024-03-04T19:07:42.004+0530] {dag.py:3047} INFO - Sync 1 DAGs
[2024-03-04T19:07:42.009+0530] {logging_mixin.py:188} INFO - [2024-03-04T19:07:42.009+0530] {dag.py:3834} INFO - Setting next_dagrun for example_sensors to None, run_after=None
[2024-03-04T19:07:42.023+0530] {processor.py:183} INFO - Processing /home/taushif/.local/lib/python3.10/site-packages/airflow/example_dags/example_sensors.py took 0.195 seconds
[2024-03-04T19:08:32.170+0530] {processor.py:161} INFO - Started process (PID=136821) to work on /home/taushif/.local/lib/python3.10/site-packages/airflow/example_dags/example_sensors.py
[2024-03-04T19:08:32.176+0530] {processor.py:830} INFO - Processing file /home/taushif/.local/lib/python3.10/site-packages/airflow/example_dags/example_sensors.py for tasks to queue
[2024-03-04T19:08:32.176+0530] {logging_mixin.py:188} INFO - [2024-03-04T19:08:32.176+0530] {dagbag.py:540} INFO - Filling up the DagBag from /home/taushif/.local/lib/python3.10/site-packages/airflow/example_dags/example_sensors.py
[2024-03-04T19:08:32.188+0530] {processor.py:840} INFO - DAG(s) 'example_sensors' retrieved from /home/taushif/.local/lib/python3.10/site-packages/airflow/example_dags/example_sensors.py
[2024-03-04T19:08:32.202+0530] {logging_mixin.py:188} INFO - [2024-03-04T19:08:32.202+0530] {dag.py:3047} INFO - Sync 1 DAGs
[2024-03-04T19:08:32.302+0530] {logging_mixin.py:188} INFO - [2024-03-04T19:08:32.302+0530] {dag.py:3834} INFO - Setting next_dagrun for example_sensors to None, run_after=None
[2024-03-04T19:08:32.322+0530] {processor.py:183} INFO - Processing /home/taushif/.local/lib/python3.10/site-packages/airflow/example_dags/example_sensors.py took 0.155 seconds
[2024-03-04T19:09:12.584+0530] {processor.py:161} INFO - Started process (PID=137315) to work on /home/taushif/.local/lib/python3.10/site-packages/airflow/example_dags/example_sensors.py
[2024-03-04T19:09:12.590+0530] {processor.py:830} INFO - Processing file /home/taushif/.local/lib/python3.10/site-packages/airflow/example_dags/example_sensors.py for tasks to queue
[2024-03-04T19:09:12.591+0530] {logging_mixin.py:188} INFO - [2024-03-04T19:09:12.591+0530] {dagbag.py:540} INFO - Filling up the DagBag from /home/taushif/.local/lib/python3.10/site-packages/airflow/example_dags/example_sensors.py
[2024-03-04T19:09:12.599+0530] {processor.py:840} INFO - DAG(s) 'example_sensors' retrieved from /home/taushif/.local/lib/python3.10/site-packages/airflow/example_dags/example_sensors.py
[2024-03-04T19:09:12.614+0530] {logging_mixin.py:188} INFO - [2024-03-04T19:09:12.614+0530] {dag.py:3047} INFO - Sync 1 DAGs
[2024-03-04T19:09:12.620+0530] {logging_mixin.py:188} INFO - [2024-03-04T19:09:12.620+0530] {dag.py:3834} INFO - Setting next_dagrun for example_sensors to None, run_after=None
[2024-03-04T19:09:12.635+0530] {processor.py:183} INFO - Processing /home/taushif/.local/lib/python3.10/site-packages/airflow/example_dags/example_sensors.py took 0.052 seconds
[2024-03-04T19:09:51.147+0530] {processor.py:161} INFO - Started process (PID=137862) to work on /home/taushif/.local/lib/python3.10/site-packages/airflow/example_dags/example_sensors.py
[2024-03-04T19:09:51.148+0530] {processor.py:830} INFO - Processing file /home/taushif/.local/lib/python3.10/site-packages/airflow/example_dags/example_sensors.py for tasks to queue
[2024-03-04T19:09:51.149+0530] {logging_mixin.py:188} INFO - [2024-03-04T19:09:51.148+0530] {dagbag.py:540} INFO - Filling up the DagBag from /home/taushif/.local/lib/python3.10/site-packages/airflow/example_dags/example_sensors.py
[2024-03-04T19:09:51.156+0530] {processor.py:840} INFO - DAG(s) 'example_sensors' retrieved from /home/taushif/.local/lib/python3.10/site-packages/airflow/example_dags/example_sensors.py
[2024-03-04T19:09:51.178+0530] {logging_mixin.py:188} INFO - [2024-03-04T19:09:51.177+0530] {dag.py:3047} INFO - Sync 1 DAGs
[2024-03-04T19:09:51.188+0530] {logging_mixin.py:188} INFO - [2024-03-04T19:09:51.188+0530] {dag.py:3834} INFO - Setting next_dagrun for example_sensors to None, run_after=None
[2024-03-04T19:09:51.212+0530] {processor.py:183} INFO - Processing /home/taushif/.local/lib/python3.10/site-packages/airflow/example_dags/example_sensors.py took 0.067 seconds
[2024-03-04T19:10:38.047+0530] {processor.py:161} INFO - Started process (PID=138558) to work on /home/taushif/.local/lib/python3.10/site-packages/airflow/example_dags/example_sensors.py
[2024-03-04T19:10:38.053+0530] {processor.py:830} INFO - Processing file /home/taushif/.local/lib/python3.10/site-packages/airflow/example_dags/example_sensors.py for tasks to queue
[2024-03-04T19:10:38.054+0530] {logging_mixin.py:188} INFO - [2024-03-04T19:10:38.053+0530] {dagbag.py:540} INFO - Filling up the DagBag from /home/taushif/.local/lib/python3.10/site-packages/airflow/example_dags/example_sensors.py
[2024-03-04T19:10:38.060+0530] {processor.py:840} INFO - DAG(s) 'example_sensors' retrieved from /home/taushif/.local/lib/python3.10/site-packages/airflow/example_dags/example_sensors.py
[2024-03-04T19:10:38.073+0530] {logging_mixin.py:188} INFO - [2024-03-04T19:10:38.073+0530] {dag.py:3047} INFO - Sync 1 DAGs
[2024-03-04T19:10:38.081+0530] {logging_mixin.py:188} INFO - [2024-03-04T19:10:38.081+0530] {dag.py:3834} INFO - Setting next_dagrun for example_sensors to None, run_after=None
[2024-03-04T19:10:38.096+0530] {processor.py:183} INFO - Processing /home/taushif/.local/lib/python3.10/site-packages/airflow/example_dags/example_sensors.py took 0.052 seconds
[2024-03-04T19:11:18.431+0530] {processor.py:161} INFO - Started process (PID=139286) to work on /home/taushif/.local/lib/python3.10/site-packages/airflow/example_dags/example_sensors.py
[2024-03-04T19:11:18.433+0530] {processor.py:830} INFO - Processing file /home/taushif/.local/lib/python3.10/site-packages/airflow/example_dags/example_sensors.py for tasks to queue
[2024-03-04T19:11:18.435+0530] {logging_mixin.py:188} INFO - [2024-03-04T19:11:18.434+0530] {dagbag.py:540} INFO - Filling up the DagBag from /home/taushif/.local/lib/python3.10/site-packages/airflow/example_dags/example_sensors.py
[2024-03-04T19:11:18.455+0530] {processor.py:840} INFO - DAG(s) 'example_sensors' retrieved from /home/taushif/.local/lib/python3.10/site-packages/airflow/example_dags/example_sensors.py
[2024-03-04T19:11:18.485+0530] {logging_mixin.py:188} INFO - [2024-03-04T19:11:18.484+0530] {dag.py:3047} INFO - Sync 1 DAGs
[2024-03-04T19:11:18.495+0530] {logging_mixin.py:188} INFO - [2024-03-04T19:11:18.494+0530] {dag.py:3834} INFO - Setting next_dagrun for example_sensors to None, run_after=None
[2024-03-04T19:11:18.508+0530] {processor.py:183} INFO - Processing /home/taushif/.local/lib/python3.10/site-packages/airflow/example_dags/example_sensors.py took 0.082 seconds
[2024-03-04T19:12:00.889+0530] {processor.py:161} INFO - Started process (PID=139752) to work on /home/taushif/.local/lib/python3.10/site-packages/airflow/example_dags/example_sensors.py
[2024-03-04T19:12:00.895+0530] {processor.py:830} INFO - Processing file /home/taushif/.local/lib/python3.10/site-packages/airflow/example_dags/example_sensors.py for tasks to queue
[2024-03-04T19:12:00.896+0530] {logging_mixin.py:188} INFO - [2024-03-04T19:12:00.896+0530] {dagbag.py:540} INFO - Filling up the DagBag from /home/taushif/.local/lib/python3.10/site-packages/airflow/example_dags/example_sensors.py
[2024-03-04T19:12:00.909+0530] {processor.py:840} INFO - DAG(s) 'example_sensors' retrieved from /home/taushif/.local/lib/python3.10/site-packages/airflow/example_dags/example_sensors.py
[2024-03-04T19:12:00.931+0530] {logging_mixin.py:188} INFO - [2024-03-04T19:12:00.930+0530] {dag.py:3047} INFO - Sync 1 DAGs
[2024-03-04T19:12:00.940+0530] {logging_mixin.py:188} INFO - [2024-03-04T19:12:00.940+0530] {dag.py:3834} INFO - Setting next_dagrun for example_sensors to None, run_after=None
[2024-03-04T19:12:00.959+0530] {processor.py:183} INFO - Processing /home/taushif/.local/lib/python3.10/site-packages/airflow/example_dags/example_sensors.py took 0.072 seconds
[2024-03-04T19:12:45.302+0530] {processor.py:161} INFO - Started process (PID=140225) to work on /home/taushif/.local/lib/python3.10/site-packages/airflow/example_dags/example_sensors.py
[2024-03-04T19:12:45.309+0530] {processor.py:830} INFO - Processing file /home/taushif/.local/lib/python3.10/site-packages/airflow/example_dags/example_sensors.py for tasks to queue
[2024-03-04T19:12:45.310+0530] {logging_mixin.py:188} INFO - [2024-03-04T19:12:45.310+0530] {dagbag.py:540} INFO - Filling up the DagBag from /home/taushif/.local/lib/python3.10/site-packages/airflow/example_dags/example_sensors.py
[2024-03-04T19:12:45.323+0530] {processor.py:840} INFO - DAG(s) 'example_sensors' retrieved from /home/taushif/.local/lib/python3.10/site-packages/airflow/example_dags/example_sensors.py
[2024-03-04T19:12:45.339+0530] {logging_mixin.py:188} INFO - [2024-03-04T19:12:45.339+0530] {dag.py:3047} INFO - Sync 1 DAGs
[2024-03-04T19:12:45.346+0530] {logging_mixin.py:188} INFO - [2024-03-04T19:12:45.346+0530] {dag.py:3834} INFO - Setting next_dagrun for example_sensors to None, run_after=None
[2024-03-04T19:12:45.362+0530] {processor.py:183} INFO - Processing /home/taushif/.local/lib/python3.10/site-packages/airflow/example_dags/example_sensors.py took 0.064 seconds
[2024-03-04T19:13:23.625+0530] {processor.py:161} INFO - Started process (PID=140593) to work on /home/taushif/.local/lib/python3.10/site-packages/airflow/example_dags/example_sensors.py
[2024-03-04T19:13:23.631+0530] {processor.py:830} INFO - Processing file /home/taushif/.local/lib/python3.10/site-packages/airflow/example_dags/example_sensors.py for tasks to queue
[2024-03-04T19:13:23.633+0530] {logging_mixin.py:188} INFO - [2024-03-04T19:13:23.632+0530] {dagbag.py:540} INFO - Filling up the DagBag from /home/taushif/.local/lib/python3.10/site-packages/airflow/example_dags/example_sensors.py
[2024-03-04T19:13:23.650+0530] {processor.py:840} INFO - DAG(s) 'example_sensors' retrieved from /home/taushif/.local/lib/python3.10/site-packages/airflow/example_dags/example_sensors.py
[2024-03-04T19:13:23.678+0530] {logging_mixin.py:188} INFO - [2024-03-04T19:13:23.678+0530] {dag.py:3047} INFO - Sync 1 DAGs
[2024-03-04T19:13:23.688+0530] {logging_mixin.py:188} INFO - [2024-03-04T19:13:23.688+0530] {dag.py:3834} INFO - Setting next_dagrun for example_sensors to None, run_after=None
[2024-03-04T19:13:23.706+0530] {processor.py:183} INFO - Processing /home/taushif/.local/lib/python3.10/site-packages/airflow/example_dags/example_sensors.py took 0.088 seconds
[2024-03-04T19:14:11.173+0530] {processor.py:161} INFO - Started process (PID=141042) to work on /home/taushif/.local/lib/python3.10/site-packages/airflow/example_dags/example_sensors.py
[2024-03-04T19:14:11.181+0530] {processor.py:830} INFO - Processing file /home/taushif/.local/lib/python3.10/site-packages/airflow/example_dags/example_sensors.py for tasks to queue
[2024-03-04T19:14:11.182+0530] {logging_mixin.py:188} INFO - [2024-03-04T19:14:11.182+0530] {dagbag.py:540} INFO - Filling up the DagBag from /home/taushif/.local/lib/python3.10/site-packages/airflow/example_dags/example_sensors.py
[2024-03-04T19:14:11.199+0530] {processor.py:840} INFO - DAG(s) 'example_sensors' retrieved from /home/taushif/.local/lib/python3.10/site-packages/airflow/example_dags/example_sensors.py
[2024-03-04T19:14:11.220+0530] {logging_mixin.py:188} INFO - [2024-03-04T19:14:11.220+0530] {dag.py:3047} INFO - Sync 1 DAGs
[2024-03-04T19:14:11.230+0530] {logging_mixin.py:188} INFO - [2024-03-04T19:14:11.230+0530] {dag.py:3834} INFO - Setting next_dagrun for example_sensors to None, run_after=None
[2024-03-04T19:14:11.247+0530] {processor.py:183} INFO - Processing /home/taushif/.local/lib/python3.10/site-packages/airflow/example_dags/example_sensors.py took 0.080 seconds
[2024-03-04T19:14:47.487+0530] {processor.py:161} INFO - Started process (PID=141386) to work on /home/taushif/.local/lib/python3.10/site-packages/airflow/example_dags/example_sensors.py
[2024-03-04T19:14:47.493+0530] {processor.py:830} INFO - Processing file /home/taushif/.local/lib/python3.10/site-packages/airflow/example_dags/example_sensors.py for tasks to queue
[2024-03-04T19:14:47.495+0530] {logging_mixin.py:188} INFO - [2024-03-04T19:14:47.495+0530] {dagbag.py:540} INFO - Filling up the DagBag from /home/taushif/.local/lib/python3.10/site-packages/airflow/example_dags/example_sensors.py
[2024-03-04T19:14:47.512+0530] {processor.py:840} INFO - DAG(s) 'example_sensors' retrieved from /home/taushif/.local/lib/python3.10/site-packages/airflow/example_dags/example_sensors.py
[2024-03-04T19:14:47.530+0530] {logging_mixin.py:188} INFO - [2024-03-04T19:14:47.530+0530] {dag.py:3047} INFO - Sync 1 DAGs
[2024-03-04T19:14:47.539+0530] {logging_mixin.py:188} INFO - [2024-03-04T19:14:47.538+0530] {dag.py:3834} INFO - Setting next_dagrun for example_sensors to None, run_after=None
[2024-03-04T19:14:47.557+0530] {processor.py:183} INFO - Processing /home/taushif/.local/lib/python3.10/site-packages/airflow/example_dags/example_sensors.py took 0.074 seconds
[2024-03-04T19:15:37.052+0530] {processor.py:161} INFO - Started process (PID=141846) to work on /home/taushif/.local/lib/python3.10/site-packages/airflow/example_dags/example_sensors.py
[2024-03-04T19:15:37.058+0530] {processor.py:830} INFO - Processing file /home/taushif/.local/lib/python3.10/site-packages/airflow/example_dags/example_sensors.py for tasks to queue
[2024-03-04T19:15:37.059+0530] {logging_mixin.py:188} INFO - [2024-03-04T19:15:37.058+0530] {dagbag.py:540} INFO - Filling up the DagBag from /home/taushif/.local/lib/python3.10/site-packages/airflow/example_dags/example_sensors.py
[2024-03-04T19:15:37.067+0530] {processor.py:840} INFO - DAG(s) 'example_sensors' retrieved from /home/taushif/.local/lib/python3.10/site-packages/airflow/example_dags/example_sensors.py
[2024-03-04T19:15:37.084+0530] {logging_mixin.py:188} INFO - [2024-03-04T19:15:37.084+0530] {dag.py:3047} INFO - Sync 1 DAGs
[2024-03-04T19:15:37.094+0530] {logging_mixin.py:188} INFO - [2024-03-04T19:15:37.093+0530] {dag.py:3834} INFO - Setting next_dagrun for example_sensors to None, run_after=None
[2024-03-04T19:15:37.116+0530] {processor.py:183} INFO - Processing /home/taushif/.local/lib/python3.10/site-packages/airflow/example_dags/example_sensors.py took 0.067 seconds
