[2024-03-04T19:08:15.010+0530] {processor.py:161} INFO - Started process (PID=136662) to work on /home/taushif/.local/lib/python3.10/site-packages/airflow/example_dags/example_dynamic_task_mapping.py
[2024-03-04T19:08:15.011+0530] {processor.py:830} INFO - Processing file /home/taushif/.local/lib/python3.10/site-packages/airflow/example_dags/example_dynamic_task_mapping.py for tasks to queue
[2024-03-04T19:08:15.012+0530] {logging_mixin.py:188} INFO - [2024-03-04T19:08:15.011+0530] {dagbag.py:540} INFO - Filling up the DagBag from /home/taushif/.local/lib/python3.10/site-packages/airflow/example_dags/example_dynamic_task_mapping.py
[2024-03-04T19:08:15.019+0530] {processor.py:840} INFO - DAG(s) 'example_dynamic_task_mapping' retrieved from /home/taushif/.local/lib/python3.10/site-packages/airflow/example_dags/example_dynamic_task_mapping.py
[2024-03-04T19:08:15.147+0530] {logging_mixin.py:188} INFO - [2024-03-04T19:08:15.147+0530] {dag.py:3047} INFO - Sync 1 DAGs
[2024-03-04T19:08:15.157+0530] {logging_mixin.py:188} INFO - [2024-03-04T19:08:15.157+0530] {dag.py:3834} INFO - Setting next_dagrun for example_dynamic_task_mapping to 2022-03-04 00:00:00+00:00, run_after=2022-03-05 00:00:00+00:00
[2024-03-04T19:08:15.174+0530] {processor.py:183} INFO - Processing /home/taushif/.local/lib/python3.10/site-packages/airflow/example_dags/example_dynamic_task_mapping.py took 0.169 seconds
[2024-03-04T19:09:15.873+0530] {processor.py:161} INFO - Started process (PID=137352) to work on /home/taushif/.local/lib/python3.10/site-packages/airflow/example_dags/example_dynamic_task_mapping.py
[2024-03-04T19:09:15.879+0530] {processor.py:830} INFO - Processing file /home/taushif/.local/lib/python3.10/site-packages/airflow/example_dags/example_dynamic_task_mapping.py for tasks to queue
[2024-03-04T19:09:15.881+0530] {logging_mixin.py:188} INFO - [2024-03-04T19:09:15.880+0530] {dagbag.py:540} INFO - Filling up the DagBag from /home/taushif/.local/lib/python3.10/site-packages/airflow/example_dags/example_dynamic_task_mapping.py
[2024-03-04T19:09:15.889+0530] {processor.py:840} INFO - DAG(s) 'example_dynamic_task_mapping' retrieved from /home/taushif/.local/lib/python3.10/site-packages/airflow/example_dags/example_dynamic_task_mapping.py
[2024-03-04T19:09:15.899+0530] {logging_mixin.py:188} INFO - [2024-03-04T19:09:15.899+0530] {dag.py:3047} INFO - Sync 1 DAGs
[2024-03-04T19:09:15.910+0530] {logging_mixin.py:188} INFO - [2024-03-04T19:09:15.910+0530] {dag.py:3834} INFO - Setting next_dagrun for example_dynamic_task_mapping to 2022-03-04 00:00:00+00:00, run_after=2022-03-05 00:00:00+00:00
[2024-03-04T19:09:15.923+0530] {processor.py:183} INFO - Processing /home/taushif/.local/lib/python3.10/site-packages/airflow/example_dags/example_dynamic_task_mapping.py took 0.053 seconds
[2024-03-04T19:10:21.437+0530] {processor.py:161} INFO - Started process (PID=138395) to work on /home/taushif/.local/lib/python3.10/site-packages/airflow/example_dags/example_dynamic_task_mapping.py
[2024-03-04T19:10:21.444+0530] {processor.py:830} INFO - Processing file /home/taushif/.local/lib/python3.10/site-packages/airflow/example_dags/example_dynamic_task_mapping.py for tasks to queue
[2024-03-04T19:10:21.445+0530] {logging_mixin.py:188} INFO - [2024-03-04T19:10:21.445+0530] {dagbag.py:540} INFO - Filling up the DagBag from /home/taushif/.local/lib/python3.10/site-packages/airflow/example_dags/example_dynamic_task_mapping.py
[2024-03-04T19:10:21.452+0530] {processor.py:840} INFO - DAG(s) 'example_dynamic_task_mapping' retrieved from /home/taushif/.local/lib/python3.10/site-packages/airflow/example_dags/example_dynamic_task_mapping.py
[2024-03-04T19:10:21.461+0530] {logging_mixin.py:188} INFO - [2024-03-04T19:10:21.461+0530] {dag.py:3047} INFO - Sync 1 DAGs
[2024-03-04T19:10:21.473+0530] {logging_mixin.py:188} INFO - [2024-03-04T19:10:21.472+0530] {dag.py:3834} INFO - Setting next_dagrun for example_dynamic_task_mapping to 2022-03-04 00:00:00+00:00, run_after=2022-03-05 00:00:00+00:00
[2024-03-04T19:10:21.487+0530] {processor.py:183} INFO - Processing /home/taushif/.local/lib/python3.10/site-packages/airflow/example_dags/example_dynamic_task_mapping.py took 0.054 seconds
[2024-03-04T19:11:25.868+0530] {processor.py:161} INFO - Started process (PID=139356) to work on /home/taushif/.local/lib/python3.10/site-packages/airflow/example_dags/example_dynamic_task_mapping.py
[2024-03-04T19:11:25.873+0530] {processor.py:830} INFO - Processing file /home/taushif/.local/lib/python3.10/site-packages/airflow/example_dags/example_dynamic_task_mapping.py for tasks to queue
[2024-03-04T19:11:25.874+0530] {logging_mixin.py:188} INFO - [2024-03-04T19:11:25.874+0530] {dagbag.py:540} INFO - Filling up the DagBag from /home/taushif/.local/lib/python3.10/site-packages/airflow/example_dags/example_dynamic_task_mapping.py
[2024-03-04T19:11:25.879+0530] {processor.py:840} INFO - DAG(s) 'example_dynamic_task_mapping' retrieved from /home/taushif/.local/lib/python3.10/site-packages/airflow/example_dags/example_dynamic_task_mapping.py
[2024-03-04T19:11:25.888+0530] {logging_mixin.py:188} INFO - [2024-03-04T19:11:25.888+0530] {dag.py:3047} INFO - Sync 1 DAGs
[2024-03-04T19:11:25.899+0530] {logging_mixin.py:188} INFO - [2024-03-04T19:11:25.899+0530] {dag.py:3834} INFO - Setting next_dagrun for example_dynamic_task_mapping to 2022-03-04 00:00:00+00:00, run_after=2022-03-05 00:00:00+00:00
[2024-03-04T19:11:25.912+0530] {processor.py:183} INFO - Processing /home/taushif/.local/lib/python3.10/site-packages/airflow/example_dags/example_dynamic_task_mapping.py took 0.046 seconds
[2024-03-04T19:12:21.331+0530] {processor.py:161} INFO - Started process (PID=139941) to work on /home/taushif/.local/lib/python3.10/site-packages/airflow/example_dags/example_dynamic_task_mapping.py
[2024-03-04T19:12:21.337+0530] {processor.py:830} INFO - Processing file /home/taushif/.local/lib/python3.10/site-packages/airflow/example_dags/example_dynamic_task_mapping.py for tasks to queue
[2024-03-04T19:12:21.338+0530] {logging_mixin.py:188} INFO - [2024-03-04T19:12:21.338+0530] {dagbag.py:540} INFO - Filling up the DagBag from /home/taushif/.local/lib/python3.10/site-packages/airflow/example_dags/example_dynamic_task_mapping.py
[2024-03-04T19:12:21.349+0530] {processor.py:840} INFO - DAG(s) 'example_dynamic_task_mapping' retrieved from /home/taushif/.local/lib/python3.10/site-packages/airflow/example_dags/example_dynamic_task_mapping.py
[2024-03-04T19:12:21.365+0530] {logging_mixin.py:188} INFO - [2024-03-04T19:12:21.364+0530] {dag.py:3047} INFO - Sync 1 DAGs
[2024-03-04T19:12:21.382+0530] {logging_mixin.py:188} INFO - [2024-03-04T19:12:21.382+0530] {dag.py:3834} INFO - Setting next_dagrun for example_dynamic_task_mapping to 2022-03-04 00:00:00+00:00, run_after=2022-03-05 00:00:00+00:00
[2024-03-04T19:12:21.402+0530] {processor.py:183} INFO - Processing /home/taushif/.local/lib/python3.10/site-packages/airflow/example_dags/example_dynamic_task_mapping.py took 0.076 seconds
[2024-03-04T19:13:07.090+0530] {processor.py:161} INFO - Started process (PID=140424) to work on /home/taushif/.local/lib/python3.10/site-packages/airflow/example_dags/example_dynamic_task_mapping.py
[2024-03-04T19:13:07.097+0530] {processor.py:830} INFO - Processing file /home/taushif/.local/lib/python3.10/site-packages/airflow/example_dags/example_dynamic_task_mapping.py for tasks to queue
[2024-03-04T19:13:07.098+0530] {logging_mixin.py:188} INFO - [2024-03-04T19:13:07.098+0530] {dagbag.py:540} INFO - Filling up the DagBag from /home/taushif/.local/lib/python3.10/site-packages/airflow/example_dags/example_dynamic_task_mapping.py
[2024-03-04T19:13:07.106+0530] {processor.py:840} INFO - DAG(s) 'example_dynamic_task_mapping' retrieved from /home/taushif/.local/lib/python3.10/site-packages/airflow/example_dags/example_dynamic_task_mapping.py
[2024-03-04T19:13:07.121+0530] {logging_mixin.py:188} INFO - [2024-03-04T19:13:07.121+0530] {dag.py:3047} INFO - Sync 1 DAGs
[2024-03-04T19:13:07.140+0530] {logging_mixin.py:188} INFO - [2024-03-04T19:13:07.140+0530] {dag.py:3834} INFO - Setting next_dagrun for example_dynamic_task_mapping to 2022-03-04 00:00:00+00:00, run_after=2022-03-05 00:00:00+00:00
[2024-03-04T19:13:07.168+0530] {processor.py:183} INFO - Processing /home/taushif/.local/lib/python3.10/site-packages/airflow/example_dags/example_dynamic_task_mapping.py took 0.082 seconds
[2024-03-04T19:13:57.384+0530] {processor.py:161} INFO - Started process (PID=140913) to work on /home/taushif/.local/lib/python3.10/site-packages/airflow/example_dags/example_dynamic_task_mapping.py
[2024-03-04T19:13:57.386+0530] {processor.py:830} INFO - Processing file /home/taushif/.local/lib/python3.10/site-packages/airflow/example_dags/example_dynamic_task_mapping.py for tasks to queue
[2024-03-04T19:13:57.388+0530] {logging_mixin.py:188} INFO - [2024-03-04T19:13:57.388+0530] {dagbag.py:540} INFO - Filling up the DagBag from /home/taushif/.local/lib/python3.10/site-packages/airflow/example_dags/example_dynamic_task_mapping.py
[2024-03-04T19:13:57.399+0530] {processor.py:840} INFO - DAG(s) 'example_dynamic_task_mapping' retrieved from /home/taushif/.local/lib/python3.10/site-packages/airflow/example_dags/example_dynamic_task_mapping.py
[2024-03-04T19:13:57.426+0530] {logging_mixin.py:188} INFO - [2024-03-04T19:13:57.426+0530] {dag.py:3047} INFO - Sync 1 DAGs
[2024-03-04T19:13:57.447+0530] {logging_mixin.py:188} INFO - [2024-03-04T19:13:57.447+0530] {dag.py:3834} INFO - Setting next_dagrun for example_dynamic_task_mapping to 2022-03-04 00:00:00+00:00, run_after=2022-03-05 00:00:00+00:00
[2024-03-04T19:13:57.465+0530] {processor.py:183} INFO - Processing /home/taushif/.local/lib/python3.10/site-packages/airflow/example_dags/example_dynamic_task_mapping.py took 0.085 seconds
[2024-03-04T19:14:51.505+0530] {processor.py:161} INFO - Started process (PID=141422) to work on /home/taushif/.local/lib/python3.10/site-packages/airflow/example_dags/example_dynamic_task_mapping.py
[2024-03-04T19:14:51.511+0530] {processor.py:830} INFO - Processing file /home/taushif/.local/lib/python3.10/site-packages/airflow/example_dags/example_dynamic_task_mapping.py for tasks to queue
[2024-03-04T19:14:51.513+0530] {logging_mixin.py:188} INFO - [2024-03-04T19:14:51.512+0530] {dagbag.py:540} INFO - Filling up the DagBag from /home/taushif/.local/lib/python3.10/site-packages/airflow/example_dags/example_dynamic_task_mapping.py
[2024-03-04T19:14:51.525+0530] {processor.py:840} INFO - DAG(s) 'example_dynamic_task_mapping' retrieved from /home/taushif/.local/lib/python3.10/site-packages/airflow/example_dags/example_dynamic_task_mapping.py
[2024-03-04T19:14:51.542+0530] {logging_mixin.py:188} INFO - [2024-03-04T19:14:51.542+0530] {dag.py:3047} INFO - Sync 1 DAGs
[2024-03-04T19:14:51.557+0530] {logging_mixin.py:188} INFO - [2024-03-04T19:14:51.557+0530] {dag.py:3834} INFO - Setting next_dagrun for example_dynamic_task_mapping to 2022-03-04 00:00:00+00:00, run_after=2022-03-05 00:00:00+00:00
[2024-03-04T19:14:51.574+0530] {processor.py:183} INFO - Processing /home/taushif/.local/lib/python3.10/site-packages/airflow/example_dags/example_dynamic_task_mapping.py took 0.076 seconds
[2024-03-04T19:15:40.716+0530] {processor.py:161} INFO - Started process (PID=141892) to work on /home/taushif/.local/lib/python3.10/site-packages/airflow/example_dags/example_dynamic_task_mapping.py
[2024-03-04T19:15:40.722+0530] {processor.py:830} INFO - Processing file /home/taushif/.local/lib/python3.10/site-packages/airflow/example_dags/example_dynamic_task_mapping.py for tasks to queue
[2024-03-04T19:15:40.722+0530] {logging_mixin.py:188} INFO - [2024-03-04T19:15:40.722+0530] {dagbag.py:540} INFO - Filling up the DagBag from /home/taushif/.local/lib/python3.10/site-packages/airflow/example_dags/example_dynamic_task_mapping.py
[2024-03-04T19:15:40.727+0530] {processor.py:840} INFO - DAG(s) 'example_dynamic_task_mapping' retrieved from /home/taushif/.local/lib/python3.10/site-packages/airflow/example_dags/example_dynamic_task_mapping.py
[2024-03-04T19:15:40.740+0530] {logging_mixin.py:188} INFO - [2024-03-04T19:15:40.740+0530] {dag.py:3047} INFO - Sync 1 DAGs
[2024-03-04T19:15:40.756+0530] {logging_mixin.py:188} INFO - [2024-03-04T19:15:40.756+0530] {dag.py:3834} INFO - Setting next_dagrun for example_dynamic_task_mapping to 2022-03-04 00:00:00+00:00, run_after=2022-03-05 00:00:00+00:00
[2024-03-04T19:15:40.774+0530] {processor.py:183} INFO - Processing /home/taushif/.local/lib/python3.10/site-packages/airflow/example_dags/example_dynamic_task_mapping.py took 0.059 seconds
