[2024-03-04T19:08:12.031+0530] {processor.py:161} INFO - Started process (PID=136641) to work on /home/taushif/.local/lib/python3.10/site-packages/airflow/example_dags/example_datasets.py
[2024-03-04T19:08:12.032+0530] {processor.py:830} INFO - Processing file /home/taushif/.local/lib/python3.10/site-packages/airflow/example_dags/example_datasets.py for tasks to queue
[2024-03-04T19:08:12.033+0530] {logging_mixin.py:188} INFO - [2024-03-04T19:08:12.033+0530] {dagbag.py:540} INFO - Filling up the DagBag from /home/taushif/.local/lib/python3.10/site-packages/airflow/example_dags/example_datasets.py
[2024-03-04T19:08:12.041+0530] {processor.py:840} INFO - DAG(s) 'dataset_consumes_unknown_never_scheduled', 'dataset_consumes_1_and_2', 'dataset_produces_2', 'dataset_produces_1', 'dataset_consumes_1_never_scheduled', 'dataset_consumes_1' retrieved from /home/taushif/.local/lib/python3.10/site-packages/airflow/example_dags/example_datasets.py
[2024-03-04T19:08:12.210+0530] {logging_mixin.py:188} INFO - [2024-03-04T19:08:12.210+0530] {dag.py:3047} INFO - Sync 6 DAGs
[2024-03-04T19:08:12.223+0530] {logging_mixin.py:188} INFO - [2024-03-04T19:08:12.223+0530] {dag.py:3834} INFO - Setting next_dagrun for dataset_consumes_1 to None, run_after=None
[2024-03-04T19:08:12.226+0530] {logging_mixin.py:188} INFO - [2024-03-04T19:08:12.226+0530] {dag.py:3834} INFO - Setting next_dagrun for dataset_consumes_1_and_2 to None, run_after=None
[2024-03-04T19:08:12.227+0530] {logging_mixin.py:188} INFO - [2024-03-04T19:08:12.227+0530] {dag.py:3834} INFO - Setting next_dagrun for dataset_consumes_1_never_scheduled to None, run_after=None
[2024-03-04T19:08:12.227+0530] {logging_mixin.py:188} INFO - [2024-03-04T19:08:12.227+0530] {dag.py:3834} INFO - Setting next_dagrun for dataset_consumes_unknown_never_scheduled to None, run_after=None
[2024-03-04T19:08:12.229+0530] {logging_mixin.py:188} INFO - [2024-03-04T19:08:12.229+0530] {dag.py:3834} INFO - Setting next_dagrun for dataset_produces_1 to 2024-03-03 00:00:00+00:00, run_after=2024-03-04 00:00:00+00:00
[2024-03-04T19:08:12.229+0530] {logging_mixin.py:188} INFO - [2024-03-04T19:08:12.229+0530] {dag.py:3834} INFO - Setting next_dagrun for dataset_produces_2 to None, run_after=None
[2024-03-04T19:08:12.253+0530] {processor.py:183} INFO - Processing /home/taushif/.local/lib/python3.10/site-packages/airflow/example_dags/example_datasets.py took 0.225 seconds
[2024-03-04T19:09:00.938+0530] {processor.py:161} INFO - Started process (PID=137117) to work on /home/taushif/.local/lib/python3.10/site-packages/airflow/example_dags/example_datasets.py
[2024-03-04T19:09:00.944+0530] {processor.py:830} INFO - Processing file /home/taushif/.local/lib/python3.10/site-packages/airflow/example_dags/example_datasets.py for tasks to queue
[2024-03-04T19:09:00.945+0530] {logging_mixin.py:188} INFO - [2024-03-04T19:09:00.944+0530] {dagbag.py:540} INFO - Filling up the DagBag from /home/taushif/.local/lib/python3.10/site-packages/airflow/example_dags/example_datasets.py
[2024-03-04T19:09:01.038+0530] {processor.py:840} INFO - DAG(s) 'dataset_consumes_1', 'dataset_produces_1', 'dataset_consumes_unknown_never_scheduled', 'dataset_consumes_1_and_2', 'dataset_produces_2', 'dataset_consumes_1_never_scheduled' retrieved from /home/taushif/.local/lib/python3.10/site-packages/airflow/example_dags/example_datasets.py
[2024-03-04T19:09:01.055+0530] {logging_mixin.py:188} INFO - [2024-03-04T19:09:01.054+0530] {dag.py:3047} INFO - Sync 6 DAGs
[2024-03-04T19:09:01.068+0530] {logging_mixin.py:188} INFO - [2024-03-04T19:09:01.068+0530] {dag.py:3834} INFO - Setting next_dagrun for dataset_consumes_1 to None, run_after=None
[2024-03-04T19:09:01.070+0530] {logging_mixin.py:188} INFO - [2024-03-04T19:09:01.070+0530] {dag.py:3834} INFO - Setting next_dagrun for dataset_consumes_1_and_2 to None, run_after=None
[2024-03-04T19:09:01.071+0530] {logging_mixin.py:188} INFO - [2024-03-04T19:09:01.071+0530] {dag.py:3834} INFO - Setting next_dagrun for dataset_consumes_1_never_scheduled to None, run_after=None
[2024-03-04T19:09:01.072+0530] {logging_mixin.py:188} INFO - [2024-03-04T19:09:01.072+0530] {dag.py:3834} INFO - Setting next_dagrun for dataset_consumes_unknown_never_scheduled to None, run_after=None
[2024-03-04T19:09:01.073+0530] {logging_mixin.py:188} INFO - [2024-03-04T19:09:01.073+0530] {dag.py:3834} INFO - Setting next_dagrun for dataset_produces_1 to 2024-03-03 00:00:00+00:00, run_after=2024-03-04 00:00:00+00:00
[2024-03-04T19:09:01.074+0530] {logging_mixin.py:188} INFO - [2024-03-04T19:09:01.074+0530] {dag.py:3834} INFO - Setting next_dagrun for dataset_produces_2 to None, run_after=None
[2024-03-04T19:09:01.099+0530] {processor.py:183} INFO - Processing /home/taushif/.local/lib/python3.10/site-packages/airflow/example_dags/example_datasets.py took 0.164 seconds
[2024-03-04T19:10:03.685+0530] {processor.py:161} INFO - Started process (PID=138140) to work on /home/taushif/.local/lib/python3.10/site-packages/airflow/example_dags/example_datasets.py
[2024-03-04T19:10:03.691+0530] {processor.py:830} INFO - Processing file /home/taushif/.local/lib/python3.10/site-packages/airflow/example_dags/example_datasets.py for tasks to queue
[2024-03-04T19:10:03.693+0530] {logging_mixin.py:188} INFO - [2024-03-04T19:10:03.692+0530] {dagbag.py:540} INFO - Filling up the DagBag from /home/taushif/.local/lib/python3.10/site-packages/airflow/example_dags/example_datasets.py
[2024-03-04T19:10:03.701+0530] {processor.py:840} INFO - DAG(s) 'dataset_produces_2', 'dataset_consumes_1_never_scheduled', 'dataset_consumes_unknown_never_scheduled', 'dataset_consumes_1', 'dataset_consumes_1_and_2', 'dataset_produces_1' retrieved from /home/taushif/.local/lib/python3.10/site-packages/airflow/example_dags/example_datasets.py
[2024-03-04T19:10:03.719+0530] {logging_mixin.py:188} INFO - [2024-03-04T19:10:03.719+0530] {dag.py:3047} INFO - Sync 6 DAGs
[2024-03-04T19:10:03.732+0530] {logging_mixin.py:188} INFO - [2024-03-04T19:10:03.732+0530] {dag.py:3834} INFO - Setting next_dagrun for dataset_consumes_1 to None, run_after=None
[2024-03-04T19:10:03.735+0530] {logging_mixin.py:188} INFO - [2024-03-04T19:10:03.734+0530] {dag.py:3834} INFO - Setting next_dagrun for dataset_consumes_1_and_2 to None, run_after=None
[2024-03-04T19:10:03.735+0530] {logging_mixin.py:188} INFO - [2024-03-04T19:10:03.735+0530] {dag.py:3834} INFO - Setting next_dagrun for dataset_consumes_1_never_scheduled to None, run_after=None
[2024-03-04T19:10:03.736+0530] {logging_mixin.py:188} INFO - [2024-03-04T19:10:03.736+0530] {dag.py:3834} INFO - Setting next_dagrun for dataset_consumes_unknown_never_scheduled to None, run_after=None
[2024-03-04T19:10:03.738+0530] {logging_mixin.py:188} INFO - [2024-03-04T19:10:03.738+0530] {dag.py:3834} INFO - Setting next_dagrun for dataset_produces_1 to 2024-03-03 00:00:00+00:00, run_after=2024-03-04 00:00:00+00:00
[2024-03-04T19:10:03.739+0530] {logging_mixin.py:188} INFO - [2024-03-04T19:10:03.739+0530] {dag.py:3834} INFO - Setting next_dagrun for dataset_produces_2 to None, run_after=None
[2024-03-04T19:10:03.759+0530] {processor.py:183} INFO - Processing /home/taushif/.local/lib/python3.10/site-packages/airflow/example_dags/example_datasets.py took 0.078 seconds
[2024-03-04T19:11:06.994+0530] {processor.py:161} INFO - Started process (PID=139118) to work on /home/taushif/.local/lib/python3.10/site-packages/airflow/example_dags/example_datasets.py
[2024-03-04T19:11:07.000+0530] {processor.py:830} INFO - Processing file /home/taushif/.local/lib/python3.10/site-packages/airflow/example_dags/example_datasets.py for tasks to queue
[2024-03-04T19:11:07.001+0530] {logging_mixin.py:188} INFO - [2024-03-04T19:11:07.001+0530] {dagbag.py:540} INFO - Filling up the DagBag from /home/taushif/.local/lib/python3.10/site-packages/airflow/example_dags/example_datasets.py
[2024-03-04T19:11:07.013+0530] {processor.py:840} INFO - DAG(s) 'dataset_produces_2', 'dataset_consumes_unknown_never_scheduled', 'dataset_consumes_1_and_2', 'dataset_consumes_1_never_scheduled', 'dataset_produces_1', 'dataset_consumes_1' retrieved from /home/taushif/.local/lib/python3.10/site-packages/airflow/example_dags/example_datasets.py
[2024-03-04T19:11:07.031+0530] {logging_mixin.py:188} INFO - [2024-03-04T19:11:07.031+0530] {dag.py:3047} INFO - Sync 6 DAGs
[2024-03-04T19:11:07.044+0530] {logging_mixin.py:188} INFO - [2024-03-04T19:11:07.044+0530] {dag.py:3834} INFO - Setting next_dagrun for dataset_consumes_1 to None, run_after=None
[2024-03-04T19:11:07.046+0530] {logging_mixin.py:188} INFO - [2024-03-04T19:11:07.046+0530] {dag.py:3834} INFO - Setting next_dagrun for dataset_consumes_1_and_2 to None, run_after=None
[2024-03-04T19:11:07.047+0530] {logging_mixin.py:188} INFO - [2024-03-04T19:11:07.047+0530] {dag.py:3834} INFO - Setting next_dagrun for dataset_consumes_1_never_scheduled to None, run_after=None
[2024-03-04T19:11:07.048+0530] {logging_mixin.py:188} INFO - [2024-03-04T19:11:07.048+0530] {dag.py:3834} INFO - Setting next_dagrun for dataset_consumes_unknown_never_scheduled to None, run_after=None
[2024-03-04T19:11:07.049+0530] {logging_mixin.py:188} INFO - [2024-03-04T19:11:07.049+0530] {dag.py:3834} INFO - Setting next_dagrun for dataset_produces_1 to 2024-03-03 00:00:00+00:00, run_after=2024-03-04 00:00:00+00:00
[2024-03-04T19:11:07.050+0530] {logging_mixin.py:188} INFO - [2024-03-04T19:11:07.050+0530] {dag.py:3834} INFO - Setting next_dagrun for dataset_produces_2 to None, run_after=None
[2024-03-04T19:11:07.069+0530] {processor.py:183} INFO - Processing /home/taushif/.local/lib/python3.10/site-packages/airflow/example_dags/example_datasets.py took 0.078 seconds
[2024-03-04T19:12:09.023+0530] {processor.py:161} INFO - Started process (PID=139826) to work on /home/taushif/.local/lib/python3.10/site-packages/airflow/example_dags/example_datasets.py
[2024-03-04T19:12:09.024+0530] {processor.py:830} INFO - Processing file /home/taushif/.local/lib/python3.10/site-packages/airflow/example_dags/example_datasets.py for tasks to queue
[2024-03-04T19:12:09.026+0530] {logging_mixin.py:188} INFO - [2024-03-04T19:12:09.025+0530] {dagbag.py:540} INFO - Filling up the DagBag from /home/taushif/.local/lib/python3.10/site-packages/airflow/example_dags/example_datasets.py
[2024-03-04T19:12:09.033+0530] {processor.py:840} INFO - DAG(s) 'dataset_produces_2', 'dataset_consumes_unknown_never_scheduled', 'dataset_consumes_1_and_2', 'dataset_consumes_1_never_scheduled', 'dataset_produces_1', 'dataset_consumes_1' retrieved from /home/taushif/.local/lib/python3.10/site-packages/airflow/example_dags/example_datasets.py
[2024-03-04T19:12:09.067+0530] {logging_mixin.py:188} INFO - [2024-03-04T19:12:09.067+0530] {dag.py:3047} INFO - Sync 6 DAGs
[2024-03-04T19:12:09.108+0530] {logging_mixin.py:188} INFO - [2024-03-04T19:12:09.107+0530] {dag.py:3834} INFO - Setting next_dagrun for dataset_consumes_1 to None, run_after=None
[2024-03-04T19:12:09.112+0530] {logging_mixin.py:188} INFO - [2024-03-04T19:12:09.112+0530] {dag.py:3834} INFO - Setting next_dagrun for dataset_consumes_1_and_2 to None, run_after=None
[2024-03-04T19:12:09.114+0530] {logging_mixin.py:188} INFO - [2024-03-04T19:12:09.114+0530] {dag.py:3834} INFO - Setting next_dagrun for dataset_consumes_1_never_scheduled to None, run_after=None
[2024-03-04T19:12:09.115+0530] {logging_mixin.py:188} INFO - [2024-03-04T19:12:09.115+0530] {dag.py:3834} INFO - Setting next_dagrun for dataset_consumes_unknown_never_scheduled to None, run_after=None
[2024-03-04T19:12:09.118+0530] {logging_mixin.py:188} INFO - [2024-03-04T19:12:09.118+0530] {dag.py:3834} INFO - Setting next_dagrun for dataset_produces_1 to 2024-03-03 00:00:00+00:00, run_after=2024-03-04 00:00:00+00:00
[2024-03-04T19:12:09.119+0530] {logging_mixin.py:188} INFO - [2024-03-04T19:12:09.119+0530] {dag.py:3834} INFO - Setting next_dagrun for dataset_produces_2 to None, run_after=None
[2024-03-04T19:12:09.168+0530] {processor.py:183} INFO - Processing /home/taushif/.local/lib/python3.10/site-packages/airflow/example_dags/example_datasets.py took 0.149 seconds
[2024-03-04T19:12:57.903+0530] {processor.py:161} INFO - Started process (PID=140336) to work on /home/taushif/.local/lib/python3.10/site-packages/airflow/example_dags/example_datasets.py
[2024-03-04T19:12:57.909+0530] {processor.py:830} INFO - Processing file /home/taushif/.local/lib/python3.10/site-packages/airflow/example_dags/example_datasets.py for tasks to queue
[2024-03-04T19:12:57.911+0530] {logging_mixin.py:188} INFO - [2024-03-04T19:12:57.910+0530] {dagbag.py:540} INFO - Filling up the DagBag from /home/taushif/.local/lib/python3.10/site-packages/airflow/example_dags/example_datasets.py
[2024-03-04T19:12:57.918+0530] {processor.py:840} INFO - DAG(s) 'dataset_consumes_1_never_scheduled', 'dataset_consumes_1_and_2', 'dataset_consumes_unknown_never_scheduled', 'dataset_produces_1', 'dataset_produces_2', 'dataset_consumes_1' retrieved from /home/taushif/.local/lib/python3.10/site-packages/airflow/example_dags/example_datasets.py
[2024-03-04T19:12:57.940+0530] {logging_mixin.py:188} INFO - [2024-03-04T19:12:57.939+0530] {dag.py:3047} INFO - Sync 6 DAGs
[2024-03-04T19:12:57.960+0530] {logging_mixin.py:188} INFO - [2024-03-04T19:12:57.959+0530] {dag.py:3834} INFO - Setting next_dagrun for dataset_consumes_1 to None, run_after=None
[2024-03-04T19:12:57.963+0530] {logging_mixin.py:188} INFO - [2024-03-04T19:12:57.963+0530] {dag.py:3834} INFO - Setting next_dagrun for dataset_consumes_1_and_2 to None, run_after=None
[2024-03-04T19:12:57.963+0530] {logging_mixin.py:188} INFO - [2024-03-04T19:12:57.963+0530] {dag.py:3834} INFO - Setting next_dagrun for dataset_consumes_1_never_scheduled to None, run_after=None
[2024-03-04T19:12:57.964+0530] {logging_mixin.py:188} INFO - [2024-03-04T19:12:57.964+0530] {dag.py:3834} INFO - Setting next_dagrun for dataset_consumes_unknown_never_scheduled to None, run_after=None
[2024-03-04T19:12:57.966+0530] {logging_mixin.py:188} INFO - [2024-03-04T19:12:57.966+0530] {dag.py:3834} INFO - Setting next_dagrun for dataset_produces_1 to 2024-03-03 00:00:00+00:00, run_after=2024-03-04 00:00:00+00:00
[2024-03-04T19:12:57.966+0530] {logging_mixin.py:188} INFO - [2024-03-04T19:12:57.966+0530] {dag.py:3834} INFO - Setting next_dagrun for dataset_produces_2 to None, run_after=None
[2024-03-04T19:12:57.995+0530] {processor.py:183} INFO - Processing /home/taushif/.local/lib/python3.10/site-packages/airflow/example_dags/example_datasets.py took 0.095 seconds
[2024-03-04T19:13:46.686+0530] {processor.py:161} INFO - Started process (PID=140820) to work on /home/taushif/.local/lib/python3.10/site-packages/airflow/example_dags/example_datasets.py
[2024-03-04T19:13:46.692+0530] {processor.py:830} INFO - Processing file /home/taushif/.local/lib/python3.10/site-packages/airflow/example_dags/example_datasets.py for tasks to queue
[2024-03-04T19:13:46.694+0530] {logging_mixin.py:188} INFO - [2024-03-04T19:13:46.693+0530] {dagbag.py:540} INFO - Filling up the DagBag from /home/taushif/.local/lib/python3.10/site-packages/airflow/example_dags/example_datasets.py
[2024-03-04T19:13:46.712+0530] {processor.py:840} INFO - DAG(s) 'dataset_consumes_1_never_scheduled', 'dataset_consumes_1', 'dataset_produces_1', 'dataset_consumes_1_and_2', 'dataset_produces_2', 'dataset_consumes_unknown_never_scheduled' retrieved from /home/taushif/.local/lib/python3.10/site-packages/airflow/example_dags/example_datasets.py
[2024-03-04T19:13:46.750+0530] {logging_mixin.py:188} INFO - [2024-03-04T19:13:46.750+0530] {dag.py:3047} INFO - Sync 6 DAGs
[2024-03-04T19:13:46.766+0530] {logging_mixin.py:188} INFO - [2024-03-04T19:13:46.766+0530] {dag.py:3834} INFO - Setting next_dagrun for dataset_consumes_1 to None, run_after=None
[2024-03-04T19:13:46.769+0530] {logging_mixin.py:188} INFO - [2024-03-04T19:13:46.769+0530] {dag.py:3834} INFO - Setting next_dagrun for dataset_consumes_1_and_2 to None, run_after=None
[2024-03-04T19:13:46.769+0530] {logging_mixin.py:188} INFO - [2024-03-04T19:13:46.769+0530] {dag.py:3834} INFO - Setting next_dagrun for dataset_consumes_1_never_scheduled to None, run_after=None
[2024-03-04T19:13:46.770+0530] {logging_mixin.py:188} INFO - [2024-03-04T19:13:46.770+0530] {dag.py:3834} INFO - Setting next_dagrun for dataset_consumes_unknown_never_scheduled to None, run_after=None
[2024-03-04T19:13:46.771+0530] {logging_mixin.py:188} INFO - [2024-03-04T19:13:46.771+0530] {dag.py:3834} INFO - Setting next_dagrun for dataset_produces_1 to 2024-03-03 00:00:00+00:00, run_after=2024-03-04 00:00:00+00:00
[2024-03-04T19:13:46.772+0530] {logging_mixin.py:188} INFO - [2024-03-04T19:13:46.772+0530] {dag.py:3834} INFO - Setting next_dagrun for dataset_produces_2 to None, run_after=None
[2024-03-04T19:13:46.797+0530] {processor.py:183} INFO - Processing /home/taushif/.local/lib/python3.10/site-packages/airflow/example_dags/example_datasets.py took 0.118 seconds
[2024-03-04T19:14:38.761+0530] {processor.py:161} INFO - Started process (PID=141311) to work on /home/taushif/.local/lib/python3.10/site-packages/airflow/example_dags/example_datasets.py
[2024-03-04T19:14:38.768+0530] {processor.py:830} INFO - Processing file /home/taushif/.local/lib/python3.10/site-packages/airflow/example_dags/example_datasets.py for tasks to queue
[2024-03-04T19:14:38.770+0530] {logging_mixin.py:188} INFO - [2024-03-04T19:14:38.769+0530] {dagbag.py:540} INFO - Filling up the DagBag from /home/taushif/.local/lib/python3.10/site-packages/airflow/example_dags/example_datasets.py
[2024-03-04T19:14:38.787+0530] {processor.py:840} INFO - DAG(s) 'dataset_consumes_unknown_never_scheduled', 'dataset_consumes_1_never_scheduled', 'dataset_consumes_1_and_2', 'dataset_produces_1', 'dataset_consumes_1', 'dataset_produces_2' retrieved from /home/taushif/.local/lib/python3.10/site-packages/airflow/example_dags/example_datasets.py
[2024-03-04T19:14:38.819+0530] {logging_mixin.py:188} INFO - [2024-03-04T19:14:38.818+0530] {dag.py:3047} INFO - Sync 6 DAGs
[2024-03-04T19:14:38.841+0530] {logging_mixin.py:188} INFO - [2024-03-04T19:14:38.841+0530] {dag.py:3834} INFO - Setting next_dagrun for dataset_consumes_1 to None, run_after=None
[2024-03-04T19:14:38.843+0530] {logging_mixin.py:188} INFO - [2024-03-04T19:14:38.843+0530] {dag.py:3834} INFO - Setting next_dagrun for dataset_consumes_1_and_2 to None, run_after=None
[2024-03-04T19:14:38.844+0530] {logging_mixin.py:188} INFO - [2024-03-04T19:14:38.844+0530] {dag.py:3834} INFO - Setting next_dagrun for dataset_consumes_1_never_scheduled to None, run_after=None
[2024-03-04T19:14:38.846+0530] {logging_mixin.py:188} INFO - [2024-03-04T19:14:38.846+0530] {dag.py:3834} INFO - Setting next_dagrun for dataset_consumes_unknown_never_scheduled to None, run_after=None
[2024-03-04T19:14:38.848+0530] {logging_mixin.py:188} INFO - [2024-03-04T19:14:38.848+0530] {dag.py:3834} INFO - Setting next_dagrun for dataset_produces_1 to 2024-03-03 00:00:00+00:00, run_after=2024-03-04 00:00:00+00:00
[2024-03-04T19:14:38.851+0530] {logging_mixin.py:188} INFO - [2024-03-04T19:14:38.850+0530] {dag.py:3834} INFO - Setting next_dagrun for dataset_produces_2 to None, run_after=None
[2024-03-04T19:14:38.877+0530] {processor.py:183} INFO - Processing /home/taushif/.local/lib/python3.10/site-packages/airflow/example_dags/example_datasets.py took 0.120 seconds
[2024-03-04T19:15:29.196+0530] {processor.py:161} INFO - Started process (PID=141773) to work on /home/taushif/.local/lib/python3.10/site-packages/airflow/example_dags/example_datasets.py
[2024-03-04T19:15:29.202+0530] {processor.py:830} INFO - Processing file /home/taushif/.local/lib/python3.10/site-packages/airflow/example_dags/example_datasets.py for tasks to queue
[2024-03-04T19:15:29.203+0530] {logging_mixin.py:188} INFO - [2024-03-04T19:15:29.203+0530] {dagbag.py:540} INFO - Filling up the DagBag from /home/taushif/.local/lib/python3.10/site-packages/airflow/example_dags/example_datasets.py
[2024-03-04T19:15:29.212+0530] {processor.py:840} INFO - DAG(s) 'dataset_consumes_1_and_2', 'dataset_produces_1', 'dataset_consumes_1', 'dataset_consumes_1_never_scheduled', 'dataset_produces_2', 'dataset_consumes_unknown_never_scheduled' retrieved from /home/taushif/.local/lib/python3.10/site-packages/airflow/example_dags/example_datasets.py
[2024-03-04T19:15:29.236+0530] {logging_mixin.py:188} INFO - [2024-03-04T19:15:29.236+0530] {dag.py:3047} INFO - Sync 6 DAGs
[2024-03-04T19:15:29.255+0530] {logging_mixin.py:188} INFO - [2024-03-04T19:15:29.255+0530] {dag.py:3834} INFO - Setting next_dagrun for dataset_consumes_1 to None, run_after=None
[2024-03-04T19:15:29.258+0530] {logging_mixin.py:188} INFO - [2024-03-04T19:15:29.258+0530] {dag.py:3834} INFO - Setting next_dagrun for dataset_consumes_1_and_2 to None, run_after=None
[2024-03-04T19:15:29.259+0530] {logging_mixin.py:188} INFO - [2024-03-04T19:15:29.259+0530] {dag.py:3834} INFO - Setting next_dagrun for dataset_consumes_1_never_scheduled to None, run_after=None
[2024-03-04T19:15:29.260+0530] {logging_mixin.py:188} INFO - [2024-03-04T19:15:29.260+0530] {dag.py:3834} INFO - Setting next_dagrun for dataset_consumes_unknown_never_scheduled to None, run_after=None
[2024-03-04T19:15:29.262+0530] {logging_mixin.py:188} INFO - [2024-03-04T19:15:29.262+0530] {dag.py:3834} INFO - Setting next_dagrun for dataset_produces_1 to 2024-03-03 00:00:00+00:00, run_after=2024-03-04 00:00:00+00:00
[2024-03-04T19:15:29.264+0530] {logging_mixin.py:188} INFO - [2024-03-04T19:15:29.263+0530] {dag.py:3834} INFO - Setting next_dagrun for dataset_produces_2 to None, run_after=None
[2024-03-04T19:15:29.296+0530] {processor.py:183} INFO - Processing /home/taushif/.local/lib/python3.10/site-packages/airflow/example_dags/example_datasets.py took 0.102 seconds
