[2024-03-04T19:07:32.228+0530] {processor.py:161} INFO - Started process (PID=136145) to work on /home/taushif/.local/lib/python3.10/site-packages/airflow/example_dags/tutorial_taskflow_api_virtualenv.py
[2024-03-04T19:07:32.229+0530] {processor.py:830} INFO - Processing file /home/taushif/.local/lib/python3.10/site-packages/airflow/example_dags/tutorial_taskflow_api_virtualenv.py for tasks to queue
[2024-03-04T19:07:32.230+0530] {logging_mixin.py:188} INFO - [2024-03-04T19:07:32.230+0530] {dagbag.py:540} INFO - Filling up the DagBag from /home/taushif/.local/lib/python3.10/site-packages/airflow/example_dags/tutorial_taskflow_api_virtualenv.py
[2024-03-04T19:07:32.233+0530] {logging_mixin.py:188} INFO - [2024-03-04T19:07:32.233+0530] {tutorial_taskflow_api_virtualenv.py:29} WARNING - The tutorial_taskflow_api_virtualenv example DAG requires virtualenv, please install it.
[2024-03-04T19:07:32.234+0530] {processor.py:842} WARNING - No viable dags retrieved from /home/taushif/.local/lib/python3.10/site-packages/airflow/example_dags/tutorial_taskflow_api_virtualenv.py
[2024-03-04T19:07:32.247+0530] {processor.py:183} INFO - Processing /home/taushif/.local/lib/python3.10/site-packages/airflow/example_dags/tutorial_taskflow_api_virtualenv.py took 0.021 seconds
[2024-03-04T19:08:24.261+0530] {processor.py:161} INFO - Started process (PID=136758) to work on /home/taushif/.local/lib/python3.10/site-packages/airflow/example_dags/tutorial_taskflow_api_virtualenv.py
[2024-03-04T19:08:24.267+0530] {processor.py:830} INFO - Processing file /home/taushif/.local/lib/python3.10/site-packages/airflow/example_dags/tutorial_taskflow_api_virtualenv.py for tasks to queue
[2024-03-04T19:08:24.268+0530] {logging_mixin.py:188} INFO - [2024-03-04T19:08:24.268+0530] {dagbag.py:540} INFO - Filling up the DagBag from /home/taushif/.local/lib/python3.10/site-packages/airflow/example_dags/tutorial_taskflow_api_virtualenv.py
[2024-03-04T19:08:24.271+0530] {logging_mixin.py:188} INFO - [2024-03-04T19:08:24.271+0530] {tutorial_taskflow_api_virtualenv.py:29} WARNING - The tutorial_taskflow_api_virtualenv example DAG requires virtualenv, please install it.
[2024-03-04T19:08:24.271+0530] {processor.py:842} WARNING - No viable dags retrieved from /home/taushif/.local/lib/python3.10/site-packages/airflow/example_dags/tutorial_taskflow_api_virtualenv.py
[2024-03-04T19:08:24.286+0530] {processor.py:183} INFO - Processing /home/taushif/.local/lib/python3.10/site-packages/airflow/example_dags/tutorial_taskflow_api_virtualenv.py took 0.029 seconds
[2024-03-04T19:09:04.585+0530] {processor.py:161} INFO - Started process (PID=137182) to work on /home/taushif/.local/lib/python3.10/site-packages/airflow/example_dags/tutorial_taskflow_api_virtualenv.py
[2024-03-04T19:09:04.591+0530] {processor.py:830} INFO - Processing file /home/taushif/.local/lib/python3.10/site-packages/airflow/example_dags/tutorial_taskflow_api_virtualenv.py for tasks to queue
[2024-03-04T19:09:04.593+0530] {logging_mixin.py:188} INFO - [2024-03-04T19:09:04.592+0530] {dagbag.py:540} INFO - Filling up the DagBag from /home/taushif/.local/lib/python3.10/site-packages/airflow/example_dags/tutorial_taskflow_api_virtualenv.py
[2024-03-04T19:09:04.597+0530] {logging_mixin.py:188} INFO - [2024-03-04T19:09:04.596+0530] {tutorial_taskflow_api_virtualenv.py:29} WARNING - The tutorial_taskflow_api_virtualenv example DAG requires virtualenv, please install it.
[2024-03-04T19:09:04.597+0530] {processor.py:842} WARNING - No viable dags retrieved from /home/taushif/.local/lib/python3.10/site-packages/airflow/example_dags/tutorial_taskflow_api_virtualenv.py
[2024-03-04T19:09:04.678+0530] {processor.py:183} INFO - Processing /home/taushif/.local/lib/python3.10/site-packages/airflow/example_dags/tutorial_taskflow_api_virtualenv.py took 0.096 seconds
[2024-03-04T19:09:43.589+0530] {processor.py:161} INFO - Started process (PID=137745) to work on /home/taushif/.local/lib/python3.10/site-packages/airflow/example_dags/tutorial_taskflow_api_virtualenv.py
[2024-03-04T19:09:43.595+0530] {processor.py:830} INFO - Processing file /home/taushif/.local/lib/python3.10/site-packages/airflow/example_dags/tutorial_taskflow_api_virtualenv.py for tasks to queue
[2024-03-04T19:09:43.596+0530] {logging_mixin.py:188} INFO - [2024-03-04T19:09:43.596+0530] {dagbag.py:540} INFO - Filling up the DagBag from /home/taushif/.local/lib/python3.10/site-packages/airflow/example_dags/tutorial_taskflow_api_virtualenv.py
[2024-03-04T19:09:43.600+0530] {logging_mixin.py:188} INFO - [2024-03-04T19:09:43.600+0530] {tutorial_taskflow_api_virtualenv.py:29} WARNING - The tutorial_taskflow_api_virtualenv example DAG requires virtualenv, please install it.
[2024-03-04T19:09:43.601+0530] {processor.py:842} WARNING - No viable dags retrieved from /home/taushif/.local/lib/python3.10/site-packages/airflow/example_dags/tutorial_taskflow_api_virtualenv.py
[2024-03-04T19:09:43.609+0530] {processor.py:183} INFO - Processing /home/taushif/.local/lib/python3.10/site-packages/airflow/example_dags/tutorial_taskflow_api_virtualenv.py took 0.022 seconds
[2024-03-04T19:10:30.610+0530] {processor.py:161} INFO - Started process (PID=138500) to work on /home/taushif/.local/lib/python3.10/site-packages/airflow/example_dags/tutorial_taskflow_api_virtualenv.py
[2024-03-04T19:10:30.616+0530] {processor.py:830} INFO - Processing file /home/taushif/.local/lib/python3.10/site-packages/airflow/example_dags/tutorial_taskflow_api_virtualenv.py for tasks to queue
[2024-03-04T19:10:30.617+0530] {logging_mixin.py:188} INFO - [2024-03-04T19:10:30.617+0530] {dagbag.py:540} INFO - Filling up the DagBag from /home/taushif/.local/lib/python3.10/site-packages/airflow/example_dags/tutorial_taskflow_api_virtualenv.py
[2024-03-04T19:10:30.620+0530] {logging_mixin.py:188} INFO - [2024-03-04T19:10:30.620+0530] {tutorial_taskflow_api_virtualenv.py:29} WARNING - The tutorial_taskflow_api_virtualenv example DAG requires virtualenv, please install it.
[2024-03-04T19:10:30.620+0530] {processor.py:842} WARNING - No viable dags retrieved from /home/taushif/.local/lib/python3.10/site-packages/airflow/example_dags/tutorial_taskflow_api_virtualenv.py
[2024-03-04T19:10:30.627+0530] {processor.py:183} INFO - Processing /home/taushif/.local/lib/python3.10/site-packages/airflow/example_dags/tutorial_taskflow_api_virtualenv.py took 0.021 seconds
[2024-03-04T19:11:10.628+0530] {processor.py:161} INFO - Started process (PID=139168) to work on /home/taushif/.local/lib/python3.10/site-packages/airflow/example_dags/tutorial_taskflow_api_virtualenv.py
[2024-03-04T19:11:10.635+0530] {processor.py:830} INFO - Processing file /home/taushif/.local/lib/python3.10/site-packages/airflow/example_dags/tutorial_taskflow_api_virtualenv.py for tasks to queue
[2024-03-04T19:11:10.636+0530] {logging_mixin.py:188} INFO - [2024-03-04T19:11:10.636+0530] {dagbag.py:540} INFO - Filling up the DagBag from /home/taushif/.local/lib/python3.10/site-packages/airflow/example_dags/tutorial_taskflow_api_virtualenv.py
[2024-03-04T19:11:10.641+0530] {logging_mixin.py:188} INFO - [2024-03-04T19:11:10.640+0530] {tutorial_taskflow_api_virtualenv.py:29} WARNING - The tutorial_taskflow_api_virtualenv example DAG requires virtualenv, please install it.
[2024-03-04T19:11:10.641+0530] {processor.py:842} WARNING - No viable dags retrieved from /home/taushif/.local/lib/python3.10/site-packages/airflow/example_dags/tutorial_taskflow_api_virtualenv.py
[2024-03-04T19:11:10.659+0530] {processor.py:183} INFO - Processing /home/taushif/.local/lib/python3.10/site-packages/airflow/example_dags/tutorial_taskflow_api_virtualenv.py took 0.035 seconds
[2024-03-04T19:11:52.668+0530] {processor.py:161} INFO - Started process (PID=139678) to work on /home/taushif/.local/lib/python3.10/site-packages/airflow/example_dags/tutorial_taskflow_api_virtualenv.py
[2024-03-04T19:11:52.673+0530] {processor.py:830} INFO - Processing file /home/taushif/.local/lib/python3.10/site-packages/airflow/example_dags/tutorial_taskflow_api_virtualenv.py for tasks to queue
[2024-03-04T19:11:52.674+0530] {logging_mixin.py:188} INFO - [2024-03-04T19:11:52.674+0530] {dagbag.py:540} INFO - Filling up the DagBag from /home/taushif/.local/lib/python3.10/site-packages/airflow/example_dags/tutorial_taskflow_api_virtualenv.py
[2024-03-04T19:11:52.677+0530] {logging_mixin.py:188} INFO - [2024-03-04T19:11:52.677+0530] {tutorial_taskflow_api_virtualenv.py:29} WARNING - The tutorial_taskflow_api_virtualenv example DAG requires virtualenv, please install it.
[2024-03-04T19:11:52.678+0530] {processor.py:842} WARNING - No viable dags retrieved from /home/taushif/.local/lib/python3.10/site-packages/airflow/example_dags/tutorial_taskflow_api_virtualenv.py
[2024-03-04T19:11:52.687+0530] {processor.py:183} INFO - Processing /home/taushif/.local/lib/python3.10/site-packages/airflow/example_dags/tutorial_taskflow_api_virtualenv.py took 0.022 seconds
[2024-03-04T19:12:29.707+0530] {processor.py:161} INFO - Started process (PID=140047) to work on /home/taushif/.local/lib/python3.10/site-packages/airflow/example_dags/tutorial_taskflow_api_virtualenv.py
[2024-03-04T19:12:29.713+0530] {processor.py:830} INFO - Processing file /home/taushif/.local/lib/python3.10/site-packages/airflow/example_dags/tutorial_taskflow_api_virtualenv.py for tasks to queue
[2024-03-04T19:12:29.714+0530] {logging_mixin.py:188} INFO - [2024-03-04T19:12:29.713+0530] {dagbag.py:540} INFO - Filling up the DagBag from /home/taushif/.local/lib/python3.10/site-packages/airflow/example_dags/tutorial_taskflow_api_virtualenv.py
[2024-03-04T19:12:29.716+0530] {logging_mixin.py:188} INFO - [2024-03-04T19:12:29.716+0530] {tutorial_taskflow_api_virtualenv.py:29} WARNING - The tutorial_taskflow_api_virtualenv example DAG requires virtualenv, please install it.
[2024-03-04T19:12:29.716+0530] {processor.py:842} WARNING - No viable dags retrieved from /home/taushif/.local/lib/python3.10/site-packages/airflow/example_dags/tutorial_taskflow_api_virtualenv.py
[2024-03-04T19:12:29.724+0530] {processor.py:183} INFO - Processing /home/taushif/.local/lib/python3.10/site-packages/airflow/example_dags/tutorial_taskflow_api_virtualenv.py took 0.018 seconds
[2024-03-04T19:13:00.765+0530] {processor.py:161} INFO - Started process (PID=140353) to work on /home/taushif/.local/lib/python3.10/site-packages/airflow/example_dags/tutorial_taskflow_api_virtualenv.py
[2024-03-04T19:13:00.771+0530] {processor.py:830} INFO - Processing file /home/taushif/.local/lib/python3.10/site-packages/airflow/example_dags/tutorial_taskflow_api_virtualenv.py for tasks to queue
[2024-03-04T19:13:00.773+0530] {logging_mixin.py:188} INFO - [2024-03-04T19:13:00.772+0530] {dagbag.py:540} INFO - Filling up the DagBag from /home/taushif/.local/lib/python3.10/site-packages/airflow/example_dags/tutorial_taskflow_api_virtualenv.py
[2024-03-04T19:13:00.777+0530] {logging_mixin.py:188} INFO - [2024-03-04T19:13:00.777+0530] {tutorial_taskflow_api_virtualenv.py:29} WARNING - The tutorial_taskflow_api_virtualenv example DAG requires virtualenv, please install it.
[2024-03-04T19:13:00.778+0530] {processor.py:842} WARNING - No viable dags retrieved from /home/taushif/.local/lib/python3.10/site-packages/airflow/example_dags/tutorial_taskflow_api_virtualenv.py
[2024-03-04T19:13:00.788+0530] {processor.py:183} INFO - Processing /home/taushif/.local/lib/python3.10/site-packages/airflow/example_dags/tutorial_taskflow_api_virtualenv.py took 0.029 seconds
[2024-03-04T19:13:33.026+0530] {processor.py:161} INFO - Started process (PID=140676) to work on /home/taushif/.local/lib/python3.10/site-packages/airflow/example_dags/tutorial_taskflow_api_virtualenv.py
[2024-03-04T19:13:33.033+0530] {processor.py:830} INFO - Processing file /home/taushif/.local/lib/python3.10/site-packages/airflow/example_dags/tutorial_taskflow_api_virtualenv.py for tasks to queue
[2024-03-04T19:13:33.034+0530] {logging_mixin.py:188} INFO - [2024-03-04T19:13:33.034+0530] {dagbag.py:540} INFO - Filling up the DagBag from /home/taushif/.local/lib/python3.10/site-packages/airflow/example_dags/tutorial_taskflow_api_virtualenv.py
[2024-03-04T19:13:33.038+0530] {logging_mixin.py:188} INFO - [2024-03-04T19:13:33.038+0530] {tutorial_taskflow_api_virtualenv.py:29} WARNING - The tutorial_taskflow_api_virtualenv example DAG requires virtualenv, please install it.
[2024-03-04T19:13:33.039+0530] {processor.py:842} WARNING - No viable dags retrieved from /home/taushif/.local/lib/python3.10/site-packages/airflow/example_dags/tutorial_taskflow_api_virtualenv.py
[2024-03-04T19:13:33.053+0530] {processor.py:183} INFO - Processing /home/taushif/.local/lib/python3.10/site-packages/airflow/example_dags/tutorial_taskflow_api_virtualenv.py took 0.029 seconds
[2024-03-04T19:14:06.229+0530] {processor.py:161} INFO - Started process (PID=140991) to work on /home/taushif/.local/lib/python3.10/site-packages/airflow/example_dags/tutorial_taskflow_api_virtualenv.py
[2024-03-04T19:14:06.235+0530] {processor.py:830} INFO - Processing file /home/taushif/.local/lib/python3.10/site-packages/airflow/example_dags/tutorial_taskflow_api_virtualenv.py for tasks to queue
[2024-03-04T19:14:06.236+0530] {logging_mixin.py:188} INFO - [2024-03-04T19:14:06.235+0530] {dagbag.py:540} INFO - Filling up the DagBag from /home/taushif/.local/lib/python3.10/site-packages/airflow/example_dags/tutorial_taskflow_api_virtualenv.py
[2024-03-04T19:14:06.240+0530] {logging_mixin.py:188} INFO - [2024-03-04T19:14:06.240+0530] {tutorial_taskflow_api_virtualenv.py:29} WARNING - The tutorial_taskflow_api_virtualenv example DAG requires virtualenv, please install it.
[2024-03-04T19:14:06.241+0530] {processor.py:842} WARNING - No viable dags retrieved from /home/taushif/.local/lib/python3.10/site-packages/airflow/example_dags/tutorial_taskflow_api_virtualenv.py
[2024-03-04T19:14:06.249+0530] {processor.py:183} INFO - Processing /home/taushif/.local/lib/python3.10/site-packages/airflow/example_dags/tutorial_taskflow_api_virtualenv.py took 0.022 seconds
[2024-03-04T19:14:42.530+0530] {processor.py:161} INFO - Started process (PID=141348) to work on /home/taushif/.local/lib/python3.10/site-packages/airflow/example_dags/tutorial_taskflow_api_virtualenv.py
[2024-03-04T19:14:42.535+0530] {processor.py:830} INFO - Processing file /home/taushif/.local/lib/python3.10/site-packages/airflow/example_dags/tutorial_taskflow_api_virtualenv.py for tasks to queue
[2024-03-04T19:14:42.537+0530] {logging_mixin.py:188} INFO - [2024-03-04T19:14:42.536+0530] {dagbag.py:540} INFO - Filling up the DagBag from /home/taushif/.local/lib/python3.10/site-packages/airflow/example_dags/tutorial_taskflow_api_virtualenv.py
[2024-03-04T19:14:42.540+0530] {logging_mixin.py:188} INFO - [2024-03-04T19:14:42.540+0530] {tutorial_taskflow_api_virtualenv.py:29} WARNING - The tutorial_taskflow_api_virtualenv example DAG requires virtualenv, please install it.
[2024-03-04T19:14:42.541+0530] {processor.py:842} WARNING - No viable dags retrieved from /home/taushif/.local/lib/python3.10/site-packages/airflow/example_dags/tutorial_taskflow_api_virtualenv.py
[2024-03-04T19:14:42.548+0530] {processor.py:183} INFO - Processing /home/taushif/.local/lib/python3.10/site-packages/airflow/example_dags/tutorial_taskflow_api_virtualenv.py took 0.020 seconds
[2024-03-04T19:15:14.955+0530] {processor.py:161} INFO - Started process (PID=141640) to work on /home/taushif/.local/lib/python3.10/site-packages/airflow/example_dags/tutorial_taskflow_api_virtualenv.py
[2024-03-04T19:15:14.961+0530] {processor.py:830} INFO - Processing file /home/taushif/.local/lib/python3.10/site-packages/airflow/example_dags/tutorial_taskflow_api_virtualenv.py for tasks to queue
[2024-03-04T19:15:14.962+0530] {logging_mixin.py:188} INFO - [2024-03-04T19:15:14.961+0530] {dagbag.py:540} INFO - Filling up the DagBag from /home/taushif/.local/lib/python3.10/site-packages/airflow/example_dags/tutorial_taskflow_api_virtualenv.py
[2024-03-04T19:15:14.964+0530] {logging_mixin.py:188} INFO - [2024-03-04T19:15:14.964+0530] {tutorial_taskflow_api_virtualenv.py:29} WARNING - The tutorial_taskflow_api_virtualenv example DAG requires virtualenv, please install it.
[2024-03-04T19:15:14.964+0530] {processor.py:842} WARNING - No viable dags retrieved from /home/taushif/.local/lib/python3.10/site-packages/airflow/example_dags/tutorial_taskflow_api_virtualenv.py
[2024-03-04T19:15:14.971+0530] {processor.py:183} INFO - Processing /home/taushif/.local/lib/python3.10/site-packages/airflow/example_dags/tutorial_taskflow_api_virtualenv.py took 0.018 seconds
