[2024-03-04T19:07:47.421+0530] {processor.py:161} INFO - Started process (PID=136375) to work on /home/taushif/.local/lib/python3.10/site-packages/airflow/example_dags/tutorial.py
[2024-03-04T19:07:47.422+0530] {processor.py:830} INFO - Processing file /home/taushif/.local/lib/python3.10/site-packages/airflow/example_dags/tutorial.py for tasks to queue
[2024-03-04T19:07:47.423+0530] {logging_mixin.py:188} INFO - [2024-03-04T19:07:47.422+0530] {dagbag.py:540} INFO - Filling up the DagBag from /home/taushif/.local/lib/python3.10/site-packages/airflow/example_dags/tutorial.py
[2024-03-04T19:07:47.429+0530] {processor.py:840} INFO - DAG(s) 'tutorial' retrieved from /home/taushif/.local/lib/python3.10/site-packages/airflow/example_dags/tutorial.py
[2024-03-04T19:07:47.570+0530] {logging_mixin.py:188} INFO - [2024-03-04T19:07:47.570+0530] {dag.py:3047} INFO - Sync 1 DAGs
[2024-03-04T19:07:47.582+0530] {logging_mixin.py:188} INFO - [2024-03-04T19:07:47.582+0530] {dag.py:3834} INFO - Setting next_dagrun for tutorial to 2024-03-03 00:00:00+00:00, run_after=2024-03-04 00:00:00+00:00
[2024-03-04T19:07:47.601+0530] {processor.py:183} INFO - Processing /home/taushif/.local/lib/python3.10/site-packages/airflow/example_dags/tutorial.py took 0.183 seconds
[2024-03-04T19:08:38.324+0530] {processor.py:161} INFO - Started process (PID=136868) to work on /home/taushif/.local/lib/python3.10/site-packages/airflow/example_dags/tutorial.py
[2024-03-04T19:08:38.331+0530] {processor.py:830} INFO - Processing file /home/taushif/.local/lib/python3.10/site-packages/airflow/example_dags/tutorial.py for tasks to queue
[2024-03-04T19:08:38.332+0530] {logging_mixin.py:188} INFO - [2024-03-04T19:08:38.331+0530] {dagbag.py:540} INFO - Filling up the DagBag from /home/taushif/.local/lib/python3.10/site-packages/airflow/example_dags/tutorial.py
[2024-03-04T19:08:38.345+0530] {processor.py:840} INFO - DAG(s) 'tutorial' retrieved from /home/taushif/.local/lib/python3.10/site-packages/airflow/example_dags/tutorial.py
[2024-03-04T19:08:38.375+0530] {logging_mixin.py:188} INFO - [2024-03-04T19:08:38.375+0530] {dag.py:3047} INFO - Sync 1 DAGs
[2024-03-04T19:08:38.493+0530] {logging_mixin.py:188} INFO - [2024-03-04T19:08:38.493+0530] {dag.py:3834} INFO - Setting next_dagrun for tutorial to 2024-03-03 00:00:00+00:00, run_after=2024-03-04 00:00:00+00:00
[2024-03-04T19:08:38.511+0530] {processor.py:183} INFO - Processing /home/taushif/.local/lib/python3.10/site-packages/airflow/example_dags/tutorial.py took 0.192 seconds
[2024-03-04T19:09:28.317+0530] {processor.py:161} INFO - Started process (PID=137555) to work on /home/taushif/.local/lib/python3.10/site-packages/airflow/example_dags/tutorial.py
[2024-03-04T19:09:28.324+0530] {processor.py:830} INFO - Processing file /home/taushif/.local/lib/python3.10/site-packages/airflow/example_dags/tutorial.py for tasks to queue
[2024-03-04T19:09:28.325+0530] {logging_mixin.py:188} INFO - [2024-03-04T19:09:28.324+0530] {dagbag.py:540} INFO - Filling up the DagBag from /home/taushif/.local/lib/python3.10/site-packages/airflow/example_dags/tutorial.py
[2024-03-04T19:09:28.330+0530] {processor.py:840} INFO - DAG(s) 'tutorial' retrieved from /home/taushif/.local/lib/python3.10/site-packages/airflow/example_dags/tutorial.py
[2024-03-04T19:09:28.342+0530] {logging_mixin.py:188} INFO - [2024-03-04T19:09:28.342+0530] {dag.py:3047} INFO - Sync 1 DAGs
[2024-03-04T19:09:28.362+0530] {logging_mixin.py:188} INFO - [2024-03-04T19:09:28.361+0530] {dag.py:3834} INFO - Setting next_dagrun for tutorial to 2024-03-03 00:00:00+00:00, run_after=2024-03-04 00:00:00+00:00
[2024-03-04T19:09:28.381+0530] {processor.py:183} INFO - Processing /home/taushif/.local/lib/python3.10/site-packages/airflow/example_dags/tutorial.py took 0.065 seconds
[2024-03-04T19:10:11.129+0530] {processor.py:161} INFO - Started process (PID=138243) to work on /home/taushif/.local/lib/python3.10/site-packages/airflow/example_dags/tutorial.py
[2024-03-04T19:10:11.135+0530] {processor.py:830} INFO - Processing file /home/taushif/.local/lib/python3.10/site-packages/airflow/example_dags/tutorial.py for tasks to queue
[2024-03-04T19:10:11.136+0530] {logging_mixin.py:188} INFO - [2024-03-04T19:10:11.136+0530] {dagbag.py:540} INFO - Filling up the DagBag from /home/taushif/.local/lib/python3.10/site-packages/airflow/example_dags/tutorial.py
[2024-03-04T19:10:11.144+0530] {processor.py:840} INFO - DAG(s) 'tutorial' retrieved from /home/taushif/.local/lib/python3.10/site-packages/airflow/example_dags/tutorial.py
[2024-03-04T19:10:11.154+0530] {logging_mixin.py:188} INFO - [2024-03-04T19:10:11.154+0530] {dag.py:3047} INFO - Sync 1 DAGs
[2024-03-04T19:10:11.166+0530] {logging_mixin.py:188} INFO - [2024-03-04T19:10:11.166+0530] {dag.py:3834} INFO - Setting next_dagrun for tutorial to 2024-03-03 00:00:00+00:00, run_after=2024-03-04 00:00:00+00:00
[2024-03-04T19:10:11.181+0530] {processor.py:183} INFO - Processing /home/taushif/.local/lib/python3.10/site-packages/airflow/example_dags/tutorial.py took 0.055 seconds
[2024-03-04T19:10:51.205+0530] {processor.py:161} INFO - Started process (PID=138796) to work on /home/taushif/.local/lib/python3.10/site-packages/airflow/example_dags/tutorial.py
[2024-03-04T19:10:51.212+0530] {processor.py:830} INFO - Processing file /home/taushif/.local/lib/python3.10/site-packages/airflow/example_dags/tutorial.py for tasks to queue
[2024-03-04T19:10:51.213+0530] {logging_mixin.py:188} INFO - [2024-03-04T19:10:51.212+0530] {dagbag.py:540} INFO - Filling up the DagBag from /home/taushif/.local/lib/python3.10/site-packages/airflow/example_dags/tutorial.py
[2024-03-04T19:10:51.220+0530] {processor.py:840} INFO - DAG(s) 'tutorial' retrieved from /home/taushif/.local/lib/python3.10/site-packages/airflow/example_dags/tutorial.py
[2024-03-04T19:10:51.230+0530] {logging_mixin.py:188} INFO - [2024-03-04T19:10:51.230+0530] {dag.py:3047} INFO - Sync 1 DAGs
[2024-03-04T19:10:51.242+0530] {logging_mixin.py:188} INFO - [2024-03-04T19:10:51.242+0530] {dag.py:3834} INFO - Setting next_dagrun for tutorial to 2024-03-03 00:00:00+00:00, run_after=2024-03-04 00:00:00+00:00
[2024-03-04T19:10:51.255+0530] {processor.py:183} INFO - Processing /home/taushif/.local/lib/python3.10/site-packages/airflow/example_dags/tutorial.py took 0.053 seconds
[2024-03-04T19:11:40.276+0530] {processor.py:161} INFO - Started process (PID=139520) to work on /home/taushif/.local/lib/python3.10/site-packages/airflow/example_dags/tutorial.py
[2024-03-04T19:11:40.282+0530] {processor.py:830} INFO - Processing file /home/taushif/.local/lib/python3.10/site-packages/airflow/example_dags/tutorial.py for tasks to queue
[2024-03-04T19:11:40.283+0530] {logging_mixin.py:188} INFO - [2024-03-04T19:11:40.283+0530] {dagbag.py:540} INFO - Filling up the DagBag from /home/taushif/.local/lib/python3.10/site-packages/airflow/example_dags/tutorial.py
[2024-03-04T19:11:40.290+0530] {processor.py:840} INFO - DAG(s) 'tutorial' retrieved from /home/taushif/.local/lib/python3.10/site-packages/airflow/example_dags/tutorial.py
[2024-03-04T19:11:40.304+0530] {logging_mixin.py:188} INFO - [2024-03-04T19:11:40.304+0530] {dag.py:3047} INFO - Sync 1 DAGs
[2024-03-04T19:11:40.329+0530] {logging_mixin.py:188} INFO - [2024-03-04T19:11:40.329+0530] {dag.py:3834} INFO - Setting next_dagrun for tutorial to 2024-03-03 00:00:00+00:00, run_after=2024-03-04 00:00:00+00:00
[2024-03-04T19:11:40.367+0530] {processor.py:183} INFO - Processing /home/taushif/.local/lib/python3.10/site-packages/airflow/example_dags/tutorial.py took 0.094 seconds
[2024-03-04T19:12:16.584+0530] {processor.py:161} INFO - Started process (PID=139900) to work on /home/taushif/.local/lib/python3.10/site-packages/airflow/example_dags/tutorial.py
[2024-03-04T19:12:16.590+0530] {processor.py:830} INFO - Processing file /home/taushif/.local/lib/python3.10/site-packages/airflow/example_dags/tutorial.py for tasks to queue
[2024-03-04T19:12:16.593+0530] {logging_mixin.py:188} INFO - [2024-03-04T19:12:16.592+0530] {dagbag.py:540} INFO - Filling up the DagBag from /home/taushif/.local/lib/python3.10/site-packages/airflow/example_dags/tutorial.py
[2024-03-04T19:12:16.604+0530] {processor.py:840} INFO - DAG(s) 'tutorial' retrieved from /home/taushif/.local/lib/python3.10/site-packages/airflow/example_dags/tutorial.py
[2024-03-04T19:12:16.630+0530] {logging_mixin.py:188} INFO - [2024-03-04T19:12:16.630+0530] {dag.py:3047} INFO - Sync 1 DAGs
[2024-03-04T19:12:16.649+0530] {logging_mixin.py:188} INFO - [2024-03-04T19:12:16.649+0530] {dag.py:3834} INFO - Setting next_dagrun for tutorial to 2024-03-03 00:00:00+00:00, run_after=2024-03-04 00:00:00+00:00
[2024-03-04T19:12:16.666+0530] {processor.py:183} INFO - Processing /home/taushif/.local/lib/python3.10/site-packages/airflow/example_dags/tutorial.py took 0.087 seconds
[2024-03-04T19:13:03.095+0530] {processor.py:161} INFO - Started process (PID=140373) to work on /home/taushif/.local/lib/python3.10/site-packages/airflow/example_dags/tutorial.py
[2024-03-04T19:13:03.102+0530] {processor.py:830} INFO - Processing file /home/taushif/.local/lib/python3.10/site-packages/airflow/example_dags/tutorial.py for tasks to queue
[2024-03-04T19:13:03.103+0530] {logging_mixin.py:188} INFO - [2024-03-04T19:13:03.103+0530] {dagbag.py:540} INFO - Filling up the DagBag from /home/taushif/.local/lib/python3.10/site-packages/airflow/example_dags/tutorial.py
[2024-03-04T19:13:03.117+0530] {processor.py:840} INFO - DAG(s) 'tutorial' retrieved from /home/taushif/.local/lib/python3.10/site-packages/airflow/example_dags/tutorial.py
[2024-03-04T19:13:03.136+0530] {logging_mixin.py:188} INFO - [2024-03-04T19:13:03.135+0530] {dag.py:3047} INFO - Sync 1 DAGs
[2024-03-04T19:13:03.153+0530] {logging_mixin.py:188} INFO - [2024-03-04T19:13:03.153+0530] {dag.py:3834} INFO - Setting next_dagrun for tutorial to 2024-03-03 00:00:00+00:00, run_after=2024-03-04 00:00:00+00:00
[2024-03-04T19:13:03.170+0530] {processor.py:183} INFO - Processing /home/taushif/.local/lib/python3.10/site-packages/airflow/example_dags/tutorial.py took 0.080 seconds
[2024-03-04T19:13:52.230+0530] {processor.py:161} INFO - Started process (PID=140875) to work on /home/taushif/.local/lib/python3.10/site-packages/airflow/example_dags/tutorial.py
[2024-03-04T19:13:52.237+0530] {processor.py:830} INFO - Processing file /home/taushif/.local/lib/python3.10/site-packages/airflow/example_dags/tutorial.py for tasks to queue
[2024-03-04T19:13:52.238+0530] {logging_mixin.py:188} INFO - [2024-03-04T19:13:52.238+0530] {dagbag.py:540} INFO - Filling up the DagBag from /home/taushif/.local/lib/python3.10/site-packages/airflow/example_dags/tutorial.py
[2024-03-04T19:13:52.244+0530] {processor.py:840} INFO - DAG(s) 'tutorial' retrieved from /home/taushif/.local/lib/python3.10/site-packages/airflow/example_dags/tutorial.py
[2024-03-04T19:13:52.258+0530] {logging_mixin.py:188} INFO - [2024-03-04T19:13:52.258+0530] {dag.py:3047} INFO - Sync 1 DAGs
[2024-03-04T19:13:52.273+0530] {logging_mixin.py:188} INFO - [2024-03-04T19:13:52.273+0530] {dag.py:3834} INFO - Setting next_dagrun for tutorial to 2024-03-03 00:00:00+00:00, run_after=2024-03-04 00:00:00+00:00
[2024-03-04T19:13:52.291+0530] {processor.py:183} INFO - Processing /home/taushif/.local/lib/python3.10/site-packages/airflow/example_dags/tutorial.py took 0.064 seconds
[2024-03-04T19:14:30.627+0530] {processor.py:161} INFO - Started process (PID=141221) to work on /home/taushif/.local/lib/python3.10/site-packages/airflow/example_dags/tutorial.py
[2024-03-04T19:14:30.634+0530] {processor.py:830} INFO - Processing file /home/taushif/.local/lib/python3.10/site-packages/airflow/example_dags/tutorial.py for tasks to queue
[2024-03-04T19:14:30.636+0530] {logging_mixin.py:188} INFO - [2024-03-04T19:14:30.635+0530] {dagbag.py:540} INFO - Filling up the DagBag from /home/taushif/.local/lib/python3.10/site-packages/airflow/example_dags/tutorial.py
[2024-03-04T19:14:30.647+0530] {processor.py:840} INFO - DAG(s) 'tutorial' retrieved from /home/taushif/.local/lib/python3.10/site-packages/airflow/example_dags/tutorial.py
[2024-03-04T19:14:30.667+0530] {logging_mixin.py:188} INFO - [2024-03-04T19:14:30.666+0530] {dag.py:3047} INFO - Sync 1 DAGs
[2024-03-04T19:14:30.681+0530] {logging_mixin.py:188} INFO - [2024-03-04T19:14:30.681+0530] {dag.py:3834} INFO - Setting next_dagrun for tutorial to 2024-03-03 00:00:00+00:00, run_after=2024-03-04 00:00:00+00:00
[2024-03-04T19:14:30.700+0530] {processor.py:183} INFO - Processing /home/taushif/.local/lib/python3.10/site-packages/airflow/example_dags/tutorial.py took 0.077 seconds
[2024-03-04T19:15:19.047+0530] {processor.py:161} INFO - Started process (PID=141672) to work on /home/taushif/.local/lib/python3.10/site-packages/airflow/example_dags/tutorial.py
[2024-03-04T19:15:19.048+0530] {processor.py:830} INFO - Processing file /home/taushif/.local/lib/python3.10/site-packages/airflow/example_dags/tutorial.py for tasks to queue
[2024-03-04T19:15:19.048+0530] {logging_mixin.py:188} INFO - [2024-03-04T19:15:19.048+0530] {dagbag.py:540} INFO - Filling up the DagBag from /home/taushif/.local/lib/python3.10/site-packages/airflow/example_dags/tutorial.py
[2024-03-04T19:15:19.052+0530] {processor.py:840} INFO - DAG(s) 'tutorial' retrieved from /home/taushif/.local/lib/python3.10/site-packages/airflow/example_dags/tutorial.py
[2024-03-04T19:15:19.061+0530] {logging_mixin.py:188} INFO - [2024-03-04T19:15:19.061+0530] {dag.py:3047} INFO - Sync 1 DAGs
[2024-03-04T19:15:19.073+0530] {logging_mixin.py:188} INFO - [2024-03-04T19:15:19.073+0530] {dag.py:3834} INFO - Setting next_dagrun for tutorial to 2024-03-03 00:00:00+00:00, run_after=2024-03-04 00:00:00+00:00
[2024-03-04T19:15:19.088+0530] {processor.py:183} INFO - Processing /home/taushif/.local/lib/python3.10/site-packages/airflow/example_dags/tutorial.py took 0.042 seconds
