[2024-03-04T19:07:43.423+0530] {processor.py:161} INFO - Started process (PID=136321) to work on /home/taushif/.local/lib/python3.10/site-packages/airflow/example_dags/tutorial_dag.py
[2024-03-04T19:07:43.424+0530] {processor.py:830} INFO - Processing file /home/taushif/.local/lib/python3.10/site-packages/airflow/example_dags/tutorial_dag.py for tasks to queue
[2024-03-04T19:07:43.425+0530] {logging_mixin.py:188} INFO - [2024-03-04T19:07:43.424+0530] {dagbag.py:540} INFO - Filling up the DagBag from /home/taushif/.local/lib/python3.10/site-packages/airflow/example_dags/tutorial_dag.py
[2024-03-04T19:07:43.430+0530] {processor.py:840} INFO - DAG(s) 'tutorial_dag' retrieved from /home/taushif/.local/lib/python3.10/site-packages/airflow/example_dags/tutorial_dag.py
[2024-03-04T19:07:43.556+0530] {logging_mixin.py:188} INFO - [2024-03-04T19:07:43.556+0530] {dag.py:3047} INFO - Sync 1 DAGs
[2024-03-04T19:07:43.561+0530] {logging_mixin.py:188} INFO - [2024-03-04T19:07:43.561+0530] {dag.py:3834} INFO - Setting next_dagrun for tutorial_dag to None, run_after=None
[2024-03-04T19:07:43.581+0530] {processor.py:183} INFO - Processing /home/taushif/.local/lib/python3.10/site-packages/airflow/example_dags/tutorial_dag.py took 0.159 seconds
[2024-03-04T19:08:33.991+0530] {processor.py:161} INFO - Started process (PID=136833) to work on /home/taushif/.local/lib/python3.10/site-packages/airflow/example_dags/tutorial_dag.py
[2024-03-04T19:08:33.997+0530] {processor.py:830} INFO - Processing file /home/taushif/.local/lib/python3.10/site-packages/airflow/example_dags/tutorial_dag.py for tasks to queue
[2024-03-04T19:08:33.998+0530] {logging_mixin.py:188} INFO - [2024-03-04T19:08:33.998+0530] {dagbag.py:540} INFO - Filling up the DagBag from /home/taushif/.local/lib/python3.10/site-packages/airflow/example_dags/tutorial_dag.py
[2024-03-04T19:08:34.004+0530] {processor.py:840} INFO - DAG(s) 'tutorial_dag' retrieved from /home/taushif/.local/lib/python3.10/site-packages/airflow/example_dags/tutorial_dag.py
[2024-03-04T19:08:34.018+0530] {logging_mixin.py:188} INFO - [2024-03-04T19:08:34.017+0530] {dag.py:3047} INFO - Sync 1 DAGs
[2024-03-04T19:08:34.111+0530] {logging_mixin.py:188} INFO - [2024-03-04T19:08:34.110+0530] {dag.py:3834} INFO - Setting next_dagrun for tutorial_dag to None, run_after=None
[2024-03-04T19:08:34.130+0530] {processor.py:183} INFO - Processing /home/taushif/.local/lib/python3.10/site-packages/airflow/example_dags/tutorial_dag.py took 0.142 seconds
[2024-03-04T19:09:14.731+0530] {processor.py:161} INFO - Started process (PID=137333) to work on /home/taushif/.local/lib/python3.10/site-packages/airflow/example_dags/tutorial_dag.py
[2024-03-04T19:09:14.738+0530] {processor.py:830} INFO - Processing file /home/taushif/.local/lib/python3.10/site-packages/airflow/example_dags/tutorial_dag.py for tasks to queue
[2024-03-04T19:09:14.739+0530] {logging_mixin.py:188} INFO - [2024-03-04T19:09:14.739+0530] {dagbag.py:540} INFO - Filling up the DagBag from /home/taushif/.local/lib/python3.10/site-packages/airflow/example_dags/tutorial_dag.py
[2024-03-04T19:09:14.746+0530] {processor.py:840} INFO - DAG(s) 'tutorial_dag' retrieved from /home/taushif/.local/lib/python3.10/site-packages/airflow/example_dags/tutorial_dag.py
[2024-03-04T19:09:14.757+0530] {logging_mixin.py:188} INFO - [2024-03-04T19:09:14.756+0530] {dag.py:3047} INFO - Sync 1 DAGs
[2024-03-04T19:09:14.763+0530] {logging_mixin.py:188} INFO - [2024-03-04T19:09:14.763+0530] {dag.py:3834} INFO - Setting next_dagrun for tutorial_dag to None, run_after=None
[2024-03-04T19:09:14.776+0530] {processor.py:183} INFO - Processing /home/taushif/.local/lib/python3.10/site-packages/airflow/example_dags/tutorial_dag.py took 0.048 seconds
[2024-03-04T19:10:07.534+0530] {processor.py:161} INFO - Started process (PID=138208) to work on /home/taushif/.local/lib/python3.10/site-packages/airflow/example_dags/tutorial_dag.py
[2024-03-04T19:10:07.540+0530] {processor.py:830} INFO - Processing file /home/taushif/.local/lib/python3.10/site-packages/airflow/example_dags/tutorial_dag.py for tasks to queue
[2024-03-04T19:10:07.541+0530] {logging_mixin.py:188} INFO - [2024-03-04T19:10:07.540+0530] {dagbag.py:540} INFO - Filling up the DagBag from /home/taushif/.local/lib/python3.10/site-packages/airflow/example_dags/tutorial_dag.py
[2024-03-04T19:10:07.547+0530] {processor.py:840} INFO - DAG(s) 'tutorial_dag' retrieved from /home/taushif/.local/lib/python3.10/site-packages/airflow/example_dags/tutorial_dag.py
[2024-03-04T19:10:07.559+0530] {logging_mixin.py:188} INFO - [2024-03-04T19:10:07.559+0530] {dag.py:3047} INFO - Sync 1 DAGs
[2024-03-04T19:10:07.567+0530] {logging_mixin.py:188} INFO - [2024-03-04T19:10:07.567+0530] {dag.py:3834} INFO - Setting next_dagrun for tutorial_dag to None, run_after=None
[2024-03-04T19:10:07.591+0530] {processor.py:183} INFO - Processing /home/taushif/.local/lib/python3.10/site-packages/airflow/example_dags/tutorial_dag.py took 0.059 seconds
[2024-03-04T19:10:48.350+0530] {processor.py:161} INFO - Started process (PID=138731) to work on /home/taushif/.local/lib/python3.10/site-packages/airflow/example_dags/tutorial_dag.py
[2024-03-04T19:10:48.355+0530] {processor.py:830} INFO - Processing file /home/taushif/.local/lib/python3.10/site-packages/airflow/example_dags/tutorial_dag.py for tasks to queue
[2024-03-04T19:10:48.357+0530] {logging_mixin.py:188} INFO - [2024-03-04T19:10:48.356+0530] {dagbag.py:540} INFO - Filling up the DagBag from /home/taushif/.local/lib/python3.10/site-packages/airflow/example_dags/tutorial_dag.py
[2024-03-04T19:10:48.362+0530] {processor.py:840} INFO - DAG(s) 'tutorial_dag' retrieved from /home/taushif/.local/lib/python3.10/site-packages/airflow/example_dags/tutorial_dag.py
[2024-03-04T19:10:48.382+0530] {logging_mixin.py:188} INFO - [2024-03-04T19:10:48.381+0530] {dag.py:3047} INFO - Sync 1 DAGs
[2024-03-04T19:10:48.397+0530] {logging_mixin.py:188} INFO - [2024-03-04T19:10:48.396+0530] {dag.py:3834} INFO - Setting next_dagrun for tutorial_dag to None, run_after=None
[2024-03-04T19:10:48.435+0530] {processor.py:183} INFO - Processing /home/taushif/.local/lib/python3.10/site-packages/airflow/example_dags/tutorial_dag.py took 0.088 seconds
[2024-03-04T19:11:35.859+0530] {processor.py:161} INFO - Started process (PID=139452) to work on /home/taushif/.local/lib/python3.10/site-packages/airflow/example_dags/tutorial_dag.py
[2024-03-04T19:11:35.860+0530] {processor.py:830} INFO - Processing file /home/taushif/.local/lib/python3.10/site-packages/airflow/example_dags/tutorial_dag.py for tasks to queue
[2024-03-04T19:11:35.860+0530] {logging_mixin.py:188} INFO - [2024-03-04T19:11:35.860+0530] {dagbag.py:540} INFO - Filling up the DagBag from /home/taushif/.local/lib/python3.10/site-packages/airflow/example_dags/tutorial_dag.py
[2024-03-04T19:11:35.865+0530] {processor.py:840} INFO - DAG(s) 'tutorial_dag' retrieved from /home/taushif/.local/lib/python3.10/site-packages/airflow/example_dags/tutorial_dag.py
[2024-03-04T19:11:35.879+0530] {logging_mixin.py:188} INFO - [2024-03-04T19:11:35.879+0530] {dag.py:3047} INFO - Sync 1 DAGs
[2024-03-04T19:11:35.888+0530] {logging_mixin.py:188} INFO - [2024-03-04T19:11:35.888+0530] {dag.py:3834} INFO - Setting next_dagrun for tutorial_dag to None, run_after=None
[2024-03-04T19:11:35.908+0530] {processor.py:183} INFO - Processing /home/taushif/.local/lib/python3.10/site-packages/airflow/example_dags/tutorial_dag.py took 0.052 seconds
[2024-03-04T19:12:12.968+0530] {processor.py:161} INFO - Started process (PID=139862) to work on /home/taushif/.local/lib/python3.10/site-packages/airflow/example_dags/tutorial_dag.py
[2024-03-04T19:12:12.971+0530] {processor.py:830} INFO - Processing file /home/taushif/.local/lib/python3.10/site-packages/airflow/example_dags/tutorial_dag.py for tasks to queue
[2024-03-04T19:12:12.974+0530] {logging_mixin.py:188} INFO - [2024-03-04T19:12:12.972+0530] {dagbag.py:540} INFO - Filling up the DagBag from /home/taushif/.local/lib/python3.10/site-packages/airflow/example_dags/tutorial_dag.py
[2024-03-04T19:12:12.983+0530] {processor.py:840} INFO - DAG(s) 'tutorial_dag' retrieved from /home/taushif/.local/lib/python3.10/site-packages/airflow/example_dags/tutorial_dag.py
[2024-03-04T19:12:12.998+0530] {logging_mixin.py:188} INFO - [2024-03-04T19:12:12.998+0530] {dag.py:3047} INFO - Sync 1 DAGs
[2024-03-04T19:12:13.004+0530] {logging_mixin.py:188} INFO - [2024-03-04T19:12:13.004+0530] {dag.py:3834} INFO - Setting next_dagrun for tutorial_dag to None, run_after=None
[2024-03-04T19:12:13.027+0530] {processor.py:183} INFO - Processing /home/taushif/.local/lib/python3.10/site-packages/airflow/example_dags/tutorial_dag.py took 0.062 seconds
[2024-03-04T19:12:47.728+0530] {processor.py:161} INFO - Started process (PID=140244) to work on /home/taushif/.local/lib/python3.10/site-packages/airflow/example_dags/tutorial_dag.py
[2024-03-04T19:12:47.734+0530] {processor.py:830} INFO - Processing file /home/taushif/.local/lib/python3.10/site-packages/airflow/example_dags/tutorial_dag.py for tasks to queue
[2024-03-04T19:12:47.736+0530] {logging_mixin.py:188} INFO - [2024-03-04T19:12:47.735+0530] {dagbag.py:540} INFO - Filling up the DagBag from /home/taushif/.local/lib/python3.10/site-packages/airflow/example_dags/tutorial_dag.py
[2024-03-04T19:12:47.746+0530] {processor.py:840} INFO - DAG(s) 'tutorial_dag' retrieved from /home/taushif/.local/lib/python3.10/site-packages/airflow/example_dags/tutorial_dag.py
[2024-03-04T19:12:47.772+0530] {logging_mixin.py:188} INFO - [2024-03-04T19:12:47.771+0530] {dag.py:3047} INFO - Sync 1 DAGs
[2024-03-04T19:12:47.783+0530] {logging_mixin.py:188} INFO - [2024-03-04T19:12:47.782+0530] {dag.py:3834} INFO - Setting next_dagrun for tutorial_dag to None, run_after=None
[2024-03-04T19:12:47.800+0530] {processor.py:183} INFO - Processing /home/taushif/.local/lib/python3.10/site-packages/airflow/example_dags/tutorial_dag.py took 0.078 seconds
[2024-03-04T19:13:35.416+0530] {processor.py:161} INFO - Started process (PID=140712) to work on /home/taushif/.local/lib/python3.10/site-packages/airflow/example_dags/tutorial_dag.py
[2024-03-04T19:13:35.423+0530] {processor.py:830} INFO - Processing file /home/taushif/.local/lib/python3.10/site-packages/airflow/example_dags/tutorial_dag.py for tasks to queue
[2024-03-04T19:13:35.425+0530] {logging_mixin.py:188} INFO - [2024-03-04T19:13:35.424+0530] {dagbag.py:540} INFO - Filling up the DagBag from /home/taushif/.local/lib/python3.10/site-packages/airflow/example_dags/tutorial_dag.py
[2024-03-04T19:13:35.434+0530] {processor.py:840} INFO - DAG(s) 'tutorial_dag' retrieved from /home/taushif/.local/lib/python3.10/site-packages/airflow/example_dags/tutorial_dag.py
[2024-03-04T19:13:35.454+0530] {logging_mixin.py:188} INFO - [2024-03-04T19:13:35.454+0530] {dag.py:3047} INFO - Sync 1 DAGs
[2024-03-04T19:13:35.464+0530] {logging_mixin.py:188} INFO - [2024-03-04T19:13:35.463+0530] {dag.py:3834} INFO - Setting next_dagrun for tutorial_dag to None, run_after=None
[2024-03-04T19:13:35.481+0530] {processor.py:183} INFO - Processing /home/taushif/.local/lib/python3.10/site-packages/airflow/example_dags/tutorial_dag.py took 0.069 seconds
[2024-03-04T19:14:12.872+0530] {processor.py:161} INFO - Started process (PID=141060) to work on /home/taushif/.local/lib/python3.10/site-packages/airflow/example_dags/tutorial_dag.py
[2024-03-04T19:14:12.878+0530] {processor.py:830} INFO - Processing file /home/taushif/.local/lib/python3.10/site-packages/airflow/example_dags/tutorial_dag.py for tasks to queue
[2024-03-04T19:14:12.880+0530] {logging_mixin.py:188} INFO - [2024-03-04T19:14:12.879+0530] {dagbag.py:540} INFO - Filling up the DagBag from /home/taushif/.local/lib/python3.10/site-packages/airflow/example_dags/tutorial_dag.py
[2024-03-04T19:14:12.888+0530] {processor.py:840} INFO - DAG(s) 'tutorial_dag' retrieved from /home/taushif/.local/lib/python3.10/site-packages/airflow/example_dags/tutorial_dag.py
[2024-03-04T19:14:12.910+0530] {logging_mixin.py:188} INFO - [2024-03-04T19:14:12.910+0530] {dag.py:3047} INFO - Sync 1 DAGs
[2024-03-04T19:14:12.918+0530] {logging_mixin.py:188} INFO - [2024-03-04T19:14:12.918+0530] {dag.py:3834} INFO - Setting next_dagrun for tutorial_dag to None, run_after=None
[2024-03-04T19:14:12.936+0530] {processor.py:183} INFO - Processing /home/taushif/.local/lib/python3.10/site-packages/airflow/example_dags/tutorial_dag.py took 0.068 seconds
[2024-03-04T19:15:02.985+0530] {processor.py:161} INFO - Started process (PID=141537) to work on /home/taushif/.local/lib/python3.10/site-packages/airflow/example_dags/tutorial_dag.py
[2024-03-04T19:15:02.991+0530] {processor.py:830} INFO - Processing file /home/taushif/.local/lib/python3.10/site-packages/airflow/example_dags/tutorial_dag.py for tasks to queue
[2024-03-04T19:15:02.993+0530] {logging_mixin.py:188} INFO - [2024-03-04T19:15:02.992+0530] {dagbag.py:540} INFO - Filling up the DagBag from /home/taushif/.local/lib/python3.10/site-packages/airflow/example_dags/tutorial_dag.py
[2024-03-04T19:15:03.004+0530] {processor.py:840} INFO - DAG(s) 'tutorial_dag' retrieved from /home/taushif/.local/lib/python3.10/site-packages/airflow/example_dags/tutorial_dag.py
[2024-03-04T19:15:03.020+0530] {logging_mixin.py:188} INFO - [2024-03-04T19:15:03.020+0530] {dag.py:3047} INFO - Sync 1 DAGs
[2024-03-04T19:15:03.030+0530] {logging_mixin.py:188} INFO - [2024-03-04T19:15:03.029+0530] {dag.py:3834} INFO - Setting next_dagrun for tutorial_dag to None, run_after=None
[2024-03-04T19:15:03.046+0530] {processor.py:183} INFO - Processing /home/taushif/.local/lib/python3.10/site-packages/airflow/example_dags/tutorial_dag.py took 0.065 seconds
