[2024-03-06T13:44:41.367+0000] {processor.py:161} INFO - Started process (PID=384) to work on /home/airflow/.local/lib/python3.11/site-packages/airflow/example_dags/plugins/listener_plugin.py
[2024-03-06T13:44:41.369+0000] {processor.py:830} INFO - Processing file /home/airflow/.local/lib/python3.11/site-packages/airflow/example_dags/plugins/listener_plugin.py for tasks to queue
[2024-03-06T13:44:41.372+0000] {logging_mixin.py:188} INFO - [2024-03-06T13:44:41.371+0000] {dagbag.py:540} INFO - Filling up the DagBag from /home/airflow/.local/lib/python3.11/site-packages/airflow/example_dags/plugins/listener_plugin.py
[2024-03-06T13:44:41.375+0000] {processor.py:842} WARNING - No viable dags retrieved from /home/airflow/.local/lib/python3.11/site-packages/airflow/example_dags/plugins/listener_plugin.py
[2024-03-06T13:44:41.394+0000] {processor.py:183} INFO - Processing /home/airflow/.local/lib/python3.11/site-packages/airflow/example_dags/plugins/listener_plugin.py took 0.031 seconds
[2024-03-06T13:45:12.044+0000] {processor.py:161} INFO - Started process (PID=630) to work on /home/airflow/.local/lib/python3.11/site-packages/airflow/example_dags/plugins/listener_plugin.py
[2024-03-06T13:45:12.046+0000] {processor.py:830} INFO - Processing file /home/airflow/.local/lib/python3.11/site-packages/airflow/example_dags/plugins/listener_plugin.py for tasks to queue
[2024-03-06T13:45:12.048+0000] {logging_mixin.py:188} INFO - [2024-03-06T13:45:12.047+0000] {dagbag.py:540} INFO - Filling up the DagBag from /home/airflow/.local/lib/python3.11/site-packages/airflow/example_dags/plugins/listener_plugin.py
[2024-03-06T13:45:12.052+0000] {processor.py:842} WARNING - No viable dags retrieved from /home/airflow/.local/lib/python3.11/site-packages/airflow/example_dags/plugins/listener_plugin.py
[2024-03-06T13:45:12.068+0000] {processor.py:183} INFO - Processing /home/airflow/.local/lib/python3.11/site-packages/airflow/example_dags/plugins/listener_plugin.py took 0.028 seconds
[2024-03-06T13:45:42.641+0000] {processor.py:161} INFO - Started process (PID=876) to work on /home/airflow/.local/lib/python3.11/site-packages/airflow/example_dags/plugins/listener_plugin.py
[2024-03-06T13:45:42.643+0000] {processor.py:830} INFO - Processing file /home/airflow/.local/lib/python3.11/site-packages/airflow/example_dags/plugins/listener_plugin.py for tasks to queue
[2024-03-06T13:45:42.644+0000] {logging_mixin.py:188} INFO - [2024-03-06T13:45:42.644+0000] {dagbag.py:540} INFO - Filling up the DagBag from /home/airflow/.local/lib/python3.11/site-packages/airflow/example_dags/plugins/listener_plugin.py
[2024-03-06T13:45:42.647+0000] {processor.py:842} WARNING - No viable dags retrieved from /home/airflow/.local/lib/python3.11/site-packages/airflow/example_dags/plugins/listener_plugin.py
[2024-03-06T13:45:42.662+0000] {processor.py:183} INFO - Processing /home/airflow/.local/lib/python3.11/site-packages/airflow/example_dags/plugins/listener_plugin.py took 0.025 seconds
[2024-03-06T13:46:13.478+0000] {processor.py:161} INFO - Started process (PID=1123) to work on /home/airflow/.local/lib/python3.11/site-packages/airflow/example_dags/plugins/listener_plugin.py
[2024-03-06T13:46:13.479+0000] {processor.py:830} INFO - Processing file /home/airflow/.local/lib/python3.11/site-packages/airflow/example_dags/plugins/listener_plugin.py for tasks to queue
[2024-03-06T13:46:13.481+0000] {logging_mixin.py:188} INFO - [2024-03-06T13:46:13.480+0000] {dagbag.py:540} INFO - Filling up the DagBag from /home/airflow/.local/lib/python3.11/site-packages/airflow/example_dags/plugins/listener_plugin.py
[2024-03-06T13:46:13.484+0000] {processor.py:842} WARNING - No viable dags retrieved from /home/airflow/.local/lib/python3.11/site-packages/airflow/example_dags/plugins/listener_plugin.py
[2024-03-06T13:46:13.500+0000] {processor.py:183} INFO - Processing /home/airflow/.local/lib/python3.11/site-packages/airflow/example_dags/plugins/listener_plugin.py took 0.026 seconds
[2024-03-06T13:46:44.036+0000] {processor.py:161} INFO - Started process (PID=1370) to work on /home/airflow/.local/lib/python3.11/site-packages/airflow/example_dags/plugins/listener_plugin.py
[2024-03-06T13:46:44.037+0000] {processor.py:830} INFO - Processing file /home/airflow/.local/lib/python3.11/site-packages/airflow/example_dags/plugins/listener_plugin.py for tasks to queue
[2024-03-06T13:46:44.039+0000] {logging_mixin.py:188} INFO - [2024-03-06T13:46:44.039+0000] {dagbag.py:540} INFO - Filling up the DagBag from /home/airflow/.local/lib/python3.11/site-packages/airflow/example_dags/plugins/listener_plugin.py
[2024-03-06T13:46:44.044+0000] {processor.py:842} WARNING - No viable dags retrieved from /home/airflow/.local/lib/python3.11/site-packages/airflow/example_dags/plugins/listener_plugin.py
[2024-03-06T13:46:44.062+0000] {processor.py:183} INFO - Processing /home/airflow/.local/lib/python3.11/site-packages/airflow/example_dags/plugins/listener_plugin.py took 0.030 seconds
[2024-03-06T13:47:14.953+0000] {processor.py:161} INFO - Started process (PID=1617) to work on /home/airflow/.local/lib/python3.11/site-packages/airflow/example_dags/plugins/listener_plugin.py
[2024-03-06T13:47:14.955+0000] {processor.py:830} INFO - Processing file /home/airflow/.local/lib/python3.11/site-packages/airflow/example_dags/plugins/listener_plugin.py for tasks to queue
[2024-03-06T13:47:14.958+0000] {logging_mixin.py:188} INFO - [2024-03-06T13:47:14.957+0000] {dagbag.py:540} INFO - Filling up the DagBag from /home/airflow/.local/lib/python3.11/site-packages/airflow/example_dags/plugins/listener_plugin.py
[2024-03-06T13:47:14.962+0000] {processor.py:842} WARNING - No viable dags retrieved from /home/airflow/.local/lib/python3.11/site-packages/airflow/example_dags/plugins/listener_plugin.py
[2024-03-06T13:47:14.988+0000] {processor.py:183} INFO - Processing /home/airflow/.local/lib/python3.11/site-packages/airflow/example_dags/plugins/listener_plugin.py took 0.042 seconds
[2024-03-06T13:47:45.318+0000] {processor.py:161} INFO - Started process (PID=1859) to work on /home/airflow/.local/lib/python3.11/site-packages/airflow/example_dags/plugins/listener_plugin.py
[2024-03-06T13:47:45.320+0000] {processor.py:830} INFO - Processing file /home/airflow/.local/lib/python3.11/site-packages/airflow/example_dags/plugins/listener_plugin.py for tasks to queue
[2024-03-06T13:47:45.323+0000] {logging_mixin.py:188} INFO - [2024-03-06T13:47:45.321+0000] {dagbag.py:540} INFO - Filling up the DagBag from /home/airflow/.local/lib/python3.11/site-packages/airflow/example_dags/plugins/listener_plugin.py
[2024-03-06T13:47:45.328+0000] {processor.py:842} WARNING - No viable dags retrieved from /home/airflow/.local/lib/python3.11/site-packages/airflow/example_dags/plugins/listener_plugin.py
[2024-03-06T13:47:45.352+0000] {processor.py:183} INFO - Processing /home/airflow/.local/lib/python3.11/site-packages/airflow/example_dags/plugins/listener_plugin.py took 0.039 seconds
[2024-03-06T13:48:16.471+0000] {processor.py:161} INFO - Started process (PID=2111) to work on /home/airflow/.local/lib/python3.11/site-packages/airflow/example_dags/plugins/listener_plugin.py
[2024-03-06T13:48:16.472+0000] {processor.py:830} INFO - Processing file /home/airflow/.local/lib/python3.11/site-packages/airflow/example_dags/plugins/listener_plugin.py for tasks to queue
[2024-03-06T13:48:16.474+0000] {logging_mixin.py:188} INFO - [2024-03-06T13:48:16.473+0000] {dagbag.py:540} INFO - Filling up the DagBag from /home/airflow/.local/lib/python3.11/site-packages/airflow/example_dags/plugins/listener_plugin.py
[2024-03-06T13:48:16.477+0000] {processor.py:842} WARNING - No viable dags retrieved from /home/airflow/.local/lib/python3.11/site-packages/airflow/example_dags/plugins/listener_plugin.py
[2024-03-06T13:48:16.491+0000] {processor.py:183} INFO - Processing /home/airflow/.local/lib/python3.11/site-packages/airflow/example_dags/plugins/listener_plugin.py took 0.025 seconds
[2024-03-06T13:48:46.649+0000] {processor.py:161} INFO - Started process (PID=2352) to work on /home/airflow/.local/lib/python3.11/site-packages/airflow/example_dags/plugins/listener_plugin.py
[2024-03-06T13:48:46.651+0000] {processor.py:830} INFO - Processing file /home/airflow/.local/lib/python3.11/site-packages/airflow/example_dags/plugins/listener_plugin.py for tasks to queue
[2024-03-06T13:48:46.654+0000] {logging_mixin.py:188} INFO - [2024-03-06T13:48:46.653+0000] {dagbag.py:540} INFO - Filling up the DagBag from /home/airflow/.local/lib/python3.11/site-packages/airflow/example_dags/plugins/listener_plugin.py
[2024-03-06T13:48:46.657+0000] {processor.py:842} WARNING - No viable dags retrieved from /home/airflow/.local/lib/python3.11/site-packages/airflow/example_dags/plugins/listener_plugin.py
[2024-03-06T13:48:46.674+0000] {processor.py:183} INFO - Processing /home/airflow/.local/lib/python3.11/site-packages/airflow/example_dags/plugins/listener_plugin.py took 0.033 seconds
[2024-03-06T13:49:17.027+0000] {processor.py:161} INFO - Started process (PID=2601) to work on /home/airflow/.local/lib/python3.11/site-packages/airflow/example_dags/plugins/listener_plugin.py
[2024-03-06T13:49:17.028+0000] {processor.py:830} INFO - Processing file /home/airflow/.local/lib/python3.11/site-packages/airflow/example_dags/plugins/listener_plugin.py for tasks to queue
[2024-03-06T13:49:17.030+0000] {logging_mixin.py:188} INFO - [2024-03-06T13:49:17.029+0000] {dagbag.py:540} INFO - Filling up the DagBag from /home/airflow/.local/lib/python3.11/site-packages/airflow/example_dags/plugins/listener_plugin.py
[2024-03-06T13:49:17.034+0000] {processor.py:842} WARNING - No viable dags retrieved from /home/airflow/.local/lib/python3.11/site-packages/airflow/example_dags/plugins/listener_plugin.py
[2024-03-06T13:49:17.049+0000] {processor.py:183} INFO - Processing /home/airflow/.local/lib/python3.11/site-packages/airflow/example_dags/plugins/listener_plugin.py took 0.025 seconds
[2024-03-06T13:49:48.086+0000] {processor.py:161} INFO - Started process (PID=2851) to work on /home/airflow/.local/lib/python3.11/site-packages/airflow/example_dags/plugins/listener_plugin.py
[2024-03-06T13:49:48.088+0000] {processor.py:830} INFO - Processing file /home/airflow/.local/lib/python3.11/site-packages/airflow/example_dags/plugins/listener_plugin.py for tasks to queue
[2024-03-06T13:49:48.089+0000] {logging_mixin.py:188} INFO - [2024-03-06T13:49:48.088+0000] {dagbag.py:540} INFO - Filling up the DagBag from /home/airflow/.local/lib/python3.11/site-packages/airflow/example_dags/plugins/listener_plugin.py
[2024-03-06T13:49:48.092+0000] {processor.py:842} WARNING - No viable dags retrieved from /home/airflow/.local/lib/python3.11/site-packages/airflow/example_dags/plugins/listener_plugin.py
[2024-03-06T13:49:48.107+0000] {processor.py:183} INFO - Processing /home/airflow/.local/lib/python3.11/site-packages/airflow/example_dags/plugins/listener_plugin.py took 0.025 seconds
[2024-03-06T13:50:18.837+0000] {processor.py:161} INFO - Started process (PID=3098) to work on /home/airflow/.local/lib/python3.11/site-packages/airflow/example_dags/plugins/listener_plugin.py
[2024-03-06T13:50:18.839+0000] {processor.py:830} INFO - Processing file /home/airflow/.local/lib/python3.11/site-packages/airflow/example_dags/plugins/listener_plugin.py for tasks to queue
[2024-03-06T13:50:18.840+0000] {logging_mixin.py:188} INFO - [2024-03-06T13:50:18.840+0000] {dagbag.py:540} INFO - Filling up the DagBag from /home/airflow/.local/lib/python3.11/site-packages/airflow/example_dags/plugins/listener_plugin.py
[2024-03-06T13:50:18.846+0000] {processor.py:842} WARNING - No viable dags retrieved from /home/airflow/.local/lib/python3.11/site-packages/airflow/example_dags/plugins/listener_plugin.py
[2024-03-06T13:50:18.859+0000] {processor.py:183} INFO - Processing /home/airflow/.local/lib/python3.11/site-packages/airflow/example_dags/plugins/listener_plugin.py took 0.026 seconds
[2024-03-06T13:50:49.403+0000] {processor.py:161} INFO - Started process (PID=3347) to work on /home/airflow/.local/lib/python3.11/site-packages/airflow/example_dags/plugins/listener_plugin.py
[2024-03-06T13:50:49.404+0000] {processor.py:830} INFO - Processing file /home/airflow/.local/lib/python3.11/site-packages/airflow/example_dags/plugins/listener_plugin.py for tasks to queue
[2024-03-06T13:50:49.406+0000] {logging_mixin.py:188} INFO - [2024-03-06T13:50:49.406+0000] {dagbag.py:540} INFO - Filling up the DagBag from /home/airflow/.local/lib/python3.11/site-packages/airflow/example_dags/plugins/listener_plugin.py
[2024-03-06T13:50:49.410+0000] {processor.py:842} WARNING - No viable dags retrieved from /home/airflow/.local/lib/python3.11/site-packages/airflow/example_dags/plugins/listener_plugin.py
[2024-03-06T13:50:49.431+0000] {processor.py:183} INFO - Processing /home/airflow/.local/lib/python3.11/site-packages/airflow/example_dags/plugins/listener_plugin.py took 0.031 seconds
[2024-03-06T13:51:19.796+0000] {processor.py:161} INFO - Started process (PID=3592) to work on /home/airflow/.local/lib/python3.11/site-packages/airflow/example_dags/plugins/listener_plugin.py
[2024-03-06T13:51:19.797+0000] {processor.py:830} INFO - Processing file /home/airflow/.local/lib/python3.11/site-packages/airflow/example_dags/plugins/listener_plugin.py for tasks to queue
[2024-03-06T13:51:19.798+0000] {logging_mixin.py:188} INFO - [2024-03-06T13:51:19.798+0000] {dagbag.py:540} INFO - Filling up the DagBag from /home/airflow/.local/lib/python3.11/site-packages/airflow/example_dags/plugins/listener_plugin.py
[2024-03-06T13:51:19.802+0000] {processor.py:842} WARNING - No viable dags retrieved from /home/airflow/.local/lib/python3.11/site-packages/airflow/example_dags/plugins/listener_plugin.py
[2024-03-06T13:51:19.817+0000] {processor.py:183} INFO - Processing /home/airflow/.local/lib/python3.11/site-packages/airflow/example_dags/plugins/listener_plugin.py took 0.025 seconds
[2024-03-06T13:51:50.181+0000] {processor.py:161} INFO - Started process (PID=3836) to work on /home/airflow/.local/lib/python3.11/site-packages/airflow/example_dags/plugins/listener_plugin.py
[2024-03-06T13:51:50.182+0000] {processor.py:830} INFO - Processing file /home/airflow/.local/lib/python3.11/site-packages/airflow/example_dags/plugins/listener_plugin.py for tasks to queue
[2024-03-06T13:51:50.183+0000] {logging_mixin.py:188} INFO - [2024-03-06T13:51:50.183+0000] {dagbag.py:540} INFO - Filling up the DagBag from /home/airflow/.local/lib/python3.11/site-packages/airflow/example_dags/plugins/listener_plugin.py
[2024-03-06T13:51:50.186+0000] {processor.py:842} WARNING - No viable dags retrieved from /home/airflow/.local/lib/python3.11/site-packages/airflow/example_dags/plugins/listener_plugin.py
[2024-03-06T13:51:50.196+0000] {processor.py:183} INFO - Processing /home/airflow/.local/lib/python3.11/site-packages/airflow/example_dags/plugins/listener_plugin.py took 0.017 seconds
[2024-03-06T13:52:20.750+0000] {processor.py:161} INFO - Started process (PID=4086) to work on /home/airflow/.local/lib/python3.11/site-packages/airflow/example_dags/plugins/listener_plugin.py
[2024-03-06T13:52:20.751+0000] {processor.py:830} INFO - Processing file /home/airflow/.local/lib/python3.11/site-packages/airflow/example_dags/plugins/listener_plugin.py for tasks to queue
[2024-03-06T13:52:20.752+0000] {logging_mixin.py:188} INFO - [2024-03-06T13:52:20.752+0000] {dagbag.py:540} INFO - Filling up the DagBag from /home/airflow/.local/lib/python3.11/site-packages/airflow/example_dags/plugins/listener_plugin.py
[2024-03-06T13:52:20.756+0000] {processor.py:842} WARNING - No viable dags retrieved from /home/airflow/.local/lib/python3.11/site-packages/airflow/example_dags/plugins/listener_plugin.py
[2024-03-06T13:52:20.767+0000] {processor.py:183} INFO - Processing /home/airflow/.local/lib/python3.11/site-packages/airflow/example_dags/plugins/listener_plugin.py took 0.021 seconds
[2024-03-06T13:52:51.256+0000] {processor.py:161} INFO - Started process (PID=4330) to work on /home/airflow/.local/lib/python3.11/site-packages/airflow/example_dags/plugins/listener_plugin.py
[2024-03-06T13:52:51.257+0000] {processor.py:830} INFO - Processing file /home/airflow/.local/lib/python3.11/site-packages/airflow/example_dags/plugins/listener_plugin.py for tasks to queue
[2024-03-06T13:52:51.258+0000] {logging_mixin.py:188} INFO - [2024-03-06T13:52:51.258+0000] {dagbag.py:540} INFO - Filling up the DagBag from /home/airflow/.local/lib/python3.11/site-packages/airflow/example_dags/plugins/listener_plugin.py
[2024-03-06T13:52:51.261+0000] {processor.py:842} WARNING - No viable dags retrieved from /home/airflow/.local/lib/python3.11/site-packages/airflow/example_dags/plugins/listener_plugin.py
[2024-03-06T13:52:51.277+0000] {processor.py:183} INFO - Processing /home/airflow/.local/lib/python3.11/site-packages/airflow/example_dags/plugins/listener_plugin.py took 0.023 seconds
[2024-03-06T13:53:23.096+0000] {processor.py:161} INFO - Started process (PID=4579) to work on /home/airflow/.local/lib/python3.11/site-packages/airflow/example_dags/plugins/listener_plugin.py
[2024-03-06T13:53:23.098+0000] {processor.py:830} INFO - Processing file /home/airflow/.local/lib/python3.11/site-packages/airflow/example_dags/plugins/listener_plugin.py for tasks to queue
[2024-03-06T13:53:23.100+0000] {logging_mixin.py:188} INFO - [2024-03-06T13:53:23.099+0000] {dagbag.py:540} INFO - Filling up the DagBag from /home/airflow/.local/lib/python3.11/site-packages/airflow/example_dags/plugins/listener_plugin.py
[2024-03-06T13:53:23.103+0000] {processor.py:842} WARNING - No viable dags retrieved from /home/airflow/.local/lib/python3.11/site-packages/airflow/example_dags/plugins/listener_plugin.py
[2024-03-06T13:53:23.119+0000] {processor.py:183} INFO - Processing /home/airflow/.local/lib/python3.11/site-packages/airflow/example_dags/plugins/listener_plugin.py took 0.027 seconds
[2024-03-06T13:53:54.110+0000] {processor.py:161} INFO - Started process (PID=4826) to work on /home/airflow/.local/lib/python3.11/site-packages/airflow/example_dags/plugins/listener_plugin.py
[2024-03-06T13:53:54.114+0000] {processor.py:830} INFO - Processing file /home/airflow/.local/lib/python3.11/site-packages/airflow/example_dags/plugins/listener_plugin.py for tasks to queue
[2024-03-06T13:53:54.115+0000] {logging_mixin.py:188} INFO - [2024-03-06T13:53:54.115+0000] {dagbag.py:540} INFO - Filling up the DagBag from /home/airflow/.local/lib/python3.11/site-packages/airflow/example_dags/plugins/listener_plugin.py
[2024-03-06T13:53:54.120+0000] {processor.py:842} WARNING - No viable dags retrieved from /home/airflow/.local/lib/python3.11/site-packages/airflow/example_dags/plugins/listener_plugin.py
[2024-03-06T13:53:54.142+0000] {processor.py:183} INFO - Processing /home/airflow/.local/lib/python3.11/site-packages/airflow/example_dags/plugins/listener_plugin.py took 0.036 seconds
[2024-03-06T13:54:24.663+0000] {processor.py:161} INFO - Started process (PID=5076) to work on /home/airflow/.local/lib/python3.11/site-packages/airflow/example_dags/plugins/listener_plugin.py
[2024-03-06T13:54:24.664+0000] {processor.py:830} INFO - Processing file /home/airflow/.local/lib/python3.11/site-packages/airflow/example_dags/plugins/listener_plugin.py for tasks to queue
[2024-03-06T13:54:24.665+0000] {logging_mixin.py:188} INFO - [2024-03-06T13:54:24.665+0000] {dagbag.py:540} INFO - Filling up the DagBag from /home/airflow/.local/lib/python3.11/site-packages/airflow/example_dags/plugins/listener_plugin.py
[2024-03-06T13:54:24.668+0000] {processor.py:842} WARNING - No viable dags retrieved from /home/airflow/.local/lib/python3.11/site-packages/airflow/example_dags/plugins/listener_plugin.py
[2024-03-06T13:54:24.680+0000] {processor.py:183} INFO - Processing /home/airflow/.local/lib/python3.11/site-packages/airflow/example_dags/plugins/listener_plugin.py took 0.020 seconds
[2024-03-06T13:54:55.429+0000] {processor.py:161} INFO - Started process (PID=5326) to work on /home/airflow/.local/lib/python3.11/site-packages/airflow/example_dags/plugins/listener_plugin.py
[2024-03-06T13:54:55.431+0000] {processor.py:830} INFO - Processing file /home/airflow/.local/lib/python3.11/site-packages/airflow/example_dags/plugins/listener_plugin.py for tasks to queue
[2024-03-06T13:54:55.432+0000] {logging_mixin.py:188} INFO - [2024-03-06T13:54:55.432+0000] {dagbag.py:540} INFO - Filling up the DagBag from /home/airflow/.local/lib/python3.11/site-packages/airflow/example_dags/plugins/listener_plugin.py
[2024-03-06T13:54:55.435+0000] {processor.py:842} WARNING - No viable dags retrieved from /home/airflow/.local/lib/python3.11/site-packages/airflow/example_dags/plugins/listener_plugin.py
[2024-03-06T13:54:55.449+0000] {processor.py:183} INFO - Processing /home/airflow/.local/lib/python3.11/site-packages/airflow/example_dags/plugins/listener_plugin.py took 0.024 seconds
[2024-03-06T13:55:26.596+0000] {processor.py:161} INFO - Started process (PID=5573) to work on /home/airflow/.local/lib/python3.11/site-packages/airflow/example_dags/plugins/listener_plugin.py
[2024-03-06T13:55:26.598+0000] {processor.py:830} INFO - Processing file /home/airflow/.local/lib/python3.11/site-packages/airflow/example_dags/plugins/listener_plugin.py for tasks to queue
[2024-03-06T13:55:26.600+0000] {logging_mixin.py:188} INFO - [2024-03-06T13:55:26.599+0000] {dagbag.py:540} INFO - Filling up the DagBag from /home/airflow/.local/lib/python3.11/site-packages/airflow/example_dags/plugins/listener_plugin.py
[2024-03-06T13:55:26.605+0000] {processor.py:842} WARNING - No viable dags retrieved from /home/airflow/.local/lib/python3.11/site-packages/airflow/example_dags/plugins/listener_plugin.py
[2024-03-06T13:55:26.641+0000] {processor.py:183} INFO - Processing /home/airflow/.local/lib/python3.11/site-packages/airflow/example_dags/plugins/listener_plugin.py took 0.051 seconds
[2024-03-06T13:55:57.593+0000] {processor.py:161} INFO - Started process (PID=5821) to work on /home/airflow/.local/lib/python3.11/site-packages/airflow/example_dags/plugins/listener_plugin.py
[2024-03-06T13:55:57.595+0000] {processor.py:830} INFO - Processing file /home/airflow/.local/lib/python3.11/site-packages/airflow/example_dags/plugins/listener_plugin.py for tasks to queue
[2024-03-06T13:55:57.597+0000] {logging_mixin.py:188} INFO - [2024-03-06T13:55:57.596+0000] {dagbag.py:540} INFO - Filling up the DagBag from /home/airflow/.local/lib/python3.11/site-packages/airflow/example_dags/plugins/listener_plugin.py
[2024-03-06T13:55:57.608+0000] {processor.py:842} WARNING - No viable dags retrieved from /home/airflow/.local/lib/python3.11/site-packages/airflow/example_dags/plugins/listener_plugin.py
[2024-03-06T13:55:57.636+0000] {processor.py:183} INFO - Processing /home/airflow/.local/lib/python3.11/site-packages/airflow/example_dags/plugins/listener_plugin.py took 0.047 seconds
[2024-03-06T13:56:28.380+0000] {processor.py:161} INFO - Started process (PID=6065) to work on /home/airflow/.local/lib/python3.11/site-packages/airflow/example_dags/plugins/listener_plugin.py
[2024-03-06T13:56:28.391+0000] {processor.py:830} INFO - Processing file /home/airflow/.local/lib/python3.11/site-packages/airflow/example_dags/plugins/listener_plugin.py for tasks to queue
[2024-03-06T13:56:28.397+0000] {logging_mixin.py:188} INFO - [2024-03-06T13:56:28.396+0000] {dagbag.py:540} INFO - Filling up the DagBag from /home/airflow/.local/lib/python3.11/site-packages/airflow/example_dags/plugins/listener_plugin.py
[2024-03-06T13:56:28.412+0000] {processor.py:842} WARNING - No viable dags retrieved from /home/airflow/.local/lib/python3.11/site-packages/airflow/example_dags/plugins/listener_plugin.py
[2024-03-06T13:56:28.454+0000] {processor.py:183} INFO - Processing /home/airflow/.local/lib/python3.11/site-packages/airflow/example_dags/plugins/listener_plugin.py took 0.083 seconds
[2024-03-06T13:56:58.915+0000] {processor.py:161} INFO - Started process (PID=6312) to work on /home/airflow/.local/lib/python3.11/site-packages/airflow/example_dags/plugins/listener_plugin.py
[2024-03-06T13:56:58.917+0000] {processor.py:830} INFO - Processing file /home/airflow/.local/lib/python3.11/site-packages/airflow/example_dags/plugins/listener_plugin.py for tasks to queue
[2024-03-06T13:56:58.920+0000] {logging_mixin.py:188} INFO - [2024-03-06T13:56:58.919+0000] {dagbag.py:540} INFO - Filling up the DagBag from /home/airflow/.local/lib/python3.11/site-packages/airflow/example_dags/plugins/listener_plugin.py
[2024-03-06T13:56:58.927+0000] {processor.py:842} WARNING - No viable dags retrieved from /home/airflow/.local/lib/python3.11/site-packages/airflow/example_dags/plugins/listener_plugin.py
[2024-03-06T13:56:58.951+0000] {processor.py:183} INFO - Processing /home/airflow/.local/lib/python3.11/site-packages/airflow/example_dags/plugins/listener_plugin.py took 0.040 seconds
[2024-03-06T13:57:29.975+0000] {processor.py:161} INFO - Started process (PID=6559) to work on /home/airflow/.local/lib/python3.11/site-packages/airflow/example_dags/plugins/listener_plugin.py
[2024-03-06T13:57:29.977+0000] {processor.py:830} INFO - Processing file /home/airflow/.local/lib/python3.11/site-packages/airflow/example_dags/plugins/listener_plugin.py for tasks to queue
[2024-03-06T13:57:29.979+0000] {logging_mixin.py:188} INFO - [2024-03-06T13:57:29.978+0000] {dagbag.py:540} INFO - Filling up the DagBag from /home/airflow/.local/lib/python3.11/site-packages/airflow/example_dags/plugins/listener_plugin.py
[2024-03-06T13:57:29.994+0000] {processor.py:842} WARNING - No viable dags retrieved from /home/airflow/.local/lib/python3.11/site-packages/airflow/example_dags/plugins/listener_plugin.py
[2024-03-06T13:57:30.022+0000] {processor.py:183} INFO - Processing /home/airflow/.local/lib/python3.11/site-packages/airflow/example_dags/plugins/listener_plugin.py took 0.055 seconds
[2024-03-06T13:58:00.219+0000] {processor.py:161} INFO - Started process (PID=6802) to work on /home/airflow/.local/lib/python3.11/site-packages/airflow/example_dags/plugins/listener_plugin.py
[2024-03-06T13:58:00.221+0000] {processor.py:830} INFO - Processing file /home/airflow/.local/lib/python3.11/site-packages/airflow/example_dags/plugins/listener_plugin.py for tasks to queue
[2024-03-06T13:58:00.222+0000] {logging_mixin.py:188} INFO - [2024-03-06T13:58:00.221+0000] {dagbag.py:540} INFO - Filling up the DagBag from /home/airflow/.local/lib/python3.11/site-packages/airflow/example_dags/plugins/listener_plugin.py
[2024-03-06T13:58:00.224+0000] {processor.py:842} WARNING - No viable dags retrieved from /home/airflow/.local/lib/python3.11/site-packages/airflow/example_dags/plugins/listener_plugin.py
[2024-03-06T13:58:00.237+0000] {processor.py:183} INFO - Processing /home/airflow/.local/lib/python3.11/site-packages/airflow/example_dags/plugins/listener_plugin.py took 0.021 seconds
[2024-03-06T13:58:30.808+0000] {processor.py:161} INFO - Started process (PID=7048) to work on /home/airflow/.local/lib/python3.11/site-packages/airflow/example_dags/plugins/listener_plugin.py
[2024-03-06T13:58:30.810+0000] {processor.py:830} INFO - Processing file /home/airflow/.local/lib/python3.11/site-packages/airflow/example_dags/plugins/listener_plugin.py for tasks to queue
[2024-03-06T13:58:30.812+0000] {logging_mixin.py:188} INFO - [2024-03-06T13:58:30.811+0000] {dagbag.py:540} INFO - Filling up the DagBag from /home/airflow/.local/lib/python3.11/site-packages/airflow/example_dags/plugins/listener_plugin.py
[2024-03-06T13:58:30.819+0000] {processor.py:842} WARNING - No viable dags retrieved from /home/airflow/.local/lib/python3.11/site-packages/airflow/example_dags/plugins/listener_plugin.py
[2024-03-06T13:58:30.841+0000] {processor.py:183} INFO - Processing /home/airflow/.local/lib/python3.11/site-packages/airflow/example_dags/plugins/listener_plugin.py took 0.036 seconds
[2024-03-06T13:59:01.367+0000] {processor.py:161} INFO - Started process (PID=7295) to work on /home/airflow/.local/lib/python3.11/site-packages/airflow/example_dags/plugins/listener_plugin.py
[2024-03-06T13:59:01.369+0000] {processor.py:830} INFO - Processing file /home/airflow/.local/lib/python3.11/site-packages/airflow/example_dags/plugins/listener_plugin.py for tasks to queue
[2024-03-06T13:59:01.372+0000] {logging_mixin.py:188} INFO - [2024-03-06T13:59:01.371+0000] {dagbag.py:540} INFO - Filling up the DagBag from /home/airflow/.local/lib/python3.11/site-packages/airflow/example_dags/plugins/listener_plugin.py
[2024-03-06T13:59:01.376+0000] {processor.py:842} WARNING - No viable dags retrieved from /home/airflow/.local/lib/python3.11/site-packages/airflow/example_dags/plugins/listener_plugin.py
[2024-03-06T13:59:01.398+0000] {processor.py:183} INFO - Processing /home/airflow/.local/lib/python3.11/site-packages/airflow/example_dags/plugins/listener_plugin.py took 0.036 seconds
[2024-03-06T13:59:31.803+0000] {processor.py:161} INFO - Started process (PID=7542) to work on /home/airflow/.local/lib/python3.11/site-packages/airflow/example_dags/plugins/listener_plugin.py
[2024-03-06T13:59:31.803+0000] {processor.py:830} INFO - Processing file /home/airflow/.local/lib/python3.11/site-packages/airflow/example_dags/plugins/listener_plugin.py for tasks to queue
[2024-03-06T13:59:31.805+0000] {logging_mixin.py:188} INFO - [2024-03-06T13:59:31.804+0000] {dagbag.py:540} INFO - Filling up the DagBag from /home/airflow/.local/lib/python3.11/site-packages/airflow/example_dags/plugins/listener_plugin.py
[2024-03-06T13:59:31.807+0000] {processor.py:842} WARNING - No viable dags retrieved from /home/airflow/.local/lib/python3.11/site-packages/airflow/example_dags/plugins/listener_plugin.py
[2024-03-06T13:59:31.819+0000] {processor.py:183} INFO - Processing /home/airflow/.local/lib/python3.11/site-packages/airflow/example_dags/plugins/listener_plugin.py took 0.019 seconds
[2024-03-06T14:00:02.602+0000] {processor.py:161} INFO - Started process (PID=7788) to work on /home/airflow/.local/lib/python3.11/site-packages/airflow/example_dags/plugins/listener_plugin.py
[2024-03-06T14:00:02.602+0000] {processor.py:830} INFO - Processing file /home/airflow/.local/lib/python3.11/site-packages/airflow/example_dags/plugins/listener_plugin.py for tasks to queue
[2024-03-06T14:00:02.603+0000] {logging_mixin.py:188} INFO - [2024-03-06T14:00:02.603+0000] {dagbag.py:540} INFO - Filling up the DagBag from /home/airflow/.local/lib/python3.11/site-packages/airflow/example_dags/plugins/listener_plugin.py
[2024-03-06T14:00:02.606+0000] {processor.py:842} WARNING - No viable dags retrieved from /home/airflow/.local/lib/python3.11/site-packages/airflow/example_dags/plugins/listener_plugin.py
[2024-03-06T14:00:02.616+0000] {processor.py:183} INFO - Processing /home/airflow/.local/lib/python3.11/site-packages/airflow/example_dags/plugins/listener_plugin.py took 0.018 seconds
[2024-03-06T14:00:32.984+0000] {processor.py:161} INFO - Started process (PID=8035) to work on /home/airflow/.local/lib/python3.11/site-packages/airflow/example_dags/plugins/listener_plugin.py
[2024-03-06T14:00:32.985+0000] {processor.py:830} INFO - Processing file /home/airflow/.local/lib/python3.11/site-packages/airflow/example_dags/plugins/listener_plugin.py for tasks to queue
[2024-03-06T14:00:32.986+0000] {logging_mixin.py:188} INFO - [2024-03-06T14:00:32.986+0000] {dagbag.py:540} INFO - Filling up the DagBag from /home/airflow/.local/lib/python3.11/site-packages/airflow/example_dags/plugins/listener_plugin.py
[2024-03-06T14:00:32.989+0000] {processor.py:842} WARNING - No viable dags retrieved from /home/airflow/.local/lib/python3.11/site-packages/airflow/example_dags/plugins/listener_plugin.py
[2024-03-06T14:00:32.999+0000] {processor.py:183} INFO - Processing /home/airflow/.local/lib/python3.11/site-packages/airflow/example_dags/plugins/listener_plugin.py took 0.021 seconds
[2024-03-06T14:01:03.574+0000] {processor.py:161} INFO - Started process (PID=8281) to work on /home/airflow/.local/lib/python3.11/site-packages/airflow/example_dags/plugins/listener_plugin.py
[2024-03-06T14:01:03.575+0000] {processor.py:830} INFO - Processing file /home/airflow/.local/lib/python3.11/site-packages/airflow/example_dags/plugins/listener_plugin.py for tasks to queue
[2024-03-06T14:01:03.576+0000] {logging_mixin.py:188} INFO - [2024-03-06T14:01:03.575+0000] {dagbag.py:540} INFO - Filling up the DagBag from /home/airflow/.local/lib/python3.11/site-packages/airflow/example_dags/plugins/listener_plugin.py
[2024-03-06T14:01:03.579+0000] {processor.py:842} WARNING - No viable dags retrieved from /home/airflow/.local/lib/python3.11/site-packages/airflow/example_dags/plugins/listener_plugin.py
[2024-03-06T14:01:03.593+0000] {processor.py:183} INFO - Processing /home/airflow/.local/lib/python3.11/site-packages/airflow/example_dags/plugins/listener_plugin.py took 0.023 seconds
[2024-03-06T14:01:34.170+0000] {processor.py:161} INFO - Started process (PID=8528) to work on /home/airflow/.local/lib/python3.11/site-packages/airflow/example_dags/plugins/listener_plugin.py
[2024-03-06T14:01:34.172+0000] {processor.py:830} INFO - Processing file /home/airflow/.local/lib/python3.11/site-packages/airflow/example_dags/plugins/listener_plugin.py for tasks to queue
[2024-03-06T14:01:34.173+0000] {logging_mixin.py:188} INFO - [2024-03-06T14:01:34.173+0000] {dagbag.py:540} INFO - Filling up the DagBag from /home/airflow/.local/lib/python3.11/site-packages/airflow/example_dags/plugins/listener_plugin.py
[2024-03-06T14:01:34.177+0000] {processor.py:842} WARNING - No viable dags retrieved from /home/airflow/.local/lib/python3.11/site-packages/airflow/example_dags/plugins/listener_plugin.py
[2024-03-06T14:01:34.190+0000] {processor.py:183} INFO - Processing /home/airflow/.local/lib/python3.11/site-packages/airflow/example_dags/plugins/listener_plugin.py took 0.026 seconds
[2024-03-06T14:02:04.280+0000] {processor.py:161} INFO - Started process (PID=8775) to work on /home/airflow/.local/lib/python3.11/site-packages/airflow/example_dags/plugins/listener_plugin.py
[2024-03-06T14:02:04.281+0000] {processor.py:830} INFO - Processing file /home/airflow/.local/lib/python3.11/site-packages/airflow/example_dags/plugins/listener_plugin.py for tasks to queue
[2024-03-06T14:02:04.282+0000] {logging_mixin.py:188} INFO - [2024-03-06T14:02:04.281+0000] {dagbag.py:540} INFO - Filling up the DagBag from /home/airflow/.local/lib/python3.11/site-packages/airflow/example_dags/plugins/listener_plugin.py
[2024-03-06T14:02:04.284+0000] {processor.py:842} WARNING - No viable dags retrieved from /home/airflow/.local/lib/python3.11/site-packages/airflow/example_dags/plugins/listener_plugin.py
[2024-03-06T14:02:04.295+0000] {processor.py:183} INFO - Processing /home/airflow/.local/lib/python3.11/site-packages/airflow/example_dags/plugins/listener_plugin.py took 0.018 seconds
[2024-03-06T14:02:34.769+0000] {processor.py:161} INFO - Started process (PID=9022) to work on /home/airflow/.local/lib/python3.11/site-packages/airflow/example_dags/plugins/listener_plugin.py
[2024-03-06T14:02:34.771+0000] {processor.py:830} INFO - Processing file /home/airflow/.local/lib/python3.11/site-packages/airflow/example_dags/plugins/listener_plugin.py for tasks to queue
[2024-03-06T14:02:34.772+0000] {logging_mixin.py:188} INFO - [2024-03-06T14:02:34.772+0000] {dagbag.py:540} INFO - Filling up the DagBag from /home/airflow/.local/lib/python3.11/site-packages/airflow/example_dags/plugins/listener_plugin.py
[2024-03-06T14:02:34.775+0000] {processor.py:842} WARNING - No viable dags retrieved from /home/airflow/.local/lib/python3.11/site-packages/airflow/example_dags/plugins/listener_plugin.py
[2024-03-06T14:02:34.786+0000] {processor.py:183} INFO - Processing /home/airflow/.local/lib/python3.11/site-packages/airflow/example_dags/plugins/listener_plugin.py took 0.020 seconds
[2024-03-06T14:03:04.971+0000] {processor.py:161} INFO - Started process (PID=9269) to work on /home/airflow/.local/lib/python3.11/site-packages/airflow/example_dags/plugins/listener_plugin.py
[2024-03-06T14:03:04.972+0000] {processor.py:830} INFO - Processing file /home/airflow/.local/lib/python3.11/site-packages/airflow/example_dags/plugins/listener_plugin.py for tasks to queue
[2024-03-06T14:03:04.974+0000] {logging_mixin.py:188} INFO - [2024-03-06T14:03:04.973+0000] {dagbag.py:540} INFO - Filling up the DagBag from /home/airflow/.local/lib/python3.11/site-packages/airflow/example_dags/plugins/listener_plugin.py
[2024-03-06T14:03:04.976+0000] {processor.py:842} WARNING - No viable dags retrieved from /home/airflow/.local/lib/python3.11/site-packages/airflow/example_dags/plugins/listener_plugin.py
[2024-03-06T14:03:04.991+0000] {processor.py:183} INFO - Processing /home/airflow/.local/lib/python3.11/site-packages/airflow/example_dags/plugins/listener_plugin.py took 0.024 seconds
[2024-03-06T14:03:35.563+0000] {processor.py:161} INFO - Started process (PID=9516) to work on /home/airflow/.local/lib/python3.11/site-packages/airflow/example_dags/plugins/listener_plugin.py
[2024-03-06T14:03:35.564+0000] {processor.py:830} INFO - Processing file /home/airflow/.local/lib/python3.11/site-packages/airflow/example_dags/plugins/listener_plugin.py for tasks to queue
[2024-03-06T14:03:35.565+0000] {logging_mixin.py:188} INFO - [2024-03-06T14:03:35.565+0000] {dagbag.py:540} INFO - Filling up the DagBag from /home/airflow/.local/lib/python3.11/site-packages/airflow/example_dags/plugins/listener_plugin.py
[2024-03-06T14:03:35.568+0000] {processor.py:842} WARNING - No viable dags retrieved from /home/airflow/.local/lib/python3.11/site-packages/airflow/example_dags/plugins/listener_plugin.py
[2024-03-06T14:03:35.578+0000] {processor.py:183} INFO - Processing /home/airflow/.local/lib/python3.11/site-packages/airflow/example_dags/plugins/listener_plugin.py took 0.018 seconds
[2024-03-06T14:04:05.799+0000] {processor.py:161} INFO - Started process (PID=9763) to work on /home/airflow/.local/lib/python3.11/site-packages/airflow/example_dags/plugins/listener_plugin.py
[2024-03-06T14:04:05.806+0000] {processor.py:830} INFO - Processing file /home/airflow/.local/lib/python3.11/site-packages/airflow/example_dags/plugins/listener_plugin.py for tasks to queue
[2024-03-06T14:04:05.807+0000] {logging_mixin.py:188} INFO - [2024-03-06T14:04:05.807+0000] {dagbag.py:540} INFO - Filling up the DagBag from /home/airflow/.local/lib/python3.11/site-packages/airflow/example_dags/plugins/listener_plugin.py
[2024-03-06T14:04:05.811+0000] {processor.py:842} WARNING - No viable dags retrieved from /home/airflow/.local/lib/python3.11/site-packages/airflow/example_dags/plugins/listener_plugin.py
[2024-03-06T14:04:05.825+0000] {processor.py:183} INFO - Processing /home/airflow/.local/lib/python3.11/site-packages/airflow/example_dags/plugins/listener_plugin.py took 0.029 seconds
[2024-03-06T14:04:36.128+0000] {processor.py:161} INFO - Started process (PID=10010) to work on /home/airflow/.local/lib/python3.11/site-packages/airflow/example_dags/plugins/listener_plugin.py
[2024-03-06T14:04:36.129+0000] {processor.py:830} INFO - Processing file /home/airflow/.local/lib/python3.11/site-packages/airflow/example_dags/plugins/listener_plugin.py for tasks to queue
[2024-03-06T14:04:36.131+0000] {logging_mixin.py:188} INFO - [2024-03-06T14:04:36.130+0000] {dagbag.py:540} INFO - Filling up the DagBag from /home/airflow/.local/lib/python3.11/site-packages/airflow/example_dags/plugins/listener_plugin.py
[2024-03-06T14:04:36.135+0000] {processor.py:842} WARNING - No viable dags retrieved from /home/airflow/.local/lib/python3.11/site-packages/airflow/example_dags/plugins/listener_plugin.py
[2024-03-06T14:04:36.149+0000] {processor.py:183} INFO - Processing /home/airflow/.local/lib/python3.11/site-packages/airflow/example_dags/plugins/listener_plugin.py took 0.024 seconds
[2024-03-06T14:05:06.631+0000] {processor.py:161} INFO - Started process (PID=10257) to work on /home/airflow/.local/lib/python3.11/site-packages/airflow/example_dags/plugins/listener_plugin.py
[2024-03-06T14:05:06.632+0000] {processor.py:830} INFO - Processing file /home/airflow/.local/lib/python3.11/site-packages/airflow/example_dags/plugins/listener_plugin.py for tasks to queue
[2024-03-06T14:05:06.635+0000] {logging_mixin.py:188} INFO - [2024-03-06T14:05:06.634+0000] {dagbag.py:540} INFO - Filling up the DagBag from /home/airflow/.local/lib/python3.11/site-packages/airflow/example_dags/plugins/listener_plugin.py
[2024-03-06T14:05:06.643+0000] {processor.py:842} WARNING - No viable dags retrieved from /home/airflow/.local/lib/python3.11/site-packages/airflow/example_dags/plugins/listener_plugin.py
[2024-03-06T14:05:06.661+0000] {processor.py:183} INFO - Processing /home/airflow/.local/lib/python3.11/site-packages/airflow/example_dags/plugins/listener_plugin.py took 0.037 seconds
[2024-03-06T14:05:37.591+0000] {processor.py:161} INFO - Started process (PID=10504) to work on /home/airflow/.local/lib/python3.11/site-packages/airflow/example_dags/plugins/listener_plugin.py
[2024-03-06T14:05:37.593+0000] {processor.py:830} INFO - Processing file /home/airflow/.local/lib/python3.11/site-packages/airflow/example_dags/plugins/listener_plugin.py for tasks to queue
[2024-03-06T14:05:37.594+0000] {logging_mixin.py:188} INFO - [2024-03-06T14:05:37.594+0000] {dagbag.py:540} INFO - Filling up the DagBag from /home/airflow/.local/lib/python3.11/site-packages/airflow/example_dags/plugins/listener_plugin.py
[2024-03-06T14:05:37.597+0000] {processor.py:842} WARNING - No viable dags retrieved from /home/airflow/.local/lib/python3.11/site-packages/airflow/example_dags/plugins/listener_plugin.py
[2024-03-06T14:05:37.608+0000] {processor.py:183} INFO - Processing /home/airflow/.local/lib/python3.11/site-packages/airflow/example_dags/plugins/listener_plugin.py took 0.022 seconds
[2024-03-06T14:06:07.945+0000] {processor.py:161} INFO - Started process (PID=10751) to work on /home/airflow/.local/lib/python3.11/site-packages/airflow/example_dags/plugins/listener_plugin.py
[2024-03-06T14:06:07.948+0000] {processor.py:830} INFO - Processing file /home/airflow/.local/lib/python3.11/site-packages/airflow/example_dags/plugins/listener_plugin.py for tasks to queue
[2024-03-06T14:06:07.950+0000] {logging_mixin.py:188} INFO - [2024-03-06T14:06:07.950+0000] {dagbag.py:540} INFO - Filling up the DagBag from /home/airflow/.local/lib/python3.11/site-packages/airflow/example_dags/plugins/listener_plugin.py
[2024-03-06T14:06:07.955+0000] {processor.py:842} WARNING - No viable dags retrieved from /home/airflow/.local/lib/python3.11/site-packages/airflow/example_dags/plugins/listener_plugin.py
[2024-03-06T14:06:07.979+0000] {processor.py:183} INFO - Processing /home/airflow/.local/lib/python3.11/site-packages/airflow/example_dags/plugins/listener_plugin.py took 0.037 seconds
[2024-03-06T14:06:38.749+0000] {processor.py:161} INFO - Started process (PID=10997) to work on /home/airflow/.local/lib/python3.11/site-packages/airflow/example_dags/plugins/listener_plugin.py
[2024-03-06T14:06:38.751+0000] {processor.py:830} INFO - Processing file /home/airflow/.local/lib/python3.11/site-packages/airflow/example_dags/plugins/listener_plugin.py for tasks to queue
[2024-03-06T14:06:38.753+0000] {logging_mixin.py:188} INFO - [2024-03-06T14:06:38.752+0000] {dagbag.py:540} INFO - Filling up the DagBag from /home/airflow/.local/lib/python3.11/site-packages/airflow/example_dags/plugins/listener_plugin.py
[2024-03-06T14:06:38.757+0000] {processor.py:842} WARNING - No viable dags retrieved from /home/airflow/.local/lib/python3.11/site-packages/airflow/example_dags/plugins/listener_plugin.py
[2024-03-06T14:06:38.771+0000] {processor.py:183} INFO - Processing /home/airflow/.local/lib/python3.11/site-packages/airflow/example_dags/plugins/listener_plugin.py took 0.026 seconds
[2024-03-06T14:07:09.604+0000] {processor.py:161} INFO - Started process (PID=11244) to work on /home/airflow/.local/lib/python3.11/site-packages/airflow/example_dags/plugins/listener_plugin.py
[2024-03-06T14:07:09.605+0000] {processor.py:830} INFO - Processing file /home/airflow/.local/lib/python3.11/site-packages/airflow/example_dags/plugins/listener_plugin.py for tasks to queue
[2024-03-06T14:07:09.606+0000] {logging_mixin.py:188} INFO - [2024-03-06T14:07:09.605+0000] {dagbag.py:540} INFO - Filling up the DagBag from /home/airflow/.local/lib/python3.11/site-packages/airflow/example_dags/plugins/listener_plugin.py
[2024-03-06T14:07:09.608+0000] {processor.py:842} WARNING - No viable dags retrieved from /home/airflow/.local/lib/python3.11/site-packages/airflow/example_dags/plugins/listener_plugin.py
[2024-03-06T14:07:09.618+0000] {processor.py:183} INFO - Processing /home/airflow/.local/lib/python3.11/site-packages/airflow/example_dags/plugins/listener_plugin.py took 0.017 seconds
[2024-03-06T14:07:40.317+0000] {processor.py:161} INFO - Started process (PID=11491) to work on /home/airflow/.local/lib/python3.11/site-packages/airflow/example_dags/plugins/listener_plugin.py
[2024-03-06T14:07:40.319+0000] {processor.py:830} INFO - Processing file /home/airflow/.local/lib/python3.11/site-packages/airflow/example_dags/plugins/listener_plugin.py for tasks to queue
[2024-03-06T14:07:40.320+0000] {logging_mixin.py:188} INFO - [2024-03-06T14:07:40.320+0000] {dagbag.py:540} INFO - Filling up the DagBag from /home/airflow/.local/lib/python3.11/site-packages/airflow/example_dags/plugins/listener_plugin.py
[2024-03-06T14:07:40.324+0000] {processor.py:842} WARNING - No viable dags retrieved from /home/airflow/.local/lib/python3.11/site-packages/airflow/example_dags/plugins/listener_plugin.py
[2024-03-06T14:07:40.338+0000] {processor.py:183} INFO - Processing /home/airflow/.local/lib/python3.11/site-packages/airflow/example_dags/plugins/listener_plugin.py took 0.027 seconds
[2024-03-06T14:08:11.323+0000] {processor.py:161} INFO - Started process (PID=11738) to work on /home/airflow/.local/lib/python3.11/site-packages/airflow/example_dags/plugins/listener_plugin.py
[2024-03-06T14:08:11.330+0000] {processor.py:830} INFO - Processing file /home/airflow/.local/lib/python3.11/site-packages/airflow/example_dags/plugins/listener_plugin.py for tasks to queue
[2024-03-06T14:08:11.332+0000] {logging_mixin.py:188} INFO - [2024-03-06T14:08:11.331+0000] {dagbag.py:540} INFO - Filling up the DagBag from /home/airflow/.local/lib/python3.11/site-packages/airflow/example_dags/plugins/listener_plugin.py
[2024-03-06T14:08:11.334+0000] {processor.py:842} WARNING - No viable dags retrieved from /home/airflow/.local/lib/python3.11/site-packages/airflow/example_dags/plugins/listener_plugin.py
[2024-03-06T14:08:11.350+0000] {processor.py:183} INFO - Processing /home/airflow/.local/lib/python3.11/site-packages/airflow/example_dags/plugins/listener_plugin.py took 0.029 seconds
[2024-03-06T14:08:42.309+0000] {processor.py:161} INFO - Started process (PID=11985) to work on /home/airflow/.local/lib/python3.11/site-packages/airflow/example_dags/plugins/listener_plugin.py
[2024-03-06T14:08:42.310+0000] {processor.py:830} INFO - Processing file /home/airflow/.local/lib/python3.11/site-packages/airflow/example_dags/plugins/listener_plugin.py for tasks to queue
[2024-03-06T14:08:42.311+0000] {logging_mixin.py:188} INFO - [2024-03-06T14:08:42.311+0000] {dagbag.py:540} INFO - Filling up the DagBag from /home/airflow/.local/lib/python3.11/site-packages/airflow/example_dags/plugins/listener_plugin.py
[2024-03-06T14:08:42.314+0000] {processor.py:842} WARNING - No viable dags retrieved from /home/airflow/.local/lib/python3.11/site-packages/airflow/example_dags/plugins/listener_plugin.py
[2024-03-06T14:08:42.328+0000] {processor.py:183} INFO - Processing /home/airflow/.local/lib/python3.11/site-packages/airflow/example_dags/plugins/listener_plugin.py took 0.021 seconds
[2024-03-06T14:09:12.358+0000] {processor.py:161} INFO - Started process (PID=12231) to work on /home/airflow/.local/lib/python3.11/site-packages/airflow/example_dags/plugins/listener_plugin.py
[2024-03-06T14:09:12.359+0000] {processor.py:830} INFO - Processing file /home/airflow/.local/lib/python3.11/site-packages/airflow/example_dags/plugins/listener_plugin.py for tasks to queue
[2024-03-06T14:09:12.360+0000] {logging_mixin.py:188} INFO - [2024-03-06T14:09:12.360+0000] {dagbag.py:540} INFO - Filling up the DagBag from /home/airflow/.local/lib/python3.11/site-packages/airflow/example_dags/plugins/listener_plugin.py
[2024-03-06T14:09:12.363+0000] {processor.py:842} WARNING - No viable dags retrieved from /home/airflow/.local/lib/python3.11/site-packages/airflow/example_dags/plugins/listener_plugin.py
[2024-03-06T14:09:12.376+0000] {processor.py:183} INFO - Processing /home/airflow/.local/lib/python3.11/site-packages/airflow/example_dags/plugins/listener_plugin.py took 0.021 seconds
[2024-03-06T14:09:43.048+0000] {processor.py:161} INFO - Started process (PID=12475) to work on /home/airflow/.local/lib/python3.11/site-packages/airflow/example_dags/plugins/listener_plugin.py
[2024-03-06T14:09:43.049+0000] {processor.py:830} INFO - Processing file /home/airflow/.local/lib/python3.11/site-packages/airflow/example_dags/plugins/listener_plugin.py for tasks to queue
[2024-03-06T14:09:43.051+0000] {logging_mixin.py:188} INFO - [2024-03-06T14:09:43.050+0000] {dagbag.py:540} INFO - Filling up the DagBag from /home/airflow/.local/lib/python3.11/site-packages/airflow/example_dags/plugins/listener_plugin.py
[2024-03-06T14:09:43.054+0000] {processor.py:842} WARNING - No viable dags retrieved from /home/airflow/.local/lib/python3.11/site-packages/airflow/example_dags/plugins/listener_plugin.py
[2024-03-06T14:09:43.068+0000] {processor.py:183} INFO - Processing /home/airflow/.local/lib/python3.11/site-packages/airflow/example_dags/plugins/listener_plugin.py took 0.024 seconds
[2024-03-06T14:10:13.976+0000] {processor.py:161} INFO - Started process (PID=12722) to work on /home/airflow/.local/lib/python3.11/site-packages/airflow/example_dags/plugins/listener_plugin.py
[2024-03-06T14:10:13.977+0000] {processor.py:830} INFO - Processing file /home/airflow/.local/lib/python3.11/site-packages/airflow/example_dags/plugins/listener_plugin.py for tasks to queue
[2024-03-06T14:10:13.978+0000] {logging_mixin.py:188} INFO - [2024-03-06T14:10:13.978+0000] {dagbag.py:540} INFO - Filling up the DagBag from /home/airflow/.local/lib/python3.11/site-packages/airflow/example_dags/plugins/listener_plugin.py
[2024-03-06T14:10:13.981+0000] {processor.py:842} WARNING - No viable dags retrieved from /home/airflow/.local/lib/python3.11/site-packages/airflow/example_dags/plugins/listener_plugin.py
[2024-03-06T14:10:13.994+0000] {processor.py:183} INFO - Processing /home/airflow/.local/lib/python3.11/site-packages/airflow/example_dags/plugins/listener_plugin.py took 0.021 seconds
[2024-03-06T14:10:44.072+0000] {processor.py:161} INFO - Started process (PID=12969) to work on /home/airflow/.local/lib/python3.11/site-packages/airflow/example_dags/plugins/listener_plugin.py
[2024-03-06T14:10:44.074+0000] {processor.py:830} INFO - Processing file /home/airflow/.local/lib/python3.11/site-packages/airflow/example_dags/plugins/listener_plugin.py for tasks to queue
[2024-03-06T14:10:44.077+0000] {logging_mixin.py:188} INFO - [2024-03-06T14:10:44.076+0000] {dagbag.py:540} INFO - Filling up the DagBag from /home/airflow/.local/lib/python3.11/site-packages/airflow/example_dags/plugins/listener_plugin.py
[2024-03-06T14:10:44.080+0000] {processor.py:842} WARNING - No viable dags retrieved from /home/airflow/.local/lib/python3.11/site-packages/airflow/example_dags/plugins/listener_plugin.py
[2024-03-06T14:10:44.095+0000] {processor.py:183} INFO - Processing /home/airflow/.local/lib/python3.11/site-packages/airflow/example_dags/plugins/listener_plugin.py took 0.027 seconds
[2024-03-06T14:11:14.971+0000] {processor.py:161} INFO - Started process (PID=13216) to work on /home/airflow/.local/lib/python3.11/site-packages/airflow/example_dags/plugins/listener_plugin.py
[2024-03-06T14:11:14.972+0000] {processor.py:830} INFO - Processing file /home/airflow/.local/lib/python3.11/site-packages/airflow/example_dags/plugins/listener_plugin.py for tasks to queue
[2024-03-06T14:11:14.974+0000] {logging_mixin.py:188} INFO - [2024-03-06T14:11:14.974+0000] {dagbag.py:540} INFO - Filling up the DagBag from /home/airflow/.local/lib/python3.11/site-packages/airflow/example_dags/plugins/listener_plugin.py
[2024-03-06T14:11:14.979+0000] {processor.py:842} WARNING - No viable dags retrieved from /home/airflow/.local/lib/python3.11/site-packages/airflow/example_dags/plugins/listener_plugin.py
[2024-03-06T14:11:14.994+0000] {processor.py:183} INFO - Processing /home/airflow/.local/lib/python3.11/site-packages/airflow/example_dags/plugins/listener_plugin.py took 0.027 seconds
[2024-03-06T14:11:45.791+0000] {processor.py:161} INFO - Started process (PID=13463) to work on /home/airflow/.local/lib/python3.11/site-packages/airflow/example_dags/plugins/listener_plugin.py
[2024-03-06T14:11:45.792+0000] {processor.py:830} INFO - Processing file /home/airflow/.local/lib/python3.11/site-packages/airflow/example_dags/plugins/listener_plugin.py for tasks to queue
[2024-03-06T14:11:45.793+0000] {logging_mixin.py:188} INFO - [2024-03-06T14:11:45.793+0000] {dagbag.py:540} INFO - Filling up the DagBag from /home/airflow/.local/lib/python3.11/site-packages/airflow/example_dags/plugins/listener_plugin.py
[2024-03-06T14:11:45.796+0000] {processor.py:842} WARNING - No viable dags retrieved from /home/airflow/.local/lib/python3.11/site-packages/airflow/example_dags/plugins/listener_plugin.py
[2024-03-06T14:11:45.810+0000] {processor.py:183} INFO - Processing /home/airflow/.local/lib/python3.11/site-packages/airflow/example_dags/plugins/listener_plugin.py took 0.021 seconds
[2024-03-06T14:12:16.252+0000] {processor.py:161} INFO - Started process (PID=13710) to work on /home/airflow/.local/lib/python3.11/site-packages/airflow/example_dags/plugins/listener_plugin.py
[2024-03-06T14:12:16.254+0000] {processor.py:830} INFO - Processing file /home/airflow/.local/lib/python3.11/site-packages/airflow/example_dags/plugins/listener_plugin.py for tasks to queue
[2024-03-06T14:12:16.255+0000] {logging_mixin.py:188} INFO - [2024-03-06T14:12:16.254+0000] {dagbag.py:540} INFO - Filling up the DagBag from /home/airflow/.local/lib/python3.11/site-packages/airflow/example_dags/plugins/listener_plugin.py
[2024-03-06T14:12:16.258+0000] {processor.py:842} WARNING - No viable dags retrieved from /home/airflow/.local/lib/python3.11/site-packages/airflow/example_dags/plugins/listener_plugin.py
[2024-03-06T14:12:16.274+0000] {processor.py:183} INFO - Processing /home/airflow/.local/lib/python3.11/site-packages/airflow/example_dags/plugins/listener_plugin.py took 0.026 seconds
[2024-03-06T14:12:47.107+0000] {processor.py:161} INFO - Started process (PID=13957) to work on /home/airflow/.local/lib/python3.11/site-packages/airflow/example_dags/plugins/listener_plugin.py
[2024-03-06T14:12:47.108+0000] {processor.py:830} INFO - Processing file /home/airflow/.local/lib/python3.11/site-packages/airflow/example_dags/plugins/listener_plugin.py for tasks to queue
[2024-03-06T14:12:47.109+0000] {logging_mixin.py:188} INFO - [2024-03-06T14:12:47.109+0000] {dagbag.py:540} INFO - Filling up the DagBag from /home/airflow/.local/lib/python3.11/site-packages/airflow/example_dags/plugins/listener_plugin.py
[2024-03-06T14:12:47.112+0000] {processor.py:842} WARNING - No viable dags retrieved from /home/airflow/.local/lib/python3.11/site-packages/airflow/example_dags/plugins/listener_plugin.py
[2024-03-06T14:12:47.125+0000] {processor.py:183} INFO - Processing /home/airflow/.local/lib/python3.11/site-packages/airflow/example_dags/plugins/listener_plugin.py took 0.021 seconds
[2024-03-06T14:13:17.837+0000] {processor.py:161} INFO - Started process (PID=14204) to work on /home/airflow/.local/lib/python3.11/site-packages/airflow/example_dags/plugins/listener_plugin.py
[2024-03-06T14:13:17.838+0000] {processor.py:830} INFO - Processing file /home/airflow/.local/lib/python3.11/site-packages/airflow/example_dags/plugins/listener_plugin.py for tasks to queue
[2024-03-06T14:13:17.841+0000] {logging_mixin.py:188} INFO - [2024-03-06T14:13:17.839+0000] {dagbag.py:540} INFO - Filling up the DagBag from /home/airflow/.local/lib/python3.11/site-packages/airflow/example_dags/plugins/listener_plugin.py
[2024-03-06T14:13:17.846+0000] {processor.py:842} WARNING - No viable dags retrieved from /home/airflow/.local/lib/python3.11/site-packages/airflow/example_dags/plugins/listener_plugin.py
[2024-03-06T14:13:17.862+0000] {processor.py:183} INFO - Processing /home/airflow/.local/lib/python3.11/site-packages/airflow/example_dags/plugins/listener_plugin.py took 0.028 seconds
[2024-03-06T14:13:48.491+0000] {processor.py:161} INFO - Started process (PID=14451) to work on /home/airflow/.local/lib/python3.11/site-packages/airflow/example_dags/plugins/listener_plugin.py
[2024-03-06T14:13:48.493+0000] {processor.py:830} INFO - Processing file /home/airflow/.local/lib/python3.11/site-packages/airflow/example_dags/plugins/listener_plugin.py for tasks to queue
[2024-03-06T14:13:48.494+0000] {logging_mixin.py:188} INFO - [2024-03-06T14:13:48.494+0000] {dagbag.py:540} INFO - Filling up the DagBag from /home/airflow/.local/lib/python3.11/site-packages/airflow/example_dags/plugins/listener_plugin.py
[2024-03-06T14:13:48.498+0000] {processor.py:842} WARNING - No viable dags retrieved from /home/airflow/.local/lib/python3.11/site-packages/airflow/example_dags/plugins/listener_plugin.py
[2024-03-06T14:13:48.512+0000] {processor.py:183} INFO - Processing /home/airflow/.local/lib/python3.11/site-packages/airflow/example_dags/plugins/listener_plugin.py took 0.025 seconds
[2024-03-06T14:14:19.396+0000] {processor.py:161} INFO - Started process (PID=14698) to work on /home/airflow/.local/lib/python3.11/site-packages/airflow/example_dags/plugins/listener_plugin.py
[2024-03-06T14:14:19.397+0000] {processor.py:830} INFO - Processing file /home/airflow/.local/lib/python3.11/site-packages/airflow/example_dags/plugins/listener_plugin.py for tasks to queue
[2024-03-06T14:14:19.400+0000] {logging_mixin.py:188} INFO - [2024-03-06T14:14:19.400+0000] {dagbag.py:540} INFO - Filling up the DagBag from /home/airflow/.local/lib/python3.11/site-packages/airflow/example_dags/plugins/listener_plugin.py
[2024-03-06T14:14:19.404+0000] {processor.py:842} WARNING - No viable dags retrieved from /home/airflow/.local/lib/python3.11/site-packages/airflow/example_dags/plugins/listener_plugin.py
[2024-03-06T14:14:19.417+0000] {processor.py:183} INFO - Processing /home/airflow/.local/lib/python3.11/site-packages/airflow/example_dags/plugins/listener_plugin.py took 0.024 seconds
[2024-03-06T14:14:49.658+0000] {processor.py:161} INFO - Started process (PID=14945) to work on /home/airflow/.local/lib/python3.11/site-packages/airflow/example_dags/plugins/listener_plugin.py
[2024-03-06T14:14:49.660+0000] {processor.py:830} INFO - Processing file /home/airflow/.local/lib/python3.11/site-packages/airflow/example_dags/plugins/listener_plugin.py for tasks to queue
[2024-03-06T14:14:49.661+0000] {logging_mixin.py:188} INFO - [2024-03-06T14:14:49.661+0000] {dagbag.py:540} INFO - Filling up the DagBag from /home/airflow/.local/lib/python3.11/site-packages/airflow/example_dags/plugins/listener_plugin.py
[2024-03-06T14:14:49.664+0000] {processor.py:842} WARNING - No viable dags retrieved from /home/airflow/.local/lib/python3.11/site-packages/airflow/example_dags/plugins/listener_plugin.py
[2024-03-06T14:14:49.684+0000] {processor.py:183} INFO - Processing /home/airflow/.local/lib/python3.11/site-packages/airflow/example_dags/plugins/listener_plugin.py took 0.030 seconds
[2024-03-06T14:15:19.765+0000] {processor.py:161} INFO - Started process (PID=15192) to work on /home/airflow/.local/lib/python3.11/site-packages/airflow/example_dags/plugins/listener_plugin.py
[2024-03-06T14:15:19.766+0000] {processor.py:830} INFO - Processing file /home/airflow/.local/lib/python3.11/site-packages/airflow/example_dags/plugins/listener_plugin.py for tasks to queue
[2024-03-06T14:15:19.767+0000] {logging_mixin.py:188} INFO - [2024-03-06T14:15:19.767+0000] {dagbag.py:540} INFO - Filling up the DagBag from /home/airflow/.local/lib/python3.11/site-packages/airflow/example_dags/plugins/listener_plugin.py
[2024-03-06T14:15:19.771+0000] {processor.py:842} WARNING - No viable dags retrieved from /home/airflow/.local/lib/python3.11/site-packages/airflow/example_dags/plugins/listener_plugin.py
[2024-03-06T14:15:19.784+0000] {processor.py:183} INFO - Processing /home/airflow/.local/lib/python3.11/site-packages/airflow/example_dags/plugins/listener_plugin.py took 0.022 seconds
[2024-03-06T14:15:49.926+0000] {processor.py:161} INFO - Started process (PID=15439) to work on /home/airflow/.local/lib/python3.11/site-packages/airflow/example_dags/plugins/listener_plugin.py
[2024-03-06T14:15:49.928+0000] {processor.py:830} INFO - Processing file /home/airflow/.local/lib/python3.11/site-packages/airflow/example_dags/plugins/listener_plugin.py for tasks to queue
[2024-03-06T14:15:49.930+0000] {logging_mixin.py:188} INFO - [2024-03-06T14:15:49.929+0000] {dagbag.py:540} INFO - Filling up the DagBag from /home/airflow/.local/lib/python3.11/site-packages/airflow/example_dags/plugins/listener_plugin.py
[2024-03-06T14:15:49.933+0000] {processor.py:842} WARNING - No viable dags retrieved from /home/airflow/.local/lib/python3.11/site-packages/airflow/example_dags/plugins/listener_plugin.py
[2024-03-06T14:15:49.951+0000] {processor.py:183} INFO - Processing /home/airflow/.local/lib/python3.11/site-packages/airflow/example_dags/plugins/listener_plugin.py took 0.029 seconds
[2024-03-06T14:16:20.085+0000] {processor.py:161} INFO - Started process (PID=15686) to work on /home/airflow/.local/lib/python3.11/site-packages/airflow/example_dags/plugins/listener_plugin.py
[2024-03-06T14:16:20.086+0000] {processor.py:830} INFO - Processing file /home/airflow/.local/lib/python3.11/site-packages/airflow/example_dags/plugins/listener_plugin.py for tasks to queue
[2024-03-06T14:16:20.088+0000] {logging_mixin.py:188} INFO - [2024-03-06T14:16:20.087+0000] {dagbag.py:540} INFO - Filling up the DagBag from /home/airflow/.local/lib/python3.11/site-packages/airflow/example_dags/plugins/listener_plugin.py
[2024-03-06T14:16:20.091+0000] {processor.py:842} WARNING - No viable dags retrieved from /home/airflow/.local/lib/python3.11/site-packages/airflow/example_dags/plugins/listener_plugin.py
[2024-03-06T14:16:20.105+0000] {processor.py:183} INFO - Processing /home/airflow/.local/lib/python3.11/site-packages/airflow/example_dags/plugins/listener_plugin.py took 0.023 seconds
[2024-03-06T14:16:50.741+0000] {processor.py:161} INFO - Started process (PID=15935) to work on /home/airflow/.local/lib/python3.11/site-packages/airflow/example_dags/plugins/listener_plugin.py
[2024-03-06T14:16:50.742+0000] {processor.py:830} INFO - Processing file /home/airflow/.local/lib/python3.11/site-packages/airflow/example_dags/plugins/listener_plugin.py for tasks to queue
[2024-03-06T14:16:50.743+0000] {logging_mixin.py:188} INFO - [2024-03-06T14:16:50.743+0000] {dagbag.py:540} INFO - Filling up the DagBag from /home/airflow/.local/lib/python3.11/site-packages/airflow/example_dags/plugins/listener_plugin.py
[2024-03-06T14:16:50.745+0000] {processor.py:842} WARNING - No viable dags retrieved from /home/airflow/.local/lib/python3.11/site-packages/airflow/example_dags/plugins/listener_plugin.py
[2024-03-06T14:16:50.756+0000] {processor.py:183} INFO - Processing /home/airflow/.local/lib/python3.11/site-packages/airflow/example_dags/plugins/listener_plugin.py took 0.018 seconds
[2024-03-06T14:17:22.159+0000] {processor.py:161} INFO - Started process (PID=16180) to work on /home/airflow/.local/lib/python3.11/site-packages/airflow/example_dags/plugins/listener_plugin.py
[2024-03-06T14:17:22.164+0000] {processor.py:830} INFO - Processing file /home/airflow/.local/lib/python3.11/site-packages/airflow/example_dags/plugins/listener_plugin.py for tasks to queue
[2024-03-06T14:17:22.169+0000] {logging_mixin.py:188} INFO - [2024-03-06T14:17:22.168+0000] {dagbag.py:540} INFO - Filling up the DagBag from /home/airflow/.local/lib/python3.11/site-packages/airflow/example_dags/plugins/listener_plugin.py
[2024-03-06T14:17:22.174+0000] {processor.py:842} WARNING - No viable dags retrieved from /home/airflow/.local/lib/python3.11/site-packages/airflow/example_dags/plugins/listener_plugin.py
[2024-03-06T14:17:22.205+0000] {processor.py:183} INFO - Processing /home/airflow/.local/lib/python3.11/site-packages/airflow/example_dags/plugins/listener_plugin.py took 0.051 seconds
[2024-03-06T14:17:53.359+0000] {processor.py:161} INFO - Started process (PID=16427) to work on /home/airflow/.local/lib/python3.11/site-packages/airflow/example_dags/plugins/listener_plugin.py
[2024-03-06T14:17:53.367+0000] {processor.py:830} INFO - Processing file /home/airflow/.local/lib/python3.11/site-packages/airflow/example_dags/plugins/listener_plugin.py for tasks to queue
[2024-03-06T14:17:53.376+0000] {logging_mixin.py:188} INFO - [2024-03-06T14:17:53.375+0000] {dagbag.py:540} INFO - Filling up the DagBag from /home/airflow/.local/lib/python3.11/site-packages/airflow/example_dags/plugins/listener_plugin.py
[2024-03-06T14:17:53.387+0000] {processor.py:842} WARNING - No viable dags retrieved from /home/airflow/.local/lib/python3.11/site-packages/airflow/example_dags/plugins/listener_plugin.py
[2024-03-06T14:17:53.440+0000] {processor.py:183} INFO - Processing /home/airflow/.local/lib/python3.11/site-packages/airflow/example_dags/plugins/listener_plugin.py took 0.096 seconds
[2024-03-06T14:18:24.756+0000] {processor.py:161} INFO - Started process (PID=16676) to work on /home/airflow/.local/lib/python3.11/site-packages/airflow/example_dags/plugins/listener_plugin.py
[2024-03-06T14:18:24.758+0000] {processor.py:830} INFO - Processing file /home/airflow/.local/lib/python3.11/site-packages/airflow/example_dags/plugins/listener_plugin.py for tasks to queue
[2024-03-06T14:18:24.760+0000] {logging_mixin.py:188} INFO - [2024-03-06T14:18:24.760+0000] {dagbag.py:540} INFO - Filling up the DagBag from /home/airflow/.local/lib/python3.11/site-packages/airflow/example_dags/plugins/listener_plugin.py
[2024-03-06T14:18:24.766+0000] {processor.py:842} WARNING - No viable dags retrieved from /home/airflow/.local/lib/python3.11/site-packages/airflow/example_dags/plugins/listener_plugin.py
[2024-03-06T14:18:24.829+0000] {processor.py:183} INFO - Processing /home/airflow/.local/lib/python3.11/site-packages/airflow/example_dags/plugins/listener_plugin.py took 0.083 seconds
[2024-03-06T14:18:56.115+0000] {processor.py:161} INFO - Started process (PID=16922) to work on /home/airflow/.local/lib/python3.11/site-packages/airflow/example_dags/plugins/listener_plugin.py
[2024-03-06T14:18:56.120+0000] {processor.py:830} INFO - Processing file /home/airflow/.local/lib/python3.11/site-packages/airflow/example_dags/plugins/listener_plugin.py for tasks to queue
[2024-03-06T14:18:56.126+0000] {logging_mixin.py:188} INFO - [2024-03-06T14:18:56.125+0000] {dagbag.py:540} INFO - Filling up the DagBag from /home/airflow/.local/lib/python3.11/site-packages/airflow/example_dags/plugins/listener_plugin.py
[2024-03-06T14:18:56.147+0000] {processor.py:842} WARNING - No viable dags retrieved from /home/airflow/.local/lib/python3.11/site-packages/airflow/example_dags/plugins/listener_plugin.py
[2024-03-06T14:18:56.296+0000] {processor.py:183} INFO - Processing /home/airflow/.local/lib/python3.11/site-packages/airflow/example_dags/plugins/listener_plugin.py took 0.188 seconds
