[2024-03-04T17:34:32.915+0000] {processor.py:161} INFO - Started process (PID=185) to work on /home/airflow/.local/lib/python3.11/site-packages/airflow/example_dags/example_setup_teardown_taskflow.py
[2024-03-04T17:34:32.920+0000] {processor.py:830} INFO - Processing file /home/airflow/.local/lib/python3.11/site-packages/airflow/example_dags/example_setup_teardown_taskflow.py for tasks to queue
[2024-03-04T17:34:32.925+0000] {logging_mixin.py:188} INFO - [2024-03-04T17:34:32.924+0000] {dagbag.py:540} INFO - Filling up the DagBag from /home/airflow/.local/lib/python3.11/site-packages/airflow/example_dags/example_setup_teardown_taskflow.py
[2024-03-04T17:34:32.972+0000] {processor.py:840} INFO - DAG(s) 'example_setup_teardown_taskflow' retrieved from /home/airflow/.local/lib/python3.11/site-packages/airflow/example_dags/example_setup_teardown_taskflow.py
[2024-03-04T17:34:33.083+0000] {logging_mixin.py:188} INFO - [2024-03-04T17:34:33.082+0000] {dag.py:3047} INFO - Sync 1 DAGs
[2024-03-04T17:34:33.223+0000] {logging_mixin.py:188} INFO - [2024-03-04T17:34:33.222+0000] {dag.py:3834} INFO - Setting next_dagrun for example_setup_teardown_taskflow to 2024-03-03 00:00:00+00:00, run_after=2024-03-04 00:00:00+00:00
[2024-03-04T17:34:33.306+0000] {processor.py:183} INFO - Processing /home/airflow/.local/lib/python3.11/site-packages/airflow/example_dags/example_setup_teardown_taskflow.py took 0.396 seconds
[2024-03-04T17:35:03.413+0000] {processor.py:161} INFO - Started process (PID=431) to work on /home/airflow/.local/lib/python3.11/site-packages/airflow/example_dags/example_setup_teardown_taskflow.py
[2024-03-04T17:35:03.414+0000] {processor.py:830} INFO - Processing file /home/airflow/.local/lib/python3.11/site-packages/airflow/example_dags/example_setup_teardown_taskflow.py for tasks to queue
[2024-03-04T17:35:03.416+0000] {logging_mixin.py:188} INFO - [2024-03-04T17:35:03.416+0000] {dagbag.py:540} INFO - Filling up the DagBag from /home/airflow/.local/lib/python3.11/site-packages/airflow/example_dags/example_setup_teardown_taskflow.py
[2024-03-04T17:35:03.434+0000] {processor.py:840} INFO - DAG(s) 'example_setup_teardown_taskflow' retrieved from /home/airflow/.local/lib/python3.11/site-packages/airflow/example_dags/example_setup_teardown_taskflow.py
[2024-03-04T17:35:03.561+0000] {logging_mixin.py:188} INFO - [2024-03-04T17:35:03.561+0000] {dag.py:3047} INFO - Sync 1 DAGs
[2024-03-04T17:35:03.585+0000] {logging_mixin.py:188} INFO - [2024-03-04T17:35:03.584+0000] {dag.py:3834} INFO - Setting next_dagrun for example_setup_teardown_taskflow to 2024-03-03 00:00:00+00:00, run_after=2024-03-04 00:00:00+00:00
[2024-03-04T17:35:03.616+0000] {processor.py:183} INFO - Processing /home/airflow/.local/lib/python3.11/site-packages/airflow/example_dags/example_setup_teardown_taskflow.py took 0.208 seconds
[2024-03-04T17:35:34.279+0000] {processor.py:161} INFO - Started process (PID=677) to work on /home/airflow/.local/lib/python3.11/site-packages/airflow/example_dags/example_setup_teardown_taskflow.py
[2024-03-04T17:35:34.280+0000] {processor.py:830} INFO - Processing file /home/airflow/.local/lib/python3.11/site-packages/airflow/example_dags/example_setup_teardown_taskflow.py for tasks to queue
[2024-03-04T17:35:34.281+0000] {logging_mixin.py:188} INFO - [2024-03-04T17:35:34.280+0000] {dagbag.py:540} INFO - Filling up the DagBag from /home/airflow/.local/lib/python3.11/site-packages/airflow/example_dags/example_setup_teardown_taskflow.py
[2024-03-04T17:35:34.294+0000] {processor.py:840} INFO - DAG(s) 'example_setup_teardown_taskflow' retrieved from /home/airflow/.local/lib/python3.11/site-packages/airflow/example_dags/example_setup_teardown_taskflow.py
[2024-03-04T17:35:34.317+0000] {logging_mixin.py:188} INFO - [2024-03-04T17:35:34.317+0000] {dag.py:3047} INFO - Sync 1 DAGs
[2024-03-04T17:35:34.342+0000] {logging_mixin.py:188} INFO - [2024-03-04T17:35:34.342+0000] {dag.py:3834} INFO - Setting next_dagrun for example_setup_teardown_taskflow to 2024-03-03 00:00:00+00:00, run_after=2024-03-04 00:00:00+00:00
[2024-03-04T17:35:34.364+0000] {processor.py:183} INFO - Processing /home/airflow/.local/lib/python3.11/site-packages/airflow/example_dags/example_setup_teardown_taskflow.py took 0.089 seconds
[2024-03-04T17:36:04.802+0000] {processor.py:161} INFO - Started process (PID=924) to work on /home/airflow/.local/lib/python3.11/site-packages/airflow/example_dags/example_setup_teardown_taskflow.py
[2024-03-04T17:36:04.803+0000] {processor.py:830} INFO - Processing file /home/airflow/.local/lib/python3.11/site-packages/airflow/example_dags/example_setup_teardown_taskflow.py for tasks to queue
[2024-03-04T17:36:04.805+0000] {logging_mixin.py:188} INFO - [2024-03-04T17:36:04.804+0000] {dagbag.py:540} INFO - Filling up the DagBag from /home/airflow/.local/lib/python3.11/site-packages/airflow/example_dags/example_setup_teardown_taskflow.py
[2024-03-04T17:36:04.815+0000] {processor.py:840} INFO - DAG(s) 'example_setup_teardown_taskflow' retrieved from /home/airflow/.local/lib/python3.11/site-packages/airflow/example_dags/example_setup_teardown_taskflow.py
[2024-03-04T17:36:04.836+0000] {logging_mixin.py:188} INFO - [2024-03-04T17:36:04.836+0000] {dag.py:3047} INFO - Sync 1 DAGs
[2024-03-04T17:36:04.858+0000] {logging_mixin.py:188} INFO - [2024-03-04T17:36:04.857+0000] {dag.py:3834} INFO - Setting next_dagrun for example_setup_teardown_taskflow to 2024-03-03 00:00:00+00:00, run_after=2024-03-04 00:00:00+00:00
[2024-03-04T17:36:04.882+0000] {processor.py:183} INFO - Processing /home/airflow/.local/lib/python3.11/site-packages/airflow/example_dags/example_setup_teardown_taskflow.py took 0.084 seconds
[2024-03-04T17:36:36.141+0000] {processor.py:161} INFO - Started process (PID=1171) to work on /home/airflow/.local/lib/python3.11/site-packages/airflow/example_dags/example_setup_teardown_taskflow.py
[2024-03-04T17:36:36.141+0000] {processor.py:830} INFO - Processing file /home/airflow/.local/lib/python3.11/site-packages/airflow/example_dags/example_setup_teardown_taskflow.py for tasks to queue
[2024-03-04T17:36:36.143+0000] {logging_mixin.py:188} INFO - [2024-03-04T17:36:36.143+0000] {dagbag.py:540} INFO - Filling up the DagBag from /home/airflow/.local/lib/python3.11/site-packages/airflow/example_dags/example_setup_teardown_taskflow.py
[2024-03-04T17:36:36.162+0000] {processor.py:840} INFO - DAG(s) 'example_setup_teardown_taskflow' retrieved from /home/airflow/.local/lib/python3.11/site-packages/airflow/example_dags/example_setup_teardown_taskflow.py
[2024-03-04T17:36:36.186+0000] {logging_mixin.py:188} INFO - [2024-03-04T17:36:36.186+0000] {dag.py:3047} INFO - Sync 1 DAGs
[2024-03-04T17:36:36.212+0000] {logging_mixin.py:188} INFO - [2024-03-04T17:36:36.212+0000] {dag.py:3834} INFO - Setting next_dagrun for example_setup_teardown_taskflow to 2024-03-03 00:00:00+00:00, run_after=2024-03-04 00:00:00+00:00
[2024-03-04T17:36:36.234+0000] {processor.py:183} INFO - Processing /home/airflow/.local/lib/python3.11/site-packages/airflow/example_dags/example_setup_teardown_taskflow.py took 0.097 seconds
[2024-03-04T17:37:36.176+0000] {processor.py:161} INFO - Started process (PID=1426) to work on /home/airflow/.local/lib/python3.11/site-packages/airflow/example_dags/example_setup_teardown_taskflow.py
[2024-03-04T17:37:36.178+0000] {processor.py:830} INFO - Processing file /home/airflow/.local/lib/python3.11/site-packages/airflow/example_dags/example_setup_teardown_taskflow.py for tasks to queue
[2024-03-04T17:37:36.180+0000] {logging_mixin.py:188} INFO - [2024-03-04T17:37:36.179+0000] {dagbag.py:540} INFO - Filling up the DagBag from /home/airflow/.local/lib/python3.11/site-packages/airflow/example_dags/example_setup_teardown_taskflow.py
[2024-03-04T17:37:36.208+0000] {processor.py:840} INFO - DAG(s) 'example_setup_teardown_taskflow' retrieved from /home/airflow/.local/lib/python3.11/site-packages/airflow/example_dags/example_setup_teardown_taskflow.py
[2024-03-04T17:37:36.241+0000] {logging_mixin.py:188} INFO - [2024-03-04T17:37:36.241+0000] {dag.py:3047} INFO - Sync 1 DAGs
[2024-03-04T17:37:36.278+0000] {logging_mixin.py:188} INFO - [2024-03-04T17:37:36.278+0000] {dag.py:3834} INFO - Setting next_dagrun for example_setup_teardown_taskflow to 2024-03-03 00:00:00+00:00, run_after=2024-03-04 00:00:00+00:00
[2024-03-04T17:37:36.339+0000] {processor.py:183} INFO - Processing /home/airflow/.local/lib/python3.11/site-packages/airflow/example_dags/example_setup_teardown_taskflow.py took 0.168 seconds
[2024-03-04T17:38:06.568+0000] {processor.py:161} INFO - Started process (PID=1673) to work on /home/airflow/.local/lib/python3.11/site-packages/airflow/example_dags/example_setup_teardown_taskflow.py
[2024-03-04T17:38:06.569+0000] {processor.py:830} INFO - Processing file /home/airflow/.local/lib/python3.11/site-packages/airflow/example_dags/example_setup_teardown_taskflow.py for tasks to queue
[2024-03-04T17:38:06.571+0000] {logging_mixin.py:188} INFO - [2024-03-04T17:38:06.571+0000] {dagbag.py:540} INFO - Filling up the DagBag from /home/airflow/.local/lib/python3.11/site-packages/airflow/example_dags/example_setup_teardown_taskflow.py
[2024-03-04T17:38:06.583+0000] {processor.py:840} INFO - DAG(s) 'example_setup_teardown_taskflow' retrieved from /home/airflow/.local/lib/python3.11/site-packages/airflow/example_dags/example_setup_teardown_taskflow.py
[2024-03-04T17:38:06.606+0000] {logging_mixin.py:188} INFO - [2024-03-04T17:38:06.606+0000] {dag.py:3047} INFO - Sync 1 DAGs
[2024-03-04T17:38:06.632+0000] {logging_mixin.py:188} INFO - [2024-03-04T17:38:06.631+0000] {dag.py:3834} INFO - Setting next_dagrun for example_setup_teardown_taskflow to 2024-03-03 00:00:00+00:00, run_after=2024-03-04 00:00:00+00:00
[2024-03-04T17:38:06.650+0000] {processor.py:183} INFO - Processing /home/airflow/.local/lib/python3.11/site-packages/airflow/example_dags/example_setup_teardown_taskflow.py took 0.087 seconds
[2024-03-04T17:38:36.683+0000] {processor.py:161} INFO - Started process (PID=1918) to work on /home/airflow/.local/lib/python3.11/site-packages/airflow/example_dags/example_setup_teardown_taskflow.py
[2024-03-04T17:38:36.686+0000] {processor.py:830} INFO - Processing file /home/airflow/.local/lib/python3.11/site-packages/airflow/example_dags/example_setup_teardown_taskflow.py for tasks to queue
[2024-03-04T17:38:36.687+0000] {logging_mixin.py:188} INFO - [2024-03-04T17:38:36.687+0000] {dagbag.py:540} INFO - Filling up the DagBag from /home/airflow/.local/lib/python3.11/site-packages/airflow/example_dags/example_setup_teardown_taskflow.py
[2024-03-04T17:38:36.699+0000] {processor.py:840} INFO - DAG(s) 'example_setup_teardown_taskflow' retrieved from /home/airflow/.local/lib/python3.11/site-packages/airflow/example_dags/example_setup_teardown_taskflow.py
[2024-03-04T17:38:36.734+0000] {logging_mixin.py:188} INFO - [2024-03-04T17:38:36.733+0000] {dag.py:3047} INFO - Sync 1 DAGs
[2024-03-04T17:38:36.756+0000] {logging_mixin.py:188} INFO - [2024-03-04T17:38:36.755+0000] {dag.py:3834} INFO - Setting next_dagrun for example_setup_teardown_taskflow to 2024-03-03 00:00:00+00:00, run_after=2024-03-04 00:00:00+00:00
[2024-03-04T17:38:36.775+0000] {processor.py:183} INFO - Processing /home/airflow/.local/lib/python3.11/site-packages/airflow/example_dags/example_setup_teardown_taskflow.py took 0.095 seconds
[2024-03-04T17:39:06.895+0000] {processor.py:161} INFO - Started process (PID=2165) to work on /home/airflow/.local/lib/python3.11/site-packages/airflow/example_dags/example_setup_teardown_taskflow.py
[2024-03-04T17:39:06.896+0000] {processor.py:830} INFO - Processing file /home/airflow/.local/lib/python3.11/site-packages/airflow/example_dags/example_setup_teardown_taskflow.py for tasks to queue
[2024-03-04T17:39:06.898+0000] {logging_mixin.py:188} INFO - [2024-03-04T17:39:06.898+0000] {dagbag.py:540} INFO - Filling up the DagBag from /home/airflow/.local/lib/python3.11/site-packages/airflow/example_dags/example_setup_teardown_taskflow.py
[2024-03-04T17:39:06.908+0000] {processor.py:840} INFO - DAG(s) 'example_setup_teardown_taskflow' retrieved from /home/airflow/.local/lib/python3.11/site-packages/airflow/example_dags/example_setup_teardown_taskflow.py
[2024-03-04T17:39:06.933+0000] {logging_mixin.py:188} INFO - [2024-03-04T17:39:06.933+0000] {dag.py:3047} INFO - Sync 1 DAGs
[2024-03-04T17:39:06.956+0000] {logging_mixin.py:188} INFO - [2024-03-04T17:39:06.955+0000] {dag.py:3834} INFO - Setting next_dagrun for example_setup_teardown_taskflow to 2024-03-03 00:00:00+00:00, run_after=2024-03-04 00:00:00+00:00
[2024-03-04T17:39:06.975+0000] {processor.py:183} INFO - Processing /home/airflow/.local/lib/python3.11/site-packages/airflow/example_dags/example_setup_teardown_taskflow.py took 0.083 seconds
[2024-03-04T17:39:37.883+0000] {processor.py:161} INFO - Started process (PID=2414) to work on /home/airflow/.local/lib/python3.11/site-packages/airflow/example_dags/example_setup_teardown_taskflow.py
[2024-03-04T17:39:37.884+0000] {processor.py:830} INFO - Processing file /home/airflow/.local/lib/python3.11/site-packages/airflow/example_dags/example_setup_teardown_taskflow.py for tasks to queue
[2024-03-04T17:39:37.885+0000] {logging_mixin.py:188} INFO - [2024-03-04T17:39:37.885+0000] {dagbag.py:540} INFO - Filling up the DagBag from /home/airflow/.local/lib/python3.11/site-packages/airflow/example_dags/example_setup_teardown_taskflow.py
[2024-03-04T17:39:37.895+0000] {processor.py:840} INFO - DAG(s) 'example_setup_teardown_taskflow' retrieved from /home/airflow/.local/lib/python3.11/site-packages/airflow/example_dags/example_setup_teardown_taskflow.py
[2024-03-04T17:39:37.913+0000] {logging_mixin.py:188} INFO - [2024-03-04T17:39:37.913+0000] {dag.py:3047} INFO - Sync 1 DAGs
[2024-03-04T17:39:37.931+0000] {logging_mixin.py:188} INFO - [2024-03-04T17:39:37.931+0000] {dag.py:3834} INFO - Setting next_dagrun for example_setup_teardown_taskflow to 2024-03-03 00:00:00+00:00, run_after=2024-03-04 00:00:00+00:00
[2024-03-04T17:39:37.947+0000] {processor.py:183} INFO - Processing /home/airflow/.local/lib/python3.11/site-packages/airflow/example_dags/example_setup_teardown_taskflow.py took 0.067 seconds
[2024-03-04T17:40:48.164+0000] {processor.py:161} INFO - Started process (PID=2665) to work on /home/airflow/.local/lib/python3.11/site-packages/airflow/example_dags/example_setup_teardown_taskflow.py
[2024-03-04T17:40:48.166+0000] {processor.py:830} INFO - Processing file /home/airflow/.local/lib/python3.11/site-packages/airflow/example_dags/example_setup_teardown_taskflow.py for tasks to queue
[2024-03-04T17:40:48.167+0000] {logging_mixin.py:188} INFO - [2024-03-04T17:40:48.167+0000] {dagbag.py:540} INFO - Filling up the DagBag from /home/airflow/.local/lib/python3.11/site-packages/airflow/example_dags/example_setup_teardown_taskflow.py
[2024-03-04T17:40:48.235+0000] {processor.py:840} INFO - DAG(s) 'example_setup_teardown_taskflow' retrieved from /home/airflow/.local/lib/python3.11/site-packages/airflow/example_dags/example_setup_teardown_taskflow.py
[2024-03-04T17:40:48.344+0000] {logging_mixin.py:188} INFO - [2024-03-04T17:40:48.343+0000] {dag.py:3047} INFO - Sync 1 DAGs
[2024-03-04T17:40:48.471+0000] {logging_mixin.py:188} INFO - [2024-03-04T17:40:48.471+0000] {dag.py:3834} INFO - Setting next_dagrun for example_setup_teardown_taskflow to 2024-03-03 00:00:00+00:00, run_after=2024-03-04 00:00:00+00:00
[2024-03-04T17:40:48.571+0000] {processor.py:183} INFO - Processing /home/airflow/.local/lib/python3.11/site-packages/airflow/example_dags/example_setup_teardown_taskflow.py took 0.415 seconds
[2024-03-04T17:41:18.896+0000] {processor.py:161} INFO - Started process (PID=2908) to work on /home/airflow/.local/lib/python3.11/site-packages/airflow/example_dags/example_setup_teardown_taskflow.py
[2024-03-04T17:41:18.897+0000] {processor.py:830} INFO - Processing file /home/airflow/.local/lib/python3.11/site-packages/airflow/example_dags/example_setup_teardown_taskflow.py for tasks to queue
[2024-03-04T17:41:18.898+0000] {logging_mixin.py:188} INFO - [2024-03-04T17:41:18.898+0000] {dagbag.py:540} INFO - Filling up the DagBag from /home/airflow/.local/lib/python3.11/site-packages/airflow/example_dags/example_setup_teardown_taskflow.py
[2024-03-04T17:41:18.910+0000] {processor.py:840} INFO - DAG(s) 'example_setup_teardown_taskflow' retrieved from /home/airflow/.local/lib/python3.11/site-packages/airflow/example_dags/example_setup_teardown_taskflow.py
[2024-03-04T17:41:18.929+0000] {logging_mixin.py:188} INFO - [2024-03-04T17:41:18.929+0000] {dag.py:3047} INFO - Sync 1 DAGs
[2024-03-04T17:41:18.947+0000] {logging_mixin.py:188} INFO - [2024-03-04T17:41:18.946+0000] {dag.py:3834} INFO - Setting next_dagrun for example_setup_teardown_taskflow to 2024-03-03 00:00:00+00:00, run_after=2024-03-04 00:00:00+00:00
[2024-03-04T17:41:18.962+0000] {processor.py:183} INFO - Processing /home/airflow/.local/lib/python3.11/site-packages/airflow/example_dags/example_setup_teardown_taskflow.py took 0.069 seconds
[2024-03-04T17:43:22.115+0000] {processor.py:161} INFO - Started process (PID=184) to work on /home/airflow/.local/lib/python3.11/site-packages/airflow/example_dags/example_setup_teardown_taskflow.py
[2024-03-04T17:43:22.117+0000] {processor.py:830} INFO - Processing file /home/airflow/.local/lib/python3.11/site-packages/airflow/example_dags/example_setup_teardown_taskflow.py for tasks to queue
[2024-03-04T17:43:22.118+0000] {logging_mixin.py:188} INFO - [2024-03-04T17:43:22.117+0000] {dagbag.py:540} INFO - Filling up the DagBag from /home/airflow/.local/lib/python3.11/site-packages/airflow/example_dags/example_setup_teardown_taskflow.py
[2024-03-04T17:43:22.136+0000] {processor.py:840} INFO - DAG(s) 'example_setup_teardown_taskflow' retrieved from /home/airflow/.local/lib/python3.11/site-packages/airflow/example_dags/example_setup_teardown_taskflow.py
[2024-03-04T17:43:22.154+0000] {logging_mixin.py:188} INFO - [2024-03-04T17:43:22.153+0000] {dag.py:3047} INFO - Sync 1 DAGs
[2024-03-04T17:43:22.187+0000] {logging_mixin.py:188} INFO - [2024-03-04T17:43:22.187+0000] {dag.py:3834} INFO - Setting next_dagrun for example_setup_teardown_taskflow to 2024-03-03 00:00:00+00:00, run_after=2024-03-04 00:00:00+00:00
[2024-03-04T17:43:22.215+0000] {processor.py:183} INFO - Processing /home/airflow/.local/lib/python3.11/site-packages/airflow/example_dags/example_setup_teardown_taskflow.py took 0.104 seconds
[2024-03-04T17:43:53.205+0000] {processor.py:161} INFO - Started process (PID=433) to work on /home/airflow/.local/lib/python3.11/site-packages/airflow/example_dags/example_setup_teardown_taskflow.py
[2024-03-04T17:43:53.208+0000] {processor.py:830} INFO - Processing file /home/airflow/.local/lib/python3.11/site-packages/airflow/example_dags/example_setup_teardown_taskflow.py for tasks to queue
[2024-03-04T17:43:53.210+0000] {logging_mixin.py:188} INFO - [2024-03-04T17:43:53.209+0000] {dagbag.py:540} INFO - Filling up the DagBag from /home/airflow/.local/lib/python3.11/site-packages/airflow/example_dags/example_setup_teardown_taskflow.py
[2024-03-04T17:43:53.226+0000] {processor.py:840} INFO - DAG(s) 'example_setup_teardown_taskflow' retrieved from /home/airflow/.local/lib/python3.11/site-packages/airflow/example_dags/example_setup_teardown_taskflow.py
[2024-03-04T17:43:53.355+0000] {logging_mixin.py:188} INFO - [2024-03-04T17:43:53.355+0000] {dag.py:3047} INFO - Sync 1 DAGs
[2024-03-04T17:43:53.391+0000] {logging_mixin.py:188} INFO - [2024-03-04T17:43:53.391+0000] {dag.py:3834} INFO - Setting next_dagrun for example_setup_teardown_taskflow to 2024-03-03 00:00:00+00:00, run_after=2024-03-04 00:00:00+00:00
[2024-03-04T17:43:53.431+0000] {processor.py:183} INFO - Processing /home/airflow/.local/lib/python3.11/site-packages/airflow/example_dags/example_setup_teardown_taskflow.py took 0.232 seconds
[2024-03-04T17:44:23.832+0000] {processor.py:161} INFO - Started process (PID=680) to work on /home/airflow/.local/lib/python3.11/site-packages/airflow/example_dags/example_setup_teardown_taskflow.py
[2024-03-04T17:44:23.836+0000] {processor.py:830} INFO - Processing file /home/airflow/.local/lib/python3.11/site-packages/airflow/example_dags/example_setup_teardown_taskflow.py for tasks to queue
[2024-03-04T17:44:23.838+0000] {logging_mixin.py:188} INFO - [2024-03-04T17:44:23.837+0000] {dagbag.py:540} INFO - Filling up the DagBag from /home/airflow/.local/lib/python3.11/site-packages/airflow/example_dags/example_setup_teardown_taskflow.py
[2024-03-04T17:44:23.848+0000] {processor.py:840} INFO - DAG(s) 'example_setup_teardown_taskflow' retrieved from /home/airflow/.local/lib/python3.11/site-packages/airflow/example_dags/example_setup_teardown_taskflow.py
[2024-03-04T17:44:23.874+0000] {logging_mixin.py:188} INFO - [2024-03-04T17:44:23.873+0000] {dag.py:3047} INFO - Sync 1 DAGs
[2024-03-04T17:44:23.900+0000] {logging_mixin.py:188} INFO - [2024-03-04T17:44:23.899+0000] {dag.py:3834} INFO - Setting next_dagrun for example_setup_teardown_taskflow to 2024-03-03 00:00:00+00:00, run_after=2024-03-04 00:00:00+00:00
[2024-03-04T17:44:23.922+0000] {processor.py:183} INFO - Processing /home/airflow/.local/lib/python3.11/site-packages/airflow/example_dags/example_setup_teardown_taskflow.py took 0.093 seconds
