[2024-03-04T17:34:36.529+0000] {processor.py:161} INFO - Started process (PID=275) to work on /home/airflow/.local/lib/python3.11/site-packages/airflow/example_dags/example_external_task_marker_dag.py
[2024-03-04T17:34:36.533+0000] {processor.py:830} INFO - Processing file /home/airflow/.local/lib/python3.11/site-packages/airflow/example_dags/example_external_task_marker_dag.py for tasks to queue
[2024-03-04T17:34:36.537+0000] {logging_mixin.py:188} INFO - [2024-03-04T17:34:36.537+0000] {dagbag.py:540} INFO - Filling up the DagBag from /home/airflow/.local/lib/python3.11/site-packages/airflow/example_dags/example_external_task_marker_dag.py
[2024-03-04T17:34:36.556+0000] {processor.py:840} INFO - DAG(s) 'example_external_task_marker_parent', 'example_external_task_marker_child' retrieved from /home/airflow/.local/lib/python3.11/site-packages/airflow/example_dags/example_external_task_marker_dag.py
[2024-03-04T17:34:36.592+0000] {logging_mixin.py:188} INFO - [2024-03-04T17:34:36.592+0000] {dag.py:3047} INFO - Sync 2 DAGs
[2024-03-04T17:34:36.622+0000] {logging_mixin.py:188} INFO - [2024-03-04T17:34:36.622+0000] {dag.py:3834} INFO - Setting next_dagrun for example_external_task_marker_child to None, run_after=None
[2024-03-04T17:34:36.842+0000] {logging_mixin.py:188} INFO - [2024-03-04T17:34:36.842+0000] {dag.py:3834} INFO - Setting next_dagrun for example_external_task_marker_parent to None, run_after=None
[2024-03-04T17:34:36.926+0000] {processor.py:183} INFO - Processing /home/airflow/.local/lib/python3.11/site-packages/airflow/example_dags/example_external_task_marker_dag.py took 0.402 seconds
[2024-03-04T17:35:07.459+0000] {processor.py:161} INFO - Started process (PID=521) to work on /home/airflow/.local/lib/python3.11/site-packages/airflow/example_dags/example_external_task_marker_dag.py
[2024-03-04T17:35:07.461+0000] {processor.py:830} INFO - Processing file /home/airflow/.local/lib/python3.11/site-packages/airflow/example_dags/example_external_task_marker_dag.py for tasks to queue
[2024-03-04T17:35:07.462+0000] {logging_mixin.py:188} INFO - [2024-03-04T17:35:07.462+0000] {dagbag.py:540} INFO - Filling up the DagBag from /home/airflow/.local/lib/python3.11/site-packages/airflow/example_dags/example_external_task_marker_dag.py
[2024-03-04T17:35:07.470+0000] {processor.py:840} INFO - DAG(s) 'example_external_task_marker_parent', 'example_external_task_marker_child' retrieved from /home/airflow/.local/lib/python3.11/site-packages/airflow/example_dags/example_external_task_marker_dag.py
[2024-03-04T17:35:07.562+0000] {logging_mixin.py:188} INFO - [2024-03-04T17:35:07.562+0000] {dag.py:3047} INFO - Sync 2 DAGs
[2024-03-04T17:35:07.572+0000] {logging_mixin.py:188} INFO - [2024-03-04T17:35:07.572+0000] {dag.py:3834} INFO - Setting next_dagrun for example_external_task_marker_child to None, run_after=None
[2024-03-04T17:35:07.577+0000] {logging_mixin.py:188} INFO - [2024-03-04T17:35:07.577+0000] {dag.py:3834} INFO - Setting next_dagrun for example_external_task_marker_parent to None, run_after=None
[2024-03-04T17:35:07.600+0000] {processor.py:183} INFO - Processing /home/airflow/.local/lib/python3.11/site-packages/airflow/example_dags/example_external_task_marker_dag.py took 0.144 seconds
[2024-03-04T17:35:37.792+0000] {processor.py:161} INFO - Started process (PID=767) to work on /home/airflow/.local/lib/python3.11/site-packages/airflow/example_dags/example_external_task_marker_dag.py
[2024-03-04T17:35:37.793+0000] {processor.py:830} INFO - Processing file /home/airflow/.local/lib/python3.11/site-packages/airflow/example_dags/example_external_task_marker_dag.py for tasks to queue
[2024-03-04T17:35:37.795+0000] {logging_mixin.py:188} INFO - [2024-03-04T17:35:37.795+0000] {dagbag.py:540} INFO - Filling up the DagBag from /home/airflow/.local/lib/python3.11/site-packages/airflow/example_dags/example_external_task_marker_dag.py
[2024-03-04T17:35:37.803+0000] {processor.py:840} INFO - DAG(s) 'example_external_task_marker_child', 'example_external_task_marker_parent' retrieved from /home/airflow/.local/lib/python3.11/site-packages/airflow/example_dags/example_external_task_marker_dag.py
[2024-03-04T17:35:37.821+0000] {logging_mixin.py:188} INFO - [2024-03-04T17:35:37.821+0000] {dag.py:3047} INFO - Sync 2 DAGs
[2024-03-04T17:35:37.832+0000] {logging_mixin.py:188} INFO - [2024-03-04T17:35:37.832+0000] {dag.py:3834} INFO - Setting next_dagrun for example_external_task_marker_child to None, run_after=None
[2024-03-04T17:35:37.836+0000] {logging_mixin.py:188} INFO - [2024-03-04T17:35:37.835+0000] {dag.py:3834} INFO - Setting next_dagrun for example_external_task_marker_parent to None, run_after=None
[2024-03-04T17:35:37.849+0000] {processor.py:183} INFO - Processing /home/airflow/.local/lib/python3.11/site-packages/airflow/example_dags/example_external_task_marker_dag.py took 0.060 seconds
[2024-03-04T17:36:07.899+0000] {processor.py:161} INFO - Started process (PID=1014) to work on /home/airflow/.local/lib/python3.11/site-packages/airflow/example_dags/example_external_task_marker_dag.py
[2024-03-04T17:36:07.900+0000] {processor.py:830} INFO - Processing file /home/airflow/.local/lib/python3.11/site-packages/airflow/example_dags/example_external_task_marker_dag.py for tasks to queue
[2024-03-04T17:36:07.901+0000] {logging_mixin.py:188} INFO - [2024-03-04T17:36:07.901+0000] {dagbag.py:540} INFO - Filling up the DagBag from /home/airflow/.local/lib/python3.11/site-packages/airflow/example_dags/example_external_task_marker_dag.py
[2024-03-04T17:36:07.909+0000] {processor.py:840} INFO - DAG(s) 'example_external_task_marker_parent', 'example_external_task_marker_child' retrieved from /home/airflow/.local/lib/python3.11/site-packages/airflow/example_dags/example_external_task_marker_dag.py
[2024-03-04T17:36:07.930+0000] {logging_mixin.py:188} INFO - [2024-03-04T17:36:07.930+0000] {dag.py:3047} INFO - Sync 2 DAGs
[2024-03-04T17:36:07.943+0000] {logging_mixin.py:188} INFO - [2024-03-04T17:36:07.943+0000] {dag.py:3834} INFO - Setting next_dagrun for example_external_task_marker_child to None, run_after=None
[2024-03-04T17:36:07.947+0000] {logging_mixin.py:188} INFO - [2024-03-04T17:36:07.946+0000] {dag.py:3834} INFO - Setting next_dagrun for example_external_task_marker_parent to None, run_after=None
[2024-03-04T17:36:07.963+0000] {processor.py:183} INFO - Processing /home/airflow/.local/lib/python3.11/site-packages/airflow/example_dags/example_external_task_marker_dag.py took 0.068 seconds
[2024-03-04T17:36:38.574+0000] {processor.py:161} INFO - Started process (PID=1262) to work on /home/airflow/.local/lib/python3.11/site-packages/airflow/example_dags/example_external_task_marker_dag.py
[2024-03-04T17:36:38.576+0000] {processor.py:830} INFO - Processing file /home/airflow/.local/lib/python3.11/site-packages/airflow/example_dags/example_external_task_marker_dag.py for tasks to queue
[2024-03-04T17:36:38.577+0000] {logging_mixin.py:188} INFO - [2024-03-04T17:36:38.577+0000] {dagbag.py:540} INFO - Filling up the DagBag from /home/airflow/.local/lib/python3.11/site-packages/airflow/example_dags/example_external_task_marker_dag.py
[2024-03-04T17:36:38.587+0000] {processor.py:840} INFO - DAG(s) 'example_external_task_marker_parent', 'example_external_task_marker_child' retrieved from /home/airflow/.local/lib/python3.11/site-packages/airflow/example_dags/example_external_task_marker_dag.py
[2024-03-04T17:36:38.614+0000] {logging_mixin.py:188} INFO - [2024-03-04T17:36:38.614+0000] {dag.py:3047} INFO - Sync 2 DAGs
[2024-03-04T17:36:38.627+0000] {logging_mixin.py:188} INFO - [2024-03-04T17:36:38.627+0000] {dag.py:3834} INFO - Setting next_dagrun for example_external_task_marker_child to None, run_after=None
[2024-03-04T17:36:38.632+0000] {logging_mixin.py:188} INFO - [2024-03-04T17:36:38.632+0000] {dag.py:3834} INFO - Setting next_dagrun for example_external_task_marker_parent to None, run_after=None
[2024-03-04T17:36:38.651+0000] {processor.py:183} INFO - Processing /home/airflow/.local/lib/python3.11/site-packages/airflow/example_dags/example_external_task_marker_dag.py took 0.080 seconds
[2024-03-04T17:37:38.141+0000] {processor.py:161} INFO - Started process (PID=1516) to work on /home/airflow/.local/lib/python3.11/site-packages/airflow/example_dags/example_external_task_marker_dag.py
[2024-03-04T17:37:38.144+0000] {processor.py:830} INFO - Processing file /home/airflow/.local/lib/python3.11/site-packages/airflow/example_dags/example_external_task_marker_dag.py for tasks to queue
[2024-03-04T17:37:38.148+0000] {logging_mixin.py:188} INFO - [2024-03-04T17:37:38.147+0000] {dagbag.py:540} INFO - Filling up the DagBag from /home/airflow/.local/lib/python3.11/site-packages/airflow/example_dags/example_external_task_marker_dag.py
[2024-03-04T17:37:38.161+0000] {processor.py:840} INFO - DAG(s) 'example_external_task_marker_parent', 'example_external_task_marker_child' retrieved from /home/airflow/.local/lib/python3.11/site-packages/airflow/example_dags/example_external_task_marker_dag.py
[2024-03-04T17:37:38.199+0000] {logging_mixin.py:188} INFO - [2024-03-04T17:37:38.199+0000] {dag.py:3047} INFO - Sync 2 DAGs
[2024-03-04T17:37:38.218+0000] {logging_mixin.py:188} INFO - [2024-03-04T17:37:38.218+0000] {dag.py:3834} INFO - Setting next_dagrun for example_external_task_marker_child to None, run_after=None
[2024-03-04T17:37:38.227+0000] {logging_mixin.py:188} INFO - [2024-03-04T17:37:38.227+0000] {dag.py:3834} INFO - Setting next_dagrun for example_external_task_marker_parent to None, run_after=None
[2024-03-04T17:37:38.250+0000] {processor.py:183} INFO - Processing /home/airflow/.local/lib/python3.11/site-packages/airflow/example_dags/example_external_task_marker_dag.py took 0.115 seconds
[2024-03-04T17:38:09.001+0000] {processor.py:161} INFO - Started process (PID=1761) to work on /home/airflow/.local/lib/python3.11/site-packages/airflow/example_dags/example_external_task_marker_dag.py
[2024-03-04T17:38:09.006+0000] {processor.py:830} INFO - Processing file /home/airflow/.local/lib/python3.11/site-packages/airflow/example_dags/example_external_task_marker_dag.py for tasks to queue
[2024-03-04T17:38:09.009+0000] {logging_mixin.py:188} INFO - [2024-03-04T17:38:09.008+0000] {dagbag.py:540} INFO - Filling up the DagBag from /home/airflow/.local/lib/python3.11/site-packages/airflow/example_dags/example_external_task_marker_dag.py
[2024-03-04T17:38:09.021+0000] {processor.py:840} INFO - DAG(s) 'example_external_task_marker_parent', 'example_external_task_marker_child' retrieved from /home/airflow/.local/lib/python3.11/site-packages/airflow/example_dags/example_external_task_marker_dag.py
[2024-03-04T17:38:09.073+0000] {logging_mixin.py:188} INFO - [2024-03-04T17:38:09.072+0000] {dag.py:3047} INFO - Sync 2 DAGs
[2024-03-04T17:38:09.095+0000] {logging_mixin.py:188} INFO - [2024-03-04T17:38:09.095+0000] {dag.py:3834} INFO - Setting next_dagrun for example_external_task_marker_child to None, run_after=None
[2024-03-04T17:38:09.107+0000] {logging_mixin.py:188} INFO - [2024-03-04T17:38:09.106+0000] {dag.py:3834} INFO - Setting next_dagrun for example_external_task_marker_parent to None, run_after=None
[2024-03-04T17:38:09.158+0000] {processor.py:183} INFO - Processing /home/airflow/.local/lib/python3.11/site-packages/airflow/example_dags/example_external_task_marker_dag.py took 0.162 seconds
[2024-03-04T17:38:39.813+0000] {processor.py:161} INFO - Started process (PID=2010) to work on /home/airflow/.local/lib/python3.11/site-packages/airflow/example_dags/example_external_task_marker_dag.py
[2024-03-04T17:38:39.814+0000] {processor.py:830} INFO - Processing file /home/airflow/.local/lib/python3.11/site-packages/airflow/example_dags/example_external_task_marker_dag.py for tasks to queue
[2024-03-04T17:38:39.815+0000] {logging_mixin.py:188} INFO - [2024-03-04T17:38:39.814+0000] {dagbag.py:540} INFO - Filling up the DagBag from /home/airflow/.local/lib/python3.11/site-packages/airflow/example_dags/example_external_task_marker_dag.py
[2024-03-04T17:38:39.823+0000] {processor.py:840} INFO - DAG(s) 'example_external_task_marker_child', 'example_external_task_marker_parent' retrieved from /home/airflow/.local/lib/python3.11/site-packages/airflow/example_dags/example_external_task_marker_dag.py
[2024-03-04T17:38:39.846+0000] {logging_mixin.py:188} INFO - [2024-03-04T17:38:39.846+0000] {dag.py:3047} INFO - Sync 2 DAGs
[2024-03-04T17:38:39.860+0000] {logging_mixin.py:188} INFO - [2024-03-04T17:38:39.860+0000] {dag.py:3834} INFO - Setting next_dagrun for example_external_task_marker_child to None, run_after=None
[2024-03-04T17:38:39.865+0000] {logging_mixin.py:188} INFO - [2024-03-04T17:38:39.865+0000] {dag.py:3834} INFO - Setting next_dagrun for example_external_task_marker_parent to None, run_after=None
[2024-03-04T17:38:39.882+0000] {processor.py:183} INFO - Processing /home/airflow/.local/lib/python3.11/site-packages/airflow/example_dags/example_external_task_marker_dag.py took 0.072 seconds
[2024-03-04T17:39:10.066+0000] {processor.py:161} INFO - Started process (PID=2257) to work on /home/airflow/.local/lib/python3.11/site-packages/airflow/example_dags/example_external_task_marker_dag.py
[2024-03-04T17:39:10.068+0000] {processor.py:830} INFO - Processing file /home/airflow/.local/lib/python3.11/site-packages/airflow/example_dags/example_external_task_marker_dag.py for tasks to queue
[2024-03-04T17:39:10.075+0000] {logging_mixin.py:188} INFO - [2024-03-04T17:39:10.075+0000] {dagbag.py:540} INFO - Filling up the DagBag from /home/airflow/.local/lib/python3.11/site-packages/airflow/example_dags/example_external_task_marker_dag.py
[2024-03-04T17:39:10.087+0000] {processor.py:840} INFO - DAG(s) 'example_external_task_marker_child', 'example_external_task_marker_parent' retrieved from /home/airflow/.local/lib/python3.11/site-packages/airflow/example_dags/example_external_task_marker_dag.py
[2024-03-04T17:39:10.118+0000] {logging_mixin.py:188} INFO - [2024-03-04T17:39:10.118+0000] {dag.py:3047} INFO - Sync 2 DAGs
[2024-03-04T17:39:10.131+0000] {logging_mixin.py:188} INFO - [2024-03-04T17:39:10.130+0000] {dag.py:3834} INFO - Setting next_dagrun for example_external_task_marker_child to None, run_after=None
[2024-03-04T17:39:10.136+0000] {logging_mixin.py:188} INFO - [2024-03-04T17:39:10.135+0000] {dag.py:3834} INFO - Setting next_dagrun for example_external_task_marker_parent to None, run_after=None
[2024-03-04T17:39:10.154+0000] {processor.py:183} INFO - Processing /home/airflow/.local/lib/python3.11/site-packages/airflow/example_dags/example_external_task_marker_dag.py took 0.092 seconds
[2024-03-04T17:39:41.148+0000] {processor.py:161} INFO - Started process (PID=2504) to work on /home/airflow/.local/lib/python3.11/site-packages/airflow/example_dags/example_external_task_marker_dag.py
[2024-03-04T17:39:41.149+0000] {processor.py:830} INFO - Processing file /home/airflow/.local/lib/python3.11/site-packages/airflow/example_dags/example_external_task_marker_dag.py for tasks to queue
[2024-03-04T17:39:41.150+0000] {logging_mixin.py:188} INFO - [2024-03-04T17:39:41.150+0000] {dagbag.py:540} INFO - Filling up the DagBag from /home/airflow/.local/lib/python3.11/site-packages/airflow/example_dags/example_external_task_marker_dag.py
[2024-03-04T17:39:41.158+0000] {processor.py:840} INFO - DAG(s) 'example_external_task_marker_parent', 'example_external_task_marker_child' retrieved from /home/airflow/.local/lib/python3.11/site-packages/airflow/example_dags/example_external_task_marker_dag.py
[2024-03-04T17:39:41.184+0000] {logging_mixin.py:188} INFO - [2024-03-04T17:39:41.184+0000] {dag.py:3047} INFO - Sync 2 DAGs
[2024-03-04T17:39:41.196+0000] {logging_mixin.py:188} INFO - [2024-03-04T17:39:41.195+0000] {dag.py:3834} INFO - Setting next_dagrun for example_external_task_marker_child to None, run_after=None
[2024-03-04T17:39:41.200+0000] {logging_mixin.py:188} INFO - [2024-03-04T17:39:41.200+0000] {dag.py:3834} INFO - Setting next_dagrun for example_external_task_marker_parent to None, run_after=None
[2024-03-04T17:39:41.216+0000] {processor.py:183} INFO - Processing /home/airflow/.local/lib/python3.11/site-packages/airflow/example_dags/example_external_task_marker_dag.py took 0.071 seconds
[2024-03-04T17:40:50.398+0000] {processor.py:161} INFO - Started process (PID=2755) to work on /home/airflow/.local/lib/python3.11/site-packages/airflow/example_dags/example_external_task_marker_dag.py
[2024-03-04T17:40:50.402+0000] {processor.py:830} INFO - Processing file /home/airflow/.local/lib/python3.11/site-packages/airflow/example_dags/example_external_task_marker_dag.py for tasks to queue
[2024-03-04T17:40:50.405+0000] {logging_mixin.py:188} INFO - [2024-03-04T17:40:50.404+0000] {dagbag.py:540} INFO - Filling up the DagBag from /home/airflow/.local/lib/python3.11/site-packages/airflow/example_dags/example_external_task_marker_dag.py
[2024-03-04T17:40:50.421+0000] {processor.py:840} INFO - DAG(s) 'example_external_task_marker_child', 'example_external_task_marker_parent' retrieved from /home/airflow/.local/lib/python3.11/site-packages/airflow/example_dags/example_external_task_marker_dag.py
[2024-03-04T17:40:50.465+0000] {logging_mixin.py:188} INFO - [2024-03-04T17:40:50.465+0000] {dag.py:3047} INFO - Sync 2 DAGs
[2024-03-04T17:40:50.483+0000] {logging_mixin.py:188} INFO - [2024-03-04T17:40:50.482+0000] {dag.py:3834} INFO - Setting next_dagrun for example_external_task_marker_child to None, run_after=None
[2024-03-04T17:40:50.490+0000] {logging_mixin.py:188} INFO - [2024-03-04T17:40:50.490+0000] {dag.py:3834} INFO - Setting next_dagrun for example_external_task_marker_parent to None, run_after=None
[2024-03-04T17:40:50.516+0000] {processor.py:183} INFO - Processing /home/airflow/.local/lib/python3.11/site-packages/airflow/example_dags/example_external_task_marker_dag.py took 0.123 seconds
[2024-03-04T17:41:21.773+0000] {processor.py:161} INFO - Started process (PID=3002) to work on /home/airflow/.local/lib/python3.11/site-packages/airflow/example_dags/example_external_task_marker_dag.py
[2024-03-04T17:41:21.775+0000] {processor.py:830} INFO - Processing file /home/airflow/.local/lib/python3.11/site-packages/airflow/example_dags/example_external_task_marker_dag.py for tasks to queue
[2024-03-04T17:41:21.778+0000] {logging_mixin.py:188} INFO - [2024-03-04T17:41:21.777+0000] {dagbag.py:540} INFO - Filling up the DagBag from /home/airflow/.local/lib/python3.11/site-packages/airflow/example_dags/example_external_task_marker_dag.py
[2024-03-04T17:41:21.795+0000] {processor.py:840} INFO - DAG(s) 'example_external_task_marker_child', 'example_external_task_marker_parent' retrieved from /home/airflow/.local/lib/python3.11/site-packages/airflow/example_dags/example_external_task_marker_dag.py
[2024-03-04T17:41:21.891+0000] {logging_mixin.py:188} INFO - [2024-03-04T17:41:21.886+0000] {dag.py:3047} INFO - Sync 2 DAGs
[2024-03-04T17:41:21.951+0000] {logging_mixin.py:188} INFO - [2024-03-04T17:41:21.950+0000] {dag.py:3834} INFO - Setting next_dagrun for example_external_task_marker_child to None, run_after=None
[2024-03-04T17:41:21.961+0000] {logging_mixin.py:188} INFO - [2024-03-04T17:41:21.960+0000] {dag.py:3834} INFO - Setting next_dagrun for example_external_task_marker_parent to None, run_after=None
[2024-03-04T17:41:22.048+0000] {processor.py:183} INFO - Processing /home/airflow/.local/lib/python3.11/site-packages/airflow/example_dags/example_external_task_marker_dag.py took 0.283 seconds
[2024-03-04T17:43:23.457+0000] {processor.py:161} INFO - Started process (PID=274) to work on /home/airflow/.local/lib/python3.11/site-packages/airflow/example_dags/example_external_task_marker_dag.py
[2024-03-04T17:43:23.458+0000] {processor.py:830} INFO - Processing file /home/airflow/.local/lib/python3.11/site-packages/airflow/example_dags/example_external_task_marker_dag.py for tasks to queue
[2024-03-04T17:43:23.459+0000] {logging_mixin.py:188} INFO - [2024-03-04T17:43:23.459+0000] {dagbag.py:540} INFO - Filling up the DagBag from /home/airflow/.local/lib/python3.11/site-packages/airflow/example_dags/example_external_task_marker_dag.py
[2024-03-04T17:43:23.469+0000] {processor.py:840} INFO - DAG(s) 'example_external_task_marker_parent', 'example_external_task_marker_child' retrieved from /home/airflow/.local/lib/python3.11/site-packages/airflow/example_dags/example_external_task_marker_dag.py
[2024-03-04T17:43:23.482+0000] {logging_mixin.py:188} INFO - [2024-03-04T17:43:23.482+0000] {dag.py:3047} INFO - Sync 2 DAGs
[2024-03-04T17:43:23.497+0000] {logging_mixin.py:188} INFO - [2024-03-04T17:43:23.496+0000] {dag.py:3834} INFO - Setting next_dagrun for example_external_task_marker_child to None, run_after=None
[2024-03-04T17:43:23.501+0000] {logging_mixin.py:188} INFO - [2024-03-04T17:43:23.501+0000] {dag.py:3834} INFO - Setting next_dagrun for example_external_task_marker_parent to None, run_after=None
[2024-03-04T17:43:23.520+0000] {processor.py:183} INFO - Processing /home/airflow/.local/lib/python3.11/site-packages/airflow/example_dags/example_external_task_marker_dag.py took 0.068 seconds
[2024-03-04T17:43:56.051+0000] {processor.py:161} INFO - Started process (PID=521) to work on /home/airflow/.local/lib/python3.11/site-packages/airflow/example_dags/example_external_task_marker_dag.py
[2024-03-04T17:43:56.052+0000] {processor.py:830} INFO - Processing file /home/airflow/.local/lib/python3.11/site-packages/airflow/example_dags/example_external_task_marker_dag.py for tasks to queue
[2024-03-04T17:43:56.053+0000] {logging_mixin.py:188} INFO - [2024-03-04T17:43:56.053+0000] {dagbag.py:540} INFO - Filling up the DagBag from /home/airflow/.local/lib/python3.11/site-packages/airflow/example_dags/example_external_task_marker_dag.py
[2024-03-04T17:43:56.060+0000] {processor.py:840} INFO - DAG(s) 'example_external_task_marker_child', 'example_external_task_marker_parent' retrieved from /home/airflow/.local/lib/python3.11/site-packages/airflow/example_dags/example_external_task_marker_dag.py
[2024-03-04T17:43:56.178+0000] {logging_mixin.py:188} INFO - [2024-03-04T17:43:56.178+0000] {dag.py:3047} INFO - Sync 2 DAGs
[2024-03-04T17:43:56.189+0000] {logging_mixin.py:188} INFO - [2024-03-04T17:43:56.189+0000] {dag.py:3834} INFO - Setting next_dagrun for example_external_task_marker_child to None, run_after=None
[2024-03-04T17:43:56.193+0000] {logging_mixin.py:188} INFO - [2024-03-04T17:43:56.193+0000] {dag.py:3834} INFO - Setting next_dagrun for example_external_task_marker_parent to None, run_after=None
[2024-03-04T17:43:56.213+0000] {processor.py:183} INFO - Processing /home/airflow/.local/lib/python3.11/site-packages/airflow/example_dags/example_external_task_marker_dag.py took 0.165 seconds
[2024-03-04T17:44:26.966+0000] {processor.py:161} INFO - Started process (PID=768) to work on /home/airflow/.local/lib/python3.11/site-packages/airflow/example_dags/example_external_task_marker_dag.py
[2024-03-04T17:44:26.967+0000] {processor.py:830} INFO - Processing file /home/airflow/.local/lib/python3.11/site-packages/airflow/example_dags/example_external_task_marker_dag.py for tasks to queue
[2024-03-04T17:44:26.969+0000] {logging_mixin.py:188} INFO - [2024-03-04T17:44:26.968+0000] {dagbag.py:540} INFO - Filling up the DagBag from /home/airflow/.local/lib/python3.11/site-packages/airflow/example_dags/example_external_task_marker_dag.py
[2024-03-04T17:44:26.977+0000] {processor.py:840} INFO - DAG(s) 'example_external_task_marker_parent', 'example_external_task_marker_child' retrieved from /home/airflow/.local/lib/python3.11/site-packages/airflow/example_dags/example_external_task_marker_dag.py
[2024-03-04T17:44:27.010+0000] {logging_mixin.py:188} INFO - [2024-03-04T17:44:27.009+0000] {dag.py:3047} INFO - Sync 2 DAGs
[2024-03-04T17:44:27.037+0000] {logging_mixin.py:188} INFO - [2024-03-04T17:44:27.037+0000] {dag.py:3834} INFO - Setting next_dagrun for example_external_task_marker_child to None, run_after=None
[2024-03-04T17:44:27.044+0000] {logging_mixin.py:188} INFO - [2024-03-04T17:44:27.043+0000] {dag.py:3834} INFO - Setting next_dagrun for example_external_task_marker_parent to None, run_after=None
[2024-03-04T17:44:27.065+0000] {processor.py:183} INFO - Processing /home/airflow/.local/lib/python3.11/site-packages/airflow/example_dags/example_external_task_marker_dag.py took 0.103 seconds
