[2024-03-04T17:34:34.389+0000] {processor.py:161} INFO - Started process (PID=220) to work on /home/airflow/.local/lib/python3.11/site-packages/airflow/example_dags/example_python_operator.py
[2024-03-04T17:34:34.393+0000] {processor.py:830} INFO - Processing file /home/airflow/.local/lib/python3.11/site-packages/airflow/example_dags/example_python_operator.py for tasks to queue
[2024-03-04T17:34:34.395+0000] {logging_mixin.py:188} INFO - [2024-03-04T17:34:34.395+0000] {dagbag.py:540} INFO - Filling up the DagBag from /home/airflow/.local/lib/python3.11/site-packages/airflow/example_dags/example_python_operator.py
[2024-03-04T17:34:34.447+0000] {processor.py:840} INFO - DAG(s) 'example_python_operator' retrieved from /home/airflow/.local/lib/python3.11/site-packages/airflow/example_dags/example_python_operator.py
[2024-03-04T17:34:34.492+0000] {logging_mixin.py:188} INFO - [2024-03-04T17:34:34.492+0000] {dag.py:3047} INFO - Sync 1 DAGs
[2024-03-04T17:34:34.571+0000] {logging_mixin.py:188} INFO - [2024-03-04T17:34:34.571+0000] {dag.py:3834} INFO - Setting next_dagrun for example_python_operator to None, run_after=None
[2024-03-04T17:34:34.676+0000] {processor.py:183} INFO - Processing /home/airflow/.local/lib/python3.11/site-packages/airflow/example_dags/example_python_operator.py took 0.299 seconds
[2024-03-04T17:35:05.244+0000] {processor.py:161} INFO - Started process (PID=466) to work on /home/airflow/.local/lib/python3.11/site-packages/airflow/example_dags/example_python_operator.py
[2024-03-04T17:35:05.246+0000] {processor.py:830} INFO - Processing file /home/airflow/.local/lib/python3.11/site-packages/airflow/example_dags/example_python_operator.py for tasks to queue
[2024-03-04T17:35:05.247+0000] {logging_mixin.py:188} INFO - [2024-03-04T17:35:05.246+0000] {dagbag.py:540} INFO - Filling up the DagBag from /home/airflow/.local/lib/python3.11/site-packages/airflow/example_dags/example_python_operator.py
[2024-03-04T17:35:05.263+0000] {processor.py:840} INFO - DAG(s) 'example_python_operator' retrieved from /home/airflow/.local/lib/python3.11/site-packages/airflow/example_dags/example_python_operator.py
[2024-03-04T17:35:05.390+0000] {logging_mixin.py:188} INFO - [2024-03-04T17:35:05.390+0000] {dag.py:3047} INFO - Sync 1 DAGs
[2024-03-04T17:35:05.399+0000] {logging_mixin.py:188} INFO - [2024-03-04T17:35:05.399+0000] {dag.py:3834} INFO - Setting next_dagrun for example_python_operator to None, run_after=None
[2024-03-04T17:35:05.417+0000] {processor.py:183} INFO - Processing /home/airflow/.local/lib/python3.11/site-packages/airflow/example_dags/example_python_operator.py took 0.175 seconds
[2024-03-04T17:35:35.838+0000] {processor.py:161} INFO - Started process (PID=712) to work on /home/airflow/.local/lib/python3.11/site-packages/airflow/example_dags/example_python_operator.py
[2024-03-04T17:35:35.839+0000] {processor.py:830} INFO - Processing file /home/airflow/.local/lib/python3.11/site-packages/airflow/example_dags/example_python_operator.py for tasks to queue
[2024-03-04T17:35:35.841+0000] {logging_mixin.py:188} INFO - [2024-03-04T17:35:35.840+0000] {dagbag.py:540} INFO - Filling up the DagBag from /home/airflow/.local/lib/python3.11/site-packages/airflow/example_dags/example_python_operator.py
[2024-03-04T17:35:35.854+0000] {processor.py:840} INFO - DAG(s) 'example_python_operator' retrieved from /home/airflow/.local/lib/python3.11/site-packages/airflow/example_dags/example_python_operator.py
[2024-03-04T17:35:35.881+0000] {logging_mixin.py:188} INFO - [2024-03-04T17:35:35.881+0000] {dag.py:3047} INFO - Sync 1 DAGs
[2024-03-04T17:35:35.895+0000] {logging_mixin.py:188} INFO - [2024-03-04T17:35:35.895+0000] {dag.py:3834} INFO - Setting next_dagrun for example_python_operator to None, run_after=None
[2024-03-04T17:35:35.916+0000] {processor.py:183} INFO - Processing /home/airflow/.local/lib/python3.11/site-packages/airflow/example_dags/example_python_operator.py took 0.082 seconds
[2024-03-04T17:36:06.218+0000] {processor.py:161} INFO - Started process (PID=959) to work on /home/airflow/.local/lib/python3.11/site-packages/airflow/example_dags/example_python_operator.py
[2024-03-04T17:36:06.220+0000] {processor.py:830} INFO - Processing file /home/airflow/.local/lib/python3.11/site-packages/airflow/example_dags/example_python_operator.py for tasks to queue
[2024-03-04T17:36:06.222+0000] {logging_mixin.py:188} INFO - [2024-03-04T17:36:06.221+0000] {dagbag.py:540} INFO - Filling up the DagBag from /home/airflow/.local/lib/python3.11/site-packages/airflow/example_dags/example_python_operator.py
[2024-03-04T17:36:06.236+0000] {processor.py:840} INFO - DAG(s) 'example_python_operator' retrieved from /home/airflow/.local/lib/python3.11/site-packages/airflow/example_dags/example_python_operator.py
[2024-03-04T17:36:06.260+0000] {logging_mixin.py:188} INFO - [2024-03-04T17:36:06.259+0000] {dag.py:3047} INFO - Sync 1 DAGs
[2024-03-04T17:36:06.272+0000] {logging_mixin.py:188} INFO - [2024-03-04T17:36:06.272+0000] {dag.py:3834} INFO - Setting next_dagrun for example_python_operator to None, run_after=None
[2024-03-04T17:36:06.305+0000] {processor.py:183} INFO - Processing /home/airflow/.local/lib/python3.11/site-packages/airflow/example_dags/example_python_operator.py took 0.091 seconds
[2024-03-04T17:36:36.639+0000] {processor.py:161} INFO - Started process (PID=1206) to work on /home/airflow/.local/lib/python3.11/site-packages/airflow/example_dags/example_python_operator.py
[2024-03-04T17:36:36.641+0000] {processor.py:830} INFO - Processing file /home/airflow/.local/lib/python3.11/site-packages/airflow/example_dags/example_python_operator.py for tasks to queue
[2024-03-04T17:36:36.643+0000] {logging_mixin.py:188} INFO - [2024-03-04T17:36:36.643+0000] {dagbag.py:540} INFO - Filling up the DagBag from /home/airflow/.local/lib/python3.11/site-packages/airflow/example_dags/example_python_operator.py
[2024-03-04T17:36:36.658+0000] {processor.py:840} INFO - DAG(s) 'example_python_operator' retrieved from /home/airflow/.local/lib/python3.11/site-packages/airflow/example_dags/example_python_operator.py
[2024-03-04T17:36:36.687+0000] {logging_mixin.py:188} INFO - [2024-03-04T17:36:36.687+0000] {dag.py:3047} INFO - Sync 1 DAGs
[2024-03-04T17:36:36.700+0000] {logging_mixin.py:188} INFO - [2024-03-04T17:36:36.700+0000] {dag.py:3834} INFO - Setting next_dagrun for example_python_operator to None, run_after=None
[2024-03-04T17:36:36.720+0000] {processor.py:183} INFO - Processing /home/airflow/.local/lib/python3.11/site-packages/airflow/example_dags/example_python_operator.py took 0.085 seconds
[2024-03-04T17:37:36.803+0000] {processor.py:161} INFO - Started process (PID=1459) to work on /home/airflow/.local/lib/python3.11/site-packages/airflow/example_dags/example_python_operator.py
[2024-03-04T17:37:36.805+0000] {processor.py:830} INFO - Processing file /home/airflow/.local/lib/python3.11/site-packages/airflow/example_dags/example_python_operator.py for tasks to queue
[2024-03-04T17:37:36.807+0000] {logging_mixin.py:188} INFO - [2024-03-04T17:37:36.806+0000] {dagbag.py:540} INFO - Filling up the DagBag from /home/airflow/.local/lib/python3.11/site-packages/airflow/example_dags/example_python_operator.py
[2024-03-04T17:37:36.826+0000] {processor.py:840} INFO - DAG(s) 'example_python_operator' retrieved from /home/airflow/.local/lib/python3.11/site-packages/airflow/example_dags/example_python_operator.py
[2024-03-04T17:37:36.859+0000] {logging_mixin.py:188} INFO - [2024-03-04T17:37:36.858+0000] {dag.py:3047} INFO - Sync 1 DAGs
[2024-03-04T17:37:36.884+0000] {logging_mixin.py:188} INFO - [2024-03-04T17:37:36.884+0000] {dag.py:3834} INFO - Setting next_dagrun for example_python_operator to None, run_after=None
[2024-03-04T17:37:36.914+0000] {processor.py:183} INFO - Processing /home/airflow/.local/lib/python3.11/site-packages/airflow/example_dags/example_python_operator.py took 0.116 seconds
[2024-03-04T17:38:07.948+0000] {processor.py:161} INFO - Started process (PID=1706) to work on /home/airflow/.local/lib/python3.11/site-packages/airflow/example_dags/example_python_operator.py
[2024-03-04T17:38:07.950+0000] {processor.py:830} INFO - Processing file /home/airflow/.local/lib/python3.11/site-packages/airflow/example_dags/example_python_operator.py for tasks to queue
[2024-03-04T17:38:07.952+0000] {logging_mixin.py:188} INFO - [2024-03-04T17:38:07.951+0000] {dagbag.py:540} INFO - Filling up the DagBag from /home/airflow/.local/lib/python3.11/site-packages/airflow/example_dags/example_python_operator.py
[2024-03-04T17:38:07.966+0000] {processor.py:840} INFO - DAG(s) 'example_python_operator' retrieved from /home/airflow/.local/lib/python3.11/site-packages/airflow/example_dags/example_python_operator.py
[2024-03-04T17:38:07.988+0000] {logging_mixin.py:188} INFO - [2024-03-04T17:38:07.988+0000] {dag.py:3047} INFO - Sync 1 DAGs
[2024-03-04T17:38:08.003+0000] {logging_mixin.py:188} INFO - [2024-03-04T17:38:08.002+0000] {dag.py:3834} INFO - Setting next_dagrun for example_python_operator to None, run_after=None
[2024-03-04T17:38:08.027+0000] {processor.py:183} INFO - Processing /home/airflow/.local/lib/python3.11/site-packages/airflow/example_dags/example_python_operator.py took 0.084 seconds
[2024-03-04T17:38:38.092+0000] {processor.py:161} INFO - Started process (PID=1950) to work on /home/airflow/.local/lib/python3.11/site-packages/airflow/example_dags/example_python_operator.py
[2024-03-04T17:38:38.093+0000] {processor.py:830} INFO - Processing file /home/airflow/.local/lib/python3.11/site-packages/airflow/example_dags/example_python_operator.py for tasks to queue
[2024-03-04T17:38:38.094+0000] {logging_mixin.py:188} INFO - [2024-03-04T17:38:38.094+0000] {dagbag.py:540} INFO - Filling up the DagBag from /home/airflow/.local/lib/python3.11/site-packages/airflow/example_dags/example_python_operator.py
[2024-03-04T17:38:38.105+0000] {processor.py:840} INFO - DAG(s) 'example_python_operator' retrieved from /home/airflow/.local/lib/python3.11/site-packages/airflow/example_dags/example_python_operator.py
[2024-03-04T17:38:38.124+0000] {logging_mixin.py:188} INFO - [2024-03-04T17:38:38.124+0000] {dag.py:3047} INFO - Sync 1 DAGs
[2024-03-04T17:38:38.134+0000] {logging_mixin.py:188} INFO - [2024-03-04T17:38:38.134+0000] {dag.py:3834} INFO - Setting next_dagrun for example_python_operator to None, run_after=None
[2024-03-04T17:38:38.154+0000] {processor.py:183} INFO - Processing /home/airflow/.local/lib/python3.11/site-packages/airflow/example_dags/example_python_operator.py took 0.068 seconds
[2024-03-04T17:39:08.234+0000] {processor.py:161} INFO - Started process (PID=2197) to work on /home/airflow/.local/lib/python3.11/site-packages/airflow/example_dags/example_python_operator.py
[2024-03-04T17:39:08.235+0000] {processor.py:830} INFO - Processing file /home/airflow/.local/lib/python3.11/site-packages/airflow/example_dags/example_python_operator.py for tasks to queue
[2024-03-04T17:39:08.236+0000] {logging_mixin.py:188} INFO - [2024-03-04T17:39:08.236+0000] {dagbag.py:540} INFO - Filling up the DagBag from /home/airflow/.local/lib/python3.11/site-packages/airflow/example_dags/example_python_operator.py
[2024-03-04T17:39:08.246+0000] {processor.py:840} INFO - DAG(s) 'example_python_operator' retrieved from /home/airflow/.local/lib/python3.11/site-packages/airflow/example_dags/example_python_operator.py
[2024-03-04T17:39:08.265+0000] {logging_mixin.py:188} INFO - [2024-03-04T17:39:08.265+0000] {dag.py:3047} INFO - Sync 1 DAGs
[2024-03-04T17:39:08.275+0000] {logging_mixin.py:188} INFO - [2024-03-04T17:39:08.275+0000] {dag.py:3834} INFO - Setting next_dagrun for example_python_operator to None, run_after=None
[2024-03-04T17:39:08.295+0000] {processor.py:183} INFO - Processing /home/airflow/.local/lib/python3.11/site-packages/airflow/example_dags/example_python_operator.py took 0.065 seconds
[2024-03-04T17:39:39.212+0000] {processor.py:161} INFO - Started process (PID=2447) to work on /home/airflow/.local/lib/python3.11/site-packages/airflow/example_dags/example_python_operator.py
[2024-03-04T17:39:39.214+0000] {processor.py:830} INFO - Processing file /home/airflow/.local/lib/python3.11/site-packages/airflow/example_dags/example_python_operator.py for tasks to queue
[2024-03-04T17:39:39.215+0000] {logging_mixin.py:188} INFO - [2024-03-04T17:39:39.215+0000] {dagbag.py:540} INFO - Filling up the DagBag from /home/airflow/.local/lib/python3.11/site-packages/airflow/example_dags/example_python_operator.py
[2024-03-04T17:39:39.227+0000] {processor.py:840} INFO - DAG(s) 'example_python_operator' retrieved from /home/airflow/.local/lib/python3.11/site-packages/airflow/example_dags/example_python_operator.py
[2024-03-04T17:39:39.250+0000] {logging_mixin.py:188} INFO - [2024-03-04T17:39:39.250+0000] {dag.py:3047} INFO - Sync 1 DAGs
[2024-03-04T17:39:39.263+0000] {logging_mixin.py:188} INFO - [2024-03-04T17:39:39.262+0000] {dag.py:3834} INFO - Setting next_dagrun for example_python_operator to None, run_after=None
[2024-03-04T17:39:39.290+0000] {processor.py:183} INFO - Processing /home/airflow/.local/lib/python3.11/site-packages/airflow/example_dags/example_python_operator.py took 0.082 seconds
[2024-03-04T17:40:49.191+0000] {processor.py:161} INFO - Started process (PID=2700) to work on /home/airflow/.local/lib/python3.11/site-packages/airflow/example_dags/example_python_operator.py
[2024-03-04T17:40:49.195+0000] {processor.py:830} INFO - Processing file /home/airflow/.local/lib/python3.11/site-packages/airflow/example_dags/example_python_operator.py for tasks to queue
[2024-03-04T17:40:49.197+0000] {logging_mixin.py:188} INFO - [2024-03-04T17:40:49.196+0000] {dagbag.py:540} INFO - Filling up the DagBag from /home/airflow/.local/lib/python3.11/site-packages/airflow/example_dags/example_python_operator.py
[2024-03-04T17:40:49.231+0000] {processor.py:840} INFO - DAG(s) 'example_python_operator' retrieved from /home/airflow/.local/lib/python3.11/site-packages/airflow/example_dags/example_python_operator.py
[2024-03-04T17:40:49.268+0000] {logging_mixin.py:188} INFO - [2024-03-04T17:40:49.267+0000] {dag.py:3047} INFO - Sync 1 DAGs
[2024-03-04T17:40:49.291+0000] {logging_mixin.py:188} INFO - [2024-03-04T17:40:49.291+0000] {dag.py:3834} INFO - Setting next_dagrun for example_python_operator to None, run_after=None
[2024-03-04T17:40:49.318+0000] {processor.py:183} INFO - Processing /home/airflow/.local/lib/python3.11/site-packages/airflow/example_dags/example_python_operator.py took 0.132 seconds
[2024-03-04T17:41:20.267+0000] {processor.py:161} INFO - Started process (PID=2947) to work on /home/airflow/.local/lib/python3.11/site-packages/airflow/example_dags/example_python_operator.py
[2024-03-04T17:41:20.274+0000] {processor.py:830} INFO - Processing file /home/airflow/.local/lib/python3.11/site-packages/airflow/example_dags/example_python_operator.py for tasks to queue
[2024-03-04T17:41:20.278+0000] {logging_mixin.py:188} INFO - [2024-03-04T17:41:20.275+0000] {dagbag.py:540} INFO - Filling up the DagBag from /home/airflow/.local/lib/python3.11/site-packages/airflow/example_dags/example_python_operator.py
[2024-03-04T17:41:20.307+0000] {processor.py:840} INFO - DAG(s) 'example_python_operator' retrieved from /home/airflow/.local/lib/python3.11/site-packages/airflow/example_dags/example_python_operator.py
[2024-03-04T17:41:20.372+0000] {logging_mixin.py:188} INFO - [2024-03-04T17:41:20.370+0000] {dag.py:3047} INFO - Sync 1 DAGs
[2024-03-04T17:41:20.390+0000] {logging_mixin.py:188} INFO - [2024-03-04T17:41:20.389+0000] {dag.py:3834} INFO - Setting next_dagrun for example_python_operator to None, run_after=None
[2024-03-04T17:41:20.418+0000] {processor.py:183} INFO - Processing /home/airflow/.local/lib/python3.11/site-packages/airflow/example_dags/example_python_operator.py took 0.201 seconds
[2024-03-04T17:43:22.687+0000] {processor.py:161} INFO - Started process (PID=219) to work on /home/airflow/.local/lib/python3.11/site-packages/airflow/example_dags/example_python_operator.py
[2024-03-04T17:43:22.689+0000] {processor.py:830} INFO - Processing file /home/airflow/.local/lib/python3.11/site-packages/airflow/example_dags/example_python_operator.py for tasks to queue
[2024-03-04T17:43:22.691+0000] {logging_mixin.py:188} INFO - [2024-03-04T17:43:22.691+0000] {dagbag.py:540} INFO - Filling up the DagBag from /home/airflow/.local/lib/python3.11/site-packages/airflow/example_dags/example_python_operator.py
[2024-03-04T17:43:22.708+0000] {processor.py:840} INFO - DAG(s) 'example_python_operator' retrieved from /home/airflow/.local/lib/python3.11/site-packages/airflow/example_dags/example_python_operator.py
[2024-03-04T17:43:22.724+0000] {logging_mixin.py:188} INFO - [2024-03-04T17:43:22.723+0000] {dag.py:3047} INFO - Sync 1 DAGs
[2024-03-04T17:43:22.741+0000] {logging_mixin.py:188} INFO - [2024-03-04T17:43:22.740+0000] {dag.py:3834} INFO - Setting next_dagrun for example_python_operator to None, run_after=None
[2024-03-04T17:43:22.770+0000] {processor.py:183} INFO - Processing /home/airflow/.local/lib/python3.11/site-packages/airflow/example_dags/example_python_operator.py took 0.089 seconds
[2024-03-04T17:43:54.845+0000] {processor.py:161} INFO - Started process (PID=466) to work on /home/airflow/.local/lib/python3.11/site-packages/airflow/example_dags/example_python_operator.py
[2024-03-04T17:43:54.846+0000] {processor.py:830} INFO - Processing file /home/airflow/.local/lib/python3.11/site-packages/airflow/example_dags/example_python_operator.py for tasks to queue
[2024-03-04T17:43:54.848+0000] {logging_mixin.py:188} INFO - [2024-03-04T17:43:54.848+0000] {dagbag.py:540} INFO - Filling up the DagBag from /home/airflow/.local/lib/python3.11/site-packages/airflow/example_dags/example_python_operator.py
[2024-03-04T17:43:54.861+0000] {processor.py:840} INFO - DAG(s) 'example_python_operator' retrieved from /home/airflow/.local/lib/python3.11/site-packages/airflow/example_dags/example_python_operator.py
[2024-03-04T17:43:54.954+0000] {logging_mixin.py:188} INFO - [2024-03-04T17:43:54.953+0000] {dag.py:3047} INFO - Sync 1 DAGs
[2024-03-04T17:43:54.963+0000] {logging_mixin.py:188} INFO - [2024-03-04T17:43:54.963+0000] {dag.py:3834} INFO - Setting next_dagrun for example_python_operator to None, run_after=None
[2024-03-04T17:43:54.993+0000] {processor.py:183} INFO - Processing /home/airflow/.local/lib/python3.11/site-packages/airflow/example_dags/example_python_operator.py took 0.152 seconds
[2024-03-04T17:44:25.185+0000] {processor.py:161} INFO - Started process (PID=713) to work on /home/airflow/.local/lib/python3.11/site-packages/airflow/example_dags/example_python_operator.py
[2024-03-04T17:44:25.186+0000] {processor.py:830} INFO - Processing file /home/airflow/.local/lib/python3.11/site-packages/airflow/example_dags/example_python_operator.py for tasks to queue
[2024-03-04T17:44:25.188+0000] {logging_mixin.py:188} INFO - [2024-03-04T17:44:25.187+0000] {dagbag.py:540} INFO - Filling up the DagBag from /home/airflow/.local/lib/python3.11/site-packages/airflow/example_dags/example_python_operator.py
[2024-03-04T17:44:25.198+0000] {processor.py:840} INFO - DAG(s) 'example_python_operator' retrieved from /home/airflow/.local/lib/python3.11/site-packages/airflow/example_dags/example_python_operator.py
[2024-03-04T17:44:25.222+0000] {logging_mixin.py:188} INFO - [2024-03-04T17:44:25.222+0000] {dag.py:3047} INFO - Sync 1 DAGs
[2024-03-04T17:44:25.236+0000] {logging_mixin.py:188} INFO - [2024-03-04T17:44:25.236+0000] {dag.py:3834} INFO - Setting next_dagrun for example_python_operator to None, run_after=None
[2024-03-04T17:44:25.267+0000] {processor.py:183} INFO - Processing /home/airflow/.local/lib/python3.11/site-packages/airflow/example_dags/example_python_operator.py took 0.086 seconds
