[2024-03-04T17:34:36.185+0000] {processor.py:161} INFO - Started process (PID=270) to work on /home/airflow/.local/lib/python3.11/site-packages/airflow/example_dags/example_task_group.py
[2024-03-04T17:34:36.188+0000] {processor.py:830} INFO - Processing file /home/airflow/.local/lib/python3.11/site-packages/airflow/example_dags/example_task_group.py for tasks to queue
[2024-03-04T17:34:36.190+0000] {logging_mixin.py:188} INFO - [2024-03-04T17:34:36.189+0000] {dagbag.py:540} INFO - Filling up the DagBag from /home/airflow/.local/lib/python3.11/site-packages/airflow/example_dags/example_task_group.py
[2024-03-04T17:34:36.237+0000] {processor.py:840} INFO - DAG(s) 'example_task_group' retrieved from /home/airflow/.local/lib/python3.11/site-packages/airflow/example_dags/example_task_group.py
[2024-03-04T17:34:36.326+0000] {logging_mixin.py:188} INFO - [2024-03-04T17:34:36.326+0000] {dag.py:3047} INFO - Sync 1 DAGs
[2024-03-04T17:34:36.630+0000] {logging_mixin.py:188} INFO - [2024-03-04T17:34:36.630+0000] {dag.py:3834} INFO - Setting next_dagrun for example_task_group to 2024-03-03 00:00:00+00:00, run_after=2024-03-04 00:00:00+00:00
[2024-03-04T17:34:36.661+0000] {processor.py:183} INFO - Processing /home/airflow/.local/lib/python3.11/site-packages/airflow/example_dags/example_task_group.py took 0.487 seconds
[2024-03-04T17:35:07.242+0000] {processor.py:161} INFO - Started process (PID=516) to work on /home/airflow/.local/lib/python3.11/site-packages/airflow/example_dags/example_task_group.py
[2024-03-04T17:35:07.248+0000] {processor.py:830} INFO - Processing file /home/airflow/.local/lib/python3.11/site-packages/airflow/example_dags/example_task_group.py for tasks to queue
[2024-03-04T17:35:07.258+0000] {logging_mixin.py:188} INFO - [2024-03-04T17:35:07.258+0000] {dagbag.py:540} INFO - Filling up the DagBag from /home/airflow/.local/lib/python3.11/site-packages/airflow/example_dags/example_task_group.py
[2024-03-04T17:35:07.272+0000] {processor.py:840} INFO - DAG(s) 'example_task_group' retrieved from /home/airflow/.local/lib/python3.11/site-packages/airflow/example_dags/example_task_group.py
[2024-03-04T17:35:07.393+0000] {logging_mixin.py:188} INFO - [2024-03-04T17:35:07.392+0000] {dag.py:3047} INFO - Sync 1 DAGs
[2024-03-04T17:35:07.411+0000] {logging_mixin.py:188} INFO - [2024-03-04T17:35:07.411+0000] {dag.py:3834} INFO - Setting next_dagrun for example_task_group to 2024-03-03 00:00:00+00:00, run_after=2024-03-04 00:00:00+00:00
[2024-03-04T17:35:07.435+0000] {processor.py:183} INFO - Processing /home/airflow/.local/lib/python3.11/site-packages/airflow/example_dags/example_task_group.py took 0.196 seconds
[2024-03-04T17:35:37.669+0000] {processor.py:161} INFO - Started process (PID=762) to work on /home/airflow/.local/lib/python3.11/site-packages/airflow/example_dags/example_task_group.py
[2024-03-04T17:35:37.672+0000] {processor.py:830} INFO - Processing file /home/airflow/.local/lib/python3.11/site-packages/airflow/example_dags/example_task_group.py for tasks to queue
[2024-03-04T17:35:37.673+0000] {logging_mixin.py:188} INFO - [2024-03-04T17:35:37.673+0000] {dagbag.py:540} INFO - Filling up the DagBag from /home/airflow/.local/lib/python3.11/site-packages/airflow/example_dags/example_task_group.py
[2024-03-04T17:35:37.682+0000] {processor.py:840} INFO - DAG(s) 'example_task_group' retrieved from /home/airflow/.local/lib/python3.11/site-packages/airflow/example_dags/example_task_group.py
[2024-03-04T17:35:37.703+0000] {logging_mixin.py:188} INFO - [2024-03-04T17:35:37.702+0000] {dag.py:3047} INFO - Sync 1 DAGs
[2024-03-04T17:35:37.727+0000] {logging_mixin.py:188} INFO - [2024-03-04T17:35:37.727+0000] {dag.py:3834} INFO - Setting next_dagrun for example_task_group to 2024-03-03 00:00:00+00:00, run_after=2024-03-04 00:00:00+00:00
[2024-03-04T17:35:37.750+0000] {processor.py:183} INFO - Processing /home/airflow/.local/lib/python3.11/site-packages/airflow/example_dags/example_task_group.py took 0.084 seconds
[2024-03-04T17:36:07.807+0000] {processor.py:161} INFO - Started process (PID=1006) to work on /home/airflow/.local/lib/python3.11/site-packages/airflow/example_dags/example_task_group.py
[2024-03-04T17:36:07.809+0000] {processor.py:830} INFO - Processing file /home/airflow/.local/lib/python3.11/site-packages/airflow/example_dags/example_task_group.py for tasks to queue
[2024-03-04T17:36:07.810+0000] {logging_mixin.py:188} INFO - [2024-03-04T17:36:07.809+0000] {dagbag.py:540} INFO - Filling up the DagBag from /home/airflow/.local/lib/python3.11/site-packages/airflow/example_dags/example_task_group.py
[2024-03-04T17:36:07.817+0000] {processor.py:840} INFO - DAG(s) 'example_task_group' retrieved from /home/airflow/.local/lib/python3.11/site-packages/airflow/example_dags/example_task_group.py
[2024-03-04T17:36:07.835+0000] {logging_mixin.py:188} INFO - [2024-03-04T17:36:07.835+0000] {dag.py:3047} INFO - Sync 1 DAGs
[2024-03-04T17:36:07.852+0000] {logging_mixin.py:188} INFO - [2024-03-04T17:36:07.852+0000] {dag.py:3834} INFO - Setting next_dagrun for example_task_group to 2024-03-03 00:00:00+00:00, run_after=2024-03-04 00:00:00+00:00
[2024-03-04T17:36:07.871+0000] {processor.py:183} INFO - Processing /home/airflow/.local/lib/python3.11/site-packages/airflow/example_dags/example_task_group.py took 0.069 seconds
[2024-03-04T17:36:38.462+0000] {processor.py:161} INFO - Started process (PID=1256) to work on /home/airflow/.local/lib/python3.11/site-packages/airflow/example_dags/example_task_group.py
[2024-03-04T17:36:38.463+0000] {processor.py:830} INFO - Processing file /home/airflow/.local/lib/python3.11/site-packages/airflow/example_dags/example_task_group.py for tasks to queue
[2024-03-04T17:36:38.464+0000] {logging_mixin.py:188} INFO - [2024-03-04T17:36:38.464+0000] {dagbag.py:540} INFO - Filling up the DagBag from /home/airflow/.local/lib/python3.11/site-packages/airflow/example_dags/example_task_group.py
[2024-03-04T17:36:38.474+0000] {processor.py:840} INFO - DAG(s) 'example_task_group' retrieved from /home/airflow/.local/lib/python3.11/site-packages/airflow/example_dags/example_task_group.py
[2024-03-04T17:36:38.496+0000] {logging_mixin.py:188} INFO - [2024-03-04T17:36:38.496+0000] {dag.py:3047} INFO - Sync 1 DAGs
[2024-03-04T17:36:38.518+0000] {logging_mixin.py:188} INFO - [2024-03-04T17:36:38.518+0000] {dag.py:3834} INFO - Setting next_dagrun for example_task_group to 2024-03-03 00:00:00+00:00, run_after=2024-03-04 00:00:00+00:00
[2024-03-04T17:36:38.538+0000] {processor.py:183} INFO - Processing /home/airflow/.local/lib/python3.11/site-packages/airflow/example_dags/example_task_group.py took 0.079 seconds
[2024-03-04T17:37:37.983+0000] {processor.py:161} INFO - Started process (PID=1511) to work on /home/airflow/.local/lib/python3.11/site-packages/airflow/example_dags/example_task_group.py
[2024-03-04T17:37:37.985+0000] {processor.py:830} INFO - Processing file /home/airflow/.local/lib/python3.11/site-packages/airflow/example_dags/example_task_group.py for tasks to queue
[2024-03-04T17:37:37.986+0000] {logging_mixin.py:188} INFO - [2024-03-04T17:37:37.986+0000] {dagbag.py:540} INFO - Filling up the DagBag from /home/airflow/.local/lib/python3.11/site-packages/airflow/example_dags/example_task_group.py
[2024-03-04T17:37:38.003+0000] {processor.py:840} INFO - DAG(s) 'example_task_group' retrieved from /home/airflow/.local/lib/python3.11/site-packages/airflow/example_dags/example_task_group.py
[2024-03-04T17:37:38.034+0000] {logging_mixin.py:188} INFO - [2024-03-04T17:37:38.034+0000] {dag.py:3047} INFO - Sync 1 DAGs
[2024-03-04T17:37:38.069+0000] {logging_mixin.py:188} INFO - [2024-03-04T17:37:38.069+0000] {dag.py:3834} INFO - Setting next_dagrun for example_task_group to 2024-03-03 00:00:00+00:00, run_after=2024-03-04 00:00:00+00:00
[2024-03-04T17:37:38.102+0000] {processor.py:183} INFO - Processing /home/airflow/.local/lib/python3.11/site-packages/airflow/example_dags/example_task_group.py took 0.123 seconds
[2024-03-04T17:38:08.906+0000] {processor.py:161} INFO - Started process (PID=1756) to work on /home/airflow/.local/lib/python3.11/site-packages/airflow/example_dags/example_task_group.py
[2024-03-04T17:38:08.907+0000] {processor.py:830} INFO - Processing file /home/airflow/.local/lib/python3.11/site-packages/airflow/example_dags/example_task_group.py for tasks to queue
[2024-03-04T17:38:08.909+0000] {logging_mixin.py:188} INFO - [2024-03-04T17:38:08.908+0000] {dagbag.py:540} INFO - Filling up the DagBag from /home/airflow/.local/lib/python3.11/site-packages/airflow/example_dags/example_task_group.py
[2024-03-04T17:38:08.931+0000] {processor.py:840} INFO - DAG(s) 'example_task_group' retrieved from /home/airflow/.local/lib/python3.11/site-packages/airflow/example_dags/example_task_group.py
[2024-03-04T17:38:08.976+0000] {logging_mixin.py:188} INFO - [2024-03-04T17:38:08.975+0000] {dag.py:3047} INFO - Sync 1 DAGs
[2024-03-04T17:38:09.025+0000] {logging_mixin.py:188} INFO - [2024-03-04T17:38:09.024+0000] {dag.py:3834} INFO - Setting next_dagrun for example_task_group to 2024-03-03 00:00:00+00:00, run_after=2024-03-04 00:00:00+00:00
[2024-03-04T17:38:09.058+0000] {processor.py:183} INFO - Processing /home/airflow/.local/lib/python3.11/site-packages/airflow/example_dags/example_task_group.py took 0.157 seconds
[2024-03-04T17:38:39.728+0000] {processor.py:161} INFO - Started process (PID=2003) to work on /home/airflow/.local/lib/python3.11/site-packages/airflow/example_dags/example_task_group.py
[2024-03-04T17:38:39.729+0000] {processor.py:830} INFO - Processing file /home/airflow/.local/lib/python3.11/site-packages/airflow/example_dags/example_task_group.py for tasks to queue
[2024-03-04T17:38:39.730+0000] {logging_mixin.py:188} INFO - [2024-03-04T17:38:39.730+0000] {dagbag.py:540} INFO - Filling up the DagBag from /home/airflow/.local/lib/python3.11/site-packages/airflow/example_dags/example_task_group.py
[2024-03-04T17:38:39.740+0000] {processor.py:840} INFO - DAG(s) 'example_task_group' retrieved from /home/airflow/.local/lib/python3.11/site-packages/airflow/example_dags/example_task_group.py
[2024-03-04T17:38:39.760+0000] {logging_mixin.py:188} INFO - [2024-03-04T17:38:39.760+0000] {dag.py:3047} INFO - Sync 1 DAGs
[2024-03-04T17:38:39.781+0000] {logging_mixin.py:188} INFO - [2024-03-04T17:38:39.781+0000] {dag.py:3834} INFO - Setting next_dagrun for example_task_group to 2024-03-03 00:00:00+00:00, run_after=2024-03-04 00:00:00+00:00
[2024-03-04T17:38:39.800+0000] {processor.py:183} INFO - Processing /home/airflow/.local/lib/python3.11/site-packages/airflow/example_dags/example_task_group.py took 0.076 seconds
[2024-03-04T17:39:09.970+0000] {processor.py:161} INFO - Started process (PID=2252) to work on /home/airflow/.local/lib/python3.11/site-packages/airflow/example_dags/example_task_group.py
[2024-03-04T17:39:09.971+0000] {processor.py:830} INFO - Processing file /home/airflow/.local/lib/python3.11/site-packages/airflow/example_dags/example_task_group.py for tasks to queue
[2024-03-04T17:39:09.973+0000] {logging_mixin.py:188} INFO - [2024-03-04T17:39:09.972+0000] {dagbag.py:540} INFO - Filling up the DagBag from /home/airflow/.local/lib/python3.11/site-packages/airflow/example_dags/example_task_group.py
[2024-03-04T17:39:09.981+0000] {processor.py:840} INFO - DAG(s) 'example_task_group' retrieved from /home/airflow/.local/lib/python3.11/site-packages/airflow/example_dags/example_task_group.py
[2024-03-04T17:39:10.000+0000] {logging_mixin.py:188} INFO - [2024-03-04T17:39:10.000+0000] {dag.py:3047} INFO - Sync 1 DAGs
[2024-03-04T17:39:10.018+0000] {logging_mixin.py:188} INFO - [2024-03-04T17:39:10.018+0000] {dag.py:3834} INFO - Setting next_dagrun for example_task_group to 2024-03-03 00:00:00+00:00, run_after=2024-03-04 00:00:00+00:00
[2024-03-04T17:39:10.033+0000] {processor.py:183} INFO - Processing /home/airflow/.local/lib/python3.11/site-packages/airflow/example_dags/example_task_group.py took 0.066 seconds
[2024-03-04T17:39:41.065+0000] {processor.py:161} INFO - Started process (PID=2497) to work on /home/airflow/.local/lib/python3.11/site-packages/airflow/example_dags/example_task_group.py
[2024-03-04T17:39:41.066+0000] {processor.py:830} INFO - Processing file /home/airflow/.local/lib/python3.11/site-packages/airflow/example_dags/example_task_group.py for tasks to queue
[2024-03-04T17:39:41.068+0000] {logging_mixin.py:188} INFO - [2024-03-04T17:39:41.067+0000] {dagbag.py:540} INFO - Filling up the DagBag from /home/airflow/.local/lib/python3.11/site-packages/airflow/example_dags/example_task_group.py
[2024-03-04T17:39:41.077+0000] {processor.py:840} INFO - DAG(s) 'example_task_group' retrieved from /home/airflow/.local/lib/python3.11/site-packages/airflow/example_dags/example_task_group.py
[2024-03-04T17:39:41.098+0000] {logging_mixin.py:188} INFO - [2024-03-04T17:39:41.098+0000] {dag.py:3047} INFO - Sync 1 DAGs
[2024-03-04T17:39:41.117+0000] {logging_mixin.py:188} INFO - [2024-03-04T17:39:41.116+0000] {dag.py:3834} INFO - Setting next_dagrun for example_task_group to 2024-03-03 00:00:00+00:00, run_after=2024-03-04 00:00:00+00:00
[2024-03-04T17:39:41.136+0000] {processor.py:183} INFO - Processing /home/airflow/.local/lib/python3.11/site-packages/airflow/example_dags/example_task_group.py took 0.074 seconds
[2024-03-04T17:40:50.365+0000] {processor.py:161} INFO - Started process (PID=2750) to work on /home/airflow/.local/lib/python3.11/site-packages/airflow/example_dags/example_task_group.py
[2024-03-04T17:40:50.369+0000] {processor.py:830} INFO - Processing file /home/airflow/.local/lib/python3.11/site-packages/airflow/example_dags/example_task_group.py for tasks to queue
[2024-03-04T17:40:50.371+0000] {logging_mixin.py:188} INFO - [2024-03-04T17:40:50.370+0000] {dagbag.py:540} INFO - Filling up the DagBag from /home/airflow/.local/lib/python3.11/site-packages/airflow/example_dags/example_task_group.py
[2024-03-04T17:40:50.385+0000] {processor.py:840} INFO - DAG(s) 'example_task_group' retrieved from /home/airflow/.local/lib/python3.11/site-packages/airflow/example_dags/example_task_group.py
[2024-03-04T17:40:50.421+0000] {logging_mixin.py:188} INFO - [2024-03-04T17:40:50.421+0000] {dag.py:3047} INFO - Sync 1 DAGs
[2024-03-04T17:40:50.464+0000] {logging_mixin.py:188} INFO - [2024-03-04T17:40:50.464+0000] {dag.py:3834} INFO - Setting next_dagrun for example_task_group to 2024-03-03 00:00:00+00:00, run_after=2024-03-04 00:00:00+00:00
[2024-03-04T17:40:50.495+0000] {processor.py:183} INFO - Processing /home/airflow/.local/lib/python3.11/site-packages/airflow/example_dags/example_task_group.py took 0.134 seconds
[2024-03-04T17:41:21.743+0000] {processor.py:161} INFO - Started process (PID=2997) to work on /home/airflow/.local/lib/python3.11/site-packages/airflow/example_dags/example_task_group.py
[2024-03-04T17:41:21.745+0000] {processor.py:830} INFO - Processing file /home/airflow/.local/lib/python3.11/site-packages/airflow/example_dags/example_task_group.py for tasks to queue
[2024-03-04T17:41:21.748+0000] {logging_mixin.py:188} INFO - [2024-03-04T17:41:21.746+0000] {dagbag.py:540} INFO - Filling up the DagBag from /home/airflow/.local/lib/python3.11/site-packages/airflow/example_dags/example_task_group.py
[2024-03-04T17:41:21.782+0000] {processor.py:840} INFO - DAG(s) 'example_task_group' retrieved from /home/airflow/.local/lib/python3.11/site-packages/airflow/example_dags/example_task_group.py
[2024-03-04T17:41:21.891+0000] {logging_mixin.py:188} INFO - [2024-03-04T17:41:21.878+0000] {dag.py:3047} INFO - Sync 1 DAGs
[2024-03-04T17:41:22.004+0000] {logging_mixin.py:188} INFO - [2024-03-04T17:41:22.002+0000] {dag.py:3834} INFO - Setting next_dagrun for example_task_group to 2024-03-03 00:00:00+00:00, run_after=2024-03-04 00:00:00+00:00
[2024-03-04T17:41:22.048+0000] {processor.py:183} INFO - Processing /home/airflow/.local/lib/python3.11/site-packages/airflow/example_dags/example_task_group.py took 0.312 seconds
[2024-03-04T17:43:23.410+0000] {processor.py:161} INFO - Started process (PID=269) to work on /home/airflow/.local/lib/python3.11/site-packages/airflow/example_dags/example_task_group.py
[2024-03-04T17:43:23.412+0000] {processor.py:830} INFO - Processing file /home/airflow/.local/lib/python3.11/site-packages/airflow/example_dags/example_task_group.py for tasks to queue
[2024-03-04T17:43:23.418+0000] {logging_mixin.py:188} INFO - [2024-03-04T17:43:23.414+0000] {dagbag.py:540} INFO - Filling up the DagBag from /home/airflow/.local/lib/python3.11/site-packages/airflow/example_dags/example_task_group.py
[2024-03-04T17:43:23.436+0000] {processor.py:840} INFO - DAG(s) 'example_task_group' retrieved from /home/airflow/.local/lib/python3.11/site-packages/airflow/example_dags/example_task_group.py
[2024-03-04T17:43:23.455+0000] {logging_mixin.py:188} INFO - [2024-03-04T17:43:23.455+0000] {dag.py:3047} INFO - Sync 1 DAGs
[2024-03-04T17:43:23.498+0000] {logging_mixin.py:188} INFO - [2024-03-04T17:43:23.497+0000] {dag.py:3834} INFO - Setting next_dagrun for example_task_group to 2024-03-03 00:00:00+00:00, run_after=2024-03-04 00:00:00+00:00
[2024-03-04T17:43:23.536+0000] {processor.py:183} INFO - Processing /home/airflow/.local/lib/python3.11/site-packages/airflow/example_dags/example_task_group.py took 0.130 seconds
[2024-03-04T17:43:55.935+0000] {processor.py:161} INFO - Started process (PID=516) to work on /home/airflow/.local/lib/python3.11/site-packages/airflow/example_dags/example_task_group.py
[2024-03-04T17:43:55.951+0000] {processor.py:830} INFO - Processing file /home/airflow/.local/lib/python3.11/site-packages/airflow/example_dags/example_task_group.py for tasks to queue
[2024-03-04T17:43:55.953+0000] {logging_mixin.py:188} INFO - [2024-03-04T17:43:55.953+0000] {dagbag.py:540} INFO - Filling up the DagBag from /home/airflow/.local/lib/python3.11/site-packages/airflow/example_dags/example_task_group.py
[2024-03-04T17:43:55.963+0000] {processor.py:840} INFO - DAG(s) 'example_task_group' retrieved from /home/airflow/.local/lib/python3.11/site-packages/airflow/example_dags/example_task_group.py
[2024-03-04T17:43:56.063+0000] {logging_mixin.py:188} INFO - [2024-03-04T17:43:56.062+0000] {dag.py:3047} INFO - Sync 1 DAGs
[2024-03-04T17:43:56.085+0000] {logging_mixin.py:188} INFO - [2024-03-04T17:43:56.085+0000] {dag.py:3834} INFO - Setting next_dagrun for example_task_group to 2024-03-03 00:00:00+00:00, run_after=2024-03-04 00:00:00+00:00
[2024-03-04T17:43:56.105+0000] {processor.py:183} INFO - Processing /home/airflow/.local/lib/python3.11/site-packages/airflow/example_dags/example_task_group.py took 0.175 seconds
[2024-03-04T17:44:26.871+0000] {processor.py:161} INFO - Started process (PID=763) to work on /home/airflow/.local/lib/python3.11/site-packages/airflow/example_dags/example_task_group.py
[2024-03-04T17:44:26.872+0000] {processor.py:830} INFO - Processing file /home/airflow/.local/lib/python3.11/site-packages/airflow/example_dags/example_task_group.py for tasks to queue
[2024-03-04T17:44:26.874+0000] {logging_mixin.py:188} INFO - [2024-03-04T17:44:26.873+0000] {dagbag.py:540} INFO - Filling up the DagBag from /home/airflow/.local/lib/python3.11/site-packages/airflow/example_dags/example_task_group.py
[2024-03-04T17:44:26.885+0000] {processor.py:840} INFO - DAG(s) 'example_task_group' retrieved from /home/airflow/.local/lib/python3.11/site-packages/airflow/example_dags/example_task_group.py
[2024-03-04T17:44:26.912+0000] {logging_mixin.py:188} INFO - [2024-03-04T17:44:26.912+0000] {dag.py:3047} INFO - Sync 1 DAGs
[2024-03-04T17:44:26.941+0000] {logging_mixin.py:188} INFO - [2024-03-04T17:44:26.940+0000] {dag.py:3834} INFO - Setting next_dagrun for example_task_group to 2024-03-03 00:00:00+00:00, run_after=2024-03-04 00:00:00+00:00
[2024-03-04T17:44:26.965+0000] {processor.py:183} INFO - Processing /home/airflow/.local/lib/python3.11/site-packages/airflow/example_dags/example_task_group.py took 0.097 seconds
