[2024-03-04T17:34:35.770+0000] {processor.py:161} INFO - Started process (PID=257) to work on /home/airflow/.local/lib/python3.11/site-packages/airflow/example_dags/example_kubernetes_executor.py
[2024-03-04T17:34:35.771+0000] {processor.py:830} INFO - Processing file /home/airflow/.local/lib/python3.11/site-packages/airflow/example_dags/example_kubernetes_executor.py for tasks to queue
[2024-03-04T17:34:35.772+0000] {logging_mixin.py:188} INFO - [2024-03-04T17:34:35.772+0000] {dagbag.py:540} INFO - Filling up the DagBag from /home/airflow/.local/lib/python3.11/site-packages/airflow/example_dags/example_kubernetes_executor.py
[2024-03-04T17:34:35.786+0000] {processor.py:840} INFO - DAG(s) 'example_kubernetes_executor' retrieved from /home/airflow/.local/lib/python3.11/site-packages/airflow/example_dags/example_kubernetes_executor.py
[2024-03-04T17:34:35.799+0000] {logging_mixin.py:188} INFO - [2024-03-04T17:34:35.799+0000] {dag.py:3047} INFO - Sync 1 DAGs
[2024-03-04T17:34:35.812+0000] {logging_mixin.py:188} INFO - [2024-03-04T17:34:35.812+0000] {dag.py:3834} INFO - Setting next_dagrun for example_kubernetes_executor to None, run_after=None
[2024-03-04T17:34:35.954+0000] {processor.py:183} INFO - Processing /home/airflow/.local/lib/python3.11/site-packages/airflow/example_dags/example_kubernetes_executor.py took 0.187 seconds
[2024-03-04T17:35:06.021+0000] {processor.py:161} INFO - Started process (PID=503) to work on /home/airflow/.local/lib/python3.11/site-packages/airflow/example_dags/example_kubernetes_executor.py
[2024-03-04T17:35:06.024+0000] {processor.py:830} INFO - Processing file /home/airflow/.local/lib/python3.11/site-packages/airflow/example_dags/example_kubernetes_executor.py for tasks to queue
[2024-03-04T17:35:06.026+0000] {logging_mixin.py:188} INFO - [2024-03-04T17:35:06.025+0000] {dagbag.py:540} INFO - Filling up the DagBag from /home/airflow/.local/lib/python3.11/site-packages/airflow/example_dags/example_kubernetes_executor.py
[2024-03-04T17:35:06.038+0000] {processor.py:840} INFO - DAG(s) 'example_kubernetes_executor' retrieved from /home/airflow/.local/lib/python3.11/site-packages/airflow/example_dags/example_kubernetes_executor.py
[2024-03-04T17:35:06.162+0000] {logging_mixin.py:188} INFO - [2024-03-04T17:35:06.162+0000] {dag.py:3047} INFO - Sync 1 DAGs
[2024-03-04T17:35:06.171+0000] {logging_mixin.py:188} INFO - [2024-03-04T17:35:06.171+0000] {dag.py:3834} INFO - Setting next_dagrun for example_kubernetes_executor to None, run_after=None
[2024-03-04T17:35:06.190+0000] {processor.py:183} INFO - Processing /home/airflow/.local/lib/python3.11/site-packages/airflow/example_dags/example_kubernetes_executor.py took 0.173 seconds
[2024-03-04T17:35:36.367+0000] {processor.py:161} INFO - Started process (PID=747) to work on /home/airflow/.local/lib/python3.11/site-packages/airflow/example_dags/example_kubernetes_executor.py
[2024-03-04T17:35:36.369+0000] {processor.py:830} INFO - Processing file /home/airflow/.local/lib/python3.11/site-packages/airflow/example_dags/example_kubernetes_executor.py for tasks to queue
[2024-03-04T17:35:36.371+0000] {logging_mixin.py:188} INFO - [2024-03-04T17:35:36.371+0000] {dagbag.py:540} INFO - Filling up the DagBag from /home/airflow/.local/lib/python3.11/site-packages/airflow/example_dags/example_kubernetes_executor.py
[2024-03-04T17:35:36.410+0000] {processor.py:840} INFO - DAG(s) 'example_kubernetes_executor' retrieved from /home/airflow/.local/lib/python3.11/site-packages/airflow/example_dags/example_kubernetes_executor.py
[2024-03-04T17:35:36.546+0000] {logging_mixin.py:188} INFO - [2024-03-04T17:35:36.545+0000] {dag.py:3047} INFO - Sync 1 DAGs
[2024-03-04T17:35:36.569+0000] {logging_mixin.py:188} INFO - [2024-03-04T17:35:36.569+0000] {dag.py:3834} INFO - Setting next_dagrun for example_kubernetes_executor to None, run_after=None
[2024-03-04T17:35:36.614+0000] {processor.py:183} INFO - Processing /home/airflow/.local/lib/python3.11/site-packages/airflow/example_dags/example_kubernetes_executor.py took 0.250 seconds
[2024-03-04T17:36:06.667+0000] {processor.py:161} INFO - Started process (PID=996) to work on /home/airflow/.local/lib/python3.11/site-packages/airflow/example_dags/example_kubernetes_executor.py
[2024-03-04T17:36:06.669+0000] {processor.py:830} INFO - Processing file /home/airflow/.local/lib/python3.11/site-packages/airflow/example_dags/example_kubernetes_executor.py for tasks to queue
[2024-03-04T17:36:06.670+0000] {logging_mixin.py:188} INFO - [2024-03-04T17:36:06.670+0000] {dagbag.py:540} INFO - Filling up the DagBag from /home/airflow/.local/lib/python3.11/site-packages/airflow/example_dags/example_kubernetes_executor.py
[2024-03-04T17:36:06.695+0000] {processor.py:840} INFO - DAG(s) 'example_kubernetes_executor' retrieved from /home/airflow/.local/lib/python3.11/site-packages/airflow/example_dags/example_kubernetes_executor.py
[2024-03-04T17:36:06.741+0000] {logging_mixin.py:188} INFO - [2024-03-04T17:36:06.740+0000] {dag.py:3047} INFO - Sync 1 DAGs
[2024-03-04T17:36:06.752+0000] {logging_mixin.py:188} INFO - [2024-03-04T17:36:06.752+0000] {dag.py:3834} INFO - Setting next_dagrun for example_kubernetes_executor to None, run_after=None
[2024-03-04T17:36:06.769+0000] {processor.py:183} INFO - Processing /home/airflow/.local/lib/python3.11/site-packages/airflow/example_dags/example_kubernetes_executor.py took 0.104 seconds
[2024-03-04T17:36:37.167+0000] {processor.py:161} INFO - Started process (PID=1241) to work on /home/airflow/.local/lib/python3.11/site-packages/airflow/example_dags/example_kubernetes_executor.py
[2024-03-04T17:36:37.168+0000] {processor.py:830} INFO - Processing file /home/airflow/.local/lib/python3.11/site-packages/airflow/example_dags/example_kubernetes_executor.py for tasks to queue
[2024-03-04T17:36:37.170+0000] {logging_mixin.py:188} INFO - [2024-03-04T17:36:37.169+0000] {dagbag.py:540} INFO - Filling up the DagBag from /home/airflow/.local/lib/python3.11/site-packages/airflow/example_dags/example_kubernetes_executor.py
[2024-03-04T17:36:37.212+0000] {processor.py:840} INFO - DAG(s) 'example_kubernetes_executor' retrieved from /home/airflow/.local/lib/python3.11/site-packages/airflow/example_dags/example_kubernetes_executor.py
[2024-03-04T17:36:37.311+0000] {logging_mixin.py:188} INFO - [2024-03-04T17:36:37.311+0000] {dag.py:3047} INFO - Sync 1 DAGs
[2024-03-04T17:36:37.334+0000] {logging_mixin.py:188} INFO - [2024-03-04T17:36:37.334+0000] {dag.py:3834} INFO - Setting next_dagrun for example_kubernetes_executor to None, run_after=None
[2024-03-04T17:36:37.410+0000] {processor.py:183} INFO - Processing /home/airflow/.local/lib/python3.11/site-packages/airflow/example_dags/example_kubernetes_executor.py took 0.246 seconds
[2024-03-04T17:37:37.548+0000] {processor.py:161} INFO - Started process (PID=1494) to work on /home/airflow/.local/lib/python3.11/site-packages/airflow/example_dags/example_kubernetes_executor.py
[2024-03-04T17:37:37.550+0000] {processor.py:830} INFO - Processing file /home/airflow/.local/lib/python3.11/site-packages/airflow/example_dags/example_kubernetes_executor.py for tasks to queue
[2024-03-04T17:37:37.552+0000] {logging_mixin.py:188} INFO - [2024-03-04T17:37:37.552+0000] {dagbag.py:540} INFO - Filling up the DagBag from /home/airflow/.local/lib/python3.11/site-packages/airflow/example_dags/example_kubernetes_executor.py
[2024-03-04T17:37:37.673+0000] {processor.py:840} INFO - DAG(s) 'example_kubernetes_executor' retrieved from /home/airflow/.local/lib/python3.11/site-packages/airflow/example_dags/example_kubernetes_executor.py
[2024-03-04T17:37:37.876+0000] {logging_mixin.py:188} INFO - [2024-03-04T17:37:37.875+0000] {dag.py:3047} INFO - Sync 1 DAGs
[2024-03-04T17:37:37.901+0000] {logging_mixin.py:188} INFO - [2024-03-04T17:37:37.901+0000] {dag.py:3834} INFO - Setting next_dagrun for example_kubernetes_executor to None, run_after=None
[2024-03-04T17:37:37.941+0000] {processor.py:183} INFO - Processing /home/airflow/.local/lib/python3.11/site-packages/airflow/example_dags/example_kubernetes_executor.py took 0.401 seconds
[2024-03-04T17:38:08.568+0000] {processor.py:161} INFO - Started process (PID=1746) to work on /home/airflow/.local/lib/python3.11/site-packages/airflow/example_dags/example_kubernetes_executor.py
[2024-03-04T17:38:08.572+0000] {processor.py:830} INFO - Processing file /home/airflow/.local/lib/python3.11/site-packages/airflow/example_dags/example_kubernetes_executor.py for tasks to queue
[2024-03-04T17:38:08.581+0000] {logging_mixin.py:188} INFO - [2024-03-04T17:38:08.575+0000] {dagbag.py:540} INFO - Filling up the DagBag from /home/airflow/.local/lib/python3.11/site-packages/airflow/example_dags/example_kubernetes_executor.py
[2024-03-04T17:38:08.627+0000] {processor.py:840} INFO - DAG(s) 'example_kubernetes_executor' retrieved from /home/airflow/.local/lib/python3.11/site-packages/airflow/example_dags/example_kubernetes_executor.py
[2024-03-04T17:38:08.758+0000] {logging_mixin.py:188} INFO - [2024-03-04T17:38:08.757+0000] {dag.py:3047} INFO - Sync 1 DAGs
[2024-03-04T17:38:08.782+0000] {logging_mixin.py:188} INFO - [2024-03-04T17:38:08.782+0000] {dag.py:3834} INFO - Setting next_dagrun for example_kubernetes_executor to None, run_after=None
[2024-03-04T17:38:08.830+0000] {processor.py:183} INFO - Processing /home/airflow/.local/lib/python3.11/site-packages/airflow/example_dags/example_kubernetes_executor.py took 0.269 seconds
[2024-03-04T17:38:39.600+0000] {processor.py:161} INFO - Started process (PID=1990) to work on /home/airflow/.local/lib/python3.11/site-packages/airflow/example_dags/example_kubernetes_executor.py
[2024-03-04T17:38:39.602+0000] {processor.py:830} INFO - Processing file /home/airflow/.local/lib/python3.11/site-packages/airflow/example_dags/example_kubernetes_executor.py for tasks to queue
[2024-03-04T17:38:39.603+0000] {logging_mixin.py:188} INFO - [2024-03-04T17:38:39.603+0000] {dagbag.py:540} INFO - Filling up the DagBag from /home/airflow/.local/lib/python3.11/site-packages/airflow/example_dags/example_kubernetes_executor.py
[2024-03-04T17:38:39.616+0000] {processor.py:840} INFO - DAG(s) 'example_kubernetes_executor' retrieved from /home/airflow/.local/lib/python3.11/site-packages/airflow/example_dags/example_kubernetes_executor.py
[2024-03-04T17:38:39.659+0000] {logging_mixin.py:188} INFO - [2024-03-04T17:38:39.659+0000] {dag.py:3047} INFO - Sync 1 DAGs
[2024-03-04T17:38:39.673+0000] {logging_mixin.py:188} INFO - [2024-03-04T17:38:39.673+0000] {dag.py:3834} INFO - Setting next_dagrun for example_kubernetes_executor to None, run_after=None
[2024-03-04T17:38:39.692+0000] {processor.py:183} INFO - Processing /home/airflow/.local/lib/python3.11/site-packages/airflow/example_dags/example_kubernetes_executor.py took 0.096 seconds
[2024-03-04T17:39:09.766+0000] {processor.py:161} INFO - Started process (PID=2237) to work on /home/airflow/.local/lib/python3.11/site-packages/airflow/example_dags/example_kubernetes_executor.py
[2024-03-04T17:39:09.769+0000] {processor.py:830} INFO - Processing file /home/airflow/.local/lib/python3.11/site-packages/airflow/example_dags/example_kubernetes_executor.py for tasks to queue
[2024-03-04T17:39:09.771+0000] {logging_mixin.py:188} INFO - [2024-03-04T17:39:09.770+0000] {dagbag.py:540} INFO - Filling up the DagBag from /home/airflow/.local/lib/python3.11/site-packages/airflow/example_dags/example_kubernetes_executor.py
[2024-03-04T17:39:09.783+0000] {processor.py:840} INFO - DAG(s) 'example_kubernetes_executor' retrieved from /home/airflow/.local/lib/python3.11/site-packages/airflow/example_dags/example_kubernetes_executor.py
[2024-03-04T17:39:09.828+0000] {logging_mixin.py:188} INFO - [2024-03-04T17:39:09.828+0000] {dag.py:3047} INFO - Sync 1 DAGs
[2024-03-04T17:39:09.842+0000] {logging_mixin.py:188} INFO - [2024-03-04T17:39:09.842+0000] {dag.py:3834} INFO - Setting next_dagrun for example_kubernetes_executor to None, run_after=None
[2024-03-04T17:39:09.867+0000] {processor.py:183} INFO - Processing /home/airflow/.local/lib/python3.11/site-packages/airflow/example_dags/example_kubernetes_executor.py took 0.104 seconds
[2024-03-04T17:39:40.924+0000] {processor.py:161} INFO - Started process (PID=2484) to work on /home/airflow/.local/lib/python3.11/site-packages/airflow/example_dags/example_kubernetes_executor.py
[2024-03-04T17:39:40.925+0000] {processor.py:830} INFO - Processing file /home/airflow/.local/lib/python3.11/site-packages/airflow/example_dags/example_kubernetes_executor.py for tasks to queue
[2024-03-04T17:39:40.927+0000] {logging_mixin.py:188} INFO - [2024-03-04T17:39:40.926+0000] {dagbag.py:540} INFO - Filling up the DagBag from /home/airflow/.local/lib/python3.11/site-packages/airflow/example_dags/example_kubernetes_executor.py
[2024-03-04T17:39:40.943+0000] {processor.py:840} INFO - DAG(s) 'example_kubernetes_executor' retrieved from /home/airflow/.local/lib/python3.11/site-packages/airflow/example_dags/example_kubernetes_executor.py
[2024-03-04T17:39:40.984+0000] {logging_mixin.py:188} INFO - [2024-03-04T17:39:40.983+0000] {dag.py:3047} INFO - Sync 1 DAGs
[2024-03-04T17:39:40.998+0000] {logging_mixin.py:188} INFO - [2024-03-04T17:39:40.998+0000] {dag.py:3834} INFO - Setting next_dagrun for example_kubernetes_executor to None, run_after=None
[2024-03-04T17:39:41.026+0000] {processor.py:183} INFO - Processing /home/airflow/.local/lib/python3.11/site-packages/airflow/example_dags/example_kubernetes_executor.py took 0.107 seconds
[2024-03-04T17:40:49.936+0000] {processor.py:161} INFO - Started process (PID=2735) to work on /home/airflow/.local/lib/python3.11/site-packages/airflow/example_dags/example_kubernetes_executor.py
[2024-03-04T17:40:49.940+0000] {processor.py:830} INFO - Processing file /home/airflow/.local/lib/python3.11/site-packages/airflow/example_dags/example_kubernetes_executor.py for tasks to queue
[2024-03-04T17:40:49.941+0000] {logging_mixin.py:188} INFO - [2024-03-04T17:40:49.941+0000] {dagbag.py:540} INFO - Filling up the DagBag from /home/airflow/.local/lib/python3.11/site-packages/airflow/example_dags/example_kubernetes_executor.py
[2024-03-04T17:40:50.024+0000] {processor.py:840} INFO - DAG(s) 'example_kubernetes_executor' retrieved from /home/airflow/.local/lib/python3.11/site-packages/airflow/example_dags/example_kubernetes_executor.py
[2024-03-04T17:40:50.278+0000] {logging_mixin.py:188} INFO - [2024-03-04T17:40:50.277+0000] {dag.py:3047} INFO - Sync 1 DAGs
[2024-03-04T17:40:50.300+0000] {logging_mixin.py:188} INFO - [2024-03-04T17:40:50.299+0000] {dag.py:3834} INFO - Setting next_dagrun for example_kubernetes_executor to None, run_after=None
[2024-03-04T17:40:50.330+0000] {processor.py:183} INFO - Processing /home/airflow/.local/lib/python3.11/site-packages/airflow/example_dags/example_kubernetes_executor.py took 0.399 seconds
[2024-03-04T17:41:21.048+0000] {processor.py:161} INFO - Started process (PID=2984) to work on /home/airflow/.local/lib/python3.11/site-packages/airflow/example_dags/example_kubernetes_executor.py
[2024-03-04T17:41:21.050+0000] {processor.py:830} INFO - Processing file /home/airflow/.local/lib/python3.11/site-packages/airflow/example_dags/example_kubernetes_executor.py for tasks to queue
[2024-03-04T17:41:21.052+0000] {logging_mixin.py:188} INFO - [2024-03-04T17:41:21.051+0000] {dagbag.py:540} INFO - Filling up the DagBag from /home/airflow/.local/lib/python3.11/site-packages/airflow/example_dags/example_kubernetes_executor.py
[2024-03-04T17:41:21.071+0000] {processor.py:840} INFO - DAG(s) 'example_kubernetes_executor' retrieved from /home/airflow/.local/lib/python3.11/site-packages/airflow/example_dags/example_kubernetes_executor.py
[2024-03-04T17:41:21.133+0000] {logging_mixin.py:188} INFO - [2024-03-04T17:41:21.132+0000] {dag.py:3047} INFO - Sync 1 DAGs
[2024-03-04T17:41:21.148+0000] {logging_mixin.py:188} INFO - [2024-03-04T17:41:21.148+0000] {dag.py:3834} INFO - Setting next_dagrun for example_kubernetes_executor to None, run_after=None
[2024-03-04T17:41:21.166+0000] {processor.py:183} INFO - Processing /home/airflow/.local/lib/python3.11/site-packages/airflow/example_dags/example_kubernetes_executor.py took 0.121 seconds
[2024-03-04T17:43:23.192+0000] {processor.py:161} INFO - Started process (PID=256) to work on /home/airflow/.local/lib/python3.11/site-packages/airflow/example_dags/example_kubernetes_executor.py
[2024-03-04T17:43:23.193+0000] {processor.py:830} INFO - Processing file /home/airflow/.local/lib/python3.11/site-packages/airflow/example_dags/example_kubernetes_executor.py for tasks to queue
[2024-03-04T17:43:23.194+0000] {logging_mixin.py:188} INFO - [2024-03-04T17:43:23.194+0000] {dagbag.py:540} INFO - Filling up the DagBag from /home/airflow/.local/lib/python3.11/site-packages/airflow/example_dags/example_kubernetes_executor.py
[2024-03-04T17:43:23.209+0000] {processor.py:840} INFO - DAG(s) 'example_kubernetes_executor' retrieved from /home/airflow/.local/lib/python3.11/site-packages/airflow/example_dags/example_kubernetes_executor.py
[2024-03-04T17:43:23.223+0000] {logging_mixin.py:188} INFO - [2024-03-04T17:43:23.222+0000] {dag.py:3047} INFO - Sync 1 DAGs
[2024-03-04T17:43:23.240+0000] {logging_mixin.py:188} INFO - [2024-03-04T17:43:23.239+0000] {dag.py:3834} INFO - Setting next_dagrun for example_kubernetes_executor to None, run_after=None
[2024-03-04T17:43:23.261+0000] {processor.py:183} INFO - Processing /home/airflow/.local/lib/python3.11/site-packages/airflow/example_dags/example_kubernetes_executor.py took 0.072 seconds
[2024-03-04T17:43:55.648+0000] {processor.py:161} INFO - Started process (PID=501) to work on /home/airflow/.local/lib/python3.11/site-packages/airflow/example_dags/example_kubernetes_executor.py
[2024-03-04T17:43:55.659+0000] {processor.py:830} INFO - Processing file /home/airflow/.local/lib/python3.11/site-packages/airflow/example_dags/example_kubernetes_executor.py for tasks to queue
[2024-03-04T17:43:55.661+0000] {logging_mixin.py:188} INFO - [2024-03-04T17:43:55.660+0000] {dagbag.py:540} INFO - Filling up the DagBag from /home/airflow/.local/lib/python3.11/site-packages/airflow/example_dags/example_kubernetes_executor.py
[2024-03-04T17:43:55.673+0000] {processor.py:840} INFO - DAG(s) 'example_kubernetes_executor' retrieved from /home/airflow/.local/lib/python3.11/site-packages/airflow/example_dags/example_kubernetes_executor.py
[2024-03-04T17:43:55.791+0000] {logging_mixin.py:188} INFO - [2024-03-04T17:43:55.790+0000] {dag.py:3047} INFO - Sync 1 DAGs
[2024-03-04T17:43:55.803+0000] {logging_mixin.py:188} INFO - [2024-03-04T17:43:55.803+0000] {dag.py:3834} INFO - Setting next_dagrun for example_kubernetes_executor to None, run_after=None
[2024-03-04T17:43:55.830+0000] {processor.py:183} INFO - Processing /home/airflow/.local/lib/python3.11/site-packages/airflow/example_dags/example_kubernetes_executor.py took 0.185 seconds
[2024-03-04T17:44:26.689+0000] {processor.py:161} INFO - Started process (PID=748) to work on /home/airflow/.local/lib/python3.11/site-packages/airflow/example_dags/example_kubernetes_executor.py
[2024-03-04T17:44:26.690+0000] {processor.py:830} INFO - Processing file /home/airflow/.local/lib/python3.11/site-packages/airflow/example_dags/example_kubernetes_executor.py for tasks to queue
[2024-03-04T17:44:26.694+0000] {logging_mixin.py:188} INFO - [2024-03-04T17:44:26.693+0000] {dagbag.py:540} INFO - Filling up the DagBag from /home/airflow/.local/lib/python3.11/site-packages/airflow/example_dags/example_kubernetes_executor.py
[2024-03-04T17:44:26.707+0000] {processor.py:840} INFO - DAG(s) 'example_kubernetes_executor' retrieved from /home/airflow/.local/lib/python3.11/site-packages/airflow/example_dags/example_kubernetes_executor.py
[2024-03-04T17:44:26.762+0000] {logging_mixin.py:188} INFO - [2024-03-04T17:44:26.761+0000] {dag.py:3047} INFO - Sync 1 DAGs
[2024-03-04T17:44:26.779+0000] {logging_mixin.py:188} INFO - [2024-03-04T17:44:26.778+0000] {dag.py:3834} INFO - Setting next_dagrun for example_kubernetes_executor to None, run_after=None
[2024-03-04T17:44:26.799+0000] {processor.py:183} INFO - Processing /home/airflow/.local/lib/python3.11/site-packages/airflow/example_dags/example_kubernetes_executor.py took 0.114 seconds
