[2024-03-04T17:34:38.240+0000] {processor.py:161} INFO - Started process (PID=295) to work on /home/airflow/.local/lib/python3.11/site-packages/airflow/example_dags/example_setup_teardown.py
[2024-03-04T17:34:38.244+0000] {processor.py:830} INFO - Processing file /home/airflow/.local/lib/python3.11/site-packages/airflow/example_dags/example_setup_teardown.py for tasks to queue
[2024-03-04T17:34:38.246+0000] {logging_mixin.py:188} INFO - [2024-03-04T17:34:38.245+0000] {dagbag.py:540} INFO - Filling up the DagBag from /home/airflow/.local/lib/python3.11/site-packages/airflow/example_dags/example_setup_teardown.py
[2024-03-04T17:34:38.269+0000] {processor.py:840} INFO - DAG(s) 'example_setup_teardown' retrieved from /home/airflow/.local/lib/python3.11/site-packages/airflow/example_dags/example_setup_teardown.py
[2024-03-04T17:34:38.541+0000] {logging_mixin.py:188} INFO - [2024-03-04T17:34:38.541+0000] {dag.py:3047} INFO - Sync 1 DAGs
[2024-03-04T17:34:38.593+0000] {logging_mixin.py:188} INFO - [2024-03-04T17:34:38.592+0000] {dag.py:3834} INFO - Setting next_dagrun for example_setup_teardown to 2024-03-03 00:00:00+00:00, run_after=2024-03-04 00:00:00+00:00
[2024-03-04T17:34:38.697+0000] {processor.py:183} INFO - Processing /home/airflow/.local/lib/python3.11/site-packages/airflow/example_dags/example_setup_teardown.py took 0.466 seconds
[2024-03-04T17:35:09.658+0000] {processor.py:161} INFO - Started process (PID=541) to work on /home/airflow/.local/lib/python3.11/site-packages/airflow/example_dags/example_setup_teardown.py
[2024-03-04T17:35:09.663+0000] {processor.py:830} INFO - Processing file /home/airflow/.local/lib/python3.11/site-packages/airflow/example_dags/example_setup_teardown.py for tasks to queue
[2024-03-04T17:35:09.665+0000] {logging_mixin.py:188} INFO - [2024-03-04T17:35:09.664+0000] {dagbag.py:540} INFO - Filling up the DagBag from /home/airflow/.local/lib/python3.11/site-packages/airflow/example_dags/example_setup_teardown.py
[2024-03-04T17:35:09.681+0000] {processor.py:840} INFO - DAG(s) 'example_setup_teardown' retrieved from /home/airflow/.local/lib/python3.11/site-packages/airflow/example_dags/example_setup_teardown.py
[2024-03-04T17:35:09.763+0000] {logging_mixin.py:188} INFO - [2024-03-04T17:35:09.763+0000] {dag.py:3047} INFO - Sync 1 DAGs
[2024-03-04T17:35:09.819+0000] {logging_mixin.py:188} INFO - [2024-03-04T17:35:09.818+0000] {dag.py:3834} INFO - Setting next_dagrun for example_setup_teardown to 2024-03-03 00:00:00+00:00, run_after=2024-03-04 00:00:00+00:00
[2024-03-04T17:35:09.868+0000] {processor.py:183} INFO - Processing /home/airflow/.local/lib/python3.11/site-packages/airflow/example_dags/example_setup_teardown.py took 0.216 seconds
[2024-03-04T17:35:39.939+0000] {processor.py:161} INFO - Started process (PID=787) to work on /home/airflow/.local/lib/python3.11/site-packages/airflow/example_dags/example_setup_teardown.py
[2024-03-04T17:35:39.941+0000] {processor.py:830} INFO - Processing file /home/airflow/.local/lib/python3.11/site-packages/airflow/example_dags/example_setup_teardown.py for tasks to queue
[2024-03-04T17:35:39.943+0000] {logging_mixin.py:188} INFO - [2024-03-04T17:35:39.943+0000] {dagbag.py:540} INFO - Filling up the DagBag from /home/airflow/.local/lib/python3.11/site-packages/airflow/example_dags/example_setup_teardown.py
[2024-03-04T17:35:39.953+0000] {processor.py:840} INFO - DAG(s) 'example_setup_teardown' retrieved from /home/airflow/.local/lib/python3.11/site-packages/airflow/example_dags/example_setup_teardown.py
[2024-03-04T17:35:39.970+0000] {logging_mixin.py:188} INFO - [2024-03-04T17:35:39.970+0000] {dag.py:3047} INFO - Sync 1 DAGs
[2024-03-04T17:35:39.993+0000] {logging_mixin.py:188} INFO - [2024-03-04T17:35:39.992+0000] {dag.py:3834} INFO - Setting next_dagrun for example_setup_teardown to 2024-03-03 00:00:00+00:00, run_after=2024-03-04 00:00:00+00:00
[2024-03-04T17:35:40.036+0000] {processor.py:183} INFO - Processing /home/airflow/.local/lib/python3.11/site-packages/airflow/example_dags/example_setup_teardown.py took 0.102 seconds
[2024-03-04T17:36:10.110+0000] {processor.py:161} INFO - Started process (PID=1034) to work on /home/airflow/.local/lib/python3.11/site-packages/airflow/example_dags/example_setup_teardown.py
[2024-03-04T17:36:10.111+0000] {processor.py:830} INFO - Processing file /home/airflow/.local/lib/python3.11/site-packages/airflow/example_dags/example_setup_teardown.py for tasks to queue
[2024-03-04T17:36:10.112+0000] {logging_mixin.py:188} INFO - [2024-03-04T17:36:10.111+0000] {dagbag.py:540} INFO - Filling up the DagBag from /home/airflow/.local/lib/python3.11/site-packages/airflow/example_dags/example_setup_teardown.py
[2024-03-04T17:36:10.119+0000] {processor.py:840} INFO - DAG(s) 'example_setup_teardown' retrieved from /home/airflow/.local/lib/python3.11/site-packages/airflow/example_dags/example_setup_teardown.py
[2024-03-04T17:36:10.138+0000] {logging_mixin.py:188} INFO - [2024-03-04T17:36:10.138+0000] {dag.py:3047} INFO - Sync 1 DAGs
[2024-03-04T17:36:10.162+0000] {logging_mixin.py:188} INFO - [2024-03-04T17:36:10.161+0000] {dag.py:3834} INFO - Setting next_dagrun for example_setup_teardown to 2024-03-03 00:00:00+00:00, run_after=2024-03-04 00:00:00+00:00
[2024-03-04T17:36:10.178+0000] {processor.py:183} INFO - Processing /home/airflow/.local/lib/python3.11/site-packages/airflow/example_dags/example_setup_teardown.py took 0.072 seconds
[2024-03-04T17:36:40.684+0000] {processor.py:161} INFO - Started process (PID=1281) to work on /home/airflow/.local/lib/python3.11/site-packages/airflow/example_dags/example_setup_teardown.py
[2024-03-04T17:36:40.685+0000] {processor.py:830} INFO - Processing file /home/airflow/.local/lib/python3.11/site-packages/airflow/example_dags/example_setup_teardown.py for tasks to queue
[2024-03-04T17:36:40.686+0000] {logging_mixin.py:188} INFO - [2024-03-04T17:36:40.686+0000] {dagbag.py:540} INFO - Filling up the DagBag from /home/airflow/.local/lib/python3.11/site-packages/airflow/example_dags/example_setup_teardown.py
[2024-03-04T17:36:40.698+0000] {processor.py:840} INFO - DAG(s) 'example_setup_teardown' retrieved from /home/airflow/.local/lib/python3.11/site-packages/airflow/example_dags/example_setup_teardown.py
[2024-03-04T17:36:40.720+0000] {logging_mixin.py:188} INFO - [2024-03-04T17:36:40.720+0000] {dag.py:3047} INFO - Sync 1 DAGs
[2024-03-04T17:36:40.747+0000] {logging_mixin.py:188} INFO - [2024-03-04T17:36:40.746+0000] {dag.py:3834} INFO - Setting next_dagrun for example_setup_teardown to 2024-03-03 00:00:00+00:00, run_after=2024-03-04 00:00:00+00:00
[2024-03-04T17:36:40.766+0000] {processor.py:183} INFO - Processing /home/airflow/.local/lib/python3.11/site-packages/airflow/example_dags/example_setup_teardown.py took 0.086 seconds
[2024-03-04T17:37:38.406+0000] {processor.py:161} INFO - Started process (PID=1534) to work on /home/airflow/.local/lib/python3.11/site-packages/airflow/example_dags/example_setup_teardown.py
[2024-03-04T17:37:38.407+0000] {processor.py:830} INFO - Processing file /home/airflow/.local/lib/python3.11/site-packages/airflow/example_dags/example_setup_teardown.py for tasks to queue
[2024-03-04T17:37:38.409+0000] {logging_mixin.py:188} INFO - [2024-03-04T17:37:38.408+0000] {dagbag.py:540} INFO - Filling up the DagBag from /home/airflow/.local/lib/python3.11/site-packages/airflow/example_dags/example_setup_teardown.py
[2024-03-04T17:37:38.423+0000] {processor.py:840} INFO - DAG(s) 'example_setup_teardown' retrieved from /home/airflow/.local/lib/python3.11/site-packages/airflow/example_dags/example_setup_teardown.py
[2024-03-04T17:37:38.452+0000] {logging_mixin.py:188} INFO - [2024-03-04T17:37:38.452+0000] {dag.py:3047} INFO - Sync 1 DAGs
[2024-03-04T17:37:38.481+0000] {logging_mixin.py:188} INFO - [2024-03-04T17:37:38.481+0000] {dag.py:3834} INFO - Setting next_dagrun for example_setup_teardown to 2024-03-03 00:00:00+00:00, run_after=2024-03-04 00:00:00+00:00
[2024-03-04T17:37:38.506+0000] {processor.py:183} INFO - Processing /home/airflow/.local/lib/python3.11/site-packages/airflow/example_dags/example_setup_teardown.py took 0.105 seconds
[2024-03-04T17:38:09.378+0000] {processor.py:161} INFO - Started process (PID=1781) to work on /home/airflow/.local/lib/python3.11/site-packages/airflow/example_dags/example_setup_teardown.py
[2024-03-04T17:38:09.380+0000] {processor.py:830} INFO - Processing file /home/airflow/.local/lib/python3.11/site-packages/airflow/example_dags/example_setup_teardown.py for tasks to queue
[2024-03-04T17:38:09.382+0000] {logging_mixin.py:188} INFO - [2024-03-04T17:38:09.382+0000] {dagbag.py:540} INFO - Filling up the DagBag from /home/airflow/.local/lib/python3.11/site-packages/airflow/example_dags/example_setup_teardown.py
[2024-03-04T17:38:09.399+0000] {processor.py:840} INFO - DAG(s) 'example_setup_teardown' retrieved from /home/airflow/.local/lib/python3.11/site-packages/airflow/example_dags/example_setup_teardown.py
[2024-03-04T17:38:09.433+0000] {logging_mixin.py:188} INFO - [2024-03-04T17:38:09.433+0000] {dag.py:3047} INFO - Sync 1 DAGs
[2024-03-04T17:38:09.469+0000] {logging_mixin.py:188} INFO - [2024-03-04T17:38:09.468+0000] {dag.py:3834} INFO - Setting next_dagrun for example_setup_teardown to 2024-03-03 00:00:00+00:00, run_after=2024-03-04 00:00:00+00:00
[2024-03-04T17:38:09.498+0000] {processor.py:183} INFO - Processing /home/airflow/.local/lib/python3.11/site-packages/airflow/example_dags/example_setup_teardown.py took 0.128 seconds
[2024-03-04T17:38:40.015+0000] {processor.py:161} INFO - Started process (PID=2030) to work on /home/airflow/.local/lib/python3.11/site-packages/airflow/example_dags/example_setup_teardown.py
[2024-03-04T17:38:40.016+0000] {processor.py:830} INFO - Processing file /home/airflow/.local/lib/python3.11/site-packages/airflow/example_dags/example_setup_teardown.py for tasks to queue
[2024-03-04T17:38:40.018+0000] {logging_mixin.py:188} INFO - [2024-03-04T17:38:40.017+0000] {dagbag.py:540} INFO - Filling up the DagBag from /home/airflow/.local/lib/python3.11/site-packages/airflow/example_dags/example_setup_teardown.py
[2024-03-04T17:38:40.026+0000] {processor.py:840} INFO - DAG(s) 'example_setup_teardown' retrieved from /home/airflow/.local/lib/python3.11/site-packages/airflow/example_dags/example_setup_teardown.py
[2024-03-04T17:38:40.046+0000] {logging_mixin.py:188} INFO - [2024-03-04T17:38:40.046+0000] {dag.py:3047} INFO - Sync 1 DAGs
[2024-03-04T17:38:40.066+0000] {logging_mixin.py:188} INFO - [2024-03-04T17:38:40.066+0000] {dag.py:3834} INFO - Setting next_dagrun for example_setup_teardown to 2024-03-03 00:00:00+00:00, run_after=2024-03-04 00:00:00+00:00
[2024-03-04T17:38:40.081+0000] {processor.py:183} INFO - Processing /home/airflow/.local/lib/python3.11/site-packages/airflow/example_dags/example_setup_teardown.py took 0.069 seconds
[2024-03-04T17:39:10.359+0000] {processor.py:161} INFO - Started process (PID=2277) to work on /home/airflow/.local/lib/python3.11/site-packages/airflow/example_dags/example_setup_teardown.py
[2024-03-04T17:39:10.360+0000] {processor.py:830} INFO - Processing file /home/airflow/.local/lib/python3.11/site-packages/airflow/example_dags/example_setup_teardown.py for tasks to queue
[2024-03-04T17:39:10.361+0000] {logging_mixin.py:188} INFO - [2024-03-04T17:39:10.361+0000] {dagbag.py:540} INFO - Filling up the DagBag from /home/airflow/.local/lib/python3.11/site-packages/airflow/example_dags/example_setup_teardown.py
[2024-03-04T17:39:10.371+0000] {processor.py:840} INFO - DAG(s) 'example_setup_teardown' retrieved from /home/airflow/.local/lib/python3.11/site-packages/airflow/example_dags/example_setup_teardown.py
[2024-03-04T17:39:10.392+0000] {logging_mixin.py:188} INFO - [2024-03-04T17:39:10.392+0000] {dag.py:3047} INFO - Sync 1 DAGs
[2024-03-04T17:39:10.413+0000] {logging_mixin.py:188} INFO - [2024-03-04T17:39:10.412+0000] {dag.py:3834} INFO - Setting next_dagrun for example_setup_teardown to 2024-03-03 00:00:00+00:00, run_after=2024-03-04 00:00:00+00:00
[2024-03-04T17:39:10.434+0000] {processor.py:183} INFO - Processing /home/airflow/.local/lib/python3.11/site-packages/airflow/example_dags/example_setup_teardown.py took 0.079 seconds
[2024-03-04T17:39:41.361+0000] {processor.py:161} INFO - Started process (PID=2524) to work on /home/airflow/.local/lib/python3.11/site-packages/airflow/example_dags/example_setup_teardown.py
[2024-03-04T17:39:41.362+0000] {processor.py:830} INFO - Processing file /home/airflow/.local/lib/python3.11/site-packages/airflow/example_dags/example_setup_teardown.py for tasks to queue
[2024-03-04T17:39:41.364+0000] {logging_mixin.py:188} INFO - [2024-03-04T17:39:41.363+0000] {dagbag.py:540} INFO - Filling up the DagBag from /home/airflow/.local/lib/python3.11/site-packages/airflow/example_dags/example_setup_teardown.py
[2024-03-04T17:39:41.374+0000] {processor.py:840} INFO - DAG(s) 'example_setup_teardown' retrieved from /home/airflow/.local/lib/python3.11/site-packages/airflow/example_dags/example_setup_teardown.py
[2024-03-04T17:39:41.396+0000] {logging_mixin.py:188} INFO - [2024-03-04T17:39:41.396+0000] {dag.py:3047} INFO - Sync 1 DAGs
[2024-03-04T17:39:41.415+0000] {logging_mixin.py:188} INFO - [2024-03-04T17:39:41.415+0000] {dag.py:3834} INFO - Setting next_dagrun for example_setup_teardown to 2024-03-03 00:00:00+00:00, run_after=2024-03-04 00:00:00+00:00
[2024-03-04T17:39:41.430+0000] {processor.py:183} INFO - Processing /home/airflow/.local/lib/python3.11/site-packages/airflow/example_dags/example_setup_teardown.py took 0.074 seconds
[2024-03-04T17:40:50.840+0000] {processor.py:161} INFO - Started process (PID=2775) to work on /home/airflow/.local/lib/python3.11/site-packages/airflow/example_dags/example_setup_teardown.py
[2024-03-04T17:40:50.842+0000] {processor.py:830} INFO - Processing file /home/airflow/.local/lib/python3.11/site-packages/airflow/example_dags/example_setup_teardown.py for tasks to queue
[2024-03-04T17:40:50.844+0000] {logging_mixin.py:188} INFO - [2024-03-04T17:40:50.843+0000] {dagbag.py:540} INFO - Filling up the DagBag from /home/airflow/.local/lib/python3.11/site-packages/airflow/example_dags/example_setup_teardown.py
[2024-03-04T17:40:50.858+0000] {processor.py:840} INFO - DAG(s) 'example_setup_teardown' retrieved from /home/airflow/.local/lib/python3.11/site-packages/airflow/example_dags/example_setup_teardown.py
[2024-03-04T17:40:50.894+0000] {logging_mixin.py:188} INFO - [2024-03-04T17:40:50.894+0000] {dag.py:3047} INFO - Sync 1 DAGs
[2024-03-04T17:40:50.932+0000] {logging_mixin.py:188} INFO - [2024-03-04T17:40:50.931+0000] {dag.py:3834} INFO - Setting next_dagrun for example_setup_teardown to 2024-03-03 00:00:00+00:00, run_after=2024-03-04 00:00:00+00:00
[2024-03-04T17:40:50.959+0000] {processor.py:183} INFO - Processing /home/airflow/.local/lib/python3.11/site-packages/airflow/example_dags/example_setup_teardown.py took 0.123 seconds
[2024-03-04T17:41:22.703+0000] {processor.py:161} INFO - Started process (PID=3024) to work on /home/airflow/.local/lib/python3.11/site-packages/airflow/example_dags/example_setup_teardown.py
[2024-03-04T17:41:22.705+0000] {processor.py:830} INFO - Processing file /home/airflow/.local/lib/python3.11/site-packages/airflow/example_dags/example_setup_teardown.py for tasks to queue
[2024-03-04T17:41:22.706+0000] {logging_mixin.py:188} INFO - [2024-03-04T17:41:22.706+0000] {dagbag.py:540} INFO - Filling up the DagBag from /home/airflow/.local/lib/python3.11/site-packages/airflow/example_dags/example_setup_teardown.py
[2024-03-04T17:41:22.721+0000] {processor.py:840} INFO - DAG(s) 'example_setup_teardown' retrieved from /home/airflow/.local/lib/python3.11/site-packages/airflow/example_dags/example_setup_teardown.py
[2024-03-04T17:41:22.890+0000] {logging_mixin.py:188} INFO - [2024-03-04T17:41:22.888+0000] {dag.py:3047} INFO - Sync 1 DAGs
[2024-03-04T17:41:22.938+0000] {logging_mixin.py:188} INFO - [2024-03-04T17:41:22.937+0000] {dag.py:3834} INFO - Setting next_dagrun for example_setup_teardown to 2024-03-03 00:00:00+00:00, run_after=2024-03-04 00:00:00+00:00
[2024-03-04T17:41:23.002+0000] {processor.py:183} INFO - Processing /home/airflow/.local/lib/python3.11/site-packages/airflow/example_dags/example_setup_teardown.py took 0.307 seconds
[2024-03-04T17:43:24.973+0000] {processor.py:161} INFO - Started process (PID=296) to work on /home/airflow/.local/lib/python3.11/site-packages/airflow/example_dags/example_setup_teardown.py
[2024-03-04T17:43:24.975+0000] {processor.py:830} INFO - Processing file /home/airflow/.local/lib/python3.11/site-packages/airflow/example_dags/example_setup_teardown.py for tasks to queue
[2024-03-04T17:43:24.978+0000] {logging_mixin.py:188} INFO - [2024-03-04T17:43:24.977+0000] {dagbag.py:540} INFO - Filling up the DagBag from /home/airflow/.local/lib/python3.11/site-packages/airflow/example_dags/example_setup_teardown.py
[2024-03-04T17:43:24.995+0000] {processor.py:840} INFO - DAG(s) 'example_setup_teardown' retrieved from /home/airflow/.local/lib/python3.11/site-packages/airflow/example_dags/example_setup_teardown.py
[2024-03-04T17:43:25.011+0000] {logging_mixin.py:188} INFO - [2024-03-04T17:43:25.010+0000] {dag.py:3047} INFO - Sync 1 DAGs
[2024-03-04T17:43:25.377+0000] {logging_mixin.py:188} INFO - [2024-03-04T17:43:25.377+0000] {dag.py:3834} INFO - Setting next_dagrun for example_setup_teardown to 2024-03-03 00:00:00+00:00, run_after=2024-03-04 00:00:00+00:00
[2024-03-04T17:43:25.398+0000] {processor.py:183} INFO - Processing /home/airflow/.local/lib/python3.11/site-packages/airflow/example_dags/example_setup_teardown.py took 0.428 seconds
[2024-03-04T17:43:56.466+0000] {processor.py:161} INFO - Started process (PID=541) to work on /home/airflow/.local/lib/python3.11/site-packages/airflow/example_dags/example_setup_teardown.py
[2024-03-04T17:43:56.477+0000] {processor.py:830} INFO - Processing file /home/airflow/.local/lib/python3.11/site-packages/airflow/example_dags/example_setup_teardown.py for tasks to queue
[2024-03-04T17:43:56.479+0000] {logging_mixin.py:188} INFO - [2024-03-04T17:43:56.478+0000] {dagbag.py:540} INFO - Filling up the DagBag from /home/airflow/.local/lib/python3.11/site-packages/airflow/example_dags/example_setup_teardown.py
[2024-03-04T17:43:56.487+0000] {processor.py:840} INFO - DAG(s) 'example_setup_teardown' retrieved from /home/airflow/.local/lib/python3.11/site-packages/airflow/example_dags/example_setup_teardown.py
[2024-03-04T17:43:56.579+0000] {logging_mixin.py:188} INFO - [2024-03-04T17:43:56.579+0000] {dag.py:3047} INFO - Sync 1 DAGs
[2024-03-04T17:43:56.599+0000] {logging_mixin.py:188} INFO - [2024-03-04T17:43:56.599+0000] {dag.py:3834} INFO - Setting next_dagrun for example_setup_teardown to 2024-03-03 00:00:00+00:00, run_after=2024-03-04 00:00:00+00:00
[2024-03-04T17:43:56.623+0000] {processor.py:183} INFO - Processing /home/airflow/.local/lib/python3.11/site-packages/airflow/example_dags/example_setup_teardown.py took 0.162 seconds
[2024-03-04T17:44:27.220+0000] {processor.py:161} INFO - Started process (PID=788) to work on /home/airflow/.local/lib/python3.11/site-packages/airflow/example_dags/example_setup_teardown.py
[2024-03-04T17:44:27.221+0000] {processor.py:830} INFO - Processing file /home/airflow/.local/lib/python3.11/site-packages/airflow/example_dags/example_setup_teardown.py for tasks to queue
[2024-03-04T17:44:27.222+0000] {logging_mixin.py:188} INFO - [2024-03-04T17:44:27.222+0000] {dagbag.py:540} INFO - Filling up the DagBag from /home/airflow/.local/lib/python3.11/site-packages/airflow/example_dags/example_setup_teardown.py
[2024-03-04T17:44:27.231+0000] {processor.py:840} INFO - DAG(s) 'example_setup_teardown' retrieved from /home/airflow/.local/lib/python3.11/site-packages/airflow/example_dags/example_setup_teardown.py
[2024-03-04T17:44:27.257+0000] {logging_mixin.py:188} INFO - [2024-03-04T17:44:27.257+0000] {dag.py:3047} INFO - Sync 1 DAGs
[2024-03-04T17:44:27.283+0000] {logging_mixin.py:188} INFO - [2024-03-04T17:44:27.283+0000] {dag.py:3834} INFO - Setting next_dagrun for example_setup_teardown to 2024-03-03 00:00:00+00:00, run_after=2024-03-04 00:00:00+00:00
[2024-03-04T17:44:27.308+0000] {processor.py:183} INFO - Processing /home/airflow/.local/lib/python3.11/site-packages/airflow/example_dags/example_setup_teardown.py took 0.092 seconds
