[2024-03-04T17:34:40.873+0000] {processor.py:161} INFO - Started process (PID=355) to work on /home/airflow/.local/lib/python3.11/site-packages/airflow/example_dags/example_python_decorator.py
[2024-03-04T17:34:40.874+0000] {processor.py:830} INFO - Processing file /home/airflow/.local/lib/python3.11/site-packages/airflow/example_dags/example_python_decorator.py for tasks to queue
[2024-03-04T17:34:40.876+0000] {logging_mixin.py:188} INFO - [2024-03-04T17:34:40.875+0000] {dagbag.py:540} INFO - Filling up the DagBag from /home/airflow/.local/lib/python3.11/site-packages/airflow/example_dags/example_python_decorator.py
[2024-03-04T17:34:40.898+0000] {processor.py:840} INFO - DAG(s) 'example_python_decorator' retrieved from /home/airflow/.local/lib/python3.11/site-packages/airflow/example_dags/example_python_decorator.py
[2024-03-04T17:34:41.051+0000] {logging_mixin.py:188} INFO - [2024-03-04T17:34:41.050+0000] {dag.py:3047} INFO - Sync 1 DAGs
[2024-03-04T17:34:41.070+0000] {logging_mixin.py:188} INFO - [2024-03-04T17:34:41.070+0000] {dag.py:3834} INFO - Setting next_dagrun for example_python_decorator to None, run_after=None
[2024-03-04T17:34:41.110+0000] {processor.py:183} INFO - Processing /home/airflow/.local/lib/python3.11/site-packages/airflow/example_dags/example_python_decorator.py took 0.244 seconds
[2024-03-04T17:35:11.870+0000] {processor.py:161} INFO - Started process (PID=601) to work on /home/airflow/.local/lib/python3.11/site-packages/airflow/example_dags/example_python_decorator.py
[2024-03-04T17:35:11.873+0000] {processor.py:830} INFO - Processing file /home/airflow/.local/lib/python3.11/site-packages/airflow/example_dags/example_python_decorator.py for tasks to queue
[2024-03-04T17:35:11.877+0000] {logging_mixin.py:188} INFO - [2024-03-04T17:35:11.876+0000] {dagbag.py:540} INFO - Filling up the DagBag from /home/airflow/.local/lib/python3.11/site-packages/airflow/example_dags/example_python_decorator.py
[2024-03-04T17:35:11.903+0000] {processor.py:840} INFO - DAG(s) 'example_python_decorator' retrieved from /home/airflow/.local/lib/python3.11/site-packages/airflow/example_dags/example_python_decorator.py
[2024-03-04T17:35:11.936+0000] {logging_mixin.py:188} INFO - [2024-03-04T17:35:11.935+0000] {dag.py:3047} INFO - Sync 1 DAGs
[2024-03-04T17:35:11.951+0000] {logging_mixin.py:188} INFO - [2024-03-04T17:35:11.951+0000] {dag.py:3834} INFO - Setting next_dagrun for example_python_decorator to None, run_after=None
[2024-03-04T17:35:11.994+0000] {processor.py:183} INFO - Processing /home/airflow/.local/lib/python3.11/site-packages/airflow/example_dags/example_python_decorator.py took 0.129 seconds
[2024-03-04T17:35:42.635+0000] {processor.py:161} INFO - Started process (PID=847) to work on /home/airflow/.local/lib/python3.11/site-packages/airflow/example_dags/example_python_decorator.py
[2024-03-04T17:35:42.637+0000] {processor.py:830} INFO - Processing file /home/airflow/.local/lib/python3.11/site-packages/airflow/example_dags/example_python_decorator.py for tasks to queue
[2024-03-04T17:35:42.638+0000] {logging_mixin.py:188} INFO - [2024-03-04T17:35:42.637+0000] {dagbag.py:540} INFO - Filling up the DagBag from /home/airflow/.local/lib/python3.11/site-packages/airflow/example_dags/example_python_decorator.py
[2024-03-04T17:35:42.654+0000] {processor.py:840} INFO - DAG(s) 'example_python_decorator' retrieved from /home/airflow/.local/lib/python3.11/site-packages/airflow/example_dags/example_python_decorator.py
[2024-03-04T17:35:42.686+0000] {logging_mixin.py:188} INFO - [2024-03-04T17:35:42.686+0000] {dag.py:3047} INFO - Sync 1 DAGs
[2024-03-04T17:35:42.703+0000] {logging_mixin.py:188} INFO - [2024-03-04T17:35:42.703+0000] {dag.py:3834} INFO - Setting next_dagrun for example_python_decorator to None, run_after=None
[2024-03-04T17:35:42.734+0000] {processor.py:183} INFO - Processing /home/airflow/.local/lib/python3.11/site-packages/airflow/example_dags/example_python_decorator.py took 0.102 seconds
[2024-03-04T17:36:12.763+0000] {processor.py:161} INFO - Started process (PID=1094) to work on /home/airflow/.local/lib/python3.11/site-packages/airflow/example_dags/example_python_decorator.py
[2024-03-04T17:36:12.764+0000] {processor.py:830} INFO - Processing file /home/airflow/.local/lib/python3.11/site-packages/airflow/example_dags/example_python_decorator.py for tasks to queue
[2024-03-04T17:36:12.766+0000] {logging_mixin.py:188} INFO - [2024-03-04T17:36:12.765+0000] {dagbag.py:540} INFO - Filling up the DagBag from /home/airflow/.local/lib/python3.11/site-packages/airflow/example_dags/example_python_decorator.py
[2024-03-04T17:36:12.782+0000] {processor.py:840} INFO - DAG(s) 'example_python_decorator' retrieved from /home/airflow/.local/lib/python3.11/site-packages/airflow/example_dags/example_python_decorator.py
[2024-03-04T17:36:12.801+0000] {logging_mixin.py:188} INFO - [2024-03-04T17:36:12.801+0000] {dag.py:3047} INFO - Sync 1 DAGs
[2024-03-04T17:36:12.814+0000] {logging_mixin.py:188} INFO - [2024-03-04T17:36:12.814+0000] {dag.py:3834} INFO - Setting next_dagrun for example_python_decorator to None, run_after=None
[2024-03-04T17:36:12.829+0000] {processor.py:183} INFO - Processing /home/airflow/.local/lib/python3.11/site-packages/airflow/example_dags/example_python_decorator.py took 0.069 seconds
[2024-03-04T17:36:43.560+0000] {processor.py:161} INFO - Started process (PID=1347) to work on /home/airflow/.local/lib/python3.11/site-packages/airflow/example_dags/example_python_decorator.py
[2024-03-04T17:36:43.562+0000] {processor.py:830} INFO - Processing file /home/airflow/.local/lib/python3.11/site-packages/airflow/example_dags/example_python_decorator.py for tasks to queue
[2024-03-04T17:36:43.564+0000] {logging_mixin.py:188} INFO - [2024-03-04T17:36:43.563+0000] {dagbag.py:540} INFO - Filling up the DagBag from /home/airflow/.local/lib/python3.11/site-packages/airflow/example_dags/example_python_decorator.py
[2024-03-04T17:36:43.584+0000] {processor.py:840} INFO - DAG(s) 'example_python_decorator' retrieved from /home/airflow/.local/lib/python3.11/site-packages/airflow/example_dags/example_python_decorator.py
[2024-03-04T17:36:43.611+0000] {logging_mixin.py:188} INFO - [2024-03-04T17:36:43.611+0000] {dag.py:3047} INFO - Sync 1 DAGs
[2024-03-04T17:36:43.625+0000] {logging_mixin.py:188} INFO - [2024-03-04T17:36:43.625+0000] {dag.py:3834} INFO - Setting next_dagrun for example_python_decorator to None, run_after=None
[2024-03-04T17:36:43.644+0000] {processor.py:183} INFO - Processing /home/airflow/.local/lib/python3.11/site-packages/airflow/example_dags/example_python_decorator.py took 0.089 seconds
[2024-03-04T17:37:39.367+0000] {processor.py:161} INFO - Started process (PID=1594) to work on /home/airflow/.local/lib/python3.11/site-packages/airflow/example_dags/example_python_decorator.py
[2024-03-04T17:37:39.369+0000] {processor.py:830} INFO - Processing file /home/airflow/.local/lib/python3.11/site-packages/airflow/example_dags/example_python_decorator.py for tasks to queue
[2024-03-04T17:37:39.372+0000] {logging_mixin.py:188} INFO - [2024-03-04T17:37:39.371+0000] {dagbag.py:540} INFO - Filling up the DagBag from /home/airflow/.local/lib/python3.11/site-packages/airflow/example_dags/example_python_decorator.py
[2024-03-04T17:37:39.394+0000] {processor.py:840} INFO - DAG(s) 'example_python_decorator' retrieved from /home/airflow/.local/lib/python3.11/site-packages/airflow/example_dags/example_python_decorator.py
[2024-03-04T17:37:39.430+0000] {logging_mixin.py:188} INFO - [2024-03-04T17:37:39.430+0000] {dag.py:3047} INFO - Sync 1 DAGs
[2024-03-04T17:37:39.448+0000] {logging_mixin.py:188} INFO - [2024-03-04T17:37:39.447+0000] {dag.py:3834} INFO - Setting next_dagrun for example_python_decorator to None, run_after=None
[2024-03-04T17:37:39.476+0000] {processor.py:183} INFO - Processing /home/airflow/.local/lib/python3.11/site-packages/airflow/example_dags/example_python_decorator.py took 0.113 seconds
[2024-03-04T17:38:10.307+0000] {processor.py:161} INFO - Started process (PID=1843) to work on /home/airflow/.local/lib/python3.11/site-packages/airflow/example_dags/example_python_decorator.py
[2024-03-04T17:38:10.308+0000] {processor.py:830} INFO - Processing file /home/airflow/.local/lib/python3.11/site-packages/airflow/example_dags/example_python_decorator.py for tasks to queue
[2024-03-04T17:38:10.309+0000] {logging_mixin.py:188} INFO - [2024-03-04T17:38:10.309+0000] {dagbag.py:540} INFO - Filling up the DagBag from /home/airflow/.local/lib/python3.11/site-packages/airflow/example_dags/example_python_decorator.py
[2024-03-04T17:38:10.323+0000] {processor.py:840} INFO - DAG(s) 'example_python_decorator' retrieved from /home/airflow/.local/lib/python3.11/site-packages/airflow/example_dags/example_python_decorator.py
[2024-03-04T17:38:10.344+0000] {logging_mixin.py:188} INFO - [2024-03-04T17:38:10.344+0000] {dag.py:3047} INFO - Sync 1 DAGs
[2024-03-04T17:38:10.356+0000] {logging_mixin.py:188} INFO - [2024-03-04T17:38:10.356+0000] {dag.py:3834} INFO - Setting next_dagrun for example_python_decorator to None, run_after=None
[2024-03-04T17:38:10.373+0000] {processor.py:183} INFO - Processing /home/airflow/.local/lib/python3.11/site-packages/airflow/example_dags/example_python_decorator.py took 0.069 seconds
[2024-03-04T17:38:40.714+0000] {processor.py:161} INFO - Started process (PID=2088) to work on /home/airflow/.local/lib/python3.11/site-packages/airflow/example_dags/example_python_decorator.py
[2024-03-04T17:38:40.716+0000] {processor.py:830} INFO - Processing file /home/airflow/.local/lib/python3.11/site-packages/airflow/example_dags/example_python_decorator.py for tasks to queue
[2024-03-04T17:38:40.717+0000] {logging_mixin.py:188} INFO - [2024-03-04T17:38:40.717+0000] {dagbag.py:540} INFO - Filling up the DagBag from /home/airflow/.local/lib/python3.11/site-packages/airflow/example_dags/example_python_decorator.py
[2024-03-04T17:38:40.731+0000] {processor.py:840} INFO - DAG(s) 'example_python_decorator' retrieved from /home/airflow/.local/lib/python3.11/site-packages/airflow/example_dags/example_python_decorator.py
[2024-03-04T17:38:40.755+0000] {logging_mixin.py:188} INFO - [2024-03-04T17:38:40.755+0000] {dag.py:3047} INFO - Sync 1 DAGs
[2024-03-04T17:38:40.769+0000] {logging_mixin.py:188} INFO - [2024-03-04T17:38:40.768+0000] {dag.py:3834} INFO - Setting next_dagrun for example_python_decorator to None, run_after=None
[2024-03-04T17:38:40.788+0000] {processor.py:183} INFO - Processing /home/airflow/.local/lib/python3.11/site-packages/airflow/example_dags/example_python_decorator.py took 0.078 seconds
[2024-03-04T17:39:10.938+0000] {processor.py:161} INFO - Started process (PID=2335) to work on /home/airflow/.local/lib/python3.11/site-packages/airflow/example_dags/example_python_decorator.py
[2024-03-04T17:39:10.939+0000] {processor.py:830} INFO - Processing file /home/airflow/.local/lib/python3.11/site-packages/airflow/example_dags/example_python_decorator.py for tasks to queue
[2024-03-04T17:39:10.940+0000] {logging_mixin.py:188} INFO - [2024-03-04T17:39:10.940+0000] {dagbag.py:540} INFO - Filling up the DagBag from /home/airflow/.local/lib/python3.11/site-packages/airflow/example_dags/example_python_decorator.py
[2024-03-04T17:39:10.954+0000] {processor.py:840} INFO - DAG(s) 'example_python_decorator' retrieved from /home/airflow/.local/lib/python3.11/site-packages/airflow/example_dags/example_python_decorator.py
[2024-03-04T17:39:10.977+0000] {logging_mixin.py:188} INFO - [2024-03-04T17:39:10.977+0000] {dag.py:3047} INFO - Sync 1 DAGs
[2024-03-04T17:39:10.989+0000] {logging_mixin.py:188} INFO - [2024-03-04T17:39:10.989+0000] {dag.py:3834} INFO - Setting next_dagrun for example_python_decorator to None, run_after=None
[2024-03-04T17:39:11.006+0000] {processor.py:183} INFO - Processing /home/airflow/.local/lib/python3.11/site-packages/airflow/example_dags/example_python_decorator.py took 0.073 seconds
[2024-03-04T17:39:42.033+0000] {processor.py:161} INFO - Started process (PID=2582) to work on /home/airflow/.local/lib/python3.11/site-packages/airflow/example_dags/example_python_decorator.py
[2024-03-04T17:39:42.034+0000] {processor.py:830} INFO - Processing file /home/airflow/.local/lib/python3.11/site-packages/airflow/example_dags/example_python_decorator.py for tasks to queue
[2024-03-04T17:39:42.036+0000] {logging_mixin.py:188} INFO - [2024-03-04T17:39:42.035+0000] {dagbag.py:540} INFO - Filling up the DagBag from /home/airflow/.local/lib/python3.11/site-packages/airflow/example_dags/example_python_decorator.py
[2024-03-04T17:39:42.052+0000] {processor.py:840} INFO - DAG(s) 'example_python_decorator' retrieved from /home/airflow/.local/lib/python3.11/site-packages/airflow/example_dags/example_python_decorator.py
[2024-03-04T17:39:42.073+0000] {logging_mixin.py:188} INFO - [2024-03-04T17:39:42.073+0000] {dag.py:3047} INFO - Sync 1 DAGs
[2024-03-04T17:39:42.086+0000] {logging_mixin.py:188} INFO - [2024-03-04T17:39:42.086+0000] {dag.py:3834} INFO - Setting next_dagrun for example_python_decorator to None, run_after=None
[2024-03-04T17:39:42.103+0000] {processor.py:183} INFO - Processing /home/airflow/.local/lib/python3.11/site-packages/airflow/example_dags/example_python_decorator.py took 0.073 seconds
[2024-03-04T17:40:51.900+0000] {processor.py:161} INFO - Started process (PID=2835) to work on /home/airflow/.local/lib/python3.11/site-packages/airflow/example_dags/example_python_decorator.py
[2024-03-04T17:40:51.903+0000] {processor.py:830} INFO - Processing file /home/airflow/.local/lib/python3.11/site-packages/airflow/example_dags/example_python_decorator.py for tasks to queue
[2024-03-04T17:40:51.905+0000] {logging_mixin.py:188} INFO - [2024-03-04T17:40:51.905+0000] {dagbag.py:540} INFO - Filling up the DagBag from /home/airflow/.local/lib/python3.11/site-packages/airflow/example_dags/example_python_decorator.py
[2024-03-04T17:40:51.938+0000] {processor.py:840} INFO - DAG(s) 'example_python_decorator' retrieved from /home/airflow/.local/lib/python3.11/site-packages/airflow/example_dags/example_python_decorator.py
[2024-03-04T17:40:51.978+0000] {logging_mixin.py:188} INFO - [2024-03-04T17:40:51.978+0000] {dag.py:3047} INFO - Sync 1 DAGs
[2024-03-04T17:40:51.999+0000] {logging_mixin.py:188} INFO - [2024-03-04T17:40:51.998+0000] {dag.py:3834} INFO - Setting next_dagrun for example_python_decorator to None, run_after=None
[2024-03-04T17:40:52.057+0000] {processor.py:183} INFO - Processing /home/airflow/.local/lib/python3.11/site-packages/airflow/example_dags/example_python_decorator.py took 0.163 seconds
[2024-03-04T17:41:24.601+0000] {processor.py:161} INFO - Started process (PID=3082) to work on /home/airflow/.local/lib/python3.11/site-packages/airflow/example_dags/example_python_decorator.py
[2024-03-04T17:41:24.603+0000] {processor.py:830} INFO - Processing file /home/airflow/.local/lib/python3.11/site-packages/airflow/example_dags/example_python_decorator.py for tasks to queue
[2024-03-04T17:41:24.605+0000] {logging_mixin.py:188} INFO - [2024-03-04T17:41:24.604+0000] {dagbag.py:540} INFO - Filling up the DagBag from /home/airflow/.local/lib/python3.11/site-packages/airflow/example_dags/example_python_decorator.py
[2024-03-04T17:41:24.623+0000] {processor.py:840} INFO - DAG(s) 'example_python_decorator' retrieved from /home/airflow/.local/lib/python3.11/site-packages/airflow/example_dags/example_python_decorator.py
[2024-03-04T17:41:24.659+0000] {logging_mixin.py:188} INFO - [2024-03-04T17:41:24.659+0000] {dag.py:3047} INFO - Sync 1 DAGs
[2024-03-04T17:41:24.679+0000] {logging_mixin.py:188} INFO - [2024-03-04T17:41:24.678+0000] {dag.py:3834} INFO - Setting next_dagrun for example_python_decorator to None, run_after=None
[2024-03-04T17:41:24.712+0000] {processor.py:183} INFO - Processing /home/airflow/.local/lib/python3.11/site-packages/airflow/example_dags/example_python_decorator.py took 0.114 seconds
[2024-03-04T17:43:27.779+0000] {processor.py:161} INFO - Started process (PID=355) to work on /home/airflow/.local/lib/python3.11/site-packages/airflow/example_dags/example_python_decorator.py
[2024-03-04T17:43:27.781+0000] {processor.py:830} INFO - Processing file /home/airflow/.local/lib/python3.11/site-packages/airflow/example_dags/example_python_decorator.py for tasks to queue
[2024-03-04T17:43:27.783+0000] {logging_mixin.py:188} INFO - [2024-03-04T17:43:27.782+0000] {dagbag.py:540} INFO - Filling up the DagBag from /home/airflow/.local/lib/python3.11/site-packages/airflow/example_dags/example_python_decorator.py
[2024-03-04T17:43:27.799+0000] {processor.py:840} INFO - DAG(s) 'example_python_decorator' retrieved from /home/airflow/.local/lib/python3.11/site-packages/airflow/example_dags/example_python_decorator.py
[2024-03-04T17:43:27.813+0000] {logging_mixin.py:188} INFO - [2024-03-04T17:43:27.813+0000] {dag.py:3047} INFO - Sync 1 DAGs
[2024-03-04T17:43:28.014+0000] {logging_mixin.py:188} INFO - [2024-03-04T17:43:28.013+0000] {dag.py:3834} INFO - Setting next_dagrun for example_python_decorator to None, run_after=None
[2024-03-04T17:43:28.041+0000] {processor.py:183} INFO - Processing /home/airflow/.local/lib/python3.11/site-packages/airflow/example_dags/example_python_decorator.py took 0.266 seconds
[2024-03-04T17:43:58.621+0000] {processor.py:161} INFO - Started process (PID=601) to work on /home/airflow/.local/lib/python3.11/site-packages/airflow/example_dags/example_python_decorator.py
[2024-03-04T17:43:58.622+0000] {processor.py:830} INFO - Processing file /home/airflow/.local/lib/python3.11/site-packages/airflow/example_dags/example_python_decorator.py for tasks to queue
[2024-03-04T17:43:58.623+0000] {logging_mixin.py:188} INFO - [2024-03-04T17:43:58.622+0000] {dagbag.py:540} INFO - Filling up the DagBag from /home/airflow/.local/lib/python3.11/site-packages/airflow/example_dags/example_python_decorator.py
[2024-03-04T17:43:58.637+0000] {processor.py:840} INFO - DAG(s) 'example_python_decorator' retrieved from /home/airflow/.local/lib/python3.11/site-packages/airflow/example_dags/example_python_decorator.py
[2024-03-04T17:43:58.744+0000] {logging_mixin.py:188} INFO - [2024-03-04T17:43:58.743+0000] {dag.py:3047} INFO - Sync 1 DAGs
[2024-03-04T17:43:58.758+0000] {logging_mixin.py:188} INFO - [2024-03-04T17:43:58.758+0000] {dag.py:3834} INFO - Setting next_dagrun for example_python_decorator to None, run_after=None
[2024-03-04T17:43:58.781+0000] {processor.py:183} INFO - Processing /home/airflow/.local/lib/python3.11/site-packages/airflow/example_dags/example_python_decorator.py took 0.164 seconds
[2024-03-04T17:44:28.972+0000] {processor.py:161} INFO - Started process (PID=848) to work on /home/airflow/.local/lib/python3.11/site-packages/airflow/example_dags/example_python_decorator.py
[2024-03-04T17:44:28.973+0000] {processor.py:830} INFO - Processing file /home/airflow/.local/lib/python3.11/site-packages/airflow/example_dags/example_python_decorator.py for tasks to queue
[2024-03-04T17:44:28.975+0000] {logging_mixin.py:188} INFO - [2024-03-04T17:44:28.974+0000] {dagbag.py:540} INFO - Filling up the DagBag from /home/airflow/.local/lib/python3.11/site-packages/airflow/example_dags/example_python_decorator.py
[2024-03-04T17:44:28.988+0000] {processor.py:840} INFO - DAG(s) 'example_python_decorator' retrieved from /home/airflow/.local/lib/python3.11/site-packages/airflow/example_dags/example_python_decorator.py
[2024-03-04T17:44:29.014+0000] {logging_mixin.py:188} INFO - [2024-03-04T17:44:29.013+0000] {dag.py:3047} INFO - Sync 1 DAGs
[2024-03-04T17:44:29.028+0000] {logging_mixin.py:188} INFO - [2024-03-04T17:44:29.027+0000] {dag.py:3834} INFO - Setting next_dagrun for example_python_decorator to None, run_after=None
[2024-03-04T17:44:29.047+0000] {processor.py:183} INFO - Processing /home/airflow/.local/lib/python3.11/site-packages/airflow/example_dags/example_python_decorator.py took 0.078 seconds
