[2024-03-04T17:34:39.823+0000] {processor.py:161} INFO - Started process (PID=330) to work on /home/airflow/.local/lib/python3.11/site-packages/airflow/example_dags/example_dynamic_task_mapping.py
[2024-03-04T17:34:39.824+0000] {processor.py:830} INFO - Processing file /home/airflow/.local/lib/python3.11/site-packages/airflow/example_dags/example_dynamic_task_mapping.py for tasks to queue
[2024-03-04T17:34:39.826+0000] {logging_mixin.py:188} INFO - [2024-03-04T17:34:39.826+0000] {dagbag.py:540} INFO - Filling up the DagBag from /home/airflow/.local/lib/python3.11/site-packages/airflow/example_dags/example_dynamic_task_mapping.py
[2024-03-04T17:34:39.845+0000] {processor.py:840} INFO - DAG(s) 'example_dynamic_task_mapping' retrieved from /home/airflow/.local/lib/python3.11/site-packages/airflow/example_dags/example_dynamic_task_mapping.py
[2024-03-04T17:34:40.008+0000] {logging_mixin.py:188} INFO - [2024-03-04T17:34:40.007+0000] {dag.py:3047} INFO - Sync 1 DAGs
[2024-03-04T17:34:40.040+0000] {logging_mixin.py:188} INFO - [2024-03-04T17:34:40.040+0000] {dag.py:3834} INFO - Setting next_dagrun for example_dynamic_task_mapping to 2022-03-04 00:00:00+00:00, run_after=2022-03-05 00:00:00+00:00
[2024-03-04T17:34:40.087+0000] {processor.py:183} INFO - Processing /home/airflow/.local/lib/python3.11/site-packages/airflow/example_dags/example_dynamic_task_mapping.py took 0.269 seconds
[2024-03-04T17:35:10.442+0000] {processor.py:161} INFO - Started process (PID=576) to work on /home/airflow/.local/lib/python3.11/site-packages/airflow/example_dags/example_dynamic_task_mapping.py
[2024-03-04T17:35:10.445+0000] {processor.py:830} INFO - Processing file /home/airflow/.local/lib/python3.11/site-packages/airflow/example_dags/example_dynamic_task_mapping.py for tasks to queue
[2024-03-04T17:35:10.447+0000] {logging_mixin.py:188} INFO - [2024-03-04T17:35:10.446+0000] {dagbag.py:540} INFO - Filling up the DagBag from /home/airflow/.local/lib/python3.11/site-packages/airflow/example_dags/example_dynamic_task_mapping.py
[2024-03-04T17:35:10.443+0000] {processor.py:840} INFO - DAG(s) 'example_dynamic_task_mapping' retrieved from /home/airflow/.local/lib/python3.11/site-packages/airflow/example_dags/example_dynamic_task_mapping.py
[2024-03-04T17:35:10.464+0000] {logging_mixin.py:188} INFO - [2024-03-04T17:35:10.464+0000] {dag.py:3047} INFO - Sync 1 DAGs
[2024-03-04T17:35:10.493+0000] {logging_mixin.py:188} INFO - [2024-03-04T17:35:10.492+0000] {dag.py:3834} INFO - Setting next_dagrun for example_dynamic_task_mapping to 2022-03-04 00:00:00+00:00, run_after=2022-03-05 00:00:00+00:00
[2024-03-04T17:35:10.514+0000] {processor.py:183} INFO - Processing /home/airflow/.local/lib/python3.11/site-packages/airflow/example_dags/example_dynamic_task_mapping.py took 0.094 seconds
[2024-03-04T17:35:42.090+0000] {processor.py:161} INFO - Started process (PID=824) to work on /home/airflow/.local/lib/python3.11/site-packages/airflow/example_dags/example_dynamic_task_mapping.py
[2024-03-04T17:35:42.092+0000] {processor.py:830} INFO - Processing file /home/airflow/.local/lib/python3.11/site-packages/airflow/example_dags/example_dynamic_task_mapping.py for tasks to queue
[2024-03-04T17:35:42.095+0000] {logging_mixin.py:188} INFO - [2024-03-04T17:35:42.094+0000] {dagbag.py:540} INFO - Filling up the DagBag from /home/airflow/.local/lib/python3.11/site-packages/airflow/example_dags/example_dynamic_task_mapping.py
[2024-03-04T17:35:42.109+0000] {processor.py:840} INFO - DAG(s) 'example_dynamic_task_mapping' retrieved from /home/airflow/.local/lib/python3.11/site-packages/airflow/example_dags/example_dynamic_task_mapping.py
[2024-03-04T17:35:42.157+0000] {logging_mixin.py:188} INFO - [2024-03-04T17:35:42.157+0000] {dag.py:3047} INFO - Sync 1 DAGs
[2024-03-04T17:35:42.194+0000] {logging_mixin.py:188} INFO - [2024-03-04T17:35:42.194+0000] {dag.py:3834} INFO - Setting next_dagrun for example_dynamic_task_mapping to 2022-03-04 00:00:00+00:00, run_after=2022-03-05 00:00:00+00:00
[2024-03-04T17:35:42.221+0000] {processor.py:183} INFO - Processing /home/airflow/.local/lib/python3.11/site-packages/airflow/example_dags/example_dynamic_task_mapping.py took 0.140 seconds
[2024-03-04T17:36:12.512+0000] {processor.py:161} INFO - Started process (PID=1071) to work on /home/airflow/.local/lib/python3.11/site-packages/airflow/example_dags/example_dynamic_task_mapping.py
[2024-03-04T17:36:12.513+0000] {processor.py:830} INFO - Processing file /home/airflow/.local/lib/python3.11/site-packages/airflow/example_dags/example_dynamic_task_mapping.py for tasks to queue
[2024-03-04T17:36:12.515+0000] {logging_mixin.py:188} INFO - [2024-03-04T17:36:12.515+0000] {dagbag.py:540} INFO - Filling up the DagBag from /home/airflow/.local/lib/python3.11/site-packages/airflow/example_dags/example_dynamic_task_mapping.py
[2024-03-04T17:36:12.524+0000] {processor.py:840} INFO - DAG(s) 'example_dynamic_task_mapping' retrieved from /home/airflow/.local/lib/python3.11/site-packages/airflow/example_dags/example_dynamic_task_mapping.py
[2024-03-04T17:36:12.544+0000] {logging_mixin.py:188} INFO - [2024-03-04T17:36:12.544+0000] {dag.py:3047} INFO - Sync 1 DAGs
[2024-03-04T17:36:12.566+0000] {logging_mixin.py:188} INFO - [2024-03-04T17:36:12.565+0000] {dag.py:3834} INFO - Setting next_dagrun for example_dynamic_task_mapping to 2022-03-04 00:00:00+00:00, run_after=2022-03-05 00:00:00+00:00
[2024-03-04T17:36:12.584+0000] {processor.py:183} INFO - Processing /home/airflow/.local/lib/python3.11/site-packages/airflow/example_dags/example_dynamic_task_mapping.py took 0.076 seconds
[2024-03-04T17:36:43.157+0000] {processor.py:161} INFO - Started process (PID=1316) to work on /home/airflow/.local/lib/python3.11/site-packages/airflow/example_dags/example_dynamic_task_mapping.py
[2024-03-04T17:36:43.158+0000] {processor.py:830} INFO - Processing file /home/airflow/.local/lib/python3.11/site-packages/airflow/example_dags/example_dynamic_task_mapping.py for tasks to queue
[2024-03-04T17:36:43.160+0000] {logging_mixin.py:188} INFO - [2024-03-04T17:36:43.159+0000] {dagbag.py:540} INFO - Filling up the DagBag from /home/airflow/.local/lib/python3.11/site-packages/airflow/example_dags/example_dynamic_task_mapping.py
[2024-03-04T17:36:43.171+0000] {processor.py:840} INFO - DAG(s) 'example_dynamic_task_mapping' retrieved from /home/airflow/.local/lib/python3.11/site-packages/airflow/example_dags/example_dynamic_task_mapping.py
[2024-03-04T17:36:43.195+0000] {logging_mixin.py:188} INFO - [2024-03-04T17:36:43.195+0000] {dag.py:3047} INFO - Sync 1 DAGs
[2024-03-04T17:36:43.226+0000] {logging_mixin.py:188} INFO - [2024-03-04T17:36:43.225+0000] {dag.py:3834} INFO - Setting next_dagrun for example_dynamic_task_mapping to 2022-03-04 00:00:00+00:00, run_after=2022-03-05 00:00:00+00:00
[2024-03-04T17:36:43.251+0000] {processor.py:183} INFO - Processing /home/airflow/.local/lib/python3.11/site-packages/airflow/example_dags/example_dynamic_task_mapping.py took 0.098 seconds
[2024-03-04T17:37:38.965+0000] {processor.py:161} INFO - Started process (PID=1569) to work on /home/airflow/.local/lib/python3.11/site-packages/airflow/example_dags/example_dynamic_task_mapping.py
[2024-03-04T17:37:38.967+0000] {processor.py:830} INFO - Processing file /home/airflow/.local/lib/python3.11/site-packages/airflow/example_dags/example_dynamic_task_mapping.py for tasks to queue
[2024-03-04T17:37:38.968+0000] {logging_mixin.py:188} INFO - [2024-03-04T17:37:38.968+0000] {dagbag.py:540} INFO - Filling up the DagBag from /home/airflow/.local/lib/python3.11/site-packages/airflow/example_dags/example_dynamic_task_mapping.py
[2024-03-04T17:37:38.982+0000] {processor.py:840} INFO - DAG(s) 'example_dynamic_task_mapping' retrieved from /home/airflow/.local/lib/python3.11/site-packages/airflow/example_dags/example_dynamic_task_mapping.py
[2024-03-04T17:37:39.005+0000] {logging_mixin.py:188} INFO - [2024-03-04T17:37:39.005+0000] {dag.py:3047} INFO - Sync 1 DAGs
[2024-03-04T17:37:39.034+0000] {logging_mixin.py:188} INFO - [2024-03-04T17:37:39.034+0000] {dag.py:3834} INFO - Setting next_dagrun for example_dynamic_task_mapping to 2022-03-04 00:00:00+00:00, run_after=2022-03-05 00:00:00+00:00
[2024-03-04T17:37:39.056+0000] {processor.py:183} INFO - Processing /home/airflow/.local/lib/python3.11/site-packages/airflow/example_dags/example_dynamic_task_mapping.py took 0.096 seconds
[2024-03-04T17:38:09.953+0000] {processor.py:161} INFO - Started process (PID=1816) to work on /home/airflow/.local/lib/python3.11/site-packages/airflow/example_dags/example_dynamic_task_mapping.py
[2024-03-04T17:38:09.954+0000] {processor.py:830} INFO - Processing file /home/airflow/.local/lib/python3.11/site-packages/airflow/example_dags/example_dynamic_task_mapping.py for tasks to queue
[2024-03-04T17:38:09.955+0000] {logging_mixin.py:188} INFO - [2024-03-04T17:38:09.955+0000] {dagbag.py:540} INFO - Filling up the DagBag from /home/airflow/.local/lib/python3.11/site-packages/airflow/example_dags/example_dynamic_task_mapping.py
[2024-03-04T17:38:09.968+0000] {processor.py:840} INFO - DAG(s) 'example_dynamic_task_mapping' retrieved from /home/airflow/.local/lib/python3.11/site-packages/airflow/example_dags/example_dynamic_task_mapping.py
[2024-03-04T17:38:09.990+0000] {logging_mixin.py:188} INFO - [2024-03-04T17:38:09.990+0000] {dag.py:3047} INFO - Sync 1 DAGs
[2024-03-04T17:38:10.022+0000] {logging_mixin.py:188} INFO - [2024-03-04T17:38:10.021+0000] {dag.py:3834} INFO - Setting next_dagrun for example_dynamic_task_mapping to 2022-03-04 00:00:00+00:00, run_after=2022-03-05 00:00:00+00:00
[2024-03-04T17:38:10.053+0000] {processor.py:183} INFO - Processing /home/airflow/.local/lib/python3.11/site-packages/airflow/example_dags/example_dynamic_task_mapping.py took 0.105 seconds
[2024-03-04T17:38:40.424+0000] {processor.py:161} INFO - Started process (PID=2063) to work on /home/airflow/.local/lib/python3.11/site-packages/airflow/example_dags/example_dynamic_task_mapping.py
[2024-03-04T17:38:40.426+0000] {processor.py:830} INFO - Processing file /home/airflow/.local/lib/python3.11/site-packages/airflow/example_dags/example_dynamic_task_mapping.py for tasks to queue
[2024-03-04T17:38:40.427+0000] {logging_mixin.py:188} INFO - [2024-03-04T17:38:40.427+0000] {dagbag.py:540} INFO - Filling up the DagBag from /home/airflow/.local/lib/python3.11/site-packages/airflow/example_dags/example_dynamic_task_mapping.py
[2024-03-04T17:38:40.438+0000] {processor.py:840} INFO - DAG(s) 'example_dynamic_task_mapping' retrieved from /home/airflow/.local/lib/python3.11/site-packages/airflow/example_dags/example_dynamic_task_mapping.py
[2024-03-04T17:38:40.444+0000] {logging_mixin.py:188} INFO - [2024-03-04T17:38:40.444+0000] {dag.py:3047} INFO - Sync 1 DAGs
[2024-03-04T17:38:40.466+0000] {logging_mixin.py:188} INFO - [2024-03-04T17:38:40.466+0000] {dag.py:3834} INFO - Setting next_dagrun for example_dynamic_task_mapping to 2022-03-04 00:00:00+00:00, run_after=2022-03-05 00:00:00+00:00
[2024-03-04T17:38:40.485+0000] {processor.py:183} INFO - Processing /home/airflow/.local/lib/python3.11/site-packages/airflow/example_dags/example_dynamic_task_mapping.py took 0.081 seconds
[2024-03-04T17:39:10.671+0000] {processor.py:161} INFO - Started process (PID=2310) to work on /home/airflow/.local/lib/python3.11/site-packages/airflow/example_dags/example_dynamic_task_mapping.py
[2024-03-04T17:39:10.672+0000] {processor.py:830} INFO - Processing file /home/airflow/.local/lib/python3.11/site-packages/airflow/example_dags/example_dynamic_task_mapping.py for tasks to queue
[2024-03-04T17:39:10.673+0000] {logging_mixin.py:188} INFO - [2024-03-04T17:39:10.673+0000] {dagbag.py:540} INFO - Filling up the DagBag from /home/airflow/.local/lib/python3.11/site-packages/airflow/example_dags/example_dynamic_task_mapping.py
[2024-03-04T17:39:10.682+0000] {processor.py:840} INFO - DAG(s) 'example_dynamic_task_mapping' retrieved from /home/airflow/.local/lib/python3.11/site-packages/airflow/example_dags/example_dynamic_task_mapping.py
[2024-03-04T17:39:10.703+0000] {logging_mixin.py:188} INFO - [2024-03-04T17:39:10.702+0000] {dag.py:3047} INFO - Sync 1 DAGs
[2024-03-04T17:39:10.725+0000] {logging_mixin.py:188} INFO - [2024-03-04T17:39:10.724+0000] {dag.py:3834} INFO - Setting next_dagrun for example_dynamic_task_mapping to 2022-03-04 00:00:00+00:00, run_after=2022-03-05 00:00:00+00:00
[2024-03-04T17:39:10.745+0000] {processor.py:183} INFO - Processing /home/airflow/.local/lib/python3.11/site-packages/airflow/example_dags/example_dynamic_task_mapping.py took 0.077 seconds
[2024-03-04T17:39:41.743+0000] {processor.py:161} INFO - Started process (PID=2557) to work on /home/airflow/.local/lib/python3.11/site-packages/airflow/example_dags/example_dynamic_task_mapping.py
[2024-03-04T17:39:41.744+0000] {processor.py:830} INFO - Processing file /home/airflow/.local/lib/python3.11/site-packages/airflow/example_dags/example_dynamic_task_mapping.py for tasks to queue
[2024-03-04T17:39:41.745+0000] {logging_mixin.py:188} INFO - [2024-03-04T17:39:41.744+0000] {dagbag.py:540} INFO - Filling up the DagBag from /home/airflow/.local/lib/python3.11/site-packages/airflow/example_dags/example_dynamic_task_mapping.py
[2024-03-04T17:39:41.753+0000] {processor.py:840} INFO - DAG(s) 'example_dynamic_task_mapping' retrieved from /home/airflow/.local/lib/python3.11/site-packages/airflow/example_dags/example_dynamic_task_mapping.py
[2024-03-04T17:39:41.778+0000] {logging_mixin.py:188} INFO - [2024-03-04T17:39:41.778+0000] {dag.py:3047} INFO - Sync 1 DAGs
[2024-03-04T17:39:41.805+0000] {logging_mixin.py:188} INFO - [2024-03-04T17:39:41.805+0000] {dag.py:3834} INFO - Setting next_dagrun for example_dynamic_task_mapping to 2022-03-04 00:00:00+00:00, run_after=2022-03-05 00:00:00+00:00
[2024-03-04T17:39:41.823+0000] {processor.py:183} INFO - Processing /home/airflow/.local/lib/python3.11/site-packages/airflow/example_dags/example_dynamic_task_mapping.py took 0.083 seconds
[2024-03-04T17:40:51.459+0000] {processor.py:161} INFO - Started process (PID=2810) to work on /home/airflow/.local/lib/python3.11/site-packages/airflow/example_dags/example_dynamic_task_mapping.py
[2024-03-04T17:40:51.462+0000] {processor.py:830} INFO - Processing file /home/airflow/.local/lib/python3.11/site-packages/airflow/example_dags/example_dynamic_task_mapping.py for tasks to queue
[2024-03-04T17:40:51.464+0000] {logging_mixin.py:188} INFO - [2024-03-04T17:40:51.463+0000] {dagbag.py:540} INFO - Filling up the DagBag from /home/airflow/.local/lib/python3.11/site-packages/airflow/example_dags/example_dynamic_task_mapping.py
[2024-03-04T17:40:51.480+0000] {processor.py:840} INFO - DAG(s) 'example_dynamic_task_mapping' retrieved from /home/airflow/.local/lib/python3.11/site-packages/airflow/example_dags/example_dynamic_task_mapping.py
[2024-03-04T17:40:51.514+0000] {logging_mixin.py:188} INFO - [2024-03-04T17:40:51.513+0000] {dag.py:3047} INFO - Sync 1 DAGs
[2024-03-04T17:40:51.550+0000] {logging_mixin.py:188} INFO - [2024-03-04T17:40:51.550+0000] {dag.py:3834} INFO - Setting next_dagrun for example_dynamic_task_mapping to 2022-03-04 00:00:00+00:00, run_after=2022-03-05 00:00:00+00:00
[2024-03-04T17:40:51.577+0000] {processor.py:183} INFO - Processing /home/airflow/.local/lib/python3.11/site-packages/airflow/example_dags/example_dynamic_task_mapping.py took 0.124 seconds
[2024-03-04T17:41:23.970+0000] {processor.py:161} INFO - Started process (PID=3059) to work on /home/airflow/.local/lib/python3.11/site-packages/airflow/example_dags/example_dynamic_task_mapping.py
[2024-03-04T17:41:23.981+0000] {processor.py:830} INFO - Processing file /home/airflow/.local/lib/python3.11/site-packages/airflow/example_dags/example_dynamic_task_mapping.py for tasks to queue
[2024-03-04T17:41:23.983+0000] {logging_mixin.py:188} INFO - [2024-03-04T17:41:23.982+0000] {dagbag.py:540} INFO - Filling up the DagBag from /home/airflow/.local/lib/python3.11/site-packages/airflow/example_dags/example_dynamic_task_mapping.py
[2024-03-04T17:41:23.995+0000] {processor.py:840} INFO - DAG(s) 'example_dynamic_task_mapping' retrieved from /home/airflow/.local/lib/python3.11/site-packages/airflow/example_dags/example_dynamic_task_mapping.py
[2024-03-04T17:41:24.050+0000] {logging_mixin.py:188} INFO - [2024-03-04T17:41:24.049+0000] {dag.py:3047} INFO - Sync 1 DAGs
[2024-03-04T17:41:24.090+0000] {logging_mixin.py:188} INFO - [2024-03-04T17:41:24.089+0000] {dag.py:3834} INFO - Setting next_dagrun for example_dynamic_task_mapping to 2022-03-04 00:00:00+00:00, run_after=2022-03-05 00:00:00+00:00
[2024-03-04T17:41:24.147+0000] {processor.py:183} INFO - Processing /home/airflow/.local/lib/python3.11/site-packages/airflow/example_dags/example_dynamic_task_mapping.py took 0.181 seconds
[2024-03-04T17:43:26.738+0000] {processor.py:161} INFO - Started process (PID=331) to work on /home/airflow/.local/lib/python3.11/site-packages/airflow/example_dags/example_dynamic_task_mapping.py
[2024-03-04T17:43:26.740+0000] {processor.py:830} INFO - Processing file /home/airflow/.local/lib/python3.11/site-packages/airflow/example_dags/example_dynamic_task_mapping.py for tasks to queue
[2024-03-04T17:43:26.742+0000] {logging_mixin.py:188} INFO - [2024-03-04T17:43:26.741+0000] {dagbag.py:540} INFO - Filling up the DagBag from /home/airflow/.local/lib/python3.11/site-packages/airflow/example_dags/example_dynamic_task_mapping.py
[2024-03-04T17:43:26.757+0000] {processor.py:840} INFO - DAG(s) 'example_dynamic_task_mapping' retrieved from /home/airflow/.local/lib/python3.11/site-packages/airflow/example_dags/example_dynamic_task_mapping.py
[2024-03-04T17:43:26.775+0000] {logging_mixin.py:188} INFO - [2024-03-04T17:43:26.774+0000] {dag.py:3047} INFO - Sync 1 DAGs
[2024-03-04T17:43:27.010+0000] {logging_mixin.py:188} INFO - [2024-03-04T17:43:27.009+0000] {dag.py:3834} INFO - Setting next_dagrun for example_dynamic_task_mapping to 2022-03-04 00:00:00+00:00, run_after=2022-03-05 00:00:00+00:00
[2024-03-04T17:43:27.071+0000] {processor.py:183} INFO - Processing /home/airflow/.local/lib/python3.11/site-packages/airflow/example_dags/example_dynamic_task_mapping.py took 0.337 seconds
[2024-03-04T17:43:57.220+0000] {processor.py:161} INFO - Started process (PID=578) to work on /home/airflow/.local/lib/python3.11/site-packages/airflow/example_dags/example_dynamic_task_mapping.py
[2024-03-04T17:43:57.221+0000] {processor.py:830} INFO - Processing file /home/airflow/.local/lib/python3.11/site-packages/airflow/example_dags/example_dynamic_task_mapping.py for tasks to queue
[2024-03-04T17:43:57.223+0000] {logging_mixin.py:188} INFO - [2024-03-04T17:43:57.222+0000] {dagbag.py:540} INFO - Filling up the DagBag from /home/airflow/.local/lib/python3.11/site-packages/airflow/example_dags/example_dynamic_task_mapping.py
[2024-03-04T17:43:57.234+0000] {processor.py:840} INFO - DAG(s) 'example_dynamic_task_mapping' retrieved from /home/airflow/.local/lib/python3.11/site-packages/airflow/example_dags/example_dynamic_task_mapping.py
[2024-03-04T17:43:57.324+0000] {logging_mixin.py:188} INFO - [2024-03-04T17:43:57.324+0000] {dag.py:3047} INFO - Sync 1 DAGs
[2024-03-04T17:43:57.349+0000] {logging_mixin.py:188} INFO - [2024-03-04T17:43:57.349+0000] {dag.py:3834} INFO - Setting next_dagrun for example_dynamic_task_mapping to 2022-03-04 00:00:00+00:00, run_after=2022-03-05 00:00:00+00:00
[2024-03-04T17:43:57.379+0000] {processor.py:183} INFO - Processing /home/airflow/.local/lib/python3.11/site-packages/airflow/example_dags/example_dynamic_task_mapping.py took 0.163 seconds
[2024-03-04T17:44:27.632+0000] {processor.py:161} INFO - Started process (PID=823) to work on /home/airflow/.local/lib/python3.11/site-packages/airflow/example_dags/example_dynamic_task_mapping.py
[2024-03-04T17:44:27.634+0000] {processor.py:830} INFO - Processing file /home/airflow/.local/lib/python3.11/site-packages/airflow/example_dags/example_dynamic_task_mapping.py for tasks to queue
[2024-03-04T17:44:27.636+0000] {logging_mixin.py:188} INFO - [2024-03-04T17:44:27.635+0000] {dagbag.py:540} INFO - Filling up the DagBag from /home/airflow/.local/lib/python3.11/site-packages/airflow/example_dags/example_dynamic_task_mapping.py
[2024-03-04T17:44:27.646+0000] {processor.py:840} INFO - DAG(s) 'example_dynamic_task_mapping' retrieved from /home/airflow/.local/lib/python3.11/site-packages/airflow/example_dags/example_dynamic_task_mapping.py
[2024-03-04T17:44:27.671+0000] {logging_mixin.py:188} INFO - [2024-03-04T17:44:27.671+0000] {dag.py:3047} INFO - Sync 1 DAGs
[2024-03-04T17:44:27.700+0000] {logging_mixin.py:188} INFO - [2024-03-04T17:44:27.700+0000] {dag.py:3834} INFO - Setting next_dagrun for example_dynamic_task_mapping to 2022-03-04 00:00:00+00:00, run_after=2022-03-05 00:00:00+00:00
[2024-03-04T17:44:27.723+0000] {processor.py:183} INFO - Processing /home/airflow/.local/lib/python3.11/site-packages/airflow/example_dags/example_dynamic_task_mapping.py took 0.094 seconds
