[2024-03-04T17:34:32.550+0000] {processor.py:161} INFO - Started process (PID=175) to work on /home/airflow/.local/lib/python3.11/site-packages/airflow/example_dags/example_short_circuit_decorator.py
[2024-03-04T17:34:32.552+0000] {processor.py:830} INFO - Processing file /home/airflow/.local/lib/python3.11/site-packages/airflow/example_dags/example_short_circuit_decorator.py for tasks to queue
[2024-03-04T17:34:32.553+0000] {logging_mixin.py:188} INFO - [2024-03-04T17:34:32.552+0000] {dagbag.py:540} INFO - Filling up the DagBag from /home/airflow/.local/lib/python3.11/site-packages/airflow/example_dags/example_short_circuit_decorator.py
[2024-03-04T17:34:32.572+0000] {processor.py:840} INFO - DAG(s) 'example_short_circuit_decorator' retrieved from /home/airflow/.local/lib/python3.11/site-packages/airflow/example_dags/example_short_circuit_decorator.py
[2024-03-04T17:34:32.611+0000] {logging_mixin.py:188} INFO - [2024-03-04T17:34:32.610+0000] {dag.py:3047} INFO - Sync 1 DAGs
[2024-03-04T17:34:32.713+0000] {logging_mixin.py:188} INFO - [2024-03-04T17:34:32.713+0000] {dag.py:3834} INFO - Setting next_dagrun for example_short_circuit_decorator to 2024-03-03 00:00:00+00:00, run_after=2024-03-04 00:00:00+00:00
[2024-03-04T17:34:32.813+0000] {processor.py:183} INFO - Processing /home/airflow/.local/lib/python3.11/site-packages/airflow/example_dags/example_short_circuit_decorator.py took 0.266 seconds
[2024-03-04T17:35:03.192+0000] {processor.py:161} INFO - Started process (PID=421) to work on /home/airflow/.local/lib/python3.11/site-packages/airflow/example_dags/example_short_circuit_decorator.py
[2024-03-04T17:35:03.194+0000] {processor.py:830} INFO - Processing file /home/airflow/.local/lib/python3.11/site-packages/airflow/example_dags/example_short_circuit_decorator.py for tasks to queue
[2024-03-04T17:35:03.197+0000] {logging_mixin.py:188} INFO - [2024-03-04T17:35:03.196+0000] {dagbag.py:540} INFO - Filling up the DagBag from /home/airflow/.local/lib/python3.11/site-packages/airflow/example_dags/example_short_circuit_decorator.py
[2024-03-04T17:35:03.208+0000] {processor.py:840} INFO - DAG(s) 'example_short_circuit_decorator' retrieved from /home/airflow/.local/lib/python3.11/site-packages/airflow/example_dags/example_short_circuit_decorator.py
[2024-03-04T17:35:03.320+0000] {logging_mixin.py:188} INFO - [2024-03-04T17:35:03.319+0000] {dag.py:3047} INFO - Sync 1 DAGs
[2024-03-04T17:35:03.348+0000] {logging_mixin.py:188} INFO - [2024-03-04T17:35:03.347+0000] {dag.py:3834} INFO - Setting next_dagrun for example_short_circuit_decorator to 2024-03-03 00:00:00+00:00, run_after=2024-03-04 00:00:00+00:00
[2024-03-04T17:35:03.374+0000] {processor.py:183} INFO - Processing /home/airflow/.local/lib/python3.11/site-packages/airflow/example_dags/example_short_circuit_decorator.py took 0.186 seconds
[2024-03-04T17:35:34.144+0000] {processor.py:161} INFO - Started process (PID=667) to work on /home/airflow/.local/lib/python3.11/site-packages/airflow/example_dags/example_short_circuit_decorator.py
[2024-03-04T17:35:34.145+0000] {processor.py:830} INFO - Processing file /home/airflow/.local/lib/python3.11/site-packages/airflow/example_dags/example_short_circuit_decorator.py for tasks to queue
[2024-03-04T17:35:34.148+0000] {logging_mixin.py:188} INFO - [2024-03-04T17:35:34.147+0000] {dagbag.py:540} INFO - Filling up the DagBag from /home/airflow/.local/lib/python3.11/site-packages/airflow/example_dags/example_short_circuit_decorator.py
[2024-03-04T17:35:34.160+0000] {processor.py:840} INFO - DAG(s) 'example_short_circuit_decorator' retrieved from /home/airflow/.local/lib/python3.11/site-packages/airflow/example_dags/example_short_circuit_decorator.py
[2024-03-04T17:35:34.183+0000] {logging_mixin.py:188} INFO - [2024-03-04T17:35:34.182+0000] {dag.py:3047} INFO - Sync 1 DAGs
[2024-03-04T17:35:34.207+0000] {logging_mixin.py:188} INFO - [2024-03-04T17:35:34.207+0000] {dag.py:3834} INFO - Setting next_dagrun for example_short_circuit_decorator to 2024-03-03 00:00:00+00:00, run_after=2024-03-04 00:00:00+00:00
[2024-03-04T17:35:34.228+0000] {processor.py:183} INFO - Processing /home/airflow/.local/lib/python3.11/site-packages/airflow/example_dags/example_short_circuit_decorator.py took 0.088 seconds
[2024-03-04T17:36:04.684+0000] {processor.py:161} INFO - Started process (PID=914) to work on /home/airflow/.local/lib/python3.11/site-packages/airflow/example_dags/example_short_circuit_decorator.py
[2024-03-04T17:36:04.685+0000] {processor.py:830} INFO - Processing file /home/airflow/.local/lib/python3.11/site-packages/airflow/example_dags/example_short_circuit_decorator.py for tasks to queue
[2024-03-04T17:36:04.687+0000] {logging_mixin.py:188} INFO - [2024-03-04T17:36:04.686+0000] {dagbag.py:540} INFO - Filling up the DagBag from /home/airflow/.local/lib/python3.11/site-packages/airflow/example_dags/example_short_circuit_decorator.py
[2024-03-04T17:36:04.697+0000] {processor.py:840} INFO - DAG(s) 'example_short_circuit_decorator' retrieved from /home/airflow/.local/lib/python3.11/site-packages/airflow/example_dags/example_short_circuit_decorator.py
[2024-03-04T17:36:04.724+0000] {logging_mixin.py:188} INFO - [2024-03-04T17:36:04.724+0000] {dag.py:3047} INFO - Sync 1 DAGs
[2024-03-04T17:36:04.751+0000] {logging_mixin.py:188} INFO - [2024-03-04T17:36:04.750+0000] {dag.py:3834} INFO - Setting next_dagrun for example_short_circuit_decorator to 2024-03-03 00:00:00+00:00, run_after=2024-03-04 00:00:00+00:00
[2024-03-04T17:36:04.772+0000] {processor.py:183} INFO - Processing /home/airflow/.local/lib/python3.11/site-packages/airflow/example_dags/example_short_circuit_decorator.py took 0.091 seconds
[2024-03-04T17:36:36.002+0000] {processor.py:161} INFO - Started process (PID=1161) to work on /home/airflow/.local/lib/python3.11/site-packages/airflow/example_dags/example_short_circuit_decorator.py
[2024-03-04T17:36:36.004+0000] {processor.py:830} INFO - Processing file /home/airflow/.local/lib/python3.11/site-packages/airflow/example_dags/example_short_circuit_decorator.py for tasks to queue
[2024-03-04T17:36:36.005+0000] {logging_mixin.py:188} INFO - [2024-03-04T17:36:36.005+0000] {dagbag.py:540} INFO - Filling up the DagBag from /home/airflow/.local/lib/python3.11/site-packages/airflow/example_dags/example_short_circuit_decorator.py
[2024-03-04T17:36:36.022+0000] {processor.py:840} INFO - DAG(s) 'example_short_circuit_decorator' retrieved from /home/airflow/.local/lib/python3.11/site-packages/airflow/example_dags/example_short_circuit_decorator.py
[2024-03-04T17:36:36.053+0000] {logging_mixin.py:188} INFO - [2024-03-04T17:36:36.053+0000] {dag.py:3047} INFO - Sync 1 DAGs
[2024-03-04T17:36:36.079+0000] {logging_mixin.py:188} INFO - [2024-03-04T17:36:36.079+0000] {dag.py:3834} INFO - Setting next_dagrun for example_short_circuit_decorator to 2024-03-03 00:00:00+00:00, run_after=2024-03-04 00:00:00+00:00
[2024-03-04T17:36:36.101+0000] {processor.py:183} INFO - Processing /home/airflow/.local/lib/python3.11/site-packages/airflow/example_dags/example_short_circuit_decorator.py took 0.104 seconds
[2024-03-04T17:37:36.003+0000] {processor.py:161} INFO - Started process (PID=1416) to work on /home/airflow/.local/lib/python3.11/site-packages/airflow/example_dags/example_short_circuit_decorator.py
[2024-03-04T17:37:36.005+0000] {processor.py:830} INFO - Processing file /home/airflow/.local/lib/python3.11/site-packages/airflow/example_dags/example_short_circuit_decorator.py for tasks to queue
[2024-03-04T17:37:36.008+0000] {logging_mixin.py:188} INFO - [2024-03-04T17:37:36.007+0000] {dagbag.py:540} INFO - Filling up the DagBag from /home/airflow/.local/lib/python3.11/site-packages/airflow/example_dags/example_short_circuit_decorator.py
[2024-03-04T17:37:36.033+0000] {processor.py:840} INFO - DAG(s) 'example_short_circuit_decorator' retrieved from /home/airflow/.local/lib/python3.11/site-packages/airflow/example_dags/example_short_circuit_decorator.py
[2024-03-04T17:37:36.074+0000] {logging_mixin.py:188} INFO - [2024-03-04T17:37:36.073+0000] {dag.py:3047} INFO - Sync 1 DAGs
[2024-03-04T17:37:36.117+0000] {logging_mixin.py:188} INFO - [2024-03-04T17:37:36.117+0000] {dag.py:3834} INFO - Setting next_dagrun for example_short_circuit_decorator to 2024-03-03 00:00:00+00:00, run_after=2024-03-04 00:00:00+00:00
[2024-03-04T17:37:36.150+0000] {processor.py:183} INFO - Processing /home/airflow/.local/lib/python3.11/site-packages/airflow/example_dags/example_short_circuit_decorator.py took 0.152 seconds
[2024-03-04T17:38:06.455+0000] {processor.py:161} INFO - Started process (PID=1663) to work on /home/airflow/.local/lib/python3.11/site-packages/airflow/example_dags/example_short_circuit_decorator.py
[2024-03-04T17:38:06.456+0000] {processor.py:830} INFO - Processing file /home/airflow/.local/lib/python3.11/site-packages/airflow/example_dags/example_short_circuit_decorator.py for tasks to queue
[2024-03-04T17:38:06.458+0000] {logging_mixin.py:188} INFO - [2024-03-04T17:38:06.457+0000] {dagbag.py:540} INFO - Filling up the DagBag from /home/airflow/.local/lib/python3.11/site-packages/airflow/example_dags/example_short_circuit_decorator.py
[2024-03-04T17:38:06.471+0000] {processor.py:840} INFO - DAG(s) 'example_short_circuit_decorator' retrieved from /home/airflow/.local/lib/python3.11/site-packages/airflow/example_dags/example_short_circuit_decorator.py
[2024-03-04T17:38:06.495+0000] {logging_mixin.py:188} INFO - [2024-03-04T17:38:06.494+0000] {dag.py:3047} INFO - Sync 1 DAGs
[2024-03-04T17:38:06.520+0000] {logging_mixin.py:188} INFO - [2024-03-04T17:38:06.520+0000] {dag.py:3834} INFO - Setting next_dagrun for example_short_circuit_decorator to 2024-03-03 00:00:00+00:00, run_after=2024-03-04 00:00:00+00:00
[2024-03-04T17:38:06.541+0000] {processor.py:183} INFO - Processing /home/airflow/.local/lib/python3.11/site-packages/airflow/example_dags/example_short_circuit_decorator.py took 0.090 seconds
[2024-03-04T17:38:36.569+0000] {processor.py:161} INFO - Started process (PID=1908) to work on /home/airflow/.local/lib/python3.11/site-packages/airflow/example_dags/example_short_circuit_decorator.py
[2024-03-04T17:38:36.571+0000] {processor.py:830} INFO - Processing file /home/airflow/.local/lib/python3.11/site-packages/airflow/example_dags/example_short_circuit_decorator.py for tasks to queue
[2024-03-04T17:38:36.572+0000] {logging_mixin.py:188} INFO - [2024-03-04T17:38:36.572+0000] {dagbag.py:540} INFO - Filling up the DagBag from /home/airflow/.local/lib/python3.11/site-packages/airflow/example_dags/example_short_circuit_decorator.py
[2024-03-04T17:38:36.585+0000] {processor.py:840} INFO - DAG(s) 'example_short_circuit_decorator' retrieved from /home/airflow/.local/lib/python3.11/site-packages/airflow/example_dags/example_short_circuit_decorator.py
[2024-03-04T17:38:36.611+0000] {logging_mixin.py:188} INFO - [2024-03-04T17:38:36.611+0000] {dag.py:3047} INFO - Sync 1 DAGs
[2024-03-04T17:38:36.635+0000] {logging_mixin.py:188} INFO - [2024-03-04T17:38:36.635+0000] {dag.py:3834} INFO - Setting next_dagrun for example_short_circuit_decorator to 2024-03-03 00:00:00+00:00, run_after=2024-03-04 00:00:00+00:00
[2024-03-04T17:38:36.658+0000] {processor.py:183} INFO - Processing /home/airflow/.local/lib/python3.11/site-packages/airflow/example_dags/example_short_circuit_decorator.py took 0.092 seconds
[2024-03-04T17:39:06.794+0000] {processor.py:161} INFO - Started process (PID=2155) to work on /home/airflow/.local/lib/python3.11/site-packages/airflow/example_dags/example_short_circuit_decorator.py
[2024-03-04T17:39:06.796+0000] {processor.py:830} INFO - Processing file /home/airflow/.local/lib/python3.11/site-packages/airflow/example_dags/example_short_circuit_decorator.py for tasks to queue
[2024-03-04T17:39:06.798+0000] {logging_mixin.py:188} INFO - [2024-03-04T17:39:06.797+0000] {dagbag.py:540} INFO - Filling up the DagBag from /home/airflow/.local/lib/python3.11/site-packages/airflow/example_dags/example_short_circuit_decorator.py
[2024-03-04T17:39:06.809+0000] {processor.py:840} INFO - DAG(s) 'example_short_circuit_decorator' retrieved from /home/airflow/.local/lib/python3.11/site-packages/airflow/example_dags/example_short_circuit_decorator.py
[2024-03-04T17:39:06.830+0000] {logging_mixin.py:188} INFO - [2024-03-04T17:39:06.830+0000] {dag.py:3047} INFO - Sync 1 DAGs
[2024-03-04T17:39:06.851+0000] {logging_mixin.py:188} INFO - [2024-03-04T17:39:06.851+0000] {dag.py:3834} INFO - Setting next_dagrun for example_short_circuit_decorator to 2024-03-03 00:00:00+00:00, run_after=2024-03-04 00:00:00+00:00
[2024-03-04T17:39:06.869+0000] {processor.py:183} INFO - Processing /home/airflow/.local/lib/python3.11/site-packages/airflow/example_dags/example_short_circuit_decorator.py took 0.078 seconds
[2024-03-04T17:39:37.789+0000] {processor.py:161} INFO - Started process (PID=2404) to work on /home/airflow/.local/lib/python3.11/site-packages/airflow/example_dags/example_short_circuit_decorator.py
[2024-03-04T17:39:37.790+0000] {processor.py:830} INFO - Processing file /home/airflow/.local/lib/python3.11/site-packages/airflow/example_dags/example_short_circuit_decorator.py for tasks to queue
[2024-03-04T17:39:37.791+0000] {logging_mixin.py:188} INFO - [2024-03-04T17:39:37.791+0000] {dagbag.py:540} INFO - Filling up the DagBag from /home/airflow/.local/lib/python3.11/site-packages/airflow/example_dags/example_short_circuit_decorator.py
[2024-03-04T17:39:37.804+0000] {processor.py:840} INFO - DAG(s) 'example_short_circuit_decorator' retrieved from /home/airflow/.local/lib/python3.11/site-packages/airflow/example_dags/example_short_circuit_decorator.py
[2024-03-04T17:39:37.825+0000] {logging_mixin.py:188} INFO - [2024-03-04T17:39:37.824+0000] {dag.py:3047} INFO - Sync 1 DAGs
[2024-03-04T17:39:37.844+0000] {logging_mixin.py:188} INFO - [2024-03-04T17:39:37.844+0000] {dag.py:3834} INFO - Setting next_dagrun for example_short_circuit_decorator to 2024-03-03 00:00:00+00:00, run_after=2024-03-04 00:00:00+00:00
[2024-03-04T17:39:37.864+0000] {processor.py:183} INFO - Processing /home/airflow/.local/lib/python3.11/site-packages/airflow/example_dags/example_short_circuit_decorator.py took 0.079 seconds
[2024-03-04T17:40:47.428+0000] {processor.py:161} INFO - Started process (PID=2655) to work on /home/airflow/.local/lib/python3.11/site-packages/airflow/example_dags/example_short_circuit_decorator.py
[2024-03-04T17:40:47.432+0000] {processor.py:830} INFO - Processing file /home/airflow/.local/lib/python3.11/site-packages/airflow/example_dags/example_short_circuit_decorator.py for tasks to queue
[2024-03-04T17:40:47.459+0000] {logging_mixin.py:188} INFO - [2024-03-04T17:40:47.445+0000] {dagbag.py:540} INFO - Filling up the DagBag from /home/airflow/.local/lib/python3.11/site-packages/airflow/example_dags/example_short_circuit_decorator.py
[2024-03-04T17:40:47.538+0000] {processor.py:840} INFO - DAG(s) 'example_short_circuit_decorator' retrieved from /home/airflow/.local/lib/python3.11/site-packages/airflow/example_dags/example_short_circuit_decorator.py
[2024-03-04T17:40:47.747+0000] {logging_mixin.py:188} INFO - [2024-03-04T17:40:47.747+0000] {dag.py:3047} INFO - Sync 1 DAGs
[2024-03-04T17:40:47.924+0000] {logging_mixin.py:188} INFO - [2024-03-04T17:40:47.923+0000] {dag.py:3834} INFO - Setting next_dagrun for example_short_circuit_decorator to 2024-03-03 00:00:00+00:00, run_after=2024-03-04 00:00:00+00:00
[2024-03-04T17:40:48.030+0000] {processor.py:183} INFO - Processing /home/airflow/.local/lib/python3.11/site-packages/airflow/example_dags/example_short_circuit_decorator.py took 0.622 seconds
[2024-03-04T17:41:18.702+0000] {processor.py:161} INFO - Started process (PID=2896) to work on /home/airflow/.local/lib/python3.11/site-packages/airflow/example_dags/example_short_circuit_decorator.py
[2024-03-04T17:41:18.703+0000] {processor.py:830} INFO - Processing file /home/airflow/.local/lib/python3.11/site-packages/airflow/example_dags/example_short_circuit_decorator.py for tasks to queue
[2024-03-04T17:41:18.705+0000] {logging_mixin.py:188} INFO - [2024-03-04T17:41:18.705+0000] {dagbag.py:540} INFO - Filling up the DagBag from /home/airflow/.local/lib/python3.11/site-packages/airflow/example_dags/example_short_circuit_decorator.py
[2024-03-04T17:41:18.719+0000] {processor.py:840} INFO - DAG(s) 'example_short_circuit_decorator' retrieved from /home/airflow/.local/lib/python3.11/site-packages/airflow/example_dags/example_short_circuit_decorator.py
[2024-03-04T17:41:18.743+0000] {logging_mixin.py:188} INFO - [2024-03-04T17:41:18.743+0000] {dag.py:3047} INFO - Sync 1 DAGs
[2024-03-04T17:41:18.766+0000] {logging_mixin.py:188} INFO - [2024-03-04T17:41:18.765+0000] {dag.py:3834} INFO - Setting next_dagrun for example_short_circuit_decorator to 2024-03-03 00:00:00+00:00, run_after=2024-03-04 00:00:00+00:00
[2024-03-04T17:41:18.785+0000] {processor.py:183} INFO - Processing /home/airflow/.local/lib/python3.11/site-packages/airflow/example_dags/example_short_circuit_decorator.py took 0.087 seconds
[2024-03-04T17:43:21.967+0000] {processor.py:161} INFO - Started process (PID=174) to work on /home/airflow/.local/lib/python3.11/site-packages/airflow/example_dags/example_short_circuit_decorator.py
[2024-03-04T17:43:21.968+0000] {processor.py:830} INFO - Processing file /home/airflow/.local/lib/python3.11/site-packages/airflow/example_dags/example_short_circuit_decorator.py for tasks to queue
[2024-03-04T17:43:21.970+0000] {logging_mixin.py:188} INFO - [2024-03-04T17:43:21.969+0000] {dagbag.py:540} INFO - Filling up the DagBag from /home/airflow/.local/lib/python3.11/site-packages/airflow/example_dags/example_short_circuit_decorator.py
[2024-03-04T17:43:21.986+0000] {processor.py:840} INFO - DAG(s) 'example_short_circuit_decorator' retrieved from /home/airflow/.local/lib/python3.11/site-packages/airflow/example_dags/example_short_circuit_decorator.py
[2024-03-04T17:43:22.005+0000] {logging_mixin.py:188} INFO - [2024-03-04T17:43:22.005+0000] {dag.py:3047} INFO - Sync 1 DAGs
[2024-03-04T17:43:22.041+0000] {logging_mixin.py:188} INFO - [2024-03-04T17:43:22.041+0000] {dag.py:3834} INFO - Setting next_dagrun for example_short_circuit_decorator to 2024-03-03 00:00:00+00:00, run_after=2024-03-04 00:00:00+00:00
[2024-03-04T17:43:22.076+0000] {processor.py:183} INFO - Processing /home/airflow/.local/lib/python3.11/site-packages/airflow/example_dags/example_short_circuit_decorator.py took 0.112 seconds
[2024-03-04T17:43:52.997+0000] {processor.py:161} INFO - Started process (PID=423) to work on /home/airflow/.local/lib/python3.11/site-packages/airflow/example_dags/example_short_circuit_decorator.py
[2024-03-04T17:43:52.999+0000] {processor.py:830} INFO - Processing file /home/airflow/.local/lib/python3.11/site-packages/airflow/example_dags/example_short_circuit_decorator.py for tasks to queue
[2024-03-04T17:43:53.000+0000] {logging_mixin.py:188} INFO - [2024-03-04T17:43:53.000+0000] {dagbag.py:540} INFO - Filling up the DagBag from /home/airflow/.local/lib/python3.11/site-packages/airflow/example_dags/example_short_circuit_decorator.py
[2024-03-04T17:43:53.015+0000] {processor.py:840} INFO - DAG(s) 'example_short_circuit_decorator' retrieved from /home/airflow/.local/lib/python3.11/site-packages/airflow/example_dags/example_short_circuit_decorator.py
[2024-03-04T17:43:53.112+0000] {logging_mixin.py:188} INFO - [2024-03-04T17:43:53.112+0000] {dag.py:3047} INFO - Sync 1 DAGs
[2024-03-04T17:43:53.137+0000] {logging_mixin.py:188} INFO - [2024-03-04T17:43:53.137+0000] {dag.py:3834} INFO - Setting next_dagrun for example_short_circuit_decorator to 2024-03-03 00:00:00+00:00, run_after=2024-03-04 00:00:00+00:00
[2024-03-04T17:43:53.168+0000] {processor.py:183} INFO - Processing /home/airflow/.local/lib/python3.11/site-packages/airflow/example_dags/example_short_circuit_decorator.py took 0.174 seconds
[2024-03-04T17:44:23.698+0000] {processor.py:161} INFO - Started process (PID=670) to work on /home/airflow/.local/lib/python3.11/site-packages/airflow/example_dags/example_short_circuit_decorator.py
[2024-03-04T17:44:23.700+0000] {processor.py:830} INFO - Processing file /home/airflow/.local/lib/python3.11/site-packages/airflow/example_dags/example_short_circuit_decorator.py for tasks to queue
[2024-03-04T17:44:23.702+0000] {logging_mixin.py:188} INFO - [2024-03-04T17:44:23.701+0000] {dagbag.py:540} INFO - Filling up the DagBag from /home/airflow/.local/lib/python3.11/site-packages/airflow/example_dags/example_short_circuit_decorator.py
[2024-03-04T17:44:23.713+0000] {processor.py:840} INFO - DAG(s) 'example_short_circuit_decorator' retrieved from /home/airflow/.local/lib/python3.11/site-packages/airflow/example_dags/example_short_circuit_decorator.py
[2024-03-04T17:44:23.738+0000] {logging_mixin.py:188} INFO - [2024-03-04T17:44:23.738+0000] {dag.py:3047} INFO - Sync 1 DAGs
[2024-03-04T17:44:23.762+0000] {logging_mixin.py:188} INFO - [2024-03-04T17:44:23.762+0000] {dag.py:3834} INFO - Setting next_dagrun for example_short_circuit_decorator to 2024-03-03 00:00:00+00:00, run_after=2024-03-04 00:00:00+00:00
[2024-03-04T17:44:23.794+0000] {processor.py:183} INFO - Processing /home/airflow/.local/lib/python3.11/site-packages/airflow/example_dags/example_short_circuit_decorator.py took 0.099 seconds
