[2024-03-04T17:34:33.936+0000] {processor.py:161} INFO - Started process (PID=212) to work on /home/airflow/.local/lib/python3.11/site-packages/airflow/example_dags/example_branch_labels.py
[2024-03-04T17:34:33.943+0000] {processor.py:830} INFO - Processing file /home/airflow/.local/lib/python3.11/site-packages/airflow/example_dags/example_branch_labels.py for tasks to queue
[2024-03-04T17:34:33.947+0000] {logging_mixin.py:188} INFO - [2024-03-04T17:34:33.945+0000] {dagbag.py:540} INFO - Filling up the DagBag from /home/airflow/.local/lib/python3.11/site-packages/airflow/example_dags/example_branch_labels.py
[2024-03-04T17:34:33.977+0000] {processor.py:840} INFO - DAG(s) 'example_branch_labels' retrieved from /home/airflow/.local/lib/python3.11/site-packages/airflow/example_dags/example_branch_labels.py
[2024-03-04T17:34:34.026+0000] {logging_mixin.py:188} INFO - [2024-03-04T17:34:34.025+0000] {dag.py:3047} INFO - Sync 1 DAGs
[2024-03-04T17:34:34.119+0000] {logging_mixin.py:188} INFO - [2024-03-04T17:34:34.118+0000] {dag.py:3834} INFO - Setting next_dagrun for example_branch_labels to 2024-03-03 00:00:00+00:00, run_after=2024-03-04 00:00:00+00:00
[2024-03-04T17:34:34.238+0000] {processor.py:183} INFO - Processing /home/airflow/.local/lib/python3.11/site-packages/airflow/example_dags/example_branch_labels.py took 0.322 seconds
[2024-03-04T17:35:05.046+0000] {processor.py:161} INFO - Started process (PID=458) to work on /home/airflow/.local/lib/python3.11/site-packages/airflow/example_dags/example_branch_labels.py
[2024-03-04T17:35:05.048+0000] {processor.py:830} INFO - Processing file /home/airflow/.local/lib/python3.11/site-packages/airflow/example_dags/example_branch_labels.py for tasks to queue
[2024-03-04T17:35:05.050+0000] {logging_mixin.py:188} INFO - [2024-03-04T17:35:05.049+0000] {dagbag.py:540} INFO - Filling up the DagBag from /home/airflow/.local/lib/python3.11/site-packages/airflow/example_dags/example_branch_labels.py
[2024-03-04T17:35:05.061+0000] {processor.py:840} INFO - DAG(s) 'example_branch_labels' retrieved from /home/airflow/.local/lib/python3.11/site-packages/airflow/example_dags/example_branch_labels.py
[2024-03-04T17:35:05.154+0000] {logging_mixin.py:188} INFO - [2024-03-04T17:35:05.153+0000] {dag.py:3047} INFO - Sync 1 DAGs
[2024-03-04T17:35:05.179+0000] {logging_mixin.py:188} INFO - [2024-03-04T17:35:05.179+0000] {dag.py:3834} INFO - Setting next_dagrun for example_branch_labels to 2024-03-03 00:00:00+00:00, run_after=2024-03-04 00:00:00+00:00
[2024-03-04T17:35:05.212+0000] {processor.py:183} INFO - Processing /home/airflow/.local/lib/python3.11/site-packages/airflow/example_dags/example_branch_labels.py took 0.172 seconds
[2024-03-04T17:35:35.682+0000] {processor.py:161} INFO - Started process (PID=704) to work on /home/airflow/.local/lib/python3.11/site-packages/airflow/example_dags/example_branch_labels.py
[2024-03-04T17:35:35.686+0000] {processor.py:830} INFO - Processing file /home/airflow/.local/lib/python3.11/site-packages/airflow/example_dags/example_branch_labels.py for tasks to queue
[2024-03-04T17:35:35.689+0000] {logging_mixin.py:188} INFO - [2024-03-04T17:35:35.688+0000] {dagbag.py:540} INFO - Filling up the DagBag from /home/airflow/.local/lib/python3.11/site-packages/airflow/example_dags/example_branch_labels.py
[2024-03-04T17:35:35.705+0000] {processor.py:840} INFO - DAG(s) 'example_branch_labels' retrieved from /home/airflow/.local/lib/python3.11/site-packages/airflow/example_dags/example_branch_labels.py
[2024-03-04T17:35:35.732+0000] {logging_mixin.py:188} INFO - [2024-03-04T17:35:35.731+0000] {dag.py:3047} INFO - Sync 1 DAGs
[2024-03-04T17:35:35.755+0000] {logging_mixin.py:188} INFO - [2024-03-04T17:35:35.755+0000] {dag.py:3834} INFO - Setting next_dagrun for example_branch_labels to 2024-03-03 00:00:00+00:00, run_after=2024-03-04 00:00:00+00:00
[2024-03-04T17:35:35.806+0000] {processor.py:183} INFO - Processing /home/airflow/.local/lib/python3.11/site-packages/airflow/example_dags/example_branch_labels.py took 0.131 seconds
[2024-03-04T17:36:06.103+0000] {processor.py:161} INFO - Started process (PID=951) to work on /home/airflow/.local/lib/python3.11/site-packages/airflow/example_dags/example_branch_labels.py
[2024-03-04T17:36:06.106+0000] {processor.py:830} INFO - Processing file /home/airflow/.local/lib/python3.11/site-packages/airflow/example_dags/example_branch_labels.py for tasks to queue
[2024-03-04T17:36:06.108+0000] {logging_mixin.py:188} INFO - [2024-03-04T17:36:06.107+0000] {dagbag.py:540} INFO - Filling up the DagBag from /home/airflow/.local/lib/python3.11/site-packages/airflow/example_dags/example_branch_labels.py
[2024-03-04T17:36:06.118+0000] {processor.py:840} INFO - DAG(s) 'example_branch_labels' retrieved from /home/airflow/.local/lib/python3.11/site-packages/airflow/example_dags/example_branch_labels.py
[2024-03-04T17:36:06.142+0000] {logging_mixin.py:188} INFO - [2024-03-04T17:36:06.141+0000] {dag.py:3047} INFO - Sync 1 DAGs
[2024-03-04T17:36:06.169+0000] {logging_mixin.py:188} INFO - [2024-03-04T17:36:06.169+0000] {dag.py:3834} INFO - Setting next_dagrun for example_branch_labels to 2024-03-03 00:00:00+00:00, run_after=2024-03-04 00:00:00+00:00
[2024-03-04T17:36:06.192+0000] {processor.py:183} INFO - Processing /home/airflow/.local/lib/python3.11/site-packages/airflow/example_dags/example_branch_labels.py took 0.092 seconds
[2024-03-04T17:36:36.506+0000] {processor.py:161} INFO - Started process (PID=1196) to work on /home/airflow/.local/lib/python3.11/site-packages/airflow/example_dags/example_branch_labels.py
[2024-03-04T17:36:36.508+0000] {processor.py:830} INFO - Processing file /home/airflow/.local/lib/python3.11/site-packages/airflow/example_dags/example_branch_labels.py for tasks to queue
[2024-03-04T17:36:36.510+0000] {logging_mixin.py:188} INFO - [2024-03-04T17:36:36.510+0000] {dagbag.py:540} INFO - Filling up the DagBag from /home/airflow/.local/lib/python3.11/site-packages/airflow/example_dags/example_branch_labels.py
[2024-03-04T17:36:36.524+0000] {processor.py:840} INFO - DAG(s) 'example_branch_labels' retrieved from /home/airflow/.local/lib/python3.11/site-packages/airflow/example_dags/example_branch_labels.py
[2024-03-04T17:36:36.559+0000] {logging_mixin.py:188} INFO - [2024-03-04T17:36:36.558+0000] {dag.py:3047} INFO - Sync 1 DAGs
[2024-03-04T17:36:36.590+0000] {logging_mixin.py:188} INFO - [2024-03-04T17:36:36.590+0000] {dag.py:3834} INFO - Setting next_dagrun for example_branch_labels to 2024-03-03 00:00:00+00:00, run_after=2024-03-04 00:00:00+00:00
[2024-03-04T17:36:36.613+0000] {processor.py:183} INFO - Processing /home/airflow/.local/lib/python3.11/site-packages/airflow/example_dags/example_branch_labels.py took 0.113 seconds
[2024-03-04T17:37:36.632+0000] {processor.py:161} INFO - Started process (PID=1449) to work on /home/airflow/.local/lib/python3.11/site-packages/airflow/example_dags/example_branch_labels.py
[2024-03-04T17:37:36.634+0000] {processor.py:830} INFO - Processing file /home/airflow/.local/lib/python3.11/site-packages/airflow/example_dags/example_branch_labels.py for tasks to queue
[2024-03-04T17:37:36.637+0000] {logging_mixin.py:188} INFO - [2024-03-04T17:37:36.636+0000] {dagbag.py:540} INFO - Filling up the DagBag from /home/airflow/.local/lib/python3.11/site-packages/airflow/example_dags/example_branch_labels.py
[2024-03-04T17:37:36.655+0000] {processor.py:840} INFO - DAG(s) 'example_branch_labels' retrieved from /home/airflow/.local/lib/python3.11/site-packages/airflow/example_dags/example_branch_labels.py
[2024-03-04T17:37:36.695+0000] {logging_mixin.py:188} INFO - [2024-03-04T17:37:36.695+0000] {dag.py:3047} INFO - Sync 1 DAGs
[2024-03-04T17:37:36.733+0000] {logging_mixin.py:188} INFO - [2024-03-04T17:37:36.732+0000] {dag.py:3834} INFO - Setting next_dagrun for example_branch_labels to 2024-03-03 00:00:00+00:00, run_after=2024-03-04 00:00:00+00:00
[2024-03-04T17:37:36.764+0000] {processor.py:183} INFO - Processing /home/airflow/.local/lib/python3.11/site-packages/airflow/example_dags/example_branch_labels.py took 0.138 seconds
[2024-03-04T17:38:06.815+0000] {processor.py:161} INFO - Started process (PID=1696) to work on /home/airflow/.local/lib/python3.11/site-packages/airflow/example_dags/example_branch_labels.py
[2024-03-04T17:38:06.817+0000] {processor.py:830} INFO - Processing file /home/airflow/.local/lib/python3.11/site-packages/airflow/example_dags/example_branch_labels.py for tasks to queue
[2024-03-04T17:38:06.819+0000] {logging_mixin.py:188} INFO - [2024-03-04T17:38:06.818+0000] {dagbag.py:540} INFO - Filling up the DagBag from /home/airflow/.local/lib/python3.11/site-packages/airflow/example_dags/example_branch_labels.py
[2024-03-04T17:38:06.832+0000] {processor.py:840} INFO - DAG(s) 'example_branch_labels' retrieved from /home/airflow/.local/lib/python3.11/site-packages/airflow/example_dags/example_branch_labels.py
[2024-03-04T17:38:06.865+0000] {logging_mixin.py:188} INFO - [2024-03-04T17:38:06.865+0000] {dag.py:3047} INFO - Sync 1 DAGs
[2024-03-04T17:38:06.891+0000] {logging_mixin.py:188} INFO - [2024-03-04T17:38:06.891+0000] {dag.py:3834} INFO - Setting next_dagrun for example_branch_labels to 2024-03-03 00:00:00+00:00, run_after=2024-03-04 00:00:00+00:00
[2024-03-04T17:38:06.912+0000] {processor.py:183} INFO - Processing /home/airflow/.local/lib/python3.11/site-packages/airflow/example_dags/example_branch_labels.py took 0.102 seconds
[2024-03-04T17:38:36.976+0000] {processor.py:161} INFO - Started process (PID=1943) to work on /home/airflow/.local/lib/python3.11/site-packages/airflow/example_dags/example_branch_labels.py
[2024-03-04T17:38:36.977+0000] {processor.py:830} INFO - Processing file /home/airflow/.local/lib/python3.11/site-packages/airflow/example_dags/example_branch_labels.py for tasks to queue
[2024-03-04T17:38:36.979+0000] {logging_mixin.py:188} INFO - [2024-03-04T17:38:36.978+0000] {dagbag.py:540} INFO - Filling up the DagBag from /home/airflow/.local/lib/python3.11/site-packages/airflow/example_dags/example_branch_labels.py
[2024-03-04T17:38:36.987+0000] {processor.py:840} INFO - DAG(s) 'example_branch_labels' retrieved from /home/airflow/.local/lib/python3.11/site-packages/airflow/example_dags/example_branch_labels.py
[2024-03-04T17:38:37.010+0000] {logging_mixin.py:188} INFO - [2024-03-04T17:38:37.009+0000] {dag.py:3047} INFO - Sync 1 DAGs
[2024-03-04T17:38:37.036+0000] {logging_mixin.py:188} INFO - [2024-03-04T17:38:37.036+0000] {dag.py:3834} INFO - Setting next_dagrun for example_branch_labels to 2024-03-03 00:00:00+00:00, run_after=2024-03-04 00:00:00+00:00
[2024-03-04T17:38:37.053+0000] {processor.py:183} INFO - Processing /home/airflow/.local/lib/python3.11/site-packages/airflow/example_dags/example_branch_labels.py took 0.081 seconds
[2024-03-04T17:39:07.169+0000] {processor.py:161} INFO - Started process (PID=2190) to work on /home/airflow/.local/lib/python3.11/site-packages/airflow/example_dags/example_branch_labels.py
[2024-03-04T17:39:07.171+0000] {processor.py:830} INFO - Processing file /home/airflow/.local/lib/python3.11/site-packages/airflow/example_dags/example_branch_labels.py for tasks to queue
[2024-03-04T17:39:07.172+0000] {logging_mixin.py:188} INFO - [2024-03-04T17:39:07.172+0000] {dagbag.py:540} INFO - Filling up the DagBag from /home/airflow/.local/lib/python3.11/site-packages/airflow/example_dags/example_branch_labels.py
[2024-03-04T17:39:07.181+0000] {processor.py:840} INFO - DAG(s) 'example_branch_labels' retrieved from /home/airflow/.local/lib/python3.11/site-packages/airflow/example_dags/example_branch_labels.py
[2024-03-04T17:39:07.203+0000] {logging_mixin.py:188} INFO - [2024-03-04T17:39:07.203+0000] {dag.py:3047} INFO - Sync 1 DAGs
[2024-03-04T17:39:07.222+0000] {logging_mixin.py:188} INFO - [2024-03-04T17:39:07.222+0000] {dag.py:3834} INFO - Setting next_dagrun for example_branch_labels to 2024-03-03 00:00:00+00:00, run_after=2024-03-04 00:00:00+00:00
[2024-03-04T17:39:07.236+0000] {processor.py:183} INFO - Processing /home/airflow/.local/lib/python3.11/site-packages/airflow/example_dags/example_branch_labels.py took 0.071 seconds
[2024-03-04T17:39:38.158+0000] {processor.py:161} INFO - Started process (PID=2437) to work on /home/airflow/.local/lib/python3.11/site-packages/airflow/example_dags/example_branch_labels.py
[2024-03-04T17:39:38.159+0000] {processor.py:830} INFO - Processing file /home/airflow/.local/lib/python3.11/site-packages/airflow/example_dags/example_branch_labels.py for tasks to queue
[2024-03-04T17:39:38.160+0000] {logging_mixin.py:188} INFO - [2024-03-04T17:39:38.160+0000] {dagbag.py:540} INFO - Filling up the DagBag from /home/airflow/.local/lib/python3.11/site-packages/airflow/example_dags/example_branch_labels.py
[2024-03-04T17:39:38.168+0000] {processor.py:840} INFO - DAG(s) 'example_branch_labels' retrieved from /home/airflow/.local/lib/python3.11/site-packages/airflow/example_dags/example_branch_labels.py
[2024-03-04T17:39:38.189+0000] {logging_mixin.py:188} INFO - [2024-03-04T17:39:38.188+0000] {dag.py:3047} INFO - Sync 1 DAGs
[2024-03-04T17:39:38.207+0000] {logging_mixin.py:188} INFO - [2024-03-04T17:39:38.207+0000] {dag.py:3834} INFO - Setting next_dagrun for example_branch_labels to 2024-03-03 00:00:00+00:00, run_after=2024-03-04 00:00:00+00:00
[2024-03-04T17:39:38.222+0000] {processor.py:183} INFO - Processing /home/airflow/.local/lib/python3.11/site-packages/airflow/example_dags/example_branch_labels.py took 0.067 seconds
[2024-03-04T17:40:49.024+0000] {processor.py:161} INFO - Started process (PID=2690) to work on /home/airflow/.local/lib/python3.11/site-packages/airflow/example_dags/example_branch_labels.py
[2024-03-04T17:40:49.026+0000] {processor.py:830} INFO - Processing file /home/airflow/.local/lib/python3.11/site-packages/airflow/example_dags/example_branch_labels.py for tasks to queue
[2024-03-04T17:40:49.030+0000] {logging_mixin.py:188} INFO - [2024-03-04T17:40:49.029+0000] {dagbag.py:540} INFO - Filling up the DagBag from /home/airflow/.local/lib/python3.11/site-packages/airflow/example_dags/example_branch_labels.py
[2024-03-04T17:40:49.047+0000] {processor.py:840} INFO - DAG(s) 'example_branch_labels' retrieved from /home/airflow/.local/lib/python3.11/site-packages/airflow/example_dags/example_branch_labels.py
[2024-03-04T17:40:49.083+0000] {logging_mixin.py:188} INFO - [2024-03-04T17:40:49.083+0000] {dag.py:3047} INFO - Sync 1 DAGs
[2024-03-04T17:40:49.121+0000] {logging_mixin.py:188} INFO - [2024-03-04T17:40:49.120+0000] {dag.py:3834} INFO - Setting next_dagrun for example_branch_labels to 2024-03-03 00:00:00+00:00, run_after=2024-03-04 00:00:00+00:00
[2024-03-04T17:40:49.148+0000] {processor.py:183} INFO - Processing /home/airflow/.local/lib/python3.11/site-packages/airflow/example_dags/example_branch_labels.py took 0.131 seconds
[2024-03-04T17:41:19.384+0000] {processor.py:161} INFO - Started process (PID=2931) to work on /home/airflow/.local/lib/python3.11/site-packages/airflow/example_dags/example_branch_labels.py
[2024-03-04T17:41:19.388+0000] {processor.py:830} INFO - Processing file /home/airflow/.local/lib/python3.11/site-packages/airflow/example_dags/example_branch_labels.py for tasks to queue
[2024-03-04T17:41:19.392+0000] {logging_mixin.py:188} INFO - [2024-03-04T17:41:19.391+0000] {dagbag.py:540} INFO - Filling up the DagBag from /home/airflow/.local/lib/python3.11/site-packages/airflow/example_dags/example_branch_labels.py
[2024-03-04T17:41:19.456+0000] {processor.py:840} INFO - DAG(s) 'example_branch_labels' retrieved from /home/airflow/.local/lib/python3.11/site-packages/airflow/example_dags/example_branch_labels.py
[2024-03-04T17:41:19.647+0000] {logging_mixin.py:188} INFO - [2024-03-04T17:41:19.645+0000] {dag.py:3047} INFO - Sync 1 DAGs
[2024-03-04T17:41:19.877+0000] {logging_mixin.py:188} INFO - [2024-03-04T17:41:19.870+0000] {dag.py:3834} INFO - Setting next_dagrun for example_branch_labels to 2024-03-03 00:00:00+00:00, run_after=2024-03-04 00:00:00+00:00
[2024-03-04T17:41:20.100+0000] {processor.py:183} INFO - Processing /home/airflow/.local/lib/python3.11/site-packages/airflow/example_dags/example_branch_labels.py took 0.722 seconds
[2024-03-04T17:43:22.556+0000] {processor.py:161} INFO - Started process (PID=209) to work on /home/airflow/.local/lib/python3.11/site-packages/airflow/example_dags/example_branch_labels.py
[2024-03-04T17:43:22.558+0000] {processor.py:830} INFO - Processing file /home/airflow/.local/lib/python3.11/site-packages/airflow/example_dags/example_branch_labels.py for tasks to queue
[2024-03-04T17:43:22.561+0000] {logging_mixin.py:188} INFO - [2024-03-04T17:43:22.560+0000] {dagbag.py:540} INFO - Filling up the DagBag from /home/airflow/.local/lib/python3.11/site-packages/airflow/example_dags/example_branch_labels.py
[2024-03-04T17:43:22.577+0000] {processor.py:840} INFO - DAG(s) 'example_branch_labels' retrieved from /home/airflow/.local/lib/python3.11/site-packages/airflow/example_dags/example_branch_labels.py
[2024-03-04T17:43:22.595+0000] {logging_mixin.py:188} INFO - [2024-03-04T17:43:22.595+0000] {dag.py:3047} INFO - Sync 1 DAGs
[2024-03-04T17:43:22.634+0000] {logging_mixin.py:188} INFO - [2024-03-04T17:43:22.634+0000] {dag.py:3834} INFO - Setting next_dagrun for example_branch_labels to 2024-03-03 00:00:00+00:00, run_after=2024-03-04 00:00:00+00:00
[2024-03-04T17:43:22.654+0000] {processor.py:183} INFO - Processing /home/airflow/.local/lib/python3.11/site-packages/airflow/example_dags/example_branch_labels.py took 0.102 seconds
[2024-03-04T17:43:54.453+0000] {processor.py:161} INFO - Started process (PID=456) to work on /home/airflow/.local/lib/python3.11/site-packages/airflow/example_dags/example_branch_labels.py
[2024-03-04T17:43:54.460+0000] {processor.py:830} INFO - Processing file /home/airflow/.local/lib/python3.11/site-packages/airflow/example_dags/example_branch_labels.py for tasks to queue
[2024-03-04T17:43:54.472+0000] {logging_mixin.py:188} INFO - [2024-03-04T17:43:54.471+0000] {dagbag.py:540} INFO - Filling up the DagBag from /home/airflow/.local/lib/python3.11/site-packages/airflow/example_dags/example_branch_labels.py
[2024-03-04T17:43:54.499+0000] {processor.py:840} INFO - DAG(s) 'example_branch_labels' retrieved from /home/airflow/.local/lib/python3.11/site-packages/airflow/example_dags/example_branch_labels.py
[2024-03-04T17:43:54.727+0000] {logging_mixin.py:188} INFO - [2024-03-04T17:43:54.726+0000] {dag.py:3047} INFO - Sync 1 DAGs
[2024-03-04T17:43:54.768+0000] {logging_mixin.py:188} INFO - [2024-03-04T17:43:54.767+0000] {dag.py:3834} INFO - Setting next_dagrun for example_branch_labels to 2024-03-03 00:00:00+00:00, run_after=2024-03-04 00:00:00+00:00
[2024-03-04T17:43:54.808+0000] {processor.py:183} INFO - Processing /home/airflow/.local/lib/python3.11/site-packages/airflow/example_dags/example_branch_labels.py took 0.359 seconds
[2024-03-04T17:44:25.078+0000] {processor.py:161} INFO - Started process (PID=703) to work on /home/airflow/.local/lib/python3.11/site-packages/airflow/example_dags/example_branch_labels.py
[2024-03-04T17:44:25.080+0000] {processor.py:830} INFO - Processing file /home/airflow/.local/lib/python3.11/site-packages/airflow/example_dags/example_branch_labels.py for tasks to queue
[2024-03-04T17:44:25.081+0000] {logging_mixin.py:188} INFO - [2024-03-04T17:44:25.081+0000] {dagbag.py:540} INFO - Filling up the DagBag from /home/airflow/.local/lib/python3.11/site-packages/airflow/example_dags/example_branch_labels.py
[2024-03-04T17:44:25.089+0000] {processor.py:840} INFO - DAG(s) 'example_branch_labels' retrieved from /home/airflow/.local/lib/python3.11/site-packages/airflow/example_dags/example_branch_labels.py
[2024-03-04T17:44:25.114+0000] {logging_mixin.py:188} INFO - [2024-03-04T17:44:25.114+0000] {dag.py:3047} INFO - Sync 1 DAGs
[2024-03-04T17:44:25.138+0000] {logging_mixin.py:188} INFO - [2024-03-04T17:44:25.138+0000] {dag.py:3834} INFO - Setting next_dagrun for example_branch_labels to 2024-03-03 00:00:00+00:00, run_after=2024-03-04 00:00:00+00:00
[2024-03-04T17:44:25.158+0000] {processor.py:183} INFO - Processing /home/airflow/.local/lib/python3.11/site-packages/airflow/example_dags/example_branch_labels.py took 0.083 seconds
