[2024-03-04T17:34:35.283+0000] {processor.py:161} INFO - Started process (PID=250) to work on /home/airflow/.local/lib/python3.11/site-packages/airflow/example_dags/example_skip_dag.py
[2024-03-04T17:34:35.285+0000] {processor.py:830} INFO - Processing file /home/airflow/.local/lib/python3.11/site-packages/airflow/example_dags/example_skip_dag.py for tasks to queue
[2024-03-04T17:34:35.287+0000] {logging_mixin.py:188} INFO - [2024-03-04T17:34:35.286+0000] {dagbag.py:540} INFO - Filling up the DagBag from /home/airflow/.local/lib/python3.11/site-packages/airflow/example_dags/example_skip_dag.py
[2024-03-04T17:34:35.305+0000] {processor.py:840} INFO - DAG(s) 'example_skip_dag' retrieved from /home/airflow/.local/lib/python3.11/site-packages/airflow/example_dags/example_skip_dag.py
[2024-03-04T17:34:35.329+0000] {logging_mixin.py:188} INFO - [2024-03-04T17:34:35.329+0000] {dag.py:3047} INFO - Sync 1 DAGs
[2024-03-04T17:34:35.363+0000] {logging_mixin.py:188} INFO - [2024-03-04T17:34:35.363+0000] {dag.py:3834} INFO - Setting next_dagrun for example_skip_dag to 2024-03-03 00:00:00+00:00, run_after=2024-03-04 00:00:00+00:00
[2024-03-04T17:34:35.743+0000] {processor.py:183} INFO - Processing /home/airflow/.local/lib/python3.11/site-packages/airflow/example_dags/example_skip_dag.py took 0.465 seconds
[2024-03-04T17:35:05.822+0000] {processor.py:161} INFO - Started process (PID=496) to work on /home/airflow/.local/lib/python3.11/site-packages/airflow/example_dags/example_skip_dag.py
[2024-03-04T17:35:05.823+0000] {processor.py:830} INFO - Processing file /home/airflow/.local/lib/python3.11/site-packages/airflow/example_dags/example_skip_dag.py for tasks to queue
[2024-03-04T17:35:05.824+0000] {logging_mixin.py:188} INFO - [2024-03-04T17:35:05.824+0000] {dagbag.py:540} INFO - Filling up the DagBag from /home/airflow/.local/lib/python3.11/site-packages/airflow/example_dags/example_skip_dag.py
[2024-03-04T17:35:05.833+0000] {processor.py:840} INFO - DAG(s) 'example_skip_dag' retrieved from /home/airflow/.local/lib/python3.11/site-packages/airflow/example_dags/example_skip_dag.py
[2024-03-04T17:35:05.938+0000] {logging_mixin.py:188} INFO - [2024-03-04T17:35:05.938+0000] {dag.py:3047} INFO - Sync 1 DAGs
[2024-03-04T17:35:05.962+0000] {logging_mixin.py:188} INFO - [2024-03-04T17:35:05.962+0000] {dag.py:3834} INFO - Setting next_dagrun for example_skip_dag to 2024-03-03 00:00:00+00:00, run_after=2024-03-04 00:00:00+00:00
[2024-03-04T17:35:05.989+0000] {processor.py:183} INFO - Processing /home/airflow/.local/lib/python3.11/site-packages/airflow/example_dags/example_skip_dag.py took 0.170 seconds
[2024-03-04T17:35:36.279+0000] {processor.py:161} INFO - Started process (PID=742) to work on /home/airflow/.local/lib/python3.11/site-packages/airflow/example_dags/example_skip_dag.py
[2024-03-04T17:35:36.281+0000] {processor.py:830} INFO - Processing file /home/airflow/.local/lib/python3.11/site-packages/airflow/example_dags/example_skip_dag.py for tasks to queue
[2024-03-04T17:35:36.282+0000] {logging_mixin.py:188} INFO - [2024-03-04T17:35:36.282+0000] {dagbag.py:540} INFO - Filling up the DagBag from /home/airflow/.local/lib/python3.11/site-packages/airflow/example_dags/example_skip_dag.py
[2024-03-04T17:35:36.290+0000] {processor.py:840} INFO - DAG(s) 'example_skip_dag' retrieved from /home/airflow/.local/lib/python3.11/site-packages/airflow/example_dags/example_skip_dag.py
[2024-03-04T17:35:36.314+0000] {logging_mixin.py:188} INFO - [2024-03-04T17:35:36.313+0000] {dag.py:3047} INFO - Sync 1 DAGs
[2024-03-04T17:35:36.342+0000] {logging_mixin.py:188} INFO - [2024-03-04T17:35:36.341+0000] {dag.py:3834} INFO - Setting next_dagrun for example_skip_dag to 2024-03-03 00:00:00+00:00, run_after=2024-03-04 00:00:00+00:00
[2024-03-04T17:35:36.369+0000] {processor.py:183} INFO - Processing /home/airflow/.local/lib/python3.11/site-packages/airflow/example_dags/example_skip_dag.py took 0.096 seconds
[2024-03-04T17:36:06.555+0000] {processor.py:161} INFO - Started process (PID=989) to work on /home/airflow/.local/lib/python3.11/site-packages/airflow/example_dags/example_skip_dag.py
[2024-03-04T17:36:06.556+0000] {processor.py:830} INFO - Processing file /home/airflow/.local/lib/python3.11/site-packages/airflow/example_dags/example_skip_dag.py for tasks to queue
[2024-03-04T17:36:06.557+0000] {logging_mixin.py:188} INFO - [2024-03-04T17:36:06.556+0000] {dagbag.py:540} INFO - Filling up the DagBag from /home/airflow/.local/lib/python3.11/site-packages/airflow/example_dags/example_skip_dag.py
[2024-03-04T17:36:06.566+0000] {processor.py:840} INFO - DAG(s) 'example_skip_dag' retrieved from /home/airflow/.local/lib/python3.11/site-packages/airflow/example_dags/example_skip_dag.py
[2024-03-04T17:36:06.587+0000] {logging_mixin.py:188} INFO - [2024-03-04T17:36:06.587+0000] {dag.py:3047} INFO - Sync 1 DAGs
[2024-03-04T17:36:06.609+0000] {logging_mixin.py:188} INFO - [2024-03-04T17:36:06.609+0000] {dag.py:3834} INFO - Setting next_dagrun for example_skip_dag to 2024-03-03 00:00:00+00:00, run_after=2024-03-04 00:00:00+00:00
[2024-03-04T17:36:06.632+0000] {processor.py:183} INFO - Processing /home/airflow/.local/lib/python3.11/site-packages/airflow/example_dags/example_skip_dag.py took 0.081 seconds
[2024-03-04T17:36:37.083+0000] {processor.py:161} INFO - Started process (PID=1236) to work on /home/airflow/.local/lib/python3.11/site-packages/airflow/example_dags/example_skip_dag.py
[2024-03-04T17:36:37.085+0000] {processor.py:830} INFO - Processing file /home/airflow/.local/lib/python3.11/site-packages/airflow/example_dags/example_skip_dag.py for tasks to queue
[2024-03-04T17:36:37.087+0000] {logging_mixin.py:188} INFO - [2024-03-04T17:36:37.086+0000] {dagbag.py:540} INFO - Filling up the DagBag from /home/airflow/.local/lib/python3.11/site-packages/airflow/example_dags/example_skip_dag.py
[2024-03-04T17:36:37.098+0000] {processor.py:840} INFO - DAG(s) 'example_skip_dag' retrieved from /home/airflow/.local/lib/python3.11/site-packages/airflow/example_dags/example_skip_dag.py
[2024-03-04T17:36:37.123+0000] {logging_mixin.py:188} INFO - [2024-03-04T17:36:37.123+0000] {dag.py:3047} INFO - Sync 1 DAGs
[2024-03-04T17:36:37.148+0000] {logging_mixin.py:188} INFO - [2024-03-04T17:36:37.148+0000] {dag.py:3834} INFO - Setting next_dagrun for example_skip_dag to 2024-03-03 00:00:00+00:00, run_after=2024-03-04 00:00:00+00:00
[2024-03-04T17:36:37.171+0000] {processor.py:183} INFO - Processing /home/airflow/.local/lib/python3.11/site-packages/airflow/example_dags/example_skip_dag.py took 0.093 seconds
[2024-03-04T17:37:37.402+0000] {processor.py:161} INFO - Started process (PID=1489) to work on /home/airflow/.local/lib/python3.11/site-packages/airflow/example_dags/example_skip_dag.py
[2024-03-04T17:37:37.404+0000] {processor.py:830} INFO - Processing file /home/airflow/.local/lib/python3.11/site-packages/airflow/example_dags/example_skip_dag.py for tasks to queue
[2024-03-04T17:37:37.406+0000] {logging_mixin.py:188} INFO - [2024-03-04T17:37:37.406+0000] {dagbag.py:540} INFO - Filling up the DagBag from /home/airflow/.local/lib/python3.11/site-packages/airflow/example_dags/example_skip_dag.py
[2024-03-04T17:37:37.418+0000] {processor.py:840} INFO - DAG(s) 'example_skip_dag' retrieved from /home/airflow/.local/lib/python3.11/site-packages/airflow/example_dags/example_skip_dag.py
[2024-03-04T17:37:37.449+0000] {logging_mixin.py:188} INFO - [2024-03-04T17:37:37.448+0000] {dag.py:3047} INFO - Sync 1 DAGs
[2024-03-04T17:37:37.477+0000] {logging_mixin.py:188} INFO - [2024-03-04T17:37:37.476+0000] {dag.py:3834} INFO - Setting next_dagrun for example_skip_dag to 2024-03-03 00:00:00+00:00, run_after=2024-03-04 00:00:00+00:00
[2024-03-04T17:37:37.517+0000] {processor.py:183} INFO - Processing /home/airflow/.local/lib/python3.11/site-packages/airflow/example_dags/example_skip_dag.py took 0.124 seconds
[2024-03-04T17:38:08.349+0000] {processor.py:161} INFO - Started process (PID=1736) to work on /home/airflow/.local/lib/python3.11/site-packages/airflow/example_dags/example_skip_dag.py
[2024-03-04T17:38:08.350+0000] {processor.py:830} INFO - Processing file /home/airflow/.local/lib/python3.11/site-packages/airflow/example_dags/example_skip_dag.py for tasks to queue
[2024-03-04T17:38:08.353+0000] {logging_mixin.py:188} INFO - [2024-03-04T17:38:08.352+0000] {dagbag.py:540} INFO - Filling up the DagBag from /home/airflow/.local/lib/python3.11/site-packages/airflow/example_dags/example_skip_dag.py
[2024-03-04T17:38:08.364+0000] {processor.py:840} INFO - DAG(s) 'example_skip_dag' retrieved from /home/airflow/.local/lib/python3.11/site-packages/airflow/example_dags/example_skip_dag.py
[2024-03-04T17:38:08.412+0000] {logging_mixin.py:188} INFO - [2024-03-04T17:38:08.411+0000] {dag.py:3047} INFO - Sync 1 DAGs
[2024-03-04T17:38:08.469+0000] {logging_mixin.py:188} INFO - [2024-03-04T17:38:08.465+0000] {dag.py:3834} INFO - Setting next_dagrun for example_skip_dag to 2024-03-03 00:00:00+00:00, run_after=2024-03-04 00:00:00+00:00
[2024-03-04T17:38:08.507+0000] {processor.py:183} INFO - Processing /home/airflow/.local/lib/python3.11/site-packages/airflow/example_dags/example_skip_dag.py took 0.163 seconds
[2024-03-04T17:38:38.576+0000] {processor.py:161} INFO - Started process (PID=1985) to work on /home/airflow/.local/lib/python3.11/site-packages/airflow/example_dags/example_skip_dag.py
[2024-03-04T17:38:38.577+0000] {processor.py:830} INFO - Processing file /home/airflow/.local/lib/python3.11/site-packages/airflow/example_dags/example_skip_dag.py for tasks to queue
[2024-03-04T17:38:38.578+0000] {logging_mixin.py:188} INFO - [2024-03-04T17:38:38.577+0000] {dagbag.py:540} INFO - Filling up the DagBag from /home/airflow/.local/lib/python3.11/site-packages/airflow/example_dags/example_skip_dag.py
[2024-03-04T17:38:38.585+0000] {processor.py:840} INFO - DAG(s) 'example_skip_dag' retrieved from /home/airflow/.local/lib/python3.11/site-packages/airflow/example_dags/example_skip_dag.py
[2024-03-04T17:38:38.603+0000] {logging_mixin.py:188} INFO - [2024-03-04T17:38:38.603+0000] {dag.py:3047} INFO - Sync 1 DAGs
[2024-03-04T17:38:38.623+0000] {logging_mixin.py:188} INFO - [2024-03-04T17:38:38.622+0000] {dag.py:3834} INFO - Setting next_dagrun for example_skip_dag to 2024-03-03 00:00:00+00:00, run_after=2024-03-04 00:00:00+00:00
[2024-03-04T17:38:38.637+0000] {processor.py:183} INFO - Processing /home/airflow/.local/lib/python3.11/site-packages/airflow/example_dags/example_skip_dag.py took 0.065 seconds
[2024-03-04T17:39:08.711+0000] {processor.py:161} INFO - Started process (PID=2230) to work on /home/airflow/.local/lib/python3.11/site-packages/airflow/example_dags/example_skip_dag.py
[2024-03-04T17:39:08.712+0000] {processor.py:830} INFO - Processing file /home/airflow/.local/lib/python3.11/site-packages/airflow/example_dags/example_skip_dag.py for tasks to queue
[2024-03-04T17:39:08.713+0000] {logging_mixin.py:188} INFO - [2024-03-04T17:39:08.713+0000] {dagbag.py:540} INFO - Filling up the DagBag from /home/airflow/.local/lib/python3.11/site-packages/airflow/example_dags/example_skip_dag.py
[2024-03-04T17:39:08.721+0000] {processor.py:840} INFO - DAG(s) 'example_skip_dag' retrieved from /home/airflow/.local/lib/python3.11/site-packages/airflow/example_dags/example_skip_dag.py
[2024-03-04T17:39:08.744+0000] {logging_mixin.py:188} INFO - [2024-03-04T17:39:08.743+0000] {dag.py:3047} INFO - Sync 1 DAGs
[2024-03-04T17:39:08.762+0000] {logging_mixin.py:188} INFO - [2024-03-04T17:39:08.762+0000] {dag.py:3834} INFO - Setting next_dagrun for example_skip_dag to 2024-03-03 00:00:00+00:00, run_after=2024-03-04 00:00:00+00:00
[2024-03-04T17:39:08.776+0000] {processor.py:183} INFO - Processing /home/airflow/.local/lib/python3.11/site-packages/airflow/example_dags/example_skip_dag.py took 0.068 seconds
[2024-03-04T17:39:39.548+0000] {processor.py:161} INFO - Started process (PID=2477) to work on /home/airflow/.local/lib/python3.11/site-packages/airflow/example_dags/example_skip_dag.py
[2024-03-04T17:39:39.549+0000] {processor.py:830} INFO - Processing file /home/airflow/.local/lib/python3.11/site-packages/airflow/example_dags/example_skip_dag.py for tasks to queue
[2024-03-04T17:39:39.551+0000] {logging_mixin.py:188} INFO - [2024-03-04T17:39:39.550+0000] {dagbag.py:540} INFO - Filling up the DagBag from /home/airflow/.local/lib/python3.11/site-packages/airflow/example_dags/example_skip_dag.py
[2024-03-04T17:39:39.560+0000] {processor.py:840} INFO - DAG(s) 'example_skip_dag' retrieved from /home/airflow/.local/lib/python3.11/site-packages/airflow/example_dags/example_skip_dag.py
[2024-03-04T17:39:39.582+0000] {logging_mixin.py:188} INFO - [2024-03-04T17:39:39.581+0000] {dag.py:3047} INFO - Sync 1 DAGs
[2024-03-04T17:39:39.604+0000] {logging_mixin.py:188} INFO - [2024-03-04T17:39:39.603+0000] {dag.py:3834} INFO - Setting next_dagrun for example_skip_dag to 2024-03-03 00:00:00+00:00, run_after=2024-03-04 00:00:00+00:00
[2024-03-04T17:39:39.619+0000] {processor.py:183} INFO - Processing /home/airflow/.local/lib/python3.11/site-packages/airflow/example_dags/example_skip_dag.py took 0.075 seconds
[2024-03-04T17:40:49.809+0000] {processor.py:161} INFO - Started process (PID=2730) to work on /home/airflow/.local/lib/python3.11/site-packages/airflow/example_dags/example_skip_dag.py
[2024-03-04T17:40:49.811+0000] {processor.py:830} INFO - Processing file /home/airflow/.local/lib/python3.11/site-packages/airflow/example_dags/example_skip_dag.py for tasks to queue
[2024-03-04T17:40:49.813+0000] {logging_mixin.py:188} INFO - [2024-03-04T17:40:49.812+0000] {dagbag.py:540} INFO - Filling up the DagBag from /home/airflow/.local/lib/python3.11/site-packages/airflow/example_dags/example_skip_dag.py
[2024-03-04T17:40:49.828+0000] {processor.py:840} INFO - DAG(s) 'example_skip_dag' retrieved from /home/airflow/.local/lib/python3.11/site-packages/airflow/example_dags/example_skip_dag.py
[2024-03-04T17:40:49.868+0000] {logging_mixin.py:188} INFO - [2024-03-04T17:40:49.867+0000] {dag.py:3047} INFO - Sync 1 DAGs
[2024-03-04T17:40:49.913+0000] {logging_mixin.py:188} INFO - [2024-03-04T17:40:49.913+0000] {dag.py:3834} INFO - Setting next_dagrun for example_skip_dag to 2024-03-03 00:00:00+00:00, run_after=2024-03-04 00:00:00+00:00
[2024-03-04T17:40:49.948+0000] {processor.py:183} INFO - Processing /home/airflow/.local/lib/python3.11/site-packages/airflow/example_dags/example_skip_dag.py took 0.145 seconds
[2024-03-04T17:41:20.817+0000] {processor.py:161} INFO - Started process (PID=2977) to work on /home/airflow/.local/lib/python3.11/site-packages/airflow/example_dags/example_skip_dag.py
[2024-03-04T17:41:20.819+0000] {processor.py:830} INFO - Processing file /home/airflow/.local/lib/python3.11/site-packages/airflow/example_dags/example_skip_dag.py for tasks to queue
[2024-03-04T17:41:20.820+0000] {logging_mixin.py:188} INFO - [2024-03-04T17:41:20.820+0000] {dagbag.py:540} INFO - Filling up the DagBag from /home/airflow/.local/lib/python3.11/site-packages/airflow/example_dags/example_skip_dag.py
[2024-03-04T17:41:20.833+0000] {processor.py:840} INFO - DAG(s) 'example_skip_dag' retrieved from /home/airflow/.local/lib/python3.11/site-packages/airflow/example_dags/example_skip_dag.py
[2024-03-04T17:41:20.904+0000] {logging_mixin.py:188} INFO - [2024-03-04T17:41:20.903+0000] {dag.py:3047} INFO - Sync 1 DAGs
[2024-03-04T17:41:20.955+0000] {logging_mixin.py:188} INFO - [2024-03-04T17:41:20.954+0000] {dag.py:3834} INFO - Setting next_dagrun for example_skip_dag to 2024-03-03 00:00:00+00:00, run_after=2024-03-04 00:00:00+00:00
[2024-03-04T17:41:21.003+0000] {processor.py:183} INFO - Processing /home/airflow/.local/lib/python3.11/site-packages/airflow/example_dags/example_skip_dag.py took 0.192 seconds
[2024-03-04T17:43:23.062+0000] {processor.py:161} INFO - Started process (PID=249) to work on /home/airflow/.local/lib/python3.11/site-packages/airflow/example_dags/example_skip_dag.py
[2024-03-04T17:43:23.064+0000] {processor.py:830} INFO - Processing file /home/airflow/.local/lib/python3.11/site-packages/airflow/example_dags/example_skip_dag.py for tasks to queue
[2024-03-04T17:43:23.067+0000] {logging_mixin.py:188} INFO - [2024-03-04T17:43:23.066+0000] {dagbag.py:540} INFO - Filling up the DagBag from /home/airflow/.local/lib/python3.11/site-packages/airflow/example_dags/example_skip_dag.py
[2024-03-04T17:43:23.082+0000] {processor.py:840} INFO - DAG(s) 'example_skip_dag' retrieved from /home/airflow/.local/lib/python3.11/site-packages/airflow/example_dags/example_skip_dag.py
[2024-03-04T17:43:23.109+0000] {logging_mixin.py:188} INFO - [2024-03-04T17:43:23.108+0000] {dag.py:3047} INFO - Sync 1 DAGs
[2024-03-04T17:43:23.141+0000] {logging_mixin.py:188} INFO - [2024-03-04T17:43:23.141+0000] {dag.py:3834} INFO - Setting next_dagrun for example_skip_dag to 2024-03-03 00:00:00+00:00, run_after=2024-03-04 00:00:00+00:00
[2024-03-04T17:43:23.163+0000] {processor.py:183} INFO - Processing /home/airflow/.local/lib/python3.11/site-packages/airflow/example_dags/example_skip_dag.py took 0.106 seconds
[2024-03-04T17:43:55.515+0000] {processor.py:161} INFO - Started process (PID=496) to work on /home/airflow/.local/lib/python3.11/site-packages/airflow/example_dags/example_skip_dag.py
[2024-03-04T17:43:55.524+0000] {processor.py:830} INFO - Processing file /home/airflow/.local/lib/python3.11/site-packages/airflow/example_dags/example_skip_dag.py for tasks to queue
[2024-03-04T17:43:55.526+0000] {logging_mixin.py:188} INFO - [2024-03-04T17:43:55.525+0000] {dagbag.py:540} INFO - Filling up the DagBag from /home/airflow/.local/lib/python3.11/site-packages/airflow/example_dags/example_skip_dag.py
[2024-03-04T17:43:55.536+0000] {processor.py:840} INFO - DAG(s) 'example_skip_dag' retrieved from /home/airflow/.local/lib/python3.11/site-packages/airflow/example_dags/example_skip_dag.py
[2024-03-04T17:43:55.645+0000] {logging_mixin.py:188} INFO - [2024-03-04T17:43:55.644+0000] {dag.py:3047} INFO - Sync 1 DAGs
[2024-03-04T17:43:55.665+0000] {logging_mixin.py:188} INFO - [2024-03-04T17:43:55.664+0000] {dag.py:3834} INFO - Setting next_dagrun for example_skip_dag to 2024-03-03 00:00:00+00:00, run_after=2024-03-04 00:00:00+00:00
[2024-03-04T17:43:55.684+0000] {processor.py:183} INFO - Processing /home/airflow/.local/lib/python3.11/site-packages/airflow/example_dags/example_skip_dag.py took 0.173 seconds
[2024-03-04T17:44:26.578+0000] {processor.py:161} INFO - Started process (PID=743) to work on /home/airflow/.local/lib/python3.11/site-packages/airflow/example_dags/example_skip_dag.py
[2024-03-04T17:44:26.580+0000] {processor.py:830} INFO - Processing file /home/airflow/.local/lib/python3.11/site-packages/airflow/example_dags/example_skip_dag.py for tasks to queue
[2024-03-04T17:44:26.581+0000] {logging_mixin.py:188} INFO - [2024-03-04T17:44:26.580+0000] {dagbag.py:540} INFO - Filling up the DagBag from /home/airflow/.local/lib/python3.11/site-packages/airflow/example_dags/example_skip_dag.py
[2024-03-04T17:44:26.590+0000] {processor.py:840} INFO - DAG(s) 'example_skip_dag' retrieved from /home/airflow/.local/lib/python3.11/site-packages/airflow/example_dags/example_skip_dag.py
[2024-03-04T17:44:26.615+0000] {logging_mixin.py:188} INFO - [2024-03-04T17:44:26.615+0000] {dag.py:3047} INFO - Sync 1 DAGs
[2024-03-04T17:44:26.639+0000] {logging_mixin.py:188} INFO - [2024-03-04T17:44:26.638+0000] {dag.py:3834} INFO - Setting next_dagrun for example_skip_dag to 2024-03-03 00:00:00+00:00, run_after=2024-03-04 00:00:00+00:00
[2024-03-04T17:44:26.659+0000] {processor.py:183} INFO - Processing /home/airflow/.local/lib/python3.11/site-packages/airflow/example_dags/example_skip_dag.py took 0.087 seconds
