[2024-03-04T17:34:32.818+0000] {processor.py:161} INFO - Started process (PID=180) to work on /home/airflow/.local/lib/python3.11/site-packages/airflow/example_dags/example_xcom.py
[2024-03-04T17:34:32.829+0000] {processor.py:830} INFO - Processing file /home/airflow/.local/lib/python3.11/site-packages/airflow/example_dags/example_xcom.py for tasks to queue
[2024-03-04T17:34:32.835+0000] {logging_mixin.py:188} INFO - [2024-03-04T17:34:32.834+0000] {dagbag.py:540} INFO - Filling up the DagBag from /home/airflow/.local/lib/python3.11/site-packages/airflow/example_dags/example_xcom.py
[2024-03-04T17:34:32.863+0000] {processor.py:840} INFO - DAG(s) 'example_xcom' retrieved from /home/airflow/.local/lib/python3.11/site-packages/airflow/example_dags/example_xcom.py
[2024-03-04T17:34:32.910+0000] {logging_mixin.py:188} INFO - [2024-03-04T17:34:32.909+0000] {dag.py:3047} INFO - Sync 1 DAGs
[2024-03-04T17:34:33.007+0000] {logging_mixin.py:188} INFO - [2024-03-04T17:34:33.006+0000] {dag.py:3834} INFO - Setting next_dagrun for example_xcom to 2021-01-01 00:00:00+00:00, run_after=2021-01-01 00:00:00+00:00
[2024-03-04T17:34:33.107+0000] {processor.py:183} INFO - Processing /home/airflow/.local/lib/python3.11/site-packages/airflow/example_dags/example_xcom.py took 0.295 seconds
[2024-03-04T17:35:03.395+0000] {processor.py:161} INFO - Started process (PID=428) to work on /home/airflow/.local/lib/python3.11/site-packages/airflow/example_dags/example_xcom.py
[2024-03-04T17:35:03.397+0000] {processor.py:830} INFO - Processing file /home/airflow/.local/lib/python3.11/site-packages/airflow/example_dags/example_xcom.py for tasks to queue
[2024-03-04T17:35:03.398+0000] {logging_mixin.py:188} INFO - [2024-03-04T17:35:03.398+0000] {dagbag.py:540} INFO - Filling up the DagBag from /home/airflow/.local/lib/python3.11/site-packages/airflow/example_dags/example_xcom.py
[2024-03-04T17:35:03.413+0000] {processor.py:840} INFO - DAG(s) 'example_xcom' retrieved from /home/airflow/.local/lib/python3.11/site-packages/airflow/example_dags/example_xcom.py
[2024-03-04T17:35:03.545+0000] {logging_mixin.py:188} INFO - [2024-03-04T17:35:03.545+0000] {dag.py:3047} INFO - Sync 1 DAGs
[2024-03-04T17:35:03.569+0000] {logging_mixin.py:188} INFO - [2024-03-04T17:35:03.569+0000] {dag.py:3834} INFO - Setting next_dagrun for example_xcom to 2021-01-01 00:00:00+00:00, run_after=2021-01-01 00:00:00+00:00
[2024-03-04T17:35:03.597+0000] {processor.py:183} INFO - Processing /home/airflow/.local/lib/python3.11/site-packages/airflow/example_dags/example_xcom.py took 0.206 seconds
[2024-03-04T17:35:34.232+0000] {processor.py:161} INFO - Started process (PID=672) to work on /home/airflow/.local/lib/python3.11/site-packages/airflow/example_dags/example_xcom.py
[2024-03-04T17:35:34.233+0000] {processor.py:830} INFO - Processing file /home/airflow/.local/lib/python3.11/site-packages/airflow/example_dags/example_xcom.py for tasks to queue
[2024-03-04T17:35:34.234+0000] {logging_mixin.py:188} INFO - [2024-03-04T17:35:34.234+0000] {dagbag.py:540} INFO - Filling up the DagBag from /home/airflow/.local/lib/python3.11/site-packages/airflow/example_dags/example_xcom.py
[2024-03-04T17:35:34.245+0000] {processor.py:840} INFO - DAG(s) 'example_xcom' retrieved from /home/airflow/.local/lib/python3.11/site-packages/airflow/example_dags/example_xcom.py
[2024-03-04T17:35:34.284+0000] {logging_mixin.py:188} INFO - [2024-03-04T17:35:34.284+0000] {dag.py:3047} INFO - Sync 1 DAGs
[2024-03-04T17:35:34.311+0000] {logging_mixin.py:188} INFO - [2024-03-04T17:35:34.310+0000] {dag.py:3834} INFO - Setting next_dagrun for example_xcom to 2021-01-01 00:00:00+00:00, run_after=2021-01-01 00:00:00+00:00
[2024-03-04T17:35:34.333+0000] {processor.py:183} INFO - Processing /home/airflow/.local/lib/python3.11/site-packages/airflow/example_dags/example_xcom.py took 0.106 seconds
[2024-03-04T17:36:04.786+0000] {processor.py:161} INFO - Started process (PID=921) to work on /home/airflow/.local/lib/python3.11/site-packages/airflow/example_dags/example_xcom.py
[2024-03-04T17:36:04.788+0000] {processor.py:830} INFO - Processing file /home/airflow/.local/lib/python3.11/site-packages/airflow/example_dags/example_xcom.py for tasks to queue
[2024-03-04T17:36:04.790+0000] {logging_mixin.py:188} INFO - [2024-03-04T17:36:04.789+0000] {dagbag.py:540} INFO - Filling up the DagBag from /home/airflow/.local/lib/python3.11/site-packages/airflow/example_dags/example_xcom.py
[2024-03-04T17:36:04.799+0000] {processor.py:840} INFO - DAG(s) 'example_xcom' retrieved from /home/airflow/.local/lib/python3.11/site-packages/airflow/example_dags/example_xcom.py
[2024-03-04T17:36:04.821+0000] {logging_mixin.py:188} INFO - [2024-03-04T17:36:04.821+0000] {dag.py:3047} INFO - Sync 1 DAGs
[2024-03-04T17:36:04.841+0000] {logging_mixin.py:188} INFO - [2024-03-04T17:36:04.841+0000] {dag.py:3834} INFO - Setting next_dagrun for example_xcom to 2021-01-01 00:00:00+00:00, run_after=2021-01-01 00:00:00+00:00
[2024-03-04T17:36:04.860+0000] {processor.py:183} INFO - Processing /home/airflow/.local/lib/python3.11/site-packages/airflow/example_dags/example_xcom.py took 0.077 seconds
[2024-03-04T17:36:36.128+0000] {processor.py:161} INFO - Started process (PID=1168) to work on /home/airflow/.local/lib/python3.11/site-packages/airflow/example_dags/example_xcom.py
[2024-03-04T17:36:36.130+0000] {processor.py:830} INFO - Processing file /home/airflow/.local/lib/python3.11/site-packages/airflow/example_dags/example_xcom.py for tasks to queue
[2024-03-04T17:36:36.131+0000] {logging_mixin.py:188} INFO - [2024-03-04T17:36:36.130+0000] {dagbag.py:540} INFO - Filling up the DagBag from /home/airflow/.local/lib/python3.11/site-packages/airflow/example_dags/example_xcom.py
[2024-03-04T17:36:36.143+0000] {processor.py:840} INFO - DAG(s) 'example_xcom' retrieved from /home/airflow/.local/lib/python3.11/site-packages/airflow/example_dags/example_xcom.py
[2024-03-04T17:36:36.171+0000] {logging_mixin.py:188} INFO - [2024-03-04T17:36:36.171+0000] {dag.py:3047} INFO - Sync 1 DAGs
[2024-03-04T17:36:36.196+0000] {logging_mixin.py:188} INFO - [2024-03-04T17:36:36.195+0000] {dag.py:3834} INFO - Setting next_dagrun for example_xcom to 2021-01-01 00:00:00+00:00, run_after=2021-01-01 00:00:00+00:00
[2024-03-04T17:36:36.216+0000] {processor.py:183} INFO - Processing /home/airflow/.local/lib/python3.11/site-packages/airflow/example_dags/example_xcom.py took 0.091 seconds
[2024-03-04T17:37:36.016+0000] {processor.py:161} INFO - Started process (PID=1419) to work on /home/airflow/.local/lib/python3.11/site-packages/airflow/example_dags/example_xcom.py
[2024-03-04T17:37:36.018+0000] {processor.py:830} INFO - Processing file /home/airflow/.local/lib/python3.11/site-packages/airflow/example_dags/example_xcom.py for tasks to queue
[2024-03-04T17:37:36.020+0000] {logging_mixin.py:188} INFO - [2024-03-04T17:37:36.020+0000] {dagbag.py:540} INFO - Filling up the DagBag from /home/airflow/.local/lib/python3.11/site-packages/airflow/example_dags/example_xcom.py
[2024-03-04T17:37:36.043+0000] {processor.py:840} INFO - DAG(s) 'example_xcom' retrieved from /home/airflow/.local/lib/python3.11/site-packages/airflow/example_dags/example_xcom.py
[2024-03-04T17:37:36.070+0000] {logging_mixin.py:188} INFO - [2024-03-04T17:37:36.070+0000] {dag.py:3047} INFO - Sync 1 DAGs
[2024-03-04T17:37:36.104+0000] {logging_mixin.py:188} INFO - [2024-03-04T17:37:36.103+0000] {dag.py:3834} INFO - Setting next_dagrun for example_xcom to 2021-01-01 00:00:00+00:00, run_after=2021-01-01 00:00:00+00:00
[2024-03-04T17:37:36.133+0000] {processor.py:183} INFO - Processing /home/airflow/.local/lib/python3.11/site-packages/airflow/example_dags/example_xcom.py took 0.121 seconds
[2024-03-04T17:38:06.465+0000] {processor.py:161} INFO - Started process (PID=1666) to work on /home/airflow/.local/lib/python3.11/site-packages/airflow/example_dags/example_xcom.py
[2024-03-04T17:38:06.467+0000] {processor.py:830} INFO - Processing file /home/airflow/.local/lib/python3.11/site-packages/airflow/example_dags/example_xcom.py for tasks to queue
[2024-03-04T17:38:06.468+0000] {logging_mixin.py:188} INFO - [2024-03-04T17:38:06.468+0000] {dagbag.py:540} INFO - Filling up the DagBag from /home/airflow/.local/lib/python3.11/site-packages/airflow/example_dags/example_xcom.py
[2024-03-04T17:38:06.479+0000] {processor.py:840} INFO - DAG(s) 'example_xcom' retrieved from /home/airflow/.local/lib/python3.11/site-packages/airflow/example_dags/example_xcom.py
[2024-03-04T17:38:06.502+0000] {logging_mixin.py:188} INFO - [2024-03-04T17:38:06.502+0000] {dag.py:3047} INFO - Sync 1 DAGs
[2024-03-04T17:38:06.530+0000] {logging_mixin.py:188} INFO - [2024-03-04T17:38:06.530+0000] {dag.py:3834} INFO - Setting next_dagrun for example_xcom to 2021-01-01 00:00:00+00:00, run_after=2021-01-01 00:00:00+00:00
[2024-03-04T17:38:06.552+0000] {processor.py:183} INFO - Processing /home/airflow/.local/lib/python3.11/site-packages/airflow/example_dags/example_xcom.py took 0.091 seconds
[2024-03-04T17:38:36.667+0000] {processor.py:161} INFO - Started process (PID=1913) to work on /home/airflow/.local/lib/python3.11/site-packages/airflow/example_dags/example_xcom.py
[2024-03-04T17:38:36.668+0000] {processor.py:830} INFO - Processing file /home/airflow/.local/lib/python3.11/site-packages/airflow/example_dags/example_xcom.py for tasks to queue
[2024-03-04T17:38:36.670+0000] {logging_mixin.py:188} INFO - [2024-03-04T17:38:36.669+0000] {dagbag.py:540} INFO - Filling up the DagBag from /home/airflow/.local/lib/python3.11/site-packages/airflow/example_dags/example_xcom.py
[2024-03-04T17:38:36.680+0000] {processor.py:840} INFO - DAG(s) 'example_xcom' retrieved from /home/airflow/.local/lib/python3.11/site-packages/airflow/example_dags/example_xcom.py
[2024-03-04T17:38:36.707+0000] {logging_mixin.py:188} INFO - [2024-03-04T17:38:36.707+0000] {dag.py:3047} INFO - Sync 1 DAGs
[2024-03-04T17:38:36.737+0000] {logging_mixin.py:188} INFO - [2024-03-04T17:38:36.737+0000] {dag.py:3834} INFO - Setting next_dagrun for example_xcom to 2021-01-01 00:00:00+00:00, run_after=2021-01-01 00:00:00+00:00
[2024-03-04T17:38:36.758+0000] {processor.py:183} INFO - Processing /home/airflow/.local/lib/python3.11/site-packages/airflow/example_dags/example_xcom.py took 0.095 seconds
[2024-03-04T17:39:06.879+0000] {processor.py:161} INFO - Started process (PID=2160) to work on /home/airflow/.local/lib/python3.11/site-packages/airflow/example_dags/example_xcom.py
[2024-03-04T17:39:06.881+0000] {processor.py:830} INFO - Processing file /home/airflow/.local/lib/python3.11/site-packages/airflow/example_dags/example_xcom.py for tasks to queue
[2024-03-04T17:39:06.882+0000] {logging_mixin.py:188} INFO - [2024-03-04T17:39:06.882+0000] {dagbag.py:540} INFO - Filling up the DagBag from /home/airflow/.local/lib/python3.11/site-packages/airflow/example_dags/example_xcom.py
[2024-03-04T17:39:06.892+0000] {processor.py:840} INFO - DAG(s) 'example_xcom' retrieved from /home/airflow/.local/lib/python3.11/site-packages/airflow/example_dags/example_xcom.py
[2024-03-04T17:39:06.914+0000] {logging_mixin.py:188} INFO - [2024-03-04T17:39:06.914+0000] {dag.py:3047} INFO - Sync 1 DAGs
[2024-03-04T17:39:06.939+0000] {logging_mixin.py:188} INFO - [2024-03-04T17:39:06.939+0000] {dag.py:3834} INFO - Setting next_dagrun for example_xcom to 2021-01-01 00:00:00+00:00, run_after=2021-01-01 00:00:00+00:00
[2024-03-04T17:39:06.960+0000] {processor.py:183} INFO - Processing /home/airflow/.local/lib/python3.11/site-packages/airflow/example_dags/example_xcom.py took 0.084 seconds
[2024-03-04T17:39:37.793+0000] {processor.py:161} INFO - Started process (PID=2407) to work on /home/airflow/.local/lib/python3.11/site-packages/airflow/example_dags/example_xcom.py
[2024-03-04T17:39:37.794+0000] {processor.py:830} INFO - Processing file /home/airflow/.local/lib/python3.11/site-packages/airflow/example_dags/example_xcom.py for tasks to queue
[2024-03-04T17:39:37.796+0000] {logging_mixin.py:188} INFO - [2024-03-04T17:39:37.795+0000] {dagbag.py:540} INFO - Filling up the DagBag from /home/airflow/.local/lib/python3.11/site-packages/airflow/example_dags/example_xcom.py
[2024-03-04T17:39:37.806+0000] {processor.py:840} INFO - DAG(s) 'example_xcom' retrieved from /home/airflow/.local/lib/python3.11/site-packages/airflow/example_dags/example_xcom.py
[2024-03-04T17:39:37.825+0000] {logging_mixin.py:188} INFO - [2024-03-04T17:39:37.824+0000] {dag.py:3047} INFO - Sync 1 DAGs
[2024-03-04T17:39:37.844+0000] {logging_mixin.py:188} INFO - [2024-03-04T17:39:37.843+0000] {dag.py:3834} INFO - Setting next_dagrun for example_xcom to 2021-01-01 00:00:00+00:00, run_after=2021-01-01 00:00:00+00:00
[2024-03-04T17:39:37.860+0000] {processor.py:183} INFO - Processing /home/airflow/.local/lib/python3.11/site-packages/airflow/example_dags/example_xcom.py took 0.071 seconds
[2024-03-04T17:40:48.017+0000] {processor.py:161} INFO - Started process (PID=2660) to work on /home/airflow/.local/lib/python3.11/site-packages/airflow/example_dags/example_xcom.py
[2024-03-04T17:40:48.034+0000] {processor.py:830} INFO - Processing file /home/airflow/.local/lib/python3.11/site-packages/airflow/example_dags/example_xcom.py for tasks to queue
[2024-03-04T17:40:48.042+0000] {logging_mixin.py:188} INFO - [2024-03-04T17:40:48.041+0000] {dagbag.py:540} INFO - Filling up the DagBag from /home/airflow/.local/lib/python3.11/site-packages/airflow/example_dags/example_xcom.py
[2024-03-04T17:40:48.141+0000] {processor.py:840} INFO - DAG(s) 'example_xcom' retrieved from /home/airflow/.local/lib/python3.11/site-packages/airflow/example_dags/example_xcom.py
[2024-03-04T17:40:48.214+0000] {logging_mixin.py:188} INFO - [2024-03-04T17:40:48.213+0000] {dag.py:3047} INFO - Sync 1 DAGs
[2024-03-04T17:40:48.279+0000] {logging_mixin.py:188} INFO - [2024-03-04T17:40:48.278+0000] {dag.py:3834} INFO - Setting next_dagrun for example_xcom to 2021-01-01 00:00:00+00:00, run_after=2021-01-01 00:00:00+00:00
[2024-03-04T17:40:48.416+0000] {processor.py:183} INFO - Processing /home/airflow/.local/lib/python3.11/site-packages/airflow/example_dags/example_xcom.py took 0.418 seconds
[2024-03-04T17:41:18.808+0000] {processor.py:161} INFO - Started process (PID=2903) to work on /home/airflow/.local/lib/python3.11/site-packages/airflow/example_dags/example_xcom.py
[2024-03-04T17:41:18.809+0000] {processor.py:830} INFO - Processing file /home/airflow/.local/lib/python3.11/site-packages/airflow/example_dags/example_xcom.py for tasks to queue
[2024-03-04T17:41:18.810+0000] {logging_mixin.py:188} INFO - [2024-03-04T17:41:18.809+0000] {dagbag.py:540} INFO - Filling up the DagBag from /home/airflow/.local/lib/python3.11/site-packages/airflow/example_dags/example_xcom.py
[2024-03-04T17:41:18.819+0000] {processor.py:840} INFO - DAG(s) 'example_xcom' retrieved from /home/airflow/.local/lib/python3.11/site-packages/airflow/example_dags/example_xcom.py
[2024-03-04T17:41:18.840+0000] {logging_mixin.py:188} INFO - [2024-03-04T17:41:18.840+0000] {dag.py:3047} INFO - Sync 1 DAGs
[2024-03-04T17:41:18.859+0000] {logging_mixin.py:188} INFO - [2024-03-04T17:41:18.858+0000] {dag.py:3834} INFO - Setting next_dagrun for example_xcom to 2021-01-01 00:00:00+00:00, run_after=2021-01-01 00:00:00+00:00
[2024-03-04T17:41:18.874+0000] {processor.py:183} INFO - Processing /home/airflow/.local/lib/python3.11/site-packages/airflow/example_dags/example_xcom.py took 0.069 seconds
[2024-03-04T17:43:22.082+0000] {processor.py:161} INFO - Started process (PID=179) to work on /home/airflow/.local/lib/python3.11/site-packages/airflow/example_dags/example_xcom.py
[2024-03-04T17:43:22.084+0000] {processor.py:830} INFO - Processing file /home/airflow/.local/lib/python3.11/site-packages/airflow/example_dags/example_xcom.py for tasks to queue
[2024-03-04T17:43:22.086+0000] {logging_mixin.py:188} INFO - [2024-03-04T17:43:22.085+0000] {dagbag.py:540} INFO - Filling up the DagBag from /home/airflow/.local/lib/python3.11/site-packages/airflow/example_dags/example_xcom.py
[2024-03-04T17:43:22.106+0000] {processor.py:840} INFO - DAG(s) 'example_xcom' retrieved from /home/airflow/.local/lib/python3.11/site-packages/airflow/example_dags/example_xcom.py
[2024-03-04T17:43:22.126+0000] {logging_mixin.py:188} INFO - [2024-03-04T17:43:22.125+0000] {dag.py:3047} INFO - Sync 1 DAGs
[2024-03-04T17:43:22.165+0000] {logging_mixin.py:188} INFO - [2024-03-04T17:43:22.165+0000] {dag.py:3834} INFO - Setting next_dagrun for example_xcom to 2021-01-01 00:00:00+00:00, run_after=2021-01-01 00:00:00+00:00
[2024-03-04T17:43:22.198+0000] {processor.py:183} INFO - Processing /home/airflow/.local/lib/python3.11/site-packages/airflow/example_dags/example_xcom.py took 0.121 seconds
[2024-03-04T17:43:53.005+0000] {processor.py:161} INFO - Started process (PID=426) to work on /home/airflow/.local/lib/python3.11/site-packages/airflow/example_dags/example_xcom.py
[2024-03-04T17:43:53.007+0000] {processor.py:830} INFO - Processing file /home/airflow/.local/lib/python3.11/site-packages/airflow/example_dags/example_xcom.py for tasks to queue
[2024-03-04T17:43:53.008+0000] {logging_mixin.py:188} INFO - [2024-03-04T17:43:53.008+0000] {dagbag.py:540} INFO - Filling up the DagBag from /home/airflow/.local/lib/python3.11/site-packages/airflow/example_dags/example_xcom.py
[2024-03-04T17:43:53.020+0000] {processor.py:840} INFO - DAG(s) 'example_xcom' retrieved from /home/airflow/.local/lib/python3.11/site-packages/airflow/example_dags/example_xcom.py
[2024-03-04T17:43:53.116+0000] {logging_mixin.py:188} INFO - [2024-03-04T17:43:53.115+0000] {dag.py:3047} INFO - Sync 1 DAGs
[2024-03-04T17:43:53.139+0000] {logging_mixin.py:188} INFO - [2024-03-04T17:43:53.139+0000] {dag.py:3834} INFO - Setting next_dagrun for example_xcom to 2021-01-01 00:00:00+00:00, run_after=2021-01-01 00:00:00+00:00
[2024-03-04T17:43:53.169+0000] {processor.py:183} INFO - Processing /home/airflow/.local/lib/python3.11/site-packages/airflow/example_dags/example_xcom.py took 0.168 seconds
[2024-03-04T17:44:23.706+0000] {processor.py:161} INFO - Started process (PID=673) to work on /home/airflow/.local/lib/python3.11/site-packages/airflow/example_dags/example_xcom.py
[2024-03-04T17:44:23.707+0000] {processor.py:830} INFO - Processing file /home/airflow/.local/lib/python3.11/site-packages/airflow/example_dags/example_xcom.py for tasks to queue
[2024-03-04T17:44:23.709+0000] {logging_mixin.py:188} INFO - [2024-03-04T17:44:23.708+0000] {dagbag.py:540} INFO - Filling up the DagBag from /home/airflow/.local/lib/python3.11/site-packages/airflow/example_dags/example_xcom.py
[2024-03-04T17:44:23.719+0000] {processor.py:840} INFO - DAG(s) 'example_xcom' retrieved from /home/airflow/.local/lib/python3.11/site-packages/airflow/example_dags/example_xcom.py
[2024-03-04T17:44:23.743+0000] {logging_mixin.py:188} INFO - [2024-03-04T17:44:23.742+0000] {dag.py:3047} INFO - Sync 1 DAGs
[2024-03-04T17:44:23.772+0000] {logging_mixin.py:188} INFO - [2024-03-04T17:44:23.771+0000] {dag.py:3834} INFO - Setting next_dagrun for example_xcom to 2021-01-01 00:00:00+00:00, run_after=2021-01-01 00:00:00+00:00
[2024-03-04T17:44:23.794+0000] {processor.py:183} INFO - Processing /home/airflow/.local/lib/python3.11/site-packages/airflow/example_dags/example_xcom.py took 0.091 seconds
