[2024-03-04T17:34:34.783+0000] {processor.py:161} INFO - Started process (PID=225) to work on /home/airflow/.local/lib/python3.11/site-packages/airflow/example_dags/example_sensors.py
[2024-03-04T17:34:34.794+0000] {processor.py:830} INFO - Processing file /home/airflow/.local/lib/python3.11/site-packages/airflow/example_dags/example_sensors.py for tasks to queue
[2024-03-04T17:34:34.798+0000] {logging_mixin.py:188} INFO - [2024-03-04T17:34:34.797+0000] {dagbag.py:540} INFO - Filling up the DagBag from /home/airflow/.local/lib/python3.11/site-packages/airflow/example_dags/example_sensors.py
[2024-03-04T17:34:34.846+0000] {processor.py:840} INFO - DAG(s) 'example_sensors' retrieved from /home/airflow/.local/lib/python3.11/site-packages/airflow/example_dags/example_sensors.py
[2024-03-04T17:34:34.888+0000] {logging_mixin.py:188} INFO - [2024-03-04T17:34:34.887+0000] {dag.py:3047} INFO - Sync 1 DAGs
[2024-03-04T17:34:34.932+0000] {logging_mixin.py:188} INFO - [2024-03-04T17:34:34.931+0000] {dag.py:3834} INFO - Setting next_dagrun for example_sensors to None, run_after=None
[2024-03-04T17:34:34.971+0000] {processor.py:183} INFO - Processing /home/airflow/.local/lib/python3.11/site-packages/airflow/example_dags/example_sensors.py took 0.193 seconds
[2024-03-04T17:35:05.359+0000] {processor.py:161} INFO - Started process (PID=471) to work on /home/airflow/.local/lib/python3.11/site-packages/airflow/example_dags/example_sensors.py
[2024-03-04T17:35:05.360+0000] {processor.py:830} INFO - Processing file /home/airflow/.local/lib/python3.11/site-packages/airflow/example_dags/example_sensors.py for tasks to queue
[2024-03-04T17:35:05.361+0000] {logging_mixin.py:188} INFO - [2024-03-04T17:35:05.361+0000] {dagbag.py:540} INFO - Filling up the DagBag from /home/airflow/.local/lib/python3.11/site-packages/airflow/example_dags/example_sensors.py
[2024-03-04T17:35:05.372+0000] {processor.py:840} INFO - DAG(s) 'example_sensors' retrieved from /home/airflow/.local/lib/python3.11/site-packages/airflow/example_dags/example_sensors.py
[2024-03-04T17:35:05.476+0000] {logging_mixin.py:188} INFO - [2024-03-04T17:35:05.475+0000] {dag.py:3047} INFO - Sync 1 DAGs
[2024-03-04T17:35:05.486+0000] {logging_mixin.py:188} INFO - [2024-03-04T17:35:05.485+0000] {dag.py:3834} INFO - Setting next_dagrun for example_sensors to None, run_after=None
[2024-03-04T17:35:05.517+0000] {processor.py:183} INFO - Processing /home/airflow/.local/lib/python3.11/site-packages/airflow/example_dags/example_sensors.py took 0.162 seconds
[2024-03-04T17:35:35.886+0000] {processor.py:161} INFO - Started process (PID=717) to work on /home/airflow/.local/lib/python3.11/site-packages/airflow/example_dags/example_sensors.py
[2024-03-04T17:35:35.887+0000] {processor.py:830} INFO - Processing file /home/airflow/.local/lib/python3.11/site-packages/airflow/example_dags/example_sensors.py for tasks to queue
[2024-03-04T17:35:35.889+0000] {logging_mixin.py:188} INFO - [2024-03-04T17:35:35.888+0000] {dagbag.py:540} INFO - Filling up the DagBag from /home/airflow/.local/lib/python3.11/site-packages/airflow/example_dags/example_sensors.py
[2024-03-04T17:35:35.902+0000] {processor.py:840} INFO - DAG(s) 'example_sensors' retrieved from /home/airflow/.local/lib/python3.11/site-packages/airflow/example_dags/example_sensors.py
[2024-03-04T17:35:35.930+0000] {logging_mixin.py:188} INFO - [2024-03-04T17:35:35.930+0000] {dag.py:3047} INFO - Sync 1 DAGs
[2024-03-04T17:35:35.942+0000] {logging_mixin.py:188} INFO - [2024-03-04T17:35:35.942+0000] {dag.py:3834} INFO - Setting next_dagrun for example_sensors to None, run_after=None
[2024-03-04T17:35:35.962+0000] {processor.py:183} INFO - Processing /home/airflow/.local/lib/python3.11/site-packages/airflow/example_dags/example_sensors.py took 0.079 seconds
[2024-03-04T17:36:06.255+0000] {processor.py:161} INFO - Started process (PID=964) to work on /home/airflow/.local/lib/python3.11/site-packages/airflow/example_dags/example_sensors.py
[2024-03-04T17:36:06.256+0000] {processor.py:830} INFO - Processing file /home/airflow/.local/lib/python3.11/site-packages/airflow/example_dags/example_sensors.py for tasks to queue
[2024-03-04T17:36:06.257+0000] {logging_mixin.py:188} INFO - [2024-03-04T17:36:06.257+0000] {dagbag.py:540} INFO - Filling up the DagBag from /home/airflow/.local/lib/python3.11/site-packages/airflow/example_dags/example_sensors.py
[2024-03-04T17:36:06.268+0000] {processor.py:840} INFO - DAG(s) 'example_sensors' retrieved from /home/airflow/.local/lib/python3.11/site-packages/airflow/example_dags/example_sensors.py
[2024-03-04T17:36:06.301+0000] {logging_mixin.py:188} INFO - [2024-03-04T17:36:06.301+0000] {dag.py:3047} INFO - Sync 1 DAGs
[2024-03-04T17:36:06.316+0000] {logging_mixin.py:188} INFO - [2024-03-04T17:36:06.315+0000] {dag.py:3834} INFO - Setting next_dagrun for example_sensors to None, run_after=None
[2024-03-04T17:36:06.336+0000] {processor.py:183} INFO - Processing /home/airflow/.local/lib/python3.11/site-packages/airflow/example_dags/example_sensors.py took 0.084 seconds
[2024-03-04T17:36:36.746+0000] {processor.py:161} INFO - Started process (PID=1213) to work on /home/airflow/.local/lib/python3.11/site-packages/airflow/example_dags/example_sensors.py
[2024-03-04T17:36:36.747+0000] {processor.py:830} INFO - Processing file /home/airflow/.local/lib/python3.11/site-packages/airflow/example_dags/example_sensors.py for tasks to queue
[2024-03-04T17:36:36.748+0000] {logging_mixin.py:188} INFO - [2024-03-04T17:36:36.748+0000] {dagbag.py:540} INFO - Filling up the DagBag from /home/airflow/.local/lib/python3.11/site-packages/airflow/example_dags/example_sensors.py
[2024-03-04T17:36:36.761+0000] {processor.py:840} INFO - DAG(s) 'example_sensors' retrieved from /home/airflow/.local/lib/python3.11/site-packages/airflow/example_dags/example_sensors.py
[2024-03-04T17:36:36.789+0000] {logging_mixin.py:188} INFO - [2024-03-04T17:36:36.789+0000] {dag.py:3047} INFO - Sync 1 DAGs
[2024-03-04T17:36:36.800+0000] {logging_mixin.py:188} INFO - [2024-03-04T17:36:36.800+0000] {dag.py:3834} INFO - Setting next_dagrun for example_sensors to None, run_after=None
[2024-03-04T17:36:36.819+0000] {processor.py:183} INFO - Processing /home/airflow/.local/lib/python3.11/site-packages/airflow/example_dags/example_sensors.py took 0.077 seconds
[2024-03-04T17:37:36.954+0000] {processor.py:161} INFO - Started process (PID=1464) to work on /home/airflow/.local/lib/python3.11/site-packages/airflow/example_dags/example_sensors.py
[2024-03-04T17:37:36.956+0000] {processor.py:830} INFO - Processing file /home/airflow/.local/lib/python3.11/site-packages/airflow/example_dags/example_sensors.py for tasks to queue
[2024-03-04T17:37:36.957+0000] {logging_mixin.py:188} INFO - [2024-03-04T17:37:36.957+0000] {dagbag.py:540} INFO - Filling up the DagBag from /home/airflow/.local/lib/python3.11/site-packages/airflow/example_dags/example_sensors.py
[2024-03-04T17:37:36.976+0000] {processor.py:840} INFO - DAG(s) 'example_sensors' retrieved from /home/airflow/.local/lib/python3.11/site-packages/airflow/example_dags/example_sensors.py
[2024-03-04T17:37:37.020+0000] {logging_mixin.py:188} INFO - [2024-03-04T17:37:37.019+0000] {dag.py:3047} INFO - Sync 1 DAGs
[2024-03-04T17:37:37.044+0000] {logging_mixin.py:188} INFO - [2024-03-04T17:37:37.044+0000] {dag.py:3834} INFO - Setting next_dagrun for example_sensors to None, run_after=None
[2024-03-04T17:37:37.082+0000] {processor.py:183} INFO - Processing /home/airflow/.local/lib/python3.11/site-packages/airflow/example_dags/example_sensors.py took 0.134 seconds
[2024-03-04T17:38:08.052+0000] {processor.py:161} INFO - Started process (PID=1711) to work on /home/airflow/.local/lib/python3.11/site-packages/airflow/example_dags/example_sensors.py
[2024-03-04T17:38:08.053+0000] {processor.py:830} INFO - Processing file /home/airflow/.local/lib/python3.11/site-packages/airflow/example_dags/example_sensors.py for tasks to queue
[2024-03-04T17:38:08.054+0000] {logging_mixin.py:188} INFO - [2024-03-04T17:38:08.054+0000] {dagbag.py:540} INFO - Filling up the DagBag from /home/airflow/.local/lib/python3.11/site-packages/airflow/example_dags/example_sensors.py
[2024-03-04T17:38:08.068+0000] {processor.py:840} INFO - DAG(s) 'example_sensors' retrieved from /home/airflow/.local/lib/python3.11/site-packages/airflow/example_dags/example_sensors.py
[2024-03-04T17:38:08.101+0000] {logging_mixin.py:188} INFO - [2024-03-04T17:38:08.100+0000] {dag.py:3047} INFO - Sync 1 DAGs
[2024-03-04T17:38:08.119+0000] {logging_mixin.py:188} INFO - [2024-03-04T17:38:08.119+0000] {dag.py:3834} INFO - Setting next_dagrun for example_sensors to None, run_after=None
[2024-03-04T17:38:08.140+0000] {processor.py:183} INFO - Processing /home/airflow/.local/lib/python3.11/site-packages/airflow/example_dags/example_sensors.py took 0.092 seconds
[2024-03-04T17:38:38.184+0000] {processor.py:161} INFO - Started process (PID=1958) to work on /home/airflow/.local/lib/python3.11/site-packages/airflow/example_dags/example_sensors.py
[2024-03-04T17:38:38.185+0000] {processor.py:830} INFO - Processing file /home/airflow/.local/lib/python3.11/site-packages/airflow/example_dags/example_sensors.py for tasks to queue
[2024-03-04T17:38:38.186+0000] {logging_mixin.py:188} INFO - [2024-03-04T17:38:38.186+0000] {dagbag.py:540} INFO - Filling up the DagBag from /home/airflow/.local/lib/python3.11/site-packages/airflow/example_dags/example_sensors.py
[2024-03-04T17:38:38.198+0000] {processor.py:840} INFO - DAG(s) 'example_sensors' retrieved from /home/airflow/.local/lib/python3.11/site-packages/airflow/example_dags/example_sensors.py
[2024-03-04T17:38:38.225+0000] {logging_mixin.py:188} INFO - [2024-03-04T17:38:38.225+0000] {dag.py:3047} INFO - Sync 1 DAGs
[2024-03-04T17:38:38.241+0000] {logging_mixin.py:188} INFO - [2024-03-04T17:38:38.241+0000] {dag.py:3834} INFO - Setting next_dagrun for example_sensors to None, run_after=None
[2024-03-04T17:38:38.260+0000] {processor.py:183} INFO - Processing /home/airflow/.local/lib/python3.11/site-packages/airflow/example_dags/example_sensors.py took 0.079 seconds
[2024-03-04T17:39:08.313+0000] {processor.py:161} INFO - Started process (PID=2202) to work on /home/airflow/.local/lib/python3.11/site-packages/airflow/example_dags/example_sensors.py
[2024-03-04T17:39:08.314+0000] {processor.py:830} INFO - Processing file /home/airflow/.local/lib/python3.11/site-packages/airflow/example_dags/example_sensors.py for tasks to queue
[2024-03-04T17:39:08.315+0000] {logging_mixin.py:188} INFO - [2024-03-04T17:39:08.315+0000] {dagbag.py:540} INFO - Filling up the DagBag from /home/airflow/.local/lib/python3.11/site-packages/airflow/example_dags/example_sensors.py
[2024-03-04T17:39:08.324+0000] {processor.py:840} INFO - DAG(s) 'example_sensors' retrieved from /home/airflow/.local/lib/python3.11/site-packages/airflow/example_dags/example_sensors.py
[2024-03-04T17:39:08.345+0000] {logging_mixin.py:188} INFO - [2024-03-04T17:39:08.345+0000] {dag.py:3047} INFO - Sync 1 DAGs
[2024-03-04T17:39:08.355+0000] {logging_mixin.py:188} INFO - [2024-03-04T17:39:08.355+0000] {dag.py:3834} INFO - Setting next_dagrun for example_sensors to None, run_after=None
[2024-03-04T17:39:08.370+0000] {processor.py:183} INFO - Processing /home/airflow/.local/lib/python3.11/site-packages/airflow/example_dags/example_sensors.py took 0.060 seconds
[2024-03-04T17:39:39.310+0000] {processor.py:161} INFO - Started process (PID=2452) to work on /home/airflow/.local/lib/python3.11/site-packages/airflow/example_dags/example_sensors.py
[2024-03-04T17:39:39.311+0000] {processor.py:830} INFO - Processing file /home/airflow/.local/lib/python3.11/site-packages/airflow/example_dags/example_sensors.py for tasks to queue
[2024-03-04T17:39:39.313+0000] {logging_mixin.py:188} INFO - [2024-03-04T17:39:39.312+0000] {dagbag.py:540} INFO - Filling up the DagBag from /home/airflow/.local/lib/python3.11/site-packages/airflow/example_dags/example_sensors.py
[2024-03-04T17:39:39.323+0000] {processor.py:840} INFO - DAG(s) 'example_sensors' retrieved from /home/airflow/.local/lib/python3.11/site-packages/airflow/example_dags/example_sensors.py
[2024-03-04T17:39:39.346+0000] {logging_mixin.py:188} INFO - [2024-03-04T17:39:39.345+0000] {dag.py:3047} INFO - Sync 1 DAGs
[2024-03-04T17:39:39.359+0000] {logging_mixin.py:188} INFO - [2024-03-04T17:39:39.358+0000] {dag.py:3834} INFO - Setting next_dagrun for example_sensors to None, run_after=None
[2024-03-04T17:39:39.376+0000] {processor.py:183} INFO - Processing /home/airflow/.local/lib/python3.11/site-packages/airflow/example_dags/example_sensors.py took 0.069 seconds
[2024-03-04T17:40:49.361+0000] {processor.py:161} INFO - Started process (PID=2705) to work on /home/airflow/.local/lib/python3.11/site-packages/airflow/example_dags/example_sensors.py
[2024-03-04T17:40:49.363+0000] {processor.py:830} INFO - Processing file /home/airflow/.local/lib/python3.11/site-packages/airflow/example_dags/example_sensors.py for tasks to queue
[2024-03-04T17:40:49.366+0000] {logging_mixin.py:188} INFO - [2024-03-04T17:40:49.365+0000] {dagbag.py:540} INFO - Filling up the DagBag from /home/airflow/.local/lib/python3.11/site-packages/airflow/example_dags/example_sensors.py
[2024-03-04T17:40:49.393+0000] {processor.py:840} INFO - DAG(s) 'example_sensors' retrieved from /home/airflow/.local/lib/python3.11/site-packages/airflow/example_dags/example_sensors.py
[2024-03-04T17:40:49.450+0000] {logging_mixin.py:188} INFO - [2024-03-04T17:40:49.449+0000] {dag.py:3047} INFO - Sync 1 DAGs
[2024-03-04T17:40:49.472+0000] {logging_mixin.py:188} INFO - [2024-03-04T17:40:49.471+0000] {dag.py:3834} INFO - Setting next_dagrun for example_sensors to None, run_after=None
[2024-03-04T17:40:49.508+0000] {processor.py:183} INFO - Processing /home/airflow/.local/lib/python3.11/site-packages/airflow/example_dags/example_sensors.py took 0.153 seconds
[2024-03-04T17:41:20.338+0000] {processor.py:161} INFO - Started process (PID=2952) to work on /home/airflow/.local/lib/python3.11/site-packages/airflow/example_dags/example_sensors.py
[2024-03-04T17:41:20.339+0000] {processor.py:830} INFO - Processing file /home/airflow/.local/lib/python3.11/site-packages/airflow/example_dags/example_sensors.py for tasks to queue
[2024-03-04T17:41:20.341+0000] {logging_mixin.py:188} INFO - [2024-03-04T17:41:20.340+0000] {dagbag.py:540} INFO - Filling up the DagBag from /home/airflow/.local/lib/python3.11/site-packages/airflow/example_dags/example_sensors.py
[2024-03-04T17:41:20.354+0000] {processor.py:840} INFO - DAG(s) 'example_sensors' retrieved from /home/airflow/.local/lib/python3.11/site-packages/airflow/example_dags/example_sensors.py
[2024-03-04T17:41:20.401+0000] {logging_mixin.py:188} INFO - [2024-03-04T17:41:20.400+0000] {dag.py:3047} INFO - Sync 1 DAGs
[2024-03-04T17:41:20.415+0000] {logging_mixin.py:188} INFO - [2024-03-04T17:41:20.415+0000] {dag.py:3834} INFO - Setting next_dagrun for example_sensors to None, run_after=None
[2024-03-04T17:41:20.441+0000] {processor.py:183} INFO - Processing /home/airflow/.local/lib/python3.11/site-packages/airflow/example_dags/example_sensors.py took 0.108 seconds
[2024-03-04T17:43:22.789+0000] {processor.py:161} INFO - Started process (PID=224) to work on /home/airflow/.local/lib/python3.11/site-packages/airflow/example_dags/example_sensors.py
[2024-03-04T17:43:22.790+0000] {processor.py:830} INFO - Processing file /home/airflow/.local/lib/python3.11/site-packages/airflow/example_dags/example_sensors.py for tasks to queue
[2024-03-04T17:43:22.792+0000] {logging_mixin.py:188} INFO - [2024-03-04T17:43:22.792+0000] {dagbag.py:540} INFO - Filling up the DagBag from /home/airflow/.local/lib/python3.11/site-packages/airflow/example_dags/example_sensors.py
[2024-03-04T17:43:22.807+0000] {processor.py:840} INFO - DAG(s) 'example_sensors' retrieved from /home/airflow/.local/lib/python3.11/site-packages/airflow/example_dags/example_sensors.py
[2024-03-04T17:43:22.828+0000] {logging_mixin.py:188} INFO - [2024-03-04T17:43:22.828+0000] {dag.py:3047} INFO - Sync 1 DAGs
[2024-03-04T17:43:22.844+0000] {logging_mixin.py:188} INFO - [2024-03-04T17:43:22.843+0000] {dag.py:3834} INFO - Setting next_dagrun for example_sensors to None, run_after=None
[2024-03-04T17:43:22.874+0000] {processor.py:183} INFO - Processing /home/airflow/.local/lib/python3.11/site-packages/airflow/example_dags/example_sensors.py took 0.089 seconds
[2024-03-04T17:43:55.020+0000] {processor.py:161} INFO - Started process (PID=471) to work on /home/airflow/.local/lib/python3.11/site-packages/airflow/example_dags/example_sensors.py
[2024-03-04T17:43:55.022+0000] {processor.py:830} INFO - Processing file /home/airflow/.local/lib/python3.11/site-packages/airflow/example_dags/example_sensors.py for tasks to queue
[2024-03-04T17:43:55.023+0000] {logging_mixin.py:188} INFO - [2024-03-04T17:43:55.023+0000] {dagbag.py:540} INFO - Filling up the DagBag from /home/airflow/.local/lib/python3.11/site-packages/airflow/example_dags/example_sensors.py
[2024-03-04T17:43:55.036+0000] {processor.py:840} INFO - DAG(s) 'example_sensors' retrieved from /home/airflow/.local/lib/python3.11/site-packages/airflow/example_dags/example_sensors.py
[2024-03-04T17:43:55.151+0000] {logging_mixin.py:188} INFO - [2024-03-04T17:43:55.151+0000] {dag.py:3047} INFO - Sync 1 DAGs
[2024-03-04T17:43:55.162+0000] {logging_mixin.py:188} INFO - [2024-03-04T17:43:55.161+0000] {dag.py:3834} INFO - Setting next_dagrun for example_sensors to None, run_after=None
[2024-03-04T17:43:55.184+0000] {processor.py:183} INFO - Processing /home/airflow/.local/lib/python3.11/site-packages/airflow/example_dags/example_sensors.py took 0.168 seconds
[2024-03-04T17:44:25.308+0000] {processor.py:161} INFO - Started process (PID=718) to work on /home/airflow/.local/lib/python3.11/site-packages/airflow/example_dags/example_sensors.py
[2024-03-04T17:44:25.310+0000] {processor.py:830} INFO - Processing file /home/airflow/.local/lib/python3.11/site-packages/airflow/example_dags/example_sensors.py for tasks to queue
[2024-03-04T17:44:25.314+0000] {logging_mixin.py:188} INFO - [2024-03-04T17:44:25.313+0000] {dagbag.py:540} INFO - Filling up the DagBag from /home/airflow/.local/lib/python3.11/site-packages/airflow/example_dags/example_sensors.py
[2024-03-04T17:44:25.327+0000] {processor.py:840} INFO - DAG(s) 'example_sensors' retrieved from /home/airflow/.local/lib/python3.11/site-packages/airflow/example_dags/example_sensors.py
[2024-03-04T17:44:25.364+0000] {logging_mixin.py:188} INFO - [2024-03-04T17:44:25.363+0000] {dag.py:3047} INFO - Sync 1 DAGs
[2024-03-04T17:44:25.382+0000] {logging_mixin.py:188} INFO - [2024-03-04T17:44:25.382+0000] {dag.py:3834} INFO - Setting next_dagrun for example_sensors to None, run_after=None
[2024-03-04T17:44:25.406+0000] {processor.py:183} INFO - Processing /home/airflow/.local/lib/python3.11/site-packages/airflow/example_dags/example_sensors.py took 0.104 seconds
