[2024-03-04T17:34:38.190+0000] {processor.py:161} INFO - Started process (PID=290) to work on /home/airflow/.local/lib/python3.11/site-packages/airflow/example_dags/example_complex.py
[2024-03-04T17:34:38.196+0000] {processor.py:830} INFO - Processing file /home/airflow/.local/lib/python3.11/site-packages/airflow/example_dags/example_complex.py for tasks to queue
[2024-03-04T17:34:38.200+0000] {logging_mixin.py:188} INFO - [2024-03-04T17:34:38.200+0000] {dagbag.py:540} INFO - Filling up the DagBag from /home/airflow/.local/lib/python3.11/site-packages/airflow/example_dags/example_complex.py
[2024-03-04T17:34:38.243+0000] {processor.py:840} INFO - DAG(s) 'example_complex' retrieved from /home/airflow/.local/lib/python3.11/site-packages/airflow/example_dags/example_complex.py
[2024-03-04T17:34:38.495+0000] {logging_mixin.py:188} INFO - [2024-03-04T17:34:38.495+0000] {dag.py:3047} INFO - Sync 1 DAGs
[2024-03-04T17:34:38.528+0000] {logging_mixin.py:188} INFO - [2024-03-04T17:34:38.527+0000] {dag.py:3834} INFO - Setting next_dagrun for example_complex to None, run_after=None
[2024-03-04T17:34:38.585+0000] {processor.py:183} INFO - Processing /home/airflow/.local/lib/python3.11/site-packages/airflow/example_dags/example_complex.py took 0.409 seconds
[2024-03-04T17:35:09.636+0000] {processor.py:161} INFO - Started process (PID=538) to work on /home/airflow/.local/lib/python3.11/site-packages/airflow/example_dags/example_complex.py
[2024-03-04T17:35:09.638+0000] {processor.py:830} INFO - Processing file /home/airflow/.local/lib/python3.11/site-packages/airflow/example_dags/example_complex.py for tasks to queue
[2024-03-04T17:35:09.641+0000] {logging_mixin.py:188} INFO - [2024-03-04T17:35:09.639+0000] {dagbag.py:540} INFO - Filling up the DagBag from /home/airflow/.local/lib/python3.11/site-packages/airflow/example_dags/example_complex.py
[2024-03-04T17:35:09.670+0000] {processor.py:840} INFO - DAG(s) 'example_complex' retrieved from /home/airflow/.local/lib/python3.11/site-packages/airflow/example_dags/example_complex.py
[2024-03-04T17:35:09.752+0000] {logging_mixin.py:188} INFO - [2024-03-04T17:35:09.752+0000] {dag.py:3047} INFO - Sync 1 DAGs
[2024-03-04T17:35:09.796+0000] {logging_mixin.py:188} INFO - [2024-03-04T17:35:09.795+0000] {dag.py:3834} INFO - Setting next_dagrun for example_complex to None, run_after=None
[2024-03-04T17:35:09.846+0000] {processor.py:183} INFO - Processing /home/airflow/.local/lib/python3.11/site-packages/airflow/example_dags/example_complex.py took 0.223 seconds
[2024-03-04T17:35:39.923+0000] {processor.py:161} INFO - Started process (PID=784) to work on /home/airflow/.local/lib/python3.11/site-packages/airflow/example_dags/example_complex.py
[2024-03-04T17:35:39.925+0000] {processor.py:830} INFO - Processing file /home/airflow/.local/lib/python3.11/site-packages/airflow/example_dags/example_complex.py for tasks to queue
[2024-03-04T17:35:39.928+0000] {logging_mixin.py:188} INFO - [2024-03-04T17:35:39.927+0000] {dagbag.py:540} INFO - Filling up the DagBag from /home/airflow/.local/lib/python3.11/site-packages/airflow/example_dags/example_complex.py
[2024-03-04T17:35:39.950+0000] {processor.py:840} INFO - DAG(s) 'example_complex' retrieved from /home/airflow/.local/lib/python3.11/site-packages/airflow/example_dags/example_complex.py
[2024-03-04T17:35:39.977+0000] {logging_mixin.py:188} INFO - [2024-03-04T17:35:39.976+0000] {dag.py:3047} INFO - Sync 1 DAGs
[2024-03-04T17:35:39.988+0000] {logging_mixin.py:188} INFO - [2024-03-04T17:35:39.988+0000] {dag.py:3834} INFO - Setting next_dagrun for example_complex to None, run_after=None
[2024-03-04T17:35:40.033+0000] {processor.py:183} INFO - Processing /home/airflow/.local/lib/python3.11/site-packages/airflow/example_dags/example_complex.py took 0.118 seconds
[2024-03-04T17:36:10.099+0000] {processor.py:161} INFO - Started process (PID=1031) to work on /home/airflow/.local/lib/python3.11/site-packages/airflow/example_dags/example_complex.py
[2024-03-04T17:36:10.106+0000] {processor.py:830} INFO - Processing file /home/airflow/.local/lib/python3.11/site-packages/airflow/example_dags/example_complex.py for tasks to queue
[2024-03-04T17:36:10.110+0000] {logging_mixin.py:188} INFO - [2024-03-04T17:36:10.110+0000] {dagbag.py:540} INFO - Filling up the DagBag from /home/airflow/.local/lib/python3.11/site-packages/airflow/example_dags/example_complex.py
[2024-03-04T17:36:10.121+0000] {processor.py:840} INFO - DAG(s) 'example_complex' retrieved from /home/airflow/.local/lib/python3.11/site-packages/airflow/example_dags/example_complex.py
[2024-03-04T17:36:10.147+0000] {logging_mixin.py:188} INFO - [2024-03-04T17:36:10.147+0000] {dag.py:3047} INFO - Sync 1 DAGs
[2024-03-04T17:36:10.161+0000] {logging_mixin.py:188} INFO - [2024-03-04T17:36:10.161+0000] {dag.py:3834} INFO - Setting next_dagrun for example_complex to None, run_after=None
[2024-03-04T17:36:10.178+0000] {processor.py:183} INFO - Processing /home/airflow/.local/lib/python3.11/site-packages/airflow/example_dags/example_complex.py took 0.085 seconds
[2024-03-04T17:36:40.671+0000] {processor.py:161} INFO - Started process (PID=1278) to work on /home/airflow/.local/lib/python3.11/site-packages/airflow/example_dags/example_complex.py
[2024-03-04T17:36:40.677+0000] {processor.py:830} INFO - Processing file /home/airflow/.local/lib/python3.11/site-packages/airflow/example_dags/example_complex.py for tasks to queue
[2024-03-04T17:36:40.678+0000] {logging_mixin.py:188} INFO - [2024-03-04T17:36:40.678+0000] {dagbag.py:540} INFO - Filling up the DagBag from /home/airflow/.local/lib/python3.11/site-packages/airflow/example_dags/example_complex.py
[2024-03-04T17:36:40.693+0000] {processor.py:840} INFO - DAG(s) 'example_complex' retrieved from /home/airflow/.local/lib/python3.11/site-packages/airflow/example_dags/example_complex.py
[2024-03-04T17:36:40.728+0000] {logging_mixin.py:188} INFO - [2024-03-04T17:36:40.727+0000] {dag.py:3047} INFO - Sync 1 DAGs
[2024-03-04T17:36:40.742+0000] {logging_mixin.py:188} INFO - [2024-03-04T17:36:40.742+0000] {dag.py:3834} INFO - Setting next_dagrun for example_complex to None, run_after=None
[2024-03-04T17:36:40.760+0000] {processor.py:183} INFO - Processing /home/airflow/.local/lib/python3.11/site-packages/airflow/example_dags/example_complex.py took 0.093 seconds
[2024-03-04T17:37:38.401+0000] {processor.py:161} INFO - Started process (PID=1531) to work on /home/airflow/.local/lib/python3.11/site-packages/airflow/example_dags/example_complex.py
[2024-03-04T17:37:38.403+0000] {processor.py:830} INFO - Processing file /home/airflow/.local/lib/python3.11/site-packages/airflow/example_dags/example_complex.py for tasks to queue
[2024-03-04T17:37:38.404+0000] {logging_mixin.py:188} INFO - [2024-03-04T17:37:38.404+0000] {dagbag.py:540} INFO - Filling up the DagBag from /home/airflow/.local/lib/python3.11/site-packages/airflow/example_dags/example_complex.py
[2024-03-04T17:37:38.422+0000] {processor.py:840} INFO - DAG(s) 'example_complex' retrieved from /home/airflow/.local/lib/python3.11/site-packages/airflow/example_dags/example_complex.py
[2024-03-04T17:37:38.463+0000] {logging_mixin.py:188} INFO - [2024-03-04T17:37:38.463+0000] {dag.py:3047} INFO - Sync 1 DAGs
[2024-03-04T17:37:38.478+0000] {logging_mixin.py:188} INFO - [2024-03-04T17:37:38.477+0000] {dag.py:3834} INFO - Setting next_dagrun for example_complex to None, run_after=None
[2024-03-04T17:37:38.500+0000] {processor.py:183} INFO - Processing /home/airflow/.local/lib/python3.11/site-packages/airflow/example_dags/example_complex.py took 0.103 seconds
[2024-03-04T17:38:09.259+0000] {processor.py:161} INFO - Started process (PID=1776) to work on /home/airflow/.local/lib/python3.11/site-packages/airflow/example_dags/example_complex.py
[2024-03-04T17:38:09.261+0000] {processor.py:830} INFO - Processing file /home/airflow/.local/lib/python3.11/site-packages/airflow/example_dags/example_complex.py for tasks to queue
[2024-03-04T17:38:09.262+0000] {logging_mixin.py:188} INFO - [2024-03-04T17:38:09.262+0000] {dagbag.py:540} INFO - Filling up the DagBag from /home/airflow/.local/lib/python3.11/site-packages/airflow/example_dags/example_complex.py
[2024-03-04T17:38:09.280+0000] {processor.py:840} INFO - DAG(s) 'example_complex' retrieved from /home/airflow/.local/lib/python3.11/site-packages/airflow/example_dags/example_complex.py
[2024-03-04T17:38:09.324+0000] {logging_mixin.py:188} INFO - [2024-03-04T17:38:09.323+0000] {dag.py:3047} INFO - Sync 1 DAGs
[2024-03-04T17:38:09.355+0000] {logging_mixin.py:188} INFO - [2024-03-04T17:38:09.354+0000] {dag.py:3834} INFO - Setting next_dagrun for example_complex to None, run_after=None
[2024-03-04T17:38:09.405+0000] {processor.py:183} INFO - Processing /home/airflow/.local/lib/python3.11/site-packages/airflow/example_dags/example_complex.py took 0.151 seconds
[2024-03-04T17:38:39.923+0000] {processor.py:161} INFO - Started process (PID=2023) to work on /home/airflow/.local/lib/python3.11/site-packages/airflow/example_dags/example_complex.py
[2024-03-04T17:38:39.924+0000] {processor.py:830} INFO - Processing file /home/airflow/.local/lib/python3.11/site-packages/airflow/example_dags/example_complex.py for tasks to queue
[2024-03-04T17:38:39.926+0000] {logging_mixin.py:188} INFO - [2024-03-04T17:38:39.925+0000] {dagbag.py:540} INFO - Filling up the DagBag from /home/airflow/.local/lib/python3.11/site-packages/airflow/example_dags/example_complex.py
[2024-03-04T17:38:39.938+0000] {processor.py:840} INFO - DAG(s) 'example_complex' retrieved from /home/airflow/.local/lib/python3.11/site-packages/airflow/example_dags/example_complex.py
[2024-03-04T17:38:39.965+0000] {logging_mixin.py:188} INFO - [2024-03-04T17:38:39.965+0000] {dag.py:3047} INFO - Sync 1 DAGs
[2024-03-04T17:38:39.977+0000] {logging_mixin.py:188} INFO - [2024-03-04T17:38:39.976+0000] {dag.py:3834} INFO - Setting next_dagrun for example_complex to None, run_after=None
[2024-03-04T17:38:39.995+0000] {processor.py:183} INFO - Processing /home/airflow/.local/lib/python3.11/site-packages/airflow/example_dags/example_complex.py took 0.075 seconds
[2024-03-04T17:39:10.279+0000] {processor.py:161} INFO - Started process (PID=2272) to work on /home/airflow/.local/lib/python3.11/site-packages/airflow/example_dags/example_complex.py
[2024-03-04T17:39:10.281+0000] {processor.py:830} INFO - Processing file /home/airflow/.local/lib/python3.11/site-packages/airflow/example_dags/example_complex.py for tasks to queue
[2024-03-04T17:39:10.282+0000] {logging_mixin.py:188} INFO - [2024-03-04T17:39:10.281+0000] {dagbag.py:540} INFO - Filling up the DagBag from /home/airflow/.local/lib/python3.11/site-packages/airflow/example_dags/example_complex.py
[2024-03-04T17:39:10.291+0000] {processor.py:840} INFO - DAG(s) 'example_complex' retrieved from /home/airflow/.local/lib/python3.11/site-packages/airflow/example_dags/example_complex.py
[2024-03-04T17:39:10.315+0000] {logging_mixin.py:188} INFO - [2024-03-04T17:39:10.315+0000] {dag.py:3047} INFO - Sync 1 DAGs
[2024-03-04T17:39:10.326+0000] {logging_mixin.py:188} INFO - [2024-03-04T17:39:10.326+0000] {dag.py:3834} INFO - Setting next_dagrun for example_complex to None, run_after=None
[2024-03-04T17:39:10.340+0000] {processor.py:183} INFO - Processing /home/airflow/.local/lib/python3.11/site-packages/airflow/example_dags/example_complex.py took 0.064 seconds
[2024-03-04T17:39:41.254+0000] {processor.py:161} INFO - Started process (PID=2517) to work on /home/airflow/.local/lib/python3.11/site-packages/airflow/example_dags/example_complex.py
[2024-03-04T17:39:41.255+0000] {processor.py:830} INFO - Processing file /home/airflow/.local/lib/python3.11/site-packages/airflow/example_dags/example_complex.py for tasks to queue
[2024-03-04T17:39:41.256+0000] {logging_mixin.py:188} INFO - [2024-03-04T17:39:41.256+0000] {dagbag.py:540} INFO - Filling up the DagBag from /home/airflow/.local/lib/python3.11/site-packages/airflow/example_dags/example_complex.py
[2024-03-04T17:39:41.268+0000] {processor.py:840} INFO - DAG(s) 'example_complex' retrieved from /home/airflow/.local/lib/python3.11/site-packages/airflow/example_dags/example_complex.py
[2024-03-04T17:39:41.298+0000] {logging_mixin.py:188} INFO - [2024-03-04T17:39:41.297+0000] {dag.py:3047} INFO - Sync 1 DAGs
[2024-03-04T17:39:41.315+0000] {logging_mixin.py:188} INFO - [2024-03-04T17:39:41.314+0000] {dag.py:3834} INFO - Setting next_dagrun for example_complex to None, run_after=None
[2024-03-04T17:39:41.342+0000] {processor.py:183} INFO - Processing /home/airflow/.local/lib/python3.11/site-packages/airflow/example_dags/example_complex.py took 0.091 seconds
[2024-03-04T17:40:50.770+0000] {processor.py:161} INFO - Started process (PID=2770) to work on /home/airflow/.local/lib/python3.11/site-packages/airflow/example_dags/example_complex.py
[2024-03-04T17:40:50.772+0000] {processor.py:830} INFO - Processing file /home/airflow/.local/lib/python3.11/site-packages/airflow/example_dags/example_complex.py for tasks to queue
[2024-03-04T17:40:50.774+0000] {logging_mixin.py:188} INFO - [2024-03-04T17:40:50.773+0000] {dagbag.py:540} INFO - Filling up the DagBag from /home/airflow/.local/lib/python3.11/site-packages/airflow/example_dags/example_complex.py
[2024-03-04T17:40:50.797+0000] {processor.py:840} INFO - DAG(s) 'example_complex' retrieved from /home/airflow/.local/lib/python3.11/site-packages/airflow/example_dags/example_complex.py
[2024-03-04T17:40:50.853+0000] {logging_mixin.py:188} INFO - [2024-03-04T17:40:50.853+0000] {dag.py:3047} INFO - Sync 1 DAGs
[2024-03-04T17:40:50.883+0000] {logging_mixin.py:188} INFO - [2024-03-04T17:40:50.882+0000] {dag.py:3834} INFO - Setting next_dagrun for example_complex to None, run_after=None
[2024-03-04T17:40:50.916+0000] {processor.py:183} INFO - Processing /home/airflow/.local/lib/python3.11/site-packages/airflow/example_dags/example_complex.py took 0.161 seconds
[2024-03-04T17:41:22.521+0000] {processor.py:161} INFO - Started process (PID=3019) to work on /home/airflow/.local/lib/python3.11/site-packages/airflow/example_dags/example_complex.py
[2024-03-04T17:41:22.522+0000] {processor.py:830} INFO - Processing file /home/airflow/.local/lib/python3.11/site-packages/airflow/example_dags/example_complex.py for tasks to queue
[2024-03-04T17:41:22.524+0000] {logging_mixin.py:188} INFO - [2024-03-04T17:41:22.524+0000] {dagbag.py:540} INFO - Filling up the DagBag from /home/airflow/.local/lib/python3.11/site-packages/airflow/example_dags/example_complex.py
[2024-03-04T17:41:22.545+0000] {processor.py:840} INFO - DAG(s) 'example_complex' retrieved from /home/airflow/.local/lib/python3.11/site-packages/airflow/example_dags/example_complex.py
[2024-03-04T17:41:22.607+0000] {logging_mixin.py:188} INFO - [2024-03-04T17:41:22.606+0000] {dag.py:3047} INFO - Sync 1 DAGs
[2024-03-04T17:41:22.629+0000] {logging_mixin.py:188} INFO - [2024-03-04T17:41:22.628+0000] {dag.py:3834} INFO - Setting next_dagrun for example_complex to None, run_after=None
[2024-03-04T17:41:22.661+0000] {processor.py:183} INFO - Processing /home/airflow/.local/lib/python3.11/site-packages/airflow/example_dags/example_complex.py took 0.145 seconds
[2024-03-04T17:43:23.990+0000] {processor.py:161} INFO - Started process (PID=289) to work on /home/airflow/.local/lib/python3.11/site-packages/airflow/example_dags/example_complex.py
[2024-03-04T17:43:23.991+0000] {processor.py:830} INFO - Processing file /home/airflow/.local/lib/python3.11/site-packages/airflow/example_dags/example_complex.py for tasks to queue
[2024-03-04T17:43:23.993+0000] {logging_mixin.py:188} INFO - [2024-03-04T17:43:23.992+0000] {dagbag.py:540} INFO - Filling up the DagBag from /home/airflow/.local/lib/python3.11/site-packages/airflow/example_dags/example_complex.py
[2024-03-04T17:43:24.012+0000] {processor.py:840} INFO - DAG(s) 'example_complex' retrieved from /home/airflow/.local/lib/python3.11/site-packages/airflow/example_dags/example_complex.py
[2024-03-04T17:43:24.030+0000] {logging_mixin.py:188} INFO - [2024-03-04T17:43:24.030+0000] {dag.py:3047} INFO - Sync 1 DAGs
[2024-03-04T17:43:24.728+0000] {logging_mixin.py:188} INFO - [2024-03-04T17:43:24.728+0000] {dag.py:3834} INFO - Setting next_dagrun for example_complex to None, run_after=None
[2024-03-04T17:43:24.928+0000] {processor.py:183} INFO - Processing /home/airflow/.local/lib/python3.11/site-packages/airflow/example_dags/example_complex.py took 0.943 seconds
[2024-03-04T17:43:56.311+0000] {processor.py:161} INFO - Started process (PID=536) to work on /home/airflow/.local/lib/python3.11/site-packages/airflow/example_dags/example_complex.py
[2024-03-04T17:43:56.313+0000] {processor.py:830} INFO - Processing file /home/airflow/.local/lib/python3.11/site-packages/airflow/example_dags/example_complex.py for tasks to queue
[2024-03-04T17:43:56.314+0000] {logging_mixin.py:188} INFO - [2024-03-04T17:43:56.314+0000] {dagbag.py:540} INFO - Filling up the DagBag from /home/airflow/.local/lib/python3.11/site-packages/airflow/example_dags/example_complex.py
[2024-03-04T17:43:56.329+0000] {processor.py:840} INFO - DAG(s) 'example_complex' retrieved from /home/airflow/.local/lib/python3.11/site-packages/airflow/example_dags/example_complex.py
[2024-03-04T17:43:56.443+0000] {logging_mixin.py:188} INFO - [2024-03-04T17:43:56.443+0000] {dag.py:3047} INFO - Sync 1 DAGs
[2024-03-04T17:43:56.461+0000] {logging_mixin.py:188} INFO - [2024-03-04T17:43:56.461+0000] {dag.py:3834} INFO - Setting next_dagrun for example_complex to None, run_after=None
[2024-03-04T17:43:56.486+0000] {processor.py:183} INFO - Processing /home/airflow/.local/lib/python3.11/site-packages/airflow/example_dags/example_complex.py took 0.179 seconds
[2024-03-04T17:44:27.126+0000] {processor.py:161} INFO - Started process (PID=783) to work on /home/airflow/.local/lib/python3.11/site-packages/airflow/example_dags/example_complex.py
[2024-03-04T17:44:27.129+0000] {processor.py:830} INFO - Processing file /home/airflow/.local/lib/python3.11/site-packages/airflow/example_dags/example_complex.py for tasks to queue
[2024-03-04T17:44:27.131+0000] {logging_mixin.py:188} INFO - [2024-03-04T17:44:27.131+0000] {dagbag.py:540} INFO - Filling up the DagBag from /home/airflow/.local/lib/python3.11/site-packages/airflow/example_dags/example_complex.py
[2024-03-04T17:44:27.147+0000] {processor.py:840} INFO - DAG(s) 'example_complex' retrieved from /home/airflow/.local/lib/python3.11/site-packages/airflow/example_dags/example_complex.py
[2024-03-04T17:44:27.183+0000] {logging_mixin.py:188} INFO - [2024-03-04T17:44:27.183+0000] {dag.py:3047} INFO - Sync 1 DAGs
[2024-03-04T17:44:27.197+0000] {logging_mixin.py:188} INFO - [2024-03-04T17:44:27.196+0000] {dag.py:3834} INFO - Setting next_dagrun for example_complex to None, run_after=None
[2024-03-04T17:44:27.218+0000] {processor.py:183} INFO - Processing /home/airflow/.local/lib/python3.11/site-packages/airflow/example_dags/example_complex.py took 0.096 seconds
