[2024-03-04T17:34:35.254+0000] {processor.py:161} INFO - Started process (PID=245) to work on /home/airflow/.local/lib/python3.11/site-packages/airflow/example_dags/example_branch_operator_decorator.py
[2024-03-04T17:34:35.256+0000] {processor.py:830} INFO - Processing file /home/airflow/.local/lib/python3.11/site-packages/airflow/example_dags/example_branch_operator_decorator.py for tasks to queue
[2024-03-04T17:34:35.260+0000] {logging_mixin.py:188} INFO - [2024-03-04T17:34:35.259+0000] {dagbag.py:540} INFO - Filling up the DagBag from /home/airflow/.local/lib/python3.11/site-packages/airflow/example_dags/example_branch_operator_decorator.py
[2024-03-04T17:34:35.291+0000] {processor.py:840} INFO - DAG(s) 'example_branch_python_operator_decorator' retrieved from /home/airflow/.local/lib/python3.11/site-packages/airflow/example_dags/example_branch_operator_decorator.py
[2024-03-04T17:34:35.308+0000] {logging_mixin.py:188} INFO - [2024-03-04T17:34:35.307+0000] {dag.py:3047} INFO - Sync 1 DAGs
[2024-03-04T17:34:35.668+0000] {logging_mixin.py:188} INFO - [2024-03-04T17:34:35.668+0000] {dag.py:3834} INFO - Setting next_dagrun for example_branch_python_operator_decorator to 2024-03-03 00:00:00+00:00, run_after=2024-03-04 00:00:00+00:00
[2024-03-04T17:34:35.723+0000] {processor.py:183} INFO - Processing /home/airflow/.local/lib/python3.11/site-packages/airflow/example_dags/example_branch_operator_decorator.py took 0.473 seconds
[2024-03-04T17:35:05.817+0000] {processor.py:161} INFO - Started process (PID=493) to work on /home/airflow/.local/lib/python3.11/site-packages/airflow/example_dags/example_branch_operator_decorator.py
[2024-03-04T17:35:05.818+0000] {processor.py:830} INFO - Processing file /home/airflow/.local/lib/python3.11/site-packages/airflow/example_dags/example_branch_operator_decorator.py for tasks to queue
[2024-03-04T17:35:05.819+0000] {logging_mixin.py:188} INFO - [2024-03-04T17:35:05.819+0000] {dagbag.py:540} INFO - Filling up the DagBag from /home/airflow/.local/lib/python3.11/site-packages/airflow/example_dags/example_branch_operator_decorator.py
[2024-03-04T17:35:05.847+0000] {processor.py:840} INFO - DAG(s) 'example_branch_python_operator_decorator' retrieved from /home/airflow/.local/lib/python3.11/site-packages/airflow/example_dags/example_branch_operator_decorator.py
[2024-03-04T17:35:05.954+0000] {logging_mixin.py:188} INFO - [2024-03-04T17:35:05.954+0000] {dag.py:3047} INFO - Sync 1 DAGs
[2024-03-04T17:35:05.978+0000] {logging_mixin.py:188} INFO - [2024-03-04T17:35:05.978+0000] {dag.py:3834} INFO - Setting next_dagrun for example_branch_python_operator_decorator to 2024-03-03 00:00:00+00:00, run_after=2024-03-04 00:00:00+00:00
[2024-03-04T17:35:06.003+0000] {processor.py:183} INFO - Processing /home/airflow/.local/lib/python3.11/site-packages/airflow/example_dags/example_branch_operator_decorator.py took 0.190 seconds
[2024-03-04T17:35:36.201+0000] {processor.py:161} INFO - Started process (PID=737) to work on /home/airflow/.local/lib/python3.11/site-packages/airflow/example_dags/example_branch_operator_decorator.py
[2024-03-04T17:35:36.202+0000] {processor.py:830} INFO - Processing file /home/airflow/.local/lib/python3.11/site-packages/airflow/example_dags/example_branch_operator_decorator.py for tasks to queue
[2024-03-04T17:35:36.206+0000] {logging_mixin.py:188} INFO - [2024-03-04T17:35:36.205+0000] {dagbag.py:540} INFO - Filling up the DagBag from /home/airflow/.local/lib/python3.11/site-packages/airflow/example_dags/example_branch_operator_decorator.py
[2024-03-04T17:35:36.239+0000] {processor.py:840} INFO - DAG(s) 'example_branch_python_operator_decorator' retrieved from /home/airflow/.local/lib/python3.11/site-packages/airflow/example_dags/example_branch_operator_decorator.py
[2024-03-04T17:35:36.283+0000] {logging_mixin.py:188} INFO - [2024-03-04T17:35:36.283+0000] {dag.py:3047} INFO - Sync 1 DAGs
[2024-03-04T17:35:36.308+0000] {logging_mixin.py:188} INFO - [2024-03-04T17:35:36.307+0000] {dag.py:3834} INFO - Setting next_dagrun for example_branch_python_operator_decorator to 2024-03-03 00:00:00+00:00, run_after=2024-03-04 00:00:00+00:00
[2024-03-04T17:35:36.331+0000] {processor.py:183} INFO - Processing /home/airflow/.local/lib/python3.11/site-packages/airflow/example_dags/example_branch_operator_decorator.py took 0.135 seconds
[2024-03-04T17:36:06.548+0000] {processor.py:161} INFO - Started process (PID=986) to work on /home/airflow/.local/lib/python3.11/site-packages/airflow/example_dags/example_branch_operator_decorator.py
[2024-03-04T17:36:06.550+0000] {processor.py:830} INFO - Processing file /home/airflow/.local/lib/python3.11/site-packages/airflow/example_dags/example_branch_operator_decorator.py for tasks to queue
[2024-03-04T17:36:06.551+0000] {logging_mixin.py:188} INFO - [2024-03-04T17:36:06.551+0000] {dagbag.py:540} INFO - Filling up the DagBag from /home/airflow/.local/lib/python3.11/site-packages/airflow/example_dags/example_branch_operator_decorator.py
[2024-03-04T17:36:06.577+0000] {processor.py:840} INFO - DAG(s) 'example_branch_python_operator_decorator' retrieved from /home/airflow/.local/lib/python3.11/site-packages/airflow/example_dags/example_branch_operator_decorator.py
[2024-03-04T17:36:06.601+0000] {logging_mixin.py:188} INFO - [2024-03-04T17:36:06.601+0000] {dag.py:3047} INFO - Sync 1 DAGs
[2024-03-04T17:36:06.626+0000] {logging_mixin.py:188} INFO - [2024-03-04T17:36:06.626+0000] {dag.py:3834} INFO - Setting next_dagrun for example_branch_python_operator_decorator to 2024-03-03 00:00:00+00:00, run_after=2024-03-04 00:00:00+00:00
[2024-03-04T17:36:06.652+0000] {processor.py:183} INFO - Processing /home/airflow/.local/lib/python3.11/site-packages/airflow/example_dags/example_branch_operator_decorator.py took 0.108 seconds
[2024-03-04T17:36:37.007+0000] {processor.py:161} INFO - Started process (PID=1231) to work on /home/airflow/.local/lib/python3.11/site-packages/airflow/example_dags/example_branch_operator_decorator.py
[2024-03-04T17:36:37.009+0000] {processor.py:830} INFO - Processing file /home/airflow/.local/lib/python3.11/site-packages/airflow/example_dags/example_branch_operator_decorator.py for tasks to queue
[2024-03-04T17:36:37.011+0000] {logging_mixin.py:188} INFO - [2024-03-04T17:36:37.010+0000] {dagbag.py:540} INFO - Filling up the DagBag from /home/airflow/.local/lib/python3.11/site-packages/airflow/example_dags/example_branch_operator_decorator.py
[2024-03-04T17:36:37.046+0000] {processor.py:840} INFO - DAG(s) 'example_branch_python_operator_decorator' retrieved from /home/airflow/.local/lib/python3.11/site-packages/airflow/example_dags/example_branch_operator_decorator.py
[2024-03-04T17:36:37.084+0000] {logging_mixin.py:188} INFO - [2024-03-04T17:36:37.084+0000] {dag.py:3047} INFO - Sync 1 DAGs
[2024-03-04T17:36:37.113+0000] {logging_mixin.py:188} INFO - [2024-03-04T17:36:37.113+0000] {dag.py:3834} INFO - Setting next_dagrun for example_branch_python_operator_decorator to 2024-03-03 00:00:00+00:00, run_after=2024-03-04 00:00:00+00:00
[2024-03-04T17:36:37.137+0000] {processor.py:183} INFO - Processing /home/airflow/.local/lib/python3.11/site-packages/airflow/example_dags/example_branch_operator_decorator.py took 0.133 seconds
[2024-03-04T17:37:37.297+0000] {processor.py:161} INFO - Started process (PID=1484) to work on /home/airflow/.local/lib/python3.11/site-packages/airflow/example_dags/example_branch_operator_decorator.py
[2024-03-04T17:37:37.300+0000] {processor.py:830} INFO - Processing file /home/airflow/.local/lib/python3.11/site-packages/airflow/example_dags/example_branch_operator_decorator.py for tasks to queue
[2024-03-04T17:37:37.303+0000] {logging_mixin.py:188} INFO - [2024-03-04T17:37:37.302+0000] {dagbag.py:540} INFO - Filling up the DagBag from /home/airflow/.local/lib/python3.11/site-packages/airflow/example_dags/example_branch_operator_decorator.py
[2024-03-04T17:37:37.347+0000] {processor.py:840} INFO - DAG(s) 'example_branch_python_operator_decorator' retrieved from /home/airflow/.local/lib/python3.11/site-packages/airflow/example_dags/example_branch_operator_decorator.py
[2024-03-04T17:37:37.400+0000] {logging_mixin.py:188} INFO - [2024-03-04T17:37:37.400+0000] {dag.py:3047} INFO - Sync 1 DAGs
[2024-03-04T17:37:37.444+0000] {logging_mixin.py:188} INFO - [2024-03-04T17:37:37.444+0000] {dag.py:3834} INFO - Setting next_dagrun for example_branch_python_operator_decorator to 2024-03-03 00:00:00+00:00, run_after=2024-03-04 00:00:00+00:00
[2024-03-04T17:37:37.477+0000] {processor.py:183} INFO - Processing /home/airflow/.local/lib/python3.11/site-packages/airflow/example_dags/example_branch_operator_decorator.py took 0.185 seconds
[2024-03-04T17:38:08.282+0000] {processor.py:161} INFO - Started process (PID=1731) to work on /home/airflow/.local/lib/python3.11/site-packages/airflow/example_dags/example_branch_operator_decorator.py
[2024-03-04T17:38:08.284+0000] {processor.py:830} INFO - Processing file /home/airflow/.local/lib/python3.11/site-packages/airflow/example_dags/example_branch_operator_decorator.py for tasks to queue
[2024-03-04T17:38:08.286+0000] {logging_mixin.py:188} INFO - [2024-03-04T17:38:08.285+0000] {dagbag.py:540} INFO - Filling up the DagBag from /home/airflow/.local/lib/python3.11/site-packages/airflow/example_dags/example_branch_operator_decorator.py
[2024-03-04T17:38:08.309+0000] {processor.py:840} INFO - DAG(s) 'example_branch_python_operator_decorator' retrieved from /home/airflow/.local/lib/python3.11/site-packages/airflow/example_dags/example_branch_operator_decorator.py
[2024-03-04T17:38:08.340+0000] {logging_mixin.py:188} INFO - [2024-03-04T17:38:08.339+0000] {dag.py:3047} INFO - Sync 1 DAGs
[2024-03-04T17:38:08.372+0000] {logging_mixin.py:188} INFO - [2024-03-04T17:38:08.371+0000] {dag.py:3834} INFO - Setting next_dagrun for example_branch_python_operator_decorator to 2024-03-03 00:00:00+00:00, run_after=2024-03-04 00:00:00+00:00
[2024-03-04T17:38:08.418+0000] {processor.py:183} INFO - Processing /home/airflow/.local/lib/python3.11/site-packages/airflow/example_dags/example_branch_operator_decorator.py took 0.141 seconds
[2024-03-04T17:38:38.482+0000] {processor.py:161} INFO - Started process (PID=1980) to work on /home/airflow/.local/lib/python3.11/site-packages/airflow/example_dags/example_branch_operator_decorator.py
[2024-03-04T17:38:38.483+0000] {processor.py:830} INFO - Processing file /home/airflow/.local/lib/python3.11/site-packages/airflow/example_dags/example_branch_operator_decorator.py for tasks to queue
[2024-03-04T17:38:38.484+0000] {logging_mixin.py:188} INFO - [2024-03-04T17:38:38.483+0000] {dagbag.py:540} INFO - Filling up the DagBag from /home/airflow/.local/lib/python3.11/site-packages/airflow/example_dags/example_branch_operator_decorator.py
[2024-03-04T17:38:38.501+0000] {processor.py:840} INFO - DAG(s) 'example_branch_python_operator_decorator' retrieved from /home/airflow/.local/lib/python3.11/site-packages/airflow/example_dags/example_branch_operator_decorator.py
[2024-03-04T17:38:38.523+0000] {logging_mixin.py:188} INFO - [2024-03-04T17:38:38.523+0000] {dag.py:3047} INFO - Sync 1 DAGs
[2024-03-04T17:38:38.541+0000] {logging_mixin.py:188} INFO - [2024-03-04T17:38:38.541+0000] {dag.py:3834} INFO - Setting next_dagrun for example_branch_python_operator_decorator to 2024-03-03 00:00:00+00:00, run_after=2024-03-04 00:00:00+00:00
[2024-03-04T17:38:38.556+0000] {processor.py:183} INFO - Processing /home/airflow/.local/lib/python3.11/site-packages/airflow/example_dags/example_branch_operator_decorator.py took 0.077 seconds
[2024-03-04T17:39:08.628+0000] {processor.py:161} INFO - Started process (PID=2225) to work on /home/airflow/.local/lib/python3.11/site-packages/airflow/example_dags/example_branch_operator_decorator.py
[2024-03-04T17:39:08.630+0000] {processor.py:830} INFO - Processing file /home/airflow/.local/lib/python3.11/site-packages/airflow/example_dags/example_branch_operator_decorator.py for tasks to queue
[2024-03-04T17:39:08.631+0000] {logging_mixin.py:188} INFO - [2024-03-04T17:39:08.630+0000] {dagbag.py:540} INFO - Filling up the DagBag from /home/airflow/.local/lib/python3.11/site-packages/airflow/example_dags/example_branch_operator_decorator.py
[2024-03-04T17:39:08.662+0000] {processor.py:840} INFO - DAG(s) 'example_branch_python_operator_decorator' retrieved from /home/airflow/.local/lib/python3.11/site-packages/airflow/example_dags/example_branch_operator_decorator.py
[2024-03-04T17:39:08.694+0000] {logging_mixin.py:188} INFO - [2024-03-04T17:39:08.694+0000] {dag.py:3047} INFO - Sync 1 DAGs
[2024-03-04T17:39:08.718+0000] {logging_mixin.py:188} INFO - [2024-03-04T17:39:08.718+0000] {dag.py:3834} INFO - Setting next_dagrun for example_branch_python_operator_decorator to 2024-03-03 00:00:00+00:00, run_after=2024-03-04 00:00:00+00:00
[2024-03-04T17:39:08.736+0000] {processor.py:183} INFO - Processing /home/airflow/.local/lib/python3.11/site-packages/airflow/example_dags/example_branch_operator_decorator.py took 0.112 seconds
[2024-03-04T17:39:39.501+0000] {processor.py:161} INFO - Started process (PID=2472) to work on /home/airflow/.local/lib/python3.11/site-packages/airflow/example_dags/example_branch_operator_decorator.py
[2024-03-04T17:39:39.502+0000] {processor.py:830} INFO - Processing file /home/airflow/.local/lib/python3.11/site-packages/airflow/example_dags/example_branch_operator_decorator.py for tasks to queue
[2024-03-04T17:39:39.504+0000] {logging_mixin.py:188} INFO - [2024-03-04T17:39:39.503+0000] {dagbag.py:540} INFO - Filling up the DagBag from /home/airflow/.local/lib/python3.11/site-packages/airflow/example_dags/example_branch_operator_decorator.py
[2024-03-04T17:39:39.529+0000] {processor.py:840} INFO - DAG(s) 'example_branch_python_operator_decorator' retrieved from /home/airflow/.local/lib/python3.11/site-packages/airflow/example_dags/example_branch_operator_decorator.py
[2024-03-04T17:39:39.558+0000] {logging_mixin.py:188} INFO - [2024-03-04T17:39:39.558+0000] {dag.py:3047} INFO - Sync 1 DAGs
[2024-03-04T17:39:39.581+0000] {logging_mixin.py:188} INFO - [2024-03-04T17:39:39.580+0000] {dag.py:3834} INFO - Setting next_dagrun for example_branch_python_operator_decorator to 2024-03-03 00:00:00+00:00, run_after=2024-03-04 00:00:00+00:00
[2024-03-04T17:39:39.597+0000] {processor.py:183} INFO - Processing /home/airflow/.local/lib/python3.11/site-packages/airflow/example_dags/example_branch_operator_decorator.py took 0.100 seconds
[2024-03-04T17:40:49.719+0000] {processor.py:161} INFO - Started process (PID=2725) to work on /home/airflow/.local/lib/python3.11/site-packages/airflow/example_dags/example_branch_operator_decorator.py
[2024-03-04T17:40:49.720+0000] {processor.py:830} INFO - Processing file /home/airflow/.local/lib/python3.11/site-packages/airflow/example_dags/example_branch_operator_decorator.py for tasks to queue
[2024-03-04T17:40:49.723+0000] {logging_mixin.py:188} INFO - [2024-03-04T17:40:49.722+0000] {dagbag.py:540} INFO - Filling up the DagBag from /home/airflow/.local/lib/python3.11/site-packages/airflow/example_dags/example_branch_operator_decorator.py
[2024-03-04T17:40:49.757+0000] {processor.py:840} INFO - DAG(s) 'example_branch_python_operator_decorator' retrieved from /home/airflow/.local/lib/python3.11/site-packages/airflow/example_dags/example_branch_operator_decorator.py
[2024-03-04T17:40:49.804+0000] {logging_mixin.py:188} INFO - [2024-03-04T17:40:49.804+0000] {dag.py:3047} INFO - Sync 1 DAGs
[2024-03-04T17:40:49.847+0000] {logging_mixin.py:188} INFO - [2024-03-04T17:40:49.847+0000] {dag.py:3834} INFO - Setting next_dagrun for example_branch_python_operator_decorator to 2024-03-03 00:00:00+00:00, run_after=2024-03-04 00:00:00+00:00
[2024-03-04T17:40:49.889+0000] {processor.py:183} INFO - Processing /home/airflow/.local/lib/python3.11/site-packages/airflow/example_dags/example_branch_operator_decorator.py took 0.174 seconds
[2024-03-04T17:41:20.809+0000] {processor.py:161} INFO - Started process (PID=2974) to work on /home/airflow/.local/lib/python3.11/site-packages/airflow/example_dags/example_branch_operator_decorator.py
[2024-03-04T17:41:20.810+0000] {processor.py:830} INFO - Processing file /home/airflow/.local/lib/python3.11/site-packages/airflow/example_dags/example_branch_operator_decorator.py for tasks to queue
[2024-03-04T17:41:20.811+0000] {logging_mixin.py:188} INFO - [2024-03-04T17:41:20.811+0000] {dagbag.py:540} INFO - Filling up the DagBag from /home/airflow/.local/lib/python3.11/site-packages/airflow/example_dags/example_branch_operator_decorator.py
[2024-03-04T17:41:20.850+0000] {processor.py:840} INFO - DAG(s) 'example_branch_python_operator_decorator' retrieved from /home/airflow/.local/lib/python3.11/site-packages/airflow/example_dags/example_branch_operator_decorator.py
[2024-03-04T17:41:20.911+0000] {logging_mixin.py:188} INFO - [2024-03-04T17:41:20.911+0000] {dag.py:3047} INFO - Sync 1 DAGs
[2024-03-04T17:41:20.956+0000] {logging_mixin.py:188} INFO - [2024-03-04T17:41:20.956+0000] {dag.py:3834} INFO - Setting next_dagrun for example_branch_python_operator_decorator to 2024-03-03 00:00:00+00:00, run_after=2024-03-04 00:00:00+00:00
[2024-03-04T17:41:21.007+0000] {processor.py:183} INFO - Processing /home/airflow/.local/lib/python3.11/site-packages/airflow/example_dags/example_branch_operator_decorator.py took 0.203 seconds
[2024-03-04T17:43:23.052+0000] {processor.py:161} INFO - Started process (PID=246) to work on /home/airflow/.local/lib/python3.11/site-packages/airflow/example_dags/example_branch_operator_decorator.py
[2024-03-04T17:43:23.053+0000] {processor.py:830} INFO - Processing file /home/airflow/.local/lib/python3.11/site-packages/airflow/example_dags/example_branch_operator_decorator.py for tasks to queue
[2024-03-04T17:43:23.055+0000] {logging_mixin.py:188} INFO - [2024-03-04T17:43:23.054+0000] {dagbag.py:540} INFO - Filling up the DagBag from /home/airflow/.local/lib/python3.11/site-packages/airflow/example_dags/example_branch_operator_decorator.py
[2024-03-04T17:43:23.086+0000] {processor.py:840} INFO - DAG(s) 'example_branch_python_operator_decorator' retrieved from /home/airflow/.local/lib/python3.11/site-packages/airflow/example_dags/example_branch_operator_decorator.py
[2024-03-04T17:43:23.101+0000] {logging_mixin.py:188} INFO - [2024-03-04T17:43:23.101+0000] {dag.py:3047} INFO - Sync 1 DAGs
[2024-03-04T17:43:23.140+0000] {logging_mixin.py:188} INFO - [2024-03-04T17:43:23.140+0000] {dag.py:3834} INFO - Setting next_dagrun for example_branch_python_operator_decorator to 2024-03-03 00:00:00+00:00, run_after=2024-03-04 00:00:00+00:00
[2024-03-04T17:43:23.168+0000] {processor.py:183} INFO - Processing /home/airflow/.local/lib/python3.11/site-packages/airflow/example_dags/example_branch_operator_decorator.py took 0.121 seconds
[2024-03-04T17:43:55.403+0000] {processor.py:161} INFO - Started process (PID=491) to work on /home/airflow/.local/lib/python3.11/site-packages/airflow/example_dags/example_branch_operator_decorator.py
[2024-03-04T17:43:55.404+0000] {processor.py:830} INFO - Processing file /home/airflow/.local/lib/python3.11/site-packages/airflow/example_dags/example_branch_operator_decorator.py for tasks to queue
[2024-03-04T17:43:55.406+0000] {logging_mixin.py:188} INFO - [2024-03-04T17:43:55.405+0000] {dagbag.py:540} INFO - Filling up the DagBag from /home/airflow/.local/lib/python3.11/site-packages/airflow/example_dags/example_branch_operator_decorator.py
[2024-03-04T17:43:55.427+0000] {processor.py:840} INFO - DAG(s) 'example_branch_python_operator_decorator' retrieved from /home/airflow/.local/lib/python3.11/site-packages/airflow/example_dags/example_branch_operator_decorator.py
[2024-03-04T17:43:55.565+0000] {logging_mixin.py:188} INFO - [2024-03-04T17:43:55.565+0000] {dag.py:3047} INFO - Sync 1 DAGs
[2024-03-04T17:43:55.586+0000] {logging_mixin.py:188} INFO - [2024-03-04T17:43:55.586+0000] {dag.py:3834} INFO - Setting next_dagrun for example_branch_python_operator_decorator to 2024-03-03 00:00:00+00:00, run_after=2024-03-04 00:00:00+00:00
[2024-03-04T17:43:55.616+0000] {processor.py:183} INFO - Processing /home/airflow/.local/lib/python3.11/site-packages/airflow/example_dags/example_branch_operator_decorator.py took 0.217 seconds
[2024-03-04T17:44:26.572+0000] {processor.py:161} INFO - Started process (PID=740) to work on /home/airflow/.local/lib/python3.11/site-packages/airflow/example_dags/example_branch_operator_decorator.py
[2024-03-04T17:44:26.575+0000] {processor.py:830} INFO - Processing file /home/airflow/.local/lib/python3.11/site-packages/airflow/example_dags/example_branch_operator_decorator.py for tasks to queue
[2024-03-04T17:44:26.579+0000] {logging_mixin.py:188} INFO - [2024-03-04T17:44:26.578+0000] {dagbag.py:540} INFO - Filling up the DagBag from /home/airflow/.local/lib/python3.11/site-packages/airflow/example_dags/example_branch_operator_decorator.py
[2024-03-04T17:44:26.603+0000] {processor.py:840} INFO - DAG(s) 'example_branch_python_operator_decorator' retrieved from /home/airflow/.local/lib/python3.11/site-packages/airflow/example_dags/example_branch_operator_decorator.py
[2024-03-04T17:44:26.632+0000] {logging_mixin.py:188} INFO - [2024-03-04T17:44:26.632+0000] {dag.py:3047} INFO - Sync 1 DAGs
[2024-03-04T17:44:26.656+0000] {logging_mixin.py:188} INFO - [2024-03-04T17:44:26.656+0000] {dag.py:3834} INFO - Setting next_dagrun for example_branch_python_operator_decorator to 2024-03-03 00:00:00+00:00, run_after=2024-03-04 00:00:00+00:00
[2024-03-04T17:44:26.683+0000] {processor.py:183} INFO - Processing /home/airflow/.local/lib/python3.11/site-packages/airflow/example_dags/example_branch_operator_decorator.py took 0.114 seconds
