[2024-03-04T17:34:39.820+0000] {processor.py:161} INFO - Started process (PID=327) to work on /home/airflow/.local/lib/python3.11/site-packages/airflow/example_dags/example_task_group_decorator.py
[2024-03-04T17:34:39.821+0000] {processor.py:830} INFO - Processing file /home/airflow/.local/lib/python3.11/site-packages/airflow/example_dags/example_task_group_decorator.py for tasks to queue
[2024-03-04T17:34:39.824+0000] {logging_mixin.py:188} INFO - [2024-03-04T17:34:39.823+0000] {dagbag.py:540} INFO - Filling up the DagBag from /home/airflow/.local/lib/python3.11/site-packages/airflow/example_dags/example_task_group_decorator.py
[2024-03-04T17:34:39.847+0000] {processor.py:840} INFO - DAG(s) 'example_task_group_decorator' retrieved from /home/airflow/.local/lib/python3.11/site-packages/airflow/example_dags/example_task_group_decorator.py
[2024-03-04T17:34:40.003+0000] {logging_mixin.py:188} INFO - [2024-03-04T17:34:40.003+0000] {dag.py:3047} INFO - Sync 1 DAGs
[2024-03-04T17:34:40.039+0000] {logging_mixin.py:188} INFO - [2024-03-04T17:34:40.039+0000] {dag.py:3834} INFO - Setting next_dagrun for example_task_group_decorator to 2024-03-03 00:00:00+00:00, run_after=2024-03-04 00:00:00+00:00
[2024-03-04T17:34:40.070+0000] {processor.py:183} INFO - Processing /home/airflow/.local/lib/python3.11/site-packages/airflow/example_dags/example_task_group_decorator.py took 0.256 seconds
[2024-03-04T17:35:10.306+0000] {processor.py:161} INFO - Started process (PID=571) to work on /home/airflow/.local/lib/python3.11/site-packages/airflow/example_dags/example_task_group_decorator.py
[2024-03-04T17:35:10.310+0000] {processor.py:830} INFO - Processing file /home/airflow/.local/lib/python3.11/site-packages/airflow/example_dags/example_task_group_decorator.py for tasks to queue
[2024-03-04T17:35:10.312+0000] {logging_mixin.py:188} INFO - [2024-03-04T17:35:10.312+0000] {dagbag.py:540} INFO - Filling up the DagBag from /home/airflow/.local/lib/python3.11/site-packages/airflow/example_dags/example_task_group_decorator.py
[2024-03-04T17:35:10.334+0000] {processor.py:840} INFO - DAG(s) 'example_task_group_decorator' retrieved from /home/airflow/.local/lib/python3.11/site-packages/airflow/example_dags/example_task_group_decorator.py
[2024-03-04T17:35:10.367+0000] {logging_mixin.py:188} INFO - [2024-03-04T17:35:10.366+0000] {dag.py:3047} INFO - Sync 1 DAGs
[2024-03-04T17:35:10.400+0000] {logging_mixin.py:188} INFO - [2024-03-04T17:35:10.399+0000] {dag.py:3834} INFO - Setting next_dagrun for example_task_group_decorator to 2024-03-03 00:00:00+00:00, run_after=2024-03-04 00:00:00+00:00
[2024-03-04T17:35:10.432+0000] {processor.py:183} INFO - Processing /home/airflow/.local/lib/python3.11/site-packages/airflow/example_dags/example_task_group_decorator.py took 0.129 seconds
[2024-03-04T17:35:41.817+0000] {processor.py:161} INFO - Started process (PID=817) to work on /home/airflow/.local/lib/python3.11/site-packages/airflow/example_dags/example_task_group_decorator.py
[2024-03-04T17:35:41.829+0000] {processor.py:830} INFO - Processing file /home/airflow/.local/lib/python3.11/site-packages/airflow/example_dags/example_task_group_decorator.py for tasks to queue
[2024-03-04T17:35:41.832+0000] {logging_mixin.py:188} INFO - [2024-03-04T17:35:41.831+0000] {dagbag.py:540} INFO - Filling up the DagBag from /home/airflow/.local/lib/python3.11/site-packages/airflow/example_dags/example_task_group_decorator.py
[2024-03-04T17:35:41.862+0000] {processor.py:840} INFO - DAG(s) 'example_task_group_decorator' retrieved from /home/airflow/.local/lib/python3.11/site-packages/airflow/example_dags/example_task_group_decorator.py
[2024-03-04T17:35:41.934+0000] {logging_mixin.py:188} INFO - [2024-03-04T17:35:41.933+0000] {dag.py:3047} INFO - Sync 1 DAGs
[2024-03-04T17:35:41.969+0000] {logging_mixin.py:188} INFO - [2024-03-04T17:35:41.969+0000] {dag.py:3834} INFO - Setting next_dagrun for example_task_group_decorator to 2024-03-03 00:00:00+00:00, run_after=2024-03-04 00:00:00+00:00
[2024-03-04T17:35:42.003+0000] {processor.py:183} INFO - Processing /home/airflow/.local/lib/python3.11/site-packages/airflow/example_dags/example_task_group_decorator.py took 0.193 seconds
[2024-03-04T17:36:12.397+0000] {processor.py:161} INFO - Started process (PID=1064) to work on /home/airflow/.local/lib/python3.11/site-packages/airflow/example_dags/example_task_group_decorator.py
[2024-03-04T17:36:12.399+0000] {processor.py:830} INFO - Processing file /home/airflow/.local/lib/python3.11/site-packages/airflow/example_dags/example_task_group_decorator.py for tasks to queue
[2024-03-04T17:36:12.401+0000] {logging_mixin.py:188} INFO - [2024-03-04T17:36:12.400+0000] {dagbag.py:540} INFO - Filling up the DagBag from /home/airflow/.local/lib/python3.11/site-packages/airflow/example_dags/example_task_group_decorator.py
[2024-03-04T17:36:12.426+0000] {processor.py:840} INFO - DAG(s) 'example_task_group_decorator' retrieved from /home/airflow/.local/lib/python3.11/site-packages/airflow/example_dags/example_task_group_decorator.py
[2024-03-04T17:36:12.456+0000] {logging_mixin.py:188} INFO - [2024-03-04T17:36:12.456+0000] {dag.py:3047} INFO - Sync 1 DAGs
[2024-03-04T17:36:12.480+0000] {logging_mixin.py:188} INFO - [2024-03-04T17:36:12.480+0000] {dag.py:3834} INFO - Setting next_dagrun for example_task_group_decorator to 2024-03-03 00:00:00+00:00, run_after=2024-03-04 00:00:00+00:00
[2024-03-04T17:36:12.499+0000] {processor.py:183} INFO - Processing /home/airflow/.local/lib/python3.11/site-packages/airflow/example_dags/example_task_group_decorator.py took 0.106 seconds
[2024-03-04T17:36:43.023+0000] {processor.py:161} INFO - Started process (PID=1311) to work on /home/airflow/.local/lib/python3.11/site-packages/airflow/example_dags/example_task_group_decorator.py
[2024-03-04T17:36:43.025+0000] {processor.py:830} INFO - Processing file /home/airflow/.local/lib/python3.11/site-packages/airflow/example_dags/example_task_group_decorator.py for tasks to queue
[2024-03-04T17:36:43.026+0000] {logging_mixin.py:188} INFO - [2024-03-04T17:36:43.026+0000] {dagbag.py:540} INFO - Filling up the DagBag from /home/airflow/.local/lib/python3.11/site-packages/airflow/example_dags/example_task_group_decorator.py
[2024-03-04T17:36:43.052+0000] {processor.py:840} INFO - DAG(s) 'example_task_group_decorator' retrieved from /home/airflow/.local/lib/python3.11/site-packages/airflow/example_dags/example_task_group_decorator.py
[2024-03-04T17:36:43.084+0000] {logging_mixin.py:188} INFO - [2024-03-04T17:36:43.083+0000] {dag.py:3047} INFO - Sync 1 DAGs
[2024-03-04T17:36:43.116+0000] {logging_mixin.py:188} INFO - [2024-03-04T17:36:43.116+0000] {dag.py:3834} INFO - Setting next_dagrun for example_task_group_decorator to 2024-03-03 00:00:00+00:00, run_after=2024-03-04 00:00:00+00:00
[2024-03-04T17:36:43.146+0000] {processor.py:183} INFO - Processing /home/airflow/.local/lib/python3.11/site-packages/airflow/example_dags/example_task_group_decorator.py took 0.127 seconds
[2024-03-04T17:37:38.917+0000] {processor.py:161} INFO - Started process (PID=1564) to work on /home/airflow/.local/lib/python3.11/site-packages/airflow/example_dags/example_task_group_decorator.py
[2024-03-04T17:37:38.919+0000] {processor.py:830} INFO - Processing file /home/airflow/.local/lib/python3.11/site-packages/airflow/example_dags/example_task_group_decorator.py for tasks to queue
[2024-03-04T17:37:38.921+0000] {logging_mixin.py:188} INFO - [2024-03-04T17:37:38.921+0000] {dagbag.py:540} INFO - Filling up the DagBag from /home/airflow/.local/lib/python3.11/site-packages/airflow/example_dags/example_task_group_decorator.py
[2024-03-04T17:37:38.951+0000] {processor.py:840} INFO - DAG(s) 'example_task_group_decorator' retrieved from /home/airflow/.local/lib/python3.11/site-packages/airflow/example_dags/example_task_group_decorator.py
[2024-03-04T17:37:38.989+0000] {logging_mixin.py:188} INFO - [2024-03-04T17:37:38.989+0000] {dag.py:3047} INFO - Sync 1 DAGs
[2024-03-04T17:37:39.014+0000] {logging_mixin.py:188} INFO - [2024-03-04T17:37:39.014+0000] {dag.py:3834} INFO - Setting next_dagrun for example_task_group_decorator to 2024-03-03 00:00:00+00:00, run_after=2024-03-04 00:00:00+00:00
[2024-03-04T17:37:39.035+0000] {processor.py:183} INFO - Processing /home/airflow/.local/lib/python3.11/site-packages/airflow/example_dags/example_task_group_decorator.py took 0.124 seconds
[2024-03-04T17:38:09.882+0000] {processor.py:161} INFO - Started process (PID=1811) to work on /home/airflow/.local/lib/python3.11/site-packages/airflow/example_dags/example_task_group_decorator.py
[2024-03-04T17:38:09.883+0000] {processor.py:830} INFO - Processing file /home/airflow/.local/lib/python3.11/site-packages/airflow/example_dags/example_task_group_decorator.py for tasks to queue
[2024-03-04T17:38:09.884+0000] {logging_mixin.py:188} INFO - [2024-03-04T17:38:09.884+0000] {dagbag.py:540} INFO - Filling up the DagBag from /home/airflow/.local/lib/python3.11/site-packages/airflow/example_dags/example_task_group_decorator.py
[2024-03-04T17:38:09.902+0000] {processor.py:840} INFO - DAG(s) 'example_task_group_decorator' retrieved from /home/airflow/.local/lib/python3.11/site-packages/airflow/example_dags/example_task_group_decorator.py
[2024-03-04T17:38:09.931+0000] {logging_mixin.py:188} INFO - [2024-03-04T17:38:09.931+0000] {dag.py:3047} INFO - Sync 1 DAGs
[2024-03-04T17:38:09.956+0000] {logging_mixin.py:188} INFO - [2024-03-04T17:38:09.956+0000] {dag.py:3834} INFO - Setting next_dagrun for example_task_group_decorator to 2024-03-03 00:00:00+00:00, run_after=2024-03-04 00:00:00+00:00
[2024-03-04T17:38:09.978+0000] {processor.py:183} INFO - Processing /home/airflow/.local/lib/python3.11/site-packages/airflow/example_dags/example_task_group_decorator.py took 0.100 seconds
[2024-03-04T17:38:40.398+0000] {processor.py:161} INFO - Started process (PID=2058) to work on /home/airflow/.local/lib/python3.11/site-packages/airflow/example_dags/example_task_group_decorator.py
[2024-03-04T17:38:40.399+0000] {processor.py:830} INFO - Processing file /home/airflow/.local/lib/python3.11/site-packages/airflow/example_dags/example_task_group_decorator.py for tasks to queue
[2024-03-04T17:38:40.401+0000] {logging_mixin.py:188} INFO - [2024-03-04T17:38:40.401+0000] {dagbag.py:540} INFO - Filling up the DagBag from /home/airflow/.local/lib/python3.11/site-packages/airflow/example_dags/example_task_group_decorator.py
[2024-03-04T17:38:40.418+0000] {processor.py:840} INFO - DAG(s) 'example_task_group_decorator' retrieved from /home/airflow/.local/lib/python3.11/site-packages/airflow/example_dags/example_task_group_decorator.py
[2024-03-04T17:38:40.446+0000] {logging_mixin.py:188} INFO - [2024-03-04T17:38:40.446+0000] {dag.py:3047} INFO - Sync 1 DAGs
[2024-03-04T17:38:40.453+0000] {logging_mixin.py:188} INFO - [2024-03-04T17:38:40.453+0000] {dag.py:3834} INFO - Setting next_dagrun for example_task_group_decorator to 2024-03-03 00:00:00+00:00, run_after=2024-03-04 00:00:00+00:00
[2024-03-04T17:38:40.471+0000] {processor.py:183} INFO - Processing /home/airflow/.local/lib/python3.11/site-packages/airflow/example_dags/example_task_group_decorator.py took 0.092 seconds
[2024-03-04T17:39:10.633+0000] {processor.py:161} INFO - Started process (PID=2305) to work on /home/airflow/.local/lib/python3.11/site-packages/airflow/example_dags/example_task_group_decorator.py
[2024-03-04T17:39:10.634+0000] {processor.py:830} INFO - Processing file /home/airflow/.local/lib/python3.11/site-packages/airflow/example_dags/example_task_group_decorator.py for tasks to queue
[2024-03-04T17:39:10.636+0000] {logging_mixin.py:188} INFO - [2024-03-04T17:39:10.635+0000] {dagbag.py:540} INFO - Filling up the DagBag from /home/airflow/.local/lib/python3.11/site-packages/airflow/example_dags/example_task_group_decorator.py
[2024-03-04T17:39:10.651+0000] {processor.py:840} INFO - DAG(s) 'example_task_group_decorator' retrieved from /home/airflow/.local/lib/python3.11/site-packages/airflow/example_dags/example_task_group_decorator.py
[2024-03-04T17:39:10.674+0000] {logging_mixin.py:188} INFO - [2024-03-04T17:39:10.674+0000] {dag.py:3047} INFO - Sync 1 DAGs
[2024-03-04T17:39:10.695+0000] {logging_mixin.py:188} INFO - [2024-03-04T17:39:10.694+0000] {dag.py:3834} INFO - Setting next_dagrun for example_task_group_decorator to 2024-03-03 00:00:00+00:00, run_after=2024-03-04 00:00:00+00:00
[2024-03-04T17:39:10.711+0000] {processor.py:183} INFO - Processing /home/airflow/.local/lib/python3.11/site-packages/airflow/example_dags/example_task_group_decorator.py took 0.082 seconds
[2024-03-04T17:39:41.710+0000] {processor.py:161} INFO - Started process (PID=2552) to work on /home/airflow/.local/lib/python3.11/site-packages/airflow/example_dags/example_task_group_decorator.py
[2024-03-04T17:39:41.711+0000] {processor.py:830} INFO - Processing file /home/airflow/.local/lib/python3.11/site-packages/airflow/example_dags/example_task_group_decorator.py for tasks to queue
[2024-03-04T17:39:41.712+0000] {logging_mixin.py:188} INFO - [2024-03-04T17:39:41.712+0000] {dagbag.py:540} INFO - Filling up the DagBag from /home/airflow/.local/lib/python3.11/site-packages/airflow/example_dags/example_task_group_decorator.py
[2024-03-04T17:39:41.728+0000] {processor.py:840} INFO - DAG(s) 'example_task_group_decorator' retrieved from /home/airflow/.local/lib/python3.11/site-packages/airflow/example_dags/example_task_group_decorator.py
[2024-03-04T17:39:41.751+0000] {logging_mixin.py:188} INFO - [2024-03-04T17:39:41.751+0000] {dag.py:3047} INFO - Sync 1 DAGs
[2024-03-04T17:39:41.782+0000] {logging_mixin.py:188} INFO - [2024-03-04T17:39:41.781+0000] {dag.py:3834} INFO - Setting next_dagrun for example_task_group_decorator to 2024-03-03 00:00:00+00:00, run_after=2024-03-04 00:00:00+00:00
[2024-03-04T17:39:41.801+0000] {processor.py:183} INFO - Processing /home/airflow/.local/lib/python3.11/site-packages/airflow/example_dags/example_task_group_decorator.py took 0.095 seconds
[2024-03-04T17:40:51.438+0000] {processor.py:161} INFO - Started process (PID=2807) to work on /home/airflow/.local/lib/python3.11/site-packages/airflow/example_dags/example_task_group_decorator.py
[2024-03-04T17:40:51.439+0000] {processor.py:830} INFO - Processing file /home/airflow/.local/lib/python3.11/site-packages/airflow/example_dags/example_task_group_decorator.py for tasks to queue
[2024-03-04T17:40:51.441+0000] {logging_mixin.py:188} INFO - [2024-03-04T17:40:51.441+0000] {dagbag.py:540} INFO - Filling up the DagBag from /home/airflow/.local/lib/python3.11/site-packages/airflow/example_dags/example_task_group_decorator.py
[2024-03-04T17:40:51.476+0000] {processor.py:840} INFO - DAG(s) 'example_task_group_decorator' retrieved from /home/airflow/.local/lib/python3.11/site-packages/airflow/example_dags/example_task_group_decorator.py
[2024-03-04T17:40:51.508+0000] {logging_mixin.py:188} INFO - [2024-03-04T17:40:51.508+0000] {dag.py:3047} INFO - Sync 1 DAGs
[2024-03-04T17:40:51.534+0000] {logging_mixin.py:188} INFO - [2024-03-04T17:40:51.534+0000] {dag.py:3834} INFO - Setting next_dagrun for example_task_group_decorator to 2024-03-03 00:00:00+00:00, run_after=2024-03-04 00:00:00+00:00
[2024-03-04T17:40:51.555+0000] {processor.py:183} INFO - Processing /home/airflow/.local/lib/python3.11/site-packages/airflow/example_dags/example_task_group_decorator.py took 0.121 seconds
[2024-03-04T17:41:23.633+0000] {processor.py:161} INFO - Started process (PID=3052) to work on /home/airflow/.local/lib/python3.11/site-packages/airflow/example_dags/example_task_group_decorator.py
[2024-03-04T17:41:23.634+0000] {processor.py:830} INFO - Processing file /home/airflow/.local/lib/python3.11/site-packages/airflow/example_dags/example_task_group_decorator.py for tasks to queue
[2024-03-04T17:41:23.636+0000] {logging_mixin.py:188} INFO - [2024-03-04T17:41:23.635+0000] {dagbag.py:540} INFO - Filling up the DagBag from /home/airflow/.local/lib/python3.11/site-packages/airflow/example_dags/example_task_group_decorator.py
[2024-03-04T17:41:23.665+0000] {processor.py:840} INFO - DAG(s) 'example_task_group_decorator' retrieved from /home/airflow/.local/lib/python3.11/site-packages/airflow/example_dags/example_task_group_decorator.py
[2024-03-04T17:41:23.743+0000] {logging_mixin.py:188} INFO - [2024-03-04T17:41:23.742+0000] {dag.py:3047} INFO - Sync 1 DAGs
[2024-03-04T17:41:23.814+0000] {logging_mixin.py:188} INFO - [2024-03-04T17:41:23.814+0000] {dag.py:3834} INFO - Setting next_dagrun for example_task_group_decorator to 2024-03-03 00:00:00+00:00, run_after=2024-03-04 00:00:00+00:00
[2024-03-04T17:41:23.899+0000] {processor.py:183} INFO - Processing /home/airflow/.local/lib/python3.11/site-packages/airflow/example_dags/example_task_group_decorator.py took 0.271 seconds
[2024-03-04T17:43:26.450+0000] {processor.py:161} INFO - Started process (PID=326) to work on /home/airflow/.local/lib/python3.11/site-packages/airflow/example_dags/example_task_group_decorator.py
[2024-03-04T17:43:26.452+0000] {processor.py:830} INFO - Processing file /home/airflow/.local/lib/python3.11/site-packages/airflow/example_dags/example_task_group_decorator.py for tasks to queue
[2024-03-04T17:43:26.453+0000] {logging_mixin.py:188} INFO - [2024-03-04T17:43:26.453+0000] {dagbag.py:540} INFO - Filling up the DagBag from /home/airflow/.local/lib/python3.11/site-packages/airflow/example_dags/example_task_group_decorator.py
[2024-03-04T17:43:26.473+0000] {processor.py:840} INFO - DAG(s) 'example_task_group_decorator' retrieved from /home/airflow/.local/lib/python3.11/site-packages/airflow/example_dags/example_task_group_decorator.py
[2024-03-04T17:43:26.489+0000] {logging_mixin.py:188} INFO - [2024-03-04T17:43:26.488+0000] {dag.py:3047} INFO - Sync 1 DAGs
[2024-03-04T17:43:26.684+0000] {logging_mixin.py:188} INFO - [2024-03-04T17:43:26.684+0000] {dag.py:3834} INFO - Setting next_dagrun for example_task_group_decorator to 2024-03-03 00:00:00+00:00, run_after=2024-03-04 00:00:00+00:00
[2024-03-04T17:43:26.706+0000] {processor.py:183} INFO - Processing /home/airflow/.local/lib/python3.11/site-packages/airflow/example_dags/example_task_group_decorator.py took 0.259 seconds
[2024-03-04T17:43:57.033+0000] {processor.py:161} INFO - Started process (PID=571) to work on /home/airflow/.local/lib/python3.11/site-packages/airflow/example_dags/example_task_group_decorator.py
[2024-03-04T17:43:57.047+0000] {processor.py:830} INFO - Processing file /home/airflow/.local/lib/python3.11/site-packages/airflow/example_dags/example_task_group_decorator.py for tasks to queue
[2024-03-04T17:43:57.048+0000] {logging_mixin.py:188} INFO - [2024-03-04T17:43:57.048+0000] {dagbag.py:540} INFO - Filling up the DagBag from /home/airflow/.local/lib/python3.11/site-packages/airflow/example_dags/example_task_group_decorator.py
[2024-03-04T17:43:57.064+0000] {processor.py:840} INFO - DAG(s) 'example_task_group_decorator' retrieved from /home/airflow/.local/lib/python3.11/site-packages/airflow/example_dags/example_task_group_decorator.py
[2024-03-04T17:43:57.156+0000] {logging_mixin.py:188} INFO - [2024-03-04T17:43:57.156+0000] {dag.py:3047} INFO - Sync 1 DAGs
[2024-03-04T17:43:57.178+0000] {logging_mixin.py:188} INFO - [2024-03-04T17:43:57.178+0000] {dag.py:3834} INFO - Setting next_dagrun for example_task_group_decorator to 2024-03-03 00:00:00+00:00, run_after=2024-03-04 00:00:00+00:00
[2024-03-04T17:43:57.198+0000] {processor.py:183} INFO - Processing /home/airflow/.local/lib/python3.11/site-packages/airflow/example_dags/example_task_group_decorator.py took 0.169 seconds
[2024-03-04T17:44:27.571+0000] {processor.py:161} INFO - Started process (PID=818) to work on /home/airflow/.local/lib/python3.11/site-packages/airflow/example_dags/example_task_group_decorator.py
[2024-03-04T17:44:27.572+0000] {processor.py:830} INFO - Processing file /home/airflow/.local/lib/python3.11/site-packages/airflow/example_dags/example_task_group_decorator.py for tasks to queue
[2024-03-04T17:44:27.573+0000] {logging_mixin.py:188} INFO - [2024-03-04T17:44:27.573+0000] {dagbag.py:540} INFO - Filling up the DagBag from /home/airflow/.local/lib/python3.11/site-packages/airflow/example_dags/example_task_group_decorator.py
[2024-03-04T17:44:27.589+0000] {processor.py:840} INFO - DAG(s) 'example_task_group_decorator' retrieved from /home/airflow/.local/lib/python3.11/site-packages/airflow/example_dags/example_task_group_decorator.py
[2024-03-04T17:44:27.617+0000] {logging_mixin.py:188} INFO - [2024-03-04T17:44:27.617+0000] {dag.py:3047} INFO - Sync 1 DAGs
[2024-03-04T17:44:27.644+0000] {logging_mixin.py:188} INFO - [2024-03-04T17:44:27.644+0000] {dag.py:3834} INFO - Setting next_dagrun for example_task_group_decorator to 2024-03-03 00:00:00+00:00, run_after=2024-03-04 00:00:00+00:00
[2024-03-04T17:44:27.667+0000] {processor.py:183} INFO - Processing /home/airflow/.local/lib/python3.11/site-packages/airflow/example_dags/example_task_group_decorator.py took 0.100 seconds
