[2024-03-04T17:34:40.116+0000] {processor.py:161} INFO - Started process (PID=337) to work on /home/airflow/.local/lib/python3.11/site-packages/airflow/example_dags/example_xcomargs.py
[2024-03-04T17:34:40.118+0000] {processor.py:830} INFO - Processing file /home/airflow/.local/lib/python3.11/site-packages/airflow/example_dags/example_xcomargs.py for tasks to queue
[2024-03-04T17:34:40.120+0000] {logging_mixin.py:188} INFO - [2024-03-04T17:34:40.120+0000] {dagbag.py:540} INFO - Filling up the DagBag from /home/airflow/.local/lib/python3.11/site-packages/airflow/example_dags/example_xcomargs.py
[2024-03-04T17:34:40.139+0000] {processor.py:840} INFO - DAG(s) 'example_xcom_args_with_operators', 'example_xcom_args' retrieved from /home/airflow/.local/lib/python3.11/site-packages/airflow/example_dags/example_xcomargs.py
[2024-03-04T17:34:40.296+0000] {logging_mixin.py:188} INFO - [2024-03-04T17:34:40.295+0000] {dag.py:3047} INFO - Sync 2 DAGs
[2024-03-04T17:34:40.338+0000] {logging_mixin.py:188} INFO - [2024-03-04T17:34:40.337+0000] {dag.py:3834} INFO - Setting next_dagrun for example_xcom_args to None, run_after=None
[2024-03-04T17:34:40.344+0000] {logging_mixin.py:188} INFO - [2024-03-04T17:34:40.343+0000] {dag.py:3834} INFO - Setting next_dagrun for example_xcom_args_with_operators to None, run_after=None
[2024-03-04T17:34:40.420+0000] {processor.py:183} INFO - Processing /home/airflow/.local/lib/python3.11/site-packages/airflow/example_dags/example_xcomargs.py took 0.310 seconds
[2024-03-04T17:35:10.539+0000] {processor.py:161} INFO - Started process (PID=583) to work on /home/airflow/.local/lib/python3.11/site-packages/airflow/example_dags/example_xcomargs.py
[2024-03-04T17:35:10.543+0000] {processor.py:830} INFO - Processing file /home/airflow/.local/lib/python3.11/site-packages/airflow/example_dags/example_xcomargs.py for tasks to queue
[2024-03-04T17:35:10.545+0000] {logging_mixin.py:188} INFO - [2024-03-04T17:35:10.544+0000] {dagbag.py:540} INFO - Filling up the DagBag from /home/airflow/.local/lib/python3.11/site-packages/airflow/example_dags/example_xcomargs.py
[2024-03-04T17:35:10.554+0000] {processor.py:840} INFO - DAG(s) 'example_xcom_args_with_operators', 'example_xcom_args' retrieved from /home/airflow/.local/lib/python3.11/site-packages/airflow/example_dags/example_xcomargs.py
[2024-03-04T17:35:10.582+0000] {logging_mixin.py:188} INFO - [2024-03-04T17:35:10.582+0000] {dag.py:3047} INFO - Sync 2 DAGs
[2024-03-04T17:35:10.597+0000] {logging_mixin.py:188} INFO - [2024-03-04T17:35:10.597+0000] {dag.py:3834} INFO - Setting next_dagrun for example_xcom_args to None, run_after=None
[2024-03-04T17:35:10.601+0000] {logging_mixin.py:188} INFO - [2024-03-04T17:35:10.601+0000] {dag.py:3834} INFO - Setting next_dagrun for example_xcom_args_with_operators to None, run_after=None
[2024-03-04T17:35:10.619+0000] {processor.py:183} INFO - Processing /home/airflow/.local/lib/python3.11/site-packages/airflow/example_dags/example_xcomargs.py took 0.084 seconds
[2024-03-04T17:35:42.264+0000] {processor.py:161} INFO - Started process (PID=829) to work on /home/airflow/.local/lib/python3.11/site-packages/airflow/example_dags/example_xcomargs.py
[2024-03-04T17:35:42.265+0000] {processor.py:830} INFO - Processing file /home/airflow/.local/lib/python3.11/site-packages/airflow/example_dags/example_xcomargs.py for tasks to queue
[2024-03-04T17:35:42.268+0000] {logging_mixin.py:188} INFO - [2024-03-04T17:35:42.267+0000] {dagbag.py:540} INFO - Filling up the DagBag from /home/airflow/.local/lib/python3.11/site-packages/airflow/example_dags/example_xcomargs.py
[2024-03-04T17:35:42.284+0000] {processor.py:840} INFO - DAG(s) 'example_xcom_args_with_operators', 'example_xcom_args' retrieved from /home/airflow/.local/lib/python3.11/site-packages/airflow/example_dags/example_xcomargs.py
[2024-03-04T17:35:42.320+0000] {logging_mixin.py:188} INFO - [2024-03-04T17:35:42.319+0000] {dag.py:3047} INFO - Sync 2 DAGs
[2024-03-04T17:35:42.339+0000] {logging_mixin.py:188} INFO - [2024-03-04T17:35:42.339+0000] {dag.py:3834} INFO - Setting next_dagrun for example_xcom_args to None, run_after=None
[2024-03-04T17:35:42.349+0000] {logging_mixin.py:188} INFO - [2024-03-04T17:35:42.349+0000] {dag.py:3834} INFO - Setting next_dagrun for example_xcom_args_with_operators to None, run_after=None
[2024-03-04T17:35:42.387+0000] {processor.py:183} INFO - Processing /home/airflow/.local/lib/python3.11/site-packages/airflow/example_dags/example_xcomargs.py took 0.130 seconds
[2024-03-04T17:36:12.527+0000] {processor.py:161} INFO - Started process (PID=1074) to work on /home/airflow/.local/lib/python3.11/site-packages/airflow/example_dags/example_xcomargs.py
[2024-03-04T17:36:12.528+0000] {processor.py:830} INFO - Processing file /home/airflow/.local/lib/python3.11/site-packages/airflow/example_dags/example_xcomargs.py for tasks to queue
[2024-03-04T17:36:12.529+0000] {logging_mixin.py:188} INFO - [2024-03-04T17:36:12.529+0000] {dagbag.py:540} INFO - Filling up the DagBag from /home/airflow/.local/lib/python3.11/site-packages/airflow/example_dags/example_xcomargs.py
[2024-03-04T17:36:12.539+0000] {processor.py:840} INFO - DAG(s) 'example_xcom_args', 'example_xcom_args_with_operators' retrieved from /home/airflow/.local/lib/python3.11/site-packages/airflow/example_dags/example_xcomargs.py
[2024-03-04T17:36:12.561+0000] {logging_mixin.py:188} INFO - [2024-03-04T17:36:12.561+0000] {dag.py:3047} INFO - Sync 2 DAGs
[2024-03-04T17:36:12.574+0000] {logging_mixin.py:188} INFO - [2024-03-04T17:36:12.573+0000] {dag.py:3834} INFO - Setting next_dagrun for example_xcom_args to None, run_after=None
[2024-03-04T17:36:12.578+0000] {logging_mixin.py:188} INFO - [2024-03-04T17:36:12.578+0000] {dag.py:3834} INFO - Setting next_dagrun for example_xcom_args_with_operators to None, run_after=None
[2024-03-04T17:36:12.598+0000] {processor.py:183} INFO - Processing /home/airflow/.local/lib/python3.11/site-packages/airflow/example_dags/example_xcomargs.py took 0.074 seconds
[2024-03-04T17:36:43.183+0000] {processor.py:161} INFO - Started process (PID=1321) to work on /home/airflow/.local/lib/python3.11/site-packages/airflow/example_dags/example_xcomargs.py
[2024-03-04T17:36:43.185+0000] {processor.py:830} INFO - Processing file /home/airflow/.local/lib/python3.11/site-packages/airflow/example_dags/example_xcomargs.py for tasks to queue
[2024-03-04T17:36:43.186+0000] {logging_mixin.py:188} INFO - [2024-03-04T17:36:43.186+0000] {dagbag.py:540} INFO - Filling up the DagBag from /home/airflow/.local/lib/python3.11/site-packages/airflow/example_dags/example_xcomargs.py
[2024-03-04T17:36:43.197+0000] {processor.py:840} INFO - DAG(s) 'example_xcom_args_with_operators', 'example_xcom_args' retrieved from /home/airflow/.local/lib/python3.11/site-packages/airflow/example_dags/example_xcomargs.py
[2024-03-04T17:36:43.226+0000] {logging_mixin.py:188} INFO - [2024-03-04T17:36:43.226+0000] {dag.py:3047} INFO - Sync 2 DAGs
[2024-03-04T17:36:43.243+0000] {logging_mixin.py:188} INFO - [2024-03-04T17:36:43.243+0000] {dag.py:3834} INFO - Setting next_dagrun for example_xcom_args to None, run_after=None
[2024-03-04T17:36:43.250+0000] {logging_mixin.py:188} INFO - [2024-03-04T17:36:43.250+0000] {dag.py:3834} INFO - Setting next_dagrun for example_xcom_args_with_operators to None, run_after=None
[2024-03-04T17:36:43.307+0000] {processor.py:183} INFO - Processing /home/airflow/.local/lib/python3.11/site-packages/airflow/example_dags/example_xcomargs.py took 0.128 seconds
[2024-03-04T17:37:39.063+0000] {processor.py:161} INFO - Started process (PID=1574) to work on /home/airflow/.local/lib/python3.11/site-packages/airflow/example_dags/example_xcomargs.py
[2024-03-04T17:37:39.065+0000] {processor.py:830} INFO - Processing file /home/airflow/.local/lib/python3.11/site-packages/airflow/example_dags/example_xcomargs.py for tasks to queue
[2024-03-04T17:37:39.066+0000] {logging_mixin.py:188} INFO - [2024-03-04T17:37:39.066+0000] {dagbag.py:540} INFO - Filling up the DagBag from /home/airflow/.local/lib/python3.11/site-packages/airflow/example_dags/example_xcomargs.py
[2024-03-04T17:37:39.081+0000] {processor.py:840} INFO - DAG(s) 'example_xcom_args', 'example_xcom_args_with_operators' retrieved from /home/airflow/.local/lib/python3.11/site-packages/airflow/example_dags/example_xcomargs.py
[2024-03-04T17:37:39.114+0000] {logging_mixin.py:188} INFO - [2024-03-04T17:37:39.114+0000] {dag.py:3047} INFO - Sync 2 DAGs
[2024-03-04T17:37:39.131+0000] {logging_mixin.py:188} INFO - [2024-03-04T17:37:39.130+0000] {dag.py:3834} INFO - Setting next_dagrun for example_xcom_args to None, run_after=None
[2024-03-04T17:37:39.136+0000] {logging_mixin.py:188} INFO - [2024-03-04T17:37:39.136+0000] {dag.py:3834} INFO - Setting next_dagrun for example_xcom_args_with_operators to None, run_after=None
[2024-03-04T17:37:39.163+0000] {processor.py:183} INFO - Processing /home/airflow/.local/lib/python3.11/site-packages/airflow/example_dags/example_xcomargs.py took 0.105 seconds
[2024-03-04T17:38:10.007+0000] {processor.py:161} INFO - Started process (PID=1821) to work on /home/airflow/.local/lib/python3.11/site-packages/airflow/example_dags/example_xcomargs.py
[2024-03-04T17:38:10.010+0000] {processor.py:830} INFO - Processing file /home/airflow/.local/lib/python3.11/site-packages/airflow/example_dags/example_xcomargs.py for tasks to queue
[2024-03-04T17:38:10.013+0000] {logging_mixin.py:188} INFO - [2024-03-04T17:38:10.012+0000] {dagbag.py:540} INFO - Filling up the DagBag from /home/airflow/.local/lib/python3.11/site-packages/airflow/example_dags/example_xcomargs.py
[2024-03-04T17:38:10.030+0000] {processor.py:840} INFO - DAG(s) 'example_xcom_args', 'example_xcom_args_with_operators' retrieved from /home/airflow/.local/lib/python3.11/site-packages/airflow/example_dags/example_xcomargs.py
[2024-03-04T17:38:10.066+0000] {logging_mixin.py:188} INFO - [2024-03-04T17:38:10.066+0000] {dag.py:3047} INFO - Sync 2 DAGs
[2024-03-04T17:38:10.087+0000] {logging_mixin.py:188} INFO - [2024-03-04T17:38:10.086+0000] {dag.py:3834} INFO - Setting next_dagrun for example_xcom_args to None, run_after=None
[2024-03-04T17:38:10.096+0000] {logging_mixin.py:188} INFO - [2024-03-04T17:38:10.096+0000] {dag.py:3834} INFO - Setting next_dagrun for example_xcom_args_with_operators to None, run_after=None
[2024-03-04T17:38:10.128+0000] {processor.py:183} INFO - Processing /home/airflow/.local/lib/python3.11/site-packages/airflow/example_dags/example_xcomargs.py took 0.125 seconds
[2024-03-04T17:38:40.503+0000] {processor.py:161} INFO - Started process (PID=2068) to work on /home/airflow/.local/lib/python3.11/site-packages/airflow/example_dags/example_xcomargs.py
[2024-03-04T17:38:40.504+0000] {processor.py:830} INFO - Processing file /home/airflow/.local/lib/python3.11/site-packages/airflow/example_dags/example_xcomargs.py for tasks to queue
[2024-03-04T17:38:40.505+0000] {logging_mixin.py:188} INFO - [2024-03-04T17:38:40.504+0000] {dagbag.py:540} INFO - Filling up the DagBag from /home/airflow/.local/lib/python3.11/site-packages/airflow/example_dags/example_xcomargs.py
[2024-03-04T17:38:40.514+0000] {processor.py:840} INFO - DAG(s) 'example_xcom_args_with_operators', 'example_xcom_args' retrieved from /home/airflow/.local/lib/python3.11/site-packages/airflow/example_dags/example_xcomargs.py
[2024-03-04T17:38:40.543+0000] {logging_mixin.py:188} INFO - [2024-03-04T17:38:40.542+0000] {dag.py:3047} INFO - Sync 2 DAGs
[2024-03-04T17:38:40.559+0000] {logging_mixin.py:188} INFO - [2024-03-04T17:38:40.558+0000] {dag.py:3834} INFO - Setting next_dagrun for example_xcom_args to None, run_after=None
[2024-03-04T17:38:40.563+0000] {logging_mixin.py:188} INFO - [2024-03-04T17:38:40.563+0000] {dag.py:3834} INFO - Setting next_dagrun for example_xcom_args_with_operators to None, run_after=None
[2024-03-04T17:38:40.581+0000] {processor.py:183} INFO - Processing /home/airflow/.local/lib/python3.11/site-packages/airflow/example_dags/example_xcomargs.py took 0.082 seconds
[2024-03-04T17:39:10.739+0000] {processor.py:161} INFO - Started process (PID=2315) to work on /home/airflow/.local/lib/python3.11/site-packages/airflow/example_dags/example_xcomargs.py
[2024-03-04T17:39:10.740+0000] {processor.py:830} INFO - Processing file /home/airflow/.local/lib/python3.11/site-packages/airflow/example_dags/example_xcomargs.py for tasks to queue
[2024-03-04T17:39:10.741+0000] {logging_mixin.py:188} INFO - [2024-03-04T17:39:10.740+0000] {dagbag.py:540} INFO - Filling up the DagBag from /home/airflow/.local/lib/python3.11/site-packages/airflow/example_dags/example_xcomargs.py
[2024-03-04T17:39:10.751+0000] {processor.py:840} INFO - DAG(s) 'example_xcom_args_with_operators', 'example_xcom_args' retrieved from /home/airflow/.local/lib/python3.11/site-packages/airflow/example_dags/example_xcomargs.py
[2024-03-04T17:39:10.775+0000] {logging_mixin.py:188} INFO - [2024-03-04T17:39:10.775+0000] {dag.py:3047} INFO - Sync 2 DAGs
[2024-03-04T17:39:10.788+0000] {logging_mixin.py:188} INFO - [2024-03-04T17:39:10.788+0000] {dag.py:3834} INFO - Setting next_dagrun for example_xcom_args to None, run_after=None
[2024-03-04T17:39:10.792+0000] {logging_mixin.py:188} INFO - [2024-03-04T17:39:10.792+0000] {dag.py:3834} INFO - Setting next_dagrun for example_xcom_args_with_operators to None, run_after=None
[2024-03-04T17:39:10.812+0000] {processor.py:183} INFO - Processing /home/airflow/.local/lib/python3.11/site-packages/airflow/example_dags/example_xcomargs.py took 0.077 seconds
[2024-03-04T17:39:41.825+0000] {processor.py:161} INFO - Started process (PID=2562) to work on /home/airflow/.local/lib/python3.11/site-packages/airflow/example_dags/example_xcomargs.py
[2024-03-04T17:39:41.826+0000] {processor.py:830} INFO - Processing file /home/airflow/.local/lib/python3.11/site-packages/airflow/example_dags/example_xcomargs.py for tasks to queue
[2024-03-04T17:39:41.828+0000] {logging_mixin.py:188} INFO - [2024-03-04T17:39:41.828+0000] {dagbag.py:540} INFO - Filling up the DagBag from /home/airflow/.local/lib/python3.11/site-packages/airflow/example_dags/example_xcomargs.py
[2024-03-04T17:39:41.837+0000] {processor.py:840} INFO - DAG(s) 'example_xcom_args', 'example_xcom_args_with_operators' retrieved from /home/airflow/.local/lib/python3.11/site-packages/airflow/example_dags/example_xcomargs.py
[2024-03-04T17:39:41.862+0000] {logging_mixin.py:188} INFO - [2024-03-04T17:39:41.862+0000] {dag.py:3047} INFO - Sync 2 DAGs
[2024-03-04T17:39:41.876+0000] {logging_mixin.py:188} INFO - [2024-03-04T17:39:41.876+0000] {dag.py:3834} INFO - Setting next_dagrun for example_xcom_args to None, run_after=None
[2024-03-04T17:39:41.881+0000] {logging_mixin.py:188} INFO - [2024-03-04T17:39:41.881+0000] {dag.py:3834} INFO - Setting next_dagrun for example_xcom_args_with_operators to None, run_after=None
[2024-03-04T17:39:41.897+0000] {processor.py:183} INFO - Processing /home/airflow/.local/lib/python3.11/site-packages/airflow/example_dags/example_xcomargs.py took 0.075 seconds
[2024-03-04T17:40:51.590+0000] {processor.py:161} INFO - Started process (PID=2815) to work on /home/airflow/.local/lib/python3.11/site-packages/airflow/example_dags/example_xcomargs.py
[2024-03-04T17:40:51.592+0000] {processor.py:830} INFO - Processing file /home/airflow/.local/lib/python3.11/site-packages/airflow/example_dags/example_xcomargs.py for tasks to queue
[2024-03-04T17:40:51.593+0000] {logging_mixin.py:188} INFO - [2024-03-04T17:40:51.592+0000] {dagbag.py:540} INFO - Filling up the DagBag from /home/airflow/.local/lib/python3.11/site-packages/airflow/example_dags/example_xcomargs.py
[2024-03-04T17:40:51.608+0000] {processor.py:840} INFO - DAG(s) 'example_xcom_args', 'example_xcom_args_with_operators' retrieved from /home/airflow/.local/lib/python3.11/site-packages/airflow/example_dags/example_xcomargs.py
[2024-03-04T17:40:51.650+0000] {logging_mixin.py:188} INFO - [2024-03-04T17:40:51.650+0000] {dag.py:3047} INFO - Sync 2 DAGs
[2024-03-04T17:40:51.670+0000] {logging_mixin.py:188} INFO - [2024-03-04T17:40:51.670+0000] {dag.py:3834} INFO - Setting next_dagrun for example_xcom_args to None, run_after=None
[2024-03-04T17:40:51.679+0000] {logging_mixin.py:188} INFO - [2024-03-04T17:40:51.679+0000] {dag.py:3834} INFO - Setting next_dagrun for example_xcom_args_with_operators to None, run_after=None
[2024-03-04T17:40:51.703+0000] {processor.py:183} INFO - Processing /home/airflow/.local/lib/python3.11/site-packages/airflow/example_dags/example_xcomargs.py took 0.118 seconds
[2024-03-04T17:41:24.221+0000] {processor.py:161} INFO - Started process (PID=3064) to work on /home/airflow/.local/lib/python3.11/site-packages/airflow/example_dags/example_xcomargs.py
[2024-03-04T17:41:24.229+0000] {processor.py:830} INFO - Processing file /home/airflow/.local/lib/python3.11/site-packages/airflow/example_dags/example_xcomargs.py for tasks to queue
[2024-03-04T17:41:24.232+0000] {logging_mixin.py:188} INFO - [2024-03-04T17:41:24.231+0000] {dagbag.py:540} INFO - Filling up the DagBag from /home/airflow/.local/lib/python3.11/site-packages/airflow/example_dags/example_xcomargs.py
[2024-03-04T17:41:24.249+0000] {processor.py:840} INFO - DAG(s) 'example_xcom_args', 'example_xcom_args_with_operators' retrieved from /home/airflow/.local/lib/python3.11/site-packages/airflow/example_dags/example_xcomargs.py
[2024-03-04T17:41:24.305+0000] {logging_mixin.py:188} INFO - [2024-03-04T17:41:24.304+0000] {dag.py:3047} INFO - Sync 2 DAGs
[2024-03-04T17:41:24.343+0000] {logging_mixin.py:188} INFO - [2024-03-04T17:41:24.341+0000] {dag.py:3834} INFO - Setting next_dagrun for example_xcom_args to None, run_after=None
[2024-03-04T17:41:24.352+0000] {logging_mixin.py:188} INFO - [2024-03-04T17:41:24.352+0000] {dag.py:3834} INFO - Setting next_dagrun for example_xcom_args_with_operators to None, run_after=None
[2024-03-04T17:41:24.377+0000] {processor.py:183} INFO - Processing /home/airflow/.local/lib/python3.11/site-packages/airflow/example_dags/example_xcomargs.py took 0.162 seconds
[2024-03-04T17:43:26.746+0000] {processor.py:161} INFO - Started process (PID=334) to work on /home/airflow/.local/lib/python3.11/site-packages/airflow/example_dags/example_xcomargs.py
[2024-03-04T17:43:26.747+0000] {processor.py:830} INFO - Processing file /home/airflow/.local/lib/python3.11/site-packages/airflow/example_dags/example_xcomargs.py for tasks to queue
[2024-03-04T17:43:26.749+0000] {logging_mixin.py:188} INFO - [2024-03-04T17:43:26.748+0000] {dagbag.py:540} INFO - Filling up the DagBag from /home/airflow/.local/lib/python3.11/site-packages/airflow/example_dags/example_xcomargs.py
[2024-03-04T17:43:26.762+0000] {processor.py:840} INFO - DAG(s) 'example_xcom_args_with_operators', 'example_xcom_args' retrieved from /home/airflow/.local/lib/python3.11/site-packages/airflow/example_dags/example_xcomargs.py
[2024-03-04T17:43:26.778+0000] {logging_mixin.py:188} INFO - [2024-03-04T17:43:26.778+0000] {dag.py:3047} INFO - Sync 2 DAGs
[2024-03-04T17:43:26.987+0000] {logging_mixin.py:188} INFO - [2024-03-04T17:43:26.987+0000] {dag.py:3834} INFO - Setting next_dagrun for example_xcom_args to None, run_after=None
[2024-03-04T17:43:26.991+0000] {logging_mixin.py:188} INFO - [2024-03-04T17:43:26.991+0000] {dag.py:3834} INFO - Setting next_dagrun for example_xcom_args_with_operators to None, run_after=None
[2024-03-04T17:43:27.071+0000] {processor.py:183} INFO - Processing /home/airflow/.local/lib/python3.11/site-packages/airflow/example_dags/example_xcomargs.py took 0.329 seconds
[2024-03-04T17:43:57.228+0000] {processor.py:161} INFO - Started process (PID=581) to work on /home/airflow/.local/lib/python3.11/site-packages/airflow/example_dags/example_xcomargs.py
[2024-03-04T17:43:57.229+0000] {processor.py:830} INFO - Processing file /home/airflow/.local/lib/python3.11/site-packages/airflow/example_dags/example_xcomargs.py for tasks to queue
[2024-03-04T17:43:57.230+0000] {logging_mixin.py:188} INFO - [2024-03-04T17:43:57.230+0000] {dagbag.py:540} INFO - Filling up the DagBag from /home/airflow/.local/lib/python3.11/site-packages/airflow/example_dags/example_xcomargs.py
[2024-03-04T17:43:57.241+0000] {processor.py:840} INFO - DAG(s) 'example_xcom_args', 'example_xcom_args_with_operators' retrieved from /home/airflow/.local/lib/python3.11/site-packages/airflow/example_dags/example_xcomargs.py
[2024-03-04T17:43:57.346+0000] {logging_mixin.py:188} INFO - [2024-03-04T17:43:57.346+0000] {dag.py:3047} INFO - Sync 2 DAGs
[2024-03-04T17:43:57.364+0000] {logging_mixin.py:188} INFO - [2024-03-04T17:43:57.363+0000] {dag.py:3834} INFO - Setting next_dagrun for example_xcom_args to None, run_after=None
[2024-03-04T17:43:57.371+0000] {logging_mixin.py:188} INFO - [2024-03-04T17:43:57.370+0000] {dag.py:3834} INFO - Setting next_dagrun for example_xcom_args_with_operators to None, run_after=None
[2024-03-04T17:43:57.393+0000] {processor.py:183} INFO - Processing /home/airflow/.local/lib/python3.11/site-packages/airflow/example_dags/example_xcomargs.py took 0.169 seconds
[2024-03-04T17:44:27.694+0000] {processor.py:161} INFO - Started process (PID=828) to work on /home/airflow/.local/lib/python3.11/site-packages/airflow/example_dags/example_xcomargs.py
[2024-03-04T17:44:27.695+0000] {processor.py:830} INFO - Processing file /home/airflow/.local/lib/python3.11/site-packages/airflow/example_dags/example_xcomargs.py for tasks to queue
[2024-03-04T17:44:27.697+0000] {logging_mixin.py:188} INFO - [2024-03-04T17:44:27.696+0000] {dagbag.py:540} INFO - Filling up the DagBag from /home/airflow/.local/lib/python3.11/site-packages/airflow/example_dags/example_xcomargs.py
[2024-03-04T17:44:27.708+0000] {processor.py:840} INFO - DAG(s) 'example_xcom_args_with_operators', 'example_xcom_args' retrieved from /home/airflow/.local/lib/python3.11/site-packages/airflow/example_dags/example_xcomargs.py
[2024-03-04T17:44:27.737+0000] {logging_mixin.py:188} INFO - [2024-03-04T17:44:27.736+0000] {dag.py:3047} INFO - Sync 2 DAGs
[2024-03-04T17:44:27.756+0000] {logging_mixin.py:188} INFO - [2024-03-04T17:44:27.755+0000] {dag.py:3834} INFO - Setting next_dagrun for example_xcom_args to None, run_after=None
[2024-03-04T17:44:27.770+0000] {logging_mixin.py:188} INFO - [2024-03-04T17:44:27.770+0000] {dag.py:3834} INFO - Setting next_dagrun for example_xcom_args_with_operators to None, run_after=None
[2024-03-04T17:44:27.829+0000] {processor.py:183} INFO - Processing /home/airflow/.local/lib/python3.11/site-packages/airflow/example_dags/example_xcomargs.py took 0.138 seconds
