[2024-03-04T17:34:35.072+0000] {processor.py:161} INFO - Started process (PID=235) to work on /home/airflow/.local/lib/python3.11/site-packages/airflow/example_dags/example_sla_dag.py
[2024-03-04T17:34:35.076+0000] {processor.py:830} INFO - Processing file /home/airflow/.local/lib/python3.11/site-packages/airflow/example_dags/example_sla_dag.py for tasks to queue
[2024-03-04T17:34:35.080+0000] {logging_mixin.py:188} INFO - [2024-03-04T17:34:35.079+0000] {dagbag.py:540} INFO - Filling up the DagBag from /home/airflow/.local/lib/python3.11/site-packages/airflow/example_dags/example_sla_dag.py
[2024-03-04T17:34:35.113+0000] {processor.py:840} INFO - DAG(s) 'example_sla_dag' retrieved from /home/airflow/.local/lib/python3.11/site-packages/airflow/example_dags/example_sla_dag.py
[2024-03-04T17:34:35.133+0000] {logging_mixin.py:188} INFO - [2024-03-04T17:34:35.133+0000] {dag.py:3047} INFO - Sync 1 DAGs
[2024-03-04T17:34:35.175+0000] {logging_mixin.py:188} INFO - [2024-03-04T17:34:35.174+0000] {dag.py:3834} INFO - Setting next_dagrun for example_sla_dag to 2024-03-04 17:32:00+00:00, run_after=2024-03-04 17:34:00+00:00
[2024-03-04T17:34:35.208+0000] {processor.py:183} INFO - Processing /home/airflow/.local/lib/python3.11/site-packages/airflow/example_dags/example_sla_dag.py took 0.140 seconds
[2024-03-04T17:35:05.558+0000] {processor.py:161} INFO - Started process (PID=481) to work on /home/airflow/.local/lib/python3.11/site-packages/airflow/example_dags/example_sla_dag.py
[2024-03-04T17:35:05.559+0000] {processor.py:830} INFO - Processing file /home/airflow/.local/lib/python3.11/site-packages/airflow/example_dags/example_sla_dag.py for tasks to queue
[2024-03-04T17:35:05.561+0000] {logging_mixin.py:188} INFO - [2024-03-04T17:35:05.561+0000] {dagbag.py:540} INFO - Filling up the DagBag from /home/airflow/.local/lib/python3.11/site-packages/airflow/example_dags/example_sla_dag.py
[2024-03-04T17:35:05.573+0000] {processor.py:840} INFO - DAG(s) 'example_sla_dag' retrieved from /home/airflow/.local/lib/python3.11/site-packages/airflow/example_dags/example_sla_dag.py
[2024-03-04T17:35:05.684+0000] {logging_mixin.py:188} INFO - [2024-03-04T17:35:05.684+0000] {dag.py:3047} INFO - Sync 1 DAGs
[2024-03-04T17:35:05.706+0000] {logging_mixin.py:188} INFO - [2024-03-04T17:35:05.706+0000] {dag.py:3834} INFO - Setting next_dagrun for example_sla_dag to 2024-03-04 17:32:00+00:00, run_after=2024-03-04 17:34:00+00:00
[2024-03-04T17:35:05.726+0000] {processor.py:183} INFO - Processing /home/airflow/.local/lib/python3.11/site-packages/airflow/example_dags/example_sla_dag.py took 0.173 seconds
[2024-03-04T17:35:35.989+0000] {processor.py:161} INFO - Started process (PID=727) to work on /home/airflow/.local/lib/python3.11/site-packages/airflow/example_dags/example_sla_dag.py
[2024-03-04T17:35:35.990+0000] {processor.py:830} INFO - Processing file /home/airflow/.local/lib/python3.11/site-packages/airflow/example_dags/example_sla_dag.py for tasks to queue
[2024-03-04T17:35:35.994+0000] {logging_mixin.py:188} INFO - [2024-03-04T17:35:35.993+0000] {dagbag.py:540} INFO - Filling up the DagBag from /home/airflow/.local/lib/python3.11/site-packages/airflow/example_dags/example_sla_dag.py
[2024-03-04T17:35:36.017+0000] {processor.py:840} INFO - DAG(s) 'example_sla_dag' retrieved from /home/airflow/.local/lib/python3.11/site-packages/airflow/example_dags/example_sla_dag.py
[2024-03-04T17:35:36.068+0000] {logging_mixin.py:188} INFO - [2024-03-04T17:35:36.068+0000] {dag.py:3047} INFO - Sync 1 DAGs
[2024-03-04T17:35:36.115+0000] {logging_mixin.py:188} INFO - [2024-03-04T17:35:36.113+0000] {dag.py:3834} INFO - Setting next_dagrun for example_sla_dag to 2024-03-04 17:32:00+00:00, run_after=2024-03-04 17:34:00+00:00
[2024-03-04T17:35:36.156+0000] {processor.py:183} INFO - Processing /home/airflow/.local/lib/python3.11/site-packages/airflow/example_dags/example_sla_dag.py took 0.170 seconds
[2024-03-04T17:36:06.366+0000] {processor.py:161} INFO - Started process (PID=974) to work on /home/airflow/.local/lib/python3.11/site-packages/airflow/example_dags/example_sla_dag.py
[2024-03-04T17:36:06.367+0000] {processor.py:830} INFO - Processing file /home/airflow/.local/lib/python3.11/site-packages/airflow/example_dags/example_sla_dag.py for tasks to queue
[2024-03-04T17:36:06.368+0000] {logging_mixin.py:188} INFO - [2024-03-04T17:36:06.367+0000] {dagbag.py:540} INFO - Filling up the DagBag from /home/airflow/.local/lib/python3.11/site-packages/airflow/example_dags/example_sla_dag.py
[2024-03-04T17:36:06.377+0000] {processor.py:840} INFO - DAG(s) 'example_sla_dag' retrieved from /home/airflow/.local/lib/python3.11/site-packages/airflow/example_dags/example_sla_dag.py
[2024-03-04T17:36:06.400+0000] {logging_mixin.py:188} INFO - [2024-03-04T17:36:06.400+0000] {dag.py:3047} INFO - Sync 1 DAGs
[2024-03-04T17:36:06.433+0000] {logging_mixin.py:188} INFO - [2024-03-04T17:36:06.433+0000] {dag.py:3834} INFO - Setting next_dagrun for example_sla_dag to 2024-03-04 17:34:00+00:00, run_after=2024-03-04 17:36:00+00:00
[2024-03-04T17:36:06.452+0000] {processor.py:183} INFO - Processing /home/airflow/.local/lib/python3.11/site-packages/airflow/example_dags/example_sla_dag.py took 0.089 seconds
[2024-03-04T17:36:36.851+0000] {processor.py:161} INFO - Started process (PID=1221) to work on /home/airflow/.local/lib/python3.11/site-packages/airflow/example_dags/example_sla_dag.py
[2024-03-04T17:36:36.853+0000] {processor.py:830} INFO - Processing file /home/airflow/.local/lib/python3.11/site-packages/airflow/example_dags/example_sla_dag.py for tasks to queue
[2024-03-04T17:36:36.855+0000] {logging_mixin.py:188} INFO - [2024-03-04T17:36:36.854+0000] {dagbag.py:540} INFO - Filling up the DagBag from /home/airflow/.local/lib/python3.11/site-packages/airflow/example_dags/example_sla_dag.py
[2024-03-04T17:36:36.868+0000] {processor.py:840} INFO - DAG(s) 'example_sla_dag' retrieved from /home/airflow/.local/lib/python3.11/site-packages/airflow/example_dags/example_sla_dag.py
[2024-03-04T17:36:36.890+0000] {logging_mixin.py:188} INFO - [2024-03-04T17:36:36.889+0000] {dag.py:3047} INFO - Sync 1 DAGs
[2024-03-04T17:36:36.922+0000] {logging_mixin.py:188} INFO - [2024-03-04T17:36:36.922+0000] {dag.py:3834} INFO - Setting next_dagrun for example_sla_dag to 2024-03-04 17:34:00+00:00, run_after=2024-03-04 17:36:00+00:00
[2024-03-04T17:36:36.941+0000] {processor.py:183} INFO - Processing /home/airflow/.local/lib/python3.11/site-packages/airflow/example_dags/example_sla_dag.py took 0.094 seconds
[2024-03-04T17:37:37.119+0000] {processor.py:161} INFO - Started process (PID=1474) to work on /home/airflow/.local/lib/python3.11/site-packages/airflow/example_dags/example_sla_dag.py
[2024-03-04T17:37:37.121+0000] {processor.py:830} INFO - Processing file /home/airflow/.local/lib/python3.11/site-packages/airflow/example_dags/example_sla_dag.py for tasks to queue
[2024-03-04T17:37:37.123+0000] {logging_mixin.py:188} INFO - [2024-03-04T17:37:37.122+0000] {dagbag.py:540} INFO - Filling up the DagBag from /home/airflow/.local/lib/python3.11/site-packages/airflow/example_dags/example_sla_dag.py
[2024-03-04T17:37:37.138+0000] {processor.py:840} INFO - DAG(s) 'example_sla_dag' retrieved from /home/airflow/.local/lib/python3.11/site-packages/airflow/example_dags/example_sla_dag.py
[2024-03-04T17:37:37.165+0000] {logging_mixin.py:188} INFO - [2024-03-04T17:37:37.164+0000] {dag.py:3047} INFO - Sync 1 DAGs
[2024-03-04T17:37:37.212+0000] {logging_mixin.py:188} INFO - [2024-03-04T17:37:37.212+0000] {dag.py:3834} INFO - Setting next_dagrun for example_sla_dag to 2024-03-04 17:34:00+00:00, run_after=2024-03-04 17:36:00+00:00
[2024-03-04T17:37:37.244+0000] {processor.py:183} INFO - Processing /home/airflow/.local/lib/python3.11/site-packages/airflow/example_dags/example_sla_dag.py took 0.130 seconds
[2024-03-04T17:38:08.165+0000] {processor.py:161} INFO - Started process (PID=1721) to work on /home/airflow/.local/lib/python3.11/site-packages/airflow/example_dags/example_sla_dag.py
[2024-03-04T17:38:08.166+0000] {processor.py:830} INFO - Processing file /home/airflow/.local/lib/python3.11/site-packages/airflow/example_dags/example_sla_dag.py for tasks to queue
[2024-03-04T17:38:08.169+0000] {logging_mixin.py:188} INFO - [2024-03-04T17:38:08.168+0000] {dagbag.py:540} INFO - Filling up the DagBag from /home/airflow/.local/lib/python3.11/site-packages/airflow/example_dags/example_sla_dag.py
[2024-03-04T17:38:08.181+0000] {processor.py:840} INFO - DAG(s) 'example_sla_dag' retrieved from /home/airflow/.local/lib/python3.11/site-packages/airflow/example_dags/example_sla_dag.py
[2024-03-04T17:38:08.206+0000] {logging_mixin.py:188} INFO - [2024-03-04T17:38:08.206+0000] {dag.py:3047} INFO - Sync 1 DAGs
[2024-03-04T17:38:08.235+0000] {logging_mixin.py:188} INFO - [2024-03-04T17:38:08.234+0000] {dag.py:3834} INFO - Setting next_dagrun for example_sla_dag to 2024-03-04 17:36:00+00:00, run_after=2024-03-04 17:38:00+00:00
[2024-03-04T17:38:08.253+0000] {processor.py:183} INFO - Processing /home/airflow/.local/lib/python3.11/site-packages/airflow/example_dags/example_sla_dag.py took 0.093 seconds
[2024-03-04T17:38:38.322+0000] {processor.py:161} INFO - Started process (PID=1968) to work on /home/airflow/.local/lib/python3.11/site-packages/airflow/example_dags/example_sla_dag.py
[2024-03-04T17:38:38.324+0000] {processor.py:830} INFO - Processing file /home/airflow/.local/lib/python3.11/site-packages/airflow/example_dags/example_sla_dag.py for tasks to queue
[2024-03-04T17:38:38.327+0000] {logging_mixin.py:188} INFO - [2024-03-04T17:38:38.326+0000] {dagbag.py:540} INFO - Filling up the DagBag from /home/airflow/.local/lib/python3.11/site-packages/airflow/example_dags/example_sla_dag.py
[2024-03-04T17:38:38.336+0000] {processor.py:840} INFO - DAG(s) 'example_sla_dag' retrieved from /home/airflow/.local/lib/python3.11/site-packages/airflow/example_dags/example_sla_dag.py
[2024-03-04T17:38:38.358+0000] {logging_mixin.py:188} INFO - [2024-03-04T17:38:38.358+0000] {dag.py:3047} INFO - Sync 1 DAGs
[2024-03-04T17:38:38.383+0000] {logging_mixin.py:188} INFO - [2024-03-04T17:38:38.383+0000] {dag.py:3834} INFO - Setting next_dagrun for example_sla_dag to 2024-03-04 17:36:00+00:00, run_after=2024-03-04 17:38:00+00:00
[2024-03-04T17:38:38.401+0000] {processor.py:183} INFO - Processing /home/airflow/.local/lib/python3.11/site-packages/airflow/example_dags/example_sla_dag.py took 0.082 seconds
[2024-03-04T17:39:08.508+0000] {processor.py:161} INFO - Started process (PID=2215) to work on /home/airflow/.local/lib/python3.11/site-packages/airflow/example_dags/example_sla_dag.py
[2024-03-04T17:39:08.509+0000] {processor.py:830} INFO - Processing file /home/airflow/.local/lib/python3.11/site-packages/airflow/example_dags/example_sla_dag.py for tasks to queue
[2024-03-04T17:39:08.510+0000] {logging_mixin.py:188} INFO - [2024-03-04T17:39:08.510+0000] {dagbag.py:540} INFO - Filling up the DagBag from /home/airflow/.local/lib/python3.11/site-packages/airflow/example_dags/example_sla_dag.py
[2024-03-04T17:39:08.519+0000] {processor.py:840} INFO - DAG(s) 'example_sla_dag' retrieved from /home/airflow/.local/lib/python3.11/site-packages/airflow/example_dags/example_sla_dag.py
[2024-03-04T17:39:08.539+0000] {logging_mixin.py:188} INFO - [2024-03-04T17:39:08.538+0000] {dag.py:3047} INFO - Sync 1 DAGs
[2024-03-04T17:39:08.565+0000] {logging_mixin.py:188} INFO - [2024-03-04T17:39:08.565+0000] {dag.py:3834} INFO - Setting next_dagrun for example_sla_dag to 2024-03-04 17:36:00+00:00, run_after=2024-03-04 17:38:00+00:00
[2024-03-04T17:39:08.584+0000] {processor.py:183} INFO - Processing /home/airflow/.local/lib/python3.11/site-packages/airflow/example_dags/example_sla_dag.py took 0.079 seconds
[2024-03-04T17:39:39.400+0000] {processor.py:161} INFO - Started process (PID=2462) to work on /home/airflow/.local/lib/python3.11/site-packages/airflow/example_dags/example_sla_dag.py
[2024-03-04T17:39:39.401+0000] {processor.py:830} INFO - Processing file /home/airflow/.local/lib/python3.11/site-packages/airflow/example_dags/example_sla_dag.py for tasks to queue
[2024-03-04T17:39:39.403+0000] {logging_mixin.py:188} INFO - [2024-03-04T17:39:39.403+0000] {dagbag.py:540} INFO - Filling up the DagBag from /home/airflow/.local/lib/python3.11/site-packages/airflow/example_dags/example_sla_dag.py
[2024-03-04T17:39:39.413+0000] {processor.py:840} INFO - DAG(s) 'example_sla_dag' retrieved from /home/airflow/.local/lib/python3.11/site-packages/airflow/example_dags/example_sla_dag.py
[2024-03-04T17:39:39.433+0000] {logging_mixin.py:188} INFO - [2024-03-04T17:39:39.433+0000] {dag.py:3047} INFO - Sync 1 DAGs
[2024-03-04T17:39:39.458+0000] {logging_mixin.py:188} INFO - [2024-03-04T17:39:39.458+0000] {dag.py:3834} INFO - Setting next_dagrun for example_sla_dag to 2024-03-04 17:36:00+00:00, run_after=2024-03-04 17:38:00+00:00
[2024-03-04T17:39:39.476+0000] {processor.py:183} INFO - Processing /home/airflow/.local/lib/python3.11/site-packages/airflow/example_dags/example_sla_dag.py took 0.080 seconds
[2024-03-04T17:40:49.549+0000] {processor.py:161} INFO - Started process (PID=2715) to work on /home/airflow/.local/lib/python3.11/site-packages/airflow/example_dags/example_sla_dag.py
[2024-03-04T17:40:49.552+0000] {processor.py:830} INFO - Processing file /home/airflow/.local/lib/python3.11/site-packages/airflow/example_dags/example_sla_dag.py for tasks to queue
[2024-03-04T17:40:49.554+0000] {logging_mixin.py:188} INFO - [2024-03-04T17:40:49.553+0000] {dagbag.py:540} INFO - Filling up the DagBag from /home/airflow/.local/lib/python3.11/site-packages/airflow/example_dags/example_sla_dag.py
[2024-03-04T17:40:49.573+0000] {processor.py:840} INFO - DAG(s) 'example_sla_dag' retrieved from /home/airflow/.local/lib/python3.11/site-packages/airflow/example_dags/example_sla_dag.py
[2024-03-04T17:40:49.610+0000] {logging_mixin.py:188} INFO - [2024-03-04T17:40:49.610+0000] {dag.py:3047} INFO - Sync 1 DAGs
[2024-03-04T17:40:49.653+0000] {logging_mixin.py:188} INFO - [2024-03-04T17:40:49.653+0000] {dag.py:3834} INFO - Setting next_dagrun for example_sla_dag to 2024-03-04 17:38:00+00:00, run_after=2024-03-04 17:40:00+00:00
[2024-03-04T17:40:49.684+0000] {processor.py:183} INFO - Processing /home/airflow/.local/lib/python3.11/site-packages/airflow/example_dags/example_sla_dag.py took 0.140 seconds
[2024-03-04T17:41:20.474+0000] {processor.py:161} INFO - Started process (PID=2962) to work on /home/airflow/.local/lib/python3.11/site-packages/airflow/example_dags/example_sla_dag.py
[2024-03-04T17:41:20.475+0000] {processor.py:830} INFO - Processing file /home/airflow/.local/lib/python3.11/site-packages/airflow/example_dags/example_sla_dag.py for tasks to queue
[2024-03-04T17:41:20.479+0000] {logging_mixin.py:188} INFO - [2024-03-04T17:41:20.479+0000] {dagbag.py:540} INFO - Filling up the DagBag from /home/airflow/.local/lib/python3.11/site-packages/airflow/example_dags/example_sla_dag.py
[2024-03-04T17:41:20.494+0000] {processor.py:840} INFO - DAG(s) 'example_sla_dag' retrieved from /home/airflow/.local/lib/python3.11/site-packages/airflow/example_dags/example_sla_dag.py
[2024-03-04T17:41:20.528+0000] {logging_mixin.py:188} INFO - [2024-03-04T17:41:20.528+0000] {dag.py:3047} INFO - Sync 1 DAGs
[2024-03-04T17:41:20.586+0000] {logging_mixin.py:188} INFO - [2024-03-04T17:41:20.583+0000] {dag.py:3834} INFO - Setting next_dagrun for example_sla_dag to 2024-03-04 17:38:00+00:00, run_after=2024-03-04 17:40:00+00:00
[2024-03-04T17:41:20.657+0000] {processor.py:183} INFO - Processing /home/airflow/.local/lib/python3.11/site-packages/airflow/example_dags/example_sla_dag.py took 0.188 seconds
[2024-03-04T17:43:22.913+0000] {processor.py:161} INFO - Started process (PID=234) to work on /home/airflow/.local/lib/python3.11/site-packages/airflow/example_dags/example_sla_dag.py
[2024-03-04T17:43:22.914+0000] {processor.py:830} INFO - Processing file /home/airflow/.local/lib/python3.11/site-packages/airflow/example_dags/example_sla_dag.py for tasks to queue
[2024-03-04T17:43:22.917+0000] {logging_mixin.py:188} INFO - [2024-03-04T17:43:22.916+0000] {dagbag.py:540} INFO - Filling up the DagBag from /home/airflow/.local/lib/python3.11/site-packages/airflow/example_dags/example_sla_dag.py
[2024-03-04T17:43:22.932+0000] {processor.py:840} INFO - DAG(s) 'example_sla_dag' retrieved from /home/airflow/.local/lib/python3.11/site-packages/airflow/example_dags/example_sla_dag.py
[2024-03-04T17:43:22.954+0000] {logging_mixin.py:188} INFO - [2024-03-04T17:43:22.954+0000] {dag.py:3047} INFO - Sync 1 DAGs
[2024-03-04T17:43:23.002+0000] {logging_mixin.py:188} INFO - [2024-03-04T17:43:23.002+0000] {dag.py:3834} INFO - Setting next_dagrun for example_sla_dag to 2024-03-04 17:40:00+00:00, run_after=2024-03-04 17:42:00+00:00
[2024-03-04T17:43:23.029+0000] {processor.py:183} INFO - Processing /home/airflow/.local/lib/python3.11/site-packages/airflow/example_dags/example_sla_dag.py took 0.120 seconds
[2024-03-04T17:43:55.212+0000] {processor.py:161} INFO - Started process (PID=481) to work on /home/airflow/.local/lib/python3.11/site-packages/airflow/example_dags/example_sla_dag.py
[2024-03-04T17:43:55.213+0000] {processor.py:830} INFO - Processing file /home/airflow/.local/lib/python3.11/site-packages/airflow/example_dags/example_sla_dag.py for tasks to queue
[2024-03-04T17:43:55.215+0000] {logging_mixin.py:188} INFO - [2024-03-04T17:43:55.214+0000] {dagbag.py:540} INFO - Filling up the DagBag from /home/airflow/.local/lib/python3.11/site-packages/airflow/example_dags/example_sla_dag.py
[2024-03-04T17:43:55.227+0000] {processor.py:840} INFO - DAG(s) 'example_sla_dag' retrieved from /home/airflow/.local/lib/python3.11/site-packages/airflow/example_dags/example_sla_dag.py
[2024-03-04T17:43:55.335+0000] {logging_mixin.py:188} INFO - [2024-03-04T17:43:55.334+0000] {dag.py:3047} INFO - Sync 1 DAGs
[2024-03-04T17:43:55.358+0000] {logging_mixin.py:188} INFO - [2024-03-04T17:43:55.358+0000] {dag.py:3834} INFO - Setting next_dagrun for example_sla_dag to 2024-03-04 17:40:00+00:00, run_after=2024-03-04 17:42:00+00:00
[2024-03-04T17:43:55.375+0000] {processor.py:183} INFO - Processing /home/airflow/.local/lib/python3.11/site-packages/airflow/example_dags/example_sla_dag.py took 0.166 seconds
[2024-03-04T17:44:25.439+0000] {processor.py:161} INFO - Started process (PID=728) to work on /home/airflow/.local/lib/python3.11/site-packages/airflow/example_dags/example_sla_dag.py
[2024-03-04T17:44:25.441+0000] {processor.py:830} INFO - Processing file /home/airflow/.local/lib/python3.11/site-packages/airflow/example_dags/example_sla_dag.py for tasks to queue
[2024-03-04T17:44:25.443+0000] {logging_mixin.py:188} INFO - [2024-03-04T17:44:25.442+0000] {dagbag.py:540} INFO - Filling up the DagBag from /home/airflow/.local/lib/python3.11/site-packages/airflow/example_dags/example_sla_dag.py
[2024-03-04T17:44:25.456+0000] {processor.py:840} INFO - DAG(s) 'example_sla_dag' retrieved from /home/airflow/.local/lib/python3.11/site-packages/airflow/example_dags/example_sla_dag.py
[2024-03-04T17:44:25.485+0000] {logging_mixin.py:188} INFO - [2024-03-04T17:44:25.485+0000] {dag.py:3047} INFO - Sync 1 DAGs
[2024-03-04T17:44:25.508+0000] {logging_mixin.py:188} INFO - [2024-03-04T17:44:25.508+0000] {dag.py:3834} INFO - Setting next_dagrun for example_sla_dag to 2024-03-04 17:42:00+00:00, run_after=2024-03-04 17:44:00+00:00
[2024-03-04T17:44:25.524+0000] {processor.py:183} INFO - Processing /home/airflow/.local/lib/python3.11/site-packages/airflow/example_dags/example_sla_dag.py took 0.088 seconds
