[2024-03-04T17:34:31.900+0000] {processor.py:161} INFO - Started process (PID=162) to work on /home/airflow/.local/lib/python3.11/site-packages/airflow/example_dags/example_latest_only_with_trigger.py
[2024-03-04T17:34:31.905+0000] {processor.py:830} INFO - Processing file /home/airflow/.local/lib/python3.11/site-packages/airflow/example_dags/example_latest_only_with_trigger.py for tasks to queue
[2024-03-04T17:34:31.933+0000] {logging_mixin.py:188} INFO - [2024-03-04T17:34:31.926+0000] {dagbag.py:540} INFO - Filling up the DagBag from /home/airflow/.local/lib/python3.11/site-packages/airflow/example_dags/example_latest_only_with_trigger.py
[2024-03-04T17:34:31.988+0000] {processor.py:840} INFO - DAG(s) 'latest_only_with_trigger' retrieved from /home/airflow/.local/lib/python3.11/site-packages/airflow/example_dags/example_latest_only_with_trigger.py
[2024-03-04T17:34:32.113+0000] {logging_mixin.py:188} INFO - [2024-03-04T17:34:32.112+0000] {dag.py:3047} INFO - Sync 1 DAGs
[2024-03-04T17:34:32.255+0000] {logging_mixin.py:188} INFO - [2024-03-04T17:34:32.251+0000] {dag.py:3834} INFO - Setting next_dagrun for latest_only_with_trigger to 2024-03-04 12:00:00+00:00, run_after=2024-03-04 16:00:00+00:00
[2024-03-04T17:34:32.331+0000] {processor.py:183} INFO - Processing /home/airflow/.local/lib/python3.11/site-packages/airflow/example_dags/example_latest_only_with_trigger.py took 0.436 seconds
[2024-03-04T17:35:02.852+0000] {processor.py:161} INFO - Started process (PID=408) to work on /home/airflow/.local/lib/python3.11/site-packages/airflow/example_dags/example_latest_only_with_trigger.py
[2024-03-04T17:35:02.853+0000] {processor.py:830} INFO - Processing file /home/airflow/.local/lib/python3.11/site-packages/airflow/example_dags/example_latest_only_with_trigger.py for tasks to queue
[2024-03-04T17:35:02.856+0000] {logging_mixin.py:188} INFO - [2024-03-04T17:35:02.854+0000] {dagbag.py:540} INFO - Filling up the DagBag from /home/airflow/.local/lib/python3.11/site-packages/airflow/example_dags/example_latest_only_with_trigger.py
[2024-03-04T17:35:02.867+0000] {processor.py:840} INFO - DAG(s) 'latest_only_with_trigger' retrieved from /home/airflow/.local/lib/python3.11/site-packages/airflow/example_dags/example_latest_only_with_trigger.py
[2024-03-04T17:35:03.030+0000] {logging_mixin.py:188} INFO - [2024-03-04T17:35:03.030+0000] {dag.py:3047} INFO - Sync 1 DAGs
[2024-03-04T17:35:03.078+0000] {logging_mixin.py:188} INFO - [2024-03-04T17:35:03.078+0000] {dag.py:3834} INFO - Setting next_dagrun for latest_only_with_trigger to 2024-03-04 12:00:00+00:00, run_after=2024-03-04 16:00:00+00:00
[2024-03-04T17:35:03.146+0000] {processor.py:183} INFO - Processing /home/airflow/.local/lib/python3.11/site-packages/airflow/example_dags/example_latest_only_with_trigger.py took 0.296 seconds
[2024-03-04T17:35:33.922+0000] {processor.py:161} INFO - Started process (PID=654) to work on /home/airflow/.local/lib/python3.11/site-packages/airflow/example_dags/example_latest_only_with_trigger.py
[2024-03-04T17:35:33.927+0000] {processor.py:830} INFO - Processing file /home/airflow/.local/lib/python3.11/site-packages/airflow/example_dags/example_latest_only_with_trigger.py for tasks to queue
[2024-03-04T17:35:33.928+0000] {logging_mixin.py:188} INFO - [2024-03-04T17:35:33.928+0000] {dagbag.py:540} INFO - Filling up the DagBag from /home/airflow/.local/lib/python3.11/site-packages/airflow/example_dags/example_latest_only_with_trigger.py
[2024-03-04T17:35:33.936+0000] {processor.py:840} INFO - DAG(s) 'latest_only_with_trigger' retrieved from /home/airflow/.local/lib/python3.11/site-packages/airflow/example_dags/example_latest_only_with_trigger.py
[2024-03-04T17:35:33.977+0000] {logging_mixin.py:188} INFO - [2024-03-04T17:35:33.976+0000] {dag.py:3047} INFO - Sync 1 DAGs
[2024-03-04T17:35:34.049+0000] {logging_mixin.py:188} INFO - [2024-03-04T17:35:34.048+0000] {dag.py:3834} INFO - Setting next_dagrun for latest_only_with_trigger to 2024-03-04 12:00:00+00:00, run_after=2024-03-04 16:00:00+00:00
[2024-03-04T17:35:34.095+0000] {processor.py:183} INFO - Processing /home/airflow/.local/lib/python3.11/site-packages/airflow/example_dags/example_latest_only_with_trigger.py took 0.177 seconds
[2024-03-04T17:36:04.555+0000] {processor.py:161} INFO - Started process (PID=901) to work on /home/airflow/.local/lib/python3.11/site-packages/airflow/example_dags/example_latest_only_with_trigger.py
[2024-03-04T17:36:04.556+0000] {processor.py:830} INFO - Processing file /home/airflow/.local/lib/python3.11/site-packages/airflow/example_dags/example_latest_only_with_trigger.py for tasks to queue
[2024-03-04T17:36:04.558+0000] {logging_mixin.py:188} INFO - [2024-03-04T17:36:04.556+0000] {dagbag.py:540} INFO - Filling up the DagBag from /home/airflow/.local/lib/python3.11/site-packages/airflow/example_dags/example_latest_only_with_trigger.py
[2024-03-04T17:36:04.569+0000] {processor.py:840} INFO - DAG(s) 'latest_only_with_trigger' retrieved from /home/airflow/.local/lib/python3.11/site-packages/airflow/example_dags/example_latest_only_with_trigger.py
[2024-03-04T17:36:04.599+0000] {logging_mixin.py:188} INFO - [2024-03-04T17:36:04.599+0000] {dag.py:3047} INFO - Sync 1 DAGs
[2024-03-04T17:36:04.634+0000] {logging_mixin.py:188} INFO - [2024-03-04T17:36:04.633+0000] {dag.py:3834} INFO - Setting next_dagrun for latest_only_with_trigger to 2024-03-04 12:00:00+00:00, run_after=2024-03-04 16:00:00+00:00
[2024-03-04T17:36:04.655+0000] {processor.py:183} INFO - Processing /home/airflow/.local/lib/python3.11/site-packages/airflow/example_dags/example_latest_only_with_trigger.py took 0.105 seconds
[2024-03-04T17:36:35.528+0000] {processor.py:161} INFO - Started process (PID=1148) to work on /home/airflow/.local/lib/python3.11/site-packages/airflow/example_dags/example_latest_only_with_trigger.py
[2024-03-04T17:36:35.532+0000] {processor.py:830} INFO - Processing file /home/airflow/.local/lib/python3.11/site-packages/airflow/example_dags/example_latest_only_with_trigger.py for tasks to queue
[2024-03-04T17:36:35.539+0000] {logging_mixin.py:188} INFO - [2024-03-04T17:36:35.537+0000] {dagbag.py:540} INFO - Filling up the DagBag from /home/airflow/.local/lib/python3.11/site-packages/airflow/example_dags/example_latest_only_with_trigger.py
[2024-03-04T17:36:35.613+0000] {processor.py:840} INFO - DAG(s) 'latest_only_with_trigger' retrieved from /home/airflow/.local/lib/python3.11/site-packages/airflow/example_dags/example_latest_only_with_trigger.py
[2024-03-04T17:36:35.767+0000] {logging_mixin.py:188} INFO - [2024-03-04T17:36:35.766+0000] {dag.py:3047} INFO - Sync 1 DAGs
[2024-03-04T17:36:35.914+0000] {logging_mixin.py:188} INFO - [2024-03-04T17:36:35.913+0000] {dag.py:3834} INFO - Setting next_dagrun for latest_only_with_trigger to 2024-03-04 12:00:00+00:00, run_after=2024-03-04 16:00:00+00:00
[2024-03-04T17:36:35.953+0000] {processor.py:183} INFO - Processing /home/airflow/.local/lib/python3.11/site-packages/airflow/example_dags/example_latest_only_with_trigger.py took 0.451 seconds
[2024-03-04T17:37:10.725+0000] {processor.py:161} INFO - Started process (PID=1395) to work on /home/airflow/.local/lib/python3.11/site-packages/airflow/example_dags/example_latest_only_with_trigger.py
[2024-03-04T17:37:10.754+0000] {processor.py:830} INFO - Processing file /home/airflow/.local/lib/python3.11/site-packages/airflow/example_dags/example_latest_only_with_trigger.py for tasks to queue
[2024-03-04T17:37:10.771+0000] {logging_mixin.py:188} INFO - [2024-03-04T17:37:10.759+0000] {dagbag.py:540} INFO - Filling up the DagBag from /home/airflow/.local/lib/python3.11/site-packages/airflow/example_dags/example_latest_only_with_trigger.py
[2024-03-04T17:37:10.901+0000] {processor.py:840} INFO - DAG(s) 'latest_only_with_trigger' retrieved from /home/airflow/.local/lib/python3.11/site-packages/airflow/example_dags/example_latest_only_with_trigger.py
[2024-03-04T17:37:35.214+0000] {logging_mixin.py:188} INFO - [2024-03-04T17:37:35.211+0000] {dag.py:3047} INFO - Sync 1 DAGs
[2024-03-04T17:37:35.582+0000] {logging_mixin.py:188} INFO - [2024-03-04T17:37:35.581+0000] {dag.py:3834} INFO - Setting next_dagrun for latest_only_with_trigger to 2024-03-04 12:00:00+00:00, run_after=2024-03-04 16:00:00+00:00
[2024-03-04T17:37:35.672+0000] {processor.py:183} INFO - Processing /home/airflow/.local/lib/python3.11/site-packages/airflow/example_dags/example_latest_only_with_trigger.py took 25.063 seconds
[2024-03-04T17:38:06.178+0000] {processor.py:161} INFO - Started process (PID=1648) to work on /home/airflow/.local/lib/python3.11/site-packages/airflow/example_dags/example_latest_only_with_trigger.py
[2024-03-04T17:38:06.179+0000] {processor.py:830} INFO - Processing file /home/airflow/.local/lib/python3.11/site-packages/airflow/example_dags/example_latest_only_with_trigger.py for tasks to queue
[2024-03-04T17:38:06.182+0000] {logging_mixin.py:188} INFO - [2024-03-04T17:38:06.181+0000] {dagbag.py:540} INFO - Filling up the DagBag from /home/airflow/.local/lib/python3.11/site-packages/airflow/example_dags/example_latest_only_with_trigger.py
[2024-03-04T17:38:06.199+0000] {processor.py:840} INFO - DAG(s) 'latest_only_with_trigger' retrieved from /home/airflow/.local/lib/python3.11/site-packages/airflow/example_dags/example_latest_only_with_trigger.py
[2024-03-04T17:38:06.243+0000] {logging_mixin.py:188} INFO - [2024-03-04T17:38:06.243+0000] {dag.py:3047} INFO - Sync 1 DAGs
[2024-03-04T17:38:06.306+0000] {logging_mixin.py:188} INFO - [2024-03-04T17:38:06.305+0000] {dag.py:3834} INFO - Setting next_dagrun for latest_only_with_trigger to 2024-03-04 12:00:00+00:00, run_after=2024-03-04 16:00:00+00:00
[2024-03-04T17:38:06.331+0000] {processor.py:183} INFO - Processing /home/airflow/.local/lib/python3.11/site-packages/airflow/example_dags/example_latest_only_with_trigger.py took 0.160 seconds
[2024-03-04T17:38:36.451+0000] {processor.py:161} INFO - Started process (PID=1895) to work on /home/airflow/.local/lib/python3.11/site-packages/airflow/example_dags/example_latest_only_with_trigger.py
[2024-03-04T17:38:36.452+0000] {processor.py:830} INFO - Processing file /home/airflow/.local/lib/python3.11/site-packages/airflow/example_dags/example_latest_only_with_trigger.py for tasks to queue
[2024-03-04T17:38:36.455+0000] {logging_mixin.py:188} INFO - [2024-03-04T17:38:36.453+0000] {dagbag.py:540} INFO - Filling up the DagBag from /home/airflow/.local/lib/python3.11/site-packages/airflow/example_dags/example_latest_only_with_trigger.py
[2024-03-04T17:38:36.473+0000] {processor.py:840} INFO - DAG(s) 'latest_only_with_trigger' retrieved from /home/airflow/.local/lib/python3.11/site-packages/airflow/example_dags/example_latest_only_with_trigger.py
[2024-03-04T17:38:36.500+0000] {logging_mixin.py:188} INFO - [2024-03-04T17:38:36.500+0000] {dag.py:3047} INFO - Sync 1 DAGs
[2024-03-04T17:38:36.522+0000] {logging_mixin.py:188} INFO - [2024-03-04T17:38:36.522+0000] {dag.py:3834} INFO - Setting next_dagrun for latest_only_with_trigger to 2024-03-04 12:00:00+00:00, run_after=2024-03-04 16:00:00+00:00
[2024-03-04T17:38:36.542+0000] {processor.py:183} INFO - Processing /home/airflow/.local/lib/python3.11/site-packages/airflow/example_dags/example_latest_only_with_trigger.py took 0.104 seconds
[2024-03-04T17:39:06.683+0000] {processor.py:161} INFO - Started process (PID=2142) to work on /home/airflow/.local/lib/python3.11/site-packages/airflow/example_dags/example_latest_only_with_trigger.py
[2024-03-04T17:39:06.687+0000] {processor.py:830} INFO - Processing file /home/airflow/.local/lib/python3.11/site-packages/airflow/example_dags/example_latest_only_with_trigger.py for tasks to queue
[2024-03-04T17:39:06.688+0000] {logging_mixin.py:188} INFO - [2024-03-04T17:39:06.687+0000] {dagbag.py:540} INFO - Filling up the DagBag from /home/airflow/.local/lib/python3.11/site-packages/airflow/example_dags/example_latest_only_with_trigger.py
[2024-03-04T17:39:06.702+0000] {processor.py:840} INFO - DAG(s) 'latest_only_with_trigger' retrieved from /home/airflow/.local/lib/python3.11/site-packages/airflow/example_dags/example_latest_only_with_trigger.py
[2024-03-04T17:39:06.722+0000] {logging_mixin.py:188} INFO - [2024-03-04T17:39:06.722+0000] {dag.py:3047} INFO - Sync 1 DAGs
[2024-03-04T17:39:06.747+0000] {logging_mixin.py:188} INFO - [2024-03-04T17:39:06.747+0000] {dag.py:3834} INFO - Setting next_dagrun for latest_only_with_trigger to 2024-03-04 12:00:00+00:00, run_after=2024-03-04 16:00:00+00:00
[2024-03-04T17:39:06.768+0000] {processor.py:183} INFO - Processing /home/airflow/.local/lib/python3.11/site-packages/airflow/example_dags/example_latest_only_with_trigger.py took 0.090 seconds
[2024-03-04T17:39:37.613+0000] {processor.py:161} INFO - Started process (PID=2389) to work on /home/airflow/.local/lib/python3.11/site-packages/airflow/example_dags/example_latest_only_with_trigger.py
[2024-03-04T17:39:37.614+0000] {processor.py:830} INFO - Processing file /home/airflow/.local/lib/python3.11/site-packages/airflow/example_dags/example_latest_only_with_trigger.py for tasks to queue
[2024-03-04T17:39:37.616+0000] {logging_mixin.py:188} INFO - [2024-03-04T17:39:37.615+0000] {dagbag.py:540} INFO - Filling up the DagBag from /home/airflow/.local/lib/python3.11/site-packages/airflow/example_dags/example_latest_only_with_trigger.py
[2024-03-04T17:39:37.624+0000] {processor.py:840} INFO - DAG(s) 'latest_only_with_trigger' retrieved from /home/airflow/.local/lib/python3.11/site-packages/airflow/example_dags/example_latest_only_with_trigger.py
[2024-03-04T17:39:37.648+0000] {logging_mixin.py:188} INFO - [2024-03-04T17:39:37.647+0000] {dag.py:3047} INFO - Sync 1 DAGs
[2024-03-04T17:39:37.668+0000] {logging_mixin.py:188} INFO - [2024-03-04T17:39:37.668+0000] {dag.py:3834} INFO - Setting next_dagrun for latest_only_with_trigger to 2024-03-04 12:00:00+00:00, run_after=2024-03-04 16:00:00+00:00
[2024-03-04T17:39:37.687+0000] {processor.py:183} INFO - Processing /home/airflow/.local/lib/python3.11/site-packages/airflow/example_dags/example_latest_only_with_trigger.py took 0.078 seconds
[2024-03-04T17:40:07.891+0000] {processor.py:161} INFO - Started process (PID=2636) to work on /home/airflow/.local/lib/python3.11/site-packages/airflow/example_dags/example_latest_only_with_trigger.py
[2024-03-04T17:40:07.900+0000] {processor.py:830} INFO - Processing file /home/airflow/.local/lib/python3.11/site-packages/airflow/example_dags/example_latest_only_with_trigger.py for tasks to queue
[2024-03-04T17:40:07.928+0000] {logging_mixin.py:188} INFO - [2024-03-04T17:40:07.909+0000] {dagbag.py:540} INFO - Filling up the DagBag from /home/airflow/.local/lib/python3.11/site-packages/airflow/example_dags/example_latest_only_with_trigger.py
[2024-03-04T17:40:08.066+0000] {processor.py:840} INFO - DAG(s) 'latest_only_with_trigger' retrieved from /home/airflow/.local/lib/python3.11/site-packages/airflow/example_dags/example_latest_only_with_trigger.py
[2024-03-04T17:40:08.640+0000] {logging_mixin.py:188} INFO - [2024-03-04T17:40:08.634+0000] {dag.py:3047} INFO - Sync 1 DAGs
[2024-03-04T17:40:46.879+0000] {logging_mixin.py:188} INFO - [2024-03-04T17:40:46.877+0000] {dag.py:3834} INFO - Setting next_dagrun for latest_only_with_trigger to 2024-03-04 12:00:00+00:00, run_after=2024-03-04 16:00:00+00:00
[2024-03-04T17:40:47.063+0000] {processor.py:183} INFO - Processing /home/airflow/.local/lib/python3.11/site-packages/airflow/example_dags/example_latest_only_with_trigger.py took 41.378 seconds
[2024-03-04T17:41:17.536+0000] {processor.py:161} INFO - Started process (PID=2883) to work on /home/airflow/.local/lib/python3.11/site-packages/airflow/example_dags/example_latest_only_with_trigger.py
[2024-03-04T17:41:17.538+0000] {processor.py:830} INFO - Processing file /home/airflow/.local/lib/python3.11/site-packages/airflow/example_dags/example_latest_only_with_trigger.py for tasks to queue
[2024-03-04T17:41:17.545+0000] {logging_mixin.py:188} INFO - [2024-03-04T17:41:17.540+0000] {dagbag.py:540} INFO - Filling up the DagBag from /home/airflow/.local/lib/python3.11/site-packages/airflow/example_dags/example_latest_only_with_trigger.py
[2024-03-04T17:41:17.559+0000] {processor.py:840} INFO - DAG(s) 'latest_only_with_trigger' retrieved from /home/airflow/.local/lib/python3.11/site-packages/airflow/example_dags/example_latest_only_with_trigger.py
[2024-03-04T17:41:17.596+0000] {logging_mixin.py:188} INFO - [2024-03-04T17:41:17.595+0000] {dag.py:3047} INFO - Sync 1 DAGs
[2024-03-04T17:41:17.637+0000] {logging_mixin.py:188} INFO - [2024-03-04T17:41:17.637+0000] {dag.py:3834} INFO - Setting next_dagrun for latest_only_with_trigger to 2024-03-04 12:00:00+00:00, run_after=2024-03-04 16:00:00+00:00
[2024-03-04T17:41:17.664+0000] {processor.py:183} INFO - Processing /home/airflow/.local/lib/python3.11/site-packages/airflow/example_dags/example_latest_only_with_trigger.py took 0.150 seconds
[2024-03-04T17:43:21.767+0000] {processor.py:161} INFO - Started process (PID=161) to work on /home/airflow/.local/lib/python3.11/site-packages/airflow/example_dags/example_latest_only_with_trigger.py
[2024-03-04T17:43:21.770+0000] {processor.py:830} INFO - Processing file /home/airflow/.local/lib/python3.11/site-packages/airflow/example_dags/example_latest_only_with_trigger.py for tasks to queue
[2024-03-04T17:43:21.775+0000] {logging_mixin.py:188} INFO - [2024-03-04T17:43:21.775+0000] {dagbag.py:540} INFO - Filling up the DagBag from /home/airflow/.local/lib/python3.11/site-packages/airflow/example_dags/example_latest_only_with_trigger.py
[2024-03-04T17:43:21.791+0000] {processor.py:840} INFO - DAG(s) 'latest_only_with_trigger' retrieved from /home/airflow/.local/lib/python3.11/site-packages/airflow/example_dags/example_latest_only_with_trigger.py
[2024-03-04T17:43:21.870+0000] {logging_mixin.py:188} INFO - [2024-03-04T17:43:21.870+0000] {dag.py:3047} INFO - Sync 1 DAGs
[2024-03-04T17:43:21.906+0000] {logging_mixin.py:188} INFO - [2024-03-04T17:43:21.905+0000] {dag.py:3834} INFO - Setting next_dagrun for latest_only_with_trigger to 2024-03-04 12:00:00+00:00, run_after=2024-03-04 16:00:00+00:00
[2024-03-04T17:43:21.933+0000] {processor.py:183} INFO - Processing /home/airflow/.local/lib/python3.11/site-packages/airflow/example_dags/example_latest_only_with_trigger.py took 0.173 seconds
[2024-03-04T17:43:52.514+0000] {processor.py:161} INFO - Started process (PID=408) to work on /home/airflow/.local/lib/python3.11/site-packages/airflow/example_dags/example_latest_only_with_trigger.py
[2024-03-04T17:43:52.515+0000] {processor.py:830} INFO - Processing file /home/airflow/.local/lib/python3.11/site-packages/airflow/example_dags/example_latest_only_with_trigger.py for tasks to queue
[2024-03-04T17:43:52.521+0000] {logging_mixin.py:188} INFO - [2024-03-04T17:43:52.517+0000] {dagbag.py:540} INFO - Filling up the DagBag from /home/airflow/.local/lib/python3.11/site-packages/airflow/example_dags/example_latest_only_with_trigger.py
[2024-03-04T17:43:52.527+0000] {processor.py:840} INFO - DAG(s) 'latest_only_with_trigger' retrieved from /home/airflow/.local/lib/python3.11/site-packages/airflow/example_dags/example_latest_only_with_trigger.py
[2024-03-04T17:43:52.699+0000] {logging_mixin.py:188} INFO - [2024-03-04T17:43:52.698+0000] {dag.py:3047} INFO - Sync 1 DAGs
[2024-03-04T17:43:52.720+0000] {logging_mixin.py:188} INFO - [2024-03-04T17:43:52.720+0000] {dag.py:3834} INFO - Setting next_dagrun for latest_only_with_trigger to 2024-03-04 12:00:00+00:00, run_after=2024-03-04 16:00:00+00:00
[2024-03-04T17:43:52.797+0000] {processor.py:183} INFO - Processing /home/airflow/.local/lib/python3.11/site-packages/airflow/example_dags/example_latest_only_with_trigger.py took 0.711 seconds
[2024-03-04T17:44:23.448+0000] {processor.py:161} INFO - Started process (PID=655) to work on /home/airflow/.local/lib/python3.11/site-packages/airflow/example_dags/example_latest_only_with_trigger.py
[2024-03-04T17:44:23.449+0000] {processor.py:830} INFO - Processing file /home/airflow/.local/lib/python3.11/site-packages/airflow/example_dags/example_latest_only_with_trigger.py for tasks to queue
[2024-03-04T17:44:23.451+0000] {logging_mixin.py:188} INFO - [2024-03-04T17:44:23.451+0000] {dagbag.py:540} INFO - Filling up the DagBag from /home/airflow/.local/lib/python3.11/site-packages/airflow/example_dags/example_latest_only_with_trigger.py
[2024-03-04T17:44:23.460+0000] {processor.py:840} INFO - DAG(s) 'latest_only_with_trigger' retrieved from /home/airflow/.local/lib/python3.11/site-packages/airflow/example_dags/example_latest_only_with_trigger.py
[2024-03-04T17:44:23.484+0000] {logging_mixin.py:188} INFO - [2024-03-04T17:44:23.484+0000] {dag.py:3047} INFO - Sync 1 DAGs
[2024-03-04T17:44:23.508+0000] {logging_mixin.py:188} INFO - [2024-03-04T17:44:23.508+0000] {dag.py:3834} INFO - Setting next_dagrun for latest_only_with_trigger to 2024-03-04 12:00:00+00:00, run_after=2024-03-04 16:00:00+00:00
[2024-03-04T17:44:23.530+0000] {processor.py:183} INFO - Processing /home/airflow/.local/lib/python3.11/site-packages/airflow/example_dags/example_latest_only_with_trigger.py took 0.086 seconds
