[2024-03-04T17:34:35.139+0000] {processor.py:161} INFO - Started process (PID=240) to work on /home/airflow/.local/lib/python3.11/site-packages/airflow/example_dags/example_time_delta_sensor_async.py
[2024-03-04T17:34:35.141+0000] {processor.py:830} INFO - Processing file /home/airflow/.local/lib/python3.11/site-packages/airflow/example_dags/example_time_delta_sensor_async.py for tasks to queue
[2024-03-04T17:34:35.143+0000] {logging_mixin.py:188} INFO - [2024-03-04T17:34:35.142+0000] {dagbag.py:540} INFO - Filling up the DagBag from /home/airflow/.local/lib/python3.11/site-packages/airflow/example_dags/example_time_delta_sensor_async.py
[2024-03-04T17:34:35.154+0000] {processor.py:840} INFO - DAG(s) 'example_time_delta_sensor_async' retrieved from /home/airflow/.local/lib/python3.11/site-packages/airflow/example_dags/example_time_delta_sensor_async.py
[2024-03-04T17:34:35.172+0000] {logging_mixin.py:188} INFO - [2024-03-04T17:34:35.172+0000] {dag.py:3047} INFO - Sync 1 DAGs
[2024-03-04T17:34:35.195+0000] {logging_mixin.py:188} INFO - [2024-03-04T17:34:35.194+0000] {dag.py:3834} INFO - Setting next_dagrun for example_time_delta_sensor_async to None, run_after=None
[2024-03-04T17:34:35.235+0000] {processor.py:183} INFO - Processing /home/airflow/.local/lib/python3.11/site-packages/airflow/example_dags/example_time_delta_sensor_async.py took 0.101 seconds
[2024-03-04T17:35:05.669+0000] {processor.py:161} INFO - Started process (PID=486) to work on /home/airflow/.local/lib/python3.11/site-packages/airflow/example_dags/example_time_delta_sensor_async.py
[2024-03-04T17:35:05.670+0000] {processor.py:830} INFO - Processing file /home/airflow/.local/lib/python3.11/site-packages/airflow/example_dags/example_time_delta_sensor_async.py for tasks to queue
[2024-03-04T17:35:05.671+0000] {logging_mixin.py:188} INFO - [2024-03-04T17:35:05.671+0000] {dagbag.py:540} INFO - Filling up the DagBag from /home/airflow/.local/lib/python3.11/site-packages/airflow/example_dags/example_time_delta_sensor_async.py
[2024-03-04T17:35:05.676+0000] {processor.py:840} INFO - DAG(s) 'example_time_delta_sensor_async' retrieved from /home/airflow/.local/lib/python3.11/site-packages/airflow/example_dags/example_time_delta_sensor_async.py
[2024-03-04T17:35:05.772+0000] {logging_mixin.py:188} INFO - [2024-03-04T17:35:05.771+0000] {dag.py:3047} INFO - Sync 1 DAGs
[2024-03-04T17:35:05.780+0000] {logging_mixin.py:188} INFO - [2024-03-04T17:35:05.780+0000] {dag.py:3834} INFO - Setting next_dagrun for example_time_delta_sensor_async to None, run_after=None
[2024-03-04T17:35:05.794+0000] {processor.py:183} INFO - Processing /home/airflow/.local/lib/python3.11/site-packages/airflow/example_dags/example_time_delta_sensor_async.py took 0.128 seconds
[2024-03-04T17:35:36.140+0000] {processor.py:161} INFO - Started process (PID=732) to work on /home/airflow/.local/lib/python3.11/site-packages/airflow/example_dags/example_time_delta_sensor_async.py
[2024-03-04T17:35:36.143+0000] {processor.py:830} INFO - Processing file /home/airflow/.local/lib/python3.11/site-packages/airflow/example_dags/example_time_delta_sensor_async.py for tasks to queue
[2024-03-04T17:35:36.146+0000] {logging_mixin.py:188} INFO - [2024-03-04T17:35:36.146+0000] {dagbag.py:540} INFO - Filling up the DagBag from /home/airflow/.local/lib/python3.11/site-packages/airflow/example_dags/example_time_delta_sensor_async.py
[2024-03-04T17:35:36.155+0000] {processor.py:840} INFO - DAG(s) 'example_time_delta_sensor_async' retrieved from /home/airflow/.local/lib/python3.11/site-packages/airflow/example_dags/example_time_delta_sensor_async.py
[2024-03-04T17:35:36.188+0000] {logging_mixin.py:188} INFO - [2024-03-04T17:35:36.188+0000] {dag.py:3047} INFO - Sync 1 DAGs
[2024-03-04T17:35:36.210+0000] {logging_mixin.py:188} INFO - [2024-03-04T17:35:36.210+0000] {dag.py:3834} INFO - Setting next_dagrun for example_time_delta_sensor_async to None, run_after=None
[2024-03-04T17:35:36.237+0000] {processor.py:183} INFO - Processing /home/airflow/.local/lib/python3.11/site-packages/airflow/example_dags/example_time_delta_sensor_async.py took 0.104 seconds
[2024-03-04T17:36:06.470+0000] {processor.py:161} INFO - Started process (PID=981) to work on /home/airflow/.local/lib/python3.11/site-packages/airflow/example_dags/example_time_delta_sensor_async.py
[2024-03-04T17:36:06.471+0000] {processor.py:830} INFO - Processing file /home/airflow/.local/lib/python3.11/site-packages/airflow/example_dags/example_time_delta_sensor_async.py for tasks to queue
[2024-03-04T17:36:06.472+0000] {logging_mixin.py:188} INFO - [2024-03-04T17:36:06.472+0000] {dagbag.py:540} INFO - Filling up the DagBag from /home/airflow/.local/lib/python3.11/site-packages/airflow/example_dags/example_time_delta_sensor_async.py
[2024-03-04T17:36:06.477+0000] {processor.py:840} INFO - DAG(s) 'example_time_delta_sensor_async' retrieved from /home/airflow/.local/lib/python3.11/site-packages/airflow/example_dags/example_time_delta_sensor_async.py
[2024-03-04T17:36:06.497+0000] {logging_mixin.py:188} INFO - [2024-03-04T17:36:06.497+0000] {dag.py:3047} INFO - Sync 1 DAGs
[2024-03-04T17:36:06.510+0000] {logging_mixin.py:188} INFO - [2024-03-04T17:36:06.510+0000] {dag.py:3834} INFO - Setting next_dagrun for example_time_delta_sensor_async to None, run_after=None
[2024-03-04T17:36:06.527+0000] {processor.py:183} INFO - Processing /home/airflow/.local/lib/python3.11/site-packages/airflow/example_dags/example_time_delta_sensor_async.py took 0.060 seconds
[2024-03-04T17:36:36.965+0000] {processor.py:161} INFO - Started process (PID=1226) to work on /home/airflow/.local/lib/python3.11/site-packages/airflow/example_dags/example_time_delta_sensor_async.py
[2024-03-04T17:36:36.966+0000] {processor.py:830} INFO - Processing file /home/airflow/.local/lib/python3.11/site-packages/airflow/example_dags/example_time_delta_sensor_async.py for tasks to queue
[2024-03-04T17:36:36.969+0000] {logging_mixin.py:188} INFO - [2024-03-04T17:36:36.969+0000] {dagbag.py:540} INFO - Filling up the DagBag from /home/airflow/.local/lib/python3.11/site-packages/airflow/example_dags/example_time_delta_sensor_async.py
[2024-03-04T17:36:36.977+0000] {processor.py:840} INFO - DAG(s) 'example_time_delta_sensor_async' retrieved from /home/airflow/.local/lib/python3.11/site-packages/airflow/example_dags/example_time_delta_sensor_async.py
[2024-03-04T17:36:37.009+0000] {logging_mixin.py:188} INFO - [2024-03-04T17:36:37.009+0000] {dag.py:3047} INFO - Sync 1 DAGs
[2024-03-04T17:36:37.026+0000] {logging_mixin.py:188} INFO - [2024-03-04T17:36:37.025+0000] {dag.py:3834} INFO - Setting next_dagrun for example_time_delta_sensor_async to None, run_after=None
[2024-03-04T17:36:37.053+0000] {processor.py:183} INFO - Processing /home/airflow/.local/lib/python3.11/site-packages/airflow/example_dags/example_time_delta_sensor_async.py took 0.092 seconds
[2024-03-04T17:37:37.257+0000] {processor.py:161} INFO - Started process (PID=1479) to work on /home/airflow/.local/lib/python3.11/site-packages/airflow/example_dags/example_time_delta_sensor_async.py
[2024-03-04T17:37:37.259+0000] {processor.py:830} INFO - Processing file /home/airflow/.local/lib/python3.11/site-packages/airflow/example_dags/example_time_delta_sensor_async.py for tasks to queue
[2024-03-04T17:37:37.262+0000] {logging_mixin.py:188} INFO - [2024-03-04T17:37:37.261+0000] {dagbag.py:540} INFO - Filling up the DagBag from /home/airflow/.local/lib/python3.11/site-packages/airflow/example_dags/example_time_delta_sensor_async.py
[2024-03-04T17:37:37.272+0000] {processor.py:840} INFO - DAG(s) 'example_time_delta_sensor_async' retrieved from /home/airflow/.local/lib/python3.11/site-packages/airflow/example_dags/example_time_delta_sensor_async.py
[2024-03-04T17:37:37.306+0000] {logging_mixin.py:188} INFO - [2024-03-04T17:37:37.306+0000] {dag.py:3047} INFO - Sync 1 DAGs
[2024-03-04T17:37:37.330+0000] {logging_mixin.py:188} INFO - [2024-03-04T17:37:37.330+0000] {dag.py:3834} INFO - Setting next_dagrun for example_time_delta_sensor_async to None, run_after=None
[2024-03-04T17:37:37.357+0000] {processor.py:183} INFO - Processing /home/airflow/.local/lib/python3.11/site-packages/airflow/example_dags/example_time_delta_sensor_async.py took 0.106 seconds
[2024-03-04T17:38:08.248+0000] {processor.py:161} INFO - Started process (PID=1726) to work on /home/airflow/.local/lib/python3.11/site-packages/airflow/example_dags/example_time_delta_sensor_async.py
[2024-03-04T17:38:08.249+0000] {processor.py:830} INFO - Processing file /home/airflow/.local/lib/python3.11/site-packages/airflow/example_dags/example_time_delta_sensor_async.py for tasks to queue
[2024-03-04T17:38:08.251+0000] {logging_mixin.py:188} INFO - [2024-03-04T17:38:08.250+0000] {dagbag.py:540} INFO - Filling up the DagBag from /home/airflow/.local/lib/python3.11/site-packages/airflow/example_dags/example_time_delta_sensor_async.py
[2024-03-04T17:38:08.258+0000] {processor.py:840} INFO - DAG(s) 'example_time_delta_sensor_async' retrieved from /home/airflow/.local/lib/python3.11/site-packages/airflow/example_dags/example_time_delta_sensor_async.py
[2024-03-04T17:38:08.285+0000] {logging_mixin.py:188} INFO - [2024-03-04T17:38:08.285+0000] {dag.py:3047} INFO - Sync 1 DAGs
[2024-03-04T17:38:08.299+0000] {logging_mixin.py:188} INFO - [2024-03-04T17:38:08.298+0000] {dag.py:3834} INFO - Setting next_dagrun for example_time_delta_sensor_async to None, run_after=None
[2024-03-04T17:38:08.318+0000] {processor.py:183} INFO - Processing /home/airflow/.local/lib/python3.11/site-packages/airflow/example_dags/example_time_delta_sensor_async.py took 0.074 seconds
[2024-03-04T17:38:38.414+0000] {processor.py:161} INFO - Started process (PID=1974) to work on /home/airflow/.local/lib/python3.11/site-packages/airflow/example_dags/example_time_delta_sensor_async.py
[2024-03-04T17:38:38.414+0000] {processor.py:830} INFO - Processing file /home/airflow/.local/lib/python3.11/site-packages/airflow/example_dags/example_time_delta_sensor_async.py for tasks to queue
[2024-03-04T17:38:38.416+0000] {logging_mixin.py:188} INFO - [2024-03-04T17:38:38.415+0000] {dagbag.py:540} INFO - Filling up the DagBag from /home/airflow/.local/lib/python3.11/site-packages/airflow/example_dags/example_time_delta_sensor_async.py
[2024-03-04T17:38:38.421+0000] {processor.py:840} INFO - DAG(s) 'example_time_delta_sensor_async' retrieved from /home/airflow/.local/lib/python3.11/site-packages/airflow/example_dags/example_time_delta_sensor_async.py
[2024-03-04T17:38:38.438+0000] {logging_mixin.py:188} INFO - [2024-03-04T17:38:38.438+0000] {dag.py:3047} INFO - Sync 1 DAGs
[2024-03-04T17:38:38.450+0000] {logging_mixin.py:188} INFO - [2024-03-04T17:38:38.450+0000] {dag.py:3834} INFO - Setting next_dagrun for example_time_delta_sensor_async to None, run_after=None
[2024-03-04T17:38:38.464+0000] {processor.py:183} INFO - Processing /home/airflow/.local/lib/python3.11/site-packages/airflow/example_dags/example_time_delta_sensor_async.py took 0.053 seconds
[2024-03-04T17:39:08.611+0000] {processor.py:161} INFO - Started process (PID=2220) to work on /home/airflow/.local/lib/python3.11/site-packages/airflow/example_dags/example_time_delta_sensor_async.py
[2024-03-04T17:39:08.612+0000] {processor.py:830} INFO - Processing file /home/airflow/.local/lib/python3.11/site-packages/airflow/example_dags/example_time_delta_sensor_async.py for tasks to queue
[2024-03-04T17:39:08.613+0000] {logging_mixin.py:188} INFO - [2024-03-04T17:39:08.613+0000] {dagbag.py:540} INFO - Filling up the DagBag from /home/airflow/.local/lib/python3.11/site-packages/airflow/example_dags/example_time_delta_sensor_async.py
[2024-03-04T17:39:08.620+0000] {processor.py:840} INFO - DAG(s) 'example_time_delta_sensor_async' retrieved from /home/airflow/.local/lib/python3.11/site-packages/airflow/example_dags/example_time_delta_sensor_async.py
[2024-03-04T17:39:08.646+0000] {logging_mixin.py:188} INFO - [2024-03-04T17:39:08.646+0000] {dag.py:3047} INFO - Sync 1 DAGs
[2024-03-04T17:39:08.666+0000] {logging_mixin.py:188} INFO - [2024-03-04T17:39:08.666+0000] {dag.py:3834} INFO - Setting next_dagrun for example_time_delta_sensor_async to None, run_after=None
[2024-03-04T17:39:08.686+0000] {processor.py:183} INFO - Processing /home/airflow/.local/lib/python3.11/site-packages/airflow/example_dags/example_time_delta_sensor_async.py took 0.079 seconds
[2024-03-04T17:39:39.457+0000] {processor.py:161} INFO - Started process (PID=2467) to work on /home/airflow/.local/lib/python3.11/site-packages/airflow/example_dags/example_time_delta_sensor_async.py
[2024-03-04T17:39:39.458+0000] {processor.py:830} INFO - Processing file /home/airflow/.local/lib/python3.11/site-packages/airflow/example_dags/example_time_delta_sensor_async.py for tasks to queue
[2024-03-04T17:39:39.460+0000] {logging_mixin.py:188} INFO - [2024-03-04T17:39:39.459+0000] {dagbag.py:540} INFO - Filling up the DagBag from /home/airflow/.local/lib/python3.11/site-packages/airflow/example_dags/example_time_delta_sensor_async.py
[2024-03-04T17:39:39.466+0000] {processor.py:840} INFO - DAG(s) 'example_time_delta_sensor_async' retrieved from /home/airflow/.local/lib/python3.11/site-packages/airflow/example_dags/example_time_delta_sensor_async.py
[2024-03-04T17:39:39.489+0000] {logging_mixin.py:188} INFO - [2024-03-04T17:39:39.489+0000] {dag.py:3047} INFO - Sync 1 DAGs
[2024-03-04T17:39:39.504+0000] {logging_mixin.py:188} INFO - [2024-03-04T17:39:39.504+0000] {dag.py:3834} INFO - Setting next_dagrun for example_time_delta_sensor_async to None, run_after=None
[2024-03-04T17:39:39.523+0000] {processor.py:183} INFO - Processing /home/airflow/.local/lib/python3.11/site-packages/airflow/example_dags/example_time_delta_sensor_async.py took 0.069 seconds
[2024-03-04T17:40:49.677+0000] {processor.py:161} INFO - Started process (PID=2720) to work on /home/airflow/.local/lib/python3.11/site-packages/airflow/example_dags/example_time_delta_sensor_async.py
[2024-03-04T17:40:49.679+0000] {processor.py:830} INFO - Processing file /home/airflow/.local/lib/python3.11/site-packages/airflow/example_dags/example_time_delta_sensor_async.py for tasks to queue
[2024-03-04T17:40:49.681+0000] {logging_mixin.py:188} INFO - [2024-03-04T17:40:49.680+0000] {dagbag.py:540} INFO - Filling up the DagBag from /home/airflow/.local/lib/python3.11/site-packages/airflow/example_dags/example_time_delta_sensor_async.py
[2024-03-04T17:40:49.689+0000] {processor.py:840} INFO - DAG(s) 'example_time_delta_sensor_async' retrieved from /home/airflow/.local/lib/python3.11/site-packages/airflow/example_dags/example_time_delta_sensor_async.py
[2024-03-04T17:40:49.726+0000] {logging_mixin.py:188} INFO - [2024-03-04T17:40:49.726+0000] {dag.py:3047} INFO - Sync 1 DAGs
[2024-03-04T17:40:49.748+0000] {logging_mixin.py:188} INFO - [2024-03-04T17:40:49.747+0000] {dag.py:3834} INFO - Setting next_dagrun for example_time_delta_sensor_async to None, run_after=None
[2024-03-04T17:40:49.777+0000] {processor.py:183} INFO - Processing /home/airflow/.local/lib/python3.11/site-packages/airflow/example_dags/example_time_delta_sensor_async.py took 0.104 seconds
[2024-03-04T17:41:20.705+0000] {processor.py:161} INFO - Started process (PID=2969) to work on /home/airflow/.local/lib/python3.11/site-packages/airflow/example_dags/example_time_delta_sensor_async.py
[2024-03-04T17:41:20.706+0000] {processor.py:830} INFO - Processing file /home/airflow/.local/lib/python3.11/site-packages/airflow/example_dags/example_time_delta_sensor_async.py for tasks to queue
[2024-03-04T17:41:20.708+0000] {logging_mixin.py:188} INFO - [2024-03-04T17:41:20.707+0000] {dagbag.py:540} INFO - Filling up the DagBag from /home/airflow/.local/lib/python3.11/site-packages/airflow/example_dags/example_time_delta_sensor_async.py
[2024-03-04T17:41:20.714+0000] {processor.py:840} INFO - DAG(s) 'example_time_delta_sensor_async' retrieved from /home/airflow/.local/lib/python3.11/site-packages/airflow/example_dags/example_time_delta_sensor_async.py
[2024-03-04T17:41:20.743+0000] {logging_mixin.py:188} INFO - [2024-03-04T17:41:20.742+0000] {dag.py:3047} INFO - Sync 1 DAGs
[2024-03-04T17:41:20.760+0000] {logging_mixin.py:188} INFO - [2024-03-04T17:41:20.759+0000] {dag.py:3834} INFO - Setting next_dagrun for example_time_delta_sensor_async to None, run_after=None
[2024-03-04T17:41:20.782+0000] {processor.py:183} INFO - Processing /home/airflow/.local/lib/python3.11/site-packages/airflow/example_dags/example_time_delta_sensor_async.py took 0.081 seconds
[2024-03-04T17:43:22.934+0000] {processor.py:161} INFO - Started process (PID=239) to work on /home/airflow/.local/lib/python3.11/site-packages/airflow/example_dags/example_time_delta_sensor_async.py
[2024-03-04T17:43:22.936+0000] {processor.py:830} INFO - Processing file /home/airflow/.local/lib/python3.11/site-packages/airflow/example_dags/example_time_delta_sensor_async.py for tasks to queue
[2024-03-04T17:43:22.937+0000] {logging_mixin.py:188} INFO - [2024-03-04T17:43:22.936+0000] {dagbag.py:540} INFO - Filling up the DagBag from /home/airflow/.local/lib/python3.11/site-packages/airflow/example_dags/example_time_delta_sensor_async.py
[2024-03-04T17:43:22.946+0000] {processor.py:840} INFO - DAG(s) 'example_time_delta_sensor_async' retrieved from /home/airflow/.local/lib/python3.11/site-packages/airflow/example_dags/example_time_delta_sensor_async.py
[2024-03-04T17:43:22.966+0000] {logging_mixin.py:188} INFO - [2024-03-04T17:43:22.965+0000] {dag.py:3047} INFO - Sync 1 DAGs
[2024-03-04T17:43:22.983+0000] {logging_mixin.py:188} INFO - [2024-03-04T17:43:22.982+0000] {dag.py:3834} INFO - Setting next_dagrun for example_time_delta_sensor_async to None, run_after=None
[2024-03-04T17:43:23.011+0000] {processor.py:183} INFO - Processing /home/airflow/.local/lib/python3.11/site-packages/airflow/example_dags/example_time_delta_sensor_async.py took 0.081 seconds
[2024-03-04T17:43:55.329+0000] {processor.py:161} INFO - Started process (PID=486) to work on /home/airflow/.local/lib/python3.11/site-packages/airflow/example_dags/example_time_delta_sensor_async.py
[2024-03-04T17:43:55.330+0000] {processor.py:830} INFO - Processing file /home/airflow/.local/lib/python3.11/site-packages/airflow/example_dags/example_time_delta_sensor_async.py for tasks to queue
[2024-03-04T17:43:55.332+0000] {logging_mixin.py:188} INFO - [2024-03-04T17:43:55.331+0000] {dagbag.py:540} INFO - Filling up the DagBag from /home/airflow/.local/lib/python3.11/site-packages/airflow/example_dags/example_time_delta_sensor_async.py
[2024-03-04T17:43:55.339+0000] {processor.py:840} INFO - DAG(s) 'example_time_delta_sensor_async' retrieved from /home/airflow/.local/lib/python3.11/site-packages/airflow/example_dags/example_time_delta_sensor_async.py
[2024-03-04T17:43:55.439+0000] {logging_mixin.py:188} INFO - [2024-03-04T17:43:55.439+0000] {dag.py:3047} INFO - Sync 1 DAGs
[2024-03-04T17:43:55.454+0000] {logging_mixin.py:188} INFO - [2024-03-04T17:43:55.454+0000] {dag.py:3834} INFO - Setting next_dagrun for example_time_delta_sensor_async to None, run_after=None
[2024-03-04T17:43:55.478+0000] {processor.py:183} INFO - Processing /home/airflow/.local/lib/python3.11/site-packages/airflow/example_dags/example_time_delta_sensor_async.py took 0.153 seconds
[2024-03-04T17:44:25.545+0000] {processor.py:161} INFO - Started process (PID=735) to work on /home/airflow/.local/lib/python3.11/site-packages/airflow/example_dags/example_time_delta_sensor_async.py
[2024-03-04T17:44:25.546+0000] {processor.py:830} INFO - Processing file /home/airflow/.local/lib/python3.11/site-packages/airflow/example_dags/example_time_delta_sensor_async.py for tasks to queue
[2024-03-04T17:44:25.547+0000] {logging_mixin.py:188} INFO - [2024-03-04T17:44:25.546+0000] {dagbag.py:540} INFO - Filling up the DagBag from /home/airflow/.local/lib/python3.11/site-packages/airflow/example_dags/example_time_delta_sensor_async.py
[2024-03-04T17:44:25.551+0000] {processor.py:840} INFO - DAG(s) 'example_time_delta_sensor_async' retrieved from /home/airflow/.local/lib/python3.11/site-packages/airflow/example_dags/example_time_delta_sensor_async.py
[2024-03-04T17:44:25.568+0000] {logging_mixin.py:188} INFO - [2024-03-04T17:44:25.568+0000] {dag.py:3047} INFO - Sync 1 DAGs
[2024-03-04T17:44:25.579+0000] {logging_mixin.py:188} INFO - [2024-03-04T17:44:25.578+0000] {dag.py:3834} INFO - Setting next_dagrun for example_time_delta_sensor_async to None, run_after=None
[2024-03-04T17:44:25.593+0000] {processor.py:183} INFO - Processing /home/airflow/.local/lib/python3.11/site-packages/airflow/example_dags/example_time_delta_sensor_async.py took 0.051 seconds
