[2024-03-04T17:34:38.686+0000] {processor.py:161} INFO - Started process (PID=300) to work on /home/airflow/.local/lib/python3.11/site-packages/airflow/example_dags/example_bash_operator.py
[2024-03-04T17:34:38.688+0000] {processor.py:830} INFO - Processing file /home/airflow/.local/lib/python3.11/site-packages/airflow/example_dags/example_bash_operator.py for tasks to queue
[2024-03-04T17:34:38.692+0000] {logging_mixin.py:188} INFO - [2024-03-04T17:34:38.691+0000] {dagbag.py:540} INFO - Filling up the DagBag from /home/airflow/.local/lib/python3.11/site-packages/airflow/example_dags/example_bash_operator.py
[2024-03-04T17:34:38.745+0000] {processor.py:840} INFO - DAG(s) 'example_bash_operator' retrieved from /home/airflow/.local/lib/python3.11/site-packages/airflow/example_dags/example_bash_operator.py
[2024-03-04T17:34:39.084+0000] {logging_mixin.py:188} INFO - [2024-03-04T17:34:39.084+0000] {dag.py:3047} INFO - Sync 1 DAGs
[2024-03-04T17:34:39.177+0000] {logging_mixin.py:188} INFO - [2024-03-04T17:34:39.176+0000] {dag.py:3834} INFO - Setting next_dagrun for example_bash_operator to 2024-03-03 00:00:00+00:00, run_after=2024-03-04 00:00:00+00:00
[2024-03-04T17:34:39.253+0000] {processor.py:183} INFO - Processing /home/airflow/.local/lib/python3.11/site-packages/airflow/example_dags/example_bash_operator.py took 0.572 seconds
[2024-03-04T17:35:09.892+0000] {processor.py:161} INFO - Started process (PID=548) to work on /home/airflow/.local/lib/python3.11/site-packages/airflow/example_dags/example_bash_operator.py
[2024-03-04T17:35:09.894+0000] {processor.py:830} INFO - Processing file /home/airflow/.local/lib/python3.11/site-packages/airflow/example_dags/example_bash_operator.py for tasks to queue
[2024-03-04T17:35:09.895+0000] {logging_mixin.py:188} INFO - [2024-03-04T17:35:09.895+0000] {dagbag.py:540} INFO - Filling up the DagBag from /home/airflow/.local/lib/python3.11/site-packages/airflow/example_dags/example_bash_operator.py
[2024-03-04T17:35:09.911+0000] {processor.py:840} INFO - DAG(s) 'example_bash_operator' retrieved from /home/airflow/.local/lib/python3.11/site-packages/airflow/example_dags/example_bash_operator.py
[2024-03-04T17:35:09.944+0000] {logging_mixin.py:188} INFO - [2024-03-04T17:35:09.944+0000] {dag.py:3047} INFO - Sync 1 DAGs
[2024-03-04T17:35:09.969+0000] {logging_mixin.py:188} INFO - [2024-03-04T17:35:09.969+0000] {dag.py:3834} INFO - Setting next_dagrun for example_bash_operator to 2024-03-03 00:00:00+00:00, run_after=2024-03-04 00:00:00+00:00
[2024-03-04T17:35:09.994+0000] {processor.py:183} INFO - Processing /home/airflow/.local/lib/python3.11/site-packages/airflow/example_dags/example_bash_operator.py took 0.107 seconds
[2024-03-04T17:35:40.069+0000] {processor.py:161} INFO - Started process (PID=794) to work on /home/airflow/.local/lib/python3.11/site-packages/airflow/example_dags/example_bash_operator.py
[2024-03-04T17:35:40.070+0000] {processor.py:830} INFO - Processing file /home/airflow/.local/lib/python3.11/site-packages/airflow/example_dags/example_bash_operator.py for tasks to queue
[2024-03-04T17:35:40.071+0000] {logging_mixin.py:188} INFO - [2024-03-04T17:35:40.071+0000] {dagbag.py:540} INFO - Filling up the DagBag from /home/airflow/.local/lib/python3.11/site-packages/airflow/example_dags/example_bash_operator.py
[2024-03-04T17:35:40.081+0000] {processor.py:840} INFO - DAG(s) 'example_bash_operator' retrieved from /home/airflow/.local/lib/python3.11/site-packages/airflow/example_dags/example_bash_operator.py
[2024-03-04T17:35:40.102+0000] {logging_mixin.py:188} INFO - [2024-03-04T17:35:40.102+0000] {dag.py:3047} INFO - Sync 1 DAGs
[2024-03-04T17:35:40.120+0000] {logging_mixin.py:188} INFO - [2024-03-04T17:35:40.120+0000] {dag.py:3834} INFO - Setting next_dagrun for example_bash_operator to 2024-03-03 00:00:00+00:00, run_after=2024-03-04 00:00:00+00:00
[2024-03-04T17:35:40.135+0000] {processor.py:183} INFO - Processing /home/airflow/.local/lib/python3.11/site-packages/airflow/example_dags/example_bash_operator.py took 0.069 seconds
[2024-03-04T17:36:10.200+0000] {processor.py:161} INFO - Started process (PID=1041) to work on /home/airflow/.local/lib/python3.11/site-packages/airflow/example_dags/example_bash_operator.py
[2024-03-04T17:36:10.201+0000] {processor.py:830} INFO - Processing file /home/airflow/.local/lib/python3.11/site-packages/airflow/example_dags/example_bash_operator.py for tasks to queue
[2024-03-04T17:36:10.202+0000] {logging_mixin.py:188} INFO - [2024-03-04T17:36:10.201+0000] {dagbag.py:540} INFO - Filling up the DagBag from /home/airflow/.local/lib/python3.11/site-packages/airflow/example_dags/example_bash_operator.py
[2024-03-04T17:36:10.212+0000] {processor.py:840} INFO - DAG(s) 'example_bash_operator' retrieved from /home/airflow/.local/lib/python3.11/site-packages/airflow/example_dags/example_bash_operator.py
[2024-03-04T17:36:10.235+0000] {logging_mixin.py:188} INFO - [2024-03-04T17:36:10.234+0000] {dag.py:3047} INFO - Sync 1 DAGs
[2024-03-04T17:36:10.254+0000] {logging_mixin.py:188} INFO - [2024-03-04T17:36:10.254+0000] {dag.py:3834} INFO - Setting next_dagrun for example_bash_operator to 2024-03-03 00:00:00+00:00, run_after=2024-03-04 00:00:00+00:00
[2024-03-04T17:36:10.269+0000] {processor.py:183} INFO - Processing /home/airflow/.local/lib/python3.11/site-packages/airflow/example_dags/example_bash_operator.py took 0.072 seconds
[2024-03-04T17:36:40.782+0000] {processor.py:161} INFO - Started process (PID=1288) to work on /home/airflow/.local/lib/python3.11/site-packages/airflow/example_dags/example_bash_operator.py
[2024-03-04T17:36:40.783+0000] {processor.py:830} INFO - Processing file /home/airflow/.local/lib/python3.11/site-packages/airflow/example_dags/example_bash_operator.py for tasks to queue
[2024-03-04T17:36:40.785+0000] {logging_mixin.py:188} INFO - [2024-03-04T17:36:40.784+0000] {dagbag.py:540} INFO - Filling up the DagBag from /home/airflow/.local/lib/python3.11/site-packages/airflow/example_dags/example_bash_operator.py
[2024-03-04T17:36:40.795+0000] {processor.py:840} INFO - DAG(s) 'example_bash_operator' retrieved from /home/airflow/.local/lib/python3.11/site-packages/airflow/example_dags/example_bash_operator.py
[2024-03-04T17:36:40.818+0000] {logging_mixin.py:188} INFO - [2024-03-04T17:36:40.818+0000] {dag.py:3047} INFO - Sync 1 DAGs
[2024-03-04T17:36:40.838+0000] {logging_mixin.py:188} INFO - [2024-03-04T17:36:40.838+0000] {dag.py:3834} INFO - Setting next_dagrun for example_bash_operator to 2024-03-03 00:00:00+00:00, run_after=2024-03-04 00:00:00+00:00
[2024-03-04T17:36:40.853+0000] {processor.py:183} INFO - Processing /home/airflow/.local/lib/python3.11/site-packages/airflow/example_dags/example_bash_operator.py took 0.074 seconds
[2024-03-04T17:37:38.528+0000] {processor.py:161} INFO - Started process (PID=1541) to work on /home/airflow/.local/lib/python3.11/site-packages/airflow/example_dags/example_bash_operator.py
[2024-03-04T17:37:38.530+0000] {processor.py:830} INFO - Processing file /home/airflow/.local/lib/python3.11/site-packages/airflow/example_dags/example_bash_operator.py for tasks to queue
[2024-03-04T17:37:38.532+0000] {logging_mixin.py:188} INFO - [2024-03-04T17:37:38.531+0000] {dagbag.py:540} INFO - Filling up the DagBag from /home/airflow/.local/lib/python3.11/site-packages/airflow/example_dags/example_bash_operator.py
[2024-03-04T17:37:38.547+0000] {processor.py:840} INFO - DAG(s) 'example_bash_operator' retrieved from /home/airflow/.local/lib/python3.11/site-packages/airflow/example_dags/example_bash_operator.py
[2024-03-04T17:37:38.580+0000] {logging_mixin.py:188} INFO - [2024-03-04T17:37:38.580+0000] {dag.py:3047} INFO - Sync 1 DAGs
[2024-03-04T17:37:38.608+0000] {logging_mixin.py:188} INFO - [2024-03-04T17:37:38.607+0000] {dag.py:3834} INFO - Setting next_dagrun for example_bash_operator to 2024-03-03 00:00:00+00:00, run_after=2024-03-04 00:00:00+00:00
[2024-03-04T17:37:38.627+0000] {processor.py:183} INFO - Processing /home/airflow/.local/lib/python3.11/site-packages/airflow/example_dags/example_bash_operator.py took 0.102 seconds
[2024-03-04T17:38:09.437+0000] {processor.py:161} INFO - Started process (PID=1786) to work on /home/airflow/.local/lib/python3.11/site-packages/airflow/example_dags/example_bash_operator.py
[2024-03-04T17:38:09.439+0000] {processor.py:830} INFO - Processing file /home/airflow/.local/lib/python3.11/site-packages/airflow/example_dags/example_bash_operator.py for tasks to queue
[2024-03-04T17:38:09.441+0000] {logging_mixin.py:188} INFO - [2024-03-04T17:38:09.440+0000] {dagbag.py:540} INFO - Filling up the DagBag from /home/airflow/.local/lib/python3.11/site-packages/airflow/example_dags/example_bash_operator.py
[2024-03-04T17:38:09.462+0000] {processor.py:840} INFO - DAG(s) 'example_bash_operator' retrieved from /home/airflow/.local/lib/python3.11/site-packages/airflow/example_dags/example_bash_operator.py
[2024-03-04T17:38:09.505+0000] {logging_mixin.py:188} INFO - [2024-03-04T17:38:09.505+0000] {dag.py:3047} INFO - Sync 1 DAGs
[2024-03-04T17:38:09.559+0000] {logging_mixin.py:188} INFO - [2024-03-04T17:38:09.559+0000] {dag.py:3834} INFO - Setting next_dagrun for example_bash_operator to 2024-03-03 00:00:00+00:00, run_after=2024-03-04 00:00:00+00:00
[2024-03-04T17:38:09.596+0000] {processor.py:183} INFO - Processing /home/airflow/.local/lib/python3.11/site-packages/airflow/example_dags/example_bash_operator.py took 0.163 seconds
[2024-03-04T17:38:40.100+0000] {processor.py:161} INFO - Started process (PID=2035) to work on /home/airflow/.local/lib/python3.11/site-packages/airflow/example_dags/example_bash_operator.py
[2024-03-04T17:38:40.101+0000] {processor.py:830} INFO - Processing file /home/airflow/.local/lib/python3.11/site-packages/airflow/example_dags/example_bash_operator.py for tasks to queue
[2024-03-04T17:38:40.103+0000] {logging_mixin.py:188} INFO - [2024-03-04T17:38:40.102+0000] {dagbag.py:540} INFO - Filling up the DagBag from /home/airflow/.local/lib/python3.11/site-packages/airflow/example_dags/example_bash_operator.py
[2024-03-04T17:38:40.119+0000] {processor.py:840} INFO - DAG(s) 'example_bash_operator' retrieved from /home/airflow/.local/lib/python3.11/site-packages/airflow/example_dags/example_bash_operator.py
[2024-03-04T17:38:40.153+0000] {logging_mixin.py:188} INFO - [2024-03-04T17:38:40.152+0000] {dag.py:3047} INFO - Sync 1 DAGs
[2024-03-04T17:38:40.184+0000] {logging_mixin.py:188} INFO - [2024-03-04T17:38:40.184+0000] {dag.py:3834} INFO - Setting next_dagrun for example_bash_operator to 2024-03-03 00:00:00+00:00, run_after=2024-03-04 00:00:00+00:00
[2024-03-04T17:38:40.208+0000] {processor.py:183} INFO - Processing /home/airflow/.local/lib/python3.11/site-packages/airflow/example_dags/example_bash_operator.py took 0.112 seconds
[2024-03-04T17:39:10.366+0000] {processor.py:161} INFO - Started process (PID=2280) to work on /home/airflow/.local/lib/python3.11/site-packages/airflow/example_dags/example_bash_operator.py
[2024-03-04T17:39:10.367+0000] {processor.py:830} INFO - Processing file /home/airflow/.local/lib/python3.11/site-packages/airflow/example_dags/example_bash_operator.py for tasks to queue
[2024-03-04T17:39:10.368+0000] {logging_mixin.py:188} INFO - [2024-03-04T17:39:10.368+0000] {dagbag.py:540} INFO - Filling up the DagBag from /home/airflow/.local/lib/python3.11/site-packages/airflow/example_dags/example_bash_operator.py
[2024-03-04T17:39:10.382+0000] {processor.py:840} INFO - DAG(s) 'example_bash_operator' retrieved from /home/airflow/.local/lib/python3.11/site-packages/airflow/example_dags/example_bash_operator.py
[2024-03-04T17:39:10.407+0000] {logging_mixin.py:188} INFO - [2024-03-04T17:39:10.407+0000] {dag.py:3047} INFO - Sync 1 DAGs
[2024-03-04T17:39:10.429+0000] {logging_mixin.py:188} INFO - [2024-03-04T17:39:10.429+0000] {dag.py:3834} INFO - Setting next_dagrun for example_bash_operator to 2024-03-03 00:00:00+00:00, run_after=2024-03-04 00:00:00+00:00
[2024-03-04T17:39:10.436+0000] {processor.py:183} INFO - Processing /home/airflow/.local/lib/python3.11/site-packages/airflow/example_dags/example_bash_operator.py took 0.091 seconds
[2024-03-04T17:39:41.449+0000] {processor.py:161} INFO - Started process (PID=2529) to work on /home/airflow/.local/lib/python3.11/site-packages/airflow/example_dags/example_bash_operator.py
[2024-03-04T17:39:41.451+0000] {processor.py:830} INFO - Processing file /home/airflow/.local/lib/python3.11/site-packages/airflow/example_dags/example_bash_operator.py for tasks to queue
[2024-03-04T17:39:41.452+0000] {logging_mixin.py:188} INFO - [2024-03-04T17:39:41.452+0000] {dagbag.py:540} INFO - Filling up the DagBag from /home/airflow/.local/lib/python3.11/site-packages/airflow/example_dags/example_bash_operator.py
[2024-03-04T17:39:41.464+0000] {processor.py:840} INFO - DAG(s) 'example_bash_operator' retrieved from /home/airflow/.local/lib/python3.11/site-packages/airflow/example_dags/example_bash_operator.py
[2024-03-04T17:39:41.488+0000] {logging_mixin.py:188} INFO - [2024-03-04T17:39:41.488+0000] {dag.py:3047} INFO - Sync 1 DAGs
[2024-03-04T17:39:41.512+0000] {logging_mixin.py:188} INFO - [2024-03-04T17:39:41.511+0000] {dag.py:3834} INFO - Setting next_dagrun for example_bash_operator to 2024-03-03 00:00:00+00:00, run_after=2024-03-04 00:00:00+00:00
[2024-03-04T17:39:41.529+0000] {processor.py:183} INFO - Processing /home/airflow/.local/lib/python3.11/site-packages/airflow/example_dags/example_bash_operator.py took 0.084 seconds
[2024-03-04T17:40:50.956+0000] {processor.py:161} INFO - Started process (PID=2780) to work on /home/airflow/.local/lib/python3.11/site-packages/airflow/example_dags/example_bash_operator.py
[2024-03-04T17:40:50.958+0000] {processor.py:830} INFO - Processing file /home/airflow/.local/lib/python3.11/site-packages/airflow/example_dags/example_bash_operator.py for tasks to queue
[2024-03-04T17:40:50.960+0000] {logging_mixin.py:188} INFO - [2024-03-04T17:40:50.959+0000] {dagbag.py:540} INFO - Filling up the DagBag from /home/airflow/.local/lib/python3.11/site-packages/airflow/example_dags/example_bash_operator.py
[2024-03-04T17:40:50.986+0000] {processor.py:840} INFO - DAG(s) 'example_bash_operator' retrieved from /home/airflow/.local/lib/python3.11/site-packages/airflow/example_dags/example_bash_operator.py
[2024-03-04T17:40:51.034+0000] {logging_mixin.py:188} INFO - [2024-03-04T17:40:51.033+0000] {dag.py:3047} INFO - Sync 1 DAGs
[2024-03-04T17:40:51.083+0000] {logging_mixin.py:188} INFO - [2024-03-04T17:40:51.083+0000] {dag.py:3834} INFO - Setting next_dagrun for example_bash_operator to 2024-03-03 00:00:00+00:00, run_after=2024-03-04 00:00:00+00:00
[2024-03-04T17:40:51.137+0000] {processor.py:183} INFO - Processing /home/airflow/.local/lib/python3.11/site-packages/airflow/example_dags/example_bash_operator.py took 0.186 seconds
[2024-03-04T17:41:22.712+0000] {processor.py:161} INFO - Started process (PID=3027) to work on /home/airflow/.local/lib/python3.11/site-packages/airflow/example_dags/example_bash_operator.py
[2024-03-04T17:41:22.714+0000] {processor.py:830} INFO - Processing file /home/airflow/.local/lib/python3.11/site-packages/airflow/example_dags/example_bash_operator.py for tasks to queue
[2024-03-04T17:41:22.716+0000] {logging_mixin.py:188} INFO - [2024-03-04T17:41:22.715+0000] {dagbag.py:540} INFO - Filling up the DagBag from /home/airflow/.local/lib/python3.11/site-packages/airflow/example_dags/example_bash_operator.py
[2024-03-04T17:41:22.741+0000] {processor.py:840} INFO - DAG(s) 'example_bash_operator' retrieved from /home/airflow/.local/lib/python3.11/site-packages/airflow/example_dags/example_bash_operator.py
[2024-03-04T17:41:22.896+0000] {logging_mixin.py:188} INFO - [2024-03-04T17:41:22.896+0000] {dag.py:3047} INFO - Sync 1 DAGs
[2024-03-04T17:41:22.938+0000] {logging_mixin.py:188} INFO - [2024-03-04T17:41:22.937+0000] {dag.py:3834} INFO - Setting next_dagrun for example_bash_operator to 2024-03-03 00:00:00+00:00, run_after=2024-03-04 00:00:00+00:00
[2024-03-04T17:41:23.003+0000] {processor.py:183} INFO - Processing /home/airflow/.local/lib/python3.11/site-packages/airflow/example_dags/example_bash_operator.py took 0.295 seconds
[2024-03-04T17:43:25.428+0000] {processor.py:161} INFO - Started process (PID=301) to work on /home/airflow/.local/lib/python3.11/site-packages/airflow/example_dags/example_bash_operator.py
[2024-03-04T17:43:25.431+0000] {processor.py:830} INFO - Processing file /home/airflow/.local/lib/python3.11/site-packages/airflow/example_dags/example_bash_operator.py for tasks to queue
[2024-03-04T17:43:25.433+0000] {logging_mixin.py:188} INFO - [2024-03-04T17:43:25.432+0000] {dagbag.py:540} INFO - Filling up the DagBag from /home/airflow/.local/lib/python3.11/site-packages/airflow/example_dags/example_bash_operator.py
[2024-03-04T17:43:25.453+0000] {processor.py:840} INFO - DAG(s) 'example_bash_operator' retrieved from /home/airflow/.local/lib/python3.11/site-packages/airflow/example_dags/example_bash_operator.py
[2024-03-04T17:43:25.470+0000] {logging_mixin.py:188} INFO - [2024-03-04T17:43:25.470+0000] {dag.py:3047} INFO - Sync 1 DAGs
[2024-03-04T17:43:25.718+0000] {logging_mixin.py:188} INFO - [2024-03-04T17:43:25.718+0000] {dag.py:3834} INFO - Setting next_dagrun for example_bash_operator to 2024-03-03 00:00:00+00:00, run_after=2024-03-04 00:00:00+00:00
[2024-03-04T17:43:25.796+0000] {processor.py:183} INFO - Processing /home/airflow/.local/lib/python3.11/site-packages/airflow/example_dags/example_bash_operator.py took 0.372 seconds
[2024-03-04T17:43:56.511+0000] {processor.py:161} INFO - Started process (PID=546) to work on /home/airflow/.local/lib/python3.11/site-packages/airflow/example_dags/example_bash_operator.py
[2024-03-04T17:43:56.513+0000] {processor.py:830} INFO - Processing file /home/airflow/.local/lib/python3.11/site-packages/airflow/example_dags/example_bash_operator.py for tasks to queue
[2024-03-04T17:43:56.515+0000] {logging_mixin.py:188} INFO - [2024-03-04T17:43:56.514+0000] {dagbag.py:540} INFO - Filling up the DagBag from /home/airflow/.local/lib/python3.11/site-packages/airflow/example_dags/example_bash_operator.py
[2024-03-04T17:43:56.525+0000] {processor.py:840} INFO - DAG(s) 'example_bash_operator' retrieved from /home/airflow/.local/lib/python3.11/site-packages/airflow/example_dags/example_bash_operator.py
[2024-03-04T17:43:56.629+0000] {logging_mixin.py:188} INFO - [2024-03-04T17:43:56.629+0000] {dag.py:3047} INFO - Sync 1 DAGs
[2024-03-04T17:43:56.656+0000] {logging_mixin.py:188} INFO - [2024-03-04T17:43:56.656+0000] {dag.py:3834} INFO - Setting next_dagrun for example_bash_operator to 2024-03-03 00:00:00+00:00, run_after=2024-03-04 00:00:00+00:00
[2024-03-04T17:43:56.676+0000] {processor.py:183} INFO - Processing /home/airflow/.local/lib/python3.11/site-packages/airflow/example_dags/example_bash_operator.py took 0.168 seconds
[2024-03-04T17:44:27.252+0000] {processor.py:161} INFO - Started process (PID=793) to work on /home/airflow/.local/lib/python3.11/site-packages/airflow/example_dags/example_bash_operator.py
[2024-03-04T17:44:27.253+0000] {processor.py:830} INFO - Processing file /home/airflow/.local/lib/python3.11/site-packages/airflow/example_dags/example_bash_operator.py for tasks to queue
[2024-03-04T17:44:27.255+0000] {logging_mixin.py:188} INFO - [2024-03-04T17:44:27.255+0000] {dagbag.py:540} INFO - Filling up the DagBag from /home/airflow/.local/lib/python3.11/site-packages/airflow/example_dags/example_bash_operator.py
[2024-03-04T17:44:27.270+0000] {processor.py:840} INFO - DAG(s) 'example_bash_operator' retrieved from /home/airflow/.local/lib/python3.11/site-packages/airflow/example_dags/example_bash_operator.py
[2024-03-04T17:44:27.302+0000] {logging_mixin.py:188} INFO - [2024-03-04T17:44:27.302+0000] {dag.py:3047} INFO - Sync 1 DAGs
[2024-03-04T17:44:27.335+0000] {logging_mixin.py:188} INFO - [2024-03-04T17:44:27.335+0000] {dag.py:3834} INFO - Setting next_dagrun for example_bash_operator to 2024-03-03 00:00:00+00:00, run_after=2024-03-04 00:00:00+00:00
[2024-03-04T17:44:27.366+0000] {processor.py:183} INFO - Processing /home/airflow/.local/lib/python3.11/site-packages/airflow/example_dags/example_bash_operator.py took 0.118 seconds
