[2024-03-04T17:34:39.315+0000] {processor.py:161} INFO - Started process (PID=315) to work on /home/airflow/.local/lib/python3.11/site-packages/airflow/example_dags/tutorial_dag.py
[2024-03-04T17:34:39.317+0000] {processor.py:830} INFO - Processing file /home/airflow/.local/lib/python3.11/site-packages/airflow/example_dags/tutorial_dag.py for tasks to queue
[2024-03-04T17:34:39.319+0000] {logging_mixin.py:188} INFO - [2024-03-04T17:34:39.318+0000] {dagbag.py:540} INFO - Filling up the DagBag from /home/airflow/.local/lib/python3.11/site-packages/airflow/example_dags/tutorial_dag.py
[2024-03-04T17:34:39.332+0000] {processor.py:840} INFO - DAG(s) 'tutorial_dag' retrieved from /home/airflow/.local/lib/python3.11/site-packages/airflow/example_dags/tutorial_dag.py
[2024-03-04T17:34:39.479+0000] {logging_mixin.py:188} INFO - [2024-03-04T17:34:39.479+0000] {dag.py:3047} INFO - Sync 1 DAGs
[2024-03-04T17:34:39.496+0000] {logging_mixin.py:188} INFO - [2024-03-04T17:34:39.494+0000] {dag.py:3834} INFO - Setting next_dagrun for tutorial_dag to None, run_after=None
[2024-03-04T17:34:39.526+0000] {processor.py:183} INFO - Processing /home/airflow/.local/lib/python3.11/site-packages/airflow/example_dags/tutorial_dag.py took 0.216 seconds
[2024-03-04T17:35:10.183+0000] {processor.py:161} INFO - Started process (PID=563) to work on /home/airflow/.local/lib/python3.11/site-packages/airflow/example_dags/tutorial_dag.py
[2024-03-04T17:35:10.185+0000] {processor.py:830} INFO - Processing file /home/airflow/.local/lib/python3.11/site-packages/airflow/example_dags/tutorial_dag.py for tasks to queue
[2024-03-04T17:35:10.186+0000] {logging_mixin.py:188} INFO - [2024-03-04T17:35:10.186+0000] {dagbag.py:540} INFO - Filling up the DagBag from /home/airflow/.local/lib/python3.11/site-packages/airflow/example_dags/tutorial_dag.py
[2024-03-04T17:35:10.195+0000] {processor.py:840} INFO - DAG(s) 'tutorial_dag' retrieved from /home/airflow/.local/lib/python3.11/site-packages/airflow/example_dags/tutorial_dag.py
[2024-03-04T17:35:10.218+0000] {logging_mixin.py:188} INFO - [2024-03-04T17:35:10.218+0000] {dag.py:3047} INFO - Sync 1 DAGs
[2024-03-04T17:35:10.236+0000] {logging_mixin.py:188} INFO - [2024-03-04T17:35:10.235+0000] {dag.py:3834} INFO - Setting next_dagrun for tutorial_dag to None, run_after=None
[2024-03-04T17:35:10.261+0000] {processor.py:183} INFO - Processing /home/airflow/.local/lib/python3.11/site-packages/airflow/example_dags/tutorial_dag.py took 0.082 seconds
[2024-03-04T17:35:41.600+0000] {processor.py:161} INFO - Started process (PID=809) to work on /home/airflow/.local/lib/python3.11/site-packages/airflow/example_dags/tutorial_dag.py
[2024-03-04T17:35:41.603+0000] {processor.py:830} INFO - Processing file /home/airflow/.local/lib/python3.11/site-packages/airflow/example_dags/tutorial_dag.py for tasks to queue
[2024-03-04T17:35:41.605+0000] {logging_mixin.py:188} INFO - [2024-03-04T17:35:41.604+0000] {dagbag.py:540} INFO - Filling up the DagBag from /home/airflow/.local/lib/python3.11/site-packages/airflow/example_dags/tutorial_dag.py
[2024-03-04T17:35:41.619+0000] {processor.py:840} INFO - DAG(s) 'tutorial_dag' retrieved from /home/airflow/.local/lib/python3.11/site-packages/airflow/example_dags/tutorial_dag.py
[2024-03-04T17:35:41.663+0000] {logging_mixin.py:188} INFO - [2024-03-04T17:35:41.663+0000] {dag.py:3047} INFO - Sync 1 DAGs
[2024-03-04T17:35:41.693+0000] {logging_mixin.py:188} INFO - [2024-03-04T17:35:41.693+0000] {dag.py:3834} INFO - Setting next_dagrun for tutorial_dag to None, run_after=None
[2024-03-04T17:35:41.747+0000] {processor.py:183} INFO - Processing /home/airflow/.local/lib/python3.11/site-packages/airflow/example_dags/tutorial_dag.py took 0.153 seconds
[2024-03-04T17:36:12.298+0000] {processor.py:161} INFO - Started process (PID=1056) to work on /home/airflow/.local/lib/python3.11/site-packages/airflow/example_dags/tutorial_dag.py
[2024-03-04T17:36:12.298+0000] {processor.py:830} INFO - Processing file /home/airflow/.local/lib/python3.11/site-packages/airflow/example_dags/tutorial_dag.py for tasks to queue
[2024-03-04T17:36:12.299+0000] {logging_mixin.py:188} INFO - [2024-03-04T17:36:12.299+0000] {dagbag.py:540} INFO - Filling up the DagBag from /home/airflow/.local/lib/python3.11/site-packages/airflow/example_dags/tutorial_dag.py
[2024-03-04T17:36:12.305+0000] {processor.py:840} INFO - DAG(s) 'tutorial_dag' retrieved from /home/airflow/.local/lib/python3.11/site-packages/airflow/example_dags/tutorial_dag.py
[2024-03-04T17:36:12.328+0000] {logging_mixin.py:188} INFO - [2024-03-04T17:36:12.328+0000] {dag.py:3047} INFO - Sync 1 DAGs
[2024-03-04T17:36:12.346+0000] {logging_mixin.py:188} INFO - [2024-03-04T17:36:12.345+0000] {dag.py:3834} INFO - Setting next_dagrun for tutorial_dag to None, run_after=None
[2024-03-04T17:36:12.366+0000] {processor.py:183} INFO - Processing /home/airflow/.local/lib/python3.11/site-packages/airflow/example_dags/tutorial_dag.py took 0.071 seconds
[2024-03-04T17:36:42.938+0000] {processor.py:161} INFO - Started process (PID=1303) to work on /home/airflow/.local/lib/python3.11/site-packages/airflow/example_dags/tutorial_dag.py
[2024-03-04T17:36:42.939+0000] {processor.py:830} INFO - Processing file /home/airflow/.local/lib/python3.11/site-packages/airflow/example_dags/tutorial_dag.py for tasks to queue
[2024-03-04T17:36:42.941+0000] {logging_mixin.py:188} INFO - [2024-03-04T17:36:42.941+0000] {dagbag.py:540} INFO - Filling up the DagBag from /home/airflow/.local/lib/python3.11/site-packages/airflow/example_dags/tutorial_dag.py
[2024-03-04T17:36:42.947+0000] {processor.py:840} INFO - DAG(s) 'tutorial_dag' retrieved from /home/airflow/.local/lib/python3.11/site-packages/airflow/example_dags/tutorial_dag.py
[2024-03-04T17:36:42.967+0000] {logging_mixin.py:188} INFO - [2024-03-04T17:36:42.967+0000] {dag.py:3047} INFO - Sync 1 DAGs
[2024-03-04T17:36:42.979+0000] {logging_mixin.py:188} INFO - [2024-03-04T17:36:42.978+0000] {dag.py:3834} INFO - Setting next_dagrun for tutorial_dag to None, run_after=None
[2024-03-04T17:36:42.994+0000] {processor.py:183} INFO - Processing /home/airflow/.local/lib/python3.11/site-packages/airflow/example_dags/tutorial_dag.py took 0.059 seconds
[2024-03-04T17:37:38.801+0000] {processor.py:161} INFO - Started process (PID=1556) to work on /home/airflow/.local/lib/python3.11/site-packages/airflow/example_dags/tutorial_dag.py
[2024-03-04T17:37:38.803+0000] {processor.py:830} INFO - Processing file /home/airflow/.local/lib/python3.11/site-packages/airflow/example_dags/tutorial_dag.py for tasks to queue
[2024-03-04T17:37:38.805+0000] {logging_mixin.py:188} INFO - [2024-03-04T17:37:38.804+0000] {dagbag.py:540} INFO - Filling up the DagBag from /home/airflow/.local/lib/python3.11/site-packages/airflow/example_dags/tutorial_dag.py
[2024-03-04T17:37:38.813+0000] {processor.py:840} INFO - DAG(s) 'tutorial_dag' retrieved from /home/airflow/.local/lib/python3.11/site-packages/airflow/example_dags/tutorial_dag.py
[2024-03-04T17:37:38.841+0000] {logging_mixin.py:188} INFO - [2024-03-04T17:37:38.841+0000] {dag.py:3047} INFO - Sync 1 DAGs
[2024-03-04T17:37:38.860+0000] {logging_mixin.py:188} INFO - [2024-03-04T17:37:38.860+0000] {dag.py:3834} INFO - Setting next_dagrun for tutorial_dag to None, run_after=None
[2024-03-04T17:37:38.887+0000] {processor.py:183} INFO - Processing /home/airflow/.local/lib/python3.11/site-packages/airflow/example_dags/tutorial_dag.py took 0.090 seconds
[2024-03-04T17:38:09.697+0000] {processor.py:161} INFO - Started process (PID=1801) to work on /home/airflow/.local/lib/python3.11/site-packages/airflow/example_dags/tutorial_dag.py
[2024-03-04T17:38:09.698+0000] {processor.py:830} INFO - Processing file /home/airflow/.local/lib/python3.11/site-packages/airflow/example_dags/tutorial_dag.py for tasks to queue
[2024-03-04T17:38:09.700+0000] {logging_mixin.py:188} INFO - [2024-03-04T17:38:09.699+0000] {dagbag.py:540} INFO - Filling up the DagBag from /home/airflow/.local/lib/python3.11/site-packages/airflow/example_dags/tutorial_dag.py
[2024-03-04T17:38:09.707+0000] {processor.py:840} INFO - DAG(s) 'tutorial_dag' retrieved from /home/airflow/.local/lib/python3.11/site-packages/airflow/example_dags/tutorial_dag.py
[2024-03-04T17:38:09.746+0000] {logging_mixin.py:188} INFO - [2024-03-04T17:38:09.746+0000] {dag.py:3047} INFO - Sync 1 DAGs
[2024-03-04T17:38:09.773+0000] {logging_mixin.py:188} INFO - [2024-03-04T17:38:09.773+0000] {dag.py:3834} INFO - Setting next_dagrun for tutorial_dag to None, run_after=None
[2024-03-04T17:38:09.820+0000] {processor.py:183} INFO - Processing /home/airflow/.local/lib/python3.11/site-packages/airflow/example_dags/tutorial_dag.py took 0.127 seconds
[2024-03-04T17:38:40.311+0000] {processor.py:161} INFO - Started process (PID=2050) to work on /home/airflow/.local/lib/python3.11/site-packages/airflow/example_dags/tutorial_dag.py
[2024-03-04T17:38:40.312+0000] {processor.py:830} INFO - Processing file /home/airflow/.local/lib/python3.11/site-packages/airflow/example_dags/tutorial_dag.py for tasks to queue
[2024-03-04T17:38:40.314+0000] {logging_mixin.py:188} INFO - [2024-03-04T17:38:40.313+0000] {dagbag.py:540} INFO - Filling up the DagBag from /home/airflow/.local/lib/python3.11/site-packages/airflow/example_dags/tutorial_dag.py
[2024-03-04T17:38:40.322+0000] {processor.py:840} INFO - DAG(s) 'tutorial_dag' retrieved from /home/airflow/.local/lib/python3.11/site-packages/airflow/example_dags/tutorial_dag.py
[2024-03-04T17:38:40.345+0000] {logging_mixin.py:188} INFO - [2024-03-04T17:38:40.345+0000] {dag.py:3047} INFO - Sync 1 DAGs
[2024-03-04T17:38:40.361+0000] {logging_mixin.py:188} INFO - [2024-03-04T17:38:40.360+0000] {dag.py:3834} INFO - Setting next_dagrun for tutorial_dag to None, run_after=None
[2024-03-04T17:38:40.377+0000] {processor.py:183} INFO - Processing /home/airflow/.local/lib/python3.11/site-packages/airflow/example_dags/tutorial_dag.py took 0.070 seconds
[2024-03-04T17:39:10.549+0000] {processor.py:161} INFO - Started process (PID=2295) to work on /home/airflow/.local/lib/python3.11/site-packages/airflow/example_dags/tutorial_dag.py
[2024-03-04T17:39:10.550+0000] {processor.py:830} INFO - Processing file /home/airflow/.local/lib/python3.11/site-packages/airflow/example_dags/tutorial_dag.py for tasks to queue
[2024-03-04T17:39:10.552+0000] {logging_mixin.py:188} INFO - [2024-03-04T17:39:10.551+0000] {dagbag.py:540} INFO - Filling up the DagBag from /home/airflow/.local/lib/python3.11/site-packages/airflow/example_dags/tutorial_dag.py
[2024-03-04T17:39:10.559+0000] {processor.py:840} INFO - DAG(s) 'tutorial_dag' retrieved from /home/airflow/.local/lib/python3.11/site-packages/airflow/example_dags/tutorial_dag.py
[2024-03-04T17:39:10.581+0000] {logging_mixin.py:188} INFO - [2024-03-04T17:39:10.581+0000] {dag.py:3047} INFO - Sync 1 DAGs
[2024-03-04T17:39:10.593+0000] {logging_mixin.py:188} INFO - [2024-03-04T17:39:10.593+0000] {dag.py:3834} INFO - Setting next_dagrun for tutorial_dag to None, run_after=None
[2024-03-04T17:39:10.611+0000] {processor.py:183} INFO - Processing /home/airflow/.local/lib/python3.11/site-packages/airflow/example_dags/tutorial_dag.py took 0.066 seconds
[2024-03-04T17:39:41.626+0000] {processor.py:161} INFO - Started process (PID=2544) to work on /home/airflow/.local/lib/python3.11/site-packages/airflow/example_dags/tutorial_dag.py
[2024-03-04T17:39:41.627+0000] {processor.py:830} INFO - Processing file /home/airflow/.local/lib/python3.11/site-packages/airflow/example_dags/tutorial_dag.py for tasks to queue
[2024-03-04T17:39:41.628+0000] {logging_mixin.py:188} INFO - [2024-03-04T17:39:41.628+0000] {dagbag.py:540} INFO - Filling up the DagBag from /home/airflow/.local/lib/python3.11/site-packages/airflow/example_dags/tutorial_dag.py
[2024-03-04T17:39:41.634+0000] {processor.py:840} INFO - DAG(s) 'tutorial_dag' retrieved from /home/airflow/.local/lib/python3.11/site-packages/airflow/example_dags/tutorial_dag.py
[2024-03-04T17:39:41.656+0000] {logging_mixin.py:188} INFO - [2024-03-04T17:39:41.656+0000] {dag.py:3047} INFO - Sync 1 DAGs
[2024-03-04T17:39:41.671+0000] {logging_mixin.py:188} INFO - [2024-03-04T17:39:41.670+0000] {dag.py:3834} INFO - Setting next_dagrun for tutorial_dag to None, run_after=None
[2024-03-04T17:39:41.687+0000] {processor.py:183} INFO - Processing /home/airflow/.local/lib/python3.11/site-packages/airflow/example_dags/tutorial_dag.py took 0.065 seconds
[2024-03-04T17:40:51.292+0000] {processor.py:161} INFO - Started process (PID=2797) to work on /home/airflow/.local/lib/python3.11/site-packages/airflow/example_dags/tutorial_dag.py
[2024-03-04T17:40:51.294+0000] {processor.py:830} INFO - Processing file /home/airflow/.local/lib/python3.11/site-packages/airflow/example_dags/tutorial_dag.py for tasks to queue
[2024-03-04T17:40:51.296+0000] {logging_mixin.py:188} INFO - [2024-03-04T17:40:51.295+0000] {dagbag.py:540} INFO - Filling up the DagBag from /home/airflow/.local/lib/python3.11/site-packages/airflow/example_dags/tutorial_dag.py
[2024-03-04T17:40:51.306+0000] {processor.py:840} INFO - DAG(s) 'tutorial_dag' retrieved from /home/airflow/.local/lib/python3.11/site-packages/airflow/example_dags/tutorial_dag.py
[2024-03-04T17:40:51.340+0000] {logging_mixin.py:188} INFO - [2024-03-04T17:40:51.339+0000] {dag.py:3047} INFO - Sync 1 DAGs
[2024-03-04T17:40:51.361+0000] {logging_mixin.py:188} INFO - [2024-03-04T17:40:51.360+0000] {dag.py:3834} INFO - Setting next_dagrun for tutorial_dag to None, run_after=None
[2024-03-04T17:40:51.396+0000] {processor.py:183} INFO - Processing /home/airflow/.local/lib/python3.11/site-packages/airflow/example_dags/tutorial_dag.py took 0.109 seconds
[2024-03-04T17:41:23.385+0000] {processor.py:161} INFO - Started process (PID=3042) to work on /home/airflow/.local/lib/python3.11/site-packages/airflow/example_dags/tutorial_dag.py
[2024-03-04T17:41:23.387+0000] {processor.py:830} INFO - Processing file /home/airflow/.local/lib/python3.11/site-packages/airflow/example_dags/tutorial_dag.py for tasks to queue
[2024-03-04T17:41:23.388+0000] {logging_mixin.py:188} INFO - [2024-03-04T17:41:23.388+0000] {dagbag.py:540} INFO - Filling up the DagBag from /home/airflow/.local/lib/python3.11/site-packages/airflow/example_dags/tutorial_dag.py
[2024-03-04T17:41:23.403+0000] {processor.py:840} INFO - DAG(s) 'tutorial_dag' retrieved from /home/airflow/.local/lib/python3.11/site-packages/airflow/example_dags/tutorial_dag.py
[2024-03-04T17:41:23.455+0000] {logging_mixin.py:188} INFO - [2024-03-04T17:41:23.454+0000] {dag.py:3047} INFO - Sync 1 DAGs
[2024-03-04T17:41:23.484+0000] {logging_mixin.py:188} INFO - [2024-03-04T17:41:23.484+0000] {dag.py:3834} INFO - Setting next_dagrun for tutorial_dag to None, run_after=None
[2024-03-04T17:41:23.538+0000] {processor.py:183} INFO - Processing /home/airflow/.local/lib/python3.11/site-packages/airflow/example_dags/tutorial_dag.py took 0.160 seconds
[2024-03-04T17:43:26.094+0000] {processor.py:161} INFO - Started process (PID=316) to work on /home/airflow/.local/lib/python3.11/site-packages/airflow/example_dags/tutorial_dag.py
[2024-03-04T17:43:26.095+0000] {processor.py:830} INFO - Processing file /home/airflow/.local/lib/python3.11/site-packages/airflow/example_dags/tutorial_dag.py for tasks to queue
[2024-03-04T17:43:26.097+0000] {logging_mixin.py:188} INFO - [2024-03-04T17:43:26.096+0000] {dagbag.py:540} INFO - Filling up the DagBag from /home/airflow/.local/lib/python3.11/site-packages/airflow/example_dags/tutorial_dag.py
[2024-03-04T17:43:26.107+0000] {processor.py:840} INFO - DAG(s) 'tutorial_dag' retrieved from /home/airflow/.local/lib/python3.11/site-packages/airflow/example_dags/tutorial_dag.py
[2024-03-04T17:43:26.120+0000] {logging_mixin.py:188} INFO - [2024-03-04T17:43:26.120+0000] {dag.py:3047} INFO - Sync 1 DAGs
[2024-03-04T17:43:26.140+0000] {logging_mixin.py:188} INFO - [2024-03-04T17:43:26.140+0000] {dag.py:3834} INFO - Setting next_dagrun for tutorial_dag to None, run_after=None
[2024-03-04T17:43:26.417+0000] {processor.py:183} INFO - Processing /home/airflow/.local/lib/python3.11/site-packages/airflow/example_dags/tutorial_dag.py took 0.326 seconds
[2024-03-04T17:43:56.849+0000] {processor.py:161} INFO - Started process (PID=561) to work on /home/airflow/.local/lib/python3.11/site-packages/airflow/example_dags/tutorial_dag.py
[2024-03-04T17:43:56.851+0000] {processor.py:830} INFO - Processing file /home/airflow/.local/lib/python3.11/site-packages/airflow/example_dags/tutorial_dag.py for tasks to queue
[2024-03-04T17:43:56.855+0000] {logging_mixin.py:188} INFO - [2024-03-04T17:43:56.854+0000] {dagbag.py:540} INFO - Filling up the DagBag from /home/airflow/.local/lib/python3.11/site-packages/airflow/example_dags/tutorial_dag.py
[2024-03-04T17:43:56.863+0000] {processor.py:840} INFO - DAG(s) 'tutorial_dag' retrieved from /home/airflow/.local/lib/python3.11/site-packages/airflow/example_dags/tutorial_dag.py
[2024-03-04T17:43:56.959+0000] {logging_mixin.py:188} INFO - [2024-03-04T17:43:56.959+0000] {dag.py:3047} INFO - Sync 1 DAGs
[2024-03-04T17:43:56.972+0000] {logging_mixin.py:188} INFO - [2024-03-04T17:43:56.972+0000] {dag.py:3834} INFO - Setting next_dagrun for tutorial_dag to None, run_after=None
[2024-03-04T17:43:57.001+0000] {processor.py:183} INFO - Processing /home/airflow/.local/lib/python3.11/site-packages/airflow/example_dags/tutorial_dag.py took 0.157 seconds
[2024-03-04T17:44:27.466+0000] {processor.py:161} INFO - Started process (PID=808) to work on /home/airflow/.local/lib/python3.11/site-packages/airflow/example_dags/tutorial_dag.py
[2024-03-04T17:44:27.467+0000] {processor.py:830} INFO - Processing file /home/airflow/.local/lib/python3.11/site-packages/airflow/example_dags/tutorial_dag.py for tasks to queue
[2024-03-04T17:44:27.469+0000] {logging_mixin.py:188} INFO - [2024-03-04T17:44:27.468+0000] {dagbag.py:540} INFO - Filling up the DagBag from /home/airflow/.local/lib/python3.11/site-packages/airflow/example_dags/tutorial_dag.py
[2024-03-04T17:44:27.476+0000] {processor.py:840} INFO - DAG(s) 'tutorial_dag' retrieved from /home/airflow/.local/lib/python3.11/site-packages/airflow/example_dags/tutorial_dag.py
[2024-03-04T17:44:27.503+0000] {logging_mixin.py:188} INFO - [2024-03-04T17:44:27.503+0000] {dag.py:3047} INFO - Sync 1 DAGs
[2024-03-04T17:44:27.520+0000] {logging_mixin.py:188} INFO - [2024-03-04T17:44:27.520+0000] {dag.py:3834} INFO - Setting next_dagrun for tutorial_dag to None, run_after=None
[2024-03-04T17:44:27.541+0000] {processor.py:183} INFO - Processing /home/airflow/.local/lib/python3.11/site-packages/airflow/example_dags/tutorial_dag.py took 0.080 seconds
