[2024-03-04T19:07:37.062+0530] {processor.py:161} INFO - Started process (PID=136219) to work on /home/taushif/.local/lib/python3.10/site-packages/airflow/example_dags/plugins/event_listener.py
[2024-03-04T19:07:37.063+0530] {processor.py:830} INFO - Processing file /home/taushif/.local/lib/python3.10/site-packages/airflow/example_dags/plugins/event_listener.py for tasks to queue
[2024-03-04T19:07:37.065+0530] {logging_mixin.py:188} INFO - [2024-03-04T19:07:37.064+0530] {dagbag.py:540} INFO - Filling up the DagBag from /home/taushif/.local/lib/python3.10/site-packages/airflow/example_dags/plugins/event_listener.py
[2024-03-04T19:07:37.068+0530] {processor.py:842} WARNING - No viable dags retrieved from /home/taushif/.local/lib/python3.10/site-packages/airflow/example_dags/plugins/event_listener.py
[2024-03-04T19:07:37.077+0530] {processor.py:183} INFO - Processing /home/taushif/.local/lib/python3.10/site-packages/airflow/example_dags/plugins/event_listener.py took 0.019 seconds
[2024-03-04T19:08:29.069+0530] {processor.py:161} INFO - Started process (PID=136792) to work on /home/taushif/.local/lib/python3.10/site-packages/airflow/example_dags/plugins/event_listener.py
[2024-03-04T19:08:29.076+0530] {processor.py:830} INFO - Processing file /home/taushif/.local/lib/python3.10/site-packages/airflow/example_dags/plugins/event_listener.py for tasks to queue
[2024-03-04T19:08:29.077+0530] {logging_mixin.py:188} INFO - [2024-03-04T19:08:29.076+0530] {dagbag.py:540} INFO - Filling up the DagBag from /home/taushif/.local/lib/python3.10/site-packages/airflow/example_dags/plugins/event_listener.py
[2024-03-04T19:08:29.083+0530] {processor.py:842} WARNING - No viable dags retrieved from /home/taushif/.local/lib/python3.10/site-packages/airflow/example_dags/plugins/event_listener.py
[2024-03-04T19:08:29.101+0530] {processor.py:183} INFO - Processing /home/taushif/.local/lib/python3.10/site-packages/airflow/example_dags/plugins/event_listener.py took 0.038 seconds
[2024-03-04T19:09:08.672+0530] {processor.py:161} INFO - Started process (PID=137249) to work on /home/taushif/.local/lib/python3.10/site-packages/airflow/example_dags/plugins/event_listener.py
[2024-03-04T19:09:08.678+0530] {processor.py:830} INFO - Processing file /home/taushif/.local/lib/python3.10/site-packages/airflow/example_dags/plugins/event_listener.py for tasks to queue
[2024-03-04T19:09:08.679+0530] {logging_mixin.py:188} INFO - [2024-03-04T19:09:08.679+0530] {dagbag.py:540} INFO - Filling up the DagBag from /home/taushif/.local/lib/python3.10/site-packages/airflow/example_dags/plugins/event_listener.py
[2024-03-04T19:09:08.682+0530] {processor.py:842} WARNING - No viable dags retrieved from /home/taushif/.local/lib/python3.10/site-packages/airflow/example_dags/plugins/event_listener.py
[2024-03-04T19:09:08.692+0530] {processor.py:183} INFO - Processing /home/taushif/.local/lib/python3.10/site-packages/airflow/example_dags/plugins/event_listener.py took 0.024 seconds
[2024-03-04T19:09:47.447+0530] {processor.py:161} INFO - Started process (PID=137814) to work on /home/taushif/.local/lib/python3.10/site-packages/airflow/example_dags/plugins/event_listener.py
[2024-03-04T19:09:47.453+0530] {processor.py:830} INFO - Processing file /home/taushif/.local/lib/python3.10/site-packages/airflow/example_dags/plugins/event_listener.py for tasks to queue
[2024-03-04T19:09:47.454+0530] {logging_mixin.py:188} INFO - [2024-03-04T19:09:47.454+0530] {dagbag.py:540} INFO - Filling up the DagBag from /home/taushif/.local/lib/python3.10/site-packages/airflow/example_dags/plugins/event_listener.py
[2024-03-04T19:09:47.456+0530] {processor.py:842} WARNING - No viable dags retrieved from /home/taushif/.local/lib/python3.10/site-packages/airflow/example_dags/plugins/event_listener.py
[2024-03-04T19:09:47.464+0530] {processor.py:183} INFO - Processing /home/taushif/.local/lib/python3.10/site-packages/airflow/example_dags/plugins/event_listener.py took 0.020 seconds
[2024-03-04T19:10:34.295+0530] {processor.py:161} INFO - Started process (PID=138537) to work on /home/taushif/.local/lib/python3.10/site-packages/airflow/example_dags/plugins/event_listener.py
[2024-03-04T19:10:34.301+0530] {processor.py:830} INFO - Processing file /home/taushif/.local/lib/python3.10/site-packages/airflow/example_dags/plugins/event_listener.py for tasks to queue
[2024-03-04T19:10:34.303+0530] {logging_mixin.py:188} INFO - [2024-03-04T19:10:34.302+0530] {dagbag.py:540} INFO - Filling up the DagBag from /home/taushif/.local/lib/python3.10/site-packages/airflow/example_dags/plugins/event_listener.py
[2024-03-04T19:10:34.305+0530] {processor.py:842} WARNING - No viable dags retrieved from /home/taushif/.local/lib/python3.10/site-packages/airflow/example_dags/plugins/event_listener.py
[2024-03-04T19:10:34.312+0530] {processor.py:183} INFO - Processing /home/taushif/.local/lib/python3.10/site-packages/airflow/example_dags/plugins/event_listener.py took 0.019 seconds
[2024-03-04T19:11:14.319+0530] {processor.py:161} INFO - Started process (PID=139217) to work on /home/taushif/.local/lib/python3.10/site-packages/airflow/example_dags/plugins/event_listener.py
[2024-03-04T19:11:14.320+0530] {processor.py:830} INFO - Processing file /home/taushif/.local/lib/python3.10/site-packages/airflow/example_dags/plugins/event_listener.py for tasks to queue
[2024-03-04T19:11:14.321+0530] {logging_mixin.py:188} INFO - [2024-03-04T19:11:14.320+0530] {dagbag.py:540} INFO - Filling up the DagBag from /home/taushif/.local/lib/python3.10/site-packages/airflow/example_dags/plugins/event_listener.py
[2024-03-04T19:11:14.323+0530] {processor.py:842} WARNING - No viable dags retrieved from /home/taushif/.local/lib/python3.10/site-packages/airflow/example_dags/plugins/event_listener.py
[2024-03-04T19:11:14.333+0530] {processor.py:183} INFO - Processing /home/taushif/.local/lib/python3.10/site-packages/airflow/example_dags/plugins/event_listener.py took 0.016 seconds
[2024-03-04T19:11:56.884+0530] {processor.py:161} INFO - Started process (PID=139714) to work on /home/taushif/.local/lib/python3.10/site-packages/airflow/example_dags/plugins/event_listener.py
[2024-03-04T19:11:56.891+0530] {processor.py:830} INFO - Processing file /home/taushif/.local/lib/python3.10/site-packages/airflow/example_dags/plugins/event_listener.py for tasks to queue
[2024-03-04T19:11:56.892+0530] {logging_mixin.py:188} INFO - [2024-03-04T19:11:56.891+0530] {dagbag.py:540} INFO - Filling up the DagBag from /home/taushif/.local/lib/python3.10/site-packages/airflow/example_dags/plugins/event_listener.py
[2024-03-04T19:11:56.895+0530] {processor.py:842} WARNING - No viable dags retrieved from /home/taushif/.local/lib/python3.10/site-packages/airflow/example_dags/plugins/event_listener.py
[2024-03-04T19:11:56.913+0530] {processor.py:183} INFO - Processing /home/taushif/.local/lib/python3.10/site-packages/airflow/example_dags/plugins/event_listener.py took 0.034 seconds
[2024-03-04T19:12:32.876+0530] {processor.py:161} INFO - Started process (PID=140084) to work on /home/taushif/.local/lib/python3.10/site-packages/airflow/example_dags/plugins/event_listener.py
[2024-03-04T19:12:32.881+0530] {processor.py:830} INFO - Processing file /home/taushif/.local/lib/python3.10/site-packages/airflow/example_dags/plugins/event_listener.py for tasks to queue
[2024-03-04T19:12:32.882+0530] {logging_mixin.py:188} INFO - [2024-03-04T19:12:32.882+0530] {dagbag.py:540} INFO - Filling up the DagBag from /home/taushif/.local/lib/python3.10/site-packages/airflow/example_dags/plugins/event_listener.py
[2024-03-04T19:12:32.884+0530] {processor.py:842} WARNING - No viable dags retrieved from /home/taushif/.local/lib/python3.10/site-packages/airflow/example_dags/plugins/event_listener.py
[2024-03-04T19:12:32.891+0530] {processor.py:183} INFO - Processing /home/taushif/.local/lib/python3.10/site-packages/airflow/example_dags/plugins/event_listener.py took 0.017 seconds
[2024-03-04T19:13:19.619+0530] {processor.py:161} INFO - Started process (PID=140554) to work on /home/taushif/.local/lib/python3.10/site-packages/airflow/example_dags/plugins/event_listener.py
[2024-03-04T19:13:19.626+0530] {processor.py:830} INFO - Processing file /home/taushif/.local/lib/python3.10/site-packages/airflow/example_dags/plugins/event_listener.py for tasks to queue
[2024-03-04T19:13:19.628+0530] {logging_mixin.py:188} INFO - [2024-03-04T19:13:19.627+0530] {dagbag.py:540} INFO - Filling up the DagBag from /home/taushif/.local/lib/python3.10/site-packages/airflow/example_dags/plugins/event_listener.py
[2024-03-04T19:13:19.631+0530] {processor.py:842} WARNING - No viable dags retrieved from /home/taushif/.local/lib/python3.10/site-packages/airflow/example_dags/plugins/event_listener.py
[2024-03-04T19:13:19.650+0530] {processor.py:183} INFO - Processing /home/taushif/.local/lib/python3.10/site-packages/airflow/example_dags/plugins/event_listener.py took 0.037 seconds
[2024-03-04T19:14:07.385+0530] {processor.py:161} INFO - Started process (PID=141006) to work on /home/taushif/.local/lib/python3.10/site-packages/airflow/example_dags/plugins/event_listener.py
[2024-03-04T19:14:07.386+0530] {processor.py:830} INFO - Processing file /home/taushif/.local/lib/python3.10/site-packages/airflow/example_dags/plugins/event_listener.py for tasks to queue
[2024-03-04T19:14:07.389+0530] {logging_mixin.py:188} INFO - [2024-03-04T19:14:07.388+0530] {dagbag.py:540} INFO - Filling up the DagBag from /home/taushif/.local/lib/python3.10/site-packages/airflow/example_dags/plugins/event_listener.py
[2024-03-04T19:14:07.393+0530] {processor.py:842} WARNING - No viable dags retrieved from /home/taushif/.local/lib/python3.10/site-packages/airflow/example_dags/plugins/event_listener.py
[2024-03-04T19:14:07.403+0530] {processor.py:183} INFO - Processing /home/taushif/.local/lib/python3.10/site-packages/airflow/example_dags/plugins/event_listener.py took 0.022 seconds
[2024-03-04T19:14:43.679+0530] {processor.py:161} INFO - Started process (PID=141349) to work on /home/taushif/.local/lib/python3.10/site-packages/airflow/example_dags/plugins/event_listener.py
[2024-03-04T19:14:43.680+0530] {processor.py:830} INFO - Processing file /home/taushif/.local/lib/python3.10/site-packages/airflow/example_dags/plugins/event_listener.py for tasks to queue
[2024-03-04T19:14:43.680+0530] {logging_mixin.py:188} INFO - [2024-03-04T19:14:43.680+0530] {dagbag.py:540} INFO - Filling up the DagBag from /home/taushif/.local/lib/python3.10/site-packages/airflow/example_dags/plugins/event_listener.py
[2024-03-04T19:14:43.682+0530] {processor.py:842} WARNING - No viable dags retrieved from /home/taushif/.local/lib/python3.10/site-packages/airflow/example_dags/plugins/event_listener.py
[2024-03-04T19:14:43.692+0530] {processor.py:183} INFO - Processing /home/taushif/.local/lib/python3.10/site-packages/airflow/example_dags/plugins/event_listener.py took 0.015 seconds
[2024-03-04T19:15:15.626+0530] {processor.py:161} INFO - Started process (PID=141655) to work on /home/taushif/.local/lib/python3.10/site-packages/airflow/example_dags/plugins/event_listener.py
[2024-03-04T19:15:15.632+0530] {processor.py:830} INFO - Processing file /home/taushif/.local/lib/python3.10/site-packages/airflow/example_dags/plugins/event_listener.py for tasks to queue
[2024-03-04T19:15:15.634+0530] {logging_mixin.py:188} INFO - [2024-03-04T19:15:15.633+0530] {dagbag.py:540} INFO - Filling up the DagBag from /home/taushif/.local/lib/python3.10/site-packages/airflow/example_dags/plugins/event_listener.py
[2024-03-04T19:15:15.637+0530] {processor.py:842} WARNING - No viable dags retrieved from /home/taushif/.local/lib/python3.10/site-packages/airflow/example_dags/plugins/event_listener.py
[2024-03-04T19:15:15.648+0530] {processor.py:183} INFO - Processing /home/taushif/.local/lib/python3.10/site-packages/airflow/example_dags/plugins/event_listener.py took 0.025 seconds
