[2024-03-04T19:07:38.217+0530] {processor.py:161} INFO - Started process (PID=136235) to work on /home/taushif/.local/lib/python3.10/site-packages/airflow/example_dags/plugins/listener_plugin.py
[2024-03-04T19:07:38.218+0530] {processor.py:830} INFO - Processing file /home/taushif/.local/lib/python3.10/site-packages/airflow/example_dags/plugins/listener_plugin.py for tasks to queue
[2024-03-04T19:07:38.218+0530] {logging_mixin.py:188} INFO - [2024-03-04T19:07:38.218+0530] {dagbag.py:540} INFO - Filling up the DagBag from /home/taushif/.local/lib/python3.10/site-packages/airflow/example_dags/plugins/listener_plugin.py
[2024-03-04T19:07:38.220+0530] {processor.py:842} WARNING - No viable dags retrieved from /home/taushif/.local/lib/python3.10/site-packages/airflow/example_dags/plugins/listener_plugin.py
[2024-03-04T19:07:38.228+0530] {processor.py:183} INFO - Processing /home/taushif/.local/lib/python3.10/site-packages/airflow/example_dags/plugins/listener_plugin.py took 0.013 seconds
[2024-03-04T19:08:29.416+0530] {processor.py:161} INFO - Started process (PID=136796) to work on /home/taushif/.local/lib/python3.10/site-packages/airflow/example_dags/plugins/listener_plugin.py
[2024-03-04T19:08:29.429+0530] {processor.py:830} INFO - Processing file /home/taushif/.local/lib/python3.10/site-packages/airflow/example_dags/plugins/listener_plugin.py for tasks to queue
[2024-03-04T19:08:29.432+0530] {logging_mixin.py:188} INFO - [2024-03-04T19:08:29.431+0530] {dagbag.py:540} INFO - Filling up the DagBag from /home/taushif/.local/lib/python3.10/site-packages/airflow/example_dags/plugins/listener_plugin.py
[2024-03-04T19:08:29.435+0530] {processor.py:842} WARNING - No viable dags retrieved from /home/taushif/.local/lib/python3.10/site-packages/airflow/example_dags/plugins/listener_plugin.py
[2024-03-04T19:08:29.450+0530] {processor.py:183} INFO - Processing /home/taushif/.local/lib/python3.10/site-packages/airflow/example_dags/plugins/listener_plugin.py took 0.036 seconds
[2024-03-04T19:09:09.811+0530] {processor.py:161} INFO - Started process (PID=137264) to work on /home/taushif/.local/lib/python3.10/site-packages/airflow/example_dags/plugins/listener_plugin.py
[2024-03-04T19:09:09.817+0530] {processor.py:830} INFO - Processing file /home/taushif/.local/lib/python3.10/site-packages/airflow/example_dags/plugins/listener_plugin.py for tasks to queue
[2024-03-04T19:09:09.818+0530] {logging_mixin.py:188} INFO - [2024-03-04T19:09:09.817+0530] {dagbag.py:540} INFO - Filling up the DagBag from /home/taushif/.local/lib/python3.10/site-packages/airflow/example_dags/plugins/listener_plugin.py
[2024-03-04T19:09:09.820+0530] {processor.py:842} WARNING - No viable dags retrieved from /home/taushif/.local/lib/python3.10/site-packages/airflow/example_dags/plugins/listener_plugin.py
[2024-03-04T19:09:09.829+0530] {processor.py:183} INFO - Processing /home/taushif/.local/lib/python3.10/site-packages/airflow/example_dags/plugins/listener_plugin.py took 0.021 seconds
[2024-03-04T19:09:48.605+0530] {processor.py:161} INFO - Started process (PID=137815) to work on /home/taushif/.local/lib/python3.10/site-packages/airflow/example_dags/plugins/listener_plugin.py
[2024-03-04T19:09:48.611+0530] {processor.py:830} INFO - Processing file /home/taushif/.local/lib/python3.10/site-packages/airflow/example_dags/plugins/listener_plugin.py for tasks to queue
[2024-03-04T19:09:48.612+0530] {logging_mixin.py:188} INFO - [2024-03-04T19:09:48.612+0530] {dagbag.py:540} INFO - Filling up the DagBag from /home/taushif/.local/lib/python3.10/site-packages/airflow/example_dags/plugins/listener_plugin.py
[2024-03-04T19:09:48.616+0530] {processor.py:842} WARNING - No viable dags retrieved from /home/taushif/.local/lib/python3.10/site-packages/airflow/example_dags/plugins/listener_plugin.py
[2024-03-04T19:09:48.625+0530] {processor.py:183} INFO - Processing /home/taushif/.local/lib/python3.10/site-packages/airflow/example_dags/plugins/listener_plugin.py took 0.024 seconds
[2024-03-04T19:10:34.607+0530] {processor.py:161} INFO - Started process (PID=138538) to work on /home/taushif/.local/lib/python3.10/site-packages/airflow/example_dags/plugins/listener_plugin.py
[2024-03-04T19:10:34.613+0530] {processor.py:830} INFO - Processing file /home/taushif/.local/lib/python3.10/site-packages/airflow/example_dags/plugins/listener_plugin.py for tasks to queue
[2024-03-04T19:10:34.615+0530] {logging_mixin.py:188} INFO - [2024-03-04T19:10:34.614+0530] {dagbag.py:540} INFO - Filling up the DagBag from /home/taushif/.local/lib/python3.10/site-packages/airflow/example_dags/plugins/listener_plugin.py
[2024-03-04T19:10:34.618+0530] {processor.py:842} WARNING - No viable dags retrieved from /home/taushif/.local/lib/python3.10/site-packages/airflow/example_dags/plugins/listener_plugin.py
[2024-03-04T19:10:34.628+0530] {processor.py:183} INFO - Processing /home/taushif/.local/lib/python3.10/site-packages/airflow/example_dags/plugins/listener_plugin.py took 0.024 seconds
[2024-03-04T19:11:15.460+0530] {processor.py:161} INFO - Started process (PID=139237) to work on /home/taushif/.local/lib/python3.10/site-packages/airflow/example_dags/plugins/listener_plugin.py
[2024-03-04T19:11:15.465+0530] {processor.py:830} INFO - Processing file /home/taushif/.local/lib/python3.10/site-packages/airflow/example_dags/plugins/listener_plugin.py for tasks to queue
[2024-03-04T19:11:15.466+0530] {logging_mixin.py:188} INFO - [2024-03-04T19:11:15.465+0530] {dagbag.py:540} INFO - Filling up the DagBag from /home/taushif/.local/lib/python3.10/site-packages/airflow/example_dags/plugins/listener_plugin.py
[2024-03-04T19:11:15.468+0530] {processor.py:842} WARNING - No viable dags retrieved from /home/taushif/.local/lib/python3.10/site-packages/airflow/example_dags/plugins/listener_plugin.py
[2024-03-04T19:11:15.475+0530] {processor.py:183} INFO - Processing /home/taushif/.local/lib/python3.10/site-packages/airflow/example_dags/plugins/listener_plugin.py took 0.017 seconds
[2024-03-04T19:11:58.048+0530] {processor.py:161} INFO - Started process (PID=139730) to work on /home/taushif/.local/lib/python3.10/site-packages/airflow/example_dags/plugins/listener_plugin.py
[2024-03-04T19:11:58.054+0530] {processor.py:830} INFO - Processing file /home/taushif/.local/lib/python3.10/site-packages/airflow/example_dags/plugins/listener_plugin.py for tasks to queue
[2024-03-04T19:11:58.055+0530] {logging_mixin.py:188} INFO - [2024-03-04T19:11:58.055+0530] {dagbag.py:540} INFO - Filling up the DagBag from /home/taushif/.local/lib/python3.10/site-packages/airflow/example_dags/plugins/listener_plugin.py
[2024-03-04T19:11:58.059+0530] {processor.py:842} WARNING - No viable dags retrieved from /home/taushif/.local/lib/python3.10/site-packages/airflow/example_dags/plugins/listener_plugin.py
[2024-03-04T19:11:58.072+0530] {processor.py:183} INFO - Processing /home/taushif/.local/lib/python3.10/site-packages/airflow/example_dags/plugins/listener_plugin.py took 0.026 seconds
[2024-03-04T19:12:33.256+0530] {processor.py:161} INFO - Started process (PID=140085) to work on /home/taushif/.local/lib/python3.10/site-packages/airflow/example_dags/plugins/listener_plugin.py
[2024-03-04T19:12:33.256+0530] {processor.py:830} INFO - Processing file /home/taushif/.local/lib/python3.10/site-packages/airflow/example_dags/plugins/listener_plugin.py for tasks to queue
[2024-03-04T19:12:33.257+0530] {logging_mixin.py:188} INFO - [2024-03-04T19:12:33.257+0530] {dagbag.py:540} INFO - Filling up the DagBag from /home/taushif/.local/lib/python3.10/site-packages/airflow/example_dags/plugins/listener_plugin.py
[2024-03-04T19:12:33.260+0530] {processor.py:842} WARNING - No viable dags retrieved from /home/taushif/.local/lib/python3.10/site-packages/airflow/example_dags/plugins/listener_plugin.py
[2024-03-04T19:12:33.267+0530] {processor.py:183} INFO - Processing /home/taushif/.local/lib/python3.10/site-packages/airflow/example_dags/plugins/listener_plugin.py took 0.014 seconds
[2024-03-04T19:13:20.761+0530] {processor.py:161} INFO - Started process (PID=140570) to work on /home/taushif/.local/lib/python3.10/site-packages/airflow/example_dags/plugins/listener_plugin.py
[2024-03-04T19:13:20.762+0530] {processor.py:830} INFO - Processing file /home/taushif/.local/lib/python3.10/site-packages/airflow/example_dags/plugins/listener_plugin.py for tasks to queue
[2024-03-04T19:13:20.764+0530] {logging_mixin.py:188} INFO - [2024-03-04T19:13:20.763+0530] {dagbag.py:540} INFO - Filling up the DagBag from /home/taushif/.local/lib/python3.10/site-packages/airflow/example_dags/plugins/listener_plugin.py
[2024-03-04T19:13:20.769+0530] {processor.py:842} WARNING - No viable dags retrieved from /home/taushif/.local/lib/python3.10/site-packages/airflow/example_dags/plugins/listener_plugin.py
[2024-03-04T19:13:20.789+0530] {processor.py:183} INFO - Processing /home/taushif/.local/lib/python3.10/site-packages/airflow/example_dags/plugins/listener_plugin.py took 0.033 seconds
[2024-03-04T19:14:07.692+0530] {processor.py:161} INFO - Started process (PID=141007) to work on /home/taushif/.local/lib/python3.10/site-packages/airflow/example_dags/plugins/listener_plugin.py
[2024-03-04T19:14:07.699+0530] {processor.py:830} INFO - Processing file /home/taushif/.local/lib/python3.10/site-packages/airflow/example_dags/plugins/listener_plugin.py for tasks to queue
[2024-03-04T19:14:07.700+0530] {logging_mixin.py:188} INFO - [2024-03-04T19:14:07.700+0530] {dagbag.py:540} INFO - Filling up the DagBag from /home/taushif/.local/lib/python3.10/site-packages/airflow/example_dags/plugins/listener_plugin.py
[2024-03-04T19:14:07.706+0530] {processor.py:842} WARNING - No viable dags retrieved from /home/taushif/.local/lib/python3.10/site-packages/airflow/example_dags/plugins/listener_plugin.py
[2024-03-04T19:14:07.726+0530] {processor.py:183} INFO - Processing /home/taushif/.local/lib/python3.10/site-packages/airflow/example_dags/plugins/listener_plugin.py took 0.040 seconds
[2024-03-04T19:14:44.025+0530] {processor.py:161} INFO - Started process (PID=141368) to work on /home/taushif/.local/lib/python3.10/site-packages/airflow/example_dags/plugins/listener_plugin.py
[2024-03-04T19:14:44.031+0530] {processor.py:830} INFO - Processing file /home/taushif/.local/lib/python3.10/site-packages/airflow/example_dags/plugins/listener_plugin.py for tasks to queue
[2024-03-04T19:14:44.032+0530] {logging_mixin.py:188} INFO - [2024-03-04T19:14:44.032+0530] {dagbag.py:540} INFO - Filling up the DagBag from /home/taushif/.local/lib/python3.10/site-packages/airflow/example_dags/plugins/listener_plugin.py
[2024-03-04T19:14:44.038+0530] {processor.py:842} WARNING - No viable dags retrieved from /home/taushif/.local/lib/python3.10/site-packages/airflow/example_dags/plugins/listener_plugin.py
[2024-03-04T19:14:44.057+0530] {processor.py:183} INFO - Processing /home/taushif/.local/lib/python3.10/site-packages/airflow/example_dags/plugins/listener_plugin.py took 0.039 seconds
[2024-03-04T19:15:16.769+0530] {processor.py:161} INFO - Started process (PID=141656) to work on /home/taushif/.local/lib/python3.10/site-packages/airflow/example_dags/plugins/listener_plugin.py
[2024-03-04T19:15:16.775+0530] {processor.py:830} INFO - Processing file /home/taushif/.local/lib/python3.10/site-packages/airflow/example_dags/plugins/listener_plugin.py for tasks to queue
[2024-03-04T19:15:16.776+0530] {logging_mixin.py:188} INFO - [2024-03-04T19:15:16.776+0530] {dagbag.py:540} INFO - Filling up the DagBag from /home/taushif/.local/lib/python3.10/site-packages/airflow/example_dags/plugins/listener_plugin.py
[2024-03-04T19:15:16.780+0530] {processor.py:842} WARNING - No viable dags retrieved from /home/taushif/.local/lib/python3.10/site-packages/airflow/example_dags/plugins/listener_plugin.py
[2024-03-04T19:15:16.789+0530] {processor.py:183} INFO - Processing /home/taushif/.local/lib/python3.10/site-packages/airflow/example_dags/plugins/listener_plugin.py took 0.024 seconds
