[2024-03-04T19:07:35.915+0530] {processor.py:161} INFO - Started process (PID=136191) to work on /home/taushif/.local/lib/python3.10/site-packages/airflow/example_dags/plugins/workday.py
[2024-03-04T19:07:35.916+0530] {processor.py:830} INFO - Processing file /home/taushif/.local/lib/python3.10/site-packages/airflow/example_dags/plugins/workday.py for tasks to queue
[2024-03-04T19:07:35.917+0530] {logging_mixin.py:188} INFO - [2024-03-04T19:07:35.917+0530] {dagbag.py:540} INFO - Filling up the DagBag from /home/taushif/.local/lib/python3.10/site-packages/airflow/example_dags/plugins/workday.py
[2024-03-04T19:07:35.921+0530] {logging_mixin.py:188} INFO - [2024-03-04T19:07:35.921+0530] {workday.py:40} WARNING - Could not import pandas. Holidays will not be considered.
[2024-03-04T19:07:35.921+0530] {processor.py:842} WARNING - No viable dags retrieved from /home/taushif/.local/lib/python3.10/site-packages/airflow/example_dags/plugins/workday.py
[2024-03-04T19:07:35.930+0530] {processor.py:183} INFO - Processing /home/taushif/.local/lib/python3.10/site-packages/airflow/example_dags/plugins/workday.py took 0.019 seconds
[2024-03-04T19:08:27.917+0530] {processor.py:161} INFO - Started process (PID=136777) to work on /home/taushif/.local/lib/python3.10/site-packages/airflow/example_dags/plugins/workday.py
[2024-03-04T19:08:27.924+0530] {processor.py:830} INFO - Processing file /home/taushif/.local/lib/python3.10/site-packages/airflow/example_dags/plugins/workday.py for tasks to queue
[2024-03-04T19:08:27.926+0530] {logging_mixin.py:188} INFO - [2024-03-04T19:08:27.925+0530] {dagbag.py:540} INFO - Filling up the DagBag from /home/taushif/.local/lib/python3.10/site-packages/airflow/example_dags/plugins/workday.py
[2024-03-04T19:08:27.931+0530] {logging_mixin.py:188} INFO - [2024-03-04T19:08:27.931+0530] {workday.py:40} WARNING - Could not import pandas. Holidays will not be considered.
[2024-03-04T19:08:27.932+0530] {processor.py:842} WARNING - No viable dags retrieved from /home/taushif/.local/lib/python3.10/site-packages/airflow/example_dags/plugins/workday.py
[2024-03-04T19:08:27.952+0530] {processor.py:183} INFO - Processing /home/taushif/.local/lib/python3.10/site-packages/airflow/example_dags/plugins/workday.py took 0.041 seconds
[2024-03-04T19:09:07.523+0530] {processor.py:161} INFO - Started process (PID=137248) to work on /home/taushif/.local/lib/python3.10/site-packages/airflow/example_dags/plugins/workday.py
[2024-03-04T19:09:07.528+0530] {processor.py:830} INFO - Processing file /home/taushif/.local/lib/python3.10/site-packages/airflow/example_dags/plugins/workday.py for tasks to queue
[2024-03-04T19:09:07.529+0530] {logging_mixin.py:188} INFO - [2024-03-04T19:09:07.529+0530] {dagbag.py:540} INFO - Filling up the DagBag from /home/taushif/.local/lib/python3.10/site-packages/airflow/example_dags/plugins/workday.py
[2024-03-04T19:09:07.531+0530] {logging_mixin.py:188} INFO - [2024-03-04T19:09:07.531+0530] {workday.py:40} WARNING - Could not import pandas. Holidays will not be considered.
[2024-03-04T19:09:07.531+0530] {processor.py:842} WARNING - No viable dags retrieved from /home/taushif/.local/lib/python3.10/site-packages/airflow/example_dags/plugins/workday.py
[2024-03-04T19:09:07.538+0530] {processor.py:183} INFO - Processing /home/taushif/.local/lib/python3.10/site-packages/airflow/example_dags/plugins/workday.py took 0.017 seconds
[2024-03-04T19:09:46.306+0530] {processor.py:161} INFO - Started process (PID=137779) to work on /home/taushif/.local/lib/python3.10/site-packages/airflow/example_dags/plugins/workday.py
[2024-03-04T19:09:46.312+0530] {processor.py:830} INFO - Processing file /home/taushif/.local/lib/python3.10/site-packages/airflow/example_dags/plugins/workday.py for tasks to queue
[2024-03-04T19:09:46.313+0530] {logging_mixin.py:188} INFO - [2024-03-04T19:09:46.313+0530] {dagbag.py:540} INFO - Filling up the DagBag from /home/taushif/.local/lib/python3.10/site-packages/airflow/example_dags/plugins/workday.py
[2024-03-04T19:09:46.317+0530] {logging_mixin.py:188} INFO - [2024-03-04T19:09:46.316+0530] {workday.py:40} WARNING - Could not import pandas. Holidays will not be considered.
[2024-03-04T19:09:46.317+0530] {processor.py:842} WARNING - No viable dags retrieved from /home/taushif/.local/lib/python3.10/site-packages/airflow/example_dags/plugins/workday.py
[2024-03-04T19:09:46.326+0530] {processor.py:183} INFO - Processing /home/taushif/.local/lib/python3.10/site-packages/airflow/example_dags/plugins/workday.py took 0.024 seconds
[2024-03-04T19:10:33.710+0530] {processor.py:161} INFO - Started process (PID=138521) to work on /home/taushif/.local/lib/python3.10/site-packages/airflow/example_dags/plugins/workday.py
[2024-03-04T19:10:33.716+0530] {processor.py:830} INFO - Processing file /home/taushif/.local/lib/python3.10/site-packages/airflow/example_dags/plugins/workday.py for tasks to queue
[2024-03-04T19:10:33.717+0530] {logging_mixin.py:188} INFO - [2024-03-04T19:10:33.716+0530] {dagbag.py:540} INFO - Filling up the DagBag from /home/taushif/.local/lib/python3.10/site-packages/airflow/example_dags/plugins/workday.py
[2024-03-04T19:10:33.720+0530] {logging_mixin.py:188} INFO - [2024-03-04T19:10:33.720+0530] {workday.py:40} WARNING - Could not import pandas. Holidays will not be considered.
[2024-03-04T19:10:33.720+0530] {processor.py:842} WARNING - No viable dags retrieved from /home/taushif/.local/lib/python3.10/site-packages/airflow/example_dags/plugins/workday.py
[2024-03-04T19:10:33.727+0530] {processor.py:183} INFO - Processing /home/taushif/.local/lib/python3.10/site-packages/airflow/example_dags/plugins/workday.py took 0.019 seconds
[2024-03-04T19:11:13.163+0530] {processor.py:161} INFO - Started process (PID=139201) to work on /home/taushif/.local/lib/python3.10/site-packages/airflow/example_dags/plugins/workday.py
[2024-03-04T19:11:13.165+0530] {processor.py:830} INFO - Processing file /home/taushif/.local/lib/python3.10/site-packages/airflow/example_dags/plugins/workday.py for tasks to queue
[2024-03-04T19:11:13.167+0530] {logging_mixin.py:188} INFO - [2024-03-04T19:11:13.166+0530] {dagbag.py:540} INFO - Filling up the DagBag from /home/taushif/.local/lib/python3.10/site-packages/airflow/example_dags/plugins/workday.py
[2024-03-04T19:11:13.171+0530] {logging_mixin.py:188} INFO - [2024-03-04T19:11:13.171+0530] {workday.py:40} WARNING - Could not import pandas. Holidays will not be considered.
[2024-03-04T19:11:13.172+0530] {processor.py:842} WARNING - No viable dags retrieved from /home/taushif/.local/lib/python3.10/site-packages/airflow/example_dags/plugins/workday.py
[2024-03-04T19:11:13.190+0530] {processor.py:183} INFO - Processing /home/taushif/.local/lib/python3.10/site-packages/airflow/example_dags/plugins/workday.py took 0.033 seconds
[2024-03-04T19:11:55.731+0530] {processor.py:161} INFO - Started process (PID=139713) to work on /home/taushif/.local/lib/python3.10/site-packages/airflow/example_dags/plugins/workday.py
[2024-03-04T19:11:55.737+0530] {processor.py:830} INFO - Processing file /home/taushif/.local/lib/python3.10/site-packages/airflow/example_dags/plugins/workday.py for tasks to queue
[2024-03-04T19:11:55.738+0530] {logging_mixin.py:188} INFO - [2024-03-04T19:11:55.737+0530] {dagbag.py:540} INFO - Filling up the DagBag from /home/taushif/.local/lib/python3.10/site-packages/airflow/example_dags/plugins/workday.py
[2024-03-04T19:11:55.740+0530] {logging_mixin.py:188} INFO - [2024-03-04T19:11:55.740+0530] {workday.py:40} WARNING - Could not import pandas. Holidays will not be considered.
[2024-03-04T19:11:55.740+0530] {processor.py:842} WARNING - No viable dags retrieved from /home/taushif/.local/lib/python3.10/site-packages/airflow/example_dags/plugins/workday.py
[2024-03-04T19:11:55.746+0530] {processor.py:183} INFO - Processing /home/taushif/.local/lib/python3.10/site-packages/airflow/example_dags/plugins/workday.py took 0.017 seconds
[2024-03-04T19:12:32.185+0530] {processor.py:161} INFO - Started process (PID=140068) to work on /home/taushif/.local/lib/python3.10/site-packages/airflow/example_dags/plugins/workday.py
[2024-03-04T19:12:32.190+0530] {processor.py:830} INFO - Processing file /home/taushif/.local/lib/python3.10/site-packages/airflow/example_dags/plugins/workday.py for tasks to queue
[2024-03-04T19:12:32.191+0530] {logging_mixin.py:188} INFO - [2024-03-04T19:12:32.190+0530] {dagbag.py:540} INFO - Filling up the DagBag from /home/taushif/.local/lib/python3.10/site-packages/airflow/example_dags/plugins/workday.py
[2024-03-04T19:12:32.192+0530] {logging_mixin.py:188} INFO - [2024-03-04T19:12:32.192+0530] {workday.py:40} WARNING - Could not import pandas. Holidays will not be considered.
[2024-03-04T19:12:32.193+0530] {processor.py:842} WARNING - No viable dags retrieved from /home/taushif/.local/lib/python3.10/site-packages/airflow/example_dags/plugins/workday.py
[2024-03-04T19:12:32.200+0530] {processor.py:183} INFO - Processing /home/taushif/.local/lib/python3.10/site-packages/airflow/example_dags/plugins/workday.py took 0.017 seconds
[2024-03-04T19:13:18.455+0530] {processor.py:161} INFO - Started process (PID=140553) to work on /home/taushif/.local/lib/python3.10/site-packages/airflow/example_dags/plugins/workday.py
[2024-03-04T19:13:18.461+0530] {processor.py:830} INFO - Processing file /home/taushif/.local/lib/python3.10/site-packages/airflow/example_dags/plugins/workday.py for tasks to queue
[2024-03-04T19:13:18.463+0530] {logging_mixin.py:188} INFO - [2024-03-04T19:13:18.462+0530] {dagbag.py:540} INFO - Filling up the DagBag from /home/taushif/.local/lib/python3.10/site-packages/airflow/example_dags/plugins/workday.py
[2024-03-04T19:13:18.469+0530] {logging_mixin.py:188} INFO - [2024-03-04T19:13:18.468+0530] {workday.py:40} WARNING - Could not import pandas. Holidays will not be considered.
[2024-03-04T19:13:18.470+0530] {processor.py:842} WARNING - No viable dags retrieved from /home/taushif/.local/lib/python3.10/site-packages/airflow/example_dags/plugins/workday.py
[2024-03-04T19:13:18.487+0530] {processor.py:183} INFO - Processing /home/taushif/.local/lib/python3.10/site-packages/airflow/example_dags/plugins/workday.py took 0.038 seconds
[2024-03-04T19:13:51.075+0530] {processor.py:161} INFO - Started process (PID=140860) to work on /home/taushif/.local/lib/python3.10/site-packages/airflow/example_dags/plugins/workday.py
[2024-03-04T19:13:51.081+0530] {processor.py:830} INFO - Processing file /home/taushif/.local/lib/python3.10/site-packages/airflow/example_dags/plugins/workday.py for tasks to queue
[2024-03-04T19:13:51.083+0530] {logging_mixin.py:188} INFO - [2024-03-04T19:13:51.083+0530] {dagbag.py:540} INFO - Filling up the DagBag from /home/taushif/.local/lib/python3.10/site-packages/airflow/example_dags/plugins/workday.py
[2024-03-04T19:13:51.088+0530] {logging_mixin.py:188} INFO - [2024-03-04T19:13:51.088+0530] {workday.py:40} WARNING - Could not import pandas. Holidays will not be considered.
[2024-03-04T19:13:51.088+0530] {processor.py:842} WARNING - No viable dags retrieved from /home/taushif/.local/lib/python3.10/site-packages/airflow/example_dags/plugins/workday.py
[2024-03-04T19:13:51.101+0530] {processor.py:183} INFO - Processing /home/taushif/.local/lib/python3.10/site-packages/airflow/example_dags/plugins/workday.py took 0.030 seconds
[2024-03-04T19:14:27.187+0530] {processor.py:161} INFO - Started process (PID=141185) to work on /home/taushif/.local/lib/python3.10/site-packages/airflow/example_dags/plugins/workday.py
[2024-03-04T19:14:27.194+0530] {processor.py:830} INFO - Processing file /home/taushif/.local/lib/python3.10/site-packages/airflow/example_dags/plugins/workday.py for tasks to queue
[2024-03-04T19:14:27.196+0530] {logging_mixin.py:188} INFO - [2024-03-04T19:14:27.195+0530] {dagbag.py:540} INFO - Filling up the DagBag from /home/taushif/.local/lib/python3.10/site-packages/airflow/example_dags/plugins/workday.py
[2024-03-04T19:14:27.202+0530] {logging_mixin.py:188} INFO - [2024-03-04T19:14:27.201+0530] {workday.py:40} WARNING - Could not import pandas. Holidays will not be considered.
[2024-03-04T19:14:27.202+0530] {processor.py:842} WARNING - No viable dags retrieved from /home/taushif/.local/lib/python3.10/site-packages/airflow/example_dags/plugins/workday.py
[2024-03-04T19:14:27.215+0530] {processor.py:183} INFO - Processing /home/taushif/.local/lib/python3.10/site-packages/airflow/example_dags/plugins/workday.py took 0.035 seconds
[2024-03-04T19:15:01.821+0530] {processor.py:161} INFO - Started process (PID=141522) to work on /home/taushif/.local/lib/python3.10/site-packages/airflow/example_dags/plugins/workday.py
[2024-03-04T19:15:01.829+0530] {processor.py:830} INFO - Processing file /home/taushif/.local/lib/python3.10/site-packages/airflow/example_dags/plugins/workday.py for tasks to queue
[2024-03-04T19:15:01.831+0530] {logging_mixin.py:188} INFO - [2024-03-04T19:15:01.830+0530] {dagbag.py:540} INFO - Filling up the DagBag from /home/taushif/.local/lib/python3.10/site-packages/airflow/example_dags/plugins/workday.py
[2024-03-04T19:15:01.836+0530] {logging_mixin.py:188} INFO - [2024-03-04T19:15:01.835+0530] {workday.py:40} WARNING - Could not import pandas. Holidays will not be considered.
[2024-03-04T19:15:01.836+0530] {processor.py:842} WARNING - No viable dags retrieved from /home/taushif/.local/lib/python3.10/site-packages/airflow/example_dags/plugins/workday.py
[2024-03-04T19:15:01.856+0530] {processor.py:183} INFO - Processing /home/taushif/.local/lib/python3.10/site-packages/airflow/example_dags/plugins/workday.py took 0.039 seconds
[2024-03-04T19:15:34.595+0530] {processor.py:161} INFO - Started process (PID=141826) to work on /home/taushif/.local/lib/python3.10/site-packages/airflow/example_dags/plugins/workday.py
[2024-03-04T19:15:34.596+0530] {processor.py:830} INFO - Processing file /home/taushif/.local/lib/python3.10/site-packages/airflow/example_dags/plugins/workday.py for tasks to queue
[2024-03-04T19:15:34.596+0530] {logging_mixin.py:188} INFO - [2024-03-04T19:15:34.596+0530] {dagbag.py:540} INFO - Filling up the DagBag from /home/taushif/.local/lib/python3.10/site-packages/airflow/example_dags/plugins/workday.py
[2024-03-04T19:15:34.599+0530] {logging_mixin.py:188} INFO - [2024-03-04T19:15:34.598+0530] {workday.py:40} WARNING - Could not import pandas. Holidays will not be considered.
[2024-03-04T19:15:34.599+0530] {processor.py:842} WARNING - No viable dags retrieved from /home/taushif/.local/lib/python3.10/site-packages/airflow/example_dags/plugins/workday.py
[2024-03-04T19:15:34.606+0530] {processor.py:183} INFO - Processing /home/taushif/.local/lib/python3.10/site-packages/airflow/example_dags/plugins/workday.py took 0.013 seconds
