[2024-03-06T13:44:40.544+0000] {processor.py:161} INFO - Started process (PID=359) to work on /home/airflow/.local/lib/python3.11/site-packages/airflow/example_dags/example_branch_day_of_week_operator.py
[2024-03-06T13:44:40.546+0000] {processor.py:830} INFO - Processing file /home/airflow/.local/lib/python3.11/site-packages/airflow/example_dags/example_branch_day_of_week_operator.py for tasks to queue
[2024-03-06T13:44:40.548+0000] {logging_mixin.py:188} INFO - [2024-03-06T13:44:40.547+0000] {dagbag.py:540} INFO - Filling up the DagBag from /home/airflow/.local/lib/python3.11/site-packages/airflow/example_dags/example_branch_day_of_week_operator.py
[2024-03-06T13:44:40.559+0000] {processor.py:840} INFO - DAG(s) 'example_weekday_branch_operator' retrieved from /home/airflow/.local/lib/python3.11/site-packages/airflow/example_dags/example_branch_day_of_week_operator.py
[2024-03-06T13:44:40.602+0000] {logging_mixin.py:188} INFO - [2024-03-06T13:44:40.601+0000] {dag.py:3047} INFO - Sync 1 DAGs
[2024-03-06T13:44:40.852+0000] {logging_mixin.py:188} INFO - [2024-03-06T13:44:40.851+0000] {dag.py:3834} INFO - Setting next_dagrun for example_weekday_branch_operator to 2024-03-05 00:00:00+00:00, run_after=2024-03-06 00:00:00+00:00
[2024-03-06T13:44:40.876+0000] {processor.py:183} INFO - Processing /home/airflow/.local/lib/python3.11/site-packages/airflow/example_dags/example_branch_day_of_week_operator.py took 0.337 seconds
[2024-03-06T13:45:11.750+0000] {processor.py:161} INFO - Started process (PID=607) to work on /home/airflow/.local/lib/python3.11/site-packages/airflow/example_dags/example_branch_day_of_week_operator.py
[2024-03-06T13:45:11.752+0000] {processor.py:830} INFO - Processing file /home/airflow/.local/lib/python3.11/site-packages/airflow/example_dags/example_branch_day_of_week_operator.py for tasks to queue
[2024-03-06T13:45:11.756+0000] {logging_mixin.py:188} INFO - [2024-03-06T13:45:11.755+0000] {dagbag.py:540} INFO - Filling up the DagBag from /home/airflow/.local/lib/python3.11/site-packages/airflow/example_dags/example_branch_day_of_week_operator.py
[2024-03-06T13:45:11.765+0000] {processor.py:840} INFO - DAG(s) 'example_weekday_branch_operator' retrieved from /home/airflow/.local/lib/python3.11/site-packages/airflow/example_dags/example_branch_day_of_week_operator.py
[2024-03-06T13:45:11.798+0000] {logging_mixin.py:188} INFO - [2024-03-06T13:45:11.797+0000] {dag.py:3047} INFO - Sync 1 DAGs
[2024-03-06T13:45:11.829+0000] {logging_mixin.py:188} INFO - [2024-03-06T13:45:11.829+0000] {dag.py:3834} INFO - Setting next_dagrun for example_weekday_branch_operator to 2024-03-05 00:00:00+00:00, run_after=2024-03-06 00:00:00+00:00
[2024-03-06T13:45:11.849+0000] {processor.py:183} INFO - Processing /home/airflow/.local/lib/python3.11/site-packages/airflow/example_dags/example_branch_day_of_week_operator.py took 0.102 seconds
[2024-03-06T13:45:42.362+0000] {processor.py:161} INFO - Started process (PID=853) to work on /home/airflow/.local/lib/python3.11/site-packages/airflow/example_dags/example_branch_day_of_week_operator.py
[2024-03-06T13:45:42.373+0000] {processor.py:830} INFO - Processing file /home/airflow/.local/lib/python3.11/site-packages/airflow/example_dags/example_branch_day_of_week_operator.py for tasks to queue
[2024-03-06T13:45:42.375+0000] {logging_mixin.py:188} INFO - [2024-03-06T13:45:42.374+0000] {dagbag.py:540} INFO - Filling up the DagBag from /home/airflow/.local/lib/python3.11/site-packages/airflow/example_dags/example_branch_day_of_week_operator.py
[2024-03-06T13:45:42.384+0000] {processor.py:840} INFO - DAG(s) 'example_weekday_branch_operator' retrieved from /home/airflow/.local/lib/python3.11/site-packages/airflow/example_dags/example_branch_day_of_week_operator.py
[2024-03-06T13:45:42.409+0000] {logging_mixin.py:188} INFO - [2024-03-06T13:45:42.408+0000] {dag.py:3047} INFO - Sync 1 DAGs
[2024-03-06T13:45:42.439+0000] {logging_mixin.py:188} INFO - [2024-03-06T13:45:42.439+0000] {dag.py:3834} INFO - Setting next_dagrun for example_weekday_branch_operator to 2024-03-05 00:00:00+00:00, run_after=2024-03-06 00:00:00+00:00
[2024-03-06T13:45:42.472+0000] {processor.py:183} INFO - Processing /home/airflow/.local/lib/python3.11/site-packages/airflow/example_dags/example_branch_day_of_week_operator.py took 0.114 seconds
[2024-03-06T13:46:13.238+0000] {processor.py:161} INFO - Started process (PID=1100) to work on /home/airflow/.local/lib/python3.11/site-packages/airflow/example_dags/example_branch_day_of_week_operator.py
[2024-03-06T13:46:13.239+0000] {processor.py:830} INFO - Processing file /home/airflow/.local/lib/python3.11/site-packages/airflow/example_dags/example_branch_day_of_week_operator.py for tasks to queue
[2024-03-06T13:46:13.240+0000] {logging_mixin.py:188} INFO - [2024-03-06T13:46:13.240+0000] {dagbag.py:540} INFO - Filling up the DagBag from /home/airflow/.local/lib/python3.11/site-packages/airflow/example_dags/example_branch_day_of_week_operator.py
[2024-03-06T13:46:13.248+0000] {processor.py:840} INFO - DAG(s) 'example_weekday_branch_operator' retrieved from /home/airflow/.local/lib/python3.11/site-packages/airflow/example_dags/example_branch_day_of_week_operator.py
[2024-03-06T13:46:13.269+0000] {logging_mixin.py:188} INFO - [2024-03-06T13:46:13.269+0000] {dag.py:3047} INFO - Sync 1 DAGs
[2024-03-06T13:46:13.298+0000] {logging_mixin.py:188} INFO - [2024-03-06T13:46:13.298+0000] {dag.py:3834} INFO - Setting next_dagrun for example_weekday_branch_operator to 2024-03-05 00:00:00+00:00, run_after=2024-03-06 00:00:00+00:00
[2024-03-06T13:46:13.322+0000] {processor.py:183} INFO - Processing /home/airflow/.local/lib/python3.11/site-packages/airflow/example_dags/example_branch_day_of_week_operator.py took 0.087 seconds
[2024-03-06T13:46:43.785+0000] {processor.py:161} INFO - Started process (PID=1347) to work on /home/airflow/.local/lib/python3.11/site-packages/airflow/example_dags/example_branch_day_of_week_operator.py
[2024-03-06T13:46:43.787+0000] {processor.py:830} INFO - Processing file /home/airflow/.local/lib/python3.11/site-packages/airflow/example_dags/example_branch_day_of_week_operator.py for tasks to queue
[2024-03-06T13:46:43.789+0000] {logging_mixin.py:188} INFO - [2024-03-06T13:46:43.788+0000] {dagbag.py:540} INFO - Filling up the DagBag from /home/airflow/.local/lib/python3.11/site-packages/airflow/example_dags/example_branch_day_of_week_operator.py
[2024-03-06T13:46:43.801+0000] {processor.py:840} INFO - DAG(s) 'example_weekday_branch_operator' retrieved from /home/airflow/.local/lib/python3.11/site-packages/airflow/example_dags/example_branch_day_of_week_operator.py
[2024-03-06T13:46:43.825+0000] {logging_mixin.py:188} INFO - [2024-03-06T13:46:43.825+0000] {dag.py:3047} INFO - Sync 1 DAGs
[2024-03-06T13:46:43.848+0000] {logging_mixin.py:188} INFO - [2024-03-06T13:46:43.848+0000] {dag.py:3834} INFO - Setting next_dagrun for example_weekday_branch_operator to 2024-03-05 00:00:00+00:00, run_after=2024-03-06 00:00:00+00:00
[2024-03-06T13:46:43.869+0000] {processor.py:183} INFO - Processing /home/airflow/.local/lib/python3.11/site-packages/airflow/example_dags/example_branch_day_of_week_operator.py took 0.089 seconds
[2024-03-06T13:47:14.574+0000] {processor.py:161} INFO - Started process (PID=1594) to work on /home/airflow/.local/lib/python3.11/site-packages/airflow/example_dags/example_branch_day_of_week_operator.py
[2024-03-06T13:47:14.578+0000] {processor.py:830} INFO - Processing file /home/airflow/.local/lib/python3.11/site-packages/airflow/example_dags/example_branch_day_of_week_operator.py for tasks to queue
[2024-03-06T13:47:14.587+0000] {logging_mixin.py:188} INFO - [2024-03-06T13:47:14.584+0000] {dagbag.py:540} INFO - Filling up the DagBag from /home/airflow/.local/lib/python3.11/site-packages/airflow/example_dags/example_branch_day_of_week_operator.py
[2024-03-06T13:47:14.605+0000] {processor.py:840} INFO - DAG(s) 'example_weekday_branch_operator' retrieved from /home/airflow/.local/lib/python3.11/site-packages/airflow/example_dags/example_branch_day_of_week_operator.py
[2024-03-06T13:47:14.640+0000] {logging_mixin.py:188} INFO - [2024-03-06T13:47:14.640+0000] {dag.py:3047} INFO - Sync 1 DAGs
[2024-03-06T13:47:14.674+0000] {logging_mixin.py:188} INFO - [2024-03-06T13:47:14.674+0000] {dag.py:3834} INFO - Setting next_dagrun for example_weekday_branch_operator to 2024-03-05 00:00:00+00:00, run_after=2024-03-06 00:00:00+00:00
[2024-03-06T13:47:14.716+0000] {processor.py:183} INFO - Processing /home/airflow/.local/lib/python3.11/site-packages/airflow/example_dags/example_branch_day_of_week_operator.py took 0.155 seconds
[2024-03-06T13:47:44.879+0000] {processor.py:161} INFO - Started process (PID=1841) to work on /home/airflow/.local/lib/python3.11/site-packages/airflow/example_dags/example_branch_day_of_week_operator.py
[2024-03-06T13:47:44.899+0000] {processor.py:830} INFO - Processing file /home/airflow/.local/lib/python3.11/site-packages/airflow/example_dags/example_branch_day_of_week_operator.py for tasks to queue
[2024-03-06T13:47:44.911+0000] {logging_mixin.py:188} INFO - [2024-03-06T13:47:44.905+0000] {dagbag.py:540} INFO - Filling up the DagBag from /home/airflow/.local/lib/python3.11/site-packages/airflow/example_dags/example_branch_day_of_week_operator.py
[2024-03-06T13:47:44.963+0000] {processor.py:840} INFO - DAG(s) 'example_weekday_branch_operator' retrieved from /home/airflow/.local/lib/python3.11/site-packages/airflow/example_dags/example_branch_day_of_week_operator.py
[2024-03-06T13:47:45.043+0000] {logging_mixin.py:188} INFO - [2024-03-06T13:47:45.043+0000] {dag.py:3047} INFO - Sync 1 DAGs
[2024-03-06T13:47:45.098+0000] {logging_mixin.py:188} INFO - [2024-03-06T13:47:45.098+0000] {dag.py:3834} INFO - Setting next_dagrun for example_weekday_branch_operator to 2024-03-05 00:00:00+00:00, run_after=2024-03-06 00:00:00+00:00
[2024-03-06T13:47:45.165+0000] {processor.py:183} INFO - Processing /home/airflow/.local/lib/python3.11/site-packages/airflow/example_dags/example_branch_day_of_week_operator.py took 0.291 seconds
[2024-03-06T13:48:15.198+0000] {processor.py:161} INFO - Started process (PID=2086) to work on /home/airflow/.local/lib/python3.11/site-packages/airflow/example_dags/example_branch_day_of_week_operator.py
[2024-03-06T13:48:15.199+0000] {processor.py:830} INFO - Processing file /home/airflow/.local/lib/python3.11/site-packages/airflow/example_dags/example_branch_day_of_week_operator.py for tasks to queue
[2024-03-06T13:48:15.200+0000] {logging_mixin.py:188} INFO - [2024-03-06T13:48:15.200+0000] {dagbag.py:540} INFO - Filling up the DagBag from /home/airflow/.local/lib/python3.11/site-packages/airflow/example_dags/example_branch_day_of_week_operator.py
[2024-03-06T13:48:15.211+0000] {processor.py:840} INFO - DAG(s) 'example_weekday_branch_operator' retrieved from /home/airflow/.local/lib/python3.11/site-packages/airflow/example_dags/example_branch_day_of_week_operator.py
[2024-03-06T13:48:15.238+0000] {logging_mixin.py:188} INFO - [2024-03-06T13:48:15.237+0000] {dag.py:3047} INFO - Sync 1 DAGs
[2024-03-06T13:48:15.262+0000] {logging_mixin.py:188} INFO - [2024-03-06T13:48:15.262+0000] {dag.py:3834} INFO - Setting next_dagrun for example_weekday_branch_operator to 2024-03-05 00:00:00+00:00, run_after=2024-03-06 00:00:00+00:00
[2024-03-06T13:48:15.284+0000] {processor.py:183} INFO - Processing /home/airflow/.local/lib/python3.11/site-packages/airflow/example_dags/example_branch_day_of_week_operator.py took 0.091 seconds
[2024-03-06T13:48:46.403+0000] {processor.py:161} INFO - Started process (PID=2332) to work on /home/airflow/.local/lib/python3.11/site-packages/airflow/example_dags/example_branch_day_of_week_operator.py
[2024-03-06T13:48:46.406+0000] {processor.py:830} INFO - Processing file /home/airflow/.local/lib/python3.11/site-packages/airflow/example_dags/example_branch_day_of_week_operator.py for tasks to queue
[2024-03-06T13:48:46.409+0000] {logging_mixin.py:188} INFO - [2024-03-06T13:48:46.408+0000] {dagbag.py:540} INFO - Filling up the DagBag from /home/airflow/.local/lib/python3.11/site-packages/airflow/example_dags/example_branch_day_of_week_operator.py
[2024-03-06T13:48:46.422+0000] {processor.py:840} INFO - DAG(s) 'example_weekday_branch_operator' retrieved from /home/airflow/.local/lib/python3.11/site-packages/airflow/example_dags/example_branch_day_of_week_operator.py
[2024-03-06T13:48:46.460+0000] {logging_mixin.py:188} INFO - [2024-03-06T13:48:46.459+0000] {dag.py:3047} INFO - Sync 1 DAGs
[2024-03-06T13:48:46.497+0000] {logging_mixin.py:188} INFO - [2024-03-06T13:48:46.497+0000] {dag.py:3834} INFO - Setting next_dagrun for example_weekday_branch_operator to 2024-03-05 00:00:00+00:00, run_after=2024-03-06 00:00:00+00:00
[2024-03-06T13:48:46.531+0000] {processor.py:183} INFO - Processing /home/airflow/.local/lib/python3.11/site-packages/airflow/example_dags/example_branch_day_of_week_operator.py took 0.133 seconds
[2024-03-06T13:49:16.756+0000] {processor.py:161} INFO - Started process (PID=2579) to work on /home/airflow/.local/lib/python3.11/site-packages/airflow/example_dags/example_branch_day_of_week_operator.py
[2024-03-06T13:49:16.757+0000] {processor.py:830} INFO - Processing file /home/airflow/.local/lib/python3.11/site-packages/airflow/example_dags/example_branch_day_of_week_operator.py for tasks to queue
[2024-03-06T13:49:16.759+0000] {logging_mixin.py:188} INFO - [2024-03-06T13:49:16.759+0000] {dagbag.py:540} INFO - Filling up the DagBag from /home/airflow/.local/lib/python3.11/site-packages/airflow/example_dags/example_branch_day_of_week_operator.py
[2024-03-06T13:49:16.770+0000] {processor.py:840} INFO - DAG(s) 'example_weekday_branch_operator' retrieved from /home/airflow/.local/lib/python3.11/site-packages/airflow/example_dags/example_branch_day_of_week_operator.py
[2024-03-06T13:49:16.798+0000] {logging_mixin.py:188} INFO - [2024-03-06T13:49:16.798+0000] {dag.py:3047} INFO - Sync 1 DAGs
[2024-03-06T13:49:16.843+0000] {logging_mixin.py:188} INFO - [2024-03-06T13:49:16.843+0000] {dag.py:3834} INFO - Setting next_dagrun for example_weekday_branch_operator to 2024-03-05 00:00:00+00:00, run_after=2024-03-06 00:00:00+00:00
[2024-03-06T13:49:16.876+0000] {processor.py:183} INFO - Processing /home/airflow/.local/lib/python3.11/site-packages/airflow/example_dags/example_branch_day_of_week_operator.py took 0.123 seconds
[2024-03-06T13:49:47.832+0000] {processor.py:161} INFO - Started process (PID=2826) to work on /home/airflow/.local/lib/python3.11/site-packages/airflow/example_dags/example_branch_day_of_week_operator.py
[2024-03-06T13:49:47.833+0000] {processor.py:830} INFO - Processing file /home/airflow/.local/lib/python3.11/site-packages/airflow/example_dags/example_branch_day_of_week_operator.py for tasks to queue
[2024-03-06T13:49:47.835+0000] {logging_mixin.py:188} INFO - [2024-03-06T13:49:47.834+0000] {dagbag.py:540} INFO - Filling up the DagBag from /home/airflow/.local/lib/python3.11/site-packages/airflow/example_dags/example_branch_day_of_week_operator.py
[2024-03-06T13:49:47.842+0000] {processor.py:840} INFO - DAG(s) 'example_weekday_branch_operator' retrieved from /home/airflow/.local/lib/python3.11/site-packages/airflow/example_dags/example_branch_day_of_week_operator.py
[2024-03-06T13:49:47.865+0000] {logging_mixin.py:188} INFO - [2024-03-06T13:49:47.864+0000] {dag.py:3047} INFO - Sync 1 DAGs
[2024-03-06T13:49:47.889+0000] {logging_mixin.py:188} INFO - [2024-03-06T13:49:47.889+0000] {dag.py:3834} INFO - Setting next_dagrun for example_weekday_branch_operator to 2024-03-05 00:00:00+00:00, run_after=2024-03-06 00:00:00+00:00
[2024-03-06T13:49:47.912+0000] {processor.py:183} INFO - Processing /home/airflow/.local/lib/python3.11/site-packages/airflow/example_dags/example_branch_day_of_week_operator.py took 0.083 seconds
[2024-03-06T13:50:18.549+0000] {processor.py:161} INFO - Started process (PID=3073) to work on /home/airflow/.local/lib/python3.11/site-packages/airflow/example_dags/example_branch_day_of_week_operator.py
[2024-03-06T13:50:18.550+0000] {processor.py:830} INFO - Processing file /home/airflow/.local/lib/python3.11/site-packages/airflow/example_dags/example_branch_day_of_week_operator.py for tasks to queue
[2024-03-06T13:50:18.551+0000] {logging_mixin.py:188} INFO - [2024-03-06T13:50:18.551+0000] {dagbag.py:540} INFO - Filling up the DagBag from /home/airflow/.local/lib/python3.11/site-packages/airflow/example_dags/example_branch_day_of_week_operator.py
[2024-03-06T13:50:18.561+0000] {processor.py:840} INFO - DAG(s) 'example_weekday_branch_operator' retrieved from /home/airflow/.local/lib/python3.11/site-packages/airflow/example_dags/example_branch_day_of_week_operator.py
[2024-03-06T13:50:18.597+0000] {logging_mixin.py:188} INFO - [2024-03-06T13:50:18.597+0000] {dag.py:3047} INFO - Sync 1 DAGs
[2024-03-06T13:50:18.626+0000] {logging_mixin.py:188} INFO - [2024-03-06T13:50:18.626+0000] {dag.py:3834} INFO - Setting next_dagrun for example_weekday_branch_operator to 2024-03-05 00:00:00+00:00, run_after=2024-03-06 00:00:00+00:00
[2024-03-06T13:50:18.650+0000] {processor.py:183} INFO - Processing /home/airflow/.local/lib/python3.11/site-packages/airflow/example_dags/example_branch_day_of_week_operator.py took 0.105 seconds
[2024-03-06T13:50:49.010+0000] {processor.py:161} INFO - Started process (PID=3320) to work on /home/airflow/.local/lib/python3.11/site-packages/airflow/example_dags/example_branch_day_of_week_operator.py
[2024-03-06T13:50:49.011+0000] {processor.py:830} INFO - Processing file /home/airflow/.local/lib/python3.11/site-packages/airflow/example_dags/example_branch_day_of_week_operator.py for tasks to queue
[2024-03-06T13:50:49.013+0000] {logging_mixin.py:188} INFO - [2024-03-06T13:50:49.012+0000] {dagbag.py:540} INFO - Filling up the DagBag from /home/airflow/.local/lib/python3.11/site-packages/airflow/example_dags/example_branch_day_of_week_operator.py
[2024-03-06T13:50:49.020+0000] {processor.py:840} INFO - DAG(s) 'example_weekday_branch_operator' retrieved from /home/airflow/.local/lib/python3.11/site-packages/airflow/example_dags/example_branch_day_of_week_operator.py
[2024-03-06T13:50:49.041+0000] {logging_mixin.py:188} INFO - [2024-03-06T13:50:49.040+0000] {dag.py:3047} INFO - Sync 1 DAGs
[2024-03-06T13:50:49.062+0000] {logging_mixin.py:188} INFO - [2024-03-06T13:50:49.062+0000] {dag.py:3834} INFO - Setting next_dagrun for example_weekday_branch_operator to 2024-03-05 00:00:00+00:00, run_after=2024-03-06 00:00:00+00:00
[2024-03-06T13:50:49.084+0000] {processor.py:183} INFO - Processing /home/airflow/.local/lib/python3.11/site-packages/airflow/example_dags/example_branch_day_of_week_operator.py took 0.077 seconds
[2024-03-06T13:51:19.549+0000] {processor.py:161} INFO - Started process (PID=3567) to work on /home/airflow/.local/lib/python3.11/site-packages/airflow/example_dags/example_branch_day_of_week_operator.py
[2024-03-06T13:51:19.550+0000] {processor.py:830} INFO - Processing file /home/airflow/.local/lib/python3.11/site-packages/airflow/example_dags/example_branch_day_of_week_operator.py for tasks to queue
[2024-03-06T13:51:19.551+0000] {logging_mixin.py:188} INFO - [2024-03-06T13:51:19.551+0000] {dagbag.py:540} INFO - Filling up the DagBag from /home/airflow/.local/lib/python3.11/site-packages/airflow/example_dags/example_branch_day_of_week_operator.py
[2024-03-06T13:51:19.559+0000] {processor.py:840} INFO - DAG(s) 'example_weekday_branch_operator' retrieved from /home/airflow/.local/lib/python3.11/site-packages/airflow/example_dags/example_branch_day_of_week_operator.py
[2024-03-06T13:51:19.580+0000] {logging_mixin.py:188} INFO - [2024-03-06T13:51:19.580+0000] {dag.py:3047} INFO - Sync 1 DAGs
[2024-03-06T13:51:19.603+0000] {logging_mixin.py:188} INFO - [2024-03-06T13:51:19.603+0000] {dag.py:3834} INFO - Setting next_dagrun for example_weekday_branch_operator to 2024-03-05 00:00:00+00:00, run_after=2024-03-06 00:00:00+00:00
[2024-03-06T13:51:19.624+0000] {processor.py:183} INFO - Processing /home/airflow/.local/lib/python3.11/site-packages/airflow/example_dags/example_branch_day_of_week_operator.py took 0.078 seconds
[2024-03-06T13:51:49.989+0000] {processor.py:161} INFO - Started process (PID=3814) to work on /home/airflow/.local/lib/python3.11/site-packages/airflow/example_dags/example_branch_day_of_week_operator.py
[2024-03-06T13:51:49.990+0000] {processor.py:830} INFO - Processing file /home/airflow/.local/lib/python3.11/site-packages/airflow/example_dags/example_branch_day_of_week_operator.py for tasks to queue
[2024-03-06T13:51:49.992+0000] {logging_mixin.py:188} INFO - [2024-03-06T13:51:49.992+0000] {dagbag.py:540} INFO - Filling up the DagBag from /home/airflow/.local/lib/python3.11/site-packages/airflow/example_dags/example_branch_day_of_week_operator.py
[2024-03-06T13:51:50.000+0000] {processor.py:840} INFO - DAG(s) 'example_weekday_branch_operator' retrieved from /home/airflow/.local/lib/python3.11/site-packages/airflow/example_dags/example_branch_day_of_week_operator.py
[2024-03-06T13:51:50.020+0000] {logging_mixin.py:188} INFO - [2024-03-06T13:51:50.020+0000] {dag.py:3047} INFO - Sync 1 DAGs
[2024-03-06T13:51:50.042+0000] {logging_mixin.py:188} INFO - [2024-03-06T13:51:50.042+0000] {dag.py:3834} INFO - Setting next_dagrun for example_weekday_branch_operator to 2024-03-05 00:00:00+00:00, run_after=2024-03-06 00:00:00+00:00
[2024-03-06T13:51:50.063+0000] {processor.py:183} INFO - Processing /home/airflow/.local/lib/python3.11/site-packages/airflow/example_dags/example_branch_day_of_week_operator.py took 0.077 seconds
[2024-03-06T13:52:20.505+0000] {processor.py:161} INFO - Started process (PID=4061) to work on /home/airflow/.local/lib/python3.11/site-packages/airflow/example_dags/example_branch_day_of_week_operator.py
[2024-03-06T13:52:20.508+0000] {processor.py:830} INFO - Processing file /home/airflow/.local/lib/python3.11/site-packages/airflow/example_dags/example_branch_day_of_week_operator.py for tasks to queue
[2024-03-06T13:52:20.509+0000] {logging_mixin.py:188} INFO - [2024-03-06T13:52:20.509+0000] {dagbag.py:540} INFO - Filling up the DagBag from /home/airflow/.local/lib/python3.11/site-packages/airflow/example_dags/example_branch_day_of_week_operator.py
[2024-03-06T13:52:20.518+0000] {processor.py:840} INFO - DAG(s) 'example_weekday_branch_operator' retrieved from /home/airflow/.local/lib/python3.11/site-packages/airflow/example_dags/example_branch_day_of_week_operator.py
[2024-03-06T13:52:20.540+0000] {logging_mixin.py:188} INFO - [2024-03-06T13:52:20.540+0000] {dag.py:3047} INFO - Sync 1 DAGs
[2024-03-06T13:52:20.561+0000] {logging_mixin.py:188} INFO - [2024-03-06T13:52:20.560+0000] {dag.py:3834} INFO - Setting next_dagrun for example_weekday_branch_operator to 2024-03-05 00:00:00+00:00, run_after=2024-03-06 00:00:00+00:00
[2024-03-06T13:52:20.579+0000] {processor.py:183} INFO - Processing /home/airflow/.local/lib/python3.11/site-packages/airflow/example_dags/example_branch_day_of_week_operator.py took 0.077 seconds
[2024-03-06T13:52:50.989+0000] {processor.py:161} INFO - Started process (PID=4308) to work on /home/airflow/.local/lib/python3.11/site-packages/airflow/example_dags/example_branch_day_of_week_operator.py
[2024-03-06T13:52:50.992+0000] {processor.py:830} INFO - Processing file /home/airflow/.local/lib/python3.11/site-packages/airflow/example_dags/example_branch_day_of_week_operator.py for tasks to queue
[2024-03-06T13:52:50.994+0000] {logging_mixin.py:188} INFO - [2024-03-06T13:52:50.993+0000] {dagbag.py:540} INFO - Filling up the DagBag from /home/airflow/.local/lib/python3.11/site-packages/airflow/example_dags/example_branch_day_of_week_operator.py
[2024-03-06T13:52:51.003+0000] {processor.py:840} INFO - DAG(s) 'example_weekday_branch_operator' retrieved from /home/airflow/.local/lib/python3.11/site-packages/airflow/example_dags/example_branch_day_of_week_operator.py
[2024-03-06T13:52:51.034+0000] {logging_mixin.py:188} INFO - [2024-03-06T13:52:51.033+0000] {dag.py:3047} INFO - Sync 1 DAGs
[2024-03-06T13:52:51.059+0000] {logging_mixin.py:188} INFO - [2024-03-06T13:52:51.059+0000] {dag.py:3834} INFO - Setting next_dagrun for example_weekday_branch_operator to 2024-03-05 00:00:00+00:00, run_after=2024-03-06 00:00:00+00:00
[2024-03-06T13:52:51.081+0000] {processor.py:183} INFO - Processing /home/airflow/.local/lib/python3.11/site-packages/airflow/example_dags/example_branch_day_of_week_operator.py took 0.096 seconds
[2024-03-06T13:53:22.818+0000] {processor.py:161} INFO - Started process (PID=4554) to work on /home/airflow/.local/lib/python3.11/site-packages/airflow/example_dags/example_branch_day_of_week_operator.py
[2024-03-06T13:53:22.821+0000] {processor.py:830} INFO - Processing file /home/airflow/.local/lib/python3.11/site-packages/airflow/example_dags/example_branch_day_of_week_operator.py for tasks to queue
[2024-03-06T13:53:22.823+0000] {logging_mixin.py:188} INFO - [2024-03-06T13:53:22.822+0000] {dagbag.py:540} INFO - Filling up the DagBag from /home/airflow/.local/lib/python3.11/site-packages/airflow/example_dags/example_branch_day_of_week_operator.py
[2024-03-06T13:53:22.836+0000] {processor.py:840} INFO - DAG(s) 'example_weekday_branch_operator' retrieved from /home/airflow/.local/lib/python3.11/site-packages/airflow/example_dags/example_branch_day_of_week_operator.py
[2024-03-06T13:53:22.861+0000] {logging_mixin.py:188} INFO - [2024-03-06T13:53:22.861+0000] {dag.py:3047} INFO - Sync 1 DAGs
[2024-03-06T13:53:22.891+0000] {logging_mixin.py:188} INFO - [2024-03-06T13:53:22.891+0000] {dag.py:3834} INFO - Setting next_dagrun for example_weekday_branch_operator to 2024-03-05 00:00:00+00:00, run_after=2024-03-06 00:00:00+00:00
[2024-03-06T13:53:22.916+0000] {processor.py:183} INFO - Processing /home/airflow/.local/lib/python3.11/site-packages/airflow/example_dags/example_branch_day_of_week_operator.py took 0.101 seconds
[2024-03-06T13:53:53.787+0000] {processor.py:161} INFO - Started process (PID=4801) to work on /home/airflow/.local/lib/python3.11/site-packages/airflow/example_dags/example_branch_day_of_week_operator.py
[2024-03-06T13:53:53.789+0000] {processor.py:830} INFO - Processing file /home/airflow/.local/lib/python3.11/site-packages/airflow/example_dags/example_branch_day_of_week_operator.py for tasks to queue
[2024-03-06T13:53:53.790+0000] {logging_mixin.py:188} INFO - [2024-03-06T13:53:53.790+0000] {dagbag.py:540} INFO - Filling up the DagBag from /home/airflow/.local/lib/python3.11/site-packages/airflow/example_dags/example_branch_day_of_week_operator.py
[2024-03-06T13:53:53.803+0000] {processor.py:840} INFO - DAG(s) 'example_weekday_branch_operator' retrieved from /home/airflow/.local/lib/python3.11/site-packages/airflow/example_dags/example_branch_day_of_week_operator.py
[2024-03-06T13:53:53.830+0000] {logging_mixin.py:188} INFO - [2024-03-06T13:53:53.830+0000] {dag.py:3047} INFO - Sync 1 DAGs
[2024-03-06T13:53:53.858+0000] {logging_mixin.py:188} INFO - [2024-03-06T13:53:53.858+0000] {dag.py:3834} INFO - Setting next_dagrun for example_weekday_branch_operator to 2024-03-05 00:00:00+00:00, run_after=2024-03-06 00:00:00+00:00
[2024-03-06T13:53:53.886+0000] {processor.py:183} INFO - Processing /home/airflow/.local/lib/python3.11/site-packages/airflow/example_dags/example_branch_day_of_week_operator.py took 0.104 seconds
[2024-03-06T13:54:24.420+0000] {processor.py:161} INFO - Started process (PID=5054) to work on /home/airflow/.local/lib/python3.11/site-packages/airflow/example_dags/example_branch_day_of_week_operator.py
[2024-03-06T13:54:24.421+0000] {processor.py:830} INFO - Processing file /home/airflow/.local/lib/python3.11/site-packages/airflow/example_dags/example_branch_day_of_week_operator.py for tasks to queue
[2024-03-06T13:54:24.422+0000] {logging_mixin.py:188} INFO - [2024-03-06T13:54:24.421+0000] {dagbag.py:540} INFO - Filling up the DagBag from /home/airflow/.local/lib/python3.11/site-packages/airflow/example_dags/example_branch_day_of_week_operator.py
[2024-03-06T13:54:24.431+0000] {processor.py:840} INFO - DAG(s) 'example_weekday_branch_operator' retrieved from /home/airflow/.local/lib/python3.11/site-packages/airflow/example_dags/example_branch_day_of_week_operator.py
[2024-03-06T13:54:24.455+0000] {logging_mixin.py:188} INFO - [2024-03-06T13:54:24.454+0000] {dag.py:3047} INFO - Sync 1 DAGs
[2024-03-06T13:54:24.479+0000] {logging_mixin.py:188} INFO - [2024-03-06T13:54:24.479+0000] {dag.py:3834} INFO - Setting next_dagrun for example_weekday_branch_operator to 2024-03-05 00:00:00+00:00, run_after=2024-03-06 00:00:00+00:00
[2024-03-06T13:54:24.500+0000] {processor.py:183} INFO - Processing /home/airflow/.local/lib/python3.11/site-packages/airflow/example_dags/example_branch_day_of_week_operator.py took 0.083 seconds
[2024-03-06T13:54:55.196+0000] {processor.py:161} INFO - Started process (PID=5301) to work on /home/airflow/.local/lib/python3.11/site-packages/airflow/example_dags/example_branch_day_of_week_operator.py
[2024-03-06T13:54:55.197+0000] {processor.py:830} INFO - Processing file /home/airflow/.local/lib/python3.11/site-packages/airflow/example_dags/example_branch_day_of_week_operator.py for tasks to queue
[2024-03-06T13:54:55.198+0000] {logging_mixin.py:188} INFO - [2024-03-06T13:54:55.198+0000] {dagbag.py:540} INFO - Filling up the DagBag from /home/airflow/.local/lib/python3.11/site-packages/airflow/example_dags/example_branch_day_of_week_operator.py
[2024-03-06T13:54:55.205+0000] {processor.py:840} INFO - DAG(s) 'example_weekday_branch_operator' retrieved from /home/airflow/.local/lib/python3.11/site-packages/airflow/example_dags/example_branch_day_of_week_operator.py
[2024-03-06T13:54:55.227+0000] {logging_mixin.py:188} INFO - [2024-03-06T13:54:55.226+0000] {dag.py:3047} INFO - Sync 1 DAGs
[2024-03-06T13:54:55.248+0000] {logging_mixin.py:188} INFO - [2024-03-06T13:54:55.248+0000] {dag.py:3834} INFO - Setting next_dagrun for example_weekday_branch_operator to 2024-03-05 00:00:00+00:00, run_after=2024-03-06 00:00:00+00:00
[2024-03-06T13:54:55.265+0000] {processor.py:183} INFO - Processing /home/airflow/.local/lib/python3.11/site-packages/airflow/example_dags/example_branch_day_of_week_operator.py took 0.072 seconds
[2024-03-06T13:55:25.977+0000] {processor.py:161} INFO - Started process (PID=5548) to work on /home/airflow/.local/lib/python3.11/site-packages/airflow/example_dags/example_branch_day_of_week_operator.py
[2024-03-06T13:55:25.980+0000] {processor.py:830} INFO - Processing file /home/airflow/.local/lib/python3.11/site-packages/airflow/example_dags/example_branch_day_of_week_operator.py for tasks to queue
[2024-03-06T13:55:25.982+0000] {logging_mixin.py:188} INFO - [2024-03-06T13:55:25.982+0000] {dagbag.py:540} INFO - Filling up the DagBag from /home/airflow/.local/lib/python3.11/site-packages/airflow/example_dags/example_branch_day_of_week_operator.py
[2024-03-06T13:55:26.000+0000] {processor.py:840} INFO - DAG(s) 'example_weekday_branch_operator' retrieved from /home/airflow/.local/lib/python3.11/site-packages/airflow/example_dags/example_branch_day_of_week_operator.py
[2024-03-06T13:55:26.049+0000] {logging_mixin.py:188} INFO - [2024-03-06T13:55:26.048+0000] {dag.py:3047} INFO - Sync 1 DAGs
[2024-03-06T13:55:26.094+0000] {logging_mixin.py:188} INFO - [2024-03-06T13:55:26.094+0000] {dag.py:3834} INFO - Setting next_dagrun for example_weekday_branch_operator to 2024-03-05 00:00:00+00:00, run_after=2024-03-06 00:00:00+00:00
[2024-03-06T13:55:26.136+0000] {processor.py:183} INFO - Processing /home/airflow/.local/lib/python3.11/site-packages/airflow/example_dags/example_branch_day_of_week_operator.py took 0.165 seconds
[2024-03-06T13:55:56.909+0000] {processor.py:161} INFO - Started process (PID=5794) to work on /home/airflow/.local/lib/python3.11/site-packages/airflow/example_dags/example_branch_day_of_week_operator.py
[2024-03-06T13:55:56.911+0000] {processor.py:830} INFO - Processing file /home/airflow/.local/lib/python3.11/site-packages/airflow/example_dags/example_branch_day_of_week_operator.py for tasks to queue
[2024-03-06T13:55:56.913+0000] {logging_mixin.py:188} INFO - [2024-03-06T13:55:56.912+0000] {dagbag.py:540} INFO - Filling up the DagBag from /home/airflow/.local/lib/python3.11/site-packages/airflow/example_dags/example_branch_day_of_week_operator.py
[2024-03-06T13:55:56.929+0000] {processor.py:840} INFO - DAG(s) 'example_weekday_branch_operator' retrieved from /home/airflow/.local/lib/python3.11/site-packages/airflow/example_dags/example_branch_day_of_week_operator.py
[2024-03-06T13:55:56.970+0000] {logging_mixin.py:188} INFO - [2024-03-06T13:55:56.969+0000] {dag.py:3047} INFO - Sync 1 DAGs
[2024-03-06T13:55:57.008+0000] {logging_mixin.py:188} INFO - [2024-03-06T13:55:57.007+0000] {dag.py:3834} INFO - Setting next_dagrun for example_weekday_branch_operator to 2024-03-05 00:00:00+00:00, run_after=2024-03-06 00:00:00+00:00
[2024-03-06T13:55:57.047+0000] {processor.py:183} INFO - Processing /home/airflow/.local/lib/python3.11/site-packages/airflow/example_dags/example_branch_day_of_week_operator.py took 0.142 seconds
[2024-03-06T13:56:27.650+0000] {processor.py:161} INFO - Started process (PID=6040) to work on /home/airflow/.local/lib/python3.11/site-packages/airflow/example_dags/example_branch_day_of_week_operator.py
[2024-03-06T13:56:27.656+0000] {processor.py:830} INFO - Processing file /home/airflow/.local/lib/python3.11/site-packages/airflow/example_dags/example_branch_day_of_week_operator.py for tasks to queue
[2024-03-06T13:56:27.659+0000] {logging_mixin.py:188} INFO - [2024-03-06T13:56:27.658+0000] {dagbag.py:540} INFO - Filling up the DagBag from /home/airflow/.local/lib/python3.11/site-packages/airflow/example_dags/example_branch_day_of_week_operator.py
[2024-03-06T13:56:27.679+0000] {processor.py:840} INFO - DAG(s) 'example_weekday_branch_operator' retrieved from /home/airflow/.local/lib/python3.11/site-packages/airflow/example_dags/example_branch_day_of_week_operator.py
[2024-03-06T13:56:27.752+0000] {logging_mixin.py:188} INFO - [2024-03-06T13:56:27.751+0000] {dag.py:3047} INFO - Sync 1 DAGs
[2024-03-06T13:56:27.800+0000] {logging_mixin.py:188} INFO - [2024-03-06T13:56:27.799+0000] {dag.py:3834} INFO - Setting next_dagrun for example_weekday_branch_operator to 2024-03-05 00:00:00+00:00, run_after=2024-03-06 00:00:00+00:00
[2024-03-06T13:56:27.854+0000] {processor.py:183} INFO - Processing /home/airflow/.local/lib/python3.11/site-packages/airflow/example_dags/example_branch_day_of_week_operator.py took 0.212 seconds
[2024-03-06T13:56:58.105+0000] {processor.py:161} INFO - Started process (PID=6287) to work on /home/airflow/.local/lib/python3.11/site-packages/airflow/example_dags/example_branch_day_of_week_operator.py
[2024-03-06T13:56:58.106+0000] {processor.py:830} INFO - Processing file /home/airflow/.local/lib/python3.11/site-packages/airflow/example_dags/example_branch_day_of_week_operator.py for tasks to queue
[2024-03-06T13:56:58.108+0000] {logging_mixin.py:188} INFO - [2024-03-06T13:56:58.107+0000] {dagbag.py:540} INFO - Filling up the DagBag from /home/airflow/.local/lib/python3.11/site-packages/airflow/example_dags/example_branch_day_of_week_operator.py
[2024-03-06T13:56:58.123+0000] {processor.py:840} INFO - DAG(s) 'example_weekday_branch_operator' retrieved from /home/airflow/.local/lib/python3.11/site-packages/airflow/example_dags/example_branch_day_of_week_operator.py
[2024-03-06T13:56:58.157+0000] {logging_mixin.py:188} INFO - [2024-03-06T13:56:58.156+0000] {dag.py:3047} INFO - Sync 1 DAGs
[2024-03-06T13:56:58.183+0000] {logging_mixin.py:188} INFO - [2024-03-06T13:56:58.183+0000] {dag.py:3834} INFO - Setting next_dagrun for example_weekday_branch_operator to 2024-03-05 00:00:00+00:00, run_after=2024-03-06 00:00:00+00:00
[2024-03-06T13:56:58.209+0000] {processor.py:183} INFO - Processing /home/airflow/.local/lib/python3.11/site-packages/airflow/example_dags/example_branch_day_of_week_operator.py took 0.109 seconds
[2024-03-06T13:57:28.661+0000] {processor.py:161} INFO - Started process (PID=6534) to work on /home/airflow/.local/lib/python3.11/site-packages/airflow/example_dags/example_branch_day_of_week_operator.py
[2024-03-06T13:57:28.663+0000] {processor.py:830} INFO - Processing file /home/airflow/.local/lib/python3.11/site-packages/airflow/example_dags/example_branch_day_of_week_operator.py for tasks to queue
[2024-03-06T13:57:28.664+0000] {logging_mixin.py:188} INFO - [2024-03-06T13:57:28.664+0000] {dagbag.py:540} INFO - Filling up the DagBag from /home/airflow/.local/lib/python3.11/site-packages/airflow/example_dags/example_branch_day_of_week_operator.py
[2024-03-06T13:57:28.674+0000] {processor.py:840} INFO - DAG(s) 'example_weekday_branch_operator' retrieved from /home/airflow/.local/lib/python3.11/site-packages/airflow/example_dags/example_branch_day_of_week_operator.py
[2024-03-06T13:57:28.699+0000] {logging_mixin.py:188} INFO - [2024-03-06T13:57:28.699+0000] {dag.py:3047} INFO - Sync 1 DAGs
[2024-03-06T13:57:28.727+0000] {logging_mixin.py:188} INFO - [2024-03-06T13:57:28.727+0000] {dag.py:3834} INFO - Setting next_dagrun for example_weekday_branch_operator to 2024-03-05 00:00:00+00:00, run_after=2024-03-06 00:00:00+00:00
[2024-03-06T13:57:28.751+0000] {processor.py:183} INFO - Processing /home/airflow/.local/lib/python3.11/site-packages/airflow/example_dags/example_branch_day_of_week_operator.py took 0.093 seconds
[2024-03-06T13:57:58.976+0000] {processor.py:161} INFO - Started process (PID=6780) to work on /home/airflow/.local/lib/python3.11/site-packages/airflow/example_dags/example_branch_day_of_week_operator.py
[2024-03-06T13:57:58.979+0000] {processor.py:830} INFO - Processing file /home/airflow/.local/lib/python3.11/site-packages/airflow/example_dags/example_branch_day_of_week_operator.py for tasks to queue
[2024-03-06T13:57:58.980+0000] {logging_mixin.py:188} INFO - [2024-03-06T13:57:58.979+0000] {dagbag.py:540} INFO - Filling up the DagBag from /home/airflow/.local/lib/python3.11/site-packages/airflow/example_dags/example_branch_day_of_week_operator.py
[2024-03-06T13:57:58.989+0000] {processor.py:840} INFO - DAG(s) 'example_weekday_branch_operator' retrieved from /home/airflow/.local/lib/python3.11/site-packages/airflow/example_dags/example_branch_day_of_week_operator.py
[2024-03-06T13:57:59.024+0000] {logging_mixin.py:188} INFO - [2024-03-06T13:57:59.023+0000] {dag.py:3047} INFO - Sync 1 DAGs
[2024-03-06T13:57:59.057+0000] {logging_mixin.py:188} INFO - [2024-03-06T13:57:59.057+0000] {dag.py:3834} INFO - Setting next_dagrun for example_weekday_branch_operator to 2024-03-05 00:00:00+00:00, run_after=2024-03-06 00:00:00+00:00
[2024-03-06T13:57:59.086+0000] {processor.py:183} INFO - Processing /home/airflow/.local/lib/python3.11/site-packages/airflow/example_dags/example_branch_day_of_week_operator.py took 0.114 seconds
[2024-03-06T13:58:29.505+0000] {processor.py:161} INFO - Started process (PID=7026) to work on /home/airflow/.local/lib/python3.11/site-packages/airflow/example_dags/example_branch_day_of_week_operator.py
[2024-03-06T13:58:29.506+0000] {processor.py:830} INFO - Processing file /home/airflow/.local/lib/python3.11/site-packages/airflow/example_dags/example_branch_day_of_week_operator.py for tasks to queue
[2024-03-06T13:58:29.509+0000] {logging_mixin.py:188} INFO - [2024-03-06T13:58:29.508+0000] {dagbag.py:540} INFO - Filling up the DagBag from /home/airflow/.local/lib/python3.11/site-packages/airflow/example_dags/example_branch_day_of_week_operator.py
[2024-03-06T13:58:29.522+0000] {processor.py:840} INFO - DAG(s) 'example_weekday_branch_operator' retrieved from /home/airflow/.local/lib/python3.11/site-packages/airflow/example_dags/example_branch_day_of_week_operator.py
[2024-03-06T13:58:29.552+0000] {logging_mixin.py:188} INFO - [2024-03-06T13:58:29.551+0000] {dag.py:3047} INFO - Sync 1 DAGs
[2024-03-06T13:58:29.583+0000] {logging_mixin.py:188} INFO - [2024-03-06T13:58:29.583+0000] {dag.py:3834} INFO - Setting next_dagrun for example_weekday_branch_operator to 2024-03-05 00:00:00+00:00, run_after=2024-03-06 00:00:00+00:00
[2024-03-06T13:58:29.610+0000] {processor.py:183} INFO - Processing /home/airflow/.local/lib/python3.11/site-packages/airflow/example_dags/example_branch_day_of_week_operator.py took 0.110 seconds
[2024-03-06T13:59:00.072+0000] {processor.py:161} INFO - Started process (PID=7273) to work on /home/airflow/.local/lib/python3.11/site-packages/airflow/example_dags/example_branch_day_of_week_operator.py
[2024-03-06T13:59:00.074+0000] {processor.py:830} INFO - Processing file /home/airflow/.local/lib/python3.11/site-packages/airflow/example_dags/example_branch_day_of_week_operator.py for tasks to queue
[2024-03-06T13:59:00.076+0000] {logging_mixin.py:188} INFO - [2024-03-06T13:59:00.075+0000] {dagbag.py:540} INFO - Filling up the DagBag from /home/airflow/.local/lib/python3.11/site-packages/airflow/example_dags/example_branch_day_of_week_operator.py
[2024-03-06T13:59:00.088+0000] {processor.py:840} INFO - DAG(s) 'example_weekday_branch_operator' retrieved from /home/airflow/.local/lib/python3.11/site-packages/airflow/example_dags/example_branch_day_of_week_operator.py
[2024-03-06T13:59:00.126+0000] {logging_mixin.py:188} INFO - [2024-03-06T13:59:00.125+0000] {dag.py:3047} INFO - Sync 1 DAGs
[2024-03-06T13:59:00.165+0000] {logging_mixin.py:188} INFO - [2024-03-06T13:59:00.164+0000] {dag.py:3834} INFO - Setting next_dagrun for example_weekday_branch_operator to 2024-03-05 00:00:00+00:00, run_after=2024-03-06 00:00:00+00:00
[2024-03-06T13:59:00.200+0000] {processor.py:183} INFO - Processing /home/airflow/.local/lib/python3.11/site-packages/airflow/example_dags/example_branch_day_of_week_operator.py took 0.133 seconds
[2024-03-06T13:59:30.476+0000] {processor.py:161} INFO - Started process (PID=7520) to work on /home/airflow/.local/lib/python3.11/site-packages/airflow/example_dags/example_branch_day_of_week_operator.py
[2024-03-06T13:59:30.478+0000] {processor.py:830} INFO - Processing file /home/airflow/.local/lib/python3.11/site-packages/airflow/example_dags/example_branch_day_of_week_operator.py for tasks to queue
[2024-03-06T13:59:30.481+0000] {logging_mixin.py:188} INFO - [2024-03-06T13:59:30.480+0000] {dagbag.py:540} INFO - Filling up the DagBag from /home/airflow/.local/lib/python3.11/site-packages/airflow/example_dags/example_branch_day_of_week_operator.py
[2024-03-06T13:59:30.494+0000] {processor.py:840} INFO - DAG(s) 'example_weekday_branch_operator' retrieved from /home/airflow/.local/lib/python3.11/site-packages/airflow/example_dags/example_branch_day_of_week_operator.py
[2024-03-06T13:59:30.531+0000] {logging_mixin.py:188} INFO - [2024-03-06T13:59:30.531+0000] {dag.py:3047} INFO - Sync 1 DAGs
[2024-03-06T13:59:30.563+0000] {logging_mixin.py:188} INFO - [2024-03-06T13:59:30.563+0000] {dag.py:3834} INFO - Setting next_dagrun for example_weekday_branch_operator to 2024-03-05 00:00:00+00:00, run_after=2024-03-06 00:00:00+00:00
[2024-03-06T13:59:30.593+0000] {processor.py:183} INFO - Processing /home/airflow/.local/lib/python3.11/site-packages/airflow/example_dags/example_branch_day_of_week_operator.py took 0.123 seconds
[2024-03-06T14:00:01.386+0000] {processor.py:161} INFO - Started process (PID=7766) to work on /home/airflow/.local/lib/python3.11/site-packages/airflow/example_dags/example_branch_day_of_week_operator.py
[2024-03-06T14:00:01.387+0000] {processor.py:830} INFO - Processing file /home/airflow/.local/lib/python3.11/site-packages/airflow/example_dags/example_branch_day_of_week_operator.py for tasks to queue
[2024-03-06T14:00:01.389+0000] {logging_mixin.py:188} INFO - [2024-03-06T14:00:01.388+0000] {dagbag.py:540} INFO - Filling up the DagBag from /home/airflow/.local/lib/python3.11/site-packages/airflow/example_dags/example_branch_day_of_week_operator.py
[2024-03-06T14:00:01.398+0000] {processor.py:840} INFO - DAG(s) 'example_weekday_branch_operator' retrieved from /home/airflow/.local/lib/python3.11/site-packages/airflow/example_dags/example_branch_day_of_week_operator.py
[2024-03-06T14:00:01.429+0000] {logging_mixin.py:188} INFO - [2024-03-06T14:00:01.429+0000] {dag.py:3047} INFO - Sync 1 DAGs
[2024-03-06T14:00:01.457+0000] {logging_mixin.py:188} INFO - [2024-03-06T14:00:01.456+0000] {dag.py:3834} INFO - Setting next_dagrun for example_weekday_branch_operator to 2024-03-05 00:00:00+00:00, run_after=2024-03-06 00:00:00+00:00
[2024-03-06T14:00:01.480+0000] {processor.py:183} INFO - Processing /home/airflow/.local/lib/python3.11/site-packages/airflow/example_dags/example_branch_day_of_week_operator.py took 0.098 seconds
[2024-03-06T14:00:31.740+0000] {processor.py:161} INFO - Started process (PID=8013) to work on /home/airflow/.local/lib/python3.11/site-packages/airflow/example_dags/example_branch_day_of_week_operator.py
[2024-03-06T14:00:31.741+0000] {processor.py:830} INFO - Processing file /home/airflow/.local/lib/python3.11/site-packages/airflow/example_dags/example_branch_day_of_week_operator.py for tasks to queue
[2024-03-06T14:00:31.742+0000] {logging_mixin.py:188} INFO - [2024-03-06T14:00:31.742+0000] {dagbag.py:540} INFO - Filling up the DagBag from /home/airflow/.local/lib/python3.11/site-packages/airflow/example_dags/example_branch_day_of_week_operator.py
[2024-03-06T14:00:31.751+0000] {processor.py:840} INFO - DAG(s) 'example_weekday_branch_operator' retrieved from /home/airflow/.local/lib/python3.11/site-packages/airflow/example_dags/example_branch_day_of_week_operator.py
[2024-03-06T14:00:31.776+0000] {logging_mixin.py:188} INFO - [2024-03-06T14:00:31.776+0000] {dag.py:3047} INFO - Sync 1 DAGs
[2024-03-06T14:00:31.802+0000] {logging_mixin.py:188} INFO - [2024-03-06T14:00:31.802+0000] {dag.py:3834} INFO - Setting next_dagrun for example_weekday_branch_operator to 2024-03-05 00:00:00+00:00, run_after=2024-03-06 00:00:00+00:00
[2024-03-06T14:00:31.824+0000] {processor.py:183} INFO - Processing /home/airflow/.local/lib/python3.11/site-packages/airflow/example_dags/example_branch_day_of_week_operator.py took 0.089 seconds
[2024-03-06T14:01:02.122+0000] {processor.py:161} INFO - Started process (PID=8259) to work on /home/airflow/.local/lib/python3.11/site-packages/airflow/example_dags/example_branch_day_of_week_operator.py
[2024-03-06T14:01:02.130+0000] {processor.py:830} INFO - Processing file /home/airflow/.local/lib/python3.11/site-packages/airflow/example_dags/example_branch_day_of_week_operator.py for tasks to queue
[2024-03-06T14:01:02.133+0000] {logging_mixin.py:188} INFO - [2024-03-06T14:01:02.132+0000] {dagbag.py:540} INFO - Filling up the DagBag from /home/airflow/.local/lib/python3.11/site-packages/airflow/example_dags/example_branch_day_of_week_operator.py
[2024-03-06T14:01:02.169+0000] {processor.py:840} INFO - DAG(s) 'example_weekday_branch_operator' retrieved from /home/airflow/.local/lib/python3.11/site-packages/airflow/example_dags/example_branch_day_of_week_operator.py
[2024-03-06T14:01:02.237+0000] {logging_mixin.py:188} INFO - [2024-03-06T14:01:02.237+0000] {dag.py:3047} INFO - Sync 1 DAGs
[2024-03-06T14:01:02.279+0000] {logging_mixin.py:188} INFO - [2024-03-06T14:01:02.278+0000] {dag.py:3834} INFO - Setting next_dagrun for example_weekday_branch_operator to 2024-03-05 00:00:00+00:00, run_after=2024-03-06 00:00:00+00:00
[2024-03-06T14:01:02.327+0000] {processor.py:183} INFO - Processing /home/airflow/.local/lib/python3.11/site-packages/airflow/example_dags/example_branch_day_of_week_operator.py took 0.210 seconds
[2024-03-06T14:01:32.798+0000] {processor.py:161} INFO - Started process (PID=8506) to work on /home/airflow/.local/lib/python3.11/site-packages/airflow/example_dags/example_branch_day_of_week_operator.py
[2024-03-06T14:01:32.803+0000] {processor.py:830} INFO - Processing file /home/airflow/.local/lib/python3.11/site-packages/airflow/example_dags/example_branch_day_of_week_operator.py for tasks to queue
[2024-03-06T14:01:32.806+0000] {logging_mixin.py:188} INFO - [2024-03-06T14:01:32.805+0000] {dagbag.py:540} INFO - Filling up the DagBag from /home/airflow/.local/lib/python3.11/site-packages/airflow/example_dags/example_branch_day_of_week_operator.py
[2024-03-06T14:01:32.823+0000] {processor.py:840} INFO - DAG(s) 'example_weekday_branch_operator' retrieved from /home/airflow/.local/lib/python3.11/site-packages/airflow/example_dags/example_branch_day_of_week_operator.py
[2024-03-06T14:01:32.871+0000] {logging_mixin.py:188} INFO - [2024-03-06T14:01:32.871+0000] {dag.py:3047} INFO - Sync 1 DAGs
[2024-03-06T14:01:32.935+0000] {logging_mixin.py:188} INFO - [2024-03-06T14:01:32.935+0000] {dag.py:3834} INFO - Setting next_dagrun for example_weekday_branch_operator to 2024-03-05 00:00:00+00:00, run_after=2024-03-06 00:00:00+00:00
[2024-03-06T14:01:32.991+0000] {processor.py:183} INFO - Processing /home/airflow/.local/lib/python3.11/site-packages/airflow/example_dags/example_branch_day_of_week_operator.py took 0.199 seconds
[2024-03-06T14:02:03.035+0000] {processor.py:161} INFO - Started process (PID=8755) to work on /home/airflow/.local/lib/python3.11/site-packages/airflow/example_dags/example_branch_day_of_week_operator.py
[2024-03-06T14:02:03.036+0000] {processor.py:830} INFO - Processing file /home/airflow/.local/lib/python3.11/site-packages/airflow/example_dags/example_branch_day_of_week_operator.py for tasks to queue
[2024-03-06T14:02:03.038+0000] {logging_mixin.py:188} INFO - [2024-03-06T14:02:03.037+0000] {dagbag.py:540} INFO - Filling up the DagBag from /home/airflow/.local/lib/python3.11/site-packages/airflow/example_dags/example_branch_day_of_week_operator.py
[2024-03-06T14:02:03.045+0000] {processor.py:840} INFO - DAG(s) 'example_weekday_branch_operator' retrieved from /home/airflow/.local/lib/python3.11/site-packages/airflow/example_dags/example_branch_day_of_week_operator.py
[2024-03-06T14:02:03.064+0000] {logging_mixin.py:188} INFO - [2024-03-06T14:02:03.064+0000] {dag.py:3047} INFO - Sync 1 DAGs
[2024-03-06T14:02:03.086+0000] {logging_mixin.py:188} INFO - [2024-03-06T14:02:03.086+0000] {dag.py:3834} INFO - Setting next_dagrun for example_weekday_branch_operator to 2024-03-05 00:00:00+00:00, run_after=2024-03-06 00:00:00+00:00
[2024-03-06T14:02:03.104+0000] {processor.py:183} INFO - Processing /home/airflow/.local/lib/python3.11/site-packages/airflow/example_dags/example_branch_day_of_week_operator.py took 0.072 seconds
[2024-03-06T14:02:33.549+0000] {processor.py:161} INFO - Started process (PID=9000) to work on /home/airflow/.local/lib/python3.11/site-packages/airflow/example_dags/example_branch_day_of_week_operator.py
[2024-03-06T14:02:33.550+0000] {processor.py:830} INFO - Processing file /home/airflow/.local/lib/python3.11/site-packages/airflow/example_dags/example_branch_day_of_week_operator.py for tasks to queue
[2024-03-06T14:02:33.551+0000] {logging_mixin.py:188} INFO - [2024-03-06T14:02:33.550+0000] {dagbag.py:540} INFO - Filling up the DagBag from /home/airflow/.local/lib/python3.11/site-packages/airflow/example_dags/example_branch_day_of_week_operator.py
[2024-03-06T14:02:33.563+0000] {processor.py:840} INFO - DAG(s) 'example_weekday_branch_operator' retrieved from /home/airflow/.local/lib/python3.11/site-packages/airflow/example_dags/example_branch_day_of_week_operator.py
[2024-03-06T14:02:33.595+0000] {logging_mixin.py:188} INFO - [2024-03-06T14:02:33.595+0000] {dag.py:3047} INFO - Sync 1 DAGs
[2024-03-06T14:02:33.626+0000] {logging_mixin.py:188} INFO - [2024-03-06T14:02:33.626+0000] {dag.py:3834} INFO - Setting next_dagrun for example_weekday_branch_operator to 2024-03-05 00:00:00+00:00, run_after=2024-03-06 00:00:00+00:00
[2024-03-06T14:02:33.650+0000] {processor.py:183} INFO - Processing /home/airflow/.local/lib/python3.11/site-packages/airflow/example_dags/example_branch_day_of_week_operator.py took 0.105 seconds
[2024-03-06T14:03:03.736+0000] {processor.py:161} INFO - Started process (PID=9247) to work on /home/airflow/.local/lib/python3.11/site-packages/airflow/example_dags/example_branch_day_of_week_operator.py
[2024-03-06T14:03:03.740+0000] {processor.py:830} INFO - Processing file /home/airflow/.local/lib/python3.11/site-packages/airflow/example_dags/example_branch_day_of_week_operator.py for tasks to queue
[2024-03-06T14:03:03.741+0000] {logging_mixin.py:188} INFO - [2024-03-06T14:03:03.741+0000] {dagbag.py:540} INFO - Filling up the DagBag from /home/airflow/.local/lib/python3.11/site-packages/airflow/example_dags/example_branch_day_of_week_operator.py
[2024-03-06T14:03:03.751+0000] {processor.py:840} INFO - DAG(s) 'example_weekday_branch_operator' retrieved from /home/airflow/.local/lib/python3.11/site-packages/airflow/example_dags/example_branch_day_of_week_operator.py
[2024-03-06T14:03:03.777+0000] {logging_mixin.py:188} INFO - [2024-03-06T14:03:03.777+0000] {dag.py:3047} INFO - Sync 1 DAGs
[2024-03-06T14:03:03.810+0000] {logging_mixin.py:188} INFO - [2024-03-06T14:03:03.810+0000] {dag.py:3834} INFO - Setting next_dagrun for example_weekday_branch_operator to 2024-03-05 00:00:00+00:00, run_after=2024-03-06 00:00:00+00:00
[2024-03-06T14:03:03.833+0000] {processor.py:183} INFO - Processing /home/airflow/.local/lib/python3.11/site-packages/airflow/example_dags/example_branch_day_of_week_operator.py took 0.102 seconds
[2024-03-06T14:03:34.303+0000] {processor.py:161} INFO - Started process (PID=9494) to work on /home/airflow/.local/lib/python3.11/site-packages/airflow/example_dags/example_branch_day_of_week_operator.py
[2024-03-06T14:03:34.305+0000] {processor.py:830} INFO - Processing file /home/airflow/.local/lib/python3.11/site-packages/airflow/example_dags/example_branch_day_of_week_operator.py for tasks to queue
[2024-03-06T14:03:34.307+0000] {logging_mixin.py:188} INFO - [2024-03-06T14:03:34.306+0000] {dagbag.py:540} INFO - Filling up the DagBag from /home/airflow/.local/lib/python3.11/site-packages/airflow/example_dags/example_branch_day_of_week_operator.py
[2024-03-06T14:03:34.316+0000] {processor.py:840} INFO - DAG(s) 'example_weekday_branch_operator' retrieved from /home/airflow/.local/lib/python3.11/site-packages/airflow/example_dags/example_branch_day_of_week_operator.py
[2024-03-06T14:03:34.341+0000] {logging_mixin.py:188} INFO - [2024-03-06T14:03:34.340+0000] {dag.py:3047} INFO - Sync 1 DAGs
[2024-03-06T14:03:34.369+0000] {logging_mixin.py:188} INFO - [2024-03-06T14:03:34.369+0000] {dag.py:3834} INFO - Setting next_dagrun for example_weekday_branch_operator to 2024-03-05 00:00:00+00:00, run_after=2024-03-06 00:00:00+00:00
[2024-03-06T14:03:34.400+0000] {processor.py:183} INFO - Processing /home/airflow/.local/lib/python3.11/site-packages/airflow/example_dags/example_branch_day_of_week_operator.py took 0.101 seconds
[2024-03-06T14:04:04.512+0000] {processor.py:161} INFO - Started process (PID=9741) to work on /home/airflow/.local/lib/python3.11/site-packages/airflow/example_dags/example_branch_day_of_week_operator.py
[2024-03-06T14:04:04.516+0000] {processor.py:830} INFO - Processing file /home/airflow/.local/lib/python3.11/site-packages/airflow/example_dags/example_branch_day_of_week_operator.py for tasks to queue
[2024-03-06T14:04:04.517+0000] {logging_mixin.py:188} INFO - [2024-03-06T14:04:04.517+0000] {dagbag.py:540} INFO - Filling up the DagBag from /home/airflow/.local/lib/python3.11/site-packages/airflow/example_dags/example_branch_day_of_week_operator.py
[2024-03-06T14:04:04.529+0000] {processor.py:840} INFO - DAG(s) 'example_weekday_branch_operator' retrieved from /home/airflow/.local/lib/python3.11/site-packages/airflow/example_dags/example_branch_day_of_week_operator.py
[2024-03-06T14:04:04.559+0000] {logging_mixin.py:188} INFO - [2024-03-06T14:04:04.559+0000] {dag.py:3047} INFO - Sync 1 DAGs
[2024-03-06T14:04:04.597+0000] {logging_mixin.py:188} INFO - [2024-03-06T14:04:04.597+0000] {dag.py:3834} INFO - Setting next_dagrun for example_weekday_branch_operator to 2024-03-05 00:00:00+00:00, run_after=2024-03-06 00:00:00+00:00
[2024-03-06T14:04:04.617+0000] {processor.py:183} INFO - Processing /home/airflow/.local/lib/python3.11/site-packages/airflow/example_dags/example_branch_day_of_week_operator.py took 0.109 seconds
[2024-03-06T14:04:34.831+0000] {processor.py:161} INFO - Started process (PID=9988) to work on /home/airflow/.local/lib/python3.11/site-packages/airflow/example_dags/example_branch_day_of_week_operator.py
[2024-03-06T14:04:34.833+0000] {processor.py:830} INFO - Processing file /home/airflow/.local/lib/python3.11/site-packages/airflow/example_dags/example_branch_day_of_week_operator.py for tasks to queue
[2024-03-06T14:04:34.835+0000] {logging_mixin.py:188} INFO - [2024-03-06T14:04:34.835+0000] {dagbag.py:540} INFO - Filling up the DagBag from /home/airflow/.local/lib/python3.11/site-packages/airflow/example_dags/example_branch_day_of_week_operator.py
[2024-03-06T14:04:34.847+0000] {processor.py:840} INFO - DAG(s) 'example_weekday_branch_operator' retrieved from /home/airflow/.local/lib/python3.11/site-packages/airflow/example_dags/example_branch_day_of_week_operator.py
[2024-03-06T14:04:34.875+0000] {logging_mixin.py:188} INFO - [2024-03-06T14:04:34.874+0000] {dag.py:3047} INFO - Sync 1 DAGs
[2024-03-06T14:04:34.924+0000] {logging_mixin.py:188} INFO - [2024-03-06T14:04:34.923+0000] {dag.py:3834} INFO - Setting next_dagrun for example_weekday_branch_operator to 2024-03-05 00:00:00+00:00, run_after=2024-03-06 00:00:00+00:00
[2024-03-06T14:04:34.969+0000] {processor.py:183} INFO - Processing /home/airflow/.local/lib/python3.11/site-packages/airflow/example_dags/example_branch_day_of_week_operator.py took 0.141 seconds
[2024-03-06T14:05:05.355+0000] {processor.py:161} INFO - Started process (PID=10235) to work on /home/airflow/.local/lib/python3.11/site-packages/airflow/example_dags/example_branch_day_of_week_operator.py
[2024-03-06T14:05:05.357+0000] {processor.py:830} INFO - Processing file /home/airflow/.local/lib/python3.11/site-packages/airflow/example_dags/example_branch_day_of_week_operator.py for tasks to queue
[2024-03-06T14:05:05.358+0000] {logging_mixin.py:188} INFO - [2024-03-06T14:05:05.358+0000] {dagbag.py:540} INFO - Filling up the DagBag from /home/airflow/.local/lib/python3.11/site-packages/airflow/example_dags/example_branch_day_of_week_operator.py
[2024-03-06T14:05:05.370+0000] {processor.py:840} INFO - DAG(s) 'example_weekday_branch_operator' retrieved from /home/airflow/.local/lib/python3.11/site-packages/airflow/example_dags/example_branch_day_of_week_operator.py
[2024-03-06T14:05:05.406+0000] {logging_mixin.py:188} INFO - [2024-03-06T14:05:05.405+0000] {dag.py:3047} INFO - Sync 1 DAGs
[2024-03-06T14:05:05.436+0000] {logging_mixin.py:188} INFO - [2024-03-06T14:05:05.436+0000] {dag.py:3834} INFO - Setting next_dagrun for example_weekday_branch_operator to 2024-03-05 00:00:00+00:00, run_after=2024-03-06 00:00:00+00:00
[2024-03-06T14:05:05.457+0000] {processor.py:183} INFO - Processing /home/airflow/.local/lib/python3.11/site-packages/airflow/example_dags/example_branch_day_of_week_operator.py took 0.107 seconds
[2024-03-06T14:05:36.334+0000] {processor.py:161} INFO - Started process (PID=10482) to work on /home/airflow/.local/lib/python3.11/site-packages/airflow/example_dags/example_branch_day_of_week_operator.py
[2024-03-06T14:05:36.336+0000] {processor.py:830} INFO - Processing file /home/airflow/.local/lib/python3.11/site-packages/airflow/example_dags/example_branch_day_of_week_operator.py for tasks to queue
[2024-03-06T14:05:36.340+0000] {logging_mixin.py:188} INFO - [2024-03-06T14:05:36.339+0000] {dagbag.py:540} INFO - Filling up the DagBag from /home/airflow/.local/lib/python3.11/site-packages/airflow/example_dags/example_branch_day_of_week_operator.py
[2024-03-06T14:05:36.358+0000] {processor.py:840} INFO - DAG(s) 'example_weekday_branch_operator' retrieved from /home/airflow/.local/lib/python3.11/site-packages/airflow/example_dags/example_branch_day_of_week_operator.py
[2024-03-06T14:05:36.402+0000] {logging_mixin.py:188} INFO - [2024-03-06T14:05:36.402+0000] {dag.py:3047} INFO - Sync 1 DAGs
[2024-03-06T14:05:36.434+0000] {logging_mixin.py:188} INFO - [2024-03-06T14:05:36.433+0000] {dag.py:3834} INFO - Setting next_dagrun for example_weekday_branch_operator to 2024-03-05 00:00:00+00:00, run_after=2024-03-06 00:00:00+00:00
[2024-03-06T14:05:36.460+0000] {processor.py:183} INFO - Processing /home/airflow/.local/lib/python3.11/site-packages/airflow/example_dags/example_branch_day_of_week_operator.py took 0.132 seconds
[2024-03-06T14:06:06.692+0000] {processor.py:161} INFO - Started process (PID=10729) to work on /home/airflow/.local/lib/python3.11/site-packages/airflow/example_dags/example_branch_day_of_week_operator.py
[2024-03-06T14:06:06.693+0000] {processor.py:830} INFO - Processing file /home/airflow/.local/lib/python3.11/site-packages/airflow/example_dags/example_branch_day_of_week_operator.py for tasks to queue
[2024-03-06T14:06:06.695+0000] {logging_mixin.py:188} INFO - [2024-03-06T14:06:06.694+0000] {dagbag.py:540} INFO - Filling up the DagBag from /home/airflow/.local/lib/python3.11/site-packages/airflow/example_dags/example_branch_day_of_week_operator.py
[2024-03-06T14:06:06.713+0000] {processor.py:840} INFO - DAG(s) 'example_weekday_branch_operator' retrieved from /home/airflow/.local/lib/python3.11/site-packages/airflow/example_dags/example_branch_day_of_week_operator.py
[2024-03-06T14:06:06.743+0000] {logging_mixin.py:188} INFO - [2024-03-06T14:06:06.743+0000] {dag.py:3047} INFO - Sync 1 DAGs
[2024-03-06T14:06:06.769+0000] {logging_mixin.py:188} INFO - [2024-03-06T14:06:06.769+0000] {dag.py:3834} INFO - Setting next_dagrun for example_weekday_branch_operator to 2024-03-05 00:00:00+00:00, run_after=2024-03-06 00:00:00+00:00
[2024-03-06T14:06:06.790+0000] {processor.py:183} INFO - Processing /home/airflow/.local/lib/python3.11/site-packages/airflow/example_dags/example_branch_day_of_week_operator.py took 0.102 seconds
[2024-03-06T14:06:37.563+0000] {processor.py:161} INFO - Started process (PID=10975) to work on /home/airflow/.local/lib/python3.11/site-packages/airflow/example_dags/example_branch_day_of_week_operator.py
[2024-03-06T14:06:37.564+0000] {processor.py:830} INFO - Processing file /home/airflow/.local/lib/python3.11/site-packages/airflow/example_dags/example_branch_day_of_week_operator.py for tasks to queue
[2024-03-06T14:06:37.565+0000] {logging_mixin.py:188} INFO - [2024-03-06T14:06:37.565+0000] {dagbag.py:540} INFO - Filling up the DagBag from /home/airflow/.local/lib/python3.11/site-packages/airflow/example_dags/example_branch_day_of_week_operator.py
[2024-03-06T14:06:37.573+0000] {processor.py:840} INFO - DAG(s) 'example_weekday_branch_operator' retrieved from /home/airflow/.local/lib/python3.11/site-packages/airflow/example_dags/example_branch_day_of_week_operator.py
[2024-03-06T14:06:37.596+0000] {logging_mixin.py:188} INFO - [2024-03-06T14:06:37.596+0000] {dag.py:3047} INFO - Sync 1 DAGs
[2024-03-06T14:06:37.623+0000] {logging_mixin.py:188} INFO - [2024-03-06T14:06:37.622+0000] {dag.py:3834} INFO - Setting next_dagrun for example_weekday_branch_operator to 2024-03-05 00:00:00+00:00, run_after=2024-03-06 00:00:00+00:00
[2024-03-06T14:06:37.645+0000] {processor.py:183} INFO - Processing /home/airflow/.local/lib/python3.11/site-packages/airflow/example_dags/example_branch_day_of_week_operator.py took 0.085 seconds
[2024-03-06T14:07:08.198+0000] {processor.py:161} INFO - Started process (PID=11222) to work on /home/airflow/.local/lib/python3.11/site-packages/airflow/example_dags/example_branch_day_of_week_operator.py
[2024-03-06T14:07:08.200+0000] {processor.py:830} INFO - Processing file /home/airflow/.local/lib/python3.11/site-packages/airflow/example_dags/example_branch_day_of_week_operator.py for tasks to queue
[2024-03-06T14:07:08.206+0000] {logging_mixin.py:188} INFO - [2024-03-06T14:07:08.205+0000] {dagbag.py:540} INFO - Filling up the DagBag from /home/airflow/.local/lib/python3.11/site-packages/airflow/example_dags/example_branch_day_of_week_operator.py
[2024-03-06T14:07:08.220+0000] {processor.py:840} INFO - DAG(s) 'example_weekday_branch_operator' retrieved from /home/airflow/.local/lib/python3.11/site-packages/airflow/example_dags/example_branch_day_of_week_operator.py
[2024-03-06T14:07:08.260+0000] {logging_mixin.py:188} INFO - [2024-03-06T14:07:08.259+0000] {dag.py:3047} INFO - Sync 1 DAGs
[2024-03-06T14:07:08.308+0000] {logging_mixin.py:188} INFO - [2024-03-06T14:07:08.307+0000] {dag.py:3834} INFO - Setting next_dagrun for example_weekday_branch_operator to 2024-03-05 00:00:00+00:00, run_after=2024-03-06 00:00:00+00:00
[2024-03-06T14:07:08.356+0000] {processor.py:183} INFO - Processing /home/airflow/.local/lib/python3.11/site-packages/airflow/example_dags/example_branch_day_of_week_operator.py took 0.162 seconds
[2024-03-06T14:07:39.047+0000] {processor.py:161} INFO - Started process (PID=11469) to work on /home/airflow/.local/lib/python3.11/site-packages/airflow/example_dags/example_branch_day_of_week_operator.py
[2024-03-06T14:07:39.049+0000] {processor.py:830} INFO - Processing file /home/airflow/.local/lib/python3.11/site-packages/airflow/example_dags/example_branch_day_of_week_operator.py for tasks to queue
[2024-03-06T14:07:39.050+0000] {logging_mixin.py:188} INFO - [2024-03-06T14:07:39.050+0000] {dagbag.py:540} INFO - Filling up the DagBag from /home/airflow/.local/lib/python3.11/site-packages/airflow/example_dags/example_branch_day_of_week_operator.py
[2024-03-06T14:07:39.062+0000] {processor.py:840} INFO - DAG(s) 'example_weekday_branch_operator' retrieved from /home/airflow/.local/lib/python3.11/site-packages/airflow/example_dags/example_branch_day_of_week_operator.py
[2024-03-06T14:07:39.096+0000] {logging_mixin.py:188} INFO - [2024-03-06T14:07:39.096+0000] {dag.py:3047} INFO - Sync 1 DAGs
[2024-03-06T14:07:39.138+0000] {logging_mixin.py:188} INFO - [2024-03-06T14:07:39.138+0000] {dag.py:3834} INFO - Setting next_dagrun for example_weekday_branch_operator to 2024-03-05 00:00:00+00:00, run_after=2024-03-06 00:00:00+00:00
[2024-03-06T14:07:39.168+0000] {processor.py:183} INFO - Processing /home/airflow/.local/lib/python3.11/site-packages/airflow/example_dags/example_branch_day_of_week_operator.py took 0.125 seconds
[2024-03-06T14:08:10.026+0000] {processor.py:161} INFO - Started process (PID=11716) to work on /home/airflow/.local/lib/python3.11/site-packages/airflow/example_dags/example_branch_day_of_week_operator.py
[2024-03-06T14:08:10.029+0000] {processor.py:830} INFO - Processing file /home/airflow/.local/lib/python3.11/site-packages/airflow/example_dags/example_branch_day_of_week_operator.py for tasks to queue
[2024-03-06T14:08:10.030+0000] {logging_mixin.py:188} INFO - [2024-03-06T14:08:10.030+0000] {dagbag.py:540} INFO - Filling up the DagBag from /home/airflow/.local/lib/python3.11/site-packages/airflow/example_dags/example_branch_day_of_week_operator.py
[2024-03-06T14:08:10.045+0000] {processor.py:840} INFO - DAG(s) 'example_weekday_branch_operator' retrieved from /home/airflow/.local/lib/python3.11/site-packages/airflow/example_dags/example_branch_day_of_week_operator.py
[2024-03-06T14:08:10.092+0000] {logging_mixin.py:188} INFO - [2024-03-06T14:08:10.091+0000] {dag.py:3047} INFO - Sync 1 DAGs
[2024-03-06T14:08:10.139+0000] {logging_mixin.py:188} INFO - [2024-03-06T14:08:10.139+0000] {dag.py:3834} INFO - Setting next_dagrun for example_weekday_branch_operator to 2024-03-05 00:00:00+00:00, run_after=2024-03-06 00:00:00+00:00
[2024-03-06T14:08:10.178+0000] {processor.py:183} INFO - Processing /home/airflow/.local/lib/python3.11/site-packages/airflow/example_dags/example_branch_day_of_week_operator.py took 0.157 seconds
[2024-03-06T14:08:41.114+0000] {processor.py:161} INFO - Started process (PID=11965) to work on /home/airflow/.local/lib/python3.11/site-packages/airflow/example_dags/example_branch_day_of_week_operator.py
[2024-03-06T14:08:41.117+0000] {processor.py:830} INFO - Processing file /home/airflow/.local/lib/python3.11/site-packages/airflow/example_dags/example_branch_day_of_week_operator.py for tasks to queue
[2024-03-06T14:08:41.119+0000] {logging_mixin.py:188} INFO - [2024-03-06T14:08:41.118+0000] {dagbag.py:540} INFO - Filling up the DagBag from /home/airflow/.local/lib/python3.11/site-packages/airflow/example_dags/example_branch_day_of_week_operator.py
[2024-03-06T14:08:41.127+0000] {processor.py:840} INFO - DAG(s) 'example_weekday_branch_operator' retrieved from /home/airflow/.local/lib/python3.11/site-packages/airflow/example_dags/example_branch_day_of_week_operator.py
[2024-03-06T14:08:41.150+0000] {logging_mixin.py:188} INFO - [2024-03-06T14:08:41.150+0000] {dag.py:3047} INFO - Sync 1 DAGs
[2024-03-06T14:08:41.169+0000] {logging_mixin.py:188} INFO - [2024-03-06T14:08:41.169+0000] {dag.py:3834} INFO - Setting next_dagrun for example_weekday_branch_operator to 2024-03-05 00:00:00+00:00, run_after=2024-03-06 00:00:00+00:00
[2024-03-06T14:08:41.188+0000] {processor.py:183} INFO - Processing /home/airflow/.local/lib/python3.11/site-packages/airflow/example_dags/example_branch_day_of_week_operator.py took 0.077 seconds
[2024-03-06T14:09:12.084+0000] {processor.py:161} INFO - Started process (PID=12211) to work on /home/airflow/.local/lib/python3.11/site-packages/airflow/example_dags/example_branch_day_of_week_operator.py
[2024-03-06T14:09:12.091+0000] {processor.py:830} INFO - Processing file /home/airflow/.local/lib/python3.11/site-packages/airflow/example_dags/example_branch_day_of_week_operator.py for tasks to queue
[2024-03-06T14:09:12.093+0000] {logging_mixin.py:188} INFO - [2024-03-06T14:09:12.092+0000] {dagbag.py:540} INFO - Filling up the DagBag from /home/airflow/.local/lib/python3.11/site-packages/airflow/example_dags/example_branch_day_of_week_operator.py
[2024-03-06T14:09:12.102+0000] {processor.py:840} INFO - DAG(s) 'example_weekday_branch_operator' retrieved from /home/airflow/.local/lib/python3.11/site-packages/airflow/example_dags/example_branch_day_of_week_operator.py
[2024-03-06T14:09:12.129+0000] {logging_mixin.py:188} INFO - [2024-03-06T14:09:12.129+0000] {dag.py:3047} INFO - Sync 1 DAGs
[2024-03-06T14:09:12.173+0000] {logging_mixin.py:188} INFO - [2024-03-06T14:09:12.173+0000] {dag.py:3834} INFO - Setting next_dagrun for example_weekday_branch_operator to 2024-03-05 00:00:00+00:00, run_after=2024-03-06 00:00:00+00:00
[2024-03-06T14:09:12.211+0000] {processor.py:183} INFO - Processing /home/airflow/.local/lib/python3.11/site-packages/airflow/example_dags/example_branch_day_of_week_operator.py took 0.131 seconds
[2024-03-06T14:09:42.888+0000] {processor.py:161} INFO - Started process (PID=12457) to work on /home/airflow/.local/lib/python3.11/site-packages/airflow/example_dags/example_branch_day_of_week_operator.py
[2024-03-06T14:09:42.889+0000] {processor.py:830} INFO - Processing file /home/airflow/.local/lib/python3.11/site-packages/airflow/example_dags/example_branch_day_of_week_operator.py for tasks to queue
[2024-03-06T14:09:42.892+0000] {logging_mixin.py:188} INFO - [2024-03-06T14:09:42.892+0000] {dagbag.py:540} INFO - Filling up the DagBag from /home/airflow/.local/lib/python3.11/site-packages/airflow/example_dags/example_branch_day_of_week_operator.py
[2024-03-06T14:09:42.900+0000] {processor.py:840} INFO - DAG(s) 'example_weekday_branch_operator' retrieved from /home/airflow/.local/lib/python3.11/site-packages/airflow/example_dags/example_branch_day_of_week_operator.py
[2024-03-06T14:09:42.922+0000] {logging_mixin.py:188} INFO - [2024-03-06T14:09:42.922+0000] {dag.py:3047} INFO - Sync 1 DAGs
[2024-03-06T14:09:42.949+0000] {logging_mixin.py:188} INFO - [2024-03-06T14:09:42.948+0000] {dag.py:3834} INFO - Setting next_dagrun for example_weekday_branch_operator to 2024-03-05 00:00:00+00:00, run_after=2024-03-06 00:00:00+00:00
[2024-03-06T14:09:42.970+0000] {processor.py:183} INFO - Processing /home/airflow/.local/lib/python3.11/site-packages/airflow/example_dags/example_branch_day_of_week_operator.py took 0.085 seconds
[2024-03-06T14:10:13.767+0000] {processor.py:161} INFO - Started process (PID=12704) to work on /home/airflow/.local/lib/python3.11/site-packages/airflow/example_dags/example_branch_day_of_week_operator.py
[2024-03-06T14:10:13.773+0000] {processor.py:830} INFO - Processing file /home/airflow/.local/lib/python3.11/site-packages/airflow/example_dags/example_branch_day_of_week_operator.py for tasks to queue
[2024-03-06T14:10:13.775+0000] {logging_mixin.py:188} INFO - [2024-03-06T14:10:13.774+0000] {dagbag.py:540} INFO - Filling up the DagBag from /home/airflow/.local/lib/python3.11/site-packages/airflow/example_dags/example_branch_day_of_week_operator.py
[2024-03-06T14:10:13.784+0000] {processor.py:840} INFO - DAG(s) 'example_weekday_branch_operator' retrieved from /home/airflow/.local/lib/python3.11/site-packages/airflow/example_dags/example_branch_day_of_week_operator.py
[2024-03-06T14:10:13.803+0000] {logging_mixin.py:188} INFO - [2024-03-06T14:10:13.803+0000] {dag.py:3047} INFO - Sync 1 DAGs
[2024-03-06T14:10:13.824+0000] {logging_mixin.py:188} INFO - [2024-03-06T14:10:13.823+0000] {dag.py:3834} INFO - Setting next_dagrun for example_weekday_branch_operator to 2024-03-05 00:00:00+00:00, run_after=2024-03-06 00:00:00+00:00
[2024-03-06T14:10:13.845+0000] {processor.py:183} INFO - Processing /home/airflow/.local/lib/python3.11/site-packages/airflow/example_dags/example_branch_day_of_week_operator.py took 0.081 seconds
[2024-03-06T14:10:43.895+0000] {processor.py:161} INFO - Started process (PID=12951) to work on /home/airflow/.local/lib/python3.11/site-packages/airflow/example_dags/example_branch_day_of_week_operator.py
[2024-03-06T14:10:43.897+0000] {processor.py:830} INFO - Processing file /home/airflow/.local/lib/python3.11/site-packages/airflow/example_dags/example_branch_day_of_week_operator.py for tasks to queue
[2024-03-06T14:10:43.903+0000] {logging_mixin.py:188} INFO - [2024-03-06T14:10:43.903+0000] {dagbag.py:540} INFO - Filling up the DagBag from /home/airflow/.local/lib/python3.11/site-packages/airflow/example_dags/example_branch_day_of_week_operator.py
[2024-03-06T14:10:43.911+0000] {processor.py:840} INFO - DAG(s) 'example_weekday_branch_operator' retrieved from /home/airflow/.local/lib/python3.11/site-packages/airflow/example_dags/example_branch_day_of_week_operator.py
[2024-03-06T14:10:43.929+0000] {logging_mixin.py:188} INFO - [2024-03-06T14:10:43.929+0000] {dag.py:3047} INFO - Sync 1 DAGs
[2024-03-06T14:10:43.951+0000] {logging_mixin.py:188} INFO - [2024-03-06T14:10:43.951+0000] {dag.py:3834} INFO - Setting next_dagrun for example_weekday_branch_operator to 2024-03-05 00:00:00+00:00, run_after=2024-03-06 00:00:00+00:00
[2024-03-06T14:10:43.969+0000] {processor.py:183} INFO - Processing /home/airflow/.local/lib/python3.11/site-packages/airflow/example_dags/example_branch_day_of_week_operator.py took 0.077 seconds
[2024-03-06T14:11:14.824+0000] {processor.py:161} INFO - Started process (PID=13198) to work on /home/airflow/.local/lib/python3.11/site-packages/airflow/example_dags/example_branch_day_of_week_operator.py
[2024-03-06T14:11:14.825+0000] {processor.py:830} INFO - Processing file /home/airflow/.local/lib/python3.11/site-packages/airflow/example_dags/example_branch_day_of_week_operator.py for tasks to queue
[2024-03-06T14:11:14.827+0000] {logging_mixin.py:188} INFO - [2024-03-06T14:11:14.826+0000] {dagbag.py:540} INFO - Filling up the DagBag from /home/airflow/.local/lib/python3.11/site-packages/airflow/example_dags/example_branch_day_of_week_operator.py
[2024-03-06T14:11:14.835+0000] {processor.py:840} INFO - DAG(s) 'example_weekday_branch_operator' retrieved from /home/airflow/.local/lib/python3.11/site-packages/airflow/example_dags/example_branch_day_of_week_operator.py
[2024-03-06T14:11:14.856+0000] {logging_mixin.py:188} INFO - [2024-03-06T14:11:14.855+0000] {dag.py:3047} INFO - Sync 1 DAGs
[2024-03-06T14:11:14.874+0000] {logging_mixin.py:188} INFO - [2024-03-06T14:11:14.874+0000] {dag.py:3834} INFO - Setting next_dagrun for example_weekday_branch_operator to 2024-03-05 00:00:00+00:00, run_after=2024-03-06 00:00:00+00:00
[2024-03-06T14:11:14.894+0000] {processor.py:183} INFO - Processing /home/airflow/.local/lib/python3.11/site-packages/airflow/example_dags/example_branch_day_of_week_operator.py took 0.075 seconds
[2024-03-06T14:11:45.635+0000] {processor.py:161} INFO - Started process (PID=13445) to work on /home/airflow/.local/lib/python3.11/site-packages/airflow/example_dags/example_branch_day_of_week_operator.py
[2024-03-06T14:11:45.637+0000] {processor.py:830} INFO - Processing file /home/airflow/.local/lib/python3.11/site-packages/airflow/example_dags/example_branch_day_of_week_operator.py for tasks to queue
[2024-03-06T14:11:45.639+0000] {logging_mixin.py:188} INFO - [2024-03-06T14:11:45.638+0000] {dagbag.py:540} INFO - Filling up the DagBag from /home/airflow/.local/lib/python3.11/site-packages/airflow/example_dags/example_branch_day_of_week_operator.py
[2024-03-06T14:11:45.647+0000] {processor.py:840} INFO - DAG(s) 'example_weekday_branch_operator' retrieved from /home/airflow/.local/lib/python3.11/site-packages/airflow/example_dags/example_branch_day_of_week_operator.py
[2024-03-06T14:11:45.670+0000] {logging_mixin.py:188} INFO - [2024-03-06T14:11:45.670+0000] {dag.py:3047} INFO - Sync 1 DAGs
[2024-03-06T14:11:45.693+0000] {logging_mixin.py:188} INFO - [2024-03-06T14:11:45.693+0000] {dag.py:3834} INFO - Setting next_dagrun for example_weekday_branch_operator to 2024-03-05 00:00:00+00:00, run_after=2024-03-06 00:00:00+00:00
[2024-03-06T14:11:45.717+0000] {processor.py:183} INFO - Processing /home/airflow/.local/lib/python3.11/site-packages/airflow/example_dags/example_branch_day_of_week_operator.py took 0.085 seconds
[2024-03-06T14:12:16.069+0000] {processor.py:161} INFO - Started process (PID=13692) to work on /home/airflow/.local/lib/python3.11/site-packages/airflow/example_dags/example_branch_day_of_week_operator.py
[2024-03-06T14:12:16.070+0000] {processor.py:830} INFO - Processing file /home/airflow/.local/lib/python3.11/site-packages/airflow/example_dags/example_branch_day_of_week_operator.py for tasks to queue
[2024-03-06T14:12:16.072+0000] {logging_mixin.py:188} INFO - [2024-03-06T14:12:16.071+0000] {dagbag.py:540} INFO - Filling up the DagBag from /home/airflow/.local/lib/python3.11/site-packages/airflow/example_dags/example_branch_day_of_week_operator.py
[2024-03-06T14:12:16.082+0000] {processor.py:840} INFO - DAG(s) 'example_weekday_branch_operator' retrieved from /home/airflow/.local/lib/python3.11/site-packages/airflow/example_dags/example_branch_day_of_week_operator.py
[2024-03-06T14:12:16.106+0000] {logging_mixin.py:188} INFO - [2024-03-06T14:12:16.106+0000] {dag.py:3047} INFO - Sync 1 DAGs
[2024-03-06T14:12:16.127+0000] {logging_mixin.py:188} INFO - [2024-03-06T14:12:16.126+0000] {dag.py:3834} INFO - Setting next_dagrun for example_weekday_branch_operator to 2024-03-05 00:00:00+00:00, run_after=2024-03-06 00:00:00+00:00
[2024-03-06T14:12:16.144+0000] {processor.py:183} INFO - Processing /home/airflow/.local/lib/python3.11/site-packages/airflow/example_dags/example_branch_day_of_week_operator.py took 0.078 seconds
[2024-03-06T14:12:46.930+0000] {processor.py:161} INFO - Started process (PID=13939) to work on /home/airflow/.local/lib/python3.11/site-packages/airflow/example_dags/example_branch_day_of_week_operator.py
[2024-03-06T14:12:46.931+0000] {processor.py:830} INFO - Processing file /home/airflow/.local/lib/python3.11/site-packages/airflow/example_dags/example_branch_day_of_week_operator.py for tasks to queue
[2024-03-06T14:12:46.932+0000] {logging_mixin.py:188} INFO - [2024-03-06T14:12:46.932+0000] {dagbag.py:540} INFO - Filling up the DagBag from /home/airflow/.local/lib/python3.11/site-packages/airflow/example_dags/example_branch_day_of_week_operator.py
[2024-03-06T14:12:46.941+0000] {processor.py:840} INFO - DAG(s) 'example_weekday_branch_operator' retrieved from /home/airflow/.local/lib/python3.11/site-packages/airflow/example_dags/example_branch_day_of_week_operator.py
[2024-03-06T14:12:46.963+0000] {logging_mixin.py:188} INFO - [2024-03-06T14:12:46.962+0000] {dag.py:3047} INFO - Sync 1 DAGs
[2024-03-06T14:12:46.981+0000] {logging_mixin.py:188} INFO - [2024-03-06T14:12:46.981+0000] {dag.py:3834} INFO - Setting next_dagrun for example_weekday_branch_operator to 2024-03-05 00:00:00+00:00, run_after=2024-03-06 00:00:00+00:00
[2024-03-06T14:12:47.003+0000] {processor.py:183} INFO - Processing /home/airflow/.local/lib/python3.11/site-packages/airflow/example_dags/example_branch_day_of_week_operator.py took 0.078 seconds
[2024-03-06T14:13:17.651+0000] {processor.py:161} INFO - Started process (PID=14186) to work on /home/airflow/.local/lib/python3.11/site-packages/airflow/example_dags/example_branch_day_of_week_operator.py
[2024-03-06T14:13:17.652+0000] {processor.py:830} INFO - Processing file /home/airflow/.local/lib/python3.11/site-packages/airflow/example_dags/example_branch_day_of_week_operator.py for tasks to queue
[2024-03-06T14:13:17.654+0000] {logging_mixin.py:188} INFO - [2024-03-06T14:13:17.653+0000] {dagbag.py:540} INFO - Filling up the DagBag from /home/airflow/.local/lib/python3.11/site-packages/airflow/example_dags/example_branch_day_of_week_operator.py
[2024-03-06T14:13:17.662+0000] {processor.py:840} INFO - DAG(s) 'example_weekday_branch_operator' retrieved from /home/airflow/.local/lib/python3.11/site-packages/airflow/example_dags/example_branch_day_of_week_operator.py
[2024-03-06T14:13:17.683+0000] {logging_mixin.py:188} INFO - [2024-03-06T14:13:17.683+0000] {dag.py:3047} INFO - Sync 1 DAGs
[2024-03-06T14:13:17.706+0000] {logging_mixin.py:188} INFO - [2024-03-06T14:13:17.706+0000] {dag.py:3834} INFO - Setting next_dagrun for example_weekday_branch_operator to 2024-03-05 00:00:00+00:00, run_after=2024-03-06 00:00:00+00:00
[2024-03-06T14:13:17.730+0000] {processor.py:183} INFO - Processing /home/airflow/.local/lib/python3.11/site-packages/airflow/example_dags/example_branch_day_of_week_operator.py took 0.083 seconds
[2024-03-06T14:13:48.312+0000] {processor.py:161} INFO - Started process (PID=14433) to work on /home/airflow/.local/lib/python3.11/site-packages/airflow/example_dags/example_branch_day_of_week_operator.py
[2024-03-06T14:13:48.313+0000] {processor.py:830} INFO - Processing file /home/airflow/.local/lib/python3.11/site-packages/airflow/example_dags/example_branch_day_of_week_operator.py for tasks to queue
[2024-03-06T14:13:48.315+0000] {logging_mixin.py:188} INFO - [2024-03-06T14:13:48.314+0000] {dagbag.py:540} INFO - Filling up the DagBag from /home/airflow/.local/lib/python3.11/site-packages/airflow/example_dags/example_branch_day_of_week_operator.py
[2024-03-06T14:13:48.325+0000] {processor.py:840} INFO - DAG(s) 'example_weekday_branch_operator' retrieved from /home/airflow/.local/lib/python3.11/site-packages/airflow/example_dags/example_branch_day_of_week_operator.py
[2024-03-06T14:13:48.354+0000] {logging_mixin.py:188} INFO - [2024-03-06T14:13:48.354+0000] {dag.py:3047} INFO - Sync 1 DAGs
[2024-03-06T14:13:48.384+0000] {logging_mixin.py:188} INFO - [2024-03-06T14:13:48.384+0000] {dag.py:3834} INFO - Setting next_dagrun for example_weekday_branch_operator to 2024-03-05 00:00:00+00:00, run_after=2024-03-06 00:00:00+00:00
[2024-03-06T14:13:48.414+0000] {processor.py:183} INFO - Processing /home/airflow/.local/lib/python3.11/site-packages/airflow/example_dags/example_branch_day_of_week_operator.py took 0.106 seconds
[2024-03-06T14:14:19.225+0000] {processor.py:161} INFO - Started process (PID=14680) to work on /home/airflow/.local/lib/python3.11/site-packages/airflow/example_dags/example_branch_day_of_week_operator.py
[2024-03-06T14:14:19.226+0000] {processor.py:830} INFO - Processing file /home/airflow/.local/lib/python3.11/site-packages/airflow/example_dags/example_branch_day_of_week_operator.py for tasks to queue
[2024-03-06T14:14:19.228+0000] {logging_mixin.py:188} INFO - [2024-03-06T14:14:19.227+0000] {dagbag.py:540} INFO - Filling up the DagBag from /home/airflow/.local/lib/python3.11/site-packages/airflow/example_dags/example_branch_day_of_week_operator.py
[2024-03-06T14:14:19.235+0000] {processor.py:840} INFO - DAG(s) 'example_weekday_branch_operator' retrieved from /home/airflow/.local/lib/python3.11/site-packages/airflow/example_dags/example_branch_day_of_week_operator.py
[2024-03-06T14:14:19.256+0000] {logging_mixin.py:188} INFO - [2024-03-06T14:14:19.255+0000] {dag.py:3047} INFO - Sync 1 DAGs
[2024-03-06T14:14:19.277+0000] {logging_mixin.py:188} INFO - [2024-03-06T14:14:19.277+0000] {dag.py:3834} INFO - Setting next_dagrun for example_weekday_branch_operator to 2024-03-05 00:00:00+00:00, run_after=2024-03-06 00:00:00+00:00
[2024-03-06T14:14:19.295+0000] {processor.py:183} INFO - Processing /home/airflow/.local/lib/python3.11/site-packages/airflow/example_dags/example_branch_day_of_week_operator.py took 0.074 seconds
[2024-03-06T14:14:49.440+0000] {processor.py:161} INFO - Started process (PID=14927) to work on /home/airflow/.local/lib/python3.11/site-packages/airflow/example_dags/example_branch_day_of_week_operator.py
[2024-03-06T14:14:49.442+0000] {processor.py:830} INFO - Processing file /home/airflow/.local/lib/python3.11/site-packages/airflow/example_dags/example_branch_day_of_week_operator.py for tasks to queue
[2024-03-06T14:14:49.444+0000] {logging_mixin.py:188} INFO - [2024-03-06T14:14:49.443+0000] {dagbag.py:540} INFO - Filling up the DagBag from /home/airflow/.local/lib/python3.11/site-packages/airflow/example_dags/example_branch_day_of_week_operator.py
[2024-03-06T14:14:49.457+0000] {processor.py:840} INFO - DAG(s) 'example_weekday_branch_operator' retrieved from /home/airflow/.local/lib/python3.11/site-packages/airflow/example_dags/example_branch_day_of_week_operator.py
[2024-03-06T14:14:49.490+0000] {logging_mixin.py:188} INFO - [2024-03-06T14:14:49.489+0000] {dag.py:3047} INFO - Sync 1 DAGs
[2024-03-06T14:14:49.521+0000] {logging_mixin.py:188} INFO - [2024-03-06T14:14:49.520+0000] {dag.py:3834} INFO - Setting next_dagrun for example_weekday_branch_operator to 2024-03-05 00:00:00+00:00, run_after=2024-03-06 00:00:00+00:00
[2024-03-06T14:14:49.547+0000] {processor.py:183} INFO - Processing /home/airflow/.local/lib/python3.11/site-packages/airflow/example_dags/example_branch_day_of_week_operator.py took 0.111 seconds
[2024-03-06T14:15:19.633+0000] {processor.py:161} INFO - Started process (PID=15179) to work on /home/airflow/.local/lib/python3.11/site-packages/airflow/example_dags/example_branch_day_of_week_operator.py
[2024-03-06T14:15:19.634+0000] {processor.py:830} INFO - Processing file /home/airflow/.local/lib/python3.11/site-packages/airflow/example_dags/example_branch_day_of_week_operator.py for tasks to queue
[2024-03-06T14:15:19.635+0000] {logging_mixin.py:188} INFO - [2024-03-06T14:15:19.634+0000] {dagbag.py:540} INFO - Filling up the DagBag from /home/airflow/.local/lib/python3.11/site-packages/airflow/example_dags/example_branch_day_of_week_operator.py
[2024-03-06T14:15:19.642+0000] {processor.py:840} INFO - DAG(s) 'example_weekday_branch_operator' retrieved from /home/airflow/.local/lib/python3.11/site-packages/airflow/example_dags/example_branch_day_of_week_operator.py
[2024-03-06T14:15:19.660+0000] {logging_mixin.py:188} INFO - [2024-03-06T14:15:19.660+0000] {dag.py:3047} INFO - Sync 1 DAGs
[2024-03-06T14:15:19.680+0000] {logging_mixin.py:188} INFO - [2024-03-06T14:15:19.679+0000] {dag.py:3834} INFO - Setting next_dagrun for example_weekday_branch_operator to 2024-03-05 00:00:00+00:00, run_after=2024-03-06 00:00:00+00:00
[2024-03-06T14:15:19.695+0000] {processor.py:183} INFO - Processing /home/airflow/.local/lib/python3.11/site-packages/airflow/example_dags/example_branch_day_of_week_operator.py took 0.064 seconds
[2024-03-06T14:15:49.765+0000] {processor.py:161} INFO - Started process (PID=15419) to work on /home/airflow/.local/lib/python3.11/site-packages/airflow/example_dags/example_branch_day_of_week_operator.py
[2024-03-06T14:15:49.766+0000] {processor.py:830} INFO - Processing file /home/airflow/.local/lib/python3.11/site-packages/airflow/example_dags/example_branch_day_of_week_operator.py for tasks to queue
[2024-03-06T14:15:49.768+0000] {logging_mixin.py:188} INFO - [2024-03-06T14:15:49.767+0000] {dagbag.py:540} INFO - Filling up the DagBag from /home/airflow/.local/lib/python3.11/site-packages/airflow/example_dags/example_branch_day_of_week_operator.py
[2024-03-06T14:15:49.777+0000] {processor.py:840} INFO - DAG(s) 'example_weekday_branch_operator' retrieved from /home/airflow/.local/lib/python3.11/site-packages/airflow/example_dags/example_branch_day_of_week_operator.py
[2024-03-06T14:15:49.799+0000] {logging_mixin.py:188} INFO - [2024-03-06T14:15:49.798+0000] {dag.py:3047} INFO - Sync 1 DAGs
[2024-03-06T14:15:49.825+0000] {logging_mixin.py:188} INFO - [2024-03-06T14:15:49.824+0000] {dag.py:3834} INFO - Setting next_dagrun for example_weekday_branch_operator to 2024-03-05 00:00:00+00:00, run_after=2024-03-06 00:00:00+00:00
[2024-03-06T14:15:49.846+0000] {processor.py:183} INFO - Processing /home/airflow/.local/lib/python3.11/site-packages/airflow/example_dags/example_branch_day_of_week_operator.py took 0.084 seconds
[2024-03-06T14:16:19.937+0000] {processor.py:161} INFO - Started process (PID=15666) to work on /home/airflow/.local/lib/python3.11/site-packages/airflow/example_dags/example_branch_day_of_week_operator.py
[2024-03-06T14:16:19.939+0000] {processor.py:830} INFO - Processing file /home/airflow/.local/lib/python3.11/site-packages/airflow/example_dags/example_branch_day_of_week_operator.py for tasks to queue
[2024-03-06T14:16:19.941+0000] {logging_mixin.py:188} INFO - [2024-03-06T14:16:19.940+0000] {dagbag.py:540} INFO - Filling up the DagBag from /home/airflow/.local/lib/python3.11/site-packages/airflow/example_dags/example_branch_day_of_week_operator.py
[2024-03-06T14:16:19.951+0000] {processor.py:840} INFO - DAG(s) 'example_weekday_branch_operator' retrieved from /home/airflow/.local/lib/python3.11/site-packages/airflow/example_dags/example_branch_day_of_week_operator.py
[2024-03-06T14:16:19.974+0000] {logging_mixin.py:188} INFO - [2024-03-06T14:16:19.973+0000] {dag.py:3047} INFO - Sync 1 DAGs
[2024-03-06T14:16:19.996+0000] {logging_mixin.py:188} INFO - [2024-03-06T14:16:19.996+0000] {dag.py:3834} INFO - Setting next_dagrun for example_weekday_branch_operator to 2024-03-05 00:00:00+00:00, run_after=2024-03-06 00:00:00+00:00
[2024-03-06T14:16:20.013+0000] {processor.py:183} INFO - Processing /home/airflow/.local/lib/python3.11/site-packages/airflow/example_dags/example_branch_day_of_week_operator.py took 0.079 seconds
[2024-03-06T14:16:50.530+0000] {processor.py:161} INFO - Started process (PID=15913) to work on /home/airflow/.local/lib/python3.11/site-packages/airflow/example_dags/example_branch_day_of_week_operator.py
[2024-03-06T14:16:50.532+0000] {processor.py:830} INFO - Processing file /home/airflow/.local/lib/python3.11/site-packages/airflow/example_dags/example_branch_day_of_week_operator.py for tasks to queue
[2024-03-06T14:16:50.534+0000] {logging_mixin.py:188} INFO - [2024-03-06T14:16:50.533+0000] {dagbag.py:540} INFO - Filling up the DagBag from /home/airflow/.local/lib/python3.11/site-packages/airflow/example_dags/example_branch_day_of_week_operator.py
[2024-03-06T14:16:50.544+0000] {processor.py:840} INFO - DAG(s) 'example_weekday_branch_operator' retrieved from /home/airflow/.local/lib/python3.11/site-packages/airflow/example_dags/example_branch_day_of_week_operator.py
[2024-03-06T14:16:50.569+0000] {logging_mixin.py:188} INFO - [2024-03-06T14:16:50.569+0000] {dag.py:3047} INFO - Sync 1 DAGs
[2024-03-06T14:16:50.594+0000] {logging_mixin.py:188} INFO - [2024-03-06T14:16:50.594+0000] {dag.py:3834} INFO - Setting next_dagrun for example_weekday_branch_operator to 2024-03-05 00:00:00+00:00, run_after=2024-03-06 00:00:00+00:00
[2024-03-06T14:16:50.614+0000] {processor.py:183} INFO - Processing /home/airflow/.local/lib/python3.11/site-packages/airflow/example_dags/example_branch_day_of_week_operator.py took 0.088 seconds
[2024-03-06T14:17:21.654+0000] {processor.py:161} INFO - Started process (PID=16162) to work on /home/airflow/.local/lib/python3.11/site-packages/airflow/example_dags/example_branch_day_of_week_operator.py
[2024-03-06T14:17:21.661+0000] {processor.py:830} INFO - Processing file /home/airflow/.local/lib/python3.11/site-packages/airflow/example_dags/example_branch_day_of_week_operator.py for tasks to queue
[2024-03-06T14:17:21.668+0000] {logging_mixin.py:188} INFO - [2024-03-06T14:17:21.668+0000] {dagbag.py:540} INFO - Filling up the DagBag from /home/airflow/.local/lib/python3.11/site-packages/airflow/example_dags/example_branch_day_of_week_operator.py
[2024-03-06T14:17:21.708+0000] {processor.py:840} INFO - DAG(s) 'example_weekday_branch_operator' retrieved from /home/airflow/.local/lib/python3.11/site-packages/airflow/example_dags/example_branch_day_of_week_operator.py
[2024-03-06T14:17:21.781+0000] {logging_mixin.py:188} INFO - [2024-03-06T14:17:21.779+0000] {dag.py:3047} INFO - Sync 1 DAGs
[2024-03-06T14:17:21.848+0000] {logging_mixin.py:188} INFO - [2024-03-06T14:17:21.847+0000] {dag.py:3834} INFO - Setting next_dagrun for example_weekday_branch_operator to 2024-03-05 00:00:00+00:00, run_after=2024-03-06 00:00:00+00:00
[2024-03-06T14:17:21.895+0000] {processor.py:183} INFO - Processing /home/airflow/.local/lib/python3.11/site-packages/airflow/example_dags/example_branch_day_of_week_operator.py took 0.246 seconds
[2024-03-06T14:17:52.554+0000] {processor.py:161} INFO - Started process (PID=16407) to work on /home/airflow/.local/lib/python3.11/site-packages/airflow/example_dags/example_branch_day_of_week_operator.py
[2024-03-06T14:17:52.574+0000] {processor.py:830} INFO - Processing file /home/airflow/.local/lib/python3.11/site-packages/airflow/example_dags/example_branch_day_of_week_operator.py for tasks to queue
[2024-03-06T14:17:52.582+0000] {logging_mixin.py:188} INFO - [2024-03-06T14:17:52.577+0000] {dagbag.py:540} INFO - Filling up the DagBag from /home/airflow/.local/lib/python3.11/site-packages/airflow/example_dags/example_branch_day_of_week_operator.py
[2024-03-06T14:17:52.625+0000] {processor.py:840} INFO - DAG(s) 'example_weekday_branch_operator' retrieved from /home/airflow/.local/lib/python3.11/site-packages/airflow/example_dags/example_branch_day_of_week_operator.py
[2024-03-06T14:17:52.719+0000] {logging_mixin.py:188} INFO - [2024-03-06T14:17:52.718+0000] {dag.py:3047} INFO - Sync 1 DAGs
[2024-03-06T14:17:52.741+0000] {logging_mixin.py:188} INFO - [2024-03-06T14:17:52.740+0000] {dag.py:3834} INFO - Setting next_dagrun for example_weekday_branch_operator to 2024-03-05 00:00:00+00:00, run_after=2024-03-06 00:00:00+00:00
[2024-03-06T14:17:52.799+0000] {processor.py:183} INFO - Processing /home/airflow/.local/lib/python3.11/site-packages/airflow/example_dags/example_branch_day_of_week_operator.py took 0.302 seconds
[2024-03-06T14:18:23.810+0000] {processor.py:161} INFO - Started process (PID=16652) to work on /home/airflow/.local/lib/python3.11/site-packages/airflow/example_dags/example_branch_day_of_week_operator.py
[2024-03-06T14:18:23.818+0000] {processor.py:830} INFO - Processing file /home/airflow/.local/lib/python3.11/site-packages/airflow/example_dags/example_branch_day_of_week_operator.py for tasks to queue
[2024-03-06T14:18:23.823+0000] {logging_mixin.py:188} INFO - [2024-03-06T14:18:23.822+0000] {dagbag.py:540} INFO - Filling up the DagBag from /home/airflow/.local/lib/python3.11/site-packages/airflow/example_dags/example_branch_day_of_week_operator.py
[2024-03-06T14:18:23.852+0000] {processor.py:840} INFO - DAG(s) 'example_weekday_branch_operator' retrieved from /home/airflow/.local/lib/python3.11/site-packages/airflow/example_dags/example_branch_day_of_week_operator.py
[2024-03-06T14:18:23.933+0000] {logging_mixin.py:188} INFO - [2024-03-06T14:18:23.932+0000] {dag.py:3047} INFO - Sync 1 DAGs
[2024-03-06T14:18:23.977+0000] {logging_mixin.py:188} INFO - [2024-03-06T14:18:23.977+0000] {dag.py:3834} INFO - Setting next_dagrun for example_weekday_branch_operator to 2024-03-05 00:00:00+00:00, run_after=2024-03-06 00:00:00+00:00
[2024-03-06T14:18:24.132+0000] {processor.py:183} INFO - Processing /home/airflow/.local/lib/python3.11/site-packages/airflow/example_dags/example_branch_day_of_week_operator.py took 0.356 seconds
[2024-03-06T14:18:54.964+0000] {processor.py:161} INFO - Started process (PID=16900) to work on /home/airflow/.local/lib/python3.11/site-packages/airflow/example_dags/example_branch_day_of_week_operator.py
[2024-03-06T14:18:54.980+0000] {processor.py:830} INFO - Processing file /home/airflow/.local/lib/python3.11/site-packages/airflow/example_dags/example_branch_day_of_week_operator.py for tasks to queue
[2024-03-06T14:18:54.984+0000] {logging_mixin.py:188} INFO - [2024-03-06T14:18:54.982+0000] {dagbag.py:540} INFO - Filling up the DagBag from /home/airflow/.local/lib/python3.11/site-packages/airflow/example_dags/example_branch_day_of_week_operator.py
[2024-03-06T14:18:55.007+0000] {processor.py:840} INFO - DAG(s) 'example_weekday_branch_operator' retrieved from /home/airflow/.local/lib/python3.11/site-packages/airflow/example_dags/example_branch_day_of_week_operator.py
[2024-03-06T14:18:55.102+0000] {logging_mixin.py:188} INFO - [2024-03-06T14:18:55.102+0000] {dag.py:3047} INFO - Sync 1 DAGs
[2024-03-06T14:18:55.320+0000] {logging_mixin.py:188} INFO - [2024-03-06T14:18:55.316+0000] {dag.py:3834} INFO - Setting next_dagrun for example_weekday_branch_operator to 2024-03-05 00:00:00+00:00, run_after=2024-03-06 00:00:00+00:00
[2024-03-06T14:18:55.477+0000] {processor.py:183} INFO - Processing /home/airflow/.local/lib/python3.11/site-packages/airflow/example_dags/example_branch_day_of_week_operator.py took 0.523 seconds
