[2024-03-06T13:44:37.819+0000] {processor.py:161} INFO - Started process (PID=286) to work on /home/airflow/.local/lib/python3.11/site-packages/airflow/example_dags/example_branch_operator.py
[2024-03-06T13:44:37.821+0000] {processor.py:830} INFO - Processing file /home/airflow/.local/lib/python3.11/site-packages/airflow/example_dags/example_branch_operator.py for tasks to queue
[2024-03-06T13:44:37.822+0000] {logging_mixin.py:188} INFO - [2024-03-06T13:44:37.822+0000] {dagbag.py:540} INFO - Filling up the DagBag from /home/airflow/.local/lib/python3.11/site-packages/airflow/example_dags/example_branch_operator.py
[2024-03-06T13:44:37.847+0000] {processor.py:840} INFO - DAG(s) 'example_branch_operator' retrieved from /home/airflow/.local/lib/python3.11/site-packages/airflow/example_dags/example_branch_operator.py
[2024-03-06T13:44:38.158+0000] {logging_mixin.py:188} INFO - [2024-03-06T13:44:38.157+0000] {dag.py:3047} INFO - Sync 1 DAGs
[2024-03-06T13:44:38.182+0000] {logging_mixin.py:188} INFO - [2024-03-06T13:44:38.181+0000] {dag.py:3834} INFO - Setting next_dagrun for example_branch_operator to 2024-03-05 00:00:00+00:00, run_after=2024-03-06 00:00:00+00:00
[2024-03-06T13:44:38.216+0000] {processor.py:183} INFO - Processing /home/airflow/.local/lib/python3.11/site-packages/airflow/example_dags/example_branch_operator.py took 0.402 seconds
[2024-03-06T13:45:08.948+0000] {processor.py:161} INFO - Started process (PID=532) to work on /home/airflow/.local/lib/python3.11/site-packages/airflow/example_dags/example_branch_operator.py
[2024-03-06T13:45:08.949+0000] {processor.py:830} INFO - Processing file /home/airflow/.local/lib/python3.11/site-packages/airflow/example_dags/example_branch_operator.py for tasks to queue
[2024-03-06T13:45:08.950+0000] {logging_mixin.py:188} INFO - [2024-03-06T13:45:08.950+0000] {dagbag.py:540} INFO - Filling up the DagBag from /home/airflow/.local/lib/python3.11/site-packages/airflow/example_dags/example_branch_operator.py
[2024-03-06T13:45:08.972+0000] {processor.py:840} INFO - DAG(s) 'example_branch_operator' retrieved from /home/airflow/.local/lib/python3.11/site-packages/airflow/example_dags/example_branch_operator.py
[2024-03-06T13:45:08.997+0000] {logging_mixin.py:188} INFO - [2024-03-06T13:45:08.997+0000] {dag.py:3047} INFO - Sync 1 DAGs
[2024-03-06T13:45:09.023+0000] {logging_mixin.py:188} INFO - [2024-03-06T13:45:09.023+0000] {dag.py:3834} INFO - Setting next_dagrun for example_branch_operator to 2024-03-05 00:00:00+00:00, run_after=2024-03-06 00:00:00+00:00
[2024-03-06T13:45:09.042+0000] {processor.py:183} INFO - Processing /home/airflow/.local/lib/python3.11/site-packages/airflow/example_dags/example_branch_operator.py took 0.098 seconds
[2024-03-06T13:45:39.473+0000] {processor.py:161} INFO - Started process (PID=778) to work on /home/airflow/.local/lib/python3.11/site-packages/airflow/example_dags/example_branch_operator.py
[2024-03-06T13:45:39.477+0000] {processor.py:830} INFO - Processing file /home/airflow/.local/lib/python3.11/site-packages/airflow/example_dags/example_branch_operator.py for tasks to queue
[2024-03-06T13:45:39.480+0000] {logging_mixin.py:188} INFO - [2024-03-06T13:45:39.479+0000] {dagbag.py:540} INFO - Filling up the DagBag from /home/airflow/.local/lib/python3.11/site-packages/airflow/example_dags/example_branch_operator.py
[2024-03-06T13:45:39.495+0000] {processor.py:840} INFO - DAG(s) 'example_branch_operator' retrieved from /home/airflow/.local/lib/python3.11/site-packages/airflow/example_dags/example_branch_operator.py
[2024-03-06T13:45:39.534+0000] {logging_mixin.py:188} INFO - [2024-03-06T13:45:39.533+0000] {dag.py:3047} INFO - Sync 1 DAGs
[2024-03-06T13:45:39.563+0000] {logging_mixin.py:188} INFO - [2024-03-06T13:45:39.563+0000] {dag.py:3834} INFO - Setting next_dagrun for example_branch_operator to 2024-03-05 00:00:00+00:00, run_after=2024-03-06 00:00:00+00:00
[2024-03-06T13:45:39.586+0000] {processor.py:183} INFO - Processing /home/airflow/.local/lib/python3.11/site-packages/airflow/example_dags/example_branch_operator.py took 0.115 seconds
[2024-03-06T13:46:10.389+0000] {processor.py:161} INFO - Started process (PID=1025) to work on /home/airflow/.local/lib/python3.11/site-packages/airflow/example_dags/example_branch_operator.py
[2024-03-06T13:46:10.390+0000] {processor.py:830} INFO - Processing file /home/airflow/.local/lib/python3.11/site-packages/airflow/example_dags/example_branch_operator.py for tasks to queue
[2024-03-06T13:46:10.392+0000] {logging_mixin.py:188} INFO - [2024-03-06T13:46:10.391+0000] {dagbag.py:540} INFO - Filling up the DagBag from /home/airflow/.local/lib/python3.11/site-packages/airflow/example_dags/example_branch_operator.py
[2024-03-06T13:46:10.407+0000] {processor.py:840} INFO - DAG(s) 'example_branch_operator' retrieved from /home/airflow/.local/lib/python3.11/site-packages/airflow/example_dags/example_branch_operator.py
[2024-03-06T13:46:10.431+0000] {logging_mixin.py:188} INFO - [2024-03-06T13:46:10.430+0000] {dag.py:3047} INFO - Sync 1 DAGs
[2024-03-06T13:46:10.456+0000] {logging_mixin.py:188} INFO - [2024-03-06T13:46:10.455+0000] {dag.py:3834} INFO - Setting next_dagrun for example_branch_operator to 2024-03-05 00:00:00+00:00, run_after=2024-03-06 00:00:00+00:00
[2024-03-06T13:46:10.476+0000] {processor.py:183} INFO - Processing /home/airflow/.local/lib/python3.11/site-packages/airflow/example_dags/example_branch_operator.py took 0.090 seconds
[2024-03-06T13:46:40.858+0000] {processor.py:161} INFO - Started process (PID=1272) to work on /home/airflow/.local/lib/python3.11/site-packages/airflow/example_dags/example_branch_operator.py
[2024-03-06T13:46:40.859+0000] {processor.py:830} INFO - Processing file /home/airflow/.local/lib/python3.11/site-packages/airflow/example_dags/example_branch_operator.py for tasks to queue
[2024-03-06T13:46:40.860+0000] {logging_mixin.py:188} INFO - [2024-03-06T13:46:40.860+0000] {dagbag.py:540} INFO - Filling up the DagBag from /home/airflow/.local/lib/python3.11/site-packages/airflow/example_dags/example_branch_operator.py
[2024-03-06T13:46:40.884+0000] {processor.py:840} INFO - DAG(s) 'example_branch_operator' retrieved from /home/airflow/.local/lib/python3.11/site-packages/airflow/example_dags/example_branch_operator.py
[2024-03-06T13:46:40.922+0000] {logging_mixin.py:188} INFO - [2024-03-06T13:46:40.922+0000] {dag.py:3047} INFO - Sync 1 DAGs
[2024-03-06T13:46:40.948+0000] {logging_mixin.py:188} INFO - [2024-03-06T13:46:40.948+0000] {dag.py:3834} INFO - Setting next_dagrun for example_branch_operator to 2024-03-05 00:00:00+00:00, run_after=2024-03-06 00:00:00+00:00
[2024-03-06T13:46:40.973+0000] {processor.py:183} INFO - Processing /home/airflow/.local/lib/python3.11/site-packages/airflow/example_dags/example_branch_operator.py took 0.119 seconds
[2024-03-06T13:47:11.807+0000] {processor.py:161} INFO - Started process (PID=1517) to work on /home/airflow/.local/lib/python3.11/site-packages/airflow/example_dags/example_branch_operator.py
[2024-03-06T13:47:11.808+0000] {processor.py:830} INFO - Processing file /home/airflow/.local/lib/python3.11/site-packages/airflow/example_dags/example_branch_operator.py for tasks to queue
[2024-03-06T13:47:11.809+0000] {logging_mixin.py:188} INFO - [2024-03-06T13:47:11.809+0000] {dagbag.py:540} INFO - Filling up the DagBag from /home/airflow/.local/lib/python3.11/site-packages/airflow/example_dags/example_branch_operator.py
[2024-03-06T13:47:11.830+0000] {processor.py:840} INFO - DAG(s) 'example_branch_operator' retrieved from /home/airflow/.local/lib/python3.11/site-packages/airflow/example_dags/example_branch_operator.py
[2024-03-06T13:47:11.874+0000] {logging_mixin.py:188} INFO - [2024-03-06T13:47:11.873+0000] {dag.py:3047} INFO - Sync 1 DAGs
[2024-03-06T13:47:11.909+0000] {logging_mixin.py:188} INFO - [2024-03-06T13:47:11.909+0000] {dag.py:3834} INFO - Setting next_dagrun for example_branch_operator to 2024-03-05 00:00:00+00:00, run_after=2024-03-06 00:00:00+00:00
[2024-03-06T13:47:11.942+0000] {processor.py:183} INFO - Processing /home/airflow/.local/lib/python3.11/site-packages/airflow/example_dags/example_branch_operator.py took 0.140 seconds
[2024-03-06T13:47:42.579+0000] {processor.py:161} INFO - Started process (PID=1766) to work on /home/airflow/.local/lib/python3.11/site-packages/airflow/example_dags/example_branch_operator.py
[2024-03-06T13:47:42.581+0000] {processor.py:830} INFO - Processing file /home/airflow/.local/lib/python3.11/site-packages/airflow/example_dags/example_branch_operator.py for tasks to queue
[2024-03-06T13:47:42.585+0000] {logging_mixin.py:188} INFO - [2024-03-06T13:47:42.582+0000] {dagbag.py:540} INFO - Filling up the DagBag from /home/airflow/.local/lib/python3.11/site-packages/airflow/example_dags/example_branch_operator.py
[2024-03-06T13:47:42.612+0000] {processor.py:840} INFO - DAG(s) 'example_branch_operator' retrieved from /home/airflow/.local/lib/python3.11/site-packages/airflow/example_dags/example_branch_operator.py
[2024-03-06T13:47:42.649+0000] {logging_mixin.py:188} INFO - [2024-03-06T13:47:42.649+0000] {dag.py:3047} INFO - Sync 1 DAGs
[2024-03-06T13:47:42.680+0000] {logging_mixin.py:188} INFO - [2024-03-06T13:47:42.680+0000] {dag.py:3834} INFO - Setting next_dagrun for example_branch_operator to 2024-03-05 00:00:00+00:00, run_after=2024-03-06 00:00:00+00:00
[2024-03-06T13:47:42.705+0000] {processor.py:183} INFO - Processing /home/airflow/.local/lib/python3.11/site-packages/airflow/example_dags/example_branch_operator.py took 0.132 seconds
[2024-03-06T13:48:13.259+0000] {processor.py:161} INFO - Started process (PID=2011) to work on /home/airflow/.local/lib/python3.11/site-packages/airflow/example_dags/example_branch_operator.py
[2024-03-06T13:48:13.261+0000] {processor.py:830} INFO - Processing file /home/airflow/.local/lib/python3.11/site-packages/airflow/example_dags/example_branch_operator.py for tasks to queue
[2024-03-06T13:48:13.264+0000] {logging_mixin.py:188} INFO - [2024-03-06T13:48:13.263+0000] {dagbag.py:540} INFO - Filling up the DagBag from /home/airflow/.local/lib/python3.11/site-packages/airflow/example_dags/example_branch_operator.py
[2024-03-06T13:48:13.299+0000] {processor.py:840} INFO - DAG(s) 'example_branch_operator' retrieved from /home/airflow/.local/lib/python3.11/site-packages/airflow/example_dags/example_branch_operator.py
[2024-03-06T13:48:13.345+0000] {logging_mixin.py:188} INFO - [2024-03-06T13:48:13.344+0000] {dag.py:3047} INFO - Sync 1 DAGs
[2024-03-06T13:48:13.381+0000] {logging_mixin.py:188} INFO - [2024-03-06T13:48:13.380+0000] {dag.py:3834} INFO - Setting next_dagrun for example_branch_operator to 2024-03-05 00:00:00+00:00, run_after=2024-03-06 00:00:00+00:00
[2024-03-06T13:48:13.408+0000] {processor.py:183} INFO - Processing /home/airflow/.local/lib/python3.11/site-packages/airflow/example_dags/example_branch_operator.py took 0.154 seconds
[2024-03-06T13:48:43.982+0000] {processor.py:161} INFO - Started process (PID=2257) to work on /home/airflow/.local/lib/python3.11/site-packages/airflow/example_dags/example_branch_operator.py
[2024-03-06T13:48:43.984+0000] {processor.py:830} INFO - Processing file /home/airflow/.local/lib/python3.11/site-packages/airflow/example_dags/example_branch_operator.py for tasks to queue
[2024-03-06T13:48:43.986+0000] {logging_mixin.py:188} INFO - [2024-03-06T13:48:43.985+0000] {dagbag.py:540} INFO - Filling up the DagBag from /home/airflow/.local/lib/python3.11/site-packages/airflow/example_dags/example_branch_operator.py
[2024-03-06T13:48:44.007+0000] {processor.py:840} INFO - DAG(s) 'example_branch_operator' retrieved from /home/airflow/.local/lib/python3.11/site-packages/airflow/example_dags/example_branch_operator.py
[2024-03-06T13:48:44.042+0000] {logging_mixin.py:188} INFO - [2024-03-06T13:48:44.041+0000] {dag.py:3047} INFO - Sync 1 DAGs
[2024-03-06T13:48:44.069+0000] {logging_mixin.py:188} INFO - [2024-03-06T13:48:44.068+0000] {dag.py:3834} INFO - Setting next_dagrun for example_branch_operator to 2024-03-05 00:00:00+00:00, run_after=2024-03-06 00:00:00+00:00
[2024-03-06T13:48:44.093+0000] {processor.py:183} INFO - Processing /home/airflow/.local/lib/python3.11/site-packages/airflow/example_dags/example_branch_operator.py took 0.116 seconds
[2024-03-06T13:49:14.738+0000] {processor.py:161} INFO - Started process (PID=2504) to work on /home/airflow/.local/lib/python3.11/site-packages/airflow/example_dags/example_branch_operator.py
[2024-03-06T13:49:14.740+0000] {processor.py:830} INFO - Processing file /home/airflow/.local/lib/python3.11/site-packages/airflow/example_dags/example_branch_operator.py for tasks to queue
[2024-03-06T13:49:14.741+0000] {logging_mixin.py:188} INFO - [2024-03-06T13:49:14.741+0000] {dagbag.py:540} INFO - Filling up the DagBag from /home/airflow/.local/lib/python3.11/site-packages/airflow/example_dags/example_branch_operator.py
[2024-03-06T13:49:14.766+0000] {processor.py:840} INFO - DAG(s) 'example_branch_operator' retrieved from /home/airflow/.local/lib/python3.11/site-packages/airflow/example_dags/example_branch_operator.py
[2024-03-06T13:49:14.817+0000] {logging_mixin.py:188} INFO - [2024-03-06T13:49:14.817+0000] {dag.py:3047} INFO - Sync 1 DAGs
[2024-03-06T13:49:14.847+0000] {logging_mixin.py:188} INFO - [2024-03-06T13:49:14.847+0000] {dag.py:3834} INFO - Setting next_dagrun for example_branch_operator to 2024-03-05 00:00:00+00:00, run_after=2024-03-06 00:00:00+00:00
[2024-03-06T13:49:14.867+0000] {processor.py:183} INFO - Processing /home/airflow/.local/lib/python3.11/site-packages/airflow/example_dags/example_branch_operator.py took 0.133 seconds
[2024-03-06T13:49:44.924+0000] {processor.py:161} INFO - Started process (PID=2751) to work on /home/airflow/.local/lib/python3.11/site-packages/airflow/example_dags/example_branch_operator.py
[2024-03-06T13:49:44.926+0000] {processor.py:830} INFO - Processing file /home/airflow/.local/lib/python3.11/site-packages/airflow/example_dags/example_branch_operator.py for tasks to queue
[2024-03-06T13:49:44.927+0000] {logging_mixin.py:188} INFO - [2024-03-06T13:49:44.927+0000] {dagbag.py:540} INFO - Filling up the DagBag from /home/airflow/.local/lib/python3.11/site-packages/airflow/example_dags/example_branch_operator.py
[2024-03-06T13:49:44.949+0000] {processor.py:840} INFO - DAG(s) 'example_branch_operator' retrieved from /home/airflow/.local/lib/python3.11/site-packages/airflow/example_dags/example_branch_operator.py
[2024-03-06T13:49:44.978+0000] {logging_mixin.py:188} INFO - [2024-03-06T13:49:44.978+0000] {dag.py:3047} INFO - Sync 1 DAGs
[2024-03-06T13:49:45.002+0000] {logging_mixin.py:188} INFO - [2024-03-06T13:49:45.002+0000] {dag.py:3834} INFO - Setting next_dagrun for example_branch_operator to 2024-03-05 00:00:00+00:00, run_after=2024-03-06 00:00:00+00:00
[2024-03-06T13:49:45.021+0000] {processor.py:183} INFO - Processing /home/airflow/.local/lib/python3.11/site-packages/airflow/example_dags/example_branch_operator.py took 0.101 seconds
[2024-03-06T13:50:15.732+0000] {processor.py:161} INFO - Started process (PID=2998) to work on /home/airflow/.local/lib/python3.11/site-packages/airflow/example_dags/example_branch_operator.py
[2024-03-06T13:50:15.734+0000] {processor.py:830} INFO - Processing file /home/airflow/.local/lib/python3.11/site-packages/airflow/example_dags/example_branch_operator.py for tasks to queue
[2024-03-06T13:50:15.736+0000] {logging_mixin.py:188} INFO - [2024-03-06T13:50:15.735+0000] {dagbag.py:540} INFO - Filling up the DagBag from /home/airflow/.local/lib/python3.11/site-packages/airflow/example_dags/example_branch_operator.py
[2024-03-06T13:50:15.754+0000] {processor.py:840} INFO - DAG(s) 'example_branch_operator' retrieved from /home/airflow/.local/lib/python3.11/site-packages/airflow/example_dags/example_branch_operator.py
[2024-03-06T13:50:15.783+0000] {logging_mixin.py:188} INFO - [2024-03-06T13:50:15.783+0000] {dag.py:3047} INFO - Sync 1 DAGs
[2024-03-06T13:50:15.805+0000] {logging_mixin.py:188} INFO - [2024-03-06T13:50:15.805+0000] {dag.py:3834} INFO - Setting next_dagrun for example_branch_operator to 2024-03-05 00:00:00+00:00, run_after=2024-03-06 00:00:00+00:00
[2024-03-06T13:50:15.823+0000] {processor.py:183} INFO - Processing /home/airflow/.local/lib/python3.11/site-packages/airflow/example_dags/example_branch_operator.py took 0.094 seconds
[2024-03-06T13:50:46.299+0000] {processor.py:161} INFO - Started process (PID=3245) to work on /home/airflow/.local/lib/python3.11/site-packages/airflow/example_dags/example_branch_operator.py
[2024-03-06T13:50:46.300+0000] {processor.py:830} INFO - Processing file /home/airflow/.local/lib/python3.11/site-packages/airflow/example_dags/example_branch_operator.py for tasks to queue
[2024-03-06T13:50:46.302+0000] {logging_mixin.py:188} INFO - [2024-03-06T13:50:46.301+0000] {dagbag.py:540} INFO - Filling up the DagBag from /home/airflow/.local/lib/python3.11/site-packages/airflow/example_dags/example_branch_operator.py
[2024-03-06T13:50:46.318+0000] {processor.py:840} INFO - DAG(s) 'example_branch_operator' retrieved from /home/airflow/.local/lib/python3.11/site-packages/airflow/example_dags/example_branch_operator.py
[2024-03-06T13:50:46.343+0000] {logging_mixin.py:188} INFO - [2024-03-06T13:50:46.343+0000] {dag.py:3047} INFO - Sync 1 DAGs
[2024-03-06T13:50:46.363+0000] {logging_mixin.py:188} INFO - [2024-03-06T13:50:46.363+0000] {dag.py:3834} INFO - Setting next_dagrun for example_branch_operator to 2024-03-05 00:00:00+00:00, run_after=2024-03-06 00:00:00+00:00
[2024-03-06T13:50:46.381+0000] {processor.py:183} INFO - Processing /home/airflow/.local/lib/python3.11/site-packages/airflow/example_dags/example_branch_operator.py took 0.086 seconds
[2024-03-06T13:51:16.744+0000] {processor.py:161} INFO - Started process (PID=3492) to work on /home/airflow/.local/lib/python3.11/site-packages/airflow/example_dags/example_branch_operator.py
[2024-03-06T13:51:16.745+0000] {processor.py:830} INFO - Processing file /home/airflow/.local/lib/python3.11/site-packages/airflow/example_dags/example_branch_operator.py for tasks to queue
[2024-03-06T13:51:16.746+0000] {logging_mixin.py:188} INFO - [2024-03-06T13:51:16.745+0000] {dagbag.py:540} INFO - Filling up the DagBag from /home/airflow/.local/lib/python3.11/site-packages/airflow/example_dags/example_branch_operator.py
[2024-03-06T13:51:16.762+0000] {processor.py:840} INFO - DAG(s) 'example_branch_operator' retrieved from /home/airflow/.local/lib/python3.11/site-packages/airflow/example_dags/example_branch_operator.py
[2024-03-06T13:51:16.789+0000] {logging_mixin.py:188} INFO - [2024-03-06T13:51:16.789+0000] {dag.py:3047} INFO - Sync 1 DAGs
[2024-03-06T13:51:16.810+0000] {logging_mixin.py:188} INFO - [2024-03-06T13:51:16.810+0000] {dag.py:3834} INFO - Setting next_dagrun for example_branch_operator to 2024-03-05 00:00:00+00:00, run_after=2024-03-06 00:00:00+00:00
[2024-03-06T13:51:16.827+0000] {processor.py:183} INFO - Processing /home/airflow/.local/lib/python3.11/site-packages/airflow/example_dags/example_branch_operator.py took 0.087 seconds
[2024-03-06T13:51:47.235+0000] {processor.py:161} INFO - Started process (PID=3739) to work on /home/airflow/.local/lib/python3.11/site-packages/airflow/example_dags/example_branch_operator.py
[2024-03-06T13:51:47.235+0000] {processor.py:830} INFO - Processing file /home/airflow/.local/lib/python3.11/site-packages/airflow/example_dags/example_branch_operator.py for tasks to queue
[2024-03-06T13:51:47.237+0000] {logging_mixin.py:188} INFO - [2024-03-06T13:51:47.236+0000] {dagbag.py:540} INFO - Filling up the DagBag from /home/airflow/.local/lib/python3.11/site-packages/airflow/example_dags/example_branch_operator.py
[2024-03-06T13:51:47.254+0000] {processor.py:840} INFO - DAG(s) 'example_branch_operator' retrieved from /home/airflow/.local/lib/python3.11/site-packages/airflow/example_dags/example_branch_operator.py
[2024-03-06T13:51:47.281+0000] {logging_mixin.py:188} INFO - [2024-03-06T13:51:47.281+0000] {dag.py:3047} INFO - Sync 1 DAGs
[2024-03-06T13:51:47.309+0000] {logging_mixin.py:188} INFO - [2024-03-06T13:51:47.309+0000] {dag.py:3834} INFO - Setting next_dagrun for example_branch_operator to 2024-03-05 00:00:00+00:00, run_after=2024-03-06 00:00:00+00:00
[2024-03-06T13:51:47.327+0000] {processor.py:183} INFO - Processing /home/airflow/.local/lib/python3.11/site-packages/airflow/example_dags/example_branch_operator.py took 0.096 seconds
[2024-03-06T13:52:17.780+0000] {processor.py:161} INFO - Started process (PID=3986) to work on /home/airflow/.local/lib/python3.11/site-packages/airflow/example_dags/example_branch_operator.py
[2024-03-06T13:52:17.783+0000] {processor.py:830} INFO - Processing file /home/airflow/.local/lib/python3.11/site-packages/airflow/example_dags/example_branch_operator.py for tasks to queue
[2024-03-06T13:52:17.785+0000] {logging_mixin.py:188} INFO - [2024-03-06T13:52:17.784+0000] {dagbag.py:540} INFO - Filling up the DagBag from /home/airflow/.local/lib/python3.11/site-packages/airflow/example_dags/example_branch_operator.py
[2024-03-06T13:52:17.807+0000] {processor.py:840} INFO - DAG(s) 'example_branch_operator' retrieved from /home/airflow/.local/lib/python3.11/site-packages/airflow/example_dags/example_branch_operator.py
[2024-03-06T13:52:17.833+0000] {logging_mixin.py:188} INFO - [2024-03-06T13:52:17.832+0000] {dag.py:3047} INFO - Sync 1 DAGs
[2024-03-06T13:52:17.854+0000] {logging_mixin.py:188} INFO - [2024-03-06T13:52:17.854+0000] {dag.py:3834} INFO - Setting next_dagrun for example_branch_operator to 2024-03-05 00:00:00+00:00, run_after=2024-03-06 00:00:00+00:00
[2024-03-06T13:52:17.873+0000] {processor.py:183} INFO - Processing /home/airflow/.local/lib/python3.11/site-packages/airflow/example_dags/example_branch_operator.py took 0.096 seconds
[2024-03-06T13:52:48.674+0000] {processor.py:161} INFO - Started process (PID=4233) to work on /home/airflow/.local/lib/python3.11/site-packages/airflow/example_dags/example_branch_operator.py
[2024-03-06T13:52:48.675+0000] {processor.py:830} INFO - Processing file /home/airflow/.local/lib/python3.11/site-packages/airflow/example_dags/example_branch_operator.py for tasks to queue
[2024-03-06T13:52:48.679+0000] {logging_mixin.py:188} INFO - [2024-03-06T13:52:48.678+0000] {dagbag.py:540} INFO - Filling up the DagBag from /home/airflow/.local/lib/python3.11/site-packages/airflow/example_dags/example_branch_operator.py
[2024-03-06T13:52:48.698+0000] {processor.py:840} INFO - DAG(s) 'example_branch_operator' retrieved from /home/airflow/.local/lib/python3.11/site-packages/airflow/example_dags/example_branch_operator.py
[2024-03-06T13:52:48.740+0000] {logging_mixin.py:188} INFO - [2024-03-06T13:52:48.739+0000] {dag.py:3047} INFO - Sync 1 DAGs
[2024-03-06T13:52:48.784+0000] {logging_mixin.py:188} INFO - [2024-03-06T13:52:48.783+0000] {dag.py:3834} INFO - Setting next_dagrun for example_branch_operator to 2024-03-05 00:00:00+00:00, run_after=2024-03-06 00:00:00+00:00
[2024-03-06T13:52:48.810+0000] {processor.py:183} INFO - Processing /home/airflow/.local/lib/python3.11/site-packages/airflow/example_dags/example_branch_operator.py took 0.138 seconds
[2024-03-06T13:53:19.599+0000] {processor.py:161} INFO - Started process (PID=4479) to work on /home/airflow/.local/lib/python3.11/site-packages/airflow/example_dags/example_branch_operator.py
[2024-03-06T13:53:19.600+0000] {processor.py:830} INFO - Processing file /home/airflow/.local/lib/python3.11/site-packages/airflow/example_dags/example_branch_operator.py for tasks to queue
[2024-03-06T13:53:19.602+0000] {logging_mixin.py:188} INFO - [2024-03-06T13:53:19.601+0000] {dagbag.py:540} INFO - Filling up the DagBag from /home/airflow/.local/lib/python3.11/site-packages/airflow/example_dags/example_branch_operator.py
[2024-03-06T13:53:19.627+0000] {processor.py:840} INFO - DAG(s) 'example_branch_operator' retrieved from /home/airflow/.local/lib/python3.11/site-packages/airflow/example_dags/example_branch_operator.py
[2024-03-06T13:53:19.668+0000] {logging_mixin.py:188} INFO - [2024-03-06T13:53:19.667+0000] {dag.py:3047} INFO - Sync 1 DAGs
[2024-03-06T13:53:19.700+0000] {logging_mixin.py:188} INFO - [2024-03-06T13:53:19.699+0000] {dag.py:3834} INFO - Setting next_dagrun for example_branch_operator to 2024-03-05 00:00:00+00:00, run_after=2024-03-06 00:00:00+00:00
[2024-03-06T13:53:19.731+0000] {processor.py:183} INFO - Processing /home/airflow/.local/lib/python3.11/site-packages/airflow/example_dags/example_branch_operator.py took 0.137 seconds
[2024-03-06T13:53:49.842+0000] {processor.py:161} INFO - Started process (PID=4726) to work on /home/airflow/.local/lib/python3.11/site-packages/airflow/example_dags/example_branch_operator.py
[2024-03-06T13:53:49.843+0000] {processor.py:830} INFO - Processing file /home/airflow/.local/lib/python3.11/site-packages/airflow/example_dags/example_branch_operator.py for tasks to queue
[2024-03-06T13:53:49.846+0000] {logging_mixin.py:188} INFO - [2024-03-06T13:53:49.845+0000] {dagbag.py:540} INFO - Filling up the DagBag from /home/airflow/.local/lib/python3.11/site-packages/airflow/example_dags/example_branch_operator.py
[2024-03-06T13:53:49.865+0000] {processor.py:840} INFO - DAG(s) 'example_branch_operator' retrieved from /home/airflow/.local/lib/python3.11/site-packages/airflow/example_dags/example_branch_operator.py
[2024-03-06T13:53:49.897+0000] {logging_mixin.py:188} INFO - [2024-03-06T13:53:49.896+0000] {dag.py:3047} INFO - Sync 1 DAGs
[2024-03-06T13:53:49.924+0000] {logging_mixin.py:188} INFO - [2024-03-06T13:53:49.923+0000] {dag.py:3834} INFO - Setting next_dagrun for example_branch_operator to 2024-03-05 00:00:00+00:00, run_after=2024-03-06 00:00:00+00:00
[2024-03-06T13:53:49.955+0000] {processor.py:183} INFO - Processing /home/airflow/.local/lib/python3.11/site-packages/airflow/example_dags/example_branch_operator.py took 0.116 seconds
[2024-03-06T13:54:20.292+0000] {processor.py:161} INFO - Started process (PID=4975) to work on /home/airflow/.local/lib/python3.11/site-packages/airflow/example_dags/example_branch_operator.py
[2024-03-06T13:54:20.294+0000] {processor.py:830} INFO - Processing file /home/airflow/.local/lib/python3.11/site-packages/airflow/example_dags/example_branch_operator.py for tasks to queue
[2024-03-06T13:54:20.295+0000] {logging_mixin.py:188} INFO - [2024-03-06T13:54:20.295+0000] {dagbag.py:540} INFO - Filling up the DagBag from /home/airflow/.local/lib/python3.11/site-packages/airflow/example_dags/example_branch_operator.py
[2024-03-06T13:54:20.317+0000] {processor.py:840} INFO - DAG(s) 'example_branch_operator' retrieved from /home/airflow/.local/lib/python3.11/site-packages/airflow/example_dags/example_branch_operator.py
[2024-03-06T13:54:20.358+0000] {logging_mixin.py:188} INFO - [2024-03-06T13:54:20.358+0000] {dag.py:3047} INFO - Sync 1 DAGs
[2024-03-06T13:54:20.395+0000] {logging_mixin.py:188} INFO - [2024-03-06T13:54:20.395+0000] {dag.py:3834} INFO - Setting next_dagrun for example_branch_operator to 2024-03-05 00:00:00+00:00, run_after=2024-03-06 00:00:00+00:00
[2024-03-06T13:54:20.422+0000] {processor.py:183} INFO - Processing /home/airflow/.local/lib/python3.11/site-packages/airflow/example_dags/example_branch_operator.py took 0.133 seconds
[2024-03-06T13:54:50.463+0000] {processor.py:161} INFO - Started process (PID=5222) to work on /home/airflow/.local/lib/python3.11/site-packages/airflow/example_dags/example_branch_operator.py
[2024-03-06T13:54:50.465+0000] {processor.py:830} INFO - Processing file /home/airflow/.local/lib/python3.11/site-packages/airflow/example_dags/example_branch_operator.py for tasks to queue
[2024-03-06T13:54:50.466+0000] {logging_mixin.py:188} INFO - [2024-03-06T13:54:50.466+0000] {dagbag.py:540} INFO - Filling up the DagBag from /home/airflow/.local/lib/python3.11/site-packages/airflow/example_dags/example_branch_operator.py
[2024-03-06T13:54:50.482+0000] {processor.py:840} INFO - DAG(s) 'example_branch_operator' retrieved from /home/airflow/.local/lib/python3.11/site-packages/airflow/example_dags/example_branch_operator.py
[2024-03-06T13:54:50.507+0000] {logging_mixin.py:188} INFO - [2024-03-06T13:54:50.507+0000] {dag.py:3047} INFO - Sync 1 DAGs
[2024-03-06T13:54:50.530+0000] {logging_mixin.py:188} INFO - [2024-03-06T13:54:50.530+0000] {dag.py:3834} INFO - Setting next_dagrun for example_branch_operator to 2024-03-05 00:00:00+00:00, run_after=2024-03-06 00:00:00+00:00
[2024-03-06T13:54:50.549+0000] {processor.py:183} INFO - Processing /home/airflow/.local/lib/python3.11/site-packages/airflow/example_dags/example_branch_operator.py took 0.088 seconds
[2024-03-06T13:55:22.021+0000] {processor.py:161} INFO - Started process (PID=5467) to work on /home/airflow/.local/lib/python3.11/site-packages/airflow/example_dags/example_branch_operator.py
[2024-03-06T13:55:22.023+0000] {processor.py:830} INFO - Processing file /home/airflow/.local/lib/python3.11/site-packages/airflow/example_dags/example_branch_operator.py for tasks to queue
[2024-03-06T13:55:22.024+0000] {logging_mixin.py:188} INFO - [2024-03-06T13:55:22.024+0000] {dagbag.py:540} INFO - Filling up the DagBag from /home/airflow/.local/lib/python3.11/site-packages/airflow/example_dags/example_branch_operator.py
[2024-03-06T13:55:22.053+0000] {processor.py:840} INFO - DAG(s) 'example_branch_operator' retrieved from /home/airflow/.local/lib/python3.11/site-packages/airflow/example_dags/example_branch_operator.py
[2024-03-06T13:55:22.087+0000] {logging_mixin.py:188} INFO - [2024-03-06T13:55:22.087+0000] {dag.py:3047} INFO - Sync 1 DAGs
[2024-03-06T13:55:22.119+0000] {logging_mixin.py:188} INFO - [2024-03-06T13:55:22.119+0000] {dag.py:3834} INFO - Setting next_dagrun for example_branch_operator to 2024-03-05 00:00:00+00:00, run_after=2024-03-06 00:00:00+00:00
[2024-03-06T13:55:22.162+0000] {processor.py:183} INFO - Processing /home/airflow/.local/lib/python3.11/site-packages/airflow/example_dags/example_branch_operator.py took 0.146 seconds
[2024-03-06T13:55:52.750+0000] {processor.py:161} INFO - Started process (PID=5714) to work on /home/airflow/.local/lib/python3.11/site-packages/airflow/example_dags/example_branch_operator.py
[2024-03-06T13:55:52.754+0000] {processor.py:830} INFO - Processing file /home/airflow/.local/lib/python3.11/site-packages/airflow/example_dags/example_branch_operator.py for tasks to queue
[2024-03-06T13:55:52.757+0000] {logging_mixin.py:188} INFO - [2024-03-06T13:55:52.757+0000] {dagbag.py:540} INFO - Filling up the DagBag from /home/airflow/.local/lib/python3.11/site-packages/airflow/example_dags/example_branch_operator.py
[2024-03-06T13:55:52.809+0000] {processor.py:840} INFO - DAG(s) 'example_branch_operator' retrieved from /home/airflow/.local/lib/python3.11/site-packages/airflow/example_dags/example_branch_operator.py
[2024-03-06T13:55:52.887+0000] {logging_mixin.py:188} INFO - [2024-03-06T13:55:52.882+0000] {dag.py:3047} INFO - Sync 1 DAGs
[2024-03-06T13:55:52.973+0000] {logging_mixin.py:188} INFO - [2024-03-06T13:55:52.972+0000] {dag.py:3834} INFO - Setting next_dagrun for example_branch_operator to 2024-03-05 00:00:00+00:00, run_after=2024-03-06 00:00:00+00:00
[2024-03-06T13:55:53.061+0000] {processor.py:183} INFO - Processing /home/airflow/.local/lib/python3.11/site-packages/airflow/example_dags/example_branch_operator.py took 0.318 seconds
[2024-03-06T13:56:23.980+0000] {processor.py:161} INFO - Started process (PID=5962) to work on /home/airflow/.local/lib/python3.11/site-packages/airflow/example_dags/example_branch_operator.py
[2024-03-06T13:56:23.981+0000] {processor.py:830} INFO - Processing file /home/airflow/.local/lib/python3.11/site-packages/airflow/example_dags/example_branch_operator.py for tasks to queue
[2024-03-06T13:56:23.984+0000] {logging_mixin.py:188} INFO - [2024-03-06T13:56:23.983+0000] {dagbag.py:540} INFO - Filling up the DagBag from /home/airflow/.local/lib/python3.11/site-packages/airflow/example_dags/example_branch_operator.py
[2024-03-06T13:56:24.016+0000] {processor.py:840} INFO - DAG(s) 'example_branch_operator' retrieved from /home/airflow/.local/lib/python3.11/site-packages/airflow/example_dags/example_branch_operator.py
[2024-03-06T13:56:24.058+0000] {logging_mixin.py:188} INFO - [2024-03-06T13:56:24.058+0000] {dag.py:3047} INFO - Sync 1 DAGs
[2024-03-06T13:56:24.102+0000] {logging_mixin.py:188} INFO - [2024-03-06T13:56:24.102+0000] {dag.py:3834} INFO - Setting next_dagrun for example_branch_operator to 2024-03-05 00:00:00+00:00, run_after=2024-03-06 00:00:00+00:00
[2024-03-06T13:56:24.167+0000] {processor.py:183} INFO - Processing /home/airflow/.local/lib/python3.11/site-packages/airflow/example_dags/example_branch_operator.py took 0.194 seconds
[2024-03-06T13:56:55.053+0000] {processor.py:161} INFO - Started process (PID=6214) to work on /home/airflow/.local/lib/python3.11/site-packages/airflow/example_dags/example_branch_operator.py
[2024-03-06T13:56:55.056+0000] {processor.py:830} INFO - Processing file /home/airflow/.local/lib/python3.11/site-packages/airflow/example_dags/example_branch_operator.py for tasks to queue
[2024-03-06T13:56:55.059+0000] {logging_mixin.py:188} INFO - [2024-03-06T13:56:55.058+0000] {dagbag.py:540} INFO - Filling up the DagBag from /home/airflow/.local/lib/python3.11/site-packages/airflow/example_dags/example_branch_operator.py
[2024-03-06T13:56:55.092+0000] {processor.py:840} INFO - DAG(s) 'example_branch_operator' retrieved from /home/airflow/.local/lib/python3.11/site-packages/airflow/example_dags/example_branch_operator.py
[2024-03-06T13:56:55.115+0000] {logging_mixin.py:188} INFO - [2024-03-06T13:56:55.115+0000] {dag.py:3047} INFO - Sync 1 DAGs
[2024-03-06T13:56:55.138+0000] {logging_mixin.py:188} INFO - [2024-03-06T13:56:55.138+0000] {dag.py:3834} INFO - Setting next_dagrun for example_branch_operator to 2024-03-05 00:00:00+00:00, run_after=2024-03-06 00:00:00+00:00
[2024-03-06T13:56:55.163+0000] {processor.py:183} INFO - Processing /home/airflow/.local/lib/python3.11/site-packages/airflow/example_dags/example_branch_operator.py took 0.116 seconds
[2024-03-06T13:57:25.663+0000] {processor.py:161} INFO - Started process (PID=6461) to work on /home/airflow/.local/lib/python3.11/site-packages/airflow/example_dags/example_branch_operator.py
[2024-03-06T13:57:25.669+0000] {processor.py:830} INFO - Processing file /home/airflow/.local/lib/python3.11/site-packages/airflow/example_dags/example_branch_operator.py for tasks to queue
[2024-03-06T13:57:25.681+0000] {logging_mixin.py:188} INFO - [2024-03-06T13:57:25.680+0000] {dagbag.py:540} INFO - Filling up the DagBag from /home/airflow/.local/lib/python3.11/site-packages/airflow/example_dags/example_branch_operator.py
[2024-03-06T13:57:25.726+0000] {processor.py:840} INFO - DAG(s) 'example_branch_operator' retrieved from /home/airflow/.local/lib/python3.11/site-packages/airflow/example_dags/example_branch_operator.py
[2024-03-06T13:57:25.781+0000] {logging_mixin.py:188} INFO - [2024-03-06T13:57:25.780+0000] {dag.py:3047} INFO - Sync 1 DAGs
[2024-03-06T13:57:25.826+0000] {logging_mixin.py:188} INFO - [2024-03-06T13:57:25.826+0000] {dag.py:3834} INFO - Setting next_dagrun for example_branch_operator to 2024-03-05 00:00:00+00:00, run_after=2024-03-06 00:00:00+00:00
[2024-03-06T13:57:25.848+0000] {processor.py:183} INFO - Processing /home/airflow/.local/lib/python3.11/site-packages/airflow/example_dags/example_branch_operator.py took 0.200 seconds
[2024-03-06T13:57:55.907+0000] {processor.py:161} INFO - Started process (PID=6707) to work on /home/airflow/.local/lib/python3.11/site-packages/airflow/example_dags/example_branch_operator.py
[2024-03-06T13:57:55.912+0000] {processor.py:830} INFO - Processing file /home/airflow/.local/lib/python3.11/site-packages/airflow/example_dags/example_branch_operator.py for tasks to queue
[2024-03-06T13:57:55.916+0000] {logging_mixin.py:188} INFO - [2024-03-06T13:57:55.916+0000] {dagbag.py:540} INFO - Filling up the DagBag from /home/airflow/.local/lib/python3.11/site-packages/airflow/example_dags/example_branch_operator.py
[2024-03-06T13:57:55.939+0000] {processor.py:840} INFO - DAG(s) 'example_branch_operator' retrieved from /home/airflow/.local/lib/python3.11/site-packages/airflow/example_dags/example_branch_operator.py
[2024-03-06T13:57:56.011+0000] {logging_mixin.py:188} INFO - [2024-03-06T13:57:56.011+0000] {dag.py:3047} INFO - Sync 1 DAGs
[2024-03-06T13:57:56.046+0000] {logging_mixin.py:188} INFO - [2024-03-06T13:57:56.046+0000] {dag.py:3834} INFO - Setting next_dagrun for example_branch_operator to 2024-03-05 00:00:00+00:00, run_after=2024-03-06 00:00:00+00:00
[2024-03-06T13:57:56.072+0000] {processor.py:183} INFO - Processing /home/airflow/.local/lib/python3.11/site-packages/airflow/example_dags/example_branch_operator.py took 0.173 seconds
[2024-03-06T13:58:26.496+0000] {processor.py:161} INFO - Started process (PID=6953) to work on /home/airflow/.local/lib/python3.11/site-packages/airflow/example_dags/example_branch_operator.py
[2024-03-06T13:58:26.502+0000] {processor.py:830} INFO - Processing file /home/airflow/.local/lib/python3.11/site-packages/airflow/example_dags/example_branch_operator.py for tasks to queue
[2024-03-06T13:58:26.503+0000] {logging_mixin.py:188} INFO - [2024-03-06T13:58:26.503+0000] {dagbag.py:540} INFO - Filling up the DagBag from /home/airflow/.local/lib/python3.11/site-packages/airflow/example_dags/example_branch_operator.py
[2024-03-06T13:58:26.521+0000] {processor.py:840} INFO - DAG(s) 'example_branch_operator' retrieved from /home/airflow/.local/lib/python3.11/site-packages/airflow/example_dags/example_branch_operator.py
[2024-03-06T13:58:26.557+0000] {logging_mixin.py:188} INFO - [2024-03-06T13:58:26.556+0000] {dag.py:3047} INFO - Sync 1 DAGs
[2024-03-06T13:58:26.590+0000] {logging_mixin.py:188} INFO - [2024-03-06T13:58:26.589+0000] {dag.py:3834} INFO - Setting next_dagrun for example_branch_operator to 2024-03-05 00:00:00+00:00, run_after=2024-03-06 00:00:00+00:00
[2024-03-06T13:58:26.616+0000] {processor.py:183} INFO - Processing /home/airflow/.local/lib/python3.11/site-packages/airflow/example_dags/example_branch_operator.py took 0.124 seconds
[2024-03-06T13:58:57.009+0000] {processor.py:161} INFO - Started process (PID=7200) to work on /home/airflow/.local/lib/python3.11/site-packages/airflow/example_dags/example_branch_operator.py
[2024-03-06T13:58:57.021+0000] {processor.py:830} INFO - Processing file /home/airflow/.local/lib/python3.11/site-packages/airflow/example_dags/example_branch_operator.py for tasks to queue
[2024-03-06T13:58:57.024+0000] {logging_mixin.py:188} INFO - [2024-03-06T13:58:57.024+0000] {dagbag.py:540} INFO - Filling up the DagBag from /home/airflow/.local/lib/python3.11/site-packages/airflow/example_dags/example_branch_operator.py
[2024-03-06T13:58:57.056+0000] {processor.py:840} INFO - DAG(s) 'example_branch_operator' retrieved from /home/airflow/.local/lib/python3.11/site-packages/airflow/example_dags/example_branch_operator.py
[2024-03-06T13:58:57.116+0000] {logging_mixin.py:188} INFO - [2024-03-06T13:58:57.116+0000] {dag.py:3047} INFO - Sync 1 DAGs
[2024-03-06T13:58:57.184+0000] {logging_mixin.py:188} INFO - [2024-03-06T13:58:57.183+0000] {dag.py:3834} INFO - Setting next_dagrun for example_branch_operator to 2024-03-05 00:00:00+00:00, run_after=2024-03-06 00:00:00+00:00
[2024-03-06T13:58:57.243+0000] {processor.py:183} INFO - Processing /home/airflow/.local/lib/python3.11/site-packages/airflow/example_dags/example_branch_operator.py took 0.245 seconds
[2024-03-06T13:59:27.324+0000] {processor.py:161} INFO - Started process (PID=7447) to work on /home/airflow/.local/lib/python3.11/site-packages/airflow/example_dags/example_branch_operator.py
[2024-03-06T13:59:27.327+0000] {processor.py:830} INFO - Processing file /home/airflow/.local/lib/python3.11/site-packages/airflow/example_dags/example_branch_operator.py for tasks to queue
[2024-03-06T13:59:27.330+0000] {logging_mixin.py:188} INFO - [2024-03-06T13:59:27.329+0000] {dagbag.py:540} INFO - Filling up the DagBag from /home/airflow/.local/lib/python3.11/site-packages/airflow/example_dags/example_branch_operator.py
[2024-03-06T13:59:27.363+0000] {processor.py:840} INFO - DAG(s) 'example_branch_operator' retrieved from /home/airflow/.local/lib/python3.11/site-packages/airflow/example_dags/example_branch_operator.py
[2024-03-06T13:59:27.396+0000] {logging_mixin.py:188} INFO - [2024-03-06T13:59:27.395+0000] {dag.py:3047} INFO - Sync 1 DAGs
[2024-03-06T13:59:27.429+0000] {logging_mixin.py:188} INFO - [2024-03-06T13:59:27.429+0000] {dag.py:3834} INFO - Setting next_dagrun for example_branch_operator to 2024-03-05 00:00:00+00:00, run_after=2024-03-06 00:00:00+00:00
[2024-03-06T13:59:27.457+0000] {processor.py:183} INFO - Processing /home/airflow/.local/lib/python3.11/site-packages/airflow/example_dags/example_branch_operator.py took 0.141 seconds
[2024-03-06T13:59:58.328+0000] {processor.py:161} INFO - Started process (PID=7693) to work on /home/airflow/.local/lib/python3.11/site-packages/airflow/example_dags/example_branch_operator.py
[2024-03-06T13:59:58.330+0000] {processor.py:830} INFO - Processing file /home/airflow/.local/lib/python3.11/site-packages/airflow/example_dags/example_branch_operator.py for tasks to queue
[2024-03-06T13:59:58.332+0000] {logging_mixin.py:188} INFO - [2024-03-06T13:59:58.331+0000] {dagbag.py:540} INFO - Filling up the DagBag from /home/airflow/.local/lib/python3.11/site-packages/airflow/example_dags/example_branch_operator.py
[2024-03-06T13:59:58.354+0000] {processor.py:840} INFO - DAG(s) 'example_branch_operator' retrieved from /home/airflow/.local/lib/python3.11/site-packages/airflow/example_dags/example_branch_operator.py
[2024-03-06T13:59:58.382+0000] {logging_mixin.py:188} INFO - [2024-03-06T13:59:58.382+0000] {dag.py:3047} INFO - Sync 1 DAGs
[2024-03-06T13:59:58.408+0000] {logging_mixin.py:188} INFO - [2024-03-06T13:59:58.408+0000] {dag.py:3834} INFO - Setting next_dagrun for example_branch_operator to 2024-03-05 00:00:00+00:00, run_after=2024-03-06 00:00:00+00:00
[2024-03-06T13:59:58.430+0000] {processor.py:183} INFO - Processing /home/airflow/.local/lib/python3.11/site-packages/airflow/example_dags/example_branch_operator.py took 0.105 seconds
[2024-03-06T14:00:28.628+0000] {processor.py:161} INFO - Started process (PID=7940) to work on /home/airflow/.local/lib/python3.11/site-packages/airflow/example_dags/example_branch_operator.py
[2024-03-06T14:00:28.629+0000] {processor.py:830} INFO - Processing file /home/airflow/.local/lib/python3.11/site-packages/airflow/example_dags/example_branch_operator.py for tasks to queue
[2024-03-06T14:00:28.631+0000] {logging_mixin.py:188} INFO - [2024-03-06T14:00:28.631+0000] {dagbag.py:540} INFO - Filling up the DagBag from /home/airflow/.local/lib/python3.11/site-packages/airflow/example_dags/example_branch_operator.py
[2024-03-06T14:00:28.647+0000] {processor.py:840} INFO - DAG(s) 'example_branch_operator' retrieved from /home/airflow/.local/lib/python3.11/site-packages/airflow/example_dags/example_branch_operator.py
[2024-03-06T14:00:28.674+0000] {logging_mixin.py:188} INFO - [2024-03-06T14:00:28.674+0000] {dag.py:3047} INFO - Sync 1 DAGs
[2024-03-06T14:00:28.700+0000] {logging_mixin.py:188} INFO - [2024-03-06T14:00:28.700+0000] {dag.py:3834} INFO - Setting next_dagrun for example_branch_operator to 2024-03-05 00:00:00+00:00, run_after=2024-03-06 00:00:00+00:00
[2024-03-06T14:00:28.736+0000] {processor.py:183} INFO - Processing /home/airflow/.local/lib/python3.11/site-packages/airflow/example_dags/example_branch_operator.py took 0.110 seconds
[2024-03-06T14:00:59.045+0000] {processor.py:161} INFO - Started process (PID=8186) to work on /home/airflow/.local/lib/python3.11/site-packages/airflow/example_dags/example_branch_operator.py
[2024-03-06T14:00:59.047+0000] {processor.py:830} INFO - Processing file /home/airflow/.local/lib/python3.11/site-packages/airflow/example_dags/example_branch_operator.py for tasks to queue
[2024-03-06T14:00:59.048+0000] {logging_mixin.py:188} INFO - [2024-03-06T14:00:59.048+0000] {dagbag.py:540} INFO - Filling up the DagBag from /home/airflow/.local/lib/python3.11/site-packages/airflow/example_dags/example_branch_operator.py
[2024-03-06T14:00:59.064+0000] {processor.py:840} INFO - DAG(s) 'example_branch_operator' retrieved from /home/airflow/.local/lib/python3.11/site-packages/airflow/example_dags/example_branch_operator.py
[2024-03-06T14:00:59.089+0000] {logging_mixin.py:188} INFO - [2024-03-06T14:00:59.088+0000] {dag.py:3047} INFO - Sync 1 DAGs
[2024-03-06T14:00:59.114+0000] {logging_mixin.py:188} INFO - [2024-03-06T14:00:59.114+0000] {dag.py:3834} INFO - Setting next_dagrun for example_branch_operator to 2024-03-05 00:00:00+00:00, run_after=2024-03-06 00:00:00+00:00
[2024-03-06T14:00:59.133+0000] {processor.py:183} INFO - Processing /home/airflow/.local/lib/python3.11/site-packages/airflow/example_dags/example_branch_operator.py took 0.091 seconds
[2024-03-06T14:01:29.663+0000] {processor.py:161} INFO - Started process (PID=8433) to work on /home/airflow/.local/lib/python3.11/site-packages/airflow/example_dags/example_branch_operator.py
[2024-03-06T14:01:29.667+0000] {processor.py:830} INFO - Processing file /home/airflow/.local/lib/python3.11/site-packages/airflow/example_dags/example_branch_operator.py for tasks to queue
[2024-03-06T14:01:29.669+0000] {logging_mixin.py:188} INFO - [2024-03-06T14:01:29.668+0000] {dagbag.py:540} INFO - Filling up the DagBag from /home/airflow/.local/lib/python3.11/site-packages/airflow/example_dags/example_branch_operator.py
[2024-03-06T14:01:29.688+0000] {processor.py:840} INFO - DAG(s) 'example_branch_operator' retrieved from /home/airflow/.local/lib/python3.11/site-packages/airflow/example_dags/example_branch_operator.py
[2024-03-06T14:01:29.713+0000] {logging_mixin.py:188} INFO - [2024-03-06T14:01:29.713+0000] {dag.py:3047} INFO - Sync 1 DAGs
[2024-03-06T14:01:29.737+0000] {logging_mixin.py:188} INFO - [2024-03-06T14:01:29.737+0000] {dag.py:3834} INFO - Setting next_dagrun for example_branch_operator to 2024-03-05 00:00:00+00:00, run_after=2024-03-06 00:00:00+00:00
[2024-03-06T14:01:29.757+0000] {processor.py:183} INFO - Processing /home/airflow/.local/lib/python3.11/site-packages/airflow/example_dags/example_branch_operator.py took 0.097 seconds
[2024-03-06T14:01:59.849+0000] {processor.py:161} INFO - Started process (PID=8680) to work on /home/airflow/.local/lib/python3.11/site-packages/airflow/example_dags/example_branch_operator.py
[2024-03-06T14:01:59.850+0000] {processor.py:830} INFO - Processing file /home/airflow/.local/lib/python3.11/site-packages/airflow/example_dags/example_branch_operator.py for tasks to queue
[2024-03-06T14:01:59.851+0000] {logging_mixin.py:188} INFO - [2024-03-06T14:01:59.850+0000] {dagbag.py:540} INFO - Filling up the DagBag from /home/airflow/.local/lib/python3.11/site-packages/airflow/example_dags/example_branch_operator.py
[2024-03-06T14:01:59.868+0000] {processor.py:840} INFO - DAG(s) 'example_branch_operator' retrieved from /home/airflow/.local/lib/python3.11/site-packages/airflow/example_dags/example_branch_operator.py
[2024-03-06T14:01:59.895+0000] {logging_mixin.py:188} INFO - [2024-03-06T14:01:59.895+0000] {dag.py:3047} INFO - Sync 1 DAGs
[2024-03-06T14:01:59.922+0000] {logging_mixin.py:188} INFO - [2024-03-06T14:01:59.922+0000] {dag.py:3834} INFO - Setting next_dagrun for example_branch_operator to 2024-03-05 00:00:00+00:00, run_after=2024-03-06 00:00:00+00:00
[2024-03-06T14:01:59.943+0000] {processor.py:183} INFO - Processing /home/airflow/.local/lib/python3.11/site-packages/airflow/example_dags/example_branch_operator.py took 0.097 seconds
[2024-03-06T14:02:30.576+0000] {processor.py:161} INFO - Started process (PID=8927) to work on /home/airflow/.local/lib/python3.11/site-packages/airflow/example_dags/example_branch_operator.py
[2024-03-06T14:02:30.577+0000] {processor.py:830} INFO - Processing file /home/airflow/.local/lib/python3.11/site-packages/airflow/example_dags/example_branch_operator.py for tasks to queue
[2024-03-06T14:02:30.578+0000] {logging_mixin.py:188} INFO - [2024-03-06T14:02:30.578+0000] {dagbag.py:540} INFO - Filling up the DagBag from /home/airflow/.local/lib/python3.11/site-packages/airflow/example_dags/example_branch_operator.py
[2024-03-06T14:02:30.599+0000] {processor.py:840} INFO - DAG(s) 'example_branch_operator' retrieved from /home/airflow/.local/lib/python3.11/site-packages/airflow/example_dags/example_branch_operator.py
[2024-03-06T14:02:30.632+0000] {logging_mixin.py:188} INFO - [2024-03-06T14:02:30.632+0000] {dag.py:3047} INFO - Sync 1 DAGs
[2024-03-06T14:02:30.655+0000] {logging_mixin.py:188} INFO - [2024-03-06T14:02:30.655+0000] {dag.py:3834} INFO - Setting next_dagrun for example_branch_operator to 2024-03-05 00:00:00+00:00, run_after=2024-03-06 00:00:00+00:00
[2024-03-06T14:02:30.677+0000] {processor.py:183} INFO - Processing /home/airflow/.local/lib/python3.11/site-packages/airflow/example_dags/example_branch_operator.py took 0.105 seconds
[2024-03-06T14:03:00.903+0000] {processor.py:161} INFO - Started process (PID=9174) to work on /home/airflow/.local/lib/python3.11/site-packages/airflow/example_dags/example_branch_operator.py
[2024-03-06T14:03:00.905+0000] {processor.py:830} INFO - Processing file /home/airflow/.local/lib/python3.11/site-packages/airflow/example_dags/example_branch_operator.py for tasks to queue
[2024-03-06T14:03:00.907+0000] {logging_mixin.py:188} INFO - [2024-03-06T14:03:00.907+0000] {dagbag.py:540} INFO - Filling up the DagBag from /home/airflow/.local/lib/python3.11/site-packages/airflow/example_dags/example_branch_operator.py
[2024-03-06T14:03:00.926+0000] {processor.py:840} INFO - DAG(s) 'example_branch_operator' retrieved from /home/airflow/.local/lib/python3.11/site-packages/airflow/example_dags/example_branch_operator.py
[2024-03-06T14:03:00.953+0000] {logging_mixin.py:188} INFO - [2024-03-06T14:03:00.952+0000] {dag.py:3047} INFO - Sync 1 DAGs
[2024-03-06T14:03:00.978+0000] {logging_mixin.py:188} INFO - [2024-03-06T14:03:00.977+0000] {dag.py:3834} INFO - Setting next_dagrun for example_branch_operator to 2024-03-05 00:00:00+00:00, run_after=2024-03-06 00:00:00+00:00
[2024-03-06T14:03:00.997+0000] {processor.py:183} INFO - Processing /home/airflow/.local/lib/python3.11/site-packages/airflow/example_dags/example_branch_operator.py took 0.097 seconds
[2024-03-06T14:03:31.102+0000] {processor.py:161} INFO - Started process (PID=9421) to work on /home/airflow/.local/lib/python3.11/site-packages/airflow/example_dags/example_branch_operator.py
[2024-03-06T14:03:31.104+0000] {processor.py:830} INFO - Processing file /home/airflow/.local/lib/python3.11/site-packages/airflow/example_dags/example_branch_operator.py for tasks to queue
[2024-03-06T14:03:31.106+0000] {logging_mixin.py:188} INFO - [2024-03-06T14:03:31.105+0000] {dagbag.py:540} INFO - Filling up the DagBag from /home/airflow/.local/lib/python3.11/site-packages/airflow/example_dags/example_branch_operator.py
[2024-03-06T14:03:31.137+0000] {processor.py:840} INFO - DAG(s) 'example_branch_operator' retrieved from /home/airflow/.local/lib/python3.11/site-packages/airflow/example_dags/example_branch_operator.py
[2024-03-06T14:03:31.179+0000] {logging_mixin.py:188} INFO - [2024-03-06T14:03:31.178+0000] {dag.py:3047} INFO - Sync 1 DAGs
[2024-03-06T14:03:31.218+0000] {logging_mixin.py:188} INFO - [2024-03-06T14:03:31.217+0000] {dag.py:3834} INFO - Setting next_dagrun for example_branch_operator to 2024-03-05 00:00:00+00:00, run_after=2024-03-06 00:00:00+00:00
[2024-03-06T14:03:31.268+0000] {processor.py:183} INFO - Processing /home/airflow/.local/lib/python3.11/site-packages/airflow/example_dags/example_branch_operator.py took 0.171 seconds
[2024-03-06T14:04:01.310+0000] {processor.py:161} INFO - Started process (PID=9668) to work on /home/airflow/.local/lib/python3.11/site-packages/airflow/example_dags/example_branch_operator.py
[2024-03-06T14:04:01.316+0000] {processor.py:830} INFO - Processing file /home/airflow/.local/lib/python3.11/site-packages/airflow/example_dags/example_branch_operator.py for tasks to queue
[2024-03-06T14:04:01.318+0000] {logging_mixin.py:188} INFO - [2024-03-06T14:04:01.317+0000] {dagbag.py:540} INFO - Filling up the DagBag from /home/airflow/.local/lib/python3.11/site-packages/airflow/example_dags/example_branch_operator.py
[2024-03-06T14:04:01.332+0000] {processor.py:840} INFO - DAG(s) 'example_branch_operator' retrieved from /home/airflow/.local/lib/python3.11/site-packages/airflow/example_dags/example_branch_operator.py
[2024-03-06T14:04:01.356+0000] {logging_mixin.py:188} INFO - [2024-03-06T14:04:01.355+0000] {dag.py:3047} INFO - Sync 1 DAGs
[2024-03-06T14:04:01.380+0000] {logging_mixin.py:188} INFO - [2024-03-06T14:04:01.380+0000] {dag.py:3834} INFO - Setting next_dagrun for example_branch_operator to 2024-03-05 00:00:00+00:00, run_after=2024-03-06 00:00:00+00:00
[2024-03-06T14:04:01.400+0000] {processor.py:183} INFO - Processing /home/airflow/.local/lib/python3.11/site-packages/airflow/example_dags/example_branch_operator.py took 0.094 seconds
[2024-03-06T14:04:31.807+0000] {processor.py:161} INFO - Started process (PID=9915) to work on /home/airflow/.local/lib/python3.11/site-packages/airflow/example_dags/example_branch_operator.py
[2024-03-06T14:04:31.808+0000] {processor.py:830} INFO - Processing file /home/airflow/.local/lib/python3.11/site-packages/airflow/example_dags/example_branch_operator.py for tasks to queue
[2024-03-06T14:04:31.810+0000] {logging_mixin.py:188} INFO - [2024-03-06T14:04:31.809+0000] {dagbag.py:540} INFO - Filling up the DagBag from /home/airflow/.local/lib/python3.11/site-packages/airflow/example_dags/example_branch_operator.py
[2024-03-06T14:04:31.824+0000] {processor.py:840} INFO - DAG(s) 'example_branch_operator' retrieved from /home/airflow/.local/lib/python3.11/site-packages/airflow/example_dags/example_branch_operator.py
[2024-03-06T14:04:31.850+0000] {logging_mixin.py:188} INFO - [2024-03-06T14:04:31.849+0000] {dag.py:3047} INFO - Sync 1 DAGs
[2024-03-06T14:04:31.876+0000] {logging_mixin.py:188} INFO - [2024-03-06T14:04:31.876+0000] {dag.py:3834} INFO - Setting next_dagrun for example_branch_operator to 2024-03-05 00:00:00+00:00, run_after=2024-03-06 00:00:00+00:00
[2024-03-06T14:04:31.896+0000] {processor.py:183} INFO - Processing /home/airflow/.local/lib/python3.11/site-packages/airflow/example_dags/example_branch_operator.py took 0.093 seconds
[2024-03-06T14:05:02.119+0000] {processor.py:161} INFO - Started process (PID=10162) to work on /home/airflow/.local/lib/python3.11/site-packages/airflow/example_dags/example_branch_operator.py
[2024-03-06T14:05:02.122+0000] {processor.py:830} INFO - Processing file /home/airflow/.local/lib/python3.11/site-packages/airflow/example_dags/example_branch_operator.py for tasks to queue
[2024-03-06T14:05:02.125+0000] {logging_mixin.py:188} INFO - [2024-03-06T14:05:02.124+0000] {dagbag.py:540} INFO - Filling up the DagBag from /home/airflow/.local/lib/python3.11/site-packages/airflow/example_dags/example_branch_operator.py
[2024-03-06T14:05:02.148+0000] {processor.py:840} INFO - DAG(s) 'example_branch_operator' retrieved from /home/airflow/.local/lib/python3.11/site-packages/airflow/example_dags/example_branch_operator.py
[2024-03-06T14:05:02.188+0000] {logging_mixin.py:188} INFO - [2024-03-06T14:05:02.187+0000] {dag.py:3047} INFO - Sync 1 DAGs
[2024-03-06T14:05:02.227+0000] {logging_mixin.py:188} INFO - [2024-03-06T14:05:02.226+0000] {dag.py:3834} INFO - Setting next_dagrun for example_branch_operator to 2024-03-05 00:00:00+00:00, run_after=2024-03-06 00:00:00+00:00
[2024-03-06T14:05:02.256+0000] {processor.py:183} INFO - Processing /home/airflow/.local/lib/python3.11/site-packages/airflow/example_dags/example_branch_operator.py took 0.143 seconds
[2024-03-06T14:05:32.333+0000] {processor.py:161} INFO - Started process (PID=10409) to work on /home/airflow/.local/lib/python3.11/site-packages/airflow/example_dags/example_branch_operator.py
[2024-03-06T14:05:32.335+0000] {processor.py:830} INFO - Processing file /home/airflow/.local/lib/python3.11/site-packages/airflow/example_dags/example_branch_operator.py for tasks to queue
[2024-03-06T14:05:32.337+0000] {logging_mixin.py:188} INFO - [2024-03-06T14:05:32.336+0000] {dagbag.py:540} INFO - Filling up the DagBag from /home/airflow/.local/lib/python3.11/site-packages/airflow/example_dags/example_branch_operator.py
[2024-03-06T14:05:32.356+0000] {processor.py:840} INFO - DAG(s) 'example_branch_operator' retrieved from /home/airflow/.local/lib/python3.11/site-packages/airflow/example_dags/example_branch_operator.py
[2024-03-06T14:05:32.387+0000] {logging_mixin.py:188} INFO - [2024-03-06T14:05:32.387+0000] {dag.py:3047} INFO - Sync 1 DAGs
[2024-03-06T14:05:32.415+0000] {logging_mixin.py:188} INFO - [2024-03-06T14:05:32.415+0000] {dag.py:3834} INFO - Setting next_dagrun for example_branch_operator to 2024-03-05 00:00:00+00:00, run_after=2024-03-06 00:00:00+00:00
[2024-03-06T14:05:32.444+0000] {processor.py:183} INFO - Processing /home/airflow/.local/lib/python3.11/site-packages/airflow/example_dags/example_branch_operator.py took 0.116 seconds
[2024-03-06T14:06:02.494+0000] {processor.py:161} INFO - Started process (PID=10656) to work on /home/airflow/.local/lib/python3.11/site-packages/airflow/example_dags/example_branch_operator.py
[2024-03-06T14:06:02.496+0000] {processor.py:830} INFO - Processing file /home/airflow/.local/lib/python3.11/site-packages/airflow/example_dags/example_branch_operator.py for tasks to queue
[2024-03-06T14:06:02.497+0000] {logging_mixin.py:188} INFO - [2024-03-06T14:06:02.497+0000] {dagbag.py:540} INFO - Filling up the DagBag from /home/airflow/.local/lib/python3.11/site-packages/airflow/example_dags/example_branch_operator.py
[2024-03-06T14:06:02.519+0000] {processor.py:840} INFO - DAG(s) 'example_branch_operator' retrieved from /home/airflow/.local/lib/python3.11/site-packages/airflow/example_dags/example_branch_operator.py
[2024-03-06T14:06:02.543+0000] {logging_mixin.py:188} INFO - [2024-03-06T14:06:02.543+0000] {dag.py:3047} INFO - Sync 1 DAGs
[2024-03-06T14:06:02.568+0000] {logging_mixin.py:188} INFO - [2024-03-06T14:06:02.567+0000] {dag.py:3834} INFO - Setting next_dagrun for example_branch_operator to 2024-03-05 00:00:00+00:00, run_after=2024-03-06 00:00:00+00:00
[2024-03-06T14:06:02.589+0000] {processor.py:183} INFO - Processing /home/airflow/.local/lib/python3.11/site-packages/airflow/example_dags/example_branch_operator.py took 0.099 seconds
[2024-03-06T14:06:32.670+0000] {processor.py:161} INFO - Started process (PID=10905) to work on /home/airflow/.local/lib/python3.11/site-packages/airflow/example_dags/example_branch_operator.py
[2024-03-06T14:06:32.671+0000] {processor.py:830} INFO - Processing file /home/airflow/.local/lib/python3.11/site-packages/airflow/example_dags/example_branch_operator.py for tasks to queue
[2024-03-06T14:06:32.673+0000] {logging_mixin.py:188} INFO - [2024-03-06T14:06:32.672+0000] {dagbag.py:540} INFO - Filling up the DagBag from /home/airflow/.local/lib/python3.11/site-packages/airflow/example_dags/example_branch_operator.py
[2024-03-06T14:06:32.691+0000] {processor.py:840} INFO - DAG(s) 'example_branch_operator' retrieved from /home/airflow/.local/lib/python3.11/site-packages/airflow/example_dags/example_branch_operator.py
[2024-03-06T14:06:32.712+0000] {logging_mixin.py:188} INFO - [2024-03-06T14:06:32.712+0000] {dag.py:3047} INFO - Sync 1 DAGs
[2024-03-06T14:06:32.733+0000] {logging_mixin.py:188} INFO - [2024-03-06T14:06:32.733+0000] {dag.py:3834} INFO - Setting next_dagrun for example_branch_operator to 2024-03-05 00:00:00+00:00, run_after=2024-03-06 00:00:00+00:00
[2024-03-06T14:06:32.748+0000] {processor.py:183} INFO - Processing /home/airflow/.local/lib/python3.11/site-packages/airflow/example_dags/example_branch_operator.py took 0.082 seconds
[2024-03-06T14:07:03.073+0000] {processor.py:161} INFO - Started process (PID=11149) to work on /home/airflow/.local/lib/python3.11/site-packages/airflow/example_dags/example_branch_operator.py
[2024-03-06T14:07:03.075+0000] {processor.py:830} INFO - Processing file /home/airflow/.local/lib/python3.11/site-packages/airflow/example_dags/example_branch_operator.py for tasks to queue
[2024-03-06T14:07:03.077+0000] {logging_mixin.py:188} INFO - [2024-03-06T14:07:03.076+0000] {dagbag.py:540} INFO - Filling up the DagBag from /home/airflow/.local/lib/python3.11/site-packages/airflow/example_dags/example_branch_operator.py
[2024-03-06T14:07:03.107+0000] {processor.py:840} INFO - DAG(s) 'example_branch_operator' retrieved from /home/airflow/.local/lib/python3.11/site-packages/airflow/example_dags/example_branch_operator.py
[2024-03-06T14:07:03.143+0000] {logging_mixin.py:188} INFO - [2024-03-06T14:07:03.143+0000] {dag.py:3047} INFO - Sync 1 DAGs
[2024-03-06T14:07:03.181+0000] {logging_mixin.py:188} INFO - [2024-03-06T14:07:03.180+0000] {dag.py:3834} INFO - Setting next_dagrun for example_branch_operator to 2024-03-05 00:00:00+00:00, run_after=2024-03-06 00:00:00+00:00
[2024-03-06T14:07:03.210+0000] {processor.py:183} INFO - Processing /home/airflow/.local/lib/python3.11/site-packages/airflow/example_dags/example_branch_operator.py took 0.149 seconds
[2024-03-06T14:07:33.865+0000] {processor.py:161} INFO - Started process (PID=11396) to work on /home/airflow/.local/lib/python3.11/site-packages/airflow/example_dags/example_branch_operator.py
[2024-03-06T14:07:33.871+0000] {processor.py:830} INFO - Processing file /home/airflow/.local/lib/python3.11/site-packages/airflow/example_dags/example_branch_operator.py for tasks to queue
[2024-03-06T14:07:33.873+0000] {logging_mixin.py:188} INFO - [2024-03-06T14:07:33.872+0000] {dagbag.py:540} INFO - Filling up the DagBag from /home/airflow/.local/lib/python3.11/site-packages/airflow/example_dags/example_branch_operator.py
[2024-03-06T14:07:33.889+0000] {processor.py:840} INFO - DAG(s) 'example_branch_operator' retrieved from /home/airflow/.local/lib/python3.11/site-packages/airflow/example_dags/example_branch_operator.py
[2024-03-06T14:07:33.914+0000] {logging_mixin.py:188} INFO - [2024-03-06T14:07:33.914+0000] {dag.py:3047} INFO - Sync 1 DAGs
[2024-03-06T14:07:33.942+0000] {logging_mixin.py:188} INFO - [2024-03-06T14:07:33.941+0000] {dag.py:3834} INFO - Setting next_dagrun for example_branch_operator to 2024-03-05 00:00:00+00:00, run_after=2024-03-06 00:00:00+00:00
[2024-03-06T14:07:33.971+0000] {processor.py:183} INFO - Processing /home/airflow/.local/lib/python3.11/site-packages/airflow/example_dags/example_branch_operator.py took 0.109 seconds
[2024-03-06T14:08:04.857+0000] {processor.py:161} INFO - Started process (PID=11643) to work on /home/airflow/.local/lib/python3.11/site-packages/airflow/example_dags/example_branch_operator.py
[2024-03-06T14:08:04.862+0000] {processor.py:830} INFO - Processing file /home/airflow/.local/lib/python3.11/site-packages/airflow/example_dags/example_branch_operator.py for tasks to queue
[2024-03-06T14:08:04.866+0000] {logging_mixin.py:188} INFO - [2024-03-06T14:08:04.866+0000] {dagbag.py:540} INFO - Filling up the DagBag from /home/airflow/.local/lib/python3.11/site-packages/airflow/example_dags/example_branch_operator.py
[2024-03-06T14:08:04.897+0000] {processor.py:840} INFO - DAG(s) 'example_branch_operator' retrieved from /home/airflow/.local/lib/python3.11/site-packages/airflow/example_dags/example_branch_operator.py
[2024-03-06T14:08:04.951+0000] {logging_mixin.py:188} INFO - [2024-03-06T14:08:04.950+0000] {dag.py:3047} INFO - Sync 1 DAGs
[2024-03-06T14:08:04.991+0000] {logging_mixin.py:188} INFO - [2024-03-06T14:08:04.991+0000] {dag.py:3834} INFO - Setting next_dagrun for example_branch_operator to 2024-03-05 00:00:00+00:00, run_after=2024-03-06 00:00:00+00:00
[2024-03-06T14:08:05.030+0000] {processor.py:183} INFO - Processing /home/airflow/.local/lib/python3.11/site-packages/airflow/example_dags/example_branch_operator.py took 0.186 seconds
[2024-03-06T14:08:35.379+0000] {processor.py:161} INFO - Started process (PID=11890) to work on /home/airflow/.local/lib/python3.11/site-packages/airflow/example_dags/example_branch_operator.py
[2024-03-06T14:08:35.381+0000] {processor.py:830} INFO - Processing file /home/airflow/.local/lib/python3.11/site-packages/airflow/example_dags/example_branch_operator.py for tasks to queue
[2024-03-06T14:08:35.382+0000] {logging_mixin.py:188} INFO - [2024-03-06T14:08:35.382+0000] {dagbag.py:540} INFO - Filling up the DagBag from /home/airflow/.local/lib/python3.11/site-packages/airflow/example_dags/example_branch_operator.py
[2024-03-06T14:08:35.402+0000] {processor.py:840} INFO - DAG(s) 'example_branch_operator' retrieved from /home/airflow/.local/lib/python3.11/site-packages/airflow/example_dags/example_branch_operator.py
[2024-03-06T14:08:35.426+0000] {logging_mixin.py:188} INFO - [2024-03-06T14:08:35.426+0000] {dag.py:3047} INFO - Sync 1 DAGs
[2024-03-06T14:08:35.451+0000] {logging_mixin.py:188} INFO - [2024-03-06T14:08:35.451+0000] {dag.py:3834} INFO - Setting next_dagrun for example_branch_operator to 2024-03-05 00:00:00+00:00, run_after=2024-03-06 00:00:00+00:00
[2024-03-06T14:08:35.471+0000] {processor.py:183} INFO - Processing /home/airflow/.local/lib/python3.11/site-packages/airflow/example_dags/example_branch_operator.py took 0.095 seconds
[2024-03-06T14:09:06.212+0000] {processor.py:161} INFO - Started process (PID=12136) to work on /home/airflow/.local/lib/python3.11/site-packages/airflow/example_dags/example_branch_operator.py
[2024-03-06T14:09:06.214+0000] {processor.py:830} INFO - Processing file /home/airflow/.local/lib/python3.11/site-packages/airflow/example_dags/example_branch_operator.py for tasks to queue
[2024-03-06T14:09:06.216+0000] {logging_mixin.py:188} INFO - [2024-03-06T14:09:06.215+0000] {dagbag.py:540} INFO - Filling up the DagBag from /home/airflow/.local/lib/python3.11/site-packages/airflow/example_dags/example_branch_operator.py
[2024-03-06T14:09:06.233+0000] {processor.py:840} INFO - DAG(s) 'example_branch_operator' retrieved from /home/airflow/.local/lib/python3.11/site-packages/airflow/example_dags/example_branch_operator.py
[2024-03-06T14:09:06.255+0000] {logging_mixin.py:188} INFO - [2024-03-06T14:09:06.255+0000] {dag.py:3047} INFO - Sync 1 DAGs
[2024-03-06T14:09:06.287+0000] {logging_mixin.py:188} INFO - [2024-03-06T14:09:06.286+0000] {dag.py:3834} INFO - Setting next_dagrun for example_branch_operator to 2024-03-05 00:00:00+00:00, run_after=2024-03-06 00:00:00+00:00
[2024-03-06T14:09:06.329+0000] {processor.py:183} INFO - Processing /home/airflow/.local/lib/python3.11/site-packages/airflow/example_dags/example_branch_operator.py took 0.121 seconds
[2024-03-06T14:09:37.108+0000] {processor.py:161} INFO - Started process (PID=12382) to work on /home/airflow/.local/lib/python3.11/site-packages/airflow/example_dags/example_branch_operator.py
[2024-03-06T14:09:37.110+0000] {processor.py:830} INFO - Processing file /home/airflow/.local/lib/python3.11/site-packages/airflow/example_dags/example_branch_operator.py for tasks to queue
[2024-03-06T14:09:37.111+0000] {logging_mixin.py:188} INFO - [2024-03-06T14:09:37.111+0000] {dagbag.py:540} INFO - Filling up the DagBag from /home/airflow/.local/lib/python3.11/site-packages/airflow/example_dags/example_branch_operator.py
[2024-03-06T14:09:37.132+0000] {processor.py:840} INFO - DAG(s) 'example_branch_operator' retrieved from /home/airflow/.local/lib/python3.11/site-packages/airflow/example_dags/example_branch_operator.py
[2024-03-06T14:09:37.155+0000] {logging_mixin.py:188} INFO - [2024-03-06T14:09:37.155+0000] {dag.py:3047} INFO - Sync 1 DAGs
[2024-03-06T14:09:37.178+0000] {logging_mixin.py:188} INFO - [2024-03-06T14:09:37.177+0000] {dag.py:3834} INFO - Setting next_dagrun for example_branch_operator to 2024-03-05 00:00:00+00:00, run_after=2024-03-06 00:00:00+00:00
[2024-03-06T14:09:37.196+0000] {processor.py:183} INFO - Processing /home/airflow/.local/lib/python3.11/site-packages/airflow/example_dags/example_branch_operator.py took 0.091 seconds
[2024-03-06T14:10:07.972+0000] {processor.py:161} INFO - Started process (PID=12629) to work on /home/airflow/.local/lib/python3.11/site-packages/airflow/example_dags/example_branch_operator.py
[2024-03-06T14:10:07.973+0000] {processor.py:830} INFO - Processing file /home/airflow/.local/lib/python3.11/site-packages/airflow/example_dags/example_branch_operator.py for tasks to queue
[2024-03-06T14:10:07.976+0000] {logging_mixin.py:188} INFO - [2024-03-06T14:10:07.976+0000] {dagbag.py:540} INFO - Filling up the DagBag from /home/airflow/.local/lib/python3.11/site-packages/airflow/example_dags/example_branch_operator.py
[2024-03-06T14:10:07.998+0000] {processor.py:840} INFO - DAG(s) 'example_branch_operator' retrieved from /home/airflow/.local/lib/python3.11/site-packages/airflow/example_dags/example_branch_operator.py
[2024-03-06T14:10:08.027+0000] {logging_mixin.py:188} INFO - [2024-03-06T14:10:08.027+0000] {dag.py:3047} INFO - Sync 1 DAGs
[2024-03-06T14:10:08.055+0000] {logging_mixin.py:188} INFO - [2024-03-06T14:10:08.055+0000] {dag.py:3834} INFO - Setting next_dagrun for example_branch_operator to 2024-03-05 00:00:00+00:00, run_after=2024-03-06 00:00:00+00:00
[2024-03-06T14:10:08.081+0000] {processor.py:183} INFO - Processing /home/airflow/.local/lib/python3.11/site-packages/airflow/example_dags/example_branch_operator.py took 0.113 seconds
[2024-03-06T14:10:38.111+0000] {processor.py:161} INFO - Started process (PID=12876) to work on /home/airflow/.local/lib/python3.11/site-packages/airflow/example_dags/example_branch_operator.py
[2024-03-06T14:10:38.113+0000] {processor.py:830} INFO - Processing file /home/airflow/.local/lib/python3.11/site-packages/airflow/example_dags/example_branch_operator.py for tasks to queue
[2024-03-06T14:10:38.114+0000] {logging_mixin.py:188} INFO - [2024-03-06T14:10:38.113+0000] {dagbag.py:540} INFO - Filling up the DagBag from /home/airflow/.local/lib/python3.11/site-packages/airflow/example_dags/example_branch_operator.py
[2024-03-06T14:10:38.130+0000] {processor.py:840} INFO - DAG(s) 'example_branch_operator' retrieved from /home/airflow/.local/lib/python3.11/site-packages/airflow/example_dags/example_branch_operator.py
[2024-03-06T14:10:38.162+0000] {logging_mixin.py:188} INFO - [2024-03-06T14:10:38.162+0000] {dag.py:3047} INFO - Sync 1 DAGs
[2024-03-06T14:10:38.192+0000] {logging_mixin.py:188} INFO - [2024-03-06T14:10:38.192+0000] {dag.py:3834} INFO - Setting next_dagrun for example_branch_operator to 2024-03-05 00:00:00+00:00, run_after=2024-03-06 00:00:00+00:00
[2024-03-06T14:10:38.216+0000] {processor.py:183} INFO - Processing /home/airflow/.local/lib/python3.11/site-packages/airflow/example_dags/example_branch_operator.py took 0.109 seconds
[2024-03-06T14:11:09.135+0000] {processor.py:161} INFO - Started process (PID=13123) to work on /home/airflow/.local/lib/python3.11/site-packages/airflow/example_dags/example_branch_operator.py
[2024-03-06T14:11:09.136+0000] {processor.py:830} INFO - Processing file /home/airflow/.local/lib/python3.11/site-packages/airflow/example_dags/example_branch_operator.py for tasks to queue
[2024-03-06T14:11:09.137+0000] {logging_mixin.py:188} INFO - [2024-03-06T14:11:09.137+0000] {dagbag.py:540} INFO - Filling up the DagBag from /home/airflow/.local/lib/python3.11/site-packages/airflow/example_dags/example_branch_operator.py
[2024-03-06T14:11:09.155+0000] {processor.py:840} INFO - DAG(s) 'example_branch_operator' retrieved from /home/airflow/.local/lib/python3.11/site-packages/airflow/example_dags/example_branch_operator.py
[2024-03-06T14:11:09.178+0000] {logging_mixin.py:188} INFO - [2024-03-06T14:11:09.177+0000] {dag.py:3047} INFO - Sync 1 DAGs
[2024-03-06T14:11:09.199+0000] {logging_mixin.py:188} INFO - [2024-03-06T14:11:09.198+0000] {dag.py:3834} INFO - Setting next_dagrun for example_branch_operator to 2024-03-05 00:00:00+00:00, run_after=2024-03-06 00:00:00+00:00
[2024-03-06T14:11:09.221+0000] {processor.py:183} INFO - Processing /home/airflow/.local/lib/python3.11/site-packages/airflow/example_dags/example_branch_operator.py took 0.090 seconds
[2024-03-06T14:11:39.762+0000] {processor.py:161} INFO - Started process (PID=13370) to work on /home/airflow/.local/lib/python3.11/site-packages/airflow/example_dags/example_branch_operator.py
[2024-03-06T14:11:39.765+0000] {processor.py:830} INFO - Processing file /home/airflow/.local/lib/python3.11/site-packages/airflow/example_dags/example_branch_operator.py for tasks to queue
[2024-03-06T14:11:39.766+0000] {logging_mixin.py:188} INFO - [2024-03-06T14:11:39.766+0000] {dagbag.py:540} INFO - Filling up the DagBag from /home/airflow/.local/lib/python3.11/site-packages/airflow/example_dags/example_branch_operator.py
[2024-03-06T14:11:39.790+0000] {processor.py:840} INFO - DAG(s) 'example_branch_operator' retrieved from /home/airflow/.local/lib/python3.11/site-packages/airflow/example_dags/example_branch_operator.py
[2024-03-06T14:11:39.825+0000] {logging_mixin.py:188} INFO - [2024-03-06T14:11:39.825+0000] {dag.py:3047} INFO - Sync 1 DAGs
[2024-03-06T14:11:39.851+0000] {logging_mixin.py:188} INFO - [2024-03-06T14:11:39.850+0000] {dag.py:3834} INFO - Setting next_dagrun for example_branch_operator to 2024-03-05 00:00:00+00:00, run_after=2024-03-06 00:00:00+00:00
[2024-03-06T14:11:39.875+0000] {processor.py:183} INFO - Processing /home/airflow/.local/lib/python3.11/site-packages/airflow/example_dags/example_branch_operator.py took 0.116 seconds
[2024-03-06T14:12:10.449+0000] {processor.py:161} INFO - Started process (PID=13617) to work on /home/airflow/.local/lib/python3.11/site-packages/airflow/example_dags/example_branch_operator.py
[2024-03-06T14:12:10.450+0000] {processor.py:830} INFO - Processing file /home/airflow/.local/lib/python3.11/site-packages/airflow/example_dags/example_branch_operator.py for tasks to queue
[2024-03-06T14:12:10.451+0000] {logging_mixin.py:188} INFO - [2024-03-06T14:12:10.451+0000] {dagbag.py:540} INFO - Filling up the DagBag from /home/airflow/.local/lib/python3.11/site-packages/airflow/example_dags/example_branch_operator.py
[2024-03-06T14:12:10.467+0000] {processor.py:840} INFO - DAG(s) 'example_branch_operator' retrieved from /home/airflow/.local/lib/python3.11/site-packages/airflow/example_dags/example_branch_operator.py
[2024-03-06T14:12:10.490+0000] {logging_mixin.py:188} INFO - [2024-03-06T14:12:10.490+0000] {dag.py:3047} INFO - Sync 1 DAGs
[2024-03-06T14:12:10.512+0000] {logging_mixin.py:188} INFO - [2024-03-06T14:12:10.512+0000] {dag.py:3834} INFO - Setting next_dagrun for example_branch_operator to 2024-03-05 00:00:00+00:00, run_after=2024-03-06 00:00:00+00:00
[2024-03-06T14:12:10.528+0000] {processor.py:183} INFO - Processing /home/airflow/.local/lib/python3.11/site-packages/airflow/example_dags/example_branch_operator.py took 0.083 seconds
[2024-03-06T14:12:40.948+0000] {processor.py:161} INFO - Started process (PID=13864) to work on /home/airflow/.local/lib/python3.11/site-packages/airflow/example_dags/example_branch_operator.py
[2024-03-06T14:12:40.949+0000] {processor.py:830} INFO - Processing file /home/airflow/.local/lib/python3.11/site-packages/airflow/example_dags/example_branch_operator.py for tasks to queue
[2024-03-06T14:12:40.951+0000] {logging_mixin.py:188} INFO - [2024-03-06T14:12:40.951+0000] {dagbag.py:540} INFO - Filling up the DagBag from /home/airflow/.local/lib/python3.11/site-packages/airflow/example_dags/example_branch_operator.py
[2024-03-06T14:12:40.977+0000] {processor.py:840} INFO - DAG(s) 'example_branch_operator' retrieved from /home/airflow/.local/lib/python3.11/site-packages/airflow/example_dags/example_branch_operator.py
[2024-03-06T14:12:41.016+0000] {logging_mixin.py:188} INFO - [2024-03-06T14:12:41.016+0000] {dag.py:3047} INFO - Sync 1 DAGs
[2024-03-06T14:12:41.054+0000] {logging_mixin.py:188} INFO - [2024-03-06T14:12:41.054+0000] {dag.py:3834} INFO - Setting next_dagrun for example_branch_operator to 2024-03-05 00:00:00+00:00, run_after=2024-03-06 00:00:00+00:00
[2024-03-06T14:12:41.077+0000] {processor.py:183} INFO - Processing /home/airflow/.local/lib/python3.11/site-packages/airflow/example_dags/example_branch_operator.py took 0.133 seconds
[2024-03-06T14:13:11.859+0000] {processor.py:161} INFO - Started process (PID=14111) to work on /home/airflow/.local/lib/python3.11/site-packages/airflow/example_dags/example_branch_operator.py
[2024-03-06T14:13:11.861+0000] {processor.py:830} INFO - Processing file /home/airflow/.local/lib/python3.11/site-packages/airflow/example_dags/example_branch_operator.py for tasks to queue
[2024-03-06T14:13:11.863+0000] {logging_mixin.py:188} INFO - [2024-03-06T14:13:11.862+0000] {dagbag.py:540} INFO - Filling up the DagBag from /home/airflow/.local/lib/python3.11/site-packages/airflow/example_dags/example_branch_operator.py
[2024-03-06T14:13:11.884+0000] {processor.py:840} INFO - DAG(s) 'example_branch_operator' retrieved from /home/airflow/.local/lib/python3.11/site-packages/airflow/example_dags/example_branch_operator.py
[2024-03-06T14:13:11.928+0000] {logging_mixin.py:188} INFO - [2024-03-06T14:13:11.928+0000] {dag.py:3047} INFO - Sync 1 DAGs
[2024-03-06T14:13:11.965+0000] {logging_mixin.py:188} INFO - [2024-03-06T14:13:11.965+0000] {dag.py:3834} INFO - Setting next_dagrun for example_branch_operator to 2024-03-05 00:00:00+00:00, run_after=2024-03-06 00:00:00+00:00
[2024-03-06T14:13:11.994+0000] {processor.py:183} INFO - Processing /home/airflow/.local/lib/python3.11/site-packages/airflow/example_dags/example_branch_operator.py took 0.139 seconds
[2024-03-06T14:13:42.489+0000] {processor.py:161} INFO - Started process (PID=14358) to work on /home/airflow/.local/lib/python3.11/site-packages/airflow/example_dags/example_branch_operator.py
[2024-03-06T14:13:42.490+0000] {processor.py:830} INFO - Processing file /home/airflow/.local/lib/python3.11/site-packages/airflow/example_dags/example_branch_operator.py for tasks to queue
[2024-03-06T14:13:42.491+0000] {logging_mixin.py:188} INFO - [2024-03-06T14:13:42.491+0000] {dagbag.py:540} INFO - Filling up the DagBag from /home/airflow/.local/lib/python3.11/site-packages/airflow/example_dags/example_branch_operator.py
[2024-03-06T14:13:42.509+0000] {processor.py:840} INFO - DAG(s) 'example_branch_operator' retrieved from /home/airflow/.local/lib/python3.11/site-packages/airflow/example_dags/example_branch_operator.py
[2024-03-06T14:13:42.538+0000] {logging_mixin.py:188} INFO - [2024-03-06T14:13:42.537+0000] {dag.py:3047} INFO - Sync 1 DAGs
[2024-03-06T14:13:42.560+0000] {logging_mixin.py:188} INFO - [2024-03-06T14:13:42.560+0000] {dag.py:3834} INFO - Setting next_dagrun for example_branch_operator to 2024-03-05 00:00:00+00:00, run_after=2024-03-06 00:00:00+00:00
[2024-03-06T14:13:42.582+0000] {processor.py:183} INFO - Processing /home/airflow/.local/lib/python3.11/site-packages/airflow/example_dags/example_branch_operator.py took 0.096 seconds
[2024-03-06T14:14:13.365+0000] {processor.py:161} INFO - Started process (PID=14605) to work on /home/airflow/.local/lib/python3.11/site-packages/airflow/example_dags/example_branch_operator.py
[2024-03-06T14:14:13.366+0000] {processor.py:830} INFO - Processing file /home/airflow/.local/lib/python3.11/site-packages/airflow/example_dags/example_branch_operator.py for tasks to queue
[2024-03-06T14:14:13.367+0000] {logging_mixin.py:188} INFO - [2024-03-06T14:14:13.367+0000] {dagbag.py:540} INFO - Filling up the DagBag from /home/airflow/.local/lib/python3.11/site-packages/airflow/example_dags/example_branch_operator.py
[2024-03-06T14:14:13.383+0000] {processor.py:840} INFO - DAG(s) 'example_branch_operator' retrieved from /home/airflow/.local/lib/python3.11/site-packages/airflow/example_dags/example_branch_operator.py
[2024-03-06T14:14:13.405+0000] {logging_mixin.py:188} INFO - [2024-03-06T14:14:13.405+0000] {dag.py:3047} INFO - Sync 1 DAGs
[2024-03-06T14:14:13.429+0000] {logging_mixin.py:188} INFO - [2024-03-06T14:14:13.428+0000] {dag.py:3834} INFO - Setting next_dagrun for example_branch_operator to 2024-03-05 00:00:00+00:00, run_after=2024-03-06 00:00:00+00:00
[2024-03-06T14:14:13.449+0000] {processor.py:183} INFO - Processing /home/airflow/.local/lib/python3.11/site-packages/airflow/example_dags/example_branch_operator.py took 0.087 seconds
[2024-03-06T14:14:43.570+0000] {processor.py:161} INFO - Started process (PID=14852) to work on /home/airflow/.local/lib/python3.11/site-packages/airflow/example_dags/example_branch_operator.py
[2024-03-06T14:14:43.571+0000] {processor.py:830} INFO - Processing file /home/airflow/.local/lib/python3.11/site-packages/airflow/example_dags/example_branch_operator.py for tasks to queue
[2024-03-06T14:14:43.572+0000] {logging_mixin.py:188} INFO - [2024-03-06T14:14:43.572+0000] {dagbag.py:540} INFO - Filling up the DagBag from /home/airflow/.local/lib/python3.11/site-packages/airflow/example_dags/example_branch_operator.py
[2024-03-06T14:14:43.595+0000] {processor.py:840} INFO - DAG(s) 'example_branch_operator' retrieved from /home/airflow/.local/lib/python3.11/site-packages/airflow/example_dags/example_branch_operator.py
[2024-03-06T14:14:43.618+0000] {logging_mixin.py:188} INFO - [2024-03-06T14:14:43.618+0000] {dag.py:3047} INFO - Sync 1 DAGs
[2024-03-06T14:14:43.639+0000] {logging_mixin.py:188} INFO - [2024-03-06T14:14:43.639+0000] {dag.py:3834} INFO - Setting next_dagrun for example_branch_operator to 2024-03-05 00:00:00+00:00, run_after=2024-03-06 00:00:00+00:00
[2024-03-06T14:14:43.660+0000] {processor.py:183} INFO - Processing /home/airflow/.local/lib/python3.11/site-packages/airflow/example_dags/example_branch_operator.py took 0.093 seconds
[2024-03-06T14:15:13.759+0000] {processor.py:161} INFO - Started process (PID=15099) to work on /home/airflow/.local/lib/python3.11/site-packages/airflow/example_dags/example_branch_operator.py
[2024-03-06T14:15:13.766+0000] {processor.py:830} INFO - Processing file /home/airflow/.local/lib/python3.11/site-packages/airflow/example_dags/example_branch_operator.py for tasks to queue
[2024-03-06T14:15:13.768+0000] {logging_mixin.py:188} INFO - [2024-03-06T14:15:13.767+0000] {dagbag.py:540} INFO - Filling up the DagBag from /home/airflow/.local/lib/python3.11/site-packages/airflow/example_dags/example_branch_operator.py
[2024-03-06T14:15:13.784+0000] {processor.py:840} INFO - DAG(s) 'example_branch_operator' retrieved from /home/airflow/.local/lib/python3.11/site-packages/airflow/example_dags/example_branch_operator.py
[2024-03-06T14:15:13.820+0000] {logging_mixin.py:188} INFO - [2024-03-06T14:15:13.819+0000] {dag.py:3047} INFO - Sync 1 DAGs
[2024-03-06T14:15:13.843+0000] {logging_mixin.py:188} INFO - [2024-03-06T14:15:13.843+0000] {dag.py:3834} INFO - Setting next_dagrun for example_branch_operator to 2024-03-05 00:00:00+00:00, run_after=2024-03-06 00:00:00+00:00
[2024-03-06T14:15:13.866+0000] {processor.py:183} INFO - Processing /home/airflow/.local/lib/python3.11/site-packages/airflow/example_dags/example_branch_operator.py took 0.111 seconds
[2024-03-06T14:15:44.819+0000] {processor.py:161} INFO - Started process (PID=15346) to work on /home/airflow/.local/lib/python3.11/site-packages/airflow/example_dags/example_branch_operator.py
[2024-03-06T14:15:44.825+0000] {processor.py:830} INFO - Processing file /home/airflow/.local/lib/python3.11/site-packages/airflow/example_dags/example_branch_operator.py for tasks to queue
[2024-03-06T14:15:44.826+0000] {logging_mixin.py:188} INFO - [2024-03-06T14:15:44.826+0000] {dagbag.py:540} INFO - Filling up the DagBag from /home/airflow/.local/lib/python3.11/site-packages/airflow/example_dags/example_branch_operator.py
[2024-03-06T14:15:44.844+0000] {processor.py:840} INFO - DAG(s) 'example_branch_operator' retrieved from /home/airflow/.local/lib/python3.11/site-packages/airflow/example_dags/example_branch_operator.py
[2024-03-06T14:15:44.868+0000] {logging_mixin.py:188} INFO - [2024-03-06T14:15:44.868+0000] {dag.py:3047} INFO - Sync 1 DAGs
[2024-03-06T14:15:44.888+0000] {logging_mixin.py:188} INFO - [2024-03-06T14:15:44.888+0000] {dag.py:3834} INFO - Setting next_dagrun for example_branch_operator to 2024-03-05 00:00:00+00:00, run_after=2024-03-06 00:00:00+00:00
[2024-03-06T14:15:44.910+0000] {processor.py:183} INFO - Processing /home/airflow/.local/lib/python3.11/site-packages/airflow/example_dags/example_branch_operator.py took 0.094 seconds
[2024-03-06T14:16:15.072+0000] {processor.py:161} INFO - Started process (PID=15593) to work on /home/airflow/.local/lib/python3.11/site-packages/airflow/example_dags/example_branch_operator.py
[2024-03-06T14:16:15.078+0000] {processor.py:830} INFO - Processing file /home/airflow/.local/lib/python3.11/site-packages/airflow/example_dags/example_branch_operator.py for tasks to queue
[2024-03-06T14:16:15.080+0000] {logging_mixin.py:188} INFO - [2024-03-06T14:16:15.080+0000] {dagbag.py:540} INFO - Filling up the DagBag from /home/airflow/.local/lib/python3.11/site-packages/airflow/example_dags/example_branch_operator.py
[2024-03-06T14:16:15.105+0000] {processor.py:840} INFO - DAG(s) 'example_branch_operator' retrieved from /home/airflow/.local/lib/python3.11/site-packages/airflow/example_dags/example_branch_operator.py
[2024-03-06T14:16:15.152+0000] {logging_mixin.py:188} INFO - [2024-03-06T14:16:15.152+0000] {dag.py:3047} INFO - Sync 1 DAGs
[2024-03-06T14:16:15.182+0000] {logging_mixin.py:188} INFO - [2024-03-06T14:16:15.182+0000] {dag.py:3834} INFO - Setting next_dagrun for example_branch_operator to 2024-03-05 00:00:00+00:00, run_after=2024-03-06 00:00:00+00:00
[2024-03-06T14:16:15.221+0000] {processor.py:183} INFO - Processing /home/airflow/.local/lib/python3.11/site-packages/airflow/example_dags/example_branch_operator.py took 0.152 seconds
[2024-03-06T14:16:45.866+0000] {processor.py:161} INFO - Started process (PID=15840) to work on /home/airflow/.local/lib/python3.11/site-packages/airflow/example_dags/example_branch_operator.py
[2024-03-06T14:16:45.873+0000] {processor.py:830} INFO - Processing file /home/airflow/.local/lib/python3.11/site-packages/airflow/example_dags/example_branch_operator.py for tasks to queue
[2024-03-06T14:16:45.874+0000] {logging_mixin.py:188} INFO - [2024-03-06T14:16:45.874+0000] {dagbag.py:540} INFO - Filling up the DagBag from /home/airflow/.local/lib/python3.11/site-packages/airflow/example_dags/example_branch_operator.py
[2024-03-06T14:16:45.893+0000] {processor.py:840} INFO - DAG(s) 'example_branch_operator' retrieved from /home/airflow/.local/lib/python3.11/site-packages/airflow/example_dags/example_branch_operator.py
[2024-03-06T14:16:45.916+0000] {logging_mixin.py:188} INFO - [2024-03-06T14:16:45.916+0000] {dag.py:3047} INFO - Sync 1 DAGs
[2024-03-06T14:16:45.942+0000] {logging_mixin.py:188} INFO - [2024-03-06T14:16:45.942+0000] {dag.py:3834} INFO - Setting next_dagrun for example_branch_operator to 2024-03-05 00:00:00+00:00, run_after=2024-03-06 00:00:00+00:00
[2024-03-06T14:16:45.962+0000] {processor.py:183} INFO - Processing /home/airflow/.local/lib/python3.11/site-packages/airflow/example_dags/example_branch_operator.py took 0.099 seconds
[2024-03-06T14:17:16.364+0000] {processor.py:161} INFO - Started process (PID=16087) to work on /home/airflow/.local/lib/python3.11/site-packages/airflow/example_dags/example_branch_operator.py
[2024-03-06T14:17:16.366+0000] {processor.py:830} INFO - Processing file /home/airflow/.local/lib/python3.11/site-packages/airflow/example_dags/example_branch_operator.py for tasks to queue
[2024-03-06T14:17:16.367+0000] {logging_mixin.py:188} INFO - [2024-03-06T14:17:16.366+0000] {dagbag.py:540} INFO - Filling up the DagBag from /home/airflow/.local/lib/python3.11/site-packages/airflow/example_dags/example_branch_operator.py
[2024-03-06T14:17:16.412+0000] {processor.py:840} INFO - DAG(s) 'example_branch_operator' retrieved from /home/airflow/.local/lib/python3.11/site-packages/airflow/example_dags/example_branch_operator.py
[2024-03-06T14:17:16.534+0000] {logging_mixin.py:188} INFO - [2024-03-06T14:17:16.534+0000] {dag.py:3047} INFO - Sync 1 DAGs
[2024-03-06T14:17:16.627+0000] {logging_mixin.py:188} INFO - [2024-03-06T14:17:16.626+0000] {dag.py:3834} INFO - Setting next_dagrun for example_branch_operator to 2024-03-05 00:00:00+00:00, run_after=2024-03-06 00:00:00+00:00
[2024-03-06T14:17:16.697+0000] {processor.py:183} INFO - Processing /home/airflow/.local/lib/python3.11/site-packages/airflow/example_dags/example_branch_operator.py took 0.338 seconds
[2024-03-06T14:17:47.021+0000] {processor.py:161} INFO - Started process (PID=16334) to work on /home/airflow/.local/lib/python3.11/site-packages/airflow/example_dags/example_branch_operator.py
[2024-03-06T14:17:47.025+0000] {processor.py:830} INFO - Processing file /home/airflow/.local/lib/python3.11/site-packages/airflow/example_dags/example_branch_operator.py for tasks to queue
[2024-03-06T14:17:47.027+0000] {logging_mixin.py:188} INFO - [2024-03-06T14:17:47.026+0000] {dagbag.py:540} INFO - Filling up the DagBag from /home/airflow/.local/lib/python3.11/site-packages/airflow/example_dags/example_branch_operator.py
[2024-03-06T14:17:47.095+0000] {processor.py:840} INFO - DAG(s) 'example_branch_operator' retrieved from /home/airflow/.local/lib/python3.11/site-packages/airflow/example_dags/example_branch_operator.py
[2024-03-06T14:17:47.182+0000] {logging_mixin.py:188} INFO - [2024-03-06T14:17:47.182+0000] {dag.py:3047} INFO - Sync 1 DAGs
[2024-03-06T14:17:47.234+0000] {logging_mixin.py:188} INFO - [2024-03-06T14:17:47.234+0000] {dag.py:3834} INFO - Setting next_dagrun for example_branch_operator to 2024-03-05 00:00:00+00:00, run_after=2024-03-06 00:00:00+00:00
[2024-03-06T14:17:47.300+0000] {processor.py:183} INFO - Processing /home/airflow/.local/lib/python3.11/site-packages/airflow/example_dags/example_branch_operator.py took 0.295 seconds
[2024-03-06T14:18:17.774+0000] {processor.py:161} INFO - Started process (PID=16581) to work on /home/airflow/.local/lib/python3.11/site-packages/airflow/example_dags/example_branch_operator.py
[2024-03-06T14:18:17.778+0000] {processor.py:830} INFO - Processing file /home/airflow/.local/lib/python3.11/site-packages/airflow/example_dags/example_branch_operator.py for tasks to queue
[2024-03-06T14:18:17.780+0000] {logging_mixin.py:188} INFO - [2024-03-06T14:18:17.779+0000] {dagbag.py:540} INFO - Filling up the DagBag from /home/airflow/.local/lib/python3.11/site-packages/airflow/example_dags/example_branch_operator.py
[2024-03-06T14:18:17.835+0000] {processor.py:840} INFO - DAG(s) 'example_branch_operator' retrieved from /home/airflow/.local/lib/python3.11/site-packages/airflow/example_dags/example_branch_operator.py
[2024-03-06T14:18:17.949+0000] {logging_mixin.py:188} INFO - [2024-03-06T14:18:17.949+0000] {dag.py:3047} INFO - Sync 1 DAGs
[2024-03-06T14:18:18.004+0000] {logging_mixin.py:188} INFO - [2024-03-06T14:18:18.004+0000] {dag.py:3834} INFO - Setting next_dagrun for example_branch_operator to 2024-03-05 00:00:00+00:00, run_after=2024-03-06 00:00:00+00:00
[2024-03-06T14:18:18.097+0000] {processor.py:183} INFO - Processing /home/airflow/.local/lib/python3.11/site-packages/airflow/example_dags/example_branch_operator.py took 0.332 seconds
[2024-03-06T14:18:48.614+0000] {processor.py:161} INFO - Started process (PID=16827) to work on /home/airflow/.local/lib/python3.11/site-packages/airflow/example_dags/example_branch_operator.py
[2024-03-06T14:18:48.622+0000] {processor.py:830} INFO - Processing file /home/airflow/.local/lib/python3.11/site-packages/airflow/example_dags/example_branch_operator.py for tasks to queue
[2024-03-06T14:18:48.624+0000] {logging_mixin.py:188} INFO - [2024-03-06T14:18:48.623+0000] {dagbag.py:540} INFO - Filling up the DagBag from /home/airflow/.local/lib/python3.11/site-packages/airflow/example_dags/example_branch_operator.py
[2024-03-06T14:18:48.692+0000] {processor.py:840} INFO - DAG(s) 'example_branch_operator' retrieved from /home/airflow/.local/lib/python3.11/site-packages/airflow/example_dags/example_branch_operator.py
[2024-03-06T14:18:48.771+0000] {logging_mixin.py:188} INFO - [2024-03-06T14:18:48.769+0000] {dag.py:3047} INFO - Sync 1 DAGs
[2024-03-06T14:18:48.862+0000] {logging_mixin.py:188} INFO - [2024-03-06T14:18:48.861+0000] {dag.py:3834} INFO - Setting next_dagrun for example_branch_operator to 2024-03-05 00:00:00+00:00, run_after=2024-03-06 00:00:00+00:00
[2024-03-06T14:18:48.956+0000] {processor.py:183} INFO - Processing /home/airflow/.local/lib/python3.11/site-packages/airflow/example_dags/example_branch_operator.py took 0.354 seconds
