[2024-03-06T13:44:35.403+0000] {processor.py:161} INFO - Started process (PID=194) to work on /home/airflow/.local/lib/python3.11/site-packages/airflow/example_dags/example_params_trigger_ui.py
[2024-03-06T13:44:35.405+0000] {processor.py:830} INFO - Processing file /home/airflow/.local/lib/python3.11/site-packages/airflow/example_dags/example_params_trigger_ui.py for tasks to queue
[2024-03-06T13:44:35.407+0000] {logging_mixin.py:188} INFO - [2024-03-06T13:44:35.406+0000] {dagbag.py:540} INFO - Filling up the DagBag from /home/airflow/.local/lib/python3.11/site-packages/airflow/example_dags/example_params_trigger_ui.py
[2024-03-06T13:44:35.429+0000] {processor.py:840} INFO - DAG(s) 'example_params_trigger_ui' retrieved from /home/airflow/.local/lib/python3.11/site-packages/airflow/example_dags/example_params_trigger_ui.py
[2024-03-06T13:44:35.493+0000] {logging_mixin.py:188} INFO - [2024-03-06T13:44:35.492+0000] {dag.py:3047} INFO - Sync 1 DAGs
[2024-03-06T13:44:35.511+0000] {logging_mixin.py:188} INFO - [2024-03-06T13:44:35.510+0000] {dag.py:3834} INFO - Setting next_dagrun for example_params_trigger_ui to None, run_after=None
[2024-03-06T13:44:35.541+0000] {processor.py:183} INFO - Processing /home/airflow/.local/lib/python3.11/site-packages/airflow/example_dags/example_params_trigger_ui.py took 0.142 seconds
[2024-03-06T13:45:05.658+0000] {processor.py:161} INFO - Started process (PID=437) to work on /home/airflow/.local/lib/python3.11/site-packages/airflow/example_dags/example_params_trigger_ui.py
[2024-03-06T13:45:05.659+0000] {processor.py:830} INFO - Processing file /home/airflow/.local/lib/python3.11/site-packages/airflow/example_dags/example_params_trigger_ui.py for tasks to queue
[2024-03-06T13:45:05.661+0000] {logging_mixin.py:188} INFO - [2024-03-06T13:45:05.660+0000] {dagbag.py:540} INFO - Filling up the DagBag from /home/airflow/.local/lib/python3.11/site-packages/airflow/example_dags/example_params_trigger_ui.py
[2024-03-06T13:45:05.673+0000] {processor.py:840} INFO - DAG(s) 'example_params_trigger_ui' retrieved from /home/airflow/.local/lib/python3.11/site-packages/airflow/example_dags/example_params_trigger_ui.py
[2024-03-06T13:45:05.708+0000] {logging_mixin.py:188} INFO - [2024-03-06T13:45:05.708+0000] {dag.py:3047} INFO - Sync 1 DAGs
[2024-03-06T13:45:05.738+0000] {logging_mixin.py:188} INFO - [2024-03-06T13:45:05.738+0000] {dag.py:3834} INFO - Setting next_dagrun for example_params_trigger_ui to None, run_after=None
[2024-03-06T13:45:05.763+0000] {processor.py:183} INFO - Processing /home/airflow/.local/lib/python3.11/site-packages/airflow/example_dags/example_params_trigger_ui.py took 0.108 seconds
[2024-03-06T13:45:35.942+0000] {processor.py:161} INFO - Started process (PID=681) to work on /home/airflow/.local/lib/python3.11/site-packages/airflow/example_dags/example_params_trigger_ui.py
[2024-03-06T13:45:35.944+0000] {processor.py:830} INFO - Processing file /home/airflow/.local/lib/python3.11/site-packages/airflow/example_dags/example_params_trigger_ui.py for tasks to queue
[2024-03-06T13:45:35.945+0000] {logging_mixin.py:188} INFO - [2024-03-06T13:45:35.945+0000] {dagbag.py:540} INFO - Filling up the DagBag from /home/airflow/.local/lib/python3.11/site-packages/airflow/example_dags/example_params_trigger_ui.py
[2024-03-06T13:45:35.964+0000] {processor.py:840} INFO - DAG(s) 'example_params_trigger_ui' retrieved from /home/airflow/.local/lib/python3.11/site-packages/airflow/example_dags/example_params_trigger_ui.py
[2024-03-06T13:45:36.010+0000] {logging_mixin.py:188} INFO - [2024-03-06T13:45:36.009+0000] {dag.py:3047} INFO - Sync 1 DAGs
[2024-03-06T13:45:36.027+0000] {logging_mixin.py:188} INFO - [2024-03-06T13:45:36.027+0000] {dag.py:3834} INFO - Setting next_dagrun for example_params_trigger_ui to None, run_after=None
[2024-03-06T13:45:36.053+0000] {processor.py:183} INFO - Processing /home/airflow/.local/lib/python3.11/site-packages/airflow/example_dags/example_params_trigger_ui.py took 0.114 seconds
[2024-03-06T13:46:06.348+0000] {processor.py:161} INFO - Started process (PID=930) to work on /home/airflow/.local/lib/python3.11/site-packages/airflow/example_dags/example_params_trigger_ui.py
[2024-03-06T13:46:06.350+0000] {processor.py:830} INFO - Processing file /home/airflow/.local/lib/python3.11/site-packages/airflow/example_dags/example_params_trigger_ui.py for tasks to queue
[2024-03-06T13:46:06.351+0000] {logging_mixin.py:188} INFO - [2024-03-06T13:46:06.350+0000] {dagbag.py:540} INFO - Filling up the DagBag from /home/airflow/.local/lib/python3.11/site-packages/airflow/example_dags/example_params_trigger_ui.py
[2024-03-06T13:46:06.364+0000] {processor.py:840} INFO - DAG(s) 'example_params_trigger_ui' retrieved from /home/airflow/.local/lib/python3.11/site-packages/airflow/example_dags/example_params_trigger_ui.py
[2024-03-06T13:46:06.397+0000] {logging_mixin.py:188} INFO - [2024-03-06T13:46:06.397+0000] {dag.py:3047} INFO - Sync 1 DAGs
[2024-03-06T13:46:06.408+0000] {logging_mixin.py:188} INFO - [2024-03-06T13:46:06.408+0000] {dag.py:3834} INFO - Setting next_dagrun for example_params_trigger_ui to None, run_after=None
[2024-03-06T13:46:06.425+0000] {processor.py:183} INFO - Processing /home/airflow/.local/lib/python3.11/site-packages/airflow/example_dags/example_params_trigger_ui.py took 0.080 seconds
[2024-03-06T13:46:37.383+0000] {processor.py:161} INFO - Started process (PID=1180) to work on /home/airflow/.local/lib/python3.11/site-packages/airflow/example_dags/example_params_trigger_ui.py
[2024-03-06T13:46:37.384+0000] {processor.py:830} INFO - Processing file /home/airflow/.local/lib/python3.11/site-packages/airflow/example_dags/example_params_trigger_ui.py for tasks to queue
[2024-03-06T13:46:37.386+0000] {logging_mixin.py:188} INFO - [2024-03-06T13:46:37.385+0000] {dagbag.py:540} INFO - Filling up the DagBag from /home/airflow/.local/lib/python3.11/site-packages/airflow/example_dags/example_params_trigger_ui.py
[2024-03-06T13:46:37.402+0000] {processor.py:840} INFO - DAG(s) 'example_params_trigger_ui' retrieved from /home/airflow/.local/lib/python3.11/site-packages/airflow/example_dags/example_params_trigger_ui.py
[2024-03-06T13:46:37.440+0000] {logging_mixin.py:188} INFO - [2024-03-06T13:46:37.440+0000] {dag.py:3047} INFO - Sync 1 DAGs
[2024-03-06T13:46:37.456+0000] {logging_mixin.py:188} INFO - [2024-03-06T13:46:37.455+0000] {dag.py:3834} INFO - Setting next_dagrun for example_params_trigger_ui to None, run_after=None
[2024-03-06T13:46:37.480+0000] {processor.py:183} INFO - Processing /home/airflow/.local/lib/python3.11/site-packages/airflow/example_dags/example_params_trigger_ui.py took 0.100 seconds
[2024-03-06T13:47:08.083+0000] {processor.py:161} INFO - Started process (PID=1429) to work on /home/airflow/.local/lib/python3.11/site-packages/airflow/example_dags/example_params_trigger_ui.py
[2024-03-06T13:47:08.085+0000] {processor.py:830} INFO - Processing file /home/airflow/.local/lib/python3.11/site-packages/airflow/example_dags/example_params_trigger_ui.py for tasks to queue
[2024-03-06T13:47:08.086+0000] {logging_mixin.py:188} INFO - [2024-03-06T13:47:08.086+0000] {dagbag.py:540} INFO - Filling up the DagBag from /home/airflow/.local/lib/python3.11/site-packages/airflow/example_dags/example_params_trigger_ui.py
[2024-03-06T13:47:08.117+0000] {processor.py:840} INFO - DAG(s) 'example_params_trigger_ui' retrieved from /home/airflow/.local/lib/python3.11/site-packages/airflow/example_dags/example_params_trigger_ui.py
[2024-03-06T13:47:08.175+0000] {logging_mixin.py:188} INFO - [2024-03-06T13:47:08.174+0000] {dag.py:3047} INFO - Sync 1 DAGs
[2024-03-06T13:47:08.191+0000] {logging_mixin.py:188} INFO - [2024-03-06T13:47:08.191+0000] {dag.py:3834} INFO - Setting next_dagrun for example_params_trigger_ui to None, run_after=None
[2024-03-06T13:47:08.230+0000] {processor.py:183} INFO - Processing /home/airflow/.local/lib/python3.11/site-packages/airflow/example_dags/example_params_trigger_ui.py took 0.154 seconds
[2024-03-06T13:47:39.408+0000] {processor.py:161} INFO - Started process (PID=1675) to work on /home/airflow/.local/lib/python3.11/site-packages/airflow/example_dags/example_params_trigger_ui.py
[2024-03-06T13:47:39.429+0000] {processor.py:830} INFO - Processing file /home/airflow/.local/lib/python3.11/site-packages/airflow/example_dags/example_params_trigger_ui.py for tasks to queue
[2024-03-06T13:47:39.437+0000] {logging_mixin.py:188} INFO - [2024-03-06T13:47:39.431+0000] {dagbag.py:540} INFO - Filling up the DagBag from /home/airflow/.local/lib/python3.11/site-packages/airflow/example_dags/example_params_trigger_ui.py
[2024-03-06T13:47:39.481+0000] {processor.py:840} INFO - DAG(s) 'example_params_trigger_ui' retrieved from /home/airflow/.local/lib/python3.11/site-packages/airflow/example_dags/example_params_trigger_ui.py
[2024-03-06T13:47:39.677+0000] {logging_mixin.py:188} INFO - [2024-03-06T13:47:39.676+0000] {dag.py:3047} INFO - Sync 1 DAGs
[2024-03-06T13:47:39.746+0000] {logging_mixin.py:188} INFO - [2024-03-06T13:47:39.746+0000] {dag.py:3834} INFO - Setting next_dagrun for example_params_trigger_ui to None, run_after=None
[2024-03-06T13:47:39.835+0000] {processor.py:183} INFO - Processing /home/airflow/.local/lib/python3.11/site-packages/airflow/example_dags/example_params_trigger_ui.py took 0.438 seconds
[2024-03-06T13:48:10.001+0000] {processor.py:161} INFO - Started process (PID=1928) to work on /home/airflow/.local/lib/python3.11/site-packages/airflow/example_dags/example_params_trigger_ui.py
[2024-03-06T13:48:10.005+0000] {processor.py:830} INFO - Processing file /home/airflow/.local/lib/python3.11/site-packages/airflow/example_dags/example_params_trigger_ui.py for tasks to queue
[2024-03-06T13:48:10.007+0000] {logging_mixin.py:188} INFO - [2024-03-06T13:48:10.006+0000] {dagbag.py:540} INFO - Filling up the DagBag from /home/airflow/.local/lib/python3.11/site-packages/airflow/example_dags/example_params_trigger_ui.py
[2024-03-06T13:48:10.032+0000] {processor.py:840} INFO - DAG(s) 'example_params_trigger_ui' retrieved from /home/airflow/.local/lib/python3.11/site-packages/airflow/example_dags/example_params_trigger_ui.py
[2024-03-06T13:48:10.085+0000] {logging_mixin.py:188} INFO - [2024-03-06T13:48:10.085+0000] {dag.py:3047} INFO - Sync 1 DAGs
[2024-03-06T13:48:10.104+0000] {logging_mixin.py:188} INFO - [2024-03-06T13:48:10.103+0000] {dag.py:3834} INFO - Setting next_dagrun for example_params_trigger_ui to None, run_after=None
[2024-03-06T13:48:10.162+0000] {processor.py:183} INFO - Processing /home/airflow/.local/lib/python3.11/site-packages/airflow/example_dags/example_params_trigger_ui.py took 0.167 seconds
[2024-03-06T13:48:40.389+0000] {processor.py:161} INFO - Started process (PID=2167) to work on /home/airflow/.local/lib/python3.11/site-packages/airflow/example_dags/example_params_trigger_ui.py
[2024-03-06T13:48:40.390+0000] {processor.py:830} INFO - Processing file /home/airflow/.local/lib/python3.11/site-packages/airflow/example_dags/example_params_trigger_ui.py for tasks to queue
[2024-03-06T13:48:40.391+0000] {logging_mixin.py:188} INFO - [2024-03-06T13:48:40.391+0000] {dagbag.py:540} INFO - Filling up the DagBag from /home/airflow/.local/lib/python3.11/site-packages/airflow/example_dags/example_params_trigger_ui.py
[2024-03-06T13:48:40.408+0000] {processor.py:840} INFO - DAG(s) 'example_params_trigger_ui' retrieved from /home/airflow/.local/lib/python3.11/site-packages/airflow/example_dags/example_params_trigger_ui.py
[2024-03-06T13:48:40.484+0000] {logging_mixin.py:188} INFO - [2024-03-06T13:48:40.484+0000] {dag.py:3047} INFO - Sync 1 DAGs
[2024-03-06T13:48:40.501+0000] {logging_mixin.py:188} INFO - [2024-03-06T13:48:40.500+0000] {dag.py:3834} INFO - Setting next_dagrun for example_params_trigger_ui to None, run_after=None
[2024-03-06T13:48:40.528+0000] {processor.py:183} INFO - Processing /home/airflow/.local/lib/python3.11/site-packages/airflow/example_dags/example_params_trigger_ui.py took 0.144 seconds
[2024-03-06T13:49:10.573+0000] {processor.py:161} INFO - Started process (PID=2414) to work on /home/airflow/.local/lib/python3.11/site-packages/airflow/example_dags/example_params_trigger_ui.py
[2024-03-06T13:49:10.574+0000] {processor.py:830} INFO - Processing file /home/airflow/.local/lib/python3.11/site-packages/airflow/example_dags/example_params_trigger_ui.py for tasks to queue
[2024-03-06T13:49:10.575+0000] {logging_mixin.py:188} INFO - [2024-03-06T13:49:10.574+0000] {dagbag.py:540} INFO - Filling up the DagBag from /home/airflow/.local/lib/python3.11/site-packages/airflow/example_dags/example_params_trigger_ui.py
[2024-03-06T13:49:10.589+0000] {processor.py:840} INFO - DAG(s) 'example_params_trigger_ui' retrieved from /home/airflow/.local/lib/python3.11/site-packages/airflow/example_dags/example_params_trigger_ui.py
[2024-03-06T13:49:10.642+0000] {logging_mixin.py:188} INFO - [2024-03-06T13:49:10.642+0000] {dag.py:3047} INFO - Sync 1 DAGs
[2024-03-06T13:49:10.664+0000] {logging_mixin.py:188} INFO - [2024-03-06T13:49:10.663+0000] {dag.py:3834} INFO - Setting next_dagrun for example_params_trigger_ui to None, run_after=None
[2024-03-06T13:49:10.692+0000] {processor.py:183} INFO - Processing /home/airflow/.local/lib/python3.11/site-packages/airflow/example_dags/example_params_trigger_ui.py took 0.124 seconds
[2024-03-06T13:49:40.808+0000] {processor.py:161} INFO - Started process (PID=2661) to work on /home/airflow/.local/lib/python3.11/site-packages/airflow/example_dags/example_params_trigger_ui.py
[2024-03-06T13:49:40.812+0000] {processor.py:830} INFO - Processing file /home/airflow/.local/lib/python3.11/site-packages/airflow/example_dags/example_params_trigger_ui.py for tasks to queue
[2024-03-06T13:49:40.816+0000] {logging_mixin.py:188} INFO - [2024-03-06T13:49:40.815+0000] {dagbag.py:540} INFO - Filling up the DagBag from /home/airflow/.local/lib/python3.11/site-packages/airflow/example_dags/example_params_trigger_ui.py
[2024-03-06T13:49:40.835+0000] {processor.py:840} INFO - DAG(s) 'example_params_trigger_ui' retrieved from /home/airflow/.local/lib/python3.11/site-packages/airflow/example_dags/example_params_trigger_ui.py
[2024-03-06T13:49:40.878+0000] {logging_mixin.py:188} INFO - [2024-03-06T13:49:40.877+0000] {dag.py:3047} INFO - Sync 1 DAGs
[2024-03-06T13:49:40.893+0000] {logging_mixin.py:188} INFO - [2024-03-06T13:49:40.892+0000] {dag.py:3834} INFO - Setting next_dagrun for example_params_trigger_ui to None, run_after=None
[2024-03-06T13:49:40.913+0000] {processor.py:183} INFO - Processing /home/airflow/.local/lib/python3.11/site-packages/airflow/example_dags/example_params_trigger_ui.py took 0.111 seconds
[2024-03-06T13:50:11.735+0000] {processor.py:161} INFO - Started process (PID=2910) to work on /home/airflow/.local/lib/python3.11/site-packages/airflow/example_dags/example_params_trigger_ui.py
[2024-03-06T13:50:11.738+0000] {processor.py:830} INFO - Processing file /home/airflow/.local/lib/python3.11/site-packages/airflow/example_dags/example_params_trigger_ui.py for tasks to queue
[2024-03-06T13:50:11.739+0000] {logging_mixin.py:188} INFO - [2024-03-06T13:50:11.738+0000] {dagbag.py:540} INFO - Filling up the DagBag from /home/airflow/.local/lib/python3.11/site-packages/airflow/example_dags/example_params_trigger_ui.py
[2024-03-06T13:50:11.758+0000] {processor.py:840} INFO - DAG(s) 'example_params_trigger_ui' retrieved from /home/airflow/.local/lib/python3.11/site-packages/airflow/example_dags/example_params_trigger_ui.py
[2024-03-06T13:50:11.800+0000] {logging_mixin.py:188} INFO - [2024-03-06T13:50:11.800+0000] {dag.py:3047} INFO - Sync 1 DAGs
[2024-03-06T13:50:11.813+0000] {logging_mixin.py:188} INFO - [2024-03-06T13:50:11.813+0000] {dag.py:3834} INFO - Setting next_dagrun for example_params_trigger_ui to None, run_after=None
[2024-03-06T13:50:11.834+0000] {processor.py:183} INFO - Processing /home/airflow/.local/lib/python3.11/site-packages/airflow/example_dags/example_params_trigger_ui.py took 0.102 seconds
[2024-03-06T13:50:42.419+0000] {processor.py:161} INFO - Started process (PID=3155) to work on /home/airflow/.local/lib/python3.11/site-packages/airflow/example_dags/example_params_trigger_ui.py
[2024-03-06T13:50:42.420+0000] {processor.py:830} INFO - Processing file /home/airflow/.local/lib/python3.11/site-packages/airflow/example_dags/example_params_trigger_ui.py for tasks to queue
[2024-03-06T13:50:42.422+0000] {logging_mixin.py:188} INFO - [2024-03-06T13:50:42.421+0000] {dagbag.py:540} INFO - Filling up the DagBag from /home/airflow/.local/lib/python3.11/site-packages/airflow/example_dags/example_params_trigger_ui.py
[2024-03-06T13:50:42.438+0000] {processor.py:840} INFO - DAG(s) 'example_params_trigger_ui' retrieved from /home/airflow/.local/lib/python3.11/site-packages/airflow/example_dags/example_params_trigger_ui.py
[2024-03-06T13:50:42.482+0000] {logging_mixin.py:188} INFO - [2024-03-06T13:50:42.481+0000] {dag.py:3047} INFO - Sync 1 DAGs
[2024-03-06T13:50:42.493+0000] {logging_mixin.py:188} INFO - [2024-03-06T13:50:42.493+0000] {dag.py:3834} INFO - Setting next_dagrun for example_params_trigger_ui to None, run_after=None
[2024-03-06T13:50:42.512+0000] {processor.py:183} INFO - Processing /home/airflow/.local/lib/python3.11/site-packages/airflow/example_dags/example_params_trigger_ui.py took 0.096 seconds
[2024-03-06T13:51:12.877+0000] {processor.py:161} INFO - Started process (PID=3402) to work on /home/airflow/.local/lib/python3.11/site-packages/airflow/example_dags/example_params_trigger_ui.py
[2024-03-06T13:51:12.879+0000] {processor.py:830} INFO - Processing file /home/airflow/.local/lib/python3.11/site-packages/airflow/example_dags/example_params_trigger_ui.py for tasks to queue
[2024-03-06T13:51:12.880+0000] {logging_mixin.py:188} INFO - [2024-03-06T13:51:12.879+0000] {dagbag.py:540} INFO - Filling up the DagBag from /home/airflow/.local/lib/python3.11/site-packages/airflow/example_dags/example_params_trigger_ui.py
[2024-03-06T13:51:12.894+0000] {processor.py:840} INFO - DAG(s) 'example_params_trigger_ui' retrieved from /home/airflow/.local/lib/python3.11/site-packages/airflow/example_dags/example_params_trigger_ui.py
[2024-03-06T13:51:12.933+0000] {logging_mixin.py:188} INFO - [2024-03-06T13:51:12.933+0000] {dag.py:3047} INFO - Sync 1 DAGs
[2024-03-06T13:51:12.946+0000] {logging_mixin.py:188} INFO - [2024-03-06T13:51:12.946+0000] {dag.py:3834} INFO - Setting next_dagrun for example_params_trigger_ui to None, run_after=None
[2024-03-06T13:51:12.966+0000] {processor.py:183} INFO - Processing /home/airflow/.local/lib/python3.11/site-packages/airflow/example_dags/example_params_trigger_ui.py took 0.092 seconds
[2024-03-06T13:51:43.348+0000] {processor.py:161} INFO - Started process (PID=3649) to work on /home/airflow/.local/lib/python3.11/site-packages/airflow/example_dags/example_params_trigger_ui.py
[2024-03-06T13:51:43.349+0000] {processor.py:830} INFO - Processing file /home/airflow/.local/lib/python3.11/site-packages/airflow/example_dags/example_params_trigger_ui.py for tasks to queue
[2024-03-06T13:51:43.350+0000] {logging_mixin.py:188} INFO - [2024-03-06T13:51:43.349+0000] {dagbag.py:540} INFO - Filling up the DagBag from /home/airflow/.local/lib/python3.11/site-packages/airflow/example_dags/example_params_trigger_ui.py
[2024-03-06T13:51:43.362+0000] {processor.py:840} INFO - DAG(s) 'example_params_trigger_ui' retrieved from /home/airflow/.local/lib/python3.11/site-packages/airflow/example_dags/example_params_trigger_ui.py
[2024-03-06T13:51:43.395+0000] {logging_mixin.py:188} INFO - [2024-03-06T13:51:43.395+0000] {dag.py:3047} INFO - Sync 1 DAGs
[2024-03-06T13:51:43.407+0000] {logging_mixin.py:188} INFO - [2024-03-06T13:51:43.407+0000] {dag.py:3834} INFO - Setting next_dagrun for example_params_trigger_ui to None, run_after=None
[2024-03-06T13:51:43.427+0000] {processor.py:183} INFO - Processing /home/airflow/.local/lib/python3.11/site-packages/airflow/example_dags/example_params_trigger_ui.py took 0.081 seconds
[2024-03-06T13:52:13.829+0000] {processor.py:161} INFO - Started process (PID=3896) to work on /home/airflow/.local/lib/python3.11/site-packages/airflow/example_dags/example_params_trigger_ui.py
[2024-03-06T13:52:13.830+0000] {processor.py:830} INFO - Processing file /home/airflow/.local/lib/python3.11/site-packages/airflow/example_dags/example_params_trigger_ui.py for tasks to queue
[2024-03-06T13:52:13.832+0000] {logging_mixin.py:188} INFO - [2024-03-06T13:52:13.831+0000] {dagbag.py:540} INFO - Filling up the DagBag from /home/airflow/.local/lib/python3.11/site-packages/airflow/example_dags/example_params_trigger_ui.py
[2024-03-06T13:52:13.848+0000] {processor.py:840} INFO - DAG(s) 'example_params_trigger_ui' retrieved from /home/airflow/.local/lib/python3.11/site-packages/airflow/example_dags/example_params_trigger_ui.py
[2024-03-06T13:52:13.897+0000] {logging_mixin.py:188} INFO - [2024-03-06T13:52:13.897+0000] {dag.py:3047} INFO - Sync 1 DAGs
[2024-03-06T13:52:13.911+0000] {logging_mixin.py:188} INFO - [2024-03-06T13:52:13.911+0000] {dag.py:3834} INFO - Setting next_dagrun for example_params_trigger_ui to None, run_after=None
[2024-03-06T13:52:13.935+0000] {processor.py:183} INFO - Processing /home/airflow/.local/lib/python3.11/site-packages/airflow/example_dags/example_params_trigger_ui.py took 0.109 seconds
[2024-03-06T13:52:44.405+0000] {processor.py:161} INFO - Started process (PID=4145) to work on /home/airflow/.local/lib/python3.11/site-packages/airflow/example_dags/example_params_trigger_ui.py
[2024-03-06T13:52:44.406+0000] {processor.py:830} INFO - Processing file /home/airflow/.local/lib/python3.11/site-packages/airflow/example_dags/example_params_trigger_ui.py for tasks to queue
[2024-03-06T13:52:44.407+0000] {logging_mixin.py:188} INFO - [2024-03-06T13:52:44.407+0000] {dagbag.py:540} INFO - Filling up the DagBag from /home/airflow/.local/lib/python3.11/site-packages/airflow/example_dags/example_params_trigger_ui.py
[2024-03-06T13:52:44.422+0000] {processor.py:840} INFO - DAG(s) 'example_params_trigger_ui' retrieved from /home/airflow/.local/lib/python3.11/site-packages/airflow/example_dags/example_params_trigger_ui.py
[2024-03-06T13:52:44.470+0000] {logging_mixin.py:188} INFO - [2024-03-06T13:52:44.469+0000] {dag.py:3047} INFO - Sync 1 DAGs
[2024-03-06T13:52:44.484+0000] {logging_mixin.py:188} INFO - [2024-03-06T13:52:44.484+0000] {dag.py:3834} INFO - Setting next_dagrun for example_params_trigger_ui to None, run_after=None
[2024-03-06T13:52:44.503+0000] {processor.py:183} INFO - Processing /home/airflow/.local/lib/python3.11/site-packages/airflow/example_dags/example_params_trigger_ui.py took 0.102 seconds
[2024-03-06T13:53:15.297+0000] {processor.py:161} INFO - Started process (PID=4389) to work on /home/airflow/.local/lib/python3.11/site-packages/airflow/example_dags/example_params_trigger_ui.py
[2024-03-06T13:53:15.311+0000] {processor.py:830} INFO - Processing file /home/airflow/.local/lib/python3.11/site-packages/airflow/example_dags/example_params_trigger_ui.py for tasks to queue
[2024-03-06T13:53:15.324+0000] {logging_mixin.py:188} INFO - [2024-03-06T13:53:15.324+0000] {dagbag.py:540} INFO - Filling up the DagBag from /home/airflow/.local/lib/python3.11/site-packages/airflow/example_dags/example_params_trigger_ui.py
[2024-03-06T13:53:15.354+0000] {processor.py:840} INFO - DAG(s) 'example_params_trigger_ui' retrieved from /home/airflow/.local/lib/python3.11/site-packages/airflow/example_dags/example_params_trigger_ui.py
[2024-03-06T13:53:15.439+0000] {logging_mixin.py:188} INFO - [2024-03-06T13:53:15.439+0000] {dag.py:3047} INFO - Sync 1 DAGs
[2024-03-06T13:53:15.460+0000] {logging_mixin.py:188} INFO - [2024-03-06T13:53:15.459+0000] {dag.py:3834} INFO - Setting next_dagrun for example_params_trigger_ui to None, run_after=None
[2024-03-06T13:53:15.483+0000] {processor.py:183} INFO - Processing /home/airflow/.local/lib/python3.11/site-packages/airflow/example_dags/example_params_trigger_ui.py took 0.191 seconds
[2024-03-06T13:53:45.834+0000] {processor.py:161} INFO - Started process (PID=4638) to work on /home/airflow/.local/lib/python3.11/site-packages/airflow/example_dags/example_params_trigger_ui.py
[2024-03-06T13:53:45.836+0000] {processor.py:830} INFO - Processing file /home/airflow/.local/lib/python3.11/site-packages/airflow/example_dags/example_params_trigger_ui.py for tasks to queue
[2024-03-06T13:53:45.837+0000] {logging_mixin.py:188} INFO - [2024-03-06T13:53:45.837+0000] {dagbag.py:540} INFO - Filling up the DagBag from /home/airflow/.local/lib/python3.11/site-packages/airflow/example_dags/example_params_trigger_ui.py
[2024-03-06T13:53:45.857+0000] {processor.py:840} INFO - DAG(s) 'example_params_trigger_ui' retrieved from /home/airflow/.local/lib/python3.11/site-packages/airflow/example_dags/example_params_trigger_ui.py
[2024-03-06T13:53:45.901+0000] {logging_mixin.py:188} INFO - [2024-03-06T13:53:45.900+0000] {dag.py:3047} INFO - Sync 1 DAGs
[2024-03-06T13:53:45.915+0000] {logging_mixin.py:188} INFO - [2024-03-06T13:53:45.914+0000] {dag.py:3834} INFO - Setting next_dagrun for example_params_trigger_ui to None, run_after=None
[2024-03-06T13:53:45.935+0000] {processor.py:183} INFO - Processing /home/airflow/.local/lib/python3.11/site-packages/airflow/example_dags/example_params_trigger_ui.py took 0.105 seconds
[2024-03-06T13:54:16.055+0000] {processor.py:161} INFO - Started process (PID=4885) to work on /home/airflow/.local/lib/python3.11/site-packages/airflow/example_dags/example_params_trigger_ui.py
[2024-03-06T13:54:16.057+0000] {processor.py:830} INFO - Processing file /home/airflow/.local/lib/python3.11/site-packages/airflow/example_dags/example_params_trigger_ui.py for tasks to queue
[2024-03-06T13:54:16.060+0000] {logging_mixin.py:188} INFO - [2024-03-06T13:54:16.059+0000] {dagbag.py:540} INFO - Filling up the DagBag from /home/airflow/.local/lib/python3.11/site-packages/airflow/example_dags/example_params_trigger_ui.py
[2024-03-06T13:54:16.079+0000] {processor.py:840} INFO - DAG(s) 'example_params_trigger_ui' retrieved from /home/airflow/.local/lib/python3.11/site-packages/airflow/example_dags/example_params_trigger_ui.py
[2024-03-06T13:54:16.115+0000] {logging_mixin.py:188} INFO - [2024-03-06T13:54:16.115+0000] {dag.py:3047} INFO - Sync 1 DAGs
[2024-03-06T13:54:16.127+0000] {logging_mixin.py:188} INFO - [2024-03-06T13:54:16.127+0000] {dag.py:3834} INFO - Setting next_dagrun for example_params_trigger_ui to None, run_after=None
[2024-03-06T13:54:16.148+0000] {processor.py:183} INFO - Processing /home/airflow/.local/lib/python3.11/site-packages/airflow/example_dags/example_params_trigger_ui.py took 0.097 seconds
[2024-03-06T13:54:46.431+0000] {processor.py:161} INFO - Started process (PID=5130) to work on /home/airflow/.local/lib/python3.11/site-packages/airflow/example_dags/example_params_trigger_ui.py
[2024-03-06T13:54:46.432+0000] {processor.py:830} INFO - Processing file /home/airflow/.local/lib/python3.11/site-packages/airflow/example_dags/example_params_trigger_ui.py for tasks to queue
[2024-03-06T13:54:46.434+0000] {logging_mixin.py:188} INFO - [2024-03-06T13:54:46.433+0000] {dagbag.py:540} INFO - Filling up the DagBag from /home/airflow/.local/lib/python3.11/site-packages/airflow/example_dags/example_params_trigger_ui.py
[2024-03-06T13:54:46.447+0000] {processor.py:840} INFO - DAG(s) 'example_params_trigger_ui' retrieved from /home/airflow/.local/lib/python3.11/site-packages/airflow/example_dags/example_params_trigger_ui.py
[2024-03-06T13:54:46.484+0000] {logging_mixin.py:188} INFO - [2024-03-06T13:54:46.483+0000] {dag.py:3047} INFO - Sync 1 DAGs
[2024-03-06T13:54:46.497+0000] {logging_mixin.py:188} INFO - [2024-03-06T13:54:46.497+0000] {dag.py:3834} INFO - Setting next_dagrun for example_params_trigger_ui to None, run_after=None
[2024-03-06T13:54:46.517+0000] {processor.py:183} INFO - Processing /home/airflow/.local/lib/python3.11/site-packages/airflow/example_dags/example_params_trigger_ui.py took 0.090 seconds
[2024-03-06T13:55:17.527+0000] {processor.py:161} INFO - Started process (PID=5377) to work on /home/airflow/.local/lib/python3.11/site-packages/airflow/example_dags/example_params_trigger_ui.py
[2024-03-06T13:55:17.530+0000] {processor.py:830} INFO - Processing file /home/airflow/.local/lib/python3.11/site-packages/airflow/example_dags/example_params_trigger_ui.py for tasks to queue
[2024-03-06T13:55:17.532+0000] {logging_mixin.py:188} INFO - [2024-03-06T13:55:17.531+0000] {dagbag.py:540} INFO - Filling up the DagBag from /home/airflow/.local/lib/python3.11/site-packages/airflow/example_dags/example_params_trigger_ui.py
[2024-03-06T13:55:17.561+0000] {processor.py:840} INFO - DAG(s) 'example_params_trigger_ui' retrieved from /home/airflow/.local/lib/python3.11/site-packages/airflow/example_dags/example_params_trigger_ui.py
[2024-03-06T13:55:17.652+0000] {logging_mixin.py:188} INFO - [2024-03-06T13:55:17.651+0000] {dag.py:3047} INFO - Sync 1 DAGs
[2024-03-06T13:55:17.677+0000] {logging_mixin.py:188} INFO - [2024-03-06T13:55:17.676+0000] {dag.py:3834} INFO - Setting next_dagrun for example_params_trigger_ui to None, run_after=None
[2024-03-06T13:55:17.725+0000] {processor.py:183} INFO - Processing /home/airflow/.local/lib/python3.11/site-packages/airflow/example_dags/example_params_trigger_ui.py took 0.208 seconds
[2024-03-06T13:55:47.859+0000] {processor.py:161} INFO - Started process (PID=5626) to work on /home/airflow/.local/lib/python3.11/site-packages/airflow/example_dags/example_params_trigger_ui.py
[2024-03-06T13:55:47.862+0000] {processor.py:830} INFO - Processing file /home/airflow/.local/lib/python3.11/site-packages/airflow/example_dags/example_params_trigger_ui.py for tasks to queue
[2024-03-06T13:55:47.865+0000] {logging_mixin.py:188} INFO - [2024-03-06T13:55:47.864+0000] {dagbag.py:540} INFO - Filling up the DagBag from /home/airflow/.local/lib/python3.11/site-packages/airflow/example_dags/example_params_trigger_ui.py
[2024-03-06T13:55:47.896+0000] {processor.py:840} INFO - DAG(s) 'example_params_trigger_ui' retrieved from /home/airflow/.local/lib/python3.11/site-packages/airflow/example_dags/example_params_trigger_ui.py
[2024-03-06T13:55:47.953+0000] {logging_mixin.py:188} INFO - [2024-03-06T13:55:47.953+0000] {dag.py:3047} INFO - Sync 1 DAGs
[2024-03-06T13:55:47.975+0000] {logging_mixin.py:188} INFO - [2024-03-06T13:55:47.974+0000] {dag.py:3834} INFO - Setting next_dagrun for example_params_trigger_ui to None, run_after=None
[2024-03-06T13:55:48.016+0000] {processor.py:183} INFO - Processing /home/airflow/.local/lib/python3.11/site-packages/airflow/example_dags/example_params_trigger_ui.py took 0.164 seconds
[2024-03-06T13:56:18.287+0000] {processor.py:161} INFO - Started process (PID=5872) to work on /home/airflow/.local/lib/python3.11/site-packages/airflow/example_dags/example_params_trigger_ui.py
[2024-03-06T13:56:18.288+0000] {processor.py:830} INFO - Processing file /home/airflow/.local/lib/python3.11/site-packages/airflow/example_dags/example_params_trigger_ui.py for tasks to queue
[2024-03-06T13:56:18.290+0000] {logging_mixin.py:188} INFO - [2024-03-06T13:56:18.289+0000] {dagbag.py:540} INFO - Filling up the DagBag from /home/airflow/.local/lib/python3.11/site-packages/airflow/example_dags/example_params_trigger_ui.py
[2024-03-06T13:56:18.303+0000] {processor.py:840} INFO - DAG(s) 'example_params_trigger_ui' retrieved from /home/airflow/.local/lib/python3.11/site-packages/airflow/example_dags/example_params_trigger_ui.py
[2024-03-06T13:56:18.336+0000] {logging_mixin.py:188} INFO - [2024-03-06T13:56:18.336+0000] {dag.py:3047} INFO - Sync 1 DAGs
[2024-03-06T13:56:18.351+0000] {logging_mixin.py:188} INFO - [2024-03-06T13:56:18.350+0000] {dag.py:3834} INFO - Setting next_dagrun for example_params_trigger_ui to None, run_after=None
[2024-03-06T13:56:18.377+0000] {processor.py:183} INFO - Processing /home/airflow/.local/lib/python3.11/site-packages/airflow/example_dags/example_params_trigger_ui.py took 0.093 seconds
[2024-03-06T13:56:48.655+0000] {processor.py:161} INFO - Started process (PID=6116) to work on /home/airflow/.local/lib/python3.11/site-packages/airflow/example_dags/example_params_trigger_ui.py
[2024-03-06T13:56:48.657+0000] {processor.py:830} INFO - Processing file /home/airflow/.local/lib/python3.11/site-packages/airflow/example_dags/example_params_trigger_ui.py for tasks to queue
[2024-03-06T13:56:48.659+0000] {logging_mixin.py:188} INFO - [2024-03-06T13:56:48.658+0000] {dagbag.py:540} INFO - Filling up the DagBag from /home/airflow/.local/lib/python3.11/site-packages/airflow/example_dags/example_params_trigger_ui.py
[2024-03-06T13:56:48.682+0000] {processor.py:840} INFO - DAG(s) 'example_params_trigger_ui' retrieved from /home/airflow/.local/lib/python3.11/site-packages/airflow/example_dags/example_params_trigger_ui.py
[2024-03-06T13:56:48.761+0000] {logging_mixin.py:188} INFO - [2024-03-06T13:56:48.761+0000] {dag.py:3047} INFO - Sync 1 DAGs
[2024-03-06T13:56:48.781+0000] {logging_mixin.py:188} INFO - [2024-03-06T13:56:48.781+0000] {dag.py:3834} INFO - Setting next_dagrun for example_params_trigger_ui to None, run_after=None
[2024-03-06T13:56:48.806+0000] {processor.py:183} INFO - Processing /home/airflow/.local/lib/python3.11/site-packages/airflow/example_dags/example_params_trigger_ui.py took 0.155 seconds
[2024-03-06T13:57:18.967+0000] {processor.py:161} INFO - Started process (PID=6365) to work on /home/airflow/.local/lib/python3.11/site-packages/airflow/example_dags/example_params_trigger_ui.py
[2024-03-06T13:57:18.968+0000] {processor.py:830} INFO - Processing file /home/airflow/.local/lib/python3.11/site-packages/airflow/example_dags/example_params_trigger_ui.py for tasks to queue
[2024-03-06T13:57:18.969+0000] {logging_mixin.py:188} INFO - [2024-03-06T13:57:18.969+0000] {dagbag.py:540} INFO - Filling up the DagBag from /home/airflow/.local/lib/python3.11/site-packages/airflow/example_dags/example_params_trigger_ui.py
[2024-03-06T13:57:18.984+0000] {processor.py:840} INFO - DAG(s) 'example_params_trigger_ui' retrieved from /home/airflow/.local/lib/python3.11/site-packages/airflow/example_dags/example_params_trigger_ui.py
[2024-03-06T13:57:19.021+0000] {logging_mixin.py:188} INFO - [2024-03-06T13:57:19.020+0000] {dag.py:3047} INFO - Sync 1 DAGs
[2024-03-06T13:57:19.043+0000] {logging_mixin.py:188} INFO - [2024-03-06T13:57:19.043+0000] {dag.py:3834} INFO - Setting next_dagrun for example_params_trigger_ui to None, run_after=None
[2024-03-06T13:57:19.066+0000] {processor.py:183} INFO - Processing /home/airflow/.local/lib/python3.11/site-packages/airflow/example_dags/example_params_trigger_ui.py took 0.103 seconds
[2024-03-06T13:57:49.142+0000] {processor.py:161} INFO - Started process (PID=6610) to work on /home/airflow/.local/lib/python3.11/site-packages/airflow/example_dags/example_params_trigger_ui.py
[2024-03-06T13:57:49.143+0000] {processor.py:830} INFO - Processing file /home/airflow/.local/lib/python3.11/site-packages/airflow/example_dags/example_params_trigger_ui.py for tasks to queue
[2024-03-06T13:57:49.144+0000] {logging_mixin.py:188} INFO - [2024-03-06T13:57:49.144+0000] {dagbag.py:540} INFO - Filling up the DagBag from /home/airflow/.local/lib/python3.11/site-packages/airflow/example_dags/example_params_trigger_ui.py
[2024-03-06T13:57:49.160+0000] {processor.py:840} INFO - DAG(s) 'example_params_trigger_ui' retrieved from /home/airflow/.local/lib/python3.11/site-packages/airflow/example_dags/example_params_trigger_ui.py
[2024-03-06T13:57:49.221+0000] {logging_mixin.py:188} INFO - [2024-03-06T13:57:49.220+0000] {dag.py:3047} INFO - Sync 1 DAGs
[2024-03-06T13:57:49.236+0000] {logging_mixin.py:188} INFO - [2024-03-06T13:57:49.236+0000] {dag.py:3834} INFO - Setting next_dagrun for example_params_trigger_ui to None, run_after=None
[2024-03-06T13:57:49.261+0000] {processor.py:183} INFO - Processing /home/airflow/.local/lib/python3.11/site-packages/airflow/example_dags/example_params_trigger_ui.py took 0.123 seconds
[2024-03-06T13:58:20.077+0000] {processor.py:161} INFO - Started process (PID=6856) to work on /home/airflow/.local/lib/python3.11/site-packages/airflow/example_dags/example_params_trigger_ui.py
[2024-03-06T13:58:20.079+0000] {processor.py:830} INFO - Processing file /home/airflow/.local/lib/python3.11/site-packages/airflow/example_dags/example_params_trigger_ui.py for tasks to queue
[2024-03-06T13:58:20.081+0000] {logging_mixin.py:188} INFO - [2024-03-06T13:58:20.080+0000] {dagbag.py:540} INFO - Filling up the DagBag from /home/airflow/.local/lib/python3.11/site-packages/airflow/example_dags/example_params_trigger_ui.py
[2024-03-06T13:58:20.103+0000] {processor.py:840} INFO - DAG(s) 'example_params_trigger_ui' retrieved from /home/airflow/.local/lib/python3.11/site-packages/airflow/example_dags/example_params_trigger_ui.py
[2024-03-06T13:58:20.157+0000] {logging_mixin.py:188} INFO - [2024-03-06T13:58:20.157+0000] {dag.py:3047} INFO - Sync 1 DAGs
[2024-03-06T13:58:20.176+0000] {logging_mixin.py:188} INFO - [2024-03-06T13:58:20.175+0000] {dag.py:3834} INFO - Setting next_dagrun for example_params_trigger_ui to None, run_after=None
[2024-03-06T13:58:20.201+0000] {processor.py:183} INFO - Processing /home/airflow/.local/lib/python3.11/site-packages/airflow/example_dags/example_params_trigger_ui.py took 0.130 seconds
[2024-03-06T13:58:51.388+0000] {processor.py:161} INFO - Started process (PID=7102) to work on /home/airflow/.local/lib/python3.11/site-packages/airflow/example_dags/example_params_trigger_ui.py
[2024-03-06T13:58:51.390+0000] {processor.py:830} INFO - Processing file /home/airflow/.local/lib/python3.11/site-packages/airflow/example_dags/example_params_trigger_ui.py for tasks to queue
[2024-03-06T13:58:51.392+0000] {logging_mixin.py:188} INFO - [2024-03-06T13:58:51.391+0000] {dagbag.py:540} INFO - Filling up the DagBag from /home/airflow/.local/lib/python3.11/site-packages/airflow/example_dags/example_params_trigger_ui.py
[2024-03-06T13:58:51.435+0000] {processor.py:840} INFO - DAG(s) 'example_params_trigger_ui' retrieved from /home/airflow/.local/lib/python3.11/site-packages/airflow/example_dags/example_params_trigger_ui.py
[2024-03-06T13:58:51.524+0000] {logging_mixin.py:188} INFO - [2024-03-06T13:58:51.523+0000] {dag.py:3047} INFO - Sync 1 DAGs
[2024-03-06T13:58:51.550+0000] {logging_mixin.py:188} INFO - [2024-03-06T13:58:51.550+0000] {dag.py:3834} INFO - Setting next_dagrun for example_params_trigger_ui to None, run_after=None
[2024-03-06T13:58:51.616+0000] {processor.py:183} INFO - Processing /home/airflow/.local/lib/python3.11/site-packages/airflow/example_dags/example_params_trigger_ui.py took 0.235 seconds
[2024-03-06T13:59:21.738+0000] {processor.py:161} INFO - Started process (PID=7351) to work on /home/airflow/.local/lib/python3.11/site-packages/airflow/example_dags/example_params_trigger_ui.py
[2024-03-06T13:59:21.740+0000] {processor.py:830} INFO - Processing file /home/airflow/.local/lib/python3.11/site-packages/airflow/example_dags/example_params_trigger_ui.py for tasks to queue
[2024-03-06T13:59:21.743+0000] {logging_mixin.py:188} INFO - [2024-03-06T13:59:21.741+0000] {dagbag.py:540} INFO - Filling up the DagBag from /home/airflow/.local/lib/python3.11/site-packages/airflow/example_dags/example_params_trigger_ui.py
[2024-03-06T13:59:21.762+0000] {processor.py:840} INFO - DAG(s) 'example_params_trigger_ui' retrieved from /home/airflow/.local/lib/python3.11/site-packages/airflow/example_dags/example_params_trigger_ui.py
[2024-03-06T13:59:21.816+0000] {logging_mixin.py:188} INFO - [2024-03-06T13:59:21.816+0000] {dag.py:3047} INFO - Sync 1 DAGs
[2024-03-06T13:59:21.832+0000] {logging_mixin.py:188} INFO - [2024-03-06T13:59:21.832+0000] {dag.py:3834} INFO - Setting next_dagrun for example_params_trigger_ui to None, run_after=None
[2024-03-06T13:59:21.861+0000] {processor.py:183} INFO - Processing /home/airflow/.local/lib/python3.11/site-packages/airflow/example_dags/example_params_trigger_ui.py took 0.126 seconds
[2024-03-06T13:59:51.908+0000] {processor.py:161} INFO - Started process (PID=7596) to work on /home/airflow/.local/lib/python3.11/site-packages/airflow/example_dags/example_params_trigger_ui.py
[2024-03-06T13:59:51.912+0000] {processor.py:830} INFO - Processing file /home/airflow/.local/lib/python3.11/site-packages/airflow/example_dags/example_params_trigger_ui.py for tasks to queue
[2024-03-06T13:59:51.914+0000] {logging_mixin.py:188} INFO - [2024-03-06T13:59:51.913+0000] {dagbag.py:540} INFO - Filling up the DagBag from /home/airflow/.local/lib/python3.11/site-packages/airflow/example_dags/example_params_trigger_ui.py
[2024-03-06T13:59:51.939+0000] {processor.py:840} INFO - DAG(s) 'example_params_trigger_ui' retrieved from /home/airflow/.local/lib/python3.11/site-packages/airflow/example_dags/example_params_trigger_ui.py
[2024-03-06T13:59:52.000+0000] {logging_mixin.py:188} INFO - [2024-03-06T13:59:52.000+0000] {dag.py:3047} INFO - Sync 1 DAGs
[2024-03-06T13:59:52.020+0000] {logging_mixin.py:188} INFO - [2024-03-06T13:59:52.020+0000] {dag.py:3834} INFO - Setting next_dagrun for example_params_trigger_ui to None, run_after=None
[2024-03-06T13:59:52.046+0000] {processor.py:183} INFO - Processing /home/airflow/.local/lib/python3.11/site-packages/airflow/example_dags/example_params_trigger_ui.py took 0.145 seconds
[2024-03-06T14:00:22.605+0000] {processor.py:161} INFO - Started process (PID=7844) to work on /home/airflow/.local/lib/python3.11/site-packages/airflow/example_dags/example_params_trigger_ui.py
[2024-03-06T14:00:22.607+0000] {processor.py:830} INFO - Processing file /home/airflow/.local/lib/python3.11/site-packages/airflow/example_dags/example_params_trigger_ui.py for tasks to queue
[2024-03-06T14:00:22.609+0000] {logging_mixin.py:188} INFO - [2024-03-06T14:00:22.608+0000] {dagbag.py:540} INFO - Filling up the DagBag from /home/airflow/.local/lib/python3.11/site-packages/airflow/example_dags/example_params_trigger_ui.py
[2024-03-06T14:00:22.626+0000] {processor.py:840} INFO - DAG(s) 'example_params_trigger_ui' retrieved from /home/airflow/.local/lib/python3.11/site-packages/airflow/example_dags/example_params_trigger_ui.py
[2024-03-06T14:00:22.677+0000] {logging_mixin.py:188} INFO - [2024-03-06T14:00:22.677+0000] {dag.py:3047} INFO - Sync 1 DAGs
[2024-03-06T14:00:22.692+0000] {logging_mixin.py:188} INFO - [2024-03-06T14:00:22.692+0000] {dag.py:3834} INFO - Setting next_dagrun for example_params_trigger_ui to None, run_after=None
[2024-03-06T14:00:22.713+0000] {processor.py:183} INFO - Processing /home/airflow/.local/lib/python3.11/site-packages/airflow/example_dags/example_params_trigger_ui.py took 0.112 seconds
[2024-03-06T14:00:52.762+0000] {processor.py:161} INFO - Started process (PID=8089) to work on /home/airflow/.local/lib/python3.11/site-packages/airflow/example_dags/example_params_trigger_ui.py
[2024-03-06T14:00:52.764+0000] {processor.py:830} INFO - Processing file /home/airflow/.local/lib/python3.11/site-packages/airflow/example_dags/example_params_trigger_ui.py for tasks to queue
[2024-03-06T14:00:52.766+0000] {logging_mixin.py:188} INFO - [2024-03-06T14:00:52.765+0000] {dagbag.py:540} INFO - Filling up the DagBag from /home/airflow/.local/lib/python3.11/site-packages/airflow/example_dags/example_params_trigger_ui.py
[2024-03-06T14:00:52.782+0000] {processor.py:840} INFO - DAG(s) 'example_params_trigger_ui' retrieved from /home/airflow/.local/lib/python3.11/site-packages/airflow/example_dags/example_params_trigger_ui.py
[2024-03-06T14:00:52.827+0000] {logging_mixin.py:188} INFO - [2024-03-06T14:00:52.827+0000] {dag.py:3047} INFO - Sync 1 DAGs
[2024-03-06T14:00:52.846+0000] {logging_mixin.py:188} INFO - [2024-03-06T14:00:52.845+0000] {dag.py:3834} INFO - Setting next_dagrun for example_params_trigger_ui to None, run_after=None
[2024-03-06T14:00:52.869+0000] {processor.py:183} INFO - Processing /home/airflow/.local/lib/python3.11/site-packages/airflow/example_dags/example_params_trigger_ui.py took 0.110 seconds
[2024-03-06T14:01:23.520+0000] {processor.py:161} INFO - Started process (PID=8335) to work on /home/airflow/.local/lib/python3.11/site-packages/airflow/example_dags/example_params_trigger_ui.py
[2024-03-06T14:01:23.522+0000] {processor.py:830} INFO - Processing file /home/airflow/.local/lib/python3.11/site-packages/airflow/example_dags/example_params_trigger_ui.py for tasks to queue
[2024-03-06T14:01:23.523+0000] {logging_mixin.py:188} INFO - [2024-03-06T14:01:23.522+0000] {dagbag.py:540} INFO - Filling up the DagBag from /home/airflow/.local/lib/python3.11/site-packages/airflow/example_dags/example_params_trigger_ui.py
[2024-03-06T14:01:23.543+0000] {processor.py:840} INFO - DAG(s) 'example_params_trigger_ui' retrieved from /home/airflow/.local/lib/python3.11/site-packages/airflow/example_dags/example_params_trigger_ui.py
[2024-03-06T14:01:23.597+0000] {logging_mixin.py:188} INFO - [2024-03-06T14:01:23.597+0000] {dag.py:3047} INFO - Sync 1 DAGs
[2024-03-06T14:01:23.622+0000] {logging_mixin.py:188} INFO - [2024-03-06T14:01:23.622+0000] {dag.py:3834} INFO - Setting next_dagrun for example_params_trigger_ui to None, run_after=None
[2024-03-06T14:01:23.668+0000] {processor.py:183} INFO - Processing /home/airflow/.local/lib/python3.11/site-packages/airflow/example_dags/example_params_trigger_ui.py took 0.152 seconds
[2024-03-06T14:01:54.327+0000] {processor.py:161} INFO - Started process (PID=8584) to work on /home/airflow/.local/lib/python3.11/site-packages/airflow/example_dags/example_params_trigger_ui.py
[2024-03-06T14:01:54.339+0000] {processor.py:830} INFO - Processing file /home/airflow/.local/lib/python3.11/site-packages/airflow/example_dags/example_params_trigger_ui.py for tasks to queue
[2024-03-06T14:01:54.341+0000] {logging_mixin.py:188} INFO - [2024-03-06T14:01:54.341+0000] {dagbag.py:540} INFO - Filling up the DagBag from /home/airflow/.local/lib/python3.11/site-packages/airflow/example_dags/example_params_trigger_ui.py
[2024-03-06T14:01:54.379+0000] {processor.py:840} INFO - DAG(s) 'example_params_trigger_ui' retrieved from /home/airflow/.local/lib/python3.11/site-packages/airflow/example_dags/example_params_trigger_ui.py
[2024-03-06T14:01:54.522+0000] {logging_mixin.py:188} INFO - [2024-03-06T14:01:54.521+0000] {dag.py:3047} INFO - Sync 1 DAGs
[2024-03-06T14:01:54.572+0000] {logging_mixin.py:188} INFO - [2024-03-06T14:01:54.572+0000] {dag.py:3834} INFO - Setting next_dagrun for example_params_trigger_ui to None, run_after=None
[2024-03-06T14:01:54.630+0000] {processor.py:183} INFO - Processing /home/airflow/.local/lib/python3.11/site-packages/airflow/example_dags/example_params_trigger_ui.py took 0.308 seconds
[2024-03-06T14:02:25.305+0000] {processor.py:161} INFO - Started process (PID=8829) to work on /home/airflow/.local/lib/python3.11/site-packages/airflow/example_dags/example_params_trigger_ui.py
[2024-03-06T14:02:25.306+0000] {processor.py:830} INFO - Processing file /home/airflow/.local/lib/python3.11/site-packages/airflow/example_dags/example_params_trigger_ui.py for tasks to queue
[2024-03-06T14:02:25.309+0000] {logging_mixin.py:188} INFO - [2024-03-06T14:02:25.307+0000] {dagbag.py:540} INFO - Filling up the DagBag from /home/airflow/.local/lib/python3.11/site-packages/airflow/example_dags/example_params_trigger_ui.py
[2024-03-06T14:02:25.333+0000] {processor.py:840} INFO - DAG(s) 'example_params_trigger_ui' retrieved from /home/airflow/.local/lib/python3.11/site-packages/airflow/example_dags/example_params_trigger_ui.py
[2024-03-06T14:02:25.387+0000] {logging_mixin.py:188} INFO - [2024-03-06T14:02:25.387+0000] {dag.py:3047} INFO - Sync 1 DAGs
[2024-03-06T14:02:25.435+0000] {logging_mixin.py:188} INFO - [2024-03-06T14:02:25.435+0000] {dag.py:3834} INFO - Setting next_dagrun for example_params_trigger_ui to None, run_after=None
[2024-03-06T14:02:25.466+0000] {processor.py:183} INFO - Processing /home/airflow/.local/lib/python3.11/site-packages/airflow/example_dags/example_params_trigger_ui.py took 0.166 seconds
[2024-03-06T14:02:55.599+0000] {processor.py:161} INFO - Started process (PID=9078) to work on /home/airflow/.local/lib/python3.11/site-packages/airflow/example_dags/example_params_trigger_ui.py
[2024-03-06T14:02:55.602+0000] {processor.py:830} INFO - Processing file /home/airflow/.local/lib/python3.11/site-packages/airflow/example_dags/example_params_trigger_ui.py for tasks to queue
[2024-03-06T14:02:55.606+0000] {logging_mixin.py:188} INFO - [2024-03-06T14:02:55.605+0000] {dagbag.py:540} INFO - Filling up the DagBag from /home/airflow/.local/lib/python3.11/site-packages/airflow/example_dags/example_params_trigger_ui.py
[2024-03-06T14:02:55.629+0000] {processor.py:840} INFO - DAG(s) 'example_params_trigger_ui' retrieved from /home/airflow/.local/lib/python3.11/site-packages/airflow/example_dags/example_params_trigger_ui.py
[2024-03-06T14:02:55.701+0000] {logging_mixin.py:188} INFO - [2024-03-06T14:02:55.698+0000] {dag.py:3047} INFO - Sync 1 DAGs
[2024-03-06T14:02:55.720+0000] {logging_mixin.py:188} INFO - [2024-03-06T14:02:55.720+0000] {dag.py:3834} INFO - Setting next_dagrun for example_params_trigger_ui to None, run_after=None
[2024-03-06T14:02:55.757+0000] {processor.py:183} INFO - Processing /home/airflow/.local/lib/python3.11/site-packages/airflow/example_dags/example_params_trigger_ui.py took 0.164 seconds
[2024-03-06T14:03:26.769+0000] {processor.py:161} INFO - Started process (PID=9331) to work on /home/airflow/.local/lib/python3.11/site-packages/airflow/example_dags/example_params_trigger_ui.py
[2024-03-06T14:03:26.770+0000] {processor.py:830} INFO - Processing file /home/airflow/.local/lib/python3.11/site-packages/airflow/example_dags/example_params_trigger_ui.py for tasks to queue
[2024-03-06T14:03:26.773+0000] {logging_mixin.py:188} INFO - [2024-03-06T14:03:26.772+0000] {dagbag.py:540} INFO - Filling up the DagBag from /home/airflow/.local/lib/python3.11/site-packages/airflow/example_dags/example_params_trigger_ui.py
[2024-03-06T14:03:26.790+0000] {processor.py:840} INFO - DAG(s) 'example_params_trigger_ui' retrieved from /home/airflow/.local/lib/python3.11/site-packages/airflow/example_dags/example_params_trigger_ui.py
[2024-03-06T14:03:26.829+0000] {logging_mixin.py:188} INFO - [2024-03-06T14:03:26.829+0000] {dag.py:3047} INFO - Sync 1 DAGs
[2024-03-06T14:03:26.848+0000] {logging_mixin.py:188} INFO - [2024-03-06T14:03:26.848+0000] {dag.py:3834} INFO - Setting next_dagrun for example_params_trigger_ui to None, run_after=None
[2024-03-06T14:03:26.871+0000] {processor.py:183} INFO - Processing /home/airflow/.local/lib/python3.11/site-packages/airflow/example_dags/example_params_trigger_ui.py took 0.105 seconds
[2024-03-06T14:03:57.299+0000] {processor.py:161} INFO - Started process (PID=9578) to work on /home/airflow/.local/lib/python3.11/site-packages/airflow/example_dags/example_params_trigger_ui.py
[2024-03-06T14:03:57.306+0000] {processor.py:830} INFO - Processing file /home/airflow/.local/lib/python3.11/site-packages/airflow/example_dags/example_params_trigger_ui.py for tasks to queue
[2024-03-06T14:03:57.307+0000] {logging_mixin.py:188} INFO - [2024-03-06T14:03:57.307+0000] {dagbag.py:540} INFO - Filling up the DagBag from /home/airflow/.local/lib/python3.11/site-packages/airflow/example_dags/example_params_trigger_ui.py
[2024-03-06T14:03:57.321+0000] {processor.py:840} INFO - DAG(s) 'example_params_trigger_ui' retrieved from /home/airflow/.local/lib/python3.11/site-packages/airflow/example_dags/example_params_trigger_ui.py
[2024-03-06T14:03:57.357+0000] {logging_mixin.py:188} INFO - [2024-03-06T14:03:57.356+0000] {dag.py:3047} INFO - Sync 1 DAGs
[2024-03-06T14:03:57.369+0000] {logging_mixin.py:188} INFO - [2024-03-06T14:03:57.369+0000] {dag.py:3834} INFO - Setting next_dagrun for example_params_trigger_ui to None, run_after=None
[2024-03-06T14:03:57.389+0000] {processor.py:183} INFO - Processing /home/airflow/.local/lib/python3.11/site-packages/airflow/example_dags/example_params_trigger_ui.py took 0.093 seconds
[2024-03-06T14:04:27.532+0000] {processor.py:161} INFO - Started process (PID=9825) to work on /home/airflow/.local/lib/python3.11/site-packages/airflow/example_dags/example_params_trigger_ui.py
[2024-03-06T14:04:27.533+0000] {processor.py:830} INFO - Processing file /home/airflow/.local/lib/python3.11/site-packages/airflow/example_dags/example_params_trigger_ui.py for tasks to queue
[2024-03-06T14:04:27.535+0000] {logging_mixin.py:188} INFO - [2024-03-06T14:04:27.535+0000] {dagbag.py:540} INFO - Filling up the DagBag from /home/airflow/.local/lib/python3.11/site-packages/airflow/example_dags/example_params_trigger_ui.py
[2024-03-06T14:04:27.562+0000] {processor.py:840} INFO - DAG(s) 'example_params_trigger_ui' retrieved from /home/airflow/.local/lib/python3.11/site-packages/airflow/example_dags/example_params_trigger_ui.py
[2024-03-06T14:04:27.610+0000] {logging_mixin.py:188} INFO - [2024-03-06T14:04:27.610+0000] {dag.py:3047} INFO - Sync 1 DAGs
[2024-03-06T14:04:27.627+0000] {logging_mixin.py:188} INFO - [2024-03-06T14:04:27.627+0000] {dag.py:3834} INFO - Setting next_dagrun for example_params_trigger_ui to None, run_after=None
[2024-03-06T14:04:27.649+0000] {processor.py:183} INFO - Processing /home/airflow/.local/lib/python3.11/site-packages/airflow/example_dags/example_params_trigger_ui.py took 0.120 seconds
[2024-03-06T14:04:58.013+0000] {processor.py:161} INFO - Started process (PID=10072) to work on /home/airflow/.local/lib/python3.11/site-packages/airflow/example_dags/example_params_trigger_ui.py
[2024-03-06T14:04:58.018+0000] {processor.py:830} INFO - Processing file /home/airflow/.local/lib/python3.11/site-packages/airflow/example_dags/example_params_trigger_ui.py for tasks to queue
[2024-03-06T14:04:58.021+0000] {logging_mixin.py:188} INFO - [2024-03-06T14:04:58.020+0000] {dagbag.py:540} INFO - Filling up the DagBag from /home/airflow/.local/lib/python3.11/site-packages/airflow/example_dags/example_params_trigger_ui.py
[2024-03-06T14:04:58.050+0000] {processor.py:840} INFO - DAG(s) 'example_params_trigger_ui' retrieved from /home/airflow/.local/lib/python3.11/site-packages/airflow/example_dags/example_params_trigger_ui.py
[2024-03-06T14:04:58.087+0000] {logging_mixin.py:188} INFO - [2024-03-06T14:04:58.087+0000] {dag.py:3047} INFO - Sync 1 DAGs
[2024-03-06T14:04:58.098+0000] {logging_mixin.py:188} INFO - [2024-03-06T14:04:58.098+0000] {dag.py:3834} INFO - Setting next_dagrun for example_params_trigger_ui to None, run_after=None
[2024-03-06T14:04:58.118+0000] {processor.py:183} INFO - Processing /home/airflow/.local/lib/python3.11/site-packages/airflow/example_dags/example_params_trigger_ui.py took 0.114 seconds
[2024-03-06T14:05:28.231+0000] {processor.py:161} INFO - Started process (PID=10319) to work on /home/airflow/.local/lib/python3.11/site-packages/airflow/example_dags/example_params_trigger_ui.py
[2024-03-06T14:05:28.234+0000] {processor.py:830} INFO - Processing file /home/airflow/.local/lib/python3.11/site-packages/airflow/example_dags/example_params_trigger_ui.py for tasks to queue
[2024-03-06T14:05:28.236+0000] {logging_mixin.py:188} INFO - [2024-03-06T14:05:28.235+0000] {dagbag.py:540} INFO - Filling up the DagBag from /home/airflow/.local/lib/python3.11/site-packages/airflow/example_dags/example_params_trigger_ui.py
[2024-03-06T14:05:28.250+0000] {processor.py:840} INFO - DAG(s) 'example_params_trigger_ui' retrieved from /home/airflow/.local/lib/python3.11/site-packages/airflow/example_dags/example_params_trigger_ui.py
[2024-03-06T14:05:28.285+0000] {logging_mixin.py:188} INFO - [2024-03-06T14:05:28.285+0000] {dag.py:3047} INFO - Sync 1 DAGs
[2024-03-06T14:05:28.299+0000] {logging_mixin.py:188} INFO - [2024-03-06T14:05:28.298+0000] {dag.py:3834} INFO - Setting next_dagrun for example_params_trigger_ui to None, run_after=None
[2024-03-06T14:05:28.323+0000] {processor.py:183} INFO - Processing /home/airflow/.local/lib/python3.11/site-packages/airflow/example_dags/example_params_trigger_ui.py took 0.095 seconds
[2024-03-06T14:05:58.404+0000] {processor.py:161} INFO - Started process (PID=10566) to work on /home/airflow/.local/lib/python3.11/site-packages/airflow/example_dags/example_params_trigger_ui.py
[2024-03-06T14:05:58.405+0000] {processor.py:830} INFO - Processing file /home/airflow/.local/lib/python3.11/site-packages/airflow/example_dags/example_params_trigger_ui.py for tasks to queue
[2024-03-06T14:05:58.407+0000] {logging_mixin.py:188} INFO - [2024-03-06T14:05:58.407+0000] {dagbag.py:540} INFO - Filling up the DagBag from /home/airflow/.local/lib/python3.11/site-packages/airflow/example_dags/example_params_trigger_ui.py
[2024-03-06T14:05:58.426+0000] {processor.py:840} INFO - DAG(s) 'example_params_trigger_ui' retrieved from /home/airflow/.local/lib/python3.11/site-packages/airflow/example_dags/example_params_trigger_ui.py
[2024-03-06T14:05:58.471+0000] {logging_mixin.py:188} INFO - [2024-03-06T14:05:58.470+0000] {dag.py:3047} INFO - Sync 1 DAGs
[2024-03-06T14:05:58.486+0000] {logging_mixin.py:188} INFO - [2024-03-06T14:05:58.485+0000] {dag.py:3834} INFO - Setting next_dagrun for example_params_trigger_ui to None, run_after=None
[2024-03-06T14:05:58.509+0000] {processor.py:183} INFO - Processing /home/airflow/.local/lib/python3.11/site-packages/airflow/example_dags/example_params_trigger_ui.py took 0.109 seconds
[2024-03-06T14:06:28.638+0000] {processor.py:161} INFO - Started process (PID=10812) to work on /home/airflow/.local/lib/python3.11/site-packages/airflow/example_dags/example_params_trigger_ui.py
[2024-03-06T14:06:28.639+0000] {processor.py:830} INFO - Processing file /home/airflow/.local/lib/python3.11/site-packages/airflow/example_dags/example_params_trigger_ui.py for tasks to queue
[2024-03-06T14:06:28.640+0000] {logging_mixin.py:188} INFO - [2024-03-06T14:06:28.640+0000] {dagbag.py:540} INFO - Filling up the DagBag from /home/airflow/.local/lib/python3.11/site-packages/airflow/example_dags/example_params_trigger_ui.py
[2024-03-06T14:06:28.657+0000] {processor.py:840} INFO - DAG(s) 'example_params_trigger_ui' retrieved from /home/airflow/.local/lib/python3.11/site-packages/airflow/example_dags/example_params_trigger_ui.py
[2024-03-06T14:06:28.695+0000] {logging_mixin.py:188} INFO - [2024-03-06T14:06:28.694+0000] {dag.py:3047} INFO - Sync 1 DAGs
[2024-03-06T14:06:28.707+0000] {logging_mixin.py:188} INFO - [2024-03-06T14:06:28.707+0000] {dag.py:3834} INFO - Setting next_dagrun for example_params_trigger_ui to None, run_after=None
[2024-03-06T14:06:28.723+0000] {processor.py:183} INFO - Processing /home/airflow/.local/lib/python3.11/site-packages/airflow/example_dags/example_params_trigger_ui.py took 0.088 seconds
[2024-03-06T14:06:59.104+0000] {processor.py:161} INFO - Started process (PID=11059) to work on /home/airflow/.local/lib/python3.11/site-packages/airflow/example_dags/example_params_trigger_ui.py
[2024-03-06T14:06:59.112+0000] {processor.py:830} INFO - Processing file /home/airflow/.local/lib/python3.11/site-packages/airflow/example_dags/example_params_trigger_ui.py for tasks to queue
[2024-03-06T14:06:59.115+0000] {logging_mixin.py:188} INFO - [2024-03-06T14:06:59.114+0000] {dagbag.py:540} INFO - Filling up the DagBag from /home/airflow/.local/lib/python3.11/site-packages/airflow/example_dags/example_params_trigger_ui.py
[2024-03-06T14:06:59.164+0000] {processor.py:840} INFO - DAG(s) 'example_params_trigger_ui' retrieved from /home/airflow/.local/lib/python3.11/site-packages/airflow/example_dags/example_params_trigger_ui.py
[2024-03-06T14:06:59.248+0000] {logging_mixin.py:188} INFO - [2024-03-06T14:06:59.248+0000] {dag.py:3047} INFO - Sync 1 DAGs
[2024-03-06T14:06:59.273+0000] {logging_mixin.py:188} INFO - [2024-03-06T14:06:59.272+0000] {dag.py:3834} INFO - Setting next_dagrun for example_params_trigger_ui to None, run_after=None
[2024-03-06T14:06:59.312+0000] {processor.py:183} INFO - Processing /home/airflow/.local/lib/python3.11/site-packages/airflow/example_dags/example_params_trigger_ui.py took 0.214 seconds
[2024-03-06T14:07:29.398+0000] {processor.py:161} INFO - Started process (PID=11304) to work on /home/airflow/.local/lib/python3.11/site-packages/airflow/example_dags/example_params_trigger_ui.py
[2024-03-06T14:07:29.399+0000] {processor.py:830} INFO - Processing file /home/airflow/.local/lib/python3.11/site-packages/airflow/example_dags/example_params_trigger_ui.py for tasks to queue
[2024-03-06T14:07:29.400+0000] {logging_mixin.py:188} INFO - [2024-03-06T14:07:29.400+0000] {dagbag.py:540} INFO - Filling up the DagBag from /home/airflow/.local/lib/python3.11/site-packages/airflow/example_dags/example_params_trigger_ui.py
[2024-03-06T14:07:29.420+0000] {processor.py:840} INFO - DAG(s) 'example_params_trigger_ui' retrieved from /home/airflow/.local/lib/python3.11/site-packages/airflow/example_dags/example_params_trigger_ui.py
[2024-03-06T14:07:29.480+0000] {logging_mixin.py:188} INFO - [2024-03-06T14:07:29.479+0000] {dag.py:3047} INFO - Sync 1 DAGs
[2024-03-06T14:07:29.496+0000] {logging_mixin.py:188} INFO - [2024-03-06T14:07:29.496+0000] {dag.py:3834} INFO - Setting next_dagrun for example_params_trigger_ui to None, run_after=None
[2024-03-06T14:07:29.529+0000] {processor.py:183} INFO - Processing /home/airflow/.local/lib/python3.11/site-packages/airflow/example_dags/example_params_trigger_ui.py took 0.135 seconds
[2024-03-06T14:08:00.040+0000] {processor.py:161} INFO - Started process (PID=11553) to work on /home/airflow/.local/lib/python3.11/site-packages/airflow/example_dags/example_params_trigger_ui.py
[2024-03-06T14:08:00.043+0000] {processor.py:830} INFO - Processing file /home/airflow/.local/lib/python3.11/site-packages/airflow/example_dags/example_params_trigger_ui.py for tasks to queue
[2024-03-06T14:08:00.045+0000] {logging_mixin.py:188} INFO - [2024-03-06T14:08:00.044+0000] {dagbag.py:540} INFO - Filling up the DagBag from /home/airflow/.local/lib/python3.11/site-packages/airflow/example_dags/example_params_trigger_ui.py
[2024-03-06T14:08:00.062+0000] {processor.py:840} INFO - DAG(s) 'example_params_trigger_ui' retrieved from /home/airflow/.local/lib/python3.11/site-packages/airflow/example_dags/example_params_trigger_ui.py
[2024-03-06T14:08:00.106+0000] {logging_mixin.py:188} INFO - [2024-03-06T14:08:00.105+0000] {dag.py:3047} INFO - Sync 1 DAGs
[2024-03-06T14:08:00.119+0000] {logging_mixin.py:188} INFO - [2024-03-06T14:08:00.119+0000] {dag.py:3834} INFO - Setting next_dagrun for example_params_trigger_ui to None, run_after=None
[2024-03-06T14:08:00.145+0000] {processor.py:183} INFO - Processing /home/airflow/.local/lib/python3.11/site-packages/airflow/example_dags/example_params_trigger_ui.py took 0.108 seconds
[2024-03-06T14:08:30.250+0000] {processor.py:161} INFO - Started process (PID=11800) to work on /home/airflow/.local/lib/python3.11/site-packages/airflow/example_dags/example_params_trigger_ui.py
[2024-03-06T14:08:30.251+0000] {processor.py:830} INFO - Processing file /home/airflow/.local/lib/python3.11/site-packages/airflow/example_dags/example_params_trigger_ui.py for tasks to queue
[2024-03-06T14:08:30.254+0000] {logging_mixin.py:188} INFO - [2024-03-06T14:08:30.253+0000] {dagbag.py:540} INFO - Filling up the DagBag from /home/airflow/.local/lib/python3.11/site-packages/airflow/example_dags/example_params_trigger_ui.py
[2024-03-06T14:08:30.271+0000] {processor.py:840} INFO - DAG(s) 'example_params_trigger_ui' retrieved from /home/airflow/.local/lib/python3.11/site-packages/airflow/example_dags/example_params_trigger_ui.py
[2024-03-06T14:08:30.324+0000] {logging_mixin.py:188} INFO - [2024-03-06T14:08:30.324+0000] {dag.py:3047} INFO - Sync 1 DAGs
[2024-03-06T14:08:30.343+0000] {logging_mixin.py:188} INFO - [2024-03-06T14:08:30.343+0000] {dag.py:3834} INFO - Setting next_dagrun for example_params_trigger_ui to None, run_after=None
[2024-03-06T14:08:30.371+0000] {processor.py:183} INFO - Processing /home/airflow/.local/lib/python3.11/site-packages/airflow/example_dags/example_params_trigger_ui.py took 0.124 seconds
[2024-03-06T14:09:00.948+0000] {processor.py:161} INFO - Started process (PID=12046) to work on /home/airflow/.local/lib/python3.11/site-packages/airflow/example_dags/example_params_trigger_ui.py
[2024-03-06T14:09:00.950+0000] {processor.py:830} INFO - Processing file /home/airflow/.local/lib/python3.11/site-packages/airflow/example_dags/example_params_trigger_ui.py for tasks to queue
[2024-03-06T14:09:00.951+0000] {logging_mixin.py:188} INFO - [2024-03-06T14:09:00.951+0000] {dagbag.py:540} INFO - Filling up the DagBag from /home/airflow/.local/lib/python3.11/site-packages/airflow/example_dags/example_params_trigger_ui.py
[2024-03-06T14:09:00.967+0000] {processor.py:840} INFO - DAG(s) 'example_params_trigger_ui' retrieved from /home/airflow/.local/lib/python3.11/site-packages/airflow/example_dags/example_params_trigger_ui.py
[2024-03-06T14:09:01.005+0000] {logging_mixin.py:188} INFO - [2024-03-06T14:09:01.005+0000] {dag.py:3047} INFO - Sync 1 DAGs
[2024-03-06T14:09:01.019+0000] {logging_mixin.py:188} INFO - [2024-03-06T14:09:01.019+0000] {dag.py:3834} INFO - Setting next_dagrun for example_params_trigger_ui to None, run_after=None
[2024-03-06T14:09:01.041+0000] {processor.py:183} INFO - Processing /home/airflow/.local/lib/python3.11/site-packages/airflow/example_dags/example_params_trigger_ui.py took 0.096 seconds
[2024-03-06T14:09:31.126+0000] {processor.py:161} INFO - Started process (PID=12292) to work on /home/airflow/.local/lib/python3.11/site-packages/airflow/example_dags/example_params_trigger_ui.py
[2024-03-06T14:09:31.128+0000] {processor.py:830} INFO - Processing file /home/airflow/.local/lib/python3.11/site-packages/airflow/example_dags/example_params_trigger_ui.py for tasks to queue
[2024-03-06T14:09:31.130+0000] {logging_mixin.py:188} INFO - [2024-03-06T14:09:31.129+0000] {dagbag.py:540} INFO - Filling up the DagBag from /home/airflow/.local/lib/python3.11/site-packages/airflow/example_dags/example_params_trigger_ui.py
[2024-03-06T14:09:31.148+0000] {processor.py:840} INFO - DAG(s) 'example_params_trigger_ui' retrieved from /home/airflow/.local/lib/python3.11/site-packages/airflow/example_dags/example_params_trigger_ui.py
[2024-03-06T14:09:31.200+0000] {logging_mixin.py:188} INFO - [2024-03-06T14:09:31.200+0000] {dag.py:3047} INFO - Sync 1 DAGs
[2024-03-06T14:09:31.214+0000] {logging_mixin.py:188} INFO - [2024-03-06T14:09:31.213+0000] {dag.py:3834} INFO - Setting next_dagrun for example_params_trigger_ui to None, run_after=None
[2024-03-06T14:09:31.233+0000] {processor.py:183} INFO - Processing /home/airflow/.local/lib/python3.11/site-packages/airflow/example_dags/example_params_trigger_ui.py took 0.110 seconds
[2024-03-06T14:10:01.896+0000] {processor.py:161} INFO - Started process (PID=12539) to work on /home/airflow/.local/lib/python3.11/site-packages/airflow/example_dags/example_params_trigger_ui.py
[2024-03-06T14:10:01.897+0000] {processor.py:830} INFO - Processing file /home/airflow/.local/lib/python3.11/site-packages/airflow/example_dags/example_params_trigger_ui.py for tasks to queue
[2024-03-06T14:10:01.899+0000] {logging_mixin.py:188} INFO - [2024-03-06T14:10:01.898+0000] {dagbag.py:540} INFO - Filling up the DagBag from /home/airflow/.local/lib/python3.11/site-packages/airflow/example_dags/example_params_trigger_ui.py
[2024-03-06T14:10:01.915+0000] {processor.py:840} INFO - DAG(s) 'example_params_trigger_ui' retrieved from /home/airflow/.local/lib/python3.11/site-packages/airflow/example_dags/example_params_trigger_ui.py
[2024-03-06T14:10:01.959+0000] {logging_mixin.py:188} INFO - [2024-03-06T14:10:01.959+0000] {dag.py:3047} INFO - Sync 1 DAGs
[2024-03-06T14:10:01.974+0000] {logging_mixin.py:188} INFO - [2024-03-06T14:10:01.974+0000] {dag.py:3834} INFO - Setting next_dagrun for example_params_trigger_ui to None, run_after=None
[2024-03-06T14:10:02.001+0000] {processor.py:183} INFO - Processing /home/airflow/.local/lib/python3.11/site-packages/airflow/example_dags/example_params_trigger_ui.py took 0.109 seconds
[2024-03-06T14:10:32.843+0000] {processor.py:161} INFO - Started process (PID=12784) to work on /home/airflow/.local/lib/python3.11/site-packages/airflow/example_dags/example_params_trigger_ui.py
[2024-03-06T14:10:32.844+0000] {processor.py:830} INFO - Processing file /home/airflow/.local/lib/python3.11/site-packages/airflow/example_dags/example_params_trigger_ui.py for tasks to queue
[2024-03-06T14:10:32.846+0000] {logging_mixin.py:188} INFO - [2024-03-06T14:10:32.845+0000] {dagbag.py:540} INFO - Filling up the DagBag from /home/airflow/.local/lib/python3.11/site-packages/airflow/example_dags/example_params_trigger_ui.py
[2024-03-06T14:10:32.865+0000] {processor.py:840} INFO - DAG(s) 'example_params_trigger_ui' retrieved from /home/airflow/.local/lib/python3.11/site-packages/airflow/example_dags/example_params_trigger_ui.py
[2024-03-06T14:10:32.915+0000] {logging_mixin.py:188} INFO - [2024-03-06T14:10:32.915+0000] {dag.py:3047} INFO - Sync 1 DAGs
[2024-03-06T14:10:32.933+0000] {logging_mixin.py:188} INFO - [2024-03-06T14:10:32.933+0000] {dag.py:3834} INFO - Setting next_dagrun for example_params_trigger_ui to None, run_after=None
[2024-03-06T14:10:32.960+0000] {processor.py:183} INFO - Processing /home/airflow/.local/lib/python3.11/site-packages/airflow/example_dags/example_params_trigger_ui.py took 0.123 seconds
[2024-03-06T14:11:03.061+0000] {processor.py:161} INFO - Started process (PID=13033) to work on /home/airflow/.local/lib/python3.11/site-packages/airflow/example_dags/example_params_trigger_ui.py
[2024-03-06T14:11:03.062+0000] {processor.py:830} INFO - Processing file /home/airflow/.local/lib/python3.11/site-packages/airflow/example_dags/example_params_trigger_ui.py for tasks to queue
[2024-03-06T14:11:03.065+0000] {logging_mixin.py:188} INFO - [2024-03-06T14:11:03.064+0000] {dagbag.py:540} INFO - Filling up the DagBag from /home/airflow/.local/lib/python3.11/site-packages/airflow/example_dags/example_params_trigger_ui.py
[2024-03-06T14:11:03.083+0000] {processor.py:840} INFO - DAG(s) 'example_params_trigger_ui' retrieved from /home/airflow/.local/lib/python3.11/site-packages/airflow/example_dags/example_params_trigger_ui.py
[2024-03-06T14:11:03.119+0000] {logging_mixin.py:188} INFO - [2024-03-06T14:11:03.119+0000] {dag.py:3047} INFO - Sync 1 DAGs
[2024-03-06T14:11:03.131+0000] {logging_mixin.py:188} INFO - [2024-03-06T14:11:03.131+0000] {dag.py:3834} INFO - Setting next_dagrun for example_params_trigger_ui to None, run_after=None
[2024-03-06T14:11:03.148+0000] {processor.py:183} INFO - Processing /home/airflow/.local/lib/python3.11/site-packages/airflow/example_dags/example_params_trigger_ui.py took 0.092 seconds
[2024-03-06T14:11:33.709+0000] {processor.py:161} INFO - Started process (PID=13278) to work on /home/airflow/.local/lib/python3.11/site-packages/airflow/example_dags/example_params_trigger_ui.py
[2024-03-06T14:11:33.710+0000] {processor.py:830} INFO - Processing file /home/airflow/.local/lib/python3.11/site-packages/airflow/example_dags/example_params_trigger_ui.py for tasks to queue
[2024-03-06T14:11:33.712+0000] {logging_mixin.py:188} INFO - [2024-03-06T14:11:33.711+0000] {dagbag.py:540} INFO - Filling up the DagBag from /home/airflow/.local/lib/python3.11/site-packages/airflow/example_dags/example_params_trigger_ui.py
[2024-03-06T14:11:33.727+0000] {processor.py:840} INFO - DAG(s) 'example_params_trigger_ui' retrieved from /home/airflow/.local/lib/python3.11/site-packages/airflow/example_dags/example_params_trigger_ui.py
[2024-03-06T14:11:33.761+0000] {logging_mixin.py:188} INFO - [2024-03-06T14:11:33.761+0000] {dag.py:3047} INFO - Sync 1 DAGs
[2024-03-06T14:11:33.774+0000] {logging_mixin.py:188} INFO - [2024-03-06T14:11:33.773+0000] {dag.py:3834} INFO - Setting next_dagrun for example_params_trigger_ui to None, run_after=None
[2024-03-06T14:11:33.793+0000] {processor.py:183} INFO - Processing /home/airflow/.local/lib/python3.11/site-packages/airflow/example_dags/example_params_trigger_ui.py took 0.086 seconds
[2024-03-06T14:12:04.598+0000] {processor.py:161} INFO - Started process (PID=13527) to work on /home/airflow/.local/lib/python3.11/site-packages/airflow/example_dags/example_params_trigger_ui.py
[2024-03-06T14:12:04.600+0000] {processor.py:830} INFO - Processing file /home/airflow/.local/lib/python3.11/site-packages/airflow/example_dags/example_params_trigger_ui.py for tasks to queue
[2024-03-06T14:12:04.601+0000] {logging_mixin.py:188} INFO - [2024-03-06T14:12:04.601+0000] {dagbag.py:540} INFO - Filling up the DagBag from /home/airflow/.local/lib/python3.11/site-packages/airflow/example_dags/example_params_trigger_ui.py
[2024-03-06T14:12:04.618+0000] {processor.py:840} INFO - DAG(s) 'example_params_trigger_ui' retrieved from /home/airflow/.local/lib/python3.11/site-packages/airflow/example_dags/example_params_trigger_ui.py
[2024-03-06T14:12:04.649+0000] {logging_mixin.py:188} INFO - [2024-03-06T14:12:04.649+0000] {dag.py:3047} INFO - Sync 1 DAGs
[2024-03-06T14:12:04.664+0000] {logging_mixin.py:188} INFO - [2024-03-06T14:12:04.663+0000] {dag.py:3834} INFO - Setting next_dagrun for example_params_trigger_ui to None, run_after=None
[2024-03-06T14:12:04.683+0000] {processor.py:183} INFO - Processing /home/airflow/.local/lib/python3.11/site-packages/airflow/example_dags/example_params_trigger_ui.py took 0.088 seconds
[2024-03-06T14:12:34.998+0000] {processor.py:161} INFO - Started process (PID=13774) to work on /home/airflow/.local/lib/python3.11/site-packages/airflow/example_dags/example_params_trigger_ui.py
[2024-03-06T14:12:35.002+0000] {processor.py:830} INFO - Processing file /home/airflow/.local/lib/python3.11/site-packages/airflow/example_dags/example_params_trigger_ui.py for tasks to queue
[2024-03-06T14:12:35.004+0000] {logging_mixin.py:188} INFO - [2024-03-06T14:12:35.003+0000] {dagbag.py:540} INFO - Filling up the DagBag from /home/airflow/.local/lib/python3.11/site-packages/airflow/example_dags/example_params_trigger_ui.py
[2024-03-06T14:12:35.020+0000] {processor.py:840} INFO - DAG(s) 'example_params_trigger_ui' retrieved from /home/airflow/.local/lib/python3.11/site-packages/airflow/example_dags/example_params_trigger_ui.py
[2024-03-06T14:12:35.057+0000] {logging_mixin.py:188} INFO - [2024-03-06T14:12:35.057+0000] {dag.py:3047} INFO - Sync 1 DAGs
[2024-03-06T14:12:35.068+0000] {logging_mixin.py:188} INFO - [2024-03-06T14:12:35.067+0000] {dag.py:3834} INFO - Setting next_dagrun for example_params_trigger_ui to None, run_after=None
[2024-03-06T14:12:35.086+0000] {processor.py:183} INFO - Processing /home/airflow/.local/lib/python3.11/site-packages/airflow/example_dags/example_params_trigger_ui.py took 0.091 seconds
[2024-03-06T14:13:05.783+0000] {processor.py:161} INFO - Started process (PID=14019) to work on /home/airflow/.local/lib/python3.11/site-packages/airflow/example_dags/example_params_trigger_ui.py
[2024-03-06T14:13:05.785+0000] {processor.py:830} INFO - Processing file /home/airflow/.local/lib/python3.11/site-packages/airflow/example_dags/example_params_trigger_ui.py for tasks to queue
[2024-03-06T14:13:05.789+0000] {logging_mixin.py:188} INFO - [2024-03-06T14:13:05.786+0000] {dagbag.py:540} INFO - Filling up the DagBag from /home/airflow/.local/lib/python3.11/site-packages/airflow/example_dags/example_params_trigger_ui.py
[2024-03-06T14:13:05.806+0000] {processor.py:840} INFO - DAG(s) 'example_params_trigger_ui' retrieved from /home/airflow/.local/lib/python3.11/site-packages/airflow/example_dags/example_params_trigger_ui.py
[2024-03-06T14:13:05.848+0000] {logging_mixin.py:188} INFO - [2024-03-06T14:13:05.848+0000] {dag.py:3047} INFO - Sync 1 DAGs
[2024-03-06T14:13:05.863+0000] {logging_mixin.py:188} INFO - [2024-03-06T14:13:05.863+0000] {dag.py:3834} INFO - Setting next_dagrun for example_params_trigger_ui to None, run_after=None
[2024-03-06T14:13:05.885+0000] {processor.py:183} INFO - Processing /home/airflow/.local/lib/python3.11/site-packages/airflow/example_dags/example_params_trigger_ui.py took 0.105 seconds
[2024-03-06T14:13:36.489+0000] {processor.py:161} INFO - Started process (PID=14268) to work on /home/airflow/.local/lib/python3.11/site-packages/airflow/example_dags/example_params_trigger_ui.py
[2024-03-06T14:13:36.490+0000] {processor.py:830} INFO - Processing file /home/airflow/.local/lib/python3.11/site-packages/airflow/example_dags/example_params_trigger_ui.py for tasks to queue
[2024-03-06T14:13:36.493+0000] {logging_mixin.py:188} INFO - [2024-03-06T14:13:36.493+0000] {dagbag.py:540} INFO - Filling up the DagBag from /home/airflow/.local/lib/python3.11/site-packages/airflow/example_dags/example_params_trigger_ui.py
[2024-03-06T14:13:36.511+0000] {processor.py:840} INFO - DAG(s) 'example_params_trigger_ui' retrieved from /home/airflow/.local/lib/python3.11/site-packages/airflow/example_dags/example_params_trigger_ui.py
[2024-03-06T14:13:36.553+0000] {logging_mixin.py:188} INFO - [2024-03-06T14:13:36.553+0000] {dag.py:3047} INFO - Sync 1 DAGs
[2024-03-06T14:13:36.568+0000] {logging_mixin.py:188} INFO - [2024-03-06T14:13:36.567+0000] {dag.py:3834} INFO - Setting next_dagrun for example_params_trigger_ui to None, run_after=None
[2024-03-06T14:13:36.587+0000] {processor.py:183} INFO - Processing /home/airflow/.local/lib/python3.11/site-packages/airflow/example_dags/example_params_trigger_ui.py took 0.102 seconds
[2024-03-06T14:14:07.298+0000] {processor.py:161} INFO - Started process (PID=14515) to work on /home/airflow/.local/lib/python3.11/site-packages/airflow/example_dags/example_params_trigger_ui.py
[2024-03-06T14:14:07.299+0000] {processor.py:830} INFO - Processing file /home/airflow/.local/lib/python3.11/site-packages/airflow/example_dags/example_params_trigger_ui.py for tasks to queue
[2024-03-06T14:14:07.301+0000] {logging_mixin.py:188} INFO - [2024-03-06T14:14:07.300+0000] {dagbag.py:540} INFO - Filling up the DagBag from /home/airflow/.local/lib/python3.11/site-packages/airflow/example_dags/example_params_trigger_ui.py
[2024-03-06T14:14:07.316+0000] {processor.py:840} INFO - DAG(s) 'example_params_trigger_ui' retrieved from /home/airflow/.local/lib/python3.11/site-packages/airflow/example_dags/example_params_trigger_ui.py
[2024-03-06T14:14:07.360+0000] {logging_mixin.py:188} INFO - [2024-03-06T14:14:07.360+0000] {dag.py:3047} INFO - Sync 1 DAGs
[2024-03-06T14:14:07.374+0000] {logging_mixin.py:188} INFO - [2024-03-06T14:14:07.374+0000] {dag.py:3834} INFO - Setting next_dagrun for example_params_trigger_ui to None, run_after=None
[2024-03-06T14:14:07.398+0000] {processor.py:183} INFO - Processing /home/airflow/.local/lib/python3.11/site-packages/airflow/example_dags/example_params_trigger_ui.py took 0.103 seconds
[2024-03-06T14:14:37.472+0000] {processor.py:161} INFO - Started process (PID=14760) to work on /home/airflow/.local/lib/python3.11/site-packages/airflow/example_dags/example_params_trigger_ui.py
[2024-03-06T14:14:37.474+0000] {processor.py:830} INFO - Processing file /home/airflow/.local/lib/python3.11/site-packages/airflow/example_dags/example_params_trigger_ui.py for tasks to queue
[2024-03-06T14:14:37.475+0000] {logging_mixin.py:188} INFO - [2024-03-06T14:14:37.475+0000] {dagbag.py:540} INFO - Filling up the DagBag from /home/airflow/.local/lib/python3.11/site-packages/airflow/example_dags/example_params_trigger_ui.py
[2024-03-06T14:14:37.490+0000] {processor.py:840} INFO - DAG(s) 'example_params_trigger_ui' retrieved from /home/airflow/.local/lib/python3.11/site-packages/airflow/example_dags/example_params_trigger_ui.py
[2024-03-06T14:14:37.529+0000] {logging_mixin.py:188} INFO - [2024-03-06T14:14:37.529+0000] {dag.py:3047} INFO - Sync 1 DAGs
[2024-03-06T14:14:37.542+0000] {logging_mixin.py:188} INFO - [2024-03-06T14:14:37.542+0000] {dag.py:3834} INFO - Setting next_dagrun for example_params_trigger_ui to None, run_after=None
[2024-03-06T14:14:37.560+0000] {processor.py:183} INFO - Processing /home/airflow/.local/lib/python3.11/site-packages/airflow/example_dags/example_params_trigger_ui.py took 0.092 seconds
[2024-03-06T14:15:07.610+0000] {processor.py:161} INFO - Started process (PID=15007) to work on /home/airflow/.local/lib/python3.11/site-packages/airflow/example_dags/example_params_trigger_ui.py
[2024-03-06T14:15:07.611+0000] {processor.py:830} INFO - Processing file /home/airflow/.local/lib/python3.11/site-packages/airflow/example_dags/example_params_trigger_ui.py for tasks to queue
[2024-03-06T14:15:07.613+0000] {logging_mixin.py:188} INFO - [2024-03-06T14:15:07.612+0000] {dagbag.py:540} INFO - Filling up the DagBag from /home/airflow/.local/lib/python3.11/site-packages/airflow/example_dags/example_params_trigger_ui.py
[2024-03-06T14:15:07.626+0000] {processor.py:840} INFO - DAG(s) 'example_params_trigger_ui' retrieved from /home/airflow/.local/lib/python3.11/site-packages/airflow/example_dags/example_params_trigger_ui.py
[2024-03-06T14:15:07.668+0000] {logging_mixin.py:188} INFO - [2024-03-06T14:15:07.667+0000] {dag.py:3047} INFO - Sync 1 DAGs
[2024-03-06T14:15:07.681+0000] {logging_mixin.py:188} INFO - [2024-03-06T14:15:07.680+0000] {dag.py:3834} INFO - Setting next_dagrun for example_params_trigger_ui to None, run_after=None
[2024-03-06T14:15:07.698+0000] {processor.py:183} INFO - Processing /home/airflow/.local/lib/python3.11/site-packages/airflow/example_dags/example_params_trigger_ui.py took 0.091 seconds
[2024-03-06T14:15:37.761+0000] {processor.py:161} INFO - Started process (PID=15254) to work on /home/airflow/.local/lib/python3.11/site-packages/airflow/example_dags/example_params_trigger_ui.py
[2024-03-06T14:15:37.763+0000] {processor.py:830} INFO - Processing file /home/airflow/.local/lib/python3.11/site-packages/airflow/example_dags/example_params_trigger_ui.py for tasks to queue
[2024-03-06T14:15:37.765+0000] {logging_mixin.py:188} INFO - [2024-03-06T14:15:37.765+0000] {dagbag.py:540} INFO - Filling up the DagBag from /home/airflow/.local/lib/python3.11/site-packages/airflow/example_dags/example_params_trigger_ui.py
[2024-03-06T14:15:37.784+0000] {processor.py:840} INFO - DAG(s) 'example_params_trigger_ui' retrieved from /home/airflow/.local/lib/python3.11/site-packages/airflow/example_dags/example_params_trigger_ui.py
[2024-03-06T14:15:37.840+0000] {logging_mixin.py:188} INFO - [2024-03-06T14:15:37.840+0000] {dag.py:3047} INFO - Sync 1 DAGs
[2024-03-06T14:15:37.855+0000] {logging_mixin.py:188} INFO - [2024-03-06T14:15:37.855+0000] {dag.py:3834} INFO - Setting next_dagrun for example_params_trigger_ui to None, run_after=None
[2024-03-06T14:15:37.875+0000] {processor.py:183} INFO - Processing /home/airflow/.local/lib/python3.11/site-packages/airflow/example_dags/example_params_trigger_ui.py took 0.118 seconds
[2024-03-06T14:16:08.012+0000] {processor.py:161} INFO - Started process (PID=15503) to work on /home/airflow/.local/lib/python3.11/site-packages/airflow/example_dags/example_params_trigger_ui.py
[2024-03-06T14:16:08.013+0000] {processor.py:830} INFO - Processing file /home/airflow/.local/lib/python3.11/site-packages/airflow/example_dags/example_params_trigger_ui.py for tasks to queue
[2024-03-06T14:16:08.015+0000] {logging_mixin.py:188} INFO - [2024-03-06T14:16:08.015+0000] {dagbag.py:540} INFO - Filling up the DagBag from /home/airflow/.local/lib/python3.11/site-packages/airflow/example_dags/example_params_trigger_ui.py
[2024-03-06T14:16:08.037+0000] {processor.py:840} INFO - DAG(s) 'example_params_trigger_ui' retrieved from /home/airflow/.local/lib/python3.11/site-packages/airflow/example_dags/example_params_trigger_ui.py
[2024-03-06T14:16:08.078+0000] {logging_mixin.py:188} INFO - [2024-03-06T14:16:08.078+0000] {dag.py:3047} INFO - Sync 1 DAGs
[2024-03-06T14:16:08.093+0000] {logging_mixin.py:188} INFO - [2024-03-06T14:16:08.093+0000] {dag.py:3834} INFO - Setting next_dagrun for example_params_trigger_ui to None, run_after=None
[2024-03-06T14:16:08.114+0000] {processor.py:183} INFO - Processing /home/airflow/.local/lib/python3.11/site-packages/airflow/example_dags/example_params_trigger_ui.py took 0.105 seconds
[2024-03-06T14:16:38.786+0000] {processor.py:161} INFO - Started process (PID=15750) to work on /home/airflow/.local/lib/python3.11/site-packages/airflow/example_dags/example_params_trigger_ui.py
[2024-03-06T14:16:38.787+0000] {processor.py:830} INFO - Processing file /home/airflow/.local/lib/python3.11/site-packages/airflow/example_dags/example_params_trigger_ui.py for tasks to queue
[2024-03-06T14:16:38.788+0000] {logging_mixin.py:188} INFO - [2024-03-06T14:16:38.788+0000] {dagbag.py:540} INFO - Filling up the DagBag from /home/airflow/.local/lib/python3.11/site-packages/airflow/example_dags/example_params_trigger_ui.py
[2024-03-06T14:16:38.807+0000] {processor.py:840} INFO - DAG(s) 'example_params_trigger_ui' retrieved from /home/airflow/.local/lib/python3.11/site-packages/airflow/example_dags/example_params_trigger_ui.py
[2024-03-06T14:16:38.851+0000] {logging_mixin.py:188} INFO - [2024-03-06T14:16:38.851+0000] {dag.py:3047} INFO - Sync 1 DAGs
[2024-03-06T14:16:38.866+0000] {logging_mixin.py:188} INFO - [2024-03-06T14:16:38.866+0000] {dag.py:3834} INFO - Setting next_dagrun for example_params_trigger_ui to None, run_after=None
[2024-03-06T14:16:38.885+0000] {processor.py:183} INFO - Processing /home/airflow/.local/lib/python3.11/site-packages/airflow/example_dags/example_params_trigger_ui.py took 0.103 seconds
[2024-03-06T14:17:10.309+0000] {processor.py:161} INFO - Started process (PID=15997) to work on /home/airflow/.local/lib/python3.11/site-packages/airflow/example_dags/example_params_trigger_ui.py
[2024-03-06T14:17:10.311+0000] {processor.py:830} INFO - Processing file /home/airflow/.local/lib/python3.11/site-packages/airflow/example_dags/example_params_trigger_ui.py for tasks to queue
[2024-03-06T14:17:10.315+0000] {logging_mixin.py:188} INFO - [2024-03-06T14:17:10.315+0000] {dagbag.py:540} INFO - Filling up the DagBag from /home/airflow/.local/lib/python3.11/site-packages/airflow/example_dags/example_params_trigger_ui.py
[2024-03-06T14:17:10.359+0000] {processor.py:840} INFO - DAG(s) 'example_params_trigger_ui' retrieved from /home/airflow/.local/lib/python3.11/site-packages/airflow/example_dags/example_params_trigger_ui.py
[2024-03-06T14:17:10.428+0000] {logging_mixin.py:188} INFO - [2024-03-06T14:17:10.428+0000] {dag.py:3047} INFO - Sync 1 DAGs
[2024-03-06T14:17:10.469+0000] {logging_mixin.py:188} INFO - [2024-03-06T14:17:10.468+0000] {dag.py:3834} INFO - Setting next_dagrun for example_params_trigger_ui to None, run_after=None
[2024-03-06T14:17:10.512+0000] {processor.py:183} INFO - Processing /home/airflow/.local/lib/python3.11/site-packages/airflow/example_dags/example_params_trigger_ui.py took 0.210 seconds
[2024-03-06T14:17:41.356+0000] {processor.py:161} INFO - Started process (PID=16244) to work on /home/airflow/.local/lib/python3.11/site-packages/airflow/example_dags/example_params_trigger_ui.py
[2024-03-06T14:17:41.359+0000] {processor.py:830} INFO - Processing file /home/airflow/.local/lib/python3.11/site-packages/airflow/example_dags/example_params_trigger_ui.py for tasks to queue
[2024-03-06T14:17:41.361+0000] {logging_mixin.py:188} INFO - [2024-03-06T14:17:41.360+0000] {dagbag.py:540} INFO - Filling up the DagBag from /home/airflow/.local/lib/python3.11/site-packages/airflow/example_dags/example_params_trigger_ui.py
[2024-03-06T14:17:41.426+0000] {processor.py:840} INFO - DAG(s) 'example_params_trigger_ui' retrieved from /home/airflow/.local/lib/python3.11/site-packages/airflow/example_dags/example_params_trigger_ui.py
[2024-03-06T14:17:41.549+0000] {logging_mixin.py:188} INFO - [2024-03-06T14:17:41.549+0000] {dag.py:3047} INFO - Sync 1 DAGs
[2024-03-06T14:17:41.597+0000] {logging_mixin.py:188} INFO - [2024-03-06T14:17:41.597+0000] {dag.py:3834} INFO - Setting next_dagrun for example_params_trigger_ui to None, run_after=None
[2024-03-06T14:17:41.655+0000] {processor.py:183} INFO - Processing /home/airflow/.local/lib/python3.11/site-packages/airflow/example_dags/example_params_trigger_ui.py took 0.304 seconds
[2024-03-06T14:18:11.915+0000] {processor.py:161} INFO - Started process (PID=16489) to work on /home/airflow/.local/lib/python3.11/site-packages/airflow/example_dags/example_params_trigger_ui.py
[2024-03-06T14:18:11.921+0000] {processor.py:830} INFO - Processing file /home/airflow/.local/lib/python3.11/site-packages/airflow/example_dags/example_params_trigger_ui.py for tasks to queue
[2024-03-06T14:18:11.924+0000] {logging_mixin.py:188} INFO - [2024-03-06T14:18:11.923+0000] {dagbag.py:540} INFO - Filling up the DagBag from /home/airflow/.local/lib/python3.11/site-packages/airflow/example_dags/example_params_trigger_ui.py
[2024-03-06T14:18:11.953+0000] {processor.py:840} INFO - DAG(s) 'example_params_trigger_ui' retrieved from /home/airflow/.local/lib/python3.11/site-packages/airflow/example_dags/example_params_trigger_ui.py
[2024-03-06T14:18:12.071+0000] {logging_mixin.py:188} INFO - [2024-03-06T14:18:12.070+0000] {dag.py:3047} INFO - Sync 1 DAGs
[2024-03-06T14:18:12.098+0000] {logging_mixin.py:188} INFO - [2024-03-06T14:18:12.098+0000] {dag.py:3834} INFO - Setting next_dagrun for example_params_trigger_ui to None, run_after=None
[2024-03-06T14:18:12.144+0000] {processor.py:183} INFO - Processing /home/airflow/.local/lib/python3.11/site-packages/airflow/example_dags/example_params_trigger_ui.py took 0.244 seconds
[2024-03-06T14:18:42.591+0000] {processor.py:161} INFO - Started process (PID=16737) to work on /home/airflow/.local/lib/python3.11/site-packages/airflow/example_dags/example_params_trigger_ui.py
[2024-03-06T14:18:42.596+0000] {processor.py:830} INFO - Processing file /home/airflow/.local/lib/python3.11/site-packages/airflow/example_dags/example_params_trigger_ui.py for tasks to queue
[2024-03-06T14:18:42.597+0000] {logging_mixin.py:188} INFO - [2024-03-06T14:18:42.597+0000] {dagbag.py:540} INFO - Filling up the DagBag from /home/airflow/.local/lib/python3.11/site-packages/airflow/example_dags/example_params_trigger_ui.py
[2024-03-06T14:18:42.620+0000] {processor.py:840} INFO - DAG(s) 'example_params_trigger_ui' retrieved from /home/airflow/.local/lib/python3.11/site-packages/airflow/example_dags/example_params_trigger_ui.py
[2024-03-06T14:18:42.692+0000] {logging_mixin.py:188} INFO - [2024-03-06T14:18:42.691+0000] {dag.py:3047} INFO - Sync 1 DAGs
[2024-03-06T14:18:42.719+0000] {logging_mixin.py:188} INFO - [2024-03-06T14:18:42.718+0000] {dag.py:3834} INFO - Setting next_dagrun for example_params_trigger_ui to None, run_after=None
[2024-03-06T14:18:42.787+0000] {processor.py:183} INFO - Processing /home/airflow/.local/lib/python3.11/site-packages/airflow/example_dags/example_params_trigger_ui.py took 0.201 seconds
[2024-03-06T14:19:13.282+0000] {processor.py:161} INFO - Started process (PID=16984) to work on /home/airflow/.local/lib/python3.11/site-packages/airflow/example_dags/example_params_trigger_ui.py
[2024-03-06T14:19:13.290+0000] {processor.py:830} INFO - Processing file /home/airflow/.local/lib/python3.11/site-packages/airflow/example_dags/example_params_trigger_ui.py for tasks to queue
[2024-03-06T14:19:13.301+0000] {logging_mixin.py:188} INFO - [2024-03-06T14:19:13.298+0000] {dagbag.py:540} INFO - Filling up the DagBag from /home/airflow/.local/lib/python3.11/site-packages/airflow/example_dags/example_params_trigger_ui.py
[2024-03-06T14:19:13.358+0000] {processor.py:840} INFO - DAG(s) 'example_params_trigger_ui' retrieved from /home/airflow/.local/lib/python3.11/site-packages/airflow/example_dags/example_params_trigger_ui.py
[2024-03-06T14:19:13.470+0000] {logging_mixin.py:188} INFO - [2024-03-06T14:19:13.469+0000] {dag.py:3047} INFO - Sync 1 DAGs
[2024-03-06T14:19:13.500+0000] {logging_mixin.py:188} INFO - [2024-03-06T14:19:13.500+0000] {dag.py:3834} INFO - Setting next_dagrun for example_params_trigger_ui to None, run_after=None
[2024-03-06T14:19:13.609+0000] {processor.py:183} INFO - Processing /home/airflow/.local/lib/python3.11/site-packages/airflow/example_dags/example_params_trigger_ui.py took 0.338 seconds
