[2024-03-06T13:44:38.612+0000] {processor.py:161} INFO - Started process (PID=306) to work on /home/airflow/.local/lib/python3.11/site-packages/airflow/example_dags/example_branch_python_dop_operator_3.py
[2024-03-06T13:44:38.613+0000] {processor.py:830} INFO - Processing file /home/airflow/.local/lib/python3.11/site-packages/airflow/example_dags/example_branch_python_dop_operator_3.py for tasks to queue
[2024-03-06T13:44:38.614+0000] {logging_mixin.py:188} INFO - [2024-03-06T13:44:38.614+0000] {dagbag.py:540} INFO - Filling up the DagBag from /home/airflow/.local/lib/python3.11/site-packages/airflow/example_dags/example_branch_python_dop_operator_3.py
[2024-03-06T13:44:38.626+0000] {processor.py:840} INFO - DAG(s) 'example_branch_dop_operator_v3' retrieved from /home/airflow/.local/lib/python3.11/site-packages/airflow/example_dags/example_branch_python_dop_operator_3.py
[2024-03-06T13:44:38.654+0000] {logging_mixin.py:188} INFO - [2024-03-06T13:44:38.654+0000] {dag.py:3047} INFO - Sync 1 DAGs
[2024-03-06T13:44:38.829+0000] {logging_mixin.py:188} INFO - [2024-03-06T13:44:38.829+0000] {dag.py:3834} INFO - Setting next_dagrun for example_branch_dop_operator_v3 to 2024-03-06 13:43:00+00:00, run_after=2024-03-06 13:44:00+00:00
[2024-03-06T13:44:38.851+0000] {processor.py:183} INFO - Processing /home/airflow/.local/lib/python3.11/site-packages/airflow/example_dags/example_branch_python_dop_operator_3.py took 0.242 seconds
[2024-03-06T13:45:09.147+0000] {processor.py:161} INFO - Started process (PID=550) to work on /home/airflow/.local/lib/python3.11/site-packages/airflow/example_dags/example_branch_python_dop_operator_3.py
[2024-03-06T13:45:09.148+0000] {processor.py:830} INFO - Processing file /home/airflow/.local/lib/python3.11/site-packages/airflow/example_dags/example_branch_python_dop_operator_3.py for tasks to queue
[2024-03-06T13:45:09.149+0000] {logging_mixin.py:188} INFO - [2024-03-06T13:45:09.148+0000] {dagbag.py:540} INFO - Filling up the DagBag from /home/airflow/.local/lib/python3.11/site-packages/airflow/example_dags/example_branch_python_dop_operator_3.py
[2024-03-06T13:45:09.158+0000] {processor.py:840} INFO - DAG(s) 'example_branch_dop_operator_v3' retrieved from /home/airflow/.local/lib/python3.11/site-packages/airflow/example_dags/example_branch_python_dop_operator_3.py
[2024-03-06T13:45:09.181+0000] {logging_mixin.py:188} INFO - [2024-03-06T13:45:09.181+0000] {dag.py:3047} INFO - Sync 1 DAGs
[2024-03-06T13:45:09.217+0000] {logging_mixin.py:188} INFO - [2024-03-06T13:45:09.217+0000] {dag.py:3834} INFO - Setting next_dagrun for example_branch_dop_operator_v3 to 2024-03-06 13:44:00+00:00, run_after=2024-03-06 13:45:00+00:00
[2024-03-06T13:45:09.240+0000] {processor.py:183} INFO - Processing /home/airflow/.local/lib/python3.11/site-packages/airflow/example_dags/example_branch_python_dop_operator_3.py took 0.096 seconds
[2024-03-06T13:45:39.703+0000] {processor.py:161} INFO - Started process (PID=796) to work on /home/airflow/.local/lib/python3.11/site-packages/airflow/example_dags/example_branch_python_dop_operator_3.py
[2024-03-06T13:45:39.705+0000] {processor.py:830} INFO - Processing file /home/airflow/.local/lib/python3.11/site-packages/airflow/example_dags/example_branch_python_dop_operator_3.py for tasks to queue
[2024-03-06T13:45:39.707+0000] {logging_mixin.py:188} INFO - [2024-03-06T13:45:39.706+0000] {dagbag.py:540} INFO - Filling up the DagBag from /home/airflow/.local/lib/python3.11/site-packages/airflow/example_dags/example_branch_python_dop_operator_3.py
[2024-03-06T13:45:39.718+0000] {processor.py:840} INFO - DAG(s) 'example_branch_dop_operator_v3' retrieved from /home/airflow/.local/lib/python3.11/site-packages/airflow/example_dags/example_branch_python_dop_operator_3.py
[2024-03-06T13:45:39.743+0000] {logging_mixin.py:188} INFO - [2024-03-06T13:45:39.742+0000] {dag.py:3047} INFO - Sync 1 DAGs
[2024-03-06T13:45:39.775+0000] {logging_mixin.py:188} INFO - [2024-03-06T13:45:39.775+0000] {dag.py:3834} INFO - Setting next_dagrun for example_branch_dop_operator_v3 to 2024-03-06 13:44:00+00:00, run_after=2024-03-06 13:45:00+00:00
[2024-03-06T13:45:39.795+0000] {processor.py:183} INFO - Processing /home/airflow/.local/lib/python3.11/site-packages/airflow/example_dags/example_branch_python_dop_operator_3.py took 0.095 seconds
[2024-03-06T13:46:10.617+0000] {processor.py:161} INFO - Started process (PID=1043) to work on /home/airflow/.local/lib/python3.11/site-packages/airflow/example_dags/example_branch_python_dop_operator_3.py
[2024-03-06T13:46:10.618+0000] {processor.py:830} INFO - Processing file /home/airflow/.local/lib/python3.11/site-packages/airflow/example_dags/example_branch_python_dop_operator_3.py for tasks to queue
[2024-03-06T13:46:10.619+0000] {logging_mixin.py:188} INFO - [2024-03-06T13:46:10.619+0000] {dagbag.py:540} INFO - Filling up the DagBag from /home/airflow/.local/lib/python3.11/site-packages/airflow/example_dags/example_branch_python_dop_operator_3.py
[2024-03-06T13:46:10.630+0000] {processor.py:840} INFO - DAG(s) 'example_branch_dop_operator_v3' retrieved from /home/airflow/.local/lib/python3.11/site-packages/airflow/example_dags/example_branch_python_dop_operator_3.py
[2024-03-06T13:46:10.652+0000] {logging_mixin.py:188} INFO - [2024-03-06T13:46:10.652+0000] {dag.py:3047} INFO - Sync 1 DAGs
[2024-03-06T13:46:10.679+0000] {logging_mixin.py:188} INFO - [2024-03-06T13:46:10.679+0000] {dag.py:3834} INFO - Setting next_dagrun for example_branch_dop_operator_v3 to 2024-03-06 13:45:00+00:00, run_after=2024-03-06 13:46:00+00:00
[2024-03-06T13:46:10.699+0000] {processor.py:183} INFO - Processing /home/airflow/.local/lib/python3.11/site-packages/airflow/example_dags/example_branch_python_dop_operator_3.py took 0.086 seconds
[2024-03-06T13:46:41.149+0000] {processor.py:161} INFO - Started process (PID=1292) to work on /home/airflow/.local/lib/python3.11/site-packages/airflow/example_dags/example_branch_python_dop_operator_3.py
[2024-03-06T13:46:41.150+0000] {processor.py:830} INFO - Processing file /home/airflow/.local/lib/python3.11/site-packages/airflow/example_dags/example_branch_python_dop_operator_3.py for tasks to queue
[2024-03-06T13:46:41.151+0000] {logging_mixin.py:188} INFO - [2024-03-06T13:46:41.151+0000] {dagbag.py:540} INFO - Filling up the DagBag from /home/airflow/.local/lib/python3.11/site-packages/airflow/example_dags/example_branch_python_dop_operator_3.py
[2024-03-06T13:46:41.163+0000] {processor.py:840} INFO - DAG(s) 'example_branch_dop_operator_v3' retrieved from /home/airflow/.local/lib/python3.11/site-packages/airflow/example_dags/example_branch_python_dop_operator_3.py
[2024-03-06T13:46:41.190+0000] {logging_mixin.py:188} INFO - [2024-03-06T13:46:41.190+0000] {dag.py:3047} INFO - Sync 1 DAGs
[2024-03-06T13:46:41.227+0000] {logging_mixin.py:188} INFO - [2024-03-06T13:46:41.226+0000] {dag.py:3834} INFO - Setting next_dagrun for example_branch_dop_operator_v3 to 2024-03-06 13:45:00+00:00, run_after=2024-03-06 13:46:00+00:00
[2024-03-06T13:46:41.252+0000] {processor.py:183} INFO - Processing /home/airflow/.local/lib/python3.11/site-packages/airflow/example_dags/example_branch_python_dop_operator_3.py took 0.107 seconds
[2024-03-06T13:47:12.153+0000] {processor.py:161} INFO - Started process (PID=1537) to work on /home/airflow/.local/lib/python3.11/site-packages/airflow/example_dags/example_branch_python_dop_operator_3.py
[2024-03-06T13:47:12.156+0000] {processor.py:830} INFO - Processing file /home/airflow/.local/lib/python3.11/site-packages/airflow/example_dags/example_branch_python_dop_operator_3.py for tasks to queue
[2024-03-06T13:47:12.158+0000] {logging_mixin.py:188} INFO - [2024-03-06T13:47:12.158+0000] {dagbag.py:540} INFO - Filling up the DagBag from /home/airflow/.local/lib/python3.11/site-packages/airflow/example_dags/example_branch_python_dop_operator_3.py
[2024-03-06T13:47:12.171+0000] {processor.py:840} INFO - DAG(s) 'example_branch_dop_operator_v3' retrieved from /home/airflow/.local/lib/python3.11/site-packages/airflow/example_dags/example_branch_python_dop_operator_3.py
[2024-03-06T13:47:12.224+0000] {logging_mixin.py:188} INFO - [2024-03-06T13:47:12.223+0000] {dag.py:3047} INFO - Sync 1 DAGs
[2024-03-06T13:47:12.261+0000] {logging_mixin.py:188} INFO - [2024-03-06T13:47:12.261+0000] {dag.py:3834} INFO - Setting next_dagrun for example_branch_dop_operator_v3 to 2024-03-06 13:46:00+00:00, run_after=2024-03-06 13:47:00+00:00
[2024-03-06T13:47:12.301+0000] {processor.py:183} INFO - Processing /home/airflow/.local/lib/python3.11/site-packages/airflow/example_dags/example_branch_python_dop_operator_3.py took 0.155 seconds
[2024-03-06T13:47:43.108+0000] {processor.py:161} INFO - Started process (PID=1784) to work on /home/airflow/.local/lib/python3.11/site-packages/airflow/example_dags/example_branch_python_dop_operator_3.py
[2024-03-06T13:47:43.111+0000] {processor.py:830} INFO - Processing file /home/airflow/.local/lib/python3.11/site-packages/airflow/example_dags/example_branch_python_dop_operator_3.py for tasks to queue
[2024-03-06T13:47:43.117+0000] {logging_mixin.py:188} INFO - [2024-03-06T13:47:43.115+0000] {dagbag.py:540} INFO - Filling up the DagBag from /home/airflow/.local/lib/python3.11/site-packages/airflow/example_dags/example_branch_python_dop_operator_3.py
[2024-03-06T13:47:43.140+0000] {processor.py:840} INFO - DAG(s) 'example_branch_dop_operator_v3' retrieved from /home/airflow/.local/lib/python3.11/site-packages/airflow/example_dags/example_branch_python_dop_operator_3.py
[2024-03-06T13:47:43.192+0000] {logging_mixin.py:188} INFO - [2024-03-06T13:47:43.191+0000] {dag.py:3047} INFO - Sync 1 DAGs
[2024-03-06T13:47:43.258+0000] {logging_mixin.py:188} INFO - [2024-03-06T13:47:43.258+0000] {dag.py:3834} INFO - Setting next_dagrun for example_branch_dop_operator_v3 to 2024-03-06 13:46:00+00:00, run_after=2024-03-06 13:47:00+00:00
[2024-03-06T13:47:43.347+0000] {processor.py:183} INFO - Processing /home/airflow/.local/lib/python3.11/site-packages/airflow/example_dags/example_branch_python_dop_operator_3.py took 0.251 seconds
[2024-03-06T13:48:13.561+0000] {processor.py:161} INFO - Started process (PID=2031) to work on /home/airflow/.local/lib/python3.11/site-packages/airflow/example_dags/example_branch_python_dop_operator_3.py
[2024-03-06T13:48:13.562+0000] {processor.py:830} INFO - Processing file /home/airflow/.local/lib/python3.11/site-packages/airflow/example_dags/example_branch_python_dop_operator_3.py for tasks to queue
[2024-03-06T13:48:13.565+0000] {logging_mixin.py:188} INFO - [2024-03-06T13:48:13.565+0000] {dagbag.py:540} INFO - Filling up the DagBag from /home/airflow/.local/lib/python3.11/site-packages/airflow/example_dags/example_branch_python_dop_operator_3.py
[2024-03-06T13:48:13.575+0000] {processor.py:840} INFO - DAG(s) 'example_branch_dop_operator_v3' retrieved from /home/airflow/.local/lib/python3.11/site-packages/airflow/example_dags/example_branch_python_dop_operator_3.py
[2024-03-06T13:48:13.608+0000] {logging_mixin.py:188} INFO - [2024-03-06T13:48:13.607+0000] {dag.py:3047} INFO - Sync 1 DAGs
[2024-03-06T13:48:13.648+0000] {logging_mixin.py:188} INFO - [2024-03-06T13:48:13.647+0000] {dag.py:3834} INFO - Setting next_dagrun for example_branch_dop_operator_v3 to 2024-03-06 13:47:00+00:00, run_after=2024-03-06 13:48:00+00:00
[2024-03-06T13:48:13.673+0000] {processor.py:183} INFO - Processing /home/airflow/.local/lib/python3.11/site-packages/airflow/example_dags/example_branch_python_dop_operator_3.py took 0.118 seconds
[2024-03-06T13:48:44.243+0000] {processor.py:161} INFO - Started process (PID=2277) to work on /home/airflow/.local/lib/python3.11/site-packages/airflow/example_dags/example_branch_python_dop_operator_3.py
[2024-03-06T13:48:44.245+0000] {processor.py:830} INFO - Processing file /home/airflow/.local/lib/python3.11/site-packages/airflow/example_dags/example_branch_python_dop_operator_3.py for tasks to queue
[2024-03-06T13:48:44.246+0000] {logging_mixin.py:188} INFO - [2024-03-06T13:48:44.245+0000] {dagbag.py:540} INFO - Filling up the DagBag from /home/airflow/.local/lib/python3.11/site-packages/airflow/example_dags/example_branch_python_dop_operator_3.py
[2024-03-06T13:48:44.256+0000] {processor.py:840} INFO - DAG(s) 'example_branch_dop_operator_v3' retrieved from /home/airflow/.local/lib/python3.11/site-packages/airflow/example_dags/example_branch_python_dop_operator_3.py
[2024-03-06T13:48:44.283+0000] {logging_mixin.py:188} INFO - [2024-03-06T13:48:44.283+0000] {dag.py:3047} INFO - Sync 1 DAGs
[2024-03-06T13:48:44.313+0000] {logging_mixin.py:188} INFO - [2024-03-06T13:48:44.312+0000] {dag.py:3834} INFO - Setting next_dagrun for example_branch_dop_operator_v3 to 2024-03-06 13:47:00+00:00, run_after=2024-03-06 13:48:00+00:00
[2024-03-06T13:48:44.348+0000] {processor.py:183} INFO - Processing /home/airflow/.local/lib/python3.11/site-packages/airflow/example_dags/example_branch_python_dop_operator_3.py took 0.110 seconds
[2024-03-06T13:49:15.018+0000] {processor.py:161} INFO - Started process (PID=2524) to work on /home/airflow/.local/lib/python3.11/site-packages/airflow/example_dags/example_branch_python_dop_operator_3.py
[2024-03-06T13:49:15.020+0000] {processor.py:830} INFO - Processing file /home/airflow/.local/lib/python3.11/site-packages/airflow/example_dags/example_branch_python_dop_operator_3.py for tasks to queue
[2024-03-06T13:49:15.024+0000] {logging_mixin.py:188} INFO - [2024-03-06T13:49:15.023+0000] {dagbag.py:540} INFO - Filling up the DagBag from /home/airflow/.local/lib/python3.11/site-packages/airflow/example_dags/example_branch_python_dop_operator_3.py
[2024-03-06T13:49:15.036+0000] {processor.py:840} INFO - DAG(s) 'example_branch_dop_operator_v3' retrieved from /home/airflow/.local/lib/python3.11/site-packages/airflow/example_dags/example_branch_python_dop_operator_3.py
[2024-03-06T13:49:15.061+0000] {logging_mixin.py:188} INFO - [2024-03-06T13:49:15.061+0000] {dag.py:3047} INFO - Sync 1 DAGs
[2024-03-06T13:49:15.089+0000] {logging_mixin.py:188} INFO - [2024-03-06T13:49:15.089+0000] {dag.py:3834} INFO - Setting next_dagrun for example_branch_dop_operator_v3 to 2024-03-06 13:48:00+00:00, run_after=2024-03-06 13:49:00+00:00
[2024-03-06T13:49:15.110+0000] {processor.py:183} INFO - Processing /home/airflow/.local/lib/python3.11/site-packages/airflow/example_dags/example_branch_python_dop_operator_3.py took 0.095 seconds
[2024-03-06T13:49:45.297+0000] {processor.py:161} INFO - Started process (PID=2773) to work on /home/airflow/.local/lib/python3.11/site-packages/airflow/example_dags/example_branch_python_dop_operator_3.py
[2024-03-06T13:49:45.298+0000] {processor.py:830} INFO - Processing file /home/airflow/.local/lib/python3.11/site-packages/airflow/example_dags/example_branch_python_dop_operator_3.py for tasks to queue
[2024-03-06T13:49:45.299+0000] {logging_mixin.py:188} INFO - [2024-03-06T13:49:45.299+0000] {dagbag.py:540} INFO - Filling up the DagBag from /home/airflow/.local/lib/python3.11/site-packages/airflow/example_dags/example_branch_python_dop_operator_3.py
[2024-03-06T13:49:45.309+0000] {processor.py:840} INFO - DAG(s) 'example_branch_dop_operator_v3' retrieved from /home/airflow/.local/lib/python3.11/site-packages/airflow/example_dags/example_branch_python_dop_operator_3.py
[2024-03-06T13:49:45.332+0000] {logging_mixin.py:188} INFO - [2024-03-06T13:49:45.332+0000] {dag.py:3047} INFO - Sync 1 DAGs
[2024-03-06T13:49:45.359+0000] {logging_mixin.py:188} INFO - [2024-03-06T13:49:45.359+0000] {dag.py:3834} INFO - Setting next_dagrun for example_branch_dop_operator_v3 to 2024-03-06 13:48:00+00:00, run_after=2024-03-06 13:49:00+00:00
[2024-03-06T13:49:45.378+0000] {processor.py:183} INFO - Processing /home/airflow/.local/lib/python3.11/site-packages/airflow/example_dags/example_branch_python_dop_operator_3.py took 0.084 seconds
[2024-03-06T13:50:15.952+0000] {processor.py:161} INFO - Started process (PID=3018) to work on /home/airflow/.local/lib/python3.11/site-packages/airflow/example_dags/example_branch_python_dop_operator_3.py
[2024-03-06T13:50:15.954+0000] {processor.py:830} INFO - Processing file /home/airflow/.local/lib/python3.11/site-packages/airflow/example_dags/example_branch_python_dop_operator_3.py for tasks to queue
[2024-03-06T13:50:15.955+0000] {logging_mixin.py:188} INFO - [2024-03-06T13:50:15.955+0000] {dagbag.py:540} INFO - Filling up the DagBag from /home/airflow/.local/lib/python3.11/site-packages/airflow/example_dags/example_branch_python_dop_operator_3.py
[2024-03-06T13:50:15.967+0000] {processor.py:840} INFO - DAG(s) 'example_branch_dop_operator_v3' retrieved from /home/airflow/.local/lib/python3.11/site-packages/airflow/example_dags/example_branch_python_dop_operator_3.py
[2024-03-06T13:50:15.989+0000] {logging_mixin.py:188} INFO - [2024-03-06T13:50:15.989+0000] {dag.py:3047} INFO - Sync 1 DAGs
[2024-03-06T13:50:16.015+0000] {logging_mixin.py:188} INFO - [2024-03-06T13:50:16.015+0000] {dag.py:3834} INFO - Setting next_dagrun for example_branch_dop_operator_v3 to 2024-03-06 13:49:00+00:00, run_after=2024-03-06 13:50:00+00:00
[2024-03-06T13:50:16.035+0000] {processor.py:183} INFO - Processing /home/airflow/.local/lib/python3.11/site-packages/airflow/example_dags/example_branch_python_dop_operator_3.py took 0.086 seconds
[2024-03-06T13:50:46.510+0000] {processor.py:161} INFO - Started process (PID=3265) to work on /home/airflow/.local/lib/python3.11/site-packages/airflow/example_dags/example_branch_python_dop_operator_3.py
[2024-03-06T13:50:46.511+0000] {processor.py:830} INFO - Processing file /home/airflow/.local/lib/python3.11/site-packages/airflow/example_dags/example_branch_python_dop_operator_3.py for tasks to queue
[2024-03-06T13:50:46.515+0000] {logging_mixin.py:188} INFO - [2024-03-06T13:50:46.514+0000] {dagbag.py:540} INFO - Filling up the DagBag from /home/airflow/.local/lib/python3.11/site-packages/airflow/example_dags/example_branch_python_dop_operator_3.py
[2024-03-06T13:50:46.525+0000] {processor.py:840} INFO - DAG(s) 'example_branch_dop_operator_v3' retrieved from /home/airflow/.local/lib/python3.11/site-packages/airflow/example_dags/example_branch_python_dop_operator_3.py
[2024-03-06T13:50:46.547+0000] {logging_mixin.py:188} INFO - [2024-03-06T13:50:46.547+0000] {dag.py:3047} INFO - Sync 1 DAGs
[2024-03-06T13:50:46.578+0000] {logging_mixin.py:188} INFO - [2024-03-06T13:50:46.577+0000] {dag.py:3834} INFO - Setting next_dagrun for example_branch_dop_operator_v3 to 2024-03-06 13:49:00+00:00, run_after=2024-03-06 13:50:00+00:00
[2024-03-06T13:50:46.598+0000] {processor.py:183} INFO - Processing /home/airflow/.local/lib/python3.11/site-packages/airflow/example_dags/example_branch_python_dop_operator_3.py took 0.092 seconds
[2024-03-06T13:51:16.956+0000] {processor.py:161} INFO - Started process (PID=3512) to work on /home/airflow/.local/lib/python3.11/site-packages/airflow/example_dags/example_branch_python_dop_operator_3.py
[2024-03-06T13:51:16.957+0000] {processor.py:830} INFO - Processing file /home/airflow/.local/lib/python3.11/site-packages/airflow/example_dags/example_branch_python_dop_operator_3.py for tasks to queue
[2024-03-06T13:51:16.958+0000] {logging_mixin.py:188} INFO - [2024-03-06T13:51:16.958+0000] {dagbag.py:540} INFO - Filling up the DagBag from /home/airflow/.local/lib/python3.11/site-packages/airflow/example_dags/example_branch_python_dop_operator_3.py
[2024-03-06T13:51:16.969+0000] {processor.py:840} INFO - DAG(s) 'example_branch_dop_operator_v3' retrieved from /home/airflow/.local/lib/python3.11/site-packages/airflow/example_dags/example_branch_python_dop_operator_3.py
[2024-03-06T13:51:16.989+0000] {logging_mixin.py:188} INFO - [2024-03-06T13:51:16.989+0000] {dag.py:3047} INFO - Sync 1 DAGs
[2024-03-06T13:51:17.018+0000] {logging_mixin.py:188} INFO - [2024-03-06T13:51:17.017+0000] {dag.py:3834} INFO - Setting next_dagrun for example_branch_dop_operator_v3 to 2024-03-06 13:50:00+00:00, run_after=2024-03-06 13:51:00+00:00
[2024-03-06T13:51:17.037+0000] {processor.py:183} INFO - Processing /home/airflow/.local/lib/python3.11/site-packages/airflow/example_dags/example_branch_python_dop_operator_3.py took 0.084 seconds
[2024-03-06T13:51:47.445+0000] {processor.py:161} INFO - Started process (PID=3759) to work on /home/airflow/.local/lib/python3.11/site-packages/airflow/example_dags/example_branch_python_dop_operator_3.py
[2024-03-06T13:51:47.446+0000] {processor.py:830} INFO - Processing file /home/airflow/.local/lib/python3.11/site-packages/airflow/example_dags/example_branch_python_dop_operator_3.py for tasks to queue
[2024-03-06T13:51:47.447+0000] {logging_mixin.py:188} INFO - [2024-03-06T13:51:47.446+0000] {dagbag.py:540} INFO - Filling up the DagBag from /home/airflow/.local/lib/python3.11/site-packages/airflow/example_dags/example_branch_python_dop_operator_3.py
[2024-03-06T13:51:47.455+0000] {processor.py:840} INFO - DAG(s) 'example_branch_dop_operator_v3' retrieved from /home/airflow/.local/lib/python3.11/site-packages/airflow/example_dags/example_branch_python_dop_operator_3.py
[2024-03-06T13:51:47.476+0000] {logging_mixin.py:188} INFO - [2024-03-06T13:51:47.475+0000] {dag.py:3047} INFO - Sync 1 DAGs
[2024-03-06T13:51:47.500+0000] {logging_mixin.py:188} INFO - [2024-03-06T13:51:47.499+0000] {dag.py:3834} INFO - Setting next_dagrun for example_branch_dop_operator_v3 to 2024-03-06 13:50:00+00:00, run_after=2024-03-06 13:51:00+00:00
[2024-03-06T13:51:47.518+0000] {processor.py:183} INFO - Processing /home/airflow/.local/lib/python3.11/site-packages/airflow/example_dags/example_branch_python_dop_operator_3.py took 0.076 seconds
[2024-03-06T13:52:18.003+0000] {processor.py:161} INFO - Started process (PID=4006) to work on /home/airflow/.local/lib/python3.11/site-packages/airflow/example_dags/example_branch_python_dop_operator_3.py
[2024-03-06T13:52:18.004+0000] {processor.py:830} INFO - Processing file /home/airflow/.local/lib/python3.11/site-packages/airflow/example_dags/example_branch_python_dop_operator_3.py for tasks to queue
[2024-03-06T13:52:18.005+0000] {logging_mixin.py:188} INFO - [2024-03-06T13:52:18.004+0000] {dagbag.py:540} INFO - Filling up the DagBag from /home/airflow/.local/lib/python3.11/site-packages/airflow/example_dags/example_branch_python_dop_operator_3.py
[2024-03-06T13:52:18.016+0000] {processor.py:840} INFO - DAG(s) 'example_branch_dop_operator_v3' retrieved from /home/airflow/.local/lib/python3.11/site-packages/airflow/example_dags/example_branch_python_dop_operator_3.py
[2024-03-06T13:52:18.037+0000] {logging_mixin.py:188} INFO - [2024-03-06T13:52:18.037+0000] {dag.py:3047} INFO - Sync 1 DAGs
[2024-03-06T13:52:18.061+0000] {logging_mixin.py:188} INFO - [2024-03-06T13:52:18.061+0000] {dag.py:3834} INFO - Setting next_dagrun for example_branch_dop_operator_v3 to 2024-03-06 13:51:00+00:00, run_after=2024-03-06 13:52:00+00:00
[2024-03-06T13:52:18.079+0000] {processor.py:183} INFO - Processing /home/airflow/.local/lib/python3.11/site-packages/airflow/example_dags/example_branch_python_dop_operator_3.py took 0.080 seconds
[2024-03-06T13:52:48.980+0000] {processor.py:161} INFO - Started process (PID=4253) to work on /home/airflow/.local/lib/python3.11/site-packages/airflow/example_dags/example_branch_python_dop_operator_3.py
[2024-03-06T13:52:48.982+0000] {processor.py:830} INFO - Processing file /home/airflow/.local/lib/python3.11/site-packages/airflow/example_dags/example_branch_python_dop_operator_3.py for tasks to queue
[2024-03-06T13:52:48.985+0000] {logging_mixin.py:188} INFO - [2024-03-06T13:52:48.984+0000] {dagbag.py:540} INFO - Filling up the DagBag from /home/airflow/.local/lib/python3.11/site-packages/airflow/example_dags/example_branch_python_dop_operator_3.py
[2024-03-06T13:52:48.996+0000] {processor.py:840} INFO - DAG(s) 'example_branch_dop_operator_v3' retrieved from /home/airflow/.local/lib/python3.11/site-packages/airflow/example_dags/example_branch_python_dop_operator_3.py
[2024-03-06T13:52:49.027+0000] {logging_mixin.py:188} INFO - [2024-03-06T13:52:49.026+0000] {dag.py:3047} INFO - Sync 1 DAGs
[2024-03-06T13:52:49.063+0000] {logging_mixin.py:188} INFO - [2024-03-06T13:52:49.062+0000] {dag.py:3834} INFO - Setting next_dagrun for example_branch_dop_operator_v3 to 2024-03-06 13:51:00+00:00, run_after=2024-03-06 13:52:00+00:00
[2024-03-06T13:52:49.123+0000] {processor.py:183} INFO - Processing /home/airflow/.local/lib/python3.11/site-packages/airflow/example_dags/example_branch_python_dop_operator_3.py took 0.146 seconds
[2024-03-06T13:53:19.901+0000] {processor.py:161} INFO - Started process (PID=4499) to work on /home/airflow/.local/lib/python3.11/site-packages/airflow/example_dags/example_branch_python_dop_operator_3.py
[2024-03-06T13:53:19.903+0000] {processor.py:830} INFO - Processing file /home/airflow/.local/lib/python3.11/site-packages/airflow/example_dags/example_branch_python_dop_operator_3.py for tasks to queue
[2024-03-06T13:53:19.904+0000] {logging_mixin.py:188} INFO - [2024-03-06T13:53:19.904+0000] {dagbag.py:540} INFO - Filling up the DagBag from /home/airflow/.local/lib/python3.11/site-packages/airflow/example_dags/example_branch_python_dop_operator_3.py
[2024-03-06T13:53:19.918+0000] {processor.py:840} INFO - DAG(s) 'example_branch_dop_operator_v3' retrieved from /home/airflow/.local/lib/python3.11/site-packages/airflow/example_dags/example_branch_python_dop_operator_3.py
[2024-03-06T13:53:19.953+0000] {logging_mixin.py:188} INFO - [2024-03-06T13:53:19.953+0000] {dag.py:3047} INFO - Sync 1 DAGs
[2024-03-06T13:53:19.995+0000] {logging_mixin.py:188} INFO - [2024-03-06T13:53:19.995+0000] {dag.py:3834} INFO - Setting next_dagrun for example_branch_dop_operator_v3 to 2024-03-06 13:52:00+00:00, run_after=2024-03-06 13:53:00+00:00
[2024-03-06T13:53:20.025+0000] {processor.py:183} INFO - Processing /home/airflow/.local/lib/python3.11/site-packages/airflow/example_dags/example_branch_python_dop_operator_3.py took 0.129 seconds
[2024-03-06T13:53:50.111+0000] {processor.py:161} INFO - Started process (PID=4746) to work on /home/airflow/.local/lib/python3.11/site-packages/airflow/example_dags/example_branch_python_dop_operator_3.py
[2024-03-06T13:53:50.112+0000] {processor.py:830} INFO - Processing file /home/airflow/.local/lib/python3.11/site-packages/airflow/example_dags/example_branch_python_dop_operator_3.py for tasks to queue
[2024-03-06T13:53:50.113+0000] {logging_mixin.py:188} INFO - [2024-03-06T13:53:50.113+0000] {dagbag.py:540} INFO - Filling up the DagBag from /home/airflow/.local/lib/python3.11/site-packages/airflow/example_dags/example_branch_python_dop_operator_3.py
[2024-03-06T13:53:50.127+0000] {processor.py:840} INFO - DAG(s) 'example_branch_dop_operator_v3' retrieved from /home/airflow/.local/lib/python3.11/site-packages/airflow/example_dags/example_branch_python_dop_operator_3.py
[2024-03-06T13:53:50.154+0000] {logging_mixin.py:188} INFO - [2024-03-06T13:53:50.153+0000] {dag.py:3047} INFO - Sync 1 DAGs
[2024-03-06T13:53:50.185+0000] {logging_mixin.py:188} INFO - [2024-03-06T13:53:50.185+0000] {dag.py:3834} INFO - Setting next_dagrun for example_branch_dop_operator_v3 to 2024-03-06 13:52:00+00:00, run_after=2024-03-06 13:53:00+00:00
[2024-03-06T13:53:50.208+0000] {processor.py:183} INFO - Processing /home/airflow/.local/lib/python3.11/site-packages/airflow/example_dags/example_branch_python_dop_operator_3.py took 0.101 seconds
[2024-03-06T13:54:20.686+0000] {processor.py:161} INFO - Started process (PID=4995) to work on /home/airflow/.local/lib/python3.11/site-packages/airflow/example_dags/example_branch_python_dop_operator_3.py
[2024-03-06T13:54:20.689+0000] {processor.py:830} INFO - Processing file /home/airflow/.local/lib/python3.11/site-packages/airflow/example_dags/example_branch_python_dop_operator_3.py for tasks to queue
[2024-03-06T13:54:20.695+0000] {logging_mixin.py:188} INFO - [2024-03-06T13:54:20.694+0000] {dagbag.py:540} INFO - Filling up the DagBag from /home/airflow/.local/lib/python3.11/site-packages/airflow/example_dags/example_branch_python_dop_operator_3.py
[2024-03-06T13:54:20.710+0000] {processor.py:840} INFO - DAG(s) 'example_branch_dop_operator_v3' retrieved from /home/airflow/.local/lib/python3.11/site-packages/airflow/example_dags/example_branch_python_dop_operator_3.py
[2024-03-06T13:54:20.740+0000] {logging_mixin.py:188} INFO - [2024-03-06T13:54:20.740+0000] {dag.py:3047} INFO - Sync 1 DAGs
[2024-03-06T13:54:20.774+0000] {logging_mixin.py:188} INFO - [2024-03-06T13:54:20.774+0000] {dag.py:3834} INFO - Setting next_dagrun for example_branch_dop_operator_v3 to 2024-03-06 13:53:00+00:00, run_after=2024-03-06 13:54:00+00:00
[2024-03-06T13:54:20.800+0000] {processor.py:183} INFO - Processing /home/airflow/.local/lib/python3.11/site-packages/airflow/example_dags/example_branch_python_dop_operator_3.py took 0.119 seconds
[2024-03-06T13:54:51.587+0000] {processor.py:161} INFO - Started process (PID=5240) to work on /home/airflow/.local/lib/python3.11/site-packages/airflow/example_dags/example_branch_python_dop_operator_3.py
[2024-03-06T13:54:51.589+0000] {processor.py:830} INFO - Processing file /home/airflow/.local/lib/python3.11/site-packages/airflow/example_dags/example_branch_python_dop_operator_3.py for tasks to queue
[2024-03-06T13:54:51.590+0000] {logging_mixin.py:188} INFO - [2024-03-06T13:54:51.589+0000] {dagbag.py:540} INFO - Filling up the DagBag from /home/airflow/.local/lib/python3.11/site-packages/airflow/example_dags/example_branch_python_dop_operator_3.py
[2024-03-06T13:54:51.598+0000] {processor.py:840} INFO - DAG(s) 'example_branch_dop_operator_v3' retrieved from /home/airflow/.local/lib/python3.11/site-packages/airflow/example_dags/example_branch_python_dop_operator_3.py
[2024-03-06T13:54:51.620+0000] {logging_mixin.py:188} INFO - [2024-03-06T13:54:51.619+0000] {dag.py:3047} INFO - Sync 1 DAGs
[2024-03-06T13:54:51.643+0000] {logging_mixin.py:188} INFO - [2024-03-06T13:54:51.642+0000] {dag.py:3834} INFO - Setting next_dagrun for example_branch_dop_operator_v3 to 2024-03-06 13:53:00+00:00, run_after=2024-03-06 13:54:00+00:00
[2024-03-06T13:54:51.659+0000] {processor.py:183} INFO - Processing /home/airflow/.local/lib/python3.11/site-packages/airflow/example_dags/example_branch_python_dop_operator_3.py took 0.074 seconds
[2024-03-06T13:55:22.427+0000] {processor.py:161} INFO - Started process (PID=5487) to work on /home/airflow/.local/lib/python3.11/site-packages/airflow/example_dags/example_branch_python_dop_operator_3.py
[2024-03-06T13:55:22.436+0000] {processor.py:830} INFO - Processing file /home/airflow/.local/lib/python3.11/site-packages/airflow/example_dags/example_branch_python_dop_operator_3.py for tasks to queue
[2024-03-06T13:55:22.438+0000] {logging_mixin.py:188} INFO - [2024-03-06T13:55:22.437+0000] {dagbag.py:540} INFO - Filling up the DagBag from /home/airflow/.local/lib/python3.11/site-packages/airflow/example_dags/example_branch_python_dop_operator_3.py
[2024-03-06T13:55:22.451+0000] {processor.py:840} INFO - DAG(s) 'example_branch_dop_operator_v3' retrieved from /home/airflow/.local/lib/python3.11/site-packages/airflow/example_dags/example_branch_python_dop_operator_3.py
[2024-03-06T13:55:22.487+0000] {logging_mixin.py:188} INFO - [2024-03-06T13:55:22.486+0000] {dag.py:3047} INFO - Sync 1 DAGs
[2024-03-06T13:55:22.583+0000] {logging_mixin.py:188} INFO - [2024-03-06T13:55:22.583+0000] {dag.py:3834} INFO - Setting next_dagrun for example_branch_dop_operator_v3 to 2024-03-06 13:54:00+00:00, run_after=2024-03-06 13:55:00+00:00
[2024-03-06T13:55:22.653+0000] {processor.py:183} INFO - Processing /home/airflow/.local/lib/python3.11/site-packages/airflow/example_dags/example_branch_python_dop_operator_3.py took 0.223 seconds
[2024-03-06T13:55:53.487+0000] {processor.py:161} INFO - Started process (PID=5734) to work on /home/airflow/.local/lib/python3.11/site-packages/airflow/example_dags/example_branch_python_dop_operator_3.py
[2024-03-06T13:55:53.492+0000] {processor.py:830} INFO - Processing file /home/airflow/.local/lib/python3.11/site-packages/airflow/example_dags/example_branch_python_dop_operator_3.py for tasks to queue
[2024-03-06T13:55:53.493+0000] {logging_mixin.py:188} INFO - [2024-03-06T13:55:53.493+0000] {dagbag.py:540} INFO - Filling up the DagBag from /home/airflow/.local/lib/python3.11/site-packages/airflow/example_dags/example_branch_python_dop_operator_3.py
[2024-03-06T13:55:53.514+0000] {processor.py:840} INFO - DAG(s) 'example_branch_dop_operator_v3' retrieved from /home/airflow/.local/lib/python3.11/site-packages/airflow/example_dags/example_branch_python_dop_operator_3.py
[2024-03-06T13:55:53.564+0000] {logging_mixin.py:188} INFO - [2024-03-06T13:55:53.564+0000] {dag.py:3047} INFO - Sync 1 DAGs
[2024-03-06T13:55:53.622+0000] {logging_mixin.py:188} INFO - [2024-03-06T13:55:53.622+0000] {dag.py:3834} INFO - Setting next_dagrun for example_branch_dop_operator_v3 to 2024-03-06 13:54:00+00:00, run_after=2024-03-06 13:55:00+00:00
[2024-03-06T13:55:53.666+0000] {processor.py:183} INFO - Processing /home/airflow/.local/lib/python3.11/site-packages/airflow/example_dags/example_branch_python_dop_operator_3.py took 0.191 seconds
[2024-03-06T13:56:24.372+0000] {processor.py:161} INFO - Started process (PID=5980) to work on /home/airflow/.local/lib/python3.11/site-packages/airflow/example_dags/example_branch_python_dop_operator_3.py
[2024-03-06T13:56:24.376+0000] {processor.py:830} INFO - Processing file /home/airflow/.local/lib/python3.11/site-packages/airflow/example_dags/example_branch_python_dop_operator_3.py for tasks to queue
[2024-03-06T13:56:24.378+0000] {logging_mixin.py:188} INFO - [2024-03-06T13:56:24.377+0000] {dagbag.py:540} INFO - Filling up the DagBag from /home/airflow/.local/lib/python3.11/site-packages/airflow/example_dags/example_branch_python_dop_operator_3.py
[2024-03-06T13:56:24.389+0000] {processor.py:840} INFO - DAG(s) 'example_branch_dop_operator_v3' retrieved from /home/airflow/.local/lib/python3.11/site-packages/airflow/example_dags/example_branch_python_dop_operator_3.py
[2024-03-06T13:56:24.420+0000] {logging_mixin.py:188} INFO - [2024-03-06T13:56:24.420+0000] {dag.py:3047} INFO - Sync 1 DAGs
[2024-03-06T13:56:24.526+0000] {logging_mixin.py:188} INFO - [2024-03-06T13:56:24.526+0000] {dag.py:3834} INFO - Setting next_dagrun for example_branch_dop_operator_v3 to 2024-03-06 13:55:00+00:00, run_after=2024-03-06 13:56:00+00:00
[2024-03-06T13:56:24.573+0000] {processor.py:183} INFO - Processing /home/airflow/.local/lib/python3.11/site-packages/airflow/example_dags/example_branch_python_dop_operator_3.py took 0.206 seconds
[2024-03-06T13:56:55.403+0000] {processor.py:161} INFO - Started process (PID=6232) to work on /home/airflow/.local/lib/python3.11/site-packages/airflow/example_dags/example_branch_python_dop_operator_3.py
[2024-03-06T13:56:55.405+0000] {processor.py:830} INFO - Processing file /home/airflow/.local/lib/python3.11/site-packages/airflow/example_dags/example_branch_python_dop_operator_3.py for tasks to queue
[2024-03-06T13:56:55.407+0000] {logging_mixin.py:188} INFO - [2024-03-06T13:56:55.406+0000] {dagbag.py:540} INFO - Filling up the DagBag from /home/airflow/.local/lib/python3.11/site-packages/airflow/example_dags/example_branch_python_dop_operator_3.py
[2024-03-06T13:56:55.419+0000] {processor.py:840} INFO - DAG(s) 'example_branch_dop_operator_v3' retrieved from /home/airflow/.local/lib/python3.11/site-packages/airflow/example_dags/example_branch_python_dop_operator_3.py
[2024-03-06T13:56:55.446+0000] {logging_mixin.py:188} INFO - [2024-03-06T13:56:55.446+0000] {dag.py:3047} INFO - Sync 1 DAGs
[2024-03-06T13:56:55.472+0000] {logging_mixin.py:188} INFO - [2024-03-06T13:56:55.472+0000] {dag.py:3834} INFO - Setting next_dagrun for example_branch_dop_operator_v3 to 2024-03-06 13:55:00+00:00, run_after=2024-03-06 13:56:00+00:00
[2024-03-06T13:56:55.507+0000] {processor.py:183} INFO - Processing /home/airflow/.local/lib/python3.11/site-packages/airflow/example_dags/example_branch_python_dop_operator_3.py took 0.109 seconds
[2024-03-06T13:57:25.965+0000] {processor.py:161} INFO - Started process (PID=6479) to work on /home/airflow/.local/lib/python3.11/site-packages/airflow/example_dags/example_branch_python_dop_operator_3.py
[2024-03-06T13:57:25.966+0000] {processor.py:830} INFO - Processing file /home/airflow/.local/lib/python3.11/site-packages/airflow/example_dags/example_branch_python_dop_operator_3.py for tasks to queue
[2024-03-06T13:57:25.968+0000] {logging_mixin.py:188} INFO - [2024-03-06T13:57:25.968+0000] {dagbag.py:540} INFO - Filling up the DagBag from /home/airflow/.local/lib/python3.11/site-packages/airflow/example_dags/example_branch_python_dop_operator_3.py
[2024-03-06T13:57:25.980+0000] {processor.py:840} INFO - DAG(s) 'example_branch_dop_operator_v3' retrieved from /home/airflow/.local/lib/python3.11/site-packages/airflow/example_dags/example_branch_python_dop_operator_3.py
[2024-03-06T13:57:26.005+0000] {logging_mixin.py:188} INFO - [2024-03-06T13:57:26.005+0000] {dag.py:3047} INFO - Sync 1 DAGs
[2024-03-06T13:57:26.034+0000] {logging_mixin.py:188} INFO - [2024-03-06T13:57:26.034+0000] {dag.py:3834} INFO - Setting next_dagrun for example_branch_dop_operator_v3 to 2024-03-06 13:56:00+00:00, run_after=2024-03-06 13:57:00+00:00
[2024-03-06T13:57:26.083+0000] {processor.py:183} INFO - Processing /home/airflow/.local/lib/python3.11/site-packages/airflow/example_dags/example_branch_python_dop_operator_3.py took 0.121 seconds
[2024-03-06T13:57:56.286+0000] {processor.py:161} INFO - Started process (PID=6725) to work on /home/airflow/.local/lib/python3.11/site-packages/airflow/example_dags/example_branch_python_dop_operator_3.py
[2024-03-06T13:57:56.287+0000] {processor.py:830} INFO - Processing file /home/airflow/.local/lib/python3.11/site-packages/airflow/example_dags/example_branch_python_dop_operator_3.py for tasks to queue
[2024-03-06T13:57:56.290+0000] {logging_mixin.py:188} INFO - [2024-03-06T13:57:56.290+0000] {dagbag.py:540} INFO - Filling up the DagBag from /home/airflow/.local/lib/python3.11/site-packages/airflow/example_dags/example_branch_python_dop_operator_3.py
[2024-03-06T13:57:56.303+0000] {processor.py:840} INFO - DAG(s) 'example_branch_dop_operator_v3' retrieved from /home/airflow/.local/lib/python3.11/site-packages/airflow/example_dags/example_branch_python_dop_operator_3.py
[2024-03-06T13:57:56.335+0000] {logging_mixin.py:188} INFO - [2024-03-06T13:57:56.334+0000] {dag.py:3047} INFO - Sync 1 DAGs
[2024-03-06T13:57:56.366+0000] {logging_mixin.py:188} INFO - [2024-03-06T13:57:56.366+0000] {dag.py:3834} INFO - Setting next_dagrun for example_branch_dop_operator_v3 to 2024-03-06 13:56:00+00:00, run_after=2024-03-06 13:57:00+00:00
[2024-03-06T13:57:56.399+0000] {processor.py:183} INFO - Processing /home/airflow/.local/lib/python3.11/site-packages/airflow/example_dags/example_branch_python_dop_operator_3.py took 0.117 seconds
[2024-03-06T13:58:26.792+0000] {processor.py:161} INFO - Started process (PID=6971) to work on /home/airflow/.local/lib/python3.11/site-packages/airflow/example_dags/example_branch_python_dop_operator_3.py
[2024-03-06T13:58:26.794+0000] {processor.py:830} INFO - Processing file /home/airflow/.local/lib/python3.11/site-packages/airflow/example_dags/example_branch_python_dop_operator_3.py for tasks to queue
[2024-03-06T13:58:26.797+0000] {logging_mixin.py:188} INFO - [2024-03-06T13:58:26.796+0000] {dagbag.py:540} INFO - Filling up the DagBag from /home/airflow/.local/lib/python3.11/site-packages/airflow/example_dags/example_branch_python_dop_operator_3.py
[2024-03-06T13:58:26.811+0000] {processor.py:840} INFO - DAG(s) 'example_branch_dop_operator_v3' retrieved from /home/airflow/.local/lib/python3.11/site-packages/airflow/example_dags/example_branch_python_dop_operator_3.py
[2024-03-06T13:58:26.843+0000] {logging_mixin.py:188} INFO - [2024-03-06T13:58:26.843+0000] {dag.py:3047} INFO - Sync 1 DAGs
[2024-03-06T13:58:26.883+0000] {logging_mixin.py:188} INFO - [2024-03-06T13:58:26.883+0000] {dag.py:3834} INFO - Setting next_dagrun for example_branch_dop_operator_v3 to 2024-03-06 13:57:00+00:00, run_after=2024-03-06 13:58:00+00:00
[2024-03-06T13:58:26.911+0000] {processor.py:183} INFO - Processing /home/airflow/.local/lib/python3.11/site-packages/airflow/example_dags/example_branch_python_dop_operator_3.py took 0.123 seconds
[2024-03-06T13:58:57.573+0000] {processor.py:161} INFO - Started process (PID=7218) to work on /home/airflow/.local/lib/python3.11/site-packages/airflow/example_dags/example_branch_python_dop_operator_3.py
[2024-03-06T13:58:57.586+0000] {processor.py:830} INFO - Processing file /home/airflow/.local/lib/python3.11/site-packages/airflow/example_dags/example_branch_python_dop_operator_3.py for tasks to queue
[2024-03-06T13:58:57.593+0000] {logging_mixin.py:188} INFO - [2024-03-06T13:58:57.590+0000] {dagbag.py:540} INFO - Filling up the DagBag from /home/airflow/.local/lib/python3.11/site-packages/airflow/example_dags/example_branch_python_dop_operator_3.py
[2024-03-06T13:58:57.632+0000] {processor.py:840} INFO - DAG(s) 'example_branch_dop_operator_v3' retrieved from /home/airflow/.local/lib/python3.11/site-packages/airflow/example_dags/example_branch_python_dop_operator_3.py
[2024-03-06T13:58:57.771+0000] {logging_mixin.py:188} INFO - [2024-03-06T13:58:57.770+0000] {dag.py:3047} INFO - Sync 1 DAGs
[2024-03-06T13:58:57.867+0000] {logging_mixin.py:188} INFO - [2024-03-06T13:58:57.867+0000] {dag.py:3834} INFO - Setting next_dagrun for example_branch_dop_operator_v3 to 2024-03-06 13:57:00+00:00, run_after=2024-03-06 13:58:00+00:00
[2024-03-06T13:58:57.959+0000] {processor.py:183} INFO - Processing /home/airflow/.local/lib/python3.11/site-packages/airflow/example_dags/example_branch_python_dop_operator_3.py took 0.393 seconds
[2024-03-06T13:59:28.597+0000] {processor.py:161} INFO - Started process (PID=7465) to work on /home/airflow/.local/lib/python3.11/site-packages/airflow/example_dags/example_branch_python_dop_operator_3.py
[2024-03-06T13:59:28.601+0000] {processor.py:830} INFO - Processing file /home/airflow/.local/lib/python3.11/site-packages/airflow/example_dags/example_branch_python_dop_operator_3.py for tasks to queue
[2024-03-06T13:59:28.603+0000] {logging_mixin.py:188} INFO - [2024-03-06T13:59:28.602+0000] {dagbag.py:540} INFO - Filling up the DagBag from /home/airflow/.local/lib/python3.11/site-packages/airflow/example_dags/example_branch_python_dop_operator_3.py
[2024-03-06T13:59:28.617+0000] {processor.py:840} INFO - DAG(s) 'example_branch_dop_operator_v3' retrieved from /home/airflow/.local/lib/python3.11/site-packages/airflow/example_dags/example_branch_python_dop_operator_3.py
[2024-03-06T13:59:28.651+0000] {logging_mixin.py:188} INFO - [2024-03-06T13:59:28.650+0000] {dag.py:3047} INFO - Sync 1 DAGs
[2024-03-06T13:59:28.688+0000] {logging_mixin.py:188} INFO - [2024-03-06T13:59:28.687+0000] {dag.py:3834} INFO - Setting next_dagrun for example_branch_dop_operator_v3 to 2024-03-06 13:58:00+00:00, run_after=2024-03-06 13:59:00+00:00
[2024-03-06T13:59:28.725+0000] {processor.py:183} INFO - Processing /home/airflow/.local/lib/python3.11/site-packages/airflow/example_dags/example_branch_python_dop_operator_3.py took 0.136 seconds
[2024-03-06T13:59:59.586+0000] {processor.py:161} INFO - Started process (PID=7711) to work on /home/airflow/.local/lib/python3.11/site-packages/airflow/example_dags/example_branch_python_dop_operator_3.py
[2024-03-06T13:59:59.587+0000] {processor.py:830} INFO - Processing file /home/airflow/.local/lib/python3.11/site-packages/airflow/example_dags/example_branch_python_dop_operator_3.py for tasks to queue
[2024-03-06T13:59:59.589+0000] {logging_mixin.py:188} INFO - [2024-03-06T13:59:59.588+0000] {dagbag.py:540} INFO - Filling up the DagBag from /home/airflow/.local/lib/python3.11/site-packages/airflow/example_dags/example_branch_python_dop_operator_3.py
[2024-03-06T13:59:59.601+0000] {processor.py:840} INFO - DAG(s) 'example_branch_dop_operator_v3' retrieved from /home/airflow/.local/lib/python3.11/site-packages/airflow/example_dags/example_branch_python_dop_operator_3.py
[2024-03-06T13:59:59.630+0000] {logging_mixin.py:188} INFO - [2024-03-06T13:59:59.629+0000] {dag.py:3047} INFO - Sync 1 DAGs
[2024-03-06T13:59:59.657+0000] {logging_mixin.py:188} INFO - [2024-03-06T13:59:59.656+0000] {dag.py:3834} INFO - Setting next_dagrun for example_branch_dop_operator_v3 to 2024-03-06 13:58:00+00:00, run_after=2024-03-06 13:59:00+00:00
[2024-03-06T13:59:59.679+0000] {processor.py:183} INFO - Processing /home/airflow/.local/lib/python3.11/site-packages/airflow/example_dags/example_branch_python_dop_operator_3.py took 0.097 seconds
[2024-03-06T14:00:29.920+0000] {processor.py:161} INFO - Started process (PID=7960) to work on /home/airflow/.local/lib/python3.11/site-packages/airflow/example_dags/example_branch_python_dop_operator_3.py
[2024-03-06T14:00:29.921+0000] {processor.py:830} INFO - Processing file /home/airflow/.local/lib/python3.11/site-packages/airflow/example_dags/example_branch_python_dop_operator_3.py for tasks to queue
[2024-03-06T14:00:29.923+0000] {logging_mixin.py:188} INFO - [2024-03-06T14:00:29.922+0000] {dagbag.py:540} INFO - Filling up the DagBag from /home/airflow/.local/lib/python3.11/site-packages/airflow/example_dags/example_branch_python_dop_operator_3.py
[2024-03-06T14:00:29.936+0000] {processor.py:840} INFO - DAG(s) 'example_branch_dop_operator_v3' retrieved from /home/airflow/.local/lib/python3.11/site-packages/airflow/example_dags/example_branch_python_dop_operator_3.py
[2024-03-06T14:00:29.960+0000] {logging_mixin.py:188} INFO - [2024-03-06T14:00:29.960+0000] {dag.py:3047} INFO - Sync 1 DAGs
[2024-03-06T14:00:29.983+0000] {logging_mixin.py:188} INFO - [2024-03-06T14:00:29.983+0000] {dag.py:3834} INFO - Setting next_dagrun for example_branch_dop_operator_v3 to 2024-03-06 13:59:00+00:00, run_after=2024-03-06 14:00:00+00:00
[2024-03-06T14:00:29.998+0000] {processor.py:183} INFO - Processing /home/airflow/.local/lib/python3.11/site-packages/airflow/example_dags/example_branch_python_dop_operator_3.py took 0.083 seconds
[2024-03-06T14:01:00.224+0000] {processor.py:161} INFO - Started process (PID=8204) to work on /home/airflow/.local/lib/python3.11/site-packages/airflow/example_dags/example_branch_python_dop_operator_3.py
[2024-03-06T14:01:00.226+0000] {processor.py:830} INFO - Processing file /home/airflow/.local/lib/python3.11/site-packages/airflow/example_dags/example_branch_python_dop_operator_3.py for tasks to queue
[2024-03-06T14:01:00.227+0000] {logging_mixin.py:188} INFO - [2024-03-06T14:01:00.227+0000] {dagbag.py:540} INFO - Filling up the DagBag from /home/airflow/.local/lib/python3.11/site-packages/airflow/example_dags/example_branch_python_dop_operator_3.py
[2024-03-06T14:01:00.236+0000] {processor.py:840} INFO - DAG(s) 'example_branch_dop_operator_v3' retrieved from /home/airflow/.local/lib/python3.11/site-packages/airflow/example_dags/example_branch_python_dop_operator_3.py
[2024-03-06T14:01:00.260+0000] {logging_mixin.py:188} INFO - [2024-03-06T14:01:00.259+0000] {dag.py:3047} INFO - Sync 1 DAGs
[2024-03-06T14:01:00.293+0000] {logging_mixin.py:188} INFO - [2024-03-06T14:01:00.293+0000] {dag.py:3834} INFO - Setting next_dagrun for example_branch_dop_operator_v3 to 2024-03-06 14:00:00+00:00, run_after=2024-03-06 14:01:00+00:00
[2024-03-06T14:01:00.319+0000] {processor.py:183} INFO - Processing /home/airflow/.local/lib/python3.11/site-packages/airflow/example_dags/example_branch_python_dop_operator_3.py took 0.098 seconds
[2024-03-06T14:01:30.916+0000] {processor.py:161} INFO - Started process (PID=8453) to work on /home/airflow/.local/lib/python3.11/site-packages/airflow/example_dags/example_branch_python_dop_operator_3.py
[2024-03-06T14:01:30.918+0000] {processor.py:830} INFO - Processing file /home/airflow/.local/lib/python3.11/site-packages/airflow/example_dags/example_branch_python_dop_operator_3.py for tasks to queue
[2024-03-06T14:01:30.920+0000] {logging_mixin.py:188} INFO - [2024-03-06T14:01:30.919+0000] {dagbag.py:540} INFO - Filling up the DagBag from /home/airflow/.local/lib/python3.11/site-packages/airflow/example_dags/example_branch_python_dop_operator_3.py
[2024-03-06T14:01:30.928+0000] {processor.py:840} INFO - DAG(s) 'example_branch_dop_operator_v3' retrieved from /home/airflow/.local/lib/python3.11/site-packages/airflow/example_dags/example_branch_python_dop_operator_3.py
[2024-03-06T14:01:30.948+0000] {logging_mixin.py:188} INFO - [2024-03-06T14:01:30.947+0000] {dag.py:3047} INFO - Sync 1 DAGs
[2024-03-06T14:01:30.982+0000] {logging_mixin.py:188} INFO - [2024-03-06T14:01:30.982+0000] {dag.py:3834} INFO - Setting next_dagrun for example_branch_dop_operator_v3 to 2024-03-06 14:00:00+00:00, run_after=2024-03-06 14:01:00+00:00
[2024-03-06T14:01:31.011+0000] {processor.py:183} INFO - Processing /home/airflow/.local/lib/python3.11/site-packages/airflow/example_dags/example_branch_python_dop_operator_3.py took 0.099 seconds
[2024-03-06T14:02:01.099+0000] {processor.py:161} INFO - Started process (PID=8698) to work on /home/airflow/.local/lib/python3.11/site-packages/airflow/example_dags/example_branch_python_dop_operator_3.py
[2024-03-06T14:02:01.101+0000] {processor.py:830} INFO - Processing file /home/airflow/.local/lib/python3.11/site-packages/airflow/example_dags/example_branch_python_dop_operator_3.py for tasks to queue
[2024-03-06T14:02:01.102+0000] {logging_mixin.py:188} INFO - [2024-03-06T14:02:01.102+0000] {dagbag.py:540} INFO - Filling up the DagBag from /home/airflow/.local/lib/python3.11/site-packages/airflow/example_dags/example_branch_python_dop_operator_3.py
[2024-03-06T14:02:01.117+0000] {processor.py:840} INFO - DAG(s) 'example_branch_dop_operator_v3' retrieved from /home/airflow/.local/lib/python3.11/site-packages/airflow/example_dags/example_branch_python_dop_operator_3.py
[2024-03-06T14:02:01.159+0000] {logging_mixin.py:188} INFO - [2024-03-06T14:02:01.159+0000] {dag.py:3047} INFO - Sync 1 DAGs
[2024-03-06T14:02:01.186+0000] {logging_mixin.py:188} INFO - [2024-03-06T14:02:01.186+0000] {dag.py:3834} INFO - Setting next_dagrun for example_branch_dop_operator_v3 to 2024-03-06 14:01:00+00:00, run_after=2024-03-06 14:02:00+00:00
[2024-03-06T14:02:01.201+0000] {processor.py:183} INFO - Processing /home/airflow/.local/lib/python3.11/site-packages/airflow/example_dags/example_branch_python_dop_operator_3.py took 0.109 seconds
[2024-03-06T14:02:31.837+0000] {processor.py:161} INFO - Started process (PID=8947) to work on /home/airflow/.local/lib/python3.11/site-packages/airflow/example_dags/example_branch_python_dop_operator_3.py
[2024-03-06T14:02:31.840+0000] {processor.py:830} INFO - Processing file /home/airflow/.local/lib/python3.11/site-packages/airflow/example_dags/example_branch_python_dop_operator_3.py for tasks to queue
[2024-03-06T14:02:31.842+0000] {logging_mixin.py:188} INFO - [2024-03-06T14:02:31.841+0000] {dagbag.py:540} INFO - Filling up the DagBag from /home/airflow/.local/lib/python3.11/site-packages/airflow/example_dags/example_branch_python_dop_operator_3.py
[2024-03-06T14:02:31.853+0000] {processor.py:840} INFO - DAG(s) 'example_branch_dop_operator_v3' retrieved from /home/airflow/.local/lib/python3.11/site-packages/airflow/example_dags/example_branch_python_dop_operator_3.py
[2024-03-06T14:02:31.885+0000] {logging_mixin.py:188} INFO - [2024-03-06T14:02:31.884+0000] {dag.py:3047} INFO - Sync 1 DAGs
[2024-03-06T14:02:31.916+0000] {logging_mixin.py:188} INFO - [2024-03-06T14:02:31.915+0000] {dag.py:3834} INFO - Setting next_dagrun for example_branch_dop_operator_v3 to 2024-03-06 14:01:00+00:00, run_after=2024-03-06 14:02:00+00:00
[2024-03-06T14:02:31.941+0000] {processor.py:183} INFO - Processing /home/airflow/.local/lib/python3.11/site-packages/airflow/example_dags/example_branch_python_dop_operator_3.py took 0.109 seconds
[2024-03-06T14:03:02.145+0000] {processor.py:161} INFO - Started process (PID=9194) to work on /home/airflow/.local/lib/python3.11/site-packages/airflow/example_dags/example_branch_python_dop_operator_3.py
[2024-03-06T14:03:02.146+0000] {processor.py:830} INFO - Processing file /home/airflow/.local/lib/python3.11/site-packages/airflow/example_dags/example_branch_python_dop_operator_3.py for tasks to queue
[2024-03-06T14:03:02.147+0000] {logging_mixin.py:188} INFO - [2024-03-06T14:03:02.147+0000] {dagbag.py:540} INFO - Filling up the DagBag from /home/airflow/.local/lib/python3.11/site-packages/airflow/example_dags/example_branch_python_dop_operator_3.py
[2024-03-06T14:03:02.156+0000] {processor.py:840} INFO - DAG(s) 'example_branch_dop_operator_v3' retrieved from /home/airflow/.local/lib/python3.11/site-packages/airflow/example_dags/example_branch_python_dop_operator_3.py
[2024-03-06T14:03:02.179+0000] {logging_mixin.py:188} INFO - [2024-03-06T14:03:02.179+0000] {dag.py:3047} INFO - Sync 1 DAGs
[2024-03-06T14:03:02.210+0000] {logging_mixin.py:188} INFO - [2024-03-06T14:03:02.210+0000] {dag.py:3834} INFO - Setting next_dagrun for example_branch_dop_operator_v3 to 2024-03-06 14:02:00+00:00, run_after=2024-03-06 14:03:00+00:00
[2024-03-06T14:03:02.236+0000] {processor.py:183} INFO - Processing /home/airflow/.local/lib/python3.11/site-packages/airflow/example_dags/example_branch_python_dop_operator_3.py took 0.094 seconds
[2024-03-06T14:03:32.450+0000] {processor.py:161} INFO - Started process (PID=9439) to work on /home/airflow/.local/lib/python3.11/site-packages/airflow/example_dags/example_branch_python_dop_operator_3.py
[2024-03-06T14:03:32.451+0000] {processor.py:830} INFO - Processing file /home/airflow/.local/lib/python3.11/site-packages/airflow/example_dags/example_branch_python_dop_operator_3.py for tasks to queue
[2024-03-06T14:03:32.453+0000] {logging_mixin.py:188} INFO - [2024-03-06T14:03:32.452+0000] {dagbag.py:540} INFO - Filling up the DagBag from /home/airflow/.local/lib/python3.11/site-packages/airflow/example_dags/example_branch_python_dop_operator_3.py
[2024-03-06T14:03:32.467+0000] {processor.py:840} INFO - DAG(s) 'example_branch_dop_operator_v3' retrieved from /home/airflow/.local/lib/python3.11/site-packages/airflow/example_dags/example_branch_python_dop_operator_3.py
[2024-03-06T14:03:32.501+0000] {logging_mixin.py:188} INFO - [2024-03-06T14:03:32.501+0000] {dag.py:3047} INFO - Sync 1 DAGs
[2024-03-06T14:03:32.531+0000] {logging_mixin.py:188} INFO - [2024-03-06T14:03:32.531+0000] {dag.py:3834} INFO - Setting next_dagrun for example_branch_dop_operator_v3 to 2024-03-06 14:02:00+00:00, run_after=2024-03-06 14:03:00+00:00
[2024-03-06T14:03:32.562+0000] {processor.py:183} INFO - Processing /home/airflow/.local/lib/python3.11/site-packages/airflow/example_dags/example_branch_python_dop_operator_3.py took 0.116 seconds
[2024-03-06T14:04:03.584+0000] {processor.py:161} INFO - Started process (PID=9688) to work on /home/airflow/.local/lib/python3.11/site-packages/airflow/example_dags/example_branch_python_dop_operator_3.py
[2024-03-06T14:04:03.586+0000] {processor.py:830} INFO - Processing file /home/airflow/.local/lib/python3.11/site-packages/airflow/example_dags/example_branch_python_dop_operator_3.py for tasks to queue
[2024-03-06T14:04:03.591+0000] {logging_mixin.py:188} INFO - [2024-03-06T14:04:03.590+0000] {dagbag.py:540} INFO - Filling up the DagBag from /home/airflow/.local/lib/python3.11/site-packages/airflow/example_dags/example_branch_python_dop_operator_3.py
[2024-03-06T14:04:03.607+0000] {processor.py:840} INFO - DAG(s) 'example_branch_dop_operator_v3' retrieved from /home/airflow/.local/lib/python3.11/site-packages/airflow/example_dags/example_branch_python_dop_operator_3.py
[2024-03-06T14:04:03.636+0000] {logging_mixin.py:188} INFO - [2024-03-06T14:04:03.636+0000] {dag.py:3047} INFO - Sync 1 DAGs
[2024-03-06T14:04:03.674+0000] {logging_mixin.py:188} INFO - [2024-03-06T14:04:03.673+0000] {dag.py:3834} INFO - Setting next_dagrun for example_branch_dop_operator_v3 to 2024-03-06 14:03:00+00:00, run_after=2024-03-06 14:04:00+00:00
[2024-03-06T14:04:03.696+0000] {processor.py:183} INFO - Processing /home/airflow/.local/lib/python3.11/site-packages/airflow/example_dags/example_branch_python_dop_operator_3.py took 0.116 seconds
[2024-03-06T14:04:34.041+0000] {processor.py:161} INFO - Started process (PID=9933) to work on /home/airflow/.local/lib/python3.11/site-packages/airflow/example_dags/example_branch_python_dop_operator_3.py
[2024-03-06T14:04:34.042+0000] {processor.py:830} INFO - Processing file /home/airflow/.local/lib/python3.11/site-packages/airflow/example_dags/example_branch_python_dop_operator_3.py for tasks to queue
[2024-03-06T14:04:34.044+0000] {logging_mixin.py:188} INFO - [2024-03-06T14:04:34.043+0000] {dagbag.py:540} INFO - Filling up the DagBag from /home/airflow/.local/lib/python3.11/site-packages/airflow/example_dags/example_branch_python_dop_operator_3.py
[2024-03-06T14:04:34.055+0000] {processor.py:840} INFO - DAG(s) 'example_branch_dop_operator_v3' retrieved from /home/airflow/.local/lib/python3.11/site-packages/airflow/example_dags/example_branch_python_dop_operator_3.py
[2024-03-06T14:04:34.080+0000] {logging_mixin.py:188} INFO - [2024-03-06T14:04:34.080+0000] {dag.py:3047} INFO - Sync 1 DAGs
[2024-03-06T14:04:34.116+0000] {logging_mixin.py:188} INFO - [2024-03-06T14:04:34.116+0000] {dag.py:3834} INFO - Setting next_dagrun for example_branch_dop_operator_v3 to 2024-03-06 14:03:00+00:00, run_after=2024-03-06 14:04:00+00:00
[2024-03-06T14:04:34.149+0000] {processor.py:183} INFO - Processing /home/airflow/.local/lib/python3.11/site-packages/airflow/example_dags/example_branch_python_dop_operator_3.py took 0.110 seconds
[2024-03-06T14:05:04.455+0000] {processor.py:161} INFO - Started process (PID=10182) to work on /home/airflow/.local/lib/python3.11/site-packages/airflow/example_dags/example_branch_python_dop_operator_3.py
[2024-03-06T14:05:04.457+0000] {processor.py:830} INFO - Processing file /home/airflow/.local/lib/python3.11/site-packages/airflow/example_dags/example_branch_python_dop_operator_3.py for tasks to queue
[2024-03-06T14:05:04.461+0000] {logging_mixin.py:188} INFO - [2024-03-06T14:05:04.459+0000] {dagbag.py:540} INFO - Filling up the DagBag from /home/airflow/.local/lib/python3.11/site-packages/airflow/example_dags/example_branch_python_dop_operator_3.py
[2024-03-06T14:05:04.478+0000] {processor.py:840} INFO - DAG(s) 'example_branch_dop_operator_v3' retrieved from /home/airflow/.local/lib/python3.11/site-packages/airflow/example_dags/example_branch_python_dop_operator_3.py
[2024-03-06T14:05:04.510+0000] {logging_mixin.py:188} INFO - [2024-03-06T14:05:04.510+0000] {dag.py:3047} INFO - Sync 1 DAGs
[2024-03-06T14:05:04.542+0000] {logging_mixin.py:188} INFO - [2024-03-06T14:05:04.542+0000] {dag.py:3834} INFO - Setting next_dagrun for example_branch_dop_operator_v3 to 2024-03-06 14:04:00+00:00, run_after=2024-03-06 14:05:00+00:00
[2024-03-06T14:05:04.570+0000] {processor.py:183} INFO - Processing /home/airflow/.local/lib/python3.11/site-packages/airflow/example_dags/example_branch_python_dop_operator_3.py took 0.119 seconds
[2024-03-06T14:05:34.616+0000] {processor.py:161} INFO - Started process (PID=10429) to work on /home/airflow/.local/lib/python3.11/site-packages/airflow/example_dags/example_branch_python_dop_operator_3.py
[2024-03-06T14:05:34.617+0000] {processor.py:830} INFO - Processing file /home/airflow/.local/lib/python3.11/site-packages/airflow/example_dags/example_branch_python_dop_operator_3.py for tasks to queue
[2024-03-06T14:05:34.619+0000] {logging_mixin.py:188} INFO - [2024-03-06T14:05:34.619+0000] {dagbag.py:540} INFO - Filling up the DagBag from /home/airflow/.local/lib/python3.11/site-packages/airflow/example_dags/example_branch_python_dop_operator_3.py
[2024-03-06T14:05:34.630+0000] {processor.py:840} INFO - DAG(s) 'example_branch_dop_operator_v3' retrieved from /home/airflow/.local/lib/python3.11/site-packages/airflow/example_dags/example_branch_python_dop_operator_3.py
[2024-03-06T14:05:34.665+0000] {logging_mixin.py:188} INFO - [2024-03-06T14:05:34.665+0000] {dag.py:3047} INFO - Sync 1 DAGs
[2024-03-06T14:05:34.698+0000] {logging_mixin.py:188} INFO - [2024-03-06T14:05:34.698+0000] {dag.py:3834} INFO - Setting next_dagrun for example_branch_dop_operator_v3 to 2024-03-06 14:04:00+00:00, run_after=2024-03-06 14:05:00+00:00
[2024-03-06T14:05:34.720+0000] {processor.py:183} INFO - Processing /home/airflow/.local/lib/python3.11/site-packages/airflow/example_dags/example_branch_python_dop_operator_3.py took 0.108 seconds
[2024-03-06T14:06:04.746+0000] {processor.py:161} INFO - Started process (PID=10676) to work on /home/airflow/.local/lib/python3.11/site-packages/airflow/example_dags/example_branch_python_dop_operator_3.py
[2024-03-06T14:06:04.747+0000] {processor.py:830} INFO - Processing file /home/airflow/.local/lib/python3.11/site-packages/airflow/example_dags/example_branch_python_dop_operator_3.py for tasks to queue
[2024-03-06T14:06:04.748+0000] {logging_mixin.py:188} INFO - [2024-03-06T14:06:04.747+0000] {dagbag.py:540} INFO - Filling up the DagBag from /home/airflow/.local/lib/python3.11/site-packages/airflow/example_dags/example_branch_python_dop_operator_3.py
[2024-03-06T14:06:04.756+0000] {processor.py:840} INFO - DAG(s) 'example_branch_dop_operator_v3' retrieved from /home/airflow/.local/lib/python3.11/site-packages/airflow/example_dags/example_branch_python_dop_operator_3.py
[2024-03-06T14:06:04.776+0000] {logging_mixin.py:188} INFO - [2024-03-06T14:06:04.775+0000] {dag.py:3047} INFO - Sync 1 DAGs
[2024-03-06T14:06:04.798+0000] {logging_mixin.py:188} INFO - [2024-03-06T14:06:04.798+0000] {dag.py:3834} INFO - Setting next_dagrun for example_branch_dop_operator_v3 to 2024-03-06 14:05:00+00:00, run_after=2024-03-06 14:06:00+00:00
[2024-03-06T14:06:04.817+0000] {processor.py:183} INFO - Processing /home/airflow/.local/lib/python3.11/site-packages/airflow/example_dags/example_branch_python_dop_operator_3.py took 0.074 seconds
[2024-03-06T14:06:34.910+0000] {processor.py:161} INFO - Started process (PID=10922) to work on /home/airflow/.local/lib/python3.11/site-packages/airflow/example_dags/example_branch_python_dop_operator_3.py
[2024-03-06T14:06:34.911+0000] {processor.py:830} INFO - Processing file /home/airflow/.local/lib/python3.11/site-packages/airflow/example_dags/example_branch_python_dop_operator_3.py for tasks to queue
[2024-03-06T14:06:34.912+0000] {logging_mixin.py:188} INFO - [2024-03-06T14:06:34.912+0000] {dagbag.py:540} INFO - Filling up the DagBag from /home/airflow/.local/lib/python3.11/site-packages/airflow/example_dags/example_branch_python_dop_operator_3.py
[2024-03-06T14:06:34.920+0000] {processor.py:840} INFO - DAG(s) 'example_branch_dop_operator_v3' retrieved from /home/airflow/.local/lib/python3.11/site-packages/airflow/example_dags/example_branch_python_dop_operator_3.py
[2024-03-06T14:06:34.938+0000] {logging_mixin.py:188} INFO - [2024-03-06T14:06:34.938+0000] {dag.py:3047} INFO - Sync 1 DAGs
[2024-03-06T14:06:34.962+0000] {logging_mixin.py:188} INFO - [2024-03-06T14:06:34.962+0000] {dag.py:3834} INFO - Setting next_dagrun for example_branch_dop_operator_v3 to 2024-03-06 14:05:00+00:00, run_after=2024-03-06 14:06:00+00:00
[2024-03-06T14:06:34.985+0000] {processor.py:183} INFO - Processing /home/airflow/.local/lib/python3.11/site-packages/airflow/example_dags/example_branch_python_dop_operator_3.py took 0.077 seconds
[2024-03-06T14:07:05.380+0000] {processor.py:161} INFO - Started process (PID=11167) to work on /home/airflow/.local/lib/python3.11/site-packages/airflow/example_dags/example_branch_python_dop_operator_3.py
[2024-03-06T14:07:05.385+0000] {processor.py:830} INFO - Processing file /home/airflow/.local/lib/python3.11/site-packages/airflow/example_dags/example_branch_python_dop_operator_3.py for tasks to queue
[2024-03-06T14:07:05.388+0000] {logging_mixin.py:188} INFO - [2024-03-06T14:07:05.388+0000] {dagbag.py:540} INFO - Filling up the DagBag from /home/airflow/.local/lib/python3.11/site-packages/airflow/example_dags/example_branch_python_dop_operator_3.py
[2024-03-06T14:07:05.423+0000] {processor.py:840} INFO - DAG(s) 'example_branch_dop_operator_v3' retrieved from /home/airflow/.local/lib/python3.11/site-packages/airflow/example_dags/example_branch_python_dop_operator_3.py
[2024-03-06T14:07:05.473+0000] {logging_mixin.py:188} INFO - [2024-03-06T14:07:05.473+0000] {dag.py:3047} INFO - Sync 1 DAGs
[2024-03-06T14:07:05.520+0000] {logging_mixin.py:188} INFO - [2024-03-06T14:07:05.520+0000] {dag.py:3834} INFO - Setting next_dagrun for example_branch_dop_operator_v3 to 2024-03-06 14:06:00+00:00, run_after=2024-03-06 14:07:00+00:00
[2024-03-06T14:07:05.582+0000] {processor.py:183} INFO - Processing /home/airflow/.local/lib/python3.11/site-packages/airflow/example_dags/example_branch_python_dop_operator_3.py took 0.206 seconds
[2024-03-06T14:07:36.182+0000] {processor.py:161} INFO - Started process (PID=11416) to work on /home/airflow/.local/lib/python3.11/site-packages/airflow/example_dags/example_branch_python_dop_operator_3.py
[2024-03-06T14:07:36.183+0000] {processor.py:830} INFO - Processing file /home/airflow/.local/lib/python3.11/site-packages/airflow/example_dags/example_branch_python_dop_operator_3.py for tasks to queue
[2024-03-06T14:07:36.185+0000] {logging_mixin.py:188} INFO - [2024-03-06T14:07:36.184+0000] {dagbag.py:540} INFO - Filling up the DagBag from /home/airflow/.local/lib/python3.11/site-packages/airflow/example_dags/example_branch_python_dop_operator_3.py
[2024-03-06T14:07:36.194+0000] {processor.py:840} INFO - DAG(s) 'example_branch_dop_operator_v3' retrieved from /home/airflow/.local/lib/python3.11/site-packages/airflow/example_dags/example_branch_python_dop_operator_3.py
[2024-03-06T14:07:36.213+0000] {logging_mixin.py:188} INFO - [2024-03-06T14:07:36.213+0000] {dag.py:3047} INFO - Sync 1 DAGs
[2024-03-06T14:07:36.234+0000] {logging_mixin.py:188} INFO - [2024-03-06T14:07:36.234+0000] {dag.py:3834} INFO - Setting next_dagrun for example_branch_dop_operator_v3 to 2024-03-06 14:06:00+00:00, run_after=2024-03-06 14:07:00+00:00
[2024-03-06T14:07:36.252+0000] {processor.py:183} INFO - Processing /home/airflow/.local/lib/python3.11/site-packages/airflow/example_dags/example_branch_python_dop_operator_3.py took 0.074 seconds
[2024-03-06T14:08:07.181+0000] {processor.py:161} INFO - Started process (PID=11663) to work on /home/airflow/.local/lib/python3.11/site-packages/airflow/example_dags/example_branch_python_dop_operator_3.py
[2024-03-06T14:08:07.182+0000] {processor.py:830} INFO - Processing file /home/airflow/.local/lib/python3.11/site-packages/airflow/example_dags/example_branch_python_dop_operator_3.py for tasks to queue
[2024-03-06T14:08:07.184+0000] {logging_mixin.py:188} INFO - [2024-03-06T14:08:07.183+0000] {dagbag.py:540} INFO - Filling up the DagBag from /home/airflow/.local/lib/python3.11/site-packages/airflow/example_dags/example_branch_python_dop_operator_3.py
[2024-03-06T14:08:07.193+0000] {processor.py:840} INFO - DAG(s) 'example_branch_dop_operator_v3' retrieved from /home/airflow/.local/lib/python3.11/site-packages/airflow/example_dags/example_branch_python_dop_operator_3.py
[2024-03-06T14:08:07.213+0000] {logging_mixin.py:188} INFO - [2024-03-06T14:08:07.213+0000] {dag.py:3047} INFO - Sync 1 DAGs
[2024-03-06T14:08:07.234+0000] {logging_mixin.py:188} INFO - [2024-03-06T14:08:07.234+0000] {dag.py:3834} INFO - Setting next_dagrun for example_branch_dop_operator_v3 to 2024-03-06 14:07:00+00:00, run_after=2024-03-06 14:08:00+00:00
[2024-03-06T14:08:07.250+0000] {processor.py:183} INFO - Processing /home/airflow/.local/lib/python3.11/site-packages/airflow/example_dags/example_branch_python_dop_operator_3.py took 0.073 seconds
[2024-03-06T14:08:37.531+0000] {processor.py:161} INFO - Started process (PID=11910) to work on /home/airflow/.local/lib/python3.11/site-packages/airflow/example_dags/example_branch_python_dop_operator_3.py
[2024-03-06T14:08:37.532+0000] {processor.py:830} INFO - Processing file /home/airflow/.local/lib/python3.11/site-packages/airflow/example_dags/example_branch_python_dop_operator_3.py for tasks to queue
[2024-03-06T14:08:37.534+0000] {logging_mixin.py:188} INFO - [2024-03-06T14:08:37.533+0000] {dagbag.py:540} INFO - Filling up the DagBag from /home/airflow/.local/lib/python3.11/site-packages/airflow/example_dags/example_branch_python_dop_operator_3.py
[2024-03-06T14:08:37.543+0000] {processor.py:840} INFO - DAG(s) 'example_branch_dop_operator_v3' retrieved from /home/airflow/.local/lib/python3.11/site-packages/airflow/example_dags/example_branch_python_dop_operator_3.py
[2024-03-06T14:08:37.567+0000] {logging_mixin.py:188} INFO - [2024-03-06T14:08:37.567+0000] {dag.py:3047} INFO - Sync 1 DAGs
[2024-03-06T14:08:37.592+0000] {logging_mixin.py:188} INFO - [2024-03-06T14:08:37.591+0000] {dag.py:3834} INFO - Setting next_dagrun for example_branch_dop_operator_v3 to 2024-03-06 14:07:00+00:00, run_after=2024-03-06 14:08:00+00:00
[2024-03-06T14:08:37.610+0000] {processor.py:183} INFO - Processing /home/airflow/.local/lib/python3.11/site-packages/airflow/example_dags/example_branch_python_dop_operator_3.py took 0.082 seconds
[2024-03-06T14:09:08.483+0000] {processor.py:161} INFO - Started process (PID=12154) to work on /home/airflow/.local/lib/python3.11/site-packages/airflow/example_dags/example_branch_python_dop_operator_3.py
[2024-03-06T14:09:08.485+0000] {processor.py:830} INFO - Processing file /home/airflow/.local/lib/python3.11/site-packages/airflow/example_dags/example_branch_python_dop_operator_3.py for tasks to queue
[2024-03-06T14:09:08.486+0000] {logging_mixin.py:188} INFO - [2024-03-06T14:09:08.486+0000] {dagbag.py:540} INFO - Filling up the DagBag from /home/airflow/.local/lib/python3.11/site-packages/airflow/example_dags/example_branch_python_dop_operator_3.py
[2024-03-06T14:09:08.495+0000] {processor.py:840} INFO - DAG(s) 'example_branch_dop_operator_v3' retrieved from /home/airflow/.local/lib/python3.11/site-packages/airflow/example_dags/example_branch_python_dop_operator_3.py
[2024-03-06T14:09:08.517+0000] {logging_mixin.py:188} INFO - [2024-03-06T14:09:08.517+0000] {dag.py:3047} INFO - Sync 1 DAGs
[2024-03-06T14:09:08.542+0000] {logging_mixin.py:188} INFO - [2024-03-06T14:09:08.542+0000] {dag.py:3834} INFO - Setting next_dagrun for example_branch_dop_operator_v3 to 2024-03-06 14:08:00+00:00, run_after=2024-03-06 14:09:00+00:00
[2024-03-06T14:09:08.561+0000] {processor.py:183} INFO - Processing /home/airflow/.local/lib/python3.11/site-packages/airflow/example_dags/example_branch_python_dop_operator_3.py took 0.082 seconds
[2024-03-06T14:09:39.337+0000] {processor.py:161} INFO - Started process (PID=12400) to work on /home/airflow/.local/lib/python3.11/site-packages/airflow/example_dags/example_branch_python_dop_operator_3.py
[2024-03-06T14:09:39.338+0000] {processor.py:830} INFO - Processing file /home/airflow/.local/lib/python3.11/site-packages/airflow/example_dags/example_branch_python_dop_operator_3.py for tasks to queue
[2024-03-06T14:09:39.339+0000] {logging_mixin.py:188} INFO - [2024-03-06T14:09:39.339+0000] {dagbag.py:540} INFO - Filling up the DagBag from /home/airflow/.local/lib/python3.11/site-packages/airflow/example_dags/example_branch_python_dop_operator_3.py
[2024-03-06T14:09:39.348+0000] {processor.py:840} INFO - DAG(s) 'example_branch_dop_operator_v3' retrieved from /home/airflow/.local/lib/python3.11/site-packages/airflow/example_dags/example_branch_python_dop_operator_3.py
[2024-03-06T14:09:39.371+0000] {logging_mixin.py:188} INFO - [2024-03-06T14:09:39.371+0000] {dag.py:3047} INFO - Sync 1 DAGs
[2024-03-06T14:09:39.397+0000] {logging_mixin.py:188} INFO - [2024-03-06T14:09:39.397+0000] {dag.py:3834} INFO - Setting next_dagrun for example_branch_dop_operator_v3 to 2024-03-06 14:08:00+00:00, run_after=2024-03-06 14:09:00+00:00
[2024-03-06T14:09:39.415+0000] {processor.py:183} INFO - Processing /home/airflow/.local/lib/python3.11/site-packages/airflow/example_dags/example_branch_python_dop_operator_3.py took 0.081 seconds
[2024-03-06T14:10:10.218+0000] {processor.py:161} INFO - Started process (PID=12649) to work on /home/airflow/.local/lib/python3.11/site-packages/airflow/example_dags/example_branch_python_dop_operator_3.py
[2024-03-06T14:10:10.219+0000] {processor.py:830} INFO - Processing file /home/airflow/.local/lib/python3.11/site-packages/airflow/example_dags/example_branch_python_dop_operator_3.py for tasks to queue
[2024-03-06T14:10:10.220+0000] {logging_mixin.py:188} INFO - [2024-03-06T14:10:10.220+0000] {dagbag.py:540} INFO - Filling up the DagBag from /home/airflow/.local/lib/python3.11/site-packages/airflow/example_dags/example_branch_python_dop_operator_3.py
[2024-03-06T14:10:10.228+0000] {processor.py:840} INFO - DAG(s) 'example_branch_dop_operator_v3' retrieved from /home/airflow/.local/lib/python3.11/site-packages/airflow/example_dags/example_branch_python_dop_operator_3.py
[2024-03-06T14:10:10.244+0000] {logging_mixin.py:188} INFO - [2024-03-06T14:10:10.244+0000] {dag.py:3047} INFO - Sync 1 DAGs
[2024-03-06T14:10:10.263+0000] {logging_mixin.py:188} INFO - [2024-03-06T14:10:10.263+0000] {dag.py:3834} INFO - Setting next_dagrun for example_branch_dop_operator_v3 to 2024-03-06 14:09:00+00:00, run_after=2024-03-06 14:10:00+00:00
[2024-03-06T14:10:10.279+0000] {processor.py:183} INFO - Processing /home/airflow/.local/lib/python3.11/site-packages/airflow/example_dags/example_branch_python_dop_operator_3.py took 0.064 seconds
[2024-03-06T14:10:40.353+0000] {processor.py:161} INFO - Started process (PID=12894) to work on /home/airflow/.local/lib/python3.11/site-packages/airflow/example_dags/example_branch_python_dop_operator_3.py
[2024-03-06T14:10:40.355+0000] {processor.py:830} INFO - Processing file /home/airflow/.local/lib/python3.11/site-packages/airflow/example_dags/example_branch_python_dop_operator_3.py for tasks to queue
[2024-03-06T14:10:40.356+0000] {logging_mixin.py:188} INFO - [2024-03-06T14:10:40.356+0000] {dagbag.py:540} INFO - Filling up the DagBag from /home/airflow/.local/lib/python3.11/site-packages/airflow/example_dags/example_branch_python_dop_operator_3.py
[2024-03-06T14:10:40.365+0000] {processor.py:840} INFO - DAG(s) 'example_branch_dop_operator_v3' retrieved from /home/airflow/.local/lib/python3.11/site-packages/airflow/example_dags/example_branch_python_dop_operator_3.py
[2024-03-06T14:10:40.383+0000] {logging_mixin.py:188} INFO - [2024-03-06T14:10:40.383+0000] {dag.py:3047} INFO - Sync 1 DAGs
[2024-03-06T14:10:40.404+0000] {logging_mixin.py:188} INFO - [2024-03-06T14:10:40.403+0000] {dag.py:3834} INFO - Setting next_dagrun for example_branch_dop_operator_v3 to 2024-03-06 14:09:00+00:00, run_after=2024-03-06 14:10:00+00:00
[2024-03-06T14:10:40.419+0000] {processor.py:183} INFO - Processing /home/airflow/.local/lib/python3.11/site-packages/airflow/example_dags/example_branch_python_dop_operator_3.py took 0.070 seconds
[2024-03-06T14:11:11.306+0000] {processor.py:161} INFO - Started process (PID=13141) to work on /home/airflow/.local/lib/python3.11/site-packages/airflow/example_dags/example_branch_python_dop_operator_3.py
[2024-03-06T14:11:11.307+0000] {processor.py:830} INFO - Processing file /home/airflow/.local/lib/python3.11/site-packages/airflow/example_dags/example_branch_python_dop_operator_3.py for tasks to queue
[2024-03-06T14:11:11.308+0000] {logging_mixin.py:188} INFO - [2024-03-06T14:11:11.308+0000] {dagbag.py:540} INFO - Filling up the DagBag from /home/airflow/.local/lib/python3.11/site-packages/airflow/example_dags/example_branch_python_dop_operator_3.py
[2024-03-06T14:11:11.317+0000] {processor.py:840} INFO - DAG(s) 'example_branch_dop_operator_v3' retrieved from /home/airflow/.local/lib/python3.11/site-packages/airflow/example_dags/example_branch_python_dop_operator_3.py
[2024-03-06T14:11:11.336+0000] {logging_mixin.py:188} INFO - [2024-03-06T14:11:11.336+0000] {dag.py:3047} INFO - Sync 1 DAGs
[2024-03-06T14:11:11.360+0000] {logging_mixin.py:188} INFO - [2024-03-06T14:11:11.360+0000] {dag.py:3834} INFO - Setting next_dagrun for example_branch_dop_operator_v3 to 2024-03-06 14:10:00+00:00, run_after=2024-03-06 14:11:00+00:00
[2024-03-06T14:11:11.377+0000] {processor.py:183} INFO - Processing /home/airflow/.local/lib/python3.11/site-packages/airflow/example_dags/example_branch_python_dop_operator_3.py took 0.075 seconds
[2024-03-06T14:11:42.008+0000] {processor.py:161} INFO - Started process (PID=13390) to work on /home/airflow/.local/lib/python3.11/site-packages/airflow/example_dags/example_branch_python_dop_operator_3.py
[2024-03-06T14:11:42.010+0000] {processor.py:830} INFO - Processing file /home/airflow/.local/lib/python3.11/site-packages/airflow/example_dags/example_branch_python_dop_operator_3.py for tasks to queue
[2024-03-06T14:11:42.011+0000] {logging_mixin.py:188} INFO - [2024-03-06T14:11:42.011+0000] {dagbag.py:540} INFO - Filling up the DagBag from /home/airflow/.local/lib/python3.11/site-packages/airflow/example_dags/example_branch_python_dop_operator_3.py
[2024-03-06T14:11:42.022+0000] {processor.py:840} INFO - DAG(s) 'example_branch_dop_operator_v3' retrieved from /home/airflow/.local/lib/python3.11/site-packages/airflow/example_dags/example_branch_python_dop_operator_3.py
[2024-03-06T14:11:42.045+0000] {logging_mixin.py:188} INFO - [2024-03-06T14:11:42.044+0000] {dag.py:3047} INFO - Sync 1 DAGs
[2024-03-06T14:11:42.066+0000] {logging_mixin.py:188} INFO - [2024-03-06T14:11:42.066+0000] {dag.py:3834} INFO - Setting next_dagrun for example_branch_dop_operator_v3 to 2024-03-06 14:10:00+00:00, run_after=2024-03-06 14:11:00+00:00
[2024-03-06T14:11:42.084+0000] {processor.py:183} INFO - Processing /home/airflow/.local/lib/python3.11/site-packages/airflow/example_dags/example_branch_python_dop_operator_3.py took 0.079 seconds
[2024-03-06T14:12:12.620+0000] {processor.py:161} INFO - Started process (PID=13635) to work on /home/airflow/.local/lib/python3.11/site-packages/airflow/example_dags/example_branch_python_dop_operator_3.py
[2024-03-06T14:12:12.621+0000] {processor.py:830} INFO - Processing file /home/airflow/.local/lib/python3.11/site-packages/airflow/example_dags/example_branch_python_dop_operator_3.py for tasks to queue
[2024-03-06T14:12:12.622+0000] {logging_mixin.py:188} INFO - [2024-03-06T14:12:12.622+0000] {dagbag.py:540} INFO - Filling up the DagBag from /home/airflow/.local/lib/python3.11/site-packages/airflow/example_dags/example_branch_python_dop_operator_3.py
[2024-03-06T14:12:12.631+0000] {processor.py:840} INFO - DAG(s) 'example_branch_dop_operator_v3' retrieved from /home/airflow/.local/lib/python3.11/site-packages/airflow/example_dags/example_branch_python_dop_operator_3.py
[2024-03-06T14:12:12.655+0000] {logging_mixin.py:188} INFO - [2024-03-06T14:12:12.655+0000] {dag.py:3047} INFO - Sync 1 DAGs
[2024-03-06T14:12:12.682+0000] {logging_mixin.py:188} INFO - [2024-03-06T14:12:12.682+0000] {dag.py:3834} INFO - Setting next_dagrun for example_branch_dop_operator_v3 to 2024-03-06 14:11:00+00:00, run_after=2024-03-06 14:12:00+00:00
[2024-03-06T14:12:12.709+0000] {processor.py:183} INFO - Processing /home/airflow/.local/lib/python3.11/site-packages/airflow/example_dags/example_branch_python_dop_operator_3.py took 0.092 seconds
[2024-03-06T14:12:43.212+0000] {processor.py:161} INFO - Started process (PID=13882) to work on /home/airflow/.local/lib/python3.11/site-packages/airflow/example_dags/example_branch_python_dop_operator_3.py
[2024-03-06T14:12:43.213+0000] {processor.py:830} INFO - Processing file /home/airflow/.local/lib/python3.11/site-packages/airflow/example_dags/example_branch_python_dop_operator_3.py for tasks to queue
[2024-03-06T14:12:43.215+0000] {logging_mixin.py:188} INFO - [2024-03-06T14:12:43.215+0000] {dagbag.py:540} INFO - Filling up the DagBag from /home/airflow/.local/lib/python3.11/site-packages/airflow/example_dags/example_branch_python_dop_operator_3.py
[2024-03-06T14:12:43.224+0000] {processor.py:840} INFO - DAG(s) 'example_branch_dop_operator_v3' retrieved from /home/airflow/.local/lib/python3.11/site-packages/airflow/example_dags/example_branch_python_dop_operator_3.py
[2024-03-06T14:12:43.252+0000] {logging_mixin.py:188} INFO - [2024-03-06T14:12:43.251+0000] {dag.py:3047} INFO - Sync 1 DAGs
[2024-03-06T14:12:43.283+0000] {logging_mixin.py:188} INFO - [2024-03-06T14:12:43.282+0000] {dag.py:3834} INFO - Setting next_dagrun for example_branch_dop_operator_v3 to 2024-03-06 14:11:00+00:00, run_after=2024-03-06 14:12:00+00:00
[2024-03-06T14:12:43.309+0000] {processor.py:183} INFO - Processing /home/airflow/.local/lib/python3.11/site-packages/airflow/example_dags/example_branch_python_dop_operator_3.py took 0.101 seconds
[2024-03-06T14:13:14.121+0000] {processor.py:161} INFO - Started process (PID=14130) to work on /home/airflow/.local/lib/python3.11/site-packages/airflow/example_dags/example_branch_python_dop_operator_3.py
[2024-03-06T14:13:14.122+0000] {processor.py:830} INFO - Processing file /home/airflow/.local/lib/python3.11/site-packages/airflow/example_dags/example_branch_python_dop_operator_3.py for tasks to queue
[2024-03-06T14:13:14.123+0000] {logging_mixin.py:188} INFO - [2024-03-06T14:13:14.123+0000] {dagbag.py:540} INFO - Filling up the DagBag from /home/airflow/.local/lib/python3.11/site-packages/airflow/example_dags/example_branch_python_dop_operator_3.py
[2024-03-06T14:13:14.131+0000] {processor.py:840} INFO - DAG(s) 'example_branch_dop_operator_v3' retrieved from /home/airflow/.local/lib/python3.11/site-packages/airflow/example_dags/example_branch_python_dop_operator_3.py
[2024-03-06T14:13:14.152+0000] {logging_mixin.py:188} INFO - [2024-03-06T14:13:14.152+0000] {dag.py:3047} INFO - Sync 1 DAGs
[2024-03-06T14:13:14.175+0000] {logging_mixin.py:188} INFO - [2024-03-06T14:13:14.174+0000] {dag.py:3834} INFO - Setting next_dagrun for example_branch_dop_operator_v3 to 2024-03-06 14:12:00+00:00, run_after=2024-03-06 14:13:00+00:00
[2024-03-06T14:13:14.192+0000] {processor.py:183} INFO - Processing /home/airflow/.local/lib/python3.11/site-packages/airflow/example_dags/example_branch_python_dop_operator_3.py took 0.074 seconds
[2024-03-06T14:13:44.702+0000] {processor.py:161} INFO - Started process (PID=14376) to work on /home/airflow/.local/lib/python3.11/site-packages/airflow/example_dags/example_branch_python_dop_operator_3.py
[2024-03-06T14:13:44.704+0000] {processor.py:830} INFO - Processing file /home/airflow/.local/lib/python3.11/site-packages/airflow/example_dags/example_branch_python_dop_operator_3.py for tasks to queue
[2024-03-06T14:13:44.706+0000] {logging_mixin.py:188} INFO - [2024-03-06T14:13:44.705+0000] {dagbag.py:540} INFO - Filling up the DagBag from /home/airflow/.local/lib/python3.11/site-packages/airflow/example_dags/example_branch_python_dop_operator_3.py
[2024-03-06T14:13:44.719+0000] {processor.py:840} INFO - DAG(s) 'example_branch_dop_operator_v3' retrieved from /home/airflow/.local/lib/python3.11/site-packages/airflow/example_dags/example_branch_python_dop_operator_3.py
[2024-03-06T14:13:44.746+0000] {logging_mixin.py:188} INFO - [2024-03-06T14:13:44.746+0000] {dag.py:3047} INFO - Sync 1 DAGs
[2024-03-06T14:13:44.776+0000] {logging_mixin.py:188} INFO - [2024-03-06T14:13:44.776+0000] {dag.py:3834} INFO - Setting next_dagrun for example_branch_dop_operator_v3 to 2024-03-06 14:12:00+00:00, run_after=2024-03-06 14:13:00+00:00
[2024-03-06T14:13:44.793+0000] {processor.py:183} INFO - Processing /home/airflow/.local/lib/python3.11/site-packages/airflow/example_dags/example_branch_python_dop_operator_3.py took 0.094 seconds
[2024-03-06T14:14:15.603+0000] {processor.py:161} INFO - Started process (PID=14623) to work on /home/airflow/.local/lib/python3.11/site-packages/airflow/example_dags/example_branch_python_dop_operator_3.py
[2024-03-06T14:14:15.606+0000] {processor.py:830} INFO - Processing file /home/airflow/.local/lib/python3.11/site-packages/airflow/example_dags/example_branch_python_dop_operator_3.py for tasks to queue
[2024-03-06T14:14:15.609+0000] {logging_mixin.py:188} INFO - [2024-03-06T14:14:15.608+0000] {dagbag.py:540} INFO - Filling up the DagBag from /home/airflow/.local/lib/python3.11/site-packages/airflow/example_dags/example_branch_python_dop_operator_3.py
[2024-03-06T14:14:15.621+0000] {processor.py:840} INFO - DAG(s) 'example_branch_dop_operator_v3' retrieved from /home/airflow/.local/lib/python3.11/site-packages/airflow/example_dags/example_branch_python_dop_operator_3.py
[2024-03-06T14:14:15.651+0000] {logging_mixin.py:188} INFO - [2024-03-06T14:14:15.650+0000] {dag.py:3047} INFO - Sync 1 DAGs
[2024-03-06T14:14:15.686+0000] {logging_mixin.py:188} INFO - [2024-03-06T14:14:15.686+0000] {dag.py:3834} INFO - Setting next_dagrun for example_branch_dop_operator_v3 to 2024-03-06 14:13:00+00:00, run_after=2024-03-06 14:14:00+00:00
[2024-03-06T14:14:15.712+0000] {processor.py:183} INFO - Processing /home/airflow/.local/lib/python3.11/site-packages/airflow/example_dags/example_branch_python_dop_operator_3.py took 0.113 seconds
[2024-03-06T14:14:45.786+0000] {processor.py:161} INFO - Started process (PID=14870) to work on /home/airflow/.local/lib/python3.11/site-packages/airflow/example_dags/example_branch_python_dop_operator_3.py
[2024-03-06T14:14:45.788+0000] {processor.py:830} INFO - Processing file /home/airflow/.local/lib/python3.11/site-packages/airflow/example_dags/example_branch_python_dop_operator_3.py for tasks to queue
[2024-03-06T14:14:45.789+0000] {logging_mixin.py:188} INFO - [2024-03-06T14:14:45.789+0000] {dagbag.py:540} INFO - Filling up the DagBag from /home/airflow/.local/lib/python3.11/site-packages/airflow/example_dags/example_branch_python_dop_operator_3.py
[2024-03-06T14:14:45.798+0000] {processor.py:840} INFO - DAG(s) 'example_branch_dop_operator_v3' retrieved from /home/airflow/.local/lib/python3.11/site-packages/airflow/example_dags/example_branch_python_dop_operator_3.py
[2024-03-06T14:14:45.820+0000] {logging_mixin.py:188} INFO - [2024-03-06T14:14:45.820+0000] {dag.py:3047} INFO - Sync 1 DAGs
[2024-03-06T14:14:45.844+0000] {logging_mixin.py:188} INFO - [2024-03-06T14:14:45.843+0000] {dag.py:3834} INFO - Setting next_dagrun for example_branch_dop_operator_v3 to 2024-03-06 14:13:00+00:00, run_after=2024-03-06 14:14:00+00:00
[2024-03-06T14:14:45.865+0000] {processor.py:183} INFO - Processing /home/airflow/.local/lib/python3.11/site-packages/airflow/example_dags/example_branch_python_dop_operator_3.py took 0.081 seconds
[2024-03-06T14:15:16.015+0000] {processor.py:161} INFO - Started process (PID=15118) to work on /home/airflow/.local/lib/python3.11/site-packages/airflow/example_dags/example_branch_python_dop_operator_3.py
[2024-03-06T14:15:16.018+0000] {processor.py:830} INFO - Processing file /home/airflow/.local/lib/python3.11/site-packages/airflow/example_dags/example_branch_python_dop_operator_3.py for tasks to queue
[2024-03-06T14:15:16.020+0000] {logging_mixin.py:188} INFO - [2024-03-06T14:15:16.019+0000] {dagbag.py:540} INFO - Filling up the DagBag from /home/airflow/.local/lib/python3.11/site-packages/airflow/example_dags/example_branch_python_dop_operator_3.py
[2024-03-06T14:15:16.029+0000] {processor.py:840} INFO - DAG(s) 'example_branch_dop_operator_v3' retrieved from /home/airflow/.local/lib/python3.11/site-packages/airflow/example_dags/example_branch_python_dop_operator_3.py
[2024-03-06T14:15:16.050+0000] {logging_mixin.py:188} INFO - [2024-03-06T14:15:16.050+0000] {dag.py:3047} INFO - Sync 1 DAGs
[2024-03-06T14:15:16.076+0000] {logging_mixin.py:188} INFO - [2024-03-06T14:15:16.076+0000] {dag.py:3834} INFO - Setting next_dagrun for example_branch_dop_operator_v3 to 2024-03-06 14:14:00+00:00, run_after=2024-03-06 14:15:00+00:00
[2024-03-06T14:15:16.095+0000] {processor.py:183} INFO - Processing /home/airflow/.local/lib/python3.11/site-packages/airflow/example_dags/example_branch_python_dop_operator_3.py took 0.083 seconds
[2024-03-06T14:15:47.028+0000] {processor.py:161} INFO - Started process (PID=15366) to work on /home/airflow/.local/lib/python3.11/site-packages/airflow/example_dags/example_branch_python_dop_operator_3.py
[2024-03-06T14:15:47.029+0000] {processor.py:830} INFO - Processing file /home/airflow/.local/lib/python3.11/site-packages/airflow/example_dags/example_branch_python_dop_operator_3.py for tasks to queue
[2024-03-06T14:15:47.031+0000] {logging_mixin.py:188} INFO - [2024-03-06T14:15:47.030+0000] {dagbag.py:540} INFO - Filling up the DagBag from /home/airflow/.local/lib/python3.11/site-packages/airflow/example_dags/example_branch_python_dop_operator_3.py
[2024-03-06T14:15:47.044+0000] {processor.py:840} INFO - DAG(s) 'example_branch_dop_operator_v3' retrieved from /home/airflow/.local/lib/python3.11/site-packages/airflow/example_dags/example_branch_python_dop_operator_3.py
[2024-03-06T14:15:47.065+0000] {logging_mixin.py:188} INFO - [2024-03-06T14:15:47.065+0000] {dag.py:3047} INFO - Sync 1 DAGs
[2024-03-06T14:15:47.087+0000] {logging_mixin.py:188} INFO - [2024-03-06T14:15:47.087+0000] {dag.py:3834} INFO - Setting next_dagrun for example_branch_dop_operator_v3 to 2024-03-06 14:14:00+00:00, run_after=2024-03-06 14:15:00+00:00
[2024-03-06T14:15:47.101+0000] {processor.py:183} INFO - Processing /home/airflow/.local/lib/python3.11/site-packages/airflow/example_dags/example_branch_python_dop_operator_3.py took 0.076 seconds
[2024-03-06T14:16:17.316+0000] {processor.py:161} INFO - Started process (PID=15611) to work on /home/airflow/.local/lib/python3.11/site-packages/airflow/example_dags/example_branch_python_dop_operator_3.py
[2024-03-06T14:16:17.317+0000] {processor.py:830} INFO - Processing file /home/airflow/.local/lib/python3.11/site-packages/airflow/example_dags/example_branch_python_dop_operator_3.py for tasks to queue
[2024-03-06T14:16:17.318+0000] {logging_mixin.py:188} INFO - [2024-03-06T14:16:17.318+0000] {dagbag.py:540} INFO - Filling up the DagBag from /home/airflow/.local/lib/python3.11/site-packages/airflow/example_dags/example_branch_python_dop_operator_3.py
[2024-03-06T14:16:17.331+0000] {processor.py:840} INFO - DAG(s) 'example_branch_dop_operator_v3' retrieved from /home/airflow/.local/lib/python3.11/site-packages/airflow/example_dags/example_branch_python_dop_operator_3.py
[2024-03-06T14:16:17.362+0000] {logging_mixin.py:188} INFO - [2024-03-06T14:16:17.362+0000] {dag.py:3047} INFO - Sync 1 DAGs
[2024-03-06T14:16:17.397+0000] {logging_mixin.py:188} INFO - [2024-03-06T14:16:17.397+0000] {dag.py:3834} INFO - Setting next_dagrun for example_branch_dop_operator_v3 to 2024-03-06 14:15:00+00:00, run_after=2024-03-06 14:16:00+00:00
[2024-03-06T14:16:17.428+0000] {processor.py:183} INFO - Processing /home/airflow/.local/lib/python3.11/site-packages/airflow/example_dags/example_branch_python_dop_operator_3.py took 0.116 seconds
[2024-03-06T14:16:48.086+0000] {processor.py:161} INFO - Started process (PID=15860) to work on /home/airflow/.local/lib/python3.11/site-packages/airflow/example_dags/example_branch_python_dop_operator_3.py
[2024-03-06T14:16:48.087+0000] {processor.py:830} INFO - Processing file /home/airflow/.local/lib/python3.11/site-packages/airflow/example_dags/example_branch_python_dop_operator_3.py for tasks to queue
[2024-03-06T14:16:48.088+0000] {logging_mixin.py:188} INFO - [2024-03-06T14:16:48.088+0000] {dagbag.py:540} INFO - Filling up the DagBag from /home/airflow/.local/lib/python3.11/site-packages/airflow/example_dags/example_branch_python_dop_operator_3.py
[2024-03-06T14:16:48.097+0000] {processor.py:840} INFO - DAG(s) 'example_branch_dop_operator_v3' retrieved from /home/airflow/.local/lib/python3.11/site-packages/airflow/example_dags/example_branch_python_dop_operator_3.py
[2024-03-06T14:16:48.118+0000] {logging_mixin.py:188} INFO - [2024-03-06T14:16:48.118+0000] {dag.py:3047} INFO - Sync 1 DAGs
[2024-03-06T14:16:48.142+0000] {logging_mixin.py:188} INFO - [2024-03-06T14:16:48.142+0000] {dag.py:3834} INFO - Setting next_dagrun for example_branch_dop_operator_v3 to 2024-03-06 14:15:00+00:00, run_after=2024-03-06 14:16:00+00:00
[2024-03-06T14:16:48.159+0000] {processor.py:183} INFO - Processing /home/airflow/.local/lib/python3.11/site-packages/airflow/example_dags/example_branch_python_dop_operator_3.py took 0.075 seconds
[2024-03-06T14:17:18.983+0000] {processor.py:161} INFO - Started process (PID=16107) to work on /home/airflow/.local/lib/python3.11/site-packages/airflow/example_dags/example_branch_python_dop_operator_3.py
[2024-03-06T14:17:18.992+0000] {processor.py:830} INFO - Processing file /home/airflow/.local/lib/python3.11/site-packages/airflow/example_dags/example_branch_python_dop_operator_3.py for tasks to queue
[2024-03-06T14:17:18.996+0000] {logging_mixin.py:188} INFO - [2024-03-06T14:17:18.995+0000] {dagbag.py:540} INFO - Filling up the DagBag from /home/airflow/.local/lib/python3.11/site-packages/airflow/example_dags/example_branch_python_dop_operator_3.py
[2024-03-06T14:17:19.011+0000] {processor.py:840} INFO - DAG(s) 'example_branch_dop_operator_v3' retrieved from /home/airflow/.local/lib/python3.11/site-packages/airflow/example_dags/example_branch_python_dop_operator_3.py
[2024-03-06T14:17:19.044+0000] {logging_mixin.py:188} INFO - [2024-03-06T14:17:19.043+0000] {dag.py:3047} INFO - Sync 1 DAGs
[2024-03-06T14:17:19.082+0000] {logging_mixin.py:188} INFO - [2024-03-06T14:17:19.081+0000] {dag.py:3834} INFO - Setting next_dagrun for example_branch_dop_operator_v3 to 2024-03-06 14:16:00+00:00, run_after=2024-03-06 14:17:00+00:00
[2024-03-06T14:17:19.114+0000] {processor.py:183} INFO - Processing /home/airflow/.local/lib/python3.11/site-packages/airflow/example_dags/example_branch_python_dop_operator_3.py took 0.135 seconds
[2024-03-06T14:17:49.426+0000] {processor.py:161} INFO - Started process (PID=16352) to work on /home/airflow/.local/lib/python3.11/site-packages/airflow/example_dags/example_branch_python_dop_operator_3.py
[2024-03-06T14:17:49.441+0000] {processor.py:830} INFO - Processing file /home/airflow/.local/lib/python3.11/site-packages/airflow/example_dags/example_branch_python_dop_operator_3.py for tasks to queue
[2024-03-06T14:17:49.450+0000] {logging_mixin.py:188} INFO - [2024-03-06T14:17:49.444+0000] {dagbag.py:540} INFO - Filling up the DagBag from /home/airflow/.local/lib/python3.11/site-packages/airflow/example_dags/example_branch_python_dop_operator_3.py
[2024-03-06T14:17:49.484+0000] {processor.py:840} INFO - DAG(s) 'example_branch_dop_operator_v3' retrieved from /home/airflow/.local/lib/python3.11/site-packages/airflow/example_dags/example_branch_python_dop_operator_3.py
[2024-03-06T14:17:49.586+0000] {logging_mixin.py:188} INFO - [2024-03-06T14:17:49.586+0000] {dag.py:3047} INFO - Sync 1 DAGs
[2024-03-06T14:17:49.686+0000] {logging_mixin.py:188} INFO - [2024-03-06T14:17:49.686+0000] {dag.py:3834} INFO - Setting next_dagrun for example_branch_dop_operator_v3 to 2024-03-06 14:16:00+00:00, run_after=2024-03-06 14:17:00+00:00
[2024-03-06T14:17:49.794+0000] {processor.py:183} INFO - Processing /home/airflow/.local/lib/python3.11/site-packages/airflow/example_dags/example_branch_python_dop_operator_3.py took 0.374 seconds
[2024-03-06T14:18:20.510+0000] {processor.py:161} INFO - Started process (PID=16601) to work on /home/airflow/.local/lib/python3.11/site-packages/airflow/example_dags/example_branch_python_dop_operator_3.py
[2024-03-06T14:18:20.513+0000] {processor.py:830} INFO - Processing file /home/airflow/.local/lib/python3.11/site-packages/airflow/example_dags/example_branch_python_dop_operator_3.py for tasks to queue
[2024-03-06T14:18:20.517+0000] {logging_mixin.py:188} INFO - [2024-03-06T14:18:20.516+0000] {dagbag.py:540} INFO - Filling up the DagBag from /home/airflow/.local/lib/python3.11/site-packages/airflow/example_dags/example_branch_python_dop_operator_3.py
[2024-03-06T14:18:20.533+0000] {processor.py:840} INFO - DAG(s) 'example_branch_dop_operator_v3' retrieved from /home/airflow/.local/lib/python3.11/site-packages/airflow/example_dags/example_branch_python_dop_operator_3.py
[2024-03-06T14:18:20.586+0000] {logging_mixin.py:188} INFO - [2024-03-06T14:18:20.584+0000] {dag.py:3047} INFO - Sync 1 DAGs
[2024-03-06T14:18:20.646+0000] {logging_mixin.py:188} INFO - [2024-03-06T14:18:20.646+0000] {dag.py:3834} INFO - Setting next_dagrun for example_branch_dop_operator_v3 to 2024-03-06 14:17:00+00:00, run_after=2024-03-06 14:18:00+00:00
[2024-03-06T14:18:20.716+0000] {processor.py:183} INFO - Processing /home/airflow/.local/lib/python3.11/site-packages/airflow/example_dags/example_branch_python_dop_operator_3.py took 0.214 seconds
[2024-03-06T14:18:51.220+0000] {processor.py:161} INFO - Started process (PID=16847) to work on /home/airflow/.local/lib/python3.11/site-packages/airflow/example_dags/example_branch_python_dop_operator_3.py
[2024-03-06T14:18:51.226+0000] {processor.py:830} INFO - Processing file /home/airflow/.local/lib/python3.11/site-packages/airflow/example_dags/example_branch_python_dop_operator_3.py for tasks to queue
[2024-03-06T14:18:51.230+0000] {logging_mixin.py:188} INFO - [2024-03-06T14:18:51.230+0000] {dagbag.py:540} INFO - Filling up the DagBag from /home/airflow/.local/lib/python3.11/site-packages/airflow/example_dags/example_branch_python_dop_operator_3.py
[2024-03-06T14:18:51.249+0000] {processor.py:840} INFO - DAG(s) 'example_branch_dop_operator_v3' retrieved from /home/airflow/.local/lib/python3.11/site-packages/airflow/example_dags/example_branch_python_dop_operator_3.py
[2024-03-06T14:18:51.304+0000] {logging_mixin.py:188} INFO - [2024-03-06T14:18:51.304+0000] {dag.py:3047} INFO - Sync 1 DAGs
[2024-03-06T14:18:51.379+0000] {logging_mixin.py:188} INFO - [2024-03-06T14:18:51.379+0000] {dag.py:3834} INFO - Setting next_dagrun for example_branch_dop_operator_v3 to 2024-03-06 14:17:00+00:00, run_after=2024-03-06 14:18:00+00:00
[2024-03-06T14:18:51.421+0000] {processor.py:183} INFO - Processing /home/airflow/.local/lib/python3.11/site-packages/airflow/example_dags/example_branch_python_dop_operator_3.py took 0.206 seconds
