[2024-03-06T13:44:36.674+0000] {processor.py:161} INFO - Started process (PID=239) to work on /home/airflow/.local/lib/python3.11/site-packages/airflow/example_dags/example_time_delta_sensor_async.py
[2024-03-06T13:44:36.676+0000] {processor.py:830} INFO - Processing file /home/airflow/.local/lib/python3.11/site-packages/airflow/example_dags/example_time_delta_sensor_async.py for tasks to queue
[2024-03-06T13:44:36.679+0000] {logging_mixin.py:188} INFO - [2024-03-06T13:44:36.679+0000] {dagbag.py:540} INFO - Filling up the DagBag from /home/airflow/.local/lib/python3.11/site-packages/airflow/example_dags/example_time_delta_sensor_async.py
[2024-03-06T13:44:36.691+0000] {processor.py:840} INFO - DAG(s) 'example_time_delta_sensor_async' retrieved from /home/airflow/.local/lib/python3.11/site-packages/airflow/example_dags/example_time_delta_sensor_async.py
[2024-03-06T13:44:36.731+0000] {logging_mixin.py:188} INFO - [2024-03-06T13:44:36.731+0000] {dag.py:3047} INFO - Sync 1 DAGs
[2024-03-06T13:44:36.750+0000] {logging_mixin.py:188} INFO - [2024-03-06T13:44:36.749+0000] {dag.py:3834} INFO - Setting next_dagrun for example_time_delta_sensor_async to None, run_after=None
[2024-03-06T13:44:36.775+0000] {processor.py:183} INFO - Processing /home/airflow/.local/lib/python3.11/site-packages/airflow/example_dags/example_time_delta_sensor_async.py took 0.105 seconds
[2024-03-06T13:45:07.303+0000] {processor.py:161} INFO - Started process (PID=485) to work on /home/airflow/.local/lib/python3.11/site-packages/airflow/example_dags/example_time_delta_sensor_async.py
[2024-03-06T13:45:07.305+0000] {processor.py:830} INFO - Processing file /home/airflow/.local/lib/python3.11/site-packages/airflow/example_dags/example_time_delta_sensor_async.py for tasks to queue
[2024-03-06T13:45:07.306+0000] {logging_mixin.py:188} INFO - [2024-03-06T13:45:07.306+0000] {dagbag.py:540} INFO - Filling up the DagBag from /home/airflow/.local/lib/python3.11/site-packages/airflow/example_dags/example_time_delta_sensor_async.py
[2024-03-06T13:45:07.312+0000] {processor.py:840} INFO - DAG(s) 'example_time_delta_sensor_async' retrieved from /home/airflow/.local/lib/python3.11/site-packages/airflow/example_dags/example_time_delta_sensor_async.py
[2024-03-06T13:45:07.336+0000] {logging_mixin.py:188} INFO - [2024-03-06T13:45:07.335+0000] {dag.py:3047} INFO - Sync 1 DAGs
[2024-03-06T13:45:07.353+0000] {logging_mixin.py:188} INFO - [2024-03-06T13:45:07.353+0000] {dag.py:3834} INFO - Setting next_dagrun for example_time_delta_sensor_async to None, run_after=None
[2024-03-06T13:45:07.378+0000] {processor.py:183} INFO - Processing /home/airflow/.local/lib/python3.11/site-packages/airflow/example_dags/example_time_delta_sensor_async.py took 0.078 seconds
[2024-03-06T13:45:37.728+0000] {processor.py:161} INFO - Started process (PID=731) to work on /home/airflow/.local/lib/python3.11/site-packages/airflow/example_dags/example_time_delta_sensor_async.py
[2024-03-06T13:45:37.730+0000] {processor.py:830} INFO - Processing file /home/airflow/.local/lib/python3.11/site-packages/airflow/example_dags/example_time_delta_sensor_async.py for tasks to queue
[2024-03-06T13:45:37.731+0000] {logging_mixin.py:188} INFO - [2024-03-06T13:45:37.731+0000] {dagbag.py:540} INFO - Filling up the DagBag from /home/airflow/.local/lib/python3.11/site-packages/airflow/example_dags/example_time_delta_sensor_async.py
[2024-03-06T13:45:37.737+0000] {processor.py:840} INFO - DAG(s) 'example_time_delta_sensor_async' retrieved from /home/airflow/.local/lib/python3.11/site-packages/airflow/example_dags/example_time_delta_sensor_async.py
[2024-03-06T13:45:37.762+0000] {logging_mixin.py:188} INFO - [2024-03-06T13:45:37.762+0000] {dag.py:3047} INFO - Sync 1 DAGs
[2024-03-06T13:45:37.776+0000] {logging_mixin.py:188} INFO - [2024-03-06T13:45:37.776+0000] {dag.py:3834} INFO - Setting next_dagrun for example_time_delta_sensor_async to None, run_after=None
[2024-03-06T13:45:37.795+0000] {processor.py:183} INFO - Processing /home/airflow/.local/lib/python3.11/site-packages/airflow/example_dags/example_time_delta_sensor_async.py took 0.072 seconds
[2024-03-06T13:46:07.930+0000] {processor.py:161} INFO - Started process (PID=978) to work on /home/airflow/.local/lib/python3.11/site-packages/airflow/example_dags/example_time_delta_sensor_async.py
[2024-03-06T13:46:07.933+0000] {processor.py:830} INFO - Processing file /home/airflow/.local/lib/python3.11/site-packages/airflow/example_dags/example_time_delta_sensor_async.py for tasks to queue
[2024-03-06T13:46:07.934+0000] {logging_mixin.py:188} INFO - [2024-03-06T13:46:07.934+0000] {dagbag.py:540} INFO - Filling up the DagBag from /home/airflow/.local/lib/python3.11/site-packages/airflow/example_dags/example_time_delta_sensor_async.py
[2024-03-06T13:46:07.940+0000] {processor.py:840} INFO - DAG(s) 'example_time_delta_sensor_async' retrieved from /home/airflow/.local/lib/python3.11/site-packages/airflow/example_dags/example_time_delta_sensor_async.py
[2024-03-06T13:46:07.961+0000] {logging_mixin.py:188} INFO - [2024-03-06T13:46:07.961+0000] {dag.py:3047} INFO - Sync 1 DAGs
[2024-03-06T13:46:07.974+0000] {logging_mixin.py:188} INFO - [2024-03-06T13:46:07.974+0000] {dag.py:3834} INFO - Setting next_dagrun for example_time_delta_sensor_async to None, run_after=None
[2024-03-06T13:46:08.004+0000] {processor.py:183} INFO - Processing /home/airflow/.local/lib/python3.11/site-packages/airflow/example_dags/example_time_delta_sensor_async.py took 0.078 seconds
[2024-03-06T13:46:38.971+0000] {processor.py:161} INFO - Started process (PID=1225) to work on /home/airflow/.local/lib/python3.11/site-packages/airflow/example_dags/example_time_delta_sensor_async.py
[2024-03-06T13:46:38.974+0000] {processor.py:830} INFO - Processing file /home/airflow/.local/lib/python3.11/site-packages/airflow/example_dags/example_time_delta_sensor_async.py for tasks to queue
[2024-03-06T13:46:38.976+0000] {logging_mixin.py:188} INFO - [2024-03-06T13:46:38.975+0000] {dagbag.py:540} INFO - Filling up the DagBag from /home/airflow/.local/lib/python3.11/site-packages/airflow/example_dags/example_time_delta_sensor_async.py
[2024-03-06T13:46:38.983+0000] {processor.py:840} INFO - DAG(s) 'example_time_delta_sensor_async' retrieved from /home/airflow/.local/lib/python3.11/site-packages/airflow/example_dags/example_time_delta_sensor_async.py
[2024-03-06T13:46:39.018+0000] {logging_mixin.py:188} INFO - [2024-03-06T13:46:39.018+0000] {dag.py:3047} INFO - Sync 1 DAGs
[2024-03-06T13:46:39.041+0000] {logging_mixin.py:188} INFO - [2024-03-06T13:46:39.041+0000] {dag.py:3834} INFO - Setting next_dagrun for example_time_delta_sensor_async to None, run_after=None
[2024-03-06T13:46:39.066+0000] {processor.py:183} INFO - Processing /home/airflow/.local/lib/python3.11/site-packages/airflow/example_dags/example_time_delta_sensor_async.py took 0.104 seconds
[2024-03-06T13:47:10.019+0000] {processor.py:161} INFO - Started process (PID=1472) to work on /home/airflow/.local/lib/python3.11/site-packages/airflow/example_dags/example_time_delta_sensor_async.py
[2024-03-06T13:47:10.022+0000] {processor.py:830} INFO - Processing file /home/airflow/.local/lib/python3.11/site-packages/airflow/example_dags/example_time_delta_sensor_async.py for tasks to queue
[2024-03-06T13:47:10.023+0000] {logging_mixin.py:188} INFO - [2024-03-06T13:47:10.023+0000] {dagbag.py:540} INFO - Filling up the DagBag from /home/airflow/.local/lib/python3.11/site-packages/airflow/example_dags/example_time_delta_sensor_async.py
[2024-03-06T13:47:10.034+0000] {processor.py:840} INFO - DAG(s) 'example_time_delta_sensor_async' retrieved from /home/airflow/.local/lib/python3.11/site-packages/airflow/example_dags/example_time_delta_sensor_async.py
[2024-03-06T13:47:10.079+0000] {logging_mixin.py:188} INFO - [2024-03-06T13:47:10.079+0000] {dag.py:3047} INFO - Sync 1 DAGs
[2024-03-06T13:47:10.105+0000] {logging_mixin.py:188} INFO - [2024-03-06T13:47:10.105+0000] {dag.py:3834} INFO - Setting next_dagrun for example_time_delta_sensor_async to None, run_after=None
[2024-03-06T13:47:10.138+0000] {processor.py:183} INFO - Processing /home/airflow/.local/lib/python3.11/site-packages/airflow/example_dags/example_time_delta_sensor_async.py took 0.125 seconds
[2024-03-06T13:47:41.234+0000] {processor.py:161} INFO - Started process (PID=1721) to work on /home/airflow/.local/lib/python3.11/site-packages/airflow/example_dags/example_time_delta_sensor_async.py
[2024-03-06T13:47:41.245+0000] {processor.py:830} INFO - Processing file /home/airflow/.local/lib/python3.11/site-packages/airflow/example_dags/example_time_delta_sensor_async.py for tasks to queue
[2024-03-06T13:47:41.247+0000] {logging_mixin.py:188} INFO - [2024-03-06T13:47:41.246+0000] {dagbag.py:540} INFO - Filling up the DagBag from /home/airflow/.local/lib/python3.11/site-packages/airflow/example_dags/example_time_delta_sensor_async.py
[2024-03-06T13:47:41.262+0000] {processor.py:840} INFO - DAG(s) 'example_time_delta_sensor_async' retrieved from /home/airflow/.local/lib/python3.11/site-packages/airflow/example_dags/example_time_delta_sensor_async.py
[2024-03-06T13:47:41.370+0000] {logging_mixin.py:188} INFO - [2024-03-06T13:47:41.369+0000] {dag.py:3047} INFO - Sync 1 DAGs
[2024-03-06T13:47:41.433+0000] {logging_mixin.py:188} INFO - [2024-03-06T13:47:41.433+0000] {dag.py:3834} INFO - Setting next_dagrun for example_time_delta_sensor_async to None, run_after=None
[2024-03-06T13:47:41.526+0000] {processor.py:183} INFO - Processing /home/airflow/.local/lib/python3.11/site-packages/airflow/example_dags/example_time_delta_sensor_async.py took 0.297 seconds
[2024-03-06T13:48:12.463+0000] {processor.py:161} INFO - Started process (PID=1968) to work on /home/airflow/.local/lib/python3.11/site-packages/airflow/example_dags/example_time_delta_sensor_async.py
[2024-03-06T13:48:12.470+0000] {processor.py:830} INFO - Processing file /home/airflow/.local/lib/python3.11/site-packages/airflow/example_dags/example_time_delta_sensor_async.py for tasks to queue
[2024-03-06T13:48:12.473+0000] {logging_mixin.py:188} INFO - [2024-03-06T13:48:12.472+0000] {dagbag.py:540} INFO - Filling up the DagBag from /home/airflow/.local/lib/python3.11/site-packages/airflow/example_dags/example_time_delta_sensor_async.py
[2024-03-06T13:48:12.481+0000] {processor.py:840} INFO - DAG(s) 'example_time_delta_sensor_async' retrieved from /home/airflow/.local/lib/python3.11/site-packages/airflow/example_dags/example_time_delta_sensor_async.py
[2024-03-06T13:48:12.512+0000] {logging_mixin.py:188} INFO - [2024-03-06T13:48:12.512+0000] {dag.py:3047} INFO - Sync 1 DAGs
[2024-03-06T13:48:12.526+0000] {logging_mixin.py:188} INFO - [2024-03-06T13:48:12.526+0000] {dag.py:3834} INFO - Setting next_dagrun for example_time_delta_sensor_async to None, run_after=None
[2024-03-06T13:48:12.552+0000] {processor.py:183} INFO - Processing /home/airflow/.local/lib/python3.11/site-packages/airflow/example_dags/example_time_delta_sensor_async.py took 0.094 seconds
[2024-03-06T13:48:43.104+0000] {processor.py:161} INFO - Started process (PID=2214) to work on /home/airflow/.local/lib/python3.11/site-packages/airflow/example_dags/example_time_delta_sensor_async.py
[2024-03-06T13:48:43.106+0000] {processor.py:830} INFO - Processing file /home/airflow/.local/lib/python3.11/site-packages/airflow/example_dags/example_time_delta_sensor_async.py for tasks to queue
[2024-03-06T13:48:43.110+0000] {logging_mixin.py:188} INFO - [2024-03-06T13:48:43.109+0000] {dagbag.py:540} INFO - Filling up the DagBag from /home/airflow/.local/lib/python3.11/site-packages/airflow/example_dags/example_time_delta_sensor_async.py
[2024-03-06T13:48:43.119+0000] {processor.py:840} INFO - DAG(s) 'example_time_delta_sensor_async' retrieved from /home/airflow/.local/lib/python3.11/site-packages/airflow/example_dags/example_time_delta_sensor_async.py
[2024-03-06T13:48:43.148+0000] {logging_mixin.py:188} INFO - [2024-03-06T13:48:43.148+0000] {dag.py:3047} INFO - Sync 1 DAGs
[2024-03-06T13:48:43.167+0000] {logging_mixin.py:188} INFO - [2024-03-06T13:48:43.167+0000] {dag.py:3834} INFO - Setting next_dagrun for example_time_delta_sensor_async to None, run_after=None
[2024-03-06T13:48:43.205+0000] {processor.py:183} INFO - Processing /home/airflow/.local/lib/python3.11/site-packages/airflow/example_dags/example_time_delta_sensor_async.py took 0.105 seconds
[2024-03-06T13:49:14.168+0000] {processor.py:161} INFO - Started process (PID=2461) to work on /home/airflow/.local/lib/python3.11/site-packages/airflow/example_dags/example_time_delta_sensor_async.py
[2024-03-06T13:49:14.174+0000] {processor.py:830} INFO - Processing file /home/airflow/.local/lib/python3.11/site-packages/airflow/example_dags/example_time_delta_sensor_async.py for tasks to queue
[2024-03-06T13:49:14.176+0000] {logging_mixin.py:188} INFO - [2024-03-06T13:49:14.176+0000] {dagbag.py:540} INFO - Filling up the DagBag from /home/airflow/.local/lib/python3.11/site-packages/airflow/example_dags/example_time_delta_sensor_async.py
[2024-03-06T13:49:14.183+0000] {processor.py:840} INFO - DAG(s) 'example_time_delta_sensor_async' retrieved from /home/airflow/.local/lib/python3.11/site-packages/airflow/example_dags/example_time_delta_sensor_async.py
[2024-03-06T13:49:14.202+0000] {logging_mixin.py:188} INFO - [2024-03-06T13:49:14.202+0000] {dag.py:3047} INFO - Sync 1 DAGs
[2024-03-06T13:49:14.214+0000] {logging_mixin.py:188} INFO - [2024-03-06T13:49:14.213+0000] {dag.py:3834} INFO - Setting next_dagrun for example_time_delta_sensor_async to None, run_after=None
[2024-03-06T13:49:14.244+0000] {processor.py:183} INFO - Processing /home/airflow/.local/lib/python3.11/site-packages/airflow/example_dags/example_time_delta_sensor_async.py took 0.080 seconds
[2024-03-06T13:49:44.359+0000] {processor.py:161} INFO - Started process (PID=2708) to work on /home/airflow/.local/lib/python3.11/site-packages/airflow/example_dags/example_time_delta_sensor_async.py
[2024-03-06T13:49:44.360+0000] {processor.py:830} INFO - Processing file /home/airflow/.local/lib/python3.11/site-packages/airflow/example_dags/example_time_delta_sensor_async.py for tasks to queue
[2024-03-06T13:49:44.361+0000] {logging_mixin.py:188} INFO - [2024-03-06T13:49:44.361+0000] {dagbag.py:540} INFO - Filling up the DagBag from /home/airflow/.local/lib/python3.11/site-packages/airflow/example_dags/example_time_delta_sensor_async.py
[2024-03-06T13:49:44.367+0000] {processor.py:840} INFO - DAG(s) 'example_time_delta_sensor_async' retrieved from /home/airflow/.local/lib/python3.11/site-packages/airflow/example_dags/example_time_delta_sensor_async.py
[2024-03-06T13:49:44.386+0000] {logging_mixin.py:188} INFO - [2024-03-06T13:49:44.386+0000] {dag.py:3047} INFO - Sync 1 DAGs
[2024-03-06T13:49:44.397+0000] {logging_mixin.py:188} INFO - [2024-03-06T13:49:44.397+0000] {dag.py:3834} INFO - Setting next_dagrun for example_time_delta_sensor_async to None, run_after=None
[2024-03-06T13:49:44.419+0000] {processor.py:183} INFO - Processing /home/airflow/.local/lib/python3.11/site-packages/airflow/example_dags/example_time_delta_sensor_async.py took 0.063 seconds
[2024-03-06T13:50:15.245+0000] {processor.py:161} INFO - Started process (PID=2955) to work on /home/airflow/.local/lib/python3.11/site-packages/airflow/example_dags/example_time_delta_sensor_async.py
[2024-03-06T13:50:15.247+0000] {processor.py:830} INFO - Processing file /home/airflow/.local/lib/python3.11/site-packages/airflow/example_dags/example_time_delta_sensor_async.py for tasks to queue
[2024-03-06T13:50:15.248+0000] {logging_mixin.py:188} INFO - [2024-03-06T13:50:15.248+0000] {dagbag.py:540} INFO - Filling up the DagBag from /home/airflow/.local/lib/python3.11/site-packages/airflow/example_dags/example_time_delta_sensor_async.py
[2024-03-06T13:50:15.254+0000] {processor.py:840} INFO - DAG(s) 'example_time_delta_sensor_async' retrieved from /home/airflow/.local/lib/python3.11/site-packages/airflow/example_dags/example_time_delta_sensor_async.py
[2024-03-06T13:50:15.276+0000] {logging_mixin.py:188} INFO - [2024-03-06T13:50:15.275+0000] {dag.py:3047} INFO - Sync 1 DAGs
[2024-03-06T13:50:15.288+0000] {logging_mixin.py:188} INFO - [2024-03-06T13:50:15.287+0000] {dag.py:3834} INFO - Setting next_dagrun for example_time_delta_sensor_async to None, run_after=None
[2024-03-06T13:50:15.311+0000] {processor.py:183} INFO - Processing /home/airflow/.local/lib/python3.11/site-packages/airflow/example_dags/example_time_delta_sensor_async.py took 0.069 seconds
[2024-03-06T13:50:45.867+0000] {processor.py:161} INFO - Started process (PID=3202) to work on /home/airflow/.local/lib/python3.11/site-packages/airflow/example_dags/example_time_delta_sensor_async.py
[2024-03-06T13:50:45.868+0000] {processor.py:830} INFO - Processing file /home/airflow/.local/lib/python3.11/site-packages/airflow/example_dags/example_time_delta_sensor_async.py for tasks to queue
[2024-03-06T13:50:45.870+0000] {logging_mixin.py:188} INFO - [2024-03-06T13:50:45.869+0000] {dagbag.py:540} INFO - Filling up the DagBag from /home/airflow/.local/lib/python3.11/site-packages/airflow/example_dags/example_time_delta_sensor_async.py
[2024-03-06T13:50:45.875+0000] {processor.py:840} INFO - DAG(s) 'example_time_delta_sensor_async' retrieved from /home/airflow/.local/lib/python3.11/site-packages/airflow/example_dags/example_time_delta_sensor_async.py
[2024-03-06T13:50:45.893+0000] {logging_mixin.py:188} INFO - [2024-03-06T13:50:45.893+0000] {dag.py:3047} INFO - Sync 1 DAGs
[2024-03-06T13:50:45.904+0000] {logging_mixin.py:188} INFO - [2024-03-06T13:50:45.904+0000] {dag.py:3834} INFO - Setting next_dagrun for example_time_delta_sensor_async to None, run_after=None
[2024-03-06T13:50:45.925+0000] {processor.py:183} INFO - Processing /home/airflow/.local/lib/python3.11/site-packages/airflow/example_dags/example_time_delta_sensor_async.py took 0.061 seconds
[2024-03-06T13:51:16.301+0000] {processor.py:161} INFO - Started process (PID=3449) to work on /home/airflow/.local/lib/python3.11/site-packages/airflow/example_dags/example_time_delta_sensor_async.py
[2024-03-06T13:51:16.302+0000] {processor.py:830} INFO - Processing file /home/airflow/.local/lib/python3.11/site-packages/airflow/example_dags/example_time_delta_sensor_async.py for tasks to queue
[2024-03-06T13:51:16.303+0000] {logging_mixin.py:188} INFO - [2024-03-06T13:51:16.303+0000] {dagbag.py:540} INFO - Filling up the DagBag from /home/airflow/.local/lib/python3.11/site-packages/airflow/example_dags/example_time_delta_sensor_async.py
[2024-03-06T13:51:16.308+0000] {processor.py:840} INFO - DAG(s) 'example_time_delta_sensor_async' retrieved from /home/airflow/.local/lib/python3.11/site-packages/airflow/example_dags/example_time_delta_sensor_async.py
[2024-03-06T13:51:16.331+0000] {logging_mixin.py:188} INFO - [2024-03-06T13:51:16.330+0000] {dag.py:3047} INFO - Sync 1 DAGs
[2024-03-06T13:51:16.349+0000] {logging_mixin.py:188} INFO - [2024-03-06T13:51:16.349+0000] {dag.py:3834} INFO - Setting next_dagrun for example_time_delta_sensor_async to None, run_after=None
[2024-03-06T13:51:16.373+0000] {processor.py:183} INFO - Processing /home/airflow/.local/lib/python3.11/site-packages/airflow/example_dags/example_time_delta_sensor_async.py took 0.076 seconds
[2024-03-06T13:51:46.800+0000] {processor.py:161} INFO - Started process (PID=3696) to work on /home/airflow/.local/lib/python3.11/site-packages/airflow/example_dags/example_time_delta_sensor_async.py
[2024-03-06T13:51:46.801+0000] {processor.py:830} INFO - Processing file /home/airflow/.local/lib/python3.11/site-packages/airflow/example_dags/example_time_delta_sensor_async.py for tasks to queue
[2024-03-06T13:51:46.803+0000] {logging_mixin.py:188} INFO - [2024-03-06T13:51:46.802+0000] {dagbag.py:540} INFO - Filling up the DagBag from /home/airflow/.local/lib/python3.11/site-packages/airflow/example_dags/example_time_delta_sensor_async.py
[2024-03-06T13:51:46.808+0000] {processor.py:840} INFO - DAG(s) 'example_time_delta_sensor_async' retrieved from /home/airflow/.local/lib/python3.11/site-packages/airflow/example_dags/example_time_delta_sensor_async.py
[2024-03-06T13:51:46.827+0000] {logging_mixin.py:188} INFO - [2024-03-06T13:51:46.826+0000] {dag.py:3047} INFO - Sync 1 DAGs
[2024-03-06T13:51:46.838+0000] {logging_mixin.py:188} INFO - [2024-03-06T13:51:46.838+0000] {dag.py:3834} INFO - Setting next_dagrun for example_time_delta_sensor_async to None, run_after=None
[2024-03-06T13:51:46.867+0000] {processor.py:183} INFO - Processing /home/airflow/.local/lib/python3.11/site-packages/airflow/example_dags/example_time_delta_sensor_async.py took 0.072 seconds
[2024-03-06T13:52:17.316+0000] {processor.py:161} INFO - Started process (PID=3943) to work on /home/airflow/.local/lib/python3.11/site-packages/airflow/example_dags/example_time_delta_sensor_async.py
[2024-03-06T13:52:17.318+0000] {processor.py:830} INFO - Processing file /home/airflow/.local/lib/python3.11/site-packages/airflow/example_dags/example_time_delta_sensor_async.py for tasks to queue
[2024-03-06T13:52:17.319+0000] {logging_mixin.py:188} INFO - [2024-03-06T13:52:17.319+0000] {dagbag.py:540} INFO - Filling up the DagBag from /home/airflow/.local/lib/python3.11/site-packages/airflow/example_dags/example_time_delta_sensor_async.py
[2024-03-06T13:52:17.325+0000] {processor.py:840} INFO - DAG(s) 'example_time_delta_sensor_async' retrieved from /home/airflow/.local/lib/python3.11/site-packages/airflow/example_dags/example_time_delta_sensor_async.py
[2024-03-06T13:52:17.347+0000] {logging_mixin.py:188} INFO - [2024-03-06T13:52:17.347+0000] {dag.py:3047} INFO - Sync 1 DAGs
[2024-03-06T13:52:17.364+0000] {logging_mixin.py:188} INFO - [2024-03-06T13:52:17.363+0000] {dag.py:3834} INFO - Setting next_dagrun for example_time_delta_sensor_async to None, run_after=None
[2024-03-06T13:52:17.387+0000] {processor.py:183} INFO - Processing /home/airflow/.local/lib/python3.11/site-packages/airflow/example_dags/example_time_delta_sensor_async.py took 0.074 seconds
[2024-03-06T13:52:47.975+0000] {processor.py:161} INFO - Started process (PID=4190) to work on /home/airflow/.local/lib/python3.11/site-packages/airflow/example_dags/example_time_delta_sensor_async.py
[2024-03-06T13:52:47.982+0000] {processor.py:830} INFO - Processing file /home/airflow/.local/lib/python3.11/site-packages/airflow/example_dags/example_time_delta_sensor_async.py for tasks to queue
[2024-03-06T13:52:47.984+0000] {logging_mixin.py:188} INFO - [2024-03-06T13:52:47.983+0000] {dagbag.py:540} INFO - Filling up the DagBag from /home/airflow/.local/lib/python3.11/site-packages/airflow/example_dags/example_time_delta_sensor_async.py
[2024-03-06T13:52:47.991+0000] {processor.py:840} INFO - DAG(s) 'example_time_delta_sensor_async' retrieved from /home/airflow/.local/lib/python3.11/site-packages/airflow/example_dags/example_time_delta_sensor_async.py
[2024-03-06T13:52:48.013+0000] {logging_mixin.py:188} INFO - [2024-03-06T13:52:48.012+0000] {dag.py:3047} INFO - Sync 1 DAGs
[2024-03-06T13:52:48.027+0000] {logging_mixin.py:188} INFO - [2024-03-06T13:52:48.027+0000] {dag.py:3834} INFO - Setting next_dagrun for example_time_delta_sensor_async to None, run_after=None
[2024-03-06T13:52:48.047+0000] {processor.py:183} INFO - Processing /home/airflow/.local/lib/python3.11/site-packages/airflow/example_dags/example_time_delta_sensor_async.py took 0.075 seconds
[2024-03-06T13:53:19.027+0000] {processor.py:161} INFO - Started process (PID=4436) to work on /home/airflow/.local/lib/python3.11/site-packages/airflow/example_dags/example_time_delta_sensor_async.py
[2024-03-06T13:53:19.036+0000] {processor.py:830} INFO - Processing file /home/airflow/.local/lib/python3.11/site-packages/airflow/example_dags/example_time_delta_sensor_async.py for tasks to queue
[2024-03-06T13:53:19.038+0000] {logging_mixin.py:188} INFO - [2024-03-06T13:53:19.038+0000] {dagbag.py:540} INFO - Filling up the DagBag from /home/airflow/.local/lib/python3.11/site-packages/airflow/example_dags/example_time_delta_sensor_async.py
[2024-03-06T13:53:19.044+0000] {processor.py:840} INFO - DAG(s) 'example_time_delta_sensor_async' retrieved from /home/airflow/.local/lib/python3.11/site-packages/airflow/example_dags/example_time_delta_sensor_async.py
[2024-03-06T13:53:19.070+0000] {logging_mixin.py:188} INFO - [2024-03-06T13:53:19.069+0000] {dag.py:3047} INFO - Sync 1 DAGs
[2024-03-06T13:53:19.085+0000] {logging_mixin.py:188} INFO - [2024-03-06T13:53:19.085+0000] {dag.py:3834} INFO - Setting next_dagrun for example_time_delta_sensor_async to None, run_after=None
[2024-03-06T13:53:19.105+0000] {processor.py:183} INFO - Processing /home/airflow/.local/lib/python3.11/site-packages/airflow/example_dags/example_time_delta_sensor_async.py took 0.083 seconds
[2024-03-06T13:53:49.289+0000] {processor.py:161} INFO - Started process (PID=4683) to work on /home/airflow/.local/lib/python3.11/site-packages/airflow/example_dags/example_time_delta_sensor_async.py
[2024-03-06T13:53:49.290+0000] {processor.py:830} INFO - Processing file /home/airflow/.local/lib/python3.11/site-packages/airflow/example_dags/example_time_delta_sensor_async.py for tasks to queue
[2024-03-06T13:53:49.291+0000] {logging_mixin.py:188} INFO - [2024-03-06T13:53:49.291+0000] {dagbag.py:540} INFO - Filling up the DagBag from /home/airflow/.local/lib/python3.11/site-packages/airflow/example_dags/example_time_delta_sensor_async.py
[2024-03-06T13:53:49.296+0000] {processor.py:840} INFO - DAG(s) 'example_time_delta_sensor_async' retrieved from /home/airflow/.local/lib/python3.11/site-packages/airflow/example_dags/example_time_delta_sensor_async.py
[2024-03-06T13:53:49.320+0000] {logging_mixin.py:188} INFO - [2024-03-06T13:53:49.320+0000] {dag.py:3047} INFO - Sync 1 DAGs
[2024-03-06T13:53:49.333+0000] {logging_mixin.py:188} INFO - [2024-03-06T13:53:49.333+0000] {dag.py:3834} INFO - Setting next_dagrun for example_time_delta_sensor_async to None, run_after=None
[2024-03-06T13:53:49.359+0000] {processor.py:183} INFO - Processing /home/airflow/.local/lib/python3.11/site-packages/airflow/example_dags/example_time_delta_sensor_async.py took 0.074 seconds
[2024-03-06T13:54:19.603+0000] {processor.py:161} INFO - Started process (PID=4930) to work on /home/airflow/.local/lib/python3.11/site-packages/airflow/example_dags/example_time_delta_sensor_async.py
[2024-03-06T13:54:19.605+0000] {processor.py:830} INFO - Processing file /home/airflow/.local/lib/python3.11/site-packages/airflow/example_dags/example_time_delta_sensor_async.py for tasks to queue
[2024-03-06T13:54:19.608+0000] {logging_mixin.py:188} INFO - [2024-03-06T13:54:19.607+0000] {dagbag.py:540} INFO - Filling up the DagBag from /home/airflow/.local/lib/python3.11/site-packages/airflow/example_dags/example_time_delta_sensor_async.py
[2024-03-06T13:54:19.619+0000] {processor.py:840} INFO - DAG(s) 'example_time_delta_sensor_async' retrieved from /home/airflow/.local/lib/python3.11/site-packages/airflow/example_dags/example_time_delta_sensor_async.py
[2024-03-06T13:54:19.652+0000] {logging_mixin.py:188} INFO - [2024-03-06T13:54:19.652+0000] {dag.py:3047} INFO - Sync 1 DAGs
[2024-03-06T13:54:19.669+0000] {logging_mixin.py:188} INFO - [2024-03-06T13:54:19.668+0000] {dag.py:3834} INFO - Setting next_dagrun for example_time_delta_sensor_async to None, run_after=None
[2024-03-06T13:54:19.696+0000] {processor.py:183} INFO - Processing /home/airflow/.local/lib/python3.11/site-packages/airflow/example_dags/example_time_delta_sensor_async.py took 0.096 seconds
[2024-03-06T13:54:49.955+0000] {processor.py:161} INFO - Started process (PID=5177) to work on /home/airflow/.local/lib/python3.11/site-packages/airflow/example_dags/example_time_delta_sensor_async.py
[2024-03-06T13:54:49.957+0000] {processor.py:830} INFO - Processing file /home/airflow/.local/lib/python3.11/site-packages/airflow/example_dags/example_time_delta_sensor_async.py for tasks to queue
[2024-03-06T13:54:49.959+0000] {logging_mixin.py:188} INFO - [2024-03-06T13:54:49.959+0000] {dagbag.py:540} INFO - Filling up the DagBag from /home/airflow/.local/lib/python3.11/site-packages/airflow/example_dags/example_time_delta_sensor_async.py
[2024-03-06T13:54:49.968+0000] {processor.py:840} INFO - DAG(s) 'example_time_delta_sensor_async' retrieved from /home/airflow/.local/lib/python3.11/site-packages/airflow/example_dags/example_time_delta_sensor_async.py
[2024-03-06T13:54:49.991+0000] {logging_mixin.py:188} INFO - [2024-03-06T13:54:49.990+0000] {dag.py:3047} INFO - Sync 1 DAGs
[2024-03-06T13:54:50.003+0000] {logging_mixin.py:188} INFO - [2024-03-06T13:54:50.003+0000] {dag.py:3834} INFO - Setting next_dagrun for example_time_delta_sensor_async to None, run_after=None
[2024-03-06T13:54:50.026+0000] {processor.py:183} INFO - Processing /home/airflow/.local/lib/python3.11/site-packages/airflow/example_dags/example_time_delta_sensor_async.py took 0.074 seconds
[2024-03-06T13:55:21.055+0000] {processor.py:161} INFO - Started process (PID=5424) to work on /home/airflow/.local/lib/python3.11/site-packages/airflow/example_dags/example_time_delta_sensor_async.py
[2024-03-06T13:55:21.064+0000] {processor.py:830} INFO - Processing file /home/airflow/.local/lib/python3.11/site-packages/airflow/example_dags/example_time_delta_sensor_async.py for tasks to queue
[2024-03-06T13:55:21.067+0000] {logging_mixin.py:188} INFO - [2024-03-06T13:55:21.066+0000] {dagbag.py:540} INFO - Filling up the DagBag from /home/airflow/.local/lib/python3.11/site-packages/airflow/example_dags/example_time_delta_sensor_async.py
[2024-03-06T13:55:21.086+0000] {processor.py:840} INFO - DAG(s) 'example_time_delta_sensor_async' retrieved from /home/airflow/.local/lib/python3.11/site-packages/airflow/example_dags/example_time_delta_sensor_async.py
[2024-03-06T13:55:21.139+0000] {logging_mixin.py:188} INFO - [2024-03-06T13:55:21.138+0000] {dag.py:3047} INFO - Sync 1 DAGs
[2024-03-06T13:55:21.168+0000] {logging_mixin.py:188} INFO - [2024-03-06T13:55:21.168+0000] {dag.py:3834} INFO - Setting next_dagrun for example_time_delta_sensor_async to None, run_after=None
[2024-03-06T13:55:21.229+0000] {processor.py:183} INFO - Processing /home/airflow/.local/lib/python3.11/site-packages/airflow/example_dags/example_time_delta_sensor_async.py took 0.182 seconds
[2024-03-06T13:55:51.394+0000] {processor.py:161} INFO - Started process (PID=5671) to work on /home/airflow/.local/lib/python3.11/site-packages/airflow/example_dags/example_time_delta_sensor_async.py
[2024-03-06T13:55:51.397+0000] {processor.py:830} INFO - Processing file /home/airflow/.local/lib/python3.11/site-packages/airflow/example_dags/example_time_delta_sensor_async.py for tasks to queue
[2024-03-06T13:55:51.402+0000] {logging_mixin.py:188} INFO - [2024-03-06T13:55:51.401+0000] {dagbag.py:540} INFO - Filling up the DagBag from /home/airflow/.local/lib/python3.11/site-packages/airflow/example_dags/example_time_delta_sensor_async.py
[2024-03-06T13:55:51.411+0000] {processor.py:840} INFO - DAG(s) 'example_time_delta_sensor_async' retrieved from /home/airflow/.local/lib/python3.11/site-packages/airflow/example_dags/example_time_delta_sensor_async.py
[2024-03-06T13:55:51.453+0000] {logging_mixin.py:188} INFO - [2024-03-06T13:55:51.452+0000] {dag.py:3047} INFO - Sync 1 DAGs
[2024-03-06T13:55:51.482+0000] {logging_mixin.py:188} INFO - [2024-03-06T13:55:51.481+0000] {dag.py:3834} INFO - Setting next_dagrun for example_time_delta_sensor_async to None, run_after=None
[2024-03-06T13:55:51.538+0000] {processor.py:183} INFO - Processing /home/airflow/.local/lib/python3.11/site-packages/airflow/example_dags/example_time_delta_sensor_async.py took 0.149 seconds
[2024-03-06T13:56:21.901+0000] {processor.py:161} INFO - Started process (PID=5917) to work on /home/airflow/.local/lib/python3.11/site-packages/airflow/example_dags/example_time_delta_sensor_async.py
[2024-03-06T13:56:21.905+0000] {processor.py:830} INFO - Processing file /home/airflow/.local/lib/python3.11/site-packages/airflow/example_dags/example_time_delta_sensor_async.py for tasks to queue
[2024-03-06T13:56:21.910+0000] {logging_mixin.py:188} INFO - [2024-03-06T13:56:21.909+0000] {dagbag.py:540} INFO - Filling up the DagBag from /home/airflow/.local/lib/python3.11/site-packages/airflow/example_dags/example_time_delta_sensor_async.py
[2024-03-06T13:56:21.920+0000] {processor.py:840} INFO - DAG(s) 'example_time_delta_sensor_async' retrieved from /home/airflow/.local/lib/python3.11/site-packages/airflow/example_dags/example_time_delta_sensor_async.py
[2024-03-06T13:56:21.961+0000] {logging_mixin.py:188} INFO - [2024-03-06T13:56:21.960+0000] {dag.py:3047} INFO - Sync 1 DAGs
[2024-03-06T13:56:21.982+0000] {logging_mixin.py:188} INFO - [2024-03-06T13:56:21.982+0000] {dag.py:3834} INFO - Setting next_dagrun for example_time_delta_sensor_async to None, run_after=None
[2024-03-06T13:56:22.014+0000] {processor.py:183} INFO - Processing /home/airflow/.local/lib/python3.11/site-packages/airflow/example_dags/example_time_delta_sensor_async.py took 0.119 seconds
[2024-03-06T13:56:52.342+0000] {processor.py:161} INFO - Started process (PID=6163) to work on /home/airflow/.local/lib/python3.11/site-packages/airflow/example_dags/example_time_delta_sensor_async.py
[2024-03-06T13:56:52.344+0000] {processor.py:830} INFO - Processing file /home/airflow/.local/lib/python3.11/site-packages/airflow/example_dags/example_time_delta_sensor_async.py for tasks to queue
[2024-03-06T13:56:52.346+0000] {logging_mixin.py:188} INFO - [2024-03-06T13:56:52.346+0000] {dagbag.py:540} INFO - Filling up the DagBag from /home/airflow/.local/lib/python3.11/site-packages/airflow/example_dags/example_time_delta_sensor_async.py
[2024-03-06T13:56:52.358+0000] {processor.py:840} INFO - DAG(s) 'example_time_delta_sensor_async' retrieved from /home/airflow/.local/lib/python3.11/site-packages/airflow/example_dags/example_time_delta_sensor_async.py
[2024-03-06T13:56:52.391+0000] {logging_mixin.py:188} INFO - [2024-03-06T13:56:52.391+0000] {dag.py:3047} INFO - Sync 1 DAGs
[2024-03-06T13:56:52.403+0000] {logging_mixin.py:188} INFO - [2024-03-06T13:56:52.403+0000] {dag.py:3834} INFO - Setting next_dagrun for example_time_delta_sensor_async to None, run_after=None
[2024-03-06T13:56:52.425+0000] {processor.py:183} INFO - Processing /home/airflow/.local/lib/python3.11/site-packages/airflow/example_dags/example_time_delta_sensor_async.py took 0.091 seconds
[2024-03-06T13:57:22.664+0000] {processor.py:161} INFO - Started process (PID=6410) to work on /home/airflow/.local/lib/python3.11/site-packages/airflow/example_dags/example_time_delta_sensor_async.py
[2024-03-06T13:57:22.669+0000] {processor.py:830} INFO - Processing file /home/airflow/.local/lib/python3.11/site-packages/airflow/example_dags/example_time_delta_sensor_async.py for tasks to queue
[2024-03-06T13:57:22.677+0000] {logging_mixin.py:188} INFO - [2024-03-06T13:57:22.673+0000] {dagbag.py:540} INFO - Filling up the DagBag from /home/airflow/.local/lib/python3.11/site-packages/airflow/example_dags/example_time_delta_sensor_async.py
[2024-03-06T13:57:22.692+0000] {processor.py:840} INFO - DAG(s) 'example_time_delta_sensor_async' retrieved from /home/airflow/.local/lib/python3.11/site-packages/airflow/example_dags/example_time_delta_sensor_async.py
[2024-03-06T13:57:22.736+0000] {logging_mixin.py:188} INFO - [2024-03-06T13:57:22.736+0000] {dag.py:3047} INFO - Sync 1 DAGs
[2024-03-06T13:57:22.758+0000] {logging_mixin.py:188} INFO - [2024-03-06T13:57:22.758+0000] {dag.py:3834} INFO - Setting next_dagrun for example_time_delta_sensor_async to None, run_after=None
[2024-03-06T13:57:22.843+0000] {processor.py:183} INFO - Processing /home/airflow/.local/lib/python3.11/site-packages/airflow/example_dags/example_time_delta_sensor_async.py took 0.186 seconds
[2024-03-06T13:57:53.075+0000] {processor.py:161} INFO - Started process (PID=6657) to work on /home/airflow/.local/lib/python3.11/site-packages/airflow/example_dags/example_time_delta_sensor_async.py
[2024-03-06T13:57:53.078+0000] {processor.py:830} INFO - Processing file /home/airflow/.local/lib/python3.11/site-packages/airflow/example_dags/example_time_delta_sensor_async.py for tasks to queue
[2024-03-06T13:57:53.082+0000] {logging_mixin.py:188} INFO - [2024-03-06T13:57:53.081+0000] {dagbag.py:540} INFO - Filling up the DagBag from /home/airflow/.local/lib/python3.11/site-packages/airflow/example_dags/example_time_delta_sensor_async.py
[2024-03-06T13:57:53.097+0000] {processor.py:840} INFO - DAG(s) 'example_time_delta_sensor_async' retrieved from /home/airflow/.local/lib/python3.11/site-packages/airflow/example_dags/example_time_delta_sensor_async.py
[2024-03-06T13:57:53.125+0000] {logging_mixin.py:188} INFO - [2024-03-06T13:57:53.125+0000] {dag.py:3047} INFO - Sync 1 DAGs
[2024-03-06T13:57:53.141+0000] {logging_mixin.py:188} INFO - [2024-03-06T13:57:53.140+0000] {dag.py:3834} INFO - Setting next_dagrun for example_time_delta_sensor_async to None, run_after=None
[2024-03-06T13:57:53.170+0000] {processor.py:183} INFO - Processing /home/airflow/.local/lib/python3.11/site-packages/airflow/example_dags/example_time_delta_sensor_async.py took 0.107 seconds
[2024-03-06T13:58:23.809+0000] {processor.py:161} INFO - Started process (PID=6903) to work on /home/airflow/.local/lib/python3.11/site-packages/airflow/example_dags/example_time_delta_sensor_async.py
[2024-03-06T13:58:23.811+0000] {processor.py:830} INFO - Processing file /home/airflow/.local/lib/python3.11/site-packages/airflow/example_dags/example_time_delta_sensor_async.py for tasks to queue
[2024-03-06T13:58:23.816+0000] {logging_mixin.py:188} INFO - [2024-03-06T13:58:23.815+0000] {dagbag.py:540} INFO - Filling up the DagBag from /home/airflow/.local/lib/python3.11/site-packages/airflow/example_dags/example_time_delta_sensor_async.py
[2024-03-06T13:58:23.824+0000] {processor.py:840} INFO - DAG(s) 'example_time_delta_sensor_async' retrieved from /home/airflow/.local/lib/python3.11/site-packages/airflow/example_dags/example_time_delta_sensor_async.py
[2024-03-06T13:58:23.851+0000] {logging_mixin.py:188} INFO - [2024-03-06T13:58:23.851+0000] {dag.py:3047} INFO - Sync 1 DAGs
[2024-03-06T13:58:23.869+0000] {logging_mixin.py:188} INFO - [2024-03-06T13:58:23.869+0000] {dag.py:3834} INFO - Setting next_dagrun for example_time_delta_sensor_async to None, run_after=None
[2024-03-06T13:58:23.899+0000] {processor.py:183} INFO - Processing /home/airflow/.local/lib/python3.11/site-packages/airflow/example_dags/example_time_delta_sensor_async.py took 0.096 seconds
[2024-03-06T13:58:53.991+0000] {processor.py:161} INFO - Started process (PID=7149) to work on /home/airflow/.local/lib/python3.11/site-packages/airflow/example_dags/example_time_delta_sensor_async.py
[2024-03-06T13:58:53.995+0000] {processor.py:830} INFO - Processing file /home/airflow/.local/lib/python3.11/site-packages/airflow/example_dags/example_time_delta_sensor_async.py for tasks to queue
[2024-03-06T13:58:53.999+0000] {logging_mixin.py:188} INFO - [2024-03-06T13:58:53.998+0000] {dagbag.py:540} INFO - Filling up the DagBag from /home/airflow/.local/lib/python3.11/site-packages/airflow/example_dags/example_time_delta_sensor_async.py
[2024-03-06T13:58:54.012+0000] {processor.py:840} INFO - DAG(s) 'example_time_delta_sensor_async' retrieved from /home/airflow/.local/lib/python3.11/site-packages/airflow/example_dags/example_time_delta_sensor_async.py
[2024-03-06T13:58:54.140+0000] {logging_mixin.py:188} INFO - [2024-03-06T13:58:54.139+0000] {dag.py:3047} INFO - Sync 1 DAGs
[2024-03-06T13:58:54.170+0000] {logging_mixin.py:188} INFO - [2024-03-06T13:58:54.169+0000] {dag.py:3834} INFO - Setting next_dagrun for example_time_delta_sensor_async to None, run_after=None
[2024-03-06T13:58:54.207+0000] {processor.py:183} INFO - Processing /home/airflow/.local/lib/python3.11/site-packages/airflow/example_dags/example_time_delta_sensor_async.py took 0.224 seconds
[2024-03-06T13:59:24.571+0000] {processor.py:161} INFO - Started process (PID=7394) to work on /home/airflow/.local/lib/python3.11/site-packages/airflow/example_dags/example_time_delta_sensor_async.py
[2024-03-06T13:59:24.573+0000] {processor.py:830} INFO - Processing file /home/airflow/.local/lib/python3.11/site-packages/airflow/example_dags/example_time_delta_sensor_async.py for tasks to queue
[2024-03-06T13:59:24.579+0000] {logging_mixin.py:188} INFO - [2024-03-06T13:59:24.576+0000] {dagbag.py:540} INFO - Filling up the DagBag from /home/airflow/.local/lib/python3.11/site-packages/airflow/example_dags/example_time_delta_sensor_async.py
[2024-03-06T13:59:24.588+0000] {processor.py:840} INFO - DAG(s) 'example_time_delta_sensor_async' retrieved from /home/airflow/.local/lib/python3.11/site-packages/airflow/example_dags/example_time_delta_sensor_async.py
[2024-03-06T13:59:24.628+0000] {logging_mixin.py:188} INFO - [2024-03-06T13:59:24.627+0000] {dag.py:3047} INFO - Sync 1 DAGs
[2024-03-06T13:59:24.650+0000] {logging_mixin.py:188} INFO - [2024-03-06T13:59:24.650+0000] {dag.py:3834} INFO - Setting next_dagrun for example_time_delta_sensor_async to None, run_after=None
[2024-03-06T13:59:24.679+0000] {processor.py:183} INFO - Processing /home/airflow/.local/lib/python3.11/site-packages/airflow/example_dags/example_time_delta_sensor_async.py took 0.114 seconds
[2024-03-06T13:59:54.761+0000] {processor.py:161} INFO - Started process (PID=7643) to work on /home/airflow/.local/lib/python3.11/site-packages/airflow/example_dags/example_time_delta_sensor_async.py
[2024-03-06T13:59:54.762+0000] {processor.py:830} INFO - Processing file /home/airflow/.local/lib/python3.11/site-packages/airflow/example_dags/example_time_delta_sensor_async.py for tasks to queue
[2024-03-06T13:59:54.763+0000] {logging_mixin.py:188} INFO - [2024-03-06T13:59:54.763+0000] {dagbag.py:540} INFO - Filling up the DagBag from /home/airflow/.local/lib/python3.11/site-packages/airflow/example_dags/example_time_delta_sensor_async.py
[2024-03-06T13:59:54.769+0000] {processor.py:840} INFO - DAG(s) 'example_time_delta_sensor_async' retrieved from /home/airflow/.local/lib/python3.11/site-packages/airflow/example_dags/example_time_delta_sensor_async.py
[2024-03-06T13:59:54.791+0000] {logging_mixin.py:188} INFO - [2024-03-06T13:59:54.790+0000] {dag.py:3047} INFO - Sync 1 DAGs
[2024-03-06T13:59:54.802+0000] {logging_mixin.py:188} INFO - [2024-03-06T13:59:54.802+0000] {dag.py:3834} INFO - Setting next_dagrun for example_time_delta_sensor_async to None, run_after=None
[2024-03-06T13:59:54.819+0000] {processor.py:183} INFO - Processing /home/airflow/.local/lib/python3.11/site-packages/airflow/example_dags/example_time_delta_sensor_async.py took 0.063 seconds
[2024-03-06T14:00:25.163+0000] {processor.py:161} INFO - Started process (PID=7887) to work on /home/airflow/.local/lib/python3.11/site-packages/airflow/example_dags/example_time_delta_sensor_async.py
[2024-03-06T14:00:25.165+0000] {processor.py:830} INFO - Processing file /home/airflow/.local/lib/python3.11/site-packages/airflow/example_dags/example_time_delta_sensor_async.py for tasks to queue
[2024-03-06T14:00:25.166+0000] {logging_mixin.py:188} INFO - [2024-03-06T14:00:25.166+0000] {dagbag.py:540} INFO - Filling up the DagBag from /home/airflow/.local/lib/python3.11/site-packages/airflow/example_dags/example_time_delta_sensor_async.py
[2024-03-06T14:00:25.173+0000] {processor.py:840} INFO - DAG(s) 'example_time_delta_sensor_async' retrieved from /home/airflow/.local/lib/python3.11/site-packages/airflow/example_dags/example_time_delta_sensor_async.py
[2024-03-06T14:00:25.195+0000] {logging_mixin.py:188} INFO - [2024-03-06T14:00:25.195+0000] {dag.py:3047} INFO - Sync 1 DAGs
[2024-03-06T14:00:25.210+0000] {logging_mixin.py:188} INFO - [2024-03-06T14:00:25.210+0000] {dag.py:3834} INFO - Setting next_dagrun for example_time_delta_sensor_async to None, run_after=None
[2024-03-06T14:00:25.233+0000] {processor.py:183} INFO - Processing /home/airflow/.local/lib/python3.11/site-packages/airflow/example_dags/example_time_delta_sensor_async.py took 0.073 seconds
[2024-03-06T14:00:55.433+0000] {processor.py:161} INFO - Started process (PID=8139) to work on /home/airflow/.local/lib/python3.11/site-packages/airflow/example_dags/example_time_delta_sensor_async.py
[2024-03-06T14:00:55.436+0000] {processor.py:830} INFO - Processing file /home/airflow/.local/lib/python3.11/site-packages/airflow/example_dags/example_time_delta_sensor_async.py for tasks to queue
[2024-03-06T14:00:55.437+0000] {logging_mixin.py:188} INFO - [2024-03-06T14:00:55.437+0000] {dagbag.py:540} INFO - Filling up the DagBag from /home/airflow/.local/lib/python3.11/site-packages/airflow/example_dags/example_time_delta_sensor_async.py
[2024-03-06T14:00:55.445+0000] {processor.py:840} INFO - DAG(s) 'example_time_delta_sensor_async' retrieved from /home/airflow/.local/lib/python3.11/site-packages/airflow/example_dags/example_time_delta_sensor_async.py
[2024-03-06T14:00:55.492+0000] {logging_mixin.py:188} INFO - [2024-03-06T14:00:55.492+0000] {dag.py:3047} INFO - Sync 1 DAGs
[2024-03-06T14:00:55.515+0000] {logging_mixin.py:188} INFO - [2024-03-06T14:00:55.515+0000] {dag.py:3834} INFO - Setting next_dagrun for example_time_delta_sensor_async to None, run_after=None
[2024-03-06T14:00:55.558+0000] {processor.py:183} INFO - Processing /home/airflow/.local/lib/python3.11/site-packages/airflow/example_dags/example_time_delta_sensor_async.py took 0.131 seconds
[2024-03-06T14:01:26.207+0000] {processor.py:161} INFO - Started process (PID=8386) to work on /home/airflow/.local/lib/python3.11/site-packages/airflow/example_dags/example_time_delta_sensor_async.py
[2024-03-06T14:01:26.209+0000] {processor.py:830} INFO - Processing file /home/airflow/.local/lib/python3.11/site-packages/airflow/example_dags/example_time_delta_sensor_async.py for tasks to queue
[2024-03-06T14:01:26.210+0000] {logging_mixin.py:188} INFO - [2024-03-06T14:01:26.210+0000] {dagbag.py:540} INFO - Filling up the DagBag from /home/airflow/.local/lib/python3.11/site-packages/airflow/example_dags/example_time_delta_sensor_async.py
[2024-03-06T14:01:26.219+0000] {processor.py:840} INFO - DAG(s) 'example_time_delta_sensor_async' retrieved from /home/airflow/.local/lib/python3.11/site-packages/airflow/example_dags/example_time_delta_sensor_async.py
[2024-03-06T14:01:26.246+0000] {logging_mixin.py:188} INFO - [2024-03-06T14:01:26.246+0000] {dag.py:3047} INFO - Sync 1 DAGs
[2024-03-06T14:01:26.262+0000] {logging_mixin.py:188} INFO - [2024-03-06T14:01:26.261+0000] {dag.py:3834} INFO - Setting next_dagrun for example_time_delta_sensor_async to None, run_after=None
[2024-03-06T14:01:26.286+0000] {processor.py:183} INFO - Processing /home/airflow/.local/lib/python3.11/site-packages/airflow/example_dags/example_time_delta_sensor_async.py took 0.083 seconds
[2024-03-06T14:01:57.172+0000] {processor.py:161} INFO - Started process (PID=8633) to work on /home/airflow/.local/lib/python3.11/site-packages/airflow/example_dags/example_time_delta_sensor_async.py
[2024-03-06T14:01:57.174+0000] {processor.py:830} INFO - Processing file /home/airflow/.local/lib/python3.11/site-packages/airflow/example_dags/example_time_delta_sensor_async.py for tasks to queue
[2024-03-06T14:01:57.176+0000] {logging_mixin.py:188} INFO - [2024-03-06T14:01:57.175+0000] {dagbag.py:540} INFO - Filling up the DagBag from /home/airflow/.local/lib/python3.11/site-packages/airflow/example_dags/example_time_delta_sensor_async.py
[2024-03-06T14:01:57.184+0000] {processor.py:840} INFO - DAG(s) 'example_time_delta_sensor_async' retrieved from /home/airflow/.local/lib/python3.11/site-packages/airflow/example_dags/example_time_delta_sensor_async.py
[2024-03-06T14:01:57.216+0000] {logging_mixin.py:188} INFO - [2024-03-06T14:01:57.215+0000] {dag.py:3047} INFO - Sync 1 DAGs
[2024-03-06T14:01:57.232+0000] {logging_mixin.py:188} INFO - [2024-03-06T14:01:57.231+0000] {dag.py:3834} INFO - Setting next_dagrun for example_time_delta_sensor_async to None, run_after=None
[2024-03-06T14:01:57.261+0000] {processor.py:183} INFO - Processing /home/airflow/.local/lib/python3.11/site-packages/airflow/example_dags/example_time_delta_sensor_async.py took 0.093 seconds
[2024-03-06T14:02:28.040+0000] {processor.py:161} INFO - Started process (PID=8880) to work on /home/airflow/.local/lib/python3.11/site-packages/airflow/example_dags/example_time_delta_sensor_async.py
[2024-03-06T14:02:28.041+0000] {processor.py:830} INFO - Processing file /home/airflow/.local/lib/python3.11/site-packages/airflow/example_dags/example_time_delta_sensor_async.py for tasks to queue
[2024-03-06T14:02:28.042+0000] {logging_mixin.py:188} INFO - [2024-03-06T14:02:28.042+0000] {dagbag.py:540} INFO - Filling up the DagBag from /home/airflow/.local/lib/python3.11/site-packages/airflow/example_dags/example_time_delta_sensor_async.py
[2024-03-06T14:02:28.049+0000] {processor.py:840} INFO - DAG(s) 'example_time_delta_sensor_async' retrieved from /home/airflow/.local/lib/python3.11/site-packages/airflow/example_dags/example_time_delta_sensor_async.py
[2024-03-06T14:02:28.070+0000] {logging_mixin.py:188} INFO - [2024-03-06T14:02:28.070+0000] {dag.py:3047} INFO - Sync 1 DAGs
[2024-03-06T14:02:28.086+0000] {logging_mixin.py:188} INFO - [2024-03-06T14:02:28.085+0000] {dag.py:3834} INFO - Setting next_dagrun for example_time_delta_sensor_async to None, run_after=None
[2024-03-06T14:02:28.107+0000] {processor.py:183} INFO - Processing /home/airflow/.local/lib/python3.11/site-packages/airflow/example_dags/example_time_delta_sensor_async.py took 0.072 seconds
[2024-03-06T14:02:58.266+0000] {processor.py:161} INFO - Started process (PID=9127) to work on /home/airflow/.local/lib/python3.11/site-packages/airflow/example_dags/example_time_delta_sensor_async.py
[2024-03-06T14:02:58.268+0000] {processor.py:830} INFO - Processing file /home/airflow/.local/lib/python3.11/site-packages/airflow/example_dags/example_time_delta_sensor_async.py for tasks to queue
[2024-03-06T14:02:58.271+0000] {logging_mixin.py:188} INFO - [2024-03-06T14:02:58.270+0000] {dagbag.py:540} INFO - Filling up the DagBag from /home/airflow/.local/lib/python3.11/site-packages/airflow/example_dags/example_time_delta_sensor_async.py
[2024-03-06T14:02:58.279+0000] {processor.py:840} INFO - DAG(s) 'example_time_delta_sensor_async' retrieved from /home/airflow/.local/lib/python3.11/site-packages/airflow/example_dags/example_time_delta_sensor_async.py
[2024-03-06T14:02:58.305+0000] {logging_mixin.py:188} INFO - [2024-03-06T14:02:58.305+0000] {dag.py:3047} INFO - Sync 1 DAGs
[2024-03-06T14:02:58.328+0000] {logging_mixin.py:188} INFO - [2024-03-06T14:02:58.328+0000] {dag.py:3834} INFO - Setting next_dagrun for example_time_delta_sensor_async to None, run_after=None
[2024-03-06T14:02:58.349+0000] {processor.py:183} INFO - Processing /home/airflow/.local/lib/python3.11/site-packages/airflow/example_dags/example_time_delta_sensor_async.py took 0.086 seconds
[2024-03-06T14:03:28.424+0000] {processor.py:161} INFO - Started process (PID=9374) to work on /home/airflow/.local/lib/python3.11/site-packages/airflow/example_dags/example_time_delta_sensor_async.py
[2024-03-06T14:03:28.425+0000] {processor.py:830} INFO - Processing file /home/airflow/.local/lib/python3.11/site-packages/airflow/example_dags/example_time_delta_sensor_async.py for tasks to queue
[2024-03-06T14:03:28.426+0000] {logging_mixin.py:188} INFO - [2024-03-06T14:03:28.426+0000] {dagbag.py:540} INFO - Filling up the DagBag from /home/airflow/.local/lib/python3.11/site-packages/airflow/example_dags/example_time_delta_sensor_async.py
[2024-03-06T14:03:28.432+0000] {processor.py:840} INFO - DAG(s) 'example_time_delta_sensor_async' retrieved from /home/airflow/.local/lib/python3.11/site-packages/airflow/example_dags/example_time_delta_sensor_async.py
[2024-03-06T14:03:28.453+0000] {logging_mixin.py:188} INFO - [2024-03-06T14:03:28.453+0000] {dag.py:3047} INFO - Sync 1 DAGs
[2024-03-06T14:03:28.465+0000] {logging_mixin.py:188} INFO - [2024-03-06T14:03:28.465+0000] {dag.py:3834} INFO - Setting next_dagrun for example_time_delta_sensor_async to None, run_after=None
[2024-03-06T14:03:28.483+0000] {processor.py:183} INFO - Processing /home/airflow/.local/lib/python3.11/site-packages/airflow/example_dags/example_time_delta_sensor_async.py took 0.063 seconds
[2024-03-06T14:03:58.783+0000] {processor.py:161} INFO - Started process (PID=9621) to work on /home/airflow/.local/lib/python3.11/site-packages/airflow/example_dags/example_time_delta_sensor_async.py
[2024-03-06T14:03:58.784+0000] {processor.py:830} INFO - Processing file /home/airflow/.local/lib/python3.11/site-packages/airflow/example_dags/example_time_delta_sensor_async.py for tasks to queue
[2024-03-06T14:03:58.785+0000] {logging_mixin.py:188} INFO - [2024-03-06T14:03:58.785+0000] {dagbag.py:540} INFO - Filling up the DagBag from /home/airflow/.local/lib/python3.11/site-packages/airflow/example_dags/example_time_delta_sensor_async.py
[2024-03-06T14:03:58.791+0000] {processor.py:840} INFO - DAG(s) 'example_time_delta_sensor_async' retrieved from /home/airflow/.local/lib/python3.11/site-packages/airflow/example_dags/example_time_delta_sensor_async.py
[2024-03-06T14:03:58.813+0000] {logging_mixin.py:188} INFO - [2024-03-06T14:03:58.813+0000] {dag.py:3047} INFO - Sync 1 DAGs
[2024-03-06T14:03:58.827+0000] {logging_mixin.py:188} INFO - [2024-03-06T14:03:58.827+0000] {dag.py:3834} INFO - Setting next_dagrun for example_time_delta_sensor_async to None, run_after=None
[2024-03-06T14:03:58.845+0000] {processor.py:183} INFO - Processing /home/airflow/.local/lib/python3.11/site-packages/airflow/example_dags/example_time_delta_sensor_async.py took 0.066 seconds
[2024-03-06T14:04:29.112+0000] {processor.py:161} INFO - Started process (PID=9868) to work on /home/airflow/.local/lib/python3.11/site-packages/airflow/example_dags/example_time_delta_sensor_async.py
[2024-03-06T14:04:29.114+0000] {processor.py:830} INFO - Processing file /home/airflow/.local/lib/python3.11/site-packages/airflow/example_dags/example_time_delta_sensor_async.py for tasks to queue
[2024-03-06T14:04:29.115+0000] {logging_mixin.py:188} INFO - [2024-03-06T14:04:29.115+0000] {dagbag.py:540} INFO - Filling up the DagBag from /home/airflow/.local/lib/python3.11/site-packages/airflow/example_dags/example_time_delta_sensor_async.py
[2024-03-06T14:04:29.124+0000] {processor.py:840} INFO - DAG(s) 'example_time_delta_sensor_async' retrieved from /home/airflow/.local/lib/python3.11/site-packages/airflow/example_dags/example_time_delta_sensor_async.py
[2024-03-06T14:04:29.164+0000] {logging_mixin.py:188} INFO - [2024-03-06T14:04:29.163+0000] {dag.py:3047} INFO - Sync 1 DAGs
[2024-03-06T14:04:29.197+0000] {logging_mixin.py:188} INFO - [2024-03-06T14:04:29.196+0000] {dag.py:3834} INFO - Setting next_dagrun for example_time_delta_sensor_async to None, run_after=None
[2024-03-06T14:04:29.235+0000] {processor.py:183} INFO - Processing /home/airflow/.local/lib/python3.11/site-packages/airflow/example_dags/example_time_delta_sensor_async.py took 0.126 seconds
[2024-03-06T14:04:59.585+0000] {processor.py:161} INFO - Started process (PID=10115) to work on /home/airflow/.local/lib/python3.11/site-packages/airflow/example_dags/example_time_delta_sensor_async.py
[2024-03-06T14:04:59.587+0000] {processor.py:830} INFO - Processing file /home/airflow/.local/lib/python3.11/site-packages/airflow/example_dags/example_time_delta_sensor_async.py for tasks to queue
[2024-03-06T14:04:59.592+0000] {logging_mixin.py:188} INFO - [2024-03-06T14:04:59.591+0000] {dagbag.py:540} INFO - Filling up the DagBag from /home/airflow/.local/lib/python3.11/site-packages/airflow/example_dags/example_time_delta_sensor_async.py
[2024-03-06T14:04:59.598+0000] {processor.py:840} INFO - DAG(s) 'example_time_delta_sensor_async' retrieved from /home/airflow/.local/lib/python3.11/site-packages/airflow/example_dags/example_time_delta_sensor_async.py
[2024-03-06T14:04:59.623+0000] {logging_mixin.py:188} INFO - [2024-03-06T14:04:59.623+0000] {dag.py:3047} INFO - Sync 1 DAGs
[2024-03-06T14:04:59.638+0000] {logging_mixin.py:188} INFO - [2024-03-06T14:04:59.638+0000] {dag.py:3834} INFO - Setting next_dagrun for example_time_delta_sensor_async to None, run_after=None
[2024-03-06T14:04:59.660+0000] {processor.py:183} INFO - Processing /home/airflow/.local/lib/python3.11/site-packages/airflow/example_dags/example_time_delta_sensor_async.py took 0.079 seconds
[2024-03-06T14:05:29.723+0000] {processor.py:161} INFO - Started process (PID=10362) to work on /home/airflow/.local/lib/python3.11/site-packages/airflow/example_dags/example_time_delta_sensor_async.py
[2024-03-06T14:05:29.725+0000] {processor.py:830} INFO - Processing file /home/airflow/.local/lib/python3.11/site-packages/airflow/example_dags/example_time_delta_sensor_async.py for tasks to queue
[2024-03-06T14:05:29.726+0000] {logging_mixin.py:188} INFO - [2024-03-06T14:05:29.726+0000] {dagbag.py:540} INFO - Filling up the DagBag from /home/airflow/.local/lib/python3.11/site-packages/airflow/example_dags/example_time_delta_sensor_async.py
[2024-03-06T14:05:29.732+0000] {processor.py:840} INFO - DAG(s) 'example_time_delta_sensor_async' retrieved from /home/airflow/.local/lib/python3.11/site-packages/airflow/example_dags/example_time_delta_sensor_async.py
[2024-03-06T14:05:29.753+0000] {logging_mixin.py:188} INFO - [2024-03-06T14:05:29.753+0000] {dag.py:3047} INFO - Sync 1 DAGs
[2024-03-06T14:05:29.765+0000] {logging_mixin.py:188} INFO - [2024-03-06T14:05:29.764+0000] {dag.py:3834} INFO - Setting next_dagrun for example_time_delta_sensor_async to None, run_after=None
[2024-03-06T14:05:29.779+0000] {processor.py:183} INFO - Processing /home/airflow/.local/lib/python3.11/site-packages/airflow/example_dags/example_time_delta_sensor_async.py took 0.058 seconds
[2024-03-06T14:05:59.923+0000] {processor.py:161} INFO - Started process (PID=10609) to work on /home/airflow/.local/lib/python3.11/site-packages/airflow/example_dags/example_time_delta_sensor_async.py
[2024-03-06T14:05:59.925+0000] {processor.py:830} INFO - Processing file /home/airflow/.local/lib/python3.11/site-packages/airflow/example_dags/example_time_delta_sensor_async.py for tasks to queue
[2024-03-06T14:05:59.926+0000] {logging_mixin.py:188} INFO - [2024-03-06T14:05:59.925+0000] {dagbag.py:540} INFO - Filling up the DagBag from /home/airflow/.local/lib/python3.11/site-packages/airflow/example_dags/example_time_delta_sensor_async.py
[2024-03-06T14:05:59.931+0000] {processor.py:840} INFO - DAG(s) 'example_time_delta_sensor_async' retrieved from /home/airflow/.local/lib/python3.11/site-packages/airflow/example_dags/example_time_delta_sensor_async.py
[2024-03-06T14:05:59.956+0000] {logging_mixin.py:188} INFO - [2024-03-06T14:05:59.956+0000] {dag.py:3047} INFO - Sync 1 DAGs
[2024-03-06T14:05:59.970+0000] {logging_mixin.py:188} INFO - [2024-03-06T14:05:59.970+0000] {dag.py:3834} INFO - Setting next_dagrun for example_time_delta_sensor_async to None, run_after=None
[2024-03-06T14:05:59.990+0000] {processor.py:183} INFO - Processing /home/airflow/.local/lib/python3.11/site-packages/airflow/example_dags/example_time_delta_sensor_async.py took 0.070 seconds
[2024-03-06T14:06:30.157+0000] {processor.py:161} INFO - Started process (PID=10855) to work on /home/airflow/.local/lib/python3.11/site-packages/airflow/example_dags/example_time_delta_sensor_async.py
[2024-03-06T14:06:30.158+0000] {processor.py:830} INFO - Processing file /home/airflow/.local/lib/python3.11/site-packages/airflow/example_dags/example_time_delta_sensor_async.py for tasks to queue
[2024-03-06T14:06:30.160+0000] {logging_mixin.py:188} INFO - [2024-03-06T14:06:30.159+0000] {dagbag.py:540} INFO - Filling up the DagBag from /home/airflow/.local/lib/python3.11/site-packages/airflow/example_dags/example_time_delta_sensor_async.py
[2024-03-06T14:06:30.167+0000] {processor.py:840} INFO - DAG(s) 'example_time_delta_sensor_async' retrieved from /home/airflow/.local/lib/python3.11/site-packages/airflow/example_dags/example_time_delta_sensor_async.py
[2024-03-06T14:06:30.189+0000] {logging_mixin.py:188} INFO - [2024-03-06T14:06:30.189+0000] {dag.py:3047} INFO - Sync 1 DAGs
[2024-03-06T14:06:30.203+0000] {logging_mixin.py:188} INFO - [2024-03-06T14:06:30.203+0000] {dag.py:3834} INFO - Setting next_dagrun for example_time_delta_sensor_async to None, run_after=None
[2024-03-06T14:06:30.223+0000] {processor.py:183} INFO - Processing /home/airflow/.local/lib/python3.11/site-packages/airflow/example_dags/example_time_delta_sensor_async.py took 0.069 seconds
[2024-03-06T14:07:01.039+0000] {processor.py:161} INFO - Started process (PID=11102) to work on /home/airflow/.local/lib/python3.11/site-packages/airflow/example_dags/example_time_delta_sensor_async.py
[2024-03-06T14:07:01.042+0000] {processor.py:830} INFO - Processing file /home/airflow/.local/lib/python3.11/site-packages/airflow/example_dags/example_time_delta_sensor_async.py for tasks to queue
[2024-03-06T14:07:01.044+0000] {logging_mixin.py:188} INFO - [2024-03-06T14:07:01.043+0000] {dagbag.py:540} INFO - Filling up the DagBag from /home/airflow/.local/lib/python3.11/site-packages/airflow/example_dags/example_time_delta_sensor_async.py
[2024-03-06T14:07:01.053+0000] {processor.py:840} INFO - DAG(s) 'example_time_delta_sensor_async' retrieved from /home/airflow/.local/lib/python3.11/site-packages/airflow/example_dags/example_time_delta_sensor_async.py
[2024-03-06T14:07:01.092+0000] {logging_mixin.py:188} INFO - [2024-03-06T14:07:01.091+0000] {dag.py:3047} INFO - Sync 1 DAGs
[2024-03-06T14:07:01.125+0000] {logging_mixin.py:188} INFO - [2024-03-06T14:07:01.124+0000] {dag.py:3834} INFO - Setting next_dagrun for example_time_delta_sensor_async to None, run_after=None
[2024-03-06T14:07:01.166+0000] {processor.py:183} INFO - Processing /home/airflow/.local/lib/python3.11/site-packages/airflow/example_dags/example_time_delta_sensor_async.py took 0.131 seconds
[2024-03-06T14:07:31.274+0000] {processor.py:161} INFO - Started process (PID=11351) to work on /home/airflow/.local/lib/python3.11/site-packages/airflow/example_dags/example_time_delta_sensor_async.py
[2024-03-06T14:07:31.275+0000] {processor.py:830} INFO - Processing file /home/airflow/.local/lib/python3.11/site-packages/airflow/example_dags/example_time_delta_sensor_async.py for tasks to queue
[2024-03-06T14:07:31.276+0000] {logging_mixin.py:188} INFO - [2024-03-06T14:07:31.276+0000] {dagbag.py:540} INFO - Filling up the DagBag from /home/airflow/.local/lib/python3.11/site-packages/airflow/example_dags/example_time_delta_sensor_async.py
[2024-03-06T14:07:31.281+0000] {processor.py:840} INFO - DAG(s) 'example_time_delta_sensor_async' retrieved from /home/airflow/.local/lib/python3.11/site-packages/airflow/example_dags/example_time_delta_sensor_async.py
[2024-03-06T14:07:31.305+0000] {logging_mixin.py:188} INFO - [2024-03-06T14:07:31.304+0000] {dag.py:3047} INFO - Sync 1 DAGs
[2024-03-06T14:07:31.322+0000] {logging_mixin.py:188} INFO - [2024-03-06T14:07:31.322+0000] {dag.py:3834} INFO - Setting next_dagrun for example_time_delta_sensor_async to None, run_after=None
[2024-03-06T14:07:31.345+0000] {processor.py:183} INFO - Processing /home/airflow/.local/lib/python3.11/site-packages/airflow/example_dags/example_time_delta_sensor_async.py took 0.074 seconds
[2024-03-06T14:08:01.614+0000] {processor.py:161} INFO - Started process (PID=11596) to work on /home/airflow/.local/lib/python3.11/site-packages/airflow/example_dags/example_time_delta_sensor_async.py
[2024-03-06T14:08:01.615+0000] {processor.py:830} INFO - Processing file /home/airflow/.local/lib/python3.11/site-packages/airflow/example_dags/example_time_delta_sensor_async.py for tasks to queue
[2024-03-06T14:08:01.616+0000] {logging_mixin.py:188} INFO - [2024-03-06T14:08:01.615+0000] {dagbag.py:540} INFO - Filling up the DagBag from /home/airflow/.local/lib/python3.11/site-packages/airflow/example_dags/example_time_delta_sensor_async.py
[2024-03-06T14:08:01.623+0000] {processor.py:840} INFO - DAG(s) 'example_time_delta_sensor_async' retrieved from /home/airflow/.local/lib/python3.11/site-packages/airflow/example_dags/example_time_delta_sensor_async.py
[2024-03-06T14:08:01.649+0000] {logging_mixin.py:188} INFO - [2024-03-06T14:08:01.649+0000] {dag.py:3047} INFO - Sync 1 DAGs
[2024-03-06T14:08:01.661+0000] {logging_mixin.py:188} INFO - [2024-03-06T14:08:01.661+0000] {dag.py:3834} INFO - Setting next_dagrun for example_time_delta_sensor_async to None, run_after=None
[2024-03-06T14:08:01.678+0000] {processor.py:183} INFO - Processing /home/airflow/.local/lib/python3.11/site-packages/airflow/example_dags/example_time_delta_sensor_async.py took 0.068 seconds
[2024-03-06T14:08:31.865+0000] {processor.py:161} INFO - Started process (PID=11843) to work on /home/airflow/.local/lib/python3.11/site-packages/airflow/example_dags/example_time_delta_sensor_async.py
[2024-03-06T14:08:31.866+0000] {processor.py:830} INFO - Processing file /home/airflow/.local/lib/python3.11/site-packages/airflow/example_dags/example_time_delta_sensor_async.py for tasks to queue
[2024-03-06T14:08:31.871+0000] {logging_mixin.py:188} INFO - [2024-03-06T14:08:31.869+0000] {dagbag.py:540} INFO - Filling up the DagBag from /home/airflow/.local/lib/python3.11/site-packages/airflow/example_dags/example_time_delta_sensor_async.py
[2024-03-06T14:08:31.878+0000] {processor.py:840} INFO - DAG(s) 'example_time_delta_sensor_async' retrieved from /home/airflow/.local/lib/python3.11/site-packages/airflow/example_dags/example_time_delta_sensor_async.py
[2024-03-06T14:08:31.905+0000] {logging_mixin.py:188} INFO - [2024-03-06T14:08:31.904+0000] {dag.py:3047} INFO - Sync 1 DAGs
[2024-03-06T14:08:31.922+0000] {logging_mixin.py:188} INFO - [2024-03-06T14:08:31.921+0000] {dag.py:3834} INFO - Setting next_dagrun for example_time_delta_sensor_async to None, run_after=None
[2024-03-06T14:08:31.939+0000] {processor.py:183} INFO - Processing /home/airflow/.local/lib/python3.11/site-packages/airflow/example_dags/example_time_delta_sensor_async.py took 0.079 seconds
[2024-03-06T14:09:02.430+0000] {processor.py:161} INFO - Started process (PID=12089) to work on /home/airflow/.local/lib/python3.11/site-packages/airflow/example_dags/example_time_delta_sensor_async.py
[2024-03-06T14:09:02.432+0000] {processor.py:830} INFO - Processing file /home/airflow/.local/lib/python3.11/site-packages/airflow/example_dags/example_time_delta_sensor_async.py for tasks to queue
[2024-03-06T14:09:02.434+0000] {logging_mixin.py:188} INFO - [2024-03-06T14:09:02.433+0000] {dagbag.py:540} INFO - Filling up the DagBag from /home/airflow/.local/lib/python3.11/site-packages/airflow/example_dags/example_time_delta_sensor_async.py
[2024-03-06T14:09:02.439+0000] {processor.py:840} INFO - DAG(s) 'example_time_delta_sensor_async' retrieved from /home/airflow/.local/lib/python3.11/site-packages/airflow/example_dags/example_time_delta_sensor_async.py
[2024-03-06T14:09:02.457+0000] {logging_mixin.py:188} INFO - [2024-03-06T14:09:02.456+0000] {dag.py:3047} INFO - Sync 1 DAGs
[2024-03-06T14:09:02.467+0000] {logging_mixin.py:188} INFO - [2024-03-06T14:09:02.467+0000] {dag.py:3834} INFO - Setting next_dagrun for example_time_delta_sensor_async to None, run_after=None
[2024-03-06T14:09:02.483+0000] {processor.py:183} INFO - Processing /home/airflow/.local/lib/python3.11/site-packages/airflow/example_dags/example_time_delta_sensor_async.py took 0.057 seconds
[2024-03-06T14:09:32.632+0000] {processor.py:161} INFO - Started process (PID=12335) to work on /home/airflow/.local/lib/python3.11/site-packages/airflow/example_dags/example_time_delta_sensor_async.py
[2024-03-06T14:09:32.633+0000] {processor.py:830} INFO - Processing file /home/airflow/.local/lib/python3.11/site-packages/airflow/example_dags/example_time_delta_sensor_async.py for tasks to queue
[2024-03-06T14:09:32.635+0000] {logging_mixin.py:188} INFO - [2024-03-06T14:09:32.634+0000] {dagbag.py:540} INFO - Filling up the DagBag from /home/airflow/.local/lib/python3.11/site-packages/airflow/example_dags/example_time_delta_sensor_async.py
[2024-03-06T14:09:32.640+0000] {processor.py:840} INFO - DAG(s) 'example_time_delta_sensor_async' retrieved from /home/airflow/.local/lib/python3.11/site-packages/airflow/example_dags/example_time_delta_sensor_async.py
[2024-03-06T14:09:32.663+0000] {logging_mixin.py:188} INFO - [2024-03-06T14:09:32.663+0000] {dag.py:3047} INFO - Sync 1 DAGs
[2024-03-06T14:09:32.674+0000] {logging_mixin.py:188} INFO - [2024-03-06T14:09:32.674+0000] {dag.py:3834} INFO - Setting next_dagrun for example_time_delta_sensor_async to None, run_after=None
[2024-03-06T14:09:32.689+0000] {processor.py:183} INFO - Processing /home/airflow/.local/lib/python3.11/site-packages/airflow/example_dags/example_time_delta_sensor_async.py took 0.061 seconds
[2024-03-06T14:10:03.461+0000] {processor.py:161} INFO - Started process (PID=12582) to work on /home/airflow/.local/lib/python3.11/site-packages/airflow/example_dags/example_time_delta_sensor_async.py
[2024-03-06T14:10:03.462+0000] {processor.py:830} INFO - Processing file /home/airflow/.local/lib/python3.11/site-packages/airflow/example_dags/example_time_delta_sensor_async.py for tasks to queue
[2024-03-06T14:10:03.464+0000] {logging_mixin.py:188} INFO - [2024-03-06T14:10:03.463+0000] {dagbag.py:540} INFO - Filling up the DagBag from /home/airflow/.local/lib/python3.11/site-packages/airflow/example_dags/example_time_delta_sensor_async.py
[2024-03-06T14:10:03.470+0000] {processor.py:840} INFO - DAG(s) 'example_time_delta_sensor_async' retrieved from /home/airflow/.local/lib/python3.11/site-packages/airflow/example_dags/example_time_delta_sensor_async.py
[2024-03-06T14:10:03.492+0000] {logging_mixin.py:188} INFO - [2024-03-06T14:10:03.492+0000] {dag.py:3047} INFO - Sync 1 DAGs
[2024-03-06T14:10:03.503+0000] {logging_mixin.py:188} INFO - [2024-03-06T14:10:03.503+0000] {dag.py:3834} INFO - Setting next_dagrun for example_time_delta_sensor_async to None, run_after=None
[2024-03-06T14:10:03.518+0000] {processor.py:183} INFO - Processing /home/airflow/.local/lib/python3.11/site-packages/airflow/example_dags/example_time_delta_sensor_async.py took 0.062 seconds
[2024-03-06T14:10:34.486+0000] {processor.py:161} INFO - Started process (PID=12829) to work on /home/airflow/.local/lib/python3.11/site-packages/airflow/example_dags/example_time_delta_sensor_async.py
[2024-03-06T14:10:34.488+0000] {processor.py:830} INFO - Processing file /home/airflow/.local/lib/python3.11/site-packages/airflow/example_dags/example_time_delta_sensor_async.py for tasks to queue
[2024-03-06T14:10:34.491+0000] {logging_mixin.py:188} INFO - [2024-03-06T14:10:34.491+0000] {dagbag.py:540} INFO - Filling up the DagBag from /home/airflow/.local/lib/python3.11/site-packages/airflow/example_dags/example_time_delta_sensor_async.py
[2024-03-06T14:10:34.498+0000] {processor.py:840} INFO - DAG(s) 'example_time_delta_sensor_async' retrieved from /home/airflow/.local/lib/python3.11/site-packages/airflow/example_dags/example_time_delta_sensor_async.py
[2024-03-06T14:10:34.526+0000] {logging_mixin.py:188} INFO - [2024-03-06T14:10:34.526+0000] {dag.py:3047} INFO - Sync 1 DAGs
[2024-03-06T14:10:34.539+0000] {logging_mixin.py:188} INFO - [2024-03-06T14:10:34.538+0000] {dag.py:3834} INFO - Setting next_dagrun for example_time_delta_sensor_async to None, run_after=None
[2024-03-06T14:10:34.557+0000] {processor.py:183} INFO - Processing /home/airflow/.local/lib/python3.11/site-packages/airflow/example_dags/example_time_delta_sensor_async.py took 0.078 seconds
[2024-03-06T14:11:04.698+0000] {processor.py:161} INFO - Started process (PID=13078) to work on /home/airflow/.local/lib/python3.11/site-packages/airflow/example_dags/example_time_delta_sensor_async.py
[2024-03-06T14:11:04.700+0000] {processor.py:830} INFO - Processing file /home/airflow/.local/lib/python3.11/site-packages/airflow/example_dags/example_time_delta_sensor_async.py for tasks to queue
[2024-03-06T14:11:04.702+0000] {logging_mixin.py:188} INFO - [2024-03-06T14:11:04.701+0000] {dagbag.py:540} INFO - Filling up the DagBag from /home/airflow/.local/lib/python3.11/site-packages/airflow/example_dags/example_time_delta_sensor_async.py
[2024-03-06T14:11:04.712+0000] {processor.py:840} INFO - DAG(s) 'example_time_delta_sensor_async' retrieved from /home/airflow/.local/lib/python3.11/site-packages/airflow/example_dags/example_time_delta_sensor_async.py
[2024-03-06T14:11:04.740+0000] {logging_mixin.py:188} INFO - [2024-03-06T14:11:04.740+0000] {dag.py:3047} INFO - Sync 1 DAGs
[2024-03-06T14:11:04.755+0000] {logging_mixin.py:188} INFO - [2024-03-06T14:11:04.755+0000] {dag.py:3834} INFO - Setting next_dagrun for example_time_delta_sensor_async to None, run_after=None
[2024-03-06T14:11:04.777+0000] {processor.py:183} INFO - Processing /home/airflow/.local/lib/python3.11/site-packages/airflow/example_dags/example_time_delta_sensor_async.py took 0.085 seconds
[2024-03-06T14:11:35.255+0000] {processor.py:161} INFO - Started process (PID=13323) to work on /home/airflow/.local/lib/python3.11/site-packages/airflow/example_dags/example_time_delta_sensor_async.py
[2024-03-06T14:11:35.257+0000] {processor.py:830} INFO - Processing file /home/airflow/.local/lib/python3.11/site-packages/airflow/example_dags/example_time_delta_sensor_async.py for tasks to queue
[2024-03-06T14:11:35.259+0000] {logging_mixin.py:188} INFO - [2024-03-06T14:11:35.259+0000] {dagbag.py:540} INFO - Filling up the DagBag from /home/airflow/.local/lib/python3.11/site-packages/airflow/example_dags/example_time_delta_sensor_async.py
[2024-03-06T14:11:35.268+0000] {processor.py:840} INFO - DAG(s) 'example_time_delta_sensor_async' retrieved from /home/airflow/.local/lib/python3.11/site-packages/airflow/example_dags/example_time_delta_sensor_async.py
[2024-03-06T14:11:35.292+0000] {logging_mixin.py:188} INFO - [2024-03-06T14:11:35.292+0000] {dag.py:3047} INFO - Sync 1 DAGs
[2024-03-06T14:11:35.308+0000] {logging_mixin.py:188} INFO - [2024-03-06T14:11:35.307+0000] {dag.py:3834} INFO - Setting next_dagrun for example_time_delta_sensor_async to None, run_after=None
[2024-03-06T14:11:35.329+0000] {processor.py:183} INFO - Processing /home/airflow/.local/lib/python3.11/site-packages/airflow/example_dags/example_time_delta_sensor_async.py took 0.078 seconds
[2024-03-06T14:12:06.059+0000] {processor.py:161} INFO - Started process (PID=13570) to work on /home/airflow/.local/lib/python3.11/site-packages/airflow/example_dags/example_time_delta_sensor_async.py
[2024-03-06T14:12:06.059+0000] {processor.py:830} INFO - Processing file /home/airflow/.local/lib/python3.11/site-packages/airflow/example_dags/example_time_delta_sensor_async.py for tasks to queue
[2024-03-06T14:12:06.061+0000] {logging_mixin.py:188} INFO - [2024-03-06T14:12:06.060+0000] {dagbag.py:540} INFO - Filling up the DagBag from /home/airflow/.local/lib/python3.11/site-packages/airflow/example_dags/example_time_delta_sensor_async.py
[2024-03-06T14:12:06.065+0000] {processor.py:840} INFO - DAG(s) 'example_time_delta_sensor_async' retrieved from /home/airflow/.local/lib/python3.11/site-packages/airflow/example_dags/example_time_delta_sensor_async.py
[2024-03-06T14:12:06.086+0000] {logging_mixin.py:188} INFO - [2024-03-06T14:12:06.085+0000] {dag.py:3047} INFO - Sync 1 DAGs
[2024-03-06T14:12:06.096+0000] {logging_mixin.py:188} INFO - [2024-03-06T14:12:06.095+0000] {dag.py:3834} INFO - Setting next_dagrun for example_time_delta_sensor_async to None, run_after=None
[2024-03-06T14:12:06.111+0000] {processor.py:183} INFO - Processing /home/airflow/.local/lib/python3.11/site-packages/airflow/example_dags/example_time_delta_sensor_async.py took 0.056 seconds
[2024-03-06T14:12:36.475+0000] {processor.py:161} INFO - Started process (PID=13817) to work on /home/airflow/.local/lib/python3.11/site-packages/airflow/example_dags/example_time_delta_sensor_async.py
[2024-03-06T14:12:36.476+0000] {processor.py:830} INFO - Processing file /home/airflow/.local/lib/python3.11/site-packages/airflow/example_dags/example_time_delta_sensor_async.py for tasks to queue
[2024-03-06T14:12:36.478+0000] {logging_mixin.py:188} INFO - [2024-03-06T14:12:36.477+0000] {dagbag.py:540} INFO - Filling up the DagBag from /home/airflow/.local/lib/python3.11/site-packages/airflow/example_dags/example_time_delta_sensor_async.py
[2024-03-06T14:12:36.482+0000] {processor.py:840} INFO - DAG(s) 'example_time_delta_sensor_async' retrieved from /home/airflow/.local/lib/python3.11/site-packages/airflow/example_dags/example_time_delta_sensor_async.py
[2024-03-06T14:12:36.505+0000] {logging_mixin.py:188} INFO - [2024-03-06T14:12:36.505+0000] {dag.py:3047} INFO - Sync 1 DAGs
[2024-03-06T14:12:36.514+0000] {logging_mixin.py:188} INFO - [2024-03-06T14:12:36.514+0000] {dag.py:3834} INFO - Setting next_dagrun for example_time_delta_sensor_async to None, run_after=None
[2024-03-06T14:12:36.528+0000] {processor.py:183} INFO - Processing /home/airflow/.local/lib/python3.11/site-packages/airflow/example_dags/example_time_delta_sensor_async.py took 0.056 seconds
[2024-03-06T14:13:07.296+0000] {processor.py:161} INFO - Started process (PID=14064) to work on /home/airflow/.local/lib/python3.11/site-packages/airflow/example_dags/example_time_delta_sensor_async.py
[2024-03-06T14:13:07.298+0000] {processor.py:830} INFO - Processing file /home/airflow/.local/lib/python3.11/site-packages/airflow/example_dags/example_time_delta_sensor_async.py for tasks to queue
[2024-03-06T14:13:07.299+0000] {logging_mixin.py:188} INFO - [2024-03-06T14:13:07.299+0000] {dagbag.py:540} INFO - Filling up the DagBag from /home/airflow/.local/lib/python3.11/site-packages/airflow/example_dags/example_time_delta_sensor_async.py
[2024-03-06T14:13:07.305+0000] {processor.py:840} INFO - DAG(s) 'example_time_delta_sensor_async' retrieved from /home/airflow/.local/lib/python3.11/site-packages/airflow/example_dags/example_time_delta_sensor_async.py
[2024-03-06T14:13:07.328+0000] {logging_mixin.py:188} INFO - [2024-03-06T14:13:07.327+0000] {dag.py:3047} INFO - Sync 1 DAGs
[2024-03-06T14:13:07.337+0000] {logging_mixin.py:188} INFO - [2024-03-06T14:13:07.337+0000] {dag.py:3834} INFO - Setting next_dagrun for example_time_delta_sensor_async to None, run_after=None
[2024-03-06T14:13:07.351+0000] {processor.py:183} INFO - Processing /home/airflow/.local/lib/python3.11/site-packages/airflow/example_dags/example_time_delta_sensor_async.py took 0.058 seconds
[2024-03-06T14:13:37.950+0000] {processor.py:161} INFO - Started process (PID=14311) to work on /home/airflow/.local/lib/python3.11/site-packages/airflow/example_dags/example_time_delta_sensor_async.py
[2024-03-06T14:13:37.952+0000] {processor.py:830} INFO - Processing file /home/airflow/.local/lib/python3.11/site-packages/airflow/example_dags/example_time_delta_sensor_async.py for tasks to queue
[2024-03-06T14:13:37.954+0000] {logging_mixin.py:188} INFO - [2024-03-06T14:13:37.953+0000] {dagbag.py:540} INFO - Filling up the DagBag from /home/airflow/.local/lib/python3.11/site-packages/airflow/example_dags/example_time_delta_sensor_async.py
[2024-03-06T14:13:37.959+0000] {processor.py:840} INFO - DAG(s) 'example_time_delta_sensor_async' retrieved from /home/airflow/.local/lib/python3.11/site-packages/airflow/example_dags/example_time_delta_sensor_async.py
[2024-03-06T14:13:37.979+0000] {logging_mixin.py:188} INFO - [2024-03-06T14:13:37.978+0000] {dag.py:3047} INFO - Sync 1 DAGs
[2024-03-06T14:13:37.988+0000] {logging_mixin.py:188} INFO - [2024-03-06T14:13:37.988+0000] {dag.py:3834} INFO - Setting next_dagrun for example_time_delta_sensor_async to None, run_after=None
[2024-03-06T14:13:38.001+0000] {processor.py:183} INFO - Processing /home/airflow/.local/lib/python3.11/site-packages/airflow/example_dags/example_time_delta_sensor_async.py took 0.055 seconds
[2024-03-06T14:14:08.911+0000] {processor.py:161} INFO - Started process (PID=14558) to work on /home/airflow/.local/lib/python3.11/site-packages/airflow/example_dags/example_time_delta_sensor_async.py
[2024-03-06T14:14:08.912+0000] {processor.py:830} INFO - Processing file /home/airflow/.local/lib/python3.11/site-packages/airflow/example_dags/example_time_delta_sensor_async.py for tasks to queue
[2024-03-06T14:14:08.914+0000] {logging_mixin.py:188} INFO - [2024-03-06T14:14:08.913+0000] {dagbag.py:540} INFO - Filling up the DagBag from /home/airflow/.local/lib/python3.11/site-packages/airflow/example_dags/example_time_delta_sensor_async.py
[2024-03-06T14:14:08.919+0000] {processor.py:840} INFO - DAG(s) 'example_time_delta_sensor_async' retrieved from /home/airflow/.local/lib/python3.11/site-packages/airflow/example_dags/example_time_delta_sensor_async.py
[2024-03-06T14:14:08.937+0000] {logging_mixin.py:188} INFO - [2024-03-06T14:14:08.937+0000] {dag.py:3047} INFO - Sync 1 DAGs
[2024-03-06T14:14:08.950+0000] {logging_mixin.py:188} INFO - [2024-03-06T14:14:08.949+0000] {dag.py:3834} INFO - Setting next_dagrun for example_time_delta_sensor_async to None, run_after=None
[2024-03-06T14:14:08.968+0000] {processor.py:183} INFO - Processing /home/airflow/.local/lib/python3.11/site-packages/airflow/example_dags/example_time_delta_sensor_async.py took 0.061 seconds
[2024-03-06T14:14:39.136+0000] {processor.py:161} INFO - Started process (PID=14807) to work on /home/airflow/.local/lib/python3.11/site-packages/airflow/example_dags/example_time_delta_sensor_async.py
[2024-03-06T14:14:39.137+0000] {processor.py:830} INFO - Processing file /home/airflow/.local/lib/python3.11/site-packages/airflow/example_dags/example_time_delta_sensor_async.py for tasks to queue
[2024-03-06T14:14:39.139+0000] {logging_mixin.py:188} INFO - [2024-03-06T14:14:39.139+0000] {dagbag.py:540} INFO - Filling up the DagBag from /home/airflow/.local/lib/python3.11/site-packages/airflow/example_dags/example_time_delta_sensor_async.py
[2024-03-06T14:14:39.146+0000] {processor.py:840} INFO - DAG(s) 'example_time_delta_sensor_async' retrieved from /home/airflow/.local/lib/python3.11/site-packages/airflow/example_dags/example_time_delta_sensor_async.py
[2024-03-06T14:14:39.167+0000] {logging_mixin.py:188} INFO - [2024-03-06T14:14:39.167+0000] {dag.py:3047} INFO - Sync 1 DAGs
[2024-03-06T14:14:39.178+0000] {logging_mixin.py:188} INFO - [2024-03-06T14:14:39.178+0000] {dag.py:3834} INFO - Setting next_dagrun for example_time_delta_sensor_async to None, run_after=None
[2024-03-06T14:14:39.195+0000] {processor.py:183} INFO - Processing /home/airflow/.local/lib/python3.11/site-packages/airflow/example_dags/example_time_delta_sensor_async.py took 0.063 seconds
[2024-03-06T14:15:09.294+0000] {processor.py:161} INFO - Started process (PID=15054) to work on /home/airflow/.local/lib/python3.11/site-packages/airflow/example_dags/example_time_delta_sensor_async.py
[2024-03-06T14:15:09.294+0000] {processor.py:830} INFO - Processing file /home/airflow/.local/lib/python3.11/site-packages/airflow/example_dags/example_time_delta_sensor_async.py for tasks to queue
[2024-03-06T14:15:09.295+0000] {logging_mixin.py:188} INFO - [2024-03-06T14:15:09.295+0000] {dagbag.py:540} INFO - Filling up the DagBag from /home/airflow/.local/lib/python3.11/site-packages/airflow/example_dags/example_time_delta_sensor_async.py
[2024-03-06T14:15:09.300+0000] {processor.py:840} INFO - DAG(s) 'example_time_delta_sensor_async' retrieved from /home/airflow/.local/lib/python3.11/site-packages/airflow/example_dags/example_time_delta_sensor_async.py
[2024-03-06T14:15:09.317+0000] {logging_mixin.py:188} INFO - [2024-03-06T14:15:09.316+0000] {dag.py:3047} INFO - Sync 1 DAGs
[2024-03-06T14:15:09.328+0000] {logging_mixin.py:188} INFO - [2024-03-06T14:15:09.328+0000] {dag.py:3834} INFO - Setting next_dagrun for example_time_delta_sensor_async to None, run_after=None
[2024-03-06T14:15:09.342+0000] {processor.py:183} INFO - Processing /home/airflow/.local/lib/python3.11/site-packages/airflow/example_dags/example_time_delta_sensor_async.py took 0.051 seconds
[2024-03-06T14:15:40.285+0000] {processor.py:161} INFO - Started process (PID=15299) to work on /home/airflow/.local/lib/python3.11/site-packages/airflow/example_dags/example_time_delta_sensor_async.py
[2024-03-06T14:15:40.286+0000] {processor.py:830} INFO - Processing file /home/airflow/.local/lib/python3.11/site-packages/airflow/example_dags/example_time_delta_sensor_async.py for tasks to queue
[2024-03-06T14:15:40.288+0000] {logging_mixin.py:188} INFO - [2024-03-06T14:15:40.287+0000] {dagbag.py:540} INFO - Filling up the DagBag from /home/airflow/.local/lib/python3.11/site-packages/airflow/example_dags/example_time_delta_sensor_async.py
[2024-03-06T14:15:40.294+0000] {processor.py:840} INFO - DAG(s) 'example_time_delta_sensor_async' retrieved from /home/airflow/.local/lib/python3.11/site-packages/airflow/example_dags/example_time_delta_sensor_async.py
[2024-03-06T14:15:40.316+0000] {logging_mixin.py:188} INFO - [2024-03-06T14:15:40.316+0000] {dag.py:3047} INFO - Sync 1 DAGs
[2024-03-06T14:15:40.326+0000] {logging_mixin.py:188} INFO - [2024-03-06T14:15:40.326+0000] {dag.py:3834} INFO - Setting next_dagrun for example_time_delta_sensor_async to None, run_after=None
[2024-03-06T14:15:40.340+0000] {processor.py:183} INFO - Processing /home/airflow/.local/lib/python3.11/site-packages/airflow/example_dags/example_time_delta_sensor_async.py took 0.059 seconds
[2024-03-06T14:16:10.564+0000] {processor.py:161} INFO - Started process (PID=15546) to work on /home/airflow/.local/lib/python3.11/site-packages/airflow/example_dags/example_time_delta_sensor_async.py
[2024-03-06T14:16:10.567+0000] {processor.py:830} INFO - Processing file /home/airflow/.local/lib/python3.11/site-packages/airflow/example_dags/example_time_delta_sensor_async.py for tasks to queue
[2024-03-06T14:16:10.569+0000] {logging_mixin.py:188} INFO - [2024-03-06T14:16:10.568+0000] {dagbag.py:540} INFO - Filling up the DagBag from /home/airflow/.local/lib/python3.11/site-packages/airflow/example_dags/example_time_delta_sensor_async.py
[2024-03-06T14:16:10.577+0000] {processor.py:840} INFO - DAG(s) 'example_time_delta_sensor_async' retrieved from /home/airflow/.local/lib/python3.11/site-packages/airflow/example_dags/example_time_delta_sensor_async.py
[2024-03-06T14:16:10.607+0000] {logging_mixin.py:188} INFO - [2024-03-06T14:16:10.606+0000] {dag.py:3047} INFO - Sync 1 DAGs
[2024-03-06T14:16:10.619+0000] {logging_mixin.py:188} INFO - [2024-03-06T14:16:10.619+0000] {dag.py:3834} INFO - Setting next_dagrun for example_time_delta_sensor_async to None, run_after=None
[2024-03-06T14:16:10.644+0000] {processor.py:183} INFO - Processing /home/airflow/.local/lib/python3.11/site-packages/airflow/example_dags/example_time_delta_sensor_async.py took 0.084 seconds
[2024-03-06T14:16:41.384+0000] {processor.py:161} INFO - Started process (PID=15795) to work on /home/airflow/.local/lib/python3.11/site-packages/airflow/example_dags/example_time_delta_sensor_async.py
[2024-03-06T14:16:41.385+0000] {processor.py:830} INFO - Processing file /home/airflow/.local/lib/python3.11/site-packages/airflow/example_dags/example_time_delta_sensor_async.py for tasks to queue
[2024-03-06T14:16:41.386+0000] {logging_mixin.py:188} INFO - [2024-03-06T14:16:41.385+0000] {dagbag.py:540} INFO - Filling up the DagBag from /home/airflow/.local/lib/python3.11/site-packages/airflow/example_dags/example_time_delta_sensor_async.py
[2024-03-06T14:16:41.390+0000] {processor.py:840} INFO - DAG(s) 'example_time_delta_sensor_async' retrieved from /home/airflow/.local/lib/python3.11/site-packages/airflow/example_dags/example_time_delta_sensor_async.py
[2024-03-06T14:16:41.407+0000] {logging_mixin.py:188} INFO - [2024-03-06T14:16:41.407+0000] {dag.py:3047} INFO - Sync 1 DAGs
[2024-03-06T14:16:41.417+0000] {logging_mixin.py:188} INFO - [2024-03-06T14:16:41.417+0000] {dag.py:3834} INFO - Setting next_dagrun for example_time_delta_sensor_async to None, run_after=None
[2024-03-06T14:16:41.436+0000] {processor.py:183} INFO - Processing /home/airflow/.local/lib/python3.11/site-packages/airflow/example_dags/example_time_delta_sensor_async.py took 0.054 seconds
[2024-03-06T14:17:12.411+0000] {processor.py:161} INFO - Started process (PID=16040) to work on /home/airflow/.local/lib/python3.11/site-packages/airflow/example_dags/example_time_delta_sensor_async.py
[2024-03-06T14:17:12.420+0000] {processor.py:830} INFO - Processing file /home/airflow/.local/lib/python3.11/site-packages/airflow/example_dags/example_time_delta_sensor_async.py for tasks to queue
[2024-03-06T14:17:12.425+0000] {logging_mixin.py:188} INFO - [2024-03-06T14:17:12.424+0000] {dagbag.py:540} INFO - Filling up the DagBag from /home/airflow/.local/lib/python3.11/site-packages/airflow/example_dags/example_time_delta_sensor_async.py
[2024-03-06T14:17:12.437+0000] {processor.py:840} INFO - DAG(s) 'example_time_delta_sensor_async' retrieved from /home/airflow/.local/lib/python3.11/site-packages/airflow/example_dags/example_time_delta_sensor_async.py
[2024-03-06T14:17:12.491+0000] {logging_mixin.py:188} INFO - [2024-03-06T14:17:12.490+0000] {dag.py:3047} INFO - Sync 1 DAGs
[2024-03-06T14:17:12.522+0000] {logging_mixin.py:188} INFO - [2024-03-06T14:17:12.522+0000] {dag.py:3834} INFO - Setting next_dagrun for example_time_delta_sensor_async to None, run_after=None
[2024-03-06T14:17:12.570+0000] {processor.py:183} INFO - Processing /home/airflow/.local/lib/python3.11/site-packages/airflow/example_dags/example_time_delta_sensor_async.py took 0.164 seconds
[2024-03-06T14:17:43.308+0000] {processor.py:161} INFO - Started process (PID=16289) to work on /home/airflow/.local/lib/python3.11/site-packages/airflow/example_dags/example_time_delta_sensor_async.py
[2024-03-06T14:17:43.310+0000] {processor.py:830} INFO - Processing file /home/airflow/.local/lib/python3.11/site-packages/airflow/example_dags/example_time_delta_sensor_async.py for tasks to queue
[2024-03-06T14:17:43.312+0000] {logging_mixin.py:188} INFO - [2024-03-06T14:17:43.311+0000] {dagbag.py:540} INFO - Filling up the DagBag from /home/airflow/.local/lib/python3.11/site-packages/airflow/example_dags/example_time_delta_sensor_async.py
[2024-03-06T14:17:43.318+0000] {processor.py:840} INFO - DAG(s) 'example_time_delta_sensor_async' retrieved from /home/airflow/.local/lib/python3.11/site-packages/airflow/example_dags/example_time_delta_sensor_async.py
[2024-03-06T14:17:43.357+0000] {logging_mixin.py:188} INFO - [2024-03-06T14:17:43.357+0000] {dag.py:3047} INFO - Sync 1 DAGs
[2024-03-06T14:17:43.384+0000] {logging_mixin.py:188} INFO - [2024-03-06T14:17:43.383+0000] {dag.py:3834} INFO - Setting next_dagrun for example_time_delta_sensor_async to None, run_after=None
[2024-03-06T14:17:43.435+0000] {processor.py:183} INFO - Processing /home/airflow/.local/lib/python3.11/site-packages/airflow/example_dags/example_time_delta_sensor_async.py took 0.130 seconds
[2024-03-06T14:18:14.375+0000] {processor.py:161} INFO - Started process (PID=16534) to work on /home/airflow/.local/lib/python3.11/site-packages/airflow/example_dags/example_time_delta_sensor_async.py
[2024-03-06T14:18:14.377+0000] {processor.py:830} INFO - Processing file /home/airflow/.local/lib/python3.11/site-packages/airflow/example_dags/example_time_delta_sensor_async.py for tasks to queue
[2024-03-06T14:18:14.385+0000] {logging_mixin.py:188} INFO - [2024-03-06T14:18:14.384+0000] {dagbag.py:540} INFO - Filling up the DagBag from /home/airflow/.local/lib/python3.11/site-packages/airflow/example_dags/example_time_delta_sensor_async.py
[2024-03-06T14:18:14.398+0000] {processor.py:840} INFO - DAG(s) 'example_time_delta_sensor_async' retrieved from /home/airflow/.local/lib/python3.11/site-packages/airflow/example_dags/example_time_delta_sensor_async.py
[2024-03-06T14:18:14.460+0000] {logging_mixin.py:188} INFO - [2024-03-06T14:18:14.460+0000] {dag.py:3047} INFO - Sync 1 DAGs
[2024-03-06T14:18:14.504+0000] {logging_mixin.py:188} INFO - [2024-03-06T14:18:14.504+0000] {dag.py:3834} INFO - Setting next_dagrun for example_time_delta_sensor_async to None, run_after=None
[2024-03-06T14:18:14.567+0000] {processor.py:183} INFO - Processing /home/airflow/.local/lib/python3.11/site-packages/airflow/example_dags/example_time_delta_sensor_async.py took 0.205 seconds
[2024-03-06T14:18:45.424+0000] {processor.py:161} INFO - Started process (PID=16782) to work on /home/airflow/.local/lib/python3.11/site-packages/airflow/example_dags/example_time_delta_sensor_async.py
[2024-03-06T14:18:45.427+0000] {processor.py:830} INFO - Processing file /home/airflow/.local/lib/python3.11/site-packages/airflow/example_dags/example_time_delta_sensor_async.py for tasks to queue
[2024-03-06T14:18:45.433+0000] {logging_mixin.py:188} INFO - [2024-03-06T14:18:45.430+0000] {dagbag.py:540} INFO - Filling up the DagBag from /home/airflow/.local/lib/python3.11/site-packages/airflow/example_dags/example_time_delta_sensor_async.py
[2024-03-06T14:18:45.447+0000] {processor.py:840} INFO - DAG(s) 'example_time_delta_sensor_async' retrieved from /home/airflow/.local/lib/python3.11/site-packages/airflow/example_dags/example_time_delta_sensor_async.py
[2024-03-06T14:18:45.521+0000] {logging_mixin.py:188} INFO - [2024-03-06T14:18:45.521+0000] {dag.py:3047} INFO - Sync 1 DAGs
[2024-03-06T14:18:45.564+0000] {logging_mixin.py:188} INFO - [2024-03-06T14:18:45.562+0000] {dag.py:3834} INFO - Setting next_dagrun for example_time_delta_sensor_async to None, run_after=None
[2024-03-06T14:18:45.604+0000] {processor.py:183} INFO - Processing /home/airflow/.local/lib/python3.11/site-packages/airflow/example_dags/example_time_delta_sensor_async.py took 0.192 seconds
[2024-03-06T14:19:16.364+0000] {processor.py:161} INFO - Started process (PID=17027) to work on /home/airflow/.local/lib/python3.11/site-packages/airflow/example_dags/example_time_delta_sensor_async.py
[2024-03-06T14:19:16.368+0000] {processor.py:830} INFO - Processing file /home/airflow/.local/lib/python3.11/site-packages/airflow/example_dags/example_time_delta_sensor_async.py for tasks to queue
[2024-03-06T14:19:16.375+0000] {logging_mixin.py:188} INFO - [2024-03-06T14:19:16.373+0000] {dagbag.py:540} INFO - Filling up the DagBag from /home/airflow/.local/lib/python3.11/site-packages/airflow/example_dags/example_time_delta_sensor_async.py
[2024-03-06T14:19:16.393+0000] {processor.py:840} INFO - DAG(s) 'example_time_delta_sensor_async' retrieved from /home/airflow/.local/lib/python3.11/site-packages/airflow/example_dags/example_time_delta_sensor_async.py
[2024-03-06T14:19:16.434+0000] {logging_mixin.py:188} INFO - [2024-03-06T14:19:16.433+0000] {dag.py:3047} INFO - Sync 1 DAGs
[2024-03-06T14:19:16.461+0000] {logging_mixin.py:188} INFO - [2024-03-06T14:19:16.461+0000] {dag.py:3834} INFO - Setting next_dagrun for example_time_delta_sensor_async to None, run_after=None
[2024-03-06T14:19:16.496+0000] {processor.py:183} INFO - Processing /home/airflow/.local/lib/python3.11/site-packages/airflow/example_dags/example_time_delta_sensor_async.py took 0.143 seconds
