[2024-03-06T13:44:40.304+0000] {processor.py:161} INFO - Started process (PID=354) to work on /home/airflow/.local/lib/python3.11/site-packages/airflow/example_dags/example_python_decorator.py
[2024-03-06T13:44:40.305+0000] {processor.py:830} INFO - Processing file /home/airflow/.local/lib/python3.11/site-packages/airflow/example_dags/example_python_decorator.py for tasks to queue
[2024-03-06T13:44:40.306+0000] {logging_mixin.py:188} INFO - [2024-03-06T13:44:40.306+0000] {dagbag.py:540} INFO - Filling up the DagBag from /home/airflow/.local/lib/python3.11/site-packages/airflow/example_dags/example_python_decorator.py
[2024-03-06T13:44:40.327+0000] {processor.py:840} INFO - DAG(s) 'example_python_decorator' retrieved from /home/airflow/.local/lib/python3.11/site-packages/airflow/example_dags/example_python_decorator.py
[2024-03-06T13:44:40.617+0000] {logging_mixin.py:188} INFO - [2024-03-06T13:44:40.616+0000] {dag.py:3047} INFO - Sync 1 DAGs
[2024-03-06T13:44:40.634+0000] {logging_mixin.py:188} INFO - [2024-03-06T13:44:40.634+0000] {dag.py:3834} INFO - Setting next_dagrun for example_python_decorator to None, run_after=None
[2024-03-06T13:44:40.658+0000] {processor.py:183} INFO - Processing /home/airflow/.local/lib/python3.11/site-packages/airflow/example_dags/example_python_decorator.py took 0.358 seconds
[2024-03-06T13:45:10.701+0000] {processor.py:161} INFO - Started process (PID=600) to work on /home/airflow/.local/lib/python3.11/site-packages/airflow/example_dags/example_python_decorator.py
[2024-03-06T13:45:10.702+0000] {processor.py:830} INFO - Processing file /home/airflow/.local/lib/python3.11/site-packages/airflow/example_dags/example_python_decorator.py for tasks to queue
[2024-03-06T13:45:10.704+0000] {logging_mixin.py:188} INFO - [2024-03-06T13:45:10.704+0000] {dagbag.py:540} INFO - Filling up the DagBag from /home/airflow/.local/lib/python3.11/site-packages/airflow/example_dags/example_python_decorator.py
[2024-03-06T13:45:10.719+0000] {processor.py:840} INFO - DAG(s) 'example_python_decorator' retrieved from /home/airflow/.local/lib/python3.11/site-packages/airflow/example_dags/example_python_decorator.py
[2024-03-06T13:45:10.741+0000] {logging_mixin.py:188} INFO - [2024-03-06T13:45:10.741+0000] {dag.py:3047} INFO - Sync 1 DAGs
[2024-03-06T13:45:10.751+0000] {logging_mixin.py:188} INFO - [2024-03-06T13:45:10.751+0000] {dag.py:3834} INFO - Setting next_dagrun for example_python_decorator to None, run_after=None
[2024-03-06T13:45:10.766+0000] {processor.py:183} INFO - Processing /home/airflow/.local/lib/python3.11/site-packages/airflow/example_dags/example_python_decorator.py took 0.070 seconds
[2024-03-06T13:45:41.313+0000] {processor.py:161} INFO - Started process (PID=846) to work on /home/airflow/.local/lib/python3.11/site-packages/airflow/example_dags/example_python_decorator.py
[2024-03-06T13:45:41.315+0000] {processor.py:830} INFO - Processing file /home/airflow/.local/lib/python3.11/site-packages/airflow/example_dags/example_python_decorator.py for tasks to queue
[2024-03-06T13:45:41.316+0000] {logging_mixin.py:188} INFO - [2024-03-06T13:45:41.316+0000] {dagbag.py:540} INFO - Filling up the DagBag from /home/airflow/.local/lib/python3.11/site-packages/airflow/example_dags/example_python_decorator.py
[2024-03-06T13:45:41.339+0000] {processor.py:840} INFO - DAG(s) 'example_python_decorator' retrieved from /home/airflow/.local/lib/python3.11/site-packages/airflow/example_dags/example_python_decorator.py
[2024-03-06T13:45:41.366+0000] {logging_mixin.py:188} INFO - [2024-03-06T13:45:41.366+0000] {dag.py:3047} INFO - Sync 1 DAGs
[2024-03-06T13:45:41.382+0000] {logging_mixin.py:188} INFO - [2024-03-06T13:45:41.381+0000] {dag.py:3834} INFO - Setting next_dagrun for example_python_decorator to None, run_after=None
[2024-03-06T13:45:41.414+0000] {processor.py:183} INFO - Processing /home/airflow/.local/lib/python3.11/site-packages/airflow/example_dags/example_python_decorator.py took 0.107 seconds
[2024-03-06T13:46:12.211+0000] {processor.py:161} INFO - Started process (PID=1093) to work on /home/airflow/.local/lib/python3.11/site-packages/airflow/example_dags/example_python_decorator.py
[2024-03-06T13:46:12.212+0000] {processor.py:830} INFO - Processing file /home/airflow/.local/lib/python3.11/site-packages/airflow/example_dags/example_python_decorator.py for tasks to queue
[2024-03-06T13:46:12.214+0000] {logging_mixin.py:188} INFO - [2024-03-06T13:46:12.213+0000] {dagbag.py:540} INFO - Filling up the DagBag from /home/airflow/.local/lib/python3.11/site-packages/airflow/example_dags/example_python_decorator.py
[2024-03-06T13:46:12.235+0000] {processor.py:840} INFO - DAG(s) 'example_python_decorator' retrieved from /home/airflow/.local/lib/python3.11/site-packages/airflow/example_dags/example_python_decorator.py
[2024-03-06T13:46:12.258+0000] {logging_mixin.py:188} INFO - [2024-03-06T13:46:12.258+0000] {dag.py:3047} INFO - Sync 1 DAGs
[2024-03-06T13:46:12.273+0000] {logging_mixin.py:188} INFO - [2024-03-06T13:46:12.272+0000] {dag.py:3834} INFO - Setting next_dagrun for example_python_decorator to None, run_after=None
[2024-03-06T13:46:12.290+0000] {processor.py:183} INFO - Processing /home/airflow/.local/lib/python3.11/site-packages/airflow/example_dags/example_python_decorator.py took 0.083 seconds
[2024-03-06T13:46:42.744+0000] {processor.py:161} INFO - Started process (PID=1340) to work on /home/airflow/.local/lib/python3.11/site-packages/airflow/example_dags/example_python_decorator.py
[2024-03-06T13:46:42.745+0000] {processor.py:830} INFO - Processing file /home/airflow/.local/lib/python3.11/site-packages/airflow/example_dags/example_python_decorator.py for tasks to queue
[2024-03-06T13:46:42.747+0000] {logging_mixin.py:188} INFO - [2024-03-06T13:46:42.746+0000] {dagbag.py:540} INFO - Filling up the DagBag from /home/airflow/.local/lib/python3.11/site-packages/airflow/example_dags/example_python_decorator.py
[2024-03-06T13:46:42.763+0000] {processor.py:840} INFO - DAG(s) 'example_python_decorator' retrieved from /home/airflow/.local/lib/python3.11/site-packages/airflow/example_dags/example_python_decorator.py
[2024-03-06T13:46:42.782+0000] {logging_mixin.py:188} INFO - [2024-03-06T13:46:42.782+0000] {dag.py:3047} INFO - Sync 1 DAGs
[2024-03-06T13:46:42.792+0000] {logging_mixin.py:188} INFO - [2024-03-06T13:46:42.792+0000] {dag.py:3834} INFO - Setting next_dagrun for example_python_decorator to None, run_after=None
[2024-03-06T13:46:42.819+0000] {processor.py:183} INFO - Processing /home/airflow/.local/lib/python3.11/site-packages/airflow/example_dags/example_python_decorator.py took 0.079 seconds
[2024-03-06T13:47:13.481+0000] {processor.py:161} INFO - Started process (PID=1587) to work on /home/airflow/.local/lib/python3.11/site-packages/airflow/example_dags/example_python_decorator.py
[2024-03-06T13:47:13.484+0000] {processor.py:830} INFO - Processing file /home/airflow/.local/lib/python3.11/site-packages/airflow/example_dags/example_python_decorator.py for tasks to queue
[2024-03-06T13:47:13.486+0000] {logging_mixin.py:188} INFO - [2024-03-06T13:47:13.485+0000] {dagbag.py:540} INFO - Filling up the DagBag from /home/airflow/.local/lib/python3.11/site-packages/airflow/example_dags/example_python_decorator.py
[2024-03-06T13:47:13.526+0000] {processor.py:840} INFO - DAG(s) 'example_python_decorator' retrieved from /home/airflow/.local/lib/python3.11/site-packages/airflow/example_dags/example_python_decorator.py
[2024-03-06T13:47:13.556+0000] {logging_mixin.py:188} INFO - [2024-03-06T13:47:13.556+0000] {dag.py:3047} INFO - Sync 1 DAGs
[2024-03-06T13:47:13.591+0000] {logging_mixin.py:188} INFO - [2024-03-06T13:47:13.591+0000] {dag.py:3834} INFO - Setting next_dagrun for example_python_decorator to None, run_after=None
[2024-03-06T13:47:13.621+0000] {processor.py:183} INFO - Processing /home/airflow/.local/lib/python3.11/site-packages/airflow/example_dags/example_python_decorator.py took 0.150 seconds
[2024-03-06T13:47:44.636+0000] {processor.py:161} INFO - Started process (PID=1834) to work on /home/airflow/.local/lib/python3.11/site-packages/airflow/example_dags/example_python_decorator.py
[2024-03-06T13:47:44.637+0000] {processor.py:830} INFO - Processing file /home/airflow/.local/lib/python3.11/site-packages/airflow/example_dags/example_python_decorator.py for tasks to queue
[2024-03-06T13:47:44.639+0000] {logging_mixin.py:188} INFO - [2024-03-06T13:47:44.639+0000] {dagbag.py:540} INFO - Filling up the DagBag from /home/airflow/.local/lib/python3.11/site-packages/airflow/example_dags/example_python_decorator.py
[2024-03-06T13:47:44.674+0000] {processor.py:840} INFO - DAG(s) 'example_python_decorator' retrieved from /home/airflow/.local/lib/python3.11/site-packages/airflow/example_dags/example_python_decorator.py
[2024-03-06T13:47:44.708+0000] {logging_mixin.py:188} INFO - [2024-03-06T13:47:44.707+0000] {dag.py:3047} INFO - Sync 1 DAGs
[2024-03-06T13:47:44.724+0000] {logging_mixin.py:188} INFO - [2024-03-06T13:47:44.724+0000] {dag.py:3834} INFO - Setting next_dagrun for example_python_decorator to None, run_after=None
[2024-03-06T13:47:44.786+0000] {processor.py:183} INFO - Processing /home/airflow/.local/lib/python3.11/site-packages/airflow/example_dags/example_python_decorator.py took 0.159 seconds
[2024-03-06T13:48:15.160+0000] {processor.py:161} INFO - Started process (PID=2081) to work on /home/airflow/.local/lib/python3.11/site-packages/airflow/example_dags/example_python_decorator.py
[2024-03-06T13:48:15.161+0000] {processor.py:830} INFO - Processing file /home/airflow/.local/lib/python3.11/site-packages/airflow/example_dags/example_python_decorator.py for tasks to queue
[2024-03-06T13:48:15.162+0000] {logging_mixin.py:188} INFO - [2024-03-06T13:48:15.162+0000] {dagbag.py:540} INFO - Filling up the DagBag from /home/airflow/.local/lib/python3.11/site-packages/airflow/example_dags/example_python_decorator.py
[2024-03-06T13:48:15.179+0000] {processor.py:840} INFO - DAG(s) 'example_python_decorator' retrieved from /home/airflow/.local/lib/python3.11/site-packages/airflow/example_dags/example_python_decorator.py
[2024-03-06T13:48:15.208+0000] {logging_mixin.py:188} INFO - [2024-03-06T13:48:15.207+0000] {dag.py:3047} INFO - Sync 1 DAGs
[2024-03-06T13:48:15.222+0000] {logging_mixin.py:188} INFO - [2024-03-06T13:48:15.222+0000] {dag.py:3834} INFO - Setting next_dagrun for example_python_decorator to None, run_after=None
[2024-03-06T13:48:15.244+0000] {processor.py:183} INFO - Processing /home/airflow/.local/lib/python3.11/site-packages/airflow/example_dags/example_python_decorator.py took 0.089 seconds
[2024-03-06T13:48:46.286+0000] {processor.py:161} INFO - Started process (PID=2327) to work on /home/airflow/.local/lib/python3.11/site-packages/airflow/example_dags/example_python_decorator.py
[2024-03-06T13:48:46.289+0000] {processor.py:830} INFO - Processing file /home/airflow/.local/lib/python3.11/site-packages/airflow/example_dags/example_python_decorator.py for tasks to queue
[2024-03-06T13:48:46.291+0000] {logging_mixin.py:188} INFO - [2024-03-06T13:48:46.290+0000] {dagbag.py:540} INFO - Filling up the DagBag from /home/airflow/.local/lib/python3.11/site-packages/airflow/example_dags/example_python_decorator.py
[2024-03-06T13:48:46.315+0000] {processor.py:840} INFO - DAG(s) 'example_python_decorator' retrieved from /home/airflow/.local/lib/python3.11/site-packages/airflow/example_dags/example_python_decorator.py
[2024-03-06T13:48:46.349+0000] {logging_mixin.py:188} INFO - [2024-03-06T13:48:46.349+0000] {dag.py:3047} INFO - Sync 1 DAGs
[2024-03-06T13:48:46.366+0000] {logging_mixin.py:188} INFO - [2024-03-06T13:48:46.365+0000] {dag.py:3834} INFO - Setting next_dagrun for example_python_decorator to None, run_after=None
[2024-03-06T13:48:46.400+0000] {processor.py:183} INFO - Processing /home/airflow/.local/lib/python3.11/site-packages/airflow/example_dags/example_python_decorator.py took 0.118 seconds
[2024-03-06T13:49:16.737+0000] {processor.py:161} INFO - Started process (PID=2574) to work on /home/airflow/.local/lib/python3.11/site-packages/airflow/example_dags/example_python_decorator.py
[2024-03-06T13:49:16.740+0000] {processor.py:830} INFO - Processing file /home/airflow/.local/lib/python3.11/site-packages/airflow/example_dags/example_python_decorator.py for tasks to queue
[2024-03-06T13:49:16.741+0000] {logging_mixin.py:188} INFO - [2024-03-06T13:49:16.741+0000] {dagbag.py:540} INFO - Filling up the DagBag from /home/airflow/.local/lib/python3.11/site-packages/airflow/example_dags/example_python_decorator.py
[2024-03-06T13:49:16.763+0000] {processor.py:840} INFO - DAG(s) 'example_python_decorator' retrieved from /home/airflow/.local/lib/python3.11/site-packages/airflow/example_dags/example_python_decorator.py
[2024-03-06T13:49:16.791+0000] {logging_mixin.py:188} INFO - [2024-03-06T13:49:16.791+0000] {dag.py:3047} INFO - Sync 1 DAGs
[2024-03-06T13:49:16.807+0000] {logging_mixin.py:188} INFO - [2024-03-06T13:49:16.807+0000] {dag.py:3834} INFO - Setting next_dagrun for example_python_decorator to None, run_after=None
[2024-03-06T13:49:16.838+0000] {processor.py:183} INFO - Processing /home/airflow/.local/lib/python3.11/site-packages/airflow/example_dags/example_python_decorator.py took 0.105 seconds
[2024-03-06T13:49:47.808+0000] {processor.py:161} INFO - Started process (PID=2821) to work on /home/airflow/.local/lib/python3.11/site-packages/airflow/example_dags/example_python_decorator.py
[2024-03-06T13:49:47.809+0000] {processor.py:830} INFO - Processing file /home/airflow/.local/lib/python3.11/site-packages/airflow/example_dags/example_python_decorator.py for tasks to queue
[2024-03-06T13:49:47.811+0000] {logging_mixin.py:188} INFO - [2024-03-06T13:49:47.810+0000] {dagbag.py:540} INFO - Filling up the DagBag from /home/airflow/.local/lib/python3.11/site-packages/airflow/example_dags/example_python_decorator.py
[2024-03-06T13:49:47.824+0000] {processor.py:840} INFO - DAG(s) 'example_python_decorator' retrieved from /home/airflow/.local/lib/python3.11/site-packages/airflow/example_dags/example_python_decorator.py
[2024-03-06T13:49:47.846+0000] {logging_mixin.py:188} INFO - [2024-03-06T13:49:47.846+0000] {dag.py:3047} INFO - Sync 1 DAGs
[2024-03-06T13:49:47.859+0000] {logging_mixin.py:188} INFO - [2024-03-06T13:49:47.858+0000] {dag.py:3834} INFO - Setting next_dagrun for example_python_decorator to None, run_after=None
[2024-03-06T13:49:47.879+0000] {processor.py:183} INFO - Processing /home/airflow/.local/lib/python3.11/site-packages/airflow/example_dags/example_python_decorator.py took 0.074 seconds
[2024-03-06T13:50:18.523+0000] {processor.py:161} INFO - Started process (PID=3068) to work on /home/airflow/.local/lib/python3.11/site-packages/airflow/example_dags/example_python_decorator.py
[2024-03-06T13:50:18.524+0000] {processor.py:830} INFO - Processing file /home/airflow/.local/lib/python3.11/site-packages/airflow/example_dags/example_python_decorator.py for tasks to queue
[2024-03-06T13:50:18.526+0000] {logging_mixin.py:188} INFO - [2024-03-06T13:50:18.525+0000] {dagbag.py:540} INFO - Filling up the DagBag from /home/airflow/.local/lib/python3.11/site-packages/airflow/example_dags/example_python_decorator.py
[2024-03-06T13:50:18.540+0000] {processor.py:840} INFO - DAG(s) 'example_python_decorator' retrieved from /home/airflow/.local/lib/python3.11/site-packages/airflow/example_dags/example_python_decorator.py
[2024-03-06T13:50:18.570+0000] {logging_mixin.py:188} INFO - [2024-03-06T13:50:18.569+0000] {dag.py:3047} INFO - Sync 1 DAGs
[2024-03-06T13:50:18.584+0000] {logging_mixin.py:188} INFO - [2024-03-06T13:50:18.584+0000] {dag.py:3834} INFO - Setting next_dagrun for example_python_decorator to None, run_after=None
[2024-03-06T13:50:18.610+0000] {processor.py:183} INFO - Processing /home/airflow/.local/lib/python3.11/site-packages/airflow/example_dags/example_python_decorator.py took 0.090 seconds
[2024-03-06T13:50:48.982+0000] {processor.py:161} INFO - Started process (PID=3315) to work on /home/airflow/.local/lib/python3.11/site-packages/airflow/example_dags/example_python_decorator.py
[2024-03-06T13:50:48.983+0000] {processor.py:830} INFO - Processing file /home/airflow/.local/lib/python3.11/site-packages/airflow/example_dags/example_python_decorator.py for tasks to queue
[2024-03-06T13:50:48.984+0000] {logging_mixin.py:188} INFO - [2024-03-06T13:50:48.984+0000] {dagbag.py:540} INFO - Filling up the DagBag from /home/airflow/.local/lib/python3.11/site-packages/airflow/example_dags/example_python_decorator.py
[2024-03-06T13:50:48.998+0000] {processor.py:840} INFO - DAG(s) 'example_python_decorator' retrieved from /home/airflow/.local/lib/python3.11/site-packages/airflow/example_dags/example_python_decorator.py
[2024-03-06T13:50:49.019+0000] {logging_mixin.py:188} INFO - [2024-03-06T13:50:49.019+0000] {dag.py:3047} INFO - Sync 1 DAGs
[2024-03-06T13:50:49.030+0000] {logging_mixin.py:188} INFO - [2024-03-06T13:50:49.030+0000] {dag.py:3834} INFO - Setting next_dagrun for example_python_decorator to None, run_after=None
[2024-03-06T13:50:49.047+0000] {processor.py:183} INFO - Processing /home/airflow/.local/lib/python3.11/site-packages/airflow/example_dags/example_python_decorator.py took 0.068 seconds
[2024-03-06T13:51:19.513+0000] {processor.py:161} INFO - Started process (PID=3562) to work on /home/airflow/.local/lib/python3.11/site-packages/airflow/example_dags/example_python_decorator.py
[2024-03-06T13:51:19.515+0000] {processor.py:830} INFO - Processing file /home/airflow/.local/lib/python3.11/site-packages/airflow/example_dags/example_python_decorator.py for tasks to queue
[2024-03-06T13:51:19.516+0000] {logging_mixin.py:188} INFO - [2024-03-06T13:51:19.516+0000] {dagbag.py:540} INFO - Filling up the DagBag from /home/airflow/.local/lib/python3.11/site-packages/airflow/example_dags/example_python_decorator.py
[2024-03-06T13:51:19.532+0000] {processor.py:840} INFO - DAG(s) 'example_python_decorator' retrieved from /home/airflow/.local/lib/python3.11/site-packages/airflow/example_dags/example_python_decorator.py
[2024-03-06T13:51:19.554+0000] {logging_mixin.py:188} INFO - [2024-03-06T13:51:19.554+0000] {dag.py:3047} INFO - Sync 1 DAGs
[2024-03-06T13:51:19.566+0000] {logging_mixin.py:188} INFO - [2024-03-06T13:51:19.566+0000] {dag.py:3834} INFO - Setting next_dagrun for example_python_decorator to None, run_after=None
[2024-03-06T13:51:19.584+0000] {processor.py:183} INFO - Processing /home/airflow/.local/lib/python3.11/site-packages/airflow/example_dags/example_python_decorator.py took 0.075 seconds
[2024-03-06T13:51:49.959+0000] {processor.py:161} INFO - Started process (PID=3809) to work on /home/airflow/.local/lib/python3.11/site-packages/airflow/example_dags/example_python_decorator.py
[2024-03-06T13:51:49.961+0000] {processor.py:830} INFO - Processing file /home/airflow/.local/lib/python3.11/site-packages/airflow/example_dags/example_python_decorator.py for tasks to queue
[2024-03-06T13:51:49.962+0000] {logging_mixin.py:188} INFO - [2024-03-06T13:51:49.961+0000] {dagbag.py:540} INFO - Filling up the DagBag from /home/airflow/.local/lib/python3.11/site-packages/airflow/example_dags/example_python_decorator.py
[2024-03-06T13:51:49.975+0000] {processor.py:840} INFO - DAG(s) 'example_python_decorator' retrieved from /home/airflow/.local/lib/python3.11/site-packages/airflow/example_dags/example_python_decorator.py
[2024-03-06T13:51:49.996+0000] {logging_mixin.py:188} INFO - [2024-03-06T13:51:49.996+0000] {dag.py:3047} INFO - Sync 1 DAGs
[2024-03-06T13:51:50.008+0000] {logging_mixin.py:188} INFO - [2024-03-06T13:51:50.008+0000] {dag.py:3834} INFO - Setting next_dagrun for example_python_decorator to None, run_after=None
[2024-03-06T13:51:50.024+0000] {processor.py:183} INFO - Processing /home/airflow/.local/lib/python3.11/site-packages/airflow/example_dags/example_python_decorator.py took 0.068 seconds
[2024-03-06T13:52:20.481+0000] {processor.py:161} INFO - Started process (PID=4056) to work on /home/airflow/.local/lib/python3.11/site-packages/airflow/example_dags/example_python_decorator.py
[2024-03-06T13:52:20.482+0000] {processor.py:830} INFO - Processing file /home/airflow/.local/lib/python3.11/site-packages/airflow/example_dags/example_python_decorator.py for tasks to queue
[2024-03-06T13:52:20.484+0000] {logging_mixin.py:188} INFO - [2024-03-06T13:52:20.483+0000] {dagbag.py:540} INFO - Filling up the DagBag from /home/airflow/.local/lib/python3.11/site-packages/airflow/example_dags/example_python_decorator.py
[2024-03-06T13:52:20.496+0000] {processor.py:840} INFO - DAG(s) 'example_python_decorator' retrieved from /home/airflow/.local/lib/python3.11/site-packages/airflow/example_dags/example_python_decorator.py
[2024-03-06T13:52:20.521+0000] {logging_mixin.py:188} INFO - [2024-03-06T13:52:20.521+0000] {dag.py:3047} INFO - Sync 1 DAGs
[2024-03-06T13:52:20.533+0000] {logging_mixin.py:188} INFO - [2024-03-06T13:52:20.532+0000] {dag.py:3834} INFO - Setting next_dagrun for example_python_decorator to None, run_after=None
[2024-03-06T13:52:20.549+0000] {processor.py:183} INFO - Processing /home/airflow/.local/lib/python3.11/site-packages/airflow/example_dags/example_python_decorator.py took 0.071 seconds
[2024-03-06T13:52:50.962+0000] {processor.py:161} INFO - Started process (PID=4303) to work on /home/airflow/.local/lib/python3.11/site-packages/airflow/example_dags/example_python_decorator.py
[2024-03-06T13:52:50.964+0000] {processor.py:830} INFO - Processing file /home/airflow/.local/lib/python3.11/site-packages/airflow/example_dags/example_python_decorator.py for tasks to queue
[2024-03-06T13:52:50.966+0000] {logging_mixin.py:188} INFO - [2024-03-06T13:52:50.965+0000] {dagbag.py:540} INFO - Filling up the DagBag from /home/airflow/.local/lib/python3.11/site-packages/airflow/example_dags/example_python_decorator.py
[2024-03-06T13:52:50.981+0000] {processor.py:840} INFO - DAG(s) 'example_python_decorator' retrieved from /home/airflow/.local/lib/python3.11/site-packages/airflow/example_dags/example_python_decorator.py
[2024-03-06T13:52:51.010+0000] {logging_mixin.py:188} INFO - [2024-03-06T13:52:51.010+0000] {dag.py:3047} INFO - Sync 1 DAGs
[2024-03-06T13:52:51.023+0000] {logging_mixin.py:188} INFO - [2024-03-06T13:52:51.023+0000] {dag.py:3834} INFO - Setting next_dagrun for example_python_decorator to None, run_after=None
[2024-03-06T13:52:51.050+0000] {processor.py:183} INFO - Processing /home/airflow/.local/lib/python3.11/site-packages/airflow/example_dags/example_python_decorator.py took 0.091 seconds
[2024-03-06T13:53:22.792+0000] {processor.py:161} INFO - Started process (PID=4549) to work on /home/airflow/.local/lib/python3.11/site-packages/airflow/example_dags/example_python_decorator.py
[2024-03-06T13:53:22.794+0000] {processor.py:830} INFO - Processing file /home/airflow/.local/lib/python3.11/site-packages/airflow/example_dags/example_python_decorator.py for tasks to queue
[2024-03-06T13:53:22.796+0000] {logging_mixin.py:188} INFO - [2024-03-06T13:53:22.795+0000] {dagbag.py:540} INFO - Filling up the DagBag from /home/airflow/.local/lib/python3.11/site-packages/airflow/example_dags/example_python_decorator.py
[2024-03-06T13:53:22.810+0000] {processor.py:840} INFO - DAG(s) 'example_python_decorator' retrieved from /home/airflow/.local/lib/python3.11/site-packages/airflow/example_dags/example_python_decorator.py
[2024-03-06T13:53:22.836+0000] {logging_mixin.py:188} INFO - [2024-03-06T13:53:22.836+0000] {dag.py:3047} INFO - Sync 1 DAGs
[2024-03-06T13:53:22.850+0000] {logging_mixin.py:188} INFO - [2024-03-06T13:53:22.850+0000] {dag.py:3834} INFO - Setting next_dagrun for example_python_decorator to None, run_after=None
[2024-03-06T13:53:22.871+0000] {processor.py:183} INFO - Processing /home/airflow/.local/lib/python3.11/site-packages/airflow/example_dags/example_python_decorator.py took 0.083 seconds
[2024-03-06T13:53:53.744+0000] {processor.py:161} INFO - Started process (PID=4796) to work on /home/airflow/.local/lib/python3.11/site-packages/airflow/example_dags/example_python_decorator.py
[2024-03-06T13:53:53.745+0000] {processor.py:830} INFO - Processing file /home/airflow/.local/lib/python3.11/site-packages/airflow/example_dags/example_python_decorator.py for tasks to queue
[2024-03-06T13:53:53.746+0000] {logging_mixin.py:188} INFO - [2024-03-06T13:53:53.746+0000] {dagbag.py:540} INFO - Filling up the DagBag from /home/airflow/.local/lib/python3.11/site-packages/airflow/example_dags/example_python_decorator.py
[2024-03-06T13:53:53.764+0000] {processor.py:840} INFO - DAG(s) 'example_python_decorator' retrieved from /home/airflow/.local/lib/python3.11/site-packages/airflow/example_dags/example_python_decorator.py
[2024-03-06T13:53:53.791+0000] {logging_mixin.py:188} INFO - [2024-03-06T13:53:53.791+0000] {dag.py:3047} INFO - Sync 1 DAGs
[2024-03-06T13:53:53.807+0000] {logging_mixin.py:188} INFO - [2024-03-06T13:53:53.807+0000] {dag.py:3834} INFO - Setting next_dagrun for example_python_decorator to None, run_after=None
[2024-03-06T13:53:53.830+0000] {processor.py:183} INFO - Processing /home/airflow/.local/lib/python3.11/site-packages/airflow/example_dags/example_python_decorator.py took 0.090 seconds
[2024-03-06T13:54:24.385+0000] {processor.py:161} INFO - Started process (PID=5049) to work on /home/airflow/.local/lib/python3.11/site-packages/airflow/example_dags/example_python_decorator.py
[2024-03-06T13:54:24.386+0000] {processor.py:830} INFO - Processing file /home/airflow/.local/lib/python3.11/site-packages/airflow/example_dags/example_python_decorator.py for tasks to queue
[2024-03-06T13:54:24.387+0000] {logging_mixin.py:188} INFO - [2024-03-06T13:54:24.387+0000] {dagbag.py:540} INFO - Filling up the DagBag from /home/airflow/.local/lib/python3.11/site-packages/airflow/example_dags/example_python_decorator.py
[2024-03-06T13:54:24.401+0000] {processor.py:840} INFO - DAG(s) 'example_python_decorator' retrieved from /home/airflow/.local/lib/python3.11/site-packages/airflow/example_dags/example_python_decorator.py
[2024-03-06T13:54:24.423+0000] {logging_mixin.py:188} INFO - [2024-03-06T13:54:24.423+0000] {dag.py:3047} INFO - Sync 1 DAGs
[2024-03-06T13:54:24.437+0000] {logging_mixin.py:188} INFO - [2024-03-06T13:54:24.437+0000] {dag.py:3834} INFO - Setting next_dagrun for example_python_decorator to None, run_after=None
[2024-03-06T13:54:24.454+0000] {processor.py:183} INFO - Processing /home/airflow/.local/lib/python3.11/site-packages/airflow/example_dags/example_python_decorator.py took 0.073 seconds
[2024-03-06T13:54:55.171+0000] {processor.py:161} INFO - Started process (PID=5296) to work on /home/airflow/.local/lib/python3.11/site-packages/airflow/example_dags/example_python_decorator.py
[2024-03-06T13:54:55.174+0000] {processor.py:830} INFO - Processing file /home/airflow/.local/lib/python3.11/site-packages/airflow/example_dags/example_python_decorator.py for tasks to queue
[2024-03-06T13:54:55.175+0000] {logging_mixin.py:188} INFO - [2024-03-06T13:54:55.175+0000] {dagbag.py:540} INFO - Filling up the DagBag from /home/airflow/.local/lib/python3.11/site-packages/airflow/example_dags/example_python_decorator.py
[2024-03-06T13:54:55.189+0000] {processor.py:840} INFO - DAG(s) 'example_python_decorator' retrieved from /home/airflow/.local/lib/python3.11/site-packages/airflow/example_dags/example_python_decorator.py
[2024-03-06T13:54:55.210+0000] {logging_mixin.py:188} INFO - [2024-03-06T13:54:55.209+0000] {dag.py:3047} INFO - Sync 1 DAGs
[2024-03-06T13:54:55.220+0000] {logging_mixin.py:188} INFO - [2024-03-06T13:54:55.220+0000] {dag.py:3834} INFO - Setting next_dagrun for example_python_decorator to None, run_after=None
[2024-03-06T13:54:55.239+0000] {processor.py:183} INFO - Processing /home/airflow/.local/lib/python3.11/site-packages/airflow/example_dags/example_python_decorator.py took 0.072 seconds
[2024-03-06T13:55:25.899+0000] {processor.py:161} INFO - Started process (PID=5543) to work on /home/airflow/.local/lib/python3.11/site-packages/airflow/example_dags/example_python_decorator.py
[2024-03-06T13:55:25.900+0000] {processor.py:830} INFO - Processing file /home/airflow/.local/lib/python3.11/site-packages/airflow/example_dags/example_python_decorator.py for tasks to queue
[2024-03-06T13:55:25.901+0000] {logging_mixin.py:188} INFO - [2024-03-06T13:55:25.901+0000] {dagbag.py:540} INFO - Filling up the DagBag from /home/airflow/.local/lib/python3.11/site-packages/airflow/example_dags/example_python_decorator.py
[2024-03-06T13:55:25.934+0000] {processor.py:840} INFO - DAG(s) 'example_python_decorator' retrieved from /home/airflow/.local/lib/python3.11/site-packages/airflow/example_dags/example_python_decorator.py
[2024-03-06T13:55:25.974+0000] {logging_mixin.py:188} INFO - [2024-03-06T13:55:25.974+0000] {dag.py:3047} INFO - Sync 1 DAGs
[2024-03-06T13:55:26.008+0000] {logging_mixin.py:188} INFO - [2024-03-06T13:55:26.007+0000] {dag.py:3834} INFO - Setting next_dagrun for example_python_decorator to None, run_after=None
[2024-03-06T13:55:26.070+0000] {processor.py:183} INFO - Processing /home/airflow/.local/lib/python3.11/site-packages/airflow/example_dags/example_python_decorator.py took 0.177 seconds
[2024-03-06T13:55:56.851+0000] {processor.py:161} INFO - Started process (PID=5789) to work on /home/airflow/.local/lib/python3.11/site-packages/airflow/example_dags/example_python_decorator.py
[2024-03-06T13:55:56.853+0000] {processor.py:830} INFO - Processing file /home/airflow/.local/lib/python3.11/site-packages/airflow/example_dags/example_python_decorator.py for tasks to queue
[2024-03-06T13:55:56.855+0000] {logging_mixin.py:188} INFO - [2024-03-06T13:55:56.854+0000] {dagbag.py:540} INFO - Filling up the DagBag from /home/airflow/.local/lib/python3.11/site-packages/airflow/example_dags/example_python_decorator.py
[2024-03-06T13:55:56.880+0000] {processor.py:840} INFO - DAG(s) 'example_python_decorator' retrieved from /home/airflow/.local/lib/python3.11/site-packages/airflow/example_dags/example_python_decorator.py
[2024-03-06T13:55:56.920+0000] {logging_mixin.py:188} INFO - [2024-03-06T13:55:56.920+0000] {dag.py:3047} INFO - Sync 1 DAGs
[2024-03-06T13:55:56.942+0000] {logging_mixin.py:188} INFO - [2024-03-06T13:55:56.942+0000] {dag.py:3834} INFO - Setting next_dagrun for example_python_decorator to None, run_after=None
[2024-03-06T13:55:56.979+0000] {processor.py:183} INFO - Processing /home/airflow/.local/lib/python3.11/site-packages/airflow/example_dags/example_python_decorator.py took 0.134 seconds
[2024-03-06T13:56:27.485+0000] {processor.py:161} INFO - Started process (PID=6035) to work on /home/airflow/.local/lib/python3.11/site-packages/airflow/example_dags/example_python_decorator.py
[2024-03-06T13:56:27.493+0000] {processor.py:830} INFO - Processing file /home/airflow/.local/lib/python3.11/site-packages/airflow/example_dags/example_python_decorator.py for tasks to queue
[2024-03-06T13:56:27.497+0000] {logging_mixin.py:188} INFO - [2024-03-06T13:56:27.496+0000] {dagbag.py:540} INFO - Filling up the DagBag from /home/airflow/.local/lib/python3.11/site-packages/airflow/example_dags/example_python_decorator.py
[2024-03-06T13:56:27.532+0000] {processor.py:840} INFO - DAG(s) 'example_python_decorator' retrieved from /home/airflow/.local/lib/python3.11/site-packages/airflow/example_dags/example_python_decorator.py
[2024-03-06T13:56:27.604+0000] {logging_mixin.py:188} INFO - [2024-03-06T13:56:27.604+0000] {dag.py:3047} INFO - Sync 1 DAGs
[2024-03-06T13:56:27.652+0000] {logging_mixin.py:188} INFO - [2024-03-06T13:56:27.652+0000] {dag.py:3834} INFO - Setting next_dagrun for example_python_decorator to None, run_after=None
[2024-03-06T13:56:27.727+0000] {processor.py:183} INFO - Processing /home/airflow/.local/lib/python3.11/site-packages/airflow/example_dags/example_python_decorator.py took 0.250 seconds
[2024-03-06T13:56:58.102+0000] {processor.py:161} INFO - Started process (PID=6284) to work on /home/airflow/.local/lib/python3.11/site-packages/airflow/example_dags/example_python_decorator.py
[2024-03-06T13:56:58.105+0000] {processor.py:830} INFO - Processing file /home/airflow/.local/lib/python3.11/site-packages/airflow/example_dags/example_python_decorator.py for tasks to queue
[2024-03-06T13:56:58.107+0000] {logging_mixin.py:188} INFO - [2024-03-06T13:56:58.107+0000] {dagbag.py:540} INFO - Filling up the DagBag from /home/airflow/.local/lib/python3.11/site-packages/airflow/example_dags/example_python_decorator.py
[2024-03-06T13:56:58.132+0000] {processor.py:840} INFO - DAG(s) 'example_python_decorator' retrieved from /home/airflow/.local/lib/python3.11/site-packages/airflow/example_dags/example_python_decorator.py
[2024-03-06T13:56:58.157+0000] {logging_mixin.py:188} INFO - [2024-03-06T13:56:58.157+0000] {dag.py:3047} INFO - Sync 1 DAGs
[2024-03-06T13:56:58.179+0000] {logging_mixin.py:188} INFO - [2024-03-06T13:56:58.178+0000] {dag.py:3834} INFO - Setting next_dagrun for example_python_decorator to None, run_after=None
[2024-03-06T13:56:58.212+0000] {processor.py:183} INFO - Processing /home/airflow/.local/lib/python3.11/site-packages/airflow/example_dags/example_python_decorator.py took 0.115 seconds
[2024-03-06T13:57:28.626+0000] {processor.py:161} INFO - Started process (PID=6529) to work on /home/airflow/.local/lib/python3.11/site-packages/airflow/example_dags/example_python_decorator.py
[2024-03-06T13:57:28.628+0000] {processor.py:830} INFO - Processing file /home/airflow/.local/lib/python3.11/site-packages/airflow/example_dags/example_python_decorator.py for tasks to queue
[2024-03-06T13:57:28.630+0000] {logging_mixin.py:188} INFO - [2024-03-06T13:57:28.629+0000] {dagbag.py:540} INFO - Filling up the DagBag from /home/airflow/.local/lib/python3.11/site-packages/airflow/example_dags/example_python_decorator.py
[2024-03-06T13:57:28.648+0000] {processor.py:840} INFO - DAG(s) 'example_python_decorator' retrieved from /home/airflow/.local/lib/python3.11/site-packages/airflow/example_dags/example_python_decorator.py
[2024-03-06T13:57:28.674+0000] {logging_mixin.py:188} INFO - [2024-03-06T13:57:28.674+0000] {dag.py:3047} INFO - Sync 1 DAGs
[2024-03-06T13:57:28.689+0000] {logging_mixin.py:188} INFO - [2024-03-06T13:57:28.689+0000] {dag.py:3834} INFO - Setting next_dagrun for example_python_decorator to None, run_after=None
[2024-03-06T13:57:28.710+0000] {processor.py:183} INFO - Processing /home/airflow/.local/lib/python3.11/site-packages/airflow/example_dags/example_python_decorator.py took 0.087 seconds
[2024-03-06T13:57:58.936+0000] {processor.py:161} INFO - Started process (PID=6775) to work on /home/airflow/.local/lib/python3.11/site-packages/airflow/example_dags/example_python_decorator.py
[2024-03-06T13:57:58.937+0000] {processor.py:830} INFO - Processing file /home/airflow/.local/lib/python3.11/site-packages/airflow/example_dags/example_python_decorator.py for tasks to queue
[2024-03-06T13:57:58.942+0000] {logging_mixin.py:188} INFO - [2024-03-06T13:57:58.941+0000] {dagbag.py:540} INFO - Filling up the DagBag from /home/airflow/.local/lib/python3.11/site-packages/airflow/example_dags/example_python_decorator.py
[2024-03-06T13:57:58.960+0000] {processor.py:840} INFO - DAG(s) 'example_python_decorator' retrieved from /home/airflow/.local/lib/python3.11/site-packages/airflow/example_dags/example_python_decorator.py
[2024-03-06T13:57:58.991+0000] {logging_mixin.py:188} INFO - [2024-03-06T13:57:58.991+0000] {dag.py:3047} INFO - Sync 1 DAGs
[2024-03-06T13:57:59.011+0000] {logging_mixin.py:188} INFO - [2024-03-06T13:57:59.011+0000] {dag.py:3834} INFO - Setting next_dagrun for example_python_decorator to None, run_after=None
[2024-03-06T13:57:59.045+0000] {processor.py:183} INFO - Processing /home/airflow/.local/lib/python3.11/site-packages/airflow/example_dags/example_python_decorator.py took 0.115 seconds
[2024-03-06T13:58:29.456+0000] {processor.py:161} INFO - Started process (PID=7021) to work on /home/airflow/.local/lib/python3.11/site-packages/airflow/example_dags/example_python_decorator.py
[2024-03-06T13:58:29.457+0000] {processor.py:830} INFO - Processing file /home/airflow/.local/lib/python3.11/site-packages/airflow/example_dags/example_python_decorator.py for tasks to queue
[2024-03-06T13:58:29.459+0000] {logging_mixin.py:188} INFO - [2024-03-06T13:58:29.458+0000] {dagbag.py:540} INFO - Filling up the DagBag from /home/airflow/.local/lib/python3.11/site-packages/airflow/example_dags/example_python_decorator.py
[2024-03-06T13:58:29.480+0000] {processor.py:840} INFO - DAG(s) 'example_python_decorator' retrieved from /home/airflow/.local/lib/python3.11/site-packages/airflow/example_dags/example_python_decorator.py
[2024-03-06T13:58:29.522+0000] {logging_mixin.py:188} INFO - [2024-03-06T13:58:29.522+0000] {dag.py:3047} INFO - Sync 1 DAGs
[2024-03-06T13:58:29.540+0000] {logging_mixin.py:188} INFO - [2024-03-06T13:58:29.539+0000] {dag.py:3834} INFO - Setting next_dagrun for example_python_decorator to None, run_after=None
[2024-03-06T13:58:29.565+0000] {processor.py:183} INFO - Processing /home/airflow/.local/lib/python3.11/site-packages/airflow/example_dags/example_python_decorator.py took 0.113 seconds
[2024-03-06T13:59:00.014+0000] {processor.py:161} INFO - Started process (PID=7268) to work on /home/airflow/.local/lib/python3.11/site-packages/airflow/example_dags/example_python_decorator.py
[2024-03-06T13:59:00.017+0000] {processor.py:830} INFO - Processing file /home/airflow/.local/lib/python3.11/site-packages/airflow/example_dags/example_python_decorator.py for tasks to queue
[2024-03-06T13:59:00.019+0000] {logging_mixin.py:188} INFO - [2024-03-06T13:59:00.018+0000] {dagbag.py:540} INFO - Filling up the DagBag from /home/airflow/.local/lib/python3.11/site-packages/airflow/example_dags/example_python_decorator.py
[2024-03-06T13:59:00.045+0000] {processor.py:840} INFO - DAG(s) 'example_python_decorator' retrieved from /home/airflow/.local/lib/python3.11/site-packages/airflow/example_dags/example_python_decorator.py
[2024-03-06T13:59:00.081+0000] {logging_mixin.py:188} INFO - [2024-03-06T13:59:00.080+0000] {dag.py:3047} INFO - Sync 1 DAGs
[2024-03-06T13:59:00.100+0000] {logging_mixin.py:188} INFO - [2024-03-06T13:59:00.099+0000] {dag.py:3834} INFO - Setting next_dagrun for example_python_decorator to None, run_after=None
[2024-03-06T13:59:00.136+0000] {processor.py:183} INFO - Processing /home/airflow/.local/lib/python3.11/site-packages/airflow/example_dags/example_python_decorator.py took 0.127 seconds
[2024-03-06T13:59:30.435+0000] {processor.py:161} INFO - Started process (PID=7515) to work on /home/airflow/.local/lib/python3.11/site-packages/airflow/example_dags/example_python_decorator.py
[2024-03-06T13:59:30.437+0000] {processor.py:830} INFO - Processing file /home/airflow/.local/lib/python3.11/site-packages/airflow/example_dags/example_python_decorator.py for tasks to queue
[2024-03-06T13:59:30.439+0000] {logging_mixin.py:188} INFO - [2024-03-06T13:59:30.439+0000] {dagbag.py:540} INFO - Filling up the DagBag from /home/airflow/.local/lib/python3.11/site-packages/airflow/example_dags/example_python_decorator.py
[2024-03-06T13:59:30.465+0000] {processor.py:840} INFO - DAG(s) 'example_python_decorator' retrieved from /home/airflow/.local/lib/python3.11/site-packages/airflow/example_dags/example_python_decorator.py
[2024-03-06T13:59:30.505+0000] {logging_mixin.py:188} INFO - [2024-03-06T13:59:30.505+0000] {dag.py:3047} INFO - Sync 1 DAGs
[2024-03-06T13:59:30.526+0000] {logging_mixin.py:188} INFO - [2024-03-06T13:59:30.526+0000] {dag.py:3834} INFO - Setting next_dagrun for example_python_decorator to None, run_after=None
[2024-03-06T13:59:30.556+0000] {processor.py:183} INFO - Processing /home/airflow/.local/lib/python3.11/site-packages/airflow/example_dags/example_python_decorator.py took 0.127 seconds
[2024-03-06T14:00:01.351+0000] {processor.py:161} INFO - Started process (PID=7761) to work on /home/airflow/.local/lib/python3.11/site-packages/airflow/example_dags/example_python_decorator.py
[2024-03-06T14:00:01.352+0000] {processor.py:830} INFO - Processing file /home/airflow/.local/lib/python3.11/site-packages/airflow/example_dags/example_python_decorator.py for tasks to queue
[2024-03-06T14:00:01.354+0000] {logging_mixin.py:188} INFO - [2024-03-06T14:00:01.354+0000] {dagbag.py:540} INFO - Filling up the DagBag from /home/airflow/.local/lib/python3.11/site-packages/airflow/example_dags/example_python_decorator.py
[2024-03-06T14:00:01.372+0000] {processor.py:840} INFO - DAG(s) 'example_python_decorator' retrieved from /home/airflow/.local/lib/python3.11/site-packages/airflow/example_dags/example_python_decorator.py
[2024-03-06T14:00:01.400+0000] {logging_mixin.py:188} INFO - [2024-03-06T14:00:01.399+0000] {dag.py:3047} INFO - Sync 1 DAGs
[2024-03-06T14:00:01.416+0000] {logging_mixin.py:188} INFO - [2024-03-06T14:00:01.416+0000] {dag.py:3834} INFO - Setting next_dagrun for example_python_decorator to None, run_after=None
[2024-03-06T14:00:01.440+0000] {processor.py:183} INFO - Processing /home/airflow/.local/lib/python3.11/site-packages/airflow/example_dags/example_python_decorator.py took 0.093 seconds
[2024-03-06T14:00:31.706+0000] {processor.py:161} INFO - Started process (PID=8008) to work on /home/airflow/.local/lib/python3.11/site-packages/airflow/example_dags/example_python_decorator.py
[2024-03-06T14:00:31.708+0000] {processor.py:830} INFO - Processing file /home/airflow/.local/lib/python3.11/site-packages/airflow/example_dags/example_python_decorator.py for tasks to queue
[2024-03-06T14:00:31.710+0000] {logging_mixin.py:188} INFO - [2024-03-06T14:00:31.709+0000] {dagbag.py:540} INFO - Filling up the DagBag from /home/airflow/.local/lib/python3.11/site-packages/airflow/example_dags/example_python_decorator.py
[2024-03-06T14:00:31.726+0000] {processor.py:840} INFO - DAG(s) 'example_python_decorator' retrieved from /home/airflow/.local/lib/python3.11/site-packages/airflow/example_dags/example_python_decorator.py
[2024-03-06T14:00:31.752+0000] {logging_mixin.py:188} INFO - [2024-03-06T14:00:31.751+0000] {dag.py:3047} INFO - Sync 1 DAGs
[2024-03-06T14:00:31.766+0000] {logging_mixin.py:188} INFO - [2024-03-06T14:00:31.766+0000] {dag.py:3834} INFO - Setting next_dagrun for example_python_decorator to None, run_after=None
[2024-03-06T14:00:31.786+0000] {processor.py:183} INFO - Processing /home/airflow/.local/lib/python3.11/site-packages/airflow/example_dags/example_python_decorator.py took 0.084 seconds
[2024-03-06T14:01:02.024+0000] {processor.py:161} INFO - Started process (PID=8254) to work on /home/airflow/.local/lib/python3.11/site-packages/airflow/example_dags/example_python_decorator.py
[2024-03-06T14:01:02.034+0000] {processor.py:830} INFO - Processing file /home/airflow/.local/lib/python3.11/site-packages/airflow/example_dags/example_python_decorator.py for tasks to queue
[2024-03-06T14:01:02.036+0000] {logging_mixin.py:188} INFO - [2024-03-06T14:01:02.036+0000] {dagbag.py:540} INFO - Filling up the DagBag from /home/airflow/.local/lib/python3.11/site-packages/airflow/example_dags/example_python_decorator.py
[2024-03-06T14:01:02.059+0000] {processor.py:840} INFO - DAG(s) 'example_python_decorator' retrieved from /home/airflow/.local/lib/python3.11/site-packages/airflow/example_dags/example_python_decorator.py
[2024-03-06T14:01:02.117+0000] {logging_mixin.py:188} INFO - [2024-03-06T14:01:02.116+0000] {dag.py:3047} INFO - Sync 1 DAGs
[2024-03-06T14:01:02.152+0000] {logging_mixin.py:188} INFO - [2024-03-06T14:01:02.152+0000] {dag.py:3834} INFO - Setting next_dagrun for example_python_decorator to None, run_after=None
[2024-03-06T14:01:02.239+0000] {processor.py:183} INFO - Processing /home/airflow/.local/lib/python3.11/site-packages/airflow/example_dags/example_python_decorator.py took 0.222 seconds
[2024-03-06T14:01:32.708+0000] {processor.py:161} INFO - Started process (PID=8501) to work on /home/airflow/.local/lib/python3.11/site-packages/airflow/example_dags/example_python_decorator.py
[2024-03-06T14:01:32.716+0000] {processor.py:830} INFO - Processing file /home/airflow/.local/lib/python3.11/site-packages/airflow/example_dags/example_python_decorator.py for tasks to queue
[2024-03-06T14:01:32.720+0000] {logging_mixin.py:188} INFO - [2024-03-06T14:01:32.719+0000] {dagbag.py:540} INFO - Filling up the DagBag from /home/airflow/.local/lib/python3.11/site-packages/airflow/example_dags/example_python_decorator.py
[2024-03-06T14:01:32.742+0000] {processor.py:840} INFO - DAG(s) 'example_python_decorator' retrieved from /home/airflow/.local/lib/python3.11/site-packages/airflow/example_dags/example_python_decorator.py
[2024-03-06T14:01:32.789+0000] {logging_mixin.py:188} INFO - [2024-03-06T14:01:32.789+0000] {dag.py:3047} INFO - Sync 1 DAGs
[2024-03-06T14:01:32.813+0000] {logging_mixin.py:188} INFO - [2024-03-06T14:01:32.813+0000] {dag.py:3834} INFO - Setting next_dagrun for example_python_decorator to None, run_after=None
[2024-03-06T14:01:32.859+0000] {processor.py:183} INFO - Processing /home/airflow/.local/lib/python3.11/site-packages/airflow/example_dags/example_python_decorator.py took 0.156 seconds
[2024-03-06T14:02:02.956+0000] {processor.py:161} INFO - Started process (PID=8750) to work on /home/airflow/.local/lib/python3.11/site-packages/airflow/example_dags/example_python_decorator.py
[2024-03-06T14:02:02.957+0000] {processor.py:830} INFO - Processing file /home/airflow/.local/lib/python3.11/site-packages/airflow/example_dags/example_python_decorator.py for tasks to queue
[2024-03-06T14:02:02.958+0000] {logging_mixin.py:188} INFO - [2024-03-06T14:02:02.957+0000] {dagbag.py:540} INFO - Filling up the DagBag from /home/airflow/.local/lib/python3.11/site-packages/airflow/example_dags/example_python_decorator.py
[2024-03-06T14:02:02.970+0000] {processor.py:840} INFO - DAG(s) 'example_python_decorator' retrieved from /home/airflow/.local/lib/python3.11/site-packages/airflow/example_dags/example_python_decorator.py
[2024-03-06T14:02:02.989+0000] {logging_mixin.py:188} INFO - [2024-03-06T14:02:02.988+0000] {dag.py:3047} INFO - Sync 1 DAGs
[2024-03-06T14:02:03.000+0000] {logging_mixin.py:188} INFO - [2024-03-06T14:02:03.000+0000] {dag.py:3834} INFO - Setting next_dagrun for example_python_decorator to None, run_after=None
[2024-03-06T14:02:03.015+0000] {processor.py:183} INFO - Processing /home/airflow/.local/lib/python3.11/site-packages/airflow/example_dags/example_python_decorator.py took 0.062 seconds
[2024-03-06T14:02:33.515+0000] {processor.py:161} INFO - Started process (PID=8995) to work on /home/airflow/.local/lib/python3.11/site-packages/airflow/example_dags/example_python_decorator.py
[2024-03-06T14:02:33.517+0000] {processor.py:830} INFO - Processing file /home/airflow/.local/lib/python3.11/site-packages/airflow/example_dags/example_python_decorator.py for tasks to queue
[2024-03-06T14:02:33.518+0000] {logging_mixin.py:188} INFO - [2024-03-06T14:02:33.518+0000] {dagbag.py:540} INFO - Filling up the DagBag from /home/airflow/.local/lib/python3.11/site-packages/airflow/example_dags/example_python_decorator.py
[2024-03-06T14:02:33.538+0000] {processor.py:840} INFO - DAG(s) 'example_python_decorator' retrieved from /home/airflow/.local/lib/python3.11/site-packages/airflow/example_dags/example_python_decorator.py
[2024-03-06T14:02:33.567+0000] {logging_mixin.py:188} INFO - [2024-03-06T14:02:33.567+0000] {dag.py:3047} INFO - Sync 1 DAGs
[2024-03-06T14:02:33.584+0000] {logging_mixin.py:188} INFO - [2024-03-06T14:02:33.584+0000] {dag.py:3834} INFO - Setting next_dagrun for example_python_decorator to None, run_after=None
[2024-03-06T14:02:33.611+0000] {processor.py:183} INFO - Processing /home/airflow/.local/lib/python3.11/site-packages/airflow/example_dags/example_python_decorator.py took 0.100 seconds
[2024-03-06T14:03:03.689+0000] {processor.py:161} INFO - Started process (PID=9242) to work on /home/airflow/.local/lib/python3.11/site-packages/airflow/example_dags/example_python_decorator.py
[2024-03-06T14:03:03.690+0000] {processor.py:830} INFO - Processing file /home/airflow/.local/lib/python3.11/site-packages/airflow/example_dags/example_python_decorator.py for tasks to queue
[2024-03-06T14:03:03.691+0000] {logging_mixin.py:188} INFO - [2024-03-06T14:03:03.691+0000] {dagbag.py:540} INFO - Filling up the DagBag from /home/airflow/.local/lib/python3.11/site-packages/airflow/example_dags/example_python_decorator.py
[2024-03-06T14:03:03.708+0000] {processor.py:840} INFO - DAG(s) 'example_python_decorator' retrieved from /home/airflow/.local/lib/python3.11/site-packages/airflow/example_dags/example_python_decorator.py
[2024-03-06T14:03:03.734+0000] {logging_mixin.py:188} INFO - [2024-03-06T14:03:03.734+0000] {dag.py:3047} INFO - Sync 1 DAGs
[2024-03-06T14:03:03.748+0000] {logging_mixin.py:188} INFO - [2024-03-06T14:03:03.748+0000] {dag.py:3834} INFO - Setting next_dagrun for example_python_decorator to None, run_after=None
[2024-03-06T14:03:03.769+0000] {processor.py:183} INFO - Processing /home/airflow/.local/lib/python3.11/site-packages/airflow/example_dags/example_python_decorator.py took 0.084 seconds
[2024-03-06T14:03:34.258+0000] {processor.py:161} INFO - Started process (PID=9489) to work on /home/airflow/.local/lib/python3.11/site-packages/airflow/example_dags/example_python_decorator.py
[2024-03-06T14:03:34.259+0000] {processor.py:830} INFO - Processing file /home/airflow/.local/lib/python3.11/site-packages/airflow/example_dags/example_python_decorator.py for tasks to queue
[2024-03-06T14:03:34.261+0000] {logging_mixin.py:188} INFO - [2024-03-06T14:03:34.260+0000] {dagbag.py:540} INFO - Filling up the DagBag from /home/airflow/.local/lib/python3.11/site-packages/airflow/example_dags/example_python_decorator.py
[2024-03-06T14:03:34.277+0000] {processor.py:840} INFO - DAG(s) 'example_python_decorator' retrieved from /home/airflow/.local/lib/python3.11/site-packages/airflow/example_dags/example_python_decorator.py
[2024-03-06T14:03:34.310+0000] {logging_mixin.py:188} INFO - [2024-03-06T14:03:34.310+0000] {dag.py:3047} INFO - Sync 1 DAGs
[2024-03-06T14:03:34.324+0000] {logging_mixin.py:188} INFO - [2024-03-06T14:03:34.323+0000] {dag.py:3834} INFO - Setting next_dagrun for example_python_decorator to None, run_after=None
[2024-03-06T14:03:34.344+0000] {processor.py:183} INFO - Processing /home/airflow/.local/lib/python3.11/site-packages/airflow/example_dags/example_python_decorator.py took 0.090 seconds
[2024-03-06T14:04:04.509+0000] {processor.py:161} INFO - Started process (PID=9738) to work on /home/airflow/.local/lib/python3.11/site-packages/airflow/example_dags/example_python_decorator.py
[2024-03-06T14:04:04.513+0000] {processor.py:830} INFO - Processing file /home/airflow/.local/lib/python3.11/site-packages/airflow/example_dags/example_python_decorator.py for tasks to queue
[2024-03-06T14:04:04.516+0000] {logging_mixin.py:188} INFO - [2024-03-06T14:04:04.515+0000] {dagbag.py:540} INFO - Filling up the DagBag from /home/airflow/.local/lib/python3.11/site-packages/airflow/example_dags/example_python_decorator.py
[2024-03-06T14:04:04.542+0000] {processor.py:840} INFO - DAG(s) 'example_python_decorator' retrieved from /home/airflow/.local/lib/python3.11/site-packages/airflow/example_dags/example_python_decorator.py
[2024-03-06T14:04:04.574+0000] {logging_mixin.py:188} INFO - [2024-03-06T14:04:04.573+0000] {dag.py:3047} INFO - Sync 1 DAGs
[2024-03-06T14:04:04.593+0000] {logging_mixin.py:188} INFO - [2024-03-06T14:04:04.593+0000] {dag.py:3834} INFO - Setting next_dagrun for example_python_decorator to None, run_after=None
[2024-03-06T14:04:04.623+0000] {processor.py:183} INFO - Processing /home/airflow/.local/lib/python3.11/site-packages/airflow/example_dags/example_python_decorator.py took 0.119 seconds
[2024-03-06T14:04:34.810+0000] {processor.py:161} INFO - Started process (PID=9983) to work on /home/airflow/.local/lib/python3.11/site-packages/airflow/example_dags/example_python_decorator.py
[2024-03-06T14:04:34.811+0000] {processor.py:830} INFO - Processing file /home/airflow/.local/lib/python3.11/site-packages/airflow/example_dags/example_python_decorator.py for tasks to queue
[2024-03-06T14:04:34.813+0000] {logging_mixin.py:188} INFO - [2024-03-06T14:04:34.813+0000] {dagbag.py:540} INFO - Filling up the DagBag from /home/airflow/.local/lib/python3.11/site-packages/airflow/example_dags/example_python_decorator.py
[2024-03-06T14:04:34.837+0000] {processor.py:840} INFO - DAG(s) 'example_python_decorator' retrieved from /home/airflow/.local/lib/python3.11/site-packages/airflow/example_dags/example_python_decorator.py
[2024-03-06T14:04:34.868+0000] {logging_mixin.py:188} INFO - [2024-03-06T14:04:34.868+0000] {dag.py:3047} INFO - Sync 1 DAGs
[2024-03-06T14:04:34.901+0000] {logging_mixin.py:188} INFO - [2024-03-06T14:04:34.901+0000] {dag.py:3834} INFO - Setting next_dagrun for example_python_decorator to None, run_after=None
[2024-03-06T14:04:34.942+0000] {processor.py:183} INFO - Processing /home/airflow/.local/lib/python3.11/site-packages/airflow/example_dags/example_python_decorator.py took 0.138 seconds
[2024-03-06T14:05:05.340+0000] {processor.py:161} INFO - Started process (PID=10232) to work on /home/airflow/.local/lib/python3.11/site-packages/airflow/example_dags/example_python_decorator.py
[2024-03-06T14:05:05.343+0000] {processor.py:830} INFO - Processing file /home/airflow/.local/lib/python3.11/site-packages/airflow/example_dags/example_python_decorator.py for tasks to queue
[2024-03-06T14:05:05.345+0000] {logging_mixin.py:188} INFO - [2024-03-06T14:05:05.344+0000] {dagbag.py:540} INFO - Filling up the DagBag from /home/airflow/.local/lib/python3.11/site-packages/airflow/example_dags/example_python_decorator.py
[2024-03-06T14:05:05.375+0000] {processor.py:840} INFO - DAG(s) 'example_python_decorator' retrieved from /home/airflow/.local/lib/python3.11/site-packages/airflow/example_dags/example_python_decorator.py
[2024-03-06T14:05:05.405+0000] {logging_mixin.py:188} INFO - [2024-03-06T14:05:05.404+0000] {dag.py:3047} INFO - Sync 1 DAGs
[2024-03-06T14:05:05.421+0000] {logging_mixin.py:188} INFO - [2024-03-06T14:05:05.421+0000] {dag.py:3834} INFO - Setting next_dagrun for example_python_decorator to None, run_after=None
[2024-03-06T14:05:05.444+0000] {processor.py:183} INFO - Processing /home/airflow/.local/lib/python3.11/site-packages/airflow/example_dags/example_python_decorator.py took 0.108 seconds
[2024-03-06T14:05:36.191+0000] {processor.py:161} INFO - Started process (PID=10477) to work on /home/airflow/.local/lib/python3.11/site-packages/airflow/example_dags/example_python_decorator.py
[2024-03-06T14:05:36.192+0000] {processor.py:830} INFO - Processing file /home/airflow/.local/lib/python3.11/site-packages/airflow/example_dags/example_python_decorator.py for tasks to queue
[2024-03-06T14:05:36.193+0000] {logging_mixin.py:188} INFO - [2024-03-06T14:05:36.193+0000] {dagbag.py:540} INFO - Filling up the DagBag from /home/airflow/.local/lib/python3.11/site-packages/airflow/example_dags/example_python_decorator.py
[2024-03-06T14:05:36.212+0000] {processor.py:840} INFO - DAG(s) 'example_python_decorator' retrieved from /home/airflow/.local/lib/python3.11/site-packages/airflow/example_dags/example_python_decorator.py
[2024-03-06T14:05:36.262+0000] {logging_mixin.py:188} INFO - [2024-03-06T14:05:36.261+0000] {dag.py:3047} INFO - Sync 1 DAGs
[2024-03-06T14:05:36.279+0000] {logging_mixin.py:188} INFO - [2024-03-06T14:05:36.279+0000] {dag.py:3834} INFO - Setting next_dagrun for example_python_decorator to None, run_after=None
[2024-03-06T14:05:36.315+0000] {processor.py:183} INFO - Processing /home/airflow/.local/lib/python3.11/site-packages/airflow/example_dags/example_python_decorator.py took 0.127 seconds
[2024-03-06T14:06:06.643+0000] {processor.py:161} INFO - Started process (PID=10724) to work on /home/airflow/.local/lib/python3.11/site-packages/airflow/example_dags/example_python_decorator.py
[2024-03-06T14:06:06.645+0000] {processor.py:830} INFO - Processing file /home/airflow/.local/lib/python3.11/site-packages/airflow/example_dags/example_python_decorator.py for tasks to queue
[2024-03-06T14:06:06.648+0000] {logging_mixin.py:188} INFO - [2024-03-06T14:06:06.646+0000] {dagbag.py:540} INFO - Filling up the DagBag from /home/airflow/.local/lib/python3.11/site-packages/airflow/example_dags/example_python_decorator.py
[2024-03-06T14:06:06.669+0000] {processor.py:840} INFO - DAG(s) 'example_python_decorator' retrieved from /home/airflow/.local/lib/python3.11/site-packages/airflow/example_dags/example_python_decorator.py
[2024-03-06T14:06:06.700+0000] {logging_mixin.py:188} INFO - [2024-03-06T14:06:06.699+0000] {dag.py:3047} INFO - Sync 1 DAGs
[2024-03-06T14:06:06.733+0000] {logging_mixin.py:188} INFO - [2024-03-06T14:06:06.733+0000] {dag.py:3834} INFO - Setting next_dagrun for example_python_decorator to None, run_after=None
[2024-03-06T14:06:06.753+0000] {processor.py:183} INFO - Processing /home/airflow/.local/lib/python3.11/site-packages/airflow/example_dags/example_python_decorator.py took 0.115 seconds
[2024-03-06T14:06:37.480+0000] {processor.py:161} INFO - Started process (PID=10970) to work on /home/airflow/.local/lib/python3.11/site-packages/airflow/example_dags/example_python_decorator.py
[2024-03-06T14:06:37.482+0000] {processor.py:830} INFO - Processing file /home/airflow/.local/lib/python3.11/site-packages/airflow/example_dags/example_python_decorator.py for tasks to queue
[2024-03-06T14:06:37.483+0000] {logging_mixin.py:188} INFO - [2024-03-06T14:06:37.483+0000] {dagbag.py:540} INFO - Filling up the DagBag from /home/airflow/.local/lib/python3.11/site-packages/airflow/example_dags/example_python_decorator.py
[2024-03-06T14:06:37.496+0000] {processor.py:840} INFO - DAG(s) 'example_python_decorator' retrieved from /home/airflow/.local/lib/python3.11/site-packages/airflow/example_dags/example_python_decorator.py
[2024-03-06T14:06:37.520+0000] {logging_mixin.py:188} INFO - [2024-03-06T14:06:37.519+0000] {dag.py:3047} INFO - Sync 1 DAGs
[2024-03-06T14:06:37.534+0000] {logging_mixin.py:188} INFO - [2024-03-06T14:06:37.534+0000] {dag.py:3834} INFO - Setting next_dagrun for example_python_decorator to None, run_after=None
[2024-03-06T14:06:37.556+0000] {processor.py:183} INFO - Processing /home/airflow/.local/lib/python3.11/site-packages/airflow/example_dags/example_python_decorator.py took 0.081 seconds
[2024-03-06T14:07:08.173+0000] {processor.py:161} INFO - Started process (PID=11217) to work on /home/airflow/.local/lib/python3.11/site-packages/airflow/example_dags/example_python_decorator.py
[2024-03-06T14:07:08.175+0000] {processor.py:830} INFO - Processing file /home/airflow/.local/lib/python3.11/site-packages/airflow/example_dags/example_python_decorator.py for tasks to queue
[2024-03-06T14:07:08.177+0000] {logging_mixin.py:188} INFO - [2024-03-06T14:07:08.176+0000] {dagbag.py:540} INFO - Filling up the DagBag from /home/airflow/.local/lib/python3.11/site-packages/airflow/example_dags/example_python_decorator.py
[2024-03-06T14:07:08.199+0000] {processor.py:840} INFO - DAG(s) 'example_python_decorator' retrieved from /home/airflow/.local/lib/python3.11/site-packages/airflow/example_dags/example_python_decorator.py
[2024-03-06T14:07:08.242+0000] {logging_mixin.py:188} INFO - [2024-03-06T14:07:08.241+0000] {dag.py:3047} INFO - Sync 1 DAGs
[2024-03-06T14:07:08.261+0000] {logging_mixin.py:188} INFO - [2024-03-06T14:07:08.261+0000] {dag.py:3834} INFO - Setting next_dagrun for example_python_decorator to None, run_after=None
[2024-03-06T14:07:08.321+0000] {processor.py:183} INFO - Processing /home/airflow/.local/lib/python3.11/site-packages/airflow/example_dags/example_python_decorator.py took 0.156 seconds
[2024-03-06T14:07:38.949+0000] {processor.py:161} INFO - Started process (PID=11464) to work on /home/airflow/.local/lib/python3.11/site-packages/airflow/example_dags/example_python_decorator.py
[2024-03-06T14:07:38.951+0000] {processor.py:830} INFO - Processing file /home/airflow/.local/lib/python3.11/site-packages/airflow/example_dags/example_python_decorator.py for tasks to queue
[2024-03-06T14:07:38.953+0000] {logging_mixin.py:188} INFO - [2024-03-06T14:07:38.952+0000] {dagbag.py:540} INFO - Filling up the DagBag from /home/airflow/.local/lib/python3.11/site-packages/airflow/example_dags/example_python_decorator.py
[2024-03-06T14:07:38.967+0000] {processor.py:840} INFO - DAG(s) 'example_python_decorator' retrieved from /home/airflow/.local/lib/python3.11/site-packages/airflow/example_dags/example_python_decorator.py
[2024-03-06T14:07:38.992+0000] {logging_mixin.py:188} INFO - [2024-03-06T14:07:38.992+0000] {dag.py:3047} INFO - Sync 1 DAGs
[2024-03-06T14:07:39.008+0000] {logging_mixin.py:188} INFO - [2024-03-06T14:07:39.008+0000] {dag.py:3834} INFO - Setting next_dagrun for example_python_decorator to None, run_after=None
[2024-03-06T14:07:39.036+0000] {processor.py:183} INFO - Processing /home/airflow/.local/lib/python3.11/site-packages/airflow/example_dags/example_python_decorator.py took 0.091 seconds
[2024-03-06T14:08:09.903+0000] {processor.py:161} INFO - Started process (PID=11711) to work on /home/airflow/.local/lib/python3.11/site-packages/airflow/example_dags/example_python_decorator.py
[2024-03-06T14:08:09.905+0000] {processor.py:830} INFO - Processing file /home/airflow/.local/lib/python3.11/site-packages/airflow/example_dags/example_python_decorator.py for tasks to queue
[2024-03-06T14:08:09.908+0000] {logging_mixin.py:188} INFO - [2024-03-06T14:08:09.907+0000] {dagbag.py:540} INFO - Filling up the DagBag from /home/airflow/.local/lib/python3.11/site-packages/airflow/example_dags/example_python_decorator.py
[2024-03-06T14:08:09.927+0000] {processor.py:840} INFO - DAG(s) 'example_python_decorator' retrieved from /home/airflow/.local/lib/python3.11/site-packages/airflow/example_dags/example_python_decorator.py
[2024-03-06T14:08:09.958+0000] {logging_mixin.py:188} INFO - [2024-03-06T14:08:09.958+0000] {dag.py:3047} INFO - Sync 1 DAGs
[2024-03-06T14:08:09.973+0000] {logging_mixin.py:188} INFO - [2024-03-06T14:08:09.972+0000] {dag.py:3834} INFO - Setting next_dagrun for example_python_decorator to None, run_after=None
[2024-03-06T14:08:10.002+0000] {processor.py:183} INFO - Processing /home/airflow/.local/lib/python3.11/site-packages/airflow/example_dags/example_python_decorator.py took 0.105 seconds
[2024-03-06T14:08:40.097+0000] {processor.py:161} INFO - Started process (PID=11960) to work on /home/airflow/.local/lib/python3.11/site-packages/airflow/example_dags/example_python_decorator.py
[2024-03-06T14:08:40.099+0000] {processor.py:830} INFO - Processing file /home/airflow/.local/lib/python3.11/site-packages/airflow/example_dags/example_python_decorator.py for tasks to queue
[2024-03-06T14:08:40.101+0000] {logging_mixin.py:188} INFO - [2024-03-06T14:08:40.100+0000] {dagbag.py:540} INFO - Filling up the DagBag from /home/airflow/.local/lib/python3.11/site-packages/airflow/example_dags/example_python_decorator.py
[2024-03-06T14:08:40.115+0000] {processor.py:840} INFO - DAG(s) 'example_python_decorator' retrieved from /home/airflow/.local/lib/python3.11/site-packages/airflow/example_dags/example_python_decorator.py
[2024-03-06T14:08:40.135+0000] {logging_mixin.py:188} INFO - [2024-03-06T14:08:40.135+0000] {dag.py:3047} INFO - Sync 1 DAGs
[2024-03-06T14:08:40.149+0000] {logging_mixin.py:188} INFO - [2024-03-06T14:08:40.149+0000] {dag.py:3834} INFO - Setting next_dagrun for example_python_decorator to None, run_after=None
[2024-03-06T14:08:40.168+0000] {processor.py:183} INFO - Processing /home/airflow/.local/lib/python3.11/site-packages/airflow/example_dags/example_python_decorator.py took 0.074 seconds
[2024-03-06T14:09:11.023+0000] {processor.py:161} INFO - Started process (PID=12204) to work on /home/airflow/.local/lib/python3.11/site-packages/airflow/example_dags/example_python_decorator.py
[2024-03-06T14:09:11.029+0000] {processor.py:830} INFO - Processing file /home/airflow/.local/lib/python3.11/site-packages/airflow/example_dags/example_python_decorator.py for tasks to queue
[2024-03-06T14:09:11.040+0000] {logging_mixin.py:188} INFO - [2024-03-06T14:09:11.039+0000] {dagbag.py:540} INFO - Filling up the DagBag from /home/airflow/.local/lib/python3.11/site-packages/airflow/example_dags/example_python_decorator.py
[2024-03-06T14:09:11.066+0000] {processor.py:840} INFO - DAG(s) 'example_python_decorator' retrieved from /home/airflow/.local/lib/python3.11/site-packages/airflow/example_dags/example_python_decorator.py
[2024-03-06T14:09:11.093+0000] {logging_mixin.py:188} INFO - [2024-03-06T14:09:11.093+0000] {dag.py:3047} INFO - Sync 1 DAGs
[2024-03-06T14:09:11.109+0000] {logging_mixin.py:188} INFO - [2024-03-06T14:09:11.109+0000] {dag.py:3834} INFO - Setting next_dagrun for example_python_decorator to None, run_after=None
[2024-03-06T14:09:11.141+0000] {processor.py:183} INFO - Processing /home/airflow/.local/lib/python3.11/site-packages/airflow/example_dags/example_python_decorator.py took 0.125 seconds
[2024-03-06T14:09:41.849+0000] {processor.py:161} INFO - Started process (PID=12450) to work on /home/airflow/.local/lib/python3.11/site-packages/airflow/example_dags/example_python_decorator.py
[2024-03-06T14:09:41.850+0000] {processor.py:830} INFO - Processing file /home/airflow/.local/lib/python3.11/site-packages/airflow/example_dags/example_python_decorator.py for tasks to queue
[2024-03-06T14:09:41.851+0000] {logging_mixin.py:188} INFO - [2024-03-06T14:09:41.851+0000] {dagbag.py:540} INFO - Filling up the DagBag from /home/airflow/.local/lib/python3.11/site-packages/airflow/example_dags/example_python_decorator.py
[2024-03-06T14:09:41.866+0000] {processor.py:840} INFO - DAG(s) 'example_python_decorator' retrieved from /home/airflow/.local/lib/python3.11/site-packages/airflow/example_dags/example_python_decorator.py
[2024-03-06T14:09:41.883+0000] {logging_mixin.py:188} INFO - [2024-03-06T14:09:41.883+0000] {dag.py:3047} INFO - Sync 1 DAGs
[2024-03-06T14:09:41.894+0000] {logging_mixin.py:188} INFO - [2024-03-06T14:09:41.893+0000] {dag.py:3834} INFO - Setting next_dagrun for example_python_decorator to None, run_after=None
[2024-03-06T14:09:41.908+0000] {processor.py:183} INFO - Processing /home/airflow/.local/lib/python3.11/site-packages/airflow/example_dags/example_python_decorator.py took 0.063 seconds
[2024-03-06T14:10:12.720+0000] {processor.py:161} INFO - Started process (PID=12697) to work on /home/airflow/.local/lib/python3.11/site-packages/airflow/example_dags/example_python_decorator.py
[2024-03-06T14:10:12.725+0000] {processor.py:830} INFO - Processing file /home/airflow/.local/lib/python3.11/site-packages/airflow/example_dags/example_python_decorator.py for tasks to queue
[2024-03-06T14:10:12.727+0000] {logging_mixin.py:188} INFO - [2024-03-06T14:10:12.727+0000] {dagbag.py:540} INFO - Filling up the DagBag from /home/airflow/.local/lib/python3.11/site-packages/airflow/example_dags/example_python_decorator.py
[2024-03-06T14:10:12.758+0000] {processor.py:840} INFO - DAG(s) 'example_python_decorator' retrieved from /home/airflow/.local/lib/python3.11/site-packages/airflow/example_dags/example_python_decorator.py
[2024-03-06T14:10:12.800+0000] {logging_mixin.py:188} INFO - [2024-03-06T14:10:12.800+0000] {dag.py:3047} INFO - Sync 1 DAGs
[2024-03-06T14:10:12.810+0000] {logging_mixin.py:188} INFO - [2024-03-06T14:10:12.810+0000] {dag.py:3834} INFO - Setting next_dagrun for example_python_decorator to None, run_after=None
[2024-03-06T14:10:12.825+0000] {processor.py:183} INFO - Processing /home/airflow/.local/lib/python3.11/site-packages/airflow/example_dags/example_python_decorator.py took 0.110 seconds
[2024-03-06T14:10:42.861+0000] {processor.py:161} INFO - Started process (PID=12944) to work on /home/airflow/.local/lib/python3.11/site-packages/airflow/example_dags/example_python_decorator.py
[2024-03-06T14:10:42.861+0000] {processor.py:830} INFO - Processing file /home/airflow/.local/lib/python3.11/site-packages/airflow/example_dags/example_python_decorator.py for tasks to queue
[2024-03-06T14:10:42.863+0000] {logging_mixin.py:188} INFO - [2024-03-06T14:10:42.862+0000] {dagbag.py:540} INFO - Filling up the DagBag from /home/airflow/.local/lib/python3.11/site-packages/airflow/example_dags/example_python_decorator.py
[2024-03-06T14:10:42.876+0000] {processor.py:840} INFO - DAG(s) 'example_python_decorator' retrieved from /home/airflow/.local/lib/python3.11/site-packages/airflow/example_dags/example_python_decorator.py
[2024-03-06T14:10:42.897+0000] {logging_mixin.py:188} INFO - [2024-03-06T14:10:42.897+0000] {dag.py:3047} INFO - Sync 1 DAGs
[2024-03-06T14:10:42.908+0000] {logging_mixin.py:188} INFO - [2024-03-06T14:10:42.908+0000] {dag.py:3834} INFO - Setting next_dagrun for example_python_decorator to None, run_after=None
[2024-03-06T14:10:42.924+0000] {processor.py:183} INFO - Processing /home/airflow/.local/lib/python3.11/site-packages/airflow/example_dags/example_python_decorator.py took 0.066 seconds
[2024-03-06T14:11:13.736+0000] {processor.py:161} INFO - Started process (PID=13191) to work on /home/airflow/.local/lib/python3.11/site-packages/airflow/example_dags/example_python_decorator.py
[2024-03-06T14:11:13.737+0000] {processor.py:830} INFO - Processing file /home/airflow/.local/lib/python3.11/site-packages/airflow/example_dags/example_python_decorator.py for tasks to queue
[2024-03-06T14:11:13.739+0000] {logging_mixin.py:188} INFO - [2024-03-06T14:11:13.738+0000] {dagbag.py:540} INFO - Filling up the DagBag from /home/airflow/.local/lib/python3.11/site-packages/airflow/example_dags/example_python_decorator.py
[2024-03-06T14:11:13.752+0000] {processor.py:840} INFO - DAG(s) 'example_python_decorator' retrieved from /home/airflow/.local/lib/python3.11/site-packages/airflow/example_dags/example_python_decorator.py
[2024-03-06T14:11:13.776+0000] {logging_mixin.py:188} INFO - [2024-03-06T14:11:13.776+0000] {dag.py:3047} INFO - Sync 1 DAGs
[2024-03-06T14:11:13.788+0000] {logging_mixin.py:188} INFO - [2024-03-06T14:11:13.788+0000] {dag.py:3834} INFO - Setting next_dagrun for example_python_decorator to None, run_after=None
[2024-03-06T14:11:13.805+0000] {processor.py:183} INFO - Processing /home/airflow/.local/lib/python3.11/site-packages/airflow/example_dags/example_python_decorator.py took 0.072 seconds
[2024-03-06T14:11:44.522+0000] {processor.py:161} INFO - Started process (PID=13438) to work on /home/airflow/.local/lib/python3.11/site-packages/airflow/example_dags/example_python_decorator.py
[2024-03-06T14:11:44.523+0000] {processor.py:830} INFO - Processing file /home/airflow/.local/lib/python3.11/site-packages/airflow/example_dags/example_python_decorator.py for tasks to queue
[2024-03-06T14:11:44.524+0000] {logging_mixin.py:188} INFO - [2024-03-06T14:11:44.524+0000] {dagbag.py:540} INFO - Filling up the DagBag from /home/airflow/.local/lib/python3.11/site-packages/airflow/example_dags/example_python_decorator.py
[2024-03-06T14:11:44.542+0000] {processor.py:840} INFO - DAG(s) 'example_python_decorator' retrieved from /home/airflow/.local/lib/python3.11/site-packages/airflow/example_dags/example_python_decorator.py
[2024-03-06T14:11:44.568+0000] {logging_mixin.py:188} INFO - [2024-03-06T14:11:44.567+0000] {dag.py:3047} INFO - Sync 1 DAGs
[2024-03-06T14:11:44.580+0000] {logging_mixin.py:188} INFO - [2024-03-06T14:11:44.580+0000] {dag.py:3834} INFO - Setting next_dagrun for example_python_decorator to None, run_after=None
[2024-03-06T14:11:44.603+0000] {processor.py:183} INFO - Processing /home/airflow/.local/lib/python3.11/site-packages/airflow/example_dags/example_python_decorator.py took 0.085 seconds
[2024-03-06T14:12:15.034+0000] {processor.py:161} INFO - Started process (PID=13685) to work on /home/airflow/.local/lib/python3.11/site-packages/airflow/example_dags/example_python_decorator.py
[2024-03-06T14:12:15.035+0000] {processor.py:830} INFO - Processing file /home/airflow/.local/lib/python3.11/site-packages/airflow/example_dags/example_python_decorator.py for tasks to queue
[2024-03-06T14:12:15.036+0000] {logging_mixin.py:188} INFO - [2024-03-06T14:12:15.036+0000] {dagbag.py:540} INFO - Filling up the DagBag from /home/airflow/.local/lib/python3.11/site-packages/airflow/example_dags/example_python_decorator.py
[2024-03-06T14:12:15.049+0000] {processor.py:840} INFO - DAG(s) 'example_python_decorator' retrieved from /home/airflow/.local/lib/python3.11/site-packages/airflow/example_dags/example_python_decorator.py
[2024-03-06T14:12:15.066+0000] {logging_mixin.py:188} INFO - [2024-03-06T14:12:15.066+0000] {dag.py:3047} INFO - Sync 1 DAGs
[2024-03-06T14:12:15.075+0000] {logging_mixin.py:188} INFO - [2024-03-06T14:12:15.075+0000] {dag.py:3834} INFO - Setting next_dagrun for example_python_decorator to None, run_after=None
[2024-03-06T14:12:15.088+0000] {processor.py:183} INFO - Processing /home/airflow/.local/lib/python3.11/site-packages/airflow/example_dags/example_python_decorator.py took 0.059 seconds
[2024-03-06T14:12:45.817+0000] {processor.py:161} INFO - Started process (PID=13932) to work on /home/airflow/.local/lib/python3.11/site-packages/airflow/example_dags/example_python_decorator.py
[2024-03-06T14:12:45.818+0000] {processor.py:830} INFO - Processing file /home/airflow/.local/lib/python3.11/site-packages/airflow/example_dags/example_python_decorator.py for tasks to queue
[2024-03-06T14:12:45.820+0000] {logging_mixin.py:188} INFO - [2024-03-06T14:12:45.819+0000] {dagbag.py:540} INFO - Filling up the DagBag from /home/airflow/.local/lib/python3.11/site-packages/airflow/example_dags/example_python_decorator.py
[2024-03-06T14:12:45.835+0000] {processor.py:840} INFO - DAG(s) 'example_python_decorator' retrieved from /home/airflow/.local/lib/python3.11/site-packages/airflow/example_dags/example_python_decorator.py
[2024-03-06T14:12:45.863+0000] {logging_mixin.py:188} INFO - [2024-03-06T14:12:45.862+0000] {dag.py:3047} INFO - Sync 1 DAGs
[2024-03-06T14:12:45.875+0000] {logging_mixin.py:188} INFO - [2024-03-06T14:12:45.875+0000] {dag.py:3834} INFO - Setting next_dagrun for example_python_decorator to None, run_after=None
[2024-03-06T14:12:45.899+0000] {processor.py:183} INFO - Processing /home/airflow/.local/lib/python3.11/site-packages/airflow/example_dags/example_python_decorator.py took 0.087 seconds
[2024-03-06T14:13:16.546+0000] {processor.py:161} INFO - Started process (PID=14179) to work on /home/airflow/.local/lib/python3.11/site-packages/airflow/example_dags/example_python_decorator.py
[2024-03-06T14:13:16.547+0000] {processor.py:830} INFO - Processing file /home/airflow/.local/lib/python3.11/site-packages/airflow/example_dags/example_python_decorator.py for tasks to queue
[2024-03-06T14:13:16.549+0000] {logging_mixin.py:188} INFO - [2024-03-06T14:13:16.549+0000] {dagbag.py:540} INFO - Filling up the DagBag from /home/airflow/.local/lib/python3.11/site-packages/airflow/example_dags/example_python_decorator.py
[2024-03-06T14:13:16.566+0000] {processor.py:840} INFO - DAG(s) 'example_python_decorator' retrieved from /home/airflow/.local/lib/python3.11/site-packages/airflow/example_dags/example_python_decorator.py
[2024-03-06T14:13:16.599+0000] {logging_mixin.py:188} INFO - [2024-03-06T14:13:16.599+0000] {dag.py:3047} INFO - Sync 1 DAGs
[2024-03-06T14:13:16.621+0000] {logging_mixin.py:188} INFO - [2024-03-06T14:13:16.621+0000] {dag.py:3834} INFO - Setting next_dagrun for example_python_decorator to None, run_after=None
[2024-03-06T14:13:16.638+0000] {processor.py:183} INFO - Processing /home/airflow/.local/lib/python3.11/site-packages/airflow/example_dags/example_python_decorator.py took 0.096 seconds
[2024-03-06T14:13:47.234+0000] {processor.py:161} INFO - Started process (PID=14426) to work on /home/airflow/.local/lib/python3.11/site-packages/airflow/example_dags/example_python_decorator.py
[2024-03-06T14:13:47.235+0000] {processor.py:830} INFO - Processing file /home/airflow/.local/lib/python3.11/site-packages/airflow/example_dags/example_python_decorator.py for tasks to queue
[2024-03-06T14:13:47.236+0000] {logging_mixin.py:188} INFO - [2024-03-06T14:13:47.236+0000] {dagbag.py:540} INFO - Filling up the DagBag from /home/airflow/.local/lib/python3.11/site-packages/airflow/example_dags/example_python_decorator.py
[2024-03-06T14:13:47.249+0000] {processor.py:840} INFO - DAG(s) 'example_python_decorator' retrieved from /home/airflow/.local/lib/python3.11/site-packages/airflow/example_dags/example_python_decorator.py
[2024-03-06T14:13:47.276+0000] {logging_mixin.py:188} INFO - [2024-03-06T14:13:47.276+0000] {dag.py:3047} INFO - Sync 1 DAGs
[2024-03-06T14:13:47.292+0000] {logging_mixin.py:188} INFO - [2024-03-06T14:13:47.292+0000] {dag.py:3834} INFO - Setting next_dagrun for example_python_decorator to None, run_after=None
[2024-03-06T14:13:47.307+0000] {processor.py:183} INFO - Processing /home/airflow/.local/lib/python3.11/site-packages/airflow/example_dags/example_python_decorator.py took 0.077 seconds
[2024-03-06T14:14:18.131+0000] {processor.py:161} INFO - Started process (PID=14673) to work on /home/airflow/.local/lib/python3.11/site-packages/airflow/example_dags/example_python_decorator.py
[2024-03-06T14:14:18.132+0000] {processor.py:830} INFO - Processing file /home/airflow/.local/lib/python3.11/site-packages/airflow/example_dags/example_python_decorator.py for tasks to queue
[2024-03-06T14:14:18.134+0000] {logging_mixin.py:188} INFO - [2024-03-06T14:14:18.134+0000] {dagbag.py:540} INFO - Filling up the DagBag from /home/airflow/.local/lib/python3.11/site-packages/airflow/example_dags/example_python_decorator.py
[2024-03-06T14:14:18.151+0000] {processor.py:840} INFO - DAG(s) 'example_python_decorator' retrieved from /home/airflow/.local/lib/python3.11/site-packages/airflow/example_dags/example_python_decorator.py
[2024-03-06T14:14:18.176+0000] {logging_mixin.py:188} INFO - [2024-03-06T14:14:18.176+0000] {dag.py:3047} INFO - Sync 1 DAGs
[2024-03-06T14:14:18.189+0000] {logging_mixin.py:188} INFO - [2024-03-06T14:14:18.189+0000] {dag.py:3834} INFO - Setting next_dagrun for example_python_decorator to None, run_after=None
[2024-03-06T14:14:18.206+0000] {processor.py:183} INFO - Processing /home/airflow/.local/lib/python3.11/site-packages/airflow/example_dags/example_python_decorator.py took 0.079 seconds
[2024-03-06T14:14:48.338+0000] {processor.py:161} INFO - Started process (PID=14920) to work on /home/airflow/.local/lib/python3.11/site-packages/airflow/example_dags/example_python_decorator.py
[2024-03-06T14:14:48.339+0000] {processor.py:830} INFO - Processing file /home/airflow/.local/lib/python3.11/site-packages/airflow/example_dags/example_python_decorator.py for tasks to queue
[2024-03-06T14:14:48.341+0000] {logging_mixin.py:188} INFO - [2024-03-06T14:14:48.340+0000] {dagbag.py:540} INFO - Filling up the DagBag from /home/airflow/.local/lib/python3.11/site-packages/airflow/example_dags/example_python_decorator.py
[2024-03-06T14:14:48.357+0000] {processor.py:840} INFO - DAG(s) 'example_python_decorator' retrieved from /home/airflow/.local/lib/python3.11/site-packages/airflow/example_dags/example_python_decorator.py
[2024-03-06T14:14:48.389+0000] {logging_mixin.py:188} INFO - [2024-03-06T14:14:48.389+0000] {dag.py:3047} INFO - Sync 1 DAGs
[2024-03-06T14:14:48.405+0000] {logging_mixin.py:188} INFO - [2024-03-06T14:14:48.405+0000] {dag.py:3834} INFO - Setting next_dagrun for example_python_decorator to None, run_after=None
[2024-03-06T14:14:48.428+0000] {processor.py:183} INFO - Processing /home/airflow/.local/lib/python3.11/site-packages/airflow/example_dags/example_python_decorator.py took 0.094 seconds
[2024-03-06T14:15:18.461+0000] {processor.py:161} INFO - Started process (PID=15167) to work on /home/airflow/.local/lib/python3.11/site-packages/airflow/example_dags/example_python_decorator.py
[2024-03-06T14:15:18.462+0000] {processor.py:830} INFO - Processing file /home/airflow/.local/lib/python3.11/site-packages/airflow/example_dags/example_python_decorator.py for tasks to queue
[2024-03-06T14:15:18.463+0000] {logging_mixin.py:188} INFO - [2024-03-06T14:15:18.463+0000] {dagbag.py:540} INFO - Filling up the DagBag from /home/airflow/.local/lib/python3.11/site-packages/airflow/example_dags/example_python_decorator.py
[2024-03-06T14:15:18.482+0000] {processor.py:840} INFO - DAG(s) 'example_python_decorator' retrieved from /home/airflow/.local/lib/python3.11/site-packages/airflow/example_dags/example_python_decorator.py
[2024-03-06T14:15:18.507+0000] {logging_mixin.py:188} INFO - [2024-03-06T14:15:18.507+0000] {dag.py:3047} INFO - Sync 1 DAGs
[2024-03-06T14:15:18.521+0000] {logging_mixin.py:188} INFO - [2024-03-06T14:15:18.520+0000] {dag.py:3834} INFO - Setting next_dagrun for example_python_decorator to None, run_after=None
[2024-03-06T14:15:18.540+0000] {processor.py:183} INFO - Processing /home/airflow/.local/lib/python3.11/site-packages/airflow/example_dags/example_python_decorator.py took 0.082 seconds
[2024-03-06T14:15:49.665+0000] {processor.py:161} INFO - Started process (PID=15414) to work on /home/airflow/.local/lib/python3.11/site-packages/airflow/example_dags/example_python_decorator.py
[2024-03-06T14:15:49.666+0000] {processor.py:830} INFO - Processing file /home/airflow/.local/lib/python3.11/site-packages/airflow/example_dags/example_python_decorator.py for tasks to queue
[2024-03-06T14:15:49.668+0000] {logging_mixin.py:188} INFO - [2024-03-06T14:15:49.667+0000] {dagbag.py:540} INFO - Filling up the DagBag from /home/airflow/.local/lib/python3.11/site-packages/airflow/example_dags/example_python_decorator.py
[2024-03-06T14:15:49.690+0000] {processor.py:840} INFO - DAG(s) 'example_python_decorator' retrieved from /home/airflow/.local/lib/python3.11/site-packages/airflow/example_dags/example_python_decorator.py
[2024-03-06T14:15:49.715+0000] {logging_mixin.py:188} INFO - [2024-03-06T14:15:49.715+0000] {dag.py:3047} INFO - Sync 1 DAGs
[2024-03-06T14:15:49.733+0000] {logging_mixin.py:188} INFO - [2024-03-06T14:15:49.732+0000] {dag.py:3834} INFO - Setting next_dagrun for example_python_decorator to None, run_after=None
[2024-03-06T14:15:49.752+0000] {processor.py:183} INFO - Processing /home/airflow/.local/lib/python3.11/site-packages/airflow/example_dags/example_python_decorator.py took 0.091 seconds
[2024-03-06T14:16:19.860+0000] {processor.py:161} INFO - Started process (PID=15661) to work on /home/airflow/.local/lib/python3.11/site-packages/airflow/example_dags/example_python_decorator.py
[2024-03-06T14:16:19.863+0000] {processor.py:830} INFO - Processing file /home/airflow/.local/lib/python3.11/site-packages/airflow/example_dags/example_python_decorator.py for tasks to queue
[2024-03-06T14:16:19.864+0000] {logging_mixin.py:188} INFO - [2024-03-06T14:16:19.864+0000] {dagbag.py:540} INFO - Filling up the DagBag from /home/airflow/.local/lib/python3.11/site-packages/airflow/example_dags/example_python_decorator.py
[2024-03-06T14:16:19.881+0000] {processor.py:840} INFO - DAG(s) 'example_python_decorator' retrieved from /home/airflow/.local/lib/python3.11/site-packages/airflow/example_dags/example_python_decorator.py
[2024-03-06T14:16:19.901+0000] {logging_mixin.py:188} INFO - [2024-03-06T14:16:19.901+0000] {dag.py:3047} INFO - Sync 1 DAGs
[2024-03-06T14:16:19.912+0000] {logging_mixin.py:188} INFO - [2024-03-06T14:16:19.912+0000] {dag.py:3834} INFO - Setting next_dagrun for example_python_decorator to None, run_after=None
[2024-03-06T14:16:19.932+0000] {processor.py:183} INFO - Processing /home/airflow/.local/lib/python3.11/site-packages/airflow/example_dags/example_python_decorator.py took 0.075 seconds
[2024-03-06T14:16:50.494+0000] {processor.py:161} INFO - Started process (PID=15908) to work on /home/airflow/.local/lib/python3.11/site-packages/airflow/example_dags/example_python_decorator.py
[2024-03-06T14:16:50.495+0000] {processor.py:830} INFO - Processing file /home/airflow/.local/lib/python3.11/site-packages/airflow/example_dags/example_python_decorator.py for tasks to queue
[2024-03-06T14:16:50.496+0000] {logging_mixin.py:188} INFO - [2024-03-06T14:16:50.496+0000] {dagbag.py:540} INFO - Filling up the DagBag from /home/airflow/.local/lib/python3.11/site-packages/airflow/example_dags/example_python_decorator.py
[2024-03-06T14:16:50.513+0000] {processor.py:840} INFO - DAG(s) 'example_python_decorator' retrieved from /home/airflow/.local/lib/python3.11/site-packages/airflow/example_dags/example_python_decorator.py
[2024-03-06T14:16:50.538+0000] {logging_mixin.py:188} INFO - [2024-03-06T14:16:50.538+0000] {dag.py:3047} INFO - Sync 1 DAGs
[2024-03-06T14:16:50.553+0000] {logging_mixin.py:188} INFO - [2024-03-06T14:16:50.553+0000] {dag.py:3834} INFO - Setting next_dagrun for example_python_decorator to None, run_after=None
[2024-03-06T14:16:50.574+0000] {processor.py:183} INFO - Processing /home/airflow/.local/lib/python3.11/site-packages/airflow/example_dags/example_python_decorator.py took 0.083 seconds
[2024-03-06T14:17:21.437+0000] {processor.py:161} INFO - Started process (PID=16157) to work on /home/airflow/.local/lib/python3.11/site-packages/airflow/example_dags/example_python_decorator.py
[2024-03-06T14:17:21.441+0000] {processor.py:830} INFO - Processing file /home/airflow/.local/lib/python3.11/site-packages/airflow/example_dags/example_python_decorator.py for tasks to queue
[2024-03-06T14:17:21.447+0000] {logging_mixin.py:188} INFO - [2024-03-06T14:17:21.447+0000] {dagbag.py:540} INFO - Filling up the DagBag from /home/airflow/.local/lib/python3.11/site-packages/airflow/example_dags/example_python_decorator.py
[2024-03-06T14:17:21.491+0000] {processor.py:840} INFO - DAG(s) 'example_python_decorator' retrieved from /home/airflow/.local/lib/python3.11/site-packages/airflow/example_dags/example_python_decorator.py
[2024-03-06T14:17:21.531+0000] {logging_mixin.py:188} INFO - [2024-03-06T14:17:21.531+0000] {dag.py:3047} INFO - Sync 1 DAGs
[2024-03-06T14:17:21.558+0000] {logging_mixin.py:188} INFO - [2024-03-06T14:17:21.558+0000] {dag.py:3834} INFO - Setting next_dagrun for example_python_decorator to None, run_after=None
[2024-03-06T14:17:21.592+0000] {processor.py:183} INFO - Processing /home/airflow/.local/lib/python3.11/site-packages/airflow/example_dags/example_python_decorator.py took 0.168 seconds
[2024-03-06T14:17:52.507+0000] {processor.py:161} INFO - Started process (PID=16404) to work on /home/airflow/.local/lib/python3.11/site-packages/airflow/example_dags/example_python_decorator.py
[2024-03-06T14:17:52.511+0000] {processor.py:830} INFO - Processing file /home/airflow/.local/lib/python3.11/site-packages/airflow/example_dags/example_python_decorator.py for tasks to queue
[2024-03-06T14:17:52.513+0000] {logging_mixin.py:188} INFO - [2024-03-06T14:17:52.512+0000] {dagbag.py:540} INFO - Filling up the DagBag from /home/airflow/.local/lib/python3.11/site-packages/airflow/example_dags/example_python_decorator.py
[2024-03-06T14:17:52.547+0000] {processor.py:840} INFO - DAG(s) 'example_python_decorator' retrieved from /home/airflow/.local/lib/python3.11/site-packages/airflow/example_dags/example_python_decorator.py
[2024-03-06T14:17:52.638+0000] {logging_mixin.py:188} INFO - [2024-03-06T14:17:52.638+0000] {dag.py:3047} INFO - Sync 1 DAGs
[2024-03-06T14:17:52.676+0000] {logging_mixin.py:188} INFO - [2024-03-06T14:17:52.675+0000] {dag.py:3834} INFO - Setting next_dagrun for example_python_decorator to None, run_after=None
[2024-03-06T14:17:52.747+0000] {processor.py:183} INFO - Processing /home/airflow/.local/lib/python3.11/site-packages/airflow/example_dags/example_python_decorator.py took 0.250 seconds
[2024-03-06T14:18:23.778+0000] {processor.py:161} INFO - Started process (PID=16651) to work on /home/airflow/.local/lib/python3.11/site-packages/airflow/example_dags/example_python_decorator.py
[2024-03-06T14:18:23.785+0000] {processor.py:830} INFO - Processing file /home/airflow/.local/lib/python3.11/site-packages/airflow/example_dags/example_python_decorator.py for tasks to queue
[2024-03-06T14:18:23.786+0000] {logging_mixin.py:188} INFO - [2024-03-06T14:18:23.786+0000] {dagbag.py:540} INFO - Filling up the DagBag from /home/airflow/.local/lib/python3.11/site-packages/airflow/example_dags/example_python_decorator.py
[2024-03-06T14:18:23.845+0000] {processor.py:840} INFO - DAG(s) 'example_python_decorator' retrieved from /home/airflow/.local/lib/python3.11/site-packages/airflow/example_dags/example_python_decorator.py
[2024-03-06T14:18:23.947+0000] {logging_mixin.py:188} INFO - [2024-03-06T14:18:23.946+0000] {dag.py:3047} INFO - Sync 1 DAGs
[2024-03-06T14:18:23.989+0000] {logging_mixin.py:188} INFO - [2024-03-06T14:18:23.989+0000] {dag.py:3834} INFO - Setting next_dagrun for example_python_decorator to None, run_after=None
[2024-03-06T14:18:24.063+0000] {processor.py:183} INFO - Processing /home/airflow/.local/lib/python3.11/site-packages/airflow/example_dags/example_python_decorator.py took 0.293 seconds
[2024-03-06T14:18:54.933+0000] {processor.py:161} INFO - Started process (PID=16897) to work on /home/airflow/.local/lib/python3.11/site-packages/airflow/example_dags/example_python_decorator.py
[2024-03-06T14:18:54.939+0000] {processor.py:830} INFO - Processing file /home/airflow/.local/lib/python3.11/site-packages/airflow/example_dags/example_python_decorator.py for tasks to queue
[2024-03-06T14:18:54.943+0000] {logging_mixin.py:188} INFO - [2024-03-06T14:18:54.942+0000] {dagbag.py:540} INFO - Filling up the DagBag from /home/airflow/.local/lib/python3.11/site-packages/airflow/example_dags/example_python_decorator.py
[2024-03-06T14:18:55.013+0000] {processor.py:840} INFO - DAG(s) 'example_python_decorator' retrieved from /home/airflow/.local/lib/python3.11/site-packages/airflow/example_dags/example_python_decorator.py
[2024-03-06T14:18:55.090+0000] {logging_mixin.py:188} INFO - [2024-03-06T14:18:55.089+0000] {dag.py:3047} INFO - Sync 1 DAGs
[2024-03-06T14:18:55.170+0000] {logging_mixin.py:188} INFO - [2024-03-06T14:18:55.170+0000] {dag.py:3834} INFO - Setting next_dagrun for example_python_decorator to None, run_after=None
[2024-03-06T14:18:55.428+0000] {processor.py:183} INFO - Processing /home/airflow/.local/lib/python3.11/site-packages/airflow/example_dags/example_python_decorator.py took 0.522 seconds
