[2024-03-06T13:44:36.014+0000] {processor.py:161} INFO - Started process (PID=219) to work on /home/airflow/.local/lib/python3.11/site-packages/airflow/example_dags/example_python_operator.py
[2024-03-06T13:44:36.016+0000] {processor.py:830} INFO - Processing file /home/airflow/.local/lib/python3.11/site-packages/airflow/example_dags/example_python_operator.py for tasks to queue
[2024-03-06T13:44:36.019+0000] {logging_mixin.py:188} INFO - [2024-03-06T13:44:36.018+0000] {dagbag.py:540} INFO - Filling up the DagBag from /home/airflow/.local/lib/python3.11/site-packages/airflow/example_dags/example_python_operator.py
[2024-03-06T13:44:36.040+0000] {processor.py:840} INFO - DAG(s) 'example_python_operator' retrieved from /home/airflow/.local/lib/python3.11/site-packages/airflow/example_dags/example_python_operator.py
[2024-03-06T13:44:36.339+0000] {logging_mixin.py:188} INFO - [2024-03-06T13:44:36.338+0000] {dag.py:3047} INFO - Sync 1 DAGs
[2024-03-06T13:44:36.361+0000] {logging_mixin.py:188} INFO - [2024-03-06T13:44:36.361+0000] {dag.py:3834} INFO - Setting next_dagrun for example_python_operator to None, run_after=None
[2024-03-06T13:44:36.461+0000] {processor.py:183} INFO - Processing /home/airflow/.local/lib/python3.11/site-packages/airflow/example_dags/example_python_operator.py took 0.451 seconds
[2024-03-06T13:45:07.031+0000] {processor.py:161} INFO - Started process (PID=465) to work on /home/airflow/.local/lib/python3.11/site-packages/airflow/example_dags/example_python_operator.py
[2024-03-06T13:45:07.032+0000] {processor.py:830} INFO - Processing file /home/airflow/.local/lib/python3.11/site-packages/airflow/example_dags/example_python_operator.py for tasks to queue
[2024-03-06T13:45:07.033+0000] {logging_mixin.py:188} INFO - [2024-03-06T13:45:07.033+0000] {dagbag.py:540} INFO - Filling up the DagBag from /home/airflow/.local/lib/python3.11/site-packages/airflow/example_dags/example_python_operator.py
[2024-03-06T13:45:07.043+0000] {processor.py:840} INFO - DAG(s) 'example_python_operator' retrieved from /home/airflow/.local/lib/python3.11/site-packages/airflow/example_dags/example_python_operator.py
[2024-03-06T13:45:07.062+0000] {logging_mixin.py:188} INFO - [2024-03-06T13:45:07.062+0000] {dag.py:3047} INFO - Sync 1 DAGs
[2024-03-06T13:45:07.074+0000] {logging_mixin.py:188} INFO - [2024-03-06T13:45:07.074+0000] {dag.py:3834} INFO - Setting next_dagrun for example_python_operator to None, run_after=None
[2024-03-06T13:45:07.094+0000] {processor.py:183} INFO - Processing /home/airflow/.local/lib/python3.11/site-packages/airflow/example_dags/example_python_operator.py took 0.066 seconds
[2024-03-06T13:45:37.424+0000] {processor.py:161} INFO - Started process (PID=711) to work on /home/airflow/.local/lib/python3.11/site-packages/airflow/example_dags/example_python_operator.py
[2024-03-06T13:45:37.425+0000] {processor.py:830} INFO - Processing file /home/airflow/.local/lib/python3.11/site-packages/airflow/example_dags/example_python_operator.py for tasks to queue
[2024-03-06T13:45:37.427+0000] {logging_mixin.py:188} INFO - [2024-03-06T13:45:37.426+0000] {dagbag.py:540} INFO - Filling up the DagBag from /home/airflow/.local/lib/python3.11/site-packages/airflow/example_dags/example_python_operator.py
[2024-03-06T13:45:37.441+0000] {processor.py:840} INFO - DAG(s) 'example_python_operator' retrieved from /home/airflow/.local/lib/python3.11/site-packages/airflow/example_dags/example_python_operator.py
[2024-03-06T13:45:37.463+0000] {logging_mixin.py:188} INFO - [2024-03-06T13:45:37.463+0000] {dag.py:3047} INFO - Sync 1 DAGs
[2024-03-06T13:45:37.481+0000] {logging_mixin.py:188} INFO - [2024-03-06T13:45:37.481+0000] {dag.py:3834} INFO - Setting next_dagrun for example_python_operator to None, run_after=None
[2024-03-06T13:45:37.513+0000] {processor.py:183} INFO - Processing /home/airflow/.local/lib/python3.11/site-packages/airflow/example_dags/example_python_operator.py took 0.096 seconds
[2024-03-06T13:46:07.662+0000] {processor.py:161} INFO - Started process (PID=958) to work on /home/airflow/.local/lib/python3.11/site-packages/airflow/example_dags/example_python_operator.py
[2024-03-06T13:46:07.663+0000] {processor.py:830} INFO - Processing file /home/airflow/.local/lib/python3.11/site-packages/airflow/example_dags/example_python_operator.py for tasks to queue
[2024-03-06T13:46:07.665+0000] {logging_mixin.py:188} INFO - [2024-03-06T13:46:07.664+0000] {dagbag.py:540} INFO - Filling up the DagBag from /home/airflow/.local/lib/python3.11/site-packages/airflow/example_dags/example_python_operator.py
[2024-03-06T13:46:07.676+0000] {processor.py:840} INFO - DAG(s) 'example_python_operator' retrieved from /home/airflow/.local/lib/python3.11/site-packages/airflow/example_dags/example_python_operator.py
[2024-03-06T13:46:07.700+0000] {logging_mixin.py:188} INFO - [2024-03-06T13:46:07.700+0000] {dag.py:3047} INFO - Sync 1 DAGs
[2024-03-06T13:46:07.712+0000] {logging_mixin.py:188} INFO - [2024-03-06T13:46:07.712+0000] {dag.py:3834} INFO - Setting next_dagrun for example_python_operator to None, run_after=None
[2024-03-06T13:46:07.736+0000] {processor.py:183} INFO - Processing /home/airflow/.local/lib/python3.11/site-packages/airflow/example_dags/example_python_operator.py took 0.076 seconds
[2024-03-06T13:46:38.631+0000] {processor.py:161} INFO - Started process (PID=1205) to work on /home/airflow/.local/lib/python3.11/site-packages/airflow/example_dags/example_python_operator.py
[2024-03-06T13:46:38.632+0000] {processor.py:830} INFO - Processing file /home/airflow/.local/lib/python3.11/site-packages/airflow/example_dags/example_python_operator.py for tasks to queue
[2024-03-06T13:46:38.634+0000] {logging_mixin.py:188} INFO - [2024-03-06T13:46:38.633+0000] {dagbag.py:540} INFO - Filling up the DagBag from /home/airflow/.local/lib/python3.11/site-packages/airflow/example_dags/example_python_operator.py
[2024-03-06T13:46:38.647+0000] {processor.py:840} INFO - DAG(s) 'example_python_operator' retrieved from /home/airflow/.local/lib/python3.11/site-packages/airflow/example_dags/example_python_operator.py
[2024-03-06T13:46:38.673+0000] {logging_mixin.py:188} INFO - [2024-03-06T13:46:38.673+0000] {dag.py:3047} INFO - Sync 1 DAGs
[2024-03-06T13:46:38.690+0000] {logging_mixin.py:188} INFO - [2024-03-06T13:46:38.689+0000] {dag.py:3834} INFO - Setting next_dagrun for example_python_operator to None, run_after=None
[2024-03-06T13:46:38.719+0000] {processor.py:183} INFO - Processing /home/airflow/.local/lib/python3.11/site-packages/airflow/example_dags/example_python_operator.py took 0.091 seconds
[2024-03-06T13:47:09.475+0000] {processor.py:161} INFO - Started process (PID=1452) to work on /home/airflow/.local/lib/python3.11/site-packages/airflow/example_dags/example_python_operator.py
[2024-03-06T13:47:09.476+0000] {processor.py:830} INFO - Processing file /home/airflow/.local/lib/python3.11/site-packages/airflow/example_dags/example_python_operator.py for tasks to queue
[2024-03-06T13:47:09.480+0000] {logging_mixin.py:188} INFO - [2024-03-06T13:47:09.478+0000] {dagbag.py:540} INFO - Filling up the DagBag from /home/airflow/.local/lib/python3.11/site-packages/airflow/example_dags/example_python_operator.py
[2024-03-06T13:47:09.494+0000] {processor.py:840} INFO - DAG(s) 'example_python_operator' retrieved from /home/airflow/.local/lib/python3.11/site-packages/airflow/example_dags/example_python_operator.py
[2024-03-06T13:47:09.533+0000] {logging_mixin.py:188} INFO - [2024-03-06T13:47:09.532+0000] {dag.py:3047} INFO - Sync 1 DAGs
[2024-03-06T13:47:09.557+0000] {logging_mixin.py:188} INFO - [2024-03-06T13:47:09.557+0000] {dag.py:3834} INFO - Setting next_dagrun for example_python_operator to None, run_after=None
[2024-03-06T13:47:09.609+0000] {processor.py:183} INFO - Processing /home/airflow/.local/lib/python3.11/site-packages/airflow/example_dags/example_python_operator.py took 0.139 seconds
[2024-03-06T13:47:40.514+0000] {processor.py:161} INFO - Started process (PID=1699) to work on /home/airflow/.local/lib/python3.11/site-packages/airflow/example_dags/example_python_operator.py
[2024-03-06T13:47:40.518+0000] {processor.py:830} INFO - Processing file /home/airflow/.local/lib/python3.11/site-packages/airflow/example_dags/example_python_operator.py for tasks to queue
[2024-03-06T13:47:40.530+0000] {logging_mixin.py:188} INFO - [2024-03-06T13:47:40.529+0000] {dagbag.py:540} INFO - Filling up the DagBag from /home/airflow/.local/lib/python3.11/site-packages/airflow/example_dags/example_python_operator.py
[2024-03-06T13:47:40.559+0000] {processor.py:840} INFO - DAG(s) 'example_python_operator' retrieved from /home/airflow/.local/lib/python3.11/site-packages/airflow/example_dags/example_python_operator.py
[2024-03-06T13:47:40.615+0000] {logging_mixin.py:188} INFO - [2024-03-06T13:47:40.615+0000] {dag.py:3047} INFO - Sync 1 DAGs
[2024-03-06T13:47:40.638+0000] {logging_mixin.py:188} INFO - [2024-03-06T13:47:40.638+0000] {dag.py:3834} INFO - Setting next_dagrun for example_python_operator to None, run_after=None
[2024-03-06T13:47:40.684+0000] {processor.py:183} INFO - Processing /home/airflow/.local/lib/python3.11/site-packages/airflow/example_dags/example_python_operator.py took 0.175 seconds
[2024-03-06T13:48:11.152+0000] {processor.py:161} INFO - Started process (PID=1946) to work on /home/airflow/.local/lib/python3.11/site-packages/airflow/example_dags/example_python_operator.py
[2024-03-06T13:48:11.153+0000] {processor.py:830} INFO - Processing file /home/airflow/.local/lib/python3.11/site-packages/airflow/example_dags/example_python_operator.py for tasks to queue
[2024-03-06T13:48:11.154+0000] {logging_mixin.py:188} INFO - [2024-03-06T13:48:11.154+0000] {dagbag.py:540} INFO - Filling up the DagBag from /home/airflow/.local/lib/python3.11/site-packages/airflow/example_dags/example_python_operator.py
[2024-03-06T13:48:11.171+0000] {processor.py:840} INFO - DAG(s) 'example_python_operator' retrieved from /home/airflow/.local/lib/python3.11/site-packages/airflow/example_dags/example_python_operator.py
[2024-03-06T13:48:11.206+0000] {logging_mixin.py:188} INFO - [2024-03-06T13:48:11.206+0000] {dag.py:3047} INFO - Sync 1 DAGs
[2024-03-06T13:48:11.227+0000] {logging_mixin.py:188} INFO - [2024-03-06T13:48:11.227+0000] {dag.py:3834} INFO - Setting next_dagrun for example_python_operator to None, run_after=None
[2024-03-06T13:48:11.260+0000] {processor.py:183} INFO - Processing /home/airflow/.local/lib/python3.11/site-packages/airflow/example_dags/example_python_operator.py took 0.112 seconds
[2024-03-06T13:48:41.732+0000] {processor.py:161} INFO - Started process (PID=2192) to work on /home/airflow/.local/lib/python3.11/site-packages/airflow/example_dags/example_python_operator.py
[2024-03-06T13:48:41.734+0000] {processor.py:830} INFO - Processing file /home/airflow/.local/lib/python3.11/site-packages/airflow/example_dags/example_python_operator.py for tasks to queue
[2024-03-06T13:48:41.737+0000] {logging_mixin.py:188} INFO - [2024-03-06T13:48:41.736+0000] {dagbag.py:540} INFO - Filling up the DagBag from /home/airflow/.local/lib/python3.11/site-packages/airflow/example_dags/example_python_operator.py
[2024-03-06T13:48:41.755+0000] {processor.py:840} INFO - DAG(s) 'example_python_operator' retrieved from /home/airflow/.local/lib/python3.11/site-packages/airflow/example_dags/example_python_operator.py
[2024-03-06T13:48:41.779+0000] {logging_mixin.py:188} INFO - [2024-03-06T13:48:41.778+0000] {dag.py:3047} INFO - Sync 1 DAGs
[2024-03-06T13:48:41.791+0000] {logging_mixin.py:188} INFO - [2024-03-06T13:48:41.791+0000] {dag.py:3834} INFO - Setting next_dagrun for example_python_operator to None, run_after=None
[2024-03-06T13:48:41.813+0000] {processor.py:183} INFO - Processing /home/airflow/.local/lib/python3.11/site-packages/airflow/example_dags/example_python_operator.py took 0.092 seconds
[2024-03-06T13:49:12.817+0000] {processor.py:161} INFO - Started process (PID=2439) to work on /home/airflow/.local/lib/python3.11/site-packages/airflow/example_dags/example_python_operator.py
[2024-03-06T13:49:12.819+0000] {processor.py:830} INFO - Processing file /home/airflow/.local/lib/python3.11/site-packages/airflow/example_dags/example_python_operator.py for tasks to queue
[2024-03-06T13:49:12.821+0000] {logging_mixin.py:188} INFO - [2024-03-06T13:49:12.821+0000] {dagbag.py:540} INFO - Filling up the DagBag from /home/airflow/.local/lib/python3.11/site-packages/airflow/example_dags/example_python_operator.py
[2024-03-06T13:49:12.834+0000] {processor.py:840} INFO - DAG(s) 'example_python_operator' retrieved from /home/airflow/.local/lib/python3.11/site-packages/airflow/example_dags/example_python_operator.py
[2024-03-06T13:49:12.854+0000] {logging_mixin.py:188} INFO - [2024-03-06T13:49:12.853+0000] {dag.py:3047} INFO - Sync 1 DAGs
[2024-03-06T13:49:12.866+0000] {logging_mixin.py:188} INFO - [2024-03-06T13:49:12.866+0000] {dag.py:3834} INFO - Setting next_dagrun for example_python_operator to None, run_after=None
[2024-03-06T13:49:12.889+0000] {processor.py:183} INFO - Processing /home/airflow/.local/lib/python3.11/site-packages/airflow/example_dags/example_python_operator.py took 0.078 seconds
[2024-03-06T13:49:43.072+0000] {processor.py:161} INFO - Started process (PID=2686) to work on /home/airflow/.local/lib/python3.11/site-packages/airflow/example_dags/example_python_operator.py
[2024-03-06T13:49:43.073+0000] {processor.py:830} INFO - Processing file /home/airflow/.local/lib/python3.11/site-packages/airflow/example_dags/example_python_operator.py for tasks to queue
[2024-03-06T13:49:43.074+0000] {logging_mixin.py:188} INFO - [2024-03-06T13:49:43.074+0000] {dagbag.py:540} INFO - Filling up the DagBag from /home/airflow/.local/lib/python3.11/site-packages/airflow/example_dags/example_python_operator.py
[2024-03-06T13:49:43.084+0000] {processor.py:840} INFO - DAG(s) 'example_python_operator' retrieved from /home/airflow/.local/lib/python3.11/site-packages/airflow/example_dags/example_python_operator.py
[2024-03-06T13:49:43.102+0000] {logging_mixin.py:188} INFO - [2024-03-06T13:49:43.101+0000] {dag.py:3047} INFO - Sync 1 DAGs
[2024-03-06T13:49:43.113+0000] {logging_mixin.py:188} INFO - [2024-03-06T13:49:43.113+0000] {dag.py:3834} INFO - Setting next_dagrun for example_python_operator to None, run_after=None
[2024-03-06T13:49:43.145+0000] {processor.py:183} INFO - Processing /home/airflow/.local/lib/python3.11/site-packages/airflow/example_dags/example_python_operator.py took 0.076 seconds
[2024-03-06T13:50:13.964+0000] {processor.py:161} INFO - Started process (PID=2933) to work on /home/airflow/.local/lib/python3.11/site-packages/airflow/example_dags/example_python_operator.py
[2024-03-06T13:50:13.965+0000] {processor.py:830} INFO - Processing file /home/airflow/.local/lib/python3.11/site-packages/airflow/example_dags/example_python_operator.py for tasks to queue
[2024-03-06T13:50:13.966+0000] {logging_mixin.py:188} INFO - [2024-03-06T13:50:13.965+0000] {dagbag.py:540} INFO - Filling up the DagBag from /home/airflow/.local/lib/python3.11/site-packages/airflow/example_dags/example_python_operator.py
[2024-03-06T13:50:13.977+0000] {processor.py:840} INFO - DAG(s) 'example_python_operator' retrieved from /home/airflow/.local/lib/python3.11/site-packages/airflow/example_dags/example_python_operator.py
[2024-03-06T13:50:13.999+0000] {logging_mixin.py:188} INFO - [2024-03-06T13:50:13.998+0000] {dag.py:3047} INFO - Sync 1 DAGs
[2024-03-06T13:50:14.014+0000] {logging_mixin.py:188} INFO - [2024-03-06T13:50:14.013+0000] {dag.py:3834} INFO - Setting next_dagrun for example_python_operator to None, run_after=None
[2024-03-06T13:50:14.040+0000] {processor.py:183} INFO - Processing /home/airflow/.local/lib/python3.11/site-packages/airflow/example_dags/example_python_operator.py took 0.080 seconds
[2024-03-06T13:50:44.606+0000] {processor.py:161} INFO - Started process (PID=3180) to work on /home/airflow/.local/lib/python3.11/site-packages/airflow/example_dags/example_python_operator.py
[2024-03-06T13:50:44.607+0000] {processor.py:830} INFO - Processing file /home/airflow/.local/lib/python3.11/site-packages/airflow/example_dags/example_python_operator.py for tasks to queue
[2024-03-06T13:50:44.608+0000] {logging_mixin.py:188} INFO - [2024-03-06T13:50:44.607+0000] {dagbag.py:540} INFO - Filling up the DagBag from /home/airflow/.local/lib/python3.11/site-packages/airflow/example_dags/example_python_operator.py
[2024-03-06T13:50:44.619+0000] {processor.py:840} INFO - DAG(s) 'example_python_operator' retrieved from /home/airflow/.local/lib/python3.11/site-packages/airflow/example_dags/example_python_operator.py
[2024-03-06T13:50:44.638+0000] {logging_mixin.py:188} INFO - [2024-03-06T13:50:44.638+0000] {dag.py:3047} INFO - Sync 1 DAGs
[2024-03-06T13:50:44.649+0000] {logging_mixin.py:188} INFO - [2024-03-06T13:50:44.649+0000] {dag.py:3834} INFO - Setting next_dagrun for example_python_operator to None, run_after=None
[2024-03-06T13:50:44.674+0000] {processor.py:183} INFO - Processing /home/airflow/.local/lib/python3.11/site-packages/airflow/example_dags/example_python_operator.py took 0.071 seconds
[2024-03-06T13:51:15.049+0000] {processor.py:161} INFO - Started process (PID=3427) to work on /home/airflow/.local/lib/python3.11/site-packages/airflow/example_dags/example_python_operator.py
[2024-03-06T13:51:15.050+0000] {processor.py:830} INFO - Processing file /home/airflow/.local/lib/python3.11/site-packages/airflow/example_dags/example_python_operator.py for tasks to queue
[2024-03-06T13:51:15.052+0000] {logging_mixin.py:188} INFO - [2024-03-06T13:51:15.052+0000] {dagbag.py:540} INFO - Filling up the DagBag from /home/airflow/.local/lib/python3.11/site-packages/airflow/example_dags/example_python_operator.py
[2024-03-06T13:51:15.064+0000] {processor.py:840} INFO - DAG(s) 'example_python_operator' retrieved from /home/airflow/.local/lib/python3.11/site-packages/airflow/example_dags/example_python_operator.py
[2024-03-06T13:51:15.084+0000] {logging_mixin.py:188} INFO - [2024-03-06T13:51:15.084+0000] {dag.py:3047} INFO - Sync 1 DAGs
[2024-03-06T13:51:15.096+0000] {logging_mixin.py:188} INFO - [2024-03-06T13:51:15.095+0000] {dag.py:3834} INFO - Setting next_dagrun for example_python_operator to None, run_after=None
[2024-03-06T13:51:15.117+0000] {processor.py:183} INFO - Processing /home/airflow/.local/lib/python3.11/site-packages/airflow/example_dags/example_python_operator.py took 0.071 seconds
[2024-03-06T13:51:45.525+0000] {processor.py:161} INFO - Started process (PID=3674) to work on /home/airflow/.local/lib/python3.11/site-packages/airflow/example_dags/example_python_operator.py
[2024-03-06T13:51:45.527+0000] {processor.py:830} INFO - Processing file /home/airflow/.local/lib/python3.11/site-packages/airflow/example_dags/example_python_operator.py for tasks to queue
[2024-03-06T13:51:45.528+0000] {logging_mixin.py:188} INFO - [2024-03-06T13:51:45.527+0000] {dagbag.py:540} INFO - Filling up the DagBag from /home/airflow/.local/lib/python3.11/site-packages/airflow/example_dags/example_python_operator.py
[2024-03-06T13:51:45.539+0000] {processor.py:840} INFO - DAG(s) 'example_python_operator' retrieved from /home/airflow/.local/lib/python3.11/site-packages/airflow/example_dags/example_python_operator.py
[2024-03-06T13:51:45.557+0000] {logging_mixin.py:188} INFO - [2024-03-06T13:51:45.557+0000] {dag.py:3047} INFO - Sync 1 DAGs
[2024-03-06T13:51:45.568+0000] {logging_mixin.py:188} INFO - [2024-03-06T13:51:45.567+0000] {dag.py:3834} INFO - Setting next_dagrun for example_python_operator to None, run_after=None
[2024-03-06T13:51:45.584+0000] {processor.py:183} INFO - Processing /home/airflow/.local/lib/python3.11/site-packages/airflow/example_dags/example_python_operator.py took 0.061 seconds
[2024-03-06T13:52:16.058+0000] {processor.py:161} INFO - Started process (PID=3921) to work on /home/airflow/.local/lib/python3.11/site-packages/airflow/example_dags/example_python_operator.py
[2024-03-06T13:52:16.059+0000] {processor.py:830} INFO - Processing file /home/airflow/.local/lib/python3.11/site-packages/airflow/example_dags/example_python_operator.py for tasks to queue
[2024-03-06T13:52:16.061+0000] {logging_mixin.py:188} INFO - [2024-03-06T13:52:16.060+0000] {dagbag.py:540} INFO - Filling up the DagBag from /home/airflow/.local/lib/python3.11/site-packages/airflow/example_dags/example_python_operator.py
[2024-03-06T13:52:16.074+0000] {processor.py:840} INFO - DAG(s) 'example_python_operator' retrieved from /home/airflow/.local/lib/python3.11/site-packages/airflow/example_dags/example_python_operator.py
[2024-03-06T13:52:16.092+0000] {logging_mixin.py:188} INFO - [2024-03-06T13:52:16.092+0000] {dag.py:3047} INFO - Sync 1 DAGs
[2024-03-06T13:52:16.103+0000] {logging_mixin.py:188} INFO - [2024-03-06T13:52:16.103+0000] {dag.py:3834} INFO - Setting next_dagrun for example_python_operator to None, run_after=None
[2024-03-06T13:52:16.128+0000] {processor.py:183} INFO - Processing /home/airflow/.local/lib/python3.11/site-packages/airflow/example_dags/example_python_operator.py took 0.075 seconds
[2024-03-06T13:52:46.652+0000] {processor.py:161} INFO - Started process (PID=4168) to work on /home/airflow/.local/lib/python3.11/site-packages/airflow/example_dags/example_python_operator.py
[2024-03-06T13:52:46.655+0000] {processor.py:830} INFO - Processing file /home/airflow/.local/lib/python3.11/site-packages/airflow/example_dags/example_python_operator.py for tasks to queue
[2024-03-06T13:52:46.656+0000] {logging_mixin.py:188} INFO - [2024-03-06T13:52:46.656+0000] {dagbag.py:540} INFO - Filling up the DagBag from /home/airflow/.local/lib/python3.11/site-packages/airflow/example_dags/example_python_operator.py
[2024-03-06T13:52:46.677+0000] {processor.py:840} INFO - DAG(s) 'example_python_operator' retrieved from /home/airflow/.local/lib/python3.11/site-packages/airflow/example_dags/example_python_operator.py
[2024-03-06T13:52:46.706+0000] {logging_mixin.py:188} INFO - [2024-03-06T13:52:46.705+0000] {dag.py:3047} INFO - Sync 1 DAGs
[2024-03-06T13:52:46.719+0000] {logging_mixin.py:188} INFO - [2024-03-06T13:52:46.718+0000] {dag.py:3834} INFO - Setting next_dagrun for example_python_operator to None, run_after=None
[2024-03-06T13:52:46.738+0000] {processor.py:183} INFO - Processing /home/airflow/.local/lib/python3.11/site-packages/airflow/example_dags/example_python_operator.py took 0.089 seconds
[2024-03-06T13:53:17.677+0000] {processor.py:161} INFO - Started process (PID=4414) to work on /home/airflow/.local/lib/python3.11/site-packages/airflow/example_dags/example_python_operator.py
[2024-03-06T13:53:17.679+0000] {processor.py:830} INFO - Processing file /home/airflow/.local/lib/python3.11/site-packages/airflow/example_dags/example_python_operator.py for tasks to queue
[2024-03-06T13:53:17.681+0000] {logging_mixin.py:188} INFO - [2024-03-06T13:53:17.680+0000] {dagbag.py:540} INFO - Filling up the DagBag from /home/airflow/.local/lib/python3.11/site-packages/airflow/example_dags/example_python_operator.py
[2024-03-06T13:53:17.700+0000] {processor.py:840} INFO - DAG(s) 'example_python_operator' retrieved from /home/airflow/.local/lib/python3.11/site-packages/airflow/example_dags/example_python_operator.py
[2024-03-06T13:53:17.728+0000] {logging_mixin.py:188} INFO - [2024-03-06T13:53:17.727+0000] {dag.py:3047} INFO - Sync 1 DAGs
[2024-03-06T13:53:17.741+0000] {logging_mixin.py:188} INFO - [2024-03-06T13:53:17.740+0000] {dag.py:3834} INFO - Setting next_dagrun for example_python_operator to None, run_after=None
[2024-03-06T13:53:17.761+0000] {processor.py:183} INFO - Processing /home/airflow/.local/lib/python3.11/site-packages/airflow/example_dags/example_python_operator.py took 0.087 seconds
[2024-03-06T13:53:48.000+0000] {processor.py:161} INFO - Started process (PID=4661) to work on /home/airflow/.local/lib/python3.11/site-packages/airflow/example_dags/example_python_operator.py
[2024-03-06T13:53:48.002+0000] {processor.py:830} INFO - Processing file /home/airflow/.local/lib/python3.11/site-packages/airflow/example_dags/example_python_operator.py for tasks to queue
[2024-03-06T13:53:48.004+0000] {logging_mixin.py:188} INFO - [2024-03-06T13:53:48.003+0000] {dagbag.py:540} INFO - Filling up the DagBag from /home/airflow/.local/lib/python3.11/site-packages/airflow/example_dags/example_python_operator.py
[2024-03-06T13:53:48.016+0000] {processor.py:840} INFO - DAG(s) 'example_python_operator' retrieved from /home/airflow/.local/lib/python3.11/site-packages/airflow/example_dags/example_python_operator.py
[2024-03-06T13:53:48.041+0000] {logging_mixin.py:188} INFO - [2024-03-06T13:53:48.041+0000] {dag.py:3047} INFO - Sync 1 DAGs
[2024-03-06T13:53:48.057+0000] {logging_mixin.py:188} INFO - [2024-03-06T13:53:48.057+0000] {dag.py:3834} INFO - Setting next_dagrun for example_python_operator to None, run_after=None
[2024-03-06T13:53:48.080+0000] {processor.py:183} INFO - Processing /home/airflow/.local/lib/python3.11/site-packages/airflow/example_dags/example_python_operator.py took 0.084 seconds
[2024-03-06T13:54:18.360+0000] {processor.py:161} INFO - Started process (PID=4908) to work on /home/airflow/.local/lib/python3.11/site-packages/airflow/example_dags/example_python_operator.py
[2024-03-06T13:54:18.362+0000] {processor.py:830} INFO - Processing file /home/airflow/.local/lib/python3.11/site-packages/airflow/example_dags/example_python_operator.py for tasks to queue
[2024-03-06T13:54:18.364+0000] {logging_mixin.py:188} INFO - [2024-03-06T13:54:18.363+0000] {dagbag.py:540} INFO - Filling up the DagBag from /home/airflow/.local/lib/python3.11/site-packages/airflow/example_dags/example_python_operator.py
[2024-03-06T13:54:18.377+0000] {processor.py:840} INFO - DAG(s) 'example_python_operator' retrieved from /home/airflow/.local/lib/python3.11/site-packages/airflow/example_dags/example_python_operator.py
[2024-03-06T13:54:18.403+0000] {logging_mixin.py:188} INFO - [2024-03-06T13:54:18.403+0000] {dag.py:3047} INFO - Sync 1 DAGs
[2024-03-06T13:54:18.414+0000] {logging_mixin.py:188} INFO - [2024-03-06T13:54:18.414+0000] {dag.py:3834} INFO - Setting next_dagrun for example_python_operator to None, run_after=None
[2024-03-06T13:54:18.434+0000] {processor.py:183} INFO - Processing /home/airflow/.local/lib/python3.11/site-packages/airflow/example_dags/example_python_operator.py took 0.078 seconds
[2024-03-06T13:54:48.683+0000] {processor.py:161} INFO - Started process (PID=5155) to work on /home/airflow/.local/lib/python3.11/site-packages/airflow/example_dags/example_python_operator.py
[2024-03-06T13:54:48.684+0000] {processor.py:830} INFO - Processing file /home/airflow/.local/lib/python3.11/site-packages/airflow/example_dags/example_python_operator.py for tasks to queue
[2024-03-06T13:54:48.685+0000] {logging_mixin.py:188} INFO - [2024-03-06T13:54:48.685+0000] {dagbag.py:540} INFO - Filling up the DagBag from /home/airflow/.local/lib/python3.11/site-packages/airflow/example_dags/example_python_operator.py
[2024-03-06T13:54:48.695+0000] {processor.py:840} INFO - DAG(s) 'example_python_operator' retrieved from /home/airflow/.local/lib/python3.11/site-packages/airflow/example_dags/example_python_operator.py
[2024-03-06T13:54:48.713+0000] {logging_mixin.py:188} INFO - [2024-03-06T13:54:48.712+0000] {dag.py:3047} INFO - Sync 1 DAGs
[2024-03-06T13:54:48.728+0000] {logging_mixin.py:188} INFO - [2024-03-06T13:54:48.727+0000] {dag.py:3834} INFO - Setting next_dagrun for example_python_operator to None, run_after=None
[2024-03-06T13:54:48.759+0000] {processor.py:183} INFO - Processing /home/airflow/.local/lib/python3.11/site-packages/airflow/example_dags/example_python_operator.py took 0.078 seconds
[2024-03-06T13:55:19.073+0000] {processor.py:161} INFO - Started process (PID=5402) to work on /home/airflow/.local/lib/python3.11/site-packages/airflow/example_dags/example_python_operator.py
[2024-03-06T13:55:19.077+0000] {processor.py:830} INFO - Processing file /home/airflow/.local/lib/python3.11/site-packages/airflow/example_dags/example_python_operator.py for tasks to queue
[2024-03-06T13:55:19.092+0000] {logging_mixin.py:188} INFO - [2024-03-06T13:55:19.091+0000] {dagbag.py:540} INFO - Filling up the DagBag from /home/airflow/.local/lib/python3.11/site-packages/airflow/example_dags/example_python_operator.py
[2024-03-06T13:55:19.118+0000] {processor.py:840} INFO - DAG(s) 'example_python_operator' retrieved from /home/airflow/.local/lib/python3.11/site-packages/airflow/example_dags/example_python_operator.py
[2024-03-06T13:55:19.221+0000] {logging_mixin.py:188} INFO - [2024-03-06T13:55:19.217+0000] {dag.py:3047} INFO - Sync 1 DAGs
[2024-03-06T13:55:19.266+0000] {logging_mixin.py:188} INFO - [2024-03-06T13:55:19.265+0000] {dag.py:3834} INFO - Setting next_dagrun for example_python_operator to None, run_after=None
[2024-03-06T13:55:19.344+0000] {processor.py:183} INFO - Processing /home/airflow/.local/lib/python3.11/site-packages/airflow/example_dags/example_python_operator.py took 0.291 seconds
[2024-03-06T13:55:49.734+0000] {processor.py:161} INFO - Started process (PID=5649) to work on /home/airflow/.local/lib/python3.11/site-packages/airflow/example_dags/example_python_operator.py
[2024-03-06T13:55:49.736+0000] {processor.py:830} INFO - Processing file /home/airflow/.local/lib/python3.11/site-packages/airflow/example_dags/example_python_operator.py for tasks to queue
[2024-03-06T13:55:49.740+0000] {logging_mixin.py:188} INFO - [2024-03-06T13:55:49.739+0000] {dagbag.py:540} INFO - Filling up the DagBag from /home/airflow/.local/lib/python3.11/site-packages/airflow/example_dags/example_python_operator.py
[2024-03-06T13:55:49.762+0000] {processor.py:840} INFO - DAG(s) 'example_python_operator' retrieved from /home/airflow/.local/lib/python3.11/site-packages/airflow/example_dags/example_python_operator.py
[2024-03-06T13:55:49.811+0000] {logging_mixin.py:188} INFO - [2024-03-06T13:55:49.810+0000] {dag.py:3047} INFO - Sync 1 DAGs
[2024-03-06T13:55:49.835+0000] {logging_mixin.py:188} INFO - [2024-03-06T13:55:49.835+0000] {dag.py:3834} INFO - Setting next_dagrun for example_python_operator to None, run_after=None
[2024-03-06T13:55:49.890+0000] {processor.py:183} INFO - Processing /home/airflow/.local/lib/python3.11/site-packages/airflow/example_dags/example_python_operator.py took 0.170 seconds
[2024-03-06T13:56:20.585+0000] {processor.py:161} INFO - Started process (PID=5895) to work on /home/airflow/.local/lib/python3.11/site-packages/airflow/example_dags/example_python_operator.py
[2024-03-06T13:56:20.587+0000] {processor.py:830} INFO - Processing file /home/airflow/.local/lib/python3.11/site-packages/airflow/example_dags/example_python_operator.py for tasks to queue
[2024-03-06T13:56:20.588+0000] {logging_mixin.py:188} INFO - [2024-03-06T13:56:20.587+0000] {dagbag.py:540} INFO - Filling up the DagBag from /home/airflow/.local/lib/python3.11/site-packages/airflow/example_dags/example_python_operator.py
[2024-03-06T13:56:20.601+0000] {processor.py:840} INFO - DAG(s) 'example_python_operator' retrieved from /home/airflow/.local/lib/python3.11/site-packages/airflow/example_dags/example_python_operator.py
[2024-03-06T13:56:20.622+0000] {logging_mixin.py:188} INFO - [2024-03-06T13:56:20.622+0000] {dag.py:3047} INFO - Sync 1 DAGs
[2024-03-06T13:56:20.633+0000] {logging_mixin.py:188} INFO - [2024-03-06T13:56:20.633+0000] {dag.py:3834} INFO - Setting next_dagrun for example_python_operator to None, run_after=None
[2024-03-06T13:56:20.684+0000] {processor.py:183} INFO - Processing /home/airflow/.local/lib/python3.11/site-packages/airflow/example_dags/example_python_operator.py took 0.102 seconds
[2024-03-06T13:56:50.971+0000] {processor.py:161} INFO - Started process (PID=6141) to work on /home/airflow/.local/lib/python3.11/site-packages/airflow/example_dags/example_python_operator.py
[2024-03-06T13:56:50.973+0000] {processor.py:830} INFO - Processing file /home/airflow/.local/lib/python3.11/site-packages/airflow/example_dags/example_python_operator.py for tasks to queue
[2024-03-06T13:56:50.976+0000] {logging_mixin.py:188} INFO - [2024-03-06T13:56:50.975+0000] {dagbag.py:540} INFO - Filling up the DagBag from /home/airflow/.local/lib/python3.11/site-packages/airflow/example_dags/example_python_operator.py
[2024-03-06T13:56:51.003+0000] {processor.py:840} INFO - DAG(s) 'example_python_operator' retrieved from /home/airflow/.local/lib/python3.11/site-packages/airflow/example_dags/example_python_operator.py
[2024-03-06T13:56:51.024+0000] {logging_mixin.py:188} INFO - [2024-03-06T13:56:51.023+0000] {dag.py:3047} INFO - Sync 1 DAGs
[2024-03-06T13:56:51.038+0000] {logging_mixin.py:188} INFO - [2024-03-06T13:56:51.038+0000] {dag.py:3834} INFO - Setting next_dagrun for example_python_operator to None, run_after=None
[2024-03-06T13:56:51.070+0000] {processor.py:183} INFO - Processing /home/airflow/.local/lib/python3.11/site-packages/airflow/example_dags/example_python_operator.py took 0.104 seconds
[2024-03-06T13:57:21.297+0000] {processor.py:161} INFO - Started process (PID=6388) to work on /home/airflow/.local/lib/python3.11/site-packages/airflow/example_dags/example_python_operator.py
[2024-03-06T13:57:21.300+0000] {processor.py:830} INFO - Processing file /home/airflow/.local/lib/python3.11/site-packages/airflow/example_dags/example_python_operator.py for tasks to queue
[2024-03-06T13:57:21.303+0000] {logging_mixin.py:188} INFO - [2024-03-06T13:57:21.303+0000] {dagbag.py:540} INFO - Filling up the DagBag from /home/airflow/.local/lib/python3.11/site-packages/airflow/example_dags/example_python_operator.py
[2024-03-06T13:57:21.323+0000] {processor.py:840} INFO - DAG(s) 'example_python_operator' retrieved from /home/airflow/.local/lib/python3.11/site-packages/airflow/example_dags/example_python_operator.py
[2024-03-06T13:57:21.359+0000] {logging_mixin.py:188} INFO - [2024-03-06T13:57:21.359+0000] {dag.py:3047} INFO - Sync 1 DAGs
[2024-03-06T13:57:21.373+0000] {logging_mixin.py:188} INFO - [2024-03-06T13:57:21.373+0000] {dag.py:3834} INFO - Setting next_dagrun for example_python_operator to None, run_after=None
[2024-03-06T13:57:21.400+0000] {processor.py:183} INFO - Processing /home/airflow/.local/lib/python3.11/site-packages/airflow/example_dags/example_python_operator.py took 0.109 seconds
[2024-03-06T13:57:51.650+0000] {processor.py:161} INFO - Started process (PID=6635) to work on /home/airflow/.local/lib/python3.11/site-packages/airflow/example_dags/example_python_operator.py
[2024-03-06T13:57:51.651+0000] {processor.py:830} INFO - Processing file /home/airflow/.local/lib/python3.11/site-packages/airflow/example_dags/example_python_operator.py for tasks to queue
[2024-03-06T13:57:51.654+0000] {logging_mixin.py:188} INFO - [2024-03-06T13:57:51.653+0000] {dagbag.py:540} INFO - Filling up the DagBag from /home/airflow/.local/lib/python3.11/site-packages/airflow/example_dags/example_python_operator.py
[2024-03-06T13:57:51.669+0000] {processor.py:840} INFO - DAG(s) 'example_python_operator' retrieved from /home/airflow/.local/lib/python3.11/site-packages/airflow/example_dags/example_python_operator.py
[2024-03-06T13:57:51.695+0000] {logging_mixin.py:188} INFO - [2024-03-06T13:57:51.694+0000] {dag.py:3047} INFO - Sync 1 DAGs
[2024-03-06T13:57:51.718+0000] {logging_mixin.py:188} INFO - [2024-03-06T13:57:51.717+0000] {dag.py:3834} INFO - Setting next_dagrun for example_python_operator to None, run_after=None
[2024-03-06T13:57:51.762+0000] {processor.py:183} INFO - Processing /home/airflow/.local/lib/python3.11/site-packages/airflow/example_dags/example_python_operator.py took 0.117 seconds
[2024-03-06T13:58:22.449+0000] {processor.py:161} INFO - Started process (PID=6881) to work on /home/airflow/.local/lib/python3.11/site-packages/airflow/example_dags/example_python_operator.py
[2024-03-06T13:58:22.451+0000] {processor.py:830} INFO - Processing file /home/airflow/.local/lib/python3.11/site-packages/airflow/example_dags/example_python_operator.py for tasks to queue
[2024-03-06T13:58:22.452+0000] {logging_mixin.py:188} INFO - [2024-03-06T13:58:22.451+0000] {dagbag.py:540} INFO - Filling up the DagBag from /home/airflow/.local/lib/python3.11/site-packages/airflow/example_dags/example_python_operator.py
[2024-03-06T13:58:22.465+0000] {processor.py:840} INFO - DAG(s) 'example_python_operator' retrieved from /home/airflow/.local/lib/python3.11/site-packages/airflow/example_dags/example_python_operator.py
[2024-03-06T13:58:22.499+0000] {logging_mixin.py:188} INFO - [2024-03-06T13:58:22.499+0000] {dag.py:3047} INFO - Sync 1 DAGs
[2024-03-06T13:58:22.515+0000] {logging_mixin.py:188} INFO - [2024-03-06T13:58:22.514+0000] {dag.py:3834} INFO - Setting next_dagrun for example_python_operator to None, run_after=None
[2024-03-06T13:58:22.539+0000] {processor.py:183} INFO - Processing /home/airflow/.local/lib/python3.11/site-packages/airflow/example_dags/example_python_operator.py took 0.099 seconds
[2024-03-06T13:58:52.974+0000] {processor.py:161} INFO - Started process (PID=7127) to work on /home/airflow/.local/lib/python3.11/site-packages/airflow/example_dags/example_python_operator.py
[2024-03-06T13:58:52.983+0000] {processor.py:830} INFO - Processing file /home/airflow/.local/lib/python3.11/site-packages/airflow/example_dags/example_python_operator.py for tasks to queue
[2024-03-06T13:58:52.985+0000] {logging_mixin.py:188} INFO - [2024-03-06T13:58:52.984+0000] {dagbag.py:540} INFO - Filling up the DagBag from /home/airflow/.local/lib/python3.11/site-packages/airflow/example_dags/example_python_operator.py
[2024-03-06T13:58:53.031+0000] {processor.py:840} INFO - DAG(s) 'example_python_operator' retrieved from /home/airflow/.local/lib/python3.11/site-packages/airflow/example_dags/example_python_operator.py
[2024-03-06T13:58:53.102+0000] {logging_mixin.py:188} INFO - [2024-03-06T13:58:53.101+0000] {dag.py:3047} INFO - Sync 1 DAGs
[2024-03-06T13:58:53.153+0000] {logging_mixin.py:188} INFO - [2024-03-06T13:58:53.153+0000] {dag.py:3834} INFO - Setting next_dagrun for example_python_operator to None, run_after=None
[2024-03-06T13:58:53.242+0000] {processor.py:183} INFO - Processing /home/airflow/.local/lib/python3.11/site-packages/airflow/example_dags/example_python_operator.py took 0.277 seconds
[2024-03-06T13:59:24.151+0000] {processor.py:161} INFO - Started process (PID=7374) to work on /home/airflow/.local/lib/python3.11/site-packages/airflow/example_dags/example_python_operator.py
[2024-03-06T13:59:24.152+0000] {processor.py:830} INFO - Processing file /home/airflow/.local/lib/python3.11/site-packages/airflow/example_dags/example_python_operator.py for tasks to queue
[2024-03-06T13:59:24.154+0000] {logging_mixin.py:188} INFO - [2024-03-06T13:59:24.153+0000] {dagbag.py:540} INFO - Filling up the DagBag from /home/airflow/.local/lib/python3.11/site-packages/airflow/example_dags/example_python_operator.py
[2024-03-06T13:59:24.169+0000] {processor.py:840} INFO - DAG(s) 'example_python_operator' retrieved from /home/airflow/.local/lib/python3.11/site-packages/airflow/example_dags/example_python_operator.py
[2024-03-06T13:59:24.196+0000] {logging_mixin.py:188} INFO - [2024-03-06T13:59:24.195+0000] {dag.py:3047} INFO - Sync 1 DAGs
[2024-03-06T13:59:24.216+0000] {logging_mixin.py:188} INFO - [2024-03-06T13:59:24.215+0000] {dag.py:3834} INFO - Setting next_dagrun for example_python_operator to None, run_after=None
[2024-03-06T13:59:24.259+0000] {processor.py:183} INFO - Processing /home/airflow/.local/lib/python3.11/site-packages/airflow/example_dags/example_python_operator.py took 0.112 seconds
[2024-03-06T13:59:54.319+0000] {processor.py:161} INFO - Started process (PID=7618) to work on /home/airflow/.local/lib/python3.11/site-packages/airflow/example_dags/example_python_operator.py
[2024-03-06T13:59:54.321+0000] {processor.py:830} INFO - Processing file /home/airflow/.local/lib/python3.11/site-packages/airflow/example_dags/example_python_operator.py for tasks to queue
[2024-03-06T13:59:54.323+0000] {logging_mixin.py:188} INFO - [2024-03-06T13:59:54.322+0000] {dagbag.py:540} INFO - Filling up the DagBag from /home/airflow/.local/lib/python3.11/site-packages/airflow/example_dags/example_python_operator.py
[2024-03-06T13:59:54.340+0000] {processor.py:840} INFO - DAG(s) 'example_python_operator' retrieved from /home/airflow/.local/lib/python3.11/site-packages/airflow/example_dags/example_python_operator.py
[2024-03-06T13:59:54.359+0000] {logging_mixin.py:188} INFO - [2024-03-06T13:59:54.359+0000] {dag.py:3047} INFO - Sync 1 DAGs
[2024-03-06T13:59:54.369+0000] {logging_mixin.py:188} INFO - [2024-03-06T13:59:54.369+0000] {dag.py:3834} INFO - Setting next_dagrun for example_python_operator to None, run_after=None
[2024-03-06T13:59:54.384+0000] {processor.py:183} INFO - Processing /home/airflow/.local/lib/python3.11/site-packages/airflow/example_dags/example_python_operator.py took 0.071 seconds
[2024-03-06T14:00:24.849+0000] {processor.py:161} INFO - Started process (PID=7867) to work on /home/airflow/.local/lib/python3.11/site-packages/airflow/example_dags/example_python_operator.py
[2024-03-06T14:00:24.850+0000] {processor.py:830} INFO - Processing file /home/airflow/.local/lib/python3.11/site-packages/airflow/example_dags/example_python_operator.py for tasks to queue
[2024-03-06T14:00:24.851+0000] {logging_mixin.py:188} INFO - [2024-03-06T14:00:24.851+0000] {dagbag.py:540} INFO - Filling up the DagBag from /home/airflow/.local/lib/python3.11/site-packages/airflow/example_dags/example_python_operator.py
[2024-03-06T14:00:24.864+0000] {processor.py:840} INFO - DAG(s) 'example_python_operator' retrieved from /home/airflow/.local/lib/python3.11/site-packages/airflow/example_dags/example_python_operator.py
[2024-03-06T14:00:24.892+0000] {logging_mixin.py:188} INFO - [2024-03-06T14:00:24.892+0000] {dag.py:3047} INFO - Sync 1 DAGs
[2024-03-06T14:00:24.908+0000] {logging_mixin.py:188} INFO - [2024-03-06T14:00:24.908+0000] {dag.py:3834} INFO - Setting next_dagrun for example_python_operator to None, run_after=None
[2024-03-06T14:00:24.940+0000] {processor.py:183} INFO - Processing /home/airflow/.local/lib/python3.11/site-packages/airflow/example_dags/example_python_operator.py took 0.094 seconds
[2024-03-06T14:00:55.060+0000] {processor.py:161} INFO - Started process (PID=8114) to work on /home/airflow/.local/lib/python3.11/site-packages/airflow/example_dags/example_python_operator.py
[2024-03-06T14:00:55.062+0000] {processor.py:830} INFO - Processing file /home/airflow/.local/lib/python3.11/site-packages/airflow/example_dags/example_python_operator.py for tasks to queue
[2024-03-06T14:00:55.064+0000] {logging_mixin.py:188} INFO - [2024-03-06T14:00:55.063+0000] {dagbag.py:540} INFO - Filling up the DagBag from /home/airflow/.local/lib/python3.11/site-packages/airflow/example_dags/example_python_operator.py
[2024-03-06T14:00:55.083+0000] {processor.py:840} INFO - DAG(s) 'example_python_operator' retrieved from /home/airflow/.local/lib/python3.11/site-packages/airflow/example_dags/example_python_operator.py
[2024-03-06T14:00:55.104+0000] {logging_mixin.py:188} INFO - [2024-03-06T14:00:55.104+0000] {dag.py:3047} INFO - Sync 1 DAGs
[2024-03-06T14:00:55.120+0000] {logging_mixin.py:188} INFO - [2024-03-06T14:00:55.119+0000] {dag.py:3834} INFO - Setting next_dagrun for example_python_operator to None, run_after=None
[2024-03-06T14:00:55.154+0000] {processor.py:183} INFO - Processing /home/airflow/.local/lib/python3.11/site-packages/airflow/example_dags/example_python_operator.py took 0.102 seconds
[2024-03-06T14:01:25.900+0000] {processor.py:161} INFO - Started process (PID=8366) to work on /home/airflow/.local/lib/python3.11/site-packages/airflow/example_dags/example_python_operator.py
[2024-03-06T14:01:25.901+0000] {processor.py:830} INFO - Processing file /home/airflow/.local/lib/python3.11/site-packages/airflow/example_dags/example_python_operator.py for tasks to queue
[2024-03-06T14:01:25.902+0000] {logging_mixin.py:188} INFO - [2024-03-06T14:01:25.902+0000] {dagbag.py:540} INFO - Filling up the DagBag from /home/airflow/.local/lib/python3.11/site-packages/airflow/example_dags/example_python_operator.py
[2024-03-06T14:01:25.912+0000] {processor.py:840} INFO - DAG(s) 'example_python_operator' retrieved from /home/airflow/.local/lib/python3.11/site-packages/airflow/example_dags/example_python_operator.py
[2024-03-06T14:01:25.932+0000] {logging_mixin.py:188} INFO - [2024-03-06T14:01:25.932+0000] {dag.py:3047} INFO - Sync 1 DAGs
[2024-03-06T14:01:25.946+0000] {logging_mixin.py:188} INFO - [2024-03-06T14:01:25.946+0000] {dag.py:3834} INFO - Setting next_dagrun for example_python_operator to None, run_after=None
[2024-03-06T14:01:25.978+0000] {processor.py:183} INFO - Processing /home/airflow/.local/lib/python3.11/site-packages/airflow/example_dags/example_python_operator.py took 0.081 seconds
[2024-03-06T14:01:56.842+0000] {processor.py:161} INFO - Started process (PID=8613) to work on /home/airflow/.local/lib/python3.11/site-packages/airflow/example_dags/example_python_operator.py
[2024-03-06T14:01:56.843+0000] {processor.py:830} INFO - Processing file /home/airflow/.local/lib/python3.11/site-packages/airflow/example_dags/example_python_operator.py for tasks to queue
[2024-03-06T14:01:56.845+0000] {logging_mixin.py:188} INFO - [2024-03-06T14:01:56.844+0000] {dagbag.py:540} INFO - Filling up the DagBag from /home/airflow/.local/lib/python3.11/site-packages/airflow/example_dags/example_python_operator.py
[2024-03-06T14:01:56.860+0000] {processor.py:840} INFO - DAG(s) 'example_python_operator' retrieved from /home/airflow/.local/lib/python3.11/site-packages/airflow/example_dags/example_python_operator.py
[2024-03-06T14:01:56.891+0000] {logging_mixin.py:188} INFO - [2024-03-06T14:01:56.890+0000] {dag.py:3047} INFO - Sync 1 DAGs
[2024-03-06T14:01:56.911+0000] {logging_mixin.py:188} INFO - [2024-03-06T14:01:56.910+0000] {dag.py:3834} INFO - Setting next_dagrun for example_python_operator to None, run_after=None
[2024-03-06T14:01:56.946+0000] {processor.py:183} INFO - Processing /home/airflow/.local/lib/python3.11/site-packages/airflow/example_dags/example_python_operator.py took 0.108 seconds
[2024-03-06T14:02:27.695+0000] {processor.py:161} INFO - Started process (PID=8860) to work on /home/airflow/.local/lib/python3.11/site-packages/airflow/example_dags/example_python_operator.py
[2024-03-06T14:02:27.696+0000] {processor.py:830} INFO - Processing file /home/airflow/.local/lib/python3.11/site-packages/airflow/example_dags/example_python_operator.py for tasks to queue
[2024-03-06T14:02:27.698+0000] {logging_mixin.py:188} INFO - [2024-03-06T14:02:27.698+0000] {dagbag.py:540} INFO - Filling up the DagBag from /home/airflow/.local/lib/python3.11/site-packages/airflow/example_dags/example_python_operator.py
[2024-03-06T14:02:27.710+0000] {processor.py:840} INFO - DAG(s) 'example_python_operator' retrieved from /home/airflow/.local/lib/python3.11/site-packages/airflow/example_dags/example_python_operator.py
[2024-03-06T14:02:27.731+0000] {logging_mixin.py:188} INFO - [2024-03-06T14:02:27.730+0000] {dag.py:3047} INFO - Sync 1 DAGs
[2024-03-06T14:02:27.746+0000] {logging_mixin.py:188} INFO - [2024-03-06T14:02:27.745+0000] {dag.py:3834} INFO - Setting next_dagrun for example_python_operator to None, run_after=None
[2024-03-06T14:02:27.774+0000] {processor.py:183} INFO - Processing /home/airflow/.local/lib/python3.11/site-packages/airflow/example_dags/example_python_operator.py took 0.082 seconds
[2024-03-06T14:02:57.910+0000] {processor.py:161} INFO - Started process (PID=9107) to work on /home/airflow/.local/lib/python3.11/site-packages/airflow/example_dags/example_python_operator.py
[2024-03-06T14:02:57.911+0000] {processor.py:830} INFO - Processing file /home/airflow/.local/lib/python3.11/site-packages/airflow/example_dags/example_python_operator.py for tasks to queue
[2024-03-06T14:02:57.913+0000] {logging_mixin.py:188} INFO - [2024-03-06T14:02:57.912+0000] {dagbag.py:540} INFO - Filling up the DagBag from /home/airflow/.local/lib/python3.11/site-packages/airflow/example_dags/example_python_operator.py
[2024-03-06T14:02:57.929+0000] {processor.py:840} INFO - DAG(s) 'example_python_operator' retrieved from /home/airflow/.local/lib/python3.11/site-packages/airflow/example_dags/example_python_operator.py
[2024-03-06T14:02:57.960+0000] {logging_mixin.py:188} INFO - [2024-03-06T14:02:57.960+0000] {dag.py:3047} INFO - Sync 1 DAGs
[2024-03-06T14:02:57.979+0000] {logging_mixin.py:188} INFO - [2024-03-06T14:02:57.979+0000] {dag.py:3834} INFO - Setting next_dagrun for example_python_operator to None, run_after=None
[2024-03-06T14:02:58.012+0000] {processor.py:183} INFO - Processing /home/airflow/.local/lib/python3.11/site-packages/airflow/example_dags/example_python_operator.py took 0.106 seconds
[2024-03-06T14:03:28.074+0000] {processor.py:161} INFO - Started process (PID=9351) to work on /home/airflow/.local/lib/python3.11/site-packages/airflow/example_dags/example_python_operator.py
[2024-03-06T14:03:28.076+0000] {processor.py:830} INFO - Processing file /home/airflow/.local/lib/python3.11/site-packages/airflow/example_dags/example_python_operator.py for tasks to queue
[2024-03-06T14:03:28.078+0000] {logging_mixin.py:188} INFO - [2024-03-06T14:03:28.077+0000] {dagbag.py:540} INFO - Filling up the DagBag from /home/airflow/.local/lib/python3.11/site-packages/airflow/example_dags/example_python_operator.py
[2024-03-06T14:03:28.088+0000] {processor.py:840} INFO - DAG(s) 'example_python_operator' retrieved from /home/airflow/.local/lib/python3.11/site-packages/airflow/example_dags/example_python_operator.py
[2024-03-06T14:03:28.105+0000] {logging_mixin.py:188} INFO - [2024-03-06T14:03:28.104+0000] {dag.py:3047} INFO - Sync 1 DAGs
[2024-03-06T14:03:28.114+0000] {logging_mixin.py:188} INFO - [2024-03-06T14:03:28.113+0000] {dag.py:3834} INFO - Setting next_dagrun for example_python_operator to None, run_after=None
[2024-03-06T14:03:28.133+0000] {processor.py:183} INFO - Processing /home/airflow/.local/lib/python3.11/site-packages/airflow/example_dags/example_python_operator.py took 0.064 seconds
[2024-03-06T14:03:58.512+0000] {processor.py:161} INFO - Started process (PID=9601) to work on /home/airflow/.local/lib/python3.11/site-packages/airflow/example_dags/example_python_operator.py
[2024-03-06T14:03:58.514+0000] {processor.py:830} INFO - Processing file /home/airflow/.local/lib/python3.11/site-packages/airflow/example_dags/example_python_operator.py for tasks to queue
[2024-03-06T14:03:58.515+0000] {logging_mixin.py:188} INFO - [2024-03-06T14:03:58.514+0000] {dagbag.py:540} INFO - Filling up the DagBag from /home/airflow/.local/lib/python3.11/site-packages/airflow/example_dags/example_python_operator.py
[2024-03-06T14:03:58.527+0000] {processor.py:840} INFO - DAG(s) 'example_python_operator' retrieved from /home/airflow/.local/lib/python3.11/site-packages/airflow/example_dags/example_python_operator.py
[2024-03-06T14:03:58.549+0000] {logging_mixin.py:188} INFO - [2024-03-06T14:03:58.548+0000] {dag.py:3047} INFO - Sync 1 DAGs
[2024-03-06T14:03:58.560+0000] {logging_mixin.py:188} INFO - [2024-03-06T14:03:58.560+0000] {dag.py:3834} INFO - Setting next_dagrun for example_python_operator to None, run_after=None
[2024-03-06T14:03:58.578+0000] {processor.py:183} INFO - Processing /home/airflow/.local/lib/python3.11/site-packages/airflow/example_dags/example_python_operator.py took 0.069 seconds
[2024-03-06T14:04:28.781+0000] {processor.py:161} INFO - Started process (PID=9848) to work on /home/airflow/.local/lib/python3.11/site-packages/airflow/example_dags/example_python_operator.py
[2024-03-06T14:04:28.782+0000] {processor.py:830} INFO - Processing file /home/airflow/.local/lib/python3.11/site-packages/airflow/example_dags/example_python_operator.py for tasks to queue
[2024-03-06T14:04:28.785+0000] {logging_mixin.py:188} INFO - [2024-03-06T14:04:28.785+0000] {dagbag.py:540} INFO - Filling up the DagBag from /home/airflow/.local/lib/python3.11/site-packages/airflow/example_dags/example_python_operator.py
[2024-03-06T14:04:28.798+0000] {processor.py:840} INFO - DAG(s) 'example_python_operator' retrieved from /home/airflow/.local/lib/python3.11/site-packages/airflow/example_dags/example_python_operator.py
[2024-03-06T14:04:28.834+0000] {logging_mixin.py:188} INFO - [2024-03-06T14:04:28.833+0000] {dag.py:3047} INFO - Sync 1 DAGs
[2024-03-06T14:04:28.849+0000] {logging_mixin.py:188} INFO - [2024-03-06T14:04:28.848+0000] {dag.py:3834} INFO - Setting next_dagrun for example_python_operator to None, run_after=None
[2024-03-06T14:04:28.878+0000] {processor.py:183} INFO - Processing /home/airflow/.local/lib/python3.11/site-packages/airflow/example_dags/example_python_operator.py took 0.099 seconds
[2024-03-06T14:04:59.260+0000] {processor.py:161} INFO - Started process (PID=10095) to work on /home/airflow/.local/lib/python3.11/site-packages/airflow/example_dags/example_python_operator.py
[2024-03-06T14:04:59.263+0000] {processor.py:830} INFO - Processing file /home/airflow/.local/lib/python3.11/site-packages/airflow/example_dags/example_python_operator.py for tasks to queue
[2024-03-06T14:04:59.265+0000] {logging_mixin.py:188} INFO - [2024-03-06T14:04:59.265+0000] {dagbag.py:540} INFO - Filling up the DagBag from /home/airflow/.local/lib/python3.11/site-packages/airflow/example_dags/example_python_operator.py
[2024-03-06T14:04:59.280+0000] {processor.py:840} INFO - DAG(s) 'example_python_operator' retrieved from /home/airflow/.local/lib/python3.11/site-packages/airflow/example_dags/example_python_operator.py
[2024-03-06T14:04:59.304+0000] {logging_mixin.py:188} INFO - [2024-03-06T14:04:59.304+0000] {dag.py:3047} INFO - Sync 1 DAGs
[2024-03-06T14:04:59.320+0000] {logging_mixin.py:188} INFO - [2024-03-06T14:04:59.319+0000] {dag.py:3834} INFO - Setting next_dagrun for example_python_operator to None, run_after=None
[2024-03-06T14:04:59.344+0000] {processor.py:183} INFO - Processing /home/airflow/.local/lib/python3.11/site-packages/airflow/example_dags/example_python_operator.py took 0.087 seconds
[2024-03-06T14:05:29.456+0000] {processor.py:161} INFO - Started process (PID=10342) to work on /home/airflow/.local/lib/python3.11/site-packages/airflow/example_dags/example_python_operator.py
[2024-03-06T14:05:29.457+0000] {processor.py:830} INFO - Processing file /home/airflow/.local/lib/python3.11/site-packages/airflow/example_dags/example_python_operator.py for tasks to queue
[2024-03-06T14:05:29.459+0000] {logging_mixin.py:188} INFO - [2024-03-06T14:05:29.458+0000] {dagbag.py:540} INFO - Filling up the DagBag from /home/airflow/.local/lib/python3.11/site-packages/airflow/example_dags/example_python_operator.py
[2024-03-06T14:05:29.474+0000] {processor.py:840} INFO - DAG(s) 'example_python_operator' retrieved from /home/airflow/.local/lib/python3.11/site-packages/airflow/example_dags/example_python_operator.py
[2024-03-06T14:05:29.495+0000] {logging_mixin.py:188} INFO - [2024-03-06T14:05:29.495+0000] {dag.py:3047} INFO - Sync 1 DAGs
[2024-03-06T14:05:29.508+0000] {logging_mixin.py:188} INFO - [2024-03-06T14:05:29.507+0000] {dag.py:3834} INFO - Setting next_dagrun for example_python_operator to None, run_after=None
[2024-03-06T14:05:29.533+0000] {processor.py:183} INFO - Processing /home/airflow/.local/lib/python3.11/site-packages/airflow/example_dags/example_python_operator.py took 0.079 seconds
[2024-03-06T14:05:59.666+0000] {processor.py:161} INFO - Started process (PID=10589) to work on /home/airflow/.local/lib/python3.11/site-packages/airflow/example_dags/example_python_operator.py
[2024-03-06T14:05:59.667+0000] {processor.py:830} INFO - Processing file /home/airflow/.local/lib/python3.11/site-packages/airflow/example_dags/example_python_operator.py for tasks to queue
[2024-03-06T14:05:59.668+0000] {logging_mixin.py:188} INFO - [2024-03-06T14:05:59.667+0000] {dagbag.py:540} INFO - Filling up the DagBag from /home/airflow/.local/lib/python3.11/site-packages/airflow/example_dags/example_python_operator.py
[2024-03-06T14:05:59.679+0000] {processor.py:840} INFO - DAG(s) 'example_python_operator' retrieved from /home/airflow/.local/lib/python3.11/site-packages/airflow/example_dags/example_python_operator.py
[2024-03-06T14:05:59.698+0000] {logging_mixin.py:188} INFO - [2024-03-06T14:05:59.698+0000] {dag.py:3047} INFO - Sync 1 DAGs
[2024-03-06T14:05:59.711+0000] {logging_mixin.py:188} INFO - [2024-03-06T14:05:59.711+0000] {dag.py:3834} INFO - Setting next_dagrun for example_python_operator to None, run_after=None
[2024-03-06T14:05:59.739+0000] {processor.py:183} INFO - Processing /home/airflow/.local/lib/python3.11/site-packages/airflow/example_dags/example_python_operator.py took 0.076 seconds
[2024-03-06T14:06:29.864+0000] {processor.py:161} INFO - Started process (PID=10835) to work on /home/airflow/.local/lib/python3.11/site-packages/airflow/example_dags/example_python_operator.py
[2024-03-06T14:06:29.864+0000] {processor.py:830} INFO - Processing file /home/airflow/.local/lib/python3.11/site-packages/airflow/example_dags/example_python_operator.py for tasks to queue
[2024-03-06T14:06:29.866+0000] {logging_mixin.py:188} INFO - [2024-03-06T14:06:29.865+0000] {dagbag.py:540} INFO - Filling up the DagBag from /home/airflow/.local/lib/python3.11/site-packages/airflow/example_dags/example_python_operator.py
[2024-03-06T14:06:29.877+0000] {processor.py:840} INFO - DAG(s) 'example_python_operator' retrieved from /home/airflow/.local/lib/python3.11/site-packages/airflow/example_dags/example_python_operator.py
[2024-03-06T14:06:29.896+0000] {logging_mixin.py:188} INFO - [2024-03-06T14:06:29.896+0000] {dag.py:3047} INFO - Sync 1 DAGs
[2024-03-06T14:06:29.908+0000] {logging_mixin.py:188} INFO - [2024-03-06T14:06:29.908+0000] {dag.py:3834} INFO - Setting next_dagrun for example_python_operator to None, run_after=None
[2024-03-06T14:06:29.936+0000] {processor.py:183} INFO - Processing /home/airflow/.local/lib/python3.11/site-packages/airflow/example_dags/example_python_operator.py took 0.075 seconds
[2024-03-06T14:07:00.554+0000] {processor.py:161} INFO - Started process (PID=11082) to work on /home/airflow/.local/lib/python3.11/site-packages/airflow/example_dags/example_python_operator.py
[2024-03-06T14:07:00.557+0000] {processor.py:830} INFO - Processing file /home/airflow/.local/lib/python3.11/site-packages/airflow/example_dags/example_python_operator.py for tasks to queue
[2024-03-06T14:07:00.560+0000] {logging_mixin.py:188} INFO - [2024-03-06T14:07:00.559+0000] {dagbag.py:540} INFO - Filling up the DagBag from /home/airflow/.local/lib/python3.11/site-packages/airflow/example_dags/example_python_operator.py
[2024-03-06T14:07:00.592+0000] {processor.py:840} INFO - DAG(s) 'example_python_operator' retrieved from /home/airflow/.local/lib/python3.11/site-packages/airflow/example_dags/example_python_operator.py
[2024-03-06T14:07:00.623+0000] {logging_mixin.py:188} INFO - [2024-03-06T14:07:00.623+0000] {dag.py:3047} INFO - Sync 1 DAGs
[2024-03-06T14:07:00.643+0000] {logging_mixin.py:188} INFO - [2024-03-06T14:07:00.643+0000] {dag.py:3834} INFO - Setting next_dagrun for example_python_operator to None, run_after=None
[2024-03-06T14:07:00.683+0000] {processor.py:183} INFO - Processing /home/airflow/.local/lib/python3.11/site-packages/airflow/example_dags/example_python_operator.py took 0.136 seconds
[2024-03-06T14:07:30.778+0000] {processor.py:161} INFO - Started process (PID=11326) to work on /home/airflow/.local/lib/python3.11/site-packages/airflow/example_dags/example_python_operator.py
[2024-03-06T14:07:30.779+0000] {processor.py:830} INFO - Processing file /home/airflow/.local/lib/python3.11/site-packages/airflow/example_dags/example_python_operator.py for tasks to queue
[2024-03-06T14:07:30.781+0000] {logging_mixin.py:188} INFO - [2024-03-06T14:07:30.780+0000] {dagbag.py:540} INFO - Filling up the DagBag from /home/airflow/.local/lib/python3.11/site-packages/airflow/example_dags/example_python_operator.py
[2024-03-06T14:07:30.796+0000] {processor.py:840} INFO - DAG(s) 'example_python_operator' retrieved from /home/airflow/.local/lib/python3.11/site-packages/airflow/example_dags/example_python_operator.py
[2024-03-06T14:07:30.831+0000] {logging_mixin.py:188} INFO - [2024-03-06T14:07:30.831+0000] {dag.py:3047} INFO - Sync 1 DAGs
[2024-03-06T14:07:30.853+0000] {logging_mixin.py:188} INFO - [2024-03-06T14:07:30.853+0000] {dag.py:3834} INFO - Setting next_dagrun for example_python_operator to None, run_after=None
[2024-03-06T14:07:30.885+0000] {processor.py:183} INFO - Processing /home/airflow/.local/lib/python3.11/site-packages/airflow/example_dags/example_python_operator.py took 0.111 seconds
[2024-03-06T14:08:01.283+0000] {processor.py:161} INFO - Started process (PID=11576) to work on /home/airflow/.local/lib/python3.11/site-packages/airflow/example_dags/example_python_operator.py
[2024-03-06T14:08:01.284+0000] {processor.py:830} INFO - Processing file /home/airflow/.local/lib/python3.11/site-packages/airflow/example_dags/example_python_operator.py for tasks to queue
[2024-03-06T14:08:01.285+0000] {logging_mixin.py:188} INFO - [2024-03-06T14:08:01.285+0000] {dagbag.py:540} INFO - Filling up the DagBag from /home/airflow/.local/lib/python3.11/site-packages/airflow/example_dags/example_python_operator.py
[2024-03-06T14:08:01.296+0000] {processor.py:840} INFO - DAG(s) 'example_python_operator' retrieved from /home/airflow/.local/lib/python3.11/site-packages/airflow/example_dags/example_python_operator.py
[2024-03-06T14:08:01.317+0000] {logging_mixin.py:188} INFO - [2024-03-06T14:08:01.316+0000] {dag.py:3047} INFO - Sync 1 DAGs
[2024-03-06T14:08:01.330+0000] {logging_mixin.py:188} INFO - [2024-03-06T14:08:01.330+0000] {dag.py:3834} INFO - Setting next_dagrun for example_python_operator to None, run_after=None
[2024-03-06T14:08:01.356+0000] {processor.py:183} INFO - Processing /home/airflow/.local/lib/python3.11/site-packages/airflow/example_dags/example_python_operator.py took 0.075 seconds
[2024-03-06T14:08:31.519+0000] {processor.py:161} INFO - Started process (PID=11823) to work on /home/airflow/.local/lib/python3.11/site-packages/airflow/example_dags/example_python_operator.py
[2024-03-06T14:08:31.521+0000] {processor.py:830} INFO - Processing file /home/airflow/.local/lib/python3.11/site-packages/airflow/example_dags/example_python_operator.py for tasks to queue
[2024-03-06T14:08:31.523+0000] {logging_mixin.py:188} INFO - [2024-03-06T14:08:31.523+0000] {dagbag.py:540} INFO - Filling up the DagBag from /home/airflow/.local/lib/python3.11/site-packages/airflow/example_dags/example_python_operator.py
[2024-03-06T14:08:31.539+0000] {processor.py:840} INFO - DAG(s) 'example_python_operator' retrieved from /home/airflow/.local/lib/python3.11/site-packages/airflow/example_dags/example_python_operator.py
[2024-03-06T14:08:31.564+0000] {logging_mixin.py:188} INFO - [2024-03-06T14:08:31.564+0000] {dag.py:3047} INFO - Sync 1 DAGs
[2024-03-06T14:08:31.578+0000] {logging_mixin.py:188} INFO - [2024-03-06T14:08:31.578+0000] {dag.py:3834} INFO - Setting next_dagrun for example_python_operator to None, run_after=None
[2024-03-06T14:08:31.616+0000] {processor.py:183} INFO - Processing /home/airflow/.local/lib/python3.11/site-packages/airflow/example_dags/example_python_operator.py took 0.101 seconds
[2024-03-06T14:09:02.160+0000] {processor.py:161} INFO - Started process (PID=12069) to work on /home/airflow/.local/lib/python3.11/site-packages/airflow/example_dags/example_python_operator.py
[2024-03-06T14:09:02.161+0000] {processor.py:830} INFO - Processing file /home/airflow/.local/lib/python3.11/site-packages/airflow/example_dags/example_python_operator.py for tasks to queue
[2024-03-06T14:09:02.163+0000] {logging_mixin.py:188} INFO - [2024-03-06T14:09:02.162+0000] {dagbag.py:540} INFO - Filling up the DagBag from /home/airflow/.local/lib/python3.11/site-packages/airflow/example_dags/example_python_operator.py
[2024-03-06T14:09:02.176+0000] {processor.py:840} INFO - DAG(s) 'example_python_operator' retrieved from /home/airflow/.local/lib/python3.11/site-packages/airflow/example_dags/example_python_operator.py
[2024-03-06T14:09:02.199+0000] {logging_mixin.py:188} INFO - [2024-03-06T14:09:02.199+0000] {dag.py:3047} INFO - Sync 1 DAGs
[2024-03-06T14:09:02.212+0000] {logging_mixin.py:188} INFO - [2024-03-06T14:09:02.212+0000] {dag.py:3834} INFO - Setting next_dagrun for example_python_operator to None, run_after=None
[2024-03-06T14:09:02.232+0000] {processor.py:183} INFO - Processing /home/airflow/.local/lib/python3.11/site-packages/airflow/example_dags/example_python_operator.py took 0.076 seconds
[2024-03-06T14:09:32.364+0000] {processor.py:161} INFO - Started process (PID=12315) to work on /home/airflow/.local/lib/python3.11/site-packages/airflow/example_dags/example_python_operator.py
[2024-03-06T14:09:32.366+0000] {processor.py:830} INFO - Processing file /home/airflow/.local/lib/python3.11/site-packages/airflow/example_dags/example_python_operator.py for tasks to queue
[2024-03-06T14:09:32.367+0000] {logging_mixin.py:188} INFO - [2024-03-06T14:09:32.367+0000] {dagbag.py:540} INFO - Filling up the DagBag from /home/airflow/.local/lib/python3.11/site-packages/airflow/example_dags/example_python_operator.py
[2024-03-06T14:09:32.380+0000] {processor.py:840} INFO - DAG(s) 'example_python_operator' retrieved from /home/airflow/.local/lib/python3.11/site-packages/airflow/example_dags/example_python_operator.py
[2024-03-06T14:09:32.405+0000] {logging_mixin.py:188} INFO - [2024-03-06T14:09:32.405+0000] {dag.py:3047} INFO - Sync 1 DAGs
[2024-03-06T14:09:32.421+0000] {logging_mixin.py:188} INFO - [2024-03-06T14:09:32.420+0000] {dag.py:3834} INFO - Setting next_dagrun for example_python_operator to None, run_after=None
[2024-03-06T14:09:32.445+0000] {processor.py:183} INFO - Processing /home/airflow/.local/lib/python3.11/site-packages/airflow/example_dags/example_python_operator.py took 0.084 seconds
[2024-03-06T14:10:03.162+0000] {processor.py:161} INFO - Started process (PID=12562) to work on /home/airflow/.local/lib/python3.11/site-packages/airflow/example_dags/example_python_operator.py
[2024-03-06T14:10:03.165+0000] {processor.py:830} INFO - Processing file /home/airflow/.local/lib/python3.11/site-packages/airflow/example_dags/example_python_operator.py for tasks to queue
[2024-03-06T14:10:03.167+0000] {logging_mixin.py:188} INFO - [2024-03-06T14:10:03.166+0000] {dagbag.py:540} INFO - Filling up the DagBag from /home/airflow/.local/lib/python3.11/site-packages/airflow/example_dags/example_python_operator.py
[2024-03-06T14:10:03.191+0000] {processor.py:840} INFO - DAG(s) 'example_python_operator' retrieved from /home/airflow/.local/lib/python3.11/site-packages/airflow/example_dags/example_python_operator.py
[2024-03-06T14:10:03.214+0000] {logging_mixin.py:188} INFO - [2024-03-06T14:10:03.213+0000] {dag.py:3047} INFO - Sync 1 DAGs
[2024-03-06T14:10:03.226+0000] {logging_mixin.py:188} INFO - [2024-03-06T14:10:03.226+0000] {dag.py:3834} INFO - Setting next_dagrun for example_python_operator to None, run_after=None
[2024-03-06T14:10:03.254+0000] {processor.py:183} INFO - Processing /home/airflow/.local/lib/python3.11/site-packages/airflow/example_dags/example_python_operator.py took 0.098 seconds
[2024-03-06T14:10:34.146+0000] {processor.py:161} INFO - Started process (PID=12809) to work on /home/airflow/.local/lib/python3.11/site-packages/airflow/example_dags/example_python_operator.py
[2024-03-06T14:10:34.147+0000] {processor.py:830} INFO - Processing file /home/airflow/.local/lib/python3.11/site-packages/airflow/example_dags/example_python_operator.py for tasks to queue
[2024-03-06T14:10:34.148+0000] {logging_mixin.py:188} INFO - [2024-03-06T14:10:34.148+0000] {dagbag.py:540} INFO - Filling up the DagBag from /home/airflow/.local/lib/python3.11/site-packages/airflow/example_dags/example_python_operator.py
[2024-03-06T14:10:34.163+0000] {processor.py:840} INFO - DAG(s) 'example_python_operator' retrieved from /home/airflow/.local/lib/python3.11/site-packages/airflow/example_dags/example_python_operator.py
[2024-03-06T14:10:34.187+0000] {logging_mixin.py:188} INFO - [2024-03-06T14:10:34.187+0000] {dag.py:3047} INFO - Sync 1 DAGs
[2024-03-06T14:10:34.202+0000] {logging_mixin.py:188} INFO - [2024-03-06T14:10:34.202+0000] {dag.py:3834} INFO - Setting next_dagrun for example_python_operator to None, run_after=None
[2024-03-06T14:10:34.228+0000] {processor.py:183} INFO - Processing /home/airflow/.local/lib/python3.11/site-packages/airflow/example_dags/example_python_operator.py took 0.085 seconds
[2024-03-06T14:11:04.312+0000] {processor.py:161} INFO - Started process (PID=13056) to work on /home/airflow/.local/lib/python3.11/site-packages/airflow/example_dags/example_python_operator.py
[2024-03-06T14:11:04.314+0000] {processor.py:830} INFO - Processing file /home/airflow/.local/lib/python3.11/site-packages/airflow/example_dags/example_python_operator.py for tasks to queue
[2024-03-06T14:11:04.316+0000] {logging_mixin.py:188} INFO - [2024-03-06T14:11:04.316+0000] {dagbag.py:540} INFO - Filling up the DagBag from /home/airflow/.local/lib/python3.11/site-packages/airflow/example_dags/example_python_operator.py
[2024-03-06T14:11:04.332+0000] {processor.py:840} INFO - DAG(s) 'example_python_operator' retrieved from /home/airflow/.local/lib/python3.11/site-packages/airflow/example_dags/example_python_operator.py
[2024-03-06T14:11:04.362+0000] {logging_mixin.py:188} INFO - [2024-03-06T14:11:04.361+0000] {dag.py:3047} INFO - Sync 1 DAGs
[2024-03-06T14:11:04.379+0000] {logging_mixin.py:188} INFO - [2024-03-06T14:11:04.379+0000] {dag.py:3834} INFO - Setting next_dagrun for example_python_operator to None, run_after=None
[2024-03-06T14:11:04.411+0000] {processor.py:183} INFO - Processing /home/airflow/.local/lib/python3.11/site-packages/airflow/example_dags/example_python_operator.py took 0.103 seconds
[2024-03-06T14:11:34.929+0000] {processor.py:161} INFO - Started process (PID=13303) to work on /home/airflow/.local/lib/python3.11/site-packages/airflow/example_dags/example_python_operator.py
[2024-03-06T14:11:34.930+0000] {processor.py:830} INFO - Processing file /home/airflow/.local/lib/python3.11/site-packages/airflow/example_dags/example_python_operator.py for tasks to queue
[2024-03-06T14:11:34.932+0000] {logging_mixin.py:188} INFO - [2024-03-06T14:11:34.932+0000] {dagbag.py:540} INFO - Filling up the DagBag from /home/airflow/.local/lib/python3.11/site-packages/airflow/example_dags/example_python_operator.py
[2024-03-06T14:11:34.945+0000] {processor.py:840} INFO - DAG(s) 'example_python_operator' retrieved from /home/airflow/.local/lib/python3.11/site-packages/airflow/example_dags/example_python_operator.py
[2024-03-06T14:11:34.974+0000] {logging_mixin.py:188} INFO - [2024-03-06T14:11:34.974+0000] {dag.py:3047} INFO - Sync 1 DAGs
[2024-03-06T14:11:34.990+0000] {logging_mixin.py:188} INFO - [2024-03-06T14:11:34.990+0000] {dag.py:3834} INFO - Setting next_dagrun for example_python_operator to None, run_after=None
[2024-03-06T14:11:35.016+0000] {processor.py:183} INFO - Processing /home/airflow/.local/lib/python3.11/site-packages/airflow/example_dags/example_python_operator.py took 0.092 seconds
[2024-03-06T14:12:05.811+0000] {processor.py:161} INFO - Started process (PID=13550) to work on /home/airflow/.local/lib/python3.11/site-packages/airflow/example_dags/example_python_operator.py
[2024-03-06T14:12:05.812+0000] {processor.py:830} INFO - Processing file /home/airflow/.local/lib/python3.11/site-packages/airflow/example_dags/example_python_operator.py for tasks to queue
[2024-03-06T14:12:05.813+0000] {logging_mixin.py:188} INFO - [2024-03-06T14:12:05.813+0000] {dagbag.py:540} INFO - Filling up the DagBag from /home/airflow/.local/lib/python3.11/site-packages/airflow/example_dags/example_python_operator.py
[2024-03-06T14:12:05.826+0000] {processor.py:840} INFO - DAG(s) 'example_python_operator' retrieved from /home/airflow/.local/lib/python3.11/site-packages/airflow/example_dags/example_python_operator.py
[2024-03-06T14:12:05.847+0000] {logging_mixin.py:188} INFO - [2024-03-06T14:12:05.847+0000] {dag.py:3047} INFO - Sync 1 DAGs
[2024-03-06T14:12:05.858+0000] {logging_mixin.py:188} INFO - [2024-03-06T14:12:05.858+0000] {dag.py:3834} INFO - Setting next_dagrun for example_python_operator to None, run_after=None
[2024-03-06T14:12:05.876+0000] {processor.py:183} INFO - Processing /home/airflow/.local/lib/python3.11/site-packages/airflow/example_dags/example_python_operator.py took 0.067 seconds
[2024-03-06T14:12:36.218+0000] {processor.py:161} INFO - Started process (PID=13797) to work on /home/airflow/.local/lib/python3.11/site-packages/airflow/example_dags/example_python_operator.py
[2024-03-06T14:12:36.219+0000] {processor.py:830} INFO - Processing file /home/airflow/.local/lib/python3.11/site-packages/airflow/example_dags/example_python_operator.py for tasks to queue
[2024-03-06T14:12:36.222+0000] {logging_mixin.py:188} INFO - [2024-03-06T14:12:36.221+0000] {dagbag.py:540} INFO - Filling up the DagBag from /home/airflow/.local/lib/python3.11/site-packages/airflow/example_dags/example_python_operator.py
[2024-03-06T14:12:36.234+0000] {processor.py:840} INFO - DAG(s) 'example_python_operator' retrieved from /home/airflow/.local/lib/python3.11/site-packages/airflow/example_dags/example_python_operator.py
[2024-03-06T14:12:36.254+0000] {logging_mixin.py:188} INFO - [2024-03-06T14:12:36.253+0000] {dag.py:3047} INFO - Sync 1 DAGs
[2024-03-06T14:12:36.265+0000] {logging_mixin.py:188} INFO - [2024-03-06T14:12:36.264+0000] {dag.py:3834} INFO - Setting next_dagrun for example_python_operator to None, run_after=None
[2024-03-06T14:12:36.288+0000] {processor.py:183} INFO - Processing /home/airflow/.local/lib/python3.11/site-packages/airflow/example_dags/example_python_operator.py took 0.072 seconds
[2024-03-06T14:13:07.054+0000] {processor.py:161} INFO - Started process (PID=14044) to work on /home/airflow/.local/lib/python3.11/site-packages/airflow/example_dags/example_python_operator.py
[2024-03-06T14:13:07.055+0000] {processor.py:830} INFO - Processing file /home/airflow/.local/lib/python3.11/site-packages/airflow/example_dags/example_python_operator.py for tasks to queue
[2024-03-06T14:13:07.056+0000] {logging_mixin.py:188} INFO - [2024-03-06T14:13:07.056+0000] {dagbag.py:540} INFO - Filling up the DagBag from /home/airflow/.local/lib/python3.11/site-packages/airflow/example_dags/example_python_operator.py
[2024-03-06T14:13:07.068+0000] {processor.py:840} INFO - DAG(s) 'example_python_operator' retrieved from /home/airflow/.local/lib/python3.11/site-packages/airflow/example_dags/example_python_operator.py
[2024-03-06T14:13:07.086+0000] {logging_mixin.py:188} INFO - [2024-03-06T14:13:07.086+0000] {dag.py:3047} INFO - Sync 1 DAGs
[2024-03-06T14:13:07.099+0000] {logging_mixin.py:188} INFO - [2024-03-06T14:13:07.098+0000] {dag.py:3834} INFO - Setting next_dagrun for example_python_operator to None, run_after=None
[2024-03-06T14:13:07.123+0000] {processor.py:183} INFO - Processing /home/airflow/.local/lib/python3.11/site-packages/airflow/example_dags/example_python_operator.py took 0.072 seconds
[2024-03-06T14:13:37.710+0000] {processor.py:161} INFO - Started process (PID=14291) to work on /home/airflow/.local/lib/python3.11/site-packages/airflow/example_dags/example_python_operator.py
[2024-03-06T14:13:37.711+0000] {processor.py:830} INFO - Processing file /home/airflow/.local/lib/python3.11/site-packages/airflow/example_dags/example_python_operator.py for tasks to queue
[2024-03-06T14:13:37.712+0000] {logging_mixin.py:188} INFO - [2024-03-06T14:13:37.711+0000] {dagbag.py:540} INFO - Filling up the DagBag from /home/airflow/.local/lib/python3.11/site-packages/airflow/example_dags/example_python_operator.py
[2024-03-06T14:13:37.723+0000] {processor.py:840} INFO - DAG(s) 'example_python_operator' retrieved from /home/airflow/.local/lib/python3.11/site-packages/airflow/example_dags/example_python_operator.py
[2024-03-06T14:13:37.744+0000] {logging_mixin.py:188} INFO - [2024-03-06T14:13:37.744+0000] {dag.py:3047} INFO - Sync 1 DAGs
[2024-03-06T14:13:37.755+0000] {logging_mixin.py:188} INFO - [2024-03-06T14:13:37.754+0000] {dag.py:3834} INFO - Setting next_dagrun for example_python_operator to None, run_after=None
[2024-03-06T14:13:37.776+0000] {processor.py:183} INFO - Processing /home/airflow/.local/lib/python3.11/site-packages/airflow/example_dags/example_python_operator.py took 0.068 seconds
[2024-03-06T14:14:08.528+0000] {processor.py:161} INFO - Started process (PID=14538) to work on /home/airflow/.local/lib/python3.11/site-packages/airflow/example_dags/example_python_operator.py
[2024-03-06T14:14:08.529+0000] {processor.py:830} INFO - Processing file /home/airflow/.local/lib/python3.11/site-packages/airflow/example_dags/example_python_operator.py for tasks to queue
[2024-03-06T14:14:08.532+0000] {logging_mixin.py:188} INFO - [2024-03-06T14:14:08.531+0000] {dagbag.py:540} INFO - Filling up the DagBag from /home/airflow/.local/lib/python3.11/site-packages/airflow/example_dags/example_python_operator.py
[2024-03-06T14:14:08.546+0000] {processor.py:840} INFO - DAG(s) 'example_python_operator' retrieved from /home/airflow/.local/lib/python3.11/site-packages/airflow/example_dags/example_python_operator.py
[2024-03-06T14:14:08.591+0000] {logging_mixin.py:188} INFO - [2024-03-06T14:14:08.591+0000] {dag.py:3047} INFO - Sync 1 DAGs
[2024-03-06T14:14:08.621+0000] {logging_mixin.py:188} INFO - [2024-03-06T14:14:08.611+0000] {dag.py:3834} INFO - Setting next_dagrun for example_python_operator to None, run_after=None
[2024-03-06T14:14:08.648+0000] {processor.py:183} INFO - Processing /home/airflow/.local/lib/python3.11/site-packages/airflow/example_dags/example_python_operator.py took 0.124 seconds
[2024-03-06T14:14:38.693+0000] {processor.py:161} INFO - Started process (PID=14782) to work on /home/airflow/.local/lib/python3.11/site-packages/airflow/example_dags/example_python_operator.py
[2024-03-06T14:14:38.695+0000] {processor.py:830} INFO - Processing file /home/airflow/.local/lib/python3.11/site-packages/airflow/example_dags/example_python_operator.py for tasks to queue
[2024-03-06T14:14:38.701+0000] {logging_mixin.py:188} INFO - [2024-03-06T14:14:38.700+0000] {dagbag.py:540} INFO - Filling up the DagBag from /home/airflow/.local/lib/python3.11/site-packages/airflow/example_dags/example_python_operator.py
[2024-03-06T14:14:38.718+0000] {processor.py:840} INFO - DAG(s) 'example_python_operator' retrieved from /home/airflow/.local/lib/python3.11/site-packages/airflow/example_dags/example_python_operator.py
[2024-03-06T14:14:38.747+0000] {logging_mixin.py:188} INFO - [2024-03-06T14:14:38.747+0000] {dag.py:3047} INFO - Sync 1 DAGs
[2024-03-06T14:14:38.766+0000] {logging_mixin.py:188} INFO - [2024-03-06T14:14:38.765+0000] {dag.py:3834} INFO - Setting next_dagrun for example_python_operator to None, run_after=None
[2024-03-06T14:14:38.792+0000] {processor.py:183} INFO - Processing /home/airflow/.local/lib/python3.11/site-packages/airflow/example_dags/example_python_operator.py took 0.103 seconds
[2024-03-06T14:15:08.834+0000] {processor.py:161} INFO - Started process (PID=15029) to work on /home/airflow/.local/lib/python3.11/site-packages/airflow/example_dags/example_python_operator.py
[2024-03-06T14:15:08.836+0000] {processor.py:830} INFO - Processing file /home/airflow/.local/lib/python3.11/site-packages/airflow/example_dags/example_python_operator.py for tasks to queue
[2024-03-06T14:15:08.837+0000] {logging_mixin.py:188} INFO - [2024-03-06T14:15:08.836+0000] {dagbag.py:540} INFO - Filling up the DagBag from /home/airflow/.local/lib/python3.11/site-packages/airflow/example_dags/example_python_operator.py
[2024-03-06T14:15:08.846+0000] {processor.py:840} INFO - DAG(s) 'example_python_operator' retrieved from /home/airflow/.local/lib/python3.11/site-packages/airflow/example_dags/example_python_operator.py
[2024-03-06T14:15:08.874+0000] {logging_mixin.py:188} INFO - [2024-03-06T14:15:08.873+0000] {dag.py:3047} INFO - Sync 1 DAGs
[2024-03-06T14:15:08.889+0000] {logging_mixin.py:188} INFO - [2024-03-06T14:15:08.889+0000] {dag.py:3834} INFO - Setting next_dagrun for example_python_operator to None, run_after=None
[2024-03-06T14:15:08.947+0000] {processor.py:183} INFO - Processing /home/airflow/.local/lib/python3.11/site-packages/airflow/example_dags/example_python_operator.py took 0.117 seconds
[2024-03-06T14:15:39.018+0000] {processor.py:161} INFO - Started process (PID=15276) to work on /home/airflow/.local/lib/python3.11/site-packages/airflow/example_dags/example_python_operator.py
[2024-03-06T14:15:39.024+0000] {processor.py:830} INFO - Processing file /home/airflow/.local/lib/python3.11/site-packages/airflow/example_dags/example_python_operator.py for tasks to queue
[2024-03-06T14:15:39.025+0000] {logging_mixin.py:188} INFO - [2024-03-06T14:15:39.025+0000] {dagbag.py:540} INFO - Filling up the DagBag from /home/airflow/.local/lib/python3.11/site-packages/airflow/example_dags/example_python_operator.py
[2024-03-06T14:15:39.035+0000] {processor.py:840} INFO - DAG(s) 'example_python_operator' retrieved from /home/airflow/.local/lib/python3.11/site-packages/airflow/example_dags/example_python_operator.py
[2024-03-06T14:15:39.053+0000] {logging_mixin.py:188} INFO - [2024-03-06T14:15:39.053+0000] {dag.py:3047} INFO - Sync 1 DAGs
[2024-03-06T14:15:39.063+0000] {logging_mixin.py:188} INFO - [2024-03-06T14:15:39.063+0000] {dag.py:3834} INFO - Setting next_dagrun for example_python_operator to None, run_after=None
[2024-03-06T14:15:39.076+0000] {processor.py:183} INFO - Processing /home/airflow/.local/lib/python3.11/site-packages/airflow/example_dags/example_python_operator.py took 0.061 seconds
[2024-03-06T14:16:09.281+0000] {processor.py:161} INFO - Started process (PID=15523) to work on /home/airflow/.local/lib/python3.11/site-packages/airflow/example_dags/example_python_operator.py
[2024-03-06T14:16:09.282+0000] {processor.py:830} INFO - Processing file /home/airflow/.local/lib/python3.11/site-packages/airflow/example_dags/example_python_operator.py for tasks to queue
[2024-03-06T14:16:09.283+0000] {logging_mixin.py:188} INFO - [2024-03-06T14:16:09.283+0000] {dagbag.py:540} INFO - Filling up the DagBag from /home/airflow/.local/lib/python3.11/site-packages/airflow/example_dags/example_python_operator.py
[2024-03-06T14:16:09.293+0000] {processor.py:840} INFO - DAG(s) 'example_python_operator' retrieved from /home/airflow/.local/lib/python3.11/site-packages/airflow/example_dags/example_python_operator.py
[2024-03-06T14:16:09.315+0000] {logging_mixin.py:188} INFO - [2024-03-06T14:16:09.314+0000] {dag.py:3047} INFO - Sync 1 DAGs
[2024-03-06T14:16:09.329+0000] {logging_mixin.py:188} INFO - [2024-03-06T14:16:09.329+0000] {dag.py:3834} INFO - Setting next_dagrun for example_python_operator to None, run_after=None
[2024-03-06T14:16:09.353+0000] {processor.py:183} INFO - Processing /home/airflow/.local/lib/python3.11/site-packages/airflow/example_dags/example_python_operator.py took 0.075 seconds
[2024-03-06T14:16:39.993+0000] {processor.py:161} INFO - Started process (PID=15770) to work on /home/airflow/.local/lib/python3.11/site-packages/airflow/example_dags/example_python_operator.py
[2024-03-06T14:16:39.994+0000] {processor.py:830} INFO - Processing file /home/airflow/.local/lib/python3.11/site-packages/airflow/example_dags/example_python_operator.py for tasks to queue
[2024-03-06T14:16:39.995+0000] {logging_mixin.py:188} INFO - [2024-03-06T14:16:39.995+0000] {dagbag.py:540} INFO - Filling up the DagBag from /home/airflow/.local/lib/python3.11/site-packages/airflow/example_dags/example_python_operator.py
[2024-03-06T14:16:40.005+0000] {processor.py:840} INFO - DAG(s) 'example_python_operator' retrieved from /home/airflow/.local/lib/python3.11/site-packages/airflow/example_dags/example_python_operator.py
[2024-03-06T14:16:40.021+0000] {logging_mixin.py:188} INFO - [2024-03-06T14:16:40.021+0000] {dag.py:3047} INFO - Sync 1 DAGs
[2024-03-06T14:16:40.031+0000] {logging_mixin.py:188} INFO - [2024-03-06T14:16:40.030+0000] {dag.py:3834} INFO - Setting next_dagrun for example_python_operator to None, run_after=None
[2024-03-06T14:16:40.050+0000] {processor.py:183} INFO - Processing /home/airflow/.local/lib/python3.11/site-packages/airflow/example_dags/example_python_operator.py took 0.060 seconds
[2024-03-06T14:17:10.779+0000] {processor.py:161} INFO - Started process (PID=16015) to work on /home/airflow/.local/lib/python3.11/site-packages/airflow/example_dags/example_python_operator.py
[2024-03-06T14:17:10.788+0000] {processor.py:830} INFO - Processing file /home/airflow/.local/lib/python3.11/site-packages/airflow/example_dags/example_python_operator.py for tasks to queue
[2024-03-06T14:17:10.792+0000] {logging_mixin.py:188} INFO - [2024-03-06T14:17:10.792+0000] {dagbag.py:540} INFO - Filling up the DagBag from /home/airflow/.local/lib/python3.11/site-packages/airflow/example_dags/example_python_operator.py
[2024-03-06T14:17:10.810+0000] {processor.py:840} INFO - DAG(s) 'example_python_operator' retrieved from /home/airflow/.local/lib/python3.11/site-packages/airflow/example_dags/example_python_operator.py
[2024-03-06T14:17:10.850+0000] {logging_mixin.py:188} INFO - [2024-03-06T14:17:10.850+0000] {dag.py:3047} INFO - Sync 1 DAGs
[2024-03-06T14:17:10.865+0000] {logging_mixin.py:188} INFO - [2024-03-06T14:17:10.865+0000] {dag.py:3834} INFO - Setting next_dagrun for example_python_operator to None, run_after=None
[2024-03-06T14:17:10.892+0000] {processor.py:183} INFO - Processing /home/airflow/.local/lib/python3.11/site-packages/airflow/example_dags/example_python_operator.py took 0.118 seconds
[2024-03-06T14:17:41.841+0000] {processor.py:161} INFO - Started process (PID=16262) to work on /home/airflow/.local/lib/python3.11/site-packages/airflow/example_dags/example_python_operator.py
[2024-03-06T14:17:41.844+0000] {processor.py:830} INFO - Processing file /home/airflow/.local/lib/python3.11/site-packages/airflow/example_dags/example_python_operator.py for tasks to queue
[2024-03-06T14:17:41.846+0000] {logging_mixin.py:188} INFO - [2024-03-06T14:17:41.846+0000] {dagbag.py:540} INFO - Filling up the DagBag from /home/airflow/.local/lib/python3.11/site-packages/airflow/example_dags/example_python_operator.py
[2024-03-06T14:17:41.869+0000] {processor.py:840} INFO - DAG(s) 'example_python_operator' retrieved from /home/airflow/.local/lib/python3.11/site-packages/airflow/example_dags/example_python_operator.py
[2024-03-06T14:17:41.920+0000] {logging_mixin.py:188} INFO - [2024-03-06T14:17:41.920+0000] {dag.py:3047} INFO - Sync 1 DAGs
[2024-03-06T14:17:41.941+0000] {logging_mixin.py:188} INFO - [2024-03-06T14:17:41.941+0000] {dag.py:3834} INFO - Setting next_dagrun for example_python_operator to None, run_after=None
[2024-03-06T14:17:41.967+0000] {processor.py:183} INFO - Processing /home/airflow/.local/lib/python3.11/site-packages/airflow/example_dags/example_python_operator.py took 0.130 seconds
[2024-03-06T14:18:12.528+0000] {processor.py:161} INFO - Started process (PID=16509) to work on /home/airflow/.local/lib/python3.11/site-packages/airflow/example_dags/example_python_operator.py
[2024-03-06T14:18:12.530+0000] {processor.py:830} INFO - Processing file /home/airflow/.local/lib/python3.11/site-packages/airflow/example_dags/example_python_operator.py for tasks to queue
[2024-03-06T14:18:12.541+0000] {logging_mixin.py:188} INFO - [2024-03-06T14:18:12.540+0000] {dagbag.py:540} INFO - Filling up the DagBag from /home/airflow/.local/lib/python3.11/site-packages/airflow/example_dags/example_python_operator.py
[2024-03-06T14:18:12.563+0000] {processor.py:840} INFO - DAG(s) 'example_python_operator' retrieved from /home/airflow/.local/lib/python3.11/site-packages/airflow/example_dags/example_python_operator.py
[2024-03-06T14:18:12.637+0000] {logging_mixin.py:188} INFO - [2024-03-06T14:18:12.636+0000] {dag.py:3047} INFO - Sync 1 DAGs
[2024-03-06T14:18:12.664+0000] {logging_mixin.py:188} INFO - [2024-03-06T14:18:12.663+0000] {dag.py:3834} INFO - Setting next_dagrun for example_python_operator to None, run_after=None
[2024-03-06T14:18:12.708+0000] {processor.py:183} INFO - Processing /home/airflow/.local/lib/python3.11/site-packages/airflow/example_dags/example_python_operator.py took 0.186 seconds
[2024-03-06T14:18:43.495+0000] {processor.py:161} INFO - Started process (PID=16757) to work on /home/airflow/.local/lib/python3.11/site-packages/airflow/example_dags/example_python_operator.py
[2024-03-06T14:18:43.502+0000] {processor.py:830} INFO - Processing file /home/airflow/.local/lib/python3.11/site-packages/airflow/example_dags/example_python_operator.py for tasks to queue
[2024-03-06T14:18:43.504+0000] {logging_mixin.py:188} INFO - [2024-03-06T14:18:43.503+0000] {dagbag.py:540} INFO - Filling up the DagBag from /home/airflow/.local/lib/python3.11/site-packages/airflow/example_dags/example_python_operator.py
[2024-03-06T14:18:43.533+0000] {processor.py:840} INFO - DAG(s) 'example_python_operator' retrieved from /home/airflow/.local/lib/python3.11/site-packages/airflow/example_dags/example_python_operator.py
[2024-03-06T14:18:43.579+0000] {logging_mixin.py:188} INFO - [2024-03-06T14:18:43.578+0000] {dag.py:3047} INFO - Sync 1 DAGs
[2024-03-06T14:18:43.601+0000] {logging_mixin.py:188} INFO - [2024-03-06T14:18:43.601+0000] {dag.py:3834} INFO - Setting next_dagrun for example_python_operator to None, run_after=None
[2024-03-06T14:18:43.657+0000] {processor.py:183} INFO - Processing /home/airflow/.local/lib/python3.11/site-packages/airflow/example_dags/example_python_operator.py took 0.171 seconds
[2024-03-06T14:19:13.944+0000] {processor.py:161} INFO - Started process (PID=17002) to work on /home/airflow/.local/lib/python3.11/site-packages/airflow/example_dags/example_python_operator.py
[2024-03-06T14:19:13.946+0000] {processor.py:830} INFO - Processing file /home/airflow/.local/lib/python3.11/site-packages/airflow/example_dags/example_python_operator.py for tasks to queue
[2024-03-06T14:19:13.949+0000] {logging_mixin.py:188} INFO - [2024-03-06T14:19:13.948+0000] {dagbag.py:540} INFO - Filling up the DagBag from /home/airflow/.local/lib/python3.11/site-packages/airflow/example_dags/example_python_operator.py
[2024-03-06T14:19:13.971+0000] {processor.py:840} INFO - DAG(s) 'example_python_operator' retrieved from /home/airflow/.local/lib/python3.11/site-packages/airflow/example_dags/example_python_operator.py
[2024-03-06T14:19:13.998+0000] {logging_mixin.py:188} INFO - [2024-03-06T14:19:13.998+0000] {dag.py:3047} INFO - Sync 1 DAGs
[2024-03-06T14:19:14.013+0000] {logging_mixin.py:188} INFO - [2024-03-06T14:19:14.012+0000] {dag.py:3834} INFO - Setting next_dagrun for example_python_operator to None, run_after=None
[2024-03-06T14:19:14.055+0000] {processor.py:183} INFO - Processing /home/airflow/.local/lib/python3.11/site-packages/airflow/example_dags/example_python_operator.py took 0.120 seconds
