[2024-03-06T13:44:36.720+0000] {processor.py:161} INFO - Started process (PID=244) to work on /home/airflow/.local/lib/python3.11/site-packages/airflow/example_dags/example_branch_operator_decorator.py
[2024-03-06T13:44:36.722+0000] {processor.py:830} INFO - Processing file /home/airflow/.local/lib/python3.11/site-packages/airflow/example_dags/example_branch_operator_decorator.py for tasks to queue
[2024-03-06T13:44:36.724+0000] {logging_mixin.py:188} INFO - [2024-03-06T13:44:36.723+0000] {dagbag.py:540} INFO - Filling up the DagBag from /home/airflow/.local/lib/python3.11/site-packages/airflow/example_dags/example_branch_operator_decorator.py
[2024-03-06T13:44:36.758+0000] {processor.py:840} INFO - DAG(s) 'example_branch_python_operator_decorator' retrieved from /home/airflow/.local/lib/python3.11/site-packages/airflow/example_dags/example_branch_operator_decorator.py
[2024-03-06T13:44:37.108+0000] {logging_mixin.py:188} INFO - [2024-03-06T13:44:37.107+0000] {dag.py:3047} INFO - Sync 1 DAGs
[2024-03-06T13:44:37.139+0000] {logging_mixin.py:188} INFO - [2024-03-06T13:44:37.138+0000] {dag.py:3834} INFO - Setting next_dagrun for example_branch_python_operator_decorator to 2024-03-05 00:00:00+00:00, run_after=2024-03-06 00:00:00+00:00
[2024-03-06T13:44:37.190+0000] {processor.py:183} INFO - Processing /home/airflow/.local/lib/python3.11/site-packages/airflow/example_dags/example_branch_operator_decorator.py took 0.474 seconds
[2024-03-06T13:45:07.424+0000] {processor.py:161} INFO - Started process (PID=495) to work on /home/airflow/.local/lib/python3.11/site-packages/airflow/example_dags/example_branch_operator_decorator.py
[2024-03-06T13:45:07.427+0000] {processor.py:830} INFO - Processing file /home/airflow/.local/lib/python3.11/site-packages/airflow/example_dags/example_branch_operator_decorator.py for tasks to queue
[2024-03-06T13:45:07.429+0000] {logging_mixin.py:188} INFO - [2024-03-06T13:45:07.428+0000] {dagbag.py:540} INFO - Filling up the DagBag from /home/airflow/.local/lib/python3.11/site-packages/airflow/example_dags/example_branch_operator_decorator.py
[2024-03-06T13:45:07.489+0000] {processor.py:840} INFO - DAG(s) 'example_branch_python_operator_decorator' retrieved from /home/airflow/.local/lib/python3.11/site-packages/airflow/example_dags/example_branch_operator_decorator.py
[2024-03-06T13:45:07.569+0000] {logging_mixin.py:188} INFO - [2024-03-06T13:45:07.569+0000] {dag.py:3047} INFO - Sync 1 DAGs
[2024-03-06T13:45:07.620+0000] {logging_mixin.py:188} INFO - [2024-03-06T13:45:07.619+0000] {dag.py:3834} INFO - Setting next_dagrun for example_branch_python_operator_decorator to 2024-03-05 00:00:00+00:00, run_after=2024-03-06 00:00:00+00:00
[2024-03-06T13:45:07.641+0000] {processor.py:183} INFO - Processing /home/airflow/.local/lib/python3.11/site-packages/airflow/example_dags/example_branch_operator_decorator.py took 0.221 seconds
[2024-03-06T13:45:37.770+0000] {processor.py:161} INFO - Started process (PID=736) to work on /home/airflow/.local/lib/python3.11/site-packages/airflow/example_dags/example_branch_operator_decorator.py
[2024-03-06T13:45:37.771+0000] {processor.py:830} INFO - Processing file /home/airflow/.local/lib/python3.11/site-packages/airflow/example_dags/example_branch_operator_decorator.py for tasks to queue
[2024-03-06T13:45:37.773+0000] {logging_mixin.py:188} INFO - [2024-03-06T13:45:37.772+0000] {dagbag.py:540} INFO - Filling up the DagBag from /home/airflow/.local/lib/python3.11/site-packages/airflow/example_dags/example_branch_operator_decorator.py
[2024-03-06T13:45:37.795+0000] {processor.py:840} INFO - DAG(s) 'example_branch_python_operator_decorator' retrieved from /home/airflow/.local/lib/python3.11/site-packages/airflow/example_dags/example_branch_operator_decorator.py
[2024-03-06T13:45:37.830+0000] {logging_mixin.py:188} INFO - [2024-03-06T13:45:37.829+0000] {dag.py:3047} INFO - Sync 1 DAGs
[2024-03-06T13:45:37.858+0000] {logging_mixin.py:188} INFO - [2024-03-06T13:45:37.858+0000] {dag.py:3834} INFO - Setting next_dagrun for example_branch_python_operator_decorator to 2024-03-05 00:00:00+00:00, run_after=2024-03-06 00:00:00+00:00
[2024-03-06T13:45:37.879+0000] {processor.py:183} INFO - Processing /home/airflow/.local/lib/python3.11/site-packages/airflow/example_dags/example_branch_operator_decorator.py took 0.113 seconds
[2024-03-06T13:46:07.979+0000] {processor.py:161} INFO - Started process (PID=983) to work on /home/airflow/.local/lib/python3.11/site-packages/airflow/example_dags/example_branch_operator_decorator.py
[2024-03-06T13:46:07.981+0000] {processor.py:830} INFO - Processing file /home/airflow/.local/lib/python3.11/site-packages/airflow/example_dags/example_branch_operator_decorator.py for tasks to queue
[2024-03-06T13:46:07.982+0000] {logging_mixin.py:188} INFO - [2024-03-06T13:46:07.982+0000] {dagbag.py:540} INFO - Filling up the DagBag from /home/airflow/.local/lib/python3.11/site-packages/airflow/example_dags/example_branch_operator_decorator.py
[2024-03-06T13:46:08.003+0000] {processor.py:840} INFO - DAG(s) 'example_branch_python_operator_decorator' retrieved from /home/airflow/.local/lib/python3.11/site-packages/airflow/example_dags/example_branch_operator_decorator.py
[2024-03-06T13:46:08.032+0000] {logging_mixin.py:188} INFO - [2024-03-06T13:46:08.032+0000] {dag.py:3047} INFO - Sync 1 DAGs
[2024-03-06T13:46:08.056+0000] {logging_mixin.py:188} INFO - [2024-03-06T13:46:08.055+0000] {dag.py:3834} INFO - Setting next_dagrun for example_branch_python_operator_decorator to 2024-03-05 00:00:00+00:00, run_after=2024-03-06 00:00:00+00:00
[2024-03-06T13:46:08.085+0000] {processor.py:183} INFO - Processing /home/airflow/.local/lib/python3.11/site-packages/airflow/example_dags/example_branch_operator_decorator.py took 0.109 seconds
[2024-03-06T13:46:39.003+0000] {processor.py:161} INFO - Started process (PID=1230) to work on /home/airflow/.local/lib/python3.11/site-packages/airflow/example_dags/example_branch_operator_decorator.py
[2024-03-06T13:46:39.004+0000] {processor.py:830} INFO - Processing file /home/airflow/.local/lib/python3.11/site-packages/airflow/example_dags/example_branch_operator_decorator.py for tasks to queue
[2024-03-06T13:46:39.006+0000] {logging_mixin.py:188} INFO - [2024-03-06T13:46:39.006+0000] {dagbag.py:540} INFO - Filling up the DagBag from /home/airflow/.local/lib/python3.11/site-packages/airflow/example_dags/example_branch_operator_decorator.py
[2024-03-06T13:46:39.041+0000] {processor.py:840} INFO - DAG(s) 'example_branch_python_operator_decorator' retrieved from /home/airflow/.local/lib/python3.11/site-packages/airflow/example_dags/example_branch_operator_decorator.py
[2024-03-06T13:46:39.079+0000] {logging_mixin.py:188} INFO - [2024-03-06T13:46:39.078+0000] {dag.py:3047} INFO - Sync 1 DAGs
[2024-03-06T13:46:39.110+0000] {logging_mixin.py:188} INFO - [2024-03-06T13:46:39.109+0000] {dag.py:3834} INFO - Setting next_dagrun for example_branch_python_operator_decorator to 2024-03-05 00:00:00+00:00, run_after=2024-03-06 00:00:00+00:00
[2024-03-06T13:46:39.139+0000] {processor.py:183} INFO - Processing /home/airflow/.local/lib/python3.11/site-packages/airflow/example_dags/example_branch_operator_decorator.py took 0.141 seconds
[2024-03-06T13:47:10.130+0000] {processor.py:161} INFO - Started process (PID=1477) to work on /home/airflow/.local/lib/python3.11/site-packages/airflow/example_dags/example_branch_operator_decorator.py
[2024-03-06T13:47:10.132+0000] {processor.py:830} INFO - Processing file /home/airflow/.local/lib/python3.11/site-packages/airflow/example_dags/example_branch_operator_decorator.py for tasks to queue
[2024-03-06T13:47:10.134+0000] {logging_mixin.py:188} INFO - [2024-03-06T13:47:10.133+0000] {dagbag.py:540} INFO - Filling up the DagBag from /home/airflow/.local/lib/python3.11/site-packages/airflow/example_dags/example_branch_operator_decorator.py
[2024-03-06T13:47:10.169+0000] {processor.py:840} INFO - DAG(s) 'example_branch_python_operator_decorator' retrieved from /home/airflow/.local/lib/python3.11/site-packages/airflow/example_dags/example_branch_operator_decorator.py
[2024-03-06T13:47:10.209+0000] {logging_mixin.py:188} INFO - [2024-03-06T13:47:10.208+0000] {dag.py:3047} INFO - Sync 1 DAGs
[2024-03-06T13:47:10.242+0000] {logging_mixin.py:188} INFO - [2024-03-06T13:47:10.242+0000] {dag.py:3834} INFO - Setting next_dagrun for example_branch_python_operator_decorator to 2024-03-05 00:00:00+00:00, run_after=2024-03-06 00:00:00+00:00
[2024-03-06T13:47:10.274+0000] {processor.py:183} INFO - Processing /home/airflow/.local/lib/python3.11/site-packages/airflow/example_dags/example_branch_operator_decorator.py took 0.150 seconds
[2024-03-06T13:47:41.295+0000] {processor.py:161} INFO - Started process (PID=1724) to work on /home/airflow/.local/lib/python3.11/site-packages/airflow/example_dags/example_branch_operator_decorator.py
[2024-03-06T13:47:41.297+0000] {processor.py:830} INFO - Processing file /home/airflow/.local/lib/python3.11/site-packages/airflow/example_dags/example_branch_operator_decorator.py for tasks to queue
[2024-03-06T13:47:41.301+0000] {logging_mixin.py:188} INFO - [2024-03-06T13:47:41.300+0000] {dagbag.py:540} INFO - Filling up the DagBag from /home/airflow/.local/lib/python3.11/site-packages/airflow/example_dags/example_branch_operator_decorator.py
[2024-03-06T13:47:41.381+0000] {processor.py:840} INFO - DAG(s) 'example_branch_python_operator_decorator' retrieved from /home/airflow/.local/lib/python3.11/site-packages/airflow/example_dags/example_branch_operator_decorator.py
[2024-03-06T13:47:41.459+0000] {logging_mixin.py:188} INFO - [2024-03-06T13:47:41.458+0000] {dag.py:3047} INFO - Sync 1 DAGs
[2024-03-06T13:47:41.513+0000] {logging_mixin.py:188} INFO - [2024-03-06T13:47:41.513+0000] {dag.py:3834} INFO - Setting next_dagrun for example_branch_python_operator_decorator to 2024-03-05 00:00:00+00:00, run_after=2024-03-06 00:00:00+00:00
[2024-03-06T13:47:41.572+0000] {processor.py:183} INFO - Processing /home/airflow/.local/lib/python3.11/site-packages/airflow/example_dags/example_branch_operator_decorator.py took 0.284 seconds
[2024-03-06T13:48:12.478+0000] {processor.py:161} INFO - Started process (PID=1971) to work on /home/airflow/.local/lib/python3.11/site-packages/airflow/example_dags/example_branch_operator_decorator.py
[2024-03-06T13:48:12.481+0000] {processor.py:830} INFO - Processing file /home/airflow/.local/lib/python3.11/site-packages/airflow/example_dags/example_branch_operator_decorator.py for tasks to queue
[2024-03-06T13:48:12.485+0000] {logging_mixin.py:188} INFO - [2024-03-06T13:48:12.484+0000] {dagbag.py:540} INFO - Filling up the DagBag from /home/airflow/.local/lib/python3.11/site-packages/airflow/example_dags/example_branch_operator_decorator.py
[2024-03-06T13:48:12.523+0000] {processor.py:840} INFO - DAG(s) 'example_branch_python_operator_decorator' retrieved from /home/airflow/.local/lib/python3.11/site-packages/airflow/example_dags/example_branch_operator_decorator.py
[2024-03-06T13:48:12.553+0000] {logging_mixin.py:188} INFO - [2024-03-06T13:48:12.552+0000] {dag.py:3047} INFO - Sync 1 DAGs
[2024-03-06T13:48:12.578+0000] {logging_mixin.py:188} INFO - [2024-03-06T13:48:12.578+0000] {dag.py:3834} INFO - Setting next_dagrun for example_branch_python_operator_decorator to 2024-03-05 00:00:00+00:00, run_after=2024-03-06 00:00:00+00:00
[2024-03-06T13:48:12.609+0000] {processor.py:183} INFO - Processing /home/airflow/.local/lib/python3.11/site-packages/airflow/example_dags/example_branch_operator_decorator.py took 0.135 seconds
[2024-03-06T13:48:43.114+0000] {processor.py:161} INFO - Started process (PID=2217) to work on /home/airflow/.local/lib/python3.11/site-packages/airflow/example_dags/example_branch_operator_decorator.py
[2024-03-06T13:48:43.117+0000] {processor.py:830} INFO - Processing file /home/airflow/.local/lib/python3.11/site-packages/airflow/example_dags/example_branch_operator_decorator.py for tasks to queue
[2024-03-06T13:48:43.120+0000] {logging_mixin.py:188} INFO - [2024-03-06T13:48:43.120+0000] {dagbag.py:540} INFO - Filling up the DagBag from /home/airflow/.local/lib/python3.11/site-packages/airflow/example_dags/example_branch_operator_decorator.py
[2024-03-06T13:48:43.155+0000] {processor.py:840} INFO - DAG(s) 'example_branch_python_operator_decorator' retrieved from /home/airflow/.local/lib/python3.11/site-packages/airflow/example_dags/example_branch_operator_decorator.py
[2024-03-06T13:48:43.197+0000] {logging_mixin.py:188} INFO - [2024-03-06T13:48:43.196+0000] {dag.py:3047} INFO - Sync 1 DAGs
[2024-03-06T13:48:43.235+0000] {logging_mixin.py:188} INFO - [2024-03-06T13:48:43.235+0000] {dag.py:3834} INFO - Setting next_dagrun for example_branch_python_operator_decorator to 2024-03-05 00:00:00+00:00, run_after=2024-03-06 00:00:00+00:00
[2024-03-06T13:48:43.304+0000] {processor.py:183} INFO - Processing /home/airflow/.local/lib/python3.11/site-packages/airflow/example_dags/example_branch_operator_decorator.py took 0.195 seconds
[2024-03-06T13:49:14.180+0000] {processor.py:161} INFO - Started process (PID=2464) to work on /home/airflow/.local/lib/python3.11/site-packages/airflow/example_dags/example_branch_operator_decorator.py
[2024-03-06T13:49:14.182+0000] {processor.py:830} INFO - Processing file /home/airflow/.local/lib/python3.11/site-packages/airflow/example_dags/example_branch_operator_decorator.py for tasks to queue
[2024-03-06T13:49:14.184+0000] {logging_mixin.py:188} INFO - [2024-03-06T13:49:14.183+0000] {dagbag.py:540} INFO - Filling up the DagBag from /home/airflow/.local/lib/python3.11/site-packages/airflow/example_dags/example_branch_operator_decorator.py
[2024-03-06T13:49:14.204+0000] {processor.py:840} INFO - DAG(s) 'example_branch_python_operator_decorator' retrieved from /home/airflow/.local/lib/python3.11/site-packages/airflow/example_dags/example_branch_operator_decorator.py
[2024-03-06T13:49:14.235+0000] {logging_mixin.py:188} INFO - [2024-03-06T13:49:14.234+0000] {dag.py:3047} INFO - Sync 1 DAGs
[2024-03-06T13:49:14.264+0000] {logging_mixin.py:188} INFO - [2024-03-06T13:49:14.263+0000] {dag.py:3834} INFO - Setting next_dagrun for example_branch_python_operator_decorator to 2024-03-05 00:00:00+00:00, run_after=2024-03-06 00:00:00+00:00
[2024-03-06T13:49:14.284+0000] {processor.py:183} INFO - Processing /home/airflow/.local/lib/python3.11/site-packages/airflow/example_dags/example_branch_operator_decorator.py took 0.107 seconds
[2024-03-06T13:49:44.368+0000] {processor.py:161} INFO - Started process (PID=2711) to work on /home/airflow/.local/lib/python3.11/site-packages/airflow/example_dags/example_branch_operator_decorator.py
[2024-03-06T13:49:44.370+0000] {processor.py:830} INFO - Processing file /home/airflow/.local/lib/python3.11/site-packages/airflow/example_dags/example_branch_operator_decorator.py for tasks to queue
[2024-03-06T13:49:44.371+0000] {logging_mixin.py:188} INFO - [2024-03-06T13:49:44.370+0000] {dagbag.py:540} INFO - Filling up the DagBag from /home/airflow/.local/lib/python3.11/site-packages/airflow/example_dags/example_branch_operator_decorator.py
[2024-03-06T13:49:44.388+0000] {processor.py:840} INFO - DAG(s) 'example_branch_python_operator_decorator' retrieved from /home/airflow/.local/lib/python3.11/site-packages/airflow/example_dags/example_branch_operator_decorator.py
[2024-03-06T13:49:44.412+0000] {logging_mixin.py:188} INFO - [2024-03-06T13:49:44.411+0000] {dag.py:3047} INFO - Sync 1 DAGs
[2024-03-06T13:49:44.462+0000] {logging_mixin.py:188} INFO - [2024-03-06T13:49:44.461+0000] {dag.py:3834} INFO - Setting next_dagrun for example_branch_python_operator_decorator to 2024-03-05 00:00:00+00:00, run_after=2024-03-06 00:00:00+00:00
[2024-03-06T13:49:44.516+0000] {processor.py:183} INFO - Processing /home/airflow/.local/lib/python3.11/site-packages/airflow/example_dags/example_branch_operator_decorator.py took 0.151 seconds
[2024-03-06T13:50:15.258+0000] {processor.py:161} INFO - Started process (PID=2958) to work on /home/airflow/.local/lib/python3.11/site-packages/airflow/example_dags/example_branch_operator_decorator.py
[2024-03-06T13:50:15.260+0000] {processor.py:830} INFO - Processing file /home/airflow/.local/lib/python3.11/site-packages/airflow/example_dags/example_branch_operator_decorator.py for tasks to queue
[2024-03-06T13:50:15.261+0000] {logging_mixin.py:188} INFO - [2024-03-06T13:50:15.261+0000] {dagbag.py:540} INFO - Filling up the DagBag from /home/airflow/.local/lib/python3.11/site-packages/airflow/example_dags/example_branch_operator_decorator.py
[2024-03-06T13:50:15.280+0000] {processor.py:840} INFO - DAG(s) 'example_branch_python_operator_decorator' retrieved from /home/airflow/.local/lib/python3.11/site-packages/airflow/example_dags/example_branch_operator_decorator.py
[2024-03-06T13:50:15.305+0000] {logging_mixin.py:188} INFO - [2024-03-06T13:50:15.305+0000] {dag.py:3047} INFO - Sync 1 DAGs
[2024-03-06T13:50:15.333+0000] {logging_mixin.py:188} INFO - [2024-03-06T13:50:15.333+0000] {dag.py:3834} INFO - Setting next_dagrun for example_branch_python_operator_decorator to 2024-03-05 00:00:00+00:00, run_after=2024-03-06 00:00:00+00:00
[2024-03-06T13:50:15.362+0000] {processor.py:183} INFO - Processing /home/airflow/.local/lib/python3.11/site-packages/airflow/example_dags/example_branch_operator_decorator.py took 0.108 seconds
[2024-03-06T13:50:45.875+0000] {processor.py:161} INFO - Started process (PID=3205) to work on /home/airflow/.local/lib/python3.11/site-packages/airflow/example_dags/example_branch_operator_decorator.py
[2024-03-06T13:50:45.878+0000] {processor.py:830} INFO - Processing file /home/airflow/.local/lib/python3.11/site-packages/airflow/example_dags/example_branch_operator_decorator.py for tasks to queue
[2024-03-06T13:50:45.880+0000] {logging_mixin.py:188} INFO - [2024-03-06T13:50:45.879+0000] {dagbag.py:540} INFO - Filling up the DagBag from /home/airflow/.local/lib/python3.11/site-packages/airflow/example_dags/example_branch_operator_decorator.py
[2024-03-06T13:50:45.897+0000] {processor.py:840} INFO - DAG(s) 'example_branch_python_operator_decorator' retrieved from /home/airflow/.local/lib/python3.11/site-packages/airflow/example_dags/example_branch_operator_decorator.py
[2024-03-06T13:50:45.920+0000] {logging_mixin.py:188} INFO - [2024-03-06T13:50:45.920+0000] {dag.py:3047} INFO - Sync 1 DAGs
[2024-03-06T13:50:45.941+0000] {logging_mixin.py:188} INFO - [2024-03-06T13:50:45.941+0000] {dag.py:3834} INFO - Setting next_dagrun for example_branch_python_operator_decorator to 2024-03-05 00:00:00+00:00, run_after=2024-03-06 00:00:00+00:00
[2024-03-06T13:50:45.960+0000] {processor.py:183} INFO - Processing /home/airflow/.local/lib/python3.11/site-packages/airflow/example_dags/example_branch_operator_decorator.py took 0.087 seconds
[2024-03-06T13:51:16.310+0000] {processor.py:161} INFO - Started process (PID=3452) to work on /home/airflow/.local/lib/python3.11/site-packages/airflow/example_dags/example_branch_operator_decorator.py
[2024-03-06T13:51:16.311+0000] {processor.py:830} INFO - Processing file /home/airflow/.local/lib/python3.11/site-packages/airflow/example_dags/example_branch_operator_decorator.py for tasks to queue
[2024-03-06T13:51:16.312+0000] {logging_mixin.py:188} INFO - [2024-03-06T13:51:16.312+0000] {dagbag.py:540} INFO - Filling up the DagBag from /home/airflow/.local/lib/python3.11/site-packages/airflow/example_dags/example_branch_operator_decorator.py
[2024-03-06T13:51:16.336+0000] {processor.py:840} INFO - DAG(s) 'example_branch_python_operator_decorator' retrieved from /home/airflow/.local/lib/python3.11/site-packages/airflow/example_dags/example_branch_operator_decorator.py
[2024-03-06T13:51:16.360+0000] {logging_mixin.py:188} INFO - [2024-03-06T13:51:16.359+0000] {dag.py:3047} INFO - Sync 1 DAGs
[2024-03-06T13:51:16.382+0000] {logging_mixin.py:188} INFO - [2024-03-06T13:51:16.382+0000] {dag.py:3834} INFO - Setting next_dagrun for example_branch_python_operator_decorator to 2024-03-05 00:00:00+00:00, run_after=2024-03-06 00:00:00+00:00
[2024-03-06T13:51:16.400+0000] {processor.py:183} INFO - Processing /home/airflow/.local/lib/python3.11/site-packages/airflow/example_dags/example_branch_operator_decorator.py took 0.093 seconds
[2024-03-06T13:51:46.808+0000] {processor.py:161} INFO - Started process (PID=3699) to work on /home/airflow/.local/lib/python3.11/site-packages/airflow/example_dags/example_branch_operator_decorator.py
[2024-03-06T13:51:46.809+0000] {processor.py:830} INFO - Processing file /home/airflow/.local/lib/python3.11/site-packages/airflow/example_dags/example_branch_operator_decorator.py for tasks to queue
[2024-03-06T13:51:46.811+0000] {logging_mixin.py:188} INFO - [2024-03-06T13:51:46.810+0000] {dagbag.py:540} INFO - Filling up the DagBag from /home/airflow/.local/lib/python3.11/site-packages/airflow/example_dags/example_branch_operator_decorator.py
[2024-03-06T13:51:46.828+0000] {processor.py:840} INFO - DAG(s) 'example_branch_python_operator_decorator' retrieved from /home/airflow/.local/lib/python3.11/site-packages/airflow/example_dags/example_branch_operator_decorator.py
[2024-03-06T13:51:46.855+0000] {logging_mixin.py:188} INFO - [2024-03-06T13:51:46.855+0000] {dag.py:3047} INFO - Sync 1 DAGs
[2024-03-06T13:51:46.879+0000] {logging_mixin.py:188} INFO - [2024-03-06T13:51:46.878+0000] {dag.py:3834} INFO - Setting next_dagrun for example_branch_python_operator_decorator to 2024-03-05 00:00:00+00:00, run_after=2024-03-06 00:00:00+00:00
[2024-03-06T13:51:46.903+0000] {processor.py:183} INFO - Processing /home/airflow/.local/lib/python3.11/site-packages/airflow/example_dags/example_branch_operator_decorator.py took 0.097 seconds
[2024-03-06T13:52:17.325+0000] {processor.py:161} INFO - Started process (PID=3946) to work on /home/airflow/.local/lib/python3.11/site-packages/airflow/example_dags/example_branch_operator_decorator.py
[2024-03-06T13:52:17.326+0000] {processor.py:830} INFO - Processing file /home/airflow/.local/lib/python3.11/site-packages/airflow/example_dags/example_branch_operator_decorator.py for tasks to queue
[2024-03-06T13:52:17.327+0000] {logging_mixin.py:188} INFO - [2024-03-06T13:52:17.327+0000] {dagbag.py:540} INFO - Filling up the DagBag from /home/airflow/.local/lib/python3.11/site-packages/airflow/example_dags/example_branch_operator_decorator.py
[2024-03-06T13:52:17.349+0000] {processor.py:840} INFO - DAG(s) 'example_branch_python_operator_decorator' retrieved from /home/airflow/.local/lib/python3.11/site-packages/airflow/example_dags/example_branch_operator_decorator.py
[2024-03-06T13:52:17.375+0000] {logging_mixin.py:188} INFO - [2024-03-06T13:52:17.374+0000] {dag.py:3047} INFO - Sync 1 DAGs
[2024-03-06T13:52:17.394+0000] {logging_mixin.py:188} INFO - [2024-03-06T13:52:17.394+0000] {dag.py:3834} INFO - Setting next_dagrun for example_branch_python_operator_decorator to 2024-03-05 00:00:00+00:00, run_after=2024-03-06 00:00:00+00:00
[2024-03-06T13:52:17.418+0000] {processor.py:183} INFO - Processing /home/airflow/.local/lib/python3.11/site-packages/airflow/example_dags/example_branch_operator_decorator.py took 0.097 seconds
[2024-03-06T13:52:47.986+0000] {processor.py:161} INFO - Started process (PID=4193) to work on /home/airflow/.local/lib/python3.11/site-packages/airflow/example_dags/example_branch_operator_decorator.py
[2024-03-06T13:52:47.987+0000] {processor.py:830} INFO - Processing file /home/airflow/.local/lib/python3.11/site-packages/airflow/example_dags/example_branch_operator_decorator.py for tasks to queue
[2024-03-06T13:52:47.989+0000] {logging_mixin.py:188} INFO - [2024-03-06T13:52:47.989+0000] {dagbag.py:540} INFO - Filling up the DagBag from /home/airflow/.local/lib/python3.11/site-packages/airflow/example_dags/example_branch_operator_decorator.py
[2024-03-06T13:52:48.011+0000] {processor.py:840} INFO - DAG(s) 'example_branch_python_operator_decorator' retrieved from /home/airflow/.local/lib/python3.11/site-packages/airflow/example_dags/example_branch_operator_decorator.py
[2024-03-06T13:52:48.038+0000] {logging_mixin.py:188} INFO - [2024-03-06T13:52:48.038+0000] {dag.py:3047} INFO - Sync 1 DAGs
[2024-03-06T13:52:48.063+0000] {logging_mixin.py:188} INFO - [2024-03-06T13:52:48.062+0000] {dag.py:3834} INFO - Setting next_dagrun for example_branch_python_operator_decorator to 2024-03-05 00:00:00+00:00, run_after=2024-03-06 00:00:00+00:00
[2024-03-06T13:52:48.096+0000] {processor.py:183} INFO - Processing /home/airflow/.local/lib/python3.11/site-packages/airflow/example_dags/example_branch_operator_decorator.py took 0.112 seconds
[2024-03-06T13:53:19.043+0000] {processor.py:161} INFO - Started process (PID=4439) to work on /home/airflow/.local/lib/python3.11/site-packages/airflow/example_dags/example_branch_operator_decorator.py
[2024-03-06T13:53:19.045+0000] {processor.py:830} INFO - Processing file /home/airflow/.local/lib/python3.11/site-packages/airflow/example_dags/example_branch_operator_decorator.py for tasks to queue
[2024-03-06T13:53:19.047+0000] {logging_mixin.py:188} INFO - [2024-03-06T13:53:19.046+0000] {dagbag.py:540} INFO - Filling up the DagBag from /home/airflow/.local/lib/python3.11/site-packages/airflow/example_dags/example_branch_operator_decorator.py
[2024-03-06T13:53:19.073+0000] {processor.py:840} INFO - DAG(s) 'example_branch_python_operator_decorator' retrieved from /home/airflow/.local/lib/python3.11/site-packages/airflow/example_dags/example_branch_operator_decorator.py
[2024-03-06T13:53:19.102+0000] {logging_mixin.py:188} INFO - [2024-03-06T13:53:19.102+0000] {dag.py:3047} INFO - Sync 1 DAGs
[2024-03-06T13:53:19.127+0000] {logging_mixin.py:188} INFO - [2024-03-06T13:53:19.127+0000] {dag.py:3834} INFO - Setting next_dagrun for example_branch_python_operator_decorator to 2024-03-05 00:00:00+00:00, run_after=2024-03-06 00:00:00+00:00
[2024-03-06T13:53:19.149+0000] {processor.py:183} INFO - Processing /home/airflow/.local/lib/python3.11/site-packages/airflow/example_dags/example_branch_operator_decorator.py took 0.110 seconds
[2024-03-06T13:53:49.298+0000] {processor.py:161} INFO - Started process (PID=4686) to work on /home/airflow/.local/lib/python3.11/site-packages/airflow/example_dags/example_branch_operator_decorator.py
[2024-03-06T13:53:49.300+0000] {processor.py:830} INFO - Processing file /home/airflow/.local/lib/python3.11/site-packages/airflow/example_dags/example_branch_operator_decorator.py for tasks to queue
[2024-03-06T13:53:49.304+0000] {logging_mixin.py:188} INFO - [2024-03-06T13:53:49.304+0000] {dagbag.py:540} INFO - Filling up the DagBag from /home/airflow/.local/lib/python3.11/site-packages/airflow/example_dags/example_branch_operator_decorator.py
[2024-03-06T13:53:49.326+0000] {processor.py:840} INFO - DAG(s) 'example_branch_python_operator_decorator' retrieved from /home/airflow/.local/lib/python3.11/site-packages/airflow/example_dags/example_branch_operator_decorator.py
[2024-03-06T13:53:49.354+0000] {logging_mixin.py:188} INFO - [2024-03-06T13:53:49.354+0000] {dag.py:3047} INFO - Sync 1 DAGs
[2024-03-06T13:53:49.382+0000] {logging_mixin.py:188} INFO - [2024-03-06T13:53:49.382+0000] {dag.py:3834} INFO - Setting next_dagrun for example_branch_python_operator_decorator to 2024-03-05 00:00:00+00:00, run_after=2024-03-06 00:00:00+00:00
[2024-03-06T13:53:49.409+0000] {processor.py:183} INFO - Processing /home/airflow/.local/lib/python3.11/site-packages/airflow/example_dags/example_branch_operator_decorator.py took 0.115 seconds
[2024-03-06T13:54:19.609+0000] {processor.py:161} INFO - Started process (PID=4933) to work on /home/airflow/.local/lib/python3.11/site-packages/airflow/example_dags/example_branch_operator_decorator.py
[2024-03-06T13:54:19.610+0000] {processor.py:830} INFO - Processing file /home/airflow/.local/lib/python3.11/site-packages/airflow/example_dags/example_branch_operator_decorator.py for tasks to queue
[2024-03-06T13:54:19.613+0000] {logging_mixin.py:188} INFO - [2024-03-06T13:54:19.612+0000] {dagbag.py:540} INFO - Filling up the DagBag from /home/airflow/.local/lib/python3.11/site-packages/airflow/example_dags/example_branch_operator_decorator.py
[2024-03-06T13:54:19.644+0000] {processor.py:840} INFO - DAG(s) 'example_branch_python_operator_decorator' retrieved from /home/airflow/.local/lib/python3.11/site-packages/airflow/example_dags/example_branch_operator_decorator.py
[2024-03-06T13:54:19.683+0000] {logging_mixin.py:188} INFO - [2024-03-06T13:54:19.683+0000] {dag.py:3047} INFO - Sync 1 DAGs
[2024-03-06T13:54:19.714+0000] {logging_mixin.py:188} INFO - [2024-03-06T13:54:19.714+0000] {dag.py:3834} INFO - Setting next_dagrun for example_branch_python_operator_decorator to 2024-03-05 00:00:00+00:00, run_after=2024-03-06 00:00:00+00:00
[2024-03-06T13:54:19.741+0000] {processor.py:183} INFO - Processing /home/airflow/.local/lib/python3.11/site-packages/airflow/example_dags/example_branch_operator_decorator.py took 0.137 seconds
[2024-03-06T13:54:49.973+0000] {processor.py:161} INFO - Started process (PID=5180) to work on /home/airflow/.local/lib/python3.11/site-packages/airflow/example_dags/example_branch_operator_decorator.py
[2024-03-06T13:54:49.975+0000] {processor.py:830} INFO - Processing file /home/airflow/.local/lib/python3.11/site-packages/airflow/example_dags/example_branch_operator_decorator.py for tasks to queue
[2024-03-06T13:54:49.976+0000] {logging_mixin.py:188} INFO - [2024-03-06T13:54:49.976+0000] {dagbag.py:540} INFO - Filling up the DagBag from /home/airflow/.local/lib/python3.11/site-packages/airflow/example_dags/example_branch_operator_decorator.py
[2024-03-06T13:54:49.999+0000] {processor.py:840} INFO - DAG(s) 'example_branch_python_operator_decorator' retrieved from /home/airflow/.local/lib/python3.11/site-packages/airflow/example_dags/example_branch_operator_decorator.py
[2024-03-06T13:54:50.022+0000] {logging_mixin.py:188} INFO - [2024-03-06T13:54:50.022+0000] {dag.py:3047} INFO - Sync 1 DAGs
[2024-03-06T13:54:50.046+0000] {logging_mixin.py:188} INFO - [2024-03-06T13:54:50.046+0000] {dag.py:3834} INFO - Setting next_dagrun for example_branch_python_operator_decorator to 2024-03-05 00:00:00+00:00, run_after=2024-03-06 00:00:00+00:00
[2024-03-06T13:54:50.064+0000] {processor.py:183} INFO - Processing /home/airflow/.local/lib/python3.11/site-packages/airflow/example_dags/example_branch_operator_decorator.py took 0.093 seconds
[2024-03-06T13:55:21.089+0000] {processor.py:161} INFO - Started process (PID=5427) to work on /home/airflow/.local/lib/python3.11/site-packages/airflow/example_dags/example_branch_operator_decorator.py
[2024-03-06T13:55:21.094+0000] {processor.py:830} INFO - Processing file /home/airflow/.local/lib/python3.11/site-packages/airflow/example_dags/example_branch_operator_decorator.py for tasks to queue
[2024-03-06T13:55:21.096+0000] {logging_mixin.py:188} INFO - [2024-03-06T13:55:21.095+0000] {dagbag.py:540} INFO - Filling up the DagBag from /home/airflow/.local/lib/python3.11/site-packages/airflow/example_dags/example_branch_operator_decorator.py
[2024-03-06T13:55:21.160+0000] {processor.py:840} INFO - DAG(s) 'example_branch_python_operator_decorator' retrieved from /home/airflow/.local/lib/python3.11/site-packages/airflow/example_dags/example_branch_operator_decorator.py
[2024-03-06T13:55:21.267+0000] {logging_mixin.py:188} INFO - [2024-03-06T13:55:21.267+0000] {dag.py:3047} INFO - Sync 1 DAGs
[2024-03-06T13:55:21.334+0000] {logging_mixin.py:188} INFO - [2024-03-06T13:55:21.334+0000] {dag.py:3834} INFO - Setting next_dagrun for example_branch_python_operator_decorator to 2024-03-05 00:00:00+00:00, run_after=2024-03-06 00:00:00+00:00
[2024-03-06T13:55:21.417+0000] {processor.py:183} INFO - Processing /home/airflow/.local/lib/python3.11/site-packages/airflow/example_dags/example_branch_operator_decorator.py took 0.347 seconds
[2024-03-06T13:55:51.469+0000] {processor.py:161} INFO - Started process (PID=5674) to work on /home/airflow/.local/lib/python3.11/site-packages/airflow/example_dags/example_branch_operator_decorator.py
[2024-03-06T13:55:51.474+0000] {processor.py:830} INFO - Processing file /home/airflow/.local/lib/python3.11/site-packages/airflow/example_dags/example_branch_operator_decorator.py for tasks to queue
[2024-03-06T13:55:51.478+0000] {logging_mixin.py:188} INFO - [2024-03-06T13:55:51.477+0000] {dagbag.py:540} INFO - Filling up the DagBag from /home/airflow/.local/lib/python3.11/site-packages/airflow/example_dags/example_branch_operator_decorator.py
[2024-03-06T13:55:51.529+0000] {processor.py:840} INFO - DAG(s) 'example_branch_python_operator_decorator' retrieved from /home/airflow/.local/lib/python3.11/site-packages/airflow/example_dags/example_branch_operator_decorator.py
[2024-03-06T13:55:51.595+0000] {logging_mixin.py:188} INFO - [2024-03-06T13:55:51.594+0000] {dag.py:3047} INFO - Sync 1 DAGs
[2024-03-06T13:55:51.652+0000] {logging_mixin.py:188} INFO - [2024-03-06T13:55:51.652+0000] {dag.py:3834} INFO - Setting next_dagrun for example_branch_python_operator_decorator to 2024-03-05 00:00:00+00:00, run_after=2024-03-06 00:00:00+00:00
[2024-03-06T13:55:51.696+0000] {processor.py:183} INFO - Processing /home/airflow/.local/lib/python3.11/site-packages/airflow/example_dags/example_branch_operator_decorator.py took 0.234 seconds
[2024-03-06T13:56:21.921+0000] {processor.py:161} INFO - Started process (PID=5920) to work on /home/airflow/.local/lib/python3.11/site-packages/airflow/example_dags/example_branch_operator_decorator.py
[2024-03-06T13:56:21.932+0000] {processor.py:830} INFO - Processing file /home/airflow/.local/lib/python3.11/site-packages/airflow/example_dags/example_branch_operator_decorator.py for tasks to queue
[2024-03-06T13:56:21.937+0000] {logging_mixin.py:188} INFO - [2024-03-06T13:56:21.936+0000] {dagbag.py:540} INFO - Filling up the DagBag from /home/airflow/.local/lib/python3.11/site-packages/airflow/example_dags/example_branch_operator_decorator.py
[2024-03-06T13:56:21.972+0000] {processor.py:840} INFO - DAG(s) 'example_branch_python_operator_decorator' retrieved from /home/airflow/.local/lib/python3.11/site-packages/airflow/example_dags/example_branch_operator_decorator.py
[2024-03-06T13:56:22.012+0000] {logging_mixin.py:188} INFO - [2024-03-06T13:56:22.011+0000] {dag.py:3047} INFO - Sync 1 DAGs
[2024-03-06T13:56:22.045+0000] {logging_mixin.py:188} INFO - [2024-03-06T13:56:22.045+0000] {dag.py:3834} INFO - Setting next_dagrun for example_branch_python_operator_decorator to 2024-03-05 00:00:00+00:00, run_after=2024-03-06 00:00:00+00:00
[2024-03-06T13:56:22.070+0000] {processor.py:183} INFO - Processing /home/airflow/.local/lib/python3.11/site-packages/airflow/example_dags/example_branch_operator_decorator.py took 0.155 seconds
[2024-03-06T13:56:52.361+0000] {processor.py:161} INFO - Started process (PID=6166) to work on /home/airflow/.local/lib/python3.11/site-packages/airflow/example_dags/example_branch_operator_decorator.py
[2024-03-06T13:56:52.364+0000] {processor.py:830} INFO - Processing file /home/airflow/.local/lib/python3.11/site-packages/airflow/example_dags/example_branch_operator_decorator.py for tasks to queue
[2024-03-06T13:56:52.368+0000] {logging_mixin.py:188} INFO - [2024-03-06T13:56:52.368+0000] {dagbag.py:540} INFO - Filling up the DagBag from /home/airflow/.local/lib/python3.11/site-packages/airflow/example_dags/example_branch_operator_decorator.py
[2024-03-06T13:56:52.397+0000] {processor.py:840} INFO - DAG(s) 'example_branch_python_operator_decorator' retrieved from /home/airflow/.local/lib/python3.11/site-packages/airflow/example_dags/example_branch_operator_decorator.py
[2024-03-06T13:56:52.432+0000] {logging_mixin.py:188} INFO - [2024-03-06T13:56:52.431+0000] {dag.py:3047} INFO - Sync 1 DAGs
[2024-03-06T13:56:52.459+0000] {logging_mixin.py:188} INFO - [2024-03-06T13:56:52.459+0000] {dag.py:3834} INFO - Setting next_dagrun for example_branch_python_operator_decorator to 2024-03-05 00:00:00+00:00, run_after=2024-03-06 00:00:00+00:00
[2024-03-06T13:56:52.493+0000] {processor.py:183} INFO - Processing /home/airflow/.local/lib/python3.11/site-packages/airflow/example_dags/example_branch_operator_decorator.py took 0.141 seconds
[2024-03-06T13:57:22.680+0000] {processor.py:161} INFO - Started process (PID=6412) to work on /home/airflow/.local/lib/python3.11/site-packages/airflow/example_dags/example_branch_operator_decorator.py
[2024-03-06T13:57:22.684+0000] {processor.py:830} INFO - Processing file /home/airflow/.local/lib/python3.11/site-packages/airflow/example_dags/example_branch_operator_decorator.py for tasks to queue
[2024-03-06T13:57:22.687+0000] {logging_mixin.py:188} INFO - [2024-03-06T13:57:22.687+0000] {dagbag.py:540} INFO - Filling up the DagBag from /home/airflow/.local/lib/python3.11/site-packages/airflow/example_dags/example_branch_operator_decorator.py
[2024-03-06T13:57:22.744+0000] {processor.py:840} INFO - DAG(s) 'example_branch_python_operator_decorator' retrieved from /home/airflow/.local/lib/python3.11/site-packages/airflow/example_dags/example_branch_operator_decorator.py
[2024-03-06T13:57:22.845+0000] {logging_mixin.py:188} INFO - [2024-03-06T13:57:22.844+0000] {dag.py:3047} INFO - Sync 1 DAGs
[2024-03-06T13:57:22.887+0000] {logging_mixin.py:188} INFO - [2024-03-06T13:57:22.886+0000] {dag.py:3834} INFO - Setting next_dagrun for example_branch_python_operator_decorator to 2024-03-05 00:00:00+00:00, run_after=2024-03-06 00:00:00+00:00
[2024-03-06T13:57:22.933+0000] {processor.py:183} INFO - Processing /home/airflow/.local/lib/python3.11/site-packages/airflow/example_dags/example_branch_operator_decorator.py took 0.258 seconds
[2024-03-06T13:57:53.099+0000] {processor.py:161} INFO - Started process (PID=6660) to work on /home/airflow/.local/lib/python3.11/site-packages/airflow/example_dags/example_branch_operator_decorator.py
[2024-03-06T13:57:53.100+0000] {processor.py:830} INFO - Processing file /home/airflow/.local/lib/python3.11/site-packages/airflow/example_dags/example_branch_operator_decorator.py for tasks to queue
[2024-03-06T13:57:53.102+0000] {logging_mixin.py:188} INFO - [2024-03-06T13:57:53.102+0000] {dagbag.py:540} INFO - Filling up the DagBag from /home/airflow/.local/lib/python3.11/site-packages/airflow/example_dags/example_branch_operator_decorator.py
[2024-03-06T13:57:53.129+0000] {processor.py:840} INFO - DAG(s) 'example_branch_python_operator_decorator' retrieved from /home/airflow/.local/lib/python3.11/site-packages/airflow/example_dags/example_branch_operator_decorator.py
[2024-03-06T13:57:53.166+0000] {logging_mixin.py:188} INFO - [2024-03-06T13:57:53.166+0000] {dag.py:3047} INFO - Sync 1 DAGs
[2024-03-06T13:57:53.204+0000] {logging_mixin.py:188} INFO - [2024-03-06T13:57:53.203+0000] {dag.py:3834} INFO - Setting next_dagrun for example_branch_python_operator_decorator to 2024-03-05 00:00:00+00:00, run_after=2024-03-06 00:00:00+00:00
[2024-03-06T13:57:53.249+0000] {processor.py:183} INFO - Processing /home/airflow/.local/lib/python3.11/site-packages/airflow/example_dags/example_branch_operator_decorator.py took 0.156 seconds
[2024-03-06T13:58:23.823+0000] {processor.py:161} INFO - Started process (PID=6906) to work on /home/airflow/.local/lib/python3.11/site-packages/airflow/example_dags/example_branch_operator_decorator.py
[2024-03-06T13:58:23.824+0000] {processor.py:830} INFO - Processing file /home/airflow/.local/lib/python3.11/site-packages/airflow/example_dags/example_branch_operator_decorator.py for tasks to queue
[2024-03-06T13:58:23.826+0000] {logging_mixin.py:188} INFO - [2024-03-06T13:58:23.825+0000] {dagbag.py:540} INFO - Filling up the DagBag from /home/airflow/.local/lib/python3.11/site-packages/airflow/example_dags/example_branch_operator_decorator.py
[2024-03-06T13:58:23.856+0000] {processor.py:840} INFO - DAG(s) 'example_branch_python_operator_decorator' retrieved from /home/airflow/.local/lib/python3.11/site-packages/airflow/example_dags/example_branch_operator_decorator.py
[2024-03-06T13:58:23.893+0000] {logging_mixin.py:188} INFO - [2024-03-06T13:58:23.893+0000] {dag.py:3047} INFO - Sync 1 DAGs
[2024-03-06T13:58:23.930+0000] {logging_mixin.py:188} INFO - [2024-03-06T13:58:23.930+0000] {dag.py:3834} INFO - Setting next_dagrun for example_branch_python_operator_decorator to 2024-03-05 00:00:00+00:00, run_after=2024-03-06 00:00:00+00:00
[2024-03-06T13:58:23.964+0000] {processor.py:183} INFO - Processing /home/airflow/.local/lib/python3.11/site-packages/airflow/example_dags/example_branch_operator_decorator.py took 0.145 seconds
[2024-03-06T13:58:54.269+0000] {processor.py:161} INFO - Started process (PID=7154) to work on /home/airflow/.local/lib/python3.11/site-packages/airflow/example_dags/example_branch_operator_decorator.py
[2024-03-06T13:58:54.275+0000] {processor.py:830} INFO - Processing file /home/airflow/.local/lib/python3.11/site-packages/airflow/example_dags/example_branch_operator_decorator.py for tasks to queue
[2024-03-06T13:58:54.279+0000] {logging_mixin.py:188} INFO - [2024-03-06T13:58:54.278+0000] {dagbag.py:540} INFO - Filling up the DagBag from /home/airflow/.local/lib/python3.11/site-packages/airflow/example_dags/example_branch_operator_decorator.py
[2024-03-06T13:58:54.341+0000] {processor.py:840} INFO - DAG(s) 'example_branch_python_operator_decorator' retrieved from /home/airflow/.local/lib/python3.11/site-packages/airflow/example_dags/example_branch_operator_decorator.py
[2024-03-06T13:58:54.403+0000] {logging_mixin.py:188} INFO - [2024-03-06T13:58:54.403+0000] {dag.py:3047} INFO - Sync 1 DAGs
[2024-03-06T13:58:54.468+0000] {logging_mixin.py:188} INFO - [2024-03-06T13:58:54.468+0000] {dag.py:3834} INFO - Setting next_dagrun for example_branch_python_operator_decorator to 2024-03-05 00:00:00+00:00, run_after=2024-03-06 00:00:00+00:00
[2024-03-06T13:58:54.537+0000] {processor.py:183} INFO - Processing /home/airflow/.local/lib/python3.11/site-packages/airflow/example_dags/example_branch_operator_decorator.py took 0.274 seconds
[2024-03-06T13:59:24.717+0000] {processor.py:161} INFO - Started process (PID=7404) to work on /home/airflow/.local/lib/python3.11/site-packages/airflow/example_dags/example_branch_operator_decorator.py
[2024-03-06T13:59:24.719+0000] {processor.py:830} INFO - Processing file /home/airflow/.local/lib/python3.11/site-packages/airflow/example_dags/example_branch_operator_decorator.py for tasks to queue
[2024-03-06T13:59:24.725+0000] {logging_mixin.py:188} INFO - [2024-03-06T13:59:24.724+0000] {dagbag.py:540} INFO - Filling up the DagBag from /home/airflow/.local/lib/python3.11/site-packages/airflow/example_dags/example_branch_operator_decorator.py
[2024-03-06T13:59:24.757+0000] {processor.py:840} INFO - DAG(s) 'example_branch_python_operator_decorator' retrieved from /home/airflow/.local/lib/python3.11/site-packages/airflow/example_dags/example_branch_operator_decorator.py
[2024-03-06T13:59:24.792+0000] {logging_mixin.py:188} INFO - [2024-03-06T13:59:24.792+0000] {dag.py:3047} INFO - Sync 1 DAGs
[2024-03-06T13:59:24.820+0000] {logging_mixin.py:188} INFO - [2024-03-06T13:59:24.820+0000] {dag.py:3834} INFO - Setting next_dagrun for example_branch_python_operator_decorator to 2024-03-05 00:00:00+00:00, run_after=2024-03-06 00:00:00+00:00
[2024-03-06T13:59:24.844+0000] {processor.py:183} INFO - Processing /home/airflow/.local/lib/python3.11/site-packages/airflow/example_dags/example_branch_operator_decorator.py took 0.131 seconds
[2024-03-06T13:59:54.935+0000] {processor.py:161} INFO - Started process (PID=7653) to work on /home/airflow/.local/lib/python3.11/site-packages/airflow/example_dags/example_branch_operator_decorator.py
[2024-03-06T13:59:54.937+0000] {processor.py:830} INFO - Processing file /home/airflow/.local/lib/python3.11/site-packages/airflow/example_dags/example_branch_operator_decorator.py for tasks to queue
[2024-03-06T13:59:54.938+0000] {logging_mixin.py:188} INFO - [2024-03-06T13:59:54.938+0000] {dagbag.py:540} INFO - Filling up the DagBag from /home/airflow/.local/lib/python3.11/site-packages/airflow/example_dags/example_branch_operator_decorator.py
[2024-03-06T13:59:54.959+0000] {processor.py:840} INFO - DAG(s) 'example_branch_python_operator_decorator' retrieved from /home/airflow/.local/lib/python3.11/site-packages/airflow/example_dags/example_branch_operator_decorator.py
[2024-03-06T13:59:54.984+0000] {logging_mixin.py:188} INFO - [2024-03-06T13:59:54.984+0000] {dag.py:3047} INFO - Sync 1 DAGs
[2024-03-06T13:59:55.005+0000] {logging_mixin.py:188} INFO - [2024-03-06T13:59:55.005+0000] {dag.py:3834} INFO - Setting next_dagrun for example_branch_python_operator_decorator to 2024-03-05 00:00:00+00:00, run_after=2024-03-06 00:00:00+00:00
[2024-03-06T13:59:55.024+0000] {processor.py:183} INFO - Processing /home/airflow/.local/lib/python3.11/site-packages/airflow/example_dags/example_branch_operator_decorator.py took 0.092 seconds
[2024-03-06T14:00:25.203+0000] {processor.py:161} INFO - Started process (PID=7892) to work on /home/airflow/.local/lib/python3.11/site-packages/airflow/example_dags/example_branch_operator_decorator.py
[2024-03-06T14:00:25.204+0000] {processor.py:830} INFO - Processing file /home/airflow/.local/lib/python3.11/site-packages/airflow/example_dags/example_branch_operator_decorator.py for tasks to queue
[2024-03-06T14:00:25.205+0000] {logging_mixin.py:188} INFO - [2024-03-06T14:00:25.205+0000] {dagbag.py:540} INFO - Filling up the DagBag from /home/airflow/.local/lib/python3.11/site-packages/airflow/example_dags/example_branch_operator_decorator.py
[2024-03-06T14:00:25.230+0000] {processor.py:840} INFO - DAG(s) 'example_branch_python_operator_decorator' retrieved from /home/airflow/.local/lib/python3.11/site-packages/airflow/example_dags/example_branch_operator_decorator.py
[2024-03-06T14:00:25.265+0000] {logging_mixin.py:188} INFO - [2024-03-06T14:00:25.264+0000] {dag.py:3047} INFO - Sync 1 DAGs
[2024-03-06T14:00:25.291+0000] {logging_mixin.py:188} INFO - [2024-03-06T14:00:25.291+0000] {dag.py:3834} INFO - Setting next_dagrun for example_branch_python_operator_decorator to 2024-03-05 00:00:00+00:00, run_after=2024-03-06 00:00:00+00:00
[2024-03-06T14:00:25.312+0000] {processor.py:183} INFO - Processing /home/airflow/.local/lib/python3.11/site-packages/airflow/example_dags/example_branch_operator_decorator.py took 0.112 seconds
[2024-03-06T14:00:55.490+0000] {processor.py:161} INFO - Started process (PID=8144) to work on /home/airflow/.local/lib/python3.11/site-packages/airflow/example_dags/example_branch_operator_decorator.py
[2024-03-06T14:00:55.493+0000] {processor.py:830} INFO - Processing file /home/airflow/.local/lib/python3.11/site-packages/airflow/example_dags/example_branch_operator_decorator.py for tasks to queue
[2024-03-06T14:00:55.494+0000] {logging_mixin.py:188} INFO - [2024-03-06T14:00:55.494+0000] {dagbag.py:540} INFO - Filling up the DagBag from /home/airflow/.local/lib/python3.11/site-packages/airflow/example_dags/example_branch_operator_decorator.py
[2024-03-06T14:00:55.541+0000] {processor.py:840} INFO - DAG(s) 'example_branch_python_operator_decorator' retrieved from /home/airflow/.local/lib/python3.11/site-packages/airflow/example_dags/example_branch_operator_decorator.py
[2024-03-06T14:00:55.584+0000] {logging_mixin.py:188} INFO - [2024-03-06T14:00:55.583+0000] {dag.py:3047} INFO - Sync 1 DAGs
[2024-03-06T14:00:55.614+0000] {logging_mixin.py:188} INFO - [2024-03-06T14:00:55.613+0000] {dag.py:3834} INFO - Setting next_dagrun for example_branch_python_operator_decorator to 2024-03-05 00:00:00+00:00, run_after=2024-03-06 00:00:00+00:00
[2024-03-06T14:00:55.638+0000] {processor.py:183} INFO - Processing /home/airflow/.local/lib/python3.11/site-packages/airflow/example_dags/example_branch_operator_decorator.py took 0.153 seconds
[2024-03-06T14:01:26.256+0000] {processor.py:161} INFO - Started process (PID=8391) to work on /home/airflow/.local/lib/python3.11/site-packages/airflow/example_dags/example_branch_operator_decorator.py
[2024-03-06T14:01:26.259+0000] {processor.py:830} INFO - Processing file /home/airflow/.local/lib/python3.11/site-packages/airflow/example_dags/example_branch_operator_decorator.py for tasks to queue
[2024-03-06T14:01:26.260+0000] {logging_mixin.py:188} INFO - [2024-03-06T14:01:26.260+0000] {dagbag.py:540} INFO - Filling up the DagBag from /home/airflow/.local/lib/python3.11/site-packages/airflow/example_dags/example_branch_operator_decorator.py
[2024-03-06T14:01:26.284+0000] {processor.py:840} INFO - DAG(s) 'example_branch_python_operator_decorator' retrieved from /home/airflow/.local/lib/python3.11/site-packages/airflow/example_dags/example_branch_operator_decorator.py
[2024-03-06T14:01:26.314+0000] {logging_mixin.py:188} INFO - [2024-03-06T14:01:26.314+0000] {dag.py:3047} INFO - Sync 1 DAGs
[2024-03-06T14:01:26.342+0000] {logging_mixin.py:188} INFO - [2024-03-06T14:01:26.341+0000] {dag.py:3834} INFO - Setting next_dagrun for example_branch_python_operator_decorator to 2024-03-05 00:00:00+00:00, run_after=2024-03-06 00:00:00+00:00
[2024-03-06T14:01:26.362+0000] {processor.py:183} INFO - Processing /home/airflow/.local/lib/python3.11/site-packages/airflow/example_dags/example_branch_operator_decorator.py took 0.111 seconds
[2024-03-06T14:01:57.242+0000] {processor.py:161} INFO - Started process (PID=8638) to work on /home/airflow/.local/lib/python3.11/site-packages/airflow/example_dags/example_branch_operator_decorator.py
[2024-03-06T14:01:57.244+0000] {processor.py:830} INFO - Processing file /home/airflow/.local/lib/python3.11/site-packages/airflow/example_dags/example_branch_operator_decorator.py for tasks to queue
[2024-03-06T14:01:57.246+0000] {logging_mixin.py:188} INFO - [2024-03-06T14:01:57.245+0000] {dagbag.py:540} INFO - Filling up the DagBag from /home/airflow/.local/lib/python3.11/site-packages/airflow/example_dags/example_branch_operator_decorator.py
[2024-03-06T14:01:57.276+0000] {processor.py:840} INFO - DAG(s) 'example_branch_python_operator_decorator' retrieved from /home/airflow/.local/lib/python3.11/site-packages/airflow/example_dags/example_branch_operator_decorator.py
[2024-03-06T14:01:57.315+0000] {logging_mixin.py:188} INFO - [2024-03-06T14:01:57.315+0000] {dag.py:3047} INFO - Sync 1 DAGs
[2024-03-06T14:01:57.350+0000] {logging_mixin.py:188} INFO - [2024-03-06T14:01:57.349+0000] {dag.py:3834} INFO - Setting next_dagrun for example_branch_python_operator_decorator to 2024-03-05 00:00:00+00:00, run_after=2024-03-06 00:00:00+00:00
[2024-03-06T14:01:57.392+0000] {processor.py:183} INFO - Processing /home/airflow/.local/lib/python3.11/site-packages/airflow/example_dags/example_branch_operator_decorator.py took 0.156 seconds
[2024-03-06T14:02:28.096+0000] {processor.py:161} INFO - Started process (PID=8885) to work on /home/airflow/.local/lib/python3.11/site-packages/airflow/example_dags/example_branch_operator_decorator.py
[2024-03-06T14:02:28.098+0000] {processor.py:830} INFO - Processing file /home/airflow/.local/lib/python3.11/site-packages/airflow/example_dags/example_branch_operator_decorator.py for tasks to queue
[2024-03-06T14:02:28.099+0000] {logging_mixin.py:188} INFO - [2024-03-06T14:02:28.099+0000] {dagbag.py:540} INFO - Filling up the DagBag from /home/airflow/.local/lib/python3.11/site-packages/airflow/example_dags/example_branch_operator_decorator.py
[2024-03-06T14:02:28.126+0000] {processor.py:840} INFO - DAG(s) 'example_branch_python_operator_decorator' retrieved from /home/airflow/.local/lib/python3.11/site-packages/airflow/example_dags/example_branch_operator_decorator.py
[2024-03-06T14:02:28.154+0000] {logging_mixin.py:188} INFO - [2024-03-06T14:02:28.154+0000] {dag.py:3047} INFO - Sync 1 DAGs
[2024-03-06T14:02:28.178+0000] {logging_mixin.py:188} INFO - [2024-03-06T14:02:28.177+0000] {dag.py:3834} INFO - Setting next_dagrun for example_branch_python_operator_decorator to 2024-03-05 00:00:00+00:00, run_after=2024-03-06 00:00:00+00:00
[2024-03-06T14:02:28.199+0000] {processor.py:183} INFO - Processing /home/airflow/.local/lib/python3.11/site-packages/airflow/example_dags/example_branch_operator_decorator.py took 0.107 seconds
[2024-03-06T14:02:58.314+0000] {processor.py:161} INFO - Started process (PID=9132) to work on /home/airflow/.local/lib/python3.11/site-packages/airflow/example_dags/example_branch_operator_decorator.py
[2024-03-06T14:02:58.316+0000] {processor.py:830} INFO - Processing file /home/airflow/.local/lib/python3.11/site-packages/airflow/example_dags/example_branch_operator_decorator.py for tasks to queue
[2024-03-06T14:02:58.317+0000] {logging_mixin.py:188} INFO - [2024-03-06T14:02:58.317+0000] {dagbag.py:540} INFO - Filling up the DagBag from /home/airflow/.local/lib/python3.11/site-packages/airflow/example_dags/example_branch_operator_decorator.py
[2024-03-06T14:02:58.354+0000] {processor.py:840} INFO - DAG(s) 'example_branch_python_operator_decorator' retrieved from /home/airflow/.local/lib/python3.11/site-packages/airflow/example_dags/example_branch_operator_decorator.py
[2024-03-06T14:02:58.396+0000] {logging_mixin.py:188} INFO - [2024-03-06T14:02:58.396+0000] {dag.py:3047} INFO - Sync 1 DAGs
[2024-03-06T14:02:58.431+0000] {logging_mixin.py:188} INFO - [2024-03-06T14:02:58.430+0000] {dag.py:3834} INFO - Setting next_dagrun for example_branch_python_operator_decorator to 2024-03-05 00:00:00+00:00, run_after=2024-03-06 00:00:00+00:00
[2024-03-06T14:02:58.469+0000] {processor.py:183} INFO - Processing /home/airflow/.local/lib/python3.11/site-packages/airflow/example_dags/example_branch_operator_decorator.py took 0.160 seconds
[2024-03-06T14:03:28.600+0000] {processor.py:161} INFO - Started process (PID=9386) to work on /home/airflow/.local/lib/python3.11/site-packages/airflow/example_dags/example_branch_operator_decorator.py
[2024-03-06T14:03:28.601+0000] {processor.py:830} INFO - Processing file /home/airflow/.local/lib/python3.11/site-packages/airflow/example_dags/example_branch_operator_decorator.py for tasks to queue
[2024-03-06T14:03:28.604+0000] {logging_mixin.py:188} INFO - [2024-03-06T14:03:28.603+0000] {dagbag.py:540} INFO - Filling up the DagBag from /home/airflow/.local/lib/python3.11/site-packages/airflow/example_dags/example_branch_operator_decorator.py
[2024-03-06T14:03:28.624+0000] {processor.py:840} INFO - DAG(s) 'example_branch_python_operator_decorator' retrieved from /home/airflow/.local/lib/python3.11/site-packages/airflow/example_dags/example_branch_operator_decorator.py
[2024-03-06T14:03:28.651+0000] {logging_mixin.py:188} INFO - [2024-03-06T14:03:28.651+0000] {dag.py:3047} INFO - Sync 1 DAGs
[2024-03-06T14:03:28.675+0000] {logging_mixin.py:188} INFO - [2024-03-06T14:03:28.675+0000] {dag.py:3834} INFO - Setting next_dagrun for example_branch_python_operator_decorator to 2024-03-05 00:00:00+00:00, run_after=2024-03-06 00:00:00+00:00
[2024-03-06T14:03:28.695+0000] {processor.py:183} INFO - Processing /home/airflow/.local/lib/python3.11/site-packages/airflow/example_dags/example_branch_operator_decorator.py took 0.099 seconds
[2024-03-06T14:03:58.819+0000] {processor.py:161} INFO - Started process (PID=9626) to work on /home/airflow/.local/lib/python3.11/site-packages/airflow/example_dags/example_branch_operator_decorator.py
[2024-03-06T14:03:58.820+0000] {processor.py:830} INFO - Processing file /home/airflow/.local/lib/python3.11/site-packages/airflow/example_dags/example_branch_operator_decorator.py for tasks to queue
[2024-03-06T14:03:58.822+0000] {logging_mixin.py:188} INFO - [2024-03-06T14:03:58.821+0000] {dagbag.py:540} INFO - Filling up the DagBag from /home/airflow/.local/lib/python3.11/site-packages/airflow/example_dags/example_branch_operator_decorator.py
[2024-03-06T14:03:58.843+0000] {processor.py:840} INFO - DAG(s) 'example_branch_python_operator_decorator' retrieved from /home/airflow/.local/lib/python3.11/site-packages/airflow/example_dags/example_branch_operator_decorator.py
[2024-03-06T14:03:58.873+0000] {logging_mixin.py:188} INFO - [2024-03-06T14:03:58.872+0000] {dag.py:3047} INFO - Sync 1 DAGs
[2024-03-06T14:03:58.898+0000] {logging_mixin.py:188} INFO - [2024-03-06T14:03:58.898+0000] {dag.py:3834} INFO - Setting next_dagrun for example_branch_python_operator_decorator to 2024-03-05 00:00:00+00:00, run_after=2024-03-06 00:00:00+00:00
[2024-03-06T14:03:58.917+0000] {processor.py:183} INFO - Processing /home/airflow/.local/lib/python3.11/site-packages/airflow/example_dags/example_branch_operator_decorator.py took 0.102 seconds
[2024-03-06T14:04:29.226+0000] {processor.py:161} INFO - Started process (PID=9873) to work on /home/airflow/.local/lib/python3.11/site-packages/airflow/example_dags/example_branch_operator_decorator.py
[2024-03-06T14:04:29.228+0000] {processor.py:830} INFO - Processing file /home/airflow/.local/lib/python3.11/site-packages/airflow/example_dags/example_branch_operator_decorator.py for tasks to queue
[2024-03-06T14:04:29.234+0000] {logging_mixin.py:188} INFO - [2024-03-06T14:04:29.233+0000] {dagbag.py:540} INFO - Filling up the DagBag from /home/airflow/.local/lib/python3.11/site-packages/airflow/example_dags/example_branch_operator_decorator.py
[2024-03-06T14:04:29.273+0000] {processor.py:840} INFO - DAG(s) 'example_branch_python_operator_decorator' retrieved from /home/airflow/.local/lib/python3.11/site-packages/airflow/example_dags/example_branch_operator_decorator.py
[2024-03-06T14:04:29.351+0000] {logging_mixin.py:188} INFO - [2024-03-06T14:04:29.351+0000] {dag.py:3047} INFO - Sync 1 DAGs
[2024-03-06T14:04:29.388+0000] {logging_mixin.py:188} INFO - [2024-03-06T14:04:29.387+0000] {dag.py:3834} INFO - Setting next_dagrun for example_branch_python_operator_decorator to 2024-03-05 00:00:00+00:00, run_after=2024-03-06 00:00:00+00:00
[2024-03-06T14:04:29.409+0000] {processor.py:183} INFO - Processing /home/airflow/.local/lib/python3.11/site-packages/airflow/example_dags/example_branch_operator_decorator.py took 0.189 seconds
[2024-03-06T14:04:59.632+0000] {processor.py:161} INFO - Started process (PID=10120) to work on /home/airflow/.local/lib/python3.11/site-packages/airflow/example_dags/example_branch_operator_decorator.py
[2024-03-06T14:04:59.633+0000] {processor.py:830} INFO - Processing file /home/airflow/.local/lib/python3.11/site-packages/airflow/example_dags/example_branch_operator_decorator.py for tasks to queue
[2024-03-06T14:04:59.635+0000] {logging_mixin.py:188} INFO - [2024-03-06T14:04:59.635+0000] {dagbag.py:540} INFO - Filling up the DagBag from /home/airflow/.local/lib/python3.11/site-packages/airflow/example_dags/example_branch_operator_decorator.py
[2024-03-06T14:04:59.670+0000] {processor.py:840} INFO - DAG(s) 'example_branch_python_operator_decorator' retrieved from /home/airflow/.local/lib/python3.11/site-packages/airflow/example_dags/example_branch_operator_decorator.py
[2024-03-06T14:04:59.704+0000] {logging_mixin.py:188} INFO - [2024-03-06T14:04:59.703+0000] {dag.py:3047} INFO - Sync 1 DAGs
[2024-03-06T14:04:59.730+0000] {logging_mixin.py:188} INFO - [2024-03-06T14:04:59.730+0000] {dag.py:3834} INFO - Setting next_dagrun for example_branch_python_operator_decorator to 2024-03-05 00:00:00+00:00, run_after=2024-03-06 00:00:00+00:00
[2024-03-06T14:04:59.752+0000] {processor.py:183} INFO - Processing /home/airflow/.local/lib/python3.11/site-packages/airflow/example_dags/example_branch_operator_decorator.py took 0.124 seconds
[2024-03-06T14:05:29.797+0000] {processor.py:161} INFO - Started process (PID=10369) to work on /home/airflow/.local/lib/python3.11/site-packages/airflow/example_dags/example_branch_operator_decorator.py
[2024-03-06T14:05:29.798+0000] {processor.py:830} INFO - Processing file /home/airflow/.local/lib/python3.11/site-packages/airflow/example_dags/example_branch_operator_decorator.py for tasks to queue
[2024-03-06T14:05:29.799+0000] {logging_mixin.py:188} INFO - [2024-03-06T14:05:29.799+0000] {dagbag.py:540} INFO - Filling up the DagBag from /home/airflow/.local/lib/python3.11/site-packages/airflow/example_dags/example_branch_operator_decorator.py
[2024-03-06T14:05:29.817+0000] {processor.py:840} INFO - DAG(s) 'example_branch_python_operator_decorator' retrieved from /home/airflow/.local/lib/python3.11/site-packages/airflow/example_dags/example_branch_operator_decorator.py
[2024-03-06T14:05:29.839+0000] {logging_mixin.py:188} INFO - [2024-03-06T14:05:29.839+0000] {dag.py:3047} INFO - Sync 1 DAGs
[2024-03-06T14:05:29.858+0000] {logging_mixin.py:188} INFO - [2024-03-06T14:05:29.858+0000] {dag.py:3834} INFO - Setting next_dagrun for example_branch_python_operator_decorator to 2024-03-05 00:00:00+00:00, run_after=2024-03-06 00:00:00+00:00
[2024-03-06T14:05:29.873+0000] {processor.py:183} INFO - Processing /home/airflow/.local/lib/python3.11/site-packages/airflow/example_dags/example_branch_operator_decorator.py took 0.079 seconds
[2024-03-06T14:05:59.979+0000] {processor.py:161} INFO - Started process (PID=10614) to work on /home/airflow/.local/lib/python3.11/site-packages/airflow/example_dags/example_branch_operator_decorator.py
[2024-03-06T14:05:59.980+0000] {processor.py:830} INFO - Processing file /home/airflow/.local/lib/python3.11/site-packages/airflow/example_dags/example_branch_operator_decorator.py for tasks to queue
[2024-03-06T14:05:59.982+0000] {logging_mixin.py:188} INFO - [2024-03-06T14:05:59.981+0000] {dagbag.py:540} INFO - Filling up the DagBag from /home/airflow/.local/lib/python3.11/site-packages/airflow/example_dags/example_branch_operator_decorator.py
[2024-03-06T14:06:00.005+0000] {processor.py:840} INFO - DAG(s) 'example_branch_python_operator_decorator' retrieved from /home/airflow/.local/lib/python3.11/site-packages/airflow/example_dags/example_branch_operator_decorator.py
[2024-03-06T14:06:00.038+0000] {logging_mixin.py:188} INFO - [2024-03-06T14:06:00.038+0000] {dag.py:3047} INFO - Sync 1 DAGs
[2024-03-06T14:06:00.065+0000] {logging_mixin.py:188} INFO - [2024-03-06T14:06:00.065+0000] {dag.py:3834} INFO - Setting next_dagrun for example_branch_python_operator_decorator to 2024-03-05 00:00:00+00:00, run_after=2024-03-06 00:00:00+00:00
[2024-03-06T14:06:00.087+0000] {processor.py:183} INFO - Processing /home/airflow/.local/lib/python3.11/site-packages/airflow/example_dags/example_branch_operator_decorator.py took 0.112 seconds
[2024-03-06T14:06:30.205+0000] {processor.py:161} INFO - Started process (PID=10860) to work on /home/airflow/.local/lib/python3.11/site-packages/airflow/example_dags/example_branch_operator_decorator.py
[2024-03-06T14:06:30.206+0000] {processor.py:830} INFO - Processing file /home/airflow/.local/lib/python3.11/site-packages/airflow/example_dags/example_branch_operator_decorator.py for tasks to queue
[2024-03-06T14:06:30.208+0000] {logging_mixin.py:188} INFO - [2024-03-06T14:06:30.207+0000] {dagbag.py:540} INFO - Filling up the DagBag from /home/airflow/.local/lib/python3.11/site-packages/airflow/example_dags/example_branch_operator_decorator.py
[2024-03-06T14:06:30.231+0000] {processor.py:840} INFO - DAG(s) 'example_branch_python_operator_decorator' retrieved from /home/airflow/.local/lib/python3.11/site-packages/airflow/example_dags/example_branch_operator_decorator.py
[2024-03-06T14:06:30.261+0000] {logging_mixin.py:188} INFO - [2024-03-06T14:06:30.260+0000] {dag.py:3047} INFO - Sync 1 DAGs
[2024-03-06T14:06:30.284+0000] {logging_mixin.py:188} INFO - [2024-03-06T14:06:30.284+0000] {dag.py:3834} INFO - Setting next_dagrun for example_branch_python_operator_decorator to 2024-03-05 00:00:00+00:00, run_after=2024-03-06 00:00:00+00:00
[2024-03-06T14:06:30.301+0000] {processor.py:183} INFO - Processing /home/airflow/.local/lib/python3.11/site-packages/airflow/example_dags/example_branch_operator_decorator.py took 0.100 seconds
[2024-03-06T14:07:01.131+0000] {processor.py:161} INFO - Started process (PID=11107) to work on /home/airflow/.local/lib/python3.11/site-packages/airflow/example_dags/example_branch_operator_decorator.py
[2024-03-06T14:07:01.133+0000] {processor.py:830} INFO - Processing file /home/airflow/.local/lib/python3.11/site-packages/airflow/example_dags/example_branch_operator_decorator.py for tasks to queue
[2024-03-06T14:07:01.135+0000] {logging_mixin.py:188} INFO - [2024-03-06T14:07:01.134+0000] {dagbag.py:540} INFO - Filling up the DagBag from /home/airflow/.local/lib/python3.11/site-packages/airflow/example_dags/example_branch_operator_decorator.py
[2024-03-06T14:07:01.182+0000] {processor.py:840} INFO - DAG(s) 'example_branch_python_operator_decorator' retrieved from /home/airflow/.local/lib/python3.11/site-packages/airflow/example_dags/example_branch_operator_decorator.py
[2024-03-06T14:07:01.232+0000] {logging_mixin.py:188} INFO - [2024-03-06T14:07:01.232+0000] {dag.py:3047} INFO - Sync 1 DAGs
[2024-03-06T14:07:01.270+0000] {logging_mixin.py:188} INFO - [2024-03-06T14:07:01.270+0000] {dag.py:3834} INFO - Setting next_dagrun for example_branch_python_operator_decorator to 2024-03-05 00:00:00+00:00, run_after=2024-03-06 00:00:00+00:00
[2024-03-06T14:07:01.325+0000] {processor.py:183} INFO - Processing /home/airflow/.local/lib/python3.11/site-packages/airflow/example_dags/example_branch_operator_decorator.py took 0.203 seconds
[2024-03-06T14:07:32.292+0000] {processor.py:161} INFO - Started process (PID=11356) to work on /home/airflow/.local/lib/python3.11/site-packages/airflow/example_dags/example_branch_operator_decorator.py
[2024-03-06T14:07:32.299+0000] {processor.py:830} INFO - Processing file /home/airflow/.local/lib/python3.11/site-packages/airflow/example_dags/example_branch_operator_decorator.py for tasks to queue
[2024-03-06T14:07:32.302+0000] {logging_mixin.py:188} INFO - [2024-03-06T14:07:32.301+0000] {dagbag.py:540} INFO - Filling up the DagBag from /home/airflow/.local/lib/python3.11/site-packages/airflow/example_dags/example_branch_operator_decorator.py
[2024-03-06T14:07:32.336+0000] {processor.py:840} INFO - DAG(s) 'example_branch_python_operator_decorator' retrieved from /home/airflow/.local/lib/python3.11/site-packages/airflow/example_dags/example_branch_operator_decorator.py
[2024-03-06T14:07:32.388+0000] {logging_mixin.py:188} INFO - [2024-03-06T14:07:32.388+0000] {dag.py:3047} INFO - Sync 1 DAGs
[2024-03-06T14:07:32.423+0000] {logging_mixin.py:188} INFO - [2024-03-06T14:07:32.423+0000] {dag.py:3834} INFO - Setting next_dagrun for example_branch_python_operator_decorator to 2024-03-05 00:00:00+00:00, run_after=2024-03-06 00:00:00+00:00
[2024-03-06T14:07:32.454+0000] {processor.py:183} INFO - Processing /home/airflow/.local/lib/python3.11/site-packages/airflow/example_dags/example_branch_operator_decorator.py took 0.167 seconds
[2024-03-06T14:08:02.672+0000] {processor.py:161} INFO - Started process (PID=11603) to work on /home/airflow/.local/lib/python3.11/site-packages/airflow/example_dags/example_branch_operator_decorator.py
[2024-03-06T14:08:02.673+0000] {processor.py:830} INFO - Processing file /home/airflow/.local/lib/python3.11/site-packages/airflow/example_dags/example_branch_operator_decorator.py for tasks to queue
[2024-03-06T14:08:02.676+0000] {logging_mixin.py:188} INFO - [2024-03-06T14:08:02.674+0000] {dagbag.py:540} INFO - Filling up the DagBag from /home/airflow/.local/lib/python3.11/site-packages/airflow/example_dags/example_branch_operator_decorator.py
[2024-03-06T14:08:02.725+0000] {processor.py:840} INFO - DAG(s) 'example_branch_python_operator_decorator' retrieved from /home/airflow/.local/lib/python3.11/site-packages/airflow/example_dags/example_branch_operator_decorator.py
[2024-03-06T14:08:02.786+0000] {logging_mixin.py:188} INFO - [2024-03-06T14:08:02.786+0000] {dag.py:3047} INFO - Sync 1 DAGs
[2024-03-06T14:08:02.819+0000] {logging_mixin.py:188} INFO - [2024-03-06T14:08:02.818+0000] {dag.py:3834} INFO - Setting next_dagrun for example_branch_python_operator_decorator to 2024-03-05 00:00:00+00:00, run_after=2024-03-06 00:00:00+00:00
[2024-03-06T14:08:02.880+0000] {processor.py:183} INFO - Processing /home/airflow/.local/lib/python3.11/site-packages/airflow/example_dags/example_branch_operator_decorator.py took 0.216 seconds
[2024-03-06T14:08:32.969+0000] {processor.py:161} INFO - Started process (PID=11853) to work on /home/airflow/.local/lib/python3.11/site-packages/airflow/example_dags/example_branch_operator_decorator.py
[2024-03-06T14:08:32.971+0000] {processor.py:830} INFO - Processing file /home/airflow/.local/lib/python3.11/site-packages/airflow/example_dags/example_branch_operator_decorator.py for tasks to queue
[2024-03-06T14:08:32.972+0000] {logging_mixin.py:188} INFO - [2024-03-06T14:08:32.972+0000] {dagbag.py:540} INFO - Filling up the DagBag from /home/airflow/.local/lib/python3.11/site-packages/airflow/example_dags/example_branch_operator_decorator.py
[2024-03-06T14:08:32.997+0000] {processor.py:840} INFO - DAG(s) 'example_branch_python_operator_decorator' retrieved from /home/airflow/.local/lib/python3.11/site-packages/airflow/example_dags/example_branch_operator_decorator.py
[2024-03-06T14:08:33.027+0000] {logging_mixin.py:188} INFO - [2024-03-06T14:08:33.026+0000] {dag.py:3047} INFO - Sync 1 DAGs
[2024-03-06T14:08:33.045+0000] {logging_mixin.py:188} INFO - [2024-03-06T14:08:33.045+0000] {dag.py:3834} INFO - Setting next_dagrun for example_branch_python_operator_decorator to 2024-03-05 00:00:00+00:00, run_after=2024-03-06 00:00:00+00:00
[2024-03-06T14:08:33.069+0000] {processor.py:183} INFO - Processing /home/airflow/.local/lib/python3.11/site-packages/airflow/example_dags/example_branch_operator_decorator.py took 0.103 seconds
[2024-03-06T14:09:03.467+0000] {processor.py:161} INFO - Started process (PID=12096) to work on /home/airflow/.local/lib/python3.11/site-packages/airflow/example_dags/example_branch_operator_decorator.py
[2024-03-06T14:09:03.468+0000] {processor.py:830} INFO - Processing file /home/airflow/.local/lib/python3.11/site-packages/airflow/example_dags/example_branch_operator_decorator.py for tasks to queue
[2024-03-06T14:09:03.469+0000] {logging_mixin.py:188} INFO - [2024-03-06T14:09:03.469+0000] {dagbag.py:540} INFO - Filling up the DagBag from /home/airflow/.local/lib/python3.11/site-packages/airflow/example_dags/example_branch_operator_decorator.py
[2024-03-06T14:09:03.488+0000] {processor.py:840} INFO - DAG(s) 'example_branch_python_operator_decorator' retrieved from /home/airflow/.local/lib/python3.11/site-packages/airflow/example_dags/example_branch_operator_decorator.py
[2024-03-06T14:09:03.517+0000] {logging_mixin.py:188} INFO - [2024-03-06T14:09:03.516+0000] {dag.py:3047} INFO - Sync 1 DAGs
[2024-03-06T14:09:03.539+0000] {logging_mixin.py:188} INFO - [2024-03-06T14:09:03.539+0000] {dag.py:3834} INFO - Setting next_dagrun for example_branch_python_operator_decorator to 2024-03-05 00:00:00+00:00, run_after=2024-03-06 00:00:00+00:00
[2024-03-06T14:09:03.559+0000] {processor.py:183} INFO - Processing /home/airflow/.local/lib/python3.11/site-packages/airflow/example_dags/example_branch_operator_decorator.py took 0.095 seconds
[2024-03-06T14:09:33.681+0000] {processor.py:161} INFO - Started process (PID=12342) to work on /home/airflow/.local/lib/python3.11/site-packages/airflow/example_dags/example_branch_operator_decorator.py
[2024-03-06T14:09:33.688+0000] {processor.py:830} INFO - Processing file /home/airflow/.local/lib/python3.11/site-packages/airflow/example_dags/example_branch_operator_decorator.py for tasks to queue
[2024-03-06T14:09:33.690+0000] {logging_mixin.py:188} INFO - [2024-03-06T14:09:33.689+0000] {dagbag.py:540} INFO - Filling up the DagBag from /home/airflow/.local/lib/python3.11/site-packages/airflow/example_dags/example_branch_operator_decorator.py
[2024-03-06T14:09:33.722+0000] {processor.py:840} INFO - DAG(s) 'example_branch_python_operator_decorator' retrieved from /home/airflow/.local/lib/python3.11/site-packages/airflow/example_dags/example_branch_operator_decorator.py
[2024-03-06T14:09:33.769+0000] {logging_mixin.py:188} INFO - [2024-03-06T14:09:33.769+0000] {dag.py:3047} INFO - Sync 1 DAGs
[2024-03-06T14:09:33.801+0000] {logging_mixin.py:188} INFO - [2024-03-06T14:09:33.800+0000] {dag.py:3834} INFO - Setting next_dagrun for example_branch_python_operator_decorator to 2024-03-05 00:00:00+00:00, run_after=2024-03-06 00:00:00+00:00
[2024-03-06T14:09:33.822+0000] {processor.py:183} INFO - Processing /home/airflow/.local/lib/python3.11/site-packages/airflow/example_dags/example_branch_operator_decorator.py took 0.145 seconds
[2024-03-06T14:10:04.513+0000] {processor.py:161} INFO - Started process (PID=12589) to work on /home/airflow/.local/lib/python3.11/site-packages/airflow/example_dags/example_branch_operator_decorator.py
[2024-03-06T14:10:04.515+0000] {processor.py:830} INFO - Processing file /home/airflow/.local/lib/python3.11/site-packages/airflow/example_dags/example_branch_operator_decorator.py for tasks to queue
[2024-03-06T14:10:04.516+0000] {logging_mixin.py:188} INFO - [2024-03-06T14:10:04.516+0000] {dagbag.py:540} INFO - Filling up the DagBag from /home/airflow/.local/lib/python3.11/site-packages/airflow/example_dags/example_branch_operator_decorator.py
[2024-03-06T14:10:04.541+0000] {processor.py:840} INFO - DAG(s) 'example_branch_python_operator_decorator' retrieved from /home/airflow/.local/lib/python3.11/site-packages/airflow/example_dags/example_branch_operator_decorator.py
[2024-03-06T14:10:04.571+0000] {logging_mixin.py:188} INFO - [2024-03-06T14:10:04.570+0000] {dag.py:3047} INFO - Sync 1 DAGs
[2024-03-06T14:10:04.600+0000] {logging_mixin.py:188} INFO - [2024-03-06T14:10:04.600+0000] {dag.py:3834} INFO - Setting next_dagrun for example_branch_python_operator_decorator to 2024-03-05 00:00:00+00:00, run_after=2024-03-06 00:00:00+00:00
[2024-03-06T14:10:04.621+0000] {processor.py:183} INFO - Processing /home/airflow/.local/lib/python3.11/site-packages/airflow/example_dags/example_branch_operator_decorator.py took 0.112 seconds
[2024-03-06T14:10:35.544+0000] {processor.py:161} INFO - Started process (PID=12836) to work on /home/airflow/.local/lib/python3.11/site-packages/airflow/example_dags/example_branch_operator_decorator.py
[2024-03-06T14:10:35.545+0000] {processor.py:830} INFO - Processing file /home/airflow/.local/lib/python3.11/site-packages/airflow/example_dags/example_branch_operator_decorator.py for tasks to queue
[2024-03-06T14:10:35.547+0000] {logging_mixin.py:188} INFO - [2024-03-06T14:10:35.546+0000] {dagbag.py:540} INFO - Filling up the DagBag from /home/airflow/.local/lib/python3.11/site-packages/airflow/example_dags/example_branch_operator_decorator.py
[2024-03-06T14:10:35.570+0000] {processor.py:840} INFO - DAG(s) 'example_branch_python_operator_decorator' retrieved from /home/airflow/.local/lib/python3.11/site-packages/airflow/example_dags/example_branch_operator_decorator.py
[2024-03-06T14:10:35.597+0000] {logging_mixin.py:188} INFO - [2024-03-06T14:10:35.597+0000] {dag.py:3047} INFO - Sync 1 DAGs
[2024-03-06T14:10:35.628+0000] {logging_mixin.py:188} INFO - [2024-03-06T14:10:35.628+0000] {dag.py:3834} INFO - Setting next_dagrun for example_branch_python_operator_decorator to 2024-03-05 00:00:00+00:00, run_after=2024-03-06 00:00:00+00:00
[2024-03-06T14:10:35.650+0000] {processor.py:183} INFO - Processing /home/airflow/.local/lib/python3.11/site-packages/airflow/example_dags/example_branch_operator_decorator.py took 0.109 seconds
[2024-03-06T14:11:05.715+0000] {processor.py:161} INFO - Started process (PID=13083) to work on /home/airflow/.local/lib/python3.11/site-packages/airflow/example_dags/example_branch_operator_decorator.py
[2024-03-06T14:11:05.716+0000] {processor.py:830} INFO - Processing file /home/airflow/.local/lib/python3.11/site-packages/airflow/example_dags/example_branch_operator_decorator.py for tasks to queue
[2024-03-06T14:11:05.717+0000] {logging_mixin.py:188} INFO - [2024-03-06T14:11:05.717+0000] {dagbag.py:540} INFO - Filling up the DagBag from /home/airflow/.local/lib/python3.11/site-packages/airflow/example_dags/example_branch_operator_decorator.py
[2024-03-06T14:11:05.737+0000] {processor.py:840} INFO - DAG(s) 'example_branch_python_operator_decorator' retrieved from /home/airflow/.local/lib/python3.11/site-packages/airflow/example_dags/example_branch_operator_decorator.py
[2024-03-06T14:11:05.759+0000] {logging_mixin.py:188} INFO - [2024-03-06T14:11:05.759+0000] {dag.py:3047} INFO - Sync 1 DAGs
[2024-03-06T14:11:05.779+0000] {logging_mixin.py:188} INFO - [2024-03-06T14:11:05.778+0000] {dag.py:3834} INFO - Setting next_dagrun for example_branch_python_operator_decorator to 2024-03-05 00:00:00+00:00, run_after=2024-03-06 00:00:00+00:00
[2024-03-06T14:11:05.800+0000] {processor.py:183} INFO - Processing /home/airflow/.local/lib/python3.11/site-packages/airflow/example_dags/example_branch_operator_decorator.py took 0.089 seconds
[2024-03-06T14:11:36.294+0000] {processor.py:161} INFO - Started process (PID=13330) to work on /home/airflow/.local/lib/python3.11/site-packages/airflow/example_dags/example_branch_operator_decorator.py
[2024-03-06T14:11:36.298+0000] {processor.py:830} INFO - Processing file /home/airflow/.local/lib/python3.11/site-packages/airflow/example_dags/example_branch_operator_decorator.py for tasks to queue
[2024-03-06T14:11:36.300+0000] {logging_mixin.py:188} INFO - [2024-03-06T14:11:36.299+0000] {dagbag.py:540} INFO - Filling up the DagBag from /home/airflow/.local/lib/python3.11/site-packages/airflow/example_dags/example_branch_operator_decorator.py
[2024-03-06T14:11:36.328+0000] {processor.py:840} INFO - DAG(s) 'example_branch_python_operator_decorator' retrieved from /home/airflow/.local/lib/python3.11/site-packages/airflow/example_dags/example_branch_operator_decorator.py
[2024-03-06T14:11:36.365+0000] {logging_mixin.py:188} INFO - [2024-03-06T14:11:36.365+0000] {dag.py:3047} INFO - Sync 1 DAGs
[2024-03-06T14:11:36.390+0000] {logging_mixin.py:188} INFO - [2024-03-06T14:11:36.390+0000] {dag.py:3834} INFO - Setting next_dagrun for example_branch_python_operator_decorator to 2024-03-05 00:00:00+00:00, run_after=2024-03-06 00:00:00+00:00
[2024-03-06T14:11:36.418+0000] {processor.py:183} INFO - Processing /home/airflow/.local/lib/python3.11/site-packages/airflow/example_dags/example_branch_operator_decorator.py took 0.129 seconds
[2024-03-06T14:12:07.103+0000] {processor.py:161} INFO - Started process (PID=13577) to work on /home/airflow/.local/lib/python3.11/site-packages/airflow/example_dags/example_branch_operator_decorator.py
[2024-03-06T14:12:07.105+0000] {processor.py:830} INFO - Processing file /home/airflow/.local/lib/python3.11/site-packages/airflow/example_dags/example_branch_operator_decorator.py for tasks to queue
[2024-03-06T14:12:07.106+0000] {logging_mixin.py:188} INFO - [2024-03-06T14:12:07.106+0000] {dagbag.py:540} INFO - Filling up the DagBag from /home/airflow/.local/lib/python3.11/site-packages/airflow/example_dags/example_branch_operator_decorator.py
[2024-03-06T14:12:07.135+0000] {processor.py:840} INFO - DAG(s) 'example_branch_python_operator_decorator' retrieved from /home/airflow/.local/lib/python3.11/site-packages/airflow/example_dags/example_branch_operator_decorator.py
[2024-03-06T14:12:07.169+0000] {logging_mixin.py:188} INFO - [2024-03-06T14:12:07.169+0000] {dag.py:3047} INFO - Sync 1 DAGs
[2024-03-06T14:12:07.201+0000] {logging_mixin.py:188} INFO - [2024-03-06T14:12:07.200+0000] {dag.py:3834} INFO - Setting next_dagrun for example_branch_python_operator_decorator to 2024-03-05 00:00:00+00:00, run_after=2024-03-06 00:00:00+00:00
[2024-03-06T14:12:07.219+0000] {processor.py:183} INFO - Processing /home/airflow/.local/lib/python3.11/site-packages/airflow/example_dags/example_branch_operator_decorator.py took 0.120 seconds
[2024-03-06T14:12:37.532+0000] {processor.py:161} INFO - Started process (PID=13824) to work on /home/airflow/.local/lib/python3.11/site-packages/airflow/example_dags/example_branch_operator_decorator.py
[2024-03-06T14:12:37.536+0000] {processor.py:830} INFO - Processing file /home/airflow/.local/lib/python3.11/site-packages/airflow/example_dags/example_branch_operator_decorator.py for tasks to queue
[2024-03-06T14:12:37.541+0000] {logging_mixin.py:188} INFO - [2024-03-06T14:12:37.540+0000] {dagbag.py:540} INFO - Filling up the DagBag from /home/airflow/.local/lib/python3.11/site-packages/airflow/example_dags/example_branch_operator_decorator.py
[2024-03-06T14:12:37.584+0000] {processor.py:840} INFO - DAG(s) 'example_branch_python_operator_decorator' retrieved from /home/airflow/.local/lib/python3.11/site-packages/airflow/example_dags/example_branch_operator_decorator.py
[2024-03-06T14:12:37.609+0000] {logging_mixin.py:188} INFO - [2024-03-06T14:12:37.609+0000] {dag.py:3047} INFO - Sync 1 DAGs
[2024-03-06T14:12:37.632+0000] {logging_mixin.py:188} INFO - [2024-03-06T14:12:37.632+0000] {dag.py:3834} INFO - Setting next_dagrun for example_branch_python_operator_decorator to 2024-03-05 00:00:00+00:00, run_after=2024-03-06 00:00:00+00:00
[2024-03-06T14:12:37.649+0000] {processor.py:183} INFO - Processing /home/airflow/.local/lib/python3.11/site-packages/airflow/example_dags/example_branch_operator_decorator.py took 0.126 seconds
[2024-03-06T14:13:08.348+0000] {processor.py:161} INFO - Started process (PID=14071) to work on /home/airflow/.local/lib/python3.11/site-packages/airflow/example_dags/example_branch_operator_decorator.py
[2024-03-06T14:13:08.349+0000] {processor.py:830} INFO - Processing file /home/airflow/.local/lib/python3.11/site-packages/airflow/example_dags/example_branch_operator_decorator.py for tasks to queue
[2024-03-06T14:13:08.351+0000] {logging_mixin.py:188} INFO - [2024-03-06T14:13:08.350+0000] {dagbag.py:540} INFO - Filling up the DagBag from /home/airflow/.local/lib/python3.11/site-packages/airflow/example_dags/example_branch_operator_decorator.py
[2024-03-06T14:13:08.374+0000] {processor.py:840} INFO - DAG(s) 'example_branch_python_operator_decorator' retrieved from /home/airflow/.local/lib/python3.11/site-packages/airflow/example_dags/example_branch_operator_decorator.py
[2024-03-06T14:13:08.397+0000] {logging_mixin.py:188} INFO - [2024-03-06T14:13:08.397+0000] {dag.py:3047} INFO - Sync 1 DAGs
[2024-03-06T14:13:08.424+0000] {logging_mixin.py:188} INFO - [2024-03-06T14:13:08.424+0000] {dag.py:3834} INFO - Setting next_dagrun for example_branch_python_operator_decorator to 2024-03-05 00:00:00+00:00, run_after=2024-03-06 00:00:00+00:00
[2024-03-06T14:13:08.442+0000] {processor.py:183} INFO - Processing /home/airflow/.local/lib/python3.11/site-packages/airflow/example_dags/example_branch_operator_decorator.py took 0.097 seconds
[2024-03-06T14:13:38.997+0000] {processor.py:161} INFO - Started process (PID=14318) to work on /home/airflow/.local/lib/python3.11/site-packages/airflow/example_dags/example_branch_operator_decorator.py
[2024-03-06T14:13:39.000+0000] {processor.py:830} INFO - Processing file /home/airflow/.local/lib/python3.11/site-packages/airflow/example_dags/example_branch_operator_decorator.py for tasks to queue
[2024-03-06T14:13:39.001+0000] {logging_mixin.py:188} INFO - [2024-03-06T14:13:39.001+0000] {dagbag.py:540} INFO - Filling up the DagBag from /home/airflow/.local/lib/python3.11/site-packages/airflow/example_dags/example_branch_operator_decorator.py
[2024-03-06T14:13:39.025+0000] {processor.py:840} INFO - DAG(s) 'example_branch_python_operator_decorator' retrieved from /home/airflow/.local/lib/python3.11/site-packages/airflow/example_dags/example_branch_operator_decorator.py
[2024-03-06T14:13:39.051+0000] {logging_mixin.py:188} INFO - [2024-03-06T14:13:39.050+0000] {dag.py:3047} INFO - Sync 1 DAGs
[2024-03-06T14:13:39.070+0000] {logging_mixin.py:188} INFO - [2024-03-06T14:13:39.070+0000] {dag.py:3834} INFO - Setting next_dagrun for example_branch_python_operator_decorator to 2024-03-05 00:00:00+00:00, run_after=2024-03-06 00:00:00+00:00
[2024-03-06T14:13:39.092+0000] {processor.py:183} INFO - Processing /home/airflow/.local/lib/python3.11/site-packages/airflow/example_dags/example_branch_operator_decorator.py took 0.098 seconds
[2024-03-06T14:14:09.948+0000] {processor.py:161} INFO - Started process (PID=14565) to work on /home/airflow/.local/lib/python3.11/site-packages/airflow/example_dags/example_branch_operator_decorator.py
[2024-03-06T14:14:09.949+0000] {processor.py:830} INFO - Processing file /home/airflow/.local/lib/python3.11/site-packages/airflow/example_dags/example_branch_operator_decorator.py for tasks to queue
[2024-03-06T14:14:09.951+0000] {logging_mixin.py:188} INFO - [2024-03-06T14:14:09.950+0000] {dagbag.py:540} INFO - Filling up the DagBag from /home/airflow/.local/lib/python3.11/site-packages/airflow/example_dags/example_branch_operator_decorator.py
[2024-03-06T14:14:09.974+0000] {processor.py:840} INFO - DAG(s) 'example_branch_python_operator_decorator' retrieved from /home/airflow/.local/lib/python3.11/site-packages/airflow/example_dags/example_branch_operator_decorator.py
[2024-03-06T14:14:10.007+0000] {logging_mixin.py:188} INFO - [2024-03-06T14:14:10.007+0000] {dag.py:3047} INFO - Sync 1 DAGs
[2024-03-06T14:14:10.033+0000] {logging_mixin.py:188} INFO - [2024-03-06T14:14:10.032+0000] {dag.py:3834} INFO - Setting next_dagrun for example_branch_python_operator_decorator to 2024-03-05 00:00:00+00:00, run_after=2024-03-06 00:00:00+00:00
[2024-03-06T14:14:10.053+0000] {processor.py:183} INFO - Processing /home/airflow/.local/lib/python3.11/site-packages/airflow/example_dags/example_branch_operator_decorator.py took 0.110 seconds
[2024-03-06T14:14:40.155+0000] {processor.py:161} INFO - Started process (PID=14812) to work on /home/airflow/.local/lib/python3.11/site-packages/airflow/example_dags/example_branch_operator_decorator.py
[2024-03-06T14:14:40.162+0000] {processor.py:830} INFO - Processing file /home/airflow/.local/lib/python3.11/site-packages/airflow/example_dags/example_branch_operator_decorator.py for tasks to queue
[2024-03-06T14:14:40.164+0000] {logging_mixin.py:188} INFO - [2024-03-06T14:14:40.163+0000] {dagbag.py:540} INFO - Filling up the DagBag from /home/airflow/.local/lib/python3.11/site-packages/airflow/example_dags/example_branch_operator_decorator.py
[2024-03-06T14:14:40.188+0000] {processor.py:840} INFO - DAG(s) 'example_branch_python_operator_decorator' retrieved from /home/airflow/.local/lib/python3.11/site-packages/airflow/example_dags/example_branch_operator_decorator.py
[2024-03-06T14:14:40.219+0000] {logging_mixin.py:188} INFO - [2024-03-06T14:14:40.218+0000] {dag.py:3047} INFO - Sync 1 DAGs
[2024-03-06T14:14:40.248+0000] {logging_mixin.py:188} INFO - [2024-03-06T14:14:40.247+0000] {dag.py:3834} INFO - Setting next_dagrun for example_branch_python_operator_decorator to 2024-03-05 00:00:00+00:00, run_after=2024-03-06 00:00:00+00:00
[2024-03-06T14:14:40.266+0000] {processor.py:183} INFO - Processing /home/airflow/.local/lib/python3.11/site-packages/airflow/example_dags/example_branch_operator_decorator.py took 0.115 seconds
[2024-03-06T14:15:10.317+0000] {processor.py:161} INFO - Started process (PID=15059) to work on /home/airflow/.local/lib/python3.11/site-packages/airflow/example_dags/example_branch_operator_decorator.py
[2024-03-06T14:15:10.321+0000] {processor.py:830} INFO - Processing file /home/airflow/.local/lib/python3.11/site-packages/airflow/example_dags/example_branch_operator_decorator.py for tasks to queue
[2024-03-06T14:15:10.323+0000] {logging_mixin.py:188} INFO - [2024-03-06T14:15:10.323+0000] {dagbag.py:540} INFO - Filling up the DagBag from /home/airflow/.local/lib/python3.11/site-packages/airflow/example_dags/example_branch_operator_decorator.py
[2024-03-06T14:15:10.359+0000] {processor.py:840} INFO - DAG(s) 'example_branch_python_operator_decorator' retrieved from /home/airflow/.local/lib/python3.11/site-packages/airflow/example_dags/example_branch_operator_decorator.py
[2024-03-06T14:15:10.390+0000] {logging_mixin.py:188} INFO - [2024-03-06T14:15:10.390+0000] {dag.py:3047} INFO - Sync 1 DAGs
[2024-03-06T14:15:10.423+0000] {logging_mixin.py:188} INFO - [2024-03-06T14:15:10.422+0000] {dag.py:3834} INFO - Setting next_dagrun for example_branch_python_operator_decorator to 2024-03-05 00:00:00+00:00, run_after=2024-03-06 00:00:00+00:00
[2024-03-06T14:15:10.444+0000] {processor.py:183} INFO - Processing /home/airflow/.local/lib/python3.11/site-packages/airflow/example_dags/example_branch_operator_decorator.py took 0.132 seconds
[2024-03-06T14:15:41.334+0000] {processor.py:161} INFO - Started process (PID=15306) to work on /home/airflow/.local/lib/python3.11/site-packages/airflow/example_dags/example_branch_operator_decorator.py
[2024-03-06T14:15:41.335+0000] {processor.py:830} INFO - Processing file /home/airflow/.local/lib/python3.11/site-packages/airflow/example_dags/example_branch_operator_decorator.py for tasks to queue
[2024-03-06T14:15:41.336+0000] {logging_mixin.py:188} INFO - [2024-03-06T14:15:41.336+0000] {dagbag.py:540} INFO - Filling up the DagBag from /home/airflow/.local/lib/python3.11/site-packages/airflow/example_dags/example_branch_operator_decorator.py
[2024-03-06T14:15:41.356+0000] {processor.py:840} INFO - DAG(s) 'example_branch_python_operator_decorator' retrieved from /home/airflow/.local/lib/python3.11/site-packages/airflow/example_dags/example_branch_operator_decorator.py
[2024-03-06T14:15:41.378+0000] {logging_mixin.py:188} INFO - [2024-03-06T14:15:41.377+0000] {dag.py:3047} INFO - Sync 1 DAGs
[2024-03-06T14:15:41.397+0000] {logging_mixin.py:188} INFO - [2024-03-06T14:15:41.397+0000] {dag.py:3834} INFO - Setting next_dagrun for example_branch_python_operator_decorator to 2024-03-05 00:00:00+00:00, run_after=2024-03-06 00:00:00+00:00
[2024-03-06T14:15:41.417+0000] {processor.py:183} INFO - Processing /home/airflow/.local/lib/python3.11/site-packages/airflow/example_dags/example_branch_operator_decorator.py took 0.087 seconds
[2024-03-06T14:16:11.618+0000] {processor.py:161} INFO - Started process (PID=15553) to work on /home/airflow/.local/lib/python3.11/site-packages/airflow/example_dags/example_branch_operator_decorator.py
[2024-03-06T14:16:11.619+0000] {processor.py:830} INFO - Processing file /home/airflow/.local/lib/python3.11/site-packages/airflow/example_dags/example_branch_operator_decorator.py for tasks to queue
[2024-03-06T14:16:11.621+0000] {logging_mixin.py:188} INFO - [2024-03-06T14:16:11.620+0000] {dagbag.py:540} INFO - Filling up the DagBag from /home/airflow/.local/lib/python3.11/site-packages/airflow/example_dags/example_branch_operator_decorator.py
[2024-03-06T14:16:11.639+0000] {processor.py:840} INFO - DAG(s) 'example_branch_python_operator_decorator' retrieved from /home/airflow/.local/lib/python3.11/site-packages/airflow/example_dags/example_branch_operator_decorator.py
[2024-03-06T14:16:11.663+0000] {logging_mixin.py:188} INFO - [2024-03-06T14:16:11.663+0000] {dag.py:3047} INFO - Sync 1 DAGs
[2024-03-06T14:16:11.688+0000] {logging_mixin.py:188} INFO - [2024-03-06T14:16:11.687+0000] {dag.py:3834} INFO - Setting next_dagrun for example_branch_python_operator_decorator to 2024-03-05 00:00:00+00:00, run_after=2024-03-06 00:00:00+00:00
[2024-03-06T14:16:11.708+0000] {processor.py:183} INFO - Processing /home/airflow/.local/lib/python3.11/site-packages/airflow/example_dags/example_branch_operator_decorator.py took 0.093 seconds
[2024-03-06T14:16:42.414+0000] {processor.py:161} INFO - Started process (PID=15800) to work on /home/airflow/.local/lib/python3.11/site-packages/airflow/example_dags/example_branch_operator_decorator.py
[2024-03-06T14:16:42.416+0000] {processor.py:830} INFO - Processing file /home/airflow/.local/lib/python3.11/site-packages/airflow/example_dags/example_branch_operator_decorator.py for tasks to queue
[2024-03-06T14:16:42.420+0000] {logging_mixin.py:188} INFO - [2024-03-06T14:16:42.419+0000] {dagbag.py:540} INFO - Filling up the DagBag from /home/airflow/.local/lib/python3.11/site-packages/airflow/example_dags/example_branch_operator_decorator.py
[2024-03-06T14:16:42.461+0000] {processor.py:840} INFO - DAG(s) 'example_branch_python_operator_decorator' retrieved from /home/airflow/.local/lib/python3.11/site-packages/airflow/example_dags/example_branch_operator_decorator.py
[2024-03-06T14:16:42.483+0000] {logging_mixin.py:188} INFO - [2024-03-06T14:16:42.483+0000] {dag.py:3047} INFO - Sync 1 DAGs
[2024-03-06T14:16:42.505+0000] {logging_mixin.py:188} INFO - [2024-03-06T14:16:42.504+0000] {dag.py:3834} INFO - Setting next_dagrun for example_branch_python_operator_decorator to 2024-03-05 00:00:00+00:00, run_after=2024-03-06 00:00:00+00:00
[2024-03-06T14:16:42.522+0000] {processor.py:183} INFO - Processing /home/airflow/.local/lib/python3.11/site-packages/airflow/example_dags/example_branch_operator_decorator.py took 0.116 seconds
[2024-03-06T14:17:12.674+0000] {processor.py:161} INFO - Started process (PID=16047) to work on /home/airflow/.local/lib/python3.11/site-packages/airflow/example_dags/example_branch_operator_decorator.py
[2024-03-06T14:17:12.676+0000] {processor.py:830} INFO - Processing file /home/airflow/.local/lib/python3.11/site-packages/airflow/example_dags/example_branch_operator_decorator.py for tasks to queue
[2024-03-06T14:17:12.684+0000] {logging_mixin.py:188} INFO - [2024-03-06T14:17:12.684+0000] {dagbag.py:540} INFO - Filling up the DagBag from /home/airflow/.local/lib/python3.11/site-packages/airflow/example_dags/example_branch_operator_decorator.py
[2024-03-06T14:17:12.717+0000] {processor.py:840} INFO - DAG(s) 'example_branch_python_operator_decorator' retrieved from /home/airflow/.local/lib/python3.11/site-packages/airflow/example_dags/example_branch_operator_decorator.py
[2024-03-06T14:17:12.773+0000] {logging_mixin.py:188} INFO - [2024-03-06T14:17:12.773+0000] {dag.py:3047} INFO - Sync 1 DAGs
[2024-03-06T14:17:12.824+0000] {logging_mixin.py:188} INFO - [2024-03-06T14:17:12.823+0000] {dag.py:3834} INFO - Setting next_dagrun for example_branch_python_operator_decorator to 2024-03-05 00:00:00+00:00, run_after=2024-03-06 00:00:00+00:00
[2024-03-06T14:17:12.851+0000] {processor.py:183} INFO - Processing /home/airflow/.local/lib/python3.11/site-packages/airflow/example_dags/example_branch_operator_decorator.py took 0.181 seconds
[2024-03-06T14:17:43.344+0000] {processor.py:161} INFO - Started process (PID=16292) to work on /home/airflow/.local/lib/python3.11/site-packages/airflow/example_dags/example_branch_operator_decorator.py
[2024-03-06T14:17:43.349+0000] {processor.py:830} INFO - Processing file /home/airflow/.local/lib/python3.11/site-packages/airflow/example_dags/example_branch_operator_decorator.py for tasks to queue
[2024-03-06T14:17:43.351+0000] {logging_mixin.py:188} INFO - [2024-03-06T14:17:43.351+0000] {dagbag.py:540} INFO - Filling up the DagBag from /home/airflow/.local/lib/python3.11/site-packages/airflow/example_dags/example_branch_operator_decorator.py
[2024-03-06T14:17:43.404+0000] {processor.py:840} INFO - DAG(s) 'example_branch_python_operator_decorator' retrieved from /home/airflow/.local/lib/python3.11/site-packages/airflow/example_dags/example_branch_operator_decorator.py
[2024-03-06T14:17:43.455+0000] {logging_mixin.py:188} INFO - [2024-03-06T14:17:43.455+0000] {dag.py:3047} INFO - Sync 1 DAGs
[2024-03-06T14:17:43.489+0000] {logging_mixin.py:188} INFO - [2024-03-06T14:17:43.488+0000] {dag.py:3834} INFO - Setting next_dagrun for example_branch_python_operator_decorator to 2024-03-05 00:00:00+00:00, run_after=2024-03-06 00:00:00+00:00
[2024-03-06T14:17:43.527+0000] {processor.py:183} INFO - Processing /home/airflow/.local/lib/python3.11/site-packages/airflow/example_dags/example_branch_operator_decorator.py took 0.190 seconds
[2024-03-06T14:18:14.632+0000] {processor.py:161} INFO - Started process (PID=16541) to work on /home/airflow/.local/lib/python3.11/site-packages/airflow/example_dags/example_branch_operator_decorator.py
[2024-03-06T14:18:14.638+0000] {processor.py:830} INFO - Processing file /home/airflow/.local/lib/python3.11/site-packages/airflow/example_dags/example_branch_operator_decorator.py for tasks to queue
[2024-03-06T14:18:14.656+0000] {logging_mixin.py:188} INFO - [2024-03-06T14:18:14.655+0000] {dagbag.py:540} INFO - Filling up the DagBag from /home/airflow/.local/lib/python3.11/site-packages/airflow/example_dags/example_branch_operator_decorator.py
[2024-03-06T14:18:14.770+0000] {processor.py:840} INFO - DAG(s) 'example_branch_python_operator_decorator' retrieved from /home/airflow/.local/lib/python3.11/site-packages/airflow/example_dags/example_branch_operator_decorator.py
[2024-03-06T14:18:14.887+0000] {logging_mixin.py:188} INFO - [2024-03-06T14:18:14.887+0000] {dag.py:3047} INFO - Sync 1 DAGs
[2024-03-06T14:18:14.956+0000] {logging_mixin.py:188} INFO - [2024-03-06T14:18:14.955+0000] {dag.py:3834} INFO - Setting next_dagrun for example_branch_python_operator_decorator to 2024-03-05 00:00:00+00:00, run_after=2024-03-06 00:00:00+00:00
[2024-03-06T14:18:15.012+0000] {processor.py:183} INFO - Processing /home/airflow/.local/lib/python3.11/site-packages/airflow/example_dags/example_branch_operator_decorator.py took 0.394 seconds
[2024-03-06T14:18:45.712+0000] {processor.py:161} INFO - Started process (PID=16787) to work on /home/airflow/.local/lib/python3.11/site-packages/airflow/example_dags/example_branch_operator_decorator.py
[2024-03-06T14:18:45.718+0000] {processor.py:830} INFO - Processing file /home/airflow/.local/lib/python3.11/site-packages/airflow/example_dags/example_branch_operator_decorator.py for tasks to queue
[2024-03-06T14:18:45.728+0000] {logging_mixin.py:188} INFO - [2024-03-06T14:18:45.727+0000] {dagbag.py:540} INFO - Filling up the DagBag from /home/airflow/.local/lib/python3.11/site-packages/airflow/example_dags/example_branch_operator_decorator.py
[2024-03-06T14:18:45.833+0000] {processor.py:840} INFO - DAG(s) 'example_branch_python_operator_decorator' retrieved from /home/airflow/.local/lib/python3.11/site-packages/airflow/example_dags/example_branch_operator_decorator.py
[2024-03-06T14:18:45.982+0000] {logging_mixin.py:188} INFO - [2024-03-06T14:18:45.981+0000] {dag.py:3047} INFO - Sync 1 DAGs
[2024-03-06T14:18:46.077+0000] {logging_mixin.py:188} INFO - [2024-03-06T14:18:46.076+0000] {dag.py:3834} INFO - Setting next_dagrun for example_branch_python_operator_decorator to 2024-03-05 00:00:00+00:00, run_after=2024-03-06 00:00:00+00:00
[2024-03-06T14:18:46.169+0000] {processor.py:183} INFO - Processing /home/airflow/.local/lib/python3.11/site-packages/airflow/example_dags/example_branch_operator_decorator.py took 0.464 seconds
[2024-03-06T14:19:16.441+0000] {processor.py:161} INFO - Started process (PID=17032) to work on /home/airflow/.local/lib/python3.11/site-packages/airflow/example_dags/example_branch_operator_decorator.py
[2024-03-06T14:19:16.443+0000] {processor.py:830} INFO - Processing file /home/airflow/.local/lib/python3.11/site-packages/airflow/example_dags/example_branch_operator_decorator.py for tasks to queue
[2024-03-06T14:19:16.445+0000] {logging_mixin.py:188} INFO - [2024-03-06T14:19:16.445+0000] {dagbag.py:540} INFO - Filling up the DagBag from /home/airflow/.local/lib/python3.11/site-packages/airflow/example_dags/example_branch_operator_decorator.py
[2024-03-06T14:19:16.506+0000] {processor.py:840} INFO - DAG(s) 'example_branch_python_operator_decorator' retrieved from /home/airflow/.local/lib/python3.11/site-packages/airflow/example_dags/example_branch_operator_decorator.py
[2024-03-06T14:19:16.558+0000] {logging_mixin.py:188} INFO - [2024-03-06T14:19:16.558+0000] {dag.py:3047} INFO - Sync 1 DAGs
[2024-03-06T14:19:16.627+0000] {logging_mixin.py:188} INFO - [2024-03-06T14:19:16.627+0000] {dag.py:3834} INFO - Setting next_dagrun for example_branch_python_operator_decorator to 2024-03-05 00:00:00+00:00, run_after=2024-03-06 00:00:00+00:00
[2024-03-06T14:19:16.685+0000] {processor.py:183} INFO - Processing /home/airflow/.local/lib/python3.11/site-packages/airflow/example_dags/example_branch_operator_decorator.py took 0.253 seconds
