[2024-03-06T13:44:37.349+0000] {processor.py:161} INFO - Started process (PID=269) to work on /home/airflow/.local/lib/python3.11/site-packages/airflow/example_dags/example_task_group.py
[2024-03-06T13:44:37.351+0000] {processor.py:830} INFO - Processing file /home/airflow/.local/lib/python3.11/site-packages/airflow/example_dags/example_task_group.py for tasks to queue
[2024-03-06T13:44:37.352+0000] {logging_mixin.py:188} INFO - [2024-03-06T13:44:37.351+0000] {dagbag.py:540} INFO - Filling up the DagBag from /home/airflow/.local/lib/python3.11/site-packages/airflow/example_dags/example_task_group.py
[2024-03-06T13:44:37.365+0000] {processor.py:840} INFO - DAG(s) 'example_task_group' retrieved from /home/airflow/.local/lib/python3.11/site-packages/airflow/example_dags/example_task_group.py
[2024-03-06T13:44:37.394+0000] {logging_mixin.py:188} INFO - [2024-03-06T13:44:37.394+0000] {dag.py:3047} INFO - Sync 1 DAGs
[2024-03-06T13:44:37.425+0000] {logging_mixin.py:188} INFO - [2024-03-06T13:44:37.425+0000] {dag.py:3834} INFO - Setting next_dagrun for example_task_group to 2024-03-05 00:00:00+00:00, run_after=2024-03-06 00:00:00+00:00
[2024-03-06T13:44:37.449+0000] {processor.py:183} INFO - Processing /home/airflow/.local/lib/python3.11/site-packages/airflow/example_dags/example_task_group.py took 0.104 seconds
[2024-03-06T13:45:07.796+0000] {processor.py:161} INFO - Started process (PID=515) to work on /home/airflow/.local/lib/python3.11/site-packages/airflow/example_dags/example_task_group.py
[2024-03-06T13:45:07.797+0000] {processor.py:830} INFO - Processing file /home/airflow/.local/lib/python3.11/site-packages/airflow/example_dags/example_task_group.py for tasks to queue
[2024-03-06T13:45:07.799+0000] {logging_mixin.py:188} INFO - [2024-03-06T13:45:07.798+0000] {dagbag.py:540} INFO - Filling up the DagBag from /home/airflow/.local/lib/python3.11/site-packages/airflow/example_dags/example_task_group.py
[2024-03-06T13:45:07.809+0000] {processor.py:840} INFO - DAG(s) 'example_task_group' retrieved from /home/airflow/.local/lib/python3.11/site-packages/airflow/example_dags/example_task_group.py
[2024-03-06T13:45:07.833+0000] {logging_mixin.py:188} INFO - [2024-03-06T13:45:07.833+0000] {dag.py:3047} INFO - Sync 1 DAGs
[2024-03-06T13:45:07.856+0000] {logging_mixin.py:188} INFO - [2024-03-06T13:45:07.856+0000] {dag.py:3834} INFO - Setting next_dagrun for example_task_group to 2024-03-05 00:00:00+00:00, run_after=2024-03-06 00:00:00+00:00
[2024-03-06T13:45:07.875+0000] {processor.py:183} INFO - Processing /home/airflow/.local/lib/python3.11/site-packages/airflow/example_dags/example_task_group.py took 0.081 seconds
[2024-03-06T13:45:38.069+0000] {processor.py:161} INFO - Started process (PID=761) to work on /home/airflow/.local/lib/python3.11/site-packages/airflow/example_dags/example_task_group.py
[2024-03-06T13:45:38.071+0000] {processor.py:830} INFO - Processing file /home/airflow/.local/lib/python3.11/site-packages/airflow/example_dags/example_task_group.py for tasks to queue
[2024-03-06T13:45:38.072+0000] {logging_mixin.py:188} INFO - [2024-03-06T13:45:38.071+0000] {dagbag.py:540} INFO - Filling up the DagBag from /home/airflow/.local/lib/python3.11/site-packages/airflow/example_dags/example_task_group.py
[2024-03-06T13:45:38.087+0000] {processor.py:840} INFO - DAG(s) 'example_task_group' retrieved from /home/airflow/.local/lib/python3.11/site-packages/airflow/example_dags/example_task_group.py
[2024-03-06T13:45:38.184+0000] {logging_mixin.py:188} INFO - [2024-03-06T13:45:38.183+0000] {dag.py:3047} INFO - Sync 1 DAGs
[2024-03-06T13:45:38.267+0000] {logging_mixin.py:188} INFO - [2024-03-06T13:45:38.266+0000] {dag.py:3834} INFO - Setting next_dagrun for example_task_group to 2024-03-05 00:00:00+00:00, run_after=2024-03-06 00:00:00+00:00
[2024-03-06T13:45:38.329+0000] {processor.py:183} INFO - Processing /home/airflow/.local/lib/python3.11/site-packages/airflow/example_dags/example_task_group.py took 0.264 seconds
[2024-03-06T13:46:09.272+0000] {processor.py:161} INFO - Started process (PID=1008) to work on /home/airflow/.local/lib/python3.11/site-packages/airflow/example_dags/example_task_group.py
[2024-03-06T13:46:09.273+0000] {processor.py:830} INFO - Processing file /home/airflow/.local/lib/python3.11/site-packages/airflow/example_dags/example_task_group.py for tasks to queue
[2024-03-06T13:46:09.274+0000] {logging_mixin.py:188} INFO - [2024-03-06T13:46:09.273+0000] {dagbag.py:540} INFO - Filling up the DagBag from /home/airflow/.local/lib/python3.11/site-packages/airflow/example_dags/example_task_group.py
[2024-03-06T13:46:09.282+0000] {processor.py:840} INFO - DAG(s) 'example_task_group' retrieved from /home/airflow/.local/lib/python3.11/site-packages/airflow/example_dags/example_task_group.py
[2024-03-06T13:46:09.301+0000] {logging_mixin.py:188} INFO - [2024-03-06T13:46:09.301+0000] {dag.py:3047} INFO - Sync 1 DAGs
[2024-03-06T13:46:09.322+0000] {logging_mixin.py:188} INFO - [2024-03-06T13:46:09.322+0000] {dag.py:3834} INFO - Setting next_dagrun for example_task_group to 2024-03-05 00:00:00+00:00, run_after=2024-03-06 00:00:00+00:00
[2024-03-06T13:46:09.344+0000] {processor.py:183} INFO - Processing /home/airflow/.local/lib/python3.11/site-packages/airflow/example_dags/example_task_group.py took 0.075 seconds
[2024-03-06T13:46:40.356+0000] {processor.py:161} INFO - Started process (PID=1255) to work on /home/airflow/.local/lib/python3.11/site-packages/airflow/example_dags/example_task_group.py
[2024-03-06T13:46:40.360+0000] {processor.py:830} INFO - Processing file /home/airflow/.local/lib/python3.11/site-packages/airflow/example_dags/example_task_group.py for tasks to queue
[2024-03-06T13:46:40.369+0000] {logging_mixin.py:188} INFO - [2024-03-06T13:46:40.368+0000] {dagbag.py:540} INFO - Filling up the DagBag from /home/airflow/.local/lib/python3.11/site-packages/airflow/example_dags/example_task_group.py
[2024-03-06T13:46:40.411+0000] {processor.py:840} INFO - DAG(s) 'example_task_group' retrieved from /home/airflow/.local/lib/python3.11/site-packages/airflow/example_dags/example_task_group.py
[2024-03-06T13:46:40.465+0000] {logging_mixin.py:188} INFO - [2024-03-06T13:46:40.464+0000] {dag.py:3047} INFO - Sync 1 DAGs
[2024-03-06T13:46:40.516+0000] {logging_mixin.py:188} INFO - [2024-03-06T13:46:40.514+0000] {dag.py:3834} INFO - Setting next_dagrun for example_task_group to 2024-03-05 00:00:00+00:00, run_after=2024-03-06 00:00:00+00:00
[2024-03-06T13:46:40.578+0000] {processor.py:183} INFO - Processing /home/airflow/.local/lib/python3.11/site-packages/airflow/example_dags/example_task_group.py took 0.236 seconds
[2024-03-06T13:47:11.526+0000] {processor.py:161} INFO - Started process (PID=1502) to work on /home/airflow/.local/lib/python3.11/site-packages/airflow/example_dags/example_task_group.py
[2024-03-06T13:47:11.528+0000] {processor.py:830} INFO - Processing file /home/airflow/.local/lib/python3.11/site-packages/airflow/example_dags/example_task_group.py for tasks to queue
[2024-03-06T13:47:11.530+0000] {logging_mixin.py:188} INFO - [2024-03-06T13:47:11.529+0000] {dagbag.py:540} INFO - Filling up the DagBag from /home/airflow/.local/lib/python3.11/site-packages/airflow/example_dags/example_task_group.py
[2024-03-06T13:47:11.545+0000] {processor.py:840} INFO - DAG(s) 'example_task_group' retrieved from /home/airflow/.local/lib/python3.11/site-packages/airflow/example_dags/example_task_group.py
[2024-03-06T13:47:11.575+0000] {logging_mixin.py:188} INFO - [2024-03-06T13:47:11.575+0000] {dag.py:3047} INFO - Sync 1 DAGs
[2024-03-06T13:47:11.610+0000] {logging_mixin.py:188} INFO - [2024-03-06T13:47:11.610+0000] {dag.py:3834} INFO - Setting next_dagrun for example_task_group to 2024-03-05 00:00:00+00:00, run_after=2024-03-06 00:00:00+00:00
[2024-03-06T13:47:11.644+0000] {processor.py:183} INFO - Processing /home/airflow/.local/lib/python3.11/site-packages/airflow/example_dags/example_task_group.py took 0.124 seconds
[2024-03-06T13:47:42.267+0000] {processor.py:161} INFO - Started process (PID=1749) to work on /home/airflow/.local/lib/python3.11/site-packages/airflow/example_dags/example_task_group.py
[2024-03-06T13:47:42.271+0000] {processor.py:830} INFO - Processing file /home/airflow/.local/lib/python3.11/site-packages/airflow/example_dags/example_task_group.py for tasks to queue
[2024-03-06T13:47:42.276+0000] {logging_mixin.py:188} INFO - [2024-03-06T13:47:42.275+0000] {dagbag.py:540} INFO - Filling up the DagBag from /home/airflow/.local/lib/python3.11/site-packages/airflow/example_dags/example_task_group.py
[2024-03-06T13:47:42.295+0000] {processor.py:840} INFO - DAG(s) 'example_task_group' retrieved from /home/airflow/.local/lib/python3.11/site-packages/airflow/example_dags/example_task_group.py
[2024-03-06T13:47:42.334+0000] {logging_mixin.py:188} INFO - [2024-03-06T13:47:42.334+0000] {dag.py:3047} INFO - Sync 1 DAGs
[2024-03-06T13:47:42.370+0000] {logging_mixin.py:188} INFO - [2024-03-06T13:47:42.369+0000] {dag.py:3834} INFO - Setting next_dagrun for example_task_group to 2024-03-05 00:00:00+00:00, run_after=2024-03-06 00:00:00+00:00
[2024-03-06T13:47:42.402+0000] {processor.py:183} INFO - Processing /home/airflow/.local/lib/python3.11/site-packages/airflow/example_dags/example_task_group.py took 0.148 seconds
[2024-03-06T13:48:13.056+0000] {processor.py:161} INFO - Started process (PID=1996) to work on /home/airflow/.local/lib/python3.11/site-packages/airflow/example_dags/example_task_group.py
[2024-03-06T13:48:13.057+0000] {processor.py:830} INFO - Processing file /home/airflow/.local/lib/python3.11/site-packages/airflow/example_dags/example_task_group.py for tasks to queue
[2024-03-06T13:48:13.059+0000] {logging_mixin.py:188} INFO - [2024-03-06T13:48:13.058+0000] {dagbag.py:540} INFO - Filling up the DagBag from /home/airflow/.local/lib/python3.11/site-packages/airflow/example_dags/example_task_group.py
[2024-03-06T13:48:13.069+0000] {processor.py:840} INFO - DAG(s) 'example_task_group' retrieved from /home/airflow/.local/lib/python3.11/site-packages/airflow/example_dags/example_task_group.py
[2024-03-06T13:48:13.102+0000] {logging_mixin.py:188} INFO - [2024-03-06T13:48:13.102+0000] {dag.py:3047} INFO - Sync 1 DAGs
[2024-03-06T13:48:13.136+0000] {logging_mixin.py:188} INFO - [2024-03-06T13:48:13.136+0000] {dag.py:3834} INFO - Setting next_dagrun for example_task_group to 2024-03-05 00:00:00+00:00, run_after=2024-03-06 00:00:00+00:00
[2024-03-06T13:48:13.163+0000] {processor.py:183} INFO - Processing /home/airflow/.local/lib/python3.11/site-packages/airflow/example_dags/example_task_group.py took 0.112 seconds
[2024-03-06T13:48:43.793+0000] {processor.py:161} INFO - Started process (PID=2242) to work on /home/airflow/.local/lib/python3.11/site-packages/airflow/example_dags/example_task_group.py
[2024-03-06T13:48:43.795+0000] {processor.py:830} INFO - Processing file /home/airflow/.local/lib/python3.11/site-packages/airflow/example_dags/example_task_group.py for tasks to queue
[2024-03-06T13:48:43.797+0000] {logging_mixin.py:188} INFO - [2024-03-06T13:48:43.796+0000] {dagbag.py:540} INFO - Filling up the DagBag from /home/airflow/.local/lib/python3.11/site-packages/airflow/example_dags/example_task_group.py
[2024-03-06T13:48:43.815+0000] {processor.py:840} INFO - DAG(s) 'example_task_group' retrieved from /home/airflow/.local/lib/python3.11/site-packages/airflow/example_dags/example_task_group.py
[2024-03-06T13:48:43.847+0000] {logging_mixin.py:188} INFO - [2024-03-06T13:48:43.847+0000] {dag.py:3047} INFO - Sync 1 DAGs
[2024-03-06T13:48:43.880+0000] {logging_mixin.py:188} INFO - [2024-03-06T13:48:43.880+0000] {dag.py:3834} INFO - Setting next_dagrun for example_task_group to 2024-03-05 00:00:00+00:00, run_after=2024-03-06 00:00:00+00:00
[2024-03-06T13:48:43.908+0000] {processor.py:183} INFO - Processing /home/airflow/.local/lib/python3.11/site-packages/airflow/example_dags/example_task_group.py took 0.121 seconds
[2024-03-06T13:49:14.522+0000] {processor.py:161} INFO - Started process (PID=2489) to work on /home/airflow/.local/lib/python3.11/site-packages/airflow/example_dags/example_task_group.py
[2024-03-06T13:49:14.524+0000] {processor.py:830} INFO - Processing file /home/airflow/.local/lib/python3.11/site-packages/airflow/example_dags/example_task_group.py for tasks to queue
[2024-03-06T13:49:14.527+0000] {logging_mixin.py:188} INFO - [2024-03-06T13:49:14.526+0000] {dagbag.py:540} INFO - Filling up the DagBag from /home/airflow/.local/lib/python3.11/site-packages/airflow/example_dags/example_task_group.py
[2024-03-06T13:49:14.539+0000] {processor.py:840} INFO - DAG(s) 'example_task_group' retrieved from /home/airflow/.local/lib/python3.11/site-packages/airflow/example_dags/example_task_group.py
[2024-03-06T13:49:14.582+0000] {logging_mixin.py:188} INFO - [2024-03-06T13:49:14.582+0000] {dag.py:3047} INFO - Sync 1 DAGs
[2024-03-06T13:49:14.625+0000] {logging_mixin.py:188} INFO - [2024-03-06T13:49:14.625+0000] {dag.py:3834} INFO - Setting next_dagrun for example_task_group to 2024-03-05 00:00:00+00:00, run_after=2024-03-06 00:00:00+00:00
[2024-03-06T13:49:14.650+0000] {processor.py:183} INFO - Processing /home/airflow/.local/lib/python3.11/site-packages/airflow/example_dags/example_task_group.py took 0.131 seconds
[2024-03-06T13:49:44.738+0000] {processor.py:161} INFO - Started process (PID=2736) to work on /home/airflow/.local/lib/python3.11/site-packages/airflow/example_dags/example_task_group.py
[2024-03-06T13:49:44.741+0000] {processor.py:830} INFO - Processing file /home/airflow/.local/lib/python3.11/site-packages/airflow/example_dags/example_task_group.py for tasks to queue
[2024-03-06T13:49:44.743+0000] {logging_mixin.py:188} INFO - [2024-03-06T13:49:44.743+0000] {dagbag.py:540} INFO - Filling up the DagBag from /home/airflow/.local/lib/python3.11/site-packages/airflow/example_dags/example_task_group.py
[2024-03-06T13:49:44.756+0000] {processor.py:840} INFO - DAG(s) 'example_task_group' retrieved from /home/airflow/.local/lib/python3.11/site-packages/airflow/example_dags/example_task_group.py
[2024-03-06T13:49:44.788+0000] {logging_mixin.py:188} INFO - [2024-03-06T13:49:44.788+0000] {dag.py:3047} INFO - Sync 1 DAGs
[2024-03-06T13:49:44.811+0000] {logging_mixin.py:188} INFO - [2024-03-06T13:49:44.811+0000] {dag.py:3834} INFO - Setting next_dagrun for example_task_group to 2024-03-05 00:00:00+00:00, run_after=2024-03-06 00:00:00+00:00
[2024-03-06T13:49:44.843+0000] {processor.py:183} INFO - Processing /home/airflow/.local/lib/python3.11/site-packages/airflow/example_dags/example_task_group.py took 0.108 seconds
[2024-03-06T13:50:15.567+0000] {processor.py:161} INFO - Started process (PID=2983) to work on /home/airflow/.local/lib/python3.11/site-packages/airflow/example_dags/example_task_group.py
[2024-03-06T13:50:15.570+0000] {processor.py:830} INFO - Processing file /home/airflow/.local/lib/python3.11/site-packages/airflow/example_dags/example_task_group.py for tasks to queue
[2024-03-06T13:50:15.571+0000] {logging_mixin.py:188} INFO - [2024-03-06T13:50:15.571+0000] {dagbag.py:540} INFO - Filling up the DagBag from /home/airflow/.local/lib/python3.11/site-packages/airflow/example_dags/example_task_group.py
[2024-03-06T13:50:15.582+0000] {processor.py:840} INFO - DAG(s) 'example_task_group' retrieved from /home/airflow/.local/lib/python3.11/site-packages/airflow/example_dags/example_task_group.py
[2024-03-06T13:50:15.604+0000] {logging_mixin.py:188} INFO - [2024-03-06T13:50:15.604+0000] {dag.py:3047} INFO - Sync 1 DAGs
[2024-03-06T13:50:15.626+0000] {logging_mixin.py:188} INFO - [2024-03-06T13:50:15.626+0000] {dag.py:3834} INFO - Setting next_dagrun for example_task_group to 2024-03-05 00:00:00+00:00, run_after=2024-03-06 00:00:00+00:00
[2024-03-06T13:50:15.645+0000] {processor.py:183} INFO - Processing /home/airflow/.local/lib/python3.11/site-packages/airflow/example_dags/example_task_group.py took 0.082 seconds
[2024-03-06T13:50:46.155+0000] {processor.py:161} INFO - Started process (PID=3230) to work on /home/airflow/.local/lib/python3.11/site-packages/airflow/example_dags/example_task_group.py
[2024-03-06T13:50:46.156+0000] {processor.py:830} INFO - Processing file /home/airflow/.local/lib/python3.11/site-packages/airflow/example_dags/example_task_group.py for tasks to queue
[2024-03-06T13:50:46.157+0000] {logging_mixin.py:188} INFO - [2024-03-06T13:50:46.157+0000] {dagbag.py:540} INFO - Filling up the DagBag from /home/airflow/.local/lib/python3.11/site-packages/airflow/example_dags/example_task_group.py
[2024-03-06T13:50:46.167+0000] {processor.py:840} INFO - DAG(s) 'example_task_group' retrieved from /home/airflow/.local/lib/python3.11/site-packages/airflow/example_dags/example_task_group.py
[2024-03-06T13:50:46.187+0000] {logging_mixin.py:188} INFO - [2024-03-06T13:50:46.187+0000] {dag.py:3047} INFO - Sync 1 DAGs
[2024-03-06T13:50:46.210+0000] {logging_mixin.py:188} INFO - [2024-03-06T13:50:46.210+0000] {dag.py:3834} INFO - Setting next_dagrun for example_task_group to 2024-03-05 00:00:00+00:00, run_after=2024-03-06 00:00:00+00:00
[2024-03-06T13:50:46.228+0000] {processor.py:183} INFO - Processing /home/airflow/.local/lib/python3.11/site-packages/airflow/example_dags/example_task_group.py took 0.076 seconds
[2024-03-06T13:51:16.612+0000] {processor.py:161} INFO - Started process (PID=3477) to work on /home/airflow/.local/lib/python3.11/site-packages/airflow/example_dags/example_task_group.py
[2024-03-06T13:51:16.613+0000] {processor.py:830} INFO - Processing file /home/airflow/.local/lib/python3.11/site-packages/airflow/example_dags/example_task_group.py for tasks to queue
[2024-03-06T13:51:16.615+0000] {logging_mixin.py:188} INFO - [2024-03-06T13:51:16.614+0000] {dagbag.py:540} INFO - Filling up the DagBag from /home/airflow/.local/lib/python3.11/site-packages/airflow/example_dags/example_task_group.py
[2024-03-06T13:51:16.625+0000] {processor.py:840} INFO - DAG(s) 'example_task_group' retrieved from /home/airflow/.local/lib/python3.11/site-packages/airflow/example_dags/example_task_group.py
[2024-03-06T13:51:16.646+0000] {logging_mixin.py:188} INFO - [2024-03-06T13:51:16.646+0000] {dag.py:3047} INFO - Sync 1 DAGs
[2024-03-06T13:51:16.666+0000] {logging_mixin.py:188} INFO - [2024-03-06T13:51:16.666+0000] {dag.py:3834} INFO - Setting next_dagrun for example_task_group to 2024-03-05 00:00:00+00:00, run_after=2024-03-06 00:00:00+00:00
[2024-03-06T13:51:16.684+0000] {processor.py:183} INFO - Processing /home/airflow/.local/lib/python3.11/site-packages/airflow/example_dags/example_task_group.py took 0.075 seconds
[2024-03-06T13:51:47.107+0000] {processor.py:161} INFO - Started process (PID=3724) to work on /home/airflow/.local/lib/python3.11/site-packages/airflow/example_dags/example_task_group.py
[2024-03-06T13:51:47.108+0000] {processor.py:830} INFO - Processing file /home/airflow/.local/lib/python3.11/site-packages/airflow/example_dags/example_task_group.py for tasks to queue
[2024-03-06T13:51:47.109+0000] {logging_mixin.py:188} INFO - [2024-03-06T13:51:47.109+0000] {dagbag.py:540} INFO - Filling up the DagBag from /home/airflow/.local/lib/python3.11/site-packages/airflow/example_dags/example_task_group.py
[2024-03-06T13:51:47.118+0000] {processor.py:840} INFO - DAG(s) 'example_task_group' retrieved from /home/airflow/.local/lib/python3.11/site-packages/airflow/example_dags/example_task_group.py
[2024-03-06T13:51:47.136+0000] {logging_mixin.py:188} INFO - [2024-03-06T13:51:47.136+0000] {dag.py:3047} INFO - Sync 1 DAGs
[2024-03-06T13:51:47.157+0000] {logging_mixin.py:188} INFO - [2024-03-06T13:51:47.157+0000] {dag.py:3834} INFO - Setting next_dagrun for example_task_group to 2024-03-05 00:00:00+00:00, run_after=2024-03-06 00:00:00+00:00
[2024-03-06T13:51:47.175+0000] {processor.py:183} INFO - Processing /home/airflow/.local/lib/python3.11/site-packages/airflow/example_dags/example_task_group.py took 0.071 seconds
[2024-03-06T13:52:17.629+0000] {processor.py:161} INFO - Started process (PID=3971) to work on /home/airflow/.local/lib/python3.11/site-packages/airflow/example_dags/example_task_group.py
[2024-03-06T13:52:17.630+0000] {processor.py:830} INFO - Processing file /home/airflow/.local/lib/python3.11/site-packages/airflow/example_dags/example_task_group.py for tasks to queue
[2024-03-06T13:52:17.631+0000] {logging_mixin.py:188} INFO - [2024-03-06T13:52:17.631+0000] {dagbag.py:540} INFO - Filling up the DagBag from /home/airflow/.local/lib/python3.11/site-packages/airflow/example_dags/example_task_group.py
[2024-03-06T13:52:17.642+0000] {processor.py:840} INFO - DAG(s) 'example_task_group' retrieved from /home/airflow/.local/lib/python3.11/site-packages/airflow/example_dags/example_task_group.py
[2024-03-06T13:52:17.665+0000] {logging_mixin.py:188} INFO - [2024-03-06T13:52:17.664+0000] {dag.py:3047} INFO - Sync 1 DAGs
[2024-03-06T13:52:17.694+0000] {logging_mixin.py:188} INFO - [2024-03-06T13:52:17.693+0000] {dag.py:3834} INFO - Setting next_dagrun for example_task_group to 2024-03-05 00:00:00+00:00, run_after=2024-03-06 00:00:00+00:00
[2024-03-06T13:52:17.714+0000] {processor.py:183} INFO - Processing /home/airflow/.local/lib/python3.11/site-packages/airflow/example_dags/example_task_group.py took 0.088 seconds
[2024-03-06T13:52:48.509+0000] {processor.py:161} INFO - Started process (PID=4218) to work on /home/airflow/.local/lib/python3.11/site-packages/airflow/example_dags/example_task_group.py
[2024-03-06T13:52:48.511+0000] {processor.py:830} INFO - Processing file /home/airflow/.local/lib/python3.11/site-packages/airflow/example_dags/example_task_group.py for tasks to queue
[2024-03-06T13:52:48.512+0000] {logging_mixin.py:188} INFO - [2024-03-06T13:52:48.511+0000] {dagbag.py:540} INFO - Filling up the DagBag from /home/airflow/.local/lib/python3.11/site-packages/airflow/example_dags/example_task_group.py
[2024-03-06T13:52:48.521+0000] {processor.py:840} INFO - DAG(s) 'example_task_group' retrieved from /home/airflow/.local/lib/python3.11/site-packages/airflow/example_dags/example_task_group.py
[2024-03-06T13:52:48.546+0000] {logging_mixin.py:188} INFO - [2024-03-06T13:52:48.546+0000] {dag.py:3047} INFO - Sync 1 DAGs
[2024-03-06T13:52:48.575+0000] {logging_mixin.py:188} INFO - [2024-03-06T13:52:48.575+0000] {dag.py:3834} INFO - Setting next_dagrun for example_task_group to 2024-03-05 00:00:00+00:00, run_after=2024-03-06 00:00:00+00:00
[2024-03-06T13:52:48.601+0000] {processor.py:183} INFO - Processing /home/airflow/.local/lib/python3.11/site-packages/airflow/example_dags/example_task_group.py took 0.096 seconds
[2024-03-06T13:53:19.402+0000] {processor.py:161} INFO - Started process (PID=4464) to work on /home/airflow/.local/lib/python3.11/site-packages/airflow/example_dags/example_task_group.py
[2024-03-06T13:53:19.403+0000] {processor.py:830} INFO - Processing file /home/airflow/.local/lib/python3.11/site-packages/airflow/example_dags/example_task_group.py for tasks to queue
[2024-03-06T13:53:19.405+0000] {logging_mixin.py:188} INFO - [2024-03-06T13:53:19.404+0000] {dagbag.py:540} INFO - Filling up the DagBag from /home/airflow/.local/lib/python3.11/site-packages/airflow/example_dags/example_task_group.py
[2024-03-06T13:53:19.417+0000] {processor.py:840} INFO - DAG(s) 'example_task_group' retrieved from /home/airflow/.local/lib/python3.11/site-packages/airflow/example_dags/example_task_group.py
[2024-03-06T13:53:19.444+0000] {logging_mixin.py:188} INFO - [2024-03-06T13:53:19.444+0000] {dag.py:3047} INFO - Sync 1 DAGs
[2024-03-06T13:53:19.475+0000] {logging_mixin.py:188} INFO - [2024-03-06T13:53:19.475+0000] {dag.py:3834} INFO - Setting next_dagrun for example_task_group to 2024-03-05 00:00:00+00:00, run_after=2024-03-06 00:00:00+00:00
[2024-03-06T13:53:19.503+0000] {processor.py:183} INFO - Processing /home/airflow/.local/lib/python3.11/site-packages/airflow/example_dags/example_task_group.py took 0.106 seconds
[2024-03-06T13:53:49.680+0000] {processor.py:161} INFO - Started process (PID=4711) to work on /home/airflow/.local/lib/python3.11/site-packages/airflow/example_dags/example_task_group.py
[2024-03-06T13:53:49.681+0000] {processor.py:830} INFO - Processing file /home/airflow/.local/lib/python3.11/site-packages/airflow/example_dags/example_task_group.py for tasks to queue
[2024-03-06T13:53:49.683+0000] {logging_mixin.py:188} INFO - [2024-03-06T13:53:49.682+0000] {dagbag.py:540} INFO - Filling up the DagBag from /home/airflow/.local/lib/python3.11/site-packages/airflow/example_dags/example_task_group.py
[2024-03-06T13:53:49.694+0000] {processor.py:840} INFO - DAG(s) 'example_task_group' retrieved from /home/airflow/.local/lib/python3.11/site-packages/airflow/example_dags/example_task_group.py
[2024-03-06T13:53:49.724+0000] {logging_mixin.py:188} INFO - [2024-03-06T13:53:49.723+0000] {dag.py:3047} INFO - Sync 1 DAGs
[2024-03-06T13:53:49.750+0000] {logging_mixin.py:188} INFO - [2024-03-06T13:53:49.750+0000] {dag.py:3834} INFO - Setting next_dagrun for example_task_group to 2024-03-05 00:00:00+00:00, run_after=2024-03-06 00:00:00+00:00
[2024-03-06T13:53:49.773+0000] {processor.py:183} INFO - Processing /home/airflow/.local/lib/python3.11/site-packages/airflow/example_dags/example_task_group.py took 0.097 seconds
[2024-03-06T13:54:20.064+0000] {processor.py:161} INFO - Started process (PID=4960) to work on /home/airflow/.local/lib/python3.11/site-packages/airflow/example_dags/example_task_group.py
[2024-03-06T13:54:20.066+0000] {processor.py:830} INFO - Processing file /home/airflow/.local/lib/python3.11/site-packages/airflow/example_dags/example_task_group.py for tasks to queue
[2024-03-06T13:54:20.068+0000] {logging_mixin.py:188} INFO - [2024-03-06T13:54:20.067+0000] {dagbag.py:540} INFO - Filling up the DagBag from /home/airflow/.local/lib/python3.11/site-packages/airflow/example_dags/example_task_group.py
[2024-03-06T13:54:20.079+0000] {processor.py:840} INFO - DAG(s) 'example_task_group' retrieved from /home/airflow/.local/lib/python3.11/site-packages/airflow/example_dags/example_task_group.py
[2024-03-06T13:54:20.111+0000] {logging_mixin.py:188} INFO - [2024-03-06T13:54:20.111+0000] {dag.py:3047} INFO - Sync 1 DAGs
[2024-03-06T13:54:20.142+0000] {logging_mixin.py:188} INFO - [2024-03-06T13:54:20.142+0000] {dag.py:3834} INFO - Setting next_dagrun for example_task_group to 2024-03-05 00:00:00+00:00, run_after=2024-03-06 00:00:00+00:00
[2024-03-06T13:54:20.165+0000] {processor.py:183} INFO - Processing /home/airflow/.local/lib/python3.11/site-packages/airflow/example_dags/example_task_group.py took 0.105 seconds
[2024-03-06T13:54:50.289+0000] {processor.py:161} INFO - Started process (PID=5205) to work on /home/airflow/.local/lib/python3.11/site-packages/airflow/example_dags/example_task_group.py
[2024-03-06T13:54:50.290+0000] {processor.py:830} INFO - Processing file /home/airflow/.local/lib/python3.11/site-packages/airflow/example_dags/example_task_group.py for tasks to queue
[2024-03-06T13:54:50.292+0000] {logging_mixin.py:188} INFO - [2024-03-06T13:54:50.291+0000] {dagbag.py:540} INFO - Filling up the DagBag from /home/airflow/.local/lib/python3.11/site-packages/airflow/example_dags/example_task_group.py
[2024-03-06T13:54:50.301+0000] {processor.py:840} INFO - DAG(s) 'example_task_group' retrieved from /home/airflow/.local/lib/python3.11/site-packages/airflow/example_dags/example_task_group.py
[2024-03-06T13:54:50.324+0000] {logging_mixin.py:188} INFO - [2024-03-06T13:54:50.324+0000] {dag.py:3047} INFO - Sync 1 DAGs
[2024-03-06T13:54:50.347+0000] {logging_mixin.py:188} INFO - [2024-03-06T13:54:50.347+0000] {dag.py:3834} INFO - Setting next_dagrun for example_task_group to 2024-03-05 00:00:00+00:00, run_after=2024-03-06 00:00:00+00:00
[2024-03-06T13:54:50.364+0000] {processor.py:183} INFO - Processing /home/airflow/.local/lib/python3.11/site-packages/airflow/example_dags/example_task_group.py took 0.079 seconds
[2024-03-06T13:55:21.741+0000] {processor.py:161} INFO - Started process (PID=5452) to work on /home/airflow/.local/lib/python3.11/site-packages/airflow/example_dags/example_task_group.py
[2024-03-06T13:55:21.745+0000] {processor.py:830} INFO - Processing file /home/airflow/.local/lib/python3.11/site-packages/airflow/example_dags/example_task_group.py for tasks to queue
[2024-03-06T13:55:21.749+0000] {logging_mixin.py:188} INFO - [2024-03-06T13:55:21.747+0000] {dagbag.py:540} INFO - Filling up the DagBag from /home/airflow/.local/lib/python3.11/site-packages/airflow/example_dags/example_task_group.py
[2024-03-06T13:55:21.764+0000] {processor.py:840} INFO - DAG(s) 'example_task_group' retrieved from /home/airflow/.local/lib/python3.11/site-packages/airflow/example_dags/example_task_group.py
[2024-03-06T13:55:21.793+0000] {logging_mixin.py:188} INFO - [2024-03-06T13:55:21.792+0000] {dag.py:3047} INFO - Sync 1 DAGs
[2024-03-06T13:55:21.823+0000] {logging_mixin.py:188} INFO - [2024-03-06T13:55:21.823+0000] {dag.py:3834} INFO - Setting next_dagrun for example_task_group to 2024-03-05 00:00:00+00:00, run_after=2024-03-06 00:00:00+00:00
[2024-03-06T13:55:21.856+0000] {processor.py:183} INFO - Processing /home/airflow/.local/lib/python3.11/site-packages/airflow/example_dags/example_task_group.py took 0.120 seconds
[2024-03-06T13:55:52.293+0000] {processor.py:161} INFO - Started process (PID=5699) to work on /home/airflow/.local/lib/python3.11/site-packages/airflow/example_dags/example_task_group.py
[2024-03-06T13:55:52.297+0000] {processor.py:830} INFO - Processing file /home/airflow/.local/lib/python3.11/site-packages/airflow/example_dags/example_task_group.py for tasks to queue
[2024-03-06T13:55:52.301+0000] {logging_mixin.py:188} INFO - [2024-03-06T13:55:52.300+0000] {dagbag.py:540} INFO - Filling up the DagBag from /home/airflow/.local/lib/python3.11/site-packages/airflow/example_dags/example_task_group.py
[2024-03-06T13:55:52.336+0000] {processor.py:840} INFO - DAG(s) 'example_task_group' retrieved from /home/airflow/.local/lib/python3.11/site-packages/airflow/example_dags/example_task_group.py
[2024-03-06T13:55:52.409+0000] {logging_mixin.py:188} INFO - [2024-03-06T13:55:52.409+0000] {dag.py:3047} INFO - Sync 1 DAGs
[2024-03-06T13:55:52.471+0000] {logging_mixin.py:188} INFO - [2024-03-06T13:55:52.471+0000] {dag.py:3834} INFO - Setting next_dagrun for example_task_group to 2024-03-05 00:00:00+00:00, run_after=2024-03-06 00:00:00+00:00
[2024-03-06T13:55:52.518+0000] {processor.py:183} INFO - Processing /home/airflow/.local/lib/python3.11/site-packages/airflow/example_dags/example_task_group.py took 0.229 seconds
[2024-03-06T13:56:22.655+0000] {processor.py:161} INFO - Started process (PID=5947) to work on /home/airflow/.local/lib/python3.11/site-packages/airflow/example_dags/example_task_group.py
[2024-03-06T13:56:22.658+0000] {processor.py:830} INFO - Processing file /home/airflow/.local/lib/python3.11/site-packages/airflow/example_dags/example_task_group.py for tasks to queue
[2024-03-06T13:56:22.663+0000] {logging_mixin.py:188} INFO - [2024-03-06T13:56:22.662+0000] {dagbag.py:540} INFO - Filling up the DagBag from /home/airflow/.local/lib/python3.11/site-packages/airflow/example_dags/example_task_group.py
[2024-03-06T13:56:22.679+0000] {processor.py:840} INFO - DAG(s) 'example_task_group' retrieved from /home/airflow/.local/lib/python3.11/site-packages/airflow/example_dags/example_task_group.py
[2024-03-06T13:56:22.736+0000] {logging_mixin.py:188} INFO - [2024-03-06T13:56:22.735+0000] {dag.py:3047} INFO - Sync 1 DAGs
[2024-03-06T13:56:22.758+0000] {logging_mixin.py:188} INFO - [2024-03-06T13:56:22.758+0000] {dag.py:3834} INFO - Setting next_dagrun for example_task_group to 2024-03-05 00:00:00+00:00, run_after=2024-03-06 00:00:00+00:00
[2024-03-06T13:56:22.779+0000] {processor.py:183} INFO - Processing /home/airflow/.local/lib/python3.11/site-packages/airflow/example_dags/example_task_group.py took 0.127 seconds
[2024-03-06T13:56:52.827+0000] {processor.py:161} INFO - Started process (PID=6193) to work on /home/airflow/.local/lib/python3.11/site-packages/airflow/example_dags/example_task_group.py
[2024-03-06T13:56:52.828+0000] {processor.py:830} INFO - Processing file /home/airflow/.local/lib/python3.11/site-packages/airflow/example_dags/example_task_group.py for tasks to queue
[2024-03-06T13:56:52.829+0000] {logging_mixin.py:188} INFO - [2024-03-06T13:56:52.829+0000] {dagbag.py:540} INFO - Filling up the DagBag from /home/airflow/.local/lib/python3.11/site-packages/airflow/example_dags/example_task_group.py
[2024-03-06T13:56:52.838+0000] {processor.py:840} INFO - DAG(s) 'example_task_group' retrieved from /home/airflow/.local/lib/python3.11/site-packages/airflow/example_dags/example_task_group.py
[2024-03-06T13:56:52.860+0000] {logging_mixin.py:188} INFO - [2024-03-06T13:56:52.859+0000] {dag.py:3047} INFO - Sync 1 DAGs
[2024-03-06T13:56:52.884+0000] {logging_mixin.py:188} INFO - [2024-03-06T13:56:52.884+0000] {dag.py:3834} INFO - Setting next_dagrun for example_task_group to 2024-03-05 00:00:00+00:00, run_after=2024-03-06 00:00:00+00:00
[2024-03-06T13:56:52.904+0000] {processor.py:183} INFO - Processing /home/airflow/.local/lib/python3.11/site-packages/airflow/example_dags/example_task_group.py took 0.081 seconds
[2024-03-06T13:57:23.394+0000] {processor.py:161} INFO - Started process (PID=6438) to work on /home/airflow/.local/lib/python3.11/site-packages/airflow/example_dags/example_task_group.py
[2024-03-06T13:57:23.396+0000] {processor.py:830} INFO - Processing file /home/airflow/.local/lib/python3.11/site-packages/airflow/example_dags/example_task_group.py for tasks to queue
[2024-03-06T13:57:23.398+0000] {logging_mixin.py:188} INFO - [2024-03-06T13:57:23.397+0000] {dagbag.py:540} INFO - Filling up the DagBag from /home/airflow/.local/lib/python3.11/site-packages/airflow/example_dags/example_task_group.py
[2024-03-06T13:57:23.411+0000] {processor.py:840} INFO - DAG(s) 'example_task_group' retrieved from /home/airflow/.local/lib/python3.11/site-packages/airflow/example_dags/example_task_group.py
[2024-03-06T13:57:23.443+0000] {logging_mixin.py:188} INFO - [2024-03-06T13:57:23.443+0000] {dag.py:3047} INFO - Sync 1 DAGs
[2024-03-06T13:57:23.479+0000] {logging_mixin.py:188} INFO - [2024-03-06T13:57:23.478+0000] {dag.py:3834} INFO - Setting next_dagrun for example_task_group to 2024-03-05 00:00:00+00:00, run_after=2024-03-06 00:00:00+00:00
[2024-03-06T13:57:23.508+0000] {processor.py:183} INFO - Processing /home/airflow/.local/lib/python3.11/site-packages/airflow/example_dags/example_task_group.py took 0.118 seconds
[2024-03-06T13:57:53.600+0000] {processor.py:161} INFO - Started process (PID=6685) to work on /home/airflow/.local/lib/python3.11/site-packages/airflow/example_dags/example_task_group.py
[2024-03-06T13:57:53.601+0000] {processor.py:830} INFO - Processing file /home/airflow/.local/lib/python3.11/site-packages/airflow/example_dags/example_task_group.py for tasks to queue
[2024-03-06T13:57:53.603+0000] {logging_mixin.py:188} INFO - [2024-03-06T13:57:53.603+0000] {dagbag.py:540} INFO - Filling up the DagBag from /home/airflow/.local/lib/python3.11/site-packages/airflow/example_dags/example_task_group.py
[2024-03-06T13:57:53.614+0000] {processor.py:840} INFO - DAG(s) 'example_task_group' retrieved from /home/airflow/.local/lib/python3.11/site-packages/airflow/example_dags/example_task_group.py
[2024-03-06T13:57:53.645+0000] {logging_mixin.py:188} INFO - [2024-03-06T13:57:53.645+0000] {dag.py:3047} INFO - Sync 1 DAGs
[2024-03-06T13:57:53.676+0000] {logging_mixin.py:188} INFO - [2024-03-06T13:57:53.676+0000] {dag.py:3834} INFO - Setting next_dagrun for example_task_group to 2024-03-05 00:00:00+00:00, run_after=2024-03-06 00:00:00+00:00
[2024-03-06T13:57:53.734+0000] {processor.py:183} INFO - Processing /home/airflow/.local/lib/python3.11/site-packages/airflow/example_dags/example_task_group.py took 0.138 seconds
[2024-03-06T13:58:24.275+0000] {processor.py:161} INFO - Started process (PID=6931) to work on /home/airflow/.local/lib/python3.11/site-packages/airflow/example_dags/example_task_group.py
[2024-03-06T13:58:24.277+0000] {processor.py:830} INFO - Processing file /home/airflow/.local/lib/python3.11/site-packages/airflow/example_dags/example_task_group.py for tasks to queue
[2024-03-06T13:58:24.281+0000] {logging_mixin.py:188} INFO - [2024-03-06T13:58:24.280+0000] {dagbag.py:540} INFO - Filling up the DagBag from /home/airflow/.local/lib/python3.11/site-packages/airflow/example_dags/example_task_group.py
[2024-03-06T13:58:24.303+0000] {processor.py:840} INFO - DAG(s) 'example_task_group' retrieved from /home/airflow/.local/lib/python3.11/site-packages/airflow/example_dags/example_task_group.py
[2024-03-06T13:58:24.337+0000] {logging_mixin.py:188} INFO - [2024-03-06T13:58:24.336+0000] {dag.py:3047} INFO - Sync 1 DAGs
[2024-03-06T13:58:24.373+0000] {logging_mixin.py:188} INFO - [2024-03-06T13:58:24.372+0000] {dag.py:3834} INFO - Setting next_dagrun for example_task_group to 2024-03-05 00:00:00+00:00, run_after=2024-03-06 00:00:00+00:00
[2024-03-06T13:58:24.410+0000] {processor.py:183} INFO - Processing /home/airflow/.local/lib/python3.11/site-packages/airflow/example_dags/example_task_group.py took 0.141 seconds
[2024-03-06T13:58:55.353+0000] {processor.py:161} INFO - Started process (PID=7185) to work on /home/airflow/.local/lib/python3.11/site-packages/airflow/example_dags/example_task_group.py
[2024-03-06T13:58:55.365+0000] {processor.py:830} INFO - Processing file /home/airflow/.local/lib/python3.11/site-packages/airflow/example_dags/example_task_group.py for tasks to queue
[2024-03-06T13:58:55.386+0000] {logging_mixin.py:188} INFO - [2024-03-06T13:58:55.385+0000] {dagbag.py:540} INFO - Filling up the DagBag from /home/airflow/.local/lib/python3.11/site-packages/airflow/example_dags/example_task_group.py
[2024-03-06T13:58:55.420+0000] {processor.py:840} INFO - DAG(s) 'example_task_group' retrieved from /home/airflow/.local/lib/python3.11/site-packages/airflow/example_dags/example_task_group.py
[2024-03-06T13:58:55.543+0000] {logging_mixin.py:188} INFO - [2024-03-06T13:58:55.543+0000] {dag.py:3047} INFO - Sync 1 DAGs
[2024-03-06T13:58:55.638+0000] {logging_mixin.py:188} INFO - [2024-03-06T13:58:55.637+0000] {dag.py:3834} INFO - Setting next_dagrun for example_task_group to 2024-03-05 00:00:00+00:00, run_after=2024-03-06 00:00:00+00:00
[2024-03-06T13:58:55.697+0000] {processor.py:183} INFO - Processing /home/airflow/.local/lib/python3.11/site-packages/airflow/example_dags/example_task_group.py took 0.359 seconds
[2024-03-06T13:59:26.052+0000] {processor.py:161} INFO - Started process (PID=7432) to work on /home/airflow/.local/lib/python3.11/site-packages/airflow/example_dags/example_task_group.py
[2024-03-06T13:59:26.053+0000] {processor.py:830} INFO - Processing file /home/airflow/.local/lib/python3.11/site-packages/airflow/example_dags/example_task_group.py for tasks to queue
[2024-03-06T13:59:26.056+0000] {logging_mixin.py:188} INFO - [2024-03-06T13:59:26.055+0000] {dagbag.py:540} INFO - Filling up the DagBag from /home/airflow/.local/lib/python3.11/site-packages/airflow/example_dags/example_task_group.py
[2024-03-06T13:59:26.068+0000] {processor.py:840} INFO - DAG(s) 'example_task_group' retrieved from /home/airflow/.local/lib/python3.11/site-packages/airflow/example_dags/example_task_group.py
[2024-03-06T13:59:26.133+0000] {logging_mixin.py:188} INFO - [2024-03-06T13:59:26.133+0000] {dag.py:3047} INFO - Sync 1 DAGs
[2024-03-06T13:59:26.211+0000] {logging_mixin.py:188} INFO - [2024-03-06T13:59:26.211+0000] {dag.py:3834} INFO - Setting next_dagrun for example_task_group to 2024-03-05 00:00:00+00:00, run_after=2024-03-06 00:00:00+00:00
[2024-03-06T13:59:26.255+0000] {processor.py:183} INFO - Processing /home/airflow/.local/lib/python3.11/site-packages/airflow/example_dags/example_task_group.py took 0.207 seconds
[2024-03-06T13:59:57.172+0000] {processor.py:161} INFO - Started process (PID=7678) to work on /home/airflow/.local/lib/python3.11/site-packages/airflow/example_dags/example_task_group.py
[2024-03-06T13:59:57.174+0000] {processor.py:830} INFO - Processing file /home/airflow/.local/lib/python3.11/site-packages/airflow/example_dags/example_task_group.py for tasks to queue
[2024-03-06T13:59:57.178+0000] {logging_mixin.py:188} INFO - [2024-03-06T13:59:57.177+0000] {dagbag.py:540} INFO - Filling up the DagBag from /home/airflow/.local/lib/python3.11/site-packages/airflow/example_dags/example_task_group.py
[2024-03-06T13:59:57.192+0000] {processor.py:840} INFO - DAG(s) 'example_task_group' retrieved from /home/airflow/.local/lib/python3.11/site-packages/airflow/example_dags/example_task_group.py
[2024-03-06T13:59:57.219+0000] {logging_mixin.py:188} INFO - [2024-03-06T13:59:57.219+0000] {dag.py:3047} INFO - Sync 1 DAGs
[2024-03-06T13:59:57.253+0000] {logging_mixin.py:188} INFO - [2024-03-06T13:59:57.252+0000] {dag.py:3834} INFO - Setting next_dagrun for example_task_group to 2024-03-05 00:00:00+00:00, run_after=2024-03-06 00:00:00+00:00
[2024-03-06T13:59:57.281+0000] {processor.py:183} INFO - Processing /home/airflow/.local/lib/python3.11/site-packages/airflow/example_dags/example_task_group.py took 0.121 seconds
[2024-03-06T14:00:27.502+0000] {processor.py:161} INFO - Started process (PID=7925) to work on /home/airflow/.local/lib/python3.11/site-packages/airflow/example_dags/example_task_group.py
[2024-03-06T14:00:27.503+0000] {processor.py:830} INFO - Processing file /home/airflow/.local/lib/python3.11/site-packages/airflow/example_dags/example_task_group.py for tasks to queue
[2024-03-06T14:00:27.506+0000] {logging_mixin.py:188} INFO - [2024-03-06T14:00:27.506+0000] {dagbag.py:540} INFO - Filling up the DagBag from /home/airflow/.local/lib/python3.11/site-packages/airflow/example_dags/example_task_group.py
[2024-03-06T14:00:27.514+0000] {processor.py:840} INFO - DAG(s) 'example_task_group' retrieved from /home/airflow/.local/lib/python3.11/site-packages/airflow/example_dags/example_task_group.py
[2024-03-06T14:00:27.536+0000] {logging_mixin.py:188} INFO - [2024-03-06T14:00:27.536+0000] {dag.py:3047} INFO - Sync 1 DAGs
[2024-03-06T14:00:27.561+0000] {logging_mixin.py:188} INFO - [2024-03-06T14:00:27.561+0000] {dag.py:3834} INFO - Setting next_dagrun for example_task_group to 2024-03-05 00:00:00+00:00, run_after=2024-03-06 00:00:00+00:00
[2024-03-06T14:00:27.591+0000] {processor.py:183} INFO - Processing /home/airflow/.local/lib/python3.11/site-packages/airflow/example_dags/example_task_group.py took 0.093 seconds
[2024-03-06T14:00:57.924+0000] {processor.py:161} INFO - Started process (PID=8171) to work on /home/airflow/.local/lib/python3.11/site-packages/airflow/example_dags/example_task_group.py
[2024-03-06T14:00:57.925+0000] {processor.py:830} INFO - Processing file /home/airflow/.local/lib/python3.11/site-packages/airflow/example_dags/example_task_group.py for tasks to queue
[2024-03-06T14:00:57.927+0000] {logging_mixin.py:188} INFO - [2024-03-06T14:00:57.926+0000] {dagbag.py:540} INFO - Filling up the DagBag from /home/airflow/.local/lib/python3.11/site-packages/airflow/example_dags/example_task_group.py
[2024-03-06T14:00:57.936+0000] {processor.py:840} INFO - DAG(s) 'example_task_group' retrieved from /home/airflow/.local/lib/python3.11/site-packages/airflow/example_dags/example_task_group.py
[2024-03-06T14:00:57.957+0000] {logging_mixin.py:188} INFO - [2024-03-06T14:00:57.957+0000] {dag.py:3047} INFO - Sync 1 DAGs
[2024-03-06T14:00:57.981+0000] {logging_mixin.py:188} INFO - [2024-03-06T14:00:57.980+0000] {dag.py:3834} INFO - Setting next_dagrun for example_task_group to 2024-03-05 00:00:00+00:00, run_after=2024-03-06 00:00:00+00:00
[2024-03-06T14:00:58.007+0000] {processor.py:183} INFO - Processing /home/airflow/.local/lib/python3.11/site-packages/airflow/example_dags/example_task_group.py took 0.087 seconds
[2024-03-06T14:01:28.527+0000] {processor.py:161} INFO - Started process (PID=8418) to work on /home/airflow/.local/lib/python3.11/site-packages/airflow/example_dags/example_task_group.py
[2024-03-06T14:01:28.528+0000] {processor.py:830} INFO - Processing file /home/airflow/.local/lib/python3.11/site-packages/airflow/example_dags/example_task_group.py for tasks to queue
[2024-03-06T14:01:28.530+0000] {logging_mixin.py:188} INFO - [2024-03-06T14:01:28.530+0000] {dagbag.py:540} INFO - Filling up the DagBag from /home/airflow/.local/lib/python3.11/site-packages/airflow/example_dags/example_task_group.py
[2024-03-06T14:01:28.541+0000] {processor.py:840} INFO - DAG(s) 'example_task_group' retrieved from /home/airflow/.local/lib/python3.11/site-packages/airflow/example_dags/example_task_group.py
[2024-03-06T14:01:28.571+0000] {logging_mixin.py:188} INFO - [2024-03-06T14:01:28.570+0000] {dag.py:3047} INFO - Sync 1 DAGs
[2024-03-06T14:01:28.601+0000] {logging_mixin.py:188} INFO - [2024-03-06T14:01:28.601+0000] {dag.py:3834} INFO - Setting next_dagrun for example_task_group to 2024-03-05 00:00:00+00:00, run_after=2024-03-06 00:00:00+00:00
[2024-03-06T14:01:28.624+0000] {processor.py:183} INFO - Processing /home/airflow/.local/lib/python3.11/site-packages/airflow/example_dags/example_task_group.py took 0.101 seconds
[2024-03-06T14:01:58.703+0000] {processor.py:161} INFO - Started process (PID=8665) to work on /home/airflow/.local/lib/python3.11/site-packages/airflow/example_dags/example_task_group.py
[2024-03-06T14:01:58.705+0000] {processor.py:830} INFO - Processing file /home/airflow/.local/lib/python3.11/site-packages/airflow/example_dags/example_task_group.py for tasks to queue
[2024-03-06T14:01:58.706+0000] {logging_mixin.py:188} INFO - [2024-03-06T14:01:58.706+0000] {dagbag.py:540} INFO - Filling up the DagBag from /home/airflow/.local/lib/python3.11/site-packages/airflow/example_dags/example_task_group.py
[2024-03-06T14:01:58.714+0000] {processor.py:840} INFO - DAG(s) 'example_task_group' retrieved from /home/airflow/.local/lib/python3.11/site-packages/airflow/example_dags/example_task_group.py
[2024-03-06T14:01:58.736+0000] {logging_mixin.py:188} INFO - [2024-03-06T14:01:58.736+0000] {dag.py:3047} INFO - Sync 1 DAGs
[2024-03-06T14:01:58.765+0000] {logging_mixin.py:188} INFO - [2024-03-06T14:01:58.764+0000] {dag.py:3834} INFO - Setting next_dagrun for example_task_group to 2024-03-05 00:00:00+00:00, run_after=2024-03-06 00:00:00+00:00
[2024-03-06T14:01:58.792+0000] {processor.py:183} INFO - Processing /home/airflow/.local/lib/python3.11/site-packages/airflow/example_dags/example_task_group.py took 0.093 seconds
[2024-03-06T14:02:29.443+0000] {processor.py:161} INFO - Started process (PID=8912) to work on /home/airflow/.local/lib/python3.11/site-packages/airflow/example_dags/example_task_group.py
[2024-03-06T14:02:29.444+0000] {processor.py:830} INFO - Processing file /home/airflow/.local/lib/python3.11/site-packages/airflow/example_dags/example_task_group.py for tasks to queue
[2024-03-06T14:02:29.445+0000] {logging_mixin.py:188} INFO - [2024-03-06T14:02:29.445+0000] {dagbag.py:540} INFO - Filling up the DagBag from /home/airflow/.local/lib/python3.11/site-packages/airflow/example_dags/example_task_group.py
[2024-03-06T14:02:29.455+0000] {processor.py:840} INFO - DAG(s) 'example_task_group' retrieved from /home/airflow/.local/lib/python3.11/site-packages/airflow/example_dags/example_task_group.py
[2024-03-06T14:02:29.482+0000] {logging_mixin.py:188} INFO - [2024-03-06T14:02:29.482+0000] {dag.py:3047} INFO - Sync 1 DAGs
[2024-03-06T14:02:29.512+0000] {logging_mixin.py:188} INFO - [2024-03-06T14:02:29.512+0000] {dag.py:3834} INFO - Setting next_dagrun for example_task_group to 2024-03-05 00:00:00+00:00, run_after=2024-03-06 00:00:00+00:00
[2024-03-06T14:02:29.538+0000] {processor.py:183} INFO - Processing /home/airflow/.local/lib/python3.11/site-packages/airflow/example_dags/example_task_group.py took 0.099 seconds
[2024-03-06T14:02:59.795+0000] {processor.py:161} INFO - Started process (PID=9159) to work on /home/airflow/.local/lib/python3.11/site-packages/airflow/example_dags/example_task_group.py
[2024-03-06T14:02:59.796+0000] {processor.py:830} INFO - Processing file /home/airflow/.local/lib/python3.11/site-packages/airflow/example_dags/example_task_group.py for tasks to queue
[2024-03-06T14:02:59.797+0000] {logging_mixin.py:188} INFO - [2024-03-06T14:02:59.797+0000] {dagbag.py:540} INFO - Filling up the DagBag from /home/airflow/.local/lib/python3.11/site-packages/airflow/example_dags/example_task_group.py
[2024-03-06T14:02:59.805+0000] {processor.py:840} INFO - DAG(s) 'example_task_group' retrieved from /home/airflow/.local/lib/python3.11/site-packages/airflow/example_dags/example_task_group.py
[2024-03-06T14:02:59.825+0000] {logging_mixin.py:188} INFO - [2024-03-06T14:02:59.824+0000] {dag.py:3047} INFO - Sync 1 DAGs
[2024-03-06T14:02:59.845+0000] {logging_mixin.py:188} INFO - [2024-03-06T14:02:59.845+0000] {dag.py:3834} INFO - Setting next_dagrun for example_task_group to 2024-03-05 00:00:00+00:00, run_after=2024-03-06 00:00:00+00:00
[2024-03-06T14:02:59.863+0000] {processor.py:183} INFO - Processing /home/airflow/.local/lib/python3.11/site-packages/airflow/example_dags/example_task_group.py took 0.071 seconds
[2024-03-06T14:03:29.958+0000] {processor.py:161} INFO - Started process (PID=9406) to work on /home/airflow/.local/lib/python3.11/site-packages/airflow/example_dags/example_task_group.py
[2024-03-06T14:03:29.959+0000] {processor.py:830} INFO - Processing file /home/airflow/.local/lib/python3.11/site-packages/airflow/example_dags/example_task_group.py for tasks to queue
[2024-03-06T14:03:29.961+0000] {logging_mixin.py:188} INFO - [2024-03-06T14:03:29.960+0000] {dagbag.py:540} INFO - Filling up the DagBag from /home/airflow/.local/lib/python3.11/site-packages/airflow/example_dags/example_task_group.py
[2024-03-06T14:03:29.973+0000] {processor.py:840} INFO - DAG(s) 'example_task_group' retrieved from /home/airflow/.local/lib/python3.11/site-packages/airflow/example_dags/example_task_group.py
[2024-03-06T14:03:30.004+0000] {logging_mixin.py:188} INFO - [2024-03-06T14:03:30.003+0000] {dag.py:3047} INFO - Sync 1 DAGs
[2024-03-06T14:03:30.026+0000] {logging_mixin.py:188} INFO - [2024-03-06T14:03:30.026+0000] {dag.py:3834} INFO - Setting next_dagrun for example_task_group to 2024-03-05 00:00:00+00:00, run_after=2024-03-06 00:00:00+00:00
[2024-03-06T14:03:30.053+0000] {processor.py:183} INFO - Processing /home/airflow/.local/lib/python3.11/site-packages/airflow/example_dags/example_task_group.py took 0.099 seconds
[2024-03-06T14:04:00.136+0000] {processor.py:161} INFO - Started process (PID=9653) to work on /home/airflow/.local/lib/python3.11/site-packages/airflow/example_dags/example_task_group.py
[2024-03-06T14:04:00.139+0000] {processor.py:830} INFO - Processing file /home/airflow/.local/lib/python3.11/site-packages/airflow/example_dags/example_task_group.py for tasks to queue
[2024-03-06T14:04:00.140+0000] {logging_mixin.py:188} INFO - [2024-03-06T14:04:00.140+0000] {dagbag.py:540} INFO - Filling up the DagBag from /home/airflow/.local/lib/python3.11/site-packages/airflow/example_dags/example_task_group.py
[2024-03-06T14:04:00.149+0000] {processor.py:840} INFO - DAG(s) 'example_task_group' retrieved from /home/airflow/.local/lib/python3.11/site-packages/airflow/example_dags/example_task_group.py
[2024-03-06T14:04:00.170+0000] {logging_mixin.py:188} INFO - [2024-03-06T14:04:00.169+0000] {dag.py:3047} INFO - Sync 1 DAGs
[2024-03-06T14:04:00.193+0000] {logging_mixin.py:188} INFO - [2024-03-06T14:04:00.193+0000] {dag.py:3834} INFO - Setting next_dagrun for example_task_group to 2024-03-05 00:00:00+00:00, run_after=2024-03-06 00:00:00+00:00
[2024-03-06T14:04:00.215+0000] {processor.py:183} INFO - Processing /home/airflow/.local/lib/python3.11/site-packages/airflow/example_dags/example_task_group.py took 0.082 seconds
[2024-03-06T14:04:30.679+0000] {processor.py:161} INFO - Started process (PID=9900) to work on /home/airflow/.local/lib/python3.11/site-packages/airflow/example_dags/example_task_group.py
[2024-03-06T14:04:30.681+0000] {processor.py:830} INFO - Processing file /home/airflow/.local/lib/python3.11/site-packages/airflow/example_dags/example_task_group.py for tasks to queue
[2024-03-06T14:04:30.683+0000] {logging_mixin.py:188} INFO - [2024-03-06T14:04:30.682+0000] {dagbag.py:540} INFO - Filling up the DagBag from /home/airflow/.local/lib/python3.11/site-packages/airflow/example_dags/example_task_group.py
[2024-03-06T14:04:30.694+0000] {processor.py:840} INFO - DAG(s) 'example_task_group' retrieved from /home/airflow/.local/lib/python3.11/site-packages/airflow/example_dags/example_task_group.py
[2024-03-06T14:04:30.719+0000] {logging_mixin.py:188} INFO - [2024-03-06T14:04:30.719+0000] {dag.py:3047} INFO - Sync 1 DAGs
[2024-03-06T14:04:30.744+0000] {logging_mixin.py:188} INFO - [2024-03-06T14:04:30.744+0000] {dag.py:3834} INFO - Setting next_dagrun for example_task_group to 2024-03-05 00:00:00+00:00, run_after=2024-03-06 00:00:00+00:00
[2024-03-06T14:04:30.765+0000] {processor.py:183} INFO - Processing /home/airflow/.local/lib/python3.11/site-packages/airflow/example_dags/example_task_group.py took 0.090 seconds
[2024-03-06T14:05:00.964+0000] {processor.py:161} INFO - Started process (PID=10147) to work on /home/airflow/.local/lib/python3.11/site-packages/airflow/example_dags/example_task_group.py
[2024-03-06T14:05:00.969+0000] {processor.py:830} INFO - Processing file /home/airflow/.local/lib/python3.11/site-packages/airflow/example_dags/example_task_group.py for tasks to queue
[2024-03-06T14:05:00.970+0000] {logging_mixin.py:188} INFO - [2024-03-06T14:05:00.970+0000] {dagbag.py:540} INFO - Filling up the DagBag from /home/airflow/.local/lib/python3.11/site-packages/airflow/example_dags/example_task_group.py
[2024-03-06T14:05:00.985+0000] {processor.py:840} INFO - DAG(s) 'example_task_group' retrieved from /home/airflow/.local/lib/python3.11/site-packages/airflow/example_dags/example_task_group.py
[2024-03-06T14:05:01.009+0000] {logging_mixin.py:188} INFO - [2024-03-06T14:05:01.009+0000] {dag.py:3047} INFO - Sync 1 DAGs
[2024-03-06T14:05:01.040+0000] {logging_mixin.py:188} INFO - [2024-03-06T14:05:01.040+0000] {dag.py:3834} INFO - Setting next_dagrun for example_task_group to 2024-03-05 00:00:00+00:00, run_after=2024-03-06 00:00:00+00:00
[2024-03-06T14:05:01.072+0000] {processor.py:183} INFO - Processing /home/airflow/.local/lib/python3.11/site-packages/airflow/example_dags/example_task_group.py took 0.113 seconds
[2024-03-06T14:05:31.133+0000] {processor.py:161} INFO - Started process (PID=10394) to work on /home/airflow/.local/lib/python3.11/site-packages/airflow/example_dags/example_task_group.py
[2024-03-06T14:05:31.135+0000] {processor.py:830} INFO - Processing file /home/airflow/.local/lib/python3.11/site-packages/airflow/example_dags/example_task_group.py for tasks to queue
[2024-03-06T14:05:31.136+0000] {logging_mixin.py:188} INFO - [2024-03-06T14:05:31.135+0000] {dagbag.py:540} INFO - Filling up the DagBag from /home/airflow/.local/lib/python3.11/site-packages/airflow/example_dags/example_task_group.py
[2024-03-06T14:05:31.148+0000] {processor.py:840} INFO - DAG(s) 'example_task_group' retrieved from /home/airflow/.local/lib/python3.11/site-packages/airflow/example_dags/example_task_group.py
[2024-03-06T14:05:31.171+0000] {logging_mixin.py:188} INFO - [2024-03-06T14:05:31.171+0000] {dag.py:3047} INFO - Sync 1 DAGs
[2024-03-06T14:05:31.192+0000] {logging_mixin.py:188} INFO - [2024-03-06T14:05:31.192+0000] {dag.py:3834} INFO - Setting next_dagrun for example_task_group to 2024-03-05 00:00:00+00:00, run_after=2024-03-06 00:00:00+00:00
[2024-03-06T14:05:31.227+0000] {processor.py:183} INFO - Processing /home/airflow/.local/lib/python3.11/site-packages/airflow/example_dags/example_task_group.py took 0.098 seconds
[2024-03-06T14:06:01.299+0000] {processor.py:161} INFO - Started process (PID=10641) to work on /home/airflow/.local/lib/python3.11/site-packages/airflow/example_dags/example_task_group.py
[2024-03-06T14:06:01.301+0000] {processor.py:830} INFO - Processing file /home/airflow/.local/lib/python3.11/site-packages/airflow/example_dags/example_task_group.py for tasks to queue
[2024-03-06T14:06:01.302+0000] {logging_mixin.py:188} INFO - [2024-03-06T14:06:01.302+0000] {dagbag.py:540} INFO - Filling up the DagBag from /home/airflow/.local/lib/python3.11/site-packages/airflow/example_dags/example_task_group.py
[2024-03-06T14:06:01.311+0000] {processor.py:840} INFO - DAG(s) 'example_task_group' retrieved from /home/airflow/.local/lib/python3.11/site-packages/airflow/example_dags/example_task_group.py
[2024-03-06T14:06:01.334+0000] {logging_mixin.py:188} INFO - [2024-03-06T14:06:01.333+0000] {dag.py:3047} INFO - Sync 1 DAGs
[2024-03-06T14:06:01.357+0000] {logging_mixin.py:188} INFO - [2024-03-06T14:06:01.357+0000] {dag.py:3834} INFO - Setting next_dagrun for example_task_group to 2024-03-05 00:00:00+00:00, run_after=2024-03-06 00:00:00+00:00
[2024-03-06T14:06:01.380+0000] {processor.py:183} INFO - Processing /home/airflow/.local/lib/python3.11/site-packages/airflow/example_dags/example_task_group.py took 0.084 seconds
[2024-03-06T14:06:31.491+0000] {processor.py:161} INFO - Started process (PID=10887) to work on /home/airflow/.local/lib/python3.11/site-packages/airflow/example_dags/example_task_group.py
[2024-03-06T14:06:31.493+0000] {processor.py:830} INFO - Processing file /home/airflow/.local/lib/python3.11/site-packages/airflow/example_dags/example_task_group.py for tasks to queue
[2024-03-06T14:06:31.494+0000] {logging_mixin.py:188} INFO - [2024-03-06T14:06:31.494+0000] {dagbag.py:540} INFO - Filling up the DagBag from /home/airflow/.local/lib/python3.11/site-packages/airflow/example_dags/example_task_group.py
[2024-03-06T14:06:31.504+0000] {processor.py:840} INFO - DAG(s) 'example_task_group' retrieved from /home/airflow/.local/lib/python3.11/site-packages/airflow/example_dags/example_task_group.py
[2024-03-06T14:06:31.526+0000] {logging_mixin.py:188} INFO - [2024-03-06T14:06:31.526+0000] {dag.py:3047} INFO - Sync 1 DAGs
[2024-03-06T14:06:31.548+0000] {logging_mixin.py:188} INFO - [2024-03-06T14:06:31.547+0000] {dag.py:3834} INFO - Setting next_dagrun for example_task_group to 2024-03-05 00:00:00+00:00, run_after=2024-03-06 00:00:00+00:00
[2024-03-06T14:06:31.571+0000] {processor.py:183} INFO - Processing /home/airflow/.local/lib/python3.11/site-packages/airflow/example_dags/example_task_group.py took 0.083 seconds
[2024-03-06T14:07:01.717+0000] {processor.py:161} INFO - Started process (PID=11132) to work on /home/airflow/.local/lib/python3.11/site-packages/airflow/example_dags/example_task_group.py
[2024-03-06T14:07:01.719+0000] {processor.py:830} INFO - Processing file /home/airflow/.local/lib/python3.11/site-packages/airflow/example_dags/example_task_group.py for tasks to queue
[2024-03-06T14:07:01.720+0000] {logging_mixin.py:188} INFO - [2024-03-06T14:07:01.720+0000] {dagbag.py:540} INFO - Filling up the DagBag from /home/airflow/.local/lib/python3.11/site-packages/airflow/example_dags/example_task_group.py
[2024-03-06T14:07:01.737+0000] {processor.py:840} INFO - DAG(s) 'example_task_group' retrieved from /home/airflow/.local/lib/python3.11/site-packages/airflow/example_dags/example_task_group.py
[2024-03-06T14:07:01.769+0000] {logging_mixin.py:188} INFO - [2024-03-06T14:07:01.768+0000] {dag.py:3047} INFO - Sync 1 DAGs
[2024-03-06T14:07:01.812+0000] {logging_mixin.py:188} INFO - [2024-03-06T14:07:01.812+0000] {dag.py:3834} INFO - Setting next_dagrun for example_task_group to 2024-03-05 00:00:00+00:00, run_after=2024-03-06 00:00:00+00:00
[2024-03-06T14:07:01.866+0000] {processor.py:183} INFO - Processing /home/airflow/.local/lib/python3.11/site-packages/airflow/example_dags/example_task_group.py took 0.154 seconds
[2024-03-06T14:07:32.657+0000] {processor.py:161} INFO - Started process (PID=11379) to work on /home/airflow/.local/lib/python3.11/site-packages/airflow/example_dags/example_task_group.py
[2024-03-06T14:07:32.659+0000] {processor.py:830} INFO - Processing file /home/airflow/.local/lib/python3.11/site-packages/airflow/example_dags/example_task_group.py for tasks to queue
[2024-03-06T14:07:32.662+0000] {logging_mixin.py:188} INFO - [2024-03-06T14:07:32.661+0000] {dagbag.py:540} INFO - Filling up the DagBag from /home/airflow/.local/lib/python3.11/site-packages/airflow/example_dags/example_task_group.py
[2024-03-06T14:07:32.675+0000] {processor.py:840} INFO - DAG(s) 'example_task_group' retrieved from /home/airflow/.local/lib/python3.11/site-packages/airflow/example_dags/example_task_group.py
[2024-03-06T14:07:32.700+0000] {logging_mixin.py:188} INFO - [2024-03-06T14:07:32.699+0000] {dag.py:3047} INFO - Sync 1 DAGs
[2024-03-06T14:07:32.727+0000] {logging_mixin.py:188} INFO - [2024-03-06T14:07:32.727+0000] {dag.py:3834} INFO - Setting next_dagrun for example_task_group to 2024-03-05 00:00:00+00:00, run_after=2024-03-06 00:00:00+00:00
[2024-03-06T14:07:32.748+0000] {processor.py:183} INFO - Processing /home/airflow/.local/lib/python3.11/site-packages/airflow/example_dags/example_task_group.py took 0.099 seconds
[2024-03-06T14:08:03.328+0000] {processor.py:161} INFO - Started process (PID=11626) to work on /home/airflow/.local/lib/python3.11/site-packages/airflow/example_dags/example_task_group.py
[2024-03-06T14:08:03.331+0000] {processor.py:830} INFO - Processing file /home/airflow/.local/lib/python3.11/site-packages/airflow/example_dags/example_task_group.py for tasks to queue
[2024-03-06T14:08:03.337+0000] {logging_mixin.py:188} INFO - [2024-03-06T14:08:03.333+0000] {dagbag.py:540} INFO - Filling up the DagBag from /home/airflow/.local/lib/python3.11/site-packages/airflow/example_dags/example_task_group.py
[2024-03-06T14:08:03.352+0000] {processor.py:840} INFO - DAG(s) 'example_task_group' retrieved from /home/airflow/.local/lib/python3.11/site-packages/airflow/example_dags/example_task_group.py
[2024-03-06T14:08:03.403+0000] {logging_mixin.py:188} INFO - [2024-03-06T14:08:03.402+0000] {dag.py:3047} INFO - Sync 1 DAGs
[2024-03-06T14:08:03.452+0000] {logging_mixin.py:188} INFO - [2024-03-06T14:08:03.452+0000] {dag.py:3834} INFO - Setting next_dagrun for example_task_group to 2024-03-05 00:00:00+00:00, run_after=2024-03-06 00:00:00+00:00
[2024-03-06T14:08:03.514+0000] {processor.py:183} INFO - Processing /home/airflow/.local/lib/python3.11/site-packages/airflow/example_dags/example_task_group.py took 0.191 seconds
[2024-03-06T14:08:34.186+0000] {processor.py:161} INFO - Started process (PID=11873) to work on /home/airflow/.local/lib/python3.11/site-packages/airflow/example_dags/example_task_group.py
[2024-03-06T14:08:34.187+0000] {processor.py:830} INFO - Processing file /home/airflow/.local/lib/python3.11/site-packages/airflow/example_dags/example_task_group.py for tasks to queue
[2024-03-06T14:08:34.188+0000] {logging_mixin.py:188} INFO - [2024-03-06T14:08:34.188+0000] {dagbag.py:540} INFO - Filling up the DagBag from /home/airflow/.local/lib/python3.11/site-packages/airflow/example_dags/example_task_group.py
[2024-03-06T14:08:34.197+0000] {processor.py:840} INFO - DAG(s) 'example_task_group' retrieved from /home/airflow/.local/lib/python3.11/site-packages/airflow/example_dags/example_task_group.py
[2024-03-06T14:08:34.220+0000] {logging_mixin.py:188} INFO - [2024-03-06T14:08:34.220+0000] {dag.py:3047} INFO - Sync 1 DAGs
[2024-03-06T14:08:34.243+0000] {logging_mixin.py:188} INFO - [2024-03-06T14:08:34.243+0000] {dag.py:3834} INFO - Setting next_dagrun for example_task_group to 2024-03-05 00:00:00+00:00, run_after=2024-03-06 00:00:00+00:00
[2024-03-06T14:08:34.262+0000] {processor.py:183} INFO - Processing /home/airflow/.local/lib/python3.11/site-packages/airflow/example_dags/example_task_group.py took 0.079 seconds
[2024-03-06T14:09:04.856+0000] {processor.py:161} INFO - Started process (PID=12119) to work on /home/airflow/.local/lib/python3.11/site-packages/airflow/example_dags/example_task_group.py
[2024-03-06T14:09:04.858+0000] {processor.py:830} INFO - Processing file /home/airflow/.local/lib/python3.11/site-packages/airflow/example_dags/example_task_group.py for tasks to queue
[2024-03-06T14:09:04.860+0000] {logging_mixin.py:188} INFO - [2024-03-06T14:09:04.859+0000] {dagbag.py:540} INFO - Filling up the DagBag from /home/airflow/.local/lib/python3.11/site-packages/airflow/example_dags/example_task_group.py
[2024-03-06T14:09:04.873+0000] {processor.py:840} INFO - DAG(s) 'example_task_group' retrieved from /home/airflow/.local/lib/python3.11/site-packages/airflow/example_dags/example_task_group.py
[2024-03-06T14:09:04.901+0000] {logging_mixin.py:188} INFO - [2024-03-06T14:09:04.901+0000] {dag.py:3047} INFO - Sync 1 DAGs
[2024-03-06T14:09:04.942+0000] {logging_mixin.py:188} INFO - [2024-03-06T14:09:04.941+0000] {dag.py:3834} INFO - Setting next_dagrun for example_task_group to 2024-03-05 00:00:00+00:00, run_after=2024-03-06 00:00:00+00:00
[2024-03-06T14:09:04.990+0000] {processor.py:183} INFO - Processing /home/airflow/.local/lib/python3.11/site-packages/airflow/example_dags/example_task_group.py took 0.139 seconds
[2024-03-06T14:09:35.966+0000] {processor.py:161} INFO - Started process (PID=12365) to work on /home/airflow/.local/lib/python3.11/site-packages/airflow/example_dags/example_task_group.py
[2024-03-06T14:09:35.970+0000] {processor.py:830} INFO - Processing file /home/airflow/.local/lib/python3.11/site-packages/airflow/example_dags/example_task_group.py for tasks to queue
[2024-03-06T14:09:35.971+0000] {logging_mixin.py:188} INFO - [2024-03-06T14:09:35.971+0000] {dagbag.py:540} INFO - Filling up the DagBag from /home/airflow/.local/lib/python3.11/site-packages/airflow/example_dags/example_task_group.py
[2024-03-06T14:09:35.982+0000] {processor.py:840} INFO - DAG(s) 'example_task_group' retrieved from /home/airflow/.local/lib/python3.11/site-packages/airflow/example_dags/example_task_group.py
[2024-03-06T14:09:35.999+0000] {logging_mixin.py:188} INFO - [2024-03-06T14:09:35.999+0000] {dag.py:3047} INFO - Sync 1 DAGs
[2024-03-06T14:09:36.021+0000] {logging_mixin.py:188} INFO - [2024-03-06T14:09:36.020+0000] {dag.py:3834} INFO - Setting next_dagrun for example_task_group to 2024-03-05 00:00:00+00:00, run_after=2024-03-06 00:00:00+00:00
[2024-03-06T14:09:36.044+0000] {processor.py:183} INFO - Processing /home/airflow/.local/lib/python3.11/site-packages/airflow/example_dags/example_task_group.py took 0.081 seconds
[2024-03-06T14:10:06.786+0000] {processor.py:161} INFO - Started process (PID=12612) to work on /home/airflow/.local/lib/python3.11/site-packages/airflow/example_dags/example_task_group.py
[2024-03-06T14:10:06.787+0000] {processor.py:830} INFO - Processing file /home/airflow/.local/lib/python3.11/site-packages/airflow/example_dags/example_task_group.py for tasks to queue
[2024-03-06T14:10:06.788+0000] {logging_mixin.py:188} INFO - [2024-03-06T14:10:06.788+0000] {dagbag.py:540} INFO - Filling up the DagBag from /home/airflow/.local/lib/python3.11/site-packages/airflow/example_dags/example_task_group.py
[2024-03-06T14:10:06.799+0000] {processor.py:840} INFO - DAG(s) 'example_task_group' retrieved from /home/airflow/.local/lib/python3.11/site-packages/airflow/example_dags/example_task_group.py
[2024-03-06T14:10:06.820+0000] {logging_mixin.py:188} INFO - [2024-03-06T14:10:06.820+0000] {dag.py:3047} INFO - Sync 1 DAGs
[2024-03-06T14:10:06.843+0000] {logging_mixin.py:188} INFO - [2024-03-06T14:10:06.843+0000] {dag.py:3834} INFO - Setting next_dagrun for example_task_group to 2024-03-05 00:00:00+00:00, run_after=2024-03-06 00:00:00+00:00
[2024-03-06T14:10:06.862+0000] {processor.py:183} INFO - Processing /home/airflow/.local/lib/python3.11/site-packages/airflow/example_dags/example_task_group.py took 0.081 seconds
[2024-03-06T14:10:37.826+0000] {processor.py:161} INFO - Started process (PID=12859) to work on /home/airflow/.local/lib/python3.11/site-packages/airflow/example_dags/example_task_group.py
[2024-03-06T14:10:37.827+0000] {processor.py:830} INFO - Processing file /home/airflow/.local/lib/python3.11/site-packages/airflow/example_dags/example_task_group.py for tasks to queue
[2024-03-06T14:10:37.829+0000] {logging_mixin.py:188} INFO - [2024-03-06T14:10:37.828+0000] {dagbag.py:540} INFO - Filling up the DagBag from /home/airflow/.local/lib/python3.11/site-packages/airflow/example_dags/example_task_group.py
[2024-03-06T14:10:37.837+0000] {processor.py:840} INFO - DAG(s) 'example_task_group' retrieved from /home/airflow/.local/lib/python3.11/site-packages/airflow/example_dags/example_task_group.py
[2024-03-06T14:10:37.859+0000] {logging_mixin.py:188} INFO - [2024-03-06T14:10:37.859+0000] {dag.py:3047} INFO - Sync 1 DAGs
[2024-03-06T14:10:37.892+0000] {logging_mixin.py:188} INFO - [2024-03-06T14:10:37.892+0000] {dag.py:3834} INFO - Setting next_dagrun for example_task_group to 2024-03-05 00:00:00+00:00, run_after=2024-03-06 00:00:00+00:00
[2024-03-06T14:10:37.912+0000] {processor.py:183} INFO - Processing /home/airflow/.local/lib/python3.11/site-packages/airflow/example_dags/example_task_group.py took 0.090 seconds
[2024-03-06T14:11:07.949+0000] {processor.py:161} INFO - Started process (PID=13106) to work on /home/airflow/.local/lib/python3.11/site-packages/airflow/example_dags/example_task_group.py
[2024-03-06T14:11:07.950+0000] {processor.py:830} INFO - Processing file /home/airflow/.local/lib/python3.11/site-packages/airflow/example_dags/example_task_group.py for tasks to queue
[2024-03-06T14:11:07.951+0000] {logging_mixin.py:188} INFO - [2024-03-06T14:11:07.951+0000] {dagbag.py:540} INFO - Filling up the DagBag from /home/airflow/.local/lib/python3.11/site-packages/airflow/example_dags/example_task_group.py
[2024-03-06T14:11:07.966+0000] {processor.py:840} INFO - DAG(s) 'example_task_group' retrieved from /home/airflow/.local/lib/python3.11/site-packages/airflow/example_dags/example_task_group.py
[2024-03-06T14:11:07.987+0000] {logging_mixin.py:188} INFO - [2024-03-06T14:11:07.987+0000] {dag.py:3047} INFO - Sync 1 DAGs
[2024-03-06T14:11:08.012+0000] {logging_mixin.py:188} INFO - [2024-03-06T14:11:08.012+0000] {dag.py:3834} INFO - Setting next_dagrun for example_task_group to 2024-03-05 00:00:00+00:00, run_after=2024-03-06 00:00:00+00:00
[2024-03-06T14:11:08.031+0000] {processor.py:183} INFO - Processing /home/airflow/.local/lib/python3.11/site-packages/airflow/example_dags/example_task_group.py took 0.085 seconds
[2024-03-06T14:11:38.571+0000] {processor.py:161} INFO - Started process (PID=13353) to work on /home/airflow/.local/lib/python3.11/site-packages/airflow/example_dags/example_task_group.py
[2024-03-06T14:11:38.572+0000] {processor.py:830} INFO - Processing file /home/airflow/.local/lib/python3.11/site-packages/airflow/example_dags/example_task_group.py for tasks to queue
[2024-03-06T14:11:38.578+0000] {logging_mixin.py:188} INFO - [2024-03-06T14:11:38.577+0000] {dagbag.py:540} INFO - Filling up the DagBag from /home/airflow/.local/lib/python3.11/site-packages/airflow/example_dags/example_task_group.py
[2024-03-06T14:11:38.588+0000] {processor.py:840} INFO - DAG(s) 'example_task_group' retrieved from /home/airflow/.local/lib/python3.11/site-packages/airflow/example_dags/example_task_group.py
[2024-03-06T14:11:38.608+0000] {logging_mixin.py:188} INFO - [2024-03-06T14:11:38.607+0000] {dag.py:3047} INFO - Sync 1 DAGs
[2024-03-06T14:11:38.629+0000] {logging_mixin.py:188} INFO - [2024-03-06T14:11:38.629+0000] {dag.py:3834} INFO - Setting next_dagrun for example_task_group to 2024-03-05 00:00:00+00:00, run_after=2024-03-06 00:00:00+00:00
[2024-03-06T14:11:38.651+0000] {processor.py:183} INFO - Processing /home/airflow/.local/lib/python3.11/site-packages/airflow/example_dags/example_task_group.py took 0.084 seconds
[2024-03-06T14:12:09.273+0000] {processor.py:161} INFO - Started process (PID=13600) to work on /home/airflow/.local/lib/python3.11/site-packages/airflow/example_dags/example_task_group.py
[2024-03-06T14:12:09.274+0000] {processor.py:830} INFO - Processing file /home/airflow/.local/lib/python3.11/site-packages/airflow/example_dags/example_task_group.py for tasks to queue
[2024-03-06T14:12:09.275+0000] {logging_mixin.py:188} INFO - [2024-03-06T14:12:09.275+0000] {dagbag.py:540} INFO - Filling up the DagBag from /home/airflow/.local/lib/python3.11/site-packages/airflow/example_dags/example_task_group.py
[2024-03-06T14:12:09.283+0000] {processor.py:840} INFO - DAG(s) 'example_task_group' retrieved from /home/airflow/.local/lib/python3.11/site-packages/airflow/example_dags/example_task_group.py
[2024-03-06T14:12:09.301+0000] {logging_mixin.py:188} INFO - [2024-03-06T14:12:09.301+0000] {dag.py:3047} INFO - Sync 1 DAGs
[2024-03-06T14:12:09.323+0000] {logging_mixin.py:188} INFO - [2024-03-06T14:12:09.323+0000] {dag.py:3834} INFO - Setting next_dagrun for example_task_group to 2024-03-05 00:00:00+00:00, run_after=2024-03-06 00:00:00+00:00
[2024-03-06T14:12:09.340+0000] {processor.py:183} INFO - Processing /home/airflow/.local/lib/python3.11/site-packages/airflow/example_dags/example_task_group.py took 0.071 seconds
[2024-03-06T14:12:39.799+0000] {processor.py:161} INFO - Started process (PID=13847) to work on /home/airflow/.local/lib/python3.11/site-packages/airflow/example_dags/example_task_group.py
[2024-03-06T14:12:39.801+0000] {processor.py:830} INFO - Processing file /home/airflow/.local/lib/python3.11/site-packages/airflow/example_dags/example_task_group.py for tasks to queue
[2024-03-06T14:12:39.802+0000] {logging_mixin.py:188} INFO - [2024-03-06T14:12:39.802+0000] {dagbag.py:540} INFO - Filling up the DagBag from /home/airflow/.local/lib/python3.11/site-packages/airflow/example_dags/example_task_group.py
[2024-03-06T14:12:39.814+0000] {processor.py:840} INFO - DAG(s) 'example_task_group' retrieved from /home/airflow/.local/lib/python3.11/site-packages/airflow/example_dags/example_task_group.py
[2024-03-06T14:12:39.834+0000] {logging_mixin.py:188} INFO - [2024-03-06T14:12:39.834+0000] {dag.py:3047} INFO - Sync 1 DAGs
[2024-03-06T14:12:39.855+0000] {logging_mixin.py:188} INFO - [2024-03-06T14:12:39.855+0000] {dag.py:3834} INFO - Setting next_dagrun for example_task_group to 2024-03-05 00:00:00+00:00, run_after=2024-03-06 00:00:00+00:00
[2024-03-06T14:12:39.885+0000] {processor.py:183} INFO - Processing /home/airflow/.local/lib/python3.11/site-packages/airflow/example_dags/example_task_group.py took 0.092 seconds
[2024-03-06T14:13:10.674+0000] {processor.py:161} INFO - Started process (PID=14094) to work on /home/airflow/.local/lib/python3.11/site-packages/airflow/example_dags/example_task_group.py
[2024-03-06T14:13:10.678+0000] {processor.py:830} INFO - Processing file /home/airflow/.local/lib/python3.11/site-packages/airflow/example_dags/example_task_group.py for tasks to queue
[2024-03-06T14:13:10.679+0000] {logging_mixin.py:188} INFO - [2024-03-06T14:13:10.679+0000] {dagbag.py:540} INFO - Filling up the DagBag from /home/airflow/.local/lib/python3.11/site-packages/airflow/example_dags/example_task_group.py
[2024-03-06T14:13:10.690+0000] {processor.py:840} INFO - DAG(s) 'example_task_group' retrieved from /home/airflow/.local/lib/python3.11/site-packages/airflow/example_dags/example_task_group.py
[2024-03-06T14:13:10.712+0000] {logging_mixin.py:188} INFO - [2024-03-06T14:13:10.711+0000] {dag.py:3047} INFO - Sync 1 DAGs
[2024-03-06T14:13:10.736+0000] {logging_mixin.py:188} INFO - [2024-03-06T14:13:10.736+0000] {dag.py:3834} INFO - Setting next_dagrun for example_task_group to 2024-03-05 00:00:00+00:00, run_after=2024-03-06 00:00:00+00:00
[2024-03-06T14:13:10.753+0000] {processor.py:183} INFO - Processing /home/airflow/.local/lib/python3.11/site-packages/airflow/example_dags/example_task_group.py took 0.084 seconds
[2024-03-06T14:13:41.246+0000] {processor.py:161} INFO - Started process (PID=14341) to work on /home/airflow/.local/lib/python3.11/site-packages/airflow/example_dags/example_task_group.py
[2024-03-06T14:13:41.248+0000] {processor.py:830} INFO - Processing file /home/airflow/.local/lib/python3.11/site-packages/airflow/example_dags/example_task_group.py for tasks to queue
[2024-03-06T14:13:41.249+0000] {logging_mixin.py:188} INFO - [2024-03-06T14:13:41.249+0000] {dagbag.py:540} INFO - Filling up the DagBag from /home/airflow/.local/lib/python3.11/site-packages/airflow/example_dags/example_task_group.py
[2024-03-06T14:13:41.271+0000] {processor.py:840} INFO - DAG(s) 'example_task_group' retrieved from /home/airflow/.local/lib/python3.11/site-packages/airflow/example_dags/example_task_group.py
[2024-03-06T14:13:41.298+0000] {logging_mixin.py:188} INFO - [2024-03-06T14:13:41.298+0000] {dag.py:3047} INFO - Sync 1 DAGs
[2024-03-06T14:13:41.319+0000] {logging_mixin.py:188} INFO - [2024-03-06T14:13:41.319+0000] {dag.py:3834} INFO - Setting next_dagrun for example_task_group to 2024-03-05 00:00:00+00:00, run_after=2024-03-06 00:00:00+00:00
[2024-03-06T14:13:41.343+0000] {processor.py:183} INFO - Processing /home/airflow/.local/lib/python3.11/site-packages/airflow/example_dags/example_task_group.py took 0.101 seconds
[2024-03-06T14:14:12.176+0000] {processor.py:161} INFO - Started process (PID=14588) to work on /home/airflow/.local/lib/python3.11/site-packages/airflow/example_dags/example_task_group.py
[2024-03-06T14:14:12.178+0000] {processor.py:830} INFO - Processing file /home/airflow/.local/lib/python3.11/site-packages/airflow/example_dags/example_task_group.py for tasks to queue
[2024-03-06T14:14:12.179+0000] {logging_mixin.py:188} INFO - [2024-03-06T14:14:12.179+0000] {dagbag.py:540} INFO - Filling up the DagBag from /home/airflow/.local/lib/python3.11/site-packages/airflow/example_dags/example_task_group.py
[2024-03-06T14:14:12.189+0000] {processor.py:840} INFO - DAG(s) 'example_task_group' retrieved from /home/airflow/.local/lib/python3.11/site-packages/airflow/example_dags/example_task_group.py
[2024-03-06T14:14:12.207+0000] {logging_mixin.py:188} INFO - [2024-03-06T14:14:12.206+0000] {dag.py:3047} INFO - Sync 1 DAGs
[2024-03-06T14:14:12.228+0000] {logging_mixin.py:188} INFO - [2024-03-06T14:14:12.228+0000] {dag.py:3834} INFO - Setting next_dagrun for example_task_group to 2024-03-05 00:00:00+00:00, run_after=2024-03-06 00:00:00+00:00
[2024-03-06T14:14:12.245+0000] {processor.py:183} INFO - Processing /home/airflow/.local/lib/python3.11/site-packages/airflow/example_dags/example_task_group.py took 0.072 seconds
[2024-03-06T14:14:42.402+0000] {processor.py:161} INFO - Started process (PID=14835) to work on /home/airflow/.local/lib/python3.11/site-packages/airflow/example_dags/example_task_group.py
[2024-03-06T14:14:42.403+0000] {processor.py:830} INFO - Processing file /home/airflow/.local/lib/python3.11/site-packages/airflow/example_dags/example_task_group.py for tasks to queue
[2024-03-06T14:14:42.404+0000] {logging_mixin.py:188} INFO - [2024-03-06T14:14:42.404+0000] {dagbag.py:540} INFO - Filling up the DagBag from /home/airflow/.local/lib/python3.11/site-packages/airflow/example_dags/example_task_group.py
[2024-03-06T14:14:42.414+0000] {processor.py:840} INFO - DAG(s) 'example_task_group' retrieved from /home/airflow/.local/lib/python3.11/site-packages/airflow/example_dags/example_task_group.py
[2024-03-06T14:14:42.435+0000] {logging_mixin.py:188} INFO - [2024-03-06T14:14:42.435+0000] {dag.py:3047} INFO - Sync 1 DAGs
[2024-03-06T14:14:42.457+0000] {logging_mixin.py:188} INFO - [2024-03-06T14:14:42.456+0000] {dag.py:3834} INFO - Setting next_dagrun for example_task_group to 2024-03-05 00:00:00+00:00, run_after=2024-03-06 00:00:00+00:00
[2024-03-06T14:14:42.472+0000] {processor.py:183} INFO - Processing /home/airflow/.local/lib/python3.11/site-packages/airflow/example_dags/example_task_group.py took 0.075 seconds
[2024-03-06T14:15:12.515+0000] {processor.py:161} INFO - Started process (PID=15082) to work on /home/airflow/.local/lib/python3.11/site-packages/airflow/example_dags/example_task_group.py
[2024-03-06T14:15:12.522+0000] {processor.py:830} INFO - Processing file /home/airflow/.local/lib/python3.11/site-packages/airflow/example_dags/example_task_group.py for tasks to queue
[2024-03-06T14:15:12.526+0000] {logging_mixin.py:188} INFO - [2024-03-06T14:15:12.525+0000] {dagbag.py:540} INFO - Filling up the DagBag from /home/airflow/.local/lib/python3.11/site-packages/airflow/example_dags/example_task_group.py
[2024-03-06T14:15:12.542+0000] {processor.py:840} INFO - DAG(s) 'example_task_group' retrieved from /home/airflow/.local/lib/python3.11/site-packages/airflow/example_dags/example_task_group.py
[2024-03-06T14:15:12.570+0000] {logging_mixin.py:188} INFO - [2024-03-06T14:15:12.570+0000] {dag.py:3047} INFO - Sync 1 DAGs
[2024-03-06T14:15:12.596+0000] {logging_mixin.py:188} INFO - [2024-03-06T14:15:12.596+0000] {dag.py:3834} INFO - Setting next_dagrun for example_task_group to 2024-03-05 00:00:00+00:00, run_after=2024-03-06 00:00:00+00:00
[2024-03-06T14:15:12.620+0000] {processor.py:183} INFO - Processing /home/airflow/.local/lib/python3.11/site-packages/airflow/example_dags/example_task_group.py took 0.108 seconds
[2024-03-06T14:15:43.591+0000] {processor.py:161} INFO - Started process (PID=15329) to work on /home/airflow/.local/lib/python3.11/site-packages/airflow/example_dags/example_task_group.py
[2024-03-06T14:15:43.592+0000] {processor.py:830} INFO - Processing file /home/airflow/.local/lib/python3.11/site-packages/airflow/example_dags/example_task_group.py for tasks to queue
[2024-03-06T14:15:43.593+0000] {logging_mixin.py:188} INFO - [2024-03-06T14:15:43.593+0000] {dagbag.py:540} INFO - Filling up the DagBag from /home/airflow/.local/lib/python3.11/site-packages/airflow/example_dags/example_task_group.py
[2024-03-06T14:15:43.604+0000] {processor.py:840} INFO - DAG(s) 'example_task_group' retrieved from /home/airflow/.local/lib/python3.11/site-packages/airflow/example_dags/example_task_group.py
[2024-03-06T14:15:43.626+0000] {logging_mixin.py:188} INFO - [2024-03-06T14:15:43.626+0000] {dag.py:3047} INFO - Sync 1 DAGs
[2024-03-06T14:15:43.654+0000] {logging_mixin.py:188} INFO - [2024-03-06T14:15:43.653+0000] {dag.py:3834} INFO - Setting next_dagrun for example_task_group to 2024-03-05 00:00:00+00:00, run_after=2024-03-06 00:00:00+00:00
[2024-03-06T14:15:43.677+0000] {processor.py:183} INFO - Processing /home/airflow/.local/lib/python3.11/site-packages/airflow/example_dags/example_task_group.py took 0.088 seconds
[2024-03-06T14:16:13.888+0000] {processor.py:161} INFO - Started process (PID=15576) to work on /home/airflow/.local/lib/python3.11/site-packages/airflow/example_dags/example_task_group.py
[2024-03-06T14:16:13.889+0000] {processor.py:830} INFO - Processing file /home/airflow/.local/lib/python3.11/site-packages/airflow/example_dags/example_task_group.py for tasks to queue
[2024-03-06T14:16:13.891+0000] {logging_mixin.py:188} INFO - [2024-03-06T14:16:13.890+0000] {dagbag.py:540} INFO - Filling up the DagBag from /home/airflow/.local/lib/python3.11/site-packages/airflow/example_dags/example_task_group.py
[2024-03-06T14:16:13.899+0000] {processor.py:840} INFO - DAG(s) 'example_task_group' retrieved from /home/airflow/.local/lib/python3.11/site-packages/airflow/example_dags/example_task_group.py
[2024-03-06T14:16:13.921+0000] {logging_mixin.py:188} INFO - [2024-03-06T14:16:13.921+0000] {dag.py:3047} INFO - Sync 1 DAGs
[2024-03-06T14:16:13.944+0000] {logging_mixin.py:188} INFO - [2024-03-06T14:16:13.944+0000] {dag.py:3834} INFO - Setting next_dagrun for example_task_group to 2024-03-05 00:00:00+00:00, run_after=2024-03-06 00:00:00+00:00
[2024-03-06T14:16:13.961+0000] {processor.py:183} INFO - Processing /home/airflow/.local/lib/python3.11/site-packages/airflow/example_dags/example_task_group.py took 0.075 seconds
[2024-03-06T14:16:44.681+0000] {processor.py:161} INFO - Started process (PID=15823) to work on /home/airflow/.local/lib/python3.11/site-packages/airflow/example_dags/example_task_group.py
[2024-03-06T14:16:44.682+0000] {processor.py:830} INFO - Processing file /home/airflow/.local/lib/python3.11/site-packages/airflow/example_dags/example_task_group.py for tasks to queue
[2024-03-06T14:16:44.683+0000] {logging_mixin.py:188} INFO - [2024-03-06T14:16:44.683+0000] {dagbag.py:540} INFO - Filling up the DagBag from /home/airflow/.local/lib/python3.11/site-packages/airflow/example_dags/example_task_group.py
[2024-03-06T14:16:44.692+0000] {processor.py:840} INFO - DAG(s) 'example_task_group' retrieved from /home/airflow/.local/lib/python3.11/site-packages/airflow/example_dags/example_task_group.py
[2024-03-06T14:16:44.713+0000] {logging_mixin.py:188} INFO - [2024-03-06T14:16:44.712+0000] {dag.py:3047} INFO - Sync 1 DAGs
[2024-03-06T14:16:44.737+0000] {logging_mixin.py:188} INFO - [2024-03-06T14:16:44.737+0000] {dag.py:3834} INFO - Setting next_dagrun for example_task_group to 2024-03-05 00:00:00+00:00, run_after=2024-03-06 00:00:00+00:00
[2024-03-06T14:16:44.755+0000] {processor.py:183} INFO - Processing /home/airflow/.local/lib/python3.11/site-packages/airflow/example_dags/example_task_group.py took 0.077 seconds
[2024-03-06T14:17:15.035+0000] {processor.py:161} INFO - Started process (PID=16070) to work on /home/airflow/.local/lib/python3.11/site-packages/airflow/example_dags/example_task_group.py
[2024-03-06T14:17:15.040+0000] {processor.py:830} INFO - Processing file /home/airflow/.local/lib/python3.11/site-packages/airflow/example_dags/example_task_group.py for tasks to queue
[2024-03-06T14:17:15.042+0000] {logging_mixin.py:188} INFO - [2024-03-06T14:17:15.042+0000] {dagbag.py:540} INFO - Filling up the DagBag from /home/airflow/.local/lib/python3.11/site-packages/airflow/example_dags/example_task_group.py
[2024-03-06T14:17:15.054+0000] {processor.py:840} INFO - DAG(s) 'example_task_group' retrieved from /home/airflow/.local/lib/python3.11/site-packages/airflow/example_dags/example_task_group.py
[2024-03-06T14:17:15.073+0000] {logging_mixin.py:188} INFO - [2024-03-06T14:17:15.073+0000] {dag.py:3047} INFO - Sync 1 DAGs
[2024-03-06T14:17:15.099+0000] {logging_mixin.py:188} INFO - [2024-03-06T14:17:15.098+0000] {dag.py:3834} INFO - Setting next_dagrun for example_task_group to 2024-03-05 00:00:00+00:00, run_after=2024-03-06 00:00:00+00:00
[2024-03-06T14:17:15.130+0000] {processor.py:183} INFO - Processing /home/airflow/.local/lib/python3.11/site-packages/airflow/example_dags/example_task_group.py took 0.097 seconds
[2024-03-06T14:17:45.634+0000] {processor.py:161} INFO - Started process (PID=16317) to work on /home/airflow/.local/lib/python3.11/site-packages/airflow/example_dags/example_task_group.py
[2024-03-06T14:17:45.636+0000] {processor.py:830} INFO - Processing file /home/airflow/.local/lib/python3.11/site-packages/airflow/example_dags/example_task_group.py for tasks to queue
[2024-03-06T14:17:45.637+0000] {logging_mixin.py:188} INFO - [2024-03-06T14:17:45.636+0000] {dagbag.py:540} INFO - Filling up the DagBag from /home/airflow/.local/lib/python3.11/site-packages/airflow/example_dags/example_task_group.py
[2024-03-06T14:17:45.645+0000] {processor.py:840} INFO - DAG(s) 'example_task_group' retrieved from /home/airflow/.local/lib/python3.11/site-packages/airflow/example_dags/example_task_group.py
[2024-03-06T14:17:45.672+0000] {logging_mixin.py:188} INFO - [2024-03-06T14:17:45.671+0000] {dag.py:3047} INFO - Sync 1 DAGs
[2024-03-06T14:17:45.702+0000] {logging_mixin.py:188} INFO - [2024-03-06T14:17:45.701+0000] {dag.py:3834} INFO - Setting next_dagrun for example_task_group to 2024-03-05 00:00:00+00:00, run_after=2024-03-06 00:00:00+00:00
[2024-03-06T14:17:45.742+0000] {processor.py:183} INFO - Processing /home/airflow/.local/lib/python3.11/site-packages/airflow/example_dags/example_task_group.py took 0.112 seconds
[2024-03-06T14:18:16.352+0000] {processor.py:161} INFO - Started process (PID=16564) to work on /home/airflow/.local/lib/python3.11/site-packages/airflow/example_dags/example_task_group.py
[2024-03-06T14:18:16.354+0000] {processor.py:830} INFO - Processing file /home/airflow/.local/lib/python3.11/site-packages/airflow/example_dags/example_task_group.py for tasks to queue
[2024-03-06T14:18:16.356+0000] {logging_mixin.py:188} INFO - [2024-03-06T14:18:16.355+0000] {dagbag.py:540} INFO - Filling up the DagBag from /home/airflow/.local/lib/python3.11/site-packages/airflow/example_dags/example_task_group.py
[2024-03-06T14:18:16.375+0000] {processor.py:840} INFO - DAG(s) 'example_task_group' retrieved from /home/airflow/.local/lib/python3.11/site-packages/airflow/example_dags/example_task_group.py
[2024-03-06T14:18:16.449+0000] {logging_mixin.py:188} INFO - [2024-03-06T14:18:16.448+0000] {dag.py:3047} INFO - Sync 1 DAGs
[2024-03-06T14:18:16.489+0000] {logging_mixin.py:188} INFO - [2024-03-06T14:18:16.489+0000] {dag.py:3834} INFO - Setting next_dagrun for example_task_group to 2024-03-05 00:00:00+00:00, run_after=2024-03-06 00:00:00+00:00
[2024-03-06T14:18:16.548+0000] {processor.py:183} INFO - Processing /home/airflow/.local/lib/python3.11/site-packages/airflow/example_dags/example_task_group.py took 0.201 seconds
[2024-03-06T14:18:46.925+0000] {processor.py:161} INFO - Started process (PID=16810) to work on /home/airflow/.local/lib/python3.11/site-packages/airflow/example_dags/example_task_group.py
[2024-03-06T14:18:46.928+0000] {processor.py:830} INFO - Processing file /home/airflow/.local/lib/python3.11/site-packages/airflow/example_dags/example_task_group.py for tasks to queue
[2024-03-06T14:18:46.936+0000] {logging_mixin.py:188} INFO - [2024-03-06T14:18:46.936+0000] {dagbag.py:540} INFO - Filling up the DagBag from /home/airflow/.local/lib/python3.11/site-packages/airflow/example_dags/example_task_group.py
[2024-03-06T14:18:46.961+0000] {processor.py:840} INFO - DAG(s) 'example_task_group' retrieved from /home/airflow/.local/lib/python3.11/site-packages/airflow/example_dags/example_task_group.py
[2024-03-06T14:18:47.064+0000] {logging_mixin.py:188} INFO - [2024-03-06T14:18:47.063+0000] {dag.py:3047} INFO - Sync 1 DAGs
[2024-03-06T14:18:47.142+0000] {logging_mixin.py:188} INFO - [2024-03-06T14:18:47.141+0000] {dag.py:3834} INFO - Setting next_dagrun for example_task_group to 2024-03-05 00:00:00+00:00, run_after=2024-03-06 00:00:00+00:00
[2024-03-06T14:18:47.256+0000] {processor.py:183} INFO - Processing /home/airflow/.local/lib/python3.11/site-packages/airflow/example_dags/example_task_group.py took 0.342 seconds
