[2024-03-06T13:44:36.276+0000] {processor.py:161} INFO - Started process (PID=229) to work on /home/airflow/.local/lib/python3.11/site-packages/airflow/example_dags/example_params_ui_tutorial.py
[2024-03-06T13:44:36.277+0000] {processor.py:830} INFO - Processing file /home/airflow/.local/lib/python3.11/site-packages/airflow/example_dags/example_params_ui_tutorial.py for tasks to queue
[2024-03-06T13:44:36.279+0000] {logging_mixin.py:188} INFO - [2024-03-06T13:44:36.278+0000] {dagbag.py:540} INFO - Filling up the DagBag from /home/airflow/.local/lib/python3.11/site-packages/airflow/example_dags/example_params_ui_tutorial.py
[2024-03-06T13:44:36.301+0000] {processor.py:840} INFO - DAG(s) 'example_params_ui_tutorial' retrieved from /home/airflow/.local/lib/python3.11/site-packages/airflow/example_dags/example_params_ui_tutorial.py
[2024-03-06T13:44:36.626+0000] {logging_mixin.py:188} INFO - [2024-03-06T13:44:36.626+0000] {dag.py:3047} INFO - Sync 1 DAGs
[2024-03-06T13:44:36.639+0000] {logging_mixin.py:188} INFO - [2024-03-06T13:44:36.639+0000] {dag.py:3834} INFO - Setting next_dagrun for example_params_ui_tutorial to None, run_after=None
[2024-03-06T13:44:36.675+0000] {processor.py:183} INFO - Processing /home/airflow/.local/lib/python3.11/site-packages/airflow/example_dags/example_params_ui_tutorial.py took 0.404 seconds
[2024-03-06T13:45:07.168+0000] {processor.py:161} INFO - Started process (PID=475) to work on /home/airflow/.local/lib/python3.11/site-packages/airflow/example_dags/example_params_ui_tutorial.py
[2024-03-06T13:45:07.169+0000] {processor.py:830} INFO - Processing file /home/airflow/.local/lib/python3.11/site-packages/airflow/example_dags/example_params_ui_tutorial.py for tasks to queue
[2024-03-06T13:45:07.171+0000] {logging_mixin.py:188} INFO - [2024-03-06T13:45:07.170+0000] {dagbag.py:540} INFO - Filling up the DagBag from /home/airflow/.local/lib/python3.11/site-packages/airflow/example_dags/example_params_ui_tutorial.py
[2024-03-06T13:45:07.184+0000] {processor.py:840} INFO - DAG(s) 'example_params_ui_tutorial' retrieved from /home/airflow/.local/lib/python3.11/site-packages/airflow/example_dags/example_params_ui_tutorial.py
[2024-03-06T13:45:07.241+0000] {logging_mixin.py:188} INFO - [2024-03-06T13:45:07.240+0000] {dag.py:3047} INFO - Sync 1 DAGs
[2024-03-06T13:45:07.256+0000] {logging_mixin.py:188} INFO - [2024-03-06T13:45:07.255+0000] {dag.py:3834} INFO - Setting next_dagrun for example_params_ui_tutorial to None, run_after=None
[2024-03-06T13:45:07.278+0000] {processor.py:183} INFO - Processing /home/airflow/.local/lib/python3.11/site-packages/airflow/example_dags/example_params_ui_tutorial.py took 0.113 seconds
[2024-03-06T13:45:37.596+0000] {processor.py:161} INFO - Started process (PID=721) to work on /home/airflow/.local/lib/python3.11/site-packages/airflow/example_dags/example_params_ui_tutorial.py
[2024-03-06T13:45:37.598+0000] {processor.py:830} INFO - Processing file /home/airflow/.local/lib/python3.11/site-packages/airflow/example_dags/example_params_ui_tutorial.py for tasks to queue
[2024-03-06T13:45:37.600+0000] {logging_mixin.py:188} INFO - [2024-03-06T13:45:37.599+0000] {dagbag.py:540} INFO - Filling up the DagBag from /home/airflow/.local/lib/python3.11/site-packages/airflow/example_dags/example_params_ui_tutorial.py
[2024-03-06T13:45:37.612+0000] {processor.py:840} INFO - DAG(s) 'example_params_ui_tutorial' retrieved from /home/airflow/.local/lib/python3.11/site-packages/airflow/example_dags/example_params_ui_tutorial.py
[2024-03-06T13:45:37.664+0000] {logging_mixin.py:188} INFO - [2024-03-06T13:45:37.664+0000] {dag.py:3047} INFO - Sync 1 DAGs
[2024-03-06T13:45:37.679+0000] {logging_mixin.py:188} INFO - [2024-03-06T13:45:37.678+0000] {dag.py:3834} INFO - Setting next_dagrun for example_params_ui_tutorial to None, run_after=None
[2024-03-06T13:45:37.700+0000] {processor.py:183} INFO - Processing /home/airflow/.local/lib/python3.11/site-packages/airflow/example_dags/example_params_ui_tutorial.py took 0.108 seconds
[2024-03-06T13:46:07.802+0000] {processor.py:161} INFO - Started process (PID=968) to work on /home/airflow/.local/lib/python3.11/site-packages/airflow/example_dags/example_params_ui_tutorial.py
[2024-03-06T13:46:07.806+0000] {processor.py:830} INFO - Processing file /home/airflow/.local/lib/python3.11/site-packages/airflow/example_dags/example_params_ui_tutorial.py for tasks to queue
[2024-03-06T13:46:07.808+0000] {logging_mixin.py:188} INFO - [2024-03-06T13:46:07.807+0000] {dagbag.py:540} INFO - Filling up the DagBag from /home/airflow/.local/lib/python3.11/site-packages/airflow/example_dags/example_params_ui_tutorial.py
[2024-03-06T13:46:07.820+0000] {processor.py:840} INFO - DAG(s) 'example_params_ui_tutorial' retrieved from /home/airflow/.local/lib/python3.11/site-packages/airflow/example_dags/example_params_ui_tutorial.py
[2024-03-06T13:46:07.867+0000] {logging_mixin.py:188} INFO - [2024-03-06T13:46:07.867+0000] {dag.py:3047} INFO - Sync 1 DAGs
[2024-03-06T13:46:07.883+0000] {logging_mixin.py:188} INFO - [2024-03-06T13:46:07.882+0000] {dag.py:3834} INFO - Setting next_dagrun for example_params_ui_tutorial to None, run_after=None
[2024-03-06T13:46:07.904+0000] {processor.py:183} INFO - Processing /home/airflow/.local/lib/python3.11/site-packages/airflow/example_dags/example_params_ui_tutorial.py took 0.105 seconds
[2024-03-06T13:46:38.807+0000] {processor.py:161} INFO - Started process (PID=1215) to work on /home/airflow/.local/lib/python3.11/site-packages/airflow/example_dags/example_params_ui_tutorial.py
[2024-03-06T13:46:38.808+0000] {processor.py:830} INFO - Processing file /home/airflow/.local/lib/python3.11/site-packages/airflow/example_dags/example_params_ui_tutorial.py for tasks to queue
[2024-03-06T13:46:38.810+0000] {logging_mixin.py:188} INFO - [2024-03-06T13:46:38.809+0000] {dagbag.py:540} INFO - Filling up the DagBag from /home/airflow/.local/lib/python3.11/site-packages/airflow/example_dags/example_params_ui_tutorial.py
[2024-03-06T13:46:38.825+0000] {processor.py:840} INFO - DAG(s) 'example_params_ui_tutorial' retrieved from /home/airflow/.local/lib/python3.11/site-packages/airflow/example_dags/example_params_ui_tutorial.py
[2024-03-06T13:46:38.877+0000] {logging_mixin.py:188} INFO - [2024-03-06T13:46:38.877+0000] {dag.py:3047} INFO - Sync 1 DAGs
[2024-03-06T13:46:38.894+0000] {logging_mixin.py:188} INFO - [2024-03-06T13:46:38.893+0000] {dag.py:3834} INFO - Setting next_dagrun for example_params_ui_tutorial to None, run_after=None
[2024-03-06T13:46:38.925+0000] {processor.py:183} INFO - Processing /home/airflow/.local/lib/python3.11/site-packages/airflow/example_dags/example_params_ui_tutorial.py took 0.123 seconds
[2024-03-06T13:47:09.732+0000] {processor.py:161} INFO - Started process (PID=1462) to work on /home/airflow/.local/lib/python3.11/site-packages/airflow/example_dags/example_params_ui_tutorial.py
[2024-03-06T13:47:09.738+0000] {processor.py:830} INFO - Processing file /home/airflow/.local/lib/python3.11/site-packages/airflow/example_dags/example_params_ui_tutorial.py for tasks to queue
[2024-03-06T13:47:09.740+0000] {logging_mixin.py:188} INFO - [2024-03-06T13:47:09.740+0000] {dagbag.py:540} INFO - Filling up the DagBag from /home/airflow/.local/lib/python3.11/site-packages/airflow/example_dags/example_params_ui_tutorial.py
[2024-03-06T13:47:09.773+0000] {processor.py:840} INFO - DAG(s) 'example_params_ui_tutorial' retrieved from /home/airflow/.local/lib/python3.11/site-packages/airflow/example_dags/example_params_ui_tutorial.py
[2024-03-06T13:47:09.858+0000] {logging_mixin.py:188} INFO - [2024-03-06T13:47:09.858+0000] {dag.py:3047} INFO - Sync 1 DAGs
[2024-03-06T13:47:09.892+0000] {logging_mixin.py:188} INFO - [2024-03-06T13:47:09.888+0000] {dag.py:3834} INFO - Setting next_dagrun for example_params_ui_tutorial to None, run_after=None
[2024-03-06T13:47:09.970+0000] {processor.py:183} INFO - Processing /home/airflow/.local/lib/python3.11/site-packages/airflow/example_dags/example_params_ui_tutorial.py took 0.245 seconds
[2024-03-06T13:47:40.905+0000] {processor.py:161} INFO - Started process (PID=1711) to work on /home/airflow/.local/lib/python3.11/site-packages/airflow/example_dags/example_params_ui_tutorial.py
[2024-03-06T13:47:40.909+0000] {processor.py:830} INFO - Processing file /home/airflow/.local/lib/python3.11/site-packages/airflow/example_dags/example_params_ui_tutorial.py for tasks to queue
[2024-03-06T13:47:40.911+0000] {logging_mixin.py:188} INFO - [2024-03-06T13:47:40.911+0000] {dagbag.py:540} INFO - Filling up the DagBag from /home/airflow/.local/lib/python3.11/site-packages/airflow/example_dags/example_params_ui_tutorial.py
[2024-03-06T13:47:40.953+0000] {processor.py:840} INFO - DAG(s) 'example_params_ui_tutorial' retrieved from /home/airflow/.local/lib/python3.11/site-packages/airflow/example_dags/example_params_ui_tutorial.py
[2024-03-06T13:47:41.072+0000] {logging_mixin.py:188} INFO - [2024-03-06T13:47:41.071+0000] {dag.py:3047} INFO - Sync 1 DAGs
[2024-03-06T13:47:41.118+0000] {logging_mixin.py:188} INFO - [2024-03-06T13:47:41.118+0000] {dag.py:3834} INFO - Setting next_dagrun for example_params_ui_tutorial to None, run_after=None
[2024-03-06T13:47:41.181+0000] {processor.py:183} INFO - Processing /home/airflow/.local/lib/python3.11/site-packages/airflow/example_dags/example_params_ui_tutorial.py took 0.282 seconds
[2024-03-06T13:48:11.321+0000] {processor.py:161} INFO - Started process (PID=1956) to work on /home/airflow/.local/lib/python3.11/site-packages/airflow/example_dags/example_params_ui_tutorial.py
[2024-03-06T13:48:11.322+0000] {processor.py:830} INFO - Processing file /home/airflow/.local/lib/python3.11/site-packages/airflow/example_dags/example_params_ui_tutorial.py for tasks to queue
[2024-03-06T13:48:11.324+0000] {logging_mixin.py:188} INFO - [2024-03-06T13:48:11.323+0000] {dagbag.py:540} INFO - Filling up the DagBag from /home/airflow/.local/lib/python3.11/site-packages/airflow/example_dags/example_params_ui_tutorial.py
[2024-03-06T13:48:11.336+0000] {processor.py:840} INFO - DAG(s) 'example_params_ui_tutorial' retrieved from /home/airflow/.local/lib/python3.11/site-packages/airflow/example_dags/example_params_ui_tutorial.py
[2024-03-06T13:48:11.392+0000] {logging_mixin.py:188} INFO - [2024-03-06T13:48:11.392+0000] {dag.py:3047} INFO - Sync 1 DAGs
[2024-03-06T13:48:11.408+0000] {logging_mixin.py:188} INFO - [2024-03-06T13:48:11.407+0000] {dag.py:3834} INFO - Setting next_dagrun for example_params_ui_tutorial to None, run_after=None
[2024-03-06T13:48:11.428+0000] {processor.py:183} INFO - Processing /home/airflow/.local/lib/python3.11/site-packages/airflow/example_dags/example_params_ui_tutorial.py took 0.110 seconds
[2024-03-06T13:48:41.880+0000] {processor.py:161} INFO - Started process (PID=2202) to work on /home/airflow/.local/lib/python3.11/site-packages/airflow/example_dags/example_params_ui_tutorial.py
[2024-03-06T13:48:41.881+0000] {processor.py:830} INFO - Processing file /home/airflow/.local/lib/python3.11/site-packages/airflow/example_dags/example_params_ui_tutorial.py for tasks to queue
[2024-03-06T13:48:41.883+0000] {logging_mixin.py:188} INFO - [2024-03-06T13:48:41.882+0000] {dagbag.py:540} INFO - Filling up the DagBag from /home/airflow/.local/lib/python3.11/site-packages/airflow/example_dags/example_params_ui_tutorial.py
[2024-03-06T13:48:41.899+0000] {processor.py:840} INFO - DAG(s) 'example_params_ui_tutorial' retrieved from /home/airflow/.local/lib/python3.11/site-packages/airflow/example_dags/example_params_ui_tutorial.py
[2024-03-06T13:48:41.981+0000] {logging_mixin.py:188} INFO - [2024-03-06T13:48:41.980+0000] {dag.py:3047} INFO - Sync 1 DAGs
[2024-03-06T13:48:42.019+0000] {logging_mixin.py:188} INFO - [2024-03-06T13:48:42.019+0000] {dag.py:3834} INFO - Setting next_dagrun for example_params_ui_tutorial to None, run_after=None
[2024-03-06T13:48:42.061+0000] {processor.py:183} INFO - Processing /home/airflow/.local/lib/python3.11/site-packages/airflow/example_dags/example_params_ui_tutorial.py took 0.186 seconds
[2024-03-06T13:49:12.984+0000] {processor.py:161} INFO - Started process (PID=2449) to work on /home/airflow/.local/lib/python3.11/site-packages/airflow/example_dags/example_params_ui_tutorial.py
[2024-03-06T13:49:12.986+0000] {processor.py:830} INFO - Processing file /home/airflow/.local/lib/python3.11/site-packages/airflow/example_dags/example_params_ui_tutorial.py for tasks to queue
[2024-03-06T13:49:12.987+0000] {logging_mixin.py:188} INFO - [2024-03-06T13:49:12.987+0000] {dagbag.py:540} INFO - Filling up the DagBag from /home/airflow/.local/lib/python3.11/site-packages/airflow/example_dags/example_params_ui_tutorial.py
[2024-03-06T13:49:13.001+0000] {processor.py:840} INFO - DAG(s) 'example_params_ui_tutorial' retrieved from /home/airflow/.local/lib/python3.11/site-packages/airflow/example_dags/example_params_ui_tutorial.py
[2024-03-06T13:49:13.071+0000] {logging_mixin.py:188} INFO - [2024-03-06T13:49:13.071+0000] {dag.py:3047} INFO - Sync 1 DAGs
[2024-03-06T13:49:13.099+0000] {logging_mixin.py:188} INFO - [2024-03-06T13:49:13.099+0000] {dag.py:3834} INFO - Setting next_dagrun for example_params_ui_tutorial to None, run_after=None
[2024-03-06T13:49:13.134+0000] {processor.py:183} INFO - Processing /home/airflow/.local/lib/python3.11/site-packages/airflow/example_dags/example_params_ui_tutorial.py took 0.154 seconds
[2024-03-06T13:49:43.217+0000] {processor.py:161} INFO - Started process (PID=2696) to work on /home/airflow/.local/lib/python3.11/site-packages/airflow/example_dags/example_params_ui_tutorial.py
[2024-03-06T13:49:43.218+0000] {processor.py:830} INFO - Processing file /home/airflow/.local/lib/python3.11/site-packages/airflow/example_dags/example_params_ui_tutorial.py for tasks to queue
[2024-03-06T13:49:43.220+0000] {logging_mixin.py:188} INFO - [2024-03-06T13:49:43.219+0000] {dagbag.py:540} INFO - Filling up the DagBag from /home/airflow/.local/lib/python3.11/site-packages/airflow/example_dags/example_params_ui_tutorial.py
[2024-03-06T13:49:43.233+0000] {processor.py:840} INFO - DAG(s) 'example_params_ui_tutorial' retrieved from /home/airflow/.local/lib/python3.11/site-packages/airflow/example_dags/example_params_ui_tutorial.py
[2024-03-06T13:49:43.286+0000] {logging_mixin.py:188} INFO - [2024-03-06T13:49:43.285+0000] {dag.py:3047} INFO - Sync 1 DAGs
[2024-03-06T13:49:43.303+0000] {logging_mixin.py:188} INFO - [2024-03-06T13:49:43.303+0000] {dag.py:3834} INFO - Setting next_dagrun for example_params_ui_tutorial to None, run_after=None
[2024-03-06T13:49:43.324+0000] {processor.py:183} INFO - Processing /home/airflow/.local/lib/python3.11/site-packages/airflow/example_dags/example_params_ui_tutorial.py took 0.111 seconds
[2024-03-06T13:50:14.114+0000] {processor.py:161} INFO - Started process (PID=2943) to work on /home/airflow/.local/lib/python3.11/site-packages/airflow/example_dags/example_params_ui_tutorial.py
[2024-03-06T13:50:14.115+0000] {processor.py:830} INFO - Processing file /home/airflow/.local/lib/python3.11/site-packages/airflow/example_dags/example_params_ui_tutorial.py for tasks to queue
[2024-03-06T13:50:14.117+0000] {logging_mixin.py:188} INFO - [2024-03-06T13:50:14.116+0000] {dagbag.py:540} INFO - Filling up the DagBag from /home/airflow/.local/lib/python3.11/site-packages/airflow/example_dags/example_params_ui_tutorial.py
[2024-03-06T13:50:14.130+0000] {processor.py:840} INFO - DAG(s) 'example_params_ui_tutorial' retrieved from /home/airflow/.local/lib/python3.11/site-packages/airflow/example_dags/example_params_ui_tutorial.py
[2024-03-06T13:50:14.181+0000] {logging_mixin.py:188} INFO - [2024-03-06T13:50:14.180+0000] {dag.py:3047} INFO - Sync 1 DAGs
[2024-03-06T13:50:14.193+0000] {logging_mixin.py:188} INFO - [2024-03-06T13:50:14.193+0000] {dag.py:3834} INFO - Setting next_dagrun for example_params_ui_tutorial to None, run_after=None
[2024-03-06T13:50:14.212+0000] {processor.py:183} INFO - Processing /home/airflow/.local/lib/python3.11/site-packages/airflow/example_dags/example_params_ui_tutorial.py took 0.102 seconds
[2024-03-06T13:50:44.731+0000] {processor.py:161} INFO - Started process (PID=3190) to work on /home/airflow/.local/lib/python3.11/site-packages/airflow/example_dags/example_params_ui_tutorial.py
[2024-03-06T13:50:44.732+0000] {processor.py:830} INFO - Processing file /home/airflow/.local/lib/python3.11/site-packages/airflow/example_dags/example_params_ui_tutorial.py for tasks to queue
[2024-03-06T13:50:44.734+0000] {logging_mixin.py:188} INFO - [2024-03-06T13:50:44.733+0000] {dagbag.py:540} INFO - Filling up the DagBag from /home/airflow/.local/lib/python3.11/site-packages/airflow/example_dags/example_params_ui_tutorial.py
[2024-03-06T13:50:44.746+0000] {processor.py:840} INFO - DAG(s) 'example_params_ui_tutorial' retrieved from /home/airflow/.local/lib/python3.11/site-packages/airflow/example_dags/example_params_ui_tutorial.py
[2024-03-06T13:50:44.791+0000] {logging_mixin.py:188} INFO - [2024-03-06T13:50:44.791+0000] {dag.py:3047} INFO - Sync 1 DAGs
[2024-03-06T13:50:44.802+0000] {logging_mixin.py:188} INFO - [2024-03-06T13:50:44.802+0000] {dag.py:3834} INFO - Setting next_dagrun for example_params_ui_tutorial to None, run_after=None
[2024-03-06T13:50:44.818+0000] {processor.py:183} INFO - Processing /home/airflow/.local/lib/python3.11/site-packages/airflow/example_dags/example_params_ui_tutorial.py took 0.092 seconds
[2024-03-06T13:51:15.178+0000] {processor.py:161} INFO - Started process (PID=3437) to work on /home/airflow/.local/lib/python3.11/site-packages/airflow/example_dags/example_params_ui_tutorial.py
[2024-03-06T13:51:15.179+0000] {processor.py:830} INFO - Processing file /home/airflow/.local/lib/python3.11/site-packages/airflow/example_dags/example_params_ui_tutorial.py for tasks to queue
[2024-03-06T13:51:15.180+0000] {logging_mixin.py:188} INFO - [2024-03-06T13:51:15.180+0000] {dagbag.py:540} INFO - Filling up the DagBag from /home/airflow/.local/lib/python3.11/site-packages/airflow/example_dags/example_params_ui_tutorial.py
[2024-03-06T13:51:15.192+0000] {processor.py:840} INFO - DAG(s) 'example_params_ui_tutorial' retrieved from /home/airflow/.local/lib/python3.11/site-packages/airflow/example_dags/example_params_ui_tutorial.py
[2024-03-06T13:51:15.237+0000] {logging_mixin.py:188} INFO - [2024-03-06T13:51:15.237+0000] {dag.py:3047} INFO - Sync 1 DAGs
[2024-03-06T13:51:15.250+0000] {logging_mixin.py:188} INFO - [2024-03-06T13:51:15.249+0000] {dag.py:3834} INFO - Setting next_dagrun for example_params_ui_tutorial to None, run_after=None
[2024-03-06T13:51:15.267+0000] {processor.py:183} INFO - Processing /home/airflow/.local/lib/python3.11/site-packages/airflow/example_dags/example_params_ui_tutorial.py took 0.092 seconds
[2024-03-06T13:51:45.654+0000] {processor.py:161} INFO - Started process (PID=3684) to work on /home/airflow/.local/lib/python3.11/site-packages/airflow/example_dags/example_params_ui_tutorial.py
[2024-03-06T13:51:45.655+0000] {processor.py:830} INFO - Processing file /home/airflow/.local/lib/python3.11/site-packages/airflow/example_dags/example_params_ui_tutorial.py for tasks to queue
[2024-03-06T13:51:45.657+0000] {logging_mixin.py:188} INFO - [2024-03-06T13:51:45.656+0000] {dagbag.py:540} INFO - Filling up the DagBag from /home/airflow/.local/lib/python3.11/site-packages/airflow/example_dags/example_params_ui_tutorial.py
[2024-03-06T13:51:45.673+0000] {processor.py:840} INFO - DAG(s) 'example_params_ui_tutorial' retrieved from /home/airflow/.local/lib/python3.11/site-packages/airflow/example_dags/example_params_ui_tutorial.py
[2024-03-06T13:51:45.727+0000] {logging_mixin.py:188} INFO - [2024-03-06T13:51:45.727+0000] {dag.py:3047} INFO - Sync 1 DAGs
[2024-03-06T13:51:45.741+0000] {logging_mixin.py:188} INFO - [2024-03-06T13:51:45.740+0000] {dag.py:3834} INFO - Setting next_dagrun for example_params_ui_tutorial to None, run_after=None
[2024-03-06T13:51:45.764+0000] {processor.py:183} INFO - Processing /home/airflow/.local/lib/python3.11/site-packages/airflow/example_dags/example_params_ui_tutorial.py took 0.114 seconds
[2024-03-06T13:52:16.192+0000] {processor.py:161} INFO - Started process (PID=3931) to work on /home/airflow/.local/lib/python3.11/site-packages/airflow/example_dags/example_params_ui_tutorial.py
[2024-03-06T13:52:16.193+0000] {processor.py:830} INFO - Processing file /home/airflow/.local/lib/python3.11/site-packages/airflow/example_dags/example_params_ui_tutorial.py for tasks to queue
[2024-03-06T13:52:16.195+0000] {logging_mixin.py:188} INFO - [2024-03-06T13:52:16.195+0000] {dagbag.py:540} INFO - Filling up the DagBag from /home/airflow/.local/lib/python3.11/site-packages/airflow/example_dags/example_params_ui_tutorial.py
[2024-03-06T13:52:16.207+0000] {processor.py:840} INFO - DAG(s) 'example_params_ui_tutorial' retrieved from /home/airflow/.local/lib/python3.11/site-packages/airflow/example_dags/example_params_ui_tutorial.py
[2024-03-06T13:52:16.251+0000] {logging_mixin.py:188} INFO - [2024-03-06T13:52:16.251+0000] {dag.py:3047} INFO - Sync 1 DAGs
[2024-03-06T13:52:16.262+0000] {logging_mixin.py:188} INFO - [2024-03-06T13:52:16.262+0000] {dag.py:3834} INFO - Setting next_dagrun for example_params_ui_tutorial to None, run_after=None
[2024-03-06T13:52:16.279+0000] {processor.py:183} INFO - Processing /home/airflow/.local/lib/python3.11/site-packages/airflow/example_dags/example_params_ui_tutorial.py took 0.090 seconds
[2024-03-06T13:52:46.803+0000] {processor.py:161} INFO - Started process (PID=4178) to work on /home/airflow/.local/lib/python3.11/site-packages/airflow/example_dags/example_params_ui_tutorial.py
[2024-03-06T13:52:46.805+0000] {processor.py:830} INFO - Processing file /home/airflow/.local/lib/python3.11/site-packages/airflow/example_dags/example_params_ui_tutorial.py for tasks to queue
[2024-03-06T13:52:46.811+0000] {logging_mixin.py:188} INFO - [2024-03-06T13:52:46.809+0000] {dagbag.py:540} INFO - Filling up the DagBag from /home/airflow/.local/lib/python3.11/site-packages/airflow/example_dags/example_params_ui_tutorial.py
[2024-03-06T13:52:46.830+0000] {processor.py:840} INFO - DAG(s) 'example_params_ui_tutorial' retrieved from /home/airflow/.local/lib/python3.11/site-packages/airflow/example_dags/example_params_ui_tutorial.py
[2024-03-06T13:52:46.889+0000] {logging_mixin.py:188} INFO - [2024-03-06T13:52:46.889+0000] {dag.py:3047} INFO - Sync 1 DAGs
[2024-03-06T13:52:46.908+0000] {logging_mixin.py:188} INFO - [2024-03-06T13:52:46.908+0000] {dag.py:3834} INFO - Setting next_dagrun for example_params_ui_tutorial to None, run_after=None
[2024-03-06T13:52:46.936+0000] {processor.py:183} INFO - Processing /home/airflow/.local/lib/python3.11/site-packages/airflow/example_dags/example_params_ui_tutorial.py took 0.136 seconds
[2024-03-06T13:53:17.849+0000] {processor.py:161} INFO - Started process (PID=4424) to work on /home/airflow/.local/lib/python3.11/site-packages/airflow/example_dags/example_params_ui_tutorial.py
[2024-03-06T13:53:17.851+0000] {processor.py:830} INFO - Processing file /home/airflow/.local/lib/python3.11/site-packages/airflow/example_dags/example_params_ui_tutorial.py for tasks to queue
[2024-03-06T13:53:17.853+0000] {logging_mixin.py:188} INFO - [2024-03-06T13:53:17.853+0000] {dagbag.py:540} INFO - Filling up the DagBag from /home/airflow/.local/lib/python3.11/site-packages/airflow/example_dags/example_params_ui_tutorial.py
[2024-03-06T13:53:17.869+0000] {processor.py:840} INFO - DAG(s) 'example_params_ui_tutorial' retrieved from /home/airflow/.local/lib/python3.11/site-packages/airflow/example_dags/example_params_ui_tutorial.py
[2024-03-06T13:53:17.928+0000] {logging_mixin.py:188} INFO - [2024-03-06T13:53:17.927+0000] {dag.py:3047} INFO - Sync 1 DAGs
[2024-03-06T13:53:17.947+0000] {logging_mixin.py:188} INFO - [2024-03-06T13:53:17.946+0000] {dag.py:3834} INFO - Setting next_dagrun for example_params_ui_tutorial to None, run_after=None
[2024-03-06T13:53:17.973+0000] {processor.py:183} INFO - Processing /home/airflow/.local/lib/python3.11/site-packages/airflow/example_dags/example_params_ui_tutorial.py took 0.129 seconds
[2024-03-06T13:53:48.144+0000] {processor.py:161} INFO - Started process (PID=4671) to work on /home/airflow/.local/lib/python3.11/site-packages/airflow/example_dags/example_params_ui_tutorial.py
[2024-03-06T13:53:48.148+0000] {processor.py:830} INFO - Processing file /home/airflow/.local/lib/python3.11/site-packages/airflow/example_dags/example_params_ui_tutorial.py for tasks to queue
[2024-03-06T13:53:48.150+0000] {logging_mixin.py:188} INFO - [2024-03-06T13:53:48.149+0000] {dagbag.py:540} INFO - Filling up the DagBag from /home/airflow/.local/lib/python3.11/site-packages/airflow/example_dags/example_params_ui_tutorial.py
[2024-03-06T13:53:48.166+0000] {processor.py:840} INFO - DAG(s) 'example_params_ui_tutorial' retrieved from /home/airflow/.local/lib/python3.11/site-packages/airflow/example_dags/example_params_ui_tutorial.py
[2024-03-06T13:53:48.219+0000] {logging_mixin.py:188} INFO - [2024-03-06T13:53:48.218+0000] {dag.py:3047} INFO - Sync 1 DAGs
[2024-03-06T13:53:48.233+0000] {logging_mixin.py:188} INFO - [2024-03-06T13:53:48.232+0000] {dag.py:3834} INFO - Setting next_dagrun for example_params_ui_tutorial to None, run_after=None
[2024-03-06T13:53:48.254+0000] {processor.py:183} INFO - Processing /home/airflow/.local/lib/python3.11/site-packages/airflow/example_dags/example_params_ui_tutorial.py took 0.114 seconds
[2024-03-06T13:54:18.552+0000] {processor.py:161} INFO - Started process (PID=4918) to work on /home/airflow/.local/lib/python3.11/site-packages/airflow/example_dags/example_params_ui_tutorial.py
[2024-03-06T13:54:18.553+0000] {processor.py:830} INFO - Processing file /home/airflow/.local/lib/python3.11/site-packages/airflow/example_dags/example_params_ui_tutorial.py for tasks to queue
[2024-03-06T13:54:18.557+0000] {logging_mixin.py:188} INFO - [2024-03-06T13:54:18.557+0000] {dagbag.py:540} INFO - Filling up the DagBag from /home/airflow/.local/lib/python3.11/site-packages/airflow/example_dags/example_params_ui_tutorial.py
[2024-03-06T13:54:18.572+0000] {processor.py:840} INFO - DAG(s) 'example_params_ui_tutorial' retrieved from /home/airflow/.local/lib/python3.11/site-packages/airflow/example_dags/example_params_ui_tutorial.py
[2024-03-06T13:54:18.640+0000] {logging_mixin.py:188} INFO - [2024-03-06T13:54:18.640+0000] {dag.py:3047} INFO - Sync 1 DAGs
[2024-03-06T13:54:18.659+0000] {logging_mixin.py:188} INFO - [2024-03-06T13:54:18.658+0000] {dag.py:3834} INFO - Setting next_dagrun for example_params_ui_tutorial to None, run_after=None
[2024-03-06T13:54:18.683+0000] {processor.py:183} INFO - Processing /home/airflow/.local/lib/python3.11/site-packages/airflow/example_dags/example_params_ui_tutorial.py took 0.135 seconds
[2024-03-06T13:54:48.827+0000] {processor.py:161} INFO - Started process (PID=5165) to work on /home/airflow/.local/lib/python3.11/site-packages/airflow/example_dags/example_params_ui_tutorial.py
[2024-03-06T13:54:48.828+0000] {processor.py:830} INFO - Processing file /home/airflow/.local/lib/python3.11/site-packages/airflow/example_dags/example_params_ui_tutorial.py for tasks to queue
[2024-03-06T13:54:48.829+0000] {logging_mixin.py:188} INFO - [2024-03-06T13:54:48.829+0000] {dagbag.py:540} INFO - Filling up the DagBag from /home/airflow/.local/lib/python3.11/site-packages/airflow/example_dags/example_params_ui_tutorial.py
[2024-03-06T13:54:48.841+0000] {processor.py:840} INFO - DAG(s) 'example_params_ui_tutorial' retrieved from /home/airflow/.local/lib/python3.11/site-packages/airflow/example_dags/example_params_ui_tutorial.py
[2024-03-06T13:54:48.889+0000] {logging_mixin.py:188} INFO - [2024-03-06T13:54:48.889+0000] {dag.py:3047} INFO - Sync 1 DAGs
[2024-03-06T13:54:48.902+0000] {logging_mixin.py:188} INFO - [2024-03-06T13:54:48.901+0000] {dag.py:3834} INFO - Setting next_dagrun for example_params_ui_tutorial to None, run_after=None
[2024-03-06T13:54:48.919+0000] {processor.py:183} INFO - Processing /home/airflow/.local/lib/python3.11/site-packages/airflow/example_dags/example_params_ui_tutorial.py took 0.095 seconds
[2024-03-06T13:55:19.688+0000] {processor.py:161} INFO - Started process (PID=5412) to work on /home/airflow/.local/lib/python3.11/site-packages/airflow/example_dags/example_params_ui_tutorial.py
[2024-03-06T13:55:19.693+0000] {processor.py:830} INFO - Processing file /home/airflow/.local/lib/python3.11/site-packages/airflow/example_dags/example_params_ui_tutorial.py for tasks to queue
[2024-03-06T13:55:19.698+0000] {logging_mixin.py:188} INFO - [2024-03-06T13:55:19.696+0000] {dagbag.py:540} INFO - Filling up the DagBag from /home/airflow/.local/lib/python3.11/site-packages/airflow/example_dags/example_params_ui_tutorial.py
[2024-03-06T13:55:19.736+0000] {processor.py:840} INFO - DAG(s) 'example_params_ui_tutorial' retrieved from /home/airflow/.local/lib/python3.11/site-packages/airflow/example_dags/example_params_ui_tutorial.py
[2024-03-06T13:55:19.838+0000] {logging_mixin.py:188} INFO - [2024-03-06T13:55:19.838+0000] {dag.py:3047} INFO - Sync 1 DAGs
[2024-03-06T13:55:19.861+0000] {logging_mixin.py:188} INFO - [2024-03-06T13:55:19.861+0000] {dag.py:3834} INFO - Setting next_dagrun for example_params_ui_tutorial to None, run_after=None
[2024-03-06T13:55:19.975+0000] {processor.py:183} INFO - Processing /home/airflow/.local/lib/python3.11/site-packages/airflow/example_dags/example_params_ui_tutorial.py took 0.295 seconds
[2024-03-06T13:55:50.113+0000] {processor.py:161} INFO - Started process (PID=5659) to work on /home/airflow/.local/lib/python3.11/site-packages/airflow/example_dags/example_params_ui_tutorial.py
[2024-03-06T13:55:50.116+0000] {processor.py:830} INFO - Processing file /home/airflow/.local/lib/python3.11/site-packages/airflow/example_dags/example_params_ui_tutorial.py for tasks to queue
[2024-03-06T13:55:50.118+0000] {logging_mixin.py:188} INFO - [2024-03-06T13:55:50.117+0000] {dagbag.py:540} INFO - Filling up the DagBag from /home/airflow/.local/lib/python3.11/site-packages/airflow/example_dags/example_params_ui_tutorial.py
[2024-03-06T13:55:50.143+0000] {processor.py:840} INFO - DAG(s) 'example_params_ui_tutorial' retrieved from /home/airflow/.local/lib/python3.11/site-packages/airflow/example_dags/example_params_ui_tutorial.py
[2024-03-06T13:55:50.258+0000] {logging_mixin.py:188} INFO - [2024-03-06T13:55:50.253+0000] {dag.py:3047} INFO - Sync 1 DAGs
[2024-03-06T13:55:50.283+0000] {logging_mixin.py:188} INFO - [2024-03-06T13:55:50.283+0000] {dag.py:3834} INFO - Setting next_dagrun for example_params_ui_tutorial to None, run_after=None
[2024-03-06T13:55:50.341+0000] {processor.py:183} INFO - Processing /home/airflow/.local/lib/python3.11/site-packages/airflow/example_dags/example_params_ui_tutorial.py took 0.235 seconds
[2024-03-06T13:56:20.755+0000] {processor.py:161} INFO - Started process (PID=5905) to work on /home/airflow/.local/lib/python3.11/site-packages/airflow/example_dags/example_params_ui_tutorial.py
[2024-03-06T13:56:20.756+0000] {processor.py:830} INFO - Processing file /home/airflow/.local/lib/python3.11/site-packages/airflow/example_dags/example_params_ui_tutorial.py for tasks to queue
[2024-03-06T13:56:20.757+0000] {logging_mixin.py:188} INFO - [2024-03-06T13:56:20.757+0000] {dagbag.py:540} INFO - Filling up the DagBag from /home/airflow/.local/lib/python3.11/site-packages/airflow/example_dags/example_params_ui_tutorial.py
[2024-03-06T13:56:20.771+0000] {processor.py:840} INFO - DAG(s) 'example_params_ui_tutorial' retrieved from /home/airflow/.local/lib/python3.11/site-packages/airflow/example_dags/example_params_ui_tutorial.py
[2024-03-06T13:56:20.827+0000] {logging_mixin.py:188} INFO - [2024-03-06T13:56:20.826+0000] {dag.py:3047} INFO - Sync 1 DAGs
[2024-03-06T13:56:20.839+0000] {logging_mixin.py:188} INFO - [2024-03-06T13:56:20.839+0000] {dag.py:3834} INFO - Setting next_dagrun for example_params_ui_tutorial to None, run_after=None
[2024-03-06T13:56:20.858+0000] {processor.py:183} INFO - Processing /home/airflow/.local/lib/python3.11/site-packages/airflow/example_dags/example_params_ui_tutorial.py took 0.108 seconds
[2024-03-06T13:56:51.142+0000] {processor.py:161} INFO - Started process (PID=6151) to work on /home/airflow/.local/lib/python3.11/site-packages/airflow/example_dags/example_params_ui_tutorial.py
[2024-03-06T13:56:51.144+0000] {processor.py:830} INFO - Processing file /home/airflow/.local/lib/python3.11/site-packages/airflow/example_dags/example_params_ui_tutorial.py for tasks to queue
[2024-03-06T13:56:51.145+0000] {logging_mixin.py:188} INFO - [2024-03-06T13:56:51.145+0000] {dagbag.py:540} INFO - Filling up the DagBag from /home/airflow/.local/lib/python3.11/site-packages/airflow/example_dags/example_params_ui_tutorial.py
[2024-03-06T13:56:51.162+0000] {processor.py:840} INFO - DAG(s) 'example_params_ui_tutorial' retrieved from /home/airflow/.local/lib/python3.11/site-packages/airflow/example_dags/example_params_ui_tutorial.py
[2024-03-06T13:56:51.242+0000] {logging_mixin.py:188} INFO - [2024-03-06T13:56:51.241+0000] {dag.py:3047} INFO - Sync 1 DAGs
[2024-03-06T13:56:51.267+0000] {logging_mixin.py:188} INFO - [2024-03-06T13:56:51.266+0000] {dag.py:3834} INFO - Setting next_dagrun for example_params_ui_tutorial to None, run_after=None
[2024-03-06T13:56:51.298+0000] {processor.py:183} INFO - Processing /home/airflow/.local/lib/python3.11/site-packages/airflow/example_dags/example_params_ui_tutorial.py took 0.160 seconds
[2024-03-06T13:57:21.466+0000] {processor.py:161} INFO - Started process (PID=6398) to work on /home/airflow/.local/lib/python3.11/site-packages/airflow/example_dags/example_params_ui_tutorial.py
[2024-03-06T13:57:21.468+0000] {processor.py:830} INFO - Processing file /home/airflow/.local/lib/python3.11/site-packages/airflow/example_dags/example_params_ui_tutorial.py for tasks to queue
[2024-03-06T13:57:21.470+0000] {logging_mixin.py:188} INFO - [2024-03-06T13:57:21.469+0000] {dagbag.py:540} INFO - Filling up the DagBag from /home/airflow/.local/lib/python3.11/site-packages/airflow/example_dags/example_params_ui_tutorial.py
[2024-03-06T13:57:21.486+0000] {processor.py:840} INFO - DAG(s) 'example_params_ui_tutorial' retrieved from /home/airflow/.local/lib/python3.11/site-packages/airflow/example_dags/example_params_ui_tutorial.py
[2024-03-06T13:57:21.546+0000] {logging_mixin.py:188} INFO - [2024-03-06T13:57:21.545+0000] {dag.py:3047} INFO - Sync 1 DAGs
[2024-03-06T13:57:21.564+0000] {logging_mixin.py:188} INFO - [2024-03-06T13:57:21.563+0000] {dag.py:3834} INFO - Setting next_dagrun for example_params_ui_tutorial to None, run_after=None
[2024-03-06T13:57:21.584+0000] {processor.py:183} INFO - Processing /home/airflow/.local/lib/python3.11/site-packages/airflow/example_dags/example_params_ui_tutorial.py took 0.122 seconds
[2024-03-06T13:57:51.861+0000] {processor.py:161} INFO - Started process (PID=6645) to work on /home/airflow/.local/lib/python3.11/site-packages/airflow/example_dags/example_params_ui_tutorial.py
[2024-03-06T13:57:51.862+0000] {processor.py:830} INFO - Processing file /home/airflow/.local/lib/python3.11/site-packages/airflow/example_dags/example_params_ui_tutorial.py for tasks to queue
[2024-03-06T13:57:51.863+0000] {logging_mixin.py:188} INFO - [2024-03-06T13:57:51.863+0000] {dagbag.py:540} INFO - Filling up the DagBag from /home/airflow/.local/lib/python3.11/site-packages/airflow/example_dags/example_params_ui_tutorial.py
[2024-03-06T13:57:51.878+0000] {processor.py:840} INFO - DAG(s) 'example_params_ui_tutorial' retrieved from /home/airflow/.local/lib/python3.11/site-packages/airflow/example_dags/example_params_ui_tutorial.py
[2024-03-06T13:57:51.940+0000] {logging_mixin.py:188} INFO - [2024-03-06T13:57:51.940+0000] {dag.py:3047} INFO - Sync 1 DAGs
[2024-03-06T13:57:51.971+0000] {logging_mixin.py:188} INFO - [2024-03-06T13:57:51.970+0000] {dag.py:3834} INFO - Setting next_dagrun for example_params_ui_tutorial to None, run_after=None
[2024-03-06T13:57:52.022+0000] {processor.py:183} INFO - Processing /home/airflow/.local/lib/python3.11/site-packages/airflow/example_dags/example_params_ui_tutorial.py took 0.165 seconds
[2024-03-06T13:58:22.627+0000] {processor.py:161} INFO - Started process (PID=6891) to work on /home/airflow/.local/lib/python3.11/site-packages/airflow/example_dags/example_params_ui_tutorial.py
[2024-03-06T13:58:22.628+0000] {processor.py:830} INFO - Processing file /home/airflow/.local/lib/python3.11/site-packages/airflow/example_dags/example_params_ui_tutorial.py for tasks to queue
[2024-03-06T13:58:22.631+0000] {logging_mixin.py:188} INFO - [2024-03-06T13:58:22.630+0000] {dagbag.py:540} INFO - Filling up the DagBag from /home/airflow/.local/lib/python3.11/site-packages/airflow/example_dags/example_params_ui_tutorial.py
[2024-03-06T13:58:22.650+0000] {processor.py:840} INFO - DAG(s) 'example_params_ui_tutorial' retrieved from /home/airflow/.local/lib/python3.11/site-packages/airflow/example_dags/example_params_ui_tutorial.py
[2024-03-06T13:58:22.721+0000] {logging_mixin.py:188} INFO - [2024-03-06T13:58:22.720+0000] {dag.py:3047} INFO - Sync 1 DAGs
[2024-03-06T13:58:22.737+0000] {logging_mixin.py:188} INFO - [2024-03-06T13:58:22.736+0000] {dag.py:3834} INFO - Setting next_dagrun for example_params_ui_tutorial to None, run_after=None
[2024-03-06T13:58:22.760+0000] {processor.py:183} INFO - Processing /home/airflow/.local/lib/python3.11/site-packages/airflow/example_dags/example_params_ui_tutorial.py took 0.138 seconds
[2024-03-06T13:58:53.537+0000] {processor.py:161} INFO - Started process (PID=7137) to work on /home/airflow/.local/lib/python3.11/site-packages/airflow/example_dags/example_params_ui_tutorial.py
[2024-03-06T13:58:53.543+0000] {processor.py:830} INFO - Processing file /home/airflow/.local/lib/python3.11/site-packages/airflow/example_dags/example_params_ui_tutorial.py for tasks to queue
[2024-03-06T13:58:53.551+0000] {logging_mixin.py:188} INFO - [2024-03-06T13:58:53.549+0000] {dagbag.py:540} INFO - Filling up the DagBag from /home/airflow/.local/lib/python3.11/site-packages/airflow/example_dags/example_params_ui_tutorial.py
[2024-03-06T13:58:53.596+0000] {processor.py:840} INFO - DAG(s) 'example_params_ui_tutorial' retrieved from /home/airflow/.local/lib/python3.11/site-packages/airflow/example_dags/example_params_ui_tutorial.py
[2024-03-06T13:58:53.721+0000] {logging_mixin.py:188} INFO - [2024-03-06T13:58:53.721+0000] {dag.py:3047} INFO - Sync 1 DAGs
[2024-03-06T13:58:53.780+0000] {logging_mixin.py:188} INFO - [2024-03-06T13:58:53.779+0000] {dag.py:3834} INFO - Setting next_dagrun for example_params_ui_tutorial to None, run_after=None
[2024-03-06T13:58:53.840+0000] {processor.py:183} INFO - Processing /home/airflow/.local/lib/python3.11/site-packages/airflow/example_dags/example_params_ui_tutorial.py took 0.315 seconds
[2024-03-06T13:59:24.352+0000] {processor.py:161} INFO - Started process (PID=7384) to work on /home/airflow/.local/lib/python3.11/site-packages/airflow/example_dags/example_params_ui_tutorial.py
[2024-03-06T13:59:24.354+0000] {processor.py:830} INFO - Processing file /home/airflow/.local/lib/python3.11/site-packages/airflow/example_dags/example_params_ui_tutorial.py for tasks to queue
[2024-03-06T13:59:24.355+0000] {logging_mixin.py:188} INFO - [2024-03-06T13:59:24.354+0000] {dagbag.py:540} INFO - Filling up the DagBag from /home/airflow/.local/lib/python3.11/site-packages/airflow/example_dags/example_params_ui_tutorial.py
[2024-03-06T13:59:24.375+0000] {processor.py:840} INFO - DAG(s) 'example_params_ui_tutorial' retrieved from /home/airflow/.local/lib/python3.11/site-packages/airflow/example_dags/example_params_ui_tutorial.py
[2024-03-06T13:59:24.454+0000] {logging_mixin.py:188} INFO - [2024-03-06T13:59:24.453+0000] {dag.py:3047} INFO - Sync 1 DAGs
[2024-03-06T13:59:24.479+0000] {logging_mixin.py:188} INFO - [2024-03-06T13:59:24.479+0000] {dag.py:3834} INFO - Setting next_dagrun for example_params_ui_tutorial to None, run_after=None
[2024-03-06T13:59:24.513+0000] {processor.py:183} INFO - Processing /home/airflow/.local/lib/python3.11/site-packages/airflow/example_dags/example_params_ui_tutorial.py took 0.166 seconds
[2024-03-06T13:59:54.626+0000] {processor.py:161} INFO - Started process (PID=7633) to work on /home/airflow/.local/lib/python3.11/site-packages/airflow/example_dags/example_params_ui_tutorial.py
[2024-03-06T13:59:54.627+0000] {processor.py:830} INFO - Processing file /home/airflow/.local/lib/python3.11/site-packages/airflow/example_dags/example_params_ui_tutorial.py for tasks to queue
[2024-03-06T13:59:54.629+0000] {logging_mixin.py:188} INFO - [2024-03-06T13:59:54.628+0000] {dagbag.py:540} INFO - Filling up the DagBag from /home/airflow/.local/lib/python3.11/site-packages/airflow/example_dags/example_params_ui_tutorial.py
[2024-03-06T13:59:54.643+0000] {processor.py:840} INFO - DAG(s) 'example_params_ui_tutorial' retrieved from /home/airflow/.local/lib/python3.11/site-packages/airflow/example_dags/example_params_ui_tutorial.py
[2024-03-06T13:59:54.697+0000] {logging_mixin.py:188} INFO - [2024-03-06T13:59:54.697+0000] {dag.py:3047} INFO - Sync 1 DAGs
[2024-03-06T13:59:54.716+0000] {logging_mixin.py:188} INFO - [2024-03-06T13:59:54.716+0000] {dag.py:3834} INFO - Setting next_dagrun for example_params_ui_tutorial to None, run_after=None
[2024-03-06T13:59:54.742+0000] {processor.py:183} INFO - Processing /home/airflow/.local/lib/python3.11/site-packages/airflow/example_dags/example_params_ui_tutorial.py took 0.120 seconds
[2024-03-06T14:00:25.027+0000] {processor.py:161} INFO - Started process (PID=7877) to work on /home/airflow/.local/lib/python3.11/site-packages/airflow/example_dags/example_params_ui_tutorial.py
[2024-03-06T14:00:25.029+0000] {processor.py:830} INFO - Processing file /home/airflow/.local/lib/python3.11/site-packages/airflow/example_dags/example_params_ui_tutorial.py for tasks to queue
[2024-03-06T14:00:25.030+0000] {logging_mixin.py:188} INFO - [2024-03-06T14:00:25.030+0000] {dagbag.py:540} INFO - Filling up the DagBag from /home/airflow/.local/lib/python3.11/site-packages/airflow/example_dags/example_params_ui_tutorial.py
[2024-03-06T14:00:25.046+0000] {processor.py:840} INFO - DAG(s) 'example_params_ui_tutorial' retrieved from /home/airflow/.local/lib/python3.11/site-packages/airflow/example_dags/example_params_ui_tutorial.py
[2024-03-06T14:00:25.103+0000] {logging_mixin.py:188} INFO - [2024-03-06T14:00:25.103+0000] {dag.py:3047} INFO - Sync 1 DAGs
[2024-03-06T14:00:25.116+0000] {logging_mixin.py:188} INFO - [2024-03-06T14:00:25.115+0000] {dag.py:3834} INFO - Setting next_dagrun for example_params_ui_tutorial to None, run_after=None
[2024-03-06T14:00:25.136+0000] {processor.py:183} INFO - Processing /home/airflow/.local/lib/python3.11/site-packages/airflow/example_dags/example_params_ui_tutorial.py took 0.114 seconds
[2024-03-06T14:00:55.248+0000] {processor.py:161} INFO - Started process (PID=8124) to work on /home/airflow/.local/lib/python3.11/site-packages/airflow/example_dags/example_params_ui_tutorial.py
[2024-03-06T14:00:55.250+0000] {processor.py:830} INFO - Processing file /home/airflow/.local/lib/python3.11/site-packages/airflow/example_dags/example_params_ui_tutorial.py for tasks to queue
[2024-03-06T14:00:55.251+0000] {logging_mixin.py:188} INFO - [2024-03-06T14:00:55.251+0000] {dagbag.py:540} INFO - Filling up the DagBag from /home/airflow/.local/lib/python3.11/site-packages/airflow/example_dags/example_params_ui_tutorial.py
[2024-03-06T14:00:55.267+0000] {processor.py:840} INFO - DAG(s) 'example_params_ui_tutorial' retrieved from /home/airflow/.local/lib/python3.11/site-packages/airflow/example_dags/example_params_ui_tutorial.py
[2024-03-06T14:00:55.334+0000] {logging_mixin.py:188} INFO - [2024-03-06T14:00:55.333+0000] {dag.py:3047} INFO - Sync 1 DAGs
[2024-03-06T14:00:55.350+0000] {logging_mixin.py:188} INFO - [2024-03-06T14:00:55.349+0000] {dag.py:3834} INFO - Setting next_dagrun for example_params_ui_tutorial to None, run_after=None
[2024-03-06T14:00:55.373+0000] {processor.py:183} INFO - Processing /home/airflow/.local/lib/python3.11/site-packages/airflow/example_dags/example_params_ui_tutorial.py took 0.131 seconds
[2024-03-06T14:01:26.040+0000] {processor.py:161} INFO - Started process (PID=8376) to work on /home/airflow/.local/lib/python3.11/site-packages/airflow/example_dags/example_params_ui_tutorial.py
[2024-03-06T14:01:26.041+0000] {processor.py:830} INFO - Processing file /home/airflow/.local/lib/python3.11/site-packages/airflow/example_dags/example_params_ui_tutorial.py for tasks to queue
[2024-03-06T14:01:26.042+0000] {logging_mixin.py:188} INFO - [2024-03-06T14:01:26.042+0000] {dagbag.py:540} INFO - Filling up the DagBag from /home/airflow/.local/lib/python3.11/site-packages/airflow/example_dags/example_params_ui_tutorial.py
[2024-03-06T14:01:26.057+0000] {processor.py:840} INFO - DAG(s) 'example_params_ui_tutorial' retrieved from /home/airflow/.local/lib/python3.11/site-packages/airflow/example_dags/example_params_ui_tutorial.py
[2024-03-06T14:01:26.124+0000] {logging_mixin.py:188} INFO - [2024-03-06T14:01:26.124+0000] {dag.py:3047} INFO - Sync 1 DAGs
[2024-03-06T14:01:26.142+0000] {logging_mixin.py:188} INFO - [2024-03-06T14:01:26.141+0000] {dag.py:3834} INFO - Setting next_dagrun for example_params_ui_tutorial to None, run_after=None
[2024-03-06T14:01:26.168+0000] {processor.py:183} INFO - Processing /home/airflow/.local/lib/python3.11/site-packages/airflow/example_dags/example_params_ui_tutorial.py took 0.131 seconds
[2024-03-06T14:01:57.031+0000] {processor.py:161} INFO - Started process (PID=8623) to work on /home/airflow/.local/lib/python3.11/site-packages/airflow/example_dags/example_params_ui_tutorial.py
[2024-03-06T14:01:57.032+0000] {processor.py:830} INFO - Processing file /home/airflow/.local/lib/python3.11/site-packages/airflow/example_dags/example_params_ui_tutorial.py for tasks to queue
[2024-03-06T14:01:57.034+0000] {logging_mixin.py:188} INFO - [2024-03-06T14:01:57.033+0000] {dagbag.py:540} INFO - Filling up the DagBag from /home/airflow/.local/lib/python3.11/site-packages/airflow/example_dags/example_params_ui_tutorial.py
[2024-03-06T14:01:57.048+0000] {processor.py:840} INFO - DAG(s) 'example_params_ui_tutorial' retrieved from /home/airflow/.local/lib/python3.11/site-packages/airflow/example_dags/example_params_ui_tutorial.py
[2024-03-06T14:01:57.104+0000] {logging_mixin.py:188} INFO - [2024-03-06T14:01:57.103+0000] {dag.py:3047} INFO - Sync 1 DAGs
[2024-03-06T14:01:57.120+0000] {logging_mixin.py:188} INFO - [2024-03-06T14:01:57.120+0000] {dag.py:3834} INFO - Setting next_dagrun for example_params_ui_tutorial to None, run_after=None
[2024-03-06T14:01:57.141+0000] {processor.py:183} INFO - Processing /home/airflow/.local/lib/python3.11/site-packages/airflow/example_dags/example_params_ui_tutorial.py took 0.115 seconds
[2024-03-06T14:02:27.845+0000] {processor.py:161} INFO - Started process (PID=8870) to work on /home/airflow/.local/lib/python3.11/site-packages/airflow/example_dags/example_params_ui_tutorial.py
[2024-03-06T14:02:27.846+0000] {processor.py:830} INFO - Processing file /home/airflow/.local/lib/python3.11/site-packages/airflow/example_dags/example_params_ui_tutorial.py for tasks to queue
[2024-03-06T14:02:27.848+0000] {logging_mixin.py:188} INFO - [2024-03-06T14:02:27.847+0000] {dagbag.py:540} INFO - Filling up the DagBag from /home/airflow/.local/lib/python3.11/site-packages/airflow/example_dags/example_params_ui_tutorial.py
[2024-03-06T14:02:27.865+0000] {processor.py:840} INFO - DAG(s) 'example_params_ui_tutorial' retrieved from /home/airflow/.local/lib/python3.11/site-packages/airflow/example_dags/example_params_ui_tutorial.py
[2024-03-06T14:02:27.947+0000] {logging_mixin.py:188} INFO - [2024-03-06T14:02:27.947+0000] {dag.py:3047} INFO - Sync 1 DAGs
[2024-03-06T14:02:27.976+0000] {logging_mixin.py:188} INFO - [2024-03-06T14:02:27.976+0000] {dag.py:3834} INFO - Setting next_dagrun for example_params_ui_tutorial to None, run_after=None
[2024-03-06T14:02:28.010+0000] {processor.py:183} INFO - Processing /home/airflow/.local/lib/python3.11/site-packages/airflow/example_dags/example_params_ui_tutorial.py took 0.169 seconds
[2024-03-06T14:02:58.093+0000] {processor.py:161} INFO - Started process (PID=9117) to work on /home/airflow/.local/lib/python3.11/site-packages/airflow/example_dags/example_params_ui_tutorial.py
[2024-03-06T14:02:58.095+0000] {processor.py:830} INFO - Processing file /home/airflow/.local/lib/python3.11/site-packages/airflow/example_dags/example_params_ui_tutorial.py for tasks to queue
[2024-03-06T14:02:58.096+0000] {logging_mixin.py:188} INFO - [2024-03-06T14:02:58.096+0000] {dagbag.py:540} INFO - Filling up the DagBag from /home/airflow/.local/lib/python3.11/site-packages/airflow/example_dags/example_params_ui_tutorial.py
[2024-03-06T14:02:58.115+0000] {processor.py:840} INFO - DAG(s) 'example_params_ui_tutorial' retrieved from /home/airflow/.local/lib/python3.11/site-packages/airflow/example_dags/example_params_ui_tutorial.py
[2024-03-06T14:02:58.181+0000] {logging_mixin.py:188} INFO - [2024-03-06T14:02:58.180+0000] {dag.py:3047} INFO - Sync 1 DAGs
[2024-03-06T14:02:58.200+0000] {logging_mixin.py:188} INFO - [2024-03-06T14:02:58.199+0000] {dag.py:3834} INFO - Setting next_dagrun for example_params_ui_tutorial to None, run_after=None
[2024-03-06T14:02:58.230+0000] {processor.py:183} INFO - Processing /home/airflow/.local/lib/python3.11/site-packages/airflow/example_dags/example_params_ui_tutorial.py took 0.142 seconds
[2024-03-06T14:03:28.300+0000] {processor.py:161} INFO - Started process (PID=9364) to work on /home/airflow/.local/lib/python3.11/site-packages/airflow/example_dags/example_params_ui_tutorial.py
[2024-03-06T14:03:28.301+0000] {processor.py:830} INFO - Processing file /home/airflow/.local/lib/python3.11/site-packages/airflow/example_dags/example_params_ui_tutorial.py for tasks to queue
[2024-03-06T14:03:28.302+0000] {logging_mixin.py:188} INFO - [2024-03-06T14:03:28.302+0000] {dagbag.py:540} INFO - Filling up the DagBag from /home/airflow/.local/lib/python3.11/site-packages/airflow/example_dags/example_params_ui_tutorial.py
[2024-03-06T14:03:28.315+0000] {processor.py:840} INFO - DAG(s) 'example_params_ui_tutorial' retrieved from /home/airflow/.local/lib/python3.11/site-packages/airflow/example_dags/example_params_ui_tutorial.py
[2024-03-06T14:03:28.363+0000] {logging_mixin.py:188} INFO - [2024-03-06T14:03:28.363+0000] {dag.py:3047} INFO - Sync 1 DAGs
[2024-03-06T14:03:28.375+0000] {logging_mixin.py:188} INFO - [2024-03-06T14:03:28.375+0000] {dag.py:3834} INFO - Setting next_dagrun for example_params_ui_tutorial to None, run_after=None
[2024-03-06T14:03:28.396+0000] {processor.py:183} INFO - Processing /home/airflow/.local/lib/python3.11/site-packages/airflow/example_dags/example_params_ui_tutorial.py took 0.099 seconds
[2024-03-06T14:03:58.647+0000] {processor.py:161} INFO - Started process (PID=9611) to work on /home/airflow/.local/lib/python3.11/site-packages/airflow/example_dags/example_params_ui_tutorial.py
[2024-03-06T14:03:58.648+0000] {processor.py:830} INFO - Processing file /home/airflow/.local/lib/python3.11/site-packages/airflow/example_dags/example_params_ui_tutorial.py for tasks to queue
[2024-03-06T14:03:58.650+0000] {logging_mixin.py:188} INFO - [2024-03-06T14:03:58.650+0000] {dagbag.py:540} INFO - Filling up the DagBag from /home/airflow/.local/lib/python3.11/site-packages/airflow/example_dags/example_params_ui_tutorial.py
[2024-03-06T14:03:58.664+0000] {processor.py:840} INFO - DAG(s) 'example_params_ui_tutorial' retrieved from /home/airflow/.local/lib/python3.11/site-packages/airflow/example_dags/example_params_ui_tutorial.py
[2024-03-06T14:03:58.723+0000] {logging_mixin.py:188} INFO - [2024-03-06T14:03:58.722+0000] {dag.py:3047} INFO - Sync 1 DAGs
[2024-03-06T14:03:58.737+0000] {logging_mixin.py:188} INFO - [2024-03-06T14:03:58.737+0000] {dag.py:3834} INFO - Setting next_dagrun for example_params_ui_tutorial to None, run_after=None
[2024-03-06T14:03:58.757+0000] {processor.py:183} INFO - Processing /home/airflow/.local/lib/python3.11/site-packages/airflow/example_dags/example_params_ui_tutorial.py took 0.114 seconds
[2024-03-06T14:04:28.961+0000] {processor.py:161} INFO - Started process (PID=9858) to work on /home/airflow/.local/lib/python3.11/site-packages/airflow/example_dags/example_params_ui_tutorial.py
[2024-03-06T14:04:28.962+0000] {processor.py:830} INFO - Processing file /home/airflow/.local/lib/python3.11/site-packages/airflow/example_dags/example_params_ui_tutorial.py for tasks to queue
[2024-03-06T14:04:28.964+0000] {logging_mixin.py:188} INFO - [2024-03-06T14:04:28.963+0000] {dagbag.py:540} INFO - Filling up the DagBag from /home/airflow/.local/lib/python3.11/site-packages/airflow/example_dags/example_params_ui_tutorial.py
[2024-03-06T14:04:28.980+0000] {processor.py:840} INFO - DAG(s) 'example_params_ui_tutorial' retrieved from /home/airflow/.local/lib/python3.11/site-packages/airflow/example_dags/example_params_ui_tutorial.py
[2024-03-06T14:04:29.042+0000] {logging_mixin.py:188} INFO - [2024-03-06T14:04:29.042+0000] {dag.py:3047} INFO - Sync 1 DAGs
[2024-03-06T14:04:29.059+0000] {logging_mixin.py:188} INFO - [2024-03-06T14:04:29.059+0000] {dag.py:3834} INFO - Setting next_dagrun for example_params_ui_tutorial to None, run_after=None
[2024-03-06T14:04:29.082+0000] {processor.py:183} INFO - Processing /home/airflow/.local/lib/python3.11/site-packages/airflow/example_dags/example_params_ui_tutorial.py took 0.125 seconds
[2024-03-06T14:04:59.428+0000] {processor.py:161} INFO - Started process (PID=10105) to work on /home/airflow/.local/lib/python3.11/site-packages/airflow/example_dags/example_params_ui_tutorial.py
[2024-03-06T14:04:59.430+0000] {processor.py:830} INFO - Processing file /home/airflow/.local/lib/python3.11/site-packages/airflow/example_dags/example_params_ui_tutorial.py for tasks to queue
[2024-03-06T14:04:59.431+0000] {logging_mixin.py:188} INFO - [2024-03-06T14:04:59.430+0000] {dagbag.py:540} INFO - Filling up the DagBag from /home/airflow/.local/lib/python3.11/site-packages/airflow/example_dags/example_params_ui_tutorial.py
[2024-03-06T14:04:59.447+0000] {processor.py:840} INFO - DAG(s) 'example_params_ui_tutorial' retrieved from /home/airflow/.local/lib/python3.11/site-packages/airflow/example_dags/example_params_ui_tutorial.py
[2024-03-06T14:04:59.518+0000] {logging_mixin.py:188} INFO - [2024-03-06T14:04:59.517+0000] {dag.py:3047} INFO - Sync 1 DAGs
[2024-03-06T14:04:59.532+0000] {logging_mixin.py:188} INFO - [2024-03-06T14:04:59.532+0000] {dag.py:3834} INFO - Setting next_dagrun for example_params_ui_tutorial to None, run_after=None
[2024-03-06T14:04:59.554+0000] {processor.py:183} INFO - Processing /home/airflow/.local/lib/python3.11/site-packages/airflow/example_dags/example_params_ui_tutorial.py took 0.130 seconds
[2024-03-06T14:05:29.602+0000] {processor.py:161} INFO - Started process (PID=10352) to work on /home/airflow/.local/lib/python3.11/site-packages/airflow/example_dags/example_params_ui_tutorial.py
[2024-03-06T14:05:29.603+0000] {processor.py:830} INFO - Processing file /home/airflow/.local/lib/python3.11/site-packages/airflow/example_dags/example_params_ui_tutorial.py for tasks to queue
[2024-03-06T14:05:29.605+0000] {logging_mixin.py:188} INFO - [2024-03-06T14:05:29.604+0000] {dagbag.py:540} INFO - Filling up the DagBag from /home/airflow/.local/lib/python3.11/site-packages/airflow/example_dags/example_params_ui_tutorial.py
[2024-03-06T14:05:29.620+0000] {processor.py:840} INFO - DAG(s) 'example_params_ui_tutorial' retrieved from /home/airflow/.local/lib/python3.11/site-packages/airflow/example_dags/example_params_ui_tutorial.py
[2024-03-06T14:05:29.669+0000] {logging_mixin.py:188} INFO - [2024-03-06T14:05:29.669+0000] {dag.py:3047} INFO - Sync 1 DAGs
[2024-03-06T14:05:29.680+0000] {logging_mixin.py:188} INFO - [2024-03-06T14:05:29.680+0000] {dag.py:3834} INFO - Setting next_dagrun for example_params_ui_tutorial to None, run_after=None
[2024-03-06T14:05:29.700+0000] {processor.py:183} INFO - Processing /home/airflow/.local/lib/python3.11/site-packages/airflow/example_dags/example_params_ui_tutorial.py took 0.103 seconds
[2024-03-06T14:05:59.799+0000] {processor.py:161} INFO - Started process (PID=10599) to work on /home/airflow/.local/lib/python3.11/site-packages/airflow/example_dags/example_params_ui_tutorial.py
[2024-03-06T14:05:59.801+0000] {processor.py:830} INFO - Processing file /home/airflow/.local/lib/python3.11/site-packages/airflow/example_dags/example_params_ui_tutorial.py for tasks to queue
[2024-03-06T14:05:59.802+0000] {logging_mixin.py:188} INFO - [2024-03-06T14:05:59.801+0000] {dagbag.py:540} INFO - Filling up the DagBag from /home/airflow/.local/lib/python3.11/site-packages/airflow/example_dags/example_params_ui_tutorial.py
[2024-03-06T14:05:59.816+0000] {processor.py:840} INFO - DAG(s) 'example_params_ui_tutorial' retrieved from /home/airflow/.local/lib/python3.11/site-packages/airflow/example_dags/example_params_ui_tutorial.py
[2024-03-06T14:05:59.866+0000] {logging_mixin.py:188} INFO - [2024-03-06T14:05:59.866+0000] {dag.py:3047} INFO - Sync 1 DAGs
[2024-03-06T14:05:59.878+0000] {logging_mixin.py:188} INFO - [2024-03-06T14:05:59.878+0000] {dag.py:3834} INFO - Setting next_dagrun for example_params_ui_tutorial to None, run_after=None
[2024-03-06T14:05:59.897+0000] {processor.py:183} INFO - Processing /home/airflow/.local/lib/python3.11/site-packages/airflow/example_dags/example_params_ui_tutorial.py took 0.101 seconds
[2024-03-06T14:06:29.999+0000] {processor.py:161} INFO - Started process (PID=10845) to work on /home/airflow/.local/lib/python3.11/site-packages/airflow/example_dags/example_params_ui_tutorial.py
[2024-03-06T14:06:30.001+0000] {processor.py:830} INFO - Processing file /home/airflow/.local/lib/python3.11/site-packages/airflow/example_dags/example_params_ui_tutorial.py for tasks to queue
[2024-03-06T14:06:30.003+0000] {logging_mixin.py:188} INFO - [2024-03-06T14:06:30.002+0000] {dagbag.py:540} INFO - Filling up the DagBag from /home/airflow/.local/lib/python3.11/site-packages/airflow/example_dags/example_params_ui_tutorial.py
[2024-03-06T14:06:30.018+0000] {processor.py:840} INFO - DAG(s) 'example_params_ui_tutorial' retrieved from /home/airflow/.local/lib/python3.11/site-packages/airflow/example_dags/example_params_ui_tutorial.py
[2024-03-06T14:06:30.075+0000] {logging_mixin.py:188} INFO - [2024-03-06T14:06:30.075+0000] {dag.py:3047} INFO - Sync 1 DAGs
[2024-03-06T14:06:30.089+0000] {logging_mixin.py:188} INFO - [2024-03-06T14:06:30.089+0000] {dag.py:3834} INFO - Setting next_dagrun for example_params_ui_tutorial to None, run_after=None
[2024-03-06T14:06:30.125+0000] {processor.py:183} INFO - Processing /home/airflow/.local/lib/python3.11/site-packages/airflow/example_dags/example_params_ui_tutorial.py took 0.129 seconds
[2024-03-06T14:07:00.811+0000] {processor.py:161} INFO - Started process (PID=11092) to work on /home/airflow/.local/lib/python3.11/site-packages/airflow/example_dags/example_params_ui_tutorial.py
[2024-03-06T14:07:00.813+0000] {processor.py:830} INFO - Processing file /home/airflow/.local/lib/python3.11/site-packages/airflow/example_dags/example_params_ui_tutorial.py for tasks to queue
[2024-03-06T14:07:00.814+0000] {logging_mixin.py:188} INFO - [2024-03-06T14:07:00.814+0000] {dagbag.py:540} INFO - Filling up the DagBag from /home/airflow/.local/lib/python3.11/site-packages/airflow/example_dags/example_params_ui_tutorial.py
[2024-03-06T14:07:00.836+0000] {processor.py:840} INFO - DAG(s) 'example_params_ui_tutorial' retrieved from /home/airflow/.local/lib/python3.11/site-packages/airflow/example_dags/example_params_ui_tutorial.py
[2024-03-06T14:07:00.913+0000] {logging_mixin.py:188} INFO - [2024-03-06T14:07:00.913+0000] {dag.py:3047} INFO - Sync 1 DAGs
[2024-03-06T14:07:00.941+0000] {logging_mixin.py:188} INFO - [2024-03-06T14:07:00.940+0000] {dag.py:3834} INFO - Setting next_dagrun for example_params_ui_tutorial to None, run_after=None
[2024-03-06T14:07:00.980+0000] {processor.py:183} INFO - Processing /home/airflow/.local/lib/python3.11/site-packages/airflow/example_dags/example_params_ui_tutorial.py took 0.174 seconds
[2024-03-06T14:07:31.053+0000] {processor.py:161} INFO - Started process (PID=11339) to work on /home/airflow/.local/lib/python3.11/site-packages/airflow/example_dags/example_params_ui_tutorial.py
[2024-03-06T14:07:31.055+0000] {processor.py:830} INFO - Processing file /home/airflow/.local/lib/python3.11/site-packages/airflow/example_dags/example_params_ui_tutorial.py for tasks to queue
[2024-03-06T14:07:31.056+0000] {logging_mixin.py:188} INFO - [2024-03-06T14:07:31.056+0000] {dagbag.py:540} INFO - Filling up the DagBag from /home/airflow/.local/lib/python3.11/site-packages/airflow/example_dags/example_params_ui_tutorial.py
[2024-03-06T14:07:31.075+0000] {processor.py:840} INFO - DAG(s) 'example_params_ui_tutorial' retrieved from /home/airflow/.local/lib/python3.11/site-packages/airflow/example_dags/example_params_ui_tutorial.py
[2024-03-06T14:07:31.135+0000] {logging_mixin.py:188} INFO - [2024-03-06T14:07:31.135+0000] {dag.py:3047} INFO - Sync 1 DAGs
[2024-03-06T14:07:31.147+0000] {logging_mixin.py:188} INFO - [2024-03-06T14:07:31.147+0000] {dag.py:3834} INFO - Setting next_dagrun for example_params_ui_tutorial to None, run_after=None
[2024-03-06T14:07:31.164+0000] {processor.py:183} INFO - Processing /home/airflow/.local/lib/python3.11/site-packages/airflow/example_dags/example_params_ui_tutorial.py took 0.116 seconds
[2024-03-06T14:08:01.452+0000] {processor.py:161} INFO - Started process (PID=11586) to work on /home/airflow/.local/lib/python3.11/site-packages/airflow/example_dags/example_params_ui_tutorial.py
[2024-03-06T14:08:01.454+0000] {processor.py:830} INFO - Processing file /home/airflow/.local/lib/python3.11/site-packages/airflow/example_dags/example_params_ui_tutorial.py for tasks to queue
[2024-03-06T14:08:01.456+0000] {logging_mixin.py:188} INFO - [2024-03-06T14:08:01.455+0000] {dagbag.py:540} INFO - Filling up the DagBag from /home/airflow/.local/lib/python3.11/site-packages/airflow/example_dags/example_params_ui_tutorial.py
[2024-03-06T14:08:01.472+0000] {processor.py:840} INFO - DAG(s) 'example_params_ui_tutorial' retrieved from /home/airflow/.local/lib/python3.11/site-packages/airflow/example_dags/example_params_ui_tutorial.py
[2024-03-06T14:08:01.532+0000] {logging_mixin.py:188} INFO - [2024-03-06T14:08:01.532+0000] {dag.py:3047} INFO - Sync 1 DAGs
[2024-03-06T14:08:01.549+0000] {logging_mixin.py:188} INFO - [2024-03-06T14:08:01.549+0000] {dag.py:3834} INFO - Setting next_dagrun for example_params_ui_tutorial to None, run_after=None
[2024-03-06T14:08:01.575+0000] {processor.py:183} INFO - Processing /home/airflow/.local/lib/python3.11/site-packages/airflow/example_dags/example_params_ui_tutorial.py took 0.128 seconds
[2024-03-06T14:08:31.718+0000] {processor.py:161} INFO - Started process (PID=11833) to work on /home/airflow/.local/lib/python3.11/site-packages/airflow/example_dags/example_params_ui_tutorial.py
[2024-03-06T14:08:31.720+0000] {processor.py:830} INFO - Processing file /home/airflow/.local/lib/python3.11/site-packages/airflow/example_dags/example_params_ui_tutorial.py for tasks to queue
[2024-03-06T14:08:31.721+0000] {logging_mixin.py:188} INFO - [2024-03-06T14:08:31.721+0000] {dagbag.py:540} INFO - Filling up the DagBag from /home/airflow/.local/lib/python3.11/site-packages/airflow/example_dags/example_params_ui_tutorial.py
[2024-03-06T14:08:31.735+0000] {processor.py:840} INFO - DAG(s) 'example_params_ui_tutorial' retrieved from /home/airflow/.local/lib/python3.11/site-packages/airflow/example_dags/example_params_ui_tutorial.py
[2024-03-06T14:08:31.790+0000] {logging_mixin.py:188} INFO - [2024-03-06T14:08:31.789+0000] {dag.py:3047} INFO - Sync 1 DAGs
[2024-03-06T14:08:31.810+0000] {logging_mixin.py:188} INFO - [2024-03-06T14:08:31.809+0000] {dag.py:3834} INFO - Setting next_dagrun for example_params_ui_tutorial to None, run_after=None
[2024-03-06T14:08:31.832+0000] {processor.py:183} INFO - Processing /home/airflow/.local/lib/python3.11/site-packages/airflow/example_dags/example_params_ui_tutorial.py took 0.120 seconds
[2024-03-06T14:09:02.305+0000] {processor.py:161} INFO - Started process (PID=12079) to work on /home/airflow/.local/lib/python3.11/site-packages/airflow/example_dags/example_params_ui_tutorial.py
[2024-03-06T14:09:02.306+0000] {processor.py:830} INFO - Processing file /home/airflow/.local/lib/python3.11/site-packages/airflow/example_dags/example_params_ui_tutorial.py for tasks to queue
[2024-03-06T14:09:02.309+0000] {logging_mixin.py:188} INFO - [2024-03-06T14:09:02.309+0000] {dagbag.py:540} INFO - Filling up the DagBag from /home/airflow/.local/lib/python3.11/site-packages/airflow/example_dags/example_params_ui_tutorial.py
[2024-03-06T14:09:02.321+0000] {processor.py:840} INFO - DAG(s) 'example_params_ui_tutorial' retrieved from /home/airflow/.local/lib/python3.11/site-packages/airflow/example_dags/example_params_ui_tutorial.py
[2024-03-06T14:09:02.369+0000] {logging_mixin.py:188} INFO - [2024-03-06T14:09:02.369+0000] {dag.py:3047} INFO - Sync 1 DAGs
[2024-03-06T14:09:02.386+0000] {logging_mixin.py:188} INFO - [2024-03-06T14:09:02.386+0000] {dag.py:3834} INFO - Setting next_dagrun for example_params_ui_tutorial to None, run_after=None
[2024-03-06T14:09:02.406+0000] {processor.py:183} INFO - Processing /home/airflow/.local/lib/python3.11/site-packages/airflow/example_dags/example_params_ui_tutorial.py took 0.105 seconds
[2024-03-06T14:09:32.509+0000] {processor.py:161} INFO - Started process (PID=12325) to work on /home/airflow/.local/lib/python3.11/site-packages/airflow/example_dags/example_params_ui_tutorial.py
[2024-03-06T14:09:32.511+0000] {processor.py:830} INFO - Processing file /home/airflow/.local/lib/python3.11/site-packages/airflow/example_dags/example_params_ui_tutorial.py for tasks to queue
[2024-03-06T14:09:32.512+0000] {logging_mixin.py:188} INFO - [2024-03-06T14:09:32.511+0000] {dagbag.py:540} INFO - Filling up the DagBag from /home/airflow/.local/lib/python3.11/site-packages/airflow/example_dags/example_params_ui_tutorial.py
[2024-03-06T14:09:32.525+0000] {processor.py:840} INFO - DAG(s) 'example_params_ui_tutorial' retrieved from /home/airflow/.local/lib/python3.11/site-packages/airflow/example_dags/example_params_ui_tutorial.py
[2024-03-06T14:09:32.571+0000] {logging_mixin.py:188} INFO - [2024-03-06T14:09:32.571+0000] {dag.py:3047} INFO - Sync 1 DAGs
[2024-03-06T14:09:32.586+0000] {logging_mixin.py:188} INFO - [2024-03-06T14:09:32.586+0000] {dag.py:3834} INFO - Setting next_dagrun for example_params_ui_tutorial to None, run_after=None
[2024-03-06T14:09:32.606+0000] {processor.py:183} INFO - Processing /home/airflow/.local/lib/python3.11/site-packages/airflow/example_dags/example_params_ui_tutorial.py took 0.100 seconds
[2024-03-06T14:10:03.319+0000] {processor.py:161} INFO - Started process (PID=12572) to work on /home/airflow/.local/lib/python3.11/site-packages/airflow/example_dags/example_params_ui_tutorial.py
[2024-03-06T14:10:03.321+0000] {processor.py:830} INFO - Processing file /home/airflow/.local/lib/python3.11/site-packages/airflow/example_dags/example_params_ui_tutorial.py for tasks to queue
[2024-03-06T14:10:03.322+0000] {logging_mixin.py:188} INFO - [2024-03-06T14:10:03.321+0000] {dagbag.py:540} INFO - Filling up the DagBag from /home/airflow/.local/lib/python3.11/site-packages/airflow/example_dags/example_params_ui_tutorial.py
[2024-03-06T14:10:03.334+0000] {processor.py:840} INFO - DAG(s) 'example_params_ui_tutorial' retrieved from /home/airflow/.local/lib/python3.11/site-packages/airflow/example_dags/example_params_ui_tutorial.py
[2024-03-06T14:10:03.389+0000] {logging_mixin.py:188} INFO - [2024-03-06T14:10:03.389+0000] {dag.py:3047} INFO - Sync 1 DAGs
[2024-03-06T14:10:03.404+0000] {logging_mixin.py:188} INFO - [2024-03-06T14:10:03.404+0000] {dag.py:3834} INFO - Setting next_dagrun for example_params_ui_tutorial to None, run_after=None
[2024-03-06T14:10:03.431+0000] {processor.py:183} INFO - Processing /home/airflow/.local/lib/python3.11/site-packages/airflow/example_dags/example_params_ui_tutorial.py took 0.115 seconds
[2024-03-06T14:10:34.307+0000] {processor.py:161} INFO - Started process (PID=12819) to work on /home/airflow/.local/lib/python3.11/site-packages/airflow/example_dags/example_params_ui_tutorial.py
[2024-03-06T14:10:34.308+0000] {processor.py:830} INFO - Processing file /home/airflow/.local/lib/python3.11/site-packages/airflow/example_dags/example_params_ui_tutorial.py for tasks to queue
[2024-03-06T14:10:34.310+0000] {logging_mixin.py:188} INFO - [2024-03-06T14:10:34.309+0000] {dagbag.py:540} INFO - Filling up the DagBag from /home/airflow/.local/lib/python3.11/site-packages/airflow/example_dags/example_params_ui_tutorial.py
[2024-03-06T14:10:34.324+0000] {processor.py:840} INFO - DAG(s) 'example_params_ui_tutorial' retrieved from /home/airflow/.local/lib/python3.11/site-packages/airflow/example_dags/example_params_ui_tutorial.py
[2024-03-06T14:10:34.387+0000] {logging_mixin.py:188} INFO - [2024-03-06T14:10:34.386+0000] {dag.py:3047} INFO - Sync 1 DAGs
[2024-03-06T14:10:34.408+0000] {logging_mixin.py:188} INFO - [2024-03-06T14:10:34.407+0000] {dag.py:3834} INFO - Setting next_dagrun for example_params_ui_tutorial to None, run_after=None
[2024-03-06T14:10:34.434+0000] {processor.py:183} INFO - Processing /home/airflow/.local/lib/python3.11/site-packages/airflow/example_dags/example_params_ui_tutorial.py took 0.133 seconds
[2024-03-06T14:11:04.498+0000] {processor.py:161} INFO - Started process (PID=13066) to work on /home/airflow/.local/lib/python3.11/site-packages/airflow/example_dags/example_params_ui_tutorial.py
[2024-03-06T14:11:04.500+0000] {processor.py:830} INFO - Processing file /home/airflow/.local/lib/python3.11/site-packages/airflow/example_dags/example_params_ui_tutorial.py for tasks to queue
[2024-03-06T14:11:04.502+0000] {logging_mixin.py:188} INFO - [2024-03-06T14:11:04.501+0000] {dagbag.py:540} INFO - Filling up the DagBag from /home/airflow/.local/lib/python3.11/site-packages/airflow/example_dags/example_params_ui_tutorial.py
[2024-03-06T14:11:04.522+0000] {processor.py:840} INFO - DAG(s) 'example_params_ui_tutorial' retrieved from /home/airflow/.local/lib/python3.11/site-packages/airflow/example_dags/example_params_ui_tutorial.py
[2024-03-06T14:11:04.597+0000] {logging_mixin.py:188} INFO - [2024-03-06T14:11:04.596+0000] {dag.py:3047} INFO - Sync 1 DAGs
[2024-03-06T14:11:04.616+0000] {logging_mixin.py:188} INFO - [2024-03-06T14:11:04.616+0000] {dag.py:3834} INFO - Setting next_dagrun for example_params_ui_tutorial to None, run_after=None
[2024-03-06T14:11:04.652+0000] {processor.py:183} INFO - Processing /home/airflow/.local/lib/python3.11/site-packages/airflow/example_dags/example_params_ui_tutorial.py took 0.159 seconds
[2024-03-06T14:11:35.104+0000] {processor.py:161} INFO - Started process (PID=13313) to work on /home/airflow/.local/lib/python3.11/site-packages/airflow/example_dags/example_params_ui_tutorial.py
[2024-03-06T14:11:35.107+0000] {processor.py:830} INFO - Processing file /home/airflow/.local/lib/python3.11/site-packages/airflow/example_dags/example_params_ui_tutorial.py for tasks to queue
[2024-03-06T14:11:35.109+0000] {logging_mixin.py:188} INFO - [2024-03-06T14:11:35.108+0000] {dagbag.py:540} INFO - Filling up the DagBag from /home/airflow/.local/lib/python3.11/site-packages/airflow/example_dags/example_params_ui_tutorial.py
[2024-03-06T14:11:35.127+0000] {processor.py:840} INFO - DAG(s) 'example_params_ui_tutorial' retrieved from /home/airflow/.local/lib/python3.11/site-packages/airflow/example_dags/example_params_ui_tutorial.py
[2024-03-06T14:11:35.186+0000] {logging_mixin.py:188} INFO - [2024-03-06T14:11:35.186+0000] {dag.py:3047} INFO - Sync 1 DAGs
[2024-03-06T14:11:35.201+0000] {logging_mixin.py:188} INFO - [2024-03-06T14:11:35.201+0000] {dag.py:3834} INFO - Setting next_dagrun for example_params_ui_tutorial to None, run_after=None
[2024-03-06T14:11:35.224+0000] {processor.py:183} INFO - Processing /home/airflow/.local/lib/python3.11/site-packages/airflow/example_dags/example_params_ui_tutorial.py took 0.125 seconds
[2024-03-06T14:12:05.951+0000] {processor.py:161} INFO - Started process (PID=13560) to work on /home/airflow/.local/lib/python3.11/site-packages/airflow/example_dags/example_params_ui_tutorial.py
[2024-03-06T14:12:05.953+0000] {processor.py:830} INFO - Processing file /home/airflow/.local/lib/python3.11/site-packages/airflow/example_dags/example_params_ui_tutorial.py for tasks to queue
[2024-03-06T14:12:05.955+0000] {logging_mixin.py:188} INFO - [2024-03-06T14:12:05.954+0000] {dagbag.py:540} INFO - Filling up the DagBag from /home/airflow/.local/lib/python3.11/site-packages/airflow/example_dags/example_params_ui_tutorial.py
[2024-03-06T14:12:05.966+0000] {processor.py:840} INFO - DAG(s) 'example_params_ui_tutorial' retrieved from /home/airflow/.local/lib/python3.11/site-packages/airflow/example_dags/example_params_ui_tutorial.py
[2024-03-06T14:12:06.007+0000] {logging_mixin.py:188} INFO - [2024-03-06T14:12:06.006+0000] {dag.py:3047} INFO - Sync 1 DAGs
[2024-03-06T14:12:06.019+0000] {logging_mixin.py:188} INFO - [2024-03-06T14:12:06.019+0000] {dag.py:3834} INFO - Setting next_dagrun for example_params_ui_tutorial to None, run_after=None
[2024-03-06T14:12:06.037+0000] {processor.py:183} INFO - Processing /home/airflow/.local/lib/python3.11/site-packages/airflow/example_dags/example_params_ui_tutorial.py took 0.090 seconds
[2024-03-06T14:12:36.351+0000] {processor.py:161} INFO - Started process (PID=13807) to work on /home/airflow/.local/lib/python3.11/site-packages/airflow/example_dags/example_params_ui_tutorial.py
[2024-03-06T14:12:36.352+0000] {processor.py:830} INFO - Processing file /home/airflow/.local/lib/python3.11/site-packages/airflow/example_dags/example_params_ui_tutorial.py for tasks to queue
[2024-03-06T14:12:36.353+0000] {logging_mixin.py:188} INFO - [2024-03-06T14:12:36.353+0000] {dagbag.py:540} INFO - Filling up the DagBag from /home/airflow/.local/lib/python3.11/site-packages/airflow/example_dags/example_params_ui_tutorial.py
[2024-03-06T14:12:36.367+0000] {processor.py:840} INFO - DAG(s) 'example_params_ui_tutorial' retrieved from /home/airflow/.local/lib/python3.11/site-packages/airflow/example_dags/example_params_ui_tutorial.py
[2024-03-06T14:12:36.414+0000] {logging_mixin.py:188} INFO - [2024-03-06T14:12:36.413+0000] {dag.py:3047} INFO - Sync 1 DAGs
[2024-03-06T14:12:36.429+0000] {logging_mixin.py:188} INFO - [2024-03-06T14:12:36.429+0000] {dag.py:3834} INFO - Setting next_dagrun for example_params_ui_tutorial to None, run_after=None
[2024-03-06T14:12:36.452+0000] {processor.py:183} INFO - Processing /home/airflow/.local/lib/python3.11/site-packages/airflow/example_dags/example_params_ui_tutorial.py took 0.104 seconds
[2024-03-06T14:13:07.186+0000] {processor.py:161} INFO - Started process (PID=14054) to work on /home/airflow/.local/lib/python3.11/site-packages/airflow/example_dags/example_params_ui_tutorial.py
[2024-03-06T14:13:07.187+0000] {processor.py:830} INFO - Processing file /home/airflow/.local/lib/python3.11/site-packages/airflow/example_dags/example_params_ui_tutorial.py for tasks to queue
[2024-03-06T14:13:07.188+0000] {logging_mixin.py:188} INFO - [2024-03-06T14:13:07.188+0000] {dagbag.py:540} INFO - Filling up the DagBag from /home/airflow/.local/lib/python3.11/site-packages/airflow/example_dags/example_params_ui_tutorial.py
[2024-03-06T14:13:07.200+0000] {processor.py:840} INFO - DAG(s) 'example_params_ui_tutorial' retrieved from /home/airflow/.local/lib/python3.11/site-packages/airflow/example_dags/example_params_ui_tutorial.py
[2024-03-06T14:13:07.244+0000] {logging_mixin.py:188} INFO - [2024-03-06T14:13:07.244+0000] {dag.py:3047} INFO - Sync 1 DAGs
[2024-03-06T14:13:07.255+0000] {logging_mixin.py:188} INFO - [2024-03-06T14:13:07.254+0000] {dag.py:3834} INFO - Setting next_dagrun for example_params_ui_tutorial to None, run_after=None
[2024-03-06T14:13:07.275+0000] {processor.py:183} INFO - Processing /home/airflow/.local/lib/python3.11/site-packages/airflow/example_dags/example_params_ui_tutorial.py took 0.092 seconds
[2024-03-06T14:13:37.836+0000] {processor.py:161} INFO - Started process (PID=14301) to work on /home/airflow/.local/lib/python3.11/site-packages/airflow/example_dags/example_params_ui_tutorial.py
[2024-03-06T14:13:37.837+0000] {processor.py:830} INFO - Processing file /home/airflow/.local/lib/python3.11/site-packages/airflow/example_dags/example_params_ui_tutorial.py for tasks to queue
[2024-03-06T14:13:37.838+0000] {logging_mixin.py:188} INFO - [2024-03-06T14:13:37.838+0000] {dagbag.py:540} INFO - Filling up the DagBag from /home/airflow/.local/lib/python3.11/site-packages/airflow/example_dags/example_params_ui_tutorial.py
[2024-03-06T14:13:37.850+0000] {processor.py:840} INFO - DAG(s) 'example_params_ui_tutorial' retrieved from /home/airflow/.local/lib/python3.11/site-packages/airflow/example_dags/example_params_ui_tutorial.py
[2024-03-06T14:13:37.895+0000] {logging_mixin.py:188} INFO - [2024-03-06T14:13:37.895+0000] {dag.py:3047} INFO - Sync 1 DAGs
[2024-03-06T14:13:37.906+0000] {logging_mixin.py:188} INFO - [2024-03-06T14:13:37.906+0000] {dag.py:3834} INFO - Setting next_dagrun for example_params_ui_tutorial to None, run_after=None
[2024-03-06T14:13:37.923+0000] {processor.py:183} INFO - Processing /home/airflow/.local/lib/python3.11/site-packages/airflow/example_dags/example_params_ui_tutorial.py took 0.091 seconds
[2024-03-06T14:14:08.753+0000] {processor.py:161} INFO - Started process (PID=14548) to work on /home/airflow/.local/lib/python3.11/site-packages/airflow/example_dags/example_params_ui_tutorial.py
[2024-03-06T14:14:08.756+0000] {processor.py:830} INFO - Processing file /home/airflow/.local/lib/python3.11/site-packages/airflow/example_dags/example_params_ui_tutorial.py for tasks to queue
[2024-03-06T14:14:08.758+0000] {logging_mixin.py:188} INFO - [2024-03-06T14:14:08.757+0000] {dagbag.py:540} INFO - Filling up the DagBag from /home/airflow/.local/lib/python3.11/site-packages/airflow/example_dags/example_params_ui_tutorial.py
[2024-03-06T14:14:08.773+0000] {processor.py:840} INFO - DAG(s) 'example_params_ui_tutorial' retrieved from /home/airflow/.local/lib/python3.11/site-packages/airflow/example_dags/example_params_ui_tutorial.py
[2024-03-06T14:14:08.843+0000] {logging_mixin.py:188} INFO - [2024-03-06T14:14:08.843+0000] {dag.py:3047} INFO - Sync 1 DAGs
[2024-03-06T14:14:08.859+0000] {logging_mixin.py:188} INFO - [2024-03-06T14:14:08.859+0000] {dag.py:3834} INFO - Setting next_dagrun for example_params_ui_tutorial to None, run_after=None
[2024-03-06T14:14:08.880+0000] {processor.py:183} INFO - Processing /home/airflow/.local/lib/python3.11/site-packages/airflow/example_dags/example_params_ui_tutorial.py took 0.132 seconds
[2024-03-06T14:14:38.933+0000] {processor.py:161} INFO - Started process (PID=14797) to work on /home/airflow/.local/lib/python3.11/site-packages/airflow/example_dags/example_params_ui_tutorial.py
[2024-03-06T14:14:38.934+0000] {processor.py:830} INFO - Processing file /home/airflow/.local/lib/python3.11/site-packages/airflow/example_dags/example_params_ui_tutorial.py for tasks to queue
[2024-03-06T14:14:38.935+0000] {logging_mixin.py:188} INFO - [2024-03-06T14:14:38.935+0000] {dagbag.py:540} INFO - Filling up the DagBag from /home/airflow/.local/lib/python3.11/site-packages/airflow/example_dags/example_params_ui_tutorial.py
[2024-03-06T14:14:38.947+0000] {processor.py:840} INFO - DAG(s) 'example_params_ui_tutorial' retrieved from /home/airflow/.local/lib/python3.11/site-packages/airflow/example_dags/example_params_ui_tutorial.py
[2024-03-06T14:14:38.989+0000] {logging_mixin.py:188} INFO - [2024-03-06T14:14:38.989+0000] {dag.py:3047} INFO - Sync 1 DAGs
[2024-03-06T14:14:39.002+0000] {logging_mixin.py:188} INFO - [2024-03-06T14:14:39.002+0000] {dag.py:3834} INFO - Setting next_dagrun for example_params_ui_tutorial to None, run_after=None
[2024-03-06T14:14:39.020+0000] {processor.py:183} INFO - Processing /home/airflow/.local/lib/python3.11/site-packages/airflow/example_dags/example_params_ui_tutorial.py took 0.089 seconds
[2024-03-06T14:15:09.172+0000] {processor.py:161} INFO - Started process (PID=15042) to work on /home/airflow/.local/lib/python3.11/site-packages/airflow/example_dags/example_params_ui_tutorial.py
[2024-03-06T14:15:09.173+0000] {processor.py:830} INFO - Processing file /home/airflow/.local/lib/python3.11/site-packages/airflow/example_dags/example_params_ui_tutorial.py for tasks to queue
[2024-03-06T14:15:09.175+0000] {logging_mixin.py:188} INFO - [2024-03-06T14:15:09.174+0000] {dagbag.py:540} INFO - Filling up the DagBag from /home/airflow/.local/lib/python3.11/site-packages/airflow/example_dags/example_params_ui_tutorial.py
[2024-03-06T14:15:09.188+0000] {processor.py:840} INFO - DAG(s) 'example_params_ui_tutorial' retrieved from /home/airflow/.local/lib/python3.11/site-packages/airflow/example_dags/example_params_ui_tutorial.py
[2024-03-06T14:15:09.239+0000] {logging_mixin.py:188} INFO - [2024-03-06T14:15:09.238+0000] {dag.py:3047} INFO - Sync 1 DAGs
[2024-03-06T14:15:09.251+0000] {logging_mixin.py:188} INFO - [2024-03-06T14:15:09.251+0000] {dag.py:3834} INFO - Setting next_dagrun for example_params_ui_tutorial to None, run_after=None
[2024-03-06T14:15:09.272+0000] {processor.py:183} INFO - Processing /home/airflow/.local/lib/python3.11/site-packages/airflow/example_dags/example_params_ui_tutorial.py took 0.104 seconds
[2024-03-06T14:15:40.166+0000] {processor.py:161} INFO - Started process (PID=15289) to work on /home/airflow/.local/lib/python3.11/site-packages/airflow/example_dags/example_params_ui_tutorial.py
[2024-03-06T14:15:40.168+0000] {processor.py:830} INFO - Processing file /home/airflow/.local/lib/python3.11/site-packages/airflow/example_dags/example_params_ui_tutorial.py for tasks to queue
[2024-03-06T14:15:40.170+0000] {logging_mixin.py:188} INFO - [2024-03-06T14:15:40.169+0000] {dagbag.py:540} INFO - Filling up the DagBag from /home/airflow/.local/lib/python3.11/site-packages/airflow/example_dags/example_params_ui_tutorial.py
[2024-03-06T14:15:40.185+0000] {processor.py:840} INFO - DAG(s) 'example_params_ui_tutorial' retrieved from /home/airflow/.local/lib/python3.11/site-packages/airflow/example_dags/example_params_ui_tutorial.py
[2024-03-06T14:15:40.234+0000] {logging_mixin.py:188} INFO - [2024-03-06T14:15:40.233+0000] {dag.py:3047} INFO - Sync 1 DAGs
[2024-03-06T14:15:40.245+0000] {logging_mixin.py:188} INFO - [2024-03-06T14:15:40.245+0000] {dag.py:3834} INFO - Setting next_dagrun for example_params_ui_tutorial to None, run_after=None
[2024-03-06T14:15:40.262+0000] {processor.py:183} INFO - Processing /home/airflow/.local/lib/python3.11/site-packages/airflow/example_dags/example_params_ui_tutorial.py took 0.100 seconds
[2024-03-06T14:16:10.415+0000] {processor.py:161} INFO - Started process (PID=15536) to work on /home/airflow/.local/lib/python3.11/site-packages/airflow/example_dags/example_params_ui_tutorial.py
[2024-03-06T14:16:10.416+0000] {processor.py:830} INFO - Processing file /home/airflow/.local/lib/python3.11/site-packages/airflow/example_dags/example_params_ui_tutorial.py for tasks to queue
[2024-03-06T14:16:10.418+0000] {logging_mixin.py:188} INFO - [2024-03-06T14:16:10.417+0000] {dagbag.py:540} INFO - Filling up the DagBag from /home/airflow/.local/lib/python3.11/site-packages/airflow/example_dags/example_params_ui_tutorial.py
[2024-03-06T14:16:10.432+0000] {processor.py:840} INFO - DAG(s) 'example_params_ui_tutorial' retrieved from /home/airflow/.local/lib/python3.11/site-packages/airflow/example_dags/example_params_ui_tutorial.py
[2024-03-06T14:16:10.486+0000] {logging_mixin.py:188} INFO - [2024-03-06T14:16:10.486+0000] {dag.py:3047} INFO - Sync 1 DAGs
[2024-03-06T14:16:10.503+0000] {logging_mixin.py:188} INFO - [2024-03-06T14:16:10.503+0000] {dag.py:3834} INFO - Setting next_dagrun for example_params_ui_tutorial to None, run_after=None
[2024-03-06T14:16:10.528+0000] {processor.py:183} INFO - Processing /home/airflow/.local/lib/python3.11/site-packages/airflow/example_dags/example_params_ui_tutorial.py took 0.117 seconds
[2024-03-06T14:16:41.246+0000] {processor.py:161} INFO - Started process (PID=15783) to work on /home/airflow/.local/lib/python3.11/site-packages/airflow/example_dags/example_params_ui_tutorial.py
[2024-03-06T14:16:41.248+0000] {processor.py:830} INFO - Processing file /home/airflow/.local/lib/python3.11/site-packages/airflow/example_dags/example_params_ui_tutorial.py for tasks to queue
[2024-03-06T14:16:41.250+0000] {logging_mixin.py:188} INFO - [2024-03-06T14:16:41.250+0000] {dagbag.py:540} INFO - Filling up the DagBag from /home/airflow/.local/lib/python3.11/site-packages/airflow/example_dags/example_params_ui_tutorial.py
[2024-03-06T14:16:41.266+0000] {processor.py:840} INFO - DAG(s) 'example_params_ui_tutorial' retrieved from /home/airflow/.local/lib/python3.11/site-packages/airflow/example_dags/example_params_ui_tutorial.py
[2024-03-06T14:16:41.327+0000] {logging_mixin.py:188} INFO - [2024-03-06T14:16:41.327+0000] {dag.py:3047} INFO - Sync 1 DAGs
[2024-03-06T14:16:41.342+0000] {logging_mixin.py:188} INFO - [2024-03-06T14:16:41.342+0000] {dag.py:3834} INFO - Setting next_dagrun for example_params_ui_tutorial to None, run_after=None
[2024-03-06T14:16:41.360+0000] {processor.py:183} INFO - Processing /home/airflow/.local/lib/python3.11/site-packages/airflow/example_dags/example_params_ui_tutorial.py took 0.118 seconds
[2024-03-06T14:17:12.141+0000] {processor.py:161} INFO - Started process (PID=16030) to work on /home/airflow/.local/lib/python3.11/site-packages/airflow/example_dags/example_params_ui_tutorial.py
[2024-03-06T14:17:12.145+0000] {processor.py:830} INFO - Processing file /home/airflow/.local/lib/python3.11/site-packages/airflow/example_dags/example_params_ui_tutorial.py for tasks to queue
[2024-03-06T14:17:12.149+0000] {logging_mixin.py:188} INFO - [2024-03-06T14:17:12.148+0000] {dagbag.py:540} INFO - Filling up the DagBag from /home/airflow/.local/lib/python3.11/site-packages/airflow/example_dags/example_params_ui_tutorial.py
[2024-03-06T14:17:12.176+0000] {processor.py:840} INFO - DAG(s) 'example_params_ui_tutorial' retrieved from /home/airflow/.local/lib/python3.11/site-packages/airflow/example_dags/example_params_ui_tutorial.py
[2024-03-06T14:17:12.266+0000] {logging_mixin.py:188} INFO - [2024-03-06T14:17:12.266+0000] {dag.py:3047} INFO - Sync 1 DAGs
[2024-03-06T14:17:12.287+0000] {logging_mixin.py:188} INFO - [2024-03-06T14:17:12.286+0000] {dag.py:3834} INFO - Setting next_dagrun for example_params_ui_tutorial to None, run_after=None
[2024-03-06T14:17:12.351+0000] {processor.py:183} INFO - Processing /home/airflow/.local/lib/python3.11/site-packages/airflow/example_dags/example_params_ui_tutorial.py took 0.214 seconds
[2024-03-06T14:17:43.103+0000] {processor.py:161} INFO - Started process (PID=16277) to work on /home/airflow/.local/lib/python3.11/site-packages/airflow/example_dags/example_params_ui_tutorial.py
[2024-03-06T14:17:43.106+0000] {processor.py:830} INFO - Processing file /home/airflow/.local/lib/python3.11/site-packages/airflow/example_dags/example_params_ui_tutorial.py for tasks to queue
[2024-03-06T14:17:43.110+0000] {logging_mixin.py:188} INFO - [2024-03-06T14:17:43.109+0000] {dagbag.py:540} INFO - Filling up the DagBag from /home/airflow/.local/lib/python3.11/site-packages/airflow/example_dags/example_params_ui_tutorial.py
[2024-03-06T14:17:43.138+0000] {processor.py:840} INFO - DAG(s) 'example_params_ui_tutorial' retrieved from /home/airflow/.local/lib/python3.11/site-packages/airflow/example_dags/example_params_ui_tutorial.py
[2024-03-06T14:17:43.232+0000] {logging_mixin.py:188} INFO - [2024-03-06T14:17:43.232+0000] {dag.py:3047} INFO - Sync 1 DAGs
[2024-03-06T14:17:43.245+0000] {logging_mixin.py:188} INFO - [2024-03-06T14:17:43.245+0000] {dag.py:3834} INFO - Setting next_dagrun for example_params_ui_tutorial to None, run_after=None
[2024-03-06T14:17:43.273+0000] {processor.py:183} INFO - Processing /home/airflow/.local/lib/python3.11/site-packages/airflow/example_dags/example_params_ui_tutorial.py took 0.174 seconds
[2024-03-06T14:18:14.070+0000] {processor.py:161} INFO - Started process (PID=16524) to work on /home/airflow/.local/lib/python3.11/site-packages/airflow/example_dags/example_params_ui_tutorial.py
[2024-03-06T14:18:14.073+0000] {processor.py:830} INFO - Processing file /home/airflow/.local/lib/python3.11/site-packages/airflow/example_dags/example_params_ui_tutorial.py for tasks to queue
[2024-03-06T14:18:14.076+0000] {logging_mixin.py:188} INFO - [2024-03-06T14:18:14.075+0000] {dagbag.py:540} INFO - Filling up the DagBag from /home/airflow/.local/lib/python3.11/site-packages/airflow/example_dags/example_params_ui_tutorial.py
[2024-03-06T14:18:14.107+0000] {processor.py:840} INFO - DAG(s) 'example_params_ui_tutorial' retrieved from /home/airflow/.local/lib/python3.11/site-packages/airflow/example_dags/example_params_ui_tutorial.py
[2024-03-06T14:18:14.214+0000] {logging_mixin.py:188} INFO - [2024-03-06T14:18:14.213+0000] {dag.py:3047} INFO - Sync 1 DAGs
[2024-03-06T14:18:14.259+0000] {logging_mixin.py:188} INFO - [2024-03-06T14:18:14.258+0000] {dag.py:3834} INFO - Setting next_dagrun for example_params_ui_tutorial to None, run_after=None
[2024-03-06T14:18:14.315+0000] {processor.py:183} INFO - Processing /home/airflow/.local/lib/python3.11/site-packages/airflow/example_dags/example_params_ui_tutorial.py took 0.251 seconds
[2024-03-06T14:18:44.988+0000] {processor.py:161} INFO - Started process (PID=16770) to work on /home/airflow/.local/lib/python3.11/site-packages/airflow/example_dags/example_params_ui_tutorial.py
[2024-03-06T14:18:44.995+0000] {processor.py:830} INFO - Processing file /home/airflow/.local/lib/python3.11/site-packages/airflow/example_dags/example_params_ui_tutorial.py for tasks to queue
[2024-03-06T14:18:44.999+0000] {logging_mixin.py:188} INFO - [2024-03-06T14:18:44.998+0000] {dagbag.py:540} INFO - Filling up the DagBag from /home/airflow/.local/lib/python3.11/site-packages/airflow/example_dags/example_params_ui_tutorial.py
[2024-03-06T14:18:45.060+0000] {processor.py:840} INFO - DAG(s) 'example_params_ui_tutorial' retrieved from /home/airflow/.local/lib/python3.11/site-packages/airflow/example_dags/example_params_ui_tutorial.py
[2024-03-06T14:18:45.182+0000] {logging_mixin.py:188} INFO - [2024-03-06T14:18:45.181+0000] {dag.py:3047} INFO - Sync 1 DAGs
[2024-03-06T14:18:45.229+0000] {logging_mixin.py:188} INFO - [2024-03-06T14:18:45.229+0000] {dag.py:3834} INFO - Setting next_dagrun for example_params_ui_tutorial to None, run_after=None
[2024-03-06T14:18:45.329+0000] {processor.py:183} INFO - Processing /home/airflow/.local/lib/python3.11/site-packages/airflow/example_dags/example_params_ui_tutorial.py took 0.347 seconds
[2024-03-06T14:19:16.148+0000] {processor.py:161} INFO - Started process (PID=17019) to work on /home/airflow/.local/lib/python3.11/site-packages/airflow/example_dags/example_params_ui_tutorial.py
[2024-03-06T14:19:16.151+0000] {processor.py:830} INFO - Processing file /home/airflow/.local/lib/python3.11/site-packages/airflow/example_dags/example_params_ui_tutorial.py for tasks to queue
[2024-03-06T14:19:16.153+0000] {logging_mixin.py:188} INFO - [2024-03-06T14:19:16.153+0000] {dagbag.py:540} INFO - Filling up the DagBag from /home/airflow/.local/lib/python3.11/site-packages/airflow/example_dags/example_params_ui_tutorial.py
[2024-03-06T14:19:16.174+0000] {processor.py:840} INFO - DAG(s) 'example_params_ui_tutorial' retrieved from /home/airflow/.local/lib/python3.11/site-packages/airflow/example_dags/example_params_ui_tutorial.py
[2024-03-06T14:19:16.260+0000] {logging_mixin.py:188} INFO - [2024-03-06T14:19:16.259+0000] {dag.py:3047} INFO - Sync 1 DAGs
[2024-03-06T14:19:16.305+0000] {logging_mixin.py:188} INFO - [2024-03-06T14:19:16.305+0000] {dag.py:3834} INFO - Setting next_dagrun for example_params_ui_tutorial to None, run_after=None
[2024-03-06T14:19:16.379+0000] {processor.py:183} INFO - Processing /home/airflow/.local/lib/python3.11/site-packages/airflow/example_dags/example_params_ui_tutorial.py took 0.240 seconds
