[2024-03-06T13:44:40.689+0000] {processor.py:161} INFO - Started process (PID=364) to work on /home/airflow/.local/lib/python3.11/site-packages/airflow/example_dags/example_trigger_controller_dag.py
[2024-03-06T13:44:40.690+0000] {processor.py:830} INFO - Processing file /home/airflow/.local/lib/python3.11/site-packages/airflow/example_dags/example_trigger_controller_dag.py for tasks to queue
[2024-03-06T13:44:40.692+0000] {logging_mixin.py:188} INFO - [2024-03-06T13:44:40.691+0000] {dagbag.py:540} INFO - Filling up the DagBag from /home/airflow/.local/lib/python3.11/site-packages/airflow/example_dags/example_trigger_controller_dag.py
[2024-03-06T13:44:40.697+0000] {processor.py:840} INFO - DAG(s) 'example_trigger_controller_dag' retrieved from /home/airflow/.local/lib/python3.11/site-packages/airflow/example_dags/example_trigger_controller_dag.py
[2024-03-06T13:44:40.729+0000] {logging_mixin.py:188} INFO - [2024-03-06T13:44:40.728+0000] {dag.py:3047} INFO - Sync 1 DAGs
[2024-03-06T13:44:40.896+0000] {logging_mixin.py:188} INFO - [2024-03-06T13:44:40.896+0000] {dag.py:3834} INFO - Setting next_dagrun for example_trigger_controller_dag to 2021-01-01 00:00:00+00:00, run_after=2021-01-01 00:00:00+00:00
[2024-03-06T13:44:40.925+0000] {processor.py:183} INFO - Processing /home/airflow/.local/lib/python3.11/site-packages/airflow/example_dags/example_trigger_controller_dag.py took 0.240 seconds
[2024-03-06T13:45:11.756+0000] {processor.py:161} INFO - Started process (PID=610) to work on /home/airflow/.local/lib/python3.11/site-packages/airflow/example_dags/example_trigger_controller_dag.py
[2024-03-06T13:45:11.757+0000] {processor.py:830} INFO - Processing file /home/airflow/.local/lib/python3.11/site-packages/airflow/example_dags/example_trigger_controller_dag.py for tasks to queue
[2024-03-06T13:45:11.758+0000] {logging_mixin.py:188} INFO - [2024-03-06T13:45:11.758+0000] {dagbag.py:540} INFO - Filling up the DagBag from /home/airflow/.local/lib/python3.11/site-packages/airflow/example_dags/example_trigger_controller_dag.py
[2024-03-06T13:45:11.763+0000] {processor.py:840} INFO - DAG(s) 'example_trigger_controller_dag' retrieved from /home/airflow/.local/lib/python3.11/site-packages/airflow/example_dags/example_trigger_controller_dag.py
[2024-03-06T13:45:11.784+0000] {logging_mixin.py:188} INFO - [2024-03-06T13:45:11.783+0000] {dag.py:3047} INFO - Sync 1 DAGs
[2024-03-06T13:45:11.821+0000] {logging_mixin.py:188} INFO - [2024-03-06T13:45:11.821+0000] {dag.py:3834} INFO - Setting next_dagrun for example_trigger_controller_dag to 2021-01-01 00:00:00+00:00, run_after=2021-01-01 00:00:00+00:00
[2024-03-06T13:45:11.846+0000] {processor.py:183} INFO - Processing /home/airflow/.local/lib/python3.11/site-packages/airflow/example_dags/example_trigger_controller_dag.py took 0.093 seconds
[2024-03-06T13:45:42.379+0000] {processor.py:161} INFO - Started process (PID=856) to work on /home/airflow/.local/lib/python3.11/site-packages/airflow/example_dags/example_trigger_controller_dag.py
[2024-03-06T13:45:42.380+0000] {processor.py:830} INFO - Processing file /home/airflow/.local/lib/python3.11/site-packages/airflow/example_dags/example_trigger_controller_dag.py for tasks to queue
[2024-03-06T13:45:42.381+0000] {logging_mixin.py:188} INFO - [2024-03-06T13:45:42.381+0000] {dagbag.py:540} INFO - Filling up the DagBag from /home/airflow/.local/lib/python3.11/site-packages/airflow/example_dags/example_trigger_controller_dag.py
[2024-03-06T13:45:42.387+0000] {processor.py:840} INFO - DAG(s) 'example_trigger_controller_dag' retrieved from /home/airflow/.local/lib/python3.11/site-packages/airflow/example_dags/example_trigger_controller_dag.py
[2024-03-06T13:45:42.409+0000] {logging_mixin.py:188} INFO - [2024-03-06T13:45:42.408+0000] {dag.py:3047} INFO - Sync 1 DAGs
[2024-03-06T13:45:42.437+0000] {logging_mixin.py:188} INFO - [2024-03-06T13:45:42.437+0000] {dag.py:3834} INFO - Setting next_dagrun for example_trigger_controller_dag to 2021-01-01 00:00:00+00:00, run_after=2021-01-01 00:00:00+00:00
[2024-03-06T13:45:42.472+0000] {processor.py:183} INFO - Processing /home/airflow/.local/lib/python3.11/site-packages/airflow/example_dags/example_trigger_controller_dag.py took 0.098 seconds
[2024-03-06T13:46:13.244+0000] {processor.py:161} INFO - Started process (PID=1103) to work on /home/airflow/.local/lib/python3.11/site-packages/airflow/example_dags/example_trigger_controller_dag.py
[2024-03-06T13:46:13.245+0000] {processor.py:830} INFO - Processing file /home/airflow/.local/lib/python3.11/site-packages/airflow/example_dags/example_trigger_controller_dag.py for tasks to queue
[2024-03-06T13:46:13.246+0000] {logging_mixin.py:188} INFO - [2024-03-06T13:46:13.245+0000] {dagbag.py:540} INFO - Filling up the DagBag from /home/airflow/.local/lib/python3.11/site-packages/airflow/example_dags/example_trigger_controller_dag.py
[2024-03-06T13:46:13.251+0000] {processor.py:840} INFO - DAG(s) 'example_trigger_controller_dag' retrieved from /home/airflow/.local/lib/python3.11/site-packages/airflow/example_dags/example_trigger_controller_dag.py
[2024-03-06T13:46:13.271+0000] {logging_mixin.py:188} INFO - [2024-03-06T13:46:13.271+0000] {dag.py:3047} INFO - Sync 1 DAGs
[2024-03-06T13:46:13.296+0000] {logging_mixin.py:188} INFO - [2024-03-06T13:46:13.296+0000] {dag.py:3834} INFO - Setting next_dagrun for example_trigger_controller_dag to 2021-01-01 00:00:00+00:00, run_after=2021-01-01 00:00:00+00:00
[2024-03-06T13:46:13.322+0000] {processor.py:183} INFO - Processing /home/airflow/.local/lib/python3.11/site-packages/airflow/example_dags/example_trigger_controller_dag.py took 0.081 seconds
[2024-03-06T13:46:43.796+0000] {processor.py:161} INFO - Started process (PID=1350) to work on /home/airflow/.local/lib/python3.11/site-packages/airflow/example_dags/example_trigger_controller_dag.py
[2024-03-06T13:46:43.797+0000] {processor.py:830} INFO - Processing file /home/airflow/.local/lib/python3.11/site-packages/airflow/example_dags/example_trigger_controller_dag.py for tasks to queue
[2024-03-06T13:46:43.798+0000] {logging_mixin.py:188} INFO - [2024-03-06T13:46:43.798+0000] {dagbag.py:540} INFO - Filling up the DagBag from /home/airflow/.local/lib/python3.11/site-packages/airflow/example_dags/example_trigger_controller_dag.py
[2024-03-06T13:46:43.806+0000] {processor.py:840} INFO - DAG(s) 'example_trigger_controller_dag' retrieved from /home/airflow/.local/lib/python3.11/site-packages/airflow/example_dags/example_trigger_controller_dag.py
[2024-03-06T13:46:43.828+0000] {logging_mixin.py:188} INFO - [2024-03-06T13:46:43.827+0000] {dag.py:3047} INFO - Sync 1 DAGs
[2024-03-06T13:46:43.850+0000] {logging_mixin.py:188} INFO - [2024-03-06T13:46:43.849+0000] {dag.py:3834} INFO - Setting next_dagrun for example_trigger_controller_dag to 2021-01-01 00:00:00+00:00, run_after=2021-01-01 00:00:00+00:00
[2024-03-06T13:46:43.869+0000] {processor.py:183} INFO - Processing /home/airflow/.local/lib/python3.11/site-packages/airflow/example_dags/example_trigger_controller_dag.py took 0.078 seconds
[2024-03-06T13:47:14.595+0000] {processor.py:161} INFO - Started process (PID=1597) to work on /home/airflow/.local/lib/python3.11/site-packages/airflow/example_dags/example_trigger_controller_dag.py
[2024-03-06T13:47:14.597+0000] {processor.py:830} INFO - Processing file /home/airflow/.local/lib/python3.11/site-packages/airflow/example_dags/example_trigger_controller_dag.py for tasks to queue
[2024-03-06T13:47:14.601+0000] {logging_mixin.py:188} INFO - [2024-03-06T13:47:14.600+0000] {dagbag.py:540} INFO - Filling up the DagBag from /home/airflow/.local/lib/python3.11/site-packages/airflow/example_dags/example_trigger_controller_dag.py
[2024-03-06T13:47:14.608+0000] {processor.py:840} INFO - DAG(s) 'example_trigger_controller_dag' retrieved from /home/airflow/.local/lib/python3.11/site-packages/airflow/example_dags/example_trigger_controller_dag.py
[2024-03-06T13:47:14.637+0000] {logging_mixin.py:188} INFO - [2024-03-06T13:47:14.637+0000] {dag.py:3047} INFO - Sync 1 DAGs
[2024-03-06T13:47:14.670+0000] {logging_mixin.py:188} INFO - [2024-03-06T13:47:14.669+0000] {dag.py:3834} INFO - Setting next_dagrun for example_trigger_controller_dag to 2021-01-01 00:00:00+00:00, run_after=2021-01-01 00:00:00+00:00
[2024-03-06T13:47:14.710+0000] {processor.py:183} INFO - Processing /home/airflow/.local/lib/python3.11/site-packages/airflow/example_dags/example_trigger_controller_dag.py took 0.125 seconds
[2024-03-06T13:47:44.934+0000] {processor.py:161} INFO - Started process (PID=1844) to work on /home/airflow/.local/lib/python3.11/site-packages/airflow/example_dags/example_trigger_controller_dag.py
[2024-03-06T13:47:44.969+0000] {processor.py:830} INFO - Processing file /home/airflow/.local/lib/python3.11/site-packages/airflow/example_dags/example_trigger_controller_dag.py for tasks to queue
[2024-03-06T13:47:44.979+0000] {logging_mixin.py:188} INFO - [2024-03-06T13:47:44.976+0000] {dagbag.py:540} INFO - Filling up the DagBag from /home/airflow/.local/lib/python3.11/site-packages/airflow/example_dags/example_trigger_controller_dag.py
[2024-03-06T13:47:45.007+0000] {processor.py:840} INFO - DAG(s) 'example_trigger_controller_dag' retrieved from /home/airflow/.local/lib/python3.11/site-packages/airflow/example_dags/example_trigger_controller_dag.py
[2024-03-06T13:47:45.079+0000] {logging_mixin.py:188} INFO - [2024-03-06T13:47:45.079+0000] {dag.py:3047} INFO - Sync 1 DAGs
[2024-03-06T13:47:45.152+0000] {logging_mixin.py:188} INFO - [2024-03-06T13:47:45.151+0000] {dag.py:3834} INFO - Setting next_dagrun for example_trigger_controller_dag to 2021-01-01 00:00:00+00:00, run_after=2021-01-01 00:00:00+00:00
[2024-03-06T13:47:45.188+0000] {processor.py:183} INFO - Processing /home/airflow/.local/lib/python3.11/site-packages/airflow/example_dags/example_trigger_controller_dag.py took 0.262 seconds
[2024-03-06T13:48:15.271+0000] {processor.py:161} INFO - Started process (PID=2091) to work on /home/airflow/.local/lib/python3.11/site-packages/airflow/example_dags/example_trigger_controller_dag.py
[2024-03-06T13:48:15.272+0000] {processor.py:830} INFO - Processing file /home/airflow/.local/lib/python3.11/site-packages/airflow/example_dags/example_trigger_controller_dag.py for tasks to queue
[2024-03-06T13:48:15.274+0000] {logging_mixin.py:188} INFO - [2024-03-06T13:48:15.273+0000] {dagbag.py:540} INFO - Filling up the DagBag from /home/airflow/.local/lib/python3.11/site-packages/airflow/example_dags/example_trigger_controller_dag.py
[2024-03-06T13:48:15.280+0000] {processor.py:840} INFO - DAG(s) 'example_trigger_controller_dag' retrieved from /home/airflow/.local/lib/python3.11/site-packages/airflow/example_dags/example_trigger_controller_dag.py
[2024-03-06T13:48:15.302+0000] {logging_mixin.py:188} INFO - [2024-03-06T13:48:15.302+0000] {dag.py:3047} INFO - Sync 1 DAGs
[2024-03-06T13:48:15.329+0000] {logging_mixin.py:188} INFO - [2024-03-06T13:48:15.328+0000] {dag.py:3834} INFO - Setting next_dagrun for example_trigger_controller_dag to 2021-01-01 00:00:00+00:00, run_after=2021-01-01 00:00:00+00:00
[2024-03-06T13:48:15.349+0000] {processor.py:183} INFO - Processing /home/airflow/.local/lib/python3.11/site-packages/airflow/example_dags/example_trigger_controller_dag.py took 0.082 seconds
[2024-03-06T13:48:46.443+0000] {processor.py:161} INFO - Started process (PID=2337) to work on /home/airflow/.local/lib/python3.11/site-packages/airflow/example_dags/example_trigger_controller_dag.py
[2024-03-06T13:48:46.445+0000] {processor.py:830} INFO - Processing file /home/airflow/.local/lib/python3.11/site-packages/airflow/example_dags/example_trigger_controller_dag.py for tasks to queue
[2024-03-06T13:48:46.447+0000] {logging_mixin.py:188} INFO - [2024-03-06T13:48:46.447+0000] {dagbag.py:540} INFO - Filling up the DagBag from /home/airflow/.local/lib/python3.11/site-packages/airflow/example_dags/example_trigger_controller_dag.py
[2024-03-06T13:48:46.459+0000] {processor.py:840} INFO - DAG(s) 'example_trigger_controller_dag' retrieved from /home/airflow/.local/lib/python3.11/site-packages/airflow/example_dags/example_trigger_controller_dag.py
[2024-03-06T13:48:46.492+0000] {logging_mixin.py:188} INFO - [2024-03-06T13:48:46.492+0000] {dag.py:3047} INFO - Sync 1 DAGs
[2024-03-06T13:48:46.523+0000] {logging_mixin.py:188} INFO - [2024-03-06T13:48:46.523+0000] {dag.py:3834} INFO - Setting next_dagrun for example_trigger_controller_dag to 2021-01-01 00:00:00+00:00, run_after=2021-01-01 00:00:00+00:00
[2024-03-06T13:48:46.562+0000] {processor.py:183} INFO - Processing /home/airflow/.local/lib/python3.11/site-packages/airflow/example_dags/example_trigger_controller_dag.py took 0.123 seconds
[2024-03-06T13:49:16.878+0000] {processor.py:161} INFO - Started process (PID=2584) to work on /home/airflow/.local/lib/python3.11/site-packages/airflow/example_dags/example_trigger_controller_dag.py
[2024-03-06T13:49:16.880+0000] {processor.py:830} INFO - Processing file /home/airflow/.local/lib/python3.11/site-packages/airflow/example_dags/example_trigger_controller_dag.py for tasks to queue
[2024-03-06T13:49:16.881+0000] {logging_mixin.py:188} INFO - [2024-03-06T13:49:16.881+0000] {dagbag.py:540} INFO - Filling up the DagBag from /home/airflow/.local/lib/python3.11/site-packages/airflow/example_dags/example_trigger_controller_dag.py
[2024-03-06T13:49:16.890+0000] {processor.py:840} INFO - DAG(s) 'example_trigger_controller_dag' retrieved from /home/airflow/.local/lib/python3.11/site-packages/airflow/example_dags/example_trigger_controller_dag.py
[2024-03-06T13:49:16.914+0000] {logging_mixin.py:188} INFO - [2024-03-06T13:49:16.914+0000] {dag.py:3047} INFO - Sync 1 DAGs
[2024-03-06T13:49:16.937+0000] {logging_mixin.py:188} INFO - [2024-03-06T13:49:16.937+0000] {dag.py:3834} INFO - Setting next_dagrun for example_trigger_controller_dag to 2021-01-01 00:00:00+00:00, run_after=2021-01-01 00:00:00+00:00
[2024-03-06T13:49:16.958+0000] {processor.py:183} INFO - Processing /home/airflow/.local/lib/python3.11/site-packages/airflow/example_dags/example_trigger_controller_dag.py took 0.085 seconds
[2024-03-06T13:49:47.904+0000] {processor.py:161} INFO - Started process (PID=2831) to work on /home/airflow/.local/lib/python3.11/site-packages/airflow/example_dags/example_trigger_controller_dag.py
[2024-03-06T13:49:47.905+0000] {processor.py:830} INFO - Processing file /home/airflow/.local/lib/python3.11/site-packages/airflow/example_dags/example_trigger_controller_dag.py for tasks to queue
[2024-03-06T13:49:47.906+0000] {logging_mixin.py:188} INFO - [2024-03-06T13:49:47.906+0000] {dagbag.py:540} INFO - Filling up the DagBag from /home/airflow/.local/lib/python3.11/site-packages/airflow/example_dags/example_trigger_controller_dag.py
[2024-03-06T13:49:47.914+0000] {processor.py:840} INFO - DAG(s) 'example_trigger_controller_dag' retrieved from /home/airflow/.local/lib/python3.11/site-packages/airflow/example_dags/example_trigger_controller_dag.py
[2024-03-06T13:49:47.943+0000] {logging_mixin.py:188} INFO - [2024-03-06T13:49:47.943+0000] {dag.py:3047} INFO - Sync 1 DAGs
[2024-03-06T13:49:47.964+0000] {logging_mixin.py:188} INFO - [2024-03-06T13:49:47.964+0000] {dag.py:3834} INFO - Setting next_dagrun for example_trigger_controller_dag to 2021-01-01 00:00:00+00:00, run_after=2021-01-01 00:00:00+00:00
[2024-03-06T13:49:47.983+0000] {processor.py:183} INFO - Processing /home/airflow/.local/lib/python3.11/site-packages/airflow/example_dags/example_trigger_controller_dag.py took 0.082 seconds
[2024-03-06T13:50:18.637+0000] {processor.py:161} INFO - Started process (PID=3078) to work on /home/airflow/.local/lib/python3.11/site-packages/airflow/example_dags/example_trigger_controller_dag.py
[2024-03-06T13:50:18.638+0000] {processor.py:830} INFO - Processing file /home/airflow/.local/lib/python3.11/site-packages/airflow/example_dags/example_trigger_controller_dag.py for tasks to queue
[2024-03-06T13:50:18.639+0000] {logging_mixin.py:188} INFO - [2024-03-06T13:50:18.638+0000] {dagbag.py:540} INFO - Filling up the DagBag from /home/airflow/.local/lib/python3.11/site-packages/airflow/example_dags/example_trigger_controller_dag.py
[2024-03-06T13:50:18.644+0000] {processor.py:840} INFO - DAG(s) 'example_trigger_controller_dag' retrieved from /home/airflow/.local/lib/python3.11/site-packages/airflow/example_dags/example_trigger_controller_dag.py
[2024-03-06T13:50:18.667+0000] {logging_mixin.py:188} INFO - [2024-03-06T13:50:18.667+0000] {dag.py:3047} INFO - Sync 1 DAGs
[2024-03-06T13:50:18.696+0000] {logging_mixin.py:188} INFO - [2024-03-06T13:50:18.695+0000] {dag.py:3834} INFO - Setting next_dagrun for example_trigger_controller_dag to 2021-01-01 00:00:00+00:00, run_after=2021-01-01 00:00:00+00:00
[2024-03-06T13:50:18.718+0000] {processor.py:183} INFO - Processing /home/airflow/.local/lib/python3.11/site-packages/airflow/example_dags/example_trigger_controller_dag.py took 0.086 seconds
[2024-03-06T13:50:49.072+0000] {processor.py:161} INFO - Started process (PID=3325) to work on /home/airflow/.local/lib/python3.11/site-packages/airflow/example_dags/example_trigger_controller_dag.py
[2024-03-06T13:50:49.073+0000] {processor.py:830} INFO - Processing file /home/airflow/.local/lib/python3.11/site-packages/airflow/example_dags/example_trigger_controller_dag.py for tasks to queue
[2024-03-06T13:50:49.074+0000] {logging_mixin.py:188} INFO - [2024-03-06T13:50:49.074+0000] {dagbag.py:540} INFO - Filling up the DagBag from /home/airflow/.local/lib/python3.11/site-packages/airflow/example_dags/example_trigger_controller_dag.py
[2024-03-06T13:50:49.080+0000] {processor.py:840} INFO - DAG(s) 'example_trigger_controller_dag' retrieved from /home/airflow/.local/lib/python3.11/site-packages/airflow/example_dags/example_trigger_controller_dag.py
[2024-03-06T13:50:49.101+0000] {logging_mixin.py:188} INFO - [2024-03-06T13:50:49.100+0000] {dag.py:3047} INFO - Sync 1 DAGs
[2024-03-06T13:50:49.122+0000] {logging_mixin.py:188} INFO - [2024-03-06T13:50:49.122+0000] {dag.py:3834} INFO - Setting next_dagrun for example_trigger_controller_dag to 2021-01-01 00:00:00+00:00, run_after=2021-01-01 00:00:00+00:00
[2024-03-06T13:50:49.140+0000] {processor.py:183} INFO - Processing /home/airflow/.local/lib/python3.11/site-packages/airflow/example_dags/example_trigger_controller_dag.py took 0.072 seconds
[2024-03-06T13:51:19.609+0000] {processor.py:161} INFO - Started process (PID=3572) to work on /home/airflow/.local/lib/python3.11/site-packages/airflow/example_dags/example_trigger_controller_dag.py
[2024-03-06T13:51:19.610+0000] {processor.py:830} INFO - Processing file /home/airflow/.local/lib/python3.11/site-packages/airflow/example_dags/example_trigger_controller_dag.py for tasks to queue
[2024-03-06T13:51:19.611+0000] {logging_mixin.py:188} INFO - [2024-03-06T13:51:19.611+0000] {dagbag.py:540} INFO - Filling up the DagBag from /home/airflow/.local/lib/python3.11/site-packages/airflow/example_dags/example_trigger_controller_dag.py
[2024-03-06T13:51:19.617+0000] {processor.py:840} INFO - DAG(s) 'example_trigger_controller_dag' retrieved from /home/airflow/.local/lib/python3.11/site-packages/airflow/example_dags/example_trigger_controller_dag.py
[2024-03-06T13:51:19.640+0000] {logging_mixin.py:188} INFO - [2024-03-06T13:51:19.640+0000] {dag.py:3047} INFO - Sync 1 DAGs
[2024-03-06T13:51:19.663+0000] {logging_mixin.py:188} INFO - [2024-03-06T13:51:19.663+0000] {dag.py:3834} INFO - Setting next_dagrun for example_trigger_controller_dag to 2021-01-01 00:00:00+00:00, run_after=2021-01-01 00:00:00+00:00
[2024-03-06T13:51:19.680+0000] {processor.py:183} INFO - Processing /home/airflow/.local/lib/python3.11/site-packages/airflow/example_dags/example_trigger_controller_dag.py took 0.074 seconds
[2024-03-06T13:51:50.048+0000] {processor.py:161} INFO - Started process (PID=3819) to work on /home/airflow/.local/lib/python3.11/site-packages/airflow/example_dags/example_trigger_controller_dag.py
[2024-03-06T13:51:50.050+0000] {processor.py:830} INFO - Processing file /home/airflow/.local/lib/python3.11/site-packages/airflow/example_dags/example_trigger_controller_dag.py for tasks to queue
[2024-03-06T13:51:50.051+0000] {logging_mixin.py:188} INFO - [2024-03-06T13:51:50.051+0000] {dagbag.py:540} INFO - Filling up the DagBag from /home/airflow/.local/lib/python3.11/site-packages/airflow/example_dags/example_trigger_controller_dag.py
[2024-03-06T13:51:50.056+0000] {processor.py:840} INFO - DAG(s) 'example_trigger_controller_dag' retrieved from /home/airflow/.local/lib/python3.11/site-packages/airflow/example_dags/example_trigger_controller_dag.py
[2024-03-06T13:51:50.079+0000] {logging_mixin.py:188} INFO - [2024-03-06T13:51:50.078+0000] {dag.py:3047} INFO - Sync 1 DAGs
[2024-03-06T13:51:50.101+0000] {logging_mixin.py:188} INFO - [2024-03-06T13:51:50.100+0000] {dag.py:3834} INFO - Setting next_dagrun for example_trigger_controller_dag to 2021-01-01 00:00:00+00:00, run_after=2021-01-01 00:00:00+00:00
[2024-03-06T13:51:50.119+0000] {processor.py:183} INFO - Processing /home/airflow/.local/lib/python3.11/site-packages/airflow/example_dags/example_trigger_controller_dag.py took 0.075 seconds
[2024-03-06T13:52:20.573+0000] {processor.py:161} INFO - Started process (PID=4066) to work on /home/airflow/.local/lib/python3.11/site-packages/airflow/example_dags/example_trigger_controller_dag.py
[2024-03-06T13:52:20.574+0000] {processor.py:830} INFO - Processing file /home/airflow/.local/lib/python3.11/site-packages/airflow/example_dags/example_trigger_controller_dag.py for tasks to queue
[2024-03-06T13:52:20.576+0000] {logging_mixin.py:188} INFO - [2024-03-06T13:52:20.576+0000] {dagbag.py:540} INFO - Filling up the DagBag from /home/airflow/.local/lib/python3.11/site-packages/airflow/example_dags/example_trigger_controller_dag.py
[2024-03-06T13:52:20.581+0000] {processor.py:840} INFO - DAG(s) 'example_trigger_controller_dag' retrieved from /home/airflow/.local/lib/python3.11/site-packages/airflow/example_dags/example_trigger_controller_dag.py
[2024-03-06T13:52:20.602+0000] {logging_mixin.py:188} INFO - [2024-03-06T13:52:20.602+0000] {dag.py:3047} INFO - Sync 1 DAGs
[2024-03-06T13:52:20.622+0000] {logging_mixin.py:188} INFO - [2024-03-06T13:52:20.622+0000] {dag.py:3834} INFO - Setting next_dagrun for example_trigger_controller_dag to 2021-01-01 00:00:00+00:00, run_after=2021-01-01 00:00:00+00:00
[2024-03-06T13:52:20.641+0000] {processor.py:183} INFO - Processing /home/airflow/.local/lib/python3.11/site-packages/airflow/example_dags/example_trigger_controller_dag.py took 0.071 seconds
[2024-03-06T13:52:51.077+0000] {processor.py:161} INFO - Started process (PID=4313) to work on /home/airflow/.local/lib/python3.11/site-packages/airflow/example_dags/example_trigger_controller_dag.py
[2024-03-06T13:52:51.078+0000] {processor.py:830} INFO - Processing file /home/airflow/.local/lib/python3.11/site-packages/airflow/example_dags/example_trigger_controller_dag.py for tasks to queue
[2024-03-06T13:52:51.080+0000] {logging_mixin.py:188} INFO - [2024-03-06T13:52:51.079+0000] {dagbag.py:540} INFO - Filling up the DagBag from /home/airflow/.local/lib/python3.11/site-packages/airflow/example_dags/example_trigger_controller_dag.py
[2024-03-06T13:52:51.088+0000] {processor.py:840} INFO - DAG(s) 'example_trigger_controller_dag' retrieved from /home/airflow/.local/lib/python3.11/site-packages/airflow/example_dags/example_trigger_controller_dag.py
[2024-03-06T13:52:51.121+0000] {logging_mixin.py:188} INFO - [2024-03-06T13:52:51.120+0000] {dag.py:3047} INFO - Sync 1 DAGs
[2024-03-06T13:52:51.150+0000] {logging_mixin.py:188} INFO - [2024-03-06T13:52:51.150+0000] {dag.py:3834} INFO - Setting next_dagrun for example_trigger_controller_dag to 2021-01-01 00:00:00+00:00, run_after=2021-01-01 00:00:00+00:00
[2024-03-06T13:52:51.170+0000] {processor.py:183} INFO - Processing /home/airflow/.local/lib/python3.11/site-packages/airflow/example_dags/example_trigger_controller_dag.py took 0.096 seconds
[2024-03-06T13:53:22.904+0000] {processor.py:161} INFO - Started process (PID=4559) to work on /home/airflow/.local/lib/python3.11/site-packages/airflow/example_dags/example_trigger_controller_dag.py
[2024-03-06T13:53:22.905+0000] {processor.py:830} INFO - Processing file /home/airflow/.local/lib/python3.11/site-packages/airflow/example_dags/example_trigger_controller_dag.py for tasks to queue
[2024-03-06T13:53:22.907+0000] {logging_mixin.py:188} INFO - [2024-03-06T13:53:22.906+0000] {dagbag.py:540} INFO - Filling up the DagBag from /home/airflow/.local/lib/python3.11/site-packages/airflow/example_dags/example_trigger_controller_dag.py
[2024-03-06T13:53:22.912+0000] {processor.py:840} INFO - DAG(s) 'example_trigger_controller_dag' retrieved from /home/airflow/.local/lib/python3.11/site-packages/airflow/example_dags/example_trigger_controller_dag.py
[2024-03-06T13:53:22.937+0000] {logging_mixin.py:188} INFO - [2024-03-06T13:53:22.937+0000] {dag.py:3047} INFO - Sync 1 DAGs
[2024-03-06T13:53:22.960+0000] {logging_mixin.py:188} INFO - [2024-03-06T13:53:22.960+0000] {dag.py:3834} INFO - Setting next_dagrun for example_trigger_controller_dag to 2021-01-01 00:00:00+00:00, run_after=2021-01-01 00:00:00+00:00
[2024-03-06T13:53:22.978+0000] {processor.py:183} INFO - Processing /home/airflow/.local/lib/python3.11/site-packages/airflow/example_dags/example_trigger_controller_dag.py took 0.078 seconds
[2024-03-06T13:53:53.864+0000] {processor.py:161} INFO - Started process (PID=4806) to work on /home/airflow/.local/lib/python3.11/site-packages/airflow/example_dags/example_trigger_controller_dag.py
[2024-03-06T13:53:53.866+0000] {processor.py:830} INFO - Processing file /home/airflow/.local/lib/python3.11/site-packages/airflow/example_dags/example_trigger_controller_dag.py for tasks to queue
[2024-03-06T13:53:53.867+0000] {logging_mixin.py:188} INFO - [2024-03-06T13:53:53.867+0000] {dagbag.py:540} INFO - Filling up the DagBag from /home/airflow/.local/lib/python3.11/site-packages/airflow/example_dags/example_trigger_controller_dag.py
[2024-03-06T13:53:53.875+0000] {processor.py:840} INFO - DAG(s) 'example_trigger_controller_dag' retrieved from /home/airflow/.local/lib/python3.11/site-packages/airflow/example_dags/example_trigger_controller_dag.py
[2024-03-06T13:53:53.901+0000] {logging_mixin.py:188} INFO - [2024-03-06T13:53:53.901+0000] {dag.py:3047} INFO - Sync 1 DAGs
[2024-03-06T13:53:53.935+0000] {logging_mixin.py:188} INFO - [2024-03-06T13:53:53.934+0000] {dag.py:3834} INFO - Setting next_dagrun for example_trigger_controller_dag to 2021-01-01 00:00:00+00:00, run_after=2021-01-01 00:00:00+00:00
[2024-03-06T13:53:53.960+0000] {processor.py:183} INFO - Processing /home/airflow/.local/lib/python3.11/site-packages/airflow/example_dags/example_trigger_controller_dag.py took 0.100 seconds
[2024-03-06T13:54:24.487+0000] {processor.py:161} INFO - Started process (PID=5059) to work on /home/airflow/.local/lib/python3.11/site-packages/airflow/example_dags/example_trigger_controller_dag.py
[2024-03-06T13:54:24.488+0000] {processor.py:830} INFO - Processing file /home/airflow/.local/lib/python3.11/site-packages/airflow/example_dags/example_trigger_controller_dag.py for tasks to queue
[2024-03-06T13:54:24.489+0000] {logging_mixin.py:188} INFO - [2024-03-06T13:54:24.489+0000] {dagbag.py:540} INFO - Filling up the DagBag from /home/airflow/.local/lib/python3.11/site-packages/airflow/example_dags/example_trigger_controller_dag.py
[2024-03-06T13:54:24.495+0000] {processor.py:840} INFO - DAG(s) 'example_trigger_controller_dag' retrieved from /home/airflow/.local/lib/python3.11/site-packages/airflow/example_dags/example_trigger_controller_dag.py
[2024-03-06T13:54:24.519+0000] {logging_mixin.py:188} INFO - [2024-03-06T13:54:24.519+0000] {dag.py:3047} INFO - Sync 1 DAGs
[2024-03-06T13:54:24.544+0000] {logging_mixin.py:188} INFO - [2024-03-06T13:54:24.544+0000] {dag.py:3834} INFO - Setting next_dagrun for example_trigger_controller_dag to 2021-01-01 00:00:00+00:00, run_after=2021-01-01 00:00:00+00:00
[2024-03-06T13:54:24.564+0000] {processor.py:183} INFO - Processing /home/airflow/.local/lib/python3.11/site-packages/airflow/example_dags/example_trigger_controller_dag.py took 0.081 seconds
[2024-03-06T13:54:55.264+0000] {processor.py:161} INFO - Started process (PID=5306) to work on /home/airflow/.local/lib/python3.11/site-packages/airflow/example_dags/example_trigger_controller_dag.py
[2024-03-06T13:54:55.265+0000] {processor.py:830} INFO - Processing file /home/airflow/.local/lib/python3.11/site-packages/airflow/example_dags/example_trigger_controller_dag.py for tasks to queue
[2024-03-06T13:54:55.266+0000] {logging_mixin.py:188} INFO - [2024-03-06T13:54:55.266+0000] {dagbag.py:540} INFO - Filling up the DagBag from /home/airflow/.local/lib/python3.11/site-packages/airflow/example_dags/example_trigger_controller_dag.py
[2024-03-06T13:54:55.271+0000] {processor.py:840} INFO - DAG(s) 'example_trigger_controller_dag' retrieved from /home/airflow/.local/lib/python3.11/site-packages/airflow/example_dags/example_trigger_controller_dag.py
[2024-03-06T13:54:55.291+0000] {logging_mixin.py:188} INFO - [2024-03-06T13:54:55.291+0000] {dag.py:3047} INFO - Sync 1 DAGs
[2024-03-06T13:54:55.312+0000] {logging_mixin.py:188} INFO - [2024-03-06T13:54:55.311+0000] {dag.py:3834} INFO - Setting next_dagrun for example_trigger_controller_dag to 2021-01-01 00:00:00+00:00, run_after=2021-01-01 00:00:00+00:00
[2024-03-06T13:54:55.328+0000] {processor.py:183} INFO - Processing /home/airflow/.local/lib/python3.11/site-packages/airflow/example_dags/example_trigger_controller_dag.py took 0.067 seconds
[2024-03-06T13:55:26.134+0000] {processor.py:161} INFO - Started process (PID=5553) to work on /home/airflow/.local/lib/python3.11/site-packages/airflow/example_dags/example_trigger_controller_dag.py
[2024-03-06T13:55:26.136+0000] {processor.py:830} INFO - Processing file /home/airflow/.local/lib/python3.11/site-packages/airflow/example_dags/example_trigger_controller_dag.py for tasks to queue
[2024-03-06T13:55:26.139+0000] {logging_mixin.py:188} INFO - [2024-03-06T13:55:26.138+0000] {dagbag.py:540} INFO - Filling up the DagBag from /home/airflow/.local/lib/python3.11/site-packages/airflow/example_dags/example_trigger_controller_dag.py
[2024-03-06T13:55:26.148+0000] {processor.py:840} INFO - DAG(s) 'example_trigger_controller_dag' retrieved from /home/airflow/.local/lib/python3.11/site-packages/airflow/example_dags/example_trigger_controller_dag.py
[2024-03-06T13:55:26.195+0000] {logging_mixin.py:188} INFO - [2024-03-06T13:55:26.194+0000] {dag.py:3047} INFO - Sync 1 DAGs
[2024-03-06T13:55:26.230+0000] {logging_mixin.py:188} INFO - [2024-03-06T13:55:26.230+0000] {dag.py:3834} INFO - Setting next_dagrun for example_trigger_controller_dag to 2021-01-01 00:00:00+00:00, run_after=2021-01-01 00:00:00+00:00
[2024-03-06T13:55:26.279+0000] {processor.py:183} INFO - Processing /home/airflow/.local/lib/python3.11/site-packages/airflow/example_dags/example_trigger_controller_dag.py took 0.150 seconds
[2024-03-06T13:55:57.027+0000] {processor.py:161} INFO - Started process (PID=5799) to work on /home/airflow/.local/lib/python3.11/site-packages/airflow/example_dags/example_trigger_controller_dag.py
[2024-03-06T13:55:57.029+0000] {processor.py:830} INFO - Processing file /home/airflow/.local/lib/python3.11/site-packages/airflow/example_dags/example_trigger_controller_dag.py for tasks to queue
[2024-03-06T13:55:57.030+0000] {logging_mixin.py:188} INFO - [2024-03-06T13:55:57.030+0000] {dagbag.py:540} INFO - Filling up the DagBag from /home/airflow/.local/lib/python3.11/site-packages/airflow/example_dags/example_trigger_controller_dag.py
[2024-03-06T13:55:57.038+0000] {processor.py:840} INFO - DAG(s) 'example_trigger_controller_dag' retrieved from /home/airflow/.local/lib/python3.11/site-packages/airflow/example_dags/example_trigger_controller_dag.py
[2024-03-06T13:55:57.072+0000] {logging_mixin.py:188} INFO - [2024-03-06T13:55:57.072+0000] {dag.py:3047} INFO - Sync 1 DAGs
[2024-03-06T13:55:57.109+0000] {logging_mixin.py:188} INFO - [2024-03-06T13:55:57.108+0000] {dag.py:3834} INFO - Setting next_dagrun for example_trigger_controller_dag to 2021-01-01 00:00:00+00:00, run_after=2021-01-01 00:00:00+00:00
[2024-03-06T13:55:57.140+0000] {processor.py:183} INFO - Processing /home/airflow/.local/lib/python3.11/site-packages/airflow/example_dags/example_trigger_controller_dag.py took 0.116 seconds
[2024-03-06T13:56:27.785+0000] {processor.py:161} INFO - Started process (PID=6045) to work on /home/airflow/.local/lib/python3.11/site-packages/airflow/example_dags/example_trigger_controller_dag.py
[2024-03-06T13:56:27.788+0000] {processor.py:830} INFO - Processing file /home/airflow/.local/lib/python3.11/site-packages/airflow/example_dags/example_trigger_controller_dag.py for tasks to queue
[2024-03-06T13:56:27.791+0000] {logging_mixin.py:188} INFO - [2024-03-06T13:56:27.790+0000] {dagbag.py:540} INFO - Filling up the DagBag from /home/airflow/.local/lib/python3.11/site-packages/airflow/example_dags/example_trigger_controller_dag.py
[2024-03-06T13:56:27.805+0000] {processor.py:840} INFO - DAG(s) 'example_trigger_controller_dag' retrieved from /home/airflow/.local/lib/python3.11/site-packages/airflow/example_dags/example_trigger_controller_dag.py
[2024-03-06T13:56:27.868+0000] {logging_mixin.py:188} INFO - [2024-03-06T13:56:27.867+0000] {dag.py:3047} INFO - Sync 1 DAGs
[2024-03-06T13:56:27.913+0000] {logging_mixin.py:188} INFO - [2024-03-06T13:56:27.912+0000] {dag.py:3834} INFO - Setting next_dagrun for example_trigger_controller_dag to 2021-01-01 00:00:00+00:00, run_after=2021-01-01 00:00:00+00:00
[2024-03-06T13:56:27.958+0000] {processor.py:183} INFO - Processing /home/airflow/.local/lib/python3.11/site-packages/airflow/example_dags/example_trigger_controller_dag.py took 0.178 seconds
[2024-03-06T13:56:58.286+0000] {processor.py:161} INFO - Started process (PID=6294) to work on /home/airflow/.local/lib/python3.11/site-packages/airflow/example_dags/example_trigger_controller_dag.py
[2024-03-06T13:56:58.288+0000] {processor.py:830} INFO - Processing file /home/airflow/.local/lib/python3.11/site-packages/airflow/example_dags/example_trigger_controller_dag.py for tasks to queue
[2024-03-06T13:56:58.289+0000] {logging_mixin.py:188} INFO - [2024-03-06T13:56:58.289+0000] {dagbag.py:540} INFO - Filling up the DagBag from /home/airflow/.local/lib/python3.11/site-packages/airflow/example_dags/example_trigger_controller_dag.py
[2024-03-06T13:56:58.299+0000] {processor.py:840} INFO - DAG(s) 'example_trigger_controller_dag' retrieved from /home/airflow/.local/lib/python3.11/site-packages/airflow/example_dags/example_trigger_controller_dag.py
[2024-03-06T13:56:58.365+0000] {logging_mixin.py:188} INFO - [2024-03-06T13:56:58.362+0000] {dag.py:3047} INFO - Sync 1 DAGs
[2024-03-06T13:56:58.435+0000] {logging_mixin.py:188} INFO - [2024-03-06T13:56:58.434+0000] {dag.py:3834} INFO - Setting next_dagrun for example_trigger_controller_dag to 2021-01-01 00:00:00+00:00, run_after=2021-01-01 00:00:00+00:00
[2024-03-06T13:56:58.483+0000] {processor.py:183} INFO - Processing /home/airflow/.local/lib/python3.11/site-packages/airflow/example_dags/example_trigger_controller_dag.py took 0.202 seconds
[2024-03-06T13:57:28.740+0000] {processor.py:161} INFO - Started process (PID=6539) to work on /home/airflow/.local/lib/python3.11/site-packages/airflow/example_dags/example_trigger_controller_dag.py
[2024-03-06T13:57:28.741+0000] {processor.py:830} INFO - Processing file /home/airflow/.local/lib/python3.11/site-packages/airflow/example_dags/example_trigger_controller_dag.py for tasks to queue
[2024-03-06T13:57:28.742+0000] {logging_mixin.py:188} INFO - [2024-03-06T13:57:28.742+0000] {dagbag.py:540} INFO - Filling up the DagBag from /home/airflow/.local/lib/python3.11/site-packages/airflow/example_dags/example_trigger_controller_dag.py
[2024-03-06T13:57:28.749+0000] {processor.py:840} INFO - DAG(s) 'example_trigger_controller_dag' retrieved from /home/airflow/.local/lib/python3.11/site-packages/airflow/example_dags/example_trigger_controller_dag.py
[2024-03-06T13:57:28.773+0000] {logging_mixin.py:188} INFO - [2024-03-06T13:57:28.772+0000] {dag.py:3047} INFO - Sync 1 DAGs
[2024-03-06T13:57:28.826+0000] {logging_mixin.py:188} INFO - [2024-03-06T13:57:28.825+0000] {dag.py:3834} INFO - Setting next_dagrun for example_trigger_controller_dag to 2021-01-01 00:00:00+00:00, run_after=2021-01-01 00:00:00+00:00
[2024-03-06T13:57:28.870+0000] {processor.py:183} INFO - Processing /home/airflow/.local/lib/python3.11/site-packages/airflow/example_dags/example_trigger_controller_dag.py took 0.134 seconds
[2024-03-06T13:57:59.080+0000] {processor.py:161} INFO - Started process (PID=6785) to work on /home/airflow/.local/lib/python3.11/site-packages/airflow/example_dags/example_trigger_controller_dag.py
[2024-03-06T13:57:59.082+0000] {processor.py:830} INFO - Processing file /home/airflow/.local/lib/python3.11/site-packages/airflow/example_dags/example_trigger_controller_dag.py for tasks to queue
[2024-03-06T13:57:59.084+0000] {logging_mixin.py:188} INFO - [2024-03-06T13:57:59.083+0000] {dagbag.py:540} INFO - Filling up the DagBag from /home/airflow/.local/lib/python3.11/site-packages/airflow/example_dags/example_trigger_controller_dag.py
[2024-03-06T13:57:59.092+0000] {processor.py:840} INFO - DAG(s) 'example_trigger_controller_dag' retrieved from /home/airflow/.local/lib/python3.11/site-packages/airflow/example_dags/example_trigger_controller_dag.py
[2024-03-06T13:57:59.120+0000] {logging_mixin.py:188} INFO - [2024-03-06T13:57:59.120+0000] {dag.py:3047} INFO - Sync 1 DAGs
[2024-03-06T13:57:59.150+0000] {logging_mixin.py:188} INFO - [2024-03-06T13:57:59.150+0000] {dag.py:3834} INFO - Setting next_dagrun for example_trigger_controller_dag to 2021-01-01 00:00:00+00:00, run_after=2021-01-01 00:00:00+00:00
[2024-03-06T13:57:59.173+0000] {processor.py:183} INFO - Processing /home/airflow/.local/lib/python3.11/site-packages/airflow/example_dags/example_trigger_controller_dag.py took 0.098 seconds
[2024-03-06T13:58:29.599+0000] {processor.py:161} INFO - Started process (PID=7031) to work on /home/airflow/.local/lib/python3.11/site-packages/airflow/example_dags/example_trigger_controller_dag.py
[2024-03-06T13:58:29.602+0000] {processor.py:830} INFO - Processing file /home/airflow/.local/lib/python3.11/site-packages/airflow/example_dags/example_trigger_controller_dag.py for tasks to queue
[2024-03-06T13:58:29.604+0000] {logging_mixin.py:188} INFO - [2024-03-06T13:58:29.603+0000] {dagbag.py:540} INFO - Filling up the DagBag from /home/airflow/.local/lib/python3.11/site-packages/airflow/example_dags/example_trigger_controller_dag.py
[2024-03-06T13:58:29.613+0000] {processor.py:840} INFO - DAG(s) 'example_trigger_controller_dag' retrieved from /home/airflow/.local/lib/python3.11/site-packages/airflow/example_dags/example_trigger_controller_dag.py
[2024-03-06T13:58:29.649+0000] {logging_mixin.py:188} INFO - [2024-03-06T13:58:29.648+0000] {dag.py:3047} INFO - Sync 1 DAGs
[2024-03-06T13:58:29.681+0000] {logging_mixin.py:188} INFO - [2024-03-06T13:58:29.681+0000] {dag.py:3834} INFO - Setting next_dagrun for example_trigger_controller_dag to 2021-01-01 00:00:00+00:00, run_after=2021-01-01 00:00:00+00:00
[2024-03-06T13:58:29.710+0000] {processor.py:183} INFO - Processing /home/airflow/.local/lib/python3.11/site-packages/airflow/example_dags/example_trigger_controller_dag.py took 0.116 seconds
[2024-03-06T13:59:00.178+0000] {processor.py:161} INFO - Started process (PID=7278) to work on /home/airflow/.local/lib/python3.11/site-packages/airflow/example_dags/example_trigger_controller_dag.py
[2024-03-06T13:59:00.181+0000] {processor.py:830} INFO - Processing file /home/airflow/.local/lib/python3.11/site-packages/airflow/example_dags/example_trigger_controller_dag.py for tasks to queue
[2024-03-06T13:59:00.183+0000] {logging_mixin.py:188} INFO - [2024-03-06T13:59:00.182+0000] {dagbag.py:540} INFO - Filling up the DagBag from /home/airflow/.local/lib/python3.11/site-packages/airflow/example_dags/example_trigger_controller_dag.py
[2024-03-06T13:59:00.192+0000] {processor.py:840} INFO - DAG(s) 'example_trigger_controller_dag' retrieved from /home/airflow/.local/lib/python3.11/site-packages/airflow/example_dags/example_trigger_controller_dag.py
[2024-03-06T13:59:00.226+0000] {logging_mixin.py:188} INFO - [2024-03-06T13:59:00.225+0000] {dag.py:3047} INFO - Sync 1 DAGs
[2024-03-06T13:59:00.268+0000] {logging_mixin.py:188} INFO - [2024-03-06T13:59:00.268+0000] {dag.py:3834} INFO - Setting next_dagrun for example_trigger_controller_dag to 2021-01-01 00:00:00+00:00, run_after=2021-01-01 00:00:00+00:00
[2024-03-06T13:59:00.311+0000] {processor.py:183} INFO - Processing /home/airflow/.local/lib/python3.11/site-packages/airflow/example_dags/example_trigger_controller_dag.py took 0.138 seconds
[2024-03-06T13:59:30.593+0000] {processor.py:161} INFO - Started process (PID=7525) to work on /home/airflow/.local/lib/python3.11/site-packages/airflow/example_dags/example_trigger_controller_dag.py
[2024-03-06T13:59:30.595+0000] {processor.py:830} INFO - Processing file /home/airflow/.local/lib/python3.11/site-packages/airflow/example_dags/example_trigger_controller_dag.py for tasks to queue
[2024-03-06T13:59:30.596+0000] {logging_mixin.py:188} INFO - [2024-03-06T13:59:30.596+0000] {dagbag.py:540} INFO - Filling up the DagBag from /home/airflow/.local/lib/python3.11/site-packages/airflow/example_dags/example_trigger_controller_dag.py
[2024-03-06T13:59:30.604+0000] {processor.py:840} INFO - DAG(s) 'example_trigger_controller_dag' retrieved from /home/airflow/.local/lib/python3.11/site-packages/airflow/example_dags/example_trigger_controller_dag.py
[2024-03-06T13:59:30.636+0000] {logging_mixin.py:188} INFO - [2024-03-06T13:59:30.635+0000] {dag.py:3047} INFO - Sync 1 DAGs
[2024-03-06T13:59:30.669+0000] {logging_mixin.py:188} INFO - [2024-03-06T13:59:30.668+0000] {dag.py:3834} INFO - Setting next_dagrun for example_trigger_controller_dag to 2021-01-01 00:00:00+00:00, run_after=2021-01-01 00:00:00+00:00
[2024-03-06T13:59:30.705+0000] {processor.py:183} INFO - Processing /home/airflow/.local/lib/python3.11/site-packages/airflow/example_dags/example_trigger_controller_dag.py took 0.116 seconds
[2024-03-06T14:00:01.471+0000] {processor.py:161} INFO - Started process (PID=7771) to work on /home/airflow/.local/lib/python3.11/site-packages/airflow/example_dags/example_trigger_controller_dag.py
[2024-03-06T14:00:01.472+0000] {processor.py:830} INFO - Processing file /home/airflow/.local/lib/python3.11/site-packages/airflow/example_dags/example_trigger_controller_dag.py for tasks to queue
[2024-03-06T14:00:01.474+0000] {logging_mixin.py:188} INFO - [2024-03-06T14:00:01.473+0000] {dagbag.py:540} INFO - Filling up the DagBag from /home/airflow/.local/lib/python3.11/site-packages/airflow/example_dags/example_trigger_controller_dag.py
[2024-03-06T14:00:01.480+0000] {processor.py:840} INFO - DAG(s) 'example_trigger_controller_dag' retrieved from /home/airflow/.local/lib/python3.11/site-packages/airflow/example_dags/example_trigger_controller_dag.py
[2024-03-06T14:00:01.506+0000] {logging_mixin.py:188} INFO - [2024-03-06T14:00:01.506+0000] {dag.py:3047} INFO - Sync 1 DAGs
[2024-03-06T14:00:01.532+0000] {logging_mixin.py:188} INFO - [2024-03-06T14:00:01.532+0000] {dag.py:3834} INFO - Setting next_dagrun for example_trigger_controller_dag to 2021-01-01 00:00:00+00:00, run_after=2021-01-01 00:00:00+00:00
[2024-03-06T14:00:01.555+0000] {processor.py:183} INFO - Processing /home/airflow/.local/lib/python3.11/site-packages/airflow/example_dags/example_trigger_controller_dag.py took 0.089 seconds
[2024-03-06T14:00:31.817+0000] {processor.py:161} INFO - Started process (PID=8018) to work on /home/airflow/.local/lib/python3.11/site-packages/airflow/example_dags/example_trigger_controller_dag.py
[2024-03-06T14:00:31.818+0000] {processor.py:830} INFO - Processing file /home/airflow/.local/lib/python3.11/site-packages/airflow/example_dags/example_trigger_controller_dag.py for tasks to queue
[2024-03-06T14:00:31.820+0000] {logging_mixin.py:188} INFO - [2024-03-06T14:00:31.820+0000] {dagbag.py:540} INFO - Filling up the DagBag from /home/airflow/.local/lib/python3.11/site-packages/airflow/example_dags/example_trigger_controller_dag.py
[2024-03-06T14:00:31.827+0000] {processor.py:840} INFO - DAG(s) 'example_trigger_controller_dag' retrieved from /home/airflow/.local/lib/python3.11/site-packages/airflow/example_dags/example_trigger_controller_dag.py
[2024-03-06T14:00:31.852+0000] {logging_mixin.py:188} INFO - [2024-03-06T14:00:31.852+0000] {dag.py:3047} INFO - Sync 1 DAGs
[2024-03-06T14:00:31.875+0000] {logging_mixin.py:188} INFO - [2024-03-06T14:00:31.875+0000] {dag.py:3834} INFO - Setting next_dagrun for example_trigger_controller_dag to 2021-01-01 00:00:00+00:00, run_after=2021-01-01 00:00:00+00:00
[2024-03-06T14:00:31.895+0000] {processor.py:183} INFO - Processing /home/airflow/.local/lib/python3.11/site-packages/airflow/example_dags/example_trigger_controller_dag.py took 0.082 seconds
[2024-03-06T14:01:02.337+0000] {processor.py:161} INFO - Started process (PID=8264) to work on /home/airflow/.local/lib/python3.11/site-packages/airflow/example_dags/example_trigger_controller_dag.py
[2024-03-06T14:01:02.339+0000] {processor.py:830} INFO - Processing file /home/airflow/.local/lib/python3.11/site-packages/airflow/example_dags/example_trigger_controller_dag.py for tasks to queue
[2024-03-06T14:01:02.341+0000] {logging_mixin.py:188} INFO - [2024-03-06T14:01:02.341+0000] {dagbag.py:540} INFO - Filling up the DagBag from /home/airflow/.local/lib/python3.11/site-packages/airflow/example_dags/example_trigger_controller_dag.py
[2024-03-06T14:01:02.351+0000] {processor.py:840} INFO - DAG(s) 'example_trigger_controller_dag' retrieved from /home/airflow/.local/lib/python3.11/site-packages/airflow/example_dags/example_trigger_controller_dag.py
[2024-03-06T14:01:02.393+0000] {logging_mixin.py:188} INFO - [2024-03-06T14:01:02.392+0000] {dag.py:3047} INFO - Sync 1 DAGs
[2024-03-06T14:01:02.431+0000] {logging_mixin.py:188} INFO - [2024-03-06T14:01:02.431+0000] {dag.py:3834} INFO - Setting next_dagrun for example_trigger_controller_dag to 2021-01-01 00:00:00+00:00, run_after=2021-01-01 00:00:00+00:00
[2024-03-06T14:01:02.493+0000] {processor.py:183} INFO - Processing /home/airflow/.local/lib/python3.11/site-packages/airflow/example_dags/example_trigger_controller_dag.py took 0.162 seconds
[2024-03-06T14:01:32.905+0000] {processor.py:161} INFO - Started process (PID=8511) to work on /home/airflow/.local/lib/python3.11/site-packages/airflow/example_dags/example_trigger_controller_dag.py
[2024-03-06T14:01:32.906+0000] {processor.py:830} INFO - Processing file /home/airflow/.local/lib/python3.11/site-packages/airflow/example_dags/example_trigger_controller_dag.py for tasks to queue
[2024-03-06T14:01:32.911+0000] {logging_mixin.py:188} INFO - [2024-03-06T14:01:32.907+0000] {dagbag.py:540} INFO - Filling up the DagBag from /home/airflow/.local/lib/python3.11/site-packages/airflow/example_dags/example_trigger_controller_dag.py
[2024-03-06T14:01:32.932+0000] {processor.py:840} INFO - DAG(s) 'example_trigger_controller_dag' retrieved from /home/airflow/.local/lib/python3.11/site-packages/airflow/example_dags/example_trigger_controller_dag.py
[2024-03-06T14:01:32.973+0000] {logging_mixin.py:188} INFO - [2024-03-06T14:01:32.972+0000] {dag.py:3047} INFO - Sync 1 DAGs
[2024-03-06T14:01:33.011+0000] {logging_mixin.py:188} INFO - [2024-03-06T14:01:33.011+0000] {dag.py:3834} INFO - Setting next_dagrun for example_trigger_controller_dag to 2021-01-01 00:00:00+00:00, run_after=2021-01-01 00:00:00+00:00
[2024-03-06T14:01:33.038+0000] {processor.py:183} INFO - Processing /home/airflow/.local/lib/python3.11/site-packages/airflow/example_dags/example_trigger_controller_dag.py took 0.138 seconds
[2024-03-06T14:02:03.125+0000] {processor.py:161} INFO - Started process (PID=8760) to work on /home/airflow/.local/lib/python3.11/site-packages/airflow/example_dags/example_trigger_controller_dag.py
[2024-03-06T14:02:03.126+0000] {processor.py:830} INFO - Processing file /home/airflow/.local/lib/python3.11/site-packages/airflow/example_dags/example_trigger_controller_dag.py for tasks to queue
[2024-03-06T14:02:03.128+0000] {logging_mixin.py:188} INFO - [2024-03-06T14:02:03.127+0000] {dagbag.py:540} INFO - Filling up the DagBag from /home/airflow/.local/lib/python3.11/site-packages/airflow/example_dags/example_trigger_controller_dag.py
[2024-03-06T14:02:03.133+0000] {processor.py:840} INFO - DAG(s) 'example_trigger_controller_dag' retrieved from /home/airflow/.local/lib/python3.11/site-packages/airflow/example_dags/example_trigger_controller_dag.py
[2024-03-06T14:02:03.151+0000] {logging_mixin.py:188} INFO - [2024-03-06T14:02:03.151+0000] {dag.py:3047} INFO - Sync 1 DAGs
[2024-03-06T14:02:03.171+0000] {logging_mixin.py:188} INFO - [2024-03-06T14:02:03.170+0000] {dag.py:3834} INFO - Setting next_dagrun for example_trigger_controller_dag to 2021-01-01 00:00:00+00:00, run_after=2021-01-01 00:00:00+00:00
[2024-03-06T14:02:03.187+0000] {processor.py:183} INFO - Processing /home/airflow/.local/lib/python3.11/site-packages/airflow/example_dags/example_trigger_controller_dag.py took 0.065 seconds
[2024-03-06T14:02:33.640+0000] {processor.py:161} INFO - Started process (PID=9005) to work on /home/airflow/.local/lib/python3.11/site-packages/airflow/example_dags/example_trigger_controller_dag.py
[2024-03-06T14:02:33.641+0000] {processor.py:830} INFO - Processing file /home/airflow/.local/lib/python3.11/site-packages/airflow/example_dags/example_trigger_controller_dag.py for tasks to queue
[2024-03-06T14:02:33.643+0000] {logging_mixin.py:188} INFO - [2024-03-06T14:02:33.642+0000] {dagbag.py:540} INFO - Filling up the DagBag from /home/airflow/.local/lib/python3.11/site-packages/airflow/example_dags/example_trigger_controller_dag.py
[2024-03-06T14:02:33.649+0000] {processor.py:840} INFO - DAG(s) 'example_trigger_controller_dag' retrieved from /home/airflow/.local/lib/python3.11/site-packages/airflow/example_dags/example_trigger_controller_dag.py
[2024-03-06T14:02:33.672+0000] {logging_mixin.py:188} INFO - [2024-03-06T14:02:33.672+0000] {dag.py:3047} INFO - Sync 1 DAGs
[2024-03-06T14:02:33.701+0000] {logging_mixin.py:188} INFO - [2024-03-06T14:02:33.700+0000] {dag.py:3834} INFO - Setting next_dagrun for example_trigger_controller_dag to 2021-01-01 00:00:00+00:00, run_after=2021-01-01 00:00:00+00:00
[2024-03-06T14:02:33.723+0000] {processor.py:183} INFO - Processing /home/airflow/.local/lib/python3.11/site-packages/airflow/example_dags/example_trigger_controller_dag.py took 0.087 seconds
[2024-03-06T14:03:03.800+0000] {processor.py:161} INFO - Started process (PID=9252) to work on /home/airflow/.local/lib/python3.11/site-packages/airflow/example_dags/example_trigger_controller_dag.py
[2024-03-06T14:03:03.802+0000] {processor.py:830} INFO - Processing file /home/airflow/.local/lib/python3.11/site-packages/airflow/example_dags/example_trigger_controller_dag.py for tasks to queue
[2024-03-06T14:03:03.803+0000] {logging_mixin.py:188} INFO - [2024-03-06T14:03:03.802+0000] {dagbag.py:540} INFO - Filling up the DagBag from /home/airflow/.local/lib/python3.11/site-packages/airflow/example_dags/example_trigger_controller_dag.py
[2024-03-06T14:03:03.810+0000] {processor.py:840} INFO - DAG(s) 'example_trigger_controller_dag' retrieved from /home/airflow/.local/lib/python3.11/site-packages/airflow/example_dags/example_trigger_controller_dag.py
[2024-03-06T14:03:03.838+0000] {logging_mixin.py:188} INFO - [2024-03-06T14:03:03.837+0000] {dag.py:3047} INFO - Sync 1 DAGs
[2024-03-06T14:03:03.865+0000] {logging_mixin.py:188} INFO - [2024-03-06T14:03:03.864+0000] {dag.py:3834} INFO - Setting next_dagrun for example_trigger_controller_dag to 2021-01-01 00:00:00+00:00, run_after=2021-01-01 00:00:00+00:00
[2024-03-06T14:03:03.885+0000] {processor.py:183} INFO - Processing /home/airflow/.local/lib/python3.11/site-packages/airflow/example_dags/example_trigger_controller_dag.py took 0.089 seconds
[2024-03-06T14:03:34.373+0000] {processor.py:161} INFO - Started process (PID=9499) to work on /home/airflow/.local/lib/python3.11/site-packages/airflow/example_dags/example_trigger_controller_dag.py
[2024-03-06T14:03:34.376+0000] {processor.py:830} INFO - Processing file /home/airflow/.local/lib/python3.11/site-packages/airflow/example_dags/example_trigger_controller_dag.py for tasks to queue
[2024-03-06T14:03:34.381+0000] {logging_mixin.py:188} INFO - [2024-03-06T14:03:34.380+0000] {dagbag.py:540} INFO - Filling up the DagBag from /home/airflow/.local/lib/python3.11/site-packages/airflow/example_dags/example_trigger_controller_dag.py
[2024-03-06T14:03:34.388+0000] {processor.py:840} INFO - DAG(s) 'example_trigger_controller_dag' retrieved from /home/airflow/.local/lib/python3.11/site-packages/airflow/example_dags/example_trigger_controller_dag.py
[2024-03-06T14:03:34.422+0000] {logging_mixin.py:188} INFO - [2024-03-06T14:03:34.421+0000] {dag.py:3047} INFO - Sync 1 DAGs
[2024-03-06T14:03:34.454+0000] {logging_mixin.py:188} INFO - [2024-03-06T14:03:34.454+0000] {dag.py:3834} INFO - Setting next_dagrun for example_trigger_controller_dag to 2021-01-01 00:00:00+00:00, run_after=2021-01-01 00:00:00+00:00
[2024-03-06T14:03:34.478+0000] {processor.py:183} INFO - Processing /home/airflow/.local/lib/python3.11/site-packages/airflow/example_dags/example_trigger_controller_dag.py took 0.109 seconds
[2024-03-06T14:04:04.647+0000] {processor.py:161} INFO - Started process (PID=9748) to work on /home/airflow/.local/lib/python3.11/site-packages/airflow/example_dags/example_trigger_controller_dag.py
[2024-03-06T14:04:04.648+0000] {processor.py:830} INFO - Processing file /home/airflow/.local/lib/python3.11/site-packages/airflow/example_dags/example_trigger_controller_dag.py for tasks to queue
[2024-03-06T14:04:04.650+0000] {logging_mixin.py:188} INFO - [2024-03-06T14:04:04.649+0000] {dagbag.py:540} INFO - Filling up the DagBag from /home/airflow/.local/lib/python3.11/site-packages/airflow/example_dags/example_trigger_controller_dag.py
[2024-03-06T14:04:04.655+0000] {processor.py:840} INFO - DAG(s) 'example_trigger_controller_dag' retrieved from /home/airflow/.local/lib/python3.11/site-packages/airflow/example_dags/example_trigger_controller_dag.py
[2024-03-06T14:04:04.673+0000] {logging_mixin.py:188} INFO - [2024-03-06T14:04:04.673+0000] {dag.py:3047} INFO - Sync 1 DAGs
[2024-03-06T14:04:04.691+0000] {logging_mixin.py:188} INFO - [2024-03-06T14:04:04.691+0000] {dag.py:3834} INFO - Setting next_dagrun for example_trigger_controller_dag to 2021-01-01 00:00:00+00:00, run_after=2021-01-01 00:00:00+00:00
[2024-03-06T14:04:04.707+0000] {processor.py:183} INFO - Processing /home/airflow/.local/lib/python3.11/site-packages/airflow/example_dags/example_trigger_controller_dag.py took 0.063 seconds
[2024-03-06T14:04:34.992+0000] {processor.py:161} INFO - Started process (PID=9993) to work on /home/airflow/.local/lib/python3.11/site-packages/airflow/example_dags/example_trigger_controller_dag.py
[2024-03-06T14:04:34.994+0000] {processor.py:830} INFO - Processing file /home/airflow/.local/lib/python3.11/site-packages/airflow/example_dags/example_trigger_controller_dag.py for tasks to queue
[2024-03-06T14:04:34.997+0000] {logging_mixin.py:188} INFO - [2024-03-06T14:04:34.996+0000] {dagbag.py:540} INFO - Filling up the DagBag from /home/airflow/.local/lib/python3.11/site-packages/airflow/example_dags/example_trigger_controller_dag.py
[2024-03-06T14:04:35.003+0000] {processor.py:840} INFO - DAG(s) 'example_trigger_controller_dag' retrieved from /home/airflow/.local/lib/python3.11/site-packages/airflow/example_dags/example_trigger_controller_dag.py
[2024-03-06T14:04:35.030+0000] {logging_mixin.py:188} INFO - [2024-03-06T14:04:35.029+0000] {dag.py:3047} INFO - Sync 1 DAGs
[2024-03-06T14:04:35.060+0000] {logging_mixin.py:188} INFO - [2024-03-06T14:04:35.060+0000] {dag.py:3834} INFO - Setting next_dagrun for example_trigger_controller_dag to 2021-01-01 00:00:00+00:00, run_after=2021-01-01 00:00:00+00:00
[2024-03-06T14:04:35.093+0000] {processor.py:183} INFO - Processing /home/airflow/.local/lib/python3.11/site-packages/airflow/example_dags/example_trigger_controller_dag.py took 0.108 seconds
[2024-03-06T14:05:05.472+0000] {processor.py:161} INFO - Started process (PID=10242) to work on /home/airflow/.local/lib/python3.11/site-packages/airflow/example_dags/example_trigger_controller_dag.py
[2024-03-06T14:05:05.473+0000] {processor.py:830} INFO - Processing file /home/airflow/.local/lib/python3.11/site-packages/airflow/example_dags/example_trigger_controller_dag.py for tasks to queue
[2024-03-06T14:05:05.474+0000] {logging_mixin.py:188} INFO - [2024-03-06T14:05:05.474+0000] {dagbag.py:540} INFO - Filling up the DagBag from /home/airflow/.local/lib/python3.11/site-packages/airflow/example_dags/example_trigger_controller_dag.py
[2024-03-06T14:05:05.481+0000] {processor.py:840} INFO - DAG(s) 'example_trigger_controller_dag' retrieved from /home/airflow/.local/lib/python3.11/site-packages/airflow/example_dags/example_trigger_controller_dag.py
[2024-03-06T14:05:05.504+0000] {logging_mixin.py:188} INFO - [2024-03-06T14:05:05.504+0000] {dag.py:3047} INFO - Sync 1 DAGs
[2024-03-06T14:05:05.531+0000] {logging_mixin.py:188} INFO - [2024-03-06T14:05:05.530+0000] {dag.py:3834} INFO - Setting next_dagrun for example_trigger_controller_dag to 2021-01-01 00:00:00+00:00, run_after=2021-01-01 00:00:00+00:00
[2024-03-06T14:05:05.552+0000] {processor.py:183} INFO - Processing /home/airflow/.local/lib/python3.11/site-packages/airflow/example_dags/example_trigger_controller_dag.py took 0.083 seconds
[2024-03-06T14:05:36.368+0000] {processor.py:161} INFO - Started process (PID=10487) to work on /home/airflow/.local/lib/python3.11/site-packages/airflow/example_dags/example_trigger_controller_dag.py
[2024-03-06T14:05:36.373+0000] {processor.py:830} INFO - Processing file /home/airflow/.local/lib/python3.11/site-packages/airflow/example_dags/example_trigger_controller_dag.py for tasks to queue
[2024-03-06T14:05:36.375+0000] {logging_mixin.py:188} INFO - [2024-03-06T14:05:36.375+0000] {dagbag.py:540} INFO - Filling up the DagBag from /home/airflow/.local/lib/python3.11/site-packages/airflow/example_dags/example_trigger_controller_dag.py
[2024-03-06T14:05:36.389+0000] {processor.py:840} INFO - DAG(s) 'example_trigger_controller_dag' retrieved from /home/airflow/.local/lib/python3.11/site-packages/airflow/example_dags/example_trigger_controller_dag.py
[2024-03-06T14:05:36.421+0000] {logging_mixin.py:188} INFO - [2024-03-06T14:05:36.420+0000] {dag.py:3047} INFO - Sync 1 DAGs
[2024-03-06T14:05:36.449+0000] {logging_mixin.py:188} INFO - [2024-03-06T14:05:36.448+0000] {dag.py:3834} INFO - Setting next_dagrun for example_trigger_controller_dag to 2021-01-01 00:00:00+00:00, run_after=2021-01-01 00:00:00+00:00
[2024-03-06T14:05:36.476+0000] {processor.py:183} INFO - Processing /home/airflow/.local/lib/python3.11/site-packages/airflow/example_dags/example_trigger_controller_dag.py took 0.115 seconds
[2024-03-06T14:06:06.781+0000] {processor.py:161} INFO - Started process (PID=10734) to work on /home/airflow/.local/lib/python3.11/site-packages/airflow/example_dags/example_trigger_controller_dag.py
[2024-03-06T14:06:06.782+0000] {processor.py:830} INFO - Processing file /home/airflow/.local/lib/python3.11/site-packages/airflow/example_dags/example_trigger_controller_dag.py for tasks to queue
[2024-03-06T14:06:06.784+0000] {logging_mixin.py:188} INFO - [2024-03-06T14:06:06.783+0000] {dagbag.py:540} INFO - Filling up the DagBag from /home/airflow/.local/lib/python3.11/site-packages/airflow/example_dags/example_trigger_controller_dag.py
[2024-03-06T14:06:06.791+0000] {processor.py:840} INFO - DAG(s) 'example_trigger_controller_dag' retrieved from /home/airflow/.local/lib/python3.11/site-packages/airflow/example_dags/example_trigger_controller_dag.py
[2024-03-06T14:06:06.817+0000] {logging_mixin.py:188} INFO - [2024-03-06T14:06:06.816+0000] {dag.py:3047} INFO - Sync 1 DAGs
[2024-03-06T14:06:06.844+0000] {logging_mixin.py:188} INFO - [2024-03-06T14:06:06.843+0000] {dag.py:3834} INFO - Setting next_dagrun for example_trigger_controller_dag to 2021-01-01 00:00:00+00:00, run_after=2021-01-01 00:00:00+00:00
[2024-03-06T14:06:06.864+0000] {processor.py:183} INFO - Processing /home/airflow/.local/lib/python3.11/site-packages/airflow/example_dags/example_trigger_controller_dag.py took 0.087 seconds
[2024-03-06T14:06:37.586+0000] {processor.py:161} INFO - Started process (PID=10980) to work on /home/airflow/.local/lib/python3.11/site-packages/airflow/example_dags/example_trigger_controller_dag.py
[2024-03-06T14:06:37.587+0000] {processor.py:830} INFO - Processing file /home/airflow/.local/lib/python3.11/site-packages/airflow/example_dags/example_trigger_controller_dag.py for tasks to queue
[2024-03-06T14:06:37.589+0000] {logging_mixin.py:188} INFO - [2024-03-06T14:06:37.588+0000] {dagbag.py:540} INFO - Filling up the DagBag from /home/airflow/.local/lib/python3.11/site-packages/airflow/example_dags/example_trigger_controller_dag.py
[2024-03-06T14:06:37.594+0000] {processor.py:840} INFO - DAG(s) 'example_trigger_controller_dag' retrieved from /home/airflow/.local/lib/python3.11/site-packages/airflow/example_dags/example_trigger_controller_dag.py
[2024-03-06T14:06:37.619+0000] {logging_mixin.py:188} INFO - [2024-03-06T14:06:37.619+0000] {dag.py:3047} INFO - Sync 1 DAGs
[2024-03-06T14:06:37.645+0000] {logging_mixin.py:188} INFO - [2024-03-06T14:06:37.645+0000] {dag.py:3834} INFO - Setting next_dagrun for example_trigger_controller_dag to 2021-01-01 00:00:00+00:00, run_after=2021-01-01 00:00:00+00:00
[2024-03-06T14:06:37.666+0000] {processor.py:183} INFO - Processing /home/airflow/.local/lib/python3.11/site-packages/airflow/example_dags/example_trigger_controller_dag.py took 0.083 seconds
[2024-03-06T14:07:08.386+0000] {processor.py:161} INFO - Started process (PID=11229) to work on /home/airflow/.local/lib/python3.11/site-packages/airflow/example_dags/example_trigger_controller_dag.py
[2024-03-06T14:07:08.388+0000] {processor.py:830} INFO - Processing file /home/airflow/.local/lib/python3.11/site-packages/airflow/example_dags/example_trigger_controller_dag.py for tasks to queue
[2024-03-06T14:07:08.392+0000] {logging_mixin.py:188} INFO - [2024-03-06T14:07:08.391+0000] {dagbag.py:540} INFO - Filling up the DagBag from /home/airflow/.local/lib/python3.11/site-packages/airflow/example_dags/example_trigger_controller_dag.py
[2024-03-06T14:07:08.400+0000] {processor.py:840} INFO - DAG(s) 'example_trigger_controller_dag' retrieved from /home/airflow/.local/lib/python3.11/site-packages/airflow/example_dags/example_trigger_controller_dag.py
[2024-03-06T14:07:08.441+0000] {logging_mixin.py:188} INFO - [2024-03-06T14:07:08.441+0000] {dag.py:3047} INFO - Sync 1 DAGs
[2024-03-06T14:07:08.477+0000] {logging_mixin.py:188} INFO - [2024-03-06T14:07:08.477+0000] {dag.py:3834} INFO - Setting next_dagrun for example_trigger_controller_dag to 2021-01-01 00:00:00+00:00, run_after=2021-01-01 00:00:00+00:00
[2024-03-06T14:07:08.510+0000] {processor.py:183} INFO - Processing /home/airflow/.local/lib/python3.11/site-packages/airflow/example_dags/example_trigger_controller_dag.py took 0.129 seconds
[2024-03-06T14:07:39.077+0000] {processor.py:161} INFO - Started process (PID=11474) to work on /home/airflow/.local/lib/python3.11/site-packages/airflow/example_dags/example_trigger_controller_dag.py
[2024-03-06T14:07:39.078+0000] {processor.py:830} INFO - Processing file /home/airflow/.local/lib/python3.11/site-packages/airflow/example_dags/example_trigger_controller_dag.py for tasks to queue
[2024-03-06T14:07:39.082+0000] {logging_mixin.py:188} INFO - [2024-03-06T14:07:39.081+0000] {dagbag.py:540} INFO - Filling up the DagBag from /home/airflow/.local/lib/python3.11/site-packages/airflow/example_dags/example_trigger_controller_dag.py
[2024-03-06T14:07:39.089+0000] {processor.py:840} INFO - DAG(s) 'example_trigger_controller_dag' retrieved from /home/airflow/.local/lib/python3.11/site-packages/airflow/example_dags/example_trigger_controller_dag.py
[2024-03-06T14:07:39.126+0000] {logging_mixin.py:188} INFO - [2024-03-06T14:07:39.125+0000] {dag.py:3047} INFO - Sync 1 DAGs
[2024-03-06T14:07:39.162+0000] {logging_mixin.py:188} INFO - [2024-03-06T14:07:39.161+0000] {dag.py:3834} INFO - Setting next_dagrun for example_trigger_controller_dag to 2021-01-01 00:00:00+00:00, run_after=2021-01-01 00:00:00+00:00
[2024-03-06T14:07:39.187+0000] {processor.py:183} INFO - Processing /home/airflow/.local/lib/python3.11/site-packages/airflow/example_dags/example_trigger_controller_dag.py took 0.114 seconds
[2024-03-06T14:08:10.063+0000] {processor.py:161} INFO - Started process (PID=11721) to work on /home/airflow/.local/lib/python3.11/site-packages/airflow/example_dags/example_trigger_controller_dag.py
[2024-03-06T14:08:10.065+0000] {processor.py:830} INFO - Processing file /home/airflow/.local/lib/python3.11/site-packages/airflow/example_dags/example_trigger_controller_dag.py for tasks to queue
[2024-03-06T14:08:10.067+0000] {logging_mixin.py:188} INFO - [2024-03-06T14:08:10.066+0000] {dagbag.py:540} INFO - Filling up the DagBag from /home/airflow/.local/lib/python3.11/site-packages/airflow/example_dags/example_trigger_controller_dag.py
[2024-03-06T14:08:10.079+0000] {processor.py:840} INFO - DAG(s) 'example_trigger_controller_dag' retrieved from /home/airflow/.local/lib/python3.11/site-packages/airflow/example_dags/example_trigger_controller_dag.py
[2024-03-06T14:08:10.118+0000] {logging_mixin.py:188} INFO - [2024-03-06T14:08:10.117+0000] {dag.py:3047} INFO - Sync 1 DAGs
[2024-03-06T14:08:10.165+0000] {logging_mixin.py:188} INFO - [2024-03-06T14:08:10.164+0000] {dag.py:3834} INFO - Setting next_dagrun for example_trigger_controller_dag to 2021-01-01 00:00:00+00:00, run_after=2021-01-01 00:00:00+00:00
[2024-03-06T14:08:10.196+0000] {processor.py:183} INFO - Processing /home/airflow/.local/lib/python3.11/site-packages/airflow/example_dags/example_trigger_controller_dag.py took 0.140 seconds
[2024-03-06T14:08:41.118+0000] {processor.py:161} INFO - Started process (PID=11968) to work on /home/airflow/.local/lib/python3.11/site-packages/airflow/example_dags/example_trigger_controller_dag.py
[2024-03-06T14:08:41.119+0000] {processor.py:830} INFO - Processing file /home/airflow/.local/lib/python3.11/site-packages/airflow/example_dags/example_trigger_controller_dag.py for tasks to queue
[2024-03-06T14:08:41.120+0000] {logging_mixin.py:188} INFO - [2024-03-06T14:08:41.119+0000] {dagbag.py:540} INFO - Filling up the DagBag from /home/airflow/.local/lib/python3.11/site-packages/airflow/example_dags/example_trigger_controller_dag.py
[2024-03-06T14:08:41.125+0000] {processor.py:840} INFO - DAG(s) 'example_trigger_controller_dag' retrieved from /home/airflow/.local/lib/python3.11/site-packages/airflow/example_dags/example_trigger_controller_dag.py
[2024-03-06T14:08:41.146+0000] {logging_mixin.py:188} INFO - [2024-03-06T14:08:41.146+0000] {dag.py:3047} INFO - Sync 1 DAGs
[2024-03-06T14:08:41.165+0000] {logging_mixin.py:188} INFO - [2024-03-06T14:08:41.165+0000] {dag.py:3834} INFO - Setting next_dagrun for example_trigger_controller_dag to 2021-01-01 00:00:00+00:00, run_after=2021-01-01 00:00:00+00:00
[2024-03-06T14:08:41.187+0000] {processor.py:183} INFO - Processing /home/airflow/.local/lib/python3.11/site-packages/airflow/example_dags/example_trigger_controller_dag.py took 0.072 seconds
[2024-03-06T14:09:12.096+0000] {processor.py:161} INFO - Started process (PID=12214) to work on /home/airflow/.local/lib/python3.11/site-packages/airflow/example_dags/example_trigger_controller_dag.py
[2024-03-06T14:09:12.098+0000] {processor.py:830} INFO - Processing file /home/airflow/.local/lib/python3.11/site-packages/airflow/example_dags/example_trigger_controller_dag.py for tasks to queue
[2024-03-06T14:09:12.099+0000] {logging_mixin.py:188} INFO - [2024-03-06T14:09:12.099+0000] {dagbag.py:540} INFO - Filling up the DagBag from /home/airflow/.local/lib/python3.11/site-packages/airflow/example_dags/example_trigger_controller_dag.py
[2024-03-06T14:09:12.105+0000] {processor.py:840} INFO - DAG(s) 'example_trigger_controller_dag' retrieved from /home/airflow/.local/lib/python3.11/site-packages/airflow/example_dags/example_trigger_controller_dag.py
[2024-03-06T14:09:12.133+0000] {logging_mixin.py:188} INFO - [2024-03-06T14:09:12.132+0000] {dag.py:3047} INFO - Sync 1 DAGs
[2024-03-06T14:09:12.172+0000] {logging_mixin.py:188} INFO - [2024-03-06T14:09:12.171+0000] {dag.py:3834} INFO - Setting next_dagrun for example_trigger_controller_dag to 2021-01-01 00:00:00+00:00, run_after=2021-01-01 00:00:00+00:00
[2024-03-06T14:09:12.220+0000] {processor.py:183} INFO - Processing /home/airflow/.local/lib/python3.11/site-packages/airflow/example_dags/example_trigger_controller_dag.py took 0.129 seconds
[2024-03-06T14:09:42.892+0000] {processor.py:161} INFO - Started process (PID=12460) to work on /home/airflow/.local/lib/python3.11/site-packages/airflow/example_dags/example_trigger_controller_dag.py
[2024-03-06T14:09:42.893+0000] {processor.py:830} INFO - Processing file /home/airflow/.local/lib/python3.11/site-packages/airflow/example_dags/example_trigger_controller_dag.py for tasks to queue
[2024-03-06T14:09:42.894+0000] {logging_mixin.py:188} INFO - [2024-03-06T14:09:42.894+0000] {dagbag.py:540} INFO - Filling up the DagBag from /home/airflow/.local/lib/python3.11/site-packages/airflow/example_dags/example_trigger_controller_dag.py
[2024-03-06T14:09:42.899+0000] {processor.py:840} INFO - DAG(s) 'example_trigger_controller_dag' retrieved from /home/airflow/.local/lib/python3.11/site-packages/airflow/example_dags/example_trigger_controller_dag.py
[2024-03-06T14:09:42.920+0000] {logging_mixin.py:188} INFO - [2024-03-06T14:09:42.919+0000] {dag.py:3047} INFO - Sync 1 DAGs
[2024-03-06T14:09:42.941+0000] {logging_mixin.py:188} INFO - [2024-03-06T14:09:42.941+0000] {dag.py:3834} INFO - Setting next_dagrun for example_trigger_controller_dag to 2021-01-01 00:00:00+00:00, run_after=2021-01-01 00:00:00+00:00
[2024-03-06T14:09:42.959+0000] {processor.py:183} INFO - Processing /home/airflow/.local/lib/python3.11/site-packages/airflow/example_dags/example_trigger_controller_dag.py took 0.070 seconds
[2024-03-06T14:10:13.779+0000] {processor.py:161} INFO - Started process (PID=12707) to work on /home/airflow/.local/lib/python3.11/site-packages/airflow/example_dags/example_trigger_controller_dag.py
[2024-03-06T14:10:13.780+0000] {processor.py:830} INFO - Processing file /home/airflow/.local/lib/python3.11/site-packages/airflow/example_dags/example_trigger_controller_dag.py for tasks to queue
[2024-03-06T14:10:13.782+0000] {logging_mixin.py:188} INFO - [2024-03-06T14:10:13.781+0000] {dagbag.py:540} INFO - Filling up the DagBag from /home/airflow/.local/lib/python3.11/site-packages/airflow/example_dags/example_trigger_controller_dag.py
[2024-03-06T14:10:13.787+0000] {processor.py:840} INFO - DAG(s) 'example_trigger_controller_dag' retrieved from /home/airflow/.local/lib/python3.11/site-packages/airflow/example_dags/example_trigger_controller_dag.py
[2024-03-06T14:10:13.805+0000] {logging_mixin.py:188} INFO - [2024-03-06T14:10:13.805+0000] {dag.py:3047} INFO - Sync 1 DAGs
[2024-03-06T14:10:13.828+0000] {logging_mixin.py:188} INFO - [2024-03-06T14:10:13.827+0000] {dag.py:3834} INFO - Setting next_dagrun for example_trigger_controller_dag to 2021-01-01 00:00:00+00:00, run_after=2021-01-01 00:00:00+00:00
[2024-03-06T14:10:13.845+0000] {processor.py:183} INFO - Processing /home/airflow/.local/lib/python3.11/site-packages/airflow/example_dags/example_trigger_controller_dag.py took 0.070 seconds
[2024-03-06T14:10:43.898+0000] {processor.py:161} INFO - Started process (PID=12954) to work on /home/airflow/.local/lib/python3.11/site-packages/airflow/example_dags/example_trigger_controller_dag.py
[2024-03-06T14:10:43.903+0000] {processor.py:830} INFO - Processing file /home/airflow/.local/lib/python3.11/site-packages/airflow/example_dags/example_trigger_controller_dag.py for tasks to queue
[2024-03-06T14:10:43.905+0000] {logging_mixin.py:188} INFO - [2024-03-06T14:10:43.904+0000] {dagbag.py:540} INFO - Filling up the DagBag from /home/airflow/.local/lib/python3.11/site-packages/airflow/example_dags/example_trigger_controller_dag.py
[2024-03-06T14:10:43.909+0000] {processor.py:840} INFO - DAG(s) 'example_trigger_controller_dag' retrieved from /home/airflow/.local/lib/python3.11/site-packages/airflow/example_dags/example_trigger_controller_dag.py
[2024-03-06T14:10:43.927+0000] {logging_mixin.py:188} INFO - [2024-03-06T14:10:43.927+0000] {dag.py:3047} INFO - Sync 1 DAGs
[2024-03-06T14:10:43.949+0000] {logging_mixin.py:188} INFO - [2024-03-06T14:10:43.949+0000] {dag.py:3834} INFO - Setting next_dagrun for example_trigger_controller_dag to 2021-01-01 00:00:00+00:00, run_after=2021-01-01 00:00:00+00:00
[2024-03-06T14:10:43.967+0000] {processor.py:183} INFO - Processing /home/airflow/.local/lib/python3.11/site-packages/airflow/example_dags/example_trigger_controller_dag.py took 0.072 seconds
[2024-03-06T14:11:14.828+0000] {processor.py:161} INFO - Started process (PID=13201) to work on /home/airflow/.local/lib/python3.11/site-packages/airflow/example_dags/example_trigger_controller_dag.py
[2024-03-06T14:11:14.830+0000] {processor.py:830} INFO - Processing file /home/airflow/.local/lib/python3.11/site-packages/airflow/example_dags/example_trigger_controller_dag.py for tasks to queue
[2024-03-06T14:11:14.837+0000] {logging_mixin.py:188} INFO - [2024-03-06T14:11:14.836+0000] {dagbag.py:540} INFO - Filling up the DagBag from /home/airflow/.local/lib/python3.11/site-packages/airflow/example_dags/example_trigger_controller_dag.py
[2024-03-06T14:11:14.843+0000] {processor.py:840} INFO - DAG(s) 'example_trigger_controller_dag' retrieved from /home/airflow/.local/lib/python3.11/site-packages/airflow/example_dags/example_trigger_controller_dag.py
[2024-03-06T14:11:14.859+0000] {logging_mixin.py:188} INFO - [2024-03-06T14:11:14.859+0000] {dag.py:3047} INFO - Sync 1 DAGs
[2024-03-06T14:11:14.877+0000] {logging_mixin.py:188} INFO - [2024-03-06T14:11:14.877+0000] {dag.py:3834} INFO - Setting next_dagrun for example_trigger_controller_dag to 2021-01-01 00:00:00+00:00, run_after=2021-01-01 00:00:00+00:00
[2024-03-06T14:11:14.894+0000] {processor.py:183} INFO - Processing /home/airflow/.local/lib/python3.11/site-packages/airflow/example_dags/example_trigger_controller_dag.py took 0.069 seconds
[2024-03-06T14:11:45.636+0000] {processor.py:161} INFO - Started process (PID=13448) to work on /home/airflow/.local/lib/python3.11/site-packages/airflow/example_dags/example_trigger_controller_dag.py
[2024-03-06T14:11:45.638+0000] {processor.py:830} INFO - Processing file /home/airflow/.local/lib/python3.11/site-packages/airflow/example_dags/example_trigger_controller_dag.py for tasks to queue
[2024-03-06T14:11:45.639+0000] {logging_mixin.py:188} INFO - [2024-03-06T14:11:45.638+0000] {dagbag.py:540} INFO - Filling up the DagBag from /home/airflow/.local/lib/python3.11/site-packages/airflow/example_dags/example_trigger_controller_dag.py
[2024-03-06T14:11:45.644+0000] {processor.py:840} INFO - DAG(s) 'example_trigger_controller_dag' retrieved from /home/airflow/.local/lib/python3.11/site-packages/airflow/example_dags/example_trigger_controller_dag.py
[2024-03-06T14:11:45.665+0000] {logging_mixin.py:188} INFO - [2024-03-06T14:11:45.665+0000] {dag.py:3047} INFO - Sync 1 DAGs
[2024-03-06T14:11:45.689+0000] {logging_mixin.py:188} INFO - [2024-03-06T14:11:45.689+0000] {dag.py:3834} INFO - Setting next_dagrun for example_trigger_controller_dag to 2021-01-01 00:00:00+00:00, run_after=2021-01-01 00:00:00+00:00
[2024-03-06T14:11:45.716+0000] {processor.py:183} INFO - Processing /home/airflow/.local/lib/python3.11/site-packages/airflow/example_dags/example_trigger_controller_dag.py took 0.082 seconds
[2024-03-06T14:12:16.072+0000] {processor.py:161} INFO - Started process (PID=13695) to work on /home/airflow/.local/lib/python3.11/site-packages/airflow/example_dags/example_trigger_controller_dag.py
[2024-03-06T14:12:16.073+0000] {processor.py:830} INFO - Processing file /home/airflow/.local/lib/python3.11/site-packages/airflow/example_dags/example_trigger_controller_dag.py for tasks to queue
[2024-03-06T14:12:16.073+0000] {logging_mixin.py:188} INFO - [2024-03-06T14:12:16.073+0000] {dagbag.py:540} INFO - Filling up the DagBag from /home/airflow/.local/lib/python3.11/site-packages/airflow/example_dags/example_trigger_controller_dag.py
[2024-03-06T14:12:16.085+0000] {processor.py:840} INFO - DAG(s) 'example_trigger_controller_dag' retrieved from /home/airflow/.local/lib/python3.11/site-packages/airflow/example_dags/example_trigger_controller_dag.py
[2024-03-06T14:12:16.106+0000] {logging_mixin.py:188} INFO - [2024-03-06T14:12:16.106+0000] {dag.py:3047} INFO - Sync 1 DAGs
[2024-03-06T14:12:16.124+0000] {logging_mixin.py:188} INFO - [2024-03-06T14:12:16.124+0000] {dag.py:3834} INFO - Setting next_dagrun for example_trigger_controller_dag to 2021-01-01 00:00:00+00:00, run_after=2021-01-01 00:00:00+00:00
[2024-03-06T14:12:16.145+0000] {processor.py:183} INFO - Processing /home/airflow/.local/lib/python3.11/site-packages/airflow/example_dags/example_trigger_controller_dag.py took 0.076 seconds
[2024-03-06T14:12:46.937+0000] {processor.py:161} INFO - Started process (PID=13942) to work on /home/airflow/.local/lib/python3.11/site-packages/airflow/example_dags/example_trigger_controller_dag.py
[2024-03-06T14:12:46.938+0000] {processor.py:830} INFO - Processing file /home/airflow/.local/lib/python3.11/site-packages/airflow/example_dags/example_trigger_controller_dag.py for tasks to queue
[2024-03-06T14:12:46.939+0000] {logging_mixin.py:188} INFO - [2024-03-06T14:12:46.939+0000] {dagbag.py:540} INFO - Filling up the DagBag from /home/airflow/.local/lib/python3.11/site-packages/airflow/example_dags/example_trigger_controller_dag.py
[2024-03-06T14:12:46.944+0000] {processor.py:840} INFO - DAG(s) 'example_trigger_controller_dag' retrieved from /home/airflow/.local/lib/python3.11/site-packages/airflow/example_dags/example_trigger_controller_dag.py
[2024-03-06T14:12:46.961+0000] {logging_mixin.py:188} INFO - [2024-03-06T14:12:46.961+0000] {dag.py:3047} INFO - Sync 1 DAGs
[2024-03-06T14:12:46.982+0000] {logging_mixin.py:188} INFO - [2024-03-06T14:12:46.982+0000] {dag.py:3834} INFO - Setting next_dagrun for example_trigger_controller_dag to 2021-01-01 00:00:00+00:00, run_after=2021-01-01 00:00:00+00:00
[2024-03-06T14:12:47.003+0000] {processor.py:183} INFO - Processing /home/airflow/.local/lib/python3.11/site-packages/airflow/example_dags/example_trigger_controller_dag.py took 0.070 seconds
[2024-03-06T14:13:17.658+0000] {processor.py:161} INFO - Started process (PID=14189) to work on /home/airflow/.local/lib/python3.11/site-packages/airflow/example_dags/example_trigger_controller_dag.py
[2024-03-06T14:13:17.659+0000] {processor.py:830} INFO - Processing file /home/airflow/.local/lib/python3.11/site-packages/airflow/example_dags/example_trigger_controller_dag.py for tasks to queue
[2024-03-06T14:13:17.660+0000] {logging_mixin.py:188} INFO - [2024-03-06T14:13:17.660+0000] {dagbag.py:540} INFO - Filling up the DagBag from /home/airflow/.local/lib/python3.11/site-packages/airflow/example_dags/example_trigger_controller_dag.py
[2024-03-06T14:13:17.665+0000] {processor.py:840} INFO - DAG(s) 'example_trigger_controller_dag' retrieved from /home/airflow/.local/lib/python3.11/site-packages/airflow/example_dags/example_trigger_controller_dag.py
[2024-03-06T14:13:17.685+0000] {logging_mixin.py:188} INFO - [2024-03-06T14:13:17.685+0000] {dag.py:3047} INFO - Sync 1 DAGs
[2024-03-06T14:13:17.705+0000] {logging_mixin.py:188} INFO - [2024-03-06T14:13:17.705+0000] {dag.py:3834} INFO - Setting next_dagrun for example_trigger_controller_dag to 2021-01-01 00:00:00+00:00, run_after=2021-01-01 00:00:00+00:00
[2024-03-06T14:13:17.729+0000] {processor.py:183} INFO - Processing /home/airflow/.local/lib/python3.11/site-packages/airflow/example_dags/example_trigger_controller_dag.py took 0.074 seconds
[2024-03-06T14:13:48.325+0000] {processor.py:161} INFO - Started process (PID=14436) to work on /home/airflow/.local/lib/python3.11/site-packages/airflow/example_dags/example_trigger_controller_dag.py
[2024-03-06T14:13:48.329+0000] {processor.py:830} INFO - Processing file /home/airflow/.local/lib/python3.11/site-packages/airflow/example_dags/example_trigger_controller_dag.py for tasks to queue
[2024-03-06T14:13:48.331+0000] {logging_mixin.py:188} INFO - [2024-03-06T14:13:48.330+0000] {dagbag.py:540} INFO - Filling up the DagBag from /home/airflow/.local/lib/python3.11/site-packages/airflow/example_dags/example_trigger_controller_dag.py
[2024-03-06T14:13:48.341+0000] {processor.py:840} INFO - DAG(s) 'example_trigger_controller_dag' retrieved from /home/airflow/.local/lib/python3.11/site-packages/airflow/example_dags/example_trigger_controller_dag.py
[2024-03-06T14:13:48.366+0000] {logging_mixin.py:188} INFO - [2024-03-06T14:13:48.366+0000] {dag.py:3047} INFO - Sync 1 DAGs
[2024-03-06T14:13:48.387+0000] {logging_mixin.py:188} INFO - [2024-03-06T14:13:48.387+0000] {dag.py:3834} INFO - Setting next_dagrun for example_trigger_controller_dag to 2021-01-01 00:00:00+00:00, run_after=2021-01-01 00:00:00+00:00
[2024-03-06T14:13:48.413+0000] {processor.py:183} INFO - Processing /home/airflow/.local/lib/python3.11/site-packages/airflow/example_dags/example_trigger_controller_dag.py took 0.098 seconds
[2024-03-06T14:14:19.230+0000] {processor.py:161} INFO - Started process (PID=14683) to work on /home/airflow/.local/lib/python3.11/site-packages/airflow/example_dags/example_trigger_controller_dag.py
[2024-03-06T14:14:19.232+0000] {processor.py:830} INFO - Processing file /home/airflow/.local/lib/python3.11/site-packages/airflow/example_dags/example_trigger_controller_dag.py for tasks to queue
[2024-03-06T14:14:19.233+0000] {logging_mixin.py:188} INFO - [2024-03-06T14:14:19.233+0000] {dagbag.py:540} INFO - Filling up the DagBag from /home/airflow/.local/lib/python3.11/site-packages/airflow/example_dags/example_trigger_controller_dag.py
[2024-03-06T14:14:19.238+0000] {processor.py:840} INFO - DAG(s) 'example_trigger_controller_dag' retrieved from /home/airflow/.local/lib/python3.11/site-packages/airflow/example_dags/example_trigger_controller_dag.py
[2024-03-06T14:14:19.256+0000] {logging_mixin.py:188} INFO - [2024-03-06T14:14:19.255+0000] {dag.py:3047} INFO - Sync 1 DAGs
[2024-03-06T14:14:19.276+0000] {logging_mixin.py:188} INFO - [2024-03-06T14:14:19.275+0000] {dag.py:3834} INFO - Setting next_dagrun for example_trigger_controller_dag to 2021-01-01 00:00:00+00:00, run_after=2021-01-01 00:00:00+00:00
[2024-03-06T14:14:19.294+0000] {processor.py:183} INFO - Processing /home/airflow/.local/lib/python3.11/site-packages/airflow/example_dags/example_trigger_controller_dag.py took 0.066 seconds
[2024-03-06T14:14:49.449+0000] {processor.py:161} INFO - Started process (PID=14930) to work on /home/airflow/.local/lib/python3.11/site-packages/airflow/example_dags/example_trigger_controller_dag.py
[2024-03-06T14:14:49.450+0000] {processor.py:830} INFO - Processing file /home/airflow/.local/lib/python3.11/site-packages/airflow/example_dags/example_trigger_controller_dag.py for tasks to queue
[2024-03-06T14:14:49.452+0000] {logging_mixin.py:188} INFO - [2024-03-06T14:14:49.451+0000] {dagbag.py:540} INFO - Filling up the DagBag from /home/airflow/.local/lib/python3.11/site-packages/airflow/example_dags/example_trigger_controller_dag.py
[2024-03-06T14:14:49.456+0000] {processor.py:840} INFO - DAG(s) 'example_trigger_controller_dag' retrieved from /home/airflow/.local/lib/python3.11/site-packages/airflow/example_dags/example_trigger_controller_dag.py
[2024-03-06T14:14:49.482+0000] {logging_mixin.py:188} INFO - [2024-03-06T14:14:49.482+0000] {dag.py:3047} INFO - Sync 1 DAGs
[2024-03-06T14:14:49.503+0000] {logging_mixin.py:188} INFO - [2024-03-06T14:14:49.503+0000] {dag.py:3834} INFO - Setting next_dagrun for example_trigger_controller_dag to 2021-01-01 00:00:00+00:00, run_after=2021-01-01 00:00:00+00:00
[2024-03-06T14:14:49.526+0000] {processor.py:183} INFO - Processing /home/airflow/.local/lib/python3.11/site-packages/airflow/example_dags/example_trigger_controller_dag.py took 0.080 seconds
[2024-03-06T14:15:19.558+0000] {processor.py:161} INFO - Started process (PID=15174) to work on /home/airflow/.local/lib/python3.11/site-packages/airflow/example_dags/example_trigger_controller_dag.py
[2024-03-06T14:15:19.559+0000] {processor.py:830} INFO - Processing file /home/airflow/.local/lib/python3.11/site-packages/airflow/example_dags/example_trigger_controller_dag.py for tasks to queue
[2024-03-06T14:15:19.560+0000] {logging_mixin.py:188} INFO - [2024-03-06T14:15:19.560+0000] {dagbag.py:540} INFO - Filling up the DagBag from /home/airflow/.local/lib/python3.11/site-packages/airflow/example_dags/example_trigger_controller_dag.py
[2024-03-06T14:15:19.565+0000] {processor.py:840} INFO - DAG(s) 'example_trigger_controller_dag' retrieved from /home/airflow/.local/lib/python3.11/site-packages/airflow/example_dags/example_trigger_controller_dag.py
[2024-03-06T14:15:19.580+0000] {logging_mixin.py:188} INFO - [2024-03-06T14:15:19.580+0000] {dag.py:3047} INFO - Sync 1 DAGs
[2024-03-06T14:15:19.596+0000] {logging_mixin.py:188} INFO - [2024-03-06T14:15:19.595+0000] {dag.py:3834} INFO - Setting next_dagrun for example_trigger_controller_dag to 2021-01-01 00:00:00+00:00, run_after=2021-01-01 00:00:00+00:00
[2024-03-06T14:15:19.614+0000] {processor.py:183} INFO - Processing /home/airflow/.local/lib/python3.11/site-packages/airflow/example_dags/example_trigger_controller_dag.py took 0.060 seconds
[2024-03-06T14:15:49.783+0000] {processor.py:161} INFO - Started process (PID=15424) to work on /home/airflow/.local/lib/python3.11/site-packages/airflow/example_dags/example_trigger_controller_dag.py
[2024-03-06T14:15:49.785+0000] {processor.py:830} INFO - Processing file /home/airflow/.local/lib/python3.11/site-packages/airflow/example_dags/example_trigger_controller_dag.py for tasks to queue
[2024-03-06T14:15:49.786+0000] {logging_mixin.py:188} INFO - [2024-03-06T14:15:49.786+0000] {dagbag.py:540} INFO - Filling up the DagBag from /home/airflow/.local/lib/python3.11/site-packages/airflow/example_dags/example_trigger_controller_dag.py
[2024-03-06T14:15:49.791+0000] {processor.py:840} INFO - DAG(s) 'example_trigger_controller_dag' retrieved from /home/airflow/.local/lib/python3.11/site-packages/airflow/example_dags/example_trigger_controller_dag.py
[2024-03-06T14:15:49.813+0000] {logging_mixin.py:188} INFO - [2024-03-06T14:15:49.812+0000] {dag.py:3047} INFO - Sync 1 DAGs
[2024-03-06T14:15:49.837+0000] {logging_mixin.py:188} INFO - [2024-03-06T14:15:49.837+0000] {dag.py:3834} INFO - Setting next_dagrun for example_trigger_controller_dag to 2021-01-01 00:00:00+00:00, run_after=2021-01-01 00:00:00+00:00
[2024-03-06T14:15:49.862+0000] {processor.py:183} INFO - Processing /home/airflow/.local/lib/python3.11/site-packages/airflow/example_dags/example_trigger_controller_dag.py took 0.082 seconds
[2024-03-06T14:16:19.958+0000] {processor.py:161} INFO - Started process (PID=15671) to work on /home/airflow/.local/lib/python3.11/site-packages/airflow/example_dags/example_trigger_controller_dag.py
[2024-03-06T14:16:19.960+0000] {processor.py:830} INFO - Processing file /home/airflow/.local/lib/python3.11/site-packages/airflow/example_dags/example_trigger_controller_dag.py for tasks to queue
[2024-03-06T14:16:19.962+0000] {logging_mixin.py:188} INFO - [2024-03-06T14:16:19.961+0000] {dagbag.py:540} INFO - Filling up the DagBag from /home/airflow/.local/lib/python3.11/site-packages/airflow/example_dags/example_trigger_controller_dag.py
[2024-03-06T14:16:19.967+0000] {processor.py:840} INFO - DAG(s) 'example_trigger_controller_dag' retrieved from /home/airflow/.local/lib/python3.11/site-packages/airflow/example_dags/example_trigger_controller_dag.py
[2024-03-06T14:16:19.989+0000] {logging_mixin.py:188} INFO - [2024-03-06T14:16:19.988+0000] {dag.py:3047} INFO - Sync 1 DAGs
[2024-03-06T14:16:20.008+0000] {logging_mixin.py:188} INFO - [2024-03-06T14:16:20.008+0000] {dag.py:3834} INFO - Setting next_dagrun for example_trigger_controller_dag to 2021-01-01 00:00:00+00:00, run_after=2021-01-01 00:00:00+00:00
[2024-03-06T14:16:20.027+0000] {processor.py:183} INFO - Processing /home/airflow/.local/lib/python3.11/site-packages/airflow/example_dags/example_trigger_controller_dag.py took 0.072 seconds
[2024-03-06T14:16:50.598+0000] {processor.py:161} INFO - Started process (PID=15918) to work on /home/airflow/.local/lib/python3.11/site-packages/airflow/example_dags/example_trigger_controller_dag.py
[2024-03-06T14:16:50.599+0000] {processor.py:830} INFO - Processing file /home/airflow/.local/lib/python3.11/site-packages/airflow/example_dags/example_trigger_controller_dag.py for tasks to queue
[2024-03-06T14:16:50.600+0000] {logging_mixin.py:188} INFO - [2024-03-06T14:16:50.600+0000] {dagbag.py:540} INFO - Filling up the DagBag from /home/airflow/.local/lib/python3.11/site-packages/airflow/example_dags/example_trigger_controller_dag.py
[2024-03-06T14:16:50.606+0000] {processor.py:840} INFO - DAG(s) 'example_trigger_controller_dag' retrieved from /home/airflow/.local/lib/python3.11/site-packages/airflow/example_dags/example_trigger_controller_dag.py
[2024-03-06T14:16:50.629+0000] {logging_mixin.py:188} INFO - [2024-03-06T14:16:50.629+0000] {dag.py:3047} INFO - Sync 1 DAGs
[2024-03-06T14:16:50.654+0000] {logging_mixin.py:188} INFO - [2024-03-06T14:16:50.654+0000] {dag.py:3834} INFO - Setting next_dagrun for example_trigger_controller_dag to 2021-01-01 00:00:00+00:00, run_after=2021-01-01 00:00:00+00:00
[2024-03-06T14:16:50.673+0000] {processor.py:183} INFO - Processing /home/airflow/.local/lib/python3.11/site-packages/airflow/example_dags/example_trigger_controller_dag.py took 0.079 seconds
[2024-03-06T14:17:21.671+0000] {processor.py:161} INFO - Started process (PID=16164) to work on /home/airflow/.local/lib/python3.11/site-packages/airflow/example_dags/example_trigger_controller_dag.py
[2024-03-06T14:17:21.692+0000] {processor.py:830} INFO - Processing file /home/airflow/.local/lib/python3.11/site-packages/airflow/example_dags/example_trigger_controller_dag.py for tasks to queue
[2024-03-06T14:17:21.699+0000] {logging_mixin.py:188} INFO - [2024-03-06T14:17:21.694+0000] {dagbag.py:540} INFO - Filling up the DagBag from /home/airflow/.local/lib/python3.11/site-packages/airflow/example_dags/example_trigger_controller_dag.py
[2024-03-06T14:17:21.712+0000] {processor.py:840} INFO - DAG(s) 'example_trigger_controller_dag' retrieved from /home/airflow/.local/lib/python3.11/site-packages/airflow/example_dags/example_trigger_controller_dag.py
[2024-03-06T14:17:21.770+0000] {logging_mixin.py:188} INFO - [2024-03-06T14:17:21.770+0000] {dag.py:3047} INFO - Sync 1 DAGs
[2024-03-06T14:17:21.825+0000] {logging_mixin.py:188} INFO - [2024-03-06T14:17:21.824+0000] {dag.py:3834} INFO - Setting next_dagrun for example_trigger_controller_dag to 2021-01-01 00:00:00+00:00, run_after=2021-01-01 00:00:00+00:00
[2024-03-06T14:17:21.883+0000] {processor.py:183} INFO - Processing /home/airflow/.local/lib/python3.11/site-packages/airflow/example_dags/example_trigger_controller_dag.py took 0.224 seconds
[2024-03-06T14:17:52.794+0000] {processor.py:161} INFO - Started process (PID=16412) to work on /home/airflow/.local/lib/python3.11/site-packages/airflow/example_dags/example_trigger_controller_dag.py
[2024-03-06T14:17:52.800+0000] {processor.py:830} INFO - Processing file /home/airflow/.local/lib/python3.11/site-packages/airflow/example_dags/example_trigger_controller_dag.py for tasks to queue
[2024-03-06T14:17:52.804+0000] {logging_mixin.py:188} INFO - [2024-03-06T14:17:52.804+0000] {dagbag.py:540} INFO - Filling up the DagBag from /home/airflow/.local/lib/python3.11/site-packages/airflow/example_dags/example_trigger_controller_dag.py
[2024-03-06T14:17:52.818+0000] {processor.py:840} INFO - DAG(s) 'example_trigger_controller_dag' retrieved from /home/airflow/.local/lib/python3.11/site-packages/airflow/example_dags/example_trigger_controller_dag.py
[2024-03-06T14:17:52.890+0000] {logging_mixin.py:188} INFO - [2024-03-06T14:17:52.890+0000] {dag.py:3047} INFO - Sync 1 DAGs
[2024-03-06T14:17:52.999+0000] {logging_mixin.py:188} INFO - [2024-03-06T14:17:52.999+0000] {dag.py:3834} INFO - Setting next_dagrun for example_trigger_controller_dag to 2021-01-01 00:00:00+00:00, run_after=2021-01-01 00:00:00+00:00
[2024-03-06T14:17:53.115+0000] {processor.py:183} INFO - Processing /home/airflow/.local/lib/python3.11/site-packages/airflow/example_dags/example_trigger_controller_dag.py took 0.328 seconds
[2024-03-06T14:18:24.185+0000] {processor.py:161} INFO - Started process (PID=16660) to work on /home/airflow/.local/lib/python3.11/site-packages/airflow/example_dags/example_trigger_controller_dag.py
[2024-03-06T14:18:24.187+0000] {processor.py:830} INFO - Processing file /home/airflow/.local/lib/python3.11/site-packages/airflow/example_dags/example_trigger_controller_dag.py for tasks to queue
[2024-03-06T14:18:24.205+0000] {logging_mixin.py:188} INFO - [2024-03-06T14:18:24.204+0000] {dagbag.py:540} INFO - Filling up the DagBag from /home/airflow/.local/lib/python3.11/site-packages/airflow/example_dags/example_trigger_controller_dag.py
[2024-03-06T14:18:24.247+0000] {processor.py:840} INFO - DAG(s) 'example_trigger_controller_dag' retrieved from /home/airflow/.local/lib/python3.11/site-packages/airflow/example_dags/example_trigger_controller_dag.py
[2024-03-06T14:18:24.320+0000] {logging_mixin.py:188} INFO - [2024-03-06T14:18:24.317+0000] {dag.py:3047} INFO - Sync 1 DAGs
[2024-03-06T14:18:24.434+0000] {logging_mixin.py:188} INFO - [2024-03-06T14:18:24.431+0000] {dag.py:3834} INFO - Setting next_dagrun for example_trigger_controller_dag to 2021-01-01 00:00:00+00:00, run_after=2021-01-01 00:00:00+00:00
[2024-03-06T14:18:24.513+0000] {processor.py:183} INFO - Processing /home/airflow/.local/lib/python3.11/site-packages/airflow/example_dags/example_trigger_controller_dag.py took 0.344 seconds
[2024-03-06T14:18:55.536+0000] {processor.py:161} INFO - Started process (PID=16907) to work on /home/airflow/.local/lib/python3.11/site-packages/airflow/example_dags/example_trigger_controller_dag.py
[2024-03-06T14:18:55.541+0000] {processor.py:830} INFO - Processing file /home/airflow/.local/lib/python3.11/site-packages/airflow/example_dags/example_trigger_controller_dag.py for tasks to queue
[2024-03-06T14:18:55.545+0000] {logging_mixin.py:188} INFO - [2024-03-06T14:18:55.543+0000] {dagbag.py:540} INFO - Filling up the DagBag from /home/airflow/.local/lib/python3.11/site-packages/airflow/example_dags/example_trigger_controller_dag.py
[2024-03-06T14:18:55.559+0000] {processor.py:840} INFO - DAG(s) 'example_trigger_controller_dag' retrieved from /home/airflow/.local/lib/python3.11/site-packages/airflow/example_dags/example_trigger_controller_dag.py
[2024-03-06T14:18:55.675+0000] {logging_mixin.py:188} INFO - [2024-03-06T14:18:55.674+0000] {dag.py:3047} INFO - Sync 1 DAGs
[2024-03-06T14:18:55.791+0000] {logging_mixin.py:188} INFO - [2024-03-06T14:18:55.791+0000] {dag.py:3834} INFO - Setting next_dagrun for example_trigger_controller_dag to 2021-01-01 00:00:00+00:00, run_after=2021-01-01 00:00:00+00:00
[2024-03-06T14:18:55.927+0000] {processor.py:183} INFO - Processing /home/airflow/.local/lib/python3.11/site-packages/airflow/example_dags/example_trigger_controller_dag.py took 0.397 seconds
