[2024-03-06T13:44:36.499+0000] {processor.py:161} INFO - Started process (PID=234) to work on /home/airflow/.local/lib/python3.11/site-packages/airflow/example_dags/example_sla_dag.py
[2024-03-06T13:44:36.503+0000] {processor.py:830} INFO - Processing file /home/airflow/.local/lib/python3.11/site-packages/airflow/example_dags/example_sla_dag.py for tasks to queue
[2024-03-06T13:44:36.504+0000] {logging_mixin.py:188} INFO - [2024-03-06T13:44:36.504+0000] {dagbag.py:540} INFO - Filling up the DagBag from /home/airflow/.local/lib/python3.11/site-packages/airflow/example_dags/example_sla_dag.py
[2024-03-06T13:44:36.521+0000] {processor.py:840} INFO - DAG(s) 'example_sla_dag' retrieved from /home/airflow/.local/lib/python3.11/site-packages/airflow/example_dags/example_sla_dag.py
[2024-03-06T13:44:36.561+0000] {logging_mixin.py:188} INFO - [2024-03-06T13:44:36.561+0000] {dag.py:3047} INFO - Sync 1 DAGs
[2024-03-06T13:44:36.600+0000] {logging_mixin.py:188} INFO - [2024-03-06T13:44:36.599+0000] {dag.py:3834} INFO - Setting next_dagrun for example_sla_dag to 2024-03-06 13:42:00+00:00, run_after=2024-03-06 13:44:00+00:00
[2024-03-06T13:44:36.630+0000] {processor.py:183} INFO - Processing /home/airflow/.local/lib/python3.11/site-packages/airflow/example_dags/example_sla_dag.py took 0.135 seconds
[2024-03-06T13:45:07.220+0000] {processor.py:161} INFO - Started process (PID=480) to work on /home/airflow/.local/lib/python3.11/site-packages/airflow/example_dags/example_sla_dag.py
[2024-03-06T13:45:07.221+0000] {processor.py:830} INFO - Processing file /home/airflow/.local/lib/python3.11/site-packages/airflow/example_dags/example_sla_dag.py for tasks to queue
[2024-03-06T13:45:07.223+0000] {logging_mixin.py:188} INFO - [2024-03-06T13:45:07.222+0000] {dagbag.py:540} INFO - Filling up the DagBag from /home/airflow/.local/lib/python3.11/site-packages/airflow/example_dags/example_sla_dag.py
[2024-03-06T13:45:07.233+0000] {processor.py:840} INFO - DAG(s) 'example_sla_dag' retrieved from /home/airflow/.local/lib/python3.11/site-packages/airflow/example_dags/example_sla_dag.py
[2024-03-06T13:45:07.261+0000] {logging_mixin.py:188} INFO - [2024-03-06T13:45:07.261+0000] {dag.py:3047} INFO - Sync 1 DAGs
[2024-03-06T13:45:07.289+0000] {logging_mixin.py:188} INFO - [2024-03-06T13:45:07.289+0000] {dag.py:3834} INFO - Setting next_dagrun for example_sla_dag to 2024-03-06 13:42:00+00:00, run_after=2024-03-06 13:44:00+00:00
[2024-03-06T13:45:07.309+0000] {processor.py:183} INFO - Processing /home/airflow/.local/lib/python3.11/site-packages/airflow/example_dags/example_sla_dag.py took 0.093 seconds
[2024-03-06T13:45:37.657+0000] {processor.py:161} INFO - Started process (PID=726) to work on /home/airflow/.local/lib/python3.11/site-packages/airflow/example_dags/example_sla_dag.py
[2024-03-06T13:45:37.659+0000] {processor.py:830} INFO - Processing file /home/airflow/.local/lib/python3.11/site-packages/airflow/example_dags/example_sla_dag.py for tasks to queue
[2024-03-06T13:45:37.660+0000] {logging_mixin.py:188} INFO - [2024-03-06T13:45:37.659+0000] {dagbag.py:540} INFO - Filling up the DagBag from /home/airflow/.local/lib/python3.11/site-packages/airflow/example_dags/example_sla_dag.py
[2024-03-06T13:45:37.671+0000] {processor.py:840} INFO - DAG(s) 'example_sla_dag' retrieved from /home/airflow/.local/lib/python3.11/site-packages/airflow/example_dags/example_sla_dag.py
[2024-03-06T13:45:37.694+0000] {logging_mixin.py:188} INFO - [2024-03-06T13:45:37.694+0000] {dag.py:3047} INFO - Sync 1 DAGs
[2024-03-06T13:45:37.722+0000] {logging_mixin.py:188} INFO - [2024-03-06T13:45:37.721+0000] {dag.py:3834} INFO - Setting next_dagrun for example_sla_dag to 2024-03-06 13:42:00+00:00, run_after=2024-03-06 13:44:00+00:00
[2024-03-06T13:45:37.744+0000] {processor.py:183} INFO - Processing /home/airflow/.local/lib/python3.11/site-packages/airflow/example_dags/example_sla_dag.py took 0.090 seconds
[2024-03-06T13:46:07.873+0000] {processor.py:161} INFO - Started process (PID=973) to work on /home/airflow/.local/lib/python3.11/site-packages/airflow/example_dags/example_sla_dag.py
[2024-03-06T13:46:07.875+0000] {processor.py:830} INFO - Processing file /home/airflow/.local/lib/python3.11/site-packages/airflow/example_dags/example_sla_dag.py for tasks to queue
[2024-03-06T13:46:07.876+0000] {logging_mixin.py:188} INFO - [2024-03-06T13:46:07.875+0000] {dagbag.py:540} INFO - Filling up the DagBag from /home/airflow/.local/lib/python3.11/site-packages/airflow/example_dags/example_sla_dag.py
[2024-03-06T13:46:07.887+0000] {processor.py:840} INFO - DAG(s) 'example_sla_dag' retrieved from /home/airflow/.local/lib/python3.11/site-packages/airflow/example_dags/example_sla_dag.py
[2024-03-06T13:46:07.907+0000] {logging_mixin.py:188} INFO - [2024-03-06T13:46:07.907+0000] {dag.py:3047} INFO - Sync 1 DAGs
[2024-03-06T13:46:07.933+0000] {logging_mixin.py:188} INFO - [2024-03-06T13:46:07.933+0000] {dag.py:3834} INFO - Setting next_dagrun for example_sla_dag to 2024-03-06 13:44:00+00:00, run_after=2024-03-06 13:46:00+00:00
[2024-03-06T13:46:07.952+0000] {processor.py:183} INFO - Processing /home/airflow/.local/lib/python3.11/site-packages/airflow/example_dags/example_sla_dag.py took 0.083 seconds
[2024-03-06T13:46:38.867+0000] {processor.py:161} INFO - Started process (PID=1220) to work on /home/airflow/.local/lib/python3.11/site-packages/airflow/example_dags/example_sla_dag.py
[2024-03-06T13:46:38.868+0000] {processor.py:830} INFO - Processing file /home/airflow/.local/lib/python3.11/site-packages/airflow/example_dags/example_sla_dag.py for tasks to queue
[2024-03-06T13:46:38.869+0000] {logging_mixin.py:188} INFO - [2024-03-06T13:46:38.868+0000] {dagbag.py:540} INFO - Filling up the DagBag from /home/airflow/.local/lib/python3.11/site-packages/airflow/example_dags/example_sla_dag.py
[2024-03-06T13:46:38.878+0000] {processor.py:840} INFO - DAG(s) 'example_sla_dag' retrieved from /home/airflow/.local/lib/python3.11/site-packages/airflow/example_dags/example_sla_dag.py
[2024-03-06T13:46:38.904+0000] {logging_mixin.py:188} INFO - [2024-03-06T13:46:38.904+0000] {dag.py:3047} INFO - Sync 1 DAGs
[2024-03-06T13:46:38.930+0000] {logging_mixin.py:188} INFO - [2024-03-06T13:46:38.930+0000] {dag.py:3834} INFO - Setting next_dagrun for example_sla_dag to 2024-03-06 13:44:00+00:00, run_after=2024-03-06 13:46:00+00:00
[2024-03-06T13:46:38.952+0000] {processor.py:183} INFO - Processing /home/airflow/.local/lib/python3.11/site-packages/airflow/example_dags/example_sla_dag.py took 0.090 seconds
[2024-03-06T13:47:09.860+0000] {processor.py:161} INFO - Started process (PID=1467) to work on /home/airflow/.local/lib/python3.11/site-packages/airflow/example_dags/example_sla_dag.py
[2024-03-06T13:47:09.862+0000] {processor.py:830} INFO - Processing file /home/airflow/.local/lib/python3.11/site-packages/airflow/example_dags/example_sla_dag.py for tasks to queue
[2024-03-06T13:47:09.869+0000] {logging_mixin.py:188} INFO - [2024-03-06T13:47:09.863+0000] {dagbag.py:540} INFO - Filling up the DagBag from /home/airflow/.local/lib/python3.11/site-packages/airflow/example_dags/example_sla_dag.py
[2024-03-06T13:47:09.888+0000] {processor.py:840} INFO - DAG(s) 'example_sla_dag' retrieved from /home/airflow/.local/lib/python3.11/site-packages/airflow/example_dags/example_sla_dag.py
[2024-03-06T13:47:09.972+0000] {logging_mixin.py:188} INFO - [2024-03-06T13:47:09.971+0000] {dag.py:3047} INFO - Sync 1 DAGs
[2024-03-06T13:47:10.015+0000] {logging_mixin.py:188} INFO - [2024-03-06T13:47:10.015+0000] {dag.py:3834} INFO - Setting next_dagrun for example_sla_dag to 2024-03-06 13:44:00+00:00, run_after=2024-03-06 13:46:00+00:00
[2024-03-06T13:47:10.068+0000] {processor.py:183} INFO - Processing /home/airflow/.local/lib/python3.11/site-packages/airflow/example_dags/example_sla_dag.py took 0.222 seconds
[2024-03-06T13:47:40.910+0000] {processor.py:161} INFO - Started process (PID=1714) to work on /home/airflow/.local/lib/python3.11/site-packages/airflow/example_dags/example_sla_dag.py
[2024-03-06T13:47:40.913+0000] {processor.py:830} INFO - Processing file /home/airflow/.local/lib/python3.11/site-packages/airflow/example_dags/example_sla_dag.py for tasks to queue
[2024-03-06T13:47:40.920+0000] {logging_mixin.py:188} INFO - [2024-03-06T13:47:40.919+0000] {dagbag.py:540} INFO - Filling up the DagBag from /home/airflow/.local/lib/python3.11/site-packages/airflow/example_dags/example_sla_dag.py
[2024-03-06T13:47:40.941+0000] {processor.py:840} INFO - DAG(s) 'example_sla_dag' retrieved from /home/airflow/.local/lib/python3.11/site-packages/airflow/example_dags/example_sla_dag.py
[2024-03-06T13:47:41.002+0000] {logging_mixin.py:188} INFO - [2024-03-06T13:47:41.001+0000] {dag.py:3047} INFO - Sync 1 DAGs
[2024-03-06T13:47:41.068+0000] {logging_mixin.py:188} INFO - [2024-03-06T13:47:41.067+0000] {dag.py:3834} INFO - Setting next_dagrun for example_sla_dag to 2024-03-06 13:44:00+00:00, run_after=2024-03-06 13:46:00+00:00
[2024-03-06T13:47:41.145+0000] {processor.py:183} INFO - Processing /home/airflow/.local/lib/python3.11/site-packages/airflow/example_dags/example_sla_dag.py took 0.241 seconds
[2024-03-06T13:48:11.389+0000] {processor.py:161} INFO - Started process (PID=1961) to work on /home/airflow/.local/lib/python3.11/site-packages/airflow/example_dags/example_sla_dag.py
[2024-03-06T13:48:11.391+0000] {processor.py:830} INFO - Processing file /home/airflow/.local/lib/python3.11/site-packages/airflow/example_dags/example_sla_dag.py for tasks to queue
[2024-03-06T13:48:11.393+0000] {logging_mixin.py:188} INFO - [2024-03-06T13:48:11.393+0000] {dagbag.py:540} INFO - Filling up the DagBag from /home/airflow/.local/lib/python3.11/site-packages/airflow/example_dags/example_sla_dag.py
[2024-03-06T13:48:11.404+0000] {processor.py:840} INFO - DAG(s) 'example_sla_dag' retrieved from /home/airflow/.local/lib/python3.11/site-packages/airflow/example_dags/example_sla_dag.py
[2024-03-06T13:48:11.428+0000] {logging_mixin.py:188} INFO - [2024-03-06T13:48:11.428+0000] {dag.py:3047} INFO - Sync 1 DAGs
[2024-03-06T13:48:11.454+0000] {logging_mixin.py:188} INFO - [2024-03-06T13:48:11.454+0000] {dag.py:3834} INFO - Setting next_dagrun for example_sla_dag to 2024-03-06 13:46:00+00:00, run_after=2024-03-06 13:48:00+00:00
[2024-03-06T13:48:11.471+0000] {processor.py:183} INFO - Processing /home/airflow/.local/lib/python3.11/site-packages/airflow/example_dags/example_sla_dag.py took 0.086 seconds
[2024-03-06T13:48:42.006+0000] {processor.py:161} INFO - Started process (PID=2207) to work on /home/airflow/.local/lib/python3.11/site-packages/airflow/example_dags/example_sla_dag.py
[2024-03-06T13:48:42.009+0000] {processor.py:830} INFO - Processing file /home/airflow/.local/lib/python3.11/site-packages/airflow/example_dags/example_sla_dag.py for tasks to queue
[2024-03-06T13:48:42.011+0000] {logging_mixin.py:188} INFO - [2024-03-06T13:48:42.010+0000] {dagbag.py:540} INFO - Filling up the DagBag from /home/airflow/.local/lib/python3.11/site-packages/airflow/example_dags/example_sla_dag.py
[2024-03-06T13:48:42.032+0000] {processor.py:840} INFO - DAG(s) 'example_sla_dag' retrieved from /home/airflow/.local/lib/python3.11/site-packages/airflow/example_dags/example_sla_dag.py
[2024-03-06T13:48:42.066+0000] {logging_mixin.py:188} INFO - [2024-03-06T13:48:42.065+0000] {dag.py:3047} INFO - Sync 1 DAGs
[2024-03-06T13:48:42.106+0000] {logging_mixin.py:188} INFO - [2024-03-06T13:48:42.105+0000] {dag.py:3834} INFO - Setting next_dagrun for example_sla_dag to 2024-03-06 13:46:00+00:00, run_after=2024-03-06 13:48:00+00:00
[2024-03-06T13:48:42.138+0000] {processor.py:183} INFO - Processing /home/airflow/.local/lib/python3.11/site-packages/airflow/example_dags/example_sla_dag.py took 0.137 seconds
[2024-03-06T13:49:13.042+0000] {processor.py:161} INFO - Started process (PID=2454) to work on /home/airflow/.local/lib/python3.11/site-packages/airflow/example_dags/example_sla_dag.py
[2024-03-06T13:49:13.043+0000] {processor.py:830} INFO - Processing file /home/airflow/.local/lib/python3.11/site-packages/airflow/example_dags/example_sla_dag.py for tasks to queue
[2024-03-06T13:49:13.044+0000] {logging_mixin.py:188} INFO - [2024-03-06T13:49:13.043+0000] {dagbag.py:540} INFO - Filling up the DagBag from /home/airflow/.local/lib/python3.11/site-packages/airflow/example_dags/example_sla_dag.py
[2024-03-06T13:49:13.054+0000] {processor.py:840} INFO - DAG(s) 'example_sla_dag' retrieved from /home/airflow/.local/lib/python3.11/site-packages/airflow/example_dags/example_sla_dag.py
[2024-03-06T13:49:13.109+0000] {logging_mixin.py:188} INFO - [2024-03-06T13:49:13.108+0000] {dag.py:3047} INFO - Sync 1 DAGs
[2024-03-06T13:49:13.142+0000] {logging_mixin.py:188} INFO - [2024-03-06T13:49:13.142+0000] {dag.py:3834} INFO - Setting next_dagrun for example_sla_dag to 2024-03-06 13:46:00+00:00, run_after=2024-03-06 13:48:00+00:00
[2024-03-06T13:49:13.161+0000] {processor.py:183} INFO - Processing /home/airflow/.local/lib/python3.11/site-packages/airflow/example_dags/example_sla_dag.py took 0.123 seconds
[2024-03-06T13:49:43.270+0000] {processor.py:161} INFO - Started process (PID=2701) to work on /home/airflow/.local/lib/python3.11/site-packages/airflow/example_dags/example_sla_dag.py
[2024-03-06T13:49:43.271+0000] {processor.py:830} INFO - Processing file /home/airflow/.local/lib/python3.11/site-packages/airflow/example_dags/example_sla_dag.py for tasks to queue
[2024-03-06T13:49:43.273+0000] {logging_mixin.py:188} INFO - [2024-03-06T13:49:43.272+0000] {dagbag.py:540} INFO - Filling up the DagBag from /home/airflow/.local/lib/python3.11/site-packages/airflow/example_dags/example_sla_dag.py
[2024-03-06T13:49:43.282+0000] {processor.py:840} INFO - DAG(s) 'example_sla_dag' retrieved from /home/airflow/.local/lib/python3.11/site-packages/airflow/example_dags/example_sla_dag.py
[2024-03-06T13:49:43.308+0000] {logging_mixin.py:188} INFO - [2024-03-06T13:49:43.308+0000] {dag.py:3047} INFO - Sync 1 DAGs
[2024-03-06T13:49:43.334+0000] {logging_mixin.py:188} INFO - [2024-03-06T13:49:43.334+0000] {dag.py:3834} INFO - Setting next_dagrun for example_sla_dag to 2024-03-06 13:46:00+00:00, run_after=2024-03-06 13:48:00+00:00
[2024-03-06T13:49:43.349+0000] {processor.py:183} INFO - Processing /home/airflow/.local/lib/python3.11/site-packages/airflow/example_dags/example_sla_dag.py took 0.084 seconds
[2024-03-06T13:50:14.167+0000] {processor.py:161} INFO - Started process (PID=2948) to work on /home/airflow/.local/lib/python3.11/site-packages/airflow/example_dags/example_sla_dag.py
[2024-03-06T13:50:14.169+0000] {processor.py:830} INFO - Processing file /home/airflow/.local/lib/python3.11/site-packages/airflow/example_dags/example_sla_dag.py for tasks to queue
[2024-03-06T13:50:14.170+0000] {logging_mixin.py:188} INFO - [2024-03-06T13:50:14.170+0000] {dagbag.py:540} INFO - Filling up the DagBag from /home/airflow/.local/lib/python3.11/site-packages/airflow/example_dags/example_sla_dag.py
[2024-03-06T13:50:14.181+0000] {processor.py:840} INFO - DAG(s) 'example_sla_dag' retrieved from /home/airflow/.local/lib/python3.11/site-packages/airflow/example_dags/example_sla_dag.py
[2024-03-06T13:50:14.202+0000] {logging_mixin.py:188} INFO - [2024-03-06T13:50:14.202+0000] {dag.py:3047} INFO - Sync 1 DAGs
[2024-03-06T13:50:14.228+0000] {logging_mixin.py:188} INFO - [2024-03-06T13:50:14.228+0000] {dag.py:3834} INFO - Setting next_dagrun for example_sla_dag to 2024-03-06 13:48:00+00:00, run_after=2024-03-06 13:50:00+00:00
[2024-03-06T13:50:14.243+0000] {processor.py:183} INFO - Processing /home/airflow/.local/lib/python3.11/site-packages/airflow/example_dags/example_sla_dag.py took 0.079 seconds
[2024-03-06T13:50:44.789+0000] {processor.py:161} INFO - Started process (PID=3195) to work on /home/airflow/.local/lib/python3.11/site-packages/airflow/example_dags/example_sla_dag.py
[2024-03-06T13:50:44.790+0000] {processor.py:830} INFO - Processing file /home/airflow/.local/lib/python3.11/site-packages/airflow/example_dags/example_sla_dag.py for tasks to queue
[2024-03-06T13:50:44.791+0000] {logging_mixin.py:188} INFO - [2024-03-06T13:50:44.791+0000] {dagbag.py:540} INFO - Filling up the DagBag from /home/airflow/.local/lib/python3.11/site-packages/airflow/example_dags/example_sla_dag.py
[2024-03-06T13:50:44.799+0000] {processor.py:840} INFO - DAG(s) 'example_sla_dag' retrieved from /home/airflow/.local/lib/python3.11/site-packages/airflow/example_dags/example_sla_dag.py
[2024-03-06T13:50:44.819+0000] {logging_mixin.py:188} INFO - [2024-03-06T13:50:44.819+0000] {dag.py:3047} INFO - Sync 1 DAGs
[2024-03-06T13:50:44.844+0000] {logging_mixin.py:188} INFO - [2024-03-06T13:50:44.844+0000] {dag.py:3834} INFO - Setting next_dagrun for example_sla_dag to 2024-03-06 13:48:00+00:00, run_after=2024-03-06 13:50:00+00:00
[2024-03-06T13:50:44.857+0000] {processor.py:183} INFO - Processing /home/airflow/.local/lib/python3.11/site-packages/airflow/example_dags/example_sla_dag.py took 0.072 seconds
[2024-03-06T13:51:15.234+0000] {processor.py:161} INFO - Started process (PID=3442) to work on /home/airflow/.local/lib/python3.11/site-packages/airflow/example_dags/example_sla_dag.py
[2024-03-06T13:51:15.235+0000] {processor.py:830} INFO - Processing file /home/airflow/.local/lib/python3.11/site-packages/airflow/example_dags/example_sla_dag.py for tasks to queue
[2024-03-06T13:51:15.236+0000] {logging_mixin.py:188} INFO - [2024-03-06T13:51:15.236+0000] {dagbag.py:540} INFO - Filling up the DagBag from /home/airflow/.local/lib/python3.11/site-packages/airflow/example_dags/example_sla_dag.py
[2024-03-06T13:51:15.246+0000] {processor.py:840} INFO - DAG(s) 'example_sla_dag' retrieved from /home/airflow/.local/lib/python3.11/site-packages/airflow/example_dags/example_sla_dag.py
[2024-03-06T13:51:15.267+0000] {logging_mixin.py:188} INFO - [2024-03-06T13:51:15.267+0000] {dag.py:3047} INFO - Sync 1 DAGs
[2024-03-06T13:51:15.288+0000] {logging_mixin.py:188} INFO - [2024-03-06T13:51:15.288+0000] {dag.py:3834} INFO - Setting next_dagrun for example_sla_dag to 2024-03-06 13:48:00+00:00, run_after=2024-03-06 13:50:00+00:00
[2024-03-06T13:51:15.302+0000] {processor.py:183} INFO - Processing /home/airflow/.local/lib/python3.11/site-packages/airflow/example_dags/example_sla_dag.py took 0.071 seconds
[2024-03-06T13:51:45.711+0000] {processor.py:161} INFO - Started process (PID=3689) to work on /home/airflow/.local/lib/python3.11/site-packages/airflow/example_dags/example_sla_dag.py
[2024-03-06T13:51:45.712+0000] {processor.py:830} INFO - Processing file /home/airflow/.local/lib/python3.11/site-packages/airflow/example_dags/example_sla_dag.py for tasks to queue
[2024-03-06T13:51:45.714+0000] {logging_mixin.py:188} INFO - [2024-03-06T13:51:45.713+0000] {dagbag.py:540} INFO - Filling up the DagBag from /home/airflow/.local/lib/python3.11/site-packages/airflow/example_dags/example_sla_dag.py
[2024-03-06T13:51:45.725+0000] {processor.py:840} INFO - DAG(s) 'example_sla_dag' retrieved from /home/airflow/.local/lib/python3.11/site-packages/airflow/example_dags/example_sla_dag.py
[2024-03-06T13:51:45.750+0000] {logging_mixin.py:188} INFO - [2024-03-06T13:51:45.749+0000] {dag.py:3047} INFO - Sync 1 DAGs
[2024-03-06T13:51:45.776+0000] {logging_mixin.py:188} INFO - [2024-03-06T13:51:45.776+0000] {dag.py:3834} INFO - Setting next_dagrun for example_sla_dag to 2024-03-06 13:48:00+00:00, run_after=2024-03-06 13:50:00+00:00
[2024-03-06T13:51:45.790+0000] {processor.py:183} INFO - Processing /home/airflow/.local/lib/python3.11/site-packages/airflow/example_dags/example_sla_dag.py took 0.083 seconds
[2024-03-06T13:52:16.243+0000] {processor.py:161} INFO - Started process (PID=3936) to work on /home/airflow/.local/lib/python3.11/site-packages/airflow/example_dags/example_sla_dag.py
[2024-03-06T13:52:16.244+0000] {processor.py:830} INFO - Processing file /home/airflow/.local/lib/python3.11/site-packages/airflow/example_dags/example_sla_dag.py for tasks to queue
[2024-03-06T13:52:16.245+0000] {logging_mixin.py:188} INFO - [2024-03-06T13:52:16.245+0000] {dagbag.py:540} INFO - Filling up the DagBag from /home/airflow/.local/lib/python3.11/site-packages/airflow/example_dags/example_sla_dag.py
[2024-03-06T13:52:16.254+0000] {processor.py:840} INFO - DAG(s) 'example_sla_dag' retrieved from /home/airflow/.local/lib/python3.11/site-packages/airflow/example_dags/example_sla_dag.py
[2024-03-06T13:52:16.273+0000] {logging_mixin.py:188} INFO - [2024-03-06T13:52:16.273+0000] {dag.py:3047} INFO - Sync 1 DAGs
[2024-03-06T13:52:16.297+0000] {logging_mixin.py:188} INFO - [2024-03-06T13:52:16.296+0000] {dag.py:3834} INFO - Setting next_dagrun for example_sla_dag to 2024-03-06 13:50:00+00:00, run_after=2024-03-06 13:52:00+00:00
[2024-03-06T13:52:16.313+0000] {processor.py:183} INFO - Processing /home/airflow/.local/lib/python3.11/site-packages/airflow/example_dags/example_sla_dag.py took 0.073 seconds
[2024-03-06T13:52:46.889+0000] {processor.py:161} INFO - Started process (PID=4183) to work on /home/airflow/.local/lib/python3.11/site-packages/airflow/example_dags/example_sla_dag.py
[2024-03-06T13:52:46.891+0000] {processor.py:830} INFO - Processing file /home/airflow/.local/lib/python3.11/site-packages/airflow/example_dags/example_sla_dag.py for tasks to queue
[2024-03-06T13:52:46.893+0000] {logging_mixin.py:188} INFO - [2024-03-06T13:52:46.892+0000] {dagbag.py:540} INFO - Filling up the DagBag from /home/airflow/.local/lib/python3.11/site-packages/airflow/example_dags/example_sla_dag.py
[2024-03-06T13:52:46.905+0000] {processor.py:840} INFO - DAG(s) 'example_sla_dag' retrieved from /home/airflow/.local/lib/python3.11/site-packages/airflow/example_dags/example_sla_dag.py
[2024-03-06T13:52:46.935+0000] {logging_mixin.py:188} INFO - [2024-03-06T13:52:46.934+0000] {dag.py:3047} INFO - Sync 1 DAGs
[2024-03-06T13:52:46.960+0000] {logging_mixin.py:188} INFO - [2024-03-06T13:52:46.960+0000] {dag.py:3834} INFO - Setting next_dagrun for example_sla_dag to 2024-03-06 13:50:00+00:00, run_after=2024-03-06 13:52:00+00:00
[2024-03-06T13:52:46.980+0000] {processor.py:183} INFO - Processing /home/airflow/.local/lib/python3.11/site-packages/airflow/example_dags/example_sla_dag.py took 0.095 seconds
[2024-03-06T13:53:17.921+0000] {processor.py:161} INFO - Started process (PID=4429) to work on /home/airflow/.local/lib/python3.11/site-packages/airflow/example_dags/example_sla_dag.py
[2024-03-06T13:53:17.923+0000] {processor.py:830} INFO - Processing file /home/airflow/.local/lib/python3.11/site-packages/airflow/example_dags/example_sla_dag.py for tasks to queue
[2024-03-06T13:53:17.924+0000] {logging_mixin.py:188} INFO - [2024-03-06T13:53:17.923+0000] {dagbag.py:540} INFO - Filling up the DagBag from /home/airflow/.local/lib/python3.11/site-packages/airflow/example_dags/example_sla_dag.py
[2024-03-06T13:53:17.935+0000] {processor.py:840} INFO - DAG(s) 'example_sla_dag' retrieved from /home/airflow/.local/lib/python3.11/site-packages/airflow/example_dags/example_sla_dag.py
[2024-03-06T13:53:17.965+0000] {logging_mixin.py:188} INFO - [2024-03-06T13:53:17.964+0000] {dag.py:3047} INFO - Sync 1 DAGs
[2024-03-06T13:53:17.999+0000] {logging_mixin.py:188} INFO - [2024-03-06T13:53:17.998+0000] {dag.py:3834} INFO - Setting next_dagrun for example_sla_dag to 2024-03-06 13:50:00+00:00, run_after=2024-03-06 13:52:00+00:00
[2024-03-06T13:53:18.018+0000] {processor.py:183} INFO - Processing /home/airflow/.local/lib/python3.11/site-packages/airflow/example_dags/example_sla_dag.py took 0.101 seconds
[2024-03-06T13:53:48.210+0000] {processor.py:161} INFO - Started process (PID=4676) to work on /home/airflow/.local/lib/python3.11/site-packages/airflow/example_dags/example_sla_dag.py
[2024-03-06T13:53:48.212+0000] {processor.py:830} INFO - Processing file /home/airflow/.local/lib/python3.11/site-packages/airflow/example_dags/example_sla_dag.py for tasks to queue
[2024-03-06T13:53:48.213+0000] {logging_mixin.py:188} INFO - [2024-03-06T13:53:48.213+0000] {dagbag.py:540} INFO - Filling up the DagBag from /home/airflow/.local/lib/python3.11/site-packages/airflow/example_dags/example_sla_dag.py
[2024-03-06T13:53:48.223+0000] {processor.py:840} INFO - DAG(s) 'example_sla_dag' retrieved from /home/airflow/.local/lib/python3.11/site-packages/airflow/example_dags/example_sla_dag.py
[2024-03-06T13:53:48.246+0000] {logging_mixin.py:188} INFO - [2024-03-06T13:53:48.246+0000] {dag.py:3047} INFO - Sync 1 DAGs
[2024-03-06T13:53:48.273+0000] {logging_mixin.py:188} INFO - [2024-03-06T13:53:48.273+0000] {dag.py:3834} INFO - Setting next_dagrun for example_sla_dag to 2024-03-06 13:50:00+00:00, run_after=2024-03-06 13:52:00+00:00
[2024-03-06T13:53:48.288+0000] {processor.py:183} INFO - Processing /home/airflow/.local/lib/python3.11/site-packages/airflow/example_dags/example_sla_dag.py took 0.081 seconds
[2024-03-06T13:54:18.593+0000] {processor.py:161} INFO - Started process (PID=4923) to work on /home/airflow/.local/lib/python3.11/site-packages/airflow/example_dags/example_sla_dag.py
[2024-03-06T13:54:18.595+0000] {processor.py:830} INFO - Processing file /home/airflow/.local/lib/python3.11/site-packages/airflow/example_dags/example_sla_dag.py for tasks to queue
[2024-03-06T13:54:18.598+0000] {logging_mixin.py:188} INFO - [2024-03-06T13:54:18.597+0000] {dagbag.py:540} INFO - Filling up the DagBag from /home/airflow/.local/lib/python3.11/site-packages/airflow/example_dags/example_sla_dag.py
[2024-03-06T13:54:18.610+0000] {processor.py:840} INFO - DAG(s) 'example_sla_dag' retrieved from /home/airflow/.local/lib/python3.11/site-packages/airflow/example_dags/example_sla_dag.py
[2024-03-06T13:54:18.631+0000] {logging_mixin.py:188} INFO - [2024-03-06T13:54:18.631+0000] {dag.py:3047} INFO - Sync 1 DAGs
[2024-03-06T13:54:18.658+0000] {logging_mixin.py:188} INFO - [2024-03-06T13:54:18.658+0000] {dag.py:3834} INFO - Setting next_dagrun for example_sla_dag to 2024-03-06 13:52:00+00:00, run_after=2024-03-06 13:54:00+00:00
[2024-03-06T13:54:18.681+0000] {processor.py:183} INFO - Processing /home/airflow/.local/lib/python3.11/site-packages/airflow/example_dags/example_sla_dag.py took 0.092 seconds
[2024-03-06T13:54:48.882+0000] {processor.py:161} INFO - Started process (PID=5170) to work on /home/airflow/.local/lib/python3.11/site-packages/airflow/example_dags/example_sla_dag.py
[2024-03-06T13:54:48.883+0000] {processor.py:830} INFO - Processing file /home/airflow/.local/lib/python3.11/site-packages/airflow/example_dags/example_sla_dag.py for tasks to queue
[2024-03-06T13:54:48.884+0000] {logging_mixin.py:188} INFO - [2024-03-06T13:54:48.884+0000] {dagbag.py:540} INFO - Filling up the DagBag from /home/airflow/.local/lib/python3.11/site-packages/airflow/example_dags/example_sla_dag.py
[2024-03-06T13:54:48.894+0000] {processor.py:840} INFO - DAG(s) 'example_sla_dag' retrieved from /home/airflow/.local/lib/python3.11/site-packages/airflow/example_dags/example_sla_dag.py
[2024-03-06T13:54:48.913+0000] {logging_mixin.py:188} INFO - [2024-03-06T13:54:48.913+0000] {dag.py:3047} INFO - Sync 1 DAGs
[2024-03-06T13:54:48.935+0000] {logging_mixin.py:188} INFO - [2024-03-06T13:54:48.935+0000] {dag.py:3834} INFO - Setting next_dagrun for example_sla_dag to 2024-03-06 13:52:00+00:00, run_after=2024-03-06 13:54:00+00:00
[2024-03-06T13:54:48.952+0000] {processor.py:183} INFO - Processing /home/airflow/.local/lib/python3.11/site-packages/airflow/example_dags/example_sla_dag.py took 0.073 seconds
[2024-03-06T13:55:19.774+0000] {processor.py:161} INFO - Started process (PID=5417) to work on /home/airflow/.local/lib/python3.11/site-packages/airflow/example_dags/example_sla_dag.py
[2024-03-06T13:55:19.777+0000] {processor.py:830} INFO - Processing file /home/airflow/.local/lib/python3.11/site-packages/airflow/example_dags/example_sla_dag.py for tasks to queue
[2024-03-06T13:55:19.782+0000] {logging_mixin.py:188} INFO - [2024-03-06T13:55:19.781+0000] {dagbag.py:540} INFO - Filling up the DagBag from /home/airflow/.local/lib/python3.11/site-packages/airflow/example_dags/example_sla_dag.py
[2024-03-06T13:55:19.818+0000] {processor.py:840} INFO - DAG(s) 'example_sla_dag' retrieved from /home/airflow/.local/lib/python3.11/site-packages/airflow/example_dags/example_sla_dag.py
[2024-03-06T13:55:19.890+0000] {logging_mixin.py:188} INFO - [2024-03-06T13:55:19.890+0000] {dag.py:3047} INFO - Sync 1 DAGs
[2024-03-06T13:55:19.949+0000] {logging_mixin.py:188} INFO - [2024-03-06T13:55:19.948+0000] {dag.py:3834} INFO - Setting next_dagrun for example_sla_dag to 2024-03-06 13:52:00+00:00, run_after=2024-03-06 13:54:00+00:00
[2024-03-06T13:55:20.016+0000] {processor.py:183} INFO - Processing /home/airflow/.local/lib/python3.11/site-packages/airflow/example_dags/example_sla_dag.py took 0.248 seconds
[2024-03-06T13:55:50.223+0000] {processor.py:161} INFO - Started process (PID=5664) to work on /home/airflow/.local/lib/python3.11/site-packages/airflow/example_dags/example_sla_dag.py
[2024-03-06T13:55:50.227+0000] {processor.py:830} INFO - Processing file /home/airflow/.local/lib/python3.11/site-packages/airflow/example_dags/example_sla_dag.py for tasks to queue
[2024-03-06T13:55:50.231+0000] {logging_mixin.py:188} INFO - [2024-03-06T13:55:50.230+0000] {dagbag.py:540} INFO - Filling up the DagBag from /home/airflow/.local/lib/python3.11/site-packages/airflow/example_dags/example_sla_dag.py
[2024-03-06T13:55:50.254+0000] {processor.py:840} INFO - DAG(s) 'example_sla_dag' retrieved from /home/airflow/.local/lib/python3.11/site-packages/airflow/example_dags/example_sla_dag.py
[2024-03-06T13:55:50.329+0000] {logging_mixin.py:188} INFO - [2024-03-06T13:55:50.328+0000] {dag.py:3047} INFO - Sync 1 DAGs
[2024-03-06T13:55:50.381+0000] {logging_mixin.py:188} INFO - [2024-03-06T13:55:50.380+0000] {dag.py:3834} INFO - Setting next_dagrun for example_sla_dag to 2024-03-06 13:52:00+00:00, run_after=2024-03-06 13:54:00+00:00
[2024-03-06T13:55:50.414+0000] {processor.py:183} INFO - Processing /home/airflow/.local/lib/python3.11/site-packages/airflow/example_dags/example_sla_dag.py took 0.198 seconds
[2024-03-06T13:56:20.823+0000] {processor.py:161} INFO - Started process (PID=5910) to work on /home/airflow/.local/lib/python3.11/site-packages/airflow/example_dags/example_sla_dag.py
[2024-03-06T13:56:20.824+0000] {processor.py:830} INFO - Processing file /home/airflow/.local/lib/python3.11/site-packages/airflow/example_dags/example_sla_dag.py for tasks to queue
[2024-03-06T13:56:20.826+0000] {logging_mixin.py:188} INFO - [2024-03-06T13:56:20.825+0000] {dagbag.py:540} INFO - Filling up the DagBag from /home/airflow/.local/lib/python3.11/site-packages/airflow/example_dags/example_sla_dag.py
[2024-03-06T13:56:20.836+0000] {processor.py:840} INFO - DAG(s) 'example_sla_dag' retrieved from /home/airflow/.local/lib/python3.11/site-packages/airflow/example_dags/example_sla_dag.py
[2024-03-06T13:56:20.859+0000] {logging_mixin.py:188} INFO - [2024-03-06T13:56:20.859+0000] {dag.py:3047} INFO - Sync 1 DAGs
[2024-03-06T13:56:20.882+0000] {logging_mixin.py:188} INFO - [2024-03-06T13:56:20.882+0000] {dag.py:3834} INFO - Setting next_dagrun for example_sla_dag to 2024-03-06 13:54:00+00:00, run_after=2024-03-06 13:56:00+00:00
[2024-03-06T13:56:20.900+0000] {processor.py:183} INFO - Processing /home/airflow/.local/lib/python3.11/site-packages/airflow/example_dags/example_sla_dag.py took 0.081 seconds
[2024-03-06T13:56:51.237+0000] {processor.py:161} INFO - Started process (PID=6156) to work on /home/airflow/.local/lib/python3.11/site-packages/airflow/example_dags/example_sla_dag.py
[2024-03-06T13:56:51.239+0000] {processor.py:830} INFO - Processing file /home/airflow/.local/lib/python3.11/site-packages/airflow/example_dags/example_sla_dag.py for tasks to queue
[2024-03-06T13:56:51.243+0000] {logging_mixin.py:188} INFO - [2024-03-06T13:56:51.242+0000] {dagbag.py:540} INFO - Filling up the DagBag from /home/airflow/.local/lib/python3.11/site-packages/airflow/example_dags/example_sla_dag.py
[2024-03-06T13:56:51.265+0000] {processor.py:840} INFO - DAG(s) 'example_sla_dag' retrieved from /home/airflow/.local/lib/python3.11/site-packages/airflow/example_dags/example_sla_dag.py
[2024-03-06T13:56:51.293+0000] {logging_mixin.py:188} INFO - [2024-03-06T13:56:51.293+0000] {dag.py:3047} INFO - Sync 1 DAGs
[2024-03-06T13:56:51.321+0000] {logging_mixin.py:188} INFO - [2024-03-06T13:56:51.320+0000] {dag.py:3834} INFO - Setting next_dagrun for example_sla_dag to 2024-03-06 13:54:00+00:00, run_after=2024-03-06 13:56:00+00:00
[2024-03-06T13:56:51.337+0000] {processor.py:183} INFO - Processing /home/airflow/.local/lib/python3.11/site-packages/airflow/example_dags/example_sla_dag.py took 0.106 seconds
[2024-03-06T13:57:21.552+0000] {processor.py:161} INFO - Started process (PID=6403) to work on /home/airflow/.local/lib/python3.11/site-packages/airflow/example_dags/example_sla_dag.py
[2024-03-06T13:57:21.554+0000] {processor.py:830} INFO - Processing file /home/airflow/.local/lib/python3.11/site-packages/airflow/example_dags/example_sla_dag.py for tasks to queue
[2024-03-06T13:57:21.555+0000] {logging_mixin.py:188} INFO - [2024-03-06T13:57:21.554+0000] {dagbag.py:540} INFO - Filling up the DagBag from /home/airflow/.local/lib/python3.11/site-packages/airflow/example_dags/example_sla_dag.py
[2024-03-06T13:57:21.567+0000] {processor.py:840} INFO - DAG(s) 'example_sla_dag' retrieved from /home/airflow/.local/lib/python3.11/site-packages/airflow/example_dags/example_sla_dag.py
[2024-03-06T13:57:21.594+0000] {logging_mixin.py:188} INFO - [2024-03-06T13:57:21.594+0000] {dag.py:3047} INFO - Sync 1 DAGs
[2024-03-06T13:57:21.618+0000] {logging_mixin.py:188} INFO - [2024-03-06T13:57:21.618+0000] {dag.py:3834} INFO - Setting next_dagrun for example_sla_dag to 2024-03-06 13:54:00+00:00, run_after=2024-03-06 13:56:00+00:00
[2024-03-06T13:57:21.634+0000] {processor.py:183} INFO - Processing /home/airflow/.local/lib/python3.11/site-packages/airflow/example_dags/example_sla_dag.py took 0.087 seconds
[2024-03-06T13:57:51.931+0000] {processor.py:161} INFO - Started process (PID=6650) to work on /home/airflow/.local/lib/python3.11/site-packages/airflow/example_dags/example_sla_dag.py
[2024-03-06T13:57:51.932+0000] {processor.py:830} INFO - Processing file /home/airflow/.local/lib/python3.11/site-packages/airflow/example_dags/example_sla_dag.py for tasks to queue
[2024-03-06T13:57:51.934+0000] {logging_mixin.py:188} INFO - [2024-03-06T13:57:51.933+0000] {dagbag.py:540} INFO - Filling up the DagBag from /home/airflow/.local/lib/python3.11/site-packages/airflow/example_dags/example_sla_dag.py
[2024-03-06T13:57:51.950+0000] {processor.py:840} INFO - DAG(s) 'example_sla_dag' retrieved from /home/airflow/.local/lib/python3.11/site-packages/airflow/example_dags/example_sla_dag.py
[2024-03-06T13:57:52.008+0000] {logging_mixin.py:188} INFO - [2024-03-06T13:57:52.007+0000] {dag.py:3047} INFO - Sync 1 DAGs
[2024-03-06T13:57:52.047+0000] {logging_mixin.py:188} INFO - [2024-03-06T13:57:52.047+0000] {dag.py:3834} INFO - Setting next_dagrun for example_sla_dag to 2024-03-06 13:54:00+00:00, run_after=2024-03-06 13:56:00+00:00
[2024-03-06T13:57:52.068+0000] {processor.py:183} INFO - Processing /home/airflow/.local/lib/python3.11/site-packages/airflow/example_dags/example_sla_dag.py took 0.141 seconds
[2024-03-06T13:58:22.680+0000] {processor.py:161} INFO - Started process (PID=6896) to work on /home/airflow/.local/lib/python3.11/site-packages/airflow/example_dags/example_sla_dag.py
[2024-03-06T13:58:22.682+0000] {processor.py:830} INFO - Processing file /home/airflow/.local/lib/python3.11/site-packages/airflow/example_dags/example_sla_dag.py for tasks to queue
[2024-03-06T13:58:22.684+0000] {logging_mixin.py:188} INFO - [2024-03-06T13:58:22.683+0000] {dagbag.py:540} INFO - Filling up the DagBag from /home/airflow/.local/lib/python3.11/site-packages/airflow/example_dags/example_sla_dag.py
[2024-03-06T13:58:22.695+0000] {processor.py:840} INFO - DAG(s) 'example_sla_dag' retrieved from /home/airflow/.local/lib/python3.11/site-packages/airflow/example_dags/example_sla_dag.py
[2024-03-06T13:58:22.726+0000] {logging_mixin.py:188} INFO - [2024-03-06T13:58:22.725+0000] {dag.py:3047} INFO - Sync 1 DAGs
[2024-03-06T13:58:22.760+0000] {logging_mixin.py:188} INFO - [2024-03-06T13:58:22.759+0000] {dag.py:3834} INFO - Setting next_dagrun for example_sla_dag to 2024-03-06 13:56:00+00:00, run_after=2024-03-06 13:58:00+00:00
[2024-03-06T13:58:22.787+0000] {processor.py:183} INFO - Processing /home/airflow/.local/lib/python3.11/site-packages/airflow/example_dags/example_sla_dag.py took 0.111 seconds
[2024-03-06T13:58:53.682+0000] {processor.py:161} INFO - Started process (PID=7142) to work on /home/airflow/.local/lib/python3.11/site-packages/airflow/example_dags/example_sla_dag.py
[2024-03-06T13:58:53.690+0000] {processor.py:830} INFO - Processing file /home/airflow/.local/lib/python3.11/site-packages/airflow/example_dags/example_sla_dag.py for tasks to queue
[2024-03-06T13:58:53.698+0000] {logging_mixin.py:188} INFO - [2024-03-06T13:58:53.695+0000] {dagbag.py:540} INFO - Filling up the DagBag from /home/airflow/.local/lib/python3.11/site-packages/airflow/example_dags/example_sla_dag.py
[2024-03-06T13:58:53.733+0000] {processor.py:840} INFO - DAG(s) 'example_sla_dag' retrieved from /home/airflow/.local/lib/python3.11/site-packages/airflow/example_dags/example_sla_dag.py
[2024-03-06T13:58:53.802+0000] {logging_mixin.py:188} INFO - [2024-03-06T13:58:53.801+0000] {dag.py:3047} INFO - Sync 1 DAGs
[2024-03-06T13:58:53.871+0000] {logging_mixin.py:188} INFO - [2024-03-06T13:58:53.871+0000] {dag.py:3834} INFO - Setting next_dagrun for example_sla_dag to 2024-03-06 13:56:00+00:00, run_after=2024-03-06 13:58:00+00:00
[2024-03-06T13:58:53.936+0000] {processor.py:183} INFO - Processing /home/airflow/.local/lib/python3.11/site-packages/airflow/example_dags/example_sla_dag.py took 0.267 seconds
[2024-03-06T13:59:24.444+0000] {processor.py:161} INFO - Started process (PID=7389) to work on /home/airflow/.local/lib/python3.11/site-packages/airflow/example_dags/example_sla_dag.py
[2024-03-06T13:59:24.445+0000] {processor.py:830} INFO - Processing file /home/airflow/.local/lib/python3.11/site-packages/airflow/example_dags/example_sla_dag.py for tasks to queue
[2024-03-06T13:59:24.447+0000] {logging_mixin.py:188} INFO - [2024-03-06T13:59:24.447+0000] {dagbag.py:540} INFO - Filling up the DagBag from /home/airflow/.local/lib/python3.11/site-packages/airflow/example_dags/example_sla_dag.py
[2024-03-06T13:59:24.464+0000] {processor.py:840} INFO - DAG(s) 'example_sla_dag' retrieved from /home/airflow/.local/lib/python3.11/site-packages/airflow/example_dags/example_sla_dag.py
[2024-03-06T13:59:24.505+0000] {logging_mixin.py:188} INFO - [2024-03-06T13:59:24.505+0000] {dag.py:3047} INFO - Sync 1 DAGs
[2024-03-06T13:59:24.554+0000] {logging_mixin.py:188} INFO - [2024-03-06T13:59:24.553+0000] {dag.py:3834} INFO - Setting next_dagrun for example_sla_dag to 2024-03-06 13:56:00+00:00, run_after=2024-03-06 13:58:00+00:00
[2024-03-06T13:59:24.598+0000] {processor.py:183} INFO - Processing /home/airflow/.local/lib/python3.11/site-packages/airflow/example_dags/example_sla_dag.py took 0.160 seconds
[2024-03-06T13:59:54.635+0000] {processor.py:161} INFO - Started process (PID=7636) to work on /home/airflow/.local/lib/python3.11/site-packages/airflow/example_dags/example_sla_dag.py
[2024-03-06T13:59:54.636+0000] {processor.py:830} INFO - Processing file /home/airflow/.local/lib/python3.11/site-packages/airflow/example_dags/example_sla_dag.py for tasks to queue
[2024-03-06T13:59:54.638+0000] {logging_mixin.py:188} INFO - [2024-03-06T13:59:54.637+0000] {dagbag.py:540} INFO - Filling up the DagBag from /home/airflow/.local/lib/python3.11/site-packages/airflow/example_dags/example_sla_dag.py
[2024-03-06T13:59:54.648+0000] {processor.py:840} INFO - DAG(s) 'example_sla_dag' retrieved from /home/airflow/.local/lib/python3.11/site-packages/airflow/example_dags/example_sla_dag.py
[2024-03-06T13:59:54.670+0000] {logging_mixin.py:188} INFO - [2024-03-06T13:59:54.670+0000] {dag.py:3047} INFO - Sync 1 DAGs
[2024-03-06T13:59:54.697+0000] {logging_mixin.py:188} INFO - [2024-03-06T13:59:54.697+0000] {dag.py:3834} INFO - Setting next_dagrun for example_sla_dag to 2024-03-06 13:56:00+00:00, run_after=2024-03-06 13:58:00+00:00
[2024-03-06T13:59:54.728+0000] {processor.py:183} INFO - Processing /home/airflow/.local/lib/python3.11/site-packages/airflow/example_dags/example_sla_dag.py took 0.097 seconds
[2024-03-06T14:00:25.088+0000] {processor.py:161} INFO - Started process (PID=7882) to work on /home/airflow/.local/lib/python3.11/site-packages/airflow/example_dags/example_sla_dag.py
[2024-03-06T14:00:25.090+0000] {processor.py:830} INFO - Processing file /home/airflow/.local/lib/python3.11/site-packages/airflow/example_dags/example_sla_dag.py for tasks to queue
[2024-03-06T14:00:25.091+0000] {logging_mixin.py:188} INFO - [2024-03-06T14:00:25.091+0000] {dagbag.py:540} INFO - Filling up the DagBag from /home/airflow/.local/lib/python3.11/site-packages/airflow/example_dags/example_sla_dag.py
[2024-03-06T14:00:25.100+0000] {processor.py:840} INFO - DAG(s) 'example_sla_dag' retrieved from /home/airflow/.local/lib/python3.11/site-packages/airflow/example_dags/example_sla_dag.py
[2024-03-06T14:00:25.124+0000] {logging_mixin.py:188} INFO - [2024-03-06T14:00:25.124+0000] {dag.py:3047} INFO - Sync 1 DAGs
[2024-03-06T14:00:25.152+0000] {logging_mixin.py:188} INFO - [2024-03-06T14:00:25.152+0000] {dag.py:3834} INFO - Setting next_dagrun for example_sla_dag to 2024-03-06 13:58:00+00:00, run_after=2024-03-06 14:00:00+00:00
[2024-03-06T14:00:25.173+0000] {processor.py:183} INFO - Processing /home/airflow/.local/lib/python3.11/site-packages/airflow/example_dags/example_sla_dag.py took 0.089 seconds
[2024-03-06T14:00:55.312+0000] {processor.py:161} INFO - Started process (PID=8129) to work on /home/airflow/.local/lib/python3.11/site-packages/airflow/example_dags/example_sla_dag.py
[2024-03-06T14:00:55.315+0000] {processor.py:830} INFO - Processing file /home/airflow/.local/lib/python3.11/site-packages/airflow/example_dags/example_sla_dag.py for tasks to queue
[2024-03-06T14:00:55.317+0000] {logging_mixin.py:188} INFO - [2024-03-06T14:00:55.316+0000] {dagbag.py:540} INFO - Filling up the DagBag from /home/airflow/.local/lib/python3.11/site-packages/airflow/example_dags/example_sla_dag.py
[2024-03-06T14:00:55.331+0000] {processor.py:840} INFO - DAG(s) 'example_sla_dag' retrieved from /home/airflow/.local/lib/python3.11/site-packages/airflow/example_dags/example_sla_dag.py
[2024-03-06T14:00:55.358+0000] {logging_mixin.py:188} INFO - [2024-03-06T14:00:55.357+0000] {dag.py:3047} INFO - Sync 1 DAGs
[2024-03-06T14:00:55.393+0000] {logging_mixin.py:188} INFO - [2024-03-06T14:00:55.392+0000] {dag.py:3834} INFO - Setting next_dagrun for example_sla_dag to 2024-03-06 13:58:00+00:00, run_after=2024-03-06 14:00:00+00:00
[2024-03-06T14:00:55.431+0000] {processor.py:183} INFO - Processing /home/airflow/.local/lib/python3.11/site-packages/airflow/example_dags/example_sla_dag.py took 0.122 seconds
[2024-03-06T14:01:26.114+0000] {processor.py:161} INFO - Started process (PID=8381) to work on /home/airflow/.local/lib/python3.11/site-packages/airflow/example_dags/example_sla_dag.py
[2024-03-06T14:01:26.116+0000] {processor.py:830} INFO - Processing file /home/airflow/.local/lib/python3.11/site-packages/airflow/example_dags/example_sla_dag.py for tasks to queue
[2024-03-06T14:01:26.118+0000] {logging_mixin.py:188} INFO - [2024-03-06T14:01:26.117+0000] {dagbag.py:540} INFO - Filling up the DagBag from /home/airflow/.local/lib/python3.11/site-packages/airflow/example_dags/example_sla_dag.py
[2024-03-06T14:01:26.133+0000] {processor.py:840} INFO - DAG(s) 'example_sla_dag' retrieved from /home/airflow/.local/lib/python3.11/site-packages/airflow/example_dags/example_sla_dag.py
[2024-03-06T14:01:26.165+0000] {logging_mixin.py:188} INFO - [2024-03-06T14:01:26.165+0000] {dag.py:3047} INFO - Sync 1 DAGs
[2024-03-06T14:01:26.203+0000] {logging_mixin.py:188} INFO - [2024-03-06T14:01:26.203+0000] {dag.py:3834} INFO - Setting next_dagrun for example_sla_dag to 2024-03-06 13:58:00+00:00, run_after=2024-03-06 14:00:00+00:00
[2024-03-06T14:01:26.227+0000] {processor.py:183} INFO - Processing /home/airflow/.local/lib/python3.11/site-packages/airflow/example_dags/example_sla_dag.py took 0.118 seconds
[2024-03-06T14:01:57.098+0000] {processor.py:161} INFO - Started process (PID=8628) to work on /home/airflow/.local/lib/python3.11/site-packages/airflow/example_dags/example_sla_dag.py
[2024-03-06T14:01:57.100+0000] {processor.py:830} INFO - Processing file /home/airflow/.local/lib/python3.11/site-packages/airflow/example_dags/example_sla_dag.py for tasks to queue
[2024-03-06T14:01:57.101+0000] {logging_mixin.py:188} INFO - [2024-03-06T14:01:57.101+0000] {dagbag.py:540} INFO - Filling up the DagBag from /home/airflow/.local/lib/python3.11/site-packages/airflow/example_dags/example_sla_dag.py
[2024-03-06T14:01:57.114+0000] {processor.py:840} INFO - DAG(s) 'example_sla_dag' retrieved from /home/airflow/.local/lib/python3.11/site-packages/airflow/example_dags/example_sla_dag.py
[2024-03-06T14:01:57.140+0000] {logging_mixin.py:188} INFO - [2024-03-06T14:01:57.140+0000] {dag.py:3047} INFO - Sync 1 DAGs
[2024-03-06T14:01:57.176+0000] {logging_mixin.py:188} INFO - [2024-03-06T14:01:57.176+0000] {dag.py:3834} INFO - Setting next_dagrun for example_sla_dag to 2024-03-06 13:58:00+00:00, run_after=2024-03-06 14:00:00+00:00
[2024-03-06T14:01:57.203+0000] {processor.py:183} INFO - Processing /home/airflow/.local/lib/python3.11/site-packages/airflow/example_dags/example_sla_dag.py took 0.109 seconds
[2024-03-06T14:02:27.978+0000] {processor.py:161} INFO - Started process (PID=8875) to work on /home/airflow/.local/lib/python3.11/site-packages/airflow/example_dags/example_sla_dag.py
[2024-03-06T14:02:27.980+0000] {processor.py:830} INFO - Processing file /home/airflow/.local/lib/python3.11/site-packages/airflow/example_dags/example_sla_dag.py for tasks to queue
[2024-03-06T14:02:27.986+0000] {logging_mixin.py:188} INFO - [2024-03-06T14:02:27.983+0000] {dagbag.py:540} INFO - Filling up the DagBag from /home/airflow/.local/lib/python3.11/site-packages/airflow/example_dags/example_sla_dag.py
[2024-03-06T14:02:27.997+0000] {processor.py:840} INFO - DAG(s) 'example_sla_dag' retrieved from /home/airflow/.local/lib/python3.11/site-packages/airflow/example_dags/example_sla_dag.py
[2024-03-06T14:02:28.021+0000] {logging_mixin.py:188} INFO - [2024-03-06T14:02:28.021+0000] {dag.py:3047} INFO - Sync 1 DAGs
[2024-03-06T14:02:28.051+0000] {logging_mixin.py:188} INFO - [2024-03-06T14:02:28.051+0000] {dag.py:3834} INFO - Setting next_dagrun for example_sla_dag to 2024-03-06 14:00:00+00:00, run_after=2024-03-06 14:02:00+00:00
[2024-03-06T14:02:28.068+0000] {processor.py:183} INFO - Processing /home/airflow/.local/lib/python3.11/site-packages/airflow/example_dags/example_sla_dag.py took 0.094 seconds
[2024-03-06T14:02:58.169+0000] {processor.py:161} INFO - Started process (PID=9122) to work on /home/airflow/.local/lib/python3.11/site-packages/airflow/example_dags/example_sla_dag.py
[2024-03-06T14:02:58.171+0000] {processor.py:830} INFO - Processing file /home/airflow/.local/lib/python3.11/site-packages/airflow/example_dags/example_sla_dag.py for tasks to queue
[2024-03-06T14:02:58.172+0000] {logging_mixin.py:188} INFO - [2024-03-06T14:02:58.171+0000] {dagbag.py:540} INFO - Filling up the DagBag from /home/airflow/.local/lib/python3.11/site-packages/airflow/example_dags/example_sla_dag.py
[2024-03-06T14:02:58.186+0000] {processor.py:840} INFO - DAG(s) 'example_sla_dag' retrieved from /home/airflow/.local/lib/python3.11/site-packages/airflow/example_dags/example_sla_dag.py
[2024-03-06T14:02:58.213+0000] {logging_mixin.py:188} INFO - [2024-03-06T14:02:58.213+0000] {dag.py:3047} INFO - Sync 1 DAGs
[2024-03-06T14:02:58.245+0000] {logging_mixin.py:188} INFO - [2024-03-06T14:02:58.245+0000] {dag.py:3834} INFO - Setting next_dagrun for example_sla_dag to 2024-03-06 14:00:00+00:00, run_after=2024-03-06 14:02:00+00:00
[2024-03-06T14:02:58.270+0000] {processor.py:183} INFO - Processing /home/airflow/.local/lib/python3.11/site-packages/airflow/example_dags/example_sla_dag.py took 0.106 seconds
[2024-03-06T14:03:28.389+0000] {processor.py:161} INFO - Started process (PID=9369) to work on /home/airflow/.local/lib/python3.11/site-packages/airflow/example_dags/example_sla_dag.py
[2024-03-06T14:03:28.390+0000] {processor.py:830} INFO - Processing file /home/airflow/.local/lib/python3.11/site-packages/airflow/example_dags/example_sla_dag.py for tasks to queue
[2024-03-06T14:03:28.391+0000] {logging_mixin.py:188} INFO - [2024-03-06T14:03:28.391+0000] {dagbag.py:540} INFO - Filling up the DagBag from /home/airflow/.local/lib/python3.11/site-packages/airflow/example_dags/example_sla_dag.py
[2024-03-06T14:03:28.402+0000] {processor.py:840} INFO - DAG(s) 'example_sla_dag' retrieved from /home/airflow/.local/lib/python3.11/site-packages/airflow/example_dags/example_sla_dag.py
[2024-03-06T14:03:28.424+0000] {logging_mixin.py:188} INFO - [2024-03-06T14:03:28.424+0000] {dag.py:3047} INFO - Sync 1 DAGs
[2024-03-06T14:03:28.450+0000] {logging_mixin.py:188} INFO - [2024-03-06T14:03:28.450+0000] {dag.py:3834} INFO - Setting next_dagrun for example_sla_dag to 2024-03-06 14:00:00+00:00, run_after=2024-03-06 14:02:00+00:00
[2024-03-06T14:03:28.470+0000] {processor.py:183} INFO - Processing /home/airflow/.local/lib/python3.11/site-packages/airflow/example_dags/example_sla_dag.py took 0.085 seconds
[2024-03-06T14:03:58.708+0000] {processor.py:161} INFO - Started process (PID=9616) to work on /home/airflow/.local/lib/python3.11/site-packages/airflow/example_dags/example_sla_dag.py
[2024-03-06T14:03:58.710+0000] {processor.py:830} INFO - Processing file /home/airflow/.local/lib/python3.11/site-packages/airflow/example_dags/example_sla_dag.py for tasks to queue
[2024-03-06T14:03:58.711+0000] {logging_mixin.py:188} INFO - [2024-03-06T14:03:58.711+0000] {dagbag.py:540} INFO - Filling up the DagBag from /home/airflow/.local/lib/python3.11/site-packages/airflow/example_dags/example_sla_dag.py
[2024-03-06T14:03:58.720+0000] {processor.py:840} INFO - DAG(s) 'example_sla_dag' retrieved from /home/airflow/.local/lib/python3.11/site-packages/airflow/example_dags/example_sla_dag.py
[2024-03-06T14:03:58.744+0000] {logging_mixin.py:188} INFO - [2024-03-06T14:03:58.744+0000] {dag.py:3047} INFO - Sync 1 DAGs
[2024-03-06T14:03:58.770+0000] {logging_mixin.py:188} INFO - [2024-03-06T14:03:58.770+0000] {dag.py:3834} INFO - Setting next_dagrun for example_sla_dag to 2024-03-06 14:00:00+00:00, run_after=2024-03-06 14:02:00+00:00
[2024-03-06T14:03:58.792+0000] {processor.py:183} INFO - Processing /home/airflow/.local/lib/python3.11/site-packages/airflow/example_dags/example_sla_dag.py took 0.088 seconds
[2024-03-06T14:04:29.032+0000] {processor.py:161} INFO - Started process (PID=9863) to work on /home/airflow/.local/lib/python3.11/site-packages/airflow/example_dags/example_sla_dag.py
[2024-03-06T14:04:29.033+0000] {processor.py:830} INFO - Processing file /home/airflow/.local/lib/python3.11/site-packages/airflow/example_dags/example_sla_dag.py for tasks to queue
[2024-03-06T14:04:29.039+0000] {logging_mixin.py:188} INFO - [2024-03-06T14:04:29.037+0000] {dagbag.py:540} INFO - Filling up the DagBag from /home/airflow/.local/lib/python3.11/site-packages/airflow/example_dags/example_sla_dag.py
[2024-03-06T14:04:29.053+0000] {processor.py:840} INFO - DAG(s) 'example_sla_dag' retrieved from /home/airflow/.local/lib/python3.11/site-packages/airflow/example_dags/example_sla_dag.py
[2024-03-06T14:04:29.083+0000] {logging_mixin.py:188} INFO - [2024-03-06T14:04:29.083+0000] {dag.py:3047} INFO - Sync 1 DAGs
[2024-03-06T14:04:29.121+0000] {logging_mixin.py:188} INFO - [2024-03-06T14:04:29.120+0000] {dag.py:3834} INFO - Setting next_dagrun for example_sla_dag to 2024-03-06 14:02:00+00:00, run_after=2024-03-06 14:04:00+00:00
[2024-03-06T14:04:29.167+0000] {processor.py:183} INFO - Processing /home/airflow/.local/lib/python3.11/site-packages/airflow/example_dags/example_sla_dag.py took 0.139 seconds
[2024-03-06T14:04:59.516+0000] {processor.py:161} INFO - Started process (PID=10110) to work on /home/airflow/.local/lib/python3.11/site-packages/airflow/example_dags/example_sla_dag.py
[2024-03-06T14:04:59.517+0000] {processor.py:830} INFO - Processing file /home/airflow/.local/lib/python3.11/site-packages/airflow/example_dags/example_sla_dag.py for tasks to queue
[2024-03-06T14:04:59.518+0000] {logging_mixin.py:188} INFO - [2024-03-06T14:04:59.518+0000] {dagbag.py:540} INFO - Filling up the DagBag from /home/airflow/.local/lib/python3.11/site-packages/airflow/example_dags/example_sla_dag.py
[2024-03-06T14:04:59.529+0000] {processor.py:840} INFO - DAG(s) 'example_sla_dag' retrieved from /home/airflow/.local/lib/python3.11/site-packages/airflow/example_dags/example_sla_dag.py
[2024-03-06T14:04:59.555+0000] {logging_mixin.py:188} INFO - [2024-03-06T14:04:59.554+0000] {dag.py:3047} INFO - Sync 1 DAGs
[2024-03-06T14:04:59.581+0000] {logging_mixin.py:188} INFO - [2024-03-06T14:04:59.581+0000] {dag.py:3834} INFO - Setting next_dagrun for example_sla_dag to 2024-03-06 14:02:00+00:00, run_after=2024-03-06 14:04:00+00:00
[2024-03-06T14:04:59.602+0000] {processor.py:183} INFO - Processing /home/airflow/.local/lib/python3.11/site-packages/airflow/example_dags/example_sla_dag.py took 0.091 seconds
[2024-03-06T14:05:29.665+0000] {processor.py:161} INFO - Started process (PID=10357) to work on /home/airflow/.local/lib/python3.11/site-packages/airflow/example_dags/example_sla_dag.py
[2024-03-06T14:05:29.667+0000] {processor.py:830} INFO - Processing file /home/airflow/.local/lib/python3.11/site-packages/airflow/example_dags/example_sla_dag.py for tasks to queue
[2024-03-06T14:05:29.669+0000] {logging_mixin.py:188} INFO - [2024-03-06T14:05:29.668+0000] {dagbag.py:540} INFO - Filling up the DagBag from /home/airflow/.local/lib/python3.11/site-packages/airflow/example_dags/example_sla_dag.py
[2024-03-06T14:05:29.677+0000] {processor.py:840} INFO - DAG(s) 'example_sla_dag' retrieved from /home/airflow/.local/lib/python3.11/site-packages/airflow/example_dags/example_sla_dag.py
[2024-03-06T14:05:29.699+0000] {logging_mixin.py:188} INFO - [2024-03-06T14:05:29.698+0000] {dag.py:3047} INFO - Sync 1 DAGs
[2024-03-06T14:05:29.724+0000] {logging_mixin.py:188} INFO - [2024-03-06T14:05:29.724+0000] {dag.py:3834} INFO - Setting next_dagrun for example_sla_dag to 2024-03-06 14:02:00+00:00, run_after=2024-03-06 14:04:00+00:00
[2024-03-06T14:05:29.744+0000] {processor.py:183} INFO - Processing /home/airflow/.local/lib/python3.11/site-packages/airflow/example_dags/example_sla_dag.py took 0.083 seconds
[2024-03-06T14:05:59.870+0000] {processor.py:161} INFO - Started process (PID=10604) to work on /home/airflow/.local/lib/python3.11/site-packages/airflow/example_dags/example_sla_dag.py
[2024-03-06T14:05:59.871+0000] {processor.py:830} INFO - Processing file /home/airflow/.local/lib/python3.11/site-packages/airflow/example_dags/example_sla_dag.py for tasks to queue
[2024-03-06T14:05:59.873+0000] {logging_mixin.py:188} INFO - [2024-03-06T14:05:59.872+0000] {dagbag.py:540} INFO - Filling up the DagBag from /home/airflow/.local/lib/python3.11/site-packages/airflow/example_dags/example_sla_dag.py
[2024-03-06T14:05:59.883+0000] {processor.py:840} INFO - DAG(s) 'example_sla_dag' retrieved from /home/airflow/.local/lib/python3.11/site-packages/airflow/example_dags/example_sla_dag.py
[2024-03-06T14:05:59.905+0000] {logging_mixin.py:188} INFO - [2024-03-06T14:05:59.905+0000] {dag.py:3047} INFO - Sync 1 DAGs
[2024-03-06T14:05:59.932+0000] {logging_mixin.py:188} INFO - [2024-03-06T14:05:59.932+0000] {dag.py:3834} INFO - Setting next_dagrun for example_sla_dag to 2024-03-06 14:02:00+00:00, run_after=2024-03-06 14:04:00+00:00
[2024-03-06T14:05:59.952+0000] {processor.py:183} INFO - Processing /home/airflow/.local/lib/python3.11/site-packages/airflow/example_dags/example_sla_dag.py took 0.086 seconds
[2024-03-06T14:06:30.083+0000] {processor.py:161} INFO - Started process (PID=10850) to work on /home/airflow/.local/lib/python3.11/site-packages/airflow/example_dags/example_sla_dag.py
[2024-03-06T14:06:30.084+0000] {processor.py:830} INFO - Processing file /home/airflow/.local/lib/python3.11/site-packages/airflow/example_dags/example_sla_dag.py for tasks to queue
[2024-03-06T14:06:30.085+0000] {logging_mixin.py:188} INFO - [2024-03-06T14:06:30.085+0000] {dagbag.py:540} INFO - Filling up the DagBag from /home/airflow/.local/lib/python3.11/site-packages/airflow/example_dags/example_sla_dag.py
[2024-03-06T14:06:30.096+0000] {processor.py:840} INFO - DAG(s) 'example_sla_dag' retrieved from /home/airflow/.local/lib/python3.11/site-packages/airflow/example_dags/example_sla_dag.py
[2024-03-06T14:06:30.125+0000] {logging_mixin.py:188} INFO - [2024-03-06T14:06:30.125+0000] {dag.py:3047} INFO - Sync 1 DAGs
[2024-03-06T14:06:30.150+0000] {logging_mixin.py:188} INFO - [2024-03-06T14:06:30.150+0000] {dag.py:3834} INFO - Setting next_dagrun for example_sla_dag to 2024-03-06 14:04:00+00:00, run_after=2024-03-06 14:06:00+00:00
[2024-03-06T14:06:30.172+0000] {processor.py:183} INFO - Processing /home/airflow/.local/lib/python3.11/site-packages/airflow/example_dags/example_sla_dag.py took 0.092 seconds
[2024-03-06T14:07:00.920+0000] {processor.py:161} INFO - Started process (PID=11097) to work on /home/airflow/.local/lib/python3.11/site-packages/airflow/example_dags/example_sla_dag.py
[2024-03-06T14:07:00.924+0000] {processor.py:830} INFO - Processing file /home/airflow/.local/lib/python3.11/site-packages/airflow/example_dags/example_sla_dag.py for tasks to queue
[2024-03-06T14:07:00.926+0000] {logging_mixin.py:188} INFO - [2024-03-06T14:07:00.925+0000] {dagbag.py:540} INFO - Filling up the DagBag from /home/airflow/.local/lib/python3.11/site-packages/airflow/example_dags/example_sla_dag.py
[2024-03-06T14:07:00.945+0000] {processor.py:840} INFO - DAG(s) 'example_sla_dag' retrieved from /home/airflow/.local/lib/python3.11/site-packages/airflow/example_dags/example_sla_dag.py
[2024-03-06T14:07:00.986+0000] {logging_mixin.py:188} INFO - [2024-03-06T14:07:00.986+0000] {dag.py:3047} INFO - Sync 1 DAGs
[2024-03-06T14:07:01.032+0000] {logging_mixin.py:188} INFO - [2024-03-06T14:07:01.032+0000] {dag.py:3834} INFO - Setting next_dagrun for example_sla_dag to 2024-03-06 14:04:00+00:00, run_after=2024-03-06 14:06:00+00:00
[2024-03-06T14:07:01.072+0000] {processor.py:183} INFO - Processing /home/airflow/.local/lib/python3.11/site-packages/airflow/example_dags/example_sla_dag.py took 0.160 seconds
[2024-03-06T14:07:31.187+0000] {processor.py:161} INFO - Started process (PID=11346) to work on /home/airflow/.local/lib/python3.11/site-packages/airflow/example_dags/example_sla_dag.py
[2024-03-06T14:07:31.188+0000] {processor.py:830} INFO - Processing file /home/airflow/.local/lib/python3.11/site-packages/airflow/example_dags/example_sla_dag.py for tasks to queue
[2024-03-06T14:07:31.189+0000] {logging_mixin.py:188} INFO - [2024-03-06T14:07:31.188+0000] {dagbag.py:540} INFO - Filling up the DagBag from /home/airflow/.local/lib/python3.11/site-packages/airflow/example_dags/example_sla_dag.py
[2024-03-06T14:07:31.197+0000] {processor.py:840} INFO - DAG(s) 'example_sla_dag' retrieved from /home/airflow/.local/lib/python3.11/site-packages/airflow/example_dags/example_sla_dag.py
[2024-03-06T14:07:31.218+0000] {logging_mixin.py:188} INFO - [2024-03-06T14:07:31.218+0000] {dag.py:3047} INFO - Sync 1 DAGs
[2024-03-06T14:07:31.239+0000] {logging_mixin.py:188} INFO - [2024-03-06T14:07:31.239+0000] {dag.py:3834} INFO - Setting next_dagrun for example_sla_dag to 2024-03-06 14:04:00+00:00, run_after=2024-03-06 14:06:00+00:00
[2024-03-06T14:07:31.254+0000] {processor.py:183} INFO - Processing /home/airflow/.local/lib/python3.11/site-packages/airflow/example_dags/example_sla_dag.py took 0.071 seconds
[2024-03-06T14:08:01.519+0000] {processor.py:161} INFO - Started process (PID=11591) to work on /home/airflow/.local/lib/python3.11/site-packages/airflow/example_dags/example_sla_dag.py
[2024-03-06T14:08:01.520+0000] {processor.py:830} INFO - Processing file /home/airflow/.local/lib/python3.11/site-packages/airflow/example_dags/example_sla_dag.py for tasks to queue
[2024-03-06T14:08:01.521+0000] {logging_mixin.py:188} INFO - [2024-03-06T14:08:01.521+0000] {dagbag.py:540} INFO - Filling up the DagBag from /home/airflow/.local/lib/python3.11/site-packages/airflow/example_dags/example_sla_dag.py
[2024-03-06T14:08:01.534+0000] {processor.py:840} INFO - DAG(s) 'example_sla_dag' retrieved from /home/airflow/.local/lib/python3.11/site-packages/airflow/example_dags/example_sla_dag.py
[2024-03-06T14:08:01.560+0000] {logging_mixin.py:188} INFO - [2024-03-06T14:08:01.559+0000] {dag.py:3047} INFO - Sync 1 DAGs
[2024-03-06T14:08:01.599+0000] {logging_mixin.py:188} INFO - [2024-03-06T14:08:01.599+0000] {dag.py:3834} INFO - Setting next_dagrun for example_sla_dag to 2024-03-06 14:06:00+00:00, run_after=2024-03-06 14:08:00+00:00
[2024-03-06T14:08:01.629+0000] {processor.py:183} INFO - Processing /home/airflow/.local/lib/python3.11/site-packages/airflow/example_dags/example_sla_dag.py took 0.114 seconds
[2024-03-06T14:08:31.788+0000] {processor.py:161} INFO - Started process (PID=11838) to work on /home/airflow/.local/lib/python3.11/site-packages/airflow/example_dags/example_sla_dag.py
[2024-03-06T14:08:31.790+0000] {processor.py:830} INFO - Processing file /home/airflow/.local/lib/python3.11/site-packages/airflow/example_dags/example_sla_dag.py for tasks to queue
[2024-03-06T14:08:31.791+0000] {logging_mixin.py:188} INFO - [2024-03-06T14:08:31.791+0000] {dagbag.py:540} INFO - Filling up the DagBag from /home/airflow/.local/lib/python3.11/site-packages/airflow/example_dags/example_sla_dag.py
[2024-03-06T14:08:31.805+0000] {processor.py:840} INFO - DAG(s) 'example_sla_dag' retrieved from /home/airflow/.local/lib/python3.11/site-packages/airflow/example_dags/example_sla_dag.py
[2024-03-06T14:08:31.830+0000] {logging_mixin.py:188} INFO - [2024-03-06T14:08:31.830+0000] {dag.py:3047} INFO - Sync 1 DAGs
[2024-03-06T14:08:31.863+0000] {logging_mixin.py:188} INFO - [2024-03-06T14:08:31.863+0000] {dag.py:3834} INFO - Setting next_dagrun for example_sla_dag to 2024-03-06 14:06:00+00:00, run_after=2024-03-06 14:08:00+00:00
[2024-03-06T14:08:31.890+0000] {processor.py:183} INFO - Processing /home/airflow/.local/lib/python3.11/site-packages/airflow/example_dags/example_sla_dag.py took 0.106 seconds
[2024-03-06T14:09:02.348+0000] {processor.py:161} INFO - Started process (PID=12084) to work on /home/airflow/.local/lib/python3.11/site-packages/airflow/example_dags/example_sla_dag.py
[2024-03-06T14:09:02.350+0000] {processor.py:830} INFO - Processing file /home/airflow/.local/lib/python3.11/site-packages/airflow/example_dags/example_sla_dag.py for tasks to queue
[2024-03-06T14:09:02.351+0000] {logging_mixin.py:188} INFO - [2024-03-06T14:09:02.351+0000] {dagbag.py:540} INFO - Filling up the DagBag from /home/airflow/.local/lib/python3.11/site-packages/airflow/example_dags/example_sla_dag.py
[2024-03-06T14:09:02.360+0000] {processor.py:840} INFO - DAG(s) 'example_sla_dag' retrieved from /home/airflow/.local/lib/python3.11/site-packages/airflow/example_dags/example_sla_dag.py
[2024-03-06T14:09:02.384+0000] {logging_mixin.py:188} INFO - [2024-03-06T14:09:02.383+0000] {dag.py:3047} INFO - Sync 1 DAGs
[2024-03-06T14:09:02.407+0000] {logging_mixin.py:188} INFO - [2024-03-06T14:09:02.407+0000] {dag.py:3834} INFO - Setting next_dagrun for example_sla_dag to 2024-03-06 14:06:00+00:00, run_after=2024-03-06 14:08:00+00:00
[2024-03-06T14:09:02.427+0000] {processor.py:183} INFO - Processing /home/airflow/.local/lib/python3.11/site-packages/airflow/example_dags/example_sla_dag.py took 0.083 seconds
[2024-03-06T14:09:32.562+0000] {processor.py:161} INFO - Started process (PID=12330) to work on /home/airflow/.local/lib/python3.11/site-packages/airflow/example_dags/example_sla_dag.py
[2024-03-06T14:09:32.564+0000] {processor.py:830} INFO - Processing file /home/airflow/.local/lib/python3.11/site-packages/airflow/example_dags/example_sla_dag.py for tasks to queue
[2024-03-06T14:09:32.565+0000] {logging_mixin.py:188} INFO - [2024-03-06T14:09:32.564+0000] {dagbag.py:540} INFO - Filling up the DagBag from /home/airflow/.local/lib/python3.11/site-packages/airflow/example_dags/example_sla_dag.py
[2024-03-06T14:09:32.574+0000] {processor.py:840} INFO - DAG(s) 'example_sla_dag' retrieved from /home/airflow/.local/lib/python3.11/site-packages/airflow/example_dags/example_sla_dag.py
[2024-03-06T14:09:32.596+0000] {logging_mixin.py:188} INFO - [2024-03-06T14:09:32.595+0000] {dag.py:3047} INFO - Sync 1 DAGs
[2024-03-06T14:09:32.621+0000] {logging_mixin.py:188} INFO - [2024-03-06T14:09:32.621+0000] {dag.py:3834} INFO - Setting next_dagrun for example_sla_dag to 2024-03-06 14:06:00+00:00, run_after=2024-03-06 14:08:00+00:00
[2024-03-06T14:09:32.642+0000] {processor.py:183} INFO - Processing /home/airflow/.local/lib/python3.11/site-packages/airflow/example_dags/example_sla_dag.py took 0.083 seconds
[2024-03-06T14:10:03.389+0000] {processor.py:161} INFO - Started process (PID=12577) to work on /home/airflow/.local/lib/python3.11/site-packages/airflow/example_dags/example_sla_dag.py
[2024-03-06T14:10:03.391+0000] {processor.py:830} INFO - Processing file /home/airflow/.local/lib/python3.11/site-packages/airflow/example_dags/example_sla_dag.py for tasks to queue
[2024-03-06T14:10:03.393+0000] {logging_mixin.py:188} INFO - [2024-03-06T14:10:03.393+0000] {dagbag.py:540} INFO - Filling up the DagBag from /home/airflow/.local/lib/python3.11/site-packages/airflow/example_dags/example_sla_dag.py
[2024-03-06T14:10:03.410+0000] {processor.py:840} INFO - DAG(s) 'example_sla_dag' retrieved from /home/airflow/.local/lib/python3.11/site-packages/airflow/example_dags/example_sla_dag.py
[2024-03-06T14:10:03.436+0000] {logging_mixin.py:188} INFO - [2024-03-06T14:10:03.436+0000] {dag.py:3047} INFO - Sync 1 DAGs
[2024-03-06T14:10:03.467+0000] {logging_mixin.py:188} INFO - [2024-03-06T14:10:03.467+0000] {dag.py:3834} INFO - Setting next_dagrun for example_sla_dag to 2024-03-06 14:08:00+00:00, run_after=2024-03-06 14:10:00+00:00
[2024-03-06T14:10:03.488+0000] {processor.py:183} INFO - Processing /home/airflow/.local/lib/python3.11/site-packages/airflow/example_dags/example_sla_dag.py took 0.103 seconds
[2024-03-06T14:10:34.384+0000] {processor.py:161} INFO - Started process (PID=12824) to work on /home/airflow/.local/lib/python3.11/site-packages/airflow/example_dags/example_sla_dag.py
[2024-03-06T14:10:34.388+0000] {processor.py:830} INFO - Processing file /home/airflow/.local/lib/python3.11/site-packages/airflow/example_dags/example_sla_dag.py for tasks to queue
[2024-03-06T14:10:34.391+0000] {logging_mixin.py:188} INFO - [2024-03-06T14:10:34.390+0000] {dagbag.py:540} INFO - Filling up the DagBag from /home/airflow/.local/lib/python3.11/site-packages/airflow/example_dags/example_sla_dag.py
[2024-03-06T14:10:34.405+0000] {processor.py:840} INFO - DAG(s) 'example_sla_dag' retrieved from /home/airflow/.local/lib/python3.11/site-packages/airflow/example_dags/example_sla_dag.py
[2024-03-06T14:10:34.433+0000] {logging_mixin.py:188} INFO - [2024-03-06T14:10:34.432+0000] {dag.py:3047} INFO - Sync 1 DAGs
[2024-03-06T14:10:34.477+0000] {logging_mixin.py:188} INFO - [2024-03-06T14:10:34.477+0000] {dag.py:3834} INFO - Setting next_dagrun for example_sla_dag to 2024-03-06 14:08:00+00:00, run_after=2024-03-06 14:10:00+00:00
[2024-03-06T14:10:34.506+0000] {processor.py:183} INFO - Processing /home/airflow/.local/lib/python3.11/site-packages/airflow/example_dags/example_sla_dag.py took 0.127 seconds
[2024-03-06T14:11:04.576+0000] {processor.py:161} INFO - Started process (PID=13071) to work on /home/airflow/.local/lib/python3.11/site-packages/airflow/example_dags/example_sla_dag.py
[2024-03-06T14:11:04.577+0000] {processor.py:830} INFO - Processing file /home/airflow/.local/lib/python3.11/site-packages/airflow/example_dags/example_sla_dag.py for tasks to queue
[2024-03-06T14:11:04.578+0000] {logging_mixin.py:188} INFO - [2024-03-06T14:11:04.578+0000] {dagbag.py:540} INFO - Filling up the DagBag from /home/airflow/.local/lib/python3.11/site-packages/airflow/example_dags/example_sla_dag.py
[2024-03-06T14:11:04.588+0000] {processor.py:840} INFO - DAG(s) 'example_sla_dag' retrieved from /home/airflow/.local/lib/python3.11/site-packages/airflow/example_dags/example_sla_dag.py
[2024-03-06T14:11:04.608+0000] {logging_mixin.py:188} INFO - [2024-03-06T14:11:04.608+0000] {dag.py:3047} INFO - Sync 1 DAGs
[2024-03-06T14:11:04.633+0000] {logging_mixin.py:188} INFO - [2024-03-06T14:11:04.632+0000] {dag.py:3834} INFO - Setting next_dagrun for example_sla_dag to 2024-03-06 14:08:00+00:00, run_after=2024-03-06 14:10:00+00:00
[2024-03-06T14:11:04.657+0000] {processor.py:183} INFO - Processing /home/airflow/.local/lib/python3.11/site-packages/airflow/example_dags/example_sla_dag.py took 0.084 seconds
[2024-03-06T14:11:35.171+0000] {processor.py:161} INFO - Started process (PID=13318) to work on /home/airflow/.local/lib/python3.11/site-packages/airflow/example_dags/example_sla_dag.py
[2024-03-06T14:11:35.173+0000] {processor.py:830} INFO - Processing file /home/airflow/.local/lib/python3.11/site-packages/airflow/example_dags/example_sla_dag.py for tasks to queue
[2024-03-06T14:11:35.174+0000] {logging_mixin.py:188} INFO - [2024-03-06T14:11:35.173+0000] {dagbag.py:540} INFO - Filling up the DagBag from /home/airflow/.local/lib/python3.11/site-packages/airflow/example_dags/example_sla_dag.py
[2024-03-06T14:11:35.185+0000] {processor.py:840} INFO - DAG(s) 'example_sla_dag' retrieved from /home/airflow/.local/lib/python3.11/site-packages/airflow/example_dags/example_sla_dag.py
[2024-03-06T14:11:35.208+0000] {logging_mixin.py:188} INFO - [2024-03-06T14:11:35.208+0000] {dag.py:3047} INFO - Sync 1 DAGs
[2024-03-06T14:11:35.238+0000] {logging_mixin.py:188} INFO - [2024-03-06T14:11:35.238+0000] {dag.py:3834} INFO - Setting next_dagrun for example_sla_dag to 2024-03-06 14:08:00+00:00, run_after=2024-03-06 14:10:00+00:00
[2024-03-06T14:11:35.258+0000] {processor.py:183} INFO - Processing /home/airflow/.local/lib/python3.11/site-packages/airflow/example_dags/example_sla_dag.py took 0.091 seconds
[2024-03-06T14:12:05.999+0000] {processor.py:161} INFO - Started process (PID=13565) to work on /home/airflow/.local/lib/python3.11/site-packages/airflow/example_dags/example_sla_dag.py
[2024-03-06T14:12:06.000+0000] {processor.py:830} INFO - Processing file /home/airflow/.local/lib/python3.11/site-packages/airflow/example_dags/example_sla_dag.py for tasks to queue
[2024-03-06T14:12:06.002+0000] {logging_mixin.py:188} INFO - [2024-03-06T14:12:06.001+0000] {dagbag.py:540} INFO - Filling up the DagBag from /home/airflow/.local/lib/python3.11/site-packages/airflow/example_dags/example_sla_dag.py
[2024-03-06T14:12:06.010+0000] {processor.py:840} INFO - DAG(s) 'example_sla_dag' retrieved from /home/airflow/.local/lib/python3.11/site-packages/airflow/example_dags/example_sla_dag.py
[2024-03-06T14:12:06.031+0000] {logging_mixin.py:188} INFO - [2024-03-06T14:12:06.030+0000] {dag.py:3047} INFO - Sync 1 DAGs
[2024-03-06T14:12:06.055+0000] {logging_mixin.py:188} INFO - [2024-03-06T14:12:06.055+0000] {dag.py:3834} INFO - Setting next_dagrun for example_sla_dag to 2024-03-06 14:10:00+00:00, run_after=2024-03-06 14:12:00+00:00
[2024-03-06T14:12:06.076+0000] {processor.py:183} INFO - Processing /home/airflow/.local/lib/python3.11/site-packages/airflow/example_dags/example_sla_dag.py took 0.079 seconds
[2024-03-06T14:12:36.405+0000] {processor.py:161} INFO - Started process (PID=13812) to work on /home/airflow/.local/lib/python3.11/site-packages/airflow/example_dags/example_sla_dag.py
[2024-03-06T14:12:36.407+0000] {processor.py:830} INFO - Processing file /home/airflow/.local/lib/python3.11/site-packages/airflow/example_dags/example_sla_dag.py for tasks to queue
[2024-03-06T14:12:36.409+0000] {logging_mixin.py:188} INFO - [2024-03-06T14:12:36.408+0000] {dagbag.py:540} INFO - Filling up the DagBag from /home/airflow/.local/lib/python3.11/site-packages/airflow/example_dags/example_sla_dag.py
[2024-03-06T14:12:36.421+0000] {processor.py:840} INFO - DAG(s) 'example_sla_dag' retrieved from /home/airflow/.local/lib/python3.11/site-packages/airflow/example_dags/example_sla_dag.py
[2024-03-06T14:12:36.443+0000] {logging_mixin.py:188} INFO - [2024-03-06T14:12:36.443+0000] {dag.py:3047} INFO - Sync 1 DAGs
[2024-03-06T14:12:36.468+0000] {logging_mixin.py:188} INFO - [2024-03-06T14:12:36.468+0000] {dag.py:3834} INFO - Setting next_dagrun for example_sla_dag to 2024-03-06 14:10:00+00:00, run_after=2024-03-06 14:12:00+00:00
[2024-03-06T14:12:36.488+0000] {processor.py:183} INFO - Processing /home/airflow/.local/lib/python3.11/site-packages/airflow/example_dags/example_sla_dag.py took 0.086 seconds
[2024-03-06T14:13:07.235+0000] {processor.py:161} INFO - Started process (PID=14059) to work on /home/airflow/.local/lib/python3.11/site-packages/airflow/example_dags/example_sla_dag.py
[2024-03-06T14:13:07.236+0000] {processor.py:830} INFO - Processing file /home/airflow/.local/lib/python3.11/site-packages/airflow/example_dags/example_sla_dag.py for tasks to queue
[2024-03-06T14:13:07.237+0000] {logging_mixin.py:188} INFO - [2024-03-06T14:13:07.237+0000] {dagbag.py:540} INFO - Filling up the DagBag from /home/airflow/.local/lib/python3.11/site-packages/airflow/example_dags/example_sla_dag.py
[2024-03-06T14:13:07.247+0000] {processor.py:840} INFO - DAG(s) 'example_sla_dag' retrieved from /home/airflow/.local/lib/python3.11/site-packages/airflow/example_dags/example_sla_dag.py
[2024-03-06T14:13:07.272+0000] {logging_mixin.py:188} INFO - [2024-03-06T14:13:07.271+0000] {dag.py:3047} INFO - Sync 1 DAGs
[2024-03-06T14:13:07.298+0000] {logging_mixin.py:188} INFO - [2024-03-06T14:13:07.298+0000] {dag.py:3834} INFO - Setting next_dagrun for example_sla_dag to 2024-03-06 14:10:00+00:00, run_after=2024-03-06 14:12:00+00:00
[2024-03-06T14:13:07.317+0000] {processor.py:183} INFO - Processing /home/airflow/.local/lib/python3.11/site-packages/airflow/example_dags/example_sla_dag.py took 0.086 seconds
[2024-03-06T14:13:37.885+0000] {processor.py:161} INFO - Started process (PID=14306) to work on /home/airflow/.local/lib/python3.11/site-packages/airflow/example_dags/example_sla_dag.py
[2024-03-06T14:13:37.886+0000] {processor.py:830} INFO - Processing file /home/airflow/.local/lib/python3.11/site-packages/airflow/example_dags/example_sla_dag.py for tasks to queue
[2024-03-06T14:13:37.887+0000] {logging_mixin.py:188} INFO - [2024-03-06T14:13:37.887+0000] {dagbag.py:540} INFO - Filling up the DagBag from /home/airflow/.local/lib/python3.11/site-packages/airflow/example_dags/example_sla_dag.py
[2024-03-06T14:13:37.897+0000] {processor.py:840} INFO - DAG(s) 'example_sla_dag' retrieved from /home/airflow/.local/lib/python3.11/site-packages/airflow/example_dags/example_sla_dag.py
[2024-03-06T14:13:37.916+0000] {logging_mixin.py:188} INFO - [2024-03-06T14:13:37.916+0000] {dag.py:3047} INFO - Sync 1 DAGs
[2024-03-06T14:13:37.942+0000] {logging_mixin.py:188} INFO - [2024-03-06T14:13:37.942+0000] {dag.py:3834} INFO - Setting next_dagrun for example_sla_dag to 2024-03-06 14:10:00+00:00, run_after=2024-03-06 14:12:00+00:00
[2024-03-06T14:13:37.967+0000] {processor.py:183} INFO - Processing /home/airflow/.local/lib/python3.11/site-packages/airflow/example_dags/example_sla_dag.py took 0.085 seconds
[2024-03-06T14:14:08.809+0000] {processor.py:161} INFO - Started process (PID=14553) to work on /home/airflow/.local/lib/python3.11/site-packages/airflow/example_dags/example_sla_dag.py
[2024-03-06T14:14:08.810+0000] {processor.py:830} INFO - Processing file /home/airflow/.local/lib/python3.11/site-packages/airflow/example_dags/example_sla_dag.py for tasks to queue
[2024-03-06T14:14:08.812+0000] {logging_mixin.py:188} INFO - [2024-03-06T14:14:08.811+0000] {dagbag.py:540} INFO - Filling up the DagBag from /home/airflow/.local/lib/python3.11/site-packages/airflow/example_dags/example_sla_dag.py
[2024-03-06T14:14:08.825+0000] {processor.py:840} INFO - DAG(s) 'example_sla_dag' retrieved from /home/airflow/.local/lib/python3.11/site-packages/airflow/example_dags/example_sla_dag.py
[2024-03-06T14:14:08.851+0000] {logging_mixin.py:188} INFO - [2024-03-06T14:14:08.850+0000] {dag.py:3047} INFO - Sync 1 DAGs
[2024-03-06T14:14:08.888+0000] {logging_mixin.py:188} INFO - [2024-03-06T14:14:08.888+0000] {dag.py:3834} INFO - Setting next_dagrun for example_sla_dag to 2024-03-06 14:12:00+00:00, run_after=2024-03-06 14:14:00+00:00
[2024-03-06T14:14:08.908+0000] {processor.py:183} INFO - Processing /home/airflow/.local/lib/python3.11/site-packages/airflow/example_dags/example_sla_dag.py took 0.102 seconds
[2024-03-06T14:14:39.043+0000] {processor.py:161} INFO - Started process (PID=14802) to work on /home/airflow/.local/lib/python3.11/site-packages/airflow/example_dags/example_sla_dag.py
[2024-03-06T14:14:39.044+0000] {processor.py:830} INFO - Processing file /home/airflow/.local/lib/python3.11/site-packages/airflow/example_dags/example_sla_dag.py for tasks to queue
[2024-03-06T14:14:39.046+0000] {logging_mixin.py:188} INFO - [2024-03-06T14:14:39.045+0000] {dagbag.py:540} INFO - Filling up the DagBag from /home/airflow/.local/lib/python3.11/site-packages/airflow/example_dags/example_sla_dag.py
[2024-03-06T14:14:39.053+0000] {processor.py:840} INFO - DAG(s) 'example_sla_dag' retrieved from /home/airflow/.local/lib/python3.11/site-packages/airflow/example_dags/example_sla_dag.py
[2024-03-06T14:14:39.072+0000] {logging_mixin.py:188} INFO - [2024-03-06T14:14:39.072+0000] {dag.py:3047} INFO - Sync 1 DAGs
[2024-03-06T14:14:39.096+0000] {logging_mixin.py:188} INFO - [2024-03-06T14:14:39.095+0000] {dag.py:3834} INFO - Setting next_dagrun for example_sla_dag to 2024-03-06 14:12:00+00:00, run_after=2024-03-06 14:14:00+00:00
[2024-03-06T14:14:39.113+0000] {processor.py:183} INFO - Processing /home/airflow/.local/lib/python3.11/site-packages/airflow/example_dags/example_sla_dag.py took 0.074 seconds
[2024-03-06T14:15:09.187+0000] {processor.py:161} INFO - Started process (PID=15047) to work on /home/airflow/.local/lib/python3.11/site-packages/airflow/example_dags/example_sla_dag.py
[2024-03-06T14:15:09.188+0000] {processor.py:830} INFO - Processing file /home/airflow/.local/lib/python3.11/site-packages/airflow/example_dags/example_sla_dag.py for tasks to queue
[2024-03-06T14:15:09.189+0000] {logging_mixin.py:188} INFO - [2024-03-06T14:15:09.189+0000] {dagbag.py:540} INFO - Filling up the DagBag from /home/airflow/.local/lib/python3.11/site-packages/airflow/example_dags/example_sla_dag.py
[2024-03-06T14:15:09.200+0000] {processor.py:840} INFO - DAG(s) 'example_sla_dag' retrieved from /home/airflow/.local/lib/python3.11/site-packages/airflow/example_dags/example_sla_dag.py
[2024-03-06T14:15:09.223+0000] {logging_mixin.py:188} INFO - [2024-03-06T14:15:09.223+0000] {dag.py:3047} INFO - Sync 1 DAGs
[2024-03-06T14:15:09.247+0000] {logging_mixin.py:188} INFO - [2024-03-06T14:15:09.247+0000] {dag.py:3834} INFO - Setting next_dagrun for example_sla_dag to 2024-03-06 14:12:00+00:00, run_after=2024-03-06 14:14:00+00:00
[2024-03-06T14:15:09.271+0000] {processor.py:183} INFO - Processing /home/airflow/.local/lib/python3.11/site-packages/airflow/example_dags/example_sla_dag.py took 0.088 seconds
[2024-03-06T14:15:40.218+0000] {processor.py:161} INFO - Started process (PID=15294) to work on /home/airflow/.local/lib/python3.11/site-packages/airflow/example_dags/example_sla_dag.py
[2024-03-06T14:15:40.219+0000] {processor.py:830} INFO - Processing file /home/airflow/.local/lib/python3.11/site-packages/airflow/example_dags/example_sla_dag.py for tasks to queue
[2024-03-06T14:15:40.221+0000] {logging_mixin.py:188} INFO - [2024-03-06T14:15:40.220+0000] {dagbag.py:540} INFO - Filling up the DagBag from /home/airflow/.local/lib/python3.11/site-packages/airflow/example_dags/example_sla_dag.py
[2024-03-06T14:15:40.229+0000] {processor.py:840} INFO - DAG(s) 'example_sla_dag' retrieved from /home/airflow/.local/lib/python3.11/site-packages/airflow/example_dags/example_sla_dag.py
[2024-03-06T14:15:40.251+0000] {logging_mixin.py:188} INFO - [2024-03-06T14:15:40.251+0000] {dag.py:3047} INFO - Sync 1 DAGs
[2024-03-06T14:15:40.275+0000] {logging_mixin.py:188} INFO - [2024-03-06T14:15:40.275+0000] {dag.py:3834} INFO - Setting next_dagrun for example_sla_dag to 2024-03-06 14:12:00+00:00, run_after=2024-03-06 14:14:00+00:00
[2024-03-06T14:15:40.298+0000] {processor.py:183} INFO - Processing /home/airflow/.local/lib/python3.11/site-packages/airflow/example_dags/example_sla_dag.py took 0.083 seconds
[2024-03-06T14:16:10.456+0000] {processor.py:161} INFO - Started process (PID=15541) to work on /home/airflow/.local/lib/python3.11/site-packages/airflow/example_dags/example_sla_dag.py
[2024-03-06T14:16:10.458+0000] {processor.py:830} INFO - Processing file /home/airflow/.local/lib/python3.11/site-packages/airflow/example_dags/example_sla_dag.py for tasks to queue
[2024-03-06T14:16:10.460+0000] {logging_mixin.py:188} INFO - [2024-03-06T14:16:10.459+0000] {dagbag.py:540} INFO - Filling up the DagBag from /home/airflow/.local/lib/python3.11/site-packages/airflow/example_dags/example_sla_dag.py
[2024-03-06T14:16:10.471+0000] {processor.py:840} INFO - DAG(s) 'example_sla_dag' retrieved from /home/airflow/.local/lib/python3.11/site-packages/airflow/example_dags/example_sla_dag.py
[2024-03-06T14:16:10.499+0000] {logging_mixin.py:188} INFO - [2024-03-06T14:16:10.498+0000] {dag.py:3047} INFO - Sync 1 DAGs
[2024-03-06T14:16:10.530+0000] {logging_mixin.py:188} INFO - [2024-03-06T14:16:10.530+0000] {dag.py:3834} INFO - Setting next_dagrun for example_sla_dag to 2024-03-06 14:14:00+00:00, run_after=2024-03-06 14:16:00+00:00
[2024-03-06T14:16:10.562+0000] {processor.py:183} INFO - Processing /home/airflow/.local/lib/python3.11/site-packages/airflow/example_dags/example_sla_dag.py took 0.109 seconds
[2024-03-06T14:16:41.285+0000] {processor.py:161} INFO - Started process (PID=15788) to work on /home/airflow/.local/lib/python3.11/site-packages/airflow/example_dags/example_sla_dag.py
[2024-03-06T14:16:41.286+0000] {processor.py:830} INFO - Processing file /home/airflow/.local/lib/python3.11/site-packages/airflow/example_dags/example_sla_dag.py for tasks to queue
[2024-03-06T14:16:41.288+0000] {logging_mixin.py:188} INFO - [2024-03-06T14:16:41.287+0000] {dagbag.py:540} INFO - Filling up the DagBag from /home/airflow/.local/lib/python3.11/site-packages/airflow/example_dags/example_sla_dag.py
[2024-03-06T14:16:41.297+0000] {processor.py:840} INFO - DAG(s) 'example_sla_dag' retrieved from /home/airflow/.local/lib/python3.11/site-packages/airflow/example_dags/example_sla_dag.py
[2024-03-06T14:16:41.323+0000] {logging_mixin.py:188} INFO - [2024-03-06T14:16:41.323+0000] {dag.py:3047} INFO - Sync 1 DAGs
[2024-03-06T14:16:41.351+0000] {logging_mixin.py:188} INFO - [2024-03-06T14:16:41.351+0000] {dag.py:3834} INFO - Setting next_dagrun for example_sla_dag to 2024-03-06 14:14:00+00:00, run_after=2024-03-06 14:16:00+00:00
[2024-03-06T14:16:41.370+0000] {processor.py:183} INFO - Processing /home/airflow/.local/lib/python3.11/site-packages/airflow/example_dags/example_sla_dag.py took 0.089 seconds
[2024-03-06T14:17:12.309+0000] {processor.py:161} INFO - Started process (PID=16035) to work on /home/airflow/.local/lib/python3.11/site-packages/airflow/example_dags/example_sla_dag.py
[2024-03-06T14:17:12.316+0000] {processor.py:830} INFO - Processing file /home/airflow/.local/lib/python3.11/site-packages/airflow/example_dags/example_sla_dag.py for tasks to queue
[2024-03-06T14:17:12.318+0000] {logging_mixin.py:188} INFO - [2024-03-06T14:17:12.317+0000] {dagbag.py:540} INFO - Filling up the DagBag from /home/airflow/.local/lib/python3.11/site-packages/airflow/example_dags/example_sla_dag.py
[2024-03-06T14:17:12.336+0000] {processor.py:840} INFO - DAG(s) 'example_sla_dag' retrieved from /home/airflow/.local/lib/python3.11/site-packages/airflow/example_dags/example_sla_dag.py
[2024-03-06T14:17:12.393+0000] {logging_mixin.py:188} INFO - [2024-03-06T14:17:12.393+0000] {dag.py:3047} INFO - Sync 1 DAGs
[2024-03-06T14:17:12.443+0000] {logging_mixin.py:188} INFO - [2024-03-06T14:17:12.443+0000] {dag.py:3834} INFO - Setting next_dagrun for example_sla_dag to 2024-03-06 14:14:00+00:00, run_after=2024-03-06 14:16:00+00:00
[2024-03-06T14:17:12.492+0000] {processor.py:183} INFO - Processing /home/airflow/.local/lib/python3.11/site-packages/airflow/example_dags/example_sla_dag.py took 0.188 seconds
[2024-03-06T14:17:43.187+0000] {processor.py:161} INFO - Started process (PID=16282) to work on /home/airflow/.local/lib/python3.11/site-packages/airflow/example_dags/example_sla_dag.py
[2024-03-06T14:17:43.189+0000] {processor.py:830} INFO - Processing file /home/airflow/.local/lib/python3.11/site-packages/airflow/example_dags/example_sla_dag.py for tasks to queue
[2024-03-06T14:17:43.191+0000] {logging_mixin.py:188} INFO - [2024-03-06T14:17:43.190+0000] {dagbag.py:540} INFO - Filling up the DagBag from /home/airflow/.local/lib/python3.11/site-packages/airflow/example_dags/example_sla_dag.py
[2024-03-06T14:17:43.204+0000] {processor.py:840} INFO - DAG(s) 'example_sla_dag' retrieved from /home/airflow/.local/lib/python3.11/site-packages/airflow/example_dags/example_sla_dag.py
[2024-03-06T14:17:43.232+0000] {logging_mixin.py:188} INFO - [2024-03-06T14:17:43.232+0000] {dag.py:3047} INFO - Sync 1 DAGs
[2024-03-06T14:17:43.262+0000] {logging_mixin.py:188} INFO - [2024-03-06T14:17:43.262+0000] {dag.py:3834} INFO - Setting next_dagrun for example_sla_dag to 2024-03-06 14:14:00+00:00, run_after=2024-03-06 14:16:00+00:00
[2024-03-06T14:17:43.290+0000] {processor.py:183} INFO - Processing /home/airflow/.local/lib/python3.11/site-packages/airflow/example_dags/example_sla_dag.py took 0.110 seconds
[2024-03-06T14:18:14.282+0000] {processor.py:161} INFO - Started process (PID=16529) to work on /home/airflow/.local/lib/python3.11/site-packages/airflow/example_dags/example_sla_dag.py
[2024-03-06T14:18:14.289+0000] {processor.py:830} INFO - Processing file /home/airflow/.local/lib/python3.11/site-packages/airflow/example_dags/example_sla_dag.py for tasks to queue
[2024-03-06T14:18:14.294+0000] {logging_mixin.py:188} INFO - [2024-03-06T14:18:14.293+0000] {dagbag.py:540} INFO - Filling up the DagBag from /home/airflow/.local/lib/python3.11/site-packages/airflow/example_dags/example_sla_dag.py
[2024-03-06T14:18:14.313+0000] {processor.py:840} INFO - DAG(s) 'example_sla_dag' retrieved from /home/airflow/.local/lib/python3.11/site-packages/airflow/example_dags/example_sla_dag.py
[2024-03-06T14:18:14.381+0000] {logging_mixin.py:188} INFO - [2024-03-06T14:18:14.381+0000] {dag.py:3047} INFO - Sync 1 DAGs
[2024-03-06T14:18:14.453+0000] {logging_mixin.py:188} INFO - [2024-03-06T14:18:14.453+0000] {dag.py:3834} INFO - Setting next_dagrun for example_sla_dag to 2024-03-06 14:16:00+00:00, run_after=2024-03-06 14:18:00+00:00
[2024-03-06T14:18:14.537+0000] {processor.py:183} INFO - Processing /home/airflow/.local/lib/python3.11/site-packages/airflow/example_dags/example_sla_dag.py took 0.265 seconds
[2024-03-06T14:18:45.087+0000] {processor.py:161} INFO - Started process (PID=16775) to work on /home/airflow/.local/lib/python3.11/site-packages/airflow/example_dags/example_sla_dag.py
[2024-03-06T14:18:45.095+0000] {processor.py:830} INFO - Processing file /home/airflow/.local/lib/python3.11/site-packages/airflow/example_dags/example_sla_dag.py for tasks to queue
[2024-03-06T14:18:45.099+0000] {logging_mixin.py:188} INFO - [2024-03-06T14:18:45.097+0000] {dagbag.py:540} INFO - Filling up the DagBag from /home/airflow/.local/lib/python3.11/site-packages/airflow/example_dags/example_sla_dag.py
[2024-03-06T14:18:45.138+0000] {processor.py:840} INFO - DAG(s) 'example_sla_dag' retrieved from /home/airflow/.local/lib/python3.11/site-packages/airflow/example_dags/example_sla_dag.py
[2024-03-06T14:18:45.202+0000] {logging_mixin.py:188} INFO - [2024-03-06T14:18:45.202+0000] {dag.py:3047} INFO - Sync 1 DAGs
[2024-03-06T14:18:45.285+0000] {logging_mixin.py:188} INFO - [2024-03-06T14:18:45.285+0000] {dag.py:3834} INFO - Setting next_dagrun for example_sla_dag to 2024-03-06 14:16:00+00:00, run_after=2024-03-06 14:18:00+00:00
[2024-03-06T14:18:45.345+0000] {processor.py:183} INFO - Processing /home/airflow/.local/lib/python3.11/site-packages/airflow/example_dags/example_sla_dag.py took 0.266 seconds
[2024-03-06T14:19:16.149+0000] {processor.py:161} INFO - Started process (PID=17022) to work on /home/airflow/.local/lib/python3.11/site-packages/airflow/example_dags/example_sla_dag.py
[2024-03-06T14:19:16.151+0000] {processor.py:830} INFO - Processing file /home/airflow/.local/lib/python3.11/site-packages/airflow/example_dags/example_sla_dag.py for tasks to queue
[2024-03-06T14:19:16.152+0000] {logging_mixin.py:188} INFO - [2024-03-06T14:19:16.151+0000] {dagbag.py:540} INFO - Filling up the DagBag from /home/airflow/.local/lib/python3.11/site-packages/airflow/example_dags/example_sla_dag.py
[2024-03-06T14:19:16.169+0000] {processor.py:840} INFO - DAG(s) 'example_sla_dag' retrieved from /home/airflow/.local/lib/python3.11/site-packages/airflow/example_dags/example_sla_dag.py
[2024-03-06T14:19:16.202+0000] {logging_mixin.py:188} INFO - [2024-03-06T14:19:16.202+0000] {dag.py:3047} INFO - Sync 1 DAGs
[2024-03-06T14:19:16.252+0000] {logging_mixin.py:188} INFO - [2024-03-06T14:19:16.252+0000] {dag.py:3834} INFO - Setting next_dagrun for example_sla_dag to 2024-03-06 14:16:00+00:00, run_after=2024-03-06 14:18:00+00:00
[2024-03-06T14:19:16.295+0000] {processor.py:183} INFO - Processing /home/airflow/.local/lib/python3.11/site-packages/airflow/example_dags/example_sla_dag.py took 0.152 seconds
