[2024-03-06T13:44:36.124+0000] {processor.py:161} INFO - Started process (PID=224) to work on /home/airflow/.local/lib/python3.11/site-packages/airflow/example_dags/example_sensors.py
[2024-03-06T13:44:36.125+0000] {processor.py:830} INFO - Processing file /home/airflow/.local/lib/python3.11/site-packages/airflow/example_dags/example_sensors.py for tasks to queue
[2024-03-06T13:44:36.128+0000] {logging_mixin.py:188} INFO - [2024-03-06T13:44:36.127+0000] {dagbag.py:540} INFO - Filling up the DagBag from /home/airflow/.local/lib/python3.11/site-packages/airflow/example_dags/example_sensors.py
[2024-03-06T13:44:36.145+0000] {processor.py:840} INFO - DAG(s) 'example_sensors' retrieved from /home/airflow/.local/lib/python3.11/site-packages/airflow/example_dags/example_sensors.py
[2024-03-06T13:44:36.186+0000] {logging_mixin.py:188} INFO - [2024-03-06T13:44:36.186+0000] {dag.py:3047} INFO - Sync 1 DAGs
[2024-03-06T13:44:36.202+0000] {logging_mixin.py:188} INFO - [2024-03-06T13:44:36.202+0000] {dag.py:3834} INFO - Setting next_dagrun for example_sensors to None, run_after=None
[2024-03-06T13:44:36.232+0000] {processor.py:183} INFO - Processing /home/airflow/.local/lib/python3.11/site-packages/airflow/example_dags/example_sensors.py took 0.113 seconds
[2024-03-06T13:45:07.123+0000] {processor.py:161} INFO - Started process (PID=470) to work on /home/airflow/.local/lib/python3.11/site-packages/airflow/example_dags/example_sensors.py
[2024-03-06T13:45:07.124+0000] {processor.py:830} INFO - Processing file /home/airflow/.local/lib/python3.11/site-packages/airflow/example_dags/example_sensors.py for tasks to queue
[2024-03-06T13:45:07.125+0000] {logging_mixin.py:188} INFO - [2024-03-06T13:45:07.125+0000] {dagbag.py:540} INFO - Filling up the DagBag from /home/airflow/.local/lib/python3.11/site-packages/airflow/example_dags/example_sensors.py
[2024-03-06T13:45:07.137+0000] {processor.py:840} INFO - DAG(s) 'example_sensors' retrieved from /home/airflow/.local/lib/python3.11/site-packages/airflow/example_dags/example_sensors.py
[2024-03-06T13:45:07.163+0000] {logging_mixin.py:188} INFO - [2024-03-06T13:45:07.162+0000] {dag.py:3047} INFO - Sync 1 DAGs
[2024-03-06T13:45:07.177+0000] {logging_mixin.py:188} INFO - [2024-03-06T13:45:07.177+0000] {dag.py:3834} INFO - Setting next_dagrun for example_sensors to None, run_after=None
[2024-03-06T13:45:07.196+0000] {processor.py:183} INFO - Processing /home/airflow/.local/lib/python3.11/site-packages/airflow/example_dags/example_sensors.py took 0.077 seconds
[2024-03-06T13:45:37.543+0000] {processor.py:161} INFO - Started process (PID=716) to work on /home/airflow/.local/lib/python3.11/site-packages/airflow/example_dags/example_sensors.py
[2024-03-06T13:45:37.558+0000] {processor.py:830} INFO - Processing file /home/airflow/.local/lib/python3.11/site-packages/airflow/example_dags/example_sensors.py for tasks to queue
[2024-03-06T13:45:37.559+0000] {logging_mixin.py:188} INFO - [2024-03-06T13:45:37.559+0000] {dagbag.py:540} INFO - Filling up the DagBag from /home/airflow/.local/lib/python3.11/site-packages/airflow/example_dags/example_sensors.py
[2024-03-06T13:45:37.570+0000] {processor.py:840} INFO - DAG(s) 'example_sensors' retrieved from /home/airflow/.local/lib/python3.11/site-packages/airflow/example_dags/example_sensors.py
[2024-03-06T13:45:37.602+0000] {logging_mixin.py:188} INFO - [2024-03-06T13:45:37.601+0000] {dag.py:3047} INFO - Sync 1 DAGs
[2024-03-06T13:45:37.614+0000] {logging_mixin.py:188} INFO - [2024-03-06T13:45:37.613+0000] {dag.py:3834} INFO - Setting next_dagrun for example_sensors to None, run_after=None
[2024-03-06T13:45:37.633+0000] {processor.py:183} INFO - Processing /home/airflow/.local/lib/python3.11/site-packages/airflow/example_dags/example_sensors.py took 0.095 seconds
[2024-03-06T13:46:07.761+0000] {processor.py:161} INFO - Started process (PID=963) to work on /home/airflow/.local/lib/python3.11/site-packages/airflow/example_dags/example_sensors.py
[2024-03-06T13:46:07.763+0000] {processor.py:830} INFO - Processing file /home/airflow/.local/lib/python3.11/site-packages/airflow/example_dags/example_sensors.py for tasks to queue
[2024-03-06T13:46:07.765+0000] {logging_mixin.py:188} INFO - [2024-03-06T13:46:07.764+0000] {dagbag.py:540} INFO - Filling up the DagBag from /home/airflow/.local/lib/python3.11/site-packages/airflow/example_dags/example_sensors.py
[2024-03-06T13:46:07.777+0000] {processor.py:840} INFO - DAG(s) 'example_sensors' retrieved from /home/airflow/.local/lib/python3.11/site-packages/airflow/example_dags/example_sensors.py
[2024-03-06T13:46:07.802+0000] {logging_mixin.py:188} INFO - [2024-03-06T13:46:07.802+0000] {dag.py:3047} INFO - Sync 1 DAGs
[2024-03-06T13:46:07.814+0000] {logging_mixin.py:188} INFO - [2024-03-06T13:46:07.814+0000] {dag.py:3834} INFO - Setting next_dagrun for example_sensors to None, run_after=None
[2024-03-06T13:46:07.847+0000] {processor.py:183} INFO - Processing /home/airflow/.local/lib/python3.11/site-packages/airflow/example_dags/example_sensors.py took 0.089 seconds
[2024-03-06T13:46:38.746+0000] {processor.py:161} INFO - Started process (PID=1210) to work on /home/airflow/.local/lib/python3.11/site-packages/airflow/example_dags/example_sensors.py
[2024-03-06T13:46:38.748+0000] {processor.py:830} INFO - Processing file /home/airflow/.local/lib/python3.11/site-packages/airflow/example_dags/example_sensors.py for tasks to queue
[2024-03-06T13:46:38.750+0000] {logging_mixin.py:188} INFO - [2024-03-06T13:46:38.749+0000] {dagbag.py:540} INFO - Filling up the DagBag from /home/airflow/.local/lib/python3.11/site-packages/airflow/example_dags/example_sensors.py
[2024-03-06T13:46:38.772+0000] {processor.py:840} INFO - DAG(s) 'example_sensors' retrieved from /home/airflow/.local/lib/python3.11/site-packages/airflow/example_dags/example_sensors.py
[2024-03-06T13:46:38.802+0000] {logging_mixin.py:188} INFO - [2024-03-06T13:46:38.802+0000] {dag.py:3047} INFO - Sync 1 DAGs
[2024-03-06T13:46:38.818+0000] {logging_mixin.py:188} INFO - [2024-03-06T13:46:38.817+0000] {dag.py:3834} INFO - Setting next_dagrun for example_sensors to None, run_after=None
[2024-03-06T13:46:38.838+0000] {processor.py:183} INFO - Processing /home/airflow/.local/lib/python3.11/site-packages/airflow/example_dags/example_sensors.py took 0.095 seconds
[2024-03-06T13:47:09.666+0000] {processor.py:161} INFO - Started process (PID=1457) to work on /home/airflow/.local/lib/python3.11/site-packages/airflow/example_dags/example_sensors.py
[2024-03-06T13:47:09.669+0000] {processor.py:830} INFO - Processing file /home/airflow/.local/lib/python3.11/site-packages/airflow/example_dags/example_sensors.py for tasks to queue
[2024-03-06T13:47:09.670+0000] {logging_mixin.py:188} INFO - [2024-03-06T13:47:09.670+0000] {dagbag.py:540} INFO - Filling up the DagBag from /home/airflow/.local/lib/python3.11/site-packages/airflow/example_dags/example_sensors.py
[2024-03-06T13:47:09.686+0000] {processor.py:840} INFO - DAG(s) 'example_sensors' retrieved from /home/airflow/.local/lib/python3.11/site-packages/airflow/example_dags/example_sensors.py
[2024-03-06T13:47:09.726+0000] {logging_mixin.py:188} INFO - [2024-03-06T13:47:09.726+0000] {dag.py:3047} INFO - Sync 1 DAGs
[2024-03-06T13:47:09.753+0000] {logging_mixin.py:188} INFO - [2024-03-06T13:47:09.752+0000] {dag.py:3834} INFO - Setting next_dagrun for example_sensors to None, run_after=None
[2024-03-06T13:47:09.803+0000] {processor.py:183} INFO - Processing /home/airflow/.local/lib/python3.11/site-packages/airflow/example_dags/example_sensors.py took 0.143 seconds
[2024-03-06T13:47:40.730+0000] {processor.py:161} INFO - Started process (PID=1706) to work on /home/airflow/.local/lib/python3.11/site-packages/airflow/example_dags/example_sensors.py
[2024-03-06T13:47:40.732+0000] {processor.py:830} INFO - Processing file /home/airflow/.local/lib/python3.11/site-packages/airflow/example_dags/example_sensors.py for tasks to queue
[2024-03-06T13:47:40.735+0000] {logging_mixin.py:188} INFO - [2024-03-06T13:47:40.734+0000] {dagbag.py:540} INFO - Filling up the DagBag from /home/airflow/.local/lib/python3.11/site-packages/airflow/example_dags/example_sensors.py
[2024-03-06T13:47:40.753+0000] {processor.py:840} INFO - DAG(s) 'example_sensors' retrieved from /home/airflow/.local/lib/python3.11/site-packages/airflow/example_dags/example_sensors.py
[2024-03-06T13:47:40.803+0000] {logging_mixin.py:188} INFO - [2024-03-06T13:47:40.803+0000] {dag.py:3047} INFO - Sync 1 DAGs
[2024-03-06T13:47:40.823+0000] {logging_mixin.py:188} INFO - [2024-03-06T13:47:40.822+0000] {dag.py:3834} INFO - Setting next_dagrun for example_sensors to None, run_after=None
[2024-03-06T13:47:40.854+0000] {processor.py:183} INFO - Processing /home/airflow/.local/lib/python3.11/site-packages/airflow/example_dags/example_sensors.py took 0.133 seconds
[2024-03-06T13:48:11.286+0000] {processor.py:161} INFO - Started process (PID=1951) to work on /home/airflow/.local/lib/python3.11/site-packages/airflow/example_dags/example_sensors.py
[2024-03-06T13:48:11.287+0000] {processor.py:830} INFO - Processing file /home/airflow/.local/lib/python3.11/site-packages/airflow/example_dags/example_sensors.py for tasks to queue
[2024-03-06T13:48:11.289+0000] {logging_mixin.py:188} INFO - [2024-03-06T13:48:11.289+0000] {dagbag.py:540} INFO - Filling up the DagBag from /home/airflow/.local/lib/python3.11/site-packages/airflow/example_dags/example_sensors.py
[2024-03-06T13:48:11.302+0000] {processor.py:840} INFO - DAG(s) 'example_sensors' retrieved from /home/airflow/.local/lib/python3.11/site-packages/airflow/example_dags/example_sensors.py
[2024-03-06T13:48:11.327+0000] {logging_mixin.py:188} INFO - [2024-03-06T13:48:11.327+0000] {dag.py:3047} INFO - Sync 1 DAGs
[2024-03-06T13:48:11.338+0000] {logging_mixin.py:188} INFO - [2024-03-06T13:48:11.338+0000] {dag.py:3834} INFO - Setting next_dagrun for example_sensors to None, run_after=None
[2024-03-06T13:48:11.360+0000] {processor.py:183} INFO - Processing /home/airflow/.local/lib/python3.11/site-packages/airflow/example_dags/example_sensors.py took 0.077 seconds
[2024-03-06T13:48:41.837+0000] {processor.py:161} INFO - Started process (PID=2197) to work on /home/airflow/.local/lib/python3.11/site-packages/airflow/example_dags/example_sensors.py
[2024-03-06T13:48:41.838+0000] {processor.py:830} INFO - Processing file /home/airflow/.local/lib/python3.11/site-packages/airflow/example_dags/example_sensors.py for tasks to queue
[2024-03-06T13:48:41.840+0000] {logging_mixin.py:188} INFO - [2024-03-06T13:48:41.839+0000] {dagbag.py:540} INFO - Filling up the DagBag from /home/airflow/.local/lib/python3.11/site-packages/airflow/example_dags/example_sensors.py
[2024-03-06T13:48:41.852+0000] {processor.py:840} INFO - DAG(s) 'example_sensors' retrieved from /home/airflow/.local/lib/python3.11/site-packages/airflow/example_dags/example_sensors.py
[2024-03-06T13:48:41.878+0000] {logging_mixin.py:188} INFO - [2024-03-06T13:48:41.878+0000] {dag.py:3047} INFO - Sync 1 DAGs
[2024-03-06T13:48:41.894+0000] {logging_mixin.py:188} INFO - [2024-03-06T13:48:41.893+0000] {dag.py:3834} INFO - Setting next_dagrun for example_sensors to None, run_after=None
[2024-03-06T13:48:41.924+0000] {processor.py:183} INFO - Processing /home/airflow/.local/lib/python3.11/site-packages/airflow/example_dags/example_sensors.py took 0.091 seconds
[2024-03-06T13:49:12.919+0000] {processor.py:161} INFO - Started process (PID=2444) to work on /home/airflow/.local/lib/python3.11/site-packages/airflow/example_dags/example_sensors.py
[2024-03-06T13:49:12.921+0000] {processor.py:830} INFO - Processing file /home/airflow/.local/lib/python3.11/site-packages/airflow/example_dags/example_sensors.py for tasks to queue
[2024-03-06T13:49:12.924+0000] {logging_mixin.py:188} INFO - [2024-03-06T13:49:12.923+0000] {dagbag.py:540} INFO - Filling up the DagBag from /home/airflow/.local/lib/python3.11/site-packages/airflow/example_dags/example_sensors.py
[2024-03-06T13:49:12.940+0000] {processor.py:840} INFO - DAG(s) 'example_sensors' retrieved from /home/airflow/.local/lib/python3.11/site-packages/airflow/example_dags/example_sensors.py
[2024-03-06T13:49:12.970+0000] {logging_mixin.py:188} INFO - [2024-03-06T13:49:12.969+0000] {dag.py:3047} INFO - Sync 1 DAGs
[2024-03-06T13:49:12.988+0000] {logging_mixin.py:188} INFO - [2024-03-06T13:49:12.988+0000] {dag.py:3834} INFO - Setting next_dagrun for example_sensors to None, run_after=None
[2024-03-06T13:49:13.012+0000] {processor.py:183} INFO - Processing /home/airflow/.local/lib/python3.11/site-packages/airflow/example_dags/example_sensors.py took 0.096 seconds
[2024-03-06T13:49:43.176+0000] {processor.py:161} INFO - Started process (PID=2691) to work on /home/airflow/.local/lib/python3.11/site-packages/airflow/example_dags/example_sensors.py
[2024-03-06T13:49:43.177+0000] {processor.py:830} INFO - Processing file /home/airflow/.local/lib/python3.11/site-packages/airflow/example_dags/example_sensors.py for tasks to queue
[2024-03-06T13:49:43.179+0000] {logging_mixin.py:188} INFO - [2024-03-06T13:49:43.179+0000] {dagbag.py:540} INFO - Filling up the DagBag from /home/airflow/.local/lib/python3.11/site-packages/airflow/example_dags/example_sensors.py
[2024-03-06T13:49:43.189+0000] {processor.py:840} INFO - DAG(s) 'example_sensors' retrieved from /home/airflow/.local/lib/python3.11/site-packages/airflow/example_dags/example_sensors.py
[2024-03-06T13:49:43.212+0000] {logging_mixin.py:188} INFO - [2024-03-06T13:49:43.211+0000] {dag.py:3047} INFO - Sync 1 DAGs
[2024-03-06T13:49:43.226+0000] {logging_mixin.py:188} INFO - [2024-03-06T13:49:43.226+0000] {dag.py:3834} INFO - Setting next_dagrun for example_sensors to None, run_after=None
[2024-03-06T13:49:43.245+0000] {processor.py:183} INFO - Processing /home/airflow/.local/lib/python3.11/site-packages/airflow/example_dags/example_sensors.py took 0.072 seconds
[2024-03-06T13:50:14.068+0000] {processor.py:161} INFO - Started process (PID=2938) to work on /home/airflow/.local/lib/python3.11/site-packages/airflow/example_dags/example_sensors.py
[2024-03-06T13:50:14.070+0000] {processor.py:830} INFO - Processing file /home/airflow/.local/lib/python3.11/site-packages/airflow/example_dags/example_sensors.py for tasks to queue
[2024-03-06T13:50:14.073+0000] {logging_mixin.py:188} INFO - [2024-03-06T13:50:14.072+0000] {dagbag.py:540} INFO - Filling up the DagBag from /home/airflow/.local/lib/python3.11/site-packages/airflow/example_dags/example_sensors.py
[2024-03-06T13:50:14.087+0000] {processor.py:840} INFO - DAG(s) 'example_sensors' retrieved from /home/airflow/.local/lib/python3.11/site-packages/airflow/example_dags/example_sensors.py
[2024-03-06T13:50:14.111+0000] {logging_mixin.py:188} INFO - [2024-03-06T13:50:14.111+0000] {dag.py:3047} INFO - Sync 1 DAGs
[2024-03-06T13:50:14.124+0000] {logging_mixin.py:188} INFO - [2024-03-06T13:50:14.124+0000] {dag.py:3834} INFO - Setting next_dagrun for example_sensors to None, run_after=None
[2024-03-06T13:50:14.142+0000] {processor.py:183} INFO - Processing /home/airflow/.local/lib/python3.11/site-packages/airflow/example_dags/example_sensors.py took 0.078 seconds
[2024-03-06T13:50:44.700+0000] {processor.py:161} INFO - Started process (PID=3185) to work on /home/airflow/.local/lib/python3.11/site-packages/airflow/example_dags/example_sensors.py
[2024-03-06T13:50:44.701+0000] {processor.py:830} INFO - Processing file /home/airflow/.local/lib/python3.11/site-packages/airflow/example_dags/example_sensors.py for tasks to queue
[2024-03-06T13:50:44.702+0000] {logging_mixin.py:188} INFO - [2024-03-06T13:50:44.702+0000] {dagbag.py:540} INFO - Filling up the DagBag from /home/airflow/.local/lib/python3.11/site-packages/airflow/example_dags/example_sensors.py
[2024-03-06T13:50:44.713+0000] {processor.py:840} INFO - DAG(s) 'example_sensors' retrieved from /home/airflow/.local/lib/python3.11/site-packages/airflow/example_dags/example_sensors.py
[2024-03-06T13:50:44.738+0000] {logging_mixin.py:188} INFO - [2024-03-06T13:50:44.738+0000] {dag.py:3047} INFO - Sync 1 DAGs
[2024-03-06T13:50:44.750+0000] {logging_mixin.py:188} INFO - [2024-03-06T13:50:44.750+0000] {dag.py:3834} INFO - Setting next_dagrun for example_sensors to None, run_after=None
[2024-03-06T13:50:44.766+0000] {processor.py:183} INFO - Processing /home/airflow/.local/lib/python3.11/site-packages/airflow/example_dags/example_sensors.py took 0.069 seconds
[2024-03-06T13:51:15.143+0000] {processor.py:161} INFO - Started process (PID=3432) to work on /home/airflow/.local/lib/python3.11/site-packages/airflow/example_dags/example_sensors.py
[2024-03-06T13:51:15.144+0000] {processor.py:830} INFO - Processing file /home/airflow/.local/lib/python3.11/site-packages/airflow/example_dags/example_sensors.py for tasks to queue
[2024-03-06T13:51:15.145+0000] {logging_mixin.py:188} INFO - [2024-03-06T13:51:15.145+0000] {dagbag.py:540} INFO - Filling up the DagBag from /home/airflow/.local/lib/python3.11/site-packages/airflow/example_dags/example_sensors.py
[2024-03-06T13:51:15.157+0000] {processor.py:840} INFO - DAG(s) 'example_sensors' retrieved from /home/airflow/.local/lib/python3.11/site-packages/airflow/example_dags/example_sensors.py
[2024-03-06T13:51:15.179+0000] {logging_mixin.py:188} INFO - [2024-03-06T13:51:15.179+0000] {dag.py:3047} INFO - Sync 1 DAGs
[2024-03-06T13:51:15.191+0000] {logging_mixin.py:188} INFO - [2024-03-06T13:51:15.190+0000] {dag.py:3834} INFO - Setting next_dagrun for example_sensors to None, run_after=None
[2024-03-06T13:51:15.210+0000] {processor.py:183} INFO - Processing /home/airflow/.local/lib/python3.11/site-packages/airflow/example_dags/example_sensors.py took 0.070 seconds
[2024-03-06T13:51:45.608+0000] {processor.py:161} INFO - Started process (PID=3679) to work on /home/airflow/.local/lib/python3.11/site-packages/airflow/example_dags/example_sensors.py
[2024-03-06T13:51:45.610+0000] {processor.py:830} INFO - Processing file /home/airflow/.local/lib/python3.11/site-packages/airflow/example_dags/example_sensors.py for tasks to queue
[2024-03-06T13:51:45.611+0000] {logging_mixin.py:188} INFO - [2024-03-06T13:51:45.611+0000] {dagbag.py:540} INFO - Filling up the DagBag from /home/airflow/.local/lib/python3.11/site-packages/airflow/example_dags/example_sensors.py
[2024-03-06T13:51:45.620+0000] {processor.py:840} INFO - DAG(s) 'example_sensors' retrieved from /home/airflow/.local/lib/python3.11/site-packages/airflow/example_dags/example_sensors.py
[2024-03-06T13:51:45.643+0000] {logging_mixin.py:188} INFO - [2024-03-06T13:51:45.643+0000] {dag.py:3047} INFO - Sync 1 DAGs
[2024-03-06T13:51:45.655+0000] {logging_mixin.py:188} INFO - [2024-03-06T13:51:45.655+0000] {dag.py:3834} INFO - Setting next_dagrun for example_sensors to None, run_after=None
[2024-03-06T13:51:45.677+0000] {processor.py:183} INFO - Processing /home/airflow/.local/lib/python3.11/site-packages/airflow/example_dags/example_sensors.py took 0.072 seconds
[2024-03-06T13:52:16.153+0000] {processor.py:161} INFO - Started process (PID=3926) to work on /home/airflow/.local/lib/python3.11/site-packages/airflow/example_dags/example_sensors.py
[2024-03-06T13:52:16.155+0000] {processor.py:830} INFO - Processing file /home/airflow/.local/lib/python3.11/site-packages/airflow/example_dags/example_sensors.py for tasks to queue
[2024-03-06T13:52:16.156+0000] {logging_mixin.py:188} INFO - [2024-03-06T13:52:16.155+0000] {dagbag.py:540} INFO - Filling up the DagBag from /home/airflow/.local/lib/python3.11/site-packages/airflow/example_dags/example_sensors.py
[2024-03-06T13:52:16.165+0000] {processor.py:840} INFO - DAG(s) 'example_sensors' retrieved from /home/airflow/.local/lib/python3.11/site-packages/airflow/example_dags/example_sensors.py
[2024-03-06T13:52:16.191+0000] {logging_mixin.py:188} INFO - [2024-03-06T13:52:16.191+0000] {dag.py:3047} INFO - Sync 1 DAGs
[2024-03-06T13:52:16.203+0000] {logging_mixin.py:188} INFO - [2024-03-06T13:52:16.203+0000] {dag.py:3834} INFO - Setting next_dagrun for example_sensors to None, run_after=None
[2024-03-06T13:52:16.221+0000] {processor.py:183} INFO - Processing /home/airflow/.local/lib/python3.11/site-packages/airflow/example_dags/example_sensors.py took 0.071 seconds
[2024-03-06T13:52:46.761+0000] {processor.py:161} INFO - Started process (PID=4173) to work on /home/airflow/.local/lib/python3.11/site-packages/airflow/example_dags/example_sensors.py
[2024-03-06T13:52:46.762+0000] {processor.py:830} INFO - Processing file /home/airflow/.local/lib/python3.11/site-packages/airflow/example_dags/example_sensors.py for tasks to queue
[2024-03-06T13:52:46.763+0000] {logging_mixin.py:188} INFO - [2024-03-06T13:52:46.763+0000] {dagbag.py:540} INFO - Filling up the DagBag from /home/airflow/.local/lib/python3.11/site-packages/airflow/example_dags/example_sensors.py
[2024-03-06T13:52:46.775+0000] {processor.py:840} INFO - DAG(s) 'example_sensors' retrieved from /home/airflow/.local/lib/python3.11/site-packages/airflow/example_dags/example_sensors.py
[2024-03-06T13:52:46.807+0000] {logging_mixin.py:188} INFO - [2024-03-06T13:52:46.807+0000] {dag.py:3047} INFO - Sync 1 DAGs
[2024-03-06T13:52:46.828+0000] {logging_mixin.py:188} INFO - [2024-03-06T13:52:46.828+0000] {dag.py:3834} INFO - Setting next_dagrun for example_sensors to None, run_after=None
[2024-03-06T13:52:46.859+0000] {processor.py:183} INFO - Processing /home/airflow/.local/lib/python3.11/site-packages/airflow/example_dags/example_sensors.py took 0.101 seconds
[2024-03-06T13:53:17.791+0000] {processor.py:161} INFO - Started process (PID=4419) to work on /home/airflow/.local/lib/python3.11/site-packages/airflow/example_dags/example_sensors.py
[2024-03-06T13:53:17.792+0000] {processor.py:830} INFO - Processing file /home/airflow/.local/lib/python3.11/site-packages/airflow/example_dags/example_sensors.py for tasks to queue
[2024-03-06T13:53:17.794+0000] {logging_mixin.py:188} INFO - [2024-03-06T13:53:17.794+0000] {dagbag.py:540} INFO - Filling up the DagBag from /home/airflow/.local/lib/python3.11/site-packages/airflow/example_dags/example_sensors.py
[2024-03-06T13:53:17.809+0000] {processor.py:840} INFO - DAG(s) 'example_sensors' retrieved from /home/airflow/.local/lib/python3.11/site-packages/airflow/example_dags/example_sensors.py
[2024-03-06T13:53:17.840+0000] {logging_mixin.py:188} INFO - [2024-03-06T13:53:17.840+0000] {dag.py:3047} INFO - Sync 1 DAGs
[2024-03-06T13:53:17.858+0000] {logging_mixin.py:188} INFO - [2024-03-06T13:53:17.858+0000] {dag.py:3834} INFO - Setting next_dagrun for example_sensors to None, run_after=None
[2024-03-06T13:53:17.886+0000] {processor.py:183} INFO - Processing /home/airflow/.local/lib/python3.11/site-packages/airflow/example_dags/example_sensors.py took 0.099 seconds
[2024-03-06T13:53:48.103+0000] {processor.py:161} INFO - Started process (PID=4666) to work on /home/airflow/.local/lib/python3.11/site-packages/airflow/example_dags/example_sensors.py
[2024-03-06T13:53:48.104+0000] {processor.py:830} INFO - Processing file /home/airflow/.local/lib/python3.11/site-packages/airflow/example_dags/example_sensors.py for tasks to queue
[2024-03-06T13:53:48.106+0000] {logging_mixin.py:188} INFO - [2024-03-06T13:53:48.105+0000] {dagbag.py:540} INFO - Filling up the DagBag from /home/airflow/.local/lib/python3.11/site-packages/airflow/example_dags/example_sensors.py
[2024-03-06T13:53:48.117+0000] {processor.py:840} INFO - DAG(s) 'example_sensors' retrieved from /home/airflow/.local/lib/python3.11/site-packages/airflow/example_dags/example_sensors.py
[2024-03-06T13:53:48.144+0000] {logging_mixin.py:188} INFO - [2024-03-06T13:53:48.144+0000] {dag.py:3047} INFO - Sync 1 DAGs
[2024-03-06T13:53:48.158+0000] {logging_mixin.py:188} INFO - [2024-03-06T13:53:48.158+0000] {dag.py:3834} INFO - Setting next_dagrun for example_sensors to None, run_after=None
[2024-03-06T13:53:48.183+0000] {processor.py:183} INFO - Processing /home/airflow/.local/lib/python3.11/site-packages/airflow/example_dags/example_sensors.py took 0.083 seconds
[2024-03-06T13:54:18.466+0000] {processor.py:161} INFO - Started process (PID=4913) to work on /home/airflow/.local/lib/python3.11/site-packages/airflow/example_dags/example_sensors.py
[2024-03-06T13:54:18.467+0000] {processor.py:830} INFO - Processing file /home/airflow/.local/lib/python3.11/site-packages/airflow/example_dags/example_sensors.py for tasks to queue
[2024-03-06T13:54:18.469+0000] {logging_mixin.py:188} INFO - [2024-03-06T13:54:18.469+0000] {dagbag.py:540} INFO - Filling up the DagBag from /home/airflow/.local/lib/python3.11/site-packages/airflow/example_dags/example_sensors.py
[2024-03-06T13:54:18.480+0000] {processor.py:840} INFO - DAG(s) 'example_sensors' retrieved from /home/airflow/.local/lib/python3.11/site-packages/airflow/example_dags/example_sensors.py
[2024-03-06T13:54:18.512+0000] {logging_mixin.py:188} INFO - [2024-03-06T13:54:18.511+0000] {dag.py:3047} INFO - Sync 1 DAGs
[2024-03-06T13:54:18.526+0000] {logging_mixin.py:188} INFO - [2024-03-06T13:54:18.526+0000] {dag.py:3834} INFO - Setting next_dagrun for example_sensors to None, run_after=None
[2024-03-06T13:54:18.552+0000] {processor.py:183} INFO - Processing /home/airflow/.local/lib/python3.11/site-packages/airflow/example_dags/example_sensors.py took 0.090 seconds
[2024-03-06T13:54:48.788+0000] {processor.py:161} INFO - Started process (PID=5160) to work on /home/airflow/.local/lib/python3.11/site-packages/airflow/example_dags/example_sensors.py
[2024-03-06T13:54:48.790+0000] {processor.py:830} INFO - Processing file /home/airflow/.local/lib/python3.11/site-packages/airflow/example_dags/example_sensors.py for tasks to queue
[2024-03-06T13:54:48.791+0000] {logging_mixin.py:188} INFO - [2024-03-06T13:54:48.791+0000] {dagbag.py:540} INFO - Filling up the DagBag from /home/airflow/.local/lib/python3.11/site-packages/airflow/example_dags/example_sensors.py
[2024-03-06T13:54:48.802+0000] {processor.py:840} INFO - DAG(s) 'example_sensors' retrieved from /home/airflow/.local/lib/python3.11/site-packages/airflow/example_dags/example_sensors.py
[2024-03-06T13:54:48.827+0000] {logging_mixin.py:188} INFO - [2024-03-06T13:54:48.827+0000] {dag.py:3047} INFO - Sync 1 DAGs
[2024-03-06T13:54:48.839+0000] {logging_mixin.py:188} INFO - [2024-03-06T13:54:48.838+0000] {dag.py:3834} INFO - Setting next_dagrun for example_sensors to None, run_after=None
[2024-03-06T13:54:48.858+0000] {processor.py:183} INFO - Processing /home/airflow/.local/lib/python3.11/site-packages/airflow/example_dags/example_sensors.py took 0.072 seconds
[2024-03-06T13:55:19.462+0000] {processor.py:161} INFO - Started process (PID=5407) to work on /home/airflow/.local/lib/python3.11/site-packages/airflow/example_dags/example_sensors.py
[2024-03-06T13:55:19.482+0000] {processor.py:830} INFO - Processing file /home/airflow/.local/lib/python3.11/site-packages/airflow/example_dags/example_sensors.py for tasks to queue
[2024-03-06T13:55:19.498+0000] {logging_mixin.py:188} INFO - [2024-03-06T13:55:19.491+0000] {dagbag.py:540} INFO - Filling up the DagBag from /home/airflow/.local/lib/python3.11/site-packages/airflow/example_dags/example_sensors.py
[2024-03-06T13:55:19.552+0000] {processor.py:840} INFO - DAG(s) 'example_sensors' retrieved from /home/airflow/.local/lib/python3.11/site-packages/airflow/example_dags/example_sensors.py
[2024-03-06T13:55:19.597+0000] {logging_mixin.py:188} INFO - [2024-03-06T13:55:19.597+0000] {dag.py:3047} INFO - Sync 1 DAGs
[2024-03-06T13:55:19.623+0000] {logging_mixin.py:188} INFO - [2024-03-06T13:55:19.622+0000] {dag.py:3834} INFO - Setting next_dagrun for example_sensors to None, run_after=None
[2024-03-06T13:55:19.685+0000] {processor.py:183} INFO - Processing /home/airflow/.local/lib/python3.11/site-packages/airflow/example_dags/example_sensors.py took 0.228 seconds
[2024-03-06T13:55:49.968+0000] {processor.py:161} INFO - Started process (PID=5654) to work on /home/airflow/.local/lib/python3.11/site-packages/airflow/example_dags/example_sensors.py
[2024-03-06T13:55:49.970+0000] {processor.py:830} INFO - Processing file /home/airflow/.local/lib/python3.11/site-packages/airflow/example_dags/example_sensors.py for tasks to queue
[2024-03-06T13:55:49.973+0000] {logging_mixin.py:188} INFO - [2024-03-06T13:55:49.972+0000] {dagbag.py:540} INFO - Filling up the DagBag from /home/airflow/.local/lib/python3.11/site-packages/airflow/example_dags/example_sensors.py
[2024-03-06T13:55:49.999+0000] {processor.py:840} INFO - DAG(s) 'example_sensors' retrieved from /home/airflow/.local/lib/python3.11/site-packages/airflow/example_dags/example_sensors.py
[2024-03-06T13:55:50.069+0000] {logging_mixin.py:188} INFO - [2024-03-06T13:55:50.068+0000] {dag.py:3047} INFO - Sync 1 DAGs
[2024-03-06T13:55:50.103+0000] {logging_mixin.py:188} INFO - [2024-03-06T13:55:50.103+0000] {dag.py:3834} INFO - Setting next_dagrun for example_sensors to None, run_after=None
[2024-03-06T13:55:50.166+0000] {processor.py:183} INFO - Processing /home/airflow/.local/lib/python3.11/site-packages/airflow/example_dags/example_sensors.py took 0.210 seconds
[2024-03-06T13:56:20.716+0000] {processor.py:161} INFO - Started process (PID=5900) to work on /home/airflow/.local/lib/python3.11/site-packages/airflow/example_dags/example_sensors.py
[2024-03-06T13:56:20.718+0000] {processor.py:830} INFO - Processing file /home/airflow/.local/lib/python3.11/site-packages/airflow/example_dags/example_sensors.py for tasks to queue
[2024-03-06T13:56:20.719+0000] {logging_mixin.py:188} INFO - [2024-03-06T13:56:20.719+0000] {dagbag.py:540} INFO - Filling up the DagBag from /home/airflow/.local/lib/python3.11/site-packages/airflow/example_dags/example_sensors.py
[2024-03-06T13:56:20.731+0000] {processor.py:840} INFO - DAG(s) 'example_sensors' retrieved from /home/airflow/.local/lib/python3.11/site-packages/airflow/example_dags/example_sensors.py
[2024-03-06T13:56:20.760+0000] {logging_mixin.py:188} INFO - [2024-03-06T13:56:20.760+0000] {dag.py:3047} INFO - Sync 1 DAGs
[2024-03-06T13:56:20.775+0000] {logging_mixin.py:188} INFO - [2024-03-06T13:56:20.775+0000] {dag.py:3834} INFO - Setting next_dagrun for example_sensors to None, run_after=None
[2024-03-06T13:56:20.795+0000] {processor.py:183} INFO - Processing /home/airflow/.local/lib/python3.11/site-packages/airflow/example_dags/example_sensors.py took 0.084 seconds
[2024-03-06T13:56:51.100+0000] {processor.py:161} INFO - Started process (PID=6146) to work on /home/airflow/.local/lib/python3.11/site-packages/airflow/example_dags/example_sensors.py
[2024-03-06T13:56:51.101+0000] {processor.py:830} INFO - Processing file /home/airflow/.local/lib/python3.11/site-packages/airflow/example_dags/example_sensors.py for tasks to queue
[2024-03-06T13:56:51.103+0000] {logging_mixin.py:188} INFO - [2024-03-06T13:56:51.102+0000] {dagbag.py:540} INFO - Filling up the DagBag from /home/airflow/.local/lib/python3.11/site-packages/airflow/example_dags/example_sensors.py
[2024-03-06T13:56:51.115+0000] {processor.py:840} INFO - DAG(s) 'example_sensors' retrieved from /home/airflow/.local/lib/python3.11/site-packages/airflow/example_dags/example_sensors.py
[2024-03-06T13:56:51.144+0000] {logging_mixin.py:188} INFO - [2024-03-06T13:56:51.143+0000] {dag.py:3047} INFO - Sync 1 DAGs
[2024-03-06T13:56:51.160+0000] {logging_mixin.py:188} INFO - [2024-03-06T13:56:51.160+0000] {dag.py:3834} INFO - Setting next_dagrun for example_sensors to None, run_after=None
[2024-03-06T13:56:51.188+0000] {processor.py:183} INFO - Processing /home/airflow/.local/lib/python3.11/site-packages/airflow/example_dags/example_sensors.py took 0.093 seconds
[2024-03-06T13:57:21.427+0000] {processor.py:161} INFO - Started process (PID=6393) to work on /home/airflow/.local/lib/python3.11/site-packages/airflow/example_dags/example_sensors.py
[2024-03-06T13:57:21.428+0000] {processor.py:830} INFO - Processing file /home/airflow/.local/lib/python3.11/site-packages/airflow/example_dags/example_sensors.py for tasks to queue
[2024-03-06T13:57:21.430+0000] {logging_mixin.py:188} INFO - [2024-03-06T13:57:21.429+0000] {dagbag.py:540} INFO - Filling up the DagBag from /home/airflow/.local/lib/python3.11/site-packages/airflow/example_dags/example_sensors.py
[2024-03-06T13:57:21.444+0000] {processor.py:840} INFO - DAG(s) 'example_sensors' retrieved from /home/airflow/.local/lib/python3.11/site-packages/airflow/example_dags/example_sensors.py
[2024-03-06T13:57:21.473+0000] {logging_mixin.py:188} INFO - [2024-03-06T13:57:21.473+0000] {dag.py:3047} INFO - Sync 1 DAGs
[2024-03-06T13:57:21.489+0000] {logging_mixin.py:188} INFO - [2024-03-06T13:57:21.488+0000] {dag.py:3834} INFO - Setting next_dagrun for example_sensors to None, run_after=None
[2024-03-06T13:57:21.509+0000] {processor.py:183} INFO - Processing /home/airflow/.local/lib/python3.11/site-packages/airflow/example_dags/example_sensors.py took 0.086 seconds
[2024-03-06T13:57:51.798+0000] {processor.py:161} INFO - Started process (PID=6640) to work on /home/airflow/.local/lib/python3.11/site-packages/airflow/example_dags/example_sensors.py
[2024-03-06T13:57:51.801+0000] {processor.py:830} INFO - Processing file /home/airflow/.local/lib/python3.11/site-packages/airflow/example_dags/example_sensors.py for tasks to queue
[2024-03-06T13:57:51.803+0000] {logging_mixin.py:188} INFO - [2024-03-06T13:57:51.802+0000] {dagbag.py:540} INFO - Filling up the DagBag from /home/airflow/.local/lib/python3.11/site-packages/airflow/example_dags/example_sensors.py
[2024-03-06T13:57:51.819+0000] {processor.py:840} INFO - DAG(s) 'example_sensors' retrieved from /home/airflow/.local/lib/python3.11/site-packages/airflow/example_dags/example_sensors.py
[2024-03-06T13:57:51.857+0000] {logging_mixin.py:188} INFO - [2024-03-06T13:57:51.856+0000] {dag.py:3047} INFO - Sync 1 DAGs
[2024-03-06T13:57:51.873+0000] {logging_mixin.py:188} INFO - [2024-03-06T13:57:51.872+0000] {dag.py:3834} INFO - Setting next_dagrun for example_sensors to None, run_after=None
[2024-03-06T13:57:51.899+0000] {processor.py:183} INFO - Processing /home/airflow/.local/lib/python3.11/site-packages/airflow/example_dags/example_sensors.py took 0.104 seconds
[2024-03-06T13:58:22.575+0000] {processor.py:161} INFO - Started process (PID=6886) to work on /home/airflow/.local/lib/python3.11/site-packages/airflow/example_dags/example_sensors.py
[2024-03-06T13:58:22.577+0000] {processor.py:830} INFO - Processing file /home/airflow/.local/lib/python3.11/site-packages/airflow/example_dags/example_sensors.py for tasks to queue
[2024-03-06T13:58:22.580+0000] {logging_mixin.py:188} INFO - [2024-03-06T13:58:22.579+0000] {dagbag.py:540} INFO - Filling up the DagBag from /home/airflow/.local/lib/python3.11/site-packages/airflow/example_dags/example_sensors.py
[2024-03-06T13:58:22.565+0000] {processor.py:840} INFO - DAG(s) 'example_sensors' retrieved from /home/airflow/.local/lib/python3.11/site-packages/airflow/example_dags/example_sensors.py
[2024-03-06T13:58:22.601+0000] {logging_mixin.py:188} INFO - [2024-03-06T13:58:22.601+0000] {dag.py:3047} INFO - Sync 1 DAGs
[2024-03-06T13:58:22.620+0000] {logging_mixin.py:188} INFO - [2024-03-06T13:58:22.620+0000] {dag.py:3834} INFO - Setting next_dagrun for example_sensors to None, run_after=None
[2024-03-06T13:58:22.645+0000] {processor.py:183} INFO - Processing /home/airflow/.local/lib/python3.11/site-packages/airflow/example_dags/example_sensors.py took 0.104 seconds
[2024-03-06T13:58:53.330+0000] {processor.py:161} INFO - Started process (PID=7132) to work on /home/airflow/.local/lib/python3.11/site-packages/airflow/example_dags/example_sensors.py
[2024-03-06T13:58:53.335+0000] {processor.py:830} INFO - Processing file /home/airflow/.local/lib/python3.11/site-packages/airflow/example_dags/example_sensors.py for tasks to queue
[2024-03-06T13:58:53.339+0000] {logging_mixin.py:188} INFO - [2024-03-06T13:58:53.339+0000] {dagbag.py:540} INFO - Filling up the DagBag from /home/airflow/.local/lib/python3.11/site-packages/airflow/example_dags/example_sensors.py
[2024-03-06T13:58:53.371+0000] {processor.py:840} INFO - DAG(s) 'example_sensors' retrieved from /home/airflow/.local/lib/python3.11/site-packages/airflow/example_dags/example_sensors.py
[2024-03-06T13:58:53.454+0000] {logging_mixin.py:188} INFO - [2024-03-06T13:58:53.453+0000] {dag.py:3047} INFO - Sync 1 DAGs
[2024-03-06T13:58:53.505+0000] {logging_mixin.py:188} INFO - [2024-03-06T13:58:53.504+0000] {dag.py:3834} INFO - Setting next_dagrun for example_sensors to None, run_after=None
[2024-03-06T13:58:53.582+0000] {processor.py:183} INFO - Processing /home/airflow/.local/lib/python3.11/site-packages/airflow/example_dags/example_sensors.py took 0.262 seconds
[2024-03-06T13:59:24.295+0000] {processor.py:161} INFO - Started process (PID=7379) to work on /home/airflow/.local/lib/python3.11/site-packages/airflow/example_dags/example_sensors.py
[2024-03-06T13:59:24.297+0000] {processor.py:830} INFO - Processing file /home/airflow/.local/lib/python3.11/site-packages/airflow/example_dags/example_sensors.py for tasks to queue
[2024-03-06T13:59:24.299+0000] {logging_mixin.py:188} INFO - [2024-03-06T13:59:24.298+0000] {dagbag.py:540} INFO - Filling up the DagBag from /home/airflow/.local/lib/python3.11/site-packages/airflow/example_dags/example_sensors.py
[2024-03-06T13:59:24.317+0000] {processor.py:840} INFO - DAG(s) 'example_sensors' retrieved from /home/airflow/.local/lib/python3.11/site-packages/airflow/example_dags/example_sensors.py
[2024-03-06T13:59:24.354+0000] {logging_mixin.py:188} INFO - [2024-03-06T13:59:24.354+0000] {dag.py:3047} INFO - Sync 1 DAGs
[2024-03-06T13:59:24.372+0000] {logging_mixin.py:188} INFO - [2024-03-06T13:59:24.372+0000] {dag.py:3834} INFO - Setting next_dagrun for example_sensors to None, run_after=None
[2024-03-06T13:59:24.402+0000] {processor.py:183} INFO - Processing /home/airflow/.local/lib/python3.11/site-packages/airflow/example_dags/example_sensors.py took 0.113 seconds
[2024-03-06T13:59:54.540+0000] {processor.py:161} INFO - Started process (PID=7628) to work on /home/airflow/.local/lib/python3.11/site-packages/airflow/example_dags/example_sensors.py
[2024-03-06T13:59:54.541+0000] {processor.py:830} INFO - Processing file /home/airflow/.local/lib/python3.11/site-packages/airflow/example_dags/example_sensors.py for tasks to queue
[2024-03-06T13:59:54.542+0000] {logging_mixin.py:188} INFO - [2024-03-06T13:59:54.542+0000] {dagbag.py:540} INFO - Filling up the DagBag from /home/airflow/.local/lib/python3.11/site-packages/airflow/example_dags/example_sensors.py
[2024-03-06T13:59:54.552+0000] {processor.py:840} INFO - DAG(s) 'example_sensors' retrieved from /home/airflow/.local/lib/python3.11/site-packages/airflow/example_dags/example_sensors.py
[2024-03-06T13:59:54.574+0000] {logging_mixin.py:188} INFO - [2024-03-06T13:59:54.574+0000] {dag.py:3047} INFO - Sync 1 DAGs
[2024-03-06T13:59:54.586+0000] {logging_mixin.py:188} INFO - [2024-03-06T13:59:54.586+0000] {dag.py:3834} INFO - Setting next_dagrun for example_sensors to None, run_after=None
[2024-03-06T13:59:54.603+0000] {processor.py:183} INFO - Processing /home/airflow/.local/lib/python3.11/site-packages/airflow/example_dags/example_sensors.py took 0.066 seconds
[2024-03-06T14:00:24.972+0000] {processor.py:161} INFO - Started process (PID=7872) to work on /home/airflow/.local/lib/python3.11/site-packages/airflow/example_dags/example_sensors.py
[2024-03-06T14:00:24.974+0000] {processor.py:830} INFO - Processing file /home/airflow/.local/lib/python3.11/site-packages/airflow/example_dags/example_sensors.py for tasks to queue
[2024-03-06T14:00:24.975+0000] {logging_mixin.py:188} INFO - [2024-03-06T14:00:24.975+0000] {dagbag.py:540} INFO - Filling up the DagBag from /home/airflow/.local/lib/python3.11/site-packages/airflow/example_dags/example_sensors.py
[2024-03-06T14:00:24.989+0000] {processor.py:840} INFO - DAG(s) 'example_sensors' retrieved from /home/airflow/.local/lib/python3.11/site-packages/airflow/example_dags/example_sensors.py
[2024-03-06T14:00:25.018+0000] {logging_mixin.py:188} INFO - [2024-03-06T14:00:25.018+0000] {dag.py:3047} INFO - Sync 1 DAGs
[2024-03-06T14:00:25.035+0000] {logging_mixin.py:188} INFO - [2024-03-06T14:00:25.035+0000] {dag.py:3834} INFO - Setting next_dagrun for example_sensors to None, run_after=None
[2024-03-06T14:00:25.060+0000] {processor.py:183} INFO - Processing /home/airflow/.local/lib/python3.11/site-packages/airflow/example_dags/example_sensors.py took 0.092 seconds
[2024-03-06T14:00:55.189+0000] {processor.py:161} INFO - Started process (PID=8119) to work on /home/airflow/.local/lib/python3.11/site-packages/airflow/example_dags/example_sensors.py
[2024-03-06T14:00:55.190+0000] {processor.py:830} INFO - Processing file /home/airflow/.local/lib/python3.11/site-packages/airflow/example_dags/example_sensors.py for tasks to queue
[2024-03-06T14:00:55.192+0000] {logging_mixin.py:188} INFO - [2024-03-06T14:00:55.191+0000] {dagbag.py:540} INFO - Filling up the DagBag from /home/airflow/.local/lib/python3.11/site-packages/airflow/example_dags/example_sensors.py
[2024-03-06T14:00:55.208+0000] {processor.py:840} INFO - DAG(s) 'example_sensors' retrieved from /home/airflow/.local/lib/python3.11/site-packages/airflow/example_dags/example_sensors.py
[2024-03-06T14:00:55.239+0000] {logging_mixin.py:188} INFO - [2024-03-06T14:00:55.239+0000] {dag.py:3047} INFO - Sync 1 DAGs
[2024-03-06T14:00:55.254+0000] {logging_mixin.py:188} INFO - [2024-03-06T14:00:55.254+0000] {dag.py:3834} INFO - Setting next_dagrun for example_sensors to None, run_after=None
[2024-03-06T14:00:55.281+0000] {processor.py:183} INFO - Processing /home/airflow/.local/lib/python3.11/site-packages/airflow/example_dags/example_sensors.py took 0.095 seconds
[2024-03-06T14:01:26.003+0000] {processor.py:161} INFO - Started process (PID=8371) to work on /home/airflow/.local/lib/python3.11/site-packages/airflow/example_dags/example_sensors.py
[2024-03-06T14:01:26.004+0000] {processor.py:830} INFO - Processing file /home/airflow/.local/lib/python3.11/site-packages/airflow/example_dags/example_sensors.py for tasks to queue
[2024-03-06T14:01:26.005+0000] {logging_mixin.py:188} INFO - [2024-03-06T14:01:26.004+0000] {dagbag.py:540} INFO - Filling up the DagBag from /home/airflow/.local/lib/python3.11/site-packages/airflow/example_dags/example_sensors.py
[2024-03-06T14:01:26.018+0000] {processor.py:840} INFO - DAG(s) 'example_sensors' retrieved from /home/airflow/.local/lib/python3.11/site-packages/airflow/example_dags/example_sensors.py
[2024-03-06T14:01:26.041+0000] {logging_mixin.py:188} INFO - [2024-03-06T14:01:26.041+0000] {dag.py:3047} INFO - Sync 1 DAGs
[2024-03-06T14:01:26.053+0000] {logging_mixin.py:188} INFO - [2024-03-06T14:01:26.053+0000] {dag.py:3834} INFO - Setting next_dagrun for example_sensors to None, run_after=None
[2024-03-06T14:01:26.080+0000] {processor.py:183} INFO - Processing /home/airflow/.local/lib/python3.11/site-packages/airflow/example_dags/example_sensors.py took 0.081 seconds
[2024-03-06T14:01:56.982+0000] {processor.py:161} INFO - Started process (PID=8618) to work on /home/airflow/.local/lib/python3.11/site-packages/airflow/example_dags/example_sensors.py
[2024-03-06T14:01:56.984+0000] {processor.py:830} INFO - Processing file /home/airflow/.local/lib/python3.11/site-packages/airflow/example_dags/example_sensors.py for tasks to queue
[2024-03-06T14:01:56.986+0000] {logging_mixin.py:188} INFO - [2024-03-06T14:01:56.985+0000] {dagbag.py:540} INFO - Filling up the DagBag from /home/airflow/.local/lib/python3.11/site-packages/airflow/example_dags/example_sensors.py
[2024-03-06T14:01:57.001+0000] {processor.py:840} INFO - DAG(s) 'example_sensors' retrieved from /home/airflow/.local/lib/python3.11/site-packages/airflow/example_dags/example_sensors.py
[2024-03-06T14:01:57.033+0000] {logging_mixin.py:188} INFO - [2024-03-06T14:01:57.032+0000] {dag.py:3047} INFO - Sync 1 DAGs
[2024-03-06T14:01:57.048+0000] {logging_mixin.py:188} INFO - [2024-03-06T14:01:57.047+0000] {dag.py:3834} INFO - Setting next_dagrun for example_sensors to None, run_after=None
[2024-03-06T14:01:57.069+0000] {processor.py:183} INFO - Processing /home/airflow/.local/lib/python3.11/site-packages/airflow/example_dags/example_sensors.py took 0.092 seconds
[2024-03-06T14:02:27.802+0000] {processor.py:161} INFO - Started process (PID=8865) to work on /home/airflow/.local/lib/python3.11/site-packages/airflow/example_dags/example_sensors.py
[2024-03-06T14:02:27.804+0000] {processor.py:830} INFO - Processing file /home/airflow/.local/lib/python3.11/site-packages/airflow/example_dags/example_sensors.py for tasks to queue
[2024-03-06T14:02:27.806+0000] {logging_mixin.py:188} INFO - [2024-03-06T14:02:27.805+0000] {dagbag.py:540} INFO - Filling up the DagBag from /home/airflow/.local/lib/python3.11/site-packages/airflow/example_dags/example_sensors.py
[2024-03-06T14:02:27.819+0000] {processor.py:840} INFO - DAG(s) 'example_sensors' retrieved from /home/airflow/.local/lib/python3.11/site-packages/airflow/example_dags/example_sensors.py
[2024-03-06T14:02:27.851+0000] {logging_mixin.py:188} INFO - [2024-03-06T14:02:27.851+0000] {dag.py:3047} INFO - Sync 1 DAGs
[2024-03-06T14:02:27.867+0000] {logging_mixin.py:188} INFO - [2024-03-06T14:02:27.867+0000] {dag.py:3834} INFO - Setting next_dagrun for example_sensors to None, run_after=None
[2024-03-06T14:02:27.906+0000] {processor.py:183} INFO - Processing /home/airflow/.local/lib/python3.11/site-packages/airflow/example_dags/example_sensors.py took 0.108 seconds
[2024-03-06T14:02:58.038+0000] {processor.py:161} INFO - Started process (PID=9112) to work on /home/airflow/.local/lib/python3.11/site-packages/airflow/example_dags/example_sensors.py
[2024-03-06T14:02:58.041+0000] {processor.py:830} INFO - Processing file /home/airflow/.local/lib/python3.11/site-packages/airflow/example_dags/example_sensors.py for tasks to queue
[2024-03-06T14:02:58.043+0000] {logging_mixin.py:188} INFO - [2024-03-06T14:02:58.043+0000] {dagbag.py:540} INFO - Filling up the DagBag from /home/airflow/.local/lib/python3.11/site-packages/airflow/example_dags/example_sensors.py
[2024-03-06T14:02:58.057+0000] {processor.py:840} INFO - DAG(s) 'example_sensors' retrieved from /home/airflow/.local/lib/python3.11/site-packages/airflow/example_dags/example_sensors.py
[2024-03-06T14:02:58.090+0000] {logging_mixin.py:188} INFO - [2024-03-06T14:02:58.089+0000] {dag.py:3047} INFO - Sync 1 DAGs
[2024-03-06T14:02:58.106+0000] {logging_mixin.py:188} INFO - [2024-03-06T14:02:58.106+0000] {dag.py:3834} INFO - Setting next_dagrun for example_sensors to None, run_after=None
[2024-03-06T14:02:58.132+0000] {processor.py:183} INFO - Processing /home/airflow/.local/lib/python3.11/site-packages/airflow/example_dags/example_sensors.py took 0.097 seconds
[2024-03-06T14:03:28.291+0000] {processor.py:161} INFO - Started process (PID=9361) to work on /home/airflow/.local/lib/python3.11/site-packages/airflow/example_dags/example_sensors.py
[2024-03-06T14:03:28.292+0000] {processor.py:830} INFO - Processing file /home/airflow/.local/lib/python3.11/site-packages/airflow/example_dags/example_sensors.py for tasks to queue
[2024-03-06T14:03:28.293+0000] {logging_mixin.py:188} INFO - [2024-03-06T14:03:28.293+0000] {dagbag.py:540} INFO - Filling up the DagBag from /home/airflow/.local/lib/python3.11/site-packages/airflow/example_dags/example_sensors.py
[2024-03-06T14:03:28.305+0000] {processor.py:840} INFO - DAG(s) 'example_sensors' retrieved from /home/airflow/.local/lib/python3.11/site-packages/airflow/example_dags/example_sensors.py
[2024-03-06T14:03:28.330+0000] {logging_mixin.py:188} INFO - [2024-03-06T14:03:28.330+0000] {dag.py:3047} INFO - Sync 1 DAGs
[2024-03-06T14:03:28.342+0000] {logging_mixin.py:188} INFO - [2024-03-06T14:03:28.342+0000] {dag.py:3834} INFO - Setting next_dagrun for example_sensors to None, run_after=None
[2024-03-06T14:03:28.360+0000] {processor.py:183} INFO - Processing /home/airflow/.local/lib/python3.11/site-packages/airflow/example_dags/example_sensors.py took 0.073 seconds
[2024-03-06T14:03:58.604+0000] {processor.py:161} INFO - Started process (PID=9606) to work on /home/airflow/.local/lib/python3.11/site-packages/airflow/example_dags/example_sensors.py
[2024-03-06T14:03:58.606+0000] {processor.py:830} INFO - Processing file /home/airflow/.local/lib/python3.11/site-packages/airflow/example_dags/example_sensors.py for tasks to queue
[2024-03-06T14:03:58.607+0000] {logging_mixin.py:188} INFO - [2024-03-06T14:03:58.607+0000] {dagbag.py:540} INFO - Filling up the DagBag from /home/airflow/.local/lib/python3.11/site-packages/airflow/example_dags/example_sensors.py
[2024-03-06T14:03:58.618+0000] {processor.py:840} INFO - DAG(s) 'example_sensors' retrieved from /home/airflow/.local/lib/python3.11/site-packages/airflow/example_dags/example_sensors.py
[2024-03-06T14:03:58.643+0000] {logging_mixin.py:188} INFO - [2024-03-06T14:03:58.643+0000] {dag.py:3047} INFO - Sync 1 DAGs
[2024-03-06T14:03:58.660+0000] {logging_mixin.py:188} INFO - [2024-03-06T14:03:58.659+0000] {dag.py:3834} INFO - Setting next_dagrun for example_sensors to None, run_after=None
[2024-03-06T14:03:58.682+0000] {processor.py:183} INFO - Processing /home/airflow/.local/lib/python3.11/site-packages/airflow/example_dags/example_sensors.py took 0.082 seconds
[2024-03-06T14:04:28.912+0000] {processor.py:161} INFO - Started process (PID=9853) to work on /home/airflow/.local/lib/python3.11/site-packages/airflow/example_dags/example_sensors.py
[2024-03-06T14:04:28.913+0000] {processor.py:830} INFO - Processing file /home/airflow/.local/lib/python3.11/site-packages/airflow/example_dags/example_sensors.py for tasks to queue
[2024-03-06T14:04:28.914+0000] {logging_mixin.py:188} INFO - [2024-03-06T14:04:28.914+0000] {dagbag.py:540} INFO - Filling up the DagBag from /home/airflow/.local/lib/python3.11/site-packages/airflow/example_dags/example_sensors.py
[2024-03-06T14:04:28.928+0000] {processor.py:840} INFO - DAG(s) 'example_sensors' retrieved from /home/airflow/.local/lib/python3.11/site-packages/airflow/example_dags/example_sensors.py
[2024-03-06T14:04:28.959+0000] {logging_mixin.py:188} INFO - [2024-03-06T14:04:28.958+0000] {dag.py:3047} INFO - Sync 1 DAGs
[2024-03-06T14:04:28.975+0000] {logging_mixin.py:188} INFO - [2024-03-06T14:04:28.975+0000] {dag.py:3834} INFO - Setting next_dagrun for example_sensors to None, run_after=None
[2024-03-06T14:04:29.001+0000] {processor.py:183} INFO - Processing /home/airflow/.local/lib/python3.11/site-packages/airflow/example_dags/example_sensors.py took 0.092 seconds
[2024-03-06T14:04:59.377+0000] {processor.py:161} INFO - Started process (PID=10100) to work on /home/airflow/.local/lib/python3.11/site-packages/airflow/example_dags/example_sensors.py
[2024-03-06T14:04:59.378+0000] {processor.py:830} INFO - Processing file /home/airflow/.local/lib/python3.11/site-packages/airflow/example_dags/example_sensors.py for tasks to queue
[2024-03-06T14:04:59.382+0000] {logging_mixin.py:188} INFO - [2024-03-06T14:04:59.381+0000] {dagbag.py:540} INFO - Filling up the DagBag from /home/airflow/.local/lib/python3.11/site-packages/airflow/example_dags/example_sensors.py
[2024-03-06T14:04:59.395+0000] {processor.py:840} INFO - DAG(s) 'example_sensors' retrieved from /home/airflow/.local/lib/python3.11/site-packages/airflow/example_dags/example_sensors.py
[2024-03-06T14:04:59.426+0000] {logging_mixin.py:188} INFO - [2024-03-06T14:04:59.426+0000] {dag.py:3047} INFO - Sync 1 DAGs
[2024-03-06T14:04:59.444+0000] {logging_mixin.py:188} INFO - [2024-03-06T14:04:59.444+0000] {dag.py:3834} INFO - Setting next_dagrun for example_sensors to None, run_after=None
[2024-03-06T14:04:59.479+0000] {processor.py:183} INFO - Processing /home/airflow/.local/lib/python3.11/site-packages/airflow/example_dags/example_sensors.py took 0.107 seconds
[2024-03-06T14:05:29.560+0000] {processor.py:161} INFO - Started process (PID=10347) to work on /home/airflow/.local/lib/python3.11/site-packages/airflow/example_dags/example_sensors.py
[2024-03-06T14:05:29.561+0000] {processor.py:830} INFO - Processing file /home/airflow/.local/lib/python3.11/site-packages/airflow/example_dags/example_sensors.py for tasks to queue
[2024-03-06T14:05:29.563+0000] {logging_mixin.py:188} INFO - [2024-03-06T14:05:29.562+0000] {dagbag.py:540} INFO - Filling up the DagBag from /home/airflow/.local/lib/python3.11/site-packages/airflow/example_dags/example_sensors.py
[2024-03-06T14:05:29.576+0000] {processor.py:840} INFO - DAG(s) 'example_sensors' retrieved from /home/airflow/.local/lib/python3.11/site-packages/airflow/example_dags/example_sensors.py
[2024-03-06T14:05:29.605+0000] {logging_mixin.py:188} INFO - [2024-03-06T14:05:29.604+0000] {dag.py:3047} INFO - Sync 1 DAGs
[2024-03-06T14:05:29.619+0000] {logging_mixin.py:188} INFO - [2024-03-06T14:05:29.619+0000] {dag.py:3834} INFO - Setting next_dagrun for example_sensors to None, run_after=None
[2024-03-06T14:05:29.638+0000] {processor.py:183} INFO - Processing /home/airflow/.local/lib/python3.11/site-packages/airflow/example_dags/example_sensors.py took 0.082 seconds
[2024-03-06T14:05:59.766+0000] {processor.py:161} INFO - Started process (PID=10594) to work on /home/airflow/.local/lib/python3.11/site-packages/airflow/example_dags/example_sensors.py
[2024-03-06T14:05:59.768+0000] {processor.py:830} INFO - Processing file /home/airflow/.local/lib/python3.11/site-packages/airflow/example_dags/example_sensors.py for tasks to queue
[2024-03-06T14:05:59.770+0000] {logging_mixin.py:188} INFO - [2024-03-06T14:05:59.770+0000] {dagbag.py:540} INFO - Filling up the DagBag from /home/airflow/.local/lib/python3.11/site-packages/airflow/example_dags/example_sensors.py
[2024-03-06T14:05:59.783+0000] {processor.py:840} INFO - DAG(s) 'example_sensors' retrieved from /home/airflow/.local/lib/python3.11/site-packages/airflow/example_dags/example_sensors.py
[2024-03-06T14:05:59.808+0000] {logging_mixin.py:188} INFO - [2024-03-06T14:05:59.807+0000] {dag.py:3047} INFO - Sync 1 DAGs
[2024-03-06T14:05:59.825+0000] {logging_mixin.py:188} INFO - [2024-03-06T14:05:59.824+0000] {dag.py:3834} INFO - Setting next_dagrun for example_sensors to None, run_after=None
[2024-03-06T14:05:59.842+0000] {processor.py:183} INFO - Processing /home/airflow/.local/lib/python3.11/site-packages/airflow/example_dags/example_sensors.py took 0.080 seconds
[2024-03-06T14:06:29.960+0000] {processor.py:161} INFO - Started process (PID=10840) to work on /home/airflow/.local/lib/python3.11/site-packages/airflow/example_dags/example_sensors.py
[2024-03-06T14:06:29.962+0000] {processor.py:830} INFO - Processing file /home/airflow/.local/lib/python3.11/site-packages/airflow/example_dags/example_sensors.py for tasks to queue
[2024-03-06T14:06:29.963+0000] {logging_mixin.py:188} INFO - [2024-03-06T14:06:29.962+0000] {dagbag.py:540} INFO - Filling up the DagBag from /home/airflow/.local/lib/python3.11/site-packages/airflow/example_dags/example_sensors.py
[2024-03-06T14:06:29.975+0000] {processor.py:840} INFO - DAG(s) 'example_sensors' retrieved from /home/airflow/.local/lib/python3.11/site-packages/airflow/example_dags/example_sensors.py
[2024-03-06T14:06:30.009+0000] {logging_mixin.py:188} INFO - [2024-03-06T14:06:30.009+0000] {dag.py:3047} INFO - Sync 1 DAGs
[2024-03-06T14:06:30.029+0000] {logging_mixin.py:188} INFO - [2024-03-06T14:06:30.029+0000] {dag.py:3834} INFO - Setting next_dagrun for example_sensors to None, run_after=None
[2024-03-06T14:06:30.057+0000] {processor.py:183} INFO - Processing /home/airflow/.local/lib/python3.11/site-packages/airflow/example_dags/example_sensors.py took 0.100 seconds
[2024-03-06T14:07:00.744+0000] {processor.py:161} INFO - Started process (PID=11087) to work on /home/airflow/.local/lib/python3.11/site-packages/airflow/example_dags/example_sensors.py
[2024-03-06T14:07:00.747+0000] {processor.py:830} INFO - Processing file /home/airflow/.local/lib/python3.11/site-packages/airflow/example_dags/example_sensors.py for tasks to queue
[2024-03-06T14:07:00.750+0000] {logging_mixin.py:188} INFO - [2024-03-06T14:07:00.749+0000] {dagbag.py:540} INFO - Filling up the DagBag from /home/airflow/.local/lib/python3.11/site-packages/airflow/example_dags/example_sensors.py
[2024-03-06T14:07:00.771+0000] {processor.py:840} INFO - DAG(s) 'example_sensors' retrieved from /home/airflow/.local/lib/python3.11/site-packages/airflow/example_dags/example_sensors.py
[2024-03-06T14:07:00.829+0000] {logging_mixin.py:188} INFO - [2024-03-06T14:07:00.829+0000] {dag.py:3047} INFO - Sync 1 DAGs
[2024-03-06T14:07:00.850+0000] {logging_mixin.py:188} INFO - [2024-03-06T14:07:00.849+0000] {dag.py:3834} INFO - Setting next_dagrun for example_sensors to None, run_after=None
[2024-03-06T14:07:00.877+0000] {processor.py:183} INFO - Processing /home/airflow/.local/lib/python3.11/site-packages/airflow/example_dags/example_sensors.py took 0.137 seconds
[2024-03-06T14:07:30.933+0000] {processor.py:161} INFO - Started process (PID=11334) to work on /home/airflow/.local/lib/python3.11/site-packages/airflow/example_dags/example_sensors.py
[2024-03-06T14:07:30.935+0000] {processor.py:830} INFO - Processing file /home/airflow/.local/lib/python3.11/site-packages/airflow/example_dags/example_sensors.py for tasks to queue
[2024-03-06T14:07:30.937+0000] {logging_mixin.py:188} INFO - [2024-03-06T14:07:30.936+0000] {dagbag.py:540} INFO - Filling up the DagBag from /home/airflow/.local/lib/python3.11/site-packages/airflow/example_dags/example_sensors.py
[2024-03-06T14:07:30.951+0000] {processor.py:840} INFO - DAG(s) 'example_sensors' retrieved from /home/airflow/.local/lib/python3.11/site-packages/airflow/example_dags/example_sensors.py
[2024-03-06T14:07:30.978+0000] {logging_mixin.py:188} INFO - [2024-03-06T14:07:30.978+0000] {dag.py:3047} INFO - Sync 1 DAGs
[2024-03-06T14:07:30.994+0000] {logging_mixin.py:188} INFO - [2024-03-06T14:07:30.994+0000] {dag.py:3834} INFO - Setting next_dagrun for example_sensors to None, run_after=None
[2024-03-06T14:07:31.020+0000] {processor.py:183} INFO - Processing /home/airflow/.local/lib/python3.11/site-packages/airflow/example_dags/example_sensors.py took 0.091 seconds
[2024-03-06T14:08:01.386+0000] {processor.py:161} INFO - Started process (PID=11581) to work on /home/airflow/.local/lib/python3.11/site-packages/airflow/example_dags/example_sensors.py
[2024-03-06T14:08:01.387+0000] {processor.py:830} INFO - Processing file /home/airflow/.local/lib/python3.11/site-packages/airflow/example_dags/example_sensors.py for tasks to queue
[2024-03-06T14:08:01.388+0000] {logging_mixin.py:188} INFO - [2024-03-06T14:08:01.388+0000] {dagbag.py:540} INFO - Filling up the DagBag from /home/airflow/.local/lib/python3.11/site-packages/airflow/example_dags/example_sensors.py
[2024-03-06T14:08:01.402+0000] {processor.py:840} INFO - DAG(s) 'example_sensors' retrieved from /home/airflow/.local/lib/python3.11/site-packages/airflow/example_dags/example_sensors.py
[2024-03-06T14:08:01.445+0000] {logging_mixin.py:188} INFO - [2024-03-06T14:08:01.445+0000] {dag.py:3047} INFO - Sync 1 DAGs
[2024-03-06T14:08:01.463+0000] {logging_mixin.py:188} INFO - [2024-03-06T14:08:01.463+0000] {dag.py:3834} INFO - Setting next_dagrun for example_sensors to None, run_after=None
[2024-03-06T14:08:01.487+0000] {processor.py:183} INFO - Processing /home/airflow/.local/lib/python3.11/site-packages/airflow/example_dags/example_sensors.py took 0.105 seconds
[2024-03-06T14:08:31.659+0000] {processor.py:161} INFO - Started process (PID=11828) to work on /home/airflow/.local/lib/python3.11/site-packages/airflow/example_dags/example_sensors.py
[2024-03-06T14:08:31.662+0000] {processor.py:830} INFO - Processing file /home/airflow/.local/lib/python3.11/site-packages/airflow/example_dags/example_sensors.py for tasks to queue
[2024-03-06T14:08:31.667+0000] {logging_mixin.py:188} INFO - [2024-03-06T14:08:31.666+0000] {dagbag.py:540} INFO - Filling up the DagBag from /home/airflow/.local/lib/python3.11/site-packages/airflow/example_dags/example_sensors.py
[2024-03-06T14:08:31.685+0000] {processor.py:840} INFO - DAG(s) 'example_sensors' retrieved from /home/airflow/.local/lib/python3.11/site-packages/airflow/example_dags/example_sensors.py
[2024-03-06T14:08:31.721+0000] {logging_mixin.py:188} INFO - [2024-03-06T14:08:31.720+0000] {dag.py:3047} INFO - Sync 1 DAGs
[2024-03-06T14:08:31.734+0000] {logging_mixin.py:188} INFO - [2024-03-06T14:08:31.733+0000] {dag.py:3834} INFO - Setting next_dagrun for example_sensors to None, run_after=None
[2024-03-06T14:08:31.759+0000] {processor.py:183} INFO - Processing /home/airflow/.local/lib/python3.11/site-packages/airflow/example_dags/example_sensors.py took 0.104 seconds
[2024-03-06T14:09:02.256+0000] {processor.py:161} INFO - Started process (PID=12074) to work on /home/airflow/.local/lib/python3.11/site-packages/airflow/example_dags/example_sensors.py
[2024-03-06T14:09:02.257+0000] {processor.py:830} INFO - Processing file /home/airflow/.local/lib/python3.11/site-packages/airflow/example_dags/example_sensors.py for tasks to queue
[2024-03-06T14:09:02.258+0000] {logging_mixin.py:188} INFO - [2024-03-06T14:09:02.258+0000] {dagbag.py:540} INFO - Filling up the DagBag from /home/airflow/.local/lib/python3.11/site-packages/airflow/example_dags/example_sensors.py
[2024-03-06T14:09:02.269+0000] {processor.py:840} INFO - DAG(s) 'example_sensors' retrieved from /home/airflow/.local/lib/python3.11/site-packages/airflow/example_dags/example_sensors.py
[2024-03-06T14:09:02.294+0000] {logging_mixin.py:188} INFO - [2024-03-06T14:09:02.294+0000] {dag.py:3047} INFO - Sync 1 DAGs
[2024-03-06T14:09:02.306+0000] {logging_mixin.py:188} INFO - [2024-03-06T14:09:02.305+0000] {dag.py:3834} INFO - Setting next_dagrun for example_sensors to None, run_after=None
[2024-03-06T14:09:02.324+0000] {processor.py:183} INFO - Processing /home/airflow/.local/lib/python3.11/site-packages/airflow/example_dags/example_sensors.py took 0.072 seconds
[2024-03-06T14:09:32.469+0000] {processor.py:161} INFO - Started process (PID=12320) to work on /home/airflow/.local/lib/python3.11/site-packages/airflow/example_dags/example_sensors.py
[2024-03-06T14:09:32.470+0000] {processor.py:830} INFO - Processing file /home/airflow/.local/lib/python3.11/site-packages/airflow/example_dags/example_sensors.py for tasks to queue
[2024-03-06T14:09:32.471+0000] {logging_mixin.py:188} INFO - [2024-03-06T14:09:32.471+0000] {dagbag.py:540} INFO - Filling up the DagBag from /home/airflow/.local/lib/python3.11/site-packages/airflow/example_dags/example_sensors.py
[2024-03-06T14:09:32.482+0000] {processor.py:840} INFO - DAG(s) 'example_sensors' retrieved from /home/airflow/.local/lib/python3.11/site-packages/airflow/example_dags/example_sensors.py
[2024-03-06T14:09:32.508+0000] {logging_mixin.py:188} INFO - [2024-03-06T14:09:32.508+0000] {dag.py:3047} INFO - Sync 1 DAGs
[2024-03-06T14:09:32.521+0000] {logging_mixin.py:188} INFO - [2024-03-06T14:09:32.521+0000] {dag.py:3834} INFO - Setting next_dagrun for example_sensors to None, run_after=None
[2024-03-06T14:09:32.540+0000] {processor.py:183} INFO - Processing /home/airflow/.local/lib/python3.11/site-packages/airflow/example_dags/example_sensors.py took 0.075 seconds
[2024-03-06T14:10:03.280+0000] {processor.py:161} INFO - Started process (PID=12567) to work on /home/airflow/.local/lib/python3.11/site-packages/airflow/example_dags/example_sensors.py
[2024-03-06T14:10:03.281+0000] {processor.py:830} INFO - Processing file /home/airflow/.local/lib/python3.11/site-packages/airflow/example_dags/example_sensors.py for tasks to queue
[2024-03-06T14:10:03.283+0000] {logging_mixin.py:188} INFO - [2024-03-06T14:10:03.283+0000] {dagbag.py:540} INFO - Filling up the DagBag from /home/airflow/.local/lib/python3.11/site-packages/airflow/example_dags/example_sensors.py
[2024-03-06T14:10:03.295+0000] {processor.py:840} INFO - DAG(s) 'example_sensors' retrieved from /home/airflow/.local/lib/python3.11/site-packages/airflow/example_dags/example_sensors.py
[2024-03-06T14:10:03.321+0000] {logging_mixin.py:188} INFO - [2024-03-06T14:10:03.321+0000] {dag.py:3047} INFO - Sync 1 DAGs
[2024-03-06T14:10:03.334+0000] {logging_mixin.py:188} INFO - [2024-03-06T14:10:03.333+0000] {dag.py:3834} INFO - Setting next_dagrun for example_sensors to None, run_after=None
[2024-03-06T14:10:03.360+0000] {processor.py:183} INFO - Processing /home/airflow/.local/lib/python3.11/site-packages/airflow/example_dags/example_sensors.py took 0.084 seconds
[2024-03-06T14:10:34.260+0000] {processor.py:161} INFO - Started process (PID=12814) to work on /home/airflow/.local/lib/python3.11/site-packages/airflow/example_dags/example_sensors.py
[2024-03-06T14:10:34.262+0000] {processor.py:830} INFO - Processing file /home/airflow/.local/lib/python3.11/site-packages/airflow/example_dags/example_sensors.py for tasks to queue
[2024-03-06T14:10:34.263+0000] {logging_mixin.py:188} INFO - [2024-03-06T14:10:34.263+0000] {dagbag.py:540} INFO - Filling up the DagBag from /home/airflow/.local/lib/python3.11/site-packages/airflow/example_dags/example_sensors.py
[2024-03-06T14:10:34.276+0000] {processor.py:840} INFO - DAG(s) 'example_sensors' retrieved from /home/airflow/.local/lib/python3.11/site-packages/airflow/example_dags/example_sensors.py
[2024-03-06T14:10:34.307+0000] {logging_mixin.py:188} INFO - [2024-03-06T14:10:34.307+0000] {dag.py:3047} INFO - Sync 1 DAGs
[2024-03-06T14:10:34.323+0000] {logging_mixin.py:188} INFO - [2024-03-06T14:10:34.322+0000] {dag.py:3834} INFO - Setting next_dagrun for example_sensors to None, run_after=None
[2024-03-06T14:10:34.351+0000] {processor.py:183} INFO - Processing /home/airflow/.local/lib/python3.11/site-packages/airflow/example_dags/example_sensors.py took 0.095 seconds
[2024-03-06T14:11:04.446+0000] {processor.py:161} INFO - Started process (PID=13061) to work on /home/airflow/.local/lib/python3.11/site-packages/airflow/example_dags/example_sensors.py
[2024-03-06T14:11:04.448+0000] {processor.py:830} INFO - Processing file /home/airflow/.local/lib/python3.11/site-packages/airflow/example_dags/example_sensors.py for tasks to queue
[2024-03-06T14:11:04.451+0000] {logging_mixin.py:188} INFO - [2024-03-06T14:11:04.450+0000] {dagbag.py:540} INFO - Filling up the DagBag from /home/airflow/.local/lib/python3.11/site-packages/airflow/example_dags/example_sensors.py
[2024-03-06T14:11:04.466+0000] {processor.py:840} INFO - DAG(s) 'example_sensors' retrieved from /home/airflow/.local/lib/python3.11/site-packages/airflow/example_dags/example_sensors.py
[2024-03-06T14:11:04.509+0000] {logging_mixin.py:188} INFO - [2024-03-06T14:11:04.509+0000] {dag.py:3047} INFO - Sync 1 DAGs
[2024-03-06T14:11:04.520+0000] {logging_mixin.py:188} INFO - [2024-03-06T14:11:04.519+0000] {dag.py:3834} INFO - Setting next_dagrun for example_sensors to None, run_after=None
[2024-03-06T14:11:04.544+0000] {processor.py:183} INFO - Processing /home/airflow/.local/lib/python3.11/site-packages/airflow/example_dags/example_sensors.py took 0.103 seconds
[2024-03-06T14:11:35.050+0000] {processor.py:161} INFO - Started process (PID=13308) to work on /home/airflow/.local/lib/python3.11/site-packages/airflow/example_dags/example_sensors.py
[2024-03-06T14:11:35.051+0000] {processor.py:830} INFO - Processing file /home/airflow/.local/lib/python3.11/site-packages/airflow/example_dags/example_sensors.py for tasks to queue
[2024-03-06T14:11:35.054+0000] {logging_mixin.py:188} INFO - [2024-03-06T14:11:35.053+0000] {dagbag.py:540} INFO - Filling up the DagBag from /home/airflow/.local/lib/python3.11/site-packages/airflow/example_dags/example_sensors.py
[2024-03-06T14:11:35.069+0000] {processor.py:840} INFO - DAG(s) 'example_sensors' retrieved from /home/airflow/.local/lib/python3.11/site-packages/airflow/example_dags/example_sensors.py
[2024-03-06T14:11:35.102+0000] {logging_mixin.py:188} INFO - [2024-03-06T14:11:35.101+0000] {dag.py:3047} INFO - Sync 1 DAGs
[2024-03-06T14:11:35.118+0000] {logging_mixin.py:188} INFO - [2024-03-06T14:11:35.118+0000] {dag.py:3834} INFO - Setting next_dagrun for example_sensors to None, run_after=None
[2024-03-06T14:11:35.139+0000] {processor.py:183} INFO - Processing /home/airflow/.local/lib/python3.11/site-packages/airflow/example_dags/example_sensors.py took 0.093 seconds
[2024-03-06T14:12:05.908+0000] {processor.py:161} INFO - Started process (PID=13555) to work on /home/airflow/.local/lib/python3.11/site-packages/airflow/example_dags/example_sensors.py
[2024-03-06T14:12:05.910+0000] {processor.py:830} INFO - Processing file /home/airflow/.local/lib/python3.11/site-packages/airflow/example_dags/example_sensors.py for tasks to queue
[2024-03-06T14:12:05.911+0000] {logging_mixin.py:188} INFO - [2024-03-06T14:12:05.911+0000] {dagbag.py:540} INFO - Filling up the DagBag from /home/airflow/.local/lib/python3.11/site-packages/airflow/example_dags/example_sensors.py
[2024-03-06T14:12:05.924+0000] {processor.py:840} INFO - DAG(s) 'example_sensors' retrieved from /home/airflow/.local/lib/python3.11/site-packages/airflow/example_dags/example_sensors.py
[2024-03-06T14:12:05.947+0000] {logging_mixin.py:188} INFO - [2024-03-06T14:12:05.947+0000] {dag.py:3047} INFO - Sync 1 DAGs
[2024-03-06T14:12:05.960+0000] {logging_mixin.py:188} INFO - [2024-03-06T14:12:05.960+0000] {dag.py:3834} INFO - Setting next_dagrun for example_sensors to None, run_after=None
[2024-03-06T14:12:05.977+0000] {processor.py:183} INFO - Processing /home/airflow/.local/lib/python3.11/site-packages/airflow/example_dags/example_sensors.py took 0.073 seconds
[2024-03-06T14:12:36.310+0000] {processor.py:161} INFO - Started process (PID=13802) to work on /home/airflow/.local/lib/python3.11/site-packages/airflow/example_dags/example_sensors.py
[2024-03-06T14:12:36.311+0000] {processor.py:830} INFO - Processing file /home/airflow/.local/lib/python3.11/site-packages/airflow/example_dags/example_sensors.py for tasks to queue
[2024-03-06T14:12:36.312+0000] {logging_mixin.py:188} INFO - [2024-03-06T14:12:36.312+0000] {dagbag.py:540} INFO - Filling up the DagBag from /home/airflow/.local/lib/python3.11/site-packages/airflow/example_dags/example_sensors.py
[2024-03-06T14:12:36.322+0000] {processor.py:840} INFO - DAG(s) 'example_sensors' retrieved from /home/airflow/.local/lib/python3.11/site-packages/airflow/example_dags/example_sensors.py
[2024-03-06T14:12:36.347+0000] {logging_mixin.py:188} INFO - [2024-03-06T14:12:36.347+0000] {dag.py:3047} INFO - Sync 1 DAGs
[2024-03-06T14:12:36.361+0000] {logging_mixin.py:188} INFO - [2024-03-06T14:12:36.361+0000] {dag.py:3834} INFO - Setting next_dagrun for example_sensors to None, run_after=None
[2024-03-06T14:12:36.380+0000] {processor.py:183} INFO - Processing /home/airflow/.local/lib/python3.11/site-packages/airflow/example_dags/example_sensors.py took 0.073 seconds
[2024-03-06T14:13:07.147+0000] {processor.py:161} INFO - Started process (PID=14049) to work on /home/airflow/.local/lib/python3.11/site-packages/airflow/example_dags/example_sensors.py
[2024-03-06T14:13:07.148+0000] {processor.py:830} INFO - Processing file /home/airflow/.local/lib/python3.11/site-packages/airflow/example_dags/example_sensors.py for tasks to queue
[2024-03-06T14:13:07.149+0000] {logging_mixin.py:188} INFO - [2024-03-06T14:13:07.149+0000] {dagbag.py:540} INFO - Filling up the DagBag from /home/airflow/.local/lib/python3.11/site-packages/airflow/example_dags/example_sensors.py
[2024-03-06T14:13:07.158+0000] {processor.py:840} INFO - DAG(s) 'example_sensors' retrieved from /home/airflow/.local/lib/python3.11/site-packages/airflow/example_dags/example_sensors.py
[2024-03-06T14:13:07.181+0000] {logging_mixin.py:188} INFO - [2024-03-06T14:13:07.181+0000] {dag.py:3047} INFO - Sync 1 DAGs
[2024-03-06T14:13:07.193+0000] {logging_mixin.py:188} INFO - [2024-03-06T14:13:07.193+0000] {dag.py:3834} INFO - Setting next_dagrun for example_sensors to None, run_after=None
[2024-03-06T14:13:07.212+0000] {processor.py:183} INFO - Processing /home/airflow/.local/lib/python3.11/site-packages/airflow/example_dags/example_sensors.py took 0.068 seconds
[2024-03-06T14:13:37.802+0000] {processor.py:161} INFO - Started process (PID=14296) to work on /home/airflow/.local/lib/python3.11/site-packages/airflow/example_dags/example_sensors.py
[2024-03-06T14:13:37.803+0000] {processor.py:830} INFO - Processing file /home/airflow/.local/lib/python3.11/site-packages/airflow/example_dags/example_sensors.py for tasks to queue
[2024-03-06T14:13:37.804+0000] {logging_mixin.py:188} INFO - [2024-03-06T14:13:37.804+0000] {dagbag.py:540} INFO - Filling up the DagBag from /home/airflow/.local/lib/python3.11/site-packages/airflow/example_dags/example_sensors.py
[2024-03-06T14:13:37.814+0000] {processor.py:840} INFO - DAG(s) 'example_sensors' retrieved from /home/airflow/.local/lib/python3.11/site-packages/airflow/example_dags/example_sensors.py
[2024-03-06T14:13:37.837+0000] {logging_mixin.py:188} INFO - [2024-03-06T14:13:37.836+0000] {dag.py:3047} INFO - Sync 1 DAGs
[2024-03-06T14:13:37.847+0000] {logging_mixin.py:188} INFO - [2024-03-06T14:13:37.847+0000] {dag.py:3834} INFO - Setting next_dagrun for example_sensors to None, run_after=None
[2024-03-06T14:13:37.864+0000] {processor.py:183} INFO - Processing /home/airflow/.local/lib/python3.11/site-packages/airflow/example_dags/example_sensors.py took 0.065 seconds
[2024-03-06T14:14:08.683+0000] {processor.py:161} INFO - Started process (PID=14543) to work on /home/airflow/.local/lib/python3.11/site-packages/airflow/example_dags/example_sensors.py
[2024-03-06T14:14:08.684+0000] {processor.py:830} INFO - Processing file /home/airflow/.local/lib/python3.11/site-packages/airflow/example_dags/example_sensors.py for tasks to queue
[2024-03-06T14:14:08.687+0000] {logging_mixin.py:188} INFO - [2024-03-06T14:14:08.686+0000] {dagbag.py:540} INFO - Filling up the DagBag from /home/airflow/.local/lib/python3.11/site-packages/airflow/example_dags/example_sensors.py
[2024-03-06T14:14:08.702+0000] {processor.py:840} INFO - DAG(s) 'example_sensors' retrieved from /home/airflow/.local/lib/python3.11/site-packages/airflow/example_dags/example_sensors.py
[2024-03-06T14:14:08.733+0000] {logging_mixin.py:188} INFO - [2024-03-06T14:14:08.733+0000] {dag.py:3047} INFO - Sync 1 DAGs
[2024-03-06T14:14:08.748+0000] {logging_mixin.py:188} INFO - [2024-03-06T14:14:08.748+0000] {dag.py:3834} INFO - Setting next_dagrun for example_sensors to None, run_after=None
[2024-03-06T14:14:08.782+0000] {processor.py:183} INFO - Processing /home/airflow/.local/lib/python3.11/site-packages/airflow/example_dags/example_sensors.py took 0.104 seconds
[2024-03-06T14:14:38.820+0000] {processor.py:161} INFO - Started process (PID=14790) to work on /home/airflow/.local/lib/python3.11/site-packages/airflow/example_dags/example_sensors.py
[2024-03-06T14:14:38.822+0000] {processor.py:830} INFO - Processing file /home/airflow/.local/lib/python3.11/site-packages/airflow/example_dags/example_sensors.py for tasks to queue
[2024-03-06T14:14:38.824+0000] {logging_mixin.py:188} INFO - [2024-03-06T14:14:38.823+0000] {dagbag.py:540} INFO - Filling up the DagBag from /home/airflow/.local/lib/python3.11/site-packages/airflow/example_dags/example_sensors.py
[2024-03-06T14:14:38.836+0000] {processor.py:840} INFO - DAG(s) 'example_sensors' retrieved from /home/airflow/.local/lib/python3.11/site-packages/airflow/example_dags/example_sensors.py
[2024-03-06T14:14:38.871+0000] {logging_mixin.py:188} INFO - [2024-03-06T14:14:38.871+0000] {dag.py:3047} INFO - Sync 1 DAGs
[2024-03-06T14:14:38.888+0000] {logging_mixin.py:188} INFO - [2024-03-06T14:14:38.887+0000] {dag.py:3834} INFO - Setting next_dagrun for example_sensors to None, run_after=None
[2024-03-06T14:14:38.913+0000] {processor.py:183} INFO - Processing /home/airflow/.local/lib/python3.11/site-packages/airflow/example_dags/example_sensors.py took 0.097 seconds
[2024-03-06T14:15:09.010+0000] {processor.py:161} INFO - Started process (PID=15037) to work on /home/airflow/.local/lib/python3.11/site-packages/airflow/example_dags/example_sensors.py
[2024-03-06T14:15:09.018+0000] {processor.py:830} INFO - Processing file /home/airflow/.local/lib/python3.11/site-packages/airflow/example_dags/example_sensors.py for tasks to queue
[2024-03-06T14:15:09.022+0000] {logging_mixin.py:188} INFO - [2024-03-06T14:15:09.021+0000] {dagbag.py:540} INFO - Filling up the DagBag from /home/airflow/.local/lib/python3.11/site-packages/airflow/example_dags/example_sensors.py
[2024-03-06T14:15:09.037+0000] {processor.py:840} INFO - DAG(s) 'example_sensors' retrieved from /home/airflow/.local/lib/python3.11/site-packages/airflow/example_dags/example_sensors.py
[2024-03-06T14:15:09.084+0000] {logging_mixin.py:188} INFO - [2024-03-06T14:15:09.083+0000] {dag.py:3047} INFO - Sync 1 DAGs
[2024-03-06T14:15:09.110+0000] {logging_mixin.py:188} INFO - [2024-03-06T14:15:09.109+0000] {dag.py:3834} INFO - Setting next_dagrun for example_sensors to None, run_after=None
[2024-03-06T14:15:09.142+0000] {processor.py:183} INFO - Processing /home/airflow/.local/lib/python3.11/site-packages/airflow/example_dags/example_sensors.py took 0.138 seconds
[2024-03-06T14:15:40.068+0000] {processor.py:161} INFO - Started process (PID=15284) to work on /home/airflow/.local/lib/python3.11/site-packages/airflow/example_dags/example_sensors.py
[2024-03-06T14:15:40.069+0000] {processor.py:830} INFO - Processing file /home/airflow/.local/lib/python3.11/site-packages/airflow/example_dags/example_sensors.py for tasks to queue
[2024-03-06T14:15:40.070+0000] {logging_mixin.py:188} INFO - [2024-03-06T14:15:40.070+0000] {dagbag.py:540} INFO - Filling up the DagBag from /home/airflow/.local/lib/python3.11/site-packages/airflow/example_dags/example_sensors.py
[2024-03-06T14:15:40.081+0000] {processor.py:840} INFO - DAG(s) 'example_sensors' retrieved from /home/airflow/.local/lib/python3.11/site-packages/airflow/example_dags/example_sensors.py
[2024-03-06T14:15:40.109+0000] {logging_mixin.py:188} INFO - [2024-03-06T14:15:40.109+0000] {dag.py:3047} INFO - Sync 1 DAGs
[2024-03-06T14:15:40.121+0000] {logging_mixin.py:188} INFO - [2024-03-06T14:15:40.121+0000] {dag.py:3834} INFO - Setting next_dagrun for example_sensors to None, run_after=None
[2024-03-06T14:15:40.137+0000] {processor.py:183} INFO - Processing /home/airflow/.local/lib/python3.11/site-packages/airflow/example_dags/example_sensors.py took 0.073 seconds
[2024-03-06T14:16:10.311+0000] {processor.py:161} INFO - Started process (PID=15531) to work on /home/airflow/.local/lib/python3.11/site-packages/airflow/example_dags/example_sensors.py
[2024-03-06T14:16:10.313+0000] {processor.py:830} INFO - Processing file /home/airflow/.local/lib/python3.11/site-packages/airflow/example_dags/example_sensors.py for tasks to queue
[2024-03-06T14:16:10.314+0000] {logging_mixin.py:188} INFO - [2024-03-06T14:16:10.313+0000] {dagbag.py:540} INFO - Filling up the DagBag from /home/airflow/.local/lib/python3.11/site-packages/airflow/example_dags/example_sensors.py
[2024-03-06T14:16:10.326+0000] {processor.py:840} INFO - DAG(s) 'example_sensors' retrieved from /home/airflow/.local/lib/python3.11/site-packages/airflow/example_dags/example_sensors.py
[2024-03-06T14:16:10.349+0000] {logging_mixin.py:188} INFO - [2024-03-06T14:16:10.349+0000] {dag.py:3047} INFO - Sync 1 DAGs
[2024-03-06T14:16:10.360+0000] {logging_mixin.py:188} INFO - [2024-03-06T14:16:10.360+0000] {dag.py:3834} INFO - Setting next_dagrun for example_sensors to None, run_after=None
[2024-03-06T14:16:10.381+0000] {processor.py:183} INFO - Processing /home/airflow/.local/lib/python3.11/site-packages/airflow/example_dags/example_sensors.py took 0.074 seconds
[2024-03-06T14:16:41.105+0000] {processor.py:161} INFO - Started process (PID=15778) to work on /home/airflow/.local/lib/python3.11/site-packages/airflow/example_dags/example_sensors.py
[2024-03-06T14:16:41.108+0000] {processor.py:830} INFO - Processing file /home/airflow/.local/lib/python3.11/site-packages/airflow/example_dags/example_sensors.py for tasks to queue
[2024-03-06T14:16:41.110+0000] {logging_mixin.py:188} INFO - [2024-03-06T14:16:41.109+0000] {dagbag.py:540} INFO - Filling up the DagBag from /home/airflow/.local/lib/python3.11/site-packages/airflow/example_dags/example_sensors.py
[2024-03-06T14:16:41.137+0000] {processor.py:840} INFO - DAG(s) 'example_sensors' retrieved from /home/airflow/.local/lib/python3.11/site-packages/airflow/example_dags/example_sensors.py
[2024-03-06T14:16:41.166+0000] {logging_mixin.py:188} INFO - [2024-03-06T14:16:41.165+0000] {dag.py:3047} INFO - Sync 1 DAGs
[2024-03-06T14:16:41.183+0000] {logging_mixin.py:188} INFO - [2024-03-06T14:16:41.183+0000] {dag.py:3834} INFO - Setting next_dagrun for example_sensors to None, run_after=None
[2024-03-06T14:16:41.213+0000] {processor.py:183} INFO - Processing /home/airflow/.local/lib/python3.11/site-packages/airflow/example_dags/example_sensors.py took 0.116 seconds
[2024-03-06T14:17:11.910+0000] {processor.py:161} INFO - Started process (PID=16025) to work on /home/airflow/.local/lib/python3.11/site-packages/airflow/example_dags/example_sensors.py
[2024-03-06T14:17:11.925+0000] {processor.py:830} INFO - Processing file /home/airflow/.local/lib/python3.11/site-packages/airflow/example_dags/example_sensors.py for tasks to queue
[2024-03-06T14:17:11.926+0000] {logging_mixin.py:188} INFO - [2024-03-06T14:17:11.926+0000] {dagbag.py:540} INFO - Filling up the DagBag from /home/airflow/.local/lib/python3.11/site-packages/airflow/example_dags/example_sensors.py
[2024-03-06T14:17:11.956+0000] {processor.py:840} INFO - DAG(s) 'example_sensors' retrieved from /home/airflow/.local/lib/python3.11/site-packages/airflow/example_dags/example_sensors.py
[2024-03-06T14:17:12.035+0000] {logging_mixin.py:188} INFO - [2024-03-06T14:17:12.035+0000] {dag.py:3047} INFO - Sync 1 DAGs
[2024-03-06T14:17:12.059+0000] {logging_mixin.py:188} INFO - [2024-03-06T14:17:12.059+0000] {dag.py:3834} INFO - Setting next_dagrun for example_sensors to None, run_after=None
[2024-03-06T14:17:12.096+0000] {processor.py:183} INFO - Processing /home/airflow/.local/lib/python3.11/site-packages/airflow/example_dags/example_sensors.py took 0.194 seconds
[2024-03-06T14:17:42.931+0000] {processor.py:161} INFO - Started process (PID=16272) to work on /home/airflow/.local/lib/python3.11/site-packages/airflow/example_dags/example_sensors.py
[2024-03-06T14:17:42.938+0000] {processor.py:830} INFO - Processing file /home/airflow/.local/lib/python3.11/site-packages/airflow/example_dags/example_sensors.py for tasks to queue
[2024-03-06T14:17:42.940+0000] {logging_mixin.py:188} INFO - [2024-03-06T14:17:42.940+0000] {dagbag.py:540} INFO - Filling up the DagBag from /home/airflow/.local/lib/python3.11/site-packages/airflow/example_dags/example_sensors.py
[2024-03-06T14:17:42.958+0000] {processor.py:840} INFO - DAG(s) 'example_sensors' retrieved from /home/airflow/.local/lib/python3.11/site-packages/airflow/example_dags/example_sensors.py
[2024-03-06T14:17:43.023+0000] {logging_mixin.py:188} INFO - [2024-03-06T14:17:43.022+0000] {dag.py:3047} INFO - Sync 1 DAGs
[2024-03-06T14:17:43.042+0000] {logging_mixin.py:188} INFO - [2024-03-06T14:17:43.041+0000] {dag.py:3834} INFO - Setting next_dagrun for example_sensors to None, run_after=None
[2024-03-06T14:17:43.070+0000] {processor.py:183} INFO - Processing /home/airflow/.local/lib/python3.11/site-packages/airflow/example_dags/example_sensors.py took 0.144 seconds
[2024-03-06T14:18:13.744+0000] {processor.py:161} INFO - Started process (PID=16518) to work on /home/airflow/.local/lib/python3.11/site-packages/airflow/example_dags/example_sensors.py
[2024-03-06T14:18:13.753+0000] {processor.py:830} INFO - Processing file /home/airflow/.local/lib/python3.11/site-packages/airflow/example_dags/example_sensors.py for tasks to queue
[2024-03-06T14:18:13.756+0000] {logging_mixin.py:188} INFO - [2024-03-06T14:18:13.755+0000] {dagbag.py:540} INFO - Filling up the DagBag from /home/airflow/.local/lib/python3.11/site-packages/airflow/example_dags/example_sensors.py
[2024-03-06T14:18:13.784+0000] {processor.py:840} INFO - DAG(s) 'example_sensors' retrieved from /home/airflow/.local/lib/python3.11/site-packages/airflow/example_dags/example_sensors.py
[2024-03-06T14:18:13.855+0000] {logging_mixin.py:188} INFO - [2024-03-06T14:18:13.854+0000] {dag.py:3047} INFO - Sync 1 DAGs
[2024-03-06T14:18:13.882+0000] {logging_mixin.py:188} INFO - [2024-03-06T14:18:13.882+0000] {dag.py:3834} INFO - Setting next_dagrun for example_sensors to None, run_after=None
[2024-03-06T14:18:13.970+0000] {processor.py:183} INFO - Processing /home/airflow/.local/lib/python3.11/site-packages/airflow/example_dags/example_sensors.py took 0.234 seconds
[2024-03-06T14:18:44.540+0000] {processor.py:161} INFO - Started process (PID=16765) to work on /home/airflow/.local/lib/python3.11/site-packages/airflow/example_dags/example_sensors.py
[2024-03-06T14:18:44.545+0000] {processor.py:830} INFO - Processing file /home/airflow/.local/lib/python3.11/site-packages/airflow/example_dags/example_sensors.py for tasks to queue
[2024-03-06T14:18:44.547+0000] {logging_mixin.py:188} INFO - [2024-03-06T14:18:44.546+0000] {dagbag.py:540} INFO - Filling up the DagBag from /home/airflow/.local/lib/python3.11/site-packages/airflow/example_dags/example_sensors.py
[2024-03-06T14:18:44.592+0000] {processor.py:840} INFO - DAG(s) 'example_sensors' retrieved from /home/airflow/.local/lib/python3.11/site-packages/airflow/example_dags/example_sensors.py
[2024-03-06T14:18:44.740+0000] {logging_mixin.py:188} INFO - [2024-03-06T14:18:44.740+0000] {dag.py:3047} INFO - Sync 1 DAGs
[2024-03-06T14:18:44.798+0000] {logging_mixin.py:188} INFO - [2024-03-06T14:18:44.797+0000] {dag.py:3834} INFO - Setting next_dagrun for example_sensors to None, run_after=None
[2024-03-06T14:18:44.915+0000] {processor.py:183} INFO - Processing /home/airflow/.local/lib/python3.11/site-packages/airflow/example_dags/example_sensors.py took 0.381 seconds
[2024-03-06T14:19:14.987+0000] {processor.py:161} INFO - Started process (PID=17009) to work on /home/airflow/.local/lib/python3.11/site-packages/airflow/example_dags/example_sensors.py
[2024-03-06T14:19:14.989+0000] {processor.py:830} INFO - Processing file /home/airflow/.local/lib/python3.11/site-packages/airflow/example_dags/example_sensors.py for tasks to queue
[2024-03-06T14:19:14.991+0000] {logging_mixin.py:188} INFO - [2024-03-06T14:19:14.991+0000] {dagbag.py:540} INFO - Filling up the DagBag from /home/airflow/.local/lib/python3.11/site-packages/airflow/example_dags/example_sensors.py
[2024-03-06T14:19:15.010+0000] {processor.py:840} INFO - DAG(s) 'example_sensors' retrieved from /home/airflow/.local/lib/python3.11/site-packages/airflow/example_dags/example_sensors.py
[2024-03-06T14:19:15.043+0000] {logging_mixin.py:188} INFO - [2024-03-06T14:19:15.043+0000] {dag.py:3047} INFO - Sync 1 DAGs
[2024-03-06T14:19:15.059+0000] {logging_mixin.py:188} INFO - [2024-03-06T14:19:15.059+0000] {dag.py:3834} INFO - Setting next_dagrun for example_sensors to None, run_after=None
[2024-03-06T14:19:15.089+0000] {processor.py:183} INFO - Processing /home/airflow/.local/lib/python3.11/site-packages/airflow/example_dags/example_sensors.py took 0.109 seconds
