[2024-03-06T13:44:35.255+0000] {processor.py:161} INFO - Started process (PID=184) to work on /home/airflow/.local/lib/python3.11/site-packages/airflow/example_dags/example_setup_teardown_taskflow.py
[2024-03-06T13:44:35.256+0000] {processor.py:830} INFO - Processing file /home/airflow/.local/lib/python3.11/site-packages/airflow/example_dags/example_setup_teardown_taskflow.py for tasks to queue
[2024-03-06T13:44:35.258+0000] {logging_mixin.py:188} INFO - [2024-03-06T13:44:35.257+0000] {dagbag.py:540} INFO - Filling up the DagBag from /home/airflow/.local/lib/python3.11/site-packages/airflow/example_dags/example_setup_teardown_taskflow.py
[2024-03-06T13:44:35.272+0000] {processor.py:840} INFO - DAG(s) 'example_setup_teardown_taskflow' retrieved from /home/airflow/.local/lib/python3.11/site-packages/airflow/example_dags/example_setup_teardown_taskflow.py
[2024-03-06T13:44:35.304+0000] {logging_mixin.py:188} INFO - [2024-03-06T13:44:35.303+0000] {dag.py:3047} INFO - Sync 1 DAGs
[2024-03-06T13:44:35.329+0000] {logging_mixin.py:188} INFO - [2024-03-06T13:44:35.329+0000] {dag.py:3834} INFO - Setting next_dagrun for example_setup_teardown_taskflow to 2024-03-05 00:00:00+00:00, run_after=2024-03-06 00:00:00+00:00
[2024-03-06T13:44:35.359+0000] {processor.py:183} INFO - Processing /home/airflow/.local/lib/python3.11/site-packages/airflow/example_dags/example_setup_teardown_taskflow.py took 0.108 seconds
[2024-03-06T13:45:05.578+0000] {processor.py:161} INFO - Started process (PID=432) to work on /home/airflow/.local/lib/python3.11/site-packages/airflow/example_dags/example_setup_teardown_taskflow.py
[2024-03-06T13:45:05.578+0000] {processor.py:830} INFO - Processing file /home/airflow/.local/lib/python3.11/site-packages/airflow/example_dags/example_setup_teardown_taskflow.py for tasks to queue
[2024-03-06T13:45:05.580+0000] {logging_mixin.py:188} INFO - [2024-03-06T13:45:05.579+0000] {dagbag.py:540} INFO - Filling up the DagBag from /home/airflow/.local/lib/python3.11/site-packages/airflow/example_dags/example_setup_teardown_taskflow.py
[2024-03-06T13:45:05.589+0000] {processor.py:840} INFO - DAG(s) 'example_setup_teardown_taskflow' retrieved from /home/airflow/.local/lib/python3.11/site-packages/airflow/example_dags/example_setup_teardown_taskflow.py
[2024-03-06T13:45:05.608+0000] {logging_mixin.py:188} INFO - [2024-03-06T13:45:05.607+0000] {dag.py:3047} INFO - Sync 1 DAGs
[2024-03-06T13:45:05.625+0000] {logging_mixin.py:188} INFO - [2024-03-06T13:45:05.625+0000] {dag.py:3834} INFO - Setting next_dagrun for example_setup_teardown_taskflow to 2024-03-05 00:00:00+00:00, run_after=2024-03-06 00:00:00+00:00
[2024-03-06T13:45:05.639+0000] {processor.py:183} INFO - Processing /home/airflow/.local/lib/python3.11/site-packages/airflow/example_dags/example_setup_teardown_taskflow.py took 0.064 seconds
[2024-03-06T13:45:35.834+0000] {processor.py:161} INFO - Started process (PID=676) to work on /home/airflow/.local/lib/python3.11/site-packages/airflow/example_dags/example_setup_teardown_taskflow.py
[2024-03-06T13:45:35.836+0000] {processor.py:830} INFO - Processing file /home/airflow/.local/lib/python3.11/site-packages/airflow/example_dags/example_setup_teardown_taskflow.py for tasks to queue
[2024-03-06T13:45:35.837+0000] {logging_mixin.py:188} INFO - [2024-03-06T13:45:35.837+0000] {dagbag.py:540} INFO - Filling up the DagBag from /home/airflow/.local/lib/python3.11/site-packages/airflow/example_dags/example_setup_teardown_taskflow.py
[2024-03-06T13:45:35.852+0000] {processor.py:840} INFO - DAG(s) 'example_setup_teardown_taskflow' retrieved from /home/airflow/.local/lib/python3.11/site-packages/airflow/example_dags/example_setup_teardown_taskflow.py
[2024-03-06T13:45:35.876+0000] {logging_mixin.py:188} INFO - [2024-03-06T13:45:35.876+0000] {dag.py:3047} INFO - Sync 1 DAGs
[2024-03-06T13:45:35.905+0000] {logging_mixin.py:188} INFO - [2024-03-06T13:45:35.905+0000] {dag.py:3834} INFO - Setting next_dagrun for example_setup_teardown_taskflow to 2024-03-05 00:00:00+00:00, run_after=2024-03-06 00:00:00+00:00
[2024-03-06T13:45:35.929+0000] {processor.py:183} INFO - Processing /home/airflow/.local/lib/python3.11/site-packages/airflow/example_dags/example_setup_teardown_taskflow.py took 0.099 seconds
[2024-03-06T13:46:06.171+0000] {processor.py:161} INFO - Started process (PID=923) to work on /home/airflow/.local/lib/python3.11/site-packages/airflow/example_dags/example_setup_teardown_taskflow.py
[2024-03-06T13:46:06.173+0000] {processor.py:830} INFO - Processing file /home/airflow/.local/lib/python3.11/site-packages/airflow/example_dags/example_setup_teardown_taskflow.py for tasks to queue
[2024-03-06T13:46:06.175+0000] {logging_mixin.py:188} INFO - [2024-03-06T13:46:06.174+0000] {dagbag.py:540} INFO - Filling up the DagBag from /home/airflow/.local/lib/python3.11/site-packages/airflow/example_dags/example_setup_teardown_taskflow.py
[2024-03-06T13:46:06.187+0000] {processor.py:840} INFO - DAG(s) 'example_setup_teardown_taskflow' retrieved from /home/airflow/.local/lib/python3.11/site-packages/airflow/example_dags/example_setup_teardown_taskflow.py
[2024-03-06T13:46:06.256+0000] {logging_mixin.py:188} INFO - [2024-03-06T13:46:06.255+0000] {dag.py:3047} INFO - Sync 1 DAGs
[2024-03-06T13:46:06.304+0000] {logging_mixin.py:188} INFO - [2024-03-06T13:46:06.304+0000] {dag.py:3834} INFO - Setting next_dagrun for example_setup_teardown_taskflow to 2024-03-05 00:00:00+00:00, run_after=2024-03-06 00:00:00+00:00
[2024-03-06T13:46:06.324+0000] {processor.py:183} INFO - Processing /home/airflow/.local/lib/python3.11/site-packages/airflow/example_dags/example_setup_teardown_taskflow.py took 0.157 seconds
[2024-03-06T13:46:37.277+0000] {processor.py:161} INFO - Started process (PID=1170) to work on /home/airflow/.local/lib/python3.11/site-packages/airflow/example_dags/example_setup_teardown_taskflow.py
[2024-03-06T13:46:37.279+0000] {processor.py:830} INFO - Processing file /home/airflow/.local/lib/python3.11/site-packages/airflow/example_dags/example_setup_teardown_taskflow.py for tasks to queue
[2024-03-06T13:46:37.280+0000] {logging_mixin.py:188} INFO - [2024-03-06T13:46:37.279+0000] {dagbag.py:540} INFO - Filling up the DagBag from /home/airflow/.local/lib/python3.11/site-packages/airflow/example_dags/example_setup_teardown_taskflow.py
[2024-03-06T13:46:37.291+0000] {processor.py:840} INFO - DAG(s) 'example_setup_teardown_taskflow' retrieved from /home/airflow/.local/lib/python3.11/site-packages/airflow/example_dags/example_setup_teardown_taskflow.py
[2024-03-06T13:46:37.313+0000] {logging_mixin.py:188} INFO - [2024-03-06T13:46:37.312+0000] {dag.py:3047} INFO - Sync 1 DAGs
[2024-03-06T13:46:37.334+0000] {logging_mixin.py:188} INFO - [2024-03-06T13:46:37.334+0000] {dag.py:3834} INFO - Setting next_dagrun for example_setup_teardown_taskflow to 2024-03-05 00:00:00+00:00, run_after=2024-03-06 00:00:00+00:00
[2024-03-06T13:46:37.352+0000] {processor.py:183} INFO - Processing /home/airflow/.local/lib/python3.11/site-packages/airflow/example_dags/example_setup_teardown_taskflow.py took 0.077 seconds
[2024-03-06T13:47:07.807+0000] {processor.py:161} INFO - Started process (PID=1417) to work on /home/airflow/.local/lib/python3.11/site-packages/airflow/example_dags/example_setup_teardown_taskflow.py
[2024-03-06T13:47:07.810+0000] {processor.py:830} INFO - Processing file /home/airflow/.local/lib/python3.11/site-packages/airflow/example_dags/example_setup_teardown_taskflow.py for tasks to queue
[2024-03-06T13:47:07.812+0000] {logging_mixin.py:188} INFO - [2024-03-06T13:47:07.811+0000] {dagbag.py:540} INFO - Filling up the DagBag from /home/airflow/.local/lib/python3.11/site-packages/airflow/example_dags/example_setup_teardown_taskflow.py
[2024-03-06T13:47:07.828+0000] {processor.py:840} INFO - DAG(s) 'example_setup_teardown_taskflow' retrieved from /home/airflow/.local/lib/python3.11/site-packages/airflow/example_dags/example_setup_teardown_taskflow.py
[2024-03-06T13:47:07.864+0000] {logging_mixin.py:188} INFO - [2024-03-06T13:47:07.864+0000] {dag.py:3047} INFO - Sync 1 DAGs
[2024-03-06T13:47:07.892+0000] {logging_mixin.py:188} INFO - [2024-03-06T13:47:07.891+0000] {dag.py:3834} INFO - Setting next_dagrun for example_setup_teardown_taskflow to 2024-03-05 00:00:00+00:00, run_after=2024-03-06 00:00:00+00:00
[2024-03-06T13:47:07.917+0000] {processor.py:183} INFO - Processing /home/airflow/.local/lib/python3.11/site-packages/airflow/example_dags/example_setup_teardown_taskflow.py took 0.116 seconds
[2024-03-06T13:47:38.902+0000] {processor.py:161} INFO - Started process (PID=1666) to work on /home/airflow/.local/lib/python3.11/site-packages/airflow/example_dags/example_setup_teardown_taskflow.py
[2024-03-06T13:47:38.912+0000] {processor.py:830} INFO - Processing file /home/airflow/.local/lib/python3.11/site-packages/airflow/example_dags/example_setup_teardown_taskflow.py for tasks to queue
[2024-03-06T13:47:38.918+0000] {logging_mixin.py:188} INFO - [2024-03-06T13:47:38.916+0000] {dagbag.py:540} INFO - Filling up the DagBag from /home/airflow/.local/lib/python3.11/site-packages/airflow/example_dags/example_setup_teardown_taskflow.py
[2024-03-06T13:47:39.006+0000] {processor.py:840} INFO - DAG(s) 'example_setup_teardown_taskflow' retrieved from /home/airflow/.local/lib/python3.11/site-packages/airflow/example_dags/example_setup_teardown_taskflow.py
[2024-03-06T13:47:39.167+0000] {logging_mixin.py:188} INFO - [2024-03-06T13:47:39.167+0000] {dag.py:3047} INFO - Sync 1 DAGs
[2024-03-06T13:47:39.264+0000] {logging_mixin.py:188} INFO - [2024-03-06T13:47:39.264+0000] {dag.py:3834} INFO - Setting next_dagrun for example_setup_teardown_taskflow to 2024-03-05 00:00:00+00:00, run_after=2024-03-06 00:00:00+00:00
[2024-03-06T13:47:39.363+0000] {processor.py:183} INFO - Processing /home/airflow/.local/lib/python3.11/site-packages/airflow/example_dags/example_setup_teardown_taskflow.py took 0.467 seconds
[2024-03-06T13:48:09.614+0000] {processor.py:161} INFO - Started process (PID=1911) to work on /home/airflow/.local/lib/python3.11/site-packages/airflow/example_dags/example_setup_teardown_taskflow.py
[2024-03-06T13:48:09.615+0000] {processor.py:830} INFO - Processing file /home/airflow/.local/lib/python3.11/site-packages/airflow/example_dags/example_setup_teardown_taskflow.py for tasks to queue
[2024-03-06T13:48:09.616+0000] {logging_mixin.py:188} INFO - [2024-03-06T13:48:09.616+0000] {dagbag.py:540} INFO - Filling up the DagBag from /home/airflow/.local/lib/python3.11/site-packages/airflow/example_dags/example_setup_teardown_taskflow.py
[2024-03-06T13:48:09.628+0000] {processor.py:840} INFO - DAG(s) 'example_setup_teardown_taskflow' retrieved from /home/airflow/.local/lib/python3.11/site-packages/airflow/example_dags/example_setup_teardown_taskflow.py
[2024-03-06T13:48:09.653+0000] {logging_mixin.py:188} INFO - [2024-03-06T13:48:09.653+0000] {dag.py:3047} INFO - Sync 1 DAGs
[2024-03-06T13:48:09.677+0000] {logging_mixin.py:188} INFO - [2024-03-06T13:48:09.676+0000] {dag.py:3834} INFO - Setting next_dagrun for example_setup_teardown_taskflow to 2024-03-05 00:00:00+00:00, run_after=2024-03-06 00:00:00+00:00
[2024-03-06T13:48:09.716+0000] {processor.py:183} INFO - Processing /home/airflow/.local/lib/python3.11/site-packages/airflow/example_dags/example_setup_teardown_taskflow.py took 0.105 seconds
[2024-03-06T13:48:40.217+0000] {processor.py:161} INFO - Started process (PID=2157) to work on /home/airflow/.local/lib/python3.11/site-packages/airflow/example_dags/example_setup_teardown_taskflow.py
[2024-03-06T13:48:40.219+0000] {processor.py:830} INFO - Processing file /home/airflow/.local/lib/python3.11/site-packages/airflow/example_dags/example_setup_teardown_taskflow.py for tasks to queue
[2024-03-06T13:48:40.220+0000] {logging_mixin.py:188} INFO - [2024-03-06T13:48:40.220+0000] {dagbag.py:540} INFO - Filling up the DagBag from /home/airflow/.local/lib/python3.11/site-packages/airflow/example_dags/example_setup_teardown_taskflow.py
[2024-03-06T13:48:40.244+0000] {processor.py:840} INFO - DAG(s) 'example_setup_teardown_taskflow' retrieved from /home/airflow/.local/lib/python3.11/site-packages/airflow/example_dags/example_setup_teardown_taskflow.py
[2024-03-06T13:48:40.275+0000] {logging_mixin.py:188} INFO - [2024-03-06T13:48:40.274+0000] {dag.py:3047} INFO - Sync 1 DAGs
[2024-03-06T13:48:40.317+0000] {logging_mixin.py:188} INFO - [2024-03-06T13:48:40.317+0000] {dag.py:3834} INFO - Setting next_dagrun for example_setup_teardown_taskflow to 2024-03-05 00:00:00+00:00, run_after=2024-03-06 00:00:00+00:00
[2024-03-06T13:48:40.357+0000] {processor.py:183} INFO - Processing /home/airflow/.local/lib/python3.11/site-packages/airflow/example_dags/example_setup_teardown_taskflow.py took 0.143 seconds
[2024-03-06T13:49:10.456+0000] {processor.py:161} INFO - Started process (PID=2404) to work on /home/airflow/.local/lib/python3.11/site-packages/airflow/example_dags/example_setup_teardown_taskflow.py
[2024-03-06T13:49:10.458+0000] {processor.py:830} INFO - Processing file /home/airflow/.local/lib/python3.11/site-packages/airflow/example_dags/example_setup_teardown_taskflow.py for tasks to queue
[2024-03-06T13:49:10.461+0000] {logging_mixin.py:188} INFO - [2024-03-06T13:49:10.461+0000] {dagbag.py:540} INFO - Filling up the DagBag from /home/airflow/.local/lib/python3.11/site-packages/airflow/example_dags/example_setup_teardown_taskflow.py
[2024-03-06T13:49:10.473+0000] {processor.py:840} INFO - DAG(s) 'example_setup_teardown_taskflow' retrieved from /home/airflow/.local/lib/python3.11/site-packages/airflow/example_dags/example_setup_teardown_taskflow.py
[2024-03-06T13:49:10.494+0000] {logging_mixin.py:188} INFO - [2024-03-06T13:49:10.494+0000] {dag.py:3047} INFO - Sync 1 DAGs
[2024-03-06T13:49:10.514+0000] {logging_mixin.py:188} INFO - [2024-03-06T13:49:10.514+0000] {dag.py:3834} INFO - Setting next_dagrun for example_setup_teardown_taskflow to 2024-03-05 00:00:00+00:00, run_after=2024-03-06 00:00:00+00:00
[2024-03-06T13:49:10.537+0000] {processor.py:183} INFO - Processing /home/airflow/.local/lib/python3.11/site-packages/airflow/example_dags/example_setup_teardown_taskflow.py took 0.085 seconds
[2024-03-06T13:49:40.691+0000] {processor.py:161} INFO - Started process (PID=2651) to work on /home/airflow/.local/lib/python3.11/site-packages/airflow/example_dags/example_setup_teardown_taskflow.py
[2024-03-06T13:49:40.693+0000] {processor.py:830} INFO - Processing file /home/airflow/.local/lib/python3.11/site-packages/airflow/example_dags/example_setup_teardown_taskflow.py for tasks to queue
[2024-03-06T13:49:40.694+0000] {logging_mixin.py:188} INFO - [2024-03-06T13:49:40.694+0000] {dagbag.py:540} INFO - Filling up the DagBag from /home/airflow/.local/lib/python3.11/site-packages/airflow/example_dags/example_setup_teardown_taskflow.py
[2024-03-06T13:49:40.705+0000] {processor.py:840} INFO - DAG(s) 'example_setup_teardown_taskflow' retrieved from /home/airflow/.local/lib/python3.11/site-packages/airflow/example_dags/example_setup_teardown_taskflow.py
[2024-03-06T13:49:40.726+0000] {logging_mixin.py:188} INFO - [2024-03-06T13:49:40.725+0000] {dag.py:3047} INFO - Sync 1 DAGs
[2024-03-06T13:49:40.747+0000] {logging_mixin.py:188} INFO - [2024-03-06T13:49:40.747+0000] {dag.py:3834} INFO - Setting next_dagrun for example_setup_teardown_taskflow to 2024-03-05 00:00:00+00:00, run_after=2024-03-06 00:00:00+00:00
[2024-03-06T13:49:40.769+0000] {processor.py:183} INFO - Processing /home/airflow/.local/lib/python3.11/site-packages/airflow/example_dags/example_setup_teardown_taskflow.py took 0.082 seconds
[2024-03-06T13:50:11.566+0000] {processor.py:161} INFO - Started process (PID=2898) to work on /home/airflow/.local/lib/python3.11/site-packages/airflow/example_dags/example_setup_teardown_taskflow.py
[2024-03-06T13:50:11.567+0000] {processor.py:830} INFO - Processing file /home/airflow/.local/lib/python3.11/site-packages/airflow/example_dags/example_setup_teardown_taskflow.py for tasks to queue
[2024-03-06T13:50:11.568+0000] {logging_mixin.py:188} INFO - [2024-03-06T13:50:11.567+0000] {dagbag.py:540} INFO - Filling up the DagBag from /home/airflow/.local/lib/python3.11/site-packages/airflow/example_dags/example_setup_teardown_taskflow.py
[2024-03-06T13:50:11.577+0000] {processor.py:840} INFO - DAG(s) 'example_setup_teardown_taskflow' retrieved from /home/airflow/.local/lib/python3.11/site-packages/airflow/example_dags/example_setup_teardown_taskflow.py
[2024-03-06T13:50:11.596+0000] {logging_mixin.py:188} INFO - [2024-03-06T13:50:11.596+0000] {dag.py:3047} INFO - Sync 1 DAGs
[2024-03-06T13:50:11.617+0000] {logging_mixin.py:188} INFO - [2024-03-06T13:50:11.616+0000] {dag.py:3834} INFO - Setting next_dagrun for example_setup_teardown_taskflow to 2024-03-05 00:00:00+00:00, run_after=2024-03-06 00:00:00+00:00
[2024-03-06T13:50:11.635+0000] {processor.py:183} INFO - Processing /home/airflow/.local/lib/python3.11/site-packages/airflow/example_dags/example_setup_teardown_taskflow.py took 0.072 seconds
[2024-03-06T13:50:42.322+0000] {processor.py:161} INFO - Started process (PID=3145) to work on /home/airflow/.local/lib/python3.11/site-packages/airflow/example_dags/example_setup_teardown_taskflow.py
[2024-03-06T13:50:42.323+0000] {processor.py:830} INFO - Processing file /home/airflow/.local/lib/python3.11/site-packages/airflow/example_dags/example_setup_teardown_taskflow.py for tasks to queue
[2024-03-06T13:50:42.324+0000] {logging_mixin.py:188} INFO - [2024-03-06T13:50:42.324+0000] {dagbag.py:540} INFO - Filling up the DagBag from /home/airflow/.local/lib/python3.11/site-packages/airflow/example_dags/example_setup_teardown_taskflow.py
[2024-03-06T13:50:42.334+0000] {processor.py:840} INFO - DAG(s) 'example_setup_teardown_taskflow' retrieved from /home/airflow/.local/lib/python3.11/site-packages/airflow/example_dags/example_setup_teardown_taskflow.py
[2024-03-06T13:50:42.354+0000] {logging_mixin.py:188} INFO - [2024-03-06T13:50:42.353+0000] {dag.py:3047} INFO - Sync 1 DAGs
[2024-03-06T13:50:42.372+0000] {logging_mixin.py:188} INFO - [2024-03-06T13:50:42.372+0000] {dag.py:3834} INFO - Setting next_dagrun for example_setup_teardown_taskflow to 2024-03-05 00:00:00+00:00, run_after=2024-03-06 00:00:00+00:00
[2024-03-06T13:50:42.389+0000] {processor.py:183} INFO - Processing /home/airflow/.local/lib/python3.11/site-packages/airflow/example_dags/example_setup_teardown_taskflow.py took 0.070 seconds
[2024-03-06T13:51:12.778+0000] {processor.py:161} INFO - Started process (PID=3392) to work on /home/airflow/.local/lib/python3.11/site-packages/airflow/example_dags/example_setup_teardown_taskflow.py
[2024-03-06T13:51:12.779+0000] {processor.py:830} INFO - Processing file /home/airflow/.local/lib/python3.11/site-packages/airflow/example_dags/example_setup_teardown_taskflow.py for tasks to queue
[2024-03-06T13:51:12.780+0000] {logging_mixin.py:188} INFO - [2024-03-06T13:51:12.780+0000] {dagbag.py:540} INFO - Filling up the DagBag from /home/airflow/.local/lib/python3.11/site-packages/airflow/example_dags/example_setup_teardown_taskflow.py
[2024-03-06T13:51:12.793+0000] {processor.py:840} INFO - DAG(s) 'example_setup_teardown_taskflow' retrieved from /home/airflow/.local/lib/python3.11/site-packages/airflow/example_dags/example_setup_teardown_taskflow.py
[2024-03-06T13:51:12.812+0000] {logging_mixin.py:188} INFO - [2024-03-06T13:51:12.812+0000] {dag.py:3047} INFO - Sync 1 DAGs
[2024-03-06T13:51:12.831+0000] {logging_mixin.py:188} INFO - [2024-03-06T13:51:12.831+0000] {dag.py:3834} INFO - Setting next_dagrun for example_setup_teardown_taskflow to 2024-03-05 00:00:00+00:00, run_after=2024-03-06 00:00:00+00:00
[2024-03-06T13:51:12.849+0000] {processor.py:183} INFO - Processing /home/airflow/.local/lib/python3.11/site-packages/airflow/example_dags/example_setup_teardown_taskflow.py took 0.074 seconds
[2024-03-06T13:51:43.225+0000] {processor.py:161} INFO - Started process (PID=3639) to work on /home/airflow/.local/lib/python3.11/site-packages/airflow/example_dags/example_setup_teardown_taskflow.py
[2024-03-06T13:51:43.226+0000] {processor.py:830} INFO - Processing file /home/airflow/.local/lib/python3.11/site-packages/airflow/example_dags/example_setup_teardown_taskflow.py for tasks to queue
[2024-03-06T13:51:43.227+0000] {logging_mixin.py:188} INFO - [2024-03-06T13:51:43.227+0000] {dagbag.py:540} INFO - Filling up the DagBag from /home/airflow/.local/lib/python3.11/site-packages/airflow/example_dags/example_setup_teardown_taskflow.py
[2024-03-06T13:51:43.237+0000] {processor.py:840} INFO - DAG(s) 'example_setup_teardown_taskflow' retrieved from /home/airflow/.local/lib/python3.11/site-packages/airflow/example_dags/example_setup_teardown_taskflow.py
[2024-03-06T13:51:43.255+0000] {logging_mixin.py:188} INFO - [2024-03-06T13:51:43.255+0000] {dag.py:3047} INFO - Sync 1 DAGs
[2024-03-06T13:51:43.278+0000] {logging_mixin.py:188} INFO - [2024-03-06T13:51:43.278+0000] {dag.py:3834} INFO - Setting next_dagrun for example_setup_teardown_taskflow to 2024-03-05 00:00:00+00:00, run_after=2024-03-06 00:00:00+00:00
[2024-03-06T13:51:43.311+0000] {processor.py:183} INFO - Processing /home/airflow/.local/lib/python3.11/site-packages/airflow/example_dags/example_setup_teardown_taskflow.py took 0.088 seconds
[2024-03-06T13:52:13.714+0000] {processor.py:161} INFO - Started process (PID=3886) to work on /home/airflow/.local/lib/python3.11/site-packages/airflow/example_dags/example_setup_teardown_taskflow.py
[2024-03-06T13:52:13.715+0000] {processor.py:830} INFO - Processing file /home/airflow/.local/lib/python3.11/site-packages/airflow/example_dags/example_setup_teardown_taskflow.py for tasks to queue
[2024-03-06T13:52:13.716+0000] {logging_mixin.py:188} INFO - [2024-03-06T13:52:13.716+0000] {dagbag.py:540} INFO - Filling up the DagBag from /home/airflow/.local/lib/python3.11/site-packages/airflow/example_dags/example_setup_teardown_taskflow.py
[2024-03-06T13:52:13.728+0000] {processor.py:840} INFO - DAG(s) 'example_setup_teardown_taskflow' retrieved from /home/airflow/.local/lib/python3.11/site-packages/airflow/example_dags/example_setup_teardown_taskflow.py
[2024-03-06T13:52:13.751+0000] {logging_mixin.py:188} INFO - [2024-03-06T13:52:13.751+0000] {dag.py:3047} INFO - Sync 1 DAGs
[2024-03-06T13:52:13.775+0000] {logging_mixin.py:188} INFO - [2024-03-06T13:52:13.775+0000] {dag.py:3834} INFO - Setting next_dagrun for example_setup_teardown_taskflow to 2024-03-05 00:00:00+00:00, run_after=2024-03-06 00:00:00+00:00
[2024-03-06T13:52:13.795+0000] {processor.py:183} INFO - Processing /home/airflow/.local/lib/python3.11/site-packages/airflow/example_dags/example_setup_teardown_taskflow.py took 0.085 seconds
[2024-03-06T13:52:44.237+0000] {processor.py:161} INFO - Started process (PID=4133) to work on /home/airflow/.local/lib/python3.11/site-packages/airflow/example_dags/example_setup_teardown_taskflow.py
[2024-03-06T13:52:44.240+0000] {processor.py:830} INFO - Processing file /home/airflow/.local/lib/python3.11/site-packages/airflow/example_dags/example_setup_teardown_taskflow.py for tasks to queue
[2024-03-06T13:52:44.241+0000] {logging_mixin.py:188} INFO - [2024-03-06T13:52:44.241+0000] {dagbag.py:540} INFO - Filling up the DagBag from /home/airflow/.local/lib/python3.11/site-packages/airflow/example_dags/example_setup_teardown_taskflow.py
[2024-03-06T13:52:44.252+0000] {processor.py:840} INFO - DAG(s) 'example_setup_teardown_taskflow' retrieved from /home/airflow/.local/lib/python3.11/site-packages/airflow/example_dags/example_setup_teardown_taskflow.py
[2024-03-06T13:52:44.272+0000] {logging_mixin.py:188} INFO - [2024-03-06T13:52:44.272+0000] {dag.py:3047} INFO - Sync 1 DAGs
[2024-03-06T13:52:44.296+0000] {logging_mixin.py:188} INFO - [2024-03-06T13:52:44.295+0000] {dag.py:3834} INFO - Setting next_dagrun for example_setup_teardown_taskflow to 2024-03-05 00:00:00+00:00, run_after=2024-03-06 00:00:00+00:00
[2024-03-06T13:52:44.311+0000] {processor.py:183} INFO - Processing /home/airflow/.local/lib/python3.11/site-packages/airflow/example_dags/example_setup_teardown_taskflow.py took 0.077 seconds
[2024-03-06T13:53:15.091+0000] {processor.py:161} INFO - Started process (PID=4379) to work on /home/airflow/.local/lib/python3.11/site-packages/airflow/example_dags/example_setup_teardown_taskflow.py
[2024-03-06T13:53:15.092+0000] {processor.py:830} INFO - Processing file /home/airflow/.local/lib/python3.11/site-packages/airflow/example_dags/example_setup_teardown_taskflow.py for tasks to queue
[2024-03-06T13:53:15.093+0000] {logging_mixin.py:188} INFO - [2024-03-06T13:53:15.093+0000] {dagbag.py:540} INFO - Filling up the DagBag from /home/airflow/.local/lib/python3.11/site-packages/airflow/example_dags/example_setup_teardown_taskflow.py
[2024-03-06T13:53:15.104+0000] {processor.py:840} INFO - DAG(s) 'example_setup_teardown_taskflow' retrieved from /home/airflow/.local/lib/python3.11/site-packages/airflow/example_dags/example_setup_teardown_taskflow.py
[2024-03-06T13:53:15.123+0000] {logging_mixin.py:188} INFO - [2024-03-06T13:53:15.123+0000] {dag.py:3047} INFO - Sync 1 DAGs
[2024-03-06T13:53:15.147+0000] {logging_mixin.py:188} INFO - [2024-03-06T13:53:15.147+0000] {dag.py:3834} INFO - Setting next_dagrun for example_setup_teardown_taskflow to 2024-03-05 00:00:00+00:00, run_after=2024-03-06 00:00:00+00:00
[2024-03-06T13:53:15.173+0000] {processor.py:183} INFO - Processing /home/airflow/.local/lib/python3.11/site-packages/airflow/example_dags/example_setup_teardown_taskflow.py took 0.085 seconds
[2024-03-06T13:53:45.662+0000] {processor.py:161} INFO - Started process (PID=4626) to work on /home/airflow/.local/lib/python3.11/site-packages/airflow/example_dags/example_setup_teardown_taskflow.py
[2024-03-06T13:53:45.663+0000] {processor.py:830} INFO - Processing file /home/airflow/.local/lib/python3.11/site-packages/airflow/example_dags/example_setup_teardown_taskflow.py for tasks to queue
[2024-03-06T13:53:45.664+0000] {logging_mixin.py:188} INFO - [2024-03-06T13:53:45.664+0000] {dagbag.py:540} INFO - Filling up the DagBag from /home/airflow/.local/lib/python3.11/site-packages/airflow/example_dags/example_setup_teardown_taskflow.py
[2024-03-06T13:53:45.675+0000] {processor.py:840} INFO - DAG(s) 'example_setup_teardown_taskflow' retrieved from /home/airflow/.local/lib/python3.11/site-packages/airflow/example_dags/example_setup_teardown_taskflow.py
[2024-03-06T13:53:45.694+0000] {logging_mixin.py:188} INFO - [2024-03-06T13:53:45.693+0000] {dag.py:3047} INFO - Sync 1 DAGs
[2024-03-06T13:53:45.713+0000] {logging_mixin.py:188} INFO - [2024-03-06T13:53:45.712+0000] {dag.py:3834} INFO - Setting next_dagrun for example_setup_teardown_taskflow to 2024-03-05 00:00:00+00:00, run_after=2024-03-06 00:00:00+00:00
[2024-03-06T13:53:45.730+0000] {processor.py:183} INFO - Processing /home/airflow/.local/lib/python3.11/site-packages/airflow/example_dags/example_setup_teardown_taskflow.py took 0.072 seconds
[2024-03-06T13:54:15.887+0000] {processor.py:161} INFO - Started process (PID=4873) to work on /home/airflow/.local/lib/python3.11/site-packages/airflow/example_dags/example_setup_teardown_taskflow.py
[2024-03-06T13:54:15.888+0000] {processor.py:830} INFO - Processing file /home/airflow/.local/lib/python3.11/site-packages/airflow/example_dags/example_setup_teardown_taskflow.py for tasks to queue
[2024-03-06T13:54:15.889+0000] {logging_mixin.py:188} INFO - [2024-03-06T13:54:15.888+0000] {dagbag.py:540} INFO - Filling up the DagBag from /home/airflow/.local/lib/python3.11/site-packages/airflow/example_dags/example_setup_teardown_taskflow.py
[2024-03-06T13:54:15.901+0000] {processor.py:840} INFO - DAG(s) 'example_setup_teardown_taskflow' retrieved from /home/airflow/.local/lib/python3.11/site-packages/airflow/example_dags/example_setup_teardown_taskflow.py
[2024-03-06T13:54:15.919+0000] {logging_mixin.py:188} INFO - [2024-03-06T13:54:15.919+0000] {dag.py:3047} INFO - Sync 1 DAGs
[2024-03-06T13:54:15.936+0000] {logging_mixin.py:188} INFO - [2024-03-06T13:54:15.936+0000] {dag.py:3834} INFO - Setting next_dagrun for example_setup_teardown_taskflow to 2024-03-05 00:00:00+00:00, run_after=2024-03-06 00:00:00+00:00
[2024-03-06T13:54:15.952+0000] {processor.py:183} INFO - Processing /home/airflow/.local/lib/python3.11/site-packages/airflow/example_dags/example_setup_teardown_taskflow.py took 0.070 seconds
[2024-03-06T13:54:46.328+0000] {processor.py:161} INFO - Started process (PID=5120) to work on /home/airflow/.local/lib/python3.11/site-packages/airflow/example_dags/example_setup_teardown_taskflow.py
[2024-03-06T13:54:46.329+0000] {processor.py:830} INFO - Processing file /home/airflow/.local/lib/python3.11/site-packages/airflow/example_dags/example_setup_teardown_taskflow.py for tasks to queue
[2024-03-06T13:54:46.330+0000] {logging_mixin.py:188} INFO - [2024-03-06T13:54:46.330+0000] {dagbag.py:540} INFO - Filling up the DagBag from /home/airflow/.local/lib/python3.11/site-packages/airflow/example_dags/example_setup_teardown_taskflow.py
[2024-03-06T13:54:46.340+0000] {processor.py:840} INFO - DAG(s) 'example_setup_teardown_taskflow' retrieved from /home/airflow/.local/lib/python3.11/site-packages/airflow/example_dags/example_setup_teardown_taskflow.py
[2024-03-06T13:54:46.362+0000] {logging_mixin.py:188} INFO - [2024-03-06T13:54:46.361+0000] {dag.py:3047} INFO - Sync 1 DAGs
[2024-03-06T13:54:46.380+0000] {logging_mixin.py:188} INFO - [2024-03-06T13:54:46.380+0000] {dag.py:3834} INFO - Setting next_dagrun for example_setup_teardown_taskflow to 2024-03-05 00:00:00+00:00, run_after=2024-03-06 00:00:00+00:00
[2024-03-06T13:54:46.398+0000] {processor.py:183} INFO - Processing /home/airflow/.local/lib/python3.11/site-packages/airflow/example_dags/example_setup_teardown_taskflow.py took 0.073 seconds
[2024-03-06T13:55:17.281+0000] {processor.py:161} INFO - Started process (PID=5367) to work on /home/airflow/.local/lib/python3.11/site-packages/airflow/example_dags/example_setup_teardown_taskflow.py
[2024-03-06T13:55:17.283+0000] {processor.py:830} INFO - Processing file /home/airflow/.local/lib/python3.11/site-packages/airflow/example_dags/example_setup_teardown_taskflow.py for tasks to queue
[2024-03-06T13:55:17.286+0000] {logging_mixin.py:188} INFO - [2024-03-06T13:55:17.285+0000] {dagbag.py:540} INFO - Filling up the DagBag from /home/airflow/.local/lib/python3.11/site-packages/airflow/example_dags/example_setup_teardown_taskflow.py
[2024-03-06T13:55:17.317+0000] {processor.py:840} INFO - DAG(s) 'example_setup_teardown_taskflow' retrieved from /home/airflow/.local/lib/python3.11/site-packages/airflow/example_dags/example_setup_teardown_taskflow.py
[2024-03-06T13:55:17.370+0000] {logging_mixin.py:188} INFO - [2024-03-06T13:55:17.369+0000] {dag.py:3047} INFO - Sync 1 DAGs
[2024-03-06T13:55:17.419+0000] {logging_mixin.py:188} INFO - [2024-03-06T13:55:17.419+0000] {dag.py:3834} INFO - Setting next_dagrun for example_setup_teardown_taskflow to 2024-03-05 00:00:00+00:00, run_after=2024-03-06 00:00:00+00:00
[2024-03-06T13:55:17.467+0000] {processor.py:183} INFO - Processing /home/airflow/.local/lib/python3.11/site-packages/airflow/example_dags/example_setup_teardown_taskflow.py took 0.200 seconds
[2024-03-06T13:55:47.635+0000] {processor.py:161} INFO - Started process (PID=5616) to work on /home/airflow/.local/lib/python3.11/site-packages/airflow/example_dags/example_setup_teardown_taskflow.py
[2024-03-06T13:55:47.636+0000] {processor.py:830} INFO - Processing file /home/airflow/.local/lib/python3.11/site-packages/airflow/example_dags/example_setup_teardown_taskflow.py for tasks to queue
[2024-03-06T13:55:47.637+0000] {logging_mixin.py:188} INFO - [2024-03-06T13:55:47.637+0000] {dagbag.py:540} INFO - Filling up the DagBag from /home/airflow/.local/lib/python3.11/site-packages/airflow/example_dags/example_setup_teardown_taskflow.py
[2024-03-06T13:55:47.656+0000] {processor.py:840} INFO - DAG(s) 'example_setup_teardown_taskflow' retrieved from /home/airflow/.local/lib/python3.11/site-packages/airflow/example_dags/example_setup_teardown_taskflow.py
[2024-03-06T13:55:47.696+0000] {logging_mixin.py:188} INFO - [2024-03-06T13:55:47.696+0000] {dag.py:3047} INFO - Sync 1 DAGs
[2024-03-06T13:55:47.743+0000] {logging_mixin.py:188} INFO - [2024-03-06T13:55:47.742+0000] {dag.py:3834} INFO - Setting next_dagrun for example_setup_teardown_taskflow to 2024-03-05 00:00:00+00:00, run_after=2024-03-06 00:00:00+00:00
[2024-03-06T13:55:47.792+0000] {processor.py:183} INFO - Processing /home/airflow/.local/lib/python3.11/site-packages/airflow/example_dags/example_setup_teardown_taskflow.py took 0.161 seconds
[2024-03-06T13:56:18.034+0000] {processor.py:161} INFO - Started process (PID=5860) to work on /home/airflow/.local/lib/python3.11/site-packages/airflow/example_dags/example_setup_teardown_taskflow.py
[2024-03-06T13:56:18.036+0000] {processor.py:830} INFO - Processing file /home/airflow/.local/lib/python3.11/site-packages/airflow/example_dags/example_setup_teardown_taskflow.py for tasks to queue
[2024-03-06T13:56:18.038+0000] {logging_mixin.py:188} INFO - [2024-03-06T13:56:18.037+0000] {dagbag.py:540} INFO - Filling up the DagBag from /home/airflow/.local/lib/python3.11/site-packages/airflow/example_dags/example_setup_teardown_taskflow.py
[2024-03-06T13:56:18.053+0000] {processor.py:840} INFO - DAG(s) 'example_setup_teardown_taskflow' retrieved from /home/airflow/.local/lib/python3.11/site-packages/airflow/example_dags/example_setup_teardown_taskflow.py
[2024-03-06T13:56:18.077+0000] {logging_mixin.py:188} INFO - [2024-03-06T13:56:18.077+0000] {dag.py:3047} INFO - Sync 1 DAGs
[2024-03-06T13:56:18.100+0000] {logging_mixin.py:188} INFO - [2024-03-06T13:56:18.100+0000] {dag.py:3834} INFO - Setting next_dagrun for example_setup_teardown_taskflow to 2024-03-05 00:00:00+00:00, run_after=2024-03-06 00:00:00+00:00
[2024-03-06T13:56:18.125+0000] {processor.py:183} INFO - Processing /home/airflow/.local/lib/python3.11/site-packages/airflow/example_dags/example_setup_teardown_taskflow.py took 0.100 seconds
[2024-03-06T13:56:48.519+0000] {processor.py:161} INFO - Started process (PID=6106) to work on /home/airflow/.local/lib/python3.11/site-packages/airflow/example_dags/example_setup_teardown_taskflow.py
[2024-03-06T13:56:48.521+0000] {processor.py:830} INFO - Processing file /home/airflow/.local/lib/python3.11/site-packages/airflow/example_dags/example_setup_teardown_taskflow.py for tasks to queue
[2024-03-06T13:56:48.523+0000] {logging_mixin.py:188} INFO - [2024-03-06T13:56:48.523+0000] {dagbag.py:540} INFO - Filling up the DagBag from /home/airflow/.local/lib/python3.11/site-packages/airflow/example_dags/example_setup_teardown_taskflow.py
[2024-03-06T13:56:48.535+0000] {processor.py:840} INFO - DAG(s) 'example_setup_teardown_taskflow' retrieved from /home/airflow/.local/lib/python3.11/site-packages/airflow/example_dags/example_setup_teardown_taskflow.py
[2024-03-06T13:56:48.561+0000] {logging_mixin.py:188} INFO - [2024-03-06T13:56:48.560+0000] {dag.py:3047} INFO - Sync 1 DAGs
[2024-03-06T13:56:48.588+0000] {logging_mixin.py:188} INFO - [2024-03-06T13:56:48.588+0000] {dag.py:3834} INFO - Setting next_dagrun for example_setup_teardown_taskflow to 2024-03-05 00:00:00+00:00, run_after=2024-03-06 00:00:00+00:00
[2024-03-06T13:56:48.616+0000] {processor.py:183} INFO - Processing /home/airflow/.local/lib/python3.11/site-packages/airflow/example_dags/example_setup_teardown_taskflow.py took 0.107 seconds
[2024-03-06T13:57:18.724+0000] {processor.py:161} INFO - Started process (PID=6353) to work on /home/airflow/.local/lib/python3.11/site-packages/airflow/example_dags/example_setup_teardown_taskflow.py
[2024-03-06T13:57:18.728+0000] {processor.py:830} INFO - Processing file /home/airflow/.local/lib/python3.11/site-packages/airflow/example_dags/example_setup_teardown_taskflow.py for tasks to queue
[2024-03-06T13:57:18.731+0000] {logging_mixin.py:188} INFO - [2024-03-06T13:57:18.730+0000] {dagbag.py:540} INFO - Filling up the DagBag from /home/airflow/.local/lib/python3.11/site-packages/airflow/example_dags/example_setup_teardown_taskflow.py
[2024-03-06T13:57:18.750+0000] {processor.py:840} INFO - DAG(s) 'example_setup_teardown_taskflow' retrieved from /home/airflow/.local/lib/python3.11/site-packages/airflow/example_dags/example_setup_teardown_taskflow.py
[2024-03-06T13:57:18.784+0000] {logging_mixin.py:188} INFO - [2024-03-06T13:57:18.784+0000] {dag.py:3047} INFO - Sync 1 DAGs
[2024-03-06T13:57:18.816+0000] {logging_mixin.py:188} INFO - [2024-03-06T13:57:18.815+0000] {dag.py:3834} INFO - Setting next_dagrun for example_setup_teardown_taskflow to 2024-03-05 00:00:00+00:00, run_after=2024-03-06 00:00:00+00:00
[2024-03-06T13:57:18.845+0000] {processor.py:183} INFO - Processing /home/airflow/.local/lib/python3.11/site-packages/airflow/example_dags/example_setup_teardown_taskflow.py took 0.130 seconds
[2024-03-06T13:57:49.028+0000] {processor.py:161} INFO - Started process (PID=6600) to work on /home/airflow/.local/lib/python3.11/site-packages/airflow/example_dags/example_setup_teardown_taskflow.py
[2024-03-06T13:57:49.030+0000] {processor.py:830} INFO - Processing file /home/airflow/.local/lib/python3.11/site-packages/airflow/example_dags/example_setup_teardown_taskflow.py for tasks to queue
[2024-03-06T13:57:49.032+0000] {logging_mixin.py:188} INFO - [2024-03-06T13:57:49.031+0000] {dagbag.py:540} INFO - Filling up the DagBag from /home/airflow/.local/lib/python3.11/site-packages/airflow/example_dags/example_setup_teardown_taskflow.py
[2024-03-06T13:57:49.043+0000] {processor.py:840} INFO - DAG(s) 'example_setup_teardown_taskflow' retrieved from /home/airflow/.local/lib/python3.11/site-packages/airflow/example_dags/example_setup_teardown_taskflow.py
[2024-03-06T13:57:49.066+0000] {logging_mixin.py:188} INFO - [2024-03-06T13:57:49.065+0000] {dag.py:3047} INFO - Sync 1 DAGs
[2024-03-06T13:57:49.089+0000] {logging_mixin.py:188} INFO - [2024-03-06T13:57:49.089+0000] {dag.py:3834} INFO - Setting next_dagrun for example_setup_teardown_taskflow to 2024-03-05 00:00:00+00:00, run_after=2024-03-06 00:00:00+00:00
[2024-03-06T13:57:49.109+0000] {processor.py:183} INFO - Processing /home/airflow/.local/lib/python3.11/site-packages/airflow/example_dags/example_setup_teardown_taskflow.py took 0.086 seconds
[2024-03-06T13:58:19.934+0000] {processor.py:161} INFO - Started process (PID=6846) to work on /home/airflow/.local/lib/python3.11/site-packages/airflow/example_dags/example_setup_teardown_taskflow.py
[2024-03-06T13:58:19.936+0000] {processor.py:830} INFO - Processing file /home/airflow/.local/lib/python3.11/site-packages/airflow/example_dags/example_setup_teardown_taskflow.py for tasks to queue
[2024-03-06T13:58:19.938+0000] {logging_mixin.py:188} INFO - [2024-03-06T13:58:19.937+0000] {dagbag.py:540} INFO - Filling up the DagBag from /home/airflow/.local/lib/python3.11/site-packages/airflow/example_dags/example_setup_teardown_taskflow.py
[2024-03-06T13:58:19.953+0000] {processor.py:840} INFO - DAG(s) 'example_setup_teardown_taskflow' retrieved from /home/airflow/.local/lib/python3.11/site-packages/airflow/example_dags/example_setup_teardown_taskflow.py
[2024-03-06T13:58:19.984+0000] {logging_mixin.py:188} INFO - [2024-03-06T13:58:19.984+0000] {dag.py:3047} INFO - Sync 1 DAGs
[2024-03-06T13:58:20.013+0000] {logging_mixin.py:188} INFO - [2024-03-06T13:58:20.013+0000] {dag.py:3834} INFO - Setting next_dagrun for example_setup_teardown_taskflow to 2024-03-05 00:00:00+00:00, run_after=2024-03-06 00:00:00+00:00
[2024-03-06T13:58:20.039+0000] {processor.py:183} INFO - Processing /home/airflow/.local/lib/python3.11/site-packages/airflow/example_dags/example_setup_teardown_taskflow.py took 0.107 seconds
[2024-03-06T13:58:50.938+0000] {processor.py:161} INFO - Started process (PID=7092) to work on /home/airflow/.local/lib/python3.11/site-packages/airflow/example_dags/example_setup_teardown_taskflow.py
[2024-03-06T13:58:50.942+0000] {processor.py:830} INFO - Processing file /home/airflow/.local/lib/python3.11/site-packages/airflow/example_dags/example_setup_teardown_taskflow.py for tasks to queue
[2024-03-06T13:58:50.967+0000] {logging_mixin.py:188} INFO - [2024-03-06T13:58:50.966+0000] {dagbag.py:540} INFO - Filling up the DagBag from /home/airflow/.local/lib/python3.11/site-packages/airflow/example_dags/example_setup_teardown_taskflow.py
[2024-03-06T13:58:51.014+0000] {processor.py:840} INFO - DAG(s) 'example_setup_teardown_taskflow' retrieved from /home/airflow/.local/lib/python3.11/site-packages/airflow/example_dags/example_setup_teardown_taskflow.py
[2024-03-06T13:58:51.115+0000] {logging_mixin.py:188} INFO - [2024-03-06T13:58:51.115+0000] {dag.py:3047} INFO - Sync 1 DAGs
[2024-03-06T13:58:51.185+0000] {logging_mixin.py:188} INFO - [2024-03-06T13:58:51.184+0000] {dag.py:3834} INFO - Setting next_dagrun for example_setup_teardown_taskflow to 2024-03-05 00:00:00+00:00, run_after=2024-03-06 00:00:00+00:00
[2024-03-06T13:58:51.290+0000] {processor.py:183} INFO - Processing /home/airflow/.local/lib/python3.11/site-packages/airflow/example_dags/example_setup_teardown_taskflow.py took 0.350 seconds
[2024-03-06T13:59:21.456+0000] {processor.py:161} INFO - Started process (PID=7339) to work on /home/airflow/.local/lib/python3.11/site-packages/airflow/example_dags/example_setup_teardown_taskflow.py
[2024-03-06T13:59:21.457+0000] {processor.py:830} INFO - Processing file /home/airflow/.local/lib/python3.11/site-packages/airflow/example_dags/example_setup_teardown_taskflow.py for tasks to queue
[2024-03-06T13:59:21.462+0000] {logging_mixin.py:188} INFO - [2024-03-06T13:59:21.461+0000] {dagbag.py:540} INFO - Filling up the DagBag from /home/airflow/.local/lib/python3.11/site-packages/airflow/example_dags/example_setup_teardown_taskflow.py
[2024-03-06T13:59:21.479+0000] {processor.py:840} INFO - DAG(s) 'example_setup_teardown_taskflow' retrieved from /home/airflow/.local/lib/python3.11/site-packages/airflow/example_dags/example_setup_teardown_taskflow.py
[2024-03-06T13:59:21.525+0000] {logging_mixin.py:188} INFO - [2024-03-06T13:59:21.524+0000] {dag.py:3047} INFO - Sync 1 DAGs
[2024-03-06T13:59:21.565+0000] {logging_mixin.py:188} INFO - [2024-03-06T13:59:21.564+0000] {dag.py:3834} INFO - Setting next_dagrun for example_setup_teardown_taskflow to 2024-03-05 00:00:00+00:00, run_after=2024-03-06 00:00:00+00:00
[2024-03-06T13:59:21.596+0000] {processor.py:183} INFO - Processing /home/airflow/.local/lib/python3.11/site-packages/airflow/example_dags/example_setup_teardown_taskflow.py took 0.145 seconds
[2024-03-06T13:59:51.712+0000] {processor.py:161} INFO - Started process (PID=7585) to work on /home/airflow/.local/lib/python3.11/site-packages/airflow/example_dags/example_setup_teardown_taskflow.py
[2024-03-06T13:59:51.716+0000] {processor.py:830} INFO - Processing file /home/airflow/.local/lib/python3.11/site-packages/airflow/example_dags/example_setup_teardown_taskflow.py for tasks to queue
[2024-03-06T13:59:51.719+0000] {logging_mixin.py:188} INFO - [2024-03-06T13:59:51.719+0000] {dagbag.py:540} INFO - Filling up the DagBag from /home/airflow/.local/lib/python3.11/site-packages/airflow/example_dags/example_setup_teardown_taskflow.py
[2024-03-06T13:59:51.742+0000] {processor.py:840} INFO - DAG(s) 'example_setup_teardown_taskflow' retrieved from /home/airflow/.local/lib/python3.11/site-packages/airflow/example_dags/example_setup_teardown_taskflow.py
[2024-03-06T13:59:51.777+0000] {logging_mixin.py:188} INFO - [2024-03-06T13:59:51.777+0000] {dag.py:3047} INFO - Sync 1 DAGs
[2024-03-06T13:59:51.812+0000] {logging_mixin.py:188} INFO - [2024-03-06T13:59:51.811+0000] {dag.py:3834} INFO - Setting next_dagrun for example_setup_teardown_taskflow to 2024-03-05 00:00:00+00:00, run_after=2024-03-06 00:00:00+00:00
[2024-03-06T13:59:51.850+0000] {processor.py:183} INFO - Processing /home/airflow/.local/lib/python3.11/site-packages/airflow/example_dags/example_setup_teardown_taskflow.py took 0.146 seconds
[2024-03-06T14:00:22.372+0000] {processor.py:161} INFO - Started process (PID=7832) to work on /home/airflow/.local/lib/python3.11/site-packages/airflow/example_dags/example_setup_teardown_taskflow.py
[2024-03-06T14:00:22.374+0000] {processor.py:830} INFO - Processing file /home/airflow/.local/lib/python3.11/site-packages/airflow/example_dags/example_setup_teardown_taskflow.py for tasks to queue
[2024-03-06T14:00:22.375+0000] {logging_mixin.py:188} INFO - [2024-03-06T14:00:22.375+0000] {dagbag.py:540} INFO - Filling up the DagBag from /home/airflow/.local/lib/python3.11/site-packages/airflow/example_dags/example_setup_teardown_taskflow.py
[2024-03-06T14:00:22.386+0000] {processor.py:840} INFO - DAG(s) 'example_setup_teardown_taskflow' retrieved from /home/airflow/.local/lib/python3.11/site-packages/airflow/example_dags/example_setup_teardown_taskflow.py
[2024-03-06T14:00:22.412+0000] {logging_mixin.py:188} INFO - [2024-03-06T14:00:22.412+0000] {dag.py:3047} INFO - Sync 1 DAGs
[2024-03-06T14:00:22.437+0000] {logging_mixin.py:188} INFO - [2024-03-06T14:00:22.437+0000] {dag.py:3834} INFO - Setting next_dagrun for example_setup_teardown_taskflow to 2024-03-05 00:00:00+00:00, run_after=2024-03-06 00:00:00+00:00
[2024-03-06T14:00:22.458+0000] {processor.py:183} INFO - Processing /home/airflow/.local/lib/python3.11/site-packages/airflow/example_dags/example_setup_teardown_taskflow.py took 0.090 seconds
[2024-03-06T14:00:52.626+0000] {processor.py:161} INFO - Started process (PID=8079) to work on /home/airflow/.local/lib/python3.11/site-packages/airflow/example_dags/example_setup_teardown_taskflow.py
[2024-03-06T14:00:52.628+0000] {processor.py:830} INFO - Processing file /home/airflow/.local/lib/python3.11/site-packages/airflow/example_dags/example_setup_teardown_taskflow.py for tasks to queue
[2024-03-06T14:00:52.629+0000] {logging_mixin.py:188} INFO - [2024-03-06T14:00:52.628+0000] {dagbag.py:540} INFO - Filling up the DagBag from /home/airflow/.local/lib/python3.11/site-packages/airflow/example_dags/example_setup_teardown_taskflow.py
[2024-03-06T14:00:52.640+0000] {processor.py:840} INFO - DAG(s) 'example_setup_teardown_taskflow' retrieved from /home/airflow/.local/lib/python3.11/site-packages/airflow/example_dags/example_setup_teardown_taskflow.py
[2024-03-06T14:00:52.668+0000] {logging_mixin.py:188} INFO - [2024-03-06T14:00:52.668+0000] {dag.py:3047} INFO - Sync 1 DAGs
[2024-03-06T14:00:52.699+0000] {logging_mixin.py:188} INFO - [2024-03-06T14:00:52.698+0000] {dag.py:3834} INFO - Setting next_dagrun for example_setup_teardown_taskflow to 2024-03-05 00:00:00+00:00, run_after=2024-03-06 00:00:00+00:00
[2024-03-06T14:00:52.723+0000] {processor.py:183} INFO - Processing /home/airflow/.local/lib/python3.11/site-packages/airflow/example_dags/example_setup_teardown_taskflow.py took 0.101 seconds
[2024-03-06T14:01:23.332+0000] {processor.py:161} INFO - Started process (PID=8325) to work on /home/airflow/.local/lib/python3.11/site-packages/airflow/example_dags/example_setup_teardown_taskflow.py
[2024-03-06T14:01:23.334+0000] {processor.py:830} INFO - Processing file /home/airflow/.local/lib/python3.11/site-packages/airflow/example_dags/example_setup_teardown_taskflow.py for tasks to queue
[2024-03-06T14:01:23.337+0000] {logging_mixin.py:188} INFO - [2024-03-06T14:01:23.336+0000] {dagbag.py:540} INFO - Filling up the DagBag from /home/airflow/.local/lib/python3.11/site-packages/airflow/example_dags/example_setup_teardown_taskflow.py
[2024-03-06T14:01:23.360+0000] {processor.py:840} INFO - DAG(s) 'example_setup_teardown_taskflow' retrieved from /home/airflow/.local/lib/python3.11/site-packages/airflow/example_dags/example_setup_teardown_taskflow.py
[2024-03-06T14:01:23.421+0000] {logging_mixin.py:188} INFO - [2024-03-06T14:01:23.420+0000] {dag.py:3047} INFO - Sync 1 DAGs
[2024-03-06T14:01:23.454+0000] {logging_mixin.py:188} INFO - [2024-03-06T14:01:23.454+0000] {dag.py:3834} INFO - Setting next_dagrun for example_setup_teardown_taskflow to 2024-03-05 00:00:00+00:00, run_after=2024-03-06 00:00:00+00:00
[2024-03-06T14:01:23.488+0000] {processor.py:183} INFO - Processing /home/airflow/.local/lib/python3.11/site-packages/airflow/example_dags/example_setup_teardown_taskflow.py took 0.163 seconds
[2024-03-06T14:01:54.044+0000] {processor.py:161} INFO - Started process (PID=8572) to work on /home/airflow/.local/lib/python3.11/site-packages/airflow/example_dags/example_setup_teardown_taskflow.py
[2024-03-06T14:01:54.046+0000] {processor.py:830} INFO - Processing file /home/airflow/.local/lib/python3.11/site-packages/airflow/example_dags/example_setup_teardown_taskflow.py for tasks to queue
[2024-03-06T14:01:54.047+0000] {logging_mixin.py:188} INFO - [2024-03-06T14:01:54.047+0000] {dagbag.py:540} INFO - Filling up the DagBag from /home/airflow/.local/lib/python3.11/site-packages/airflow/example_dags/example_setup_teardown_taskflow.py
[2024-03-06T14:01:54.060+0000] {processor.py:840} INFO - DAG(s) 'example_setup_teardown_taskflow' retrieved from /home/airflow/.local/lib/python3.11/site-packages/airflow/example_dags/example_setup_teardown_taskflow.py
[2024-03-06T14:01:54.090+0000] {logging_mixin.py:188} INFO - [2024-03-06T14:01:54.089+0000] {dag.py:3047} INFO - Sync 1 DAGs
[2024-03-06T14:01:54.123+0000] {logging_mixin.py:188} INFO - [2024-03-06T14:01:54.123+0000] {dag.py:3834} INFO - Setting next_dagrun for example_setup_teardown_taskflow to 2024-03-05 00:00:00+00:00, run_after=2024-03-06 00:00:00+00:00
[2024-03-06T14:01:54.158+0000] {processor.py:183} INFO - Processing /home/airflow/.local/lib/python3.11/site-packages/airflow/example_dags/example_setup_teardown_taskflow.py took 0.119 seconds
[2024-03-06T14:02:25.142+0000] {processor.py:161} INFO - Started process (PID=8819) to work on /home/airflow/.local/lib/python3.11/site-packages/airflow/example_dags/example_setup_teardown_taskflow.py
[2024-03-06T14:02:25.143+0000] {processor.py:830} INFO - Processing file /home/airflow/.local/lib/python3.11/site-packages/airflow/example_dags/example_setup_teardown_taskflow.py for tasks to queue
[2024-03-06T14:02:25.144+0000] {logging_mixin.py:188} INFO - [2024-03-06T14:02:25.144+0000] {dagbag.py:540} INFO - Filling up the DagBag from /home/airflow/.local/lib/python3.11/site-packages/airflow/example_dags/example_setup_teardown_taskflow.py
[2024-03-06T14:02:25.167+0000] {processor.py:840} INFO - DAG(s) 'example_setup_teardown_taskflow' retrieved from /home/airflow/.local/lib/python3.11/site-packages/airflow/example_dags/example_setup_teardown_taskflow.py
[2024-03-06T14:02:25.209+0000] {logging_mixin.py:188} INFO - [2024-03-06T14:02:25.208+0000] {dag.py:3047} INFO - Sync 1 DAGs
[2024-03-06T14:02:25.239+0000] {logging_mixin.py:188} INFO - [2024-03-06T14:02:25.239+0000] {dag.py:3834} INFO - Setting next_dagrun for example_setup_teardown_taskflow to 2024-03-05 00:00:00+00:00, run_after=2024-03-06 00:00:00+00:00
[2024-03-06T14:02:25.265+0000] {processor.py:183} INFO - Processing /home/airflow/.local/lib/python3.11/site-packages/airflow/example_dags/example_setup_teardown_taskflow.py took 0.128 seconds
[2024-03-06T14:02:55.459+0000] {processor.py:161} INFO - Started process (PID=9068) to work on /home/airflow/.local/lib/python3.11/site-packages/airflow/example_dags/example_setup_teardown_taskflow.py
[2024-03-06T14:02:55.460+0000] {processor.py:830} INFO - Processing file /home/airflow/.local/lib/python3.11/site-packages/airflow/example_dags/example_setup_teardown_taskflow.py for tasks to queue
[2024-03-06T14:02:55.461+0000] {logging_mixin.py:188} INFO - [2024-03-06T14:02:55.461+0000] {dagbag.py:540} INFO - Filling up the DagBag from /home/airflow/.local/lib/python3.11/site-packages/airflow/example_dags/example_setup_teardown_taskflow.py
[2024-03-06T14:02:55.476+0000] {processor.py:840} INFO - DAG(s) 'example_setup_teardown_taskflow' retrieved from /home/airflow/.local/lib/python3.11/site-packages/airflow/example_dags/example_setup_teardown_taskflow.py
[2024-03-06T14:02:55.505+0000] {logging_mixin.py:188} INFO - [2024-03-06T14:02:55.504+0000] {dag.py:3047} INFO - Sync 1 DAGs
[2024-03-06T14:02:55.537+0000] {logging_mixin.py:188} INFO - [2024-03-06T14:02:55.537+0000] {dag.py:3834} INFO - Setting next_dagrun for example_setup_teardown_taskflow to 2024-03-05 00:00:00+00:00, run_after=2024-03-06 00:00:00+00:00
[2024-03-06T14:02:55.562+0000] {processor.py:183} INFO - Processing /home/airflow/.local/lib/python3.11/site-packages/airflow/example_dags/example_setup_teardown_taskflow.py took 0.106 seconds
[2024-03-06T14:03:25.633+0000] {processor.py:161} INFO - Started process (PID=9315) to work on /home/airflow/.local/lib/python3.11/site-packages/airflow/example_dags/example_setup_teardown_taskflow.py
[2024-03-06T14:03:25.638+0000] {processor.py:830} INFO - Processing file /home/airflow/.local/lib/python3.11/site-packages/airflow/example_dags/example_setup_teardown_taskflow.py for tasks to queue
[2024-03-06T14:03:25.641+0000] {logging_mixin.py:188} INFO - [2024-03-06T14:03:25.640+0000] {dagbag.py:540} INFO - Filling up the DagBag from /home/airflow/.local/lib/python3.11/site-packages/airflow/example_dags/example_setup_teardown_taskflow.py
[2024-03-06T14:03:25.659+0000] {processor.py:840} INFO - DAG(s) 'example_setup_teardown_taskflow' retrieved from /home/airflow/.local/lib/python3.11/site-packages/airflow/example_dags/example_setup_teardown_taskflow.py
[2024-03-06T14:03:25.687+0000] {logging_mixin.py:188} INFO - [2024-03-06T14:03:25.686+0000] {dag.py:3047} INFO - Sync 1 DAGs
[2024-03-06T14:03:25.708+0000] {logging_mixin.py:188} INFO - [2024-03-06T14:03:25.708+0000] {dag.py:3834} INFO - Setting next_dagrun for example_setup_teardown_taskflow to 2024-03-05 00:00:00+00:00, run_after=2024-03-06 00:00:00+00:00
[2024-03-06T14:03:25.732+0000] {processor.py:183} INFO - Processing /home/airflow/.local/lib/python3.11/site-packages/airflow/example_dags/example_setup_teardown_taskflow.py took 0.104 seconds
[2024-03-06T14:03:56.186+0000] {processor.py:161} INFO - Started process (PID=9566) to work on /home/airflow/.local/lib/python3.11/site-packages/airflow/example_dags/example_setup_teardown_taskflow.py
[2024-03-06T14:03:56.187+0000] {processor.py:830} INFO - Processing file /home/airflow/.local/lib/python3.11/site-packages/airflow/example_dags/example_setup_teardown_taskflow.py for tasks to queue
[2024-03-06T14:03:56.188+0000] {logging_mixin.py:188} INFO - [2024-03-06T14:03:56.188+0000] {dagbag.py:540} INFO - Filling up the DagBag from /home/airflow/.local/lib/python3.11/site-packages/airflow/example_dags/example_setup_teardown_taskflow.py
[2024-03-06T14:03:56.201+0000] {processor.py:840} INFO - DAG(s) 'example_setup_teardown_taskflow' retrieved from /home/airflow/.local/lib/python3.11/site-packages/airflow/example_dags/example_setup_teardown_taskflow.py
[2024-03-06T14:03:56.220+0000] {logging_mixin.py:188} INFO - [2024-03-06T14:03:56.220+0000] {dag.py:3047} INFO - Sync 1 DAGs
[2024-03-06T14:03:56.241+0000] {logging_mixin.py:188} INFO - [2024-03-06T14:03:56.241+0000] {dag.py:3834} INFO - Setting next_dagrun for example_setup_teardown_taskflow to 2024-03-05 00:00:00+00:00, run_after=2024-03-06 00:00:00+00:00
[2024-03-06T14:03:56.261+0000] {processor.py:183} INFO - Processing /home/airflow/.local/lib/python3.11/site-packages/airflow/example_dags/example_setup_teardown_taskflow.py took 0.078 seconds
[2024-03-06T14:04:26.357+0000] {processor.py:161} INFO - Started process (PID=9813) to work on /home/airflow/.local/lib/python3.11/site-packages/airflow/example_dags/example_setup_teardown_taskflow.py
[2024-03-06T14:04:26.358+0000] {processor.py:830} INFO - Processing file /home/airflow/.local/lib/python3.11/site-packages/airflow/example_dags/example_setup_teardown_taskflow.py for tasks to queue
[2024-03-06T14:04:26.360+0000] {logging_mixin.py:188} INFO - [2024-03-06T14:04:26.359+0000] {dagbag.py:540} INFO - Filling up the DagBag from /home/airflow/.local/lib/python3.11/site-packages/airflow/example_dags/example_setup_teardown_taskflow.py
[2024-03-06T14:04:26.376+0000] {processor.py:840} INFO - DAG(s) 'example_setup_teardown_taskflow' retrieved from /home/airflow/.local/lib/python3.11/site-packages/airflow/example_dags/example_setup_teardown_taskflow.py
[2024-03-06T14:04:26.404+0000] {logging_mixin.py:188} INFO - [2024-03-06T14:04:26.404+0000] {dag.py:3047} INFO - Sync 1 DAGs
[2024-03-06T14:04:26.446+0000] {logging_mixin.py:188} INFO - [2024-03-06T14:04:26.445+0000] {dag.py:3834} INFO - Setting next_dagrun for example_setup_teardown_taskflow to 2024-03-05 00:00:00+00:00, run_after=2024-03-06 00:00:00+00:00
[2024-03-06T14:04:26.475+0000] {processor.py:183} INFO - Processing /home/airflow/.local/lib/python3.11/site-packages/airflow/example_dags/example_setup_teardown_taskflow.py took 0.122 seconds
[2024-03-06T14:04:56.808+0000] {processor.py:161} INFO - Started process (PID=10060) to work on /home/airflow/.local/lib/python3.11/site-packages/airflow/example_dags/example_setup_teardown_taskflow.py
[2024-03-06T14:04:56.810+0000] {processor.py:830} INFO - Processing file /home/airflow/.local/lib/python3.11/site-packages/airflow/example_dags/example_setup_teardown_taskflow.py for tasks to queue
[2024-03-06T14:04:56.812+0000] {logging_mixin.py:188} INFO - [2024-03-06T14:04:56.811+0000] {dagbag.py:540} INFO - Filling up the DagBag from /home/airflow/.local/lib/python3.11/site-packages/airflow/example_dags/example_setup_teardown_taskflow.py
[2024-03-06T14:04:56.831+0000] {processor.py:840} INFO - DAG(s) 'example_setup_teardown_taskflow' retrieved from /home/airflow/.local/lib/python3.11/site-packages/airflow/example_dags/example_setup_teardown_taskflow.py
[2024-03-06T14:04:56.854+0000] {logging_mixin.py:188} INFO - [2024-03-06T14:04:56.853+0000] {dag.py:3047} INFO - Sync 1 DAGs
[2024-03-06T14:04:56.884+0000] {logging_mixin.py:188} INFO - [2024-03-06T14:04:56.884+0000] {dag.py:3834} INFO - Setting next_dagrun for example_setup_teardown_taskflow to 2024-03-05 00:00:00+00:00, run_after=2024-03-06 00:00:00+00:00
[2024-03-06T14:04:56.957+0000] {processor.py:183} INFO - Processing /home/airflow/.local/lib/python3.11/site-packages/airflow/example_dags/example_setup_teardown_taskflow.py took 0.152 seconds
[2024-03-06T14:05:27.109+0000] {processor.py:161} INFO - Started process (PID=10307) to work on /home/airflow/.local/lib/python3.11/site-packages/airflow/example_dags/example_setup_teardown_taskflow.py
[2024-03-06T14:05:27.110+0000] {processor.py:830} INFO - Processing file /home/airflow/.local/lib/python3.11/site-packages/airflow/example_dags/example_setup_teardown_taskflow.py for tasks to queue
[2024-03-06T14:05:27.112+0000] {logging_mixin.py:188} INFO - [2024-03-06T14:05:27.111+0000] {dagbag.py:540} INFO - Filling up the DagBag from /home/airflow/.local/lib/python3.11/site-packages/airflow/example_dags/example_setup_teardown_taskflow.py
[2024-03-06T14:05:27.121+0000] {processor.py:840} INFO - DAG(s) 'example_setup_teardown_taskflow' retrieved from /home/airflow/.local/lib/python3.11/site-packages/airflow/example_dags/example_setup_teardown_taskflow.py
[2024-03-06T14:05:27.141+0000] {logging_mixin.py:188} INFO - [2024-03-06T14:05:27.141+0000] {dag.py:3047} INFO - Sync 1 DAGs
[2024-03-06T14:05:27.163+0000] {logging_mixin.py:188} INFO - [2024-03-06T14:05:27.163+0000] {dag.py:3834} INFO - Setting next_dagrun for example_setup_teardown_taskflow to 2024-03-05 00:00:00+00:00, run_after=2024-03-06 00:00:00+00:00
[2024-03-06T14:05:27.187+0000] {processor.py:183} INFO - Processing /home/airflow/.local/lib/python3.11/site-packages/airflow/example_dags/example_setup_teardown_taskflow.py took 0.081 seconds
[2024-03-06T14:05:57.292+0000] {processor.py:161} INFO - Started process (PID=10556) to work on /home/airflow/.local/lib/python3.11/site-packages/airflow/example_dags/example_setup_teardown_taskflow.py
[2024-03-06T14:05:57.293+0000] {processor.py:830} INFO - Processing file /home/airflow/.local/lib/python3.11/site-packages/airflow/example_dags/example_setup_teardown_taskflow.py for tasks to queue
[2024-03-06T14:05:57.294+0000] {logging_mixin.py:188} INFO - [2024-03-06T14:05:57.294+0000] {dagbag.py:540} INFO - Filling up the DagBag from /home/airflow/.local/lib/python3.11/site-packages/airflow/example_dags/example_setup_teardown_taskflow.py
[2024-03-06T14:05:57.307+0000] {processor.py:840} INFO - DAG(s) 'example_setup_teardown_taskflow' retrieved from /home/airflow/.local/lib/python3.11/site-packages/airflow/example_dags/example_setup_teardown_taskflow.py
[2024-03-06T14:05:57.328+0000] {logging_mixin.py:188} INFO - [2024-03-06T14:05:57.328+0000] {dag.py:3047} INFO - Sync 1 DAGs
[2024-03-06T14:05:57.351+0000] {logging_mixin.py:188} INFO - [2024-03-06T14:05:57.351+0000] {dag.py:3834} INFO - Setting next_dagrun for example_setup_teardown_taskflow to 2024-03-05 00:00:00+00:00, run_after=2024-03-06 00:00:00+00:00
[2024-03-06T14:05:57.369+0000] {processor.py:183} INFO - Processing /home/airflow/.local/lib/python3.11/site-packages/airflow/example_dags/example_setup_teardown_taskflow.py took 0.081 seconds
[2024-03-06T14:06:27.530+0000] {processor.py:161} INFO - Started process (PID=10800) to work on /home/airflow/.local/lib/python3.11/site-packages/airflow/example_dags/example_setup_teardown_taskflow.py
[2024-03-06T14:06:27.531+0000] {processor.py:830} INFO - Processing file /home/airflow/.local/lib/python3.11/site-packages/airflow/example_dags/example_setup_teardown_taskflow.py for tasks to queue
[2024-03-06T14:06:27.533+0000] {logging_mixin.py:188} INFO - [2024-03-06T14:06:27.532+0000] {dagbag.py:540} INFO - Filling up the DagBag from /home/airflow/.local/lib/python3.11/site-packages/airflow/example_dags/example_setup_teardown_taskflow.py
[2024-03-06T14:06:27.544+0000] {processor.py:840} INFO - DAG(s) 'example_setup_teardown_taskflow' retrieved from /home/airflow/.local/lib/python3.11/site-packages/airflow/example_dags/example_setup_teardown_taskflow.py
[2024-03-06T14:06:27.562+0000] {logging_mixin.py:188} INFO - [2024-03-06T14:06:27.562+0000] {dag.py:3047} INFO - Sync 1 DAGs
[2024-03-06T14:06:27.581+0000] {logging_mixin.py:188} INFO - [2024-03-06T14:06:27.581+0000] {dag.py:3834} INFO - Setting next_dagrun for example_setup_teardown_taskflow to 2024-03-05 00:00:00+00:00, run_after=2024-03-06 00:00:00+00:00
[2024-03-06T14:06:27.602+0000] {processor.py:183} INFO - Processing /home/airflow/.local/lib/python3.11/site-packages/airflow/example_dags/example_setup_teardown_taskflow.py took 0.074 seconds
[2024-03-06T14:06:58.562+0000] {processor.py:161} INFO - Started process (PID=11047) to work on /home/airflow/.local/lib/python3.11/site-packages/airflow/example_dags/example_setup_teardown_taskflow.py
[2024-03-06T14:06:58.563+0000] {processor.py:830} INFO - Processing file /home/airflow/.local/lib/python3.11/site-packages/airflow/example_dags/example_setup_teardown_taskflow.py for tasks to queue
[2024-03-06T14:06:58.571+0000] {logging_mixin.py:188} INFO - [2024-03-06T14:06:58.570+0000] {dagbag.py:540} INFO - Filling up the DagBag from /home/airflow/.local/lib/python3.11/site-packages/airflow/example_dags/example_setup_teardown_taskflow.py
[2024-03-06T14:06:58.595+0000] {processor.py:840} INFO - DAG(s) 'example_setup_teardown_taskflow' retrieved from /home/airflow/.local/lib/python3.11/site-packages/airflow/example_dags/example_setup_teardown_taskflow.py
[2024-03-06T14:06:58.660+0000] {logging_mixin.py:188} INFO - [2024-03-06T14:06:58.659+0000] {dag.py:3047} INFO - Sync 1 DAGs
[2024-03-06T14:06:58.708+0000] {logging_mixin.py:188} INFO - [2024-03-06T14:06:58.707+0000] {dag.py:3834} INFO - Setting next_dagrun for example_setup_teardown_taskflow to 2024-03-05 00:00:00+00:00, run_after=2024-03-06 00:00:00+00:00
[2024-03-06T14:06:58.787+0000] {processor.py:183} INFO - Processing /home/airflow/.local/lib/python3.11/site-packages/airflow/example_dags/example_setup_teardown_taskflow.py took 0.237 seconds
[2024-03-06T14:07:29.254+0000] {processor.py:161} INFO - Started process (PID=11294) to work on /home/airflow/.local/lib/python3.11/site-packages/airflow/example_dags/example_setup_teardown_taskflow.py
[2024-03-06T14:07:29.256+0000] {processor.py:830} INFO - Processing file /home/airflow/.local/lib/python3.11/site-packages/airflow/example_dags/example_setup_teardown_taskflow.py for tasks to queue
[2024-03-06T14:07:29.258+0000] {logging_mixin.py:188} INFO - [2024-03-06T14:07:29.257+0000] {dagbag.py:540} INFO - Filling up the DagBag from /home/airflow/.local/lib/python3.11/site-packages/airflow/example_dags/example_setup_teardown_taskflow.py
[2024-03-06T14:07:29.273+0000] {processor.py:840} INFO - DAG(s) 'example_setup_teardown_taskflow' retrieved from /home/airflow/.local/lib/python3.11/site-packages/airflow/example_dags/example_setup_teardown_taskflow.py
[2024-03-06T14:07:29.299+0000] {logging_mixin.py:188} INFO - [2024-03-06T14:07:29.299+0000] {dag.py:3047} INFO - Sync 1 DAGs
[2024-03-06T14:07:29.327+0000] {logging_mixin.py:188} INFO - [2024-03-06T14:07:29.327+0000] {dag.py:3834} INFO - Setting next_dagrun for example_setup_teardown_taskflow to 2024-03-05 00:00:00+00:00, run_after=2024-03-06 00:00:00+00:00
[2024-03-06T14:07:29.361+0000] {processor.py:183} INFO - Processing /home/airflow/.local/lib/python3.11/site-packages/airflow/example_dags/example_setup_teardown_taskflow.py took 0.111 seconds
[2024-03-06T14:07:59.853+0000] {processor.py:161} INFO - Started process (PID=11541) to work on /home/airflow/.local/lib/python3.11/site-packages/airflow/example_dags/example_setup_teardown_taskflow.py
[2024-03-06T14:07:59.854+0000] {processor.py:830} INFO - Processing file /home/airflow/.local/lib/python3.11/site-packages/airflow/example_dags/example_setup_teardown_taskflow.py for tasks to queue
[2024-03-06T14:07:59.855+0000] {logging_mixin.py:188} INFO - [2024-03-06T14:07:59.855+0000] {dagbag.py:540} INFO - Filling up the DagBag from /home/airflow/.local/lib/python3.11/site-packages/airflow/example_dags/example_setup_teardown_taskflow.py
[2024-03-06T14:07:59.866+0000] {processor.py:840} INFO - DAG(s) 'example_setup_teardown_taskflow' retrieved from /home/airflow/.local/lib/python3.11/site-packages/airflow/example_dags/example_setup_teardown_taskflow.py
[2024-03-06T14:07:59.887+0000] {logging_mixin.py:188} INFO - [2024-03-06T14:07:59.886+0000] {dag.py:3047} INFO - Sync 1 DAGs
[2024-03-06T14:07:59.906+0000] {logging_mixin.py:188} INFO - [2024-03-06T14:07:59.906+0000] {dag.py:3834} INFO - Setting next_dagrun for example_setup_teardown_taskflow to 2024-03-05 00:00:00+00:00, run_after=2024-03-06 00:00:00+00:00
[2024-03-06T14:07:59.930+0000] {processor.py:183} INFO - Processing /home/airflow/.local/lib/python3.11/site-packages/airflow/example_dags/example_setup_teardown_taskflow.py took 0.080 seconds
[2024-03-06T14:08:30.057+0000] {processor.py:161} INFO - Started process (PID=11788) to work on /home/airflow/.local/lib/python3.11/site-packages/airflow/example_dags/example_setup_teardown_taskflow.py
[2024-03-06T14:08:30.058+0000] {processor.py:830} INFO - Processing file /home/airflow/.local/lib/python3.11/site-packages/airflow/example_dags/example_setup_teardown_taskflow.py for tasks to queue
[2024-03-06T14:08:30.059+0000] {logging_mixin.py:188} INFO - [2024-03-06T14:08:30.059+0000] {dagbag.py:540} INFO - Filling up the DagBag from /home/airflow/.local/lib/python3.11/site-packages/airflow/example_dags/example_setup_teardown_taskflow.py
[2024-03-06T14:08:30.069+0000] {processor.py:840} INFO - DAG(s) 'example_setup_teardown_taskflow' retrieved from /home/airflow/.local/lib/python3.11/site-packages/airflow/example_dags/example_setup_teardown_taskflow.py
[2024-03-06T14:08:30.090+0000] {logging_mixin.py:188} INFO - [2024-03-06T14:08:30.090+0000] {dag.py:3047} INFO - Sync 1 DAGs
[2024-03-06T14:08:30.117+0000] {logging_mixin.py:188} INFO - [2024-03-06T14:08:30.116+0000] {dag.py:3834} INFO - Setting next_dagrun for example_setup_teardown_taskflow to 2024-03-05 00:00:00+00:00, run_after=2024-03-06 00:00:00+00:00
[2024-03-06T14:08:30.141+0000] {processor.py:183} INFO - Processing /home/airflow/.local/lib/python3.11/site-packages/airflow/example_dags/example_setup_teardown_taskflow.py took 0.087 seconds
[2024-03-06T14:09:00.784+0000] {processor.py:161} INFO - Started process (PID=12034) to work on /home/airflow/.local/lib/python3.11/site-packages/airflow/example_dags/example_setup_teardown_taskflow.py
[2024-03-06T14:09:00.785+0000] {processor.py:830} INFO - Processing file /home/airflow/.local/lib/python3.11/site-packages/airflow/example_dags/example_setup_teardown_taskflow.py for tasks to queue
[2024-03-06T14:09:00.786+0000] {logging_mixin.py:188} INFO - [2024-03-06T14:09:00.786+0000] {dagbag.py:540} INFO - Filling up the DagBag from /home/airflow/.local/lib/python3.11/site-packages/airflow/example_dags/example_setup_teardown_taskflow.py
[2024-03-06T14:09:00.796+0000] {processor.py:840} INFO - DAG(s) 'example_setup_teardown_taskflow' retrieved from /home/airflow/.local/lib/python3.11/site-packages/airflow/example_dags/example_setup_teardown_taskflow.py
[2024-03-06T14:09:00.816+0000] {logging_mixin.py:188} INFO - [2024-03-06T14:09:00.816+0000] {dag.py:3047} INFO - Sync 1 DAGs
[2024-03-06T14:09:00.839+0000] {logging_mixin.py:188} INFO - [2024-03-06T14:09:00.839+0000] {dag.py:3834} INFO - Setting next_dagrun for example_setup_teardown_taskflow to 2024-03-05 00:00:00+00:00, run_after=2024-03-06 00:00:00+00:00
[2024-03-06T14:09:00.858+0000] {processor.py:183} INFO - Processing /home/airflow/.local/lib/python3.11/site-packages/airflow/example_dags/example_setup_teardown_taskflow.py took 0.078 seconds
[2024-03-06T14:09:30.946+0000] {processor.py:161} INFO - Started process (PID=12280) to work on /home/airflow/.local/lib/python3.11/site-packages/airflow/example_dags/example_setup_teardown_taskflow.py
[2024-03-06T14:09:30.950+0000] {processor.py:830} INFO - Processing file /home/airflow/.local/lib/python3.11/site-packages/airflow/example_dags/example_setup_teardown_taskflow.py for tasks to queue
[2024-03-06T14:09:30.952+0000] {logging_mixin.py:188} INFO - [2024-03-06T14:09:30.951+0000] {dagbag.py:540} INFO - Filling up the DagBag from /home/airflow/.local/lib/python3.11/site-packages/airflow/example_dags/example_setup_teardown_taskflow.py
[2024-03-06T14:09:30.963+0000] {processor.py:840} INFO - DAG(s) 'example_setup_teardown_taskflow' retrieved from /home/airflow/.local/lib/python3.11/site-packages/airflow/example_dags/example_setup_teardown_taskflow.py
[2024-03-06T14:09:30.984+0000] {logging_mixin.py:188} INFO - [2024-03-06T14:09:30.984+0000] {dag.py:3047} INFO - Sync 1 DAGs
[2024-03-06T14:09:31.004+0000] {logging_mixin.py:188} INFO - [2024-03-06T14:09:31.003+0000] {dag.py:3834} INFO - Setting next_dagrun for example_setup_teardown_taskflow to 2024-03-05 00:00:00+00:00, run_after=2024-03-06 00:00:00+00:00
[2024-03-06T14:09:31.027+0000] {processor.py:183} INFO - Processing /home/airflow/.local/lib/python3.11/site-packages/airflow/example_dags/example_setup_teardown_taskflow.py took 0.084 seconds
[2024-03-06T14:10:01.732+0000] {processor.py:161} INFO - Started process (PID=12527) to work on /home/airflow/.local/lib/python3.11/site-packages/airflow/example_dags/example_setup_teardown_taskflow.py
[2024-03-06T14:10:01.733+0000] {processor.py:830} INFO - Processing file /home/airflow/.local/lib/python3.11/site-packages/airflow/example_dags/example_setup_teardown_taskflow.py for tasks to queue
[2024-03-06T14:10:01.735+0000] {logging_mixin.py:188} INFO - [2024-03-06T14:10:01.734+0000] {dagbag.py:540} INFO - Filling up the DagBag from /home/airflow/.local/lib/python3.11/site-packages/airflow/example_dags/example_setup_teardown_taskflow.py
[2024-03-06T14:10:01.745+0000] {processor.py:840} INFO - DAG(s) 'example_setup_teardown_taskflow' retrieved from /home/airflow/.local/lib/python3.11/site-packages/airflow/example_dags/example_setup_teardown_taskflow.py
[2024-03-06T14:10:01.766+0000] {logging_mixin.py:188} INFO - [2024-03-06T14:10:01.765+0000] {dag.py:3047} INFO - Sync 1 DAGs
[2024-03-06T14:10:01.786+0000] {logging_mixin.py:188} INFO - [2024-03-06T14:10:01.786+0000] {dag.py:3834} INFO - Setting next_dagrun for example_setup_teardown_taskflow to 2024-03-05 00:00:00+00:00, run_after=2024-03-06 00:00:00+00:00
[2024-03-06T14:10:01.804+0000] {processor.py:183} INFO - Processing /home/airflow/.local/lib/python3.11/site-packages/airflow/example_dags/example_setup_teardown_taskflow.py took 0.076 seconds
[2024-03-06T14:10:32.715+0000] {processor.py:161} INFO - Started process (PID=12774) to work on /home/airflow/.local/lib/python3.11/site-packages/airflow/example_dags/example_setup_teardown_taskflow.py
[2024-03-06T14:10:32.717+0000] {processor.py:830} INFO - Processing file /home/airflow/.local/lib/python3.11/site-packages/airflow/example_dags/example_setup_teardown_taskflow.py for tasks to queue
[2024-03-06T14:10:32.718+0000] {logging_mixin.py:188} INFO - [2024-03-06T14:10:32.718+0000] {dagbag.py:540} INFO - Filling up the DagBag from /home/airflow/.local/lib/python3.11/site-packages/airflow/example_dags/example_setup_teardown_taskflow.py
[2024-03-06T14:10:32.732+0000] {processor.py:840} INFO - DAG(s) 'example_setup_teardown_taskflow' retrieved from /home/airflow/.local/lib/python3.11/site-packages/airflow/example_dags/example_setup_teardown_taskflow.py
[2024-03-06T14:10:32.757+0000] {logging_mixin.py:188} INFO - [2024-03-06T14:10:32.757+0000] {dag.py:3047} INFO - Sync 1 DAGs
[2024-03-06T14:10:32.781+0000] {logging_mixin.py:188} INFO - [2024-03-06T14:10:32.781+0000] {dag.py:3834} INFO - Setting next_dagrun for example_setup_teardown_taskflow to 2024-03-05 00:00:00+00:00, run_after=2024-03-06 00:00:00+00:00
[2024-03-06T14:10:32.805+0000] {processor.py:183} INFO - Processing /home/airflow/.local/lib/python3.11/site-packages/airflow/example_dags/example_setup_teardown_taskflow.py took 0.092 seconds
[2024-03-06T14:11:02.837+0000] {processor.py:161} INFO - Started process (PID=13021) to work on /home/airflow/.local/lib/python3.11/site-packages/airflow/example_dags/example_setup_teardown_taskflow.py
[2024-03-06T14:11:02.839+0000] {processor.py:830} INFO - Processing file /home/airflow/.local/lib/python3.11/site-packages/airflow/example_dags/example_setup_teardown_taskflow.py for tasks to queue
[2024-03-06T14:11:02.840+0000] {logging_mixin.py:188} INFO - [2024-03-06T14:11:02.840+0000] {dagbag.py:540} INFO - Filling up the DagBag from /home/airflow/.local/lib/python3.11/site-packages/airflow/example_dags/example_setup_teardown_taskflow.py
[2024-03-06T14:11:02.850+0000] {processor.py:840} INFO - DAG(s) 'example_setup_teardown_taskflow' retrieved from /home/airflow/.local/lib/python3.11/site-packages/airflow/example_dags/example_setup_teardown_taskflow.py
[2024-03-06T14:11:02.872+0000] {logging_mixin.py:188} INFO - [2024-03-06T14:11:02.871+0000] {dag.py:3047} INFO - Sync 1 DAGs
[2024-03-06T14:11:02.911+0000] {logging_mixin.py:188} INFO - [2024-03-06T14:11:02.910+0000] {dag.py:3834} INFO - Setting next_dagrun for example_setup_teardown_taskflow to 2024-03-05 00:00:00+00:00, run_after=2024-03-06 00:00:00+00:00
[2024-03-06T14:11:02.937+0000] {processor.py:183} INFO - Processing /home/airflow/.local/lib/python3.11/site-packages/airflow/example_dags/example_setup_teardown_taskflow.py took 0.103 seconds
[2024-03-06T14:11:33.610+0000] {processor.py:161} INFO - Started process (PID=13268) to work on /home/airflow/.local/lib/python3.11/site-packages/airflow/example_dags/example_setup_teardown_taskflow.py
[2024-03-06T14:11:33.611+0000] {processor.py:830} INFO - Processing file /home/airflow/.local/lib/python3.11/site-packages/airflow/example_dags/example_setup_teardown_taskflow.py for tasks to queue
[2024-03-06T14:11:33.611+0000] {logging_mixin.py:188} INFO - [2024-03-06T14:11:33.611+0000] {dagbag.py:540} INFO - Filling up the DagBag from /home/airflow/.local/lib/python3.11/site-packages/airflow/example_dags/example_setup_teardown_taskflow.py
[2024-03-06T14:11:33.623+0000] {processor.py:840} INFO - DAG(s) 'example_setup_teardown_taskflow' retrieved from /home/airflow/.local/lib/python3.11/site-packages/airflow/example_dags/example_setup_teardown_taskflow.py
[2024-03-06T14:11:33.642+0000] {logging_mixin.py:188} INFO - [2024-03-06T14:11:33.642+0000] {dag.py:3047} INFO - Sync 1 DAGs
[2024-03-06T14:11:33.661+0000] {logging_mixin.py:188} INFO - [2024-03-06T14:11:33.661+0000] {dag.py:3834} INFO - Setting next_dagrun for example_setup_teardown_taskflow to 2024-03-05 00:00:00+00:00, run_after=2024-03-06 00:00:00+00:00
[2024-03-06T14:11:33.677+0000] {processor.py:183} INFO - Processing /home/airflow/.local/lib/python3.11/site-packages/airflow/example_dags/example_setup_teardown_taskflow.py took 0.070 seconds
[2024-03-06T14:12:04.417+0000] {processor.py:161} INFO - Started process (PID=13515) to work on /home/airflow/.local/lib/python3.11/site-packages/airflow/example_dags/example_setup_teardown_taskflow.py
[2024-03-06T14:12:04.418+0000] {processor.py:830} INFO - Processing file /home/airflow/.local/lib/python3.11/site-packages/airflow/example_dags/example_setup_teardown_taskflow.py for tasks to queue
[2024-03-06T14:12:04.421+0000] {logging_mixin.py:188} INFO - [2024-03-06T14:12:04.421+0000] {dagbag.py:540} INFO - Filling up the DagBag from /home/airflow/.local/lib/python3.11/site-packages/airflow/example_dags/example_setup_teardown_taskflow.py
[2024-03-06T14:12:04.435+0000] {processor.py:840} INFO - DAG(s) 'example_setup_teardown_taskflow' retrieved from /home/airflow/.local/lib/python3.11/site-packages/airflow/example_dags/example_setup_teardown_taskflow.py
[2024-03-06T14:12:04.458+0000] {logging_mixin.py:188} INFO - [2024-03-06T14:12:04.457+0000] {dag.py:3047} INFO - Sync 1 DAGs
[2024-03-06T14:12:04.478+0000] {logging_mixin.py:188} INFO - [2024-03-06T14:12:04.478+0000] {dag.py:3834} INFO - Setting next_dagrun for example_setup_teardown_taskflow to 2024-03-05 00:00:00+00:00, run_after=2024-03-06 00:00:00+00:00
[2024-03-06T14:12:04.506+0000] {processor.py:183} INFO - Processing /home/airflow/.local/lib/python3.11/site-packages/airflow/example_dags/example_setup_teardown_taskflow.py took 0.093 seconds
[2024-03-06T14:12:34.824+0000] {processor.py:161} INFO - Started process (PID=13762) to work on /home/airflow/.local/lib/python3.11/site-packages/airflow/example_dags/example_setup_teardown_taskflow.py
[2024-03-06T14:12:34.826+0000] {processor.py:830} INFO - Processing file /home/airflow/.local/lib/python3.11/site-packages/airflow/example_dags/example_setup_teardown_taskflow.py for tasks to queue
[2024-03-06T14:12:34.827+0000] {logging_mixin.py:188} INFO - [2024-03-06T14:12:34.826+0000] {dagbag.py:540} INFO - Filling up the DagBag from /home/airflow/.local/lib/python3.11/site-packages/airflow/example_dags/example_setup_teardown_taskflow.py
[2024-03-06T14:12:34.838+0000] {processor.py:840} INFO - DAG(s) 'example_setup_teardown_taskflow' retrieved from /home/airflow/.local/lib/python3.11/site-packages/airflow/example_dags/example_setup_teardown_taskflow.py
[2024-03-06T14:12:34.857+0000] {logging_mixin.py:188} INFO - [2024-03-06T14:12:34.856+0000] {dag.py:3047} INFO - Sync 1 DAGs
[2024-03-06T14:12:34.878+0000] {logging_mixin.py:188} INFO - [2024-03-06T14:12:34.877+0000] {dag.py:3834} INFO - Setting next_dagrun for example_setup_teardown_taskflow to 2024-03-05 00:00:00+00:00, run_after=2024-03-06 00:00:00+00:00
[2024-03-06T14:12:34.895+0000] {processor.py:183} INFO - Processing /home/airflow/.local/lib/python3.11/site-packages/airflow/example_dags/example_setup_teardown_taskflow.py took 0.074 seconds
[2024-03-06T14:13:05.662+0000] {processor.py:161} INFO - Started process (PID=14009) to work on /home/airflow/.local/lib/python3.11/site-packages/airflow/example_dags/example_setup_teardown_taskflow.py
[2024-03-06T14:13:05.663+0000] {processor.py:830} INFO - Processing file /home/airflow/.local/lib/python3.11/site-packages/airflow/example_dags/example_setup_teardown_taskflow.py for tasks to queue
[2024-03-06T14:13:05.664+0000] {logging_mixin.py:188} INFO - [2024-03-06T14:13:05.664+0000] {dagbag.py:540} INFO - Filling up the DagBag from /home/airflow/.local/lib/python3.11/site-packages/airflow/example_dags/example_setup_teardown_taskflow.py
[2024-03-06T14:13:05.679+0000] {processor.py:840} INFO - DAG(s) 'example_setup_teardown_taskflow' retrieved from /home/airflow/.local/lib/python3.11/site-packages/airflow/example_dags/example_setup_teardown_taskflow.py
[2024-03-06T14:13:05.702+0000] {logging_mixin.py:188} INFO - [2024-03-06T14:13:05.702+0000] {dag.py:3047} INFO - Sync 1 DAGs
[2024-03-06T14:13:05.727+0000] {logging_mixin.py:188} INFO - [2024-03-06T14:13:05.727+0000] {dag.py:3834} INFO - Setting next_dagrun for example_setup_teardown_taskflow to 2024-03-05 00:00:00+00:00, run_after=2024-03-06 00:00:00+00:00
[2024-03-06T14:13:05.749+0000] {processor.py:183} INFO - Processing /home/airflow/.local/lib/python3.11/site-packages/airflow/example_dags/example_setup_teardown_taskflow.py took 0.091 seconds
[2024-03-06T14:13:36.327+0000] {processor.py:161} INFO - Started process (PID=14256) to work on /home/airflow/.local/lib/python3.11/site-packages/airflow/example_dags/example_setup_teardown_taskflow.py
[2024-03-06T14:13:36.332+0000] {processor.py:830} INFO - Processing file /home/airflow/.local/lib/python3.11/site-packages/airflow/example_dags/example_setup_teardown_taskflow.py for tasks to queue
[2024-03-06T14:13:36.333+0000] {logging_mixin.py:188} INFO - [2024-03-06T14:13:36.333+0000] {dagbag.py:540} INFO - Filling up the DagBag from /home/airflow/.local/lib/python3.11/site-packages/airflow/example_dags/example_setup_teardown_taskflow.py
[2024-03-06T14:13:36.345+0000] {processor.py:840} INFO - DAG(s) 'example_setup_teardown_taskflow' retrieved from /home/airflow/.local/lib/python3.11/site-packages/airflow/example_dags/example_setup_teardown_taskflow.py
[2024-03-06T14:13:36.363+0000] {logging_mixin.py:188} INFO - [2024-03-06T14:13:36.363+0000] {dag.py:3047} INFO - Sync 1 DAGs
[2024-03-06T14:13:36.382+0000] {logging_mixin.py:188} INFO - [2024-03-06T14:13:36.382+0000] {dag.py:3834} INFO - Setting next_dagrun for example_setup_teardown_taskflow to 2024-03-05 00:00:00+00:00, run_after=2024-03-06 00:00:00+00:00
[2024-03-06T14:13:36.401+0000] {processor.py:183} INFO - Processing /home/airflow/.local/lib/python3.11/site-packages/airflow/example_dags/example_setup_teardown_taskflow.py took 0.077 seconds
[2024-03-06T14:14:07.086+0000] {processor.py:161} INFO - Started process (PID=14503) to work on /home/airflow/.local/lib/python3.11/site-packages/airflow/example_dags/example_setup_teardown_taskflow.py
[2024-03-06T14:14:07.087+0000] {processor.py:830} INFO - Processing file /home/airflow/.local/lib/python3.11/site-packages/airflow/example_dags/example_setup_teardown_taskflow.py for tasks to queue
[2024-03-06T14:14:07.090+0000] {logging_mixin.py:188} INFO - [2024-03-06T14:14:07.090+0000] {dagbag.py:540} INFO - Filling up the DagBag from /home/airflow/.local/lib/python3.11/site-packages/airflow/example_dags/example_setup_teardown_taskflow.py
[2024-03-06T14:14:07.104+0000] {processor.py:840} INFO - DAG(s) 'example_setup_teardown_taskflow' retrieved from /home/airflow/.local/lib/python3.11/site-packages/airflow/example_dags/example_setup_teardown_taskflow.py
[2024-03-06T14:14:07.129+0000] {logging_mixin.py:188} INFO - [2024-03-06T14:14:07.129+0000] {dag.py:3047} INFO - Sync 1 DAGs
[2024-03-06T14:14:07.156+0000] {logging_mixin.py:188} INFO - [2024-03-06T14:14:07.156+0000] {dag.py:3834} INFO - Setting next_dagrun for example_setup_teardown_taskflow to 2024-03-05 00:00:00+00:00, run_after=2024-03-06 00:00:00+00:00
[2024-03-06T14:14:07.185+0000] {processor.py:183} INFO - Processing /home/airflow/.local/lib/python3.11/site-packages/airflow/example_dags/example_setup_teardown_taskflow.py took 0.104 seconds
[2024-03-06T14:14:37.369+0000] {processor.py:161} INFO - Started process (PID=14750) to work on /home/airflow/.local/lib/python3.11/site-packages/airflow/example_dags/example_setup_teardown_taskflow.py
[2024-03-06T14:14:37.372+0000] {processor.py:830} INFO - Processing file /home/airflow/.local/lib/python3.11/site-packages/airflow/example_dags/example_setup_teardown_taskflow.py for tasks to queue
[2024-03-06T14:14:37.374+0000] {logging_mixin.py:188} INFO - [2024-03-06T14:14:37.373+0000] {dagbag.py:540} INFO - Filling up the DagBag from /home/airflow/.local/lib/python3.11/site-packages/airflow/example_dags/example_setup_teardown_taskflow.py
[2024-03-06T14:14:37.386+0000] {processor.py:840} INFO - DAG(s) 'example_setup_teardown_taskflow' retrieved from /home/airflow/.local/lib/python3.11/site-packages/airflow/example_dags/example_setup_teardown_taskflow.py
[2024-03-06T14:14:37.405+0000] {logging_mixin.py:188} INFO - [2024-03-06T14:14:37.404+0000] {dag.py:3047} INFO - Sync 1 DAGs
[2024-03-06T14:14:37.427+0000] {logging_mixin.py:188} INFO - [2024-03-06T14:14:37.427+0000] {dag.py:3834} INFO - Setting next_dagrun for example_setup_teardown_taskflow to 2024-03-05 00:00:00+00:00, run_after=2024-03-06 00:00:00+00:00
[2024-03-06T14:14:37.444+0000] {processor.py:183} INFO - Processing /home/airflow/.local/lib/python3.11/site-packages/airflow/example_dags/example_setup_teardown_taskflow.py took 0.078 seconds
[2024-03-06T14:15:07.505+0000] {processor.py:161} INFO - Started process (PID=14997) to work on /home/airflow/.local/lib/python3.11/site-packages/airflow/example_dags/example_setup_teardown_taskflow.py
[2024-03-06T14:15:07.506+0000] {processor.py:830} INFO - Processing file /home/airflow/.local/lib/python3.11/site-packages/airflow/example_dags/example_setup_teardown_taskflow.py for tasks to queue
[2024-03-06T14:15:07.508+0000] {logging_mixin.py:188} INFO - [2024-03-06T14:15:07.507+0000] {dagbag.py:540} INFO - Filling up the DagBag from /home/airflow/.local/lib/python3.11/site-packages/airflow/example_dags/example_setup_teardown_taskflow.py
[2024-03-06T14:15:07.519+0000] {processor.py:840} INFO - DAG(s) 'example_setup_teardown_taskflow' retrieved from /home/airflow/.local/lib/python3.11/site-packages/airflow/example_dags/example_setup_teardown_taskflow.py
[2024-03-06T14:15:07.539+0000] {logging_mixin.py:188} INFO - [2024-03-06T14:15:07.538+0000] {dag.py:3047} INFO - Sync 1 DAGs
[2024-03-06T14:15:07.560+0000] {logging_mixin.py:188} INFO - [2024-03-06T14:15:07.559+0000] {dag.py:3834} INFO - Setting next_dagrun for example_setup_teardown_taskflow to 2024-03-05 00:00:00+00:00, run_after=2024-03-06 00:00:00+00:00
[2024-03-06T14:15:07.580+0000] {processor.py:183} INFO - Processing /home/airflow/.local/lib/python3.11/site-packages/airflow/example_dags/example_setup_teardown_taskflow.py took 0.079 seconds
[2024-03-06T14:15:37.659+0000] {processor.py:161} INFO - Started process (PID=15244) to work on /home/airflow/.local/lib/python3.11/site-packages/airflow/example_dags/example_setup_teardown_taskflow.py
[2024-03-06T14:15:37.661+0000] {processor.py:830} INFO - Processing file /home/airflow/.local/lib/python3.11/site-packages/airflow/example_dags/example_setup_teardown_taskflow.py for tasks to queue
[2024-03-06T14:15:37.662+0000] {logging_mixin.py:188} INFO - [2024-03-06T14:15:37.662+0000] {dagbag.py:540} INFO - Filling up the DagBag from /home/airflow/.local/lib/python3.11/site-packages/airflow/example_dags/example_setup_teardown_taskflow.py
[2024-03-06T14:15:37.672+0000] {processor.py:840} INFO - DAG(s) 'example_setup_teardown_taskflow' retrieved from /home/airflow/.local/lib/python3.11/site-packages/airflow/example_dags/example_setup_teardown_taskflow.py
[2024-03-06T14:15:37.693+0000] {logging_mixin.py:188} INFO - [2024-03-06T14:15:37.693+0000] {dag.py:3047} INFO - Sync 1 DAGs
[2024-03-06T14:15:37.713+0000] {logging_mixin.py:188} INFO - [2024-03-06T14:15:37.712+0000] {dag.py:3834} INFO - Setting next_dagrun for example_setup_teardown_taskflow to 2024-03-05 00:00:00+00:00, run_after=2024-03-06 00:00:00+00:00
[2024-03-06T14:15:37.734+0000] {processor.py:183} INFO - Processing /home/airflow/.local/lib/python3.11/site-packages/airflow/example_dags/example_setup_teardown_taskflow.py took 0.079 seconds
[2024-03-06T14:16:07.813+0000] {processor.py:161} INFO - Started process (PID=15491) to work on /home/airflow/.local/lib/python3.11/site-packages/airflow/example_dags/example_setup_teardown_taskflow.py
[2024-03-06T14:16:07.815+0000] {processor.py:830} INFO - Processing file /home/airflow/.local/lib/python3.11/site-packages/airflow/example_dags/example_setup_teardown_taskflow.py for tasks to queue
[2024-03-06T14:16:07.816+0000] {logging_mixin.py:188} INFO - [2024-03-06T14:16:07.816+0000] {dagbag.py:540} INFO - Filling up the DagBag from /home/airflow/.local/lib/python3.11/site-packages/airflow/example_dags/example_setup_teardown_taskflow.py
[2024-03-06T14:16:07.829+0000] {processor.py:840} INFO - DAG(s) 'example_setup_teardown_taskflow' retrieved from /home/airflow/.local/lib/python3.11/site-packages/airflow/example_dags/example_setup_teardown_taskflow.py
[2024-03-06T14:16:07.851+0000] {logging_mixin.py:188} INFO - [2024-03-06T14:16:07.851+0000] {dag.py:3047} INFO - Sync 1 DAGs
[2024-03-06T14:16:07.871+0000] {logging_mixin.py:188} INFO - [2024-03-06T14:16:07.871+0000] {dag.py:3834} INFO - Setting next_dagrun for example_setup_teardown_taskflow to 2024-03-05 00:00:00+00:00, run_after=2024-03-06 00:00:00+00:00
[2024-03-06T14:16:07.901+0000] {processor.py:183} INFO - Processing /home/airflow/.local/lib/python3.11/site-packages/airflow/example_dags/example_setup_teardown_taskflow.py took 0.091 seconds
[2024-03-06T14:16:38.621+0000] {processor.py:161} INFO - Started process (PID=15738) to work on /home/airflow/.local/lib/python3.11/site-packages/airflow/example_dags/example_setup_teardown_taskflow.py
[2024-03-06T14:16:38.622+0000] {processor.py:830} INFO - Processing file /home/airflow/.local/lib/python3.11/site-packages/airflow/example_dags/example_setup_teardown_taskflow.py for tasks to queue
[2024-03-06T14:16:38.623+0000] {logging_mixin.py:188} INFO - [2024-03-06T14:16:38.623+0000] {dagbag.py:540} INFO - Filling up the DagBag from /home/airflow/.local/lib/python3.11/site-packages/airflow/example_dags/example_setup_teardown_taskflow.py
[2024-03-06T14:16:38.634+0000] {processor.py:840} INFO - DAG(s) 'example_setup_teardown_taskflow' retrieved from /home/airflow/.local/lib/python3.11/site-packages/airflow/example_dags/example_setup_teardown_taskflow.py
[2024-03-06T14:16:38.659+0000] {logging_mixin.py:188} INFO - [2024-03-06T14:16:38.658+0000] {dag.py:3047} INFO - Sync 1 DAGs
[2024-03-06T14:16:38.678+0000] {logging_mixin.py:188} INFO - [2024-03-06T14:16:38.678+0000] {dag.py:3834} INFO - Setting next_dagrun for example_setup_teardown_taskflow to 2024-03-05 00:00:00+00:00, run_after=2024-03-06 00:00:00+00:00
[2024-03-06T14:16:38.697+0000] {processor.py:183} INFO - Processing /home/airflow/.local/lib/python3.11/site-packages/airflow/example_dags/example_setup_teardown_taskflow.py took 0.079 seconds
[2024-03-06T14:17:09.656+0000] {processor.py:161} INFO - Started process (PID=15985) to work on /home/airflow/.local/lib/python3.11/site-packages/airflow/example_dags/example_setup_teardown_taskflow.py
[2024-03-06T14:17:09.667+0000] {processor.py:830} INFO - Processing file /home/airflow/.local/lib/python3.11/site-packages/airflow/example_dags/example_setup_teardown_taskflow.py for tasks to queue
[2024-03-06T14:17:09.669+0000] {logging_mixin.py:188} INFO - [2024-03-06T14:17:09.669+0000] {dagbag.py:540} INFO - Filling up the DagBag from /home/airflow/.local/lib/python3.11/site-packages/airflow/example_dags/example_setup_teardown_taskflow.py
[2024-03-06T14:17:09.743+0000] {processor.py:840} INFO - DAG(s) 'example_setup_teardown_taskflow' retrieved from /home/airflow/.local/lib/python3.11/site-packages/airflow/example_dags/example_setup_teardown_taskflow.py
[2024-03-06T14:17:09.816+0000] {logging_mixin.py:188} INFO - [2024-03-06T14:17:09.816+0000] {dag.py:3047} INFO - Sync 1 DAGs
[2024-03-06T14:17:09.886+0000] {logging_mixin.py:188} INFO - [2024-03-06T14:17:09.885+0000] {dag.py:3834} INFO - Setting next_dagrun for example_setup_teardown_taskflow to 2024-03-05 00:00:00+00:00, run_after=2024-03-06 00:00:00+00:00
[2024-03-06T14:17:09.968+0000] {processor.py:183} INFO - Processing /home/airflow/.local/lib/python3.11/site-packages/airflow/example_dags/example_setup_teardown_taskflow.py took 0.316 seconds
[2024-03-06T14:17:40.959+0000] {processor.py:161} INFO - Started process (PID=16232) to work on /home/airflow/.local/lib/python3.11/site-packages/airflow/example_dags/example_setup_teardown_taskflow.py
[2024-03-06T14:17:40.962+0000] {processor.py:830} INFO - Processing file /home/airflow/.local/lib/python3.11/site-packages/airflow/example_dags/example_setup_teardown_taskflow.py for tasks to queue
[2024-03-06T14:17:40.967+0000] {logging_mixin.py:188} INFO - [2024-03-06T14:17:40.965+0000] {dagbag.py:540} INFO - Filling up the DagBag from /home/airflow/.local/lib/python3.11/site-packages/airflow/example_dags/example_setup_teardown_taskflow.py
[2024-03-06T14:17:41.006+0000] {processor.py:840} INFO - DAG(s) 'example_setup_teardown_taskflow' retrieved from /home/airflow/.local/lib/python3.11/site-packages/airflow/example_dags/example_setup_teardown_taskflow.py
[2024-03-06T14:17:41.047+0000] {logging_mixin.py:188} INFO - [2024-03-06T14:17:41.047+0000] {dag.py:3047} INFO - Sync 1 DAGs
[2024-03-06T14:17:41.080+0000] {logging_mixin.py:188} INFO - [2024-03-06T14:17:41.080+0000] {dag.py:3834} INFO - Setting next_dagrun for example_setup_teardown_taskflow to 2024-03-05 00:00:00+00:00, run_after=2024-03-06 00:00:00+00:00
[2024-03-06T14:17:41.122+0000] {processor.py:183} INFO - Processing /home/airflow/.local/lib/python3.11/site-packages/airflow/example_dags/example_setup_teardown_taskflow.py took 0.175 seconds
[2024-03-06T14:18:11.473+0000] {processor.py:161} INFO - Started process (PID=16479) to work on /home/airflow/.local/lib/python3.11/site-packages/airflow/example_dags/example_setup_teardown_taskflow.py
[2024-03-06T14:18:11.475+0000] {processor.py:830} INFO - Processing file /home/airflow/.local/lib/python3.11/site-packages/airflow/example_dags/example_setup_teardown_taskflow.py for tasks to queue
[2024-03-06T14:18:11.481+0000] {logging_mixin.py:188} INFO - [2024-03-06T14:18:11.481+0000] {dagbag.py:540} INFO - Filling up the DagBag from /home/airflow/.local/lib/python3.11/site-packages/airflow/example_dags/example_setup_teardown_taskflow.py
[2024-03-06T14:18:11.538+0000] {processor.py:840} INFO - DAG(s) 'example_setup_teardown_taskflow' retrieved from /home/airflow/.local/lib/python3.11/site-packages/airflow/example_dags/example_setup_teardown_taskflow.py
[2024-03-06T14:18:11.656+0000] {logging_mixin.py:188} INFO - [2024-03-06T14:18:11.655+0000] {dag.py:3047} INFO - Sync 1 DAGs
[2024-03-06T14:18:11.700+0000] {logging_mixin.py:188} INFO - [2024-03-06T14:18:11.700+0000] {dag.py:3834} INFO - Setting next_dagrun for example_setup_teardown_taskflow to 2024-03-05 00:00:00+00:00, run_after=2024-03-06 00:00:00+00:00
[2024-03-06T14:18:11.810+0000] {processor.py:183} INFO - Processing /home/airflow/.local/lib/python3.11/site-packages/airflow/example_dags/example_setup_teardown_taskflow.py took 0.354 seconds
[2024-03-06T14:18:41.917+0000] {processor.py:161} INFO - Started process (PID=16725) to work on /home/airflow/.local/lib/python3.11/site-packages/airflow/example_dags/example_setup_teardown_taskflow.py
[2024-03-06T14:18:41.924+0000] {processor.py:830} INFO - Processing file /home/airflow/.local/lib/python3.11/site-packages/airflow/example_dags/example_setup_teardown_taskflow.py for tasks to queue
[2024-03-06T14:18:41.926+0000] {logging_mixin.py:188} INFO - [2024-03-06T14:18:41.925+0000] {dagbag.py:540} INFO - Filling up the DagBag from /home/airflow/.local/lib/python3.11/site-packages/airflow/example_dags/example_setup_teardown_taskflow.py
[2024-03-06T14:18:41.986+0000] {processor.py:840} INFO - DAG(s) 'example_setup_teardown_taskflow' retrieved from /home/airflow/.local/lib/python3.11/site-packages/airflow/example_dags/example_setup_teardown_taskflow.py
[2024-03-06T14:18:42.068+0000] {logging_mixin.py:188} INFO - [2024-03-06T14:18:42.068+0000] {dag.py:3047} INFO - Sync 1 DAGs
[2024-03-06T14:18:42.186+0000] {logging_mixin.py:188} INFO - [2024-03-06T14:18:42.185+0000] {dag.py:3834} INFO - Setting next_dagrun for example_setup_teardown_taskflow to 2024-03-05 00:00:00+00:00, run_after=2024-03-06 00:00:00+00:00
[2024-03-06T14:18:42.259+0000] {processor.py:183} INFO - Processing /home/airflow/.local/lib/python3.11/site-packages/airflow/example_dags/example_setup_teardown_taskflow.py took 0.352 seconds
[2024-03-06T14:19:12.779+0000] {processor.py:161} INFO - Started process (PID=16972) to work on /home/airflow/.local/lib/python3.11/site-packages/airflow/example_dags/example_setup_teardown_taskflow.py
[2024-03-06T14:19:12.782+0000] {processor.py:830} INFO - Processing file /home/airflow/.local/lib/python3.11/site-packages/airflow/example_dags/example_setup_teardown_taskflow.py for tasks to queue
[2024-03-06T14:19:12.785+0000] {logging_mixin.py:188} INFO - [2024-03-06T14:19:12.784+0000] {dagbag.py:540} INFO - Filling up the DagBag from /home/airflow/.local/lib/python3.11/site-packages/airflow/example_dags/example_setup_teardown_taskflow.py
[2024-03-06T14:19:12.804+0000] {processor.py:840} INFO - DAG(s) 'example_setup_teardown_taskflow' retrieved from /home/airflow/.local/lib/python3.11/site-packages/airflow/example_dags/example_setup_teardown_taskflow.py
[2024-03-06T14:19:12.844+0000] {logging_mixin.py:188} INFO - [2024-03-06T14:19:12.844+0000] {dag.py:3047} INFO - Sync 1 DAGs
[2024-03-06T14:19:12.919+0000] {logging_mixin.py:188} INFO - [2024-03-06T14:19:12.919+0000] {dag.py:3834} INFO - Setting next_dagrun for example_setup_teardown_taskflow to 2024-03-05 00:00:00+00:00, run_after=2024-03-06 00:00:00+00:00
[2024-03-06T14:19:12.950+0000] {processor.py:183} INFO - Processing /home/airflow/.local/lib/python3.11/site-packages/airflow/example_dags/example_setup_teardown_taskflow.py took 0.176 seconds
