[2024-03-06T13:44:35.089+0000] {processor.py:161} INFO - Started process (PID=174) to work on /home/airflow/.local/lib/python3.11/site-packages/airflow/example_dags/example_short_circuit_decorator.py
[2024-03-06T13:44:35.090+0000] {processor.py:830} INFO - Processing file /home/airflow/.local/lib/python3.11/site-packages/airflow/example_dags/example_short_circuit_decorator.py for tasks to queue
[2024-03-06T13:44:35.093+0000] {logging_mixin.py:188} INFO - [2024-03-06T13:44:35.092+0000] {dagbag.py:540} INFO - Filling up the DagBag from /home/airflow/.local/lib/python3.11/site-packages/airflow/example_dags/example_short_circuit_decorator.py
[2024-03-06T13:44:35.111+0000] {processor.py:840} INFO - DAG(s) 'example_short_circuit_decorator' retrieved from /home/airflow/.local/lib/python3.11/site-packages/airflow/example_dags/example_short_circuit_decorator.py
[2024-03-06T13:44:35.148+0000] {logging_mixin.py:188} INFO - [2024-03-06T13:44:35.148+0000] {dag.py:3047} INFO - Sync 1 DAGs
[2024-03-06T13:44:35.185+0000] {logging_mixin.py:188} INFO - [2024-03-06T13:44:35.185+0000] {dag.py:3834} INFO - Setting next_dagrun for example_short_circuit_decorator to 2024-03-05 00:00:00+00:00, run_after=2024-03-06 00:00:00+00:00
[2024-03-06T13:44:35.212+0000] {processor.py:183} INFO - Processing /home/airflow/.local/lib/python3.11/site-packages/airflow/example_dags/example_short_circuit_decorator.py took 0.128 seconds
[2024-03-06T13:45:05.407+0000] {processor.py:161} INFO - Started process (PID=420) to work on /home/airflow/.local/lib/python3.11/site-packages/airflow/example_dags/example_short_circuit_decorator.py
[2024-03-06T13:45:05.408+0000] {processor.py:830} INFO - Processing file /home/airflow/.local/lib/python3.11/site-packages/airflow/example_dags/example_short_circuit_decorator.py for tasks to queue
[2024-03-06T13:45:05.410+0000] {logging_mixin.py:188} INFO - [2024-03-06T13:45:05.409+0000] {dagbag.py:540} INFO - Filling up the DagBag from /home/airflow/.local/lib/python3.11/site-packages/airflow/example_dags/example_short_circuit_decorator.py
[2024-03-06T13:45:05.420+0000] {processor.py:840} INFO - DAG(s) 'example_short_circuit_decorator' retrieved from /home/airflow/.local/lib/python3.11/site-packages/airflow/example_dags/example_short_circuit_decorator.py
[2024-03-06T13:45:05.444+0000] {logging_mixin.py:188} INFO - [2024-03-06T13:45:05.443+0000] {dag.py:3047} INFO - Sync 1 DAGs
[2024-03-06T13:45:05.463+0000] {logging_mixin.py:188} INFO - [2024-03-06T13:45:05.463+0000] {dag.py:3834} INFO - Setting next_dagrun for example_short_circuit_decorator to 2024-03-05 00:00:00+00:00, run_after=2024-03-06 00:00:00+00:00
[2024-03-06T13:45:05.481+0000] {processor.py:183} INFO - Processing /home/airflow/.local/lib/python3.11/site-packages/airflow/example_dags/example_short_circuit_decorator.py took 0.078 seconds
[2024-03-06T13:45:35.680+0000] {processor.py:161} INFO - Started process (PID=666) to work on /home/airflow/.local/lib/python3.11/site-packages/airflow/example_dags/example_short_circuit_decorator.py
[2024-03-06T13:45:35.682+0000] {processor.py:830} INFO - Processing file /home/airflow/.local/lib/python3.11/site-packages/airflow/example_dags/example_short_circuit_decorator.py for tasks to queue
[2024-03-06T13:45:35.684+0000] {logging_mixin.py:188} INFO - [2024-03-06T13:45:35.683+0000] {dagbag.py:540} INFO - Filling up the DagBag from /home/airflow/.local/lib/python3.11/site-packages/airflow/example_dags/example_short_circuit_decorator.py
[2024-03-06T13:45:35.698+0000] {processor.py:840} INFO - DAG(s) 'example_short_circuit_decorator' retrieved from /home/airflow/.local/lib/python3.11/site-packages/airflow/example_dags/example_short_circuit_decorator.py
[2024-03-06T13:45:35.734+0000] {logging_mixin.py:188} INFO - [2024-03-06T13:45:35.734+0000] {dag.py:3047} INFO - Sync 1 DAGs
[2024-03-06T13:45:35.766+0000] {logging_mixin.py:188} INFO - [2024-03-06T13:45:35.766+0000] {dag.py:3834} INFO - Setting next_dagrun for example_short_circuit_decorator to 2024-03-05 00:00:00+00:00, run_after=2024-03-06 00:00:00+00:00
[2024-03-06T13:45:35.799+0000] {processor.py:183} INFO - Processing /home/airflow/.local/lib/python3.11/site-packages/airflow/example_dags/example_short_circuit_decorator.py took 0.122 seconds
[2024-03-06T13:46:06.060+0000] {processor.py:161} INFO - Started process (PID=913) to work on /home/airflow/.local/lib/python3.11/site-packages/airflow/example_dags/example_short_circuit_decorator.py
[2024-03-06T13:46:06.061+0000] {processor.py:830} INFO - Processing file /home/airflow/.local/lib/python3.11/site-packages/airflow/example_dags/example_short_circuit_decorator.py for tasks to queue
[2024-03-06T13:46:06.062+0000] {logging_mixin.py:188} INFO - [2024-03-06T13:46:06.061+0000] {dagbag.py:540} INFO - Filling up the DagBag from /home/airflow/.local/lib/python3.11/site-packages/airflow/example_dags/example_short_circuit_decorator.py
[2024-03-06T13:46:06.073+0000] {processor.py:840} INFO - DAG(s) 'example_short_circuit_decorator' retrieved from /home/airflow/.local/lib/python3.11/site-packages/airflow/example_dags/example_short_circuit_decorator.py
[2024-03-06T13:46:06.098+0000] {logging_mixin.py:188} INFO - [2024-03-06T13:46:06.098+0000] {dag.py:3047} INFO - Sync 1 DAGs
[2024-03-06T13:46:06.120+0000] {logging_mixin.py:188} INFO - [2024-03-06T13:46:06.119+0000] {dag.py:3834} INFO - Setting next_dagrun for example_short_circuit_decorator to 2024-03-05 00:00:00+00:00, run_after=2024-03-06 00:00:00+00:00
[2024-03-06T13:46:06.140+0000] {processor.py:183} INFO - Processing /home/airflow/.local/lib/python3.11/site-packages/airflow/example_dags/example_short_circuit_decorator.py took 0.084 seconds
[2024-03-06T13:46:36.253+0000] {processor.py:161} INFO - Started process (PID=1162) to work on /home/airflow/.local/lib/python3.11/site-packages/airflow/example_dags/example_short_circuit_decorator.py
[2024-03-06T13:46:36.254+0000] {processor.py:830} INFO - Processing file /home/airflow/.local/lib/python3.11/site-packages/airflow/example_dags/example_short_circuit_decorator.py for tasks to queue
[2024-03-06T13:46:36.255+0000] {logging_mixin.py:188} INFO - [2024-03-06T13:46:36.255+0000] {dagbag.py:540} INFO - Filling up the DagBag from /home/airflow/.local/lib/python3.11/site-packages/airflow/example_dags/example_short_circuit_decorator.py
[2024-03-06T13:46:36.264+0000] {processor.py:840} INFO - DAG(s) 'example_short_circuit_decorator' retrieved from /home/airflow/.local/lib/python3.11/site-packages/airflow/example_dags/example_short_circuit_decorator.py
[2024-03-06T13:46:36.283+0000] {logging_mixin.py:188} INFO - [2024-03-06T13:46:36.282+0000] {dag.py:3047} INFO - Sync 1 DAGs
[2024-03-06T13:46:36.300+0000] {logging_mixin.py:188} INFO - [2024-03-06T13:46:36.300+0000] {dag.py:3834} INFO - Setting next_dagrun for example_short_circuit_decorator to 2024-03-05 00:00:00+00:00, run_after=2024-03-06 00:00:00+00:00
[2024-03-06T13:46:36.320+0000] {processor.py:183} INFO - Processing /home/airflow/.local/lib/python3.11/site-packages/airflow/example_dags/example_short_circuit_decorator.py took 0.069 seconds
[2024-03-06T13:47:06.667+0000] {processor.py:161} INFO - Started process (PID=1407) to work on /home/airflow/.local/lib/python3.11/site-packages/airflow/example_dags/example_short_circuit_decorator.py
[2024-03-06T13:47:06.668+0000] {processor.py:830} INFO - Processing file /home/airflow/.local/lib/python3.11/site-packages/airflow/example_dags/example_short_circuit_decorator.py for tasks to queue
[2024-03-06T13:47:06.670+0000] {logging_mixin.py:188} INFO - [2024-03-06T13:47:06.670+0000] {dagbag.py:540} INFO - Filling up the DagBag from /home/airflow/.local/lib/python3.11/site-packages/airflow/example_dags/example_short_circuit_decorator.py
[2024-03-06T13:47:06.680+0000] {processor.py:840} INFO - DAG(s) 'example_short_circuit_decorator' retrieved from /home/airflow/.local/lib/python3.11/site-packages/airflow/example_dags/example_short_circuit_decorator.py
[2024-03-06T13:47:06.708+0000] {logging_mixin.py:188} INFO - [2024-03-06T13:47:06.707+0000] {dag.py:3047} INFO - Sync 1 DAGs
[2024-03-06T13:47:06.730+0000] {logging_mixin.py:188} INFO - [2024-03-06T13:47:06.730+0000] {dag.py:3834} INFO - Setting next_dagrun for example_short_circuit_decorator to 2024-03-05 00:00:00+00:00, run_after=2024-03-06 00:00:00+00:00
[2024-03-06T13:47:06.752+0000] {processor.py:183} INFO - Processing /home/airflow/.local/lib/python3.11/site-packages/airflow/example_dags/example_short_circuit_decorator.py took 0.089 seconds
[2024-03-06T13:47:38.133+0000] {processor.py:161} INFO - Started process (PID=1654) to work on /home/airflow/.local/lib/python3.11/site-packages/airflow/example_dags/example_short_circuit_decorator.py
[2024-03-06T13:47:38.137+0000] {processor.py:830} INFO - Processing file /home/airflow/.local/lib/python3.11/site-packages/airflow/example_dags/example_short_circuit_decorator.py for tasks to queue
[2024-03-06T13:47:38.139+0000] {logging_mixin.py:188} INFO - [2024-03-06T13:47:38.138+0000] {dagbag.py:540} INFO - Filling up the DagBag from /home/airflow/.local/lib/python3.11/site-packages/airflow/example_dags/example_short_circuit_decorator.py
[2024-03-06T13:47:38.178+0000] {processor.py:840} INFO - DAG(s) 'example_short_circuit_decorator' retrieved from /home/airflow/.local/lib/python3.11/site-packages/airflow/example_dags/example_short_circuit_decorator.py
[2024-03-06T13:47:38.253+0000] {logging_mixin.py:188} INFO - [2024-03-06T13:47:38.252+0000] {dag.py:3047} INFO - Sync 1 DAGs
[2024-03-06T13:47:38.340+0000] {logging_mixin.py:188} INFO - [2024-03-06T13:47:38.340+0000] {dag.py:3834} INFO - Setting next_dagrun for example_short_circuit_decorator to 2024-03-05 00:00:00+00:00, run_after=2024-03-06 00:00:00+00:00
[2024-03-06T13:47:38.418+0000] {processor.py:183} INFO - Processing /home/airflow/.local/lib/python3.11/site-packages/airflow/example_dags/example_short_circuit_decorator.py took 0.294 seconds
[2024-03-06T13:48:08.513+0000] {processor.py:161} INFO - Started process (PID=1898) to work on /home/airflow/.local/lib/python3.11/site-packages/airflow/example_dags/example_short_circuit_decorator.py
[2024-03-06T13:48:08.514+0000] {processor.py:830} INFO - Processing file /home/airflow/.local/lib/python3.11/site-packages/airflow/example_dags/example_short_circuit_decorator.py for tasks to queue
[2024-03-06T13:48:08.515+0000] {logging_mixin.py:188} INFO - [2024-03-06T13:48:08.515+0000] {dagbag.py:540} INFO - Filling up the DagBag from /home/airflow/.local/lib/python3.11/site-packages/airflow/example_dags/example_short_circuit_decorator.py
[2024-03-06T13:48:08.525+0000] {processor.py:840} INFO - DAG(s) 'example_short_circuit_decorator' retrieved from /home/airflow/.local/lib/python3.11/site-packages/airflow/example_dags/example_short_circuit_decorator.py
[2024-03-06T13:48:08.543+0000] {logging_mixin.py:188} INFO - [2024-03-06T13:48:08.543+0000] {dag.py:3047} INFO - Sync 1 DAGs
[2024-03-06T13:48:08.561+0000] {logging_mixin.py:188} INFO - [2024-03-06T13:48:08.561+0000] {dag.py:3834} INFO - Setting next_dagrun for example_short_circuit_decorator to 2024-03-05 00:00:00+00:00, run_after=2024-03-06 00:00:00+00:00
[2024-03-06T13:48:08.575+0000] {processor.py:183} INFO - Processing /home/airflow/.local/lib/python3.11/site-packages/airflow/example_dags/example_short_circuit_decorator.py took 0.065 seconds
[2024-03-06T13:48:39.016+0000] {processor.py:161} INFO - Started process (PID=2147) to work on /home/airflow/.local/lib/python3.11/site-packages/airflow/example_dags/example_short_circuit_decorator.py
[2024-03-06T13:48:39.018+0000] {processor.py:830} INFO - Processing file /home/airflow/.local/lib/python3.11/site-packages/airflow/example_dags/example_short_circuit_decorator.py for tasks to queue
[2024-03-06T13:48:39.020+0000] {logging_mixin.py:188} INFO - [2024-03-06T13:48:39.020+0000] {dagbag.py:540} INFO - Filling up the DagBag from /home/airflow/.local/lib/python3.11/site-packages/airflow/example_dags/example_short_circuit_decorator.py
[2024-03-06T13:48:39.041+0000] {processor.py:840} INFO - DAG(s) 'example_short_circuit_decorator' retrieved from /home/airflow/.local/lib/python3.11/site-packages/airflow/example_dags/example_short_circuit_decorator.py
[2024-03-06T13:48:39.086+0000] {logging_mixin.py:188} INFO - [2024-03-06T13:48:39.085+0000] {dag.py:3047} INFO - Sync 1 DAGs
[2024-03-06T13:48:39.133+0000] {logging_mixin.py:188} INFO - [2024-03-06T13:48:39.132+0000] {dag.py:3834} INFO - Setting next_dagrun for example_short_circuit_decorator to 2024-03-05 00:00:00+00:00, run_after=2024-03-06 00:00:00+00:00
[2024-03-06T13:48:39.176+0000] {processor.py:183} INFO - Processing /home/airflow/.local/lib/python3.11/site-packages/airflow/example_dags/example_short_circuit_decorator.py took 0.165 seconds
[2024-03-06T13:49:09.344+0000] {processor.py:161} INFO - Started process (PID=2396) to work on /home/airflow/.local/lib/python3.11/site-packages/airflow/example_dags/example_short_circuit_decorator.py
[2024-03-06T13:49:09.345+0000] {processor.py:830} INFO - Processing file /home/airflow/.local/lib/python3.11/site-packages/airflow/example_dags/example_short_circuit_decorator.py for tasks to queue
[2024-03-06T13:49:09.348+0000] {logging_mixin.py:188} INFO - [2024-03-06T13:49:09.348+0000] {dagbag.py:540} INFO - Filling up the DagBag from /home/airflow/.local/lib/python3.11/site-packages/airflow/example_dags/example_short_circuit_decorator.py
[2024-03-06T13:49:09.366+0000] {processor.py:840} INFO - DAG(s) 'example_short_circuit_decorator' retrieved from /home/airflow/.local/lib/python3.11/site-packages/airflow/example_dags/example_short_circuit_decorator.py
[2024-03-06T13:49:09.385+0000] {logging_mixin.py:188} INFO - [2024-03-06T13:49:09.385+0000] {dag.py:3047} INFO - Sync 1 DAGs
[2024-03-06T13:49:09.403+0000] {logging_mixin.py:188} INFO - [2024-03-06T13:49:09.403+0000] {dag.py:3834} INFO - Setting next_dagrun for example_short_circuit_decorator to 2024-03-05 00:00:00+00:00, run_after=2024-03-06 00:00:00+00:00
[2024-03-06T13:49:09.417+0000] {processor.py:183} INFO - Processing /home/airflow/.local/lib/python3.11/site-packages/airflow/example_dags/example_short_circuit_decorator.py took 0.076 seconds
[2024-03-06T13:49:39.669+0000] {processor.py:161} INFO - Started process (PID=2643) to work on /home/airflow/.local/lib/python3.11/site-packages/airflow/example_dags/example_short_circuit_decorator.py
[2024-03-06T13:49:39.670+0000] {processor.py:830} INFO - Processing file /home/airflow/.local/lib/python3.11/site-packages/airflow/example_dags/example_short_circuit_decorator.py for tasks to queue
[2024-03-06T13:49:39.671+0000] {logging_mixin.py:188} INFO - [2024-03-06T13:49:39.670+0000] {dagbag.py:540} INFO - Filling up the DagBag from /home/airflow/.local/lib/python3.11/site-packages/airflow/example_dags/example_short_circuit_decorator.py
[2024-03-06T13:49:39.680+0000] {processor.py:840} INFO - DAG(s) 'example_short_circuit_decorator' retrieved from /home/airflow/.local/lib/python3.11/site-packages/airflow/example_dags/example_short_circuit_decorator.py
[2024-03-06T13:49:39.699+0000] {logging_mixin.py:188} INFO - [2024-03-06T13:49:39.699+0000] {dag.py:3047} INFO - Sync 1 DAGs
[2024-03-06T13:49:39.719+0000] {logging_mixin.py:188} INFO - [2024-03-06T13:49:39.719+0000] {dag.py:3834} INFO - Setting next_dagrun for example_short_circuit_decorator to 2024-03-05 00:00:00+00:00, run_after=2024-03-06 00:00:00+00:00
[2024-03-06T13:49:39.735+0000] {processor.py:183} INFO - Processing /home/airflow/.local/lib/python3.11/site-packages/airflow/example_dags/example_short_circuit_decorator.py took 0.069 seconds
[2024-03-06T13:50:10.543+0000] {processor.py:161} INFO - Started process (PID=2890) to work on /home/airflow/.local/lib/python3.11/site-packages/airflow/example_dags/example_short_circuit_decorator.py
[2024-03-06T13:50:10.544+0000] {processor.py:830} INFO - Processing file /home/airflow/.local/lib/python3.11/site-packages/airflow/example_dags/example_short_circuit_decorator.py for tasks to queue
[2024-03-06T13:50:10.545+0000] {logging_mixin.py:188} INFO - [2024-03-06T13:50:10.545+0000] {dagbag.py:540} INFO - Filling up the DagBag from /home/airflow/.local/lib/python3.11/site-packages/airflow/example_dags/example_short_circuit_decorator.py
[2024-03-06T13:50:10.554+0000] {processor.py:840} INFO - DAG(s) 'example_short_circuit_decorator' retrieved from /home/airflow/.local/lib/python3.11/site-packages/airflow/example_dags/example_short_circuit_decorator.py
[2024-03-06T13:50:10.575+0000] {logging_mixin.py:188} INFO - [2024-03-06T13:50:10.574+0000] {dag.py:3047} INFO - Sync 1 DAGs
[2024-03-06T13:50:10.592+0000] {logging_mixin.py:188} INFO - [2024-03-06T13:50:10.592+0000] {dag.py:3834} INFO - Setting next_dagrun for example_short_circuit_decorator to 2024-03-05 00:00:00+00:00, run_after=2024-03-06 00:00:00+00:00
[2024-03-06T13:50:10.607+0000] {processor.py:183} INFO - Processing /home/airflow/.local/lib/python3.11/site-packages/airflow/example_dags/example_short_circuit_decorator.py took 0.067 seconds
[2024-03-06T13:50:41.299+0000] {processor.py:161} INFO - Started process (PID=3137) to work on /home/airflow/.local/lib/python3.11/site-packages/airflow/example_dags/example_short_circuit_decorator.py
[2024-03-06T13:50:41.299+0000] {processor.py:830} INFO - Processing file /home/airflow/.local/lib/python3.11/site-packages/airflow/example_dags/example_short_circuit_decorator.py for tasks to queue
[2024-03-06T13:50:41.301+0000] {logging_mixin.py:188} INFO - [2024-03-06T13:50:41.300+0000] {dagbag.py:540} INFO - Filling up the DagBag from /home/airflow/.local/lib/python3.11/site-packages/airflow/example_dags/example_short_circuit_decorator.py
[2024-03-06T13:50:41.310+0000] {processor.py:840} INFO - DAG(s) 'example_short_circuit_decorator' retrieved from /home/airflow/.local/lib/python3.11/site-packages/airflow/example_dags/example_short_circuit_decorator.py
[2024-03-06T13:50:41.329+0000] {logging_mixin.py:188} INFO - [2024-03-06T13:50:41.328+0000] {dag.py:3047} INFO - Sync 1 DAGs
[2024-03-06T13:50:41.346+0000] {logging_mixin.py:188} INFO - [2024-03-06T13:50:41.346+0000] {dag.py:3834} INFO - Setting next_dagrun for example_short_circuit_decorator to 2024-03-05 00:00:00+00:00, run_after=2024-03-06 00:00:00+00:00
[2024-03-06T13:50:41.362+0000] {processor.py:183} INFO - Processing /home/airflow/.local/lib/python3.11/site-packages/airflow/example_dags/example_short_circuit_decorator.py took 0.066 seconds
[2024-03-06T13:51:11.755+0000] {processor.py:161} INFO - Started process (PID=3384) to work on /home/airflow/.local/lib/python3.11/site-packages/airflow/example_dags/example_short_circuit_decorator.py
[2024-03-06T13:51:11.756+0000] {processor.py:830} INFO - Processing file /home/airflow/.local/lib/python3.11/site-packages/airflow/example_dags/example_short_circuit_decorator.py for tasks to queue
[2024-03-06T13:51:11.757+0000] {logging_mixin.py:188} INFO - [2024-03-06T13:51:11.757+0000] {dagbag.py:540} INFO - Filling up the DagBag from /home/airflow/.local/lib/python3.11/site-packages/airflow/example_dags/example_short_circuit_decorator.py
[2024-03-06T13:51:11.768+0000] {processor.py:840} INFO - DAG(s) 'example_short_circuit_decorator' retrieved from /home/airflow/.local/lib/python3.11/site-packages/airflow/example_dags/example_short_circuit_decorator.py
[2024-03-06T13:51:11.786+0000] {logging_mixin.py:188} INFO - [2024-03-06T13:51:11.785+0000] {dag.py:3047} INFO - Sync 1 DAGs
[2024-03-06T13:51:11.802+0000] {logging_mixin.py:188} INFO - [2024-03-06T13:51:11.802+0000] {dag.py:3834} INFO - Setting next_dagrun for example_short_circuit_decorator to 2024-03-05 00:00:00+00:00, run_after=2024-03-06 00:00:00+00:00
[2024-03-06T13:51:11.817+0000] {processor.py:183} INFO - Processing /home/airflow/.local/lib/python3.11/site-packages/airflow/example_dags/example_short_circuit_decorator.py took 0.065 seconds
[2024-03-06T13:51:42.198+0000] {processor.py:161} INFO - Started process (PID=3631) to work on /home/airflow/.local/lib/python3.11/site-packages/airflow/example_dags/example_short_circuit_decorator.py
[2024-03-06T13:51:42.199+0000] {processor.py:830} INFO - Processing file /home/airflow/.local/lib/python3.11/site-packages/airflow/example_dags/example_short_circuit_decorator.py for tasks to queue
[2024-03-06T13:51:42.200+0000] {logging_mixin.py:188} INFO - [2024-03-06T13:51:42.200+0000] {dagbag.py:540} INFO - Filling up the DagBag from /home/airflow/.local/lib/python3.11/site-packages/airflow/example_dags/example_short_circuit_decorator.py
[2024-03-06T13:51:42.209+0000] {processor.py:840} INFO - DAG(s) 'example_short_circuit_decorator' retrieved from /home/airflow/.local/lib/python3.11/site-packages/airflow/example_dags/example_short_circuit_decorator.py
[2024-03-06T13:51:42.226+0000] {logging_mixin.py:188} INFO - [2024-03-06T13:51:42.226+0000] {dag.py:3047} INFO - Sync 1 DAGs
[2024-03-06T13:51:42.242+0000] {logging_mixin.py:188} INFO - [2024-03-06T13:51:42.242+0000] {dag.py:3834} INFO - Setting next_dagrun for example_short_circuit_decorator to 2024-03-05 00:00:00+00:00, run_after=2024-03-06 00:00:00+00:00
[2024-03-06T13:51:42.255+0000] {processor.py:183} INFO - Processing /home/airflow/.local/lib/python3.11/site-packages/airflow/example_dags/example_short_circuit_decorator.py took 0.060 seconds
[2024-03-06T13:52:12.695+0000] {processor.py:161} INFO - Started process (PID=3878) to work on /home/airflow/.local/lib/python3.11/site-packages/airflow/example_dags/example_short_circuit_decorator.py
[2024-03-06T13:52:12.696+0000] {processor.py:830} INFO - Processing file /home/airflow/.local/lib/python3.11/site-packages/airflow/example_dags/example_short_circuit_decorator.py for tasks to queue
[2024-03-06T13:52:12.697+0000] {logging_mixin.py:188} INFO - [2024-03-06T13:52:12.697+0000] {dagbag.py:540} INFO - Filling up the DagBag from /home/airflow/.local/lib/python3.11/site-packages/airflow/example_dags/example_short_circuit_decorator.py
[2024-03-06T13:52:12.708+0000] {processor.py:840} INFO - DAG(s) 'example_short_circuit_decorator' retrieved from /home/airflow/.local/lib/python3.11/site-packages/airflow/example_dags/example_short_circuit_decorator.py
[2024-03-06T13:52:12.727+0000] {logging_mixin.py:188} INFO - [2024-03-06T13:52:12.726+0000] {dag.py:3047} INFO - Sync 1 DAGs
[2024-03-06T13:52:12.745+0000] {logging_mixin.py:188} INFO - [2024-03-06T13:52:12.744+0000] {dag.py:3834} INFO - Setting next_dagrun for example_short_circuit_decorator to 2024-03-05 00:00:00+00:00, run_after=2024-03-06 00:00:00+00:00
[2024-03-06T13:52:12.760+0000] {processor.py:183} INFO - Processing /home/airflow/.local/lib/python3.11/site-packages/airflow/example_dags/example_short_circuit_decorator.py took 0.068 seconds
[2024-03-06T13:52:43.126+0000] {processor.py:161} INFO - Started process (PID=4123) to work on /home/airflow/.local/lib/python3.11/site-packages/airflow/example_dags/example_short_circuit_decorator.py
[2024-03-06T13:52:43.127+0000] {processor.py:830} INFO - Processing file /home/airflow/.local/lib/python3.11/site-packages/airflow/example_dags/example_short_circuit_decorator.py for tasks to queue
[2024-03-06T13:52:43.129+0000] {logging_mixin.py:188} INFO - [2024-03-06T13:52:43.129+0000] {dagbag.py:540} INFO - Filling up the DagBag from /home/airflow/.local/lib/python3.11/site-packages/airflow/example_dags/example_short_circuit_decorator.py
[2024-03-06T13:52:43.140+0000] {processor.py:840} INFO - DAG(s) 'example_short_circuit_decorator' retrieved from /home/airflow/.local/lib/python3.11/site-packages/airflow/example_dags/example_short_circuit_decorator.py
[2024-03-06T13:52:43.165+0000] {logging_mixin.py:188} INFO - [2024-03-06T13:52:43.164+0000] {dag.py:3047} INFO - Sync 1 DAGs
[2024-03-06T13:52:43.188+0000] {logging_mixin.py:188} INFO - [2024-03-06T13:52:43.187+0000] {dag.py:3834} INFO - Setting next_dagrun for example_short_circuit_decorator to 2024-03-05 00:00:00+00:00, run_after=2024-03-06 00:00:00+00:00
[2024-03-06T13:52:43.207+0000] {processor.py:183} INFO - Processing /home/airflow/.local/lib/python3.11/site-packages/airflow/example_dags/example_short_circuit_decorator.py took 0.084 seconds
[2024-03-06T13:53:13.933+0000] {processor.py:161} INFO - Started process (PID=4369) to work on /home/airflow/.local/lib/python3.11/site-packages/airflow/example_dags/example_short_circuit_decorator.py
[2024-03-06T13:53:13.935+0000] {processor.py:830} INFO - Processing file /home/airflow/.local/lib/python3.11/site-packages/airflow/example_dags/example_short_circuit_decorator.py for tasks to queue
[2024-03-06T13:53:13.938+0000] {logging_mixin.py:188} INFO - [2024-03-06T13:53:13.937+0000] {dagbag.py:540} INFO - Filling up the DagBag from /home/airflow/.local/lib/python3.11/site-packages/airflow/example_dags/example_short_circuit_decorator.py
[2024-03-06T13:53:13.953+0000] {processor.py:840} INFO - DAG(s) 'example_short_circuit_decorator' retrieved from /home/airflow/.local/lib/python3.11/site-packages/airflow/example_dags/example_short_circuit_decorator.py
[2024-03-06T13:53:13.984+0000] {logging_mixin.py:188} INFO - [2024-03-06T13:53:13.984+0000] {dag.py:3047} INFO - Sync 1 DAGs
[2024-03-06T13:53:14.011+0000] {logging_mixin.py:188} INFO - [2024-03-06T13:53:14.011+0000] {dag.py:3834} INFO - Setting next_dagrun for example_short_circuit_decorator to 2024-03-05 00:00:00+00:00, run_after=2024-03-06 00:00:00+00:00
[2024-03-06T13:53:14.047+0000] {processor.py:183} INFO - Processing /home/airflow/.local/lib/python3.11/site-packages/airflow/example_dags/example_short_circuit_decorator.py took 0.121 seconds
[2024-03-06T13:53:44.639+0000] {processor.py:161} INFO - Started process (PID=4618) to work on /home/airflow/.local/lib/python3.11/site-packages/airflow/example_dags/example_short_circuit_decorator.py
[2024-03-06T13:53:44.640+0000] {processor.py:830} INFO - Processing file /home/airflow/.local/lib/python3.11/site-packages/airflow/example_dags/example_short_circuit_decorator.py for tasks to queue
[2024-03-06T13:53:44.641+0000] {logging_mixin.py:188} INFO - [2024-03-06T13:53:44.640+0000] {dagbag.py:540} INFO - Filling up the DagBag from /home/airflow/.local/lib/python3.11/site-packages/airflow/example_dags/example_short_circuit_decorator.py
[2024-03-06T13:53:44.652+0000] {processor.py:840} INFO - DAG(s) 'example_short_circuit_decorator' retrieved from /home/airflow/.local/lib/python3.11/site-packages/airflow/example_dags/example_short_circuit_decorator.py
[2024-03-06T13:53:44.670+0000] {logging_mixin.py:188} INFO - [2024-03-06T13:53:44.670+0000] {dag.py:3047} INFO - Sync 1 DAGs
[2024-03-06T13:53:44.688+0000] {logging_mixin.py:188} INFO - [2024-03-06T13:53:44.688+0000] {dag.py:3834} INFO - Setting next_dagrun for example_short_circuit_decorator to 2024-03-05 00:00:00+00:00, run_after=2024-03-06 00:00:00+00:00
[2024-03-06T13:53:44.703+0000] {processor.py:183} INFO - Processing /home/airflow/.local/lib/python3.11/site-packages/airflow/example_dags/example_short_circuit_decorator.py took 0.067 seconds
[2024-03-06T13:54:14.778+0000] {processor.py:161} INFO - Started process (PID=4863) to work on /home/airflow/.local/lib/python3.11/site-packages/airflow/example_dags/example_short_circuit_decorator.py
[2024-03-06T13:54:14.780+0000] {processor.py:830} INFO - Processing file /home/airflow/.local/lib/python3.11/site-packages/airflow/example_dags/example_short_circuit_decorator.py for tasks to queue
[2024-03-06T13:54:14.781+0000] {logging_mixin.py:188} INFO - [2024-03-06T13:54:14.780+0000] {dagbag.py:540} INFO - Filling up the DagBag from /home/airflow/.local/lib/python3.11/site-packages/airflow/example_dags/example_short_circuit_decorator.py
[2024-03-06T13:54:14.790+0000] {processor.py:840} INFO - DAG(s) 'example_short_circuit_decorator' retrieved from /home/airflow/.local/lib/python3.11/site-packages/airflow/example_dags/example_short_circuit_decorator.py
[2024-03-06T13:54:14.813+0000] {logging_mixin.py:188} INFO - [2024-03-06T13:54:14.812+0000] {dag.py:3047} INFO - Sync 1 DAGs
[2024-03-06T13:54:14.837+0000] {logging_mixin.py:188} INFO - [2024-03-06T13:54:14.837+0000] {dag.py:3834} INFO - Setting next_dagrun for example_short_circuit_decorator to 2024-03-05 00:00:00+00:00, run_after=2024-03-06 00:00:00+00:00
[2024-03-06T13:54:14.853+0000] {processor.py:183} INFO - Processing /home/airflow/.local/lib/python3.11/site-packages/airflow/example_dags/example_short_circuit_decorator.py took 0.078 seconds
[2024-03-06T13:54:45.302+0000] {processor.py:161} INFO - Started process (PID=5112) to work on /home/airflow/.local/lib/python3.11/site-packages/airflow/example_dags/example_short_circuit_decorator.py
[2024-03-06T13:54:45.303+0000] {processor.py:830} INFO - Processing file /home/airflow/.local/lib/python3.11/site-packages/airflow/example_dags/example_short_circuit_decorator.py for tasks to queue
[2024-03-06T13:54:45.304+0000] {logging_mixin.py:188} INFO - [2024-03-06T13:54:45.304+0000] {dagbag.py:540} INFO - Filling up the DagBag from /home/airflow/.local/lib/python3.11/site-packages/airflow/example_dags/example_short_circuit_decorator.py
[2024-03-06T13:54:45.313+0000] {processor.py:840} INFO - DAG(s) 'example_short_circuit_decorator' retrieved from /home/airflow/.local/lib/python3.11/site-packages/airflow/example_dags/example_short_circuit_decorator.py
[2024-03-06T13:54:45.330+0000] {logging_mixin.py:188} INFO - [2024-03-06T13:54:45.330+0000] {dag.py:3047} INFO - Sync 1 DAGs
[2024-03-06T13:54:45.347+0000] {logging_mixin.py:188} INFO - [2024-03-06T13:54:45.347+0000] {dag.py:3834} INFO - Setting next_dagrun for example_short_circuit_decorator to 2024-03-05 00:00:00+00:00, run_after=2024-03-06 00:00:00+00:00
[2024-03-06T13:54:45.362+0000] {processor.py:183} INFO - Processing /home/airflow/.local/lib/python3.11/site-packages/airflow/example_dags/example_short_circuit_decorator.py took 0.063 seconds
[2024-03-06T13:55:16.076+0000] {processor.py:161} INFO - Started process (PID=5357) to work on /home/airflow/.local/lib/python3.11/site-packages/airflow/example_dags/example_short_circuit_decorator.py
[2024-03-06T13:55:16.079+0000] {processor.py:830} INFO - Processing file /home/airflow/.local/lib/python3.11/site-packages/airflow/example_dags/example_short_circuit_decorator.py for tasks to queue
[2024-03-06T13:55:16.101+0000] {logging_mixin.py:188} INFO - [2024-03-06T13:55:16.082+0000] {dagbag.py:540} INFO - Filling up the DagBag from /home/airflow/.local/lib/python3.11/site-packages/airflow/example_dags/example_short_circuit_decorator.py
[2024-03-06T13:55:16.124+0000] {processor.py:840} INFO - DAG(s) 'example_short_circuit_decorator' retrieved from /home/airflow/.local/lib/python3.11/site-packages/airflow/example_dags/example_short_circuit_decorator.py
[2024-03-06T13:55:16.165+0000] {logging_mixin.py:188} INFO - [2024-03-06T13:55:16.165+0000] {dag.py:3047} INFO - Sync 1 DAGs
[2024-03-06T13:55:16.199+0000] {logging_mixin.py:188} INFO - [2024-03-06T13:55:16.199+0000] {dag.py:3834} INFO - Setting next_dagrun for example_short_circuit_decorator to 2024-03-05 00:00:00+00:00, run_after=2024-03-06 00:00:00+00:00
[2024-03-06T13:55:16.227+0000] {processor.py:183} INFO - Processing /home/airflow/.local/lib/python3.11/site-packages/airflow/example_dags/example_short_circuit_decorator.py took 0.165 seconds
[2024-03-06T13:55:46.484+0000] {processor.py:161} INFO - Started process (PID=5606) to work on /home/airflow/.local/lib/python3.11/site-packages/airflow/example_dags/example_short_circuit_decorator.py
[2024-03-06T13:55:46.485+0000] {processor.py:830} INFO - Processing file /home/airflow/.local/lib/python3.11/site-packages/airflow/example_dags/example_short_circuit_decorator.py for tasks to queue
[2024-03-06T13:55:46.486+0000] {logging_mixin.py:188} INFO - [2024-03-06T13:55:46.485+0000] {dagbag.py:540} INFO - Filling up the DagBag from /home/airflow/.local/lib/python3.11/site-packages/airflow/example_dags/example_short_circuit_decorator.py
[2024-03-06T13:55:46.500+0000] {processor.py:840} INFO - DAG(s) 'example_short_circuit_decorator' retrieved from /home/airflow/.local/lib/python3.11/site-packages/airflow/example_dags/example_short_circuit_decorator.py
[2024-03-06T13:55:46.528+0000] {logging_mixin.py:188} INFO - [2024-03-06T13:55:46.527+0000] {dag.py:3047} INFO - Sync 1 DAGs
[2024-03-06T13:55:46.552+0000] {logging_mixin.py:188} INFO - [2024-03-06T13:55:46.552+0000] {dag.py:3834} INFO - Setting next_dagrun for example_short_circuit_decorator to 2024-03-05 00:00:00+00:00, run_after=2024-03-06 00:00:00+00:00
[2024-03-06T13:55:46.585+0000] {processor.py:183} INFO - Processing /home/airflow/.local/lib/python3.11/site-packages/airflow/example_dags/example_short_circuit_decorator.py took 0.105 seconds
[2024-03-06T13:56:16.998+0000] {processor.py:161} INFO - Started process (PID=5852) to work on /home/airflow/.local/lib/python3.11/site-packages/airflow/example_dags/example_short_circuit_decorator.py
[2024-03-06T13:56:16.999+0000] {processor.py:830} INFO - Processing file /home/airflow/.local/lib/python3.11/site-packages/airflow/example_dags/example_short_circuit_decorator.py for tasks to queue
[2024-03-06T13:56:17.000+0000] {logging_mixin.py:188} INFO - [2024-03-06T13:56:16.999+0000] {dagbag.py:540} INFO - Filling up the DagBag from /home/airflow/.local/lib/python3.11/site-packages/airflow/example_dags/example_short_circuit_decorator.py
[2024-03-06T13:56:17.009+0000] {processor.py:840} INFO - DAG(s) 'example_short_circuit_decorator' retrieved from /home/airflow/.local/lib/python3.11/site-packages/airflow/example_dags/example_short_circuit_decorator.py
[2024-03-06T13:56:17.029+0000] {logging_mixin.py:188} INFO - [2024-03-06T13:56:17.029+0000] {dag.py:3047} INFO - Sync 1 DAGs
[2024-03-06T13:56:17.047+0000] {logging_mixin.py:188} INFO - [2024-03-06T13:56:17.047+0000] {dag.py:3834} INFO - Setting next_dagrun for example_short_circuit_decorator to 2024-03-05 00:00:00+00:00, run_after=2024-03-06 00:00:00+00:00
[2024-03-06T13:56:17.062+0000] {processor.py:183} INFO - Processing /home/airflow/.local/lib/python3.11/site-packages/airflow/example_dags/example_short_circuit_decorator.py took 0.067 seconds
[2024-03-06T13:56:47.468+0000] {processor.py:161} INFO - Started process (PID=6098) to work on /home/airflow/.local/lib/python3.11/site-packages/airflow/example_dags/example_short_circuit_decorator.py
[2024-03-06T13:56:47.470+0000] {processor.py:830} INFO - Processing file /home/airflow/.local/lib/python3.11/site-packages/airflow/example_dags/example_short_circuit_decorator.py for tasks to queue
[2024-03-06T13:56:47.473+0000] {logging_mixin.py:188} INFO - [2024-03-06T13:56:47.472+0000] {dagbag.py:540} INFO - Filling up the DagBag from /home/airflow/.local/lib/python3.11/site-packages/airflow/example_dags/example_short_circuit_decorator.py
[2024-03-06T13:56:47.484+0000] {processor.py:840} INFO - DAG(s) 'example_short_circuit_decorator' retrieved from /home/airflow/.local/lib/python3.11/site-packages/airflow/example_dags/example_short_circuit_decorator.py
[2024-03-06T13:56:47.506+0000] {logging_mixin.py:188} INFO - [2024-03-06T13:56:47.506+0000] {dag.py:3047} INFO - Sync 1 DAGs
[2024-03-06T13:56:47.527+0000] {logging_mixin.py:188} INFO - [2024-03-06T13:56:47.527+0000] {dag.py:3834} INFO - Setting next_dagrun for example_short_circuit_decorator to 2024-03-05 00:00:00+00:00, run_after=2024-03-06 00:00:00+00:00
[2024-03-06T13:56:47.551+0000] {processor.py:183} INFO - Processing /home/airflow/.local/lib/python3.11/site-packages/airflow/example_dags/example_short_circuit_decorator.py took 0.088 seconds
[2024-03-06T13:57:17.683+0000] {processor.py:161} INFO - Started process (PID=6345) to work on /home/airflow/.local/lib/python3.11/site-packages/airflow/example_dags/example_short_circuit_decorator.py
[2024-03-06T13:57:17.684+0000] {processor.py:830} INFO - Processing file /home/airflow/.local/lib/python3.11/site-packages/airflow/example_dags/example_short_circuit_decorator.py for tasks to queue
[2024-03-06T13:57:17.685+0000] {logging_mixin.py:188} INFO - [2024-03-06T13:57:17.685+0000] {dagbag.py:540} INFO - Filling up the DagBag from /home/airflow/.local/lib/python3.11/site-packages/airflow/example_dags/example_short_circuit_decorator.py
[2024-03-06T13:57:17.694+0000] {processor.py:840} INFO - DAG(s) 'example_short_circuit_decorator' retrieved from /home/airflow/.local/lib/python3.11/site-packages/airflow/example_dags/example_short_circuit_decorator.py
[2024-03-06T13:57:17.714+0000] {logging_mixin.py:188} INFO - [2024-03-06T13:57:17.714+0000] {dag.py:3047} INFO - Sync 1 DAGs
[2024-03-06T13:57:17.732+0000] {logging_mixin.py:188} INFO - [2024-03-06T13:57:17.732+0000] {dag.py:3834} INFO - Setting next_dagrun for example_short_circuit_decorator to 2024-03-05 00:00:00+00:00, run_after=2024-03-06 00:00:00+00:00
[2024-03-06T13:57:17.750+0000] {processor.py:183} INFO - Processing /home/airflow/.local/lib/python3.11/site-packages/airflow/example_dags/example_short_circuit_decorator.py took 0.069 seconds
[2024-03-06T13:57:47.986+0000] {processor.py:161} INFO - Started process (PID=6592) to work on /home/airflow/.local/lib/python3.11/site-packages/airflow/example_dags/example_short_circuit_decorator.py
[2024-03-06T13:57:47.987+0000] {processor.py:830} INFO - Processing file /home/airflow/.local/lib/python3.11/site-packages/airflow/example_dags/example_short_circuit_decorator.py for tasks to queue
[2024-03-06T13:57:47.988+0000] {logging_mixin.py:188} INFO - [2024-03-06T13:57:47.988+0000] {dagbag.py:540} INFO - Filling up the DagBag from /home/airflow/.local/lib/python3.11/site-packages/airflow/example_dags/example_short_circuit_decorator.py
[2024-03-06T13:57:47.997+0000] {processor.py:840} INFO - DAG(s) 'example_short_circuit_decorator' retrieved from /home/airflow/.local/lib/python3.11/site-packages/airflow/example_dags/example_short_circuit_decorator.py
[2024-03-06T13:57:48.017+0000] {logging_mixin.py:188} INFO - [2024-03-06T13:57:48.017+0000] {dag.py:3047} INFO - Sync 1 DAGs
[2024-03-06T13:57:48.036+0000] {logging_mixin.py:188} INFO - [2024-03-06T13:57:48.035+0000] {dag.py:3834} INFO - Setting next_dagrun for example_short_circuit_decorator to 2024-03-05 00:00:00+00:00, run_after=2024-03-06 00:00:00+00:00
[2024-03-06T13:57:48.052+0000] {processor.py:183} INFO - Processing /home/airflow/.local/lib/python3.11/site-packages/airflow/example_dags/example_short_circuit_decorator.py took 0.069 seconds
[2024-03-06T13:58:18.914+0000] {processor.py:161} INFO - Started process (PID=6838) to work on /home/airflow/.local/lib/python3.11/site-packages/airflow/example_dags/example_short_circuit_decorator.py
[2024-03-06T13:58:18.915+0000] {processor.py:830} INFO - Processing file /home/airflow/.local/lib/python3.11/site-packages/airflow/example_dags/example_short_circuit_decorator.py for tasks to queue
[2024-03-06T13:58:18.917+0000] {logging_mixin.py:188} INFO - [2024-03-06T13:58:18.916+0000] {dagbag.py:540} INFO - Filling up the DagBag from /home/airflow/.local/lib/python3.11/site-packages/airflow/example_dags/example_short_circuit_decorator.py
[2024-03-06T13:58:18.932+0000] {processor.py:840} INFO - DAG(s) 'example_short_circuit_decorator' retrieved from /home/airflow/.local/lib/python3.11/site-packages/airflow/example_dags/example_short_circuit_decorator.py
[2024-03-06T13:58:18.957+0000] {logging_mixin.py:188} INFO - [2024-03-06T13:58:18.957+0000] {dag.py:3047} INFO - Sync 1 DAGs
[2024-03-06T13:58:18.981+0000] {logging_mixin.py:188} INFO - [2024-03-06T13:58:18.980+0000] {dag.py:3834} INFO - Setting next_dagrun for example_short_circuit_decorator to 2024-03-05 00:00:00+00:00, run_after=2024-03-06 00:00:00+00:00
[2024-03-06T13:58:19.000+0000] {processor.py:183} INFO - Processing /home/airflow/.local/lib/python3.11/site-packages/airflow/example_dags/example_short_circuit_decorator.py took 0.091 seconds
[2024-03-06T13:58:49.505+0000] {processor.py:161} INFO - Started process (PID=7082) to work on /home/airflow/.local/lib/python3.11/site-packages/airflow/example_dags/example_short_circuit_decorator.py
[2024-03-06T13:58:49.516+0000] {processor.py:830} INFO - Processing file /home/airflow/.local/lib/python3.11/site-packages/airflow/example_dags/example_short_circuit_decorator.py for tasks to queue
[2024-03-06T13:58:49.526+0000] {logging_mixin.py:188} INFO - [2024-03-06T13:58:49.524+0000] {dagbag.py:540} INFO - Filling up the DagBag from /home/airflow/.local/lib/python3.11/site-packages/airflow/example_dags/example_short_circuit_decorator.py
[2024-03-06T13:58:49.566+0000] {processor.py:840} INFO - DAG(s) 'example_short_circuit_decorator' retrieved from /home/airflow/.local/lib/python3.11/site-packages/airflow/example_dags/example_short_circuit_decorator.py
[2024-03-06T13:58:49.641+0000] {logging_mixin.py:188} INFO - [2024-03-06T13:58:49.640+0000] {dag.py:3047} INFO - Sync 1 DAGs
[2024-03-06T13:58:49.753+0000] {logging_mixin.py:188} INFO - [2024-03-06T13:58:49.753+0000] {dag.py:3834} INFO - Setting next_dagrun for example_short_circuit_decorator to 2024-03-05 00:00:00+00:00, run_after=2024-03-06 00:00:00+00:00
[2024-03-06T13:58:49.878+0000] {processor.py:183} INFO - Processing /home/airflow/.local/lib/python3.11/site-packages/airflow/example_dags/example_short_circuit_decorator.py took 0.390 seconds
[2024-03-06T13:59:20.276+0000] {processor.py:161} INFO - Started process (PID=7331) to work on /home/airflow/.local/lib/python3.11/site-packages/airflow/example_dags/example_short_circuit_decorator.py
[2024-03-06T13:59:20.278+0000] {processor.py:830} INFO - Processing file /home/airflow/.local/lib/python3.11/site-packages/airflow/example_dags/example_short_circuit_decorator.py for tasks to queue
[2024-03-06T13:59:20.279+0000] {logging_mixin.py:188} INFO - [2024-03-06T13:59:20.279+0000] {dagbag.py:540} INFO - Filling up the DagBag from /home/airflow/.local/lib/python3.11/site-packages/airflow/example_dags/example_short_circuit_decorator.py
[2024-03-06T13:59:20.291+0000] {processor.py:840} INFO - DAG(s) 'example_short_circuit_decorator' retrieved from /home/airflow/.local/lib/python3.11/site-packages/airflow/example_dags/example_short_circuit_decorator.py
[2024-03-06T13:59:20.317+0000] {logging_mixin.py:188} INFO - [2024-03-06T13:59:20.317+0000] {dag.py:3047} INFO - Sync 1 DAGs
[2024-03-06T13:59:20.350+0000] {logging_mixin.py:188} INFO - [2024-03-06T13:59:20.349+0000] {dag.py:3834} INFO - Setting next_dagrun for example_short_circuit_decorator to 2024-03-05 00:00:00+00:00, run_after=2024-03-06 00:00:00+00:00
[2024-03-06T13:59:20.395+0000] {processor.py:183} INFO - Processing /home/airflow/.local/lib/python3.11/site-packages/airflow/example_dags/example_short_circuit_decorator.py took 0.123 seconds
[2024-03-06T13:59:50.556+0000] {processor.py:161} INFO - Started process (PID=7576) to work on /home/airflow/.local/lib/python3.11/site-packages/airflow/example_dags/example_short_circuit_decorator.py
[2024-03-06T13:59:50.558+0000] {processor.py:830} INFO - Processing file /home/airflow/.local/lib/python3.11/site-packages/airflow/example_dags/example_short_circuit_decorator.py for tasks to queue
[2024-03-06T13:59:50.559+0000] {logging_mixin.py:188} INFO - [2024-03-06T13:59:50.558+0000] {dagbag.py:540} INFO - Filling up the DagBag from /home/airflow/.local/lib/python3.11/site-packages/airflow/example_dags/example_short_circuit_decorator.py
[2024-03-06T13:59:50.572+0000] {processor.py:840} INFO - DAG(s) 'example_short_circuit_decorator' retrieved from /home/airflow/.local/lib/python3.11/site-packages/airflow/example_dags/example_short_circuit_decorator.py
[2024-03-06T13:59:50.597+0000] {logging_mixin.py:188} INFO - [2024-03-06T13:59:50.597+0000] {dag.py:3047} INFO - Sync 1 DAGs
[2024-03-06T13:59:50.627+0000] {logging_mixin.py:188} INFO - [2024-03-06T13:59:50.627+0000] {dag.py:3834} INFO - Setting next_dagrun for example_short_circuit_decorator to 2024-03-05 00:00:00+00:00, run_after=2024-03-06 00:00:00+00:00
[2024-03-06T13:59:50.659+0000] {processor.py:183} INFO - Processing /home/airflow/.local/lib/python3.11/site-packages/airflow/example_dags/example_short_circuit_decorator.py took 0.107 seconds
[2024-03-06T14:00:21.339+0000] {processor.py:161} INFO - Started process (PID=7824) to work on /home/airflow/.local/lib/python3.11/site-packages/airflow/example_dags/example_short_circuit_decorator.py
[2024-03-06T14:00:21.340+0000] {processor.py:830} INFO - Processing file /home/airflow/.local/lib/python3.11/site-packages/airflow/example_dags/example_short_circuit_decorator.py for tasks to queue
[2024-03-06T14:00:21.342+0000] {logging_mixin.py:188} INFO - [2024-03-06T14:00:21.341+0000] {dagbag.py:540} INFO - Filling up the DagBag from /home/airflow/.local/lib/python3.11/site-packages/airflow/example_dags/example_short_circuit_decorator.py
[2024-03-06T14:00:21.352+0000] {processor.py:840} INFO - DAG(s) 'example_short_circuit_decorator' retrieved from /home/airflow/.local/lib/python3.11/site-packages/airflow/example_dags/example_short_circuit_decorator.py
[2024-03-06T14:00:21.379+0000] {logging_mixin.py:188} INFO - [2024-03-06T14:00:21.378+0000] {dag.py:3047} INFO - Sync 1 DAGs
[2024-03-06T14:00:21.405+0000] {logging_mixin.py:188} INFO - [2024-03-06T14:00:21.405+0000] {dag.py:3834} INFO - Setting next_dagrun for example_short_circuit_decorator to 2024-03-05 00:00:00+00:00, run_after=2024-03-06 00:00:00+00:00
[2024-03-06T14:00:21.429+0000] {processor.py:183} INFO - Processing /home/airflow/.local/lib/python3.11/site-packages/airflow/example_dags/example_short_circuit_decorator.py took 0.094 seconds
[2024-03-06T14:00:51.590+0000] {processor.py:161} INFO - Started process (PID=8071) to work on /home/airflow/.local/lib/python3.11/site-packages/airflow/example_dags/example_short_circuit_decorator.py
[2024-03-06T14:00:51.591+0000] {processor.py:830} INFO - Processing file /home/airflow/.local/lib/python3.11/site-packages/airflow/example_dags/example_short_circuit_decorator.py for tasks to queue
[2024-03-06T14:00:51.593+0000] {logging_mixin.py:188} INFO - [2024-03-06T14:00:51.592+0000] {dagbag.py:540} INFO - Filling up the DagBag from /home/airflow/.local/lib/python3.11/site-packages/airflow/example_dags/example_short_circuit_decorator.py
[2024-03-06T14:00:51.603+0000] {processor.py:840} INFO - DAG(s) 'example_short_circuit_decorator' retrieved from /home/airflow/.local/lib/python3.11/site-packages/airflow/example_dags/example_short_circuit_decorator.py
[2024-03-06T14:00:51.625+0000] {logging_mixin.py:188} INFO - [2024-03-06T14:00:51.624+0000] {dag.py:3047} INFO - Sync 1 DAGs
[2024-03-06T14:00:51.645+0000] {logging_mixin.py:188} INFO - [2024-03-06T14:00:51.645+0000] {dag.py:3834} INFO - Setting next_dagrun for example_short_circuit_decorator to 2024-03-05 00:00:00+00:00, run_after=2024-03-06 00:00:00+00:00
[2024-03-06T14:00:51.663+0000] {processor.py:183} INFO - Processing /home/airflow/.local/lib/python3.11/site-packages/airflow/example_dags/example_short_circuit_decorator.py took 0.076 seconds
[2024-03-06T14:01:22.291+0000] {processor.py:161} INFO - Started process (PID=8317) to work on /home/airflow/.local/lib/python3.11/site-packages/airflow/example_dags/example_short_circuit_decorator.py
[2024-03-06T14:01:22.294+0000] {processor.py:830} INFO - Processing file /home/airflow/.local/lib/python3.11/site-packages/airflow/example_dags/example_short_circuit_decorator.py for tasks to queue
[2024-03-06T14:01:22.295+0000] {logging_mixin.py:188} INFO - [2024-03-06T14:01:22.295+0000] {dagbag.py:540} INFO - Filling up the DagBag from /home/airflow/.local/lib/python3.11/site-packages/airflow/example_dags/example_short_circuit_decorator.py
[2024-03-06T14:01:22.313+0000] {processor.py:840} INFO - DAG(s) 'example_short_circuit_decorator' retrieved from /home/airflow/.local/lib/python3.11/site-packages/airflow/example_dags/example_short_circuit_decorator.py
[2024-03-06T14:01:22.361+0000] {logging_mixin.py:188} INFO - [2024-03-06T14:01:22.360+0000] {dag.py:3047} INFO - Sync 1 DAGs
[2024-03-06T14:01:22.404+0000] {logging_mixin.py:188} INFO - [2024-03-06T14:01:22.403+0000] {dag.py:3834} INFO - Setting next_dagrun for example_short_circuit_decorator to 2024-03-05 00:00:00+00:00, run_after=2024-03-06 00:00:00+00:00
[2024-03-06T14:01:22.425+0000] {processor.py:183} INFO - Processing /home/airflow/.local/lib/python3.11/site-packages/airflow/example_dags/example_short_circuit_decorator.py took 0.141 seconds
[2024-03-06T14:01:53.011+0000] {processor.py:161} INFO - Started process (PID=8564) to work on /home/airflow/.local/lib/python3.11/site-packages/airflow/example_dags/example_short_circuit_decorator.py
[2024-03-06T14:01:53.013+0000] {processor.py:830} INFO - Processing file /home/airflow/.local/lib/python3.11/site-packages/airflow/example_dags/example_short_circuit_decorator.py for tasks to queue
[2024-03-06T14:01:53.016+0000] {logging_mixin.py:188} INFO - [2024-03-06T14:01:53.016+0000] {dagbag.py:540} INFO - Filling up the DagBag from /home/airflow/.local/lib/python3.11/site-packages/airflow/example_dags/example_short_circuit_decorator.py
[2024-03-06T14:01:53.031+0000] {processor.py:840} INFO - DAG(s) 'example_short_circuit_decorator' retrieved from /home/airflow/.local/lib/python3.11/site-packages/airflow/example_dags/example_short_circuit_decorator.py
[2024-03-06T14:01:53.056+0000] {logging_mixin.py:188} INFO - [2024-03-06T14:01:53.056+0000] {dag.py:3047} INFO - Sync 1 DAGs
[2024-03-06T14:01:53.085+0000] {logging_mixin.py:188} INFO - [2024-03-06T14:01:53.085+0000] {dag.py:3834} INFO - Setting next_dagrun for example_short_circuit_decorator to 2024-03-05 00:00:00+00:00, run_after=2024-03-06 00:00:00+00:00
[2024-03-06T14:01:53.110+0000] {processor.py:183} INFO - Processing /home/airflow/.local/lib/python3.11/site-packages/airflow/example_dags/example_short_circuit_decorator.py took 0.102 seconds
[2024-03-06T14:02:23.984+0000] {processor.py:161} INFO - Started process (PID=8809) to work on /home/airflow/.local/lib/python3.11/site-packages/airflow/example_dags/example_short_circuit_decorator.py
[2024-03-06T14:02:23.986+0000] {processor.py:830} INFO - Processing file /home/airflow/.local/lib/python3.11/site-packages/airflow/example_dags/example_short_circuit_decorator.py for tasks to queue
[2024-03-06T14:02:23.987+0000] {logging_mixin.py:188} INFO - [2024-03-06T14:02:23.986+0000] {dagbag.py:540} INFO - Filling up the DagBag from /home/airflow/.local/lib/python3.11/site-packages/airflow/example_dags/example_short_circuit_decorator.py
[2024-03-06T14:02:23.997+0000] {processor.py:840} INFO - DAG(s) 'example_short_circuit_decorator' retrieved from /home/airflow/.local/lib/python3.11/site-packages/airflow/example_dags/example_short_circuit_decorator.py
[2024-03-06T14:02:24.019+0000] {logging_mixin.py:188} INFO - [2024-03-06T14:02:24.018+0000] {dag.py:3047} INFO - Sync 1 DAGs
[2024-03-06T14:02:24.039+0000] {logging_mixin.py:188} INFO - [2024-03-06T14:02:24.038+0000] {dag.py:3834} INFO - Setting next_dagrun for example_short_circuit_decorator to 2024-03-05 00:00:00+00:00, run_after=2024-03-06 00:00:00+00:00
[2024-03-06T14:02:24.082+0000] {processor.py:183} INFO - Processing /home/airflow/.local/lib/python3.11/site-packages/airflow/example_dags/example_short_circuit_decorator.py took 0.102 seconds
[2024-03-06T14:02:54.186+0000] {processor.py:161} INFO - Started process (PID=9056) to work on /home/airflow/.local/lib/python3.11/site-packages/airflow/example_dags/example_short_circuit_decorator.py
[2024-03-06T14:02:54.187+0000] {processor.py:830} INFO - Processing file /home/airflow/.local/lib/python3.11/site-packages/airflow/example_dags/example_short_circuit_decorator.py for tasks to queue
[2024-03-06T14:02:54.189+0000] {logging_mixin.py:188} INFO - [2024-03-06T14:02:54.188+0000] {dagbag.py:540} INFO - Filling up the DagBag from /home/airflow/.local/lib/python3.11/site-packages/airflow/example_dags/example_short_circuit_decorator.py
[2024-03-06T14:02:54.199+0000] {processor.py:840} INFO - DAG(s) 'example_short_circuit_decorator' retrieved from /home/airflow/.local/lib/python3.11/site-packages/airflow/example_dags/example_short_circuit_decorator.py
[2024-03-06T14:02:54.219+0000] {logging_mixin.py:188} INFO - [2024-03-06T14:02:54.218+0000] {dag.py:3047} INFO - Sync 1 DAGs
[2024-03-06T14:02:54.241+0000] {logging_mixin.py:188} INFO - [2024-03-06T14:02:54.240+0000] {dag.py:3834} INFO - Setting next_dagrun for example_short_circuit_decorator to 2024-03-05 00:00:00+00:00, run_after=2024-03-06 00:00:00+00:00
[2024-03-06T14:02:54.260+0000] {processor.py:183} INFO - Processing /home/airflow/.local/lib/python3.11/site-packages/airflow/example_dags/example_short_circuit_decorator.py took 0.077 seconds
[2024-03-06T14:03:24.407+0000] {processor.py:161} INFO - Started process (PID=9303) to work on /home/airflow/.local/lib/python3.11/site-packages/airflow/example_dags/example_short_circuit_decorator.py
[2024-03-06T14:03:24.408+0000] {processor.py:830} INFO - Processing file /home/airflow/.local/lib/python3.11/site-packages/airflow/example_dags/example_short_circuit_decorator.py for tasks to queue
[2024-03-06T14:03:24.409+0000] {logging_mixin.py:188} INFO - [2024-03-06T14:03:24.409+0000] {dagbag.py:540} INFO - Filling up the DagBag from /home/airflow/.local/lib/python3.11/site-packages/airflow/example_dags/example_short_circuit_decorator.py
[2024-03-06T14:03:24.419+0000] {processor.py:840} INFO - DAG(s) 'example_short_circuit_decorator' retrieved from /home/airflow/.local/lib/python3.11/site-packages/airflow/example_dags/example_short_circuit_decorator.py
[2024-03-06T14:03:24.440+0000] {logging_mixin.py:188} INFO - [2024-03-06T14:03:24.440+0000] {dag.py:3047} INFO - Sync 1 DAGs
[2024-03-06T14:03:24.466+0000] {logging_mixin.py:188} INFO - [2024-03-06T14:03:24.466+0000] {dag.py:3834} INFO - Setting next_dagrun for example_short_circuit_decorator to 2024-03-05 00:00:00+00:00, run_after=2024-03-06 00:00:00+00:00
[2024-03-06T14:03:24.493+0000] {processor.py:183} INFO - Processing /home/airflow/.local/lib/python3.11/site-packages/airflow/example_dags/example_short_circuit_decorator.py took 0.089 seconds
[2024-03-06T14:03:55.079+0000] {processor.py:161} INFO - Started process (PID=9550) to work on /home/airflow/.local/lib/python3.11/site-packages/airflow/example_dags/example_short_circuit_decorator.py
[2024-03-06T14:03:55.081+0000] {processor.py:830} INFO - Processing file /home/airflow/.local/lib/python3.11/site-packages/airflow/example_dags/example_short_circuit_decorator.py for tasks to queue
[2024-03-06T14:03:55.083+0000] {logging_mixin.py:188} INFO - [2024-03-06T14:03:55.083+0000] {dagbag.py:540} INFO - Filling up the DagBag from /home/airflow/.local/lib/python3.11/site-packages/airflow/example_dags/example_short_circuit_decorator.py
[2024-03-06T14:03:55.097+0000] {processor.py:840} INFO - DAG(s) 'example_short_circuit_decorator' retrieved from /home/airflow/.local/lib/python3.11/site-packages/airflow/example_dags/example_short_circuit_decorator.py
[2024-03-06T14:03:55.123+0000] {logging_mixin.py:188} INFO - [2024-03-06T14:03:55.123+0000] {dag.py:3047} INFO - Sync 1 DAGs
[2024-03-06T14:03:55.146+0000] {logging_mixin.py:188} INFO - [2024-03-06T14:03:55.145+0000] {dag.py:3834} INFO - Setting next_dagrun for example_short_circuit_decorator to 2024-03-05 00:00:00+00:00, run_after=2024-03-06 00:00:00+00:00
[2024-03-06T14:03:55.182+0000] {processor.py:183} INFO - Processing /home/airflow/.local/lib/python3.11/site-packages/airflow/example_dags/example_short_circuit_decorator.py took 0.108 seconds
[2024-03-06T14:04:25.242+0000] {processor.py:161} INFO - Started process (PID=9797) to work on /home/airflow/.local/lib/python3.11/site-packages/airflow/example_dags/example_short_circuit_decorator.py
[2024-03-06T14:04:25.243+0000] {processor.py:830} INFO - Processing file /home/airflow/.local/lib/python3.11/site-packages/airflow/example_dags/example_short_circuit_decorator.py for tasks to queue
[2024-03-06T14:04:25.244+0000] {logging_mixin.py:188} INFO - [2024-03-06T14:04:25.244+0000] {dagbag.py:540} INFO - Filling up the DagBag from /home/airflow/.local/lib/python3.11/site-packages/airflow/example_dags/example_short_circuit_decorator.py
[2024-03-06T14:04:25.254+0000] {processor.py:840} INFO - DAG(s) 'example_short_circuit_decorator' retrieved from /home/airflow/.local/lib/python3.11/site-packages/airflow/example_dags/example_short_circuit_decorator.py
[2024-03-06T14:04:25.284+0000] {logging_mixin.py:188} INFO - [2024-03-06T14:04:25.283+0000] {dag.py:3047} INFO - Sync 1 DAGs
[2024-03-06T14:04:25.307+0000] {logging_mixin.py:188} INFO - [2024-03-06T14:04:25.307+0000] {dag.py:3834} INFO - Setting next_dagrun for example_short_circuit_decorator to 2024-03-05 00:00:00+00:00, run_after=2024-03-06 00:00:00+00:00
[2024-03-06T14:04:25.331+0000] {processor.py:183} INFO - Processing /home/airflow/.local/lib/python3.11/site-packages/airflow/example_dags/example_short_circuit_decorator.py took 0.092 seconds
[2024-03-06T14:04:55.650+0000] {processor.py:161} INFO - Started process (PID=10044) to work on /home/airflow/.local/lib/python3.11/site-packages/airflow/example_dags/example_short_circuit_decorator.py
[2024-03-06T14:04:55.653+0000] {processor.py:830} INFO - Processing file /home/airflow/.local/lib/python3.11/site-packages/airflow/example_dags/example_short_circuit_decorator.py for tasks to queue
[2024-03-06T14:04:55.655+0000] {logging_mixin.py:188} INFO - [2024-03-06T14:04:55.654+0000] {dagbag.py:540} INFO - Filling up the DagBag from /home/airflow/.local/lib/python3.11/site-packages/airflow/example_dags/example_short_circuit_decorator.py
[2024-03-06T14:04:55.675+0000] {processor.py:840} INFO - DAG(s) 'example_short_circuit_decorator' retrieved from /home/airflow/.local/lib/python3.11/site-packages/airflow/example_dags/example_short_circuit_decorator.py
[2024-03-06T14:04:55.704+0000] {logging_mixin.py:188} INFO - [2024-03-06T14:04:55.704+0000] {dag.py:3047} INFO - Sync 1 DAGs
[2024-03-06T14:04:55.733+0000] {logging_mixin.py:188} INFO - [2024-03-06T14:04:55.733+0000] {dag.py:3834} INFO - Setting next_dagrun for example_short_circuit_decorator to 2024-03-05 00:00:00+00:00, run_after=2024-03-06 00:00:00+00:00
[2024-03-06T14:04:55.757+0000] {processor.py:183} INFO - Processing /home/airflow/.local/lib/python3.11/site-packages/airflow/example_dags/example_short_circuit_decorator.py took 0.110 seconds
[2024-03-06T14:05:25.964+0000] {processor.py:161} INFO - Started process (PID=10297) to work on /home/airflow/.local/lib/python3.11/site-packages/airflow/example_dags/example_short_circuit_decorator.py
[2024-03-06T14:05:25.967+0000] {processor.py:830} INFO - Processing file /home/airflow/.local/lib/python3.11/site-packages/airflow/example_dags/example_short_circuit_decorator.py for tasks to queue
[2024-03-06T14:05:25.970+0000] {logging_mixin.py:188} INFO - [2024-03-06T14:05:25.969+0000] {dagbag.py:540} INFO - Filling up the DagBag from /home/airflow/.local/lib/python3.11/site-packages/airflow/example_dags/example_short_circuit_decorator.py
[2024-03-06T14:05:25.985+0000] {processor.py:840} INFO - DAG(s) 'example_short_circuit_decorator' retrieved from /home/airflow/.local/lib/python3.11/site-packages/airflow/example_dags/example_short_circuit_decorator.py
[2024-03-06T14:05:26.027+0000] {logging_mixin.py:188} INFO - [2024-03-06T14:05:26.026+0000] {dag.py:3047} INFO - Sync 1 DAGs
[2024-03-06T14:05:26.057+0000] {logging_mixin.py:188} INFO - [2024-03-06T14:05:26.057+0000] {dag.py:3834} INFO - Setting next_dagrun for example_short_circuit_decorator to 2024-03-05 00:00:00+00:00, run_after=2024-03-06 00:00:00+00:00
[2024-03-06T14:05:26.081+0000] {processor.py:183} INFO - Processing /home/airflow/.local/lib/python3.11/site-packages/airflow/example_dags/example_short_circuit_decorator.py took 0.121 seconds
[2024-03-06T14:05:56.194+0000] {processor.py:161} INFO - Started process (PID=10544) to work on /home/airflow/.local/lib/python3.11/site-packages/airflow/example_dags/example_short_circuit_decorator.py
[2024-03-06T14:05:56.196+0000] {processor.py:830} INFO - Processing file /home/airflow/.local/lib/python3.11/site-packages/airflow/example_dags/example_short_circuit_decorator.py for tasks to queue
[2024-03-06T14:05:56.201+0000] {logging_mixin.py:188} INFO - [2024-03-06T14:05:56.200+0000] {dagbag.py:540} INFO - Filling up the DagBag from /home/airflow/.local/lib/python3.11/site-packages/airflow/example_dags/example_short_circuit_decorator.py
[2024-03-06T14:05:56.223+0000] {processor.py:840} INFO - DAG(s) 'example_short_circuit_decorator' retrieved from /home/airflow/.local/lib/python3.11/site-packages/airflow/example_dags/example_short_circuit_decorator.py
[2024-03-06T14:05:56.247+0000] {logging_mixin.py:188} INFO - [2024-03-06T14:05:56.247+0000] {dag.py:3047} INFO - Sync 1 DAGs
[2024-03-06T14:05:56.268+0000] {logging_mixin.py:188} INFO - [2024-03-06T14:05:56.268+0000] {dag.py:3834} INFO - Setting next_dagrun for example_short_circuit_decorator to 2024-03-05 00:00:00+00:00, run_after=2024-03-06 00:00:00+00:00
[2024-03-06T14:05:56.284+0000] {processor.py:183} INFO - Processing /home/airflow/.local/lib/python3.11/site-packages/airflow/example_dags/example_short_circuit_decorator.py took 0.096 seconds
[2024-03-06T14:06:26.411+0000] {processor.py:161} INFO - Started process (PID=10790) to work on /home/airflow/.local/lib/python3.11/site-packages/airflow/example_dags/example_short_circuit_decorator.py
[2024-03-06T14:06:26.412+0000] {processor.py:830} INFO - Processing file /home/airflow/.local/lib/python3.11/site-packages/airflow/example_dags/example_short_circuit_decorator.py for tasks to queue
[2024-03-06T14:06:26.414+0000] {logging_mixin.py:188} INFO - [2024-03-06T14:06:26.414+0000] {dagbag.py:540} INFO - Filling up the DagBag from /home/airflow/.local/lib/python3.11/site-packages/airflow/example_dags/example_short_circuit_decorator.py
[2024-03-06T14:06:26.425+0000] {processor.py:840} INFO - DAG(s) 'example_short_circuit_decorator' retrieved from /home/airflow/.local/lib/python3.11/site-packages/airflow/example_dags/example_short_circuit_decorator.py
[2024-03-06T14:06:26.446+0000] {logging_mixin.py:188} INFO - [2024-03-06T14:06:26.445+0000] {dag.py:3047} INFO - Sync 1 DAGs
[2024-03-06T14:06:26.469+0000] {logging_mixin.py:188} INFO - [2024-03-06T14:06:26.469+0000] {dag.py:3834} INFO - Setting next_dagrun for example_short_circuit_decorator to 2024-03-05 00:00:00+00:00, run_after=2024-03-06 00:00:00+00:00
[2024-03-06T14:06:26.488+0000] {processor.py:183} INFO - Processing /home/airflow/.local/lib/python3.11/site-packages/airflow/example_dags/example_short_circuit_decorator.py took 0.080 seconds
[2024-03-06T14:06:57.247+0000] {processor.py:161} INFO - Started process (PID=11037) to work on /home/airflow/.local/lib/python3.11/site-packages/airflow/example_dags/example_short_circuit_decorator.py
[2024-03-06T14:06:57.249+0000] {processor.py:830} INFO - Processing file /home/airflow/.local/lib/python3.11/site-packages/airflow/example_dags/example_short_circuit_decorator.py for tasks to queue
[2024-03-06T14:06:57.251+0000] {logging_mixin.py:188} INFO - [2024-03-06T14:06:57.250+0000] {dagbag.py:540} INFO - Filling up the DagBag from /home/airflow/.local/lib/python3.11/site-packages/airflow/example_dags/example_short_circuit_decorator.py
[2024-03-06T14:06:57.267+0000] {processor.py:840} INFO - DAG(s) 'example_short_circuit_decorator' retrieved from /home/airflow/.local/lib/python3.11/site-packages/airflow/example_dags/example_short_circuit_decorator.py
[2024-03-06T14:06:57.322+0000] {logging_mixin.py:188} INFO - [2024-03-06T14:06:57.322+0000] {dag.py:3047} INFO - Sync 1 DAGs
[2024-03-06T14:06:57.376+0000] {logging_mixin.py:188} INFO - [2024-03-06T14:06:57.376+0000] {dag.py:3834} INFO - Setting next_dagrun for example_short_circuit_decorator to 2024-03-05 00:00:00+00:00, run_after=2024-03-06 00:00:00+00:00
[2024-03-06T14:06:57.421+0000] {processor.py:183} INFO - Processing /home/airflow/.local/lib/python3.11/site-packages/airflow/example_dags/example_short_circuit_decorator.py took 0.179 seconds
[2024-03-06T14:07:28.221+0000] {processor.py:161} INFO - Started process (PID=11284) to work on /home/airflow/.local/lib/python3.11/site-packages/airflow/example_dags/example_short_circuit_decorator.py
[2024-03-06T14:07:28.222+0000] {processor.py:830} INFO - Processing file /home/airflow/.local/lib/python3.11/site-packages/airflow/example_dags/example_short_circuit_decorator.py for tasks to queue
[2024-03-06T14:07:28.223+0000] {logging_mixin.py:188} INFO - [2024-03-06T14:07:28.223+0000] {dagbag.py:540} INFO - Filling up the DagBag from /home/airflow/.local/lib/python3.11/site-packages/airflow/example_dags/example_short_circuit_decorator.py
[2024-03-06T14:07:28.233+0000] {processor.py:840} INFO - DAG(s) 'example_short_circuit_decorator' retrieved from /home/airflow/.local/lib/python3.11/site-packages/airflow/example_dags/example_short_circuit_decorator.py
[2024-03-06T14:07:28.253+0000] {logging_mixin.py:188} INFO - [2024-03-06T14:07:28.253+0000] {dag.py:3047} INFO - Sync 1 DAGs
[2024-03-06T14:07:28.275+0000] {logging_mixin.py:188} INFO - [2024-03-06T14:07:28.274+0000] {dag.py:3834} INFO - Setting next_dagrun for example_short_circuit_decorator to 2024-03-05 00:00:00+00:00, run_after=2024-03-06 00:00:00+00:00
[2024-03-06T14:07:28.296+0000] {processor.py:183} INFO - Processing /home/airflow/.local/lib/python3.11/site-packages/airflow/example_dags/example_short_circuit_decorator.py took 0.078 seconds
[2024-03-06T14:07:58.739+0000] {processor.py:161} INFO - Started process (PID=11531) to work on /home/airflow/.local/lib/python3.11/site-packages/airflow/example_dags/example_short_circuit_decorator.py
[2024-03-06T14:07:58.741+0000] {processor.py:830} INFO - Processing file /home/airflow/.local/lib/python3.11/site-packages/airflow/example_dags/example_short_circuit_decorator.py for tasks to queue
[2024-03-06T14:07:58.742+0000] {logging_mixin.py:188} INFO - [2024-03-06T14:07:58.742+0000] {dagbag.py:540} INFO - Filling up the DagBag from /home/airflow/.local/lib/python3.11/site-packages/airflow/example_dags/example_short_circuit_decorator.py
[2024-03-06T14:07:58.753+0000] {processor.py:840} INFO - DAG(s) 'example_short_circuit_decorator' retrieved from /home/airflow/.local/lib/python3.11/site-packages/airflow/example_dags/example_short_circuit_decorator.py
[2024-03-06T14:07:58.775+0000] {logging_mixin.py:188} INFO - [2024-03-06T14:07:58.775+0000] {dag.py:3047} INFO - Sync 1 DAGs
[2024-03-06T14:07:58.799+0000] {logging_mixin.py:188} INFO - [2024-03-06T14:07:58.799+0000] {dag.py:3834} INFO - Setting next_dagrun for example_short_circuit_decorator to 2024-03-05 00:00:00+00:00, run_after=2024-03-06 00:00:00+00:00
[2024-03-06T14:07:58.818+0000] {processor.py:183} INFO - Processing /home/airflow/.local/lib/python3.11/site-packages/airflow/example_dags/example_short_circuit_decorator.py took 0.082 seconds
[2024-03-06T14:08:28.936+0000] {processor.py:161} INFO - Started process (PID=11778) to work on /home/airflow/.local/lib/python3.11/site-packages/airflow/example_dags/example_short_circuit_decorator.py
[2024-03-06T14:08:28.938+0000] {processor.py:830} INFO - Processing file /home/airflow/.local/lib/python3.11/site-packages/airflow/example_dags/example_short_circuit_decorator.py for tasks to queue
[2024-03-06T14:08:28.939+0000] {logging_mixin.py:188} INFO - [2024-03-06T14:08:28.939+0000] {dagbag.py:540} INFO - Filling up the DagBag from /home/airflow/.local/lib/python3.11/site-packages/airflow/example_dags/example_short_circuit_decorator.py
[2024-03-06T14:08:28.952+0000] {processor.py:840} INFO - DAG(s) 'example_short_circuit_decorator' retrieved from /home/airflow/.local/lib/python3.11/site-packages/airflow/example_dags/example_short_circuit_decorator.py
[2024-03-06T14:08:28.972+0000] {logging_mixin.py:188} INFO - [2024-03-06T14:08:28.972+0000] {dag.py:3047} INFO - Sync 1 DAGs
[2024-03-06T14:08:28.993+0000] {logging_mixin.py:188} INFO - [2024-03-06T14:08:28.993+0000] {dag.py:3834} INFO - Setting next_dagrun for example_short_circuit_decorator to 2024-03-05 00:00:00+00:00, run_after=2024-03-06 00:00:00+00:00
[2024-03-06T14:08:29.020+0000] {processor.py:183} INFO - Processing /home/airflow/.local/lib/python3.11/site-packages/airflow/example_dags/example_short_circuit_decorator.py took 0.087 seconds
[2024-03-06T14:08:59.752+0000] {processor.py:161} INFO - Started process (PID=12024) to work on /home/airflow/.local/lib/python3.11/site-packages/airflow/example_dags/example_short_circuit_decorator.py
[2024-03-06T14:08:59.753+0000] {processor.py:830} INFO - Processing file /home/airflow/.local/lib/python3.11/site-packages/airflow/example_dags/example_short_circuit_decorator.py for tasks to queue
[2024-03-06T14:08:59.754+0000] {logging_mixin.py:188} INFO - [2024-03-06T14:08:59.754+0000] {dagbag.py:540} INFO - Filling up the DagBag from /home/airflow/.local/lib/python3.11/site-packages/airflow/example_dags/example_short_circuit_decorator.py
[2024-03-06T14:08:59.763+0000] {processor.py:840} INFO - DAG(s) 'example_short_circuit_decorator' retrieved from /home/airflow/.local/lib/python3.11/site-packages/airflow/example_dags/example_short_circuit_decorator.py
[2024-03-06T14:08:59.780+0000] {logging_mixin.py:188} INFO - [2024-03-06T14:08:59.780+0000] {dag.py:3047} INFO - Sync 1 DAGs
[2024-03-06T14:08:59.798+0000] {logging_mixin.py:188} INFO - [2024-03-06T14:08:59.798+0000] {dag.py:3834} INFO - Setting next_dagrun for example_short_circuit_decorator to 2024-03-05 00:00:00+00:00, run_after=2024-03-06 00:00:00+00:00
[2024-03-06T14:08:59.815+0000] {processor.py:183} INFO - Processing /home/airflow/.local/lib/python3.11/site-packages/airflow/example_dags/example_short_circuit_decorator.py took 0.066 seconds
[2024-03-06T14:09:29.929+0000] {processor.py:161} INFO - Started process (PID=12270) to work on /home/airflow/.local/lib/python3.11/site-packages/airflow/example_dags/example_short_circuit_decorator.py
[2024-03-06T14:09:29.931+0000] {processor.py:830} INFO - Processing file /home/airflow/.local/lib/python3.11/site-packages/airflow/example_dags/example_short_circuit_decorator.py for tasks to queue
[2024-03-06T14:09:29.933+0000] {logging_mixin.py:188} INFO - [2024-03-06T14:09:29.932+0000] {dagbag.py:540} INFO - Filling up the DagBag from /home/airflow/.local/lib/python3.11/site-packages/airflow/example_dags/example_short_circuit_decorator.py
[2024-03-06T14:09:29.944+0000] {processor.py:840} INFO - DAG(s) 'example_short_circuit_decorator' retrieved from /home/airflow/.local/lib/python3.11/site-packages/airflow/example_dags/example_short_circuit_decorator.py
[2024-03-06T14:09:29.964+0000] {logging_mixin.py:188} INFO - [2024-03-06T14:09:29.963+0000] {dag.py:3047} INFO - Sync 1 DAGs
[2024-03-06T14:09:29.988+0000] {logging_mixin.py:188} INFO - [2024-03-06T14:09:29.988+0000] {dag.py:3834} INFO - Setting next_dagrun for example_short_circuit_decorator to 2024-03-05 00:00:00+00:00, run_after=2024-03-06 00:00:00+00:00
[2024-03-06T14:09:30.011+0000] {processor.py:183} INFO - Processing /home/airflow/.local/lib/python3.11/site-packages/airflow/example_dags/example_short_circuit_decorator.py took 0.085 seconds
[2024-03-06T14:10:00.600+0000] {processor.py:161} INFO - Started process (PID=12517) to work on /home/airflow/.local/lib/python3.11/site-packages/airflow/example_dags/example_short_circuit_decorator.py
[2024-03-06T14:10:00.604+0000] {processor.py:830} INFO - Processing file /home/airflow/.local/lib/python3.11/site-packages/airflow/example_dags/example_short_circuit_decorator.py for tasks to queue
[2024-03-06T14:10:00.606+0000] {logging_mixin.py:188} INFO - [2024-03-06T14:10:00.605+0000] {dagbag.py:540} INFO - Filling up the DagBag from /home/airflow/.local/lib/python3.11/site-packages/airflow/example_dags/example_short_circuit_decorator.py
[2024-03-06T14:10:00.625+0000] {processor.py:840} INFO - DAG(s) 'example_short_circuit_decorator' retrieved from /home/airflow/.local/lib/python3.11/site-packages/airflow/example_dags/example_short_circuit_decorator.py
[2024-03-06T14:10:00.658+0000] {logging_mixin.py:188} INFO - [2024-03-06T14:10:00.657+0000] {dag.py:3047} INFO - Sync 1 DAGs
[2024-03-06T14:10:00.680+0000] {logging_mixin.py:188} INFO - [2024-03-06T14:10:00.680+0000] {dag.py:3834} INFO - Setting next_dagrun for example_short_circuit_decorator to 2024-03-05 00:00:00+00:00, run_after=2024-03-06 00:00:00+00:00
[2024-03-06T14:10:00.706+0000] {processor.py:183} INFO - Processing /home/airflow/.local/lib/python3.11/site-packages/airflow/example_dags/example_short_circuit_decorator.py took 0.110 seconds
[2024-03-06T14:10:31.516+0000] {processor.py:161} INFO - Started process (PID=12764) to work on /home/airflow/.local/lib/python3.11/site-packages/airflow/example_dags/example_short_circuit_decorator.py
[2024-03-06T14:10:31.518+0000] {processor.py:830} INFO - Processing file /home/airflow/.local/lib/python3.11/site-packages/airflow/example_dags/example_short_circuit_decorator.py for tasks to queue
[2024-03-06T14:10:31.520+0000] {logging_mixin.py:188} INFO - [2024-03-06T14:10:31.519+0000] {dagbag.py:540} INFO - Filling up the DagBag from /home/airflow/.local/lib/python3.11/site-packages/airflow/example_dags/example_short_circuit_decorator.py
[2024-03-06T14:10:31.531+0000] {processor.py:840} INFO - DAG(s) 'example_short_circuit_decorator' retrieved from /home/airflow/.local/lib/python3.11/site-packages/airflow/example_dags/example_short_circuit_decorator.py
[2024-03-06T14:10:31.559+0000] {logging_mixin.py:188} INFO - [2024-03-06T14:10:31.559+0000] {dag.py:3047} INFO - Sync 1 DAGs
[2024-03-06T14:10:31.592+0000] {logging_mixin.py:188} INFO - [2024-03-06T14:10:31.592+0000] {dag.py:3834} INFO - Setting next_dagrun for example_short_circuit_decorator to 2024-03-05 00:00:00+00:00, run_after=2024-03-06 00:00:00+00:00
[2024-03-06T14:10:31.630+0000] {processor.py:183} INFO - Processing /home/airflow/.local/lib/python3.11/site-packages/airflow/example_dags/example_short_circuit_decorator.py took 0.117 seconds
[2024-03-06T14:11:01.732+0000] {processor.py:161} INFO - Started process (PID=13011) to work on /home/airflow/.local/lib/python3.11/site-packages/airflow/example_dags/example_short_circuit_decorator.py
[2024-03-06T14:11:01.733+0000] {processor.py:830} INFO - Processing file /home/airflow/.local/lib/python3.11/site-packages/airflow/example_dags/example_short_circuit_decorator.py for tasks to queue
[2024-03-06T14:11:01.735+0000] {logging_mixin.py:188} INFO - [2024-03-06T14:11:01.735+0000] {dagbag.py:540} INFO - Filling up the DagBag from /home/airflow/.local/lib/python3.11/site-packages/airflow/example_dags/example_short_circuit_decorator.py
[2024-03-06T14:11:01.746+0000] {processor.py:840} INFO - DAG(s) 'example_short_circuit_decorator' retrieved from /home/airflow/.local/lib/python3.11/site-packages/airflow/example_dags/example_short_circuit_decorator.py
[2024-03-06T14:11:01.766+0000] {logging_mixin.py:188} INFO - [2024-03-06T14:11:01.766+0000] {dag.py:3047} INFO - Sync 1 DAGs
[2024-03-06T14:11:01.787+0000] {logging_mixin.py:188} INFO - [2024-03-06T14:11:01.786+0000] {dag.py:3834} INFO - Setting next_dagrun for example_short_circuit_decorator to 2024-03-05 00:00:00+00:00, run_after=2024-03-06 00:00:00+00:00
[2024-03-06T14:11:01.803+0000] {processor.py:183} INFO - Processing /home/airflow/.local/lib/python3.11/site-packages/airflow/example_dags/example_short_circuit_decorator.py took 0.073 seconds
[2024-03-06T14:11:32.509+0000] {processor.py:161} INFO - Started process (PID=13258) to work on /home/airflow/.local/lib/python3.11/site-packages/airflow/example_dags/example_short_circuit_decorator.py
[2024-03-06T14:11:32.510+0000] {processor.py:830} INFO - Processing file /home/airflow/.local/lib/python3.11/site-packages/airflow/example_dags/example_short_circuit_decorator.py for tasks to queue
[2024-03-06T14:11:32.511+0000] {logging_mixin.py:188} INFO - [2024-03-06T14:11:32.510+0000] {dagbag.py:540} INFO - Filling up the DagBag from /home/airflow/.local/lib/python3.11/site-packages/airflow/example_dags/example_short_circuit_decorator.py
[2024-03-06T14:11:32.522+0000] {processor.py:840} INFO - DAG(s) 'example_short_circuit_decorator' retrieved from /home/airflow/.local/lib/python3.11/site-packages/airflow/example_dags/example_short_circuit_decorator.py
[2024-03-06T14:11:32.540+0000] {logging_mixin.py:188} INFO - [2024-03-06T14:11:32.539+0000] {dag.py:3047} INFO - Sync 1 DAGs
[2024-03-06T14:11:32.558+0000] {logging_mixin.py:188} INFO - [2024-03-06T14:11:32.558+0000] {dag.py:3834} INFO - Setting next_dagrun for example_short_circuit_decorator to 2024-03-05 00:00:00+00:00, run_after=2024-03-06 00:00:00+00:00
[2024-03-06T14:11:32.574+0000] {processor.py:183} INFO - Processing /home/airflow/.local/lib/python3.11/site-packages/airflow/example_dags/example_short_circuit_decorator.py took 0.069 seconds
[2024-03-06T14:12:03.314+0000] {processor.py:161} INFO - Started process (PID=13505) to work on /home/airflow/.local/lib/python3.11/site-packages/airflow/example_dags/example_short_circuit_decorator.py
[2024-03-06T14:12:03.316+0000] {processor.py:830} INFO - Processing file /home/airflow/.local/lib/python3.11/site-packages/airflow/example_dags/example_short_circuit_decorator.py for tasks to queue
[2024-03-06T14:12:03.318+0000] {logging_mixin.py:188} INFO - [2024-03-06T14:12:03.318+0000] {dagbag.py:540} INFO - Filling up the DagBag from /home/airflow/.local/lib/python3.11/site-packages/airflow/example_dags/example_short_circuit_decorator.py
[2024-03-06T14:12:03.329+0000] {processor.py:840} INFO - DAG(s) 'example_short_circuit_decorator' retrieved from /home/airflow/.local/lib/python3.11/site-packages/airflow/example_dags/example_short_circuit_decorator.py
[2024-03-06T14:12:03.349+0000] {logging_mixin.py:188} INFO - [2024-03-06T14:12:03.349+0000] {dag.py:3047} INFO - Sync 1 DAGs
[2024-03-06T14:12:03.367+0000] {logging_mixin.py:188} INFO - [2024-03-06T14:12:03.367+0000] {dag.py:3834} INFO - Setting next_dagrun for example_short_circuit_decorator to 2024-03-05 00:00:00+00:00, run_after=2024-03-06 00:00:00+00:00
[2024-03-06T14:12:03.387+0000] {processor.py:183} INFO - Processing /home/airflow/.local/lib/python3.11/site-packages/airflow/example_dags/example_short_circuit_decorator.py took 0.077 seconds
[2024-03-06T14:12:33.703+0000] {processor.py:161} INFO - Started process (PID=13752) to work on /home/airflow/.local/lib/python3.11/site-packages/airflow/example_dags/example_short_circuit_decorator.py
[2024-03-06T14:12:33.704+0000] {processor.py:830} INFO - Processing file /home/airflow/.local/lib/python3.11/site-packages/airflow/example_dags/example_short_circuit_decorator.py for tasks to queue
[2024-03-06T14:12:33.706+0000] {logging_mixin.py:188} INFO - [2024-03-06T14:12:33.705+0000] {dagbag.py:540} INFO - Filling up the DagBag from /home/airflow/.local/lib/python3.11/site-packages/airflow/example_dags/example_short_circuit_decorator.py
[2024-03-06T14:12:33.716+0000] {processor.py:840} INFO - DAG(s) 'example_short_circuit_decorator' retrieved from /home/airflow/.local/lib/python3.11/site-packages/airflow/example_dags/example_short_circuit_decorator.py
[2024-03-06T14:12:33.740+0000] {logging_mixin.py:188} INFO - [2024-03-06T14:12:33.739+0000] {dag.py:3047} INFO - Sync 1 DAGs
[2024-03-06T14:12:33.760+0000] {logging_mixin.py:188} INFO - [2024-03-06T14:12:33.759+0000] {dag.py:3834} INFO - Setting next_dagrun for example_short_circuit_decorator to 2024-03-05 00:00:00+00:00, run_after=2024-03-06 00:00:00+00:00
[2024-03-06T14:12:33.782+0000] {processor.py:183} INFO - Processing /home/airflow/.local/lib/python3.11/site-packages/airflow/example_dags/example_short_circuit_decorator.py took 0.083 seconds
[2024-03-06T14:13:04.533+0000] {processor.py:161} INFO - Started process (PID=13999) to work on /home/airflow/.local/lib/python3.11/site-packages/airflow/example_dags/example_short_circuit_decorator.py
[2024-03-06T14:13:04.534+0000] {processor.py:830} INFO - Processing file /home/airflow/.local/lib/python3.11/site-packages/airflow/example_dags/example_short_circuit_decorator.py for tasks to queue
[2024-03-06T14:13:04.537+0000] {logging_mixin.py:188} INFO - [2024-03-06T14:13:04.536+0000] {dagbag.py:540} INFO - Filling up the DagBag from /home/airflow/.local/lib/python3.11/site-packages/airflow/example_dags/example_short_circuit_decorator.py
[2024-03-06T14:13:04.550+0000] {processor.py:840} INFO - DAG(s) 'example_short_circuit_decorator' retrieved from /home/airflow/.local/lib/python3.11/site-packages/airflow/example_dags/example_short_circuit_decorator.py
[2024-03-06T14:13:04.575+0000] {logging_mixin.py:188} INFO - [2024-03-06T14:13:04.575+0000] {dag.py:3047} INFO - Sync 1 DAGs
[2024-03-06T14:13:04.601+0000] {logging_mixin.py:188} INFO - [2024-03-06T14:13:04.601+0000] {dag.py:3834} INFO - Setting next_dagrun for example_short_circuit_decorator to 2024-03-05 00:00:00+00:00, run_after=2024-03-06 00:00:00+00:00
[2024-03-06T14:13:04.627+0000] {processor.py:183} INFO - Processing /home/airflow/.local/lib/python3.11/site-packages/airflow/example_dags/example_short_circuit_decorator.py took 0.098 seconds
[2024-03-06T14:13:35.215+0000] {processor.py:161} INFO - Started process (PID=14246) to work on /home/airflow/.local/lib/python3.11/site-packages/airflow/example_dags/example_short_circuit_decorator.py
[2024-03-06T14:13:35.217+0000] {processor.py:830} INFO - Processing file /home/airflow/.local/lib/python3.11/site-packages/airflow/example_dags/example_short_circuit_decorator.py for tasks to queue
[2024-03-06T14:13:35.218+0000] {logging_mixin.py:188} INFO - [2024-03-06T14:13:35.218+0000] {dagbag.py:540} INFO - Filling up the DagBag from /home/airflow/.local/lib/python3.11/site-packages/airflow/example_dags/example_short_circuit_decorator.py
[2024-03-06T14:13:35.229+0000] {processor.py:840} INFO - DAG(s) 'example_short_circuit_decorator' retrieved from /home/airflow/.local/lib/python3.11/site-packages/airflow/example_dags/example_short_circuit_decorator.py
[2024-03-06T14:13:35.249+0000] {logging_mixin.py:188} INFO - [2024-03-06T14:13:35.249+0000] {dag.py:3047} INFO - Sync 1 DAGs
[2024-03-06T14:13:35.270+0000] {logging_mixin.py:188} INFO - [2024-03-06T14:13:35.269+0000] {dag.py:3834} INFO - Setting next_dagrun for example_short_circuit_decorator to 2024-03-05 00:00:00+00:00, run_after=2024-03-06 00:00:00+00:00
[2024-03-06T14:13:35.287+0000] {processor.py:183} INFO - Processing /home/airflow/.local/lib/python3.11/site-packages/airflow/example_dags/example_short_circuit_decorator.py took 0.075 seconds
[2024-03-06T14:14:05.878+0000] {processor.py:161} INFO - Started process (PID=14493) to work on /home/airflow/.local/lib/python3.11/site-packages/airflow/example_dags/example_short_circuit_decorator.py
[2024-03-06T14:14:05.880+0000] {processor.py:830} INFO - Processing file /home/airflow/.local/lib/python3.11/site-packages/airflow/example_dags/example_short_circuit_decorator.py for tasks to queue
[2024-03-06T14:14:05.882+0000] {logging_mixin.py:188} INFO - [2024-03-06T14:14:05.881+0000] {dagbag.py:540} INFO - Filling up the DagBag from /home/airflow/.local/lib/python3.11/site-packages/airflow/example_dags/example_short_circuit_decorator.py
[2024-03-06T14:14:05.897+0000] {processor.py:840} INFO - DAG(s) 'example_short_circuit_decorator' retrieved from /home/airflow/.local/lib/python3.11/site-packages/airflow/example_dags/example_short_circuit_decorator.py
[2024-03-06T14:14:05.938+0000] {logging_mixin.py:188} INFO - [2024-03-06T14:14:05.938+0000] {dag.py:3047} INFO - Sync 1 DAGs
[2024-03-06T14:14:05.997+0000] {logging_mixin.py:188} INFO - [2024-03-06T14:14:05.997+0000] {dag.py:3834} INFO - Setting next_dagrun for example_short_circuit_decorator to 2024-03-05 00:00:00+00:00, run_after=2024-03-06 00:00:00+00:00
[2024-03-06T14:14:06.042+0000] {processor.py:183} INFO - Processing /home/airflow/.local/lib/python3.11/site-packages/airflow/example_dags/example_short_circuit_decorator.py took 0.167 seconds
[2024-03-06T14:14:36.222+0000] {processor.py:161} INFO - Started process (PID=14740) to work on /home/airflow/.local/lib/python3.11/site-packages/airflow/example_dags/example_short_circuit_decorator.py
[2024-03-06T14:14:36.223+0000] {processor.py:830} INFO - Processing file /home/airflow/.local/lib/python3.11/site-packages/airflow/example_dags/example_short_circuit_decorator.py for tasks to queue
[2024-03-06T14:14:36.225+0000] {logging_mixin.py:188} INFO - [2024-03-06T14:14:36.225+0000] {dagbag.py:540} INFO - Filling up the DagBag from /home/airflow/.local/lib/python3.11/site-packages/airflow/example_dags/example_short_circuit_decorator.py
[2024-03-06T14:14:36.240+0000] {processor.py:840} INFO - DAG(s) 'example_short_circuit_decorator' retrieved from /home/airflow/.local/lib/python3.11/site-packages/airflow/example_dags/example_short_circuit_decorator.py
[2024-03-06T14:14:36.264+0000] {logging_mixin.py:188} INFO - [2024-03-06T14:14:36.263+0000] {dag.py:3047} INFO - Sync 1 DAGs
[2024-03-06T14:14:36.288+0000] {logging_mixin.py:188} INFO - [2024-03-06T14:14:36.288+0000] {dag.py:3834} INFO - Setting next_dagrun for example_short_circuit_decorator to 2024-03-05 00:00:00+00:00, run_after=2024-03-06 00:00:00+00:00
[2024-03-06T14:14:36.314+0000] {processor.py:183} INFO - Processing /home/airflow/.local/lib/python3.11/site-packages/airflow/example_dags/example_short_circuit_decorator.py took 0.096 seconds
[2024-03-06T14:15:06.388+0000] {processor.py:161} INFO - Started process (PID=14987) to work on /home/airflow/.local/lib/python3.11/site-packages/airflow/example_dags/example_short_circuit_decorator.py
[2024-03-06T14:15:06.389+0000] {processor.py:830} INFO - Processing file /home/airflow/.local/lib/python3.11/site-packages/airflow/example_dags/example_short_circuit_decorator.py for tasks to queue
[2024-03-06T14:15:06.390+0000] {logging_mixin.py:188} INFO - [2024-03-06T14:15:06.390+0000] {dagbag.py:540} INFO - Filling up the DagBag from /home/airflow/.local/lib/python3.11/site-packages/airflow/example_dags/example_short_circuit_decorator.py
[2024-03-06T14:15:06.402+0000] {processor.py:840} INFO - DAG(s) 'example_short_circuit_decorator' retrieved from /home/airflow/.local/lib/python3.11/site-packages/airflow/example_dags/example_short_circuit_decorator.py
[2024-03-06T14:15:06.421+0000] {logging_mixin.py:188} INFO - [2024-03-06T14:15:06.420+0000] {dag.py:3047} INFO - Sync 1 DAGs
[2024-03-06T14:15:06.442+0000] {logging_mixin.py:188} INFO - [2024-03-06T14:15:06.442+0000] {dag.py:3834} INFO - Setting next_dagrun for example_short_circuit_decorator to 2024-03-05 00:00:00+00:00, run_after=2024-03-06 00:00:00+00:00
[2024-03-06T14:15:06.461+0000] {processor.py:183} INFO - Processing /home/airflow/.local/lib/python3.11/site-packages/airflow/example_dags/example_short_circuit_decorator.py took 0.076 seconds
[2024-03-06T14:15:36.625+0000] {processor.py:161} INFO - Started process (PID=15234) to work on /home/airflow/.local/lib/python3.11/site-packages/airflow/example_dags/example_short_circuit_decorator.py
[2024-03-06T14:15:36.627+0000] {processor.py:830} INFO - Processing file /home/airflow/.local/lib/python3.11/site-packages/airflow/example_dags/example_short_circuit_decorator.py for tasks to queue
[2024-03-06T14:15:36.628+0000] {logging_mixin.py:188} INFO - [2024-03-06T14:15:36.627+0000] {dagbag.py:540} INFO - Filling up the DagBag from /home/airflow/.local/lib/python3.11/site-packages/airflow/example_dags/example_short_circuit_decorator.py
[2024-03-06T14:15:36.636+0000] {processor.py:840} INFO - DAG(s) 'example_short_circuit_decorator' retrieved from /home/airflow/.local/lib/python3.11/site-packages/airflow/example_dags/example_short_circuit_decorator.py
[2024-03-06T14:15:36.654+0000] {logging_mixin.py:188} INFO - [2024-03-06T14:15:36.654+0000] {dag.py:3047} INFO - Sync 1 DAGs
[2024-03-06T14:15:36.675+0000] {logging_mixin.py:188} INFO - [2024-03-06T14:15:36.675+0000] {dag.py:3834} INFO - Setting next_dagrun for example_short_circuit_decorator to 2024-03-05 00:00:00+00:00, run_after=2024-03-06 00:00:00+00:00
[2024-03-06T14:15:36.693+0000] {processor.py:183} INFO - Processing /home/airflow/.local/lib/python3.11/site-packages/airflow/example_dags/example_short_circuit_decorator.py took 0.070 seconds
[2024-03-06T14:16:06.801+0000] {processor.py:161} INFO - Started process (PID=15481) to work on /home/airflow/.local/lib/python3.11/site-packages/airflow/example_dags/example_short_circuit_decorator.py
[2024-03-06T14:16:06.803+0000] {processor.py:830} INFO - Processing file /home/airflow/.local/lib/python3.11/site-packages/airflow/example_dags/example_short_circuit_decorator.py for tasks to queue
[2024-03-06T14:16:06.808+0000] {logging_mixin.py:188} INFO - [2024-03-06T14:16:06.807+0000] {dagbag.py:540} INFO - Filling up the DagBag from /home/airflow/.local/lib/python3.11/site-packages/airflow/example_dags/example_short_circuit_decorator.py
[2024-03-06T14:16:06.821+0000] {processor.py:840} INFO - DAG(s) 'example_short_circuit_decorator' retrieved from /home/airflow/.local/lib/python3.11/site-packages/airflow/example_dags/example_short_circuit_decorator.py
[2024-03-06T14:16:06.897+0000] {logging_mixin.py:188} INFO - [2024-03-06T14:16:06.897+0000] {dag.py:3047} INFO - Sync 1 DAGs
[2024-03-06T14:16:06.951+0000] {logging_mixin.py:188} INFO - [2024-03-06T14:16:06.950+0000] {dag.py:3834} INFO - Setting next_dagrun for example_short_circuit_decorator to 2024-03-05 00:00:00+00:00, run_after=2024-03-06 00:00:00+00:00
[2024-03-06T14:16:07.015+0000] {processor.py:183} INFO - Processing /home/airflow/.local/lib/python3.11/site-packages/airflow/example_dags/example_short_circuit_decorator.py took 0.220 seconds
[2024-03-06T14:16:37.501+0000] {processor.py:161} INFO - Started process (PID=15728) to work on /home/airflow/.local/lib/python3.11/site-packages/airflow/example_dags/example_short_circuit_decorator.py
[2024-03-06T14:16:37.502+0000] {processor.py:830} INFO - Processing file /home/airflow/.local/lib/python3.11/site-packages/airflow/example_dags/example_short_circuit_decorator.py for tasks to queue
[2024-03-06T14:16:37.503+0000] {logging_mixin.py:188} INFO - [2024-03-06T14:16:37.503+0000] {dagbag.py:540} INFO - Filling up the DagBag from /home/airflow/.local/lib/python3.11/site-packages/airflow/example_dags/example_short_circuit_decorator.py
[2024-03-06T14:16:37.515+0000] {processor.py:840} INFO - DAG(s) 'example_short_circuit_decorator' retrieved from /home/airflow/.local/lib/python3.11/site-packages/airflow/example_dags/example_short_circuit_decorator.py
[2024-03-06T14:16:37.539+0000] {logging_mixin.py:188} INFO - [2024-03-06T14:16:37.539+0000] {dag.py:3047} INFO - Sync 1 DAGs
[2024-03-06T14:16:37.563+0000] {logging_mixin.py:188} INFO - [2024-03-06T14:16:37.562+0000] {dag.py:3834} INFO - Setting next_dagrun for example_short_circuit_decorator to 2024-03-05 00:00:00+00:00, run_after=2024-03-06 00:00:00+00:00
[2024-03-06T14:16:37.584+0000] {processor.py:183} INFO - Processing /home/airflow/.local/lib/python3.11/site-packages/airflow/example_dags/example_short_circuit_decorator.py took 0.087 seconds
[2024-03-06T14:17:08.358+0000] {processor.py:161} INFO - Started process (PID=15975) to work on /home/airflow/.local/lib/python3.11/site-packages/airflow/example_dags/example_short_circuit_decorator.py
[2024-03-06T14:17:08.372+0000] {processor.py:830} INFO - Processing file /home/airflow/.local/lib/python3.11/site-packages/airflow/example_dags/example_short_circuit_decorator.py for tasks to queue
[2024-03-06T14:17:08.380+0000] {logging_mixin.py:188} INFO - [2024-03-06T14:17:08.379+0000] {dagbag.py:540} INFO - Filling up the DagBag from /home/airflow/.local/lib/python3.11/site-packages/airflow/example_dags/example_short_circuit_decorator.py
[2024-03-06T14:17:08.415+0000] {processor.py:840} INFO - DAG(s) 'example_short_circuit_decorator' retrieved from /home/airflow/.local/lib/python3.11/site-packages/airflow/example_dags/example_short_circuit_decorator.py
[2024-03-06T14:17:08.477+0000] {logging_mixin.py:188} INFO - [2024-03-06T14:17:08.477+0000] {dag.py:3047} INFO - Sync 1 DAGs
[2024-03-06T14:17:08.519+0000] {logging_mixin.py:188} INFO - [2024-03-06T14:17:08.519+0000] {dag.py:3834} INFO - Setting next_dagrun for example_short_circuit_decorator to 2024-03-05 00:00:00+00:00, run_after=2024-03-06 00:00:00+00:00
[2024-03-06T14:17:08.571+0000] {processor.py:183} INFO - Processing /home/airflow/.local/lib/python3.11/site-packages/airflow/example_dags/example_short_circuit_decorator.py took 0.218 seconds
[2024-03-06T14:17:38.683+0000] {processor.py:161} INFO - Started process (PID=16222) to work on /home/airflow/.local/lib/python3.11/site-packages/airflow/example_dags/example_short_circuit_decorator.py
[2024-03-06T14:17:38.684+0000] {processor.py:830} INFO - Processing file /home/airflow/.local/lib/python3.11/site-packages/airflow/example_dags/example_short_circuit_decorator.py for tasks to queue
[2024-03-06T14:17:38.685+0000] {logging_mixin.py:188} INFO - [2024-03-06T14:17:38.685+0000] {dagbag.py:540} INFO - Filling up the DagBag from /home/airflow/.local/lib/python3.11/site-packages/airflow/example_dags/example_short_circuit_decorator.py
[2024-03-06T14:17:38.701+0000] {processor.py:840} INFO - DAG(s) 'example_short_circuit_decorator' retrieved from /home/airflow/.local/lib/python3.11/site-packages/airflow/example_dags/example_short_circuit_decorator.py
[2024-03-06T14:17:38.732+0000] {logging_mixin.py:188} INFO - [2024-03-06T14:17:38.732+0000] {dag.py:3047} INFO - Sync 1 DAGs
[2024-03-06T14:17:38.763+0000] {logging_mixin.py:188} INFO - [2024-03-06T14:17:38.763+0000] {dag.py:3834} INFO - Setting next_dagrun for example_short_circuit_decorator to 2024-03-05 00:00:00+00:00, run_after=2024-03-06 00:00:00+00:00
[2024-03-06T14:17:38.791+0000] {processor.py:183} INFO - Processing /home/airflow/.local/lib/python3.11/site-packages/airflow/example_dags/example_short_circuit_decorator.py took 0.112 seconds
[2024-03-06T14:18:09.232+0000] {processor.py:161} INFO - Started process (PID=16469) to work on /home/airflow/.local/lib/python3.11/site-packages/airflow/example_dags/example_short_circuit_decorator.py
[2024-03-06T14:18:09.236+0000] {processor.py:830} INFO - Processing file /home/airflow/.local/lib/python3.11/site-packages/airflow/example_dags/example_short_circuit_decorator.py for tasks to queue
[2024-03-06T14:18:09.239+0000] {logging_mixin.py:188} INFO - [2024-03-06T14:18:09.239+0000] {dagbag.py:540} INFO - Filling up the DagBag from /home/airflow/.local/lib/python3.11/site-packages/airflow/example_dags/example_short_circuit_decorator.py
[2024-03-06T14:18:09.262+0000] {processor.py:840} INFO - DAG(s) 'example_short_circuit_decorator' retrieved from /home/airflow/.local/lib/python3.11/site-packages/airflow/example_dags/example_short_circuit_decorator.py
[2024-03-06T14:18:09.311+0000] {logging_mixin.py:188} INFO - [2024-03-06T14:18:09.311+0000] {dag.py:3047} INFO - Sync 1 DAGs
[2024-03-06T14:18:09.350+0000] {logging_mixin.py:188} INFO - [2024-03-06T14:18:09.349+0000] {dag.py:3834} INFO - Setting next_dagrun for example_short_circuit_decorator to 2024-03-05 00:00:00+00:00, run_after=2024-03-06 00:00:00+00:00
[2024-03-06T14:18:09.376+0000] {processor.py:183} INFO - Processing /home/airflow/.local/lib/python3.11/site-packages/airflow/example_dags/example_short_circuit_decorator.py took 0.151 seconds
[2024-03-06T14:18:40.197+0000] {processor.py:161} INFO - Started process (PID=16715) to work on /home/airflow/.local/lib/python3.11/site-packages/airflow/example_dags/example_short_circuit_decorator.py
[2024-03-06T14:18:40.204+0000] {processor.py:830} INFO - Processing file /home/airflow/.local/lib/python3.11/site-packages/airflow/example_dags/example_short_circuit_decorator.py for tasks to queue
[2024-03-06T14:18:40.210+0000] {logging_mixin.py:188} INFO - [2024-03-06T14:18:40.210+0000] {dagbag.py:540} INFO - Filling up the DagBag from /home/airflow/.local/lib/python3.11/site-packages/airflow/example_dags/example_short_circuit_decorator.py
[2024-03-06T14:18:40.334+0000] {processor.py:840} INFO - DAG(s) 'example_short_circuit_decorator' retrieved from /home/airflow/.local/lib/python3.11/site-packages/airflow/example_dags/example_short_circuit_decorator.py
[2024-03-06T14:18:40.609+0000] {logging_mixin.py:188} INFO - [2024-03-06T14:18:40.609+0000] {dag.py:3047} INFO - Sync 1 DAGs
[2024-03-06T14:18:40.803+0000] {logging_mixin.py:188} INFO - [2024-03-06T14:18:40.803+0000] {dag.py:3834} INFO - Setting next_dagrun for example_short_circuit_decorator to 2024-03-05 00:00:00+00:00, run_after=2024-03-06 00:00:00+00:00
[2024-03-06T14:18:40.887+0000] {processor.py:183} INFO - Processing /home/airflow/.local/lib/python3.11/site-packages/airflow/example_dags/example_short_circuit_decorator.py took 0.708 seconds
[2024-03-06T14:19:11.595+0000] {processor.py:161} INFO - Started process (PID=16962) to work on /home/airflow/.local/lib/python3.11/site-packages/airflow/example_dags/example_short_circuit_decorator.py
[2024-03-06T14:19:11.597+0000] {processor.py:830} INFO - Processing file /home/airflow/.local/lib/python3.11/site-packages/airflow/example_dags/example_short_circuit_decorator.py for tasks to queue
[2024-03-06T14:19:11.599+0000] {logging_mixin.py:188} INFO - [2024-03-06T14:19:11.598+0000] {dagbag.py:540} INFO - Filling up the DagBag from /home/airflow/.local/lib/python3.11/site-packages/airflow/example_dags/example_short_circuit_decorator.py
[2024-03-06T14:19:11.626+0000] {processor.py:840} INFO - DAG(s) 'example_short_circuit_decorator' retrieved from /home/airflow/.local/lib/python3.11/site-packages/airflow/example_dags/example_short_circuit_decorator.py
[2024-03-06T14:19:11.684+0000] {logging_mixin.py:188} INFO - [2024-03-06T14:19:11.683+0000] {dag.py:3047} INFO - Sync 1 DAGs
[2024-03-06T14:19:11.726+0000] {logging_mixin.py:188} INFO - [2024-03-06T14:19:11.726+0000] {dag.py:3834} INFO - Setting next_dagrun for example_short_circuit_decorator to 2024-03-05 00:00:00+00:00, run_after=2024-03-06 00:00:00+00:00
[2024-03-06T14:19:11.761+0000] {processor.py:183} INFO - Processing /home/airflow/.local/lib/python3.11/site-packages/airflow/example_dags/example_short_circuit_decorator.py took 0.172 seconds
