[2024-03-06T13:44:39.571+0000] {processor.py:161} INFO - Started process (PID=329) to work on /home/airflow/.local/lib/python3.11/site-packages/airflow/example_dags/example_dynamic_task_mapping.py
[2024-03-06T13:44:39.573+0000] {processor.py:830} INFO - Processing file /home/airflow/.local/lib/python3.11/site-packages/airflow/example_dags/example_dynamic_task_mapping.py for tasks to queue
[2024-03-06T13:44:39.576+0000] {logging_mixin.py:188} INFO - [2024-03-06T13:44:39.575+0000] {dagbag.py:540} INFO - Filling up the DagBag from /home/airflow/.local/lib/python3.11/site-packages/airflow/example_dags/example_dynamic_task_mapping.py
[2024-03-06T13:44:39.591+0000] {processor.py:840} INFO - DAG(s) 'example_dynamic_task_mapping' retrieved from /home/airflow/.local/lib/python3.11/site-packages/airflow/example_dags/example_dynamic_task_mapping.py
[2024-03-06T13:44:39.616+0000] {logging_mixin.py:188} INFO - [2024-03-06T13:44:39.616+0000] {dag.py:3047} INFO - Sync 1 DAGs
[2024-03-06T13:44:39.816+0000] {logging_mixin.py:188} INFO - [2024-03-06T13:44:39.816+0000] {dag.py:3834} INFO - Setting next_dagrun for example_dynamic_task_mapping to 2022-03-04 00:00:00+00:00, run_after=2022-03-05 00:00:00+00:00
[2024-03-06T13:44:39.866+0000] {processor.py:183} INFO - Processing /home/airflow/.local/lib/python3.11/site-packages/airflow/example_dags/example_dynamic_task_mapping.py took 0.301 seconds
[2024-03-06T13:45:10.450+0000] {processor.py:161} INFO - Started process (PID=577) to work on /home/airflow/.local/lib/python3.11/site-packages/airflow/example_dags/example_dynamic_task_mapping.py
[2024-03-06T13:45:10.452+0000] {processor.py:830} INFO - Processing file /home/airflow/.local/lib/python3.11/site-packages/airflow/example_dags/example_dynamic_task_mapping.py for tasks to queue
[2024-03-06T13:45:10.454+0000] {logging_mixin.py:188} INFO - [2024-03-06T13:45:10.454+0000] {dagbag.py:540} INFO - Filling up the DagBag from /home/airflow/.local/lib/python3.11/site-packages/airflow/example_dags/example_dynamic_task_mapping.py
[2024-03-06T13:45:10.465+0000] {processor.py:840} INFO - DAG(s) 'example_dynamic_task_mapping' retrieved from /home/airflow/.local/lib/python3.11/site-packages/airflow/example_dags/example_dynamic_task_mapping.py
[2024-03-06T13:45:10.488+0000] {logging_mixin.py:188} INFO - [2024-03-06T13:45:10.488+0000] {dag.py:3047} INFO - Sync 1 DAGs
[2024-03-06T13:45:10.510+0000] {logging_mixin.py:188} INFO - [2024-03-06T13:45:10.510+0000] {dag.py:3834} INFO - Setting next_dagrun for example_dynamic_task_mapping to 2022-03-04 00:00:00+00:00, run_after=2022-03-05 00:00:00+00:00
[2024-03-06T13:45:10.531+0000] {processor.py:183} INFO - Processing /home/airflow/.local/lib/python3.11/site-packages/airflow/example_dags/example_dynamic_task_mapping.py took 0.084 seconds
[2024-03-06T13:45:40.986+0000] {processor.py:161} INFO - Started process (PID=823) to work on /home/airflow/.local/lib/python3.11/site-packages/airflow/example_dags/example_dynamic_task_mapping.py
[2024-03-06T13:45:40.987+0000] {processor.py:830} INFO - Processing file /home/airflow/.local/lib/python3.11/site-packages/airflow/example_dags/example_dynamic_task_mapping.py for tasks to queue
[2024-03-06T13:45:40.988+0000] {logging_mixin.py:188} INFO - [2024-03-06T13:45:40.988+0000] {dagbag.py:540} INFO - Filling up the DagBag from /home/airflow/.local/lib/python3.11/site-packages/airflow/example_dags/example_dynamic_task_mapping.py
[2024-03-06T13:45:40.995+0000] {processor.py:840} INFO - DAG(s) 'example_dynamic_task_mapping' retrieved from /home/airflow/.local/lib/python3.11/site-packages/airflow/example_dags/example_dynamic_task_mapping.py
[2024-03-06T13:45:41.012+0000] {logging_mixin.py:188} INFO - [2024-03-06T13:45:41.012+0000] {dag.py:3047} INFO - Sync 1 DAGs
[2024-03-06T13:45:41.032+0000] {logging_mixin.py:188} INFO - [2024-03-06T13:45:41.032+0000] {dag.py:3834} INFO - Setting next_dagrun for example_dynamic_task_mapping to 2022-03-04 00:00:00+00:00, run_after=2022-03-05 00:00:00+00:00
[2024-03-06T13:45:41.058+0000] {processor.py:183} INFO - Processing /home/airflow/.local/lib/python3.11/site-packages/airflow/example_dags/example_dynamic_task_mapping.py took 0.076 seconds
[2024-03-06T13:46:11.862+0000] {processor.py:161} INFO - Started process (PID=1070) to work on /home/airflow/.local/lib/python3.11/site-packages/airflow/example_dags/example_dynamic_task_mapping.py
[2024-03-06T13:46:11.863+0000] {processor.py:830} INFO - Processing file /home/airflow/.local/lib/python3.11/site-packages/airflow/example_dags/example_dynamic_task_mapping.py for tasks to queue
[2024-03-06T13:46:11.865+0000] {logging_mixin.py:188} INFO - [2024-03-06T13:46:11.864+0000] {dagbag.py:540} INFO - Filling up the DagBag from /home/airflow/.local/lib/python3.11/site-packages/airflow/example_dags/example_dynamic_task_mapping.py
[2024-03-06T13:46:11.874+0000] {processor.py:840} INFO - DAG(s) 'example_dynamic_task_mapping' retrieved from /home/airflow/.local/lib/python3.11/site-packages/airflow/example_dags/example_dynamic_task_mapping.py
[2024-03-06T13:46:11.896+0000] {logging_mixin.py:188} INFO - [2024-03-06T13:46:11.895+0000] {dag.py:3047} INFO - Sync 1 DAGs
[2024-03-06T13:46:11.921+0000] {logging_mixin.py:188} INFO - [2024-03-06T13:46:11.920+0000] {dag.py:3834} INFO - Setting next_dagrun for example_dynamic_task_mapping to 2022-03-04 00:00:00+00:00, run_after=2022-03-05 00:00:00+00:00
[2024-03-06T13:46:11.962+0000] {processor.py:183} INFO - Processing /home/airflow/.local/lib/python3.11/site-packages/airflow/example_dags/example_dynamic_task_mapping.py took 0.102 seconds
[2024-03-06T13:46:42.432+0000] {processor.py:161} INFO - Started process (PID=1317) to work on /home/airflow/.local/lib/python3.11/site-packages/airflow/example_dags/example_dynamic_task_mapping.py
[2024-03-06T13:46:42.433+0000] {processor.py:830} INFO - Processing file /home/airflow/.local/lib/python3.11/site-packages/airflow/example_dags/example_dynamic_task_mapping.py for tasks to queue
[2024-03-06T13:46:42.434+0000] {logging_mixin.py:188} INFO - [2024-03-06T13:46:42.434+0000] {dagbag.py:540} INFO - Filling up the DagBag from /home/airflow/.local/lib/python3.11/site-packages/airflow/example_dags/example_dynamic_task_mapping.py
[2024-03-06T13:46:42.442+0000] {processor.py:840} INFO - DAG(s) 'example_dynamic_task_mapping' retrieved from /home/airflow/.local/lib/python3.11/site-packages/airflow/example_dags/example_dynamic_task_mapping.py
[2024-03-06T13:46:42.458+0000] {logging_mixin.py:188} INFO - [2024-03-06T13:46:42.458+0000] {dag.py:3047} INFO - Sync 1 DAGs
[2024-03-06T13:46:42.476+0000] {logging_mixin.py:188} INFO - [2024-03-06T13:46:42.475+0000] {dag.py:3834} INFO - Setting next_dagrun for example_dynamic_task_mapping to 2022-03-04 00:00:00+00:00, run_after=2022-03-05 00:00:00+00:00
[2024-03-06T13:46:42.501+0000] {processor.py:183} INFO - Processing /home/airflow/.local/lib/python3.11/site-packages/airflow/example_dags/example_dynamic_task_mapping.py took 0.072 seconds
[2024-03-06T13:47:13.006+0000] {processor.py:161} INFO - Started process (PID=1564) to work on /home/airflow/.local/lib/python3.11/site-packages/airflow/example_dags/example_dynamic_task_mapping.py
[2024-03-06T13:47:13.015+0000] {processor.py:830} INFO - Processing file /home/airflow/.local/lib/python3.11/site-packages/airflow/example_dags/example_dynamic_task_mapping.py for tasks to queue
[2024-03-06T13:47:13.019+0000] {logging_mixin.py:188} INFO - [2024-03-06T13:47:13.017+0000] {dagbag.py:540} INFO - Filling up the DagBag from /home/airflow/.local/lib/python3.11/site-packages/airflow/example_dags/example_dynamic_task_mapping.py
[2024-03-06T13:47:13.034+0000] {processor.py:840} INFO - DAG(s) 'example_dynamic_task_mapping' retrieved from /home/airflow/.local/lib/python3.11/site-packages/airflow/example_dags/example_dynamic_task_mapping.py
[2024-03-06T13:47:13.101+0000] {logging_mixin.py:188} INFO - [2024-03-06T13:47:13.101+0000] {dag.py:3047} INFO - Sync 1 DAGs
[2024-03-06T13:47:13.131+0000] {logging_mixin.py:188} INFO - [2024-03-06T13:47:13.131+0000] {dag.py:3834} INFO - Setting next_dagrun for example_dynamic_task_mapping to 2022-03-04 00:00:00+00:00, run_after=2022-03-05 00:00:00+00:00
[2024-03-06T13:47:13.159+0000] {processor.py:183} INFO - Processing /home/airflow/.local/lib/python3.11/site-packages/airflow/example_dags/example_dynamic_task_mapping.py took 0.161 seconds
[2024-03-06T13:47:44.028+0000] {processor.py:161} INFO - Started process (PID=1809) to work on /home/airflow/.local/lib/python3.11/site-packages/airflow/example_dags/example_dynamic_task_mapping.py
[2024-03-06T13:47:44.030+0000] {processor.py:830} INFO - Processing file /home/airflow/.local/lib/python3.11/site-packages/airflow/example_dags/example_dynamic_task_mapping.py for tasks to queue
[2024-03-06T13:47:44.032+0000] {logging_mixin.py:188} INFO - [2024-03-06T13:47:44.031+0000] {dagbag.py:540} INFO - Filling up the DagBag from /home/airflow/.local/lib/python3.11/site-packages/airflow/example_dags/example_dynamic_task_mapping.py
[2024-03-06T13:47:44.046+0000] {processor.py:840} INFO - DAG(s) 'example_dynamic_task_mapping' retrieved from /home/airflow/.local/lib/python3.11/site-packages/airflow/example_dags/example_dynamic_task_mapping.py
[2024-03-06T13:47:44.083+0000] {logging_mixin.py:188} INFO - [2024-03-06T13:47:44.082+0000] {dag.py:3047} INFO - Sync 1 DAGs
[2024-03-06T13:47:44.130+0000] {logging_mixin.py:188} INFO - [2024-03-06T13:47:44.130+0000] {dag.py:3834} INFO - Setting next_dagrun for example_dynamic_task_mapping to 2022-03-04 00:00:00+00:00, run_after=2022-03-05 00:00:00+00:00
[2024-03-06T13:47:44.169+0000] {processor.py:183} INFO - Processing /home/airflow/.local/lib/python3.11/site-packages/airflow/example_dags/example_dynamic_task_mapping.py took 0.147 seconds
[2024-03-06T13:48:14.849+0000] {processor.py:161} INFO - Started process (PID=2058) to work on /home/airflow/.local/lib/python3.11/site-packages/airflow/example_dags/example_dynamic_task_mapping.py
[2024-03-06T13:48:14.850+0000] {processor.py:830} INFO - Processing file /home/airflow/.local/lib/python3.11/site-packages/airflow/example_dags/example_dynamic_task_mapping.py for tasks to queue
[2024-03-06T13:48:14.851+0000] {logging_mixin.py:188} INFO - [2024-03-06T13:48:14.850+0000] {dagbag.py:540} INFO - Filling up the DagBag from /home/airflow/.local/lib/python3.11/site-packages/airflow/example_dags/example_dynamic_task_mapping.py
[2024-03-06T13:48:14.858+0000] {processor.py:840} INFO - DAG(s) 'example_dynamic_task_mapping' retrieved from /home/airflow/.local/lib/python3.11/site-packages/airflow/example_dags/example_dynamic_task_mapping.py
[2024-03-06T13:48:14.877+0000] {logging_mixin.py:188} INFO - [2024-03-06T13:48:14.877+0000] {dag.py:3047} INFO - Sync 1 DAGs
[2024-03-06T13:48:14.899+0000] {logging_mixin.py:188} INFO - [2024-03-06T13:48:14.899+0000] {dag.py:3834} INFO - Setting next_dagrun for example_dynamic_task_mapping to 2022-03-04 00:00:00+00:00, run_after=2022-03-05 00:00:00+00:00
[2024-03-06T13:48:14.921+0000] {processor.py:183} INFO - Processing /home/airflow/.local/lib/python3.11/site-packages/airflow/example_dags/example_dynamic_task_mapping.py took 0.075 seconds
[2024-03-06T13:48:45.685+0000] {processor.py:161} INFO - Started process (PID=2304) to work on /home/airflow/.local/lib/python3.11/site-packages/airflow/example_dags/example_dynamic_task_mapping.py
[2024-03-06T13:48:45.686+0000] {processor.py:830} INFO - Processing file /home/airflow/.local/lib/python3.11/site-packages/airflow/example_dags/example_dynamic_task_mapping.py for tasks to queue
[2024-03-06T13:48:45.688+0000] {logging_mixin.py:188} INFO - [2024-03-06T13:48:45.687+0000] {dagbag.py:540} INFO - Filling up the DagBag from /home/airflow/.local/lib/python3.11/site-packages/airflow/example_dags/example_dynamic_task_mapping.py
[2024-03-06T13:48:45.697+0000] {processor.py:840} INFO - DAG(s) 'example_dynamic_task_mapping' retrieved from /home/airflow/.local/lib/python3.11/site-packages/airflow/example_dags/example_dynamic_task_mapping.py
[2024-03-06T13:48:45.721+0000] {logging_mixin.py:188} INFO - [2024-03-06T13:48:45.721+0000] {dag.py:3047} INFO - Sync 1 DAGs
[2024-03-06T13:48:45.753+0000] {logging_mixin.py:188} INFO - [2024-03-06T13:48:45.752+0000] {dag.py:3834} INFO - Setting next_dagrun for example_dynamic_task_mapping to 2022-03-04 00:00:00+00:00, run_after=2022-03-05 00:00:00+00:00
[2024-03-06T13:48:45.782+0000] {processor.py:183} INFO - Processing /home/airflow/.local/lib/python3.11/site-packages/airflow/example_dags/example_dynamic_task_mapping.py took 0.102 seconds
[2024-03-06T13:49:16.358+0000] {processor.py:161} INFO - Started process (PID=2551) to work on /home/airflow/.local/lib/python3.11/site-packages/airflow/example_dags/example_dynamic_task_mapping.py
[2024-03-06T13:49:16.359+0000] {processor.py:830} INFO - Processing file /home/airflow/.local/lib/python3.11/site-packages/airflow/example_dags/example_dynamic_task_mapping.py for tasks to queue
[2024-03-06T13:49:16.361+0000] {logging_mixin.py:188} INFO - [2024-03-06T13:49:16.360+0000] {dagbag.py:540} INFO - Filling up the DagBag from /home/airflow/.local/lib/python3.11/site-packages/airflow/example_dags/example_dynamic_task_mapping.py
[2024-03-06T13:49:16.373+0000] {processor.py:840} INFO - DAG(s) 'example_dynamic_task_mapping' retrieved from /home/airflow/.local/lib/python3.11/site-packages/airflow/example_dags/example_dynamic_task_mapping.py
[2024-03-06T13:49:16.397+0000] {logging_mixin.py:188} INFO - [2024-03-06T13:49:16.396+0000] {dag.py:3047} INFO - Sync 1 DAGs
[2024-03-06T13:49:16.428+0000] {logging_mixin.py:188} INFO - [2024-03-06T13:49:16.428+0000] {dag.py:3834} INFO - Setting next_dagrun for example_dynamic_task_mapping to 2022-03-04 00:00:00+00:00, run_after=2022-03-05 00:00:00+00:00
[2024-03-06T13:49:16.469+0000] {processor.py:183} INFO - Processing /home/airflow/.local/lib/python3.11/site-packages/airflow/example_dags/example_dynamic_task_mapping.py took 0.116 seconds
[2024-03-06T13:49:46.532+0000] {processor.py:161} INFO - Started process (PID=2798) to work on /home/airflow/.local/lib/python3.11/site-packages/airflow/example_dags/example_dynamic_task_mapping.py
[2024-03-06T13:49:46.534+0000] {processor.py:830} INFO - Processing file /home/airflow/.local/lib/python3.11/site-packages/airflow/example_dags/example_dynamic_task_mapping.py for tasks to queue
[2024-03-06T13:49:46.535+0000] {logging_mixin.py:188} INFO - [2024-03-06T13:49:46.535+0000] {dagbag.py:540} INFO - Filling up the DagBag from /home/airflow/.local/lib/python3.11/site-packages/airflow/example_dags/example_dynamic_task_mapping.py
[2024-03-06T13:49:46.544+0000] {processor.py:840} INFO - DAG(s) 'example_dynamic_task_mapping' retrieved from /home/airflow/.local/lib/python3.11/site-packages/airflow/example_dags/example_dynamic_task_mapping.py
[2024-03-06T13:49:46.568+0000] {logging_mixin.py:188} INFO - [2024-03-06T13:49:46.567+0000] {dag.py:3047} INFO - Sync 1 DAGs
[2024-03-06T13:49:46.590+0000] {logging_mixin.py:188} INFO - [2024-03-06T13:49:46.590+0000] {dag.py:3834} INFO - Setting next_dagrun for example_dynamic_task_mapping to 2022-03-04 00:00:00+00:00, run_after=2022-03-05 00:00:00+00:00
[2024-03-06T13:49:46.610+0000] {processor.py:183} INFO - Processing /home/airflow/.local/lib/python3.11/site-packages/airflow/example_dags/example_dynamic_task_mapping.py took 0.081 seconds
[2024-03-06T13:50:17.221+0000] {processor.py:161} INFO - Started process (PID=3045) to work on /home/airflow/.local/lib/python3.11/site-packages/airflow/example_dags/example_dynamic_task_mapping.py
[2024-03-06T13:50:17.222+0000] {processor.py:830} INFO - Processing file /home/airflow/.local/lib/python3.11/site-packages/airflow/example_dags/example_dynamic_task_mapping.py for tasks to queue
[2024-03-06T13:50:17.223+0000] {logging_mixin.py:188} INFO - [2024-03-06T13:50:17.223+0000] {dagbag.py:540} INFO - Filling up the DagBag from /home/airflow/.local/lib/python3.11/site-packages/airflow/example_dags/example_dynamic_task_mapping.py
[2024-03-06T13:50:17.230+0000] {processor.py:840} INFO - DAG(s) 'example_dynamic_task_mapping' retrieved from /home/airflow/.local/lib/python3.11/site-packages/airflow/example_dags/example_dynamic_task_mapping.py
[2024-03-06T13:50:17.248+0000] {logging_mixin.py:188} INFO - [2024-03-06T13:50:17.247+0000] {dag.py:3047} INFO - Sync 1 DAGs
[2024-03-06T13:50:17.268+0000] {logging_mixin.py:188} INFO - [2024-03-06T13:50:17.268+0000] {dag.py:3834} INFO - Setting next_dagrun for example_dynamic_task_mapping to 2022-03-04 00:00:00+00:00, run_after=2022-03-05 00:00:00+00:00
[2024-03-06T13:50:17.284+0000] {processor.py:183} INFO - Processing /home/airflow/.local/lib/python3.11/site-packages/airflow/example_dags/example_dynamic_task_mapping.py took 0.066 seconds
[2024-03-06T13:50:47.773+0000] {processor.py:161} INFO - Started process (PID=3292) to work on /home/airflow/.local/lib/python3.11/site-packages/airflow/example_dags/example_dynamic_task_mapping.py
[2024-03-06T13:50:47.774+0000] {processor.py:830} INFO - Processing file /home/airflow/.local/lib/python3.11/site-packages/airflow/example_dags/example_dynamic_task_mapping.py for tasks to queue
[2024-03-06T13:50:47.775+0000] {logging_mixin.py:188} INFO - [2024-03-06T13:50:47.775+0000] {dagbag.py:540} INFO - Filling up the DagBag from /home/airflow/.local/lib/python3.11/site-packages/airflow/example_dags/example_dynamic_task_mapping.py
[2024-03-06T13:50:47.784+0000] {processor.py:840} INFO - DAG(s) 'example_dynamic_task_mapping' retrieved from /home/airflow/.local/lib/python3.11/site-packages/airflow/example_dags/example_dynamic_task_mapping.py
[2024-03-06T13:50:47.804+0000] {logging_mixin.py:188} INFO - [2024-03-06T13:50:47.804+0000] {dag.py:3047} INFO - Sync 1 DAGs
[2024-03-06T13:50:47.825+0000] {logging_mixin.py:188} INFO - [2024-03-06T13:50:47.825+0000] {dag.py:3834} INFO - Setting next_dagrun for example_dynamic_task_mapping to 2022-03-04 00:00:00+00:00, run_after=2022-03-05 00:00:00+00:00
[2024-03-06T13:50:47.843+0000] {processor.py:183} INFO - Processing /home/airflow/.local/lib/python3.11/site-packages/airflow/example_dags/example_dynamic_task_mapping.py took 0.074 seconds
[2024-03-06T13:51:18.236+0000] {processor.py:161} INFO - Started process (PID=3539) to work on /home/airflow/.local/lib/python3.11/site-packages/airflow/example_dags/example_dynamic_task_mapping.py
[2024-03-06T13:51:18.237+0000] {processor.py:830} INFO - Processing file /home/airflow/.local/lib/python3.11/site-packages/airflow/example_dags/example_dynamic_task_mapping.py for tasks to queue
[2024-03-06T13:51:18.238+0000] {logging_mixin.py:188} INFO - [2024-03-06T13:51:18.238+0000] {dagbag.py:540} INFO - Filling up the DagBag from /home/airflow/.local/lib/python3.11/site-packages/airflow/example_dags/example_dynamic_task_mapping.py
[2024-03-06T13:51:18.245+0000] {processor.py:840} INFO - DAG(s) 'example_dynamic_task_mapping' retrieved from /home/airflow/.local/lib/python3.11/site-packages/airflow/example_dags/example_dynamic_task_mapping.py
[2024-03-06T13:51:18.262+0000] {logging_mixin.py:188} INFO - [2024-03-06T13:51:18.262+0000] {dag.py:3047} INFO - Sync 1 DAGs
[2024-03-06T13:51:18.283+0000] {logging_mixin.py:188} INFO - [2024-03-06T13:51:18.283+0000] {dag.py:3834} INFO - Setting next_dagrun for example_dynamic_task_mapping to 2022-03-04 00:00:00+00:00, run_after=2022-03-05 00:00:00+00:00
[2024-03-06T13:51:18.297+0000] {processor.py:183} INFO - Processing /home/airflow/.local/lib/python3.11/site-packages/airflow/example_dags/example_dynamic_task_mapping.py took 0.063 seconds
[2024-03-06T13:51:48.687+0000] {processor.py:161} INFO - Started process (PID=3786) to work on /home/airflow/.local/lib/python3.11/site-packages/airflow/example_dags/example_dynamic_task_mapping.py
[2024-03-06T13:51:48.688+0000] {processor.py:830} INFO - Processing file /home/airflow/.local/lib/python3.11/site-packages/airflow/example_dags/example_dynamic_task_mapping.py for tasks to queue
[2024-03-06T13:51:48.689+0000] {logging_mixin.py:188} INFO - [2024-03-06T13:51:48.688+0000] {dagbag.py:540} INFO - Filling up the DagBag from /home/airflow/.local/lib/python3.11/site-packages/airflow/example_dags/example_dynamic_task_mapping.py
[2024-03-06T13:51:48.695+0000] {processor.py:840} INFO - DAG(s) 'example_dynamic_task_mapping' retrieved from /home/airflow/.local/lib/python3.11/site-packages/airflow/example_dags/example_dynamic_task_mapping.py
[2024-03-06T13:51:48.710+0000] {logging_mixin.py:188} INFO - [2024-03-06T13:51:48.710+0000] {dag.py:3047} INFO - Sync 1 DAGs
[2024-03-06T13:51:48.726+0000] {logging_mixin.py:188} INFO - [2024-03-06T13:51:48.726+0000] {dag.py:3834} INFO - Setting next_dagrun for example_dynamic_task_mapping to 2022-03-04 00:00:00+00:00, run_after=2022-03-05 00:00:00+00:00
[2024-03-06T13:51:48.739+0000] {processor.py:183} INFO - Processing /home/airflow/.local/lib/python3.11/site-packages/airflow/example_dags/example_dynamic_task_mapping.py took 0.055 seconds
[2024-03-06T13:52:19.269+0000] {processor.py:161} INFO - Started process (PID=4033) to work on /home/airflow/.local/lib/python3.11/site-packages/airflow/example_dags/example_dynamic_task_mapping.py
[2024-03-06T13:52:19.270+0000] {processor.py:830} INFO - Processing file /home/airflow/.local/lib/python3.11/site-packages/airflow/example_dags/example_dynamic_task_mapping.py for tasks to queue
[2024-03-06T13:52:19.271+0000] {logging_mixin.py:188} INFO - [2024-03-06T13:52:19.271+0000] {dagbag.py:540} INFO - Filling up the DagBag from /home/airflow/.local/lib/python3.11/site-packages/airflow/example_dags/example_dynamic_task_mapping.py
[2024-03-06T13:52:19.281+0000] {processor.py:840} INFO - DAG(s) 'example_dynamic_task_mapping' retrieved from /home/airflow/.local/lib/python3.11/site-packages/airflow/example_dags/example_dynamic_task_mapping.py
[2024-03-06T13:52:19.300+0000] {logging_mixin.py:188} INFO - [2024-03-06T13:52:19.300+0000] {dag.py:3047} INFO - Sync 1 DAGs
[2024-03-06T13:52:19.323+0000] {logging_mixin.py:188} INFO - [2024-03-06T13:52:19.323+0000] {dag.py:3834} INFO - Setting next_dagrun for example_dynamic_task_mapping to 2022-03-04 00:00:00+00:00, run_after=2022-03-05 00:00:00+00:00
[2024-03-06T13:52:19.344+0000] {processor.py:183} INFO - Processing /home/airflow/.local/lib/python3.11/site-packages/airflow/example_dags/example_dynamic_task_mapping.py took 0.078 seconds
[2024-03-06T13:52:49.564+0000] {processor.py:161} INFO - Started process (PID=4278) to work on /home/airflow/.local/lib/python3.11/site-packages/airflow/example_dags/example_dynamic_task_mapping.py
[2024-03-06T13:52:49.566+0000] {processor.py:830} INFO - Processing file /home/airflow/.local/lib/python3.11/site-packages/airflow/example_dags/example_dynamic_task_mapping.py for tasks to queue
[2024-03-06T13:52:49.568+0000] {logging_mixin.py:188} INFO - [2024-03-06T13:52:49.567+0000] {dagbag.py:540} INFO - Filling up the DagBag from /home/airflow/.local/lib/python3.11/site-packages/airflow/example_dags/example_dynamic_task_mapping.py
[2024-03-06T13:52:49.577+0000] {processor.py:840} INFO - DAG(s) 'example_dynamic_task_mapping' retrieved from /home/airflow/.local/lib/python3.11/site-packages/airflow/example_dags/example_dynamic_task_mapping.py
[2024-03-06T13:52:49.603+0000] {logging_mixin.py:188} INFO - [2024-03-06T13:52:49.603+0000] {dag.py:3047} INFO - Sync 1 DAGs
[2024-03-06T13:52:49.640+0000] {logging_mixin.py:188} INFO - [2024-03-06T13:52:49.639+0000] {dag.py:3834} INFO - Setting next_dagrun for example_dynamic_task_mapping to 2022-03-04 00:00:00+00:00, run_after=2022-03-05 00:00:00+00:00
[2024-03-06T13:52:49.672+0000] {processor.py:183} INFO - Processing /home/airflow/.local/lib/python3.11/site-packages/airflow/example_dags/example_dynamic_task_mapping.py took 0.111 seconds
[2024-03-06T13:53:20.240+0000] {processor.py:161} INFO - Started process (PID=4524) to work on /home/airflow/.local/lib/python3.11/site-packages/airflow/example_dags/example_dynamic_task_mapping.py
[2024-03-06T13:53:20.241+0000] {processor.py:830} INFO - Processing file /home/airflow/.local/lib/python3.11/site-packages/airflow/example_dags/example_dynamic_task_mapping.py for tasks to queue
[2024-03-06T13:53:20.242+0000] {logging_mixin.py:188} INFO - [2024-03-06T13:53:20.242+0000] {dagbag.py:540} INFO - Filling up the DagBag from /home/airflow/.local/lib/python3.11/site-packages/airflow/example_dags/example_dynamic_task_mapping.py
[2024-03-06T13:53:20.254+0000] {processor.py:840} INFO - DAG(s) 'example_dynamic_task_mapping' retrieved from /home/airflow/.local/lib/python3.11/site-packages/airflow/example_dags/example_dynamic_task_mapping.py
[2024-03-06T13:53:20.283+0000] {logging_mixin.py:188} INFO - [2024-03-06T13:53:20.283+0000] {dag.py:3047} INFO - Sync 1 DAGs
[2024-03-06T13:53:20.327+0000] {logging_mixin.py:188} INFO - [2024-03-06T13:53:20.326+0000] {dag.py:3834} INFO - Setting next_dagrun for example_dynamic_task_mapping to 2022-03-04 00:00:00+00:00, run_after=2022-03-05 00:00:00+00:00
[2024-03-06T13:53:20.360+0000] {processor.py:183} INFO - Processing /home/airflow/.local/lib/python3.11/site-packages/airflow/example_dags/example_dynamic_task_mapping.py took 0.125 seconds
[2024-03-06T13:53:50.444+0000] {processor.py:161} INFO - Started process (PID=4771) to work on /home/airflow/.local/lib/python3.11/site-packages/airflow/example_dags/example_dynamic_task_mapping.py
[2024-03-06T13:53:50.446+0000] {processor.py:830} INFO - Processing file /home/airflow/.local/lib/python3.11/site-packages/airflow/example_dags/example_dynamic_task_mapping.py for tasks to queue
[2024-03-06T13:53:50.447+0000] {logging_mixin.py:188} INFO - [2024-03-06T13:53:50.447+0000] {dagbag.py:540} INFO - Filling up the DagBag from /home/airflow/.local/lib/python3.11/site-packages/airflow/example_dags/example_dynamic_task_mapping.py
[2024-03-06T13:53:50.457+0000] {processor.py:840} INFO - DAG(s) 'example_dynamic_task_mapping' retrieved from /home/airflow/.local/lib/python3.11/site-packages/airflow/example_dags/example_dynamic_task_mapping.py
[2024-03-06T13:53:50.484+0000] {logging_mixin.py:188} INFO - [2024-03-06T13:53:50.484+0000] {dag.py:3047} INFO - Sync 1 DAGs
[2024-03-06T13:53:50.510+0000] {logging_mixin.py:188} INFO - [2024-03-06T13:53:50.510+0000] {dag.py:3834} INFO - Setting next_dagrun for example_dynamic_task_mapping to 2022-03-04 00:00:00+00:00, run_after=2022-03-05 00:00:00+00:00
[2024-03-06T13:53:50.535+0000] {processor.py:183} INFO - Processing /home/airflow/.local/lib/python3.11/site-packages/airflow/example_dags/example_dynamic_task_mapping.py took 0.095 seconds
[2024-03-06T13:54:21.016+0000] {processor.py:161} INFO - Started process (PID=5020) to work on /home/airflow/.local/lib/python3.11/site-packages/airflow/example_dags/example_dynamic_task_mapping.py
[2024-03-06T13:54:21.017+0000] {processor.py:830} INFO - Processing file /home/airflow/.local/lib/python3.11/site-packages/airflow/example_dags/example_dynamic_task_mapping.py for tasks to queue
[2024-03-06T13:54:21.018+0000] {logging_mixin.py:188} INFO - [2024-03-06T13:54:21.017+0000] {dagbag.py:540} INFO - Filling up the DagBag from /home/airflow/.local/lib/python3.11/site-packages/airflow/example_dags/example_dynamic_task_mapping.py
[2024-03-06T13:54:21.026+0000] {processor.py:840} INFO - DAG(s) 'example_dynamic_task_mapping' retrieved from /home/airflow/.local/lib/python3.11/site-packages/airflow/example_dags/example_dynamic_task_mapping.py
[2024-03-06T13:54:21.043+0000] {logging_mixin.py:188} INFO - [2024-03-06T13:54:21.043+0000] {dag.py:3047} INFO - Sync 1 DAGs
[2024-03-06T13:54:21.060+0000] {logging_mixin.py:188} INFO - [2024-03-06T13:54:21.060+0000] {dag.py:3834} INFO - Setting next_dagrun for example_dynamic_task_mapping to 2022-03-04 00:00:00+00:00, run_after=2022-03-05 00:00:00+00:00
[2024-03-06T13:54:21.074+0000] {processor.py:183} INFO - Processing /home/airflow/.local/lib/python3.11/site-packages/airflow/example_dags/example_dynamic_task_mapping.py took 0.061 seconds
[2024-03-06T13:54:51.877+0000] {processor.py:161} INFO - Started process (PID=5265) to work on /home/airflow/.local/lib/python3.11/site-packages/airflow/example_dags/example_dynamic_task_mapping.py
[2024-03-06T13:54:51.878+0000] {processor.py:830} INFO - Processing file /home/airflow/.local/lib/python3.11/site-packages/airflow/example_dags/example_dynamic_task_mapping.py for tasks to queue
[2024-03-06T13:54:51.879+0000] {logging_mixin.py:188} INFO - [2024-03-06T13:54:51.879+0000] {dagbag.py:540} INFO - Filling up the DagBag from /home/airflow/.local/lib/python3.11/site-packages/airflow/example_dags/example_dynamic_task_mapping.py
[2024-03-06T13:54:51.888+0000] {processor.py:840} INFO - DAG(s) 'example_dynamic_task_mapping' retrieved from /home/airflow/.local/lib/python3.11/site-packages/airflow/example_dags/example_dynamic_task_mapping.py
[2024-03-06T13:54:51.912+0000] {logging_mixin.py:188} INFO - [2024-03-06T13:54:51.912+0000] {dag.py:3047} INFO - Sync 1 DAGs
[2024-03-06T13:54:51.933+0000] {logging_mixin.py:188} INFO - [2024-03-06T13:54:51.933+0000] {dag.py:3834} INFO - Setting next_dagrun for example_dynamic_task_mapping to 2022-03-04 00:00:00+00:00, run_after=2022-03-05 00:00:00+00:00
[2024-03-06T13:54:51.952+0000] {processor.py:183} INFO - Processing /home/airflow/.local/lib/python3.11/site-packages/airflow/example_dags/example_dynamic_task_mapping.py took 0.079 seconds
[2024-03-06T13:55:23.186+0000] {processor.py:161} INFO - Started process (PID=5512) to work on /home/airflow/.local/lib/python3.11/site-packages/airflow/example_dags/example_dynamic_task_mapping.py
[2024-03-06T13:55:23.190+0000] {processor.py:830} INFO - Processing file /home/airflow/.local/lib/python3.11/site-packages/airflow/example_dags/example_dynamic_task_mapping.py for tasks to queue
[2024-03-06T13:55:23.196+0000] {logging_mixin.py:188} INFO - [2024-03-06T13:55:23.194+0000] {dagbag.py:540} INFO - Filling up the DagBag from /home/airflow/.local/lib/python3.11/site-packages/airflow/example_dags/example_dynamic_task_mapping.py
[2024-03-06T13:55:23.215+0000] {processor.py:840} INFO - DAG(s) 'example_dynamic_task_mapping' retrieved from /home/airflow/.local/lib/python3.11/site-packages/airflow/example_dags/example_dynamic_task_mapping.py
[2024-03-06T13:55:23.267+0000] {logging_mixin.py:188} INFO - [2024-03-06T13:55:23.266+0000] {dag.py:3047} INFO - Sync 1 DAGs
[2024-03-06T13:55:23.324+0000] {logging_mixin.py:188} INFO - [2024-03-06T13:55:23.323+0000] {dag.py:3834} INFO - Setting next_dagrun for example_dynamic_task_mapping to 2022-03-04 00:00:00+00:00, run_after=2022-03-05 00:00:00+00:00
[2024-03-06T13:55:23.369+0000] {processor.py:183} INFO - Processing /home/airflow/.local/lib/python3.11/site-packages/airflow/example_dags/example_dynamic_task_mapping.py took 0.189 seconds
[2024-03-06T13:55:54.085+0000] {processor.py:161} INFO - Started process (PID=5759) to work on /home/airflow/.local/lib/python3.11/site-packages/airflow/example_dags/example_dynamic_task_mapping.py
[2024-03-06T13:55:54.089+0000] {processor.py:830} INFO - Processing file /home/airflow/.local/lib/python3.11/site-packages/airflow/example_dags/example_dynamic_task_mapping.py for tasks to queue
[2024-03-06T13:55:54.093+0000] {logging_mixin.py:188} INFO - [2024-03-06T13:55:54.092+0000] {dagbag.py:540} INFO - Filling up the DagBag from /home/airflow/.local/lib/python3.11/site-packages/airflow/example_dags/example_dynamic_task_mapping.py
[2024-03-06T13:55:54.110+0000] {processor.py:840} INFO - DAG(s) 'example_dynamic_task_mapping' retrieved from /home/airflow/.local/lib/python3.11/site-packages/airflow/example_dags/example_dynamic_task_mapping.py
[2024-03-06T13:55:54.181+0000] {logging_mixin.py:188} INFO - [2024-03-06T13:55:54.179+0000] {dag.py:3047} INFO - Sync 1 DAGs
[2024-03-06T13:55:54.254+0000] {logging_mixin.py:188} INFO - [2024-03-06T13:55:54.254+0000] {dag.py:3834} INFO - Setting next_dagrun for example_dynamic_task_mapping to 2022-03-04 00:00:00+00:00, run_after=2022-03-05 00:00:00+00:00
[2024-03-06T13:55:54.320+0000] {processor.py:183} INFO - Processing /home/airflow/.local/lib/python3.11/site-packages/airflow/example_dags/example_dynamic_task_mapping.py took 0.241 seconds
[2024-03-06T13:56:25.203+0000] {processor.py:161} INFO - Started process (PID=6010) to work on /home/airflow/.local/lib/python3.11/site-packages/airflow/example_dags/example_dynamic_task_mapping.py
[2024-03-06T13:56:25.208+0000] {processor.py:830} INFO - Processing file /home/airflow/.local/lib/python3.11/site-packages/airflow/example_dags/example_dynamic_task_mapping.py for tasks to queue
[2024-03-06T13:56:25.213+0000] {logging_mixin.py:188} INFO - [2024-03-06T13:56:25.212+0000] {dagbag.py:540} INFO - Filling up the DagBag from /home/airflow/.local/lib/python3.11/site-packages/airflow/example_dags/example_dynamic_task_mapping.py
[2024-03-06T13:56:25.279+0000] {processor.py:840} INFO - DAG(s) 'example_dynamic_task_mapping' retrieved from /home/airflow/.local/lib/python3.11/site-packages/airflow/example_dags/example_dynamic_task_mapping.py
[2024-03-06T13:56:25.450+0000] {logging_mixin.py:188} INFO - [2024-03-06T13:56:25.449+0000] {dag.py:3047} INFO - Sync 1 DAGs
[2024-03-06T13:56:25.603+0000] {logging_mixin.py:188} INFO - [2024-03-06T13:56:25.599+0000] {dag.py:3834} INFO - Setting next_dagrun for example_dynamic_task_mapping to 2022-03-04 00:00:00+00:00, run_after=2022-03-05 00:00:00+00:00
[2024-03-06T13:56:25.837+0000] {processor.py:183} INFO - Processing /home/airflow/.local/lib/python3.11/site-packages/airflow/example_dags/example_dynamic_task_mapping.py took 0.655 seconds
[2024-03-06T13:56:56.705+0000] {processor.py:161} INFO - Started process (PID=6259) to work on /home/airflow/.local/lib/python3.11/site-packages/airflow/example_dags/example_dynamic_task_mapping.py
[2024-03-06T13:56:56.707+0000] {processor.py:830} INFO - Processing file /home/airflow/.local/lib/python3.11/site-packages/airflow/example_dags/example_dynamic_task_mapping.py for tasks to queue
[2024-03-06T13:56:56.709+0000] {logging_mixin.py:188} INFO - [2024-03-06T13:56:56.708+0000] {dagbag.py:540} INFO - Filling up the DagBag from /home/airflow/.local/lib/python3.11/site-packages/airflow/example_dags/example_dynamic_task_mapping.py
[2024-03-06T13:56:56.722+0000] {processor.py:840} INFO - DAG(s) 'example_dynamic_task_mapping' retrieved from /home/airflow/.local/lib/python3.11/site-packages/airflow/example_dags/example_dynamic_task_mapping.py
[2024-03-06T13:56:56.757+0000] {logging_mixin.py:188} INFO - [2024-03-06T13:56:56.757+0000] {dag.py:3047} INFO - Sync 1 DAGs
[2024-03-06T13:56:56.805+0000] {logging_mixin.py:188} INFO - [2024-03-06T13:56:56.805+0000] {dag.py:3834} INFO - Setting next_dagrun for example_dynamic_task_mapping to 2022-03-04 00:00:00+00:00, run_after=2022-03-05 00:00:00+00:00
[2024-03-06T13:56:56.836+0000] {processor.py:183} INFO - Processing /home/airflow/.local/lib/python3.11/site-packages/airflow/example_dags/example_dynamic_task_mapping.py took 0.136 seconds
[2024-03-06T13:57:27.343+0000] {processor.py:161} INFO - Started process (PID=6506) to work on /home/airflow/.local/lib/python3.11/site-packages/airflow/example_dags/example_dynamic_task_mapping.py
[2024-03-06T13:57:27.346+0000] {processor.py:830} INFO - Processing file /home/airflow/.local/lib/python3.11/site-packages/airflow/example_dags/example_dynamic_task_mapping.py for tasks to queue
[2024-03-06T13:57:27.349+0000] {logging_mixin.py:188} INFO - [2024-03-06T13:57:27.348+0000] {dagbag.py:540} INFO - Filling up the DagBag from /home/airflow/.local/lib/python3.11/site-packages/airflow/example_dags/example_dynamic_task_mapping.py
[2024-03-06T13:57:27.359+0000] {processor.py:840} INFO - DAG(s) 'example_dynamic_task_mapping' retrieved from /home/airflow/.local/lib/python3.11/site-packages/airflow/example_dags/example_dynamic_task_mapping.py
[2024-03-06T13:57:27.386+0000] {logging_mixin.py:188} INFO - [2024-03-06T13:57:27.386+0000] {dag.py:3047} INFO - Sync 1 DAGs
[2024-03-06T13:57:27.420+0000] {logging_mixin.py:188} INFO - [2024-03-06T13:57:27.420+0000] {dag.py:3834} INFO - Setting next_dagrun for example_dynamic_task_mapping to 2022-03-04 00:00:00+00:00, run_after=2022-03-05 00:00:00+00:00
[2024-03-06T13:57:27.445+0000] {processor.py:183} INFO - Processing /home/airflow/.local/lib/python3.11/site-packages/airflow/example_dags/example_dynamic_task_mapping.py took 0.107 seconds
[2024-03-06T13:57:57.576+0000] {processor.py:161} INFO - Started process (PID=6752) to work on /home/airflow/.local/lib/python3.11/site-packages/airflow/example_dags/example_dynamic_task_mapping.py
[2024-03-06T13:57:57.579+0000] {processor.py:830} INFO - Processing file /home/airflow/.local/lib/python3.11/site-packages/airflow/example_dags/example_dynamic_task_mapping.py for tasks to queue
[2024-03-06T13:57:57.583+0000] {logging_mixin.py:188} INFO - [2024-03-06T13:57:57.582+0000] {dagbag.py:540} INFO - Filling up the DagBag from /home/airflow/.local/lib/python3.11/site-packages/airflow/example_dags/example_dynamic_task_mapping.py
[2024-03-06T13:57:57.593+0000] {processor.py:840} INFO - DAG(s) 'example_dynamic_task_mapping' retrieved from /home/airflow/.local/lib/python3.11/site-packages/airflow/example_dags/example_dynamic_task_mapping.py
[2024-03-06T13:57:57.619+0000] {logging_mixin.py:188} INFO - [2024-03-06T13:57:57.619+0000] {dag.py:3047} INFO - Sync 1 DAGs
[2024-03-06T13:57:57.648+0000] {logging_mixin.py:188} INFO - [2024-03-06T13:57:57.647+0000] {dag.py:3834} INFO - Setting next_dagrun for example_dynamic_task_mapping to 2022-03-04 00:00:00+00:00, run_after=2022-03-05 00:00:00+00:00
[2024-03-06T13:57:57.675+0000] {processor.py:183} INFO - Processing /home/airflow/.local/lib/python3.11/site-packages/airflow/example_dags/example_dynamic_task_mapping.py took 0.102 seconds
[2024-03-06T13:58:28.133+0000] {processor.py:161} INFO - Started process (PID=6998) to work on /home/airflow/.local/lib/python3.11/site-packages/airflow/example_dags/example_dynamic_task_mapping.py
[2024-03-06T13:58:28.134+0000] {processor.py:830} INFO - Processing file /home/airflow/.local/lib/python3.11/site-packages/airflow/example_dags/example_dynamic_task_mapping.py for tasks to queue
[2024-03-06T13:58:28.136+0000] {logging_mixin.py:188} INFO - [2024-03-06T13:58:28.136+0000] {dagbag.py:540} INFO - Filling up the DagBag from /home/airflow/.local/lib/python3.11/site-packages/airflow/example_dags/example_dynamic_task_mapping.py
[2024-03-06T13:58:28.144+0000] {processor.py:840} INFO - DAG(s) 'example_dynamic_task_mapping' retrieved from /home/airflow/.local/lib/python3.11/site-packages/airflow/example_dags/example_dynamic_task_mapping.py
[2024-03-06T13:58:28.174+0000] {logging_mixin.py:188} INFO - [2024-03-06T13:58:28.173+0000] {dag.py:3047} INFO - Sync 1 DAGs
[2024-03-06T13:58:28.211+0000] {logging_mixin.py:188} INFO - [2024-03-06T13:58:28.211+0000] {dag.py:3834} INFO - Setting next_dagrun for example_dynamic_task_mapping to 2022-03-04 00:00:00+00:00, run_after=2022-03-05 00:00:00+00:00
[2024-03-06T13:58:28.240+0000] {processor.py:183} INFO - Processing /home/airflow/.local/lib/python3.11/site-packages/airflow/example_dags/example_dynamic_task_mapping.py took 0.111 seconds
[2024-03-06T13:58:58.316+0000] {processor.py:161} INFO - Started process (PID=7243) to work on /home/airflow/.local/lib/python3.11/site-packages/airflow/example_dags/example_dynamic_task_mapping.py
[2024-03-06T13:58:58.318+0000] {processor.py:830} INFO - Processing file /home/airflow/.local/lib/python3.11/site-packages/airflow/example_dags/example_dynamic_task_mapping.py for tasks to queue
[2024-03-06T13:58:58.319+0000] {logging_mixin.py:188} INFO - [2024-03-06T13:58:58.319+0000] {dagbag.py:540} INFO - Filling up the DagBag from /home/airflow/.local/lib/python3.11/site-packages/airflow/example_dags/example_dynamic_task_mapping.py
[2024-03-06T13:58:58.333+0000] {processor.py:840} INFO - DAG(s) 'example_dynamic_task_mapping' retrieved from /home/airflow/.local/lib/python3.11/site-packages/airflow/example_dags/example_dynamic_task_mapping.py
[2024-03-06T13:58:58.363+0000] {logging_mixin.py:188} INFO - [2024-03-06T13:58:58.363+0000] {dag.py:3047} INFO - Sync 1 DAGs
[2024-03-06T13:58:58.435+0000] {logging_mixin.py:188} INFO - [2024-03-06T13:58:58.435+0000] {dag.py:3834} INFO - Setting next_dagrun for example_dynamic_task_mapping to 2022-03-04 00:00:00+00:00, run_after=2022-03-05 00:00:00+00:00
[2024-03-06T13:58:58.509+0000] {processor.py:183} INFO - Processing /home/airflow/.local/lib/python3.11/site-packages/airflow/example_dags/example_dynamic_task_mapping.py took 0.198 seconds
[2024-03-06T13:59:28.985+0000] {processor.py:161} INFO - Started process (PID=7490) to work on /home/airflow/.local/lib/python3.11/site-packages/airflow/example_dags/example_dynamic_task_mapping.py
[2024-03-06T13:59:28.986+0000] {processor.py:830} INFO - Processing file /home/airflow/.local/lib/python3.11/site-packages/airflow/example_dags/example_dynamic_task_mapping.py for tasks to queue
[2024-03-06T13:59:28.988+0000] {logging_mixin.py:188} INFO - [2024-03-06T13:59:28.988+0000] {dagbag.py:540} INFO - Filling up the DagBag from /home/airflow/.local/lib/python3.11/site-packages/airflow/example_dags/example_dynamic_task_mapping.py
[2024-03-06T13:59:29.003+0000] {processor.py:840} INFO - DAG(s) 'example_dynamic_task_mapping' retrieved from /home/airflow/.local/lib/python3.11/site-packages/airflow/example_dags/example_dynamic_task_mapping.py
[2024-03-06T13:59:29.037+0000] {logging_mixin.py:188} INFO - [2024-03-06T13:59:29.037+0000] {dag.py:3047} INFO - Sync 1 DAGs
[2024-03-06T13:59:29.071+0000] {logging_mixin.py:188} INFO - [2024-03-06T13:59:29.071+0000] {dag.py:3834} INFO - Setting next_dagrun for example_dynamic_task_mapping to 2022-03-04 00:00:00+00:00, run_after=2022-03-05 00:00:00+00:00
[2024-03-06T13:59:29.103+0000] {processor.py:183} INFO - Processing /home/airflow/.local/lib/python3.11/site-packages/airflow/example_dags/example_dynamic_task_mapping.py took 0.124 seconds
[2024-03-06T13:59:59.981+0000] {processor.py:161} INFO - Started process (PID=7736) to work on /home/airflow/.local/lib/python3.11/site-packages/airflow/example_dags/example_dynamic_task_mapping.py
[2024-03-06T13:59:59.983+0000] {processor.py:830} INFO - Processing file /home/airflow/.local/lib/python3.11/site-packages/airflow/example_dags/example_dynamic_task_mapping.py for tasks to queue
[2024-03-06T13:59:59.985+0000] {logging_mixin.py:188} INFO - [2024-03-06T13:59:59.984+0000] {dagbag.py:540} INFO - Filling up the DagBag from /home/airflow/.local/lib/python3.11/site-packages/airflow/example_dags/example_dynamic_task_mapping.py
[2024-03-06T14:00:00.021+0000] {processor.py:840} INFO - DAG(s) 'example_dynamic_task_mapping' retrieved from /home/airflow/.local/lib/python3.11/site-packages/airflow/example_dags/example_dynamic_task_mapping.py
[2024-03-06T14:00:00.082+0000] {logging_mixin.py:188} INFO - [2024-03-06T14:00:00.081+0000] {dag.py:3047} INFO - Sync 1 DAGs
[2024-03-06T14:00:00.141+0000] {logging_mixin.py:188} INFO - [2024-03-06T14:00:00.141+0000] {dag.py:3834} INFO - Setting next_dagrun for example_dynamic_task_mapping to 2022-03-04 00:00:00+00:00, run_after=2022-03-05 00:00:00+00:00
[2024-03-06T14:00:00.183+0000] {processor.py:183} INFO - Processing /home/airflow/.local/lib/python3.11/site-packages/airflow/example_dags/example_dynamic_task_mapping.py took 0.209 seconds
[2024-03-06T14:00:30.298+0000] {processor.py:161} INFO - Started process (PID=7983) to work on /home/airflow/.local/lib/python3.11/site-packages/airflow/example_dags/example_dynamic_task_mapping.py
[2024-03-06T14:00:30.300+0000] {processor.py:830} INFO - Processing file /home/airflow/.local/lib/python3.11/site-packages/airflow/example_dags/example_dynamic_task_mapping.py for tasks to queue
[2024-03-06T14:00:30.301+0000] {logging_mixin.py:188} INFO - [2024-03-06T14:00:30.301+0000] {dagbag.py:540} INFO - Filling up the DagBag from /home/airflow/.local/lib/python3.11/site-packages/airflow/example_dags/example_dynamic_task_mapping.py
[2024-03-06T14:00:30.314+0000] {processor.py:840} INFO - DAG(s) 'example_dynamic_task_mapping' retrieved from /home/airflow/.local/lib/python3.11/site-packages/airflow/example_dags/example_dynamic_task_mapping.py
[2024-03-06T14:00:30.345+0000] {logging_mixin.py:188} INFO - [2024-03-06T14:00:30.344+0000] {dag.py:3047} INFO - Sync 1 DAGs
[2024-03-06T14:00:30.371+0000] {logging_mixin.py:188} INFO - [2024-03-06T14:00:30.371+0000] {dag.py:3834} INFO - Setting next_dagrun for example_dynamic_task_mapping to 2022-03-04 00:00:00+00:00, run_after=2022-03-05 00:00:00+00:00
[2024-03-06T14:00:30.405+0000] {processor.py:183} INFO - Processing /home/airflow/.local/lib/python3.11/site-packages/airflow/example_dags/example_dynamic_task_mapping.py took 0.113 seconds
[2024-03-06T14:01:00.514+0000] {processor.py:161} INFO - Started process (PID=8229) to work on /home/airflow/.local/lib/python3.11/site-packages/airflow/example_dags/example_dynamic_task_mapping.py
[2024-03-06T14:01:00.516+0000] {processor.py:830} INFO - Processing file /home/airflow/.local/lib/python3.11/site-packages/airflow/example_dags/example_dynamic_task_mapping.py for tasks to queue
[2024-03-06T14:01:00.519+0000] {logging_mixin.py:188} INFO - [2024-03-06T14:01:00.518+0000] {dagbag.py:540} INFO - Filling up the DagBag from /home/airflow/.local/lib/python3.11/site-packages/airflow/example_dags/example_dynamic_task_mapping.py
[2024-03-06T14:01:00.528+0000] {processor.py:840} INFO - DAG(s) 'example_dynamic_task_mapping' retrieved from /home/airflow/.local/lib/python3.11/site-packages/airflow/example_dags/example_dynamic_task_mapping.py
[2024-03-06T14:01:00.556+0000] {logging_mixin.py:188} INFO - [2024-03-06T14:01:00.555+0000] {dag.py:3047} INFO - Sync 1 DAGs
[2024-03-06T14:01:00.599+0000] {logging_mixin.py:188} INFO - [2024-03-06T14:01:00.598+0000] {dag.py:3834} INFO - Setting next_dagrun for example_dynamic_task_mapping to 2022-03-04 00:00:00+00:00, run_after=2022-03-05 00:00:00+00:00
[2024-03-06T14:01:00.626+0000] {processor.py:183} INFO - Processing /home/airflow/.local/lib/python3.11/site-packages/airflow/example_dags/example_dynamic_task_mapping.py took 0.116 seconds
[2024-03-06T14:01:31.280+0000] {processor.py:161} INFO - Started process (PID=8478) to work on /home/airflow/.local/lib/python3.11/site-packages/airflow/example_dags/example_dynamic_task_mapping.py
[2024-03-06T14:01:31.281+0000] {processor.py:830} INFO - Processing file /home/airflow/.local/lib/python3.11/site-packages/airflow/example_dags/example_dynamic_task_mapping.py for tasks to queue
[2024-03-06T14:01:31.282+0000] {logging_mixin.py:188} INFO - [2024-03-06T14:01:31.282+0000] {dagbag.py:540} INFO - Filling up the DagBag from /home/airflow/.local/lib/python3.11/site-packages/airflow/example_dags/example_dynamic_task_mapping.py
[2024-03-06T14:01:31.293+0000] {processor.py:840} INFO - DAG(s) 'example_dynamic_task_mapping' retrieved from /home/airflow/.local/lib/python3.11/site-packages/airflow/example_dags/example_dynamic_task_mapping.py
[2024-03-06T14:01:31.315+0000] {logging_mixin.py:188} INFO - [2024-03-06T14:01:31.315+0000] {dag.py:3047} INFO - Sync 1 DAGs
[2024-03-06T14:01:31.344+0000] {logging_mixin.py:188} INFO - [2024-03-06T14:01:31.344+0000] {dag.py:3834} INFO - Setting next_dagrun for example_dynamic_task_mapping to 2022-03-04 00:00:00+00:00, run_after=2022-03-05 00:00:00+00:00
[2024-03-06T14:01:31.375+0000] {processor.py:183} INFO - Processing /home/airflow/.local/lib/python3.11/site-packages/airflow/example_dags/example_dynamic_task_mapping.py took 0.099 seconds
[2024-03-06T14:02:01.519+0000] {processor.py:161} INFO - Started process (PID=8725) to work on /home/airflow/.local/lib/python3.11/site-packages/airflow/example_dags/example_dynamic_task_mapping.py
[2024-03-06T14:02:01.520+0000] {processor.py:830} INFO - Processing file /home/airflow/.local/lib/python3.11/site-packages/airflow/example_dags/example_dynamic_task_mapping.py for tasks to queue
[2024-03-06T14:02:01.522+0000] {logging_mixin.py:188} INFO - [2024-03-06T14:02:01.521+0000] {dagbag.py:540} INFO - Filling up the DagBag from /home/airflow/.local/lib/python3.11/site-packages/airflow/example_dags/example_dynamic_task_mapping.py
[2024-03-06T14:02:01.532+0000] {processor.py:840} INFO - DAG(s) 'example_dynamic_task_mapping' retrieved from /home/airflow/.local/lib/python3.11/site-packages/airflow/example_dags/example_dynamic_task_mapping.py
[2024-03-06T14:02:01.556+0000] {logging_mixin.py:188} INFO - [2024-03-06T14:02:01.556+0000] {dag.py:3047} INFO - Sync 1 DAGs
[2024-03-06T14:02:01.585+0000] {logging_mixin.py:188} INFO - [2024-03-06T14:02:01.585+0000] {dag.py:3834} INFO - Setting next_dagrun for example_dynamic_task_mapping to 2022-03-04 00:00:00+00:00, run_after=2022-03-05 00:00:00+00:00
[2024-03-06T14:02:01.612+0000] {processor.py:183} INFO - Processing /home/airflow/.local/lib/python3.11/site-packages/airflow/example_dags/example_dynamic_task_mapping.py took 0.097 seconds
[2024-03-06T14:02:32.179+0000] {processor.py:161} INFO - Started process (PID=8972) to work on /home/airflow/.local/lib/python3.11/site-packages/airflow/example_dags/example_dynamic_task_mapping.py
[2024-03-06T14:02:32.180+0000] {processor.py:830} INFO - Processing file /home/airflow/.local/lib/python3.11/site-packages/airflow/example_dags/example_dynamic_task_mapping.py for tasks to queue
[2024-03-06T14:02:32.182+0000] {logging_mixin.py:188} INFO - [2024-03-06T14:02:32.181+0000] {dagbag.py:540} INFO - Filling up the DagBag from /home/airflow/.local/lib/python3.11/site-packages/airflow/example_dags/example_dynamic_task_mapping.py
[2024-03-06T14:02:32.190+0000] {processor.py:840} INFO - DAG(s) 'example_dynamic_task_mapping' retrieved from /home/airflow/.local/lib/python3.11/site-packages/airflow/example_dags/example_dynamic_task_mapping.py
[2024-03-06T14:02:32.210+0000] {logging_mixin.py:188} INFO - [2024-03-06T14:02:32.210+0000] {dag.py:3047} INFO - Sync 1 DAGs
[2024-03-06T14:02:32.232+0000] {logging_mixin.py:188} INFO - [2024-03-06T14:02:32.232+0000] {dag.py:3834} INFO - Setting next_dagrun for example_dynamic_task_mapping to 2022-03-04 00:00:00+00:00, run_after=2022-03-05 00:00:00+00:00
[2024-03-06T14:02:32.248+0000] {processor.py:183} INFO - Processing /home/airflow/.local/lib/python3.11/site-packages/airflow/example_dags/example_dynamic_task_mapping.py took 0.072 seconds
[2024-03-06T14:03:02.389+0000] {processor.py:161} INFO - Started process (PID=9217) to work on /home/airflow/.local/lib/python3.11/site-packages/airflow/example_dags/example_dynamic_task_mapping.py
[2024-03-06T14:03:02.390+0000] {processor.py:830} INFO - Processing file /home/airflow/.local/lib/python3.11/site-packages/airflow/example_dags/example_dynamic_task_mapping.py for tasks to queue
[2024-03-06T14:03:02.392+0000] {logging_mixin.py:188} INFO - [2024-03-06T14:03:02.391+0000] {dagbag.py:540} INFO - Filling up the DagBag from /home/airflow/.local/lib/python3.11/site-packages/airflow/example_dags/example_dynamic_task_mapping.py
[2024-03-06T14:03:02.401+0000] {processor.py:840} INFO - DAG(s) 'example_dynamic_task_mapping' retrieved from /home/airflow/.local/lib/python3.11/site-packages/airflow/example_dags/example_dynamic_task_mapping.py
[2024-03-06T14:03:02.422+0000] {logging_mixin.py:188} INFO - [2024-03-06T14:03:02.422+0000] {dag.py:3047} INFO - Sync 1 DAGs
[2024-03-06T14:03:02.449+0000] {logging_mixin.py:188} INFO - [2024-03-06T14:03:02.449+0000] {dag.py:3834} INFO - Setting next_dagrun for example_dynamic_task_mapping to 2022-03-04 00:00:00+00:00, run_after=2022-03-05 00:00:00+00:00
[2024-03-06T14:03:02.471+0000] {processor.py:183} INFO - Processing /home/airflow/.local/lib/python3.11/site-packages/airflow/example_dags/example_dynamic_task_mapping.py took 0.085 seconds
[2024-03-06T14:03:32.758+0000] {processor.py:161} INFO - Started process (PID=9464) to work on /home/airflow/.local/lib/python3.11/site-packages/airflow/example_dags/example_dynamic_task_mapping.py
[2024-03-06T14:03:32.760+0000] {processor.py:830} INFO - Processing file /home/airflow/.local/lib/python3.11/site-packages/airflow/example_dags/example_dynamic_task_mapping.py for tasks to queue
[2024-03-06T14:03:32.761+0000] {logging_mixin.py:188} INFO - [2024-03-06T14:03:32.761+0000] {dagbag.py:540} INFO - Filling up the DagBag from /home/airflow/.local/lib/python3.11/site-packages/airflow/example_dags/example_dynamic_task_mapping.py
[2024-03-06T14:03:32.770+0000] {processor.py:840} INFO - DAG(s) 'example_dynamic_task_mapping' retrieved from /home/airflow/.local/lib/python3.11/site-packages/airflow/example_dags/example_dynamic_task_mapping.py
[2024-03-06T14:03:32.793+0000] {logging_mixin.py:188} INFO - [2024-03-06T14:03:32.793+0000] {dag.py:3047} INFO - Sync 1 DAGs
[2024-03-06T14:03:32.820+0000] {logging_mixin.py:188} INFO - [2024-03-06T14:03:32.820+0000] {dag.py:3834} INFO - Setting next_dagrun for example_dynamic_task_mapping to 2022-03-04 00:00:00+00:00, run_after=2022-03-05 00:00:00+00:00
[2024-03-06T14:03:32.839+0000] {processor.py:183} INFO - Processing /home/airflow/.local/lib/python3.11/site-packages/airflow/example_dags/example_dynamic_task_mapping.py took 0.084 seconds
[2024-03-06T14:04:04.033+0000] {processor.py:161} INFO - Started process (PID=9711) to work on /home/airflow/.local/lib/python3.11/site-packages/airflow/example_dags/example_dynamic_task_mapping.py
[2024-03-06T14:04:04.034+0000] {processor.py:830} INFO - Processing file /home/airflow/.local/lib/python3.11/site-packages/airflow/example_dags/example_dynamic_task_mapping.py for tasks to queue
[2024-03-06T14:04:04.036+0000] {logging_mixin.py:188} INFO - [2024-03-06T14:04:04.035+0000] {dagbag.py:540} INFO - Filling up the DagBag from /home/airflow/.local/lib/python3.11/site-packages/airflow/example_dags/example_dynamic_task_mapping.py
[2024-03-06T14:04:04.046+0000] {processor.py:840} INFO - DAG(s) 'example_dynamic_task_mapping' retrieved from /home/airflow/.local/lib/python3.11/site-packages/airflow/example_dags/example_dynamic_task_mapping.py
[2024-03-06T14:04:04.069+0000] {logging_mixin.py:188} INFO - [2024-03-06T14:04:04.069+0000] {dag.py:3047} INFO - Sync 1 DAGs
[2024-03-06T14:04:04.094+0000] {logging_mixin.py:188} INFO - [2024-03-06T14:04:04.094+0000] {dag.py:3834} INFO - Setting next_dagrun for example_dynamic_task_mapping to 2022-03-04 00:00:00+00:00, run_after=2022-03-05 00:00:00+00:00
[2024-03-06T14:04:04.123+0000] {processor.py:183} INFO - Processing /home/airflow/.local/lib/python3.11/site-packages/airflow/example_dags/example_dynamic_task_mapping.py took 0.095 seconds
[2024-03-06T14:04:34.419+0000] {processor.py:161} INFO - Started process (PID=9960) to work on /home/airflow/.local/lib/python3.11/site-packages/airflow/example_dags/example_dynamic_task_mapping.py
[2024-03-06T14:04:34.420+0000] {processor.py:830} INFO - Processing file /home/airflow/.local/lib/python3.11/site-packages/airflow/example_dags/example_dynamic_task_mapping.py for tasks to queue
[2024-03-06T14:04:34.421+0000] {logging_mixin.py:188} INFO - [2024-03-06T14:04:34.420+0000] {dagbag.py:540} INFO - Filling up the DagBag from /home/airflow/.local/lib/python3.11/site-packages/airflow/example_dags/example_dynamic_task_mapping.py
[2024-03-06T14:04:34.431+0000] {processor.py:840} INFO - DAG(s) 'example_dynamic_task_mapping' retrieved from /home/airflow/.local/lib/python3.11/site-packages/airflow/example_dags/example_dynamic_task_mapping.py
[2024-03-06T14:04:34.450+0000] {logging_mixin.py:188} INFO - [2024-03-06T14:04:34.450+0000] {dag.py:3047} INFO - Sync 1 DAGs
[2024-03-06T14:04:34.471+0000] {logging_mixin.py:188} INFO - [2024-03-06T14:04:34.470+0000] {dag.py:3834} INFO - Setting next_dagrun for example_dynamic_task_mapping to 2022-03-04 00:00:00+00:00, run_after=2022-03-05 00:00:00+00:00
[2024-03-06T14:04:34.494+0000] {processor.py:183} INFO - Processing /home/airflow/.local/lib/python3.11/site-packages/airflow/example_dags/example_dynamic_task_mapping.py took 0.080 seconds
[2024-03-06T14:05:04.789+0000] {processor.py:161} INFO - Started process (PID=10205) to work on /home/airflow/.local/lib/python3.11/site-packages/airflow/example_dags/example_dynamic_task_mapping.py
[2024-03-06T14:05:04.790+0000] {processor.py:830} INFO - Processing file /home/airflow/.local/lib/python3.11/site-packages/airflow/example_dags/example_dynamic_task_mapping.py for tasks to queue
[2024-03-06T14:05:04.792+0000] {logging_mixin.py:188} INFO - [2024-03-06T14:05:04.792+0000] {dagbag.py:540} INFO - Filling up the DagBag from /home/airflow/.local/lib/python3.11/site-packages/airflow/example_dags/example_dynamic_task_mapping.py
[2024-03-06T14:05:04.806+0000] {processor.py:840} INFO - DAG(s) 'example_dynamic_task_mapping' retrieved from /home/airflow/.local/lib/python3.11/site-packages/airflow/example_dags/example_dynamic_task_mapping.py
[2024-03-06T14:05:04.837+0000] {logging_mixin.py:188} INFO - [2024-03-06T14:05:04.837+0000] {dag.py:3047} INFO - Sync 1 DAGs
[2024-03-06T14:05:04.867+0000] {logging_mixin.py:188} INFO - [2024-03-06T14:05:04.867+0000] {dag.py:3834} INFO - Setting next_dagrun for example_dynamic_task_mapping to 2022-03-04 00:00:00+00:00, run_after=2022-03-05 00:00:00+00:00
[2024-03-06T14:05:04.930+0000] {processor.py:183} INFO - Processing /home/airflow/.local/lib/python3.11/site-packages/airflow/example_dags/example_dynamic_task_mapping.py took 0.148 seconds
[2024-03-06T14:05:35.842+0000] {processor.py:161} INFO - Started process (PID=10452) to work on /home/airflow/.local/lib/python3.11/site-packages/airflow/example_dags/example_dynamic_task_mapping.py
[2024-03-06T14:05:35.849+0000] {processor.py:830} INFO - Processing file /home/airflow/.local/lib/python3.11/site-packages/airflow/example_dags/example_dynamic_task_mapping.py for tasks to queue
[2024-03-06T14:05:35.852+0000] {logging_mixin.py:188} INFO - [2024-03-06T14:05:35.851+0000] {dagbag.py:540} INFO - Filling up the DagBag from /home/airflow/.local/lib/python3.11/site-packages/airflow/example_dags/example_dynamic_task_mapping.py
[2024-03-06T14:05:35.874+0000] {processor.py:840} INFO - DAG(s) 'example_dynamic_task_mapping' retrieved from /home/airflow/.local/lib/python3.11/site-packages/airflow/example_dags/example_dynamic_task_mapping.py
[2024-03-06T14:05:35.905+0000] {logging_mixin.py:188} INFO - [2024-03-06T14:05:35.904+0000] {dag.py:3047} INFO - Sync 1 DAGs
[2024-03-06T14:05:35.927+0000] {logging_mixin.py:188} INFO - [2024-03-06T14:05:35.927+0000] {dag.py:3834} INFO - Setting next_dagrun for example_dynamic_task_mapping to 2022-03-04 00:00:00+00:00, run_after=2022-03-05 00:00:00+00:00
[2024-03-06T14:05:35.951+0000] {processor.py:183} INFO - Processing /home/airflow/.local/lib/python3.11/site-packages/airflow/example_dags/example_dynamic_task_mapping.py took 0.120 seconds
[2024-03-06T14:06:06.070+0000] {processor.py:161} INFO - Started process (PID=10698) to work on /home/airflow/.local/lib/python3.11/site-packages/airflow/example_dags/example_dynamic_task_mapping.py
[2024-03-06T14:06:06.072+0000] {processor.py:830} INFO - Processing file /home/airflow/.local/lib/python3.11/site-packages/airflow/example_dags/example_dynamic_task_mapping.py for tasks to queue
[2024-03-06T14:06:06.081+0000] {logging_mixin.py:188} INFO - [2024-03-06T14:06:06.080+0000] {dagbag.py:540} INFO - Filling up the DagBag from /home/airflow/.local/lib/python3.11/site-packages/airflow/example_dags/example_dynamic_task_mapping.py
[2024-03-06T14:06:06.095+0000] {processor.py:840} INFO - DAG(s) 'example_dynamic_task_mapping' retrieved from /home/airflow/.local/lib/python3.11/site-packages/airflow/example_dags/example_dynamic_task_mapping.py
[2024-03-06T14:06:06.141+0000] {logging_mixin.py:188} INFO - [2024-03-06T14:06:06.140+0000] {dag.py:3047} INFO - Sync 1 DAGs
[2024-03-06T14:06:06.181+0000] {logging_mixin.py:188} INFO - [2024-03-06T14:06:06.180+0000] {dag.py:3834} INFO - Setting next_dagrun for example_dynamic_task_mapping to 2022-03-04 00:00:00+00:00, run_after=2022-03-05 00:00:00+00:00
[2024-03-06T14:06:06.221+0000] {processor.py:183} INFO - Processing /home/airflow/.local/lib/python3.11/site-packages/airflow/example_dags/example_dynamic_task_mapping.py took 0.156 seconds
[2024-03-06T14:06:36.261+0000] {processor.py:161} INFO - Started process (PID=10945) to work on /home/airflow/.local/lib/python3.11/site-packages/airflow/example_dags/example_dynamic_task_mapping.py
[2024-03-06T14:06:36.262+0000] {processor.py:830} INFO - Processing file /home/airflow/.local/lib/python3.11/site-packages/airflow/example_dags/example_dynamic_task_mapping.py for tasks to queue
[2024-03-06T14:06:36.263+0000] {logging_mixin.py:188} INFO - [2024-03-06T14:06:36.263+0000] {dagbag.py:540} INFO - Filling up the DagBag from /home/airflow/.local/lib/python3.11/site-packages/airflow/example_dags/example_dynamic_task_mapping.py
[2024-03-06T14:06:36.271+0000] {processor.py:840} INFO - DAG(s) 'example_dynamic_task_mapping' retrieved from /home/airflow/.local/lib/python3.11/site-packages/airflow/example_dags/example_dynamic_task_mapping.py
[2024-03-06T14:06:36.291+0000] {logging_mixin.py:188} INFO - [2024-03-06T14:06:36.291+0000] {dag.py:3047} INFO - Sync 1 DAGs
[2024-03-06T14:06:36.314+0000] {logging_mixin.py:188} INFO - [2024-03-06T14:06:36.313+0000] {dag.py:3834} INFO - Setting next_dagrun for example_dynamic_task_mapping to 2022-03-04 00:00:00+00:00, run_after=2022-03-05 00:00:00+00:00
[2024-03-06T14:06:36.347+0000] {processor.py:183} INFO - Processing /home/airflow/.local/lib/python3.11/site-packages/airflow/example_dags/example_dynamic_task_mapping.py took 0.088 seconds
[2024-03-06T14:07:06.773+0000] {processor.py:161} INFO - Started process (PID=11192) to work on /home/airflow/.local/lib/python3.11/site-packages/airflow/example_dags/example_dynamic_task_mapping.py
[2024-03-06T14:07:06.776+0000] {processor.py:830} INFO - Processing file /home/airflow/.local/lib/python3.11/site-packages/airflow/example_dags/example_dynamic_task_mapping.py for tasks to queue
[2024-03-06T14:07:06.778+0000] {logging_mixin.py:188} INFO - [2024-03-06T14:07:06.777+0000] {dagbag.py:540} INFO - Filling up the DagBag from /home/airflow/.local/lib/python3.11/site-packages/airflow/example_dags/example_dynamic_task_mapping.py
[2024-03-06T14:07:06.797+0000] {processor.py:840} INFO - DAG(s) 'example_dynamic_task_mapping' retrieved from /home/airflow/.local/lib/python3.11/site-packages/airflow/example_dags/example_dynamic_task_mapping.py
[2024-03-06T14:07:06.817+0000] {logging_mixin.py:188} INFO - [2024-03-06T14:07:06.816+0000] {dag.py:3047} INFO - Sync 1 DAGs
[2024-03-06T14:07:06.845+0000] {logging_mixin.py:188} INFO - [2024-03-06T14:07:06.845+0000] {dag.py:3834} INFO - Setting next_dagrun for example_dynamic_task_mapping to 2022-03-04 00:00:00+00:00, run_after=2022-03-05 00:00:00+00:00
[2024-03-06T14:07:06.866+0000] {processor.py:183} INFO - Processing /home/airflow/.local/lib/python3.11/site-packages/airflow/example_dags/example_dynamic_task_mapping.py took 0.102 seconds
[2024-03-06T14:07:37.463+0000] {processor.py:161} INFO - Started process (PID=11439) to work on /home/airflow/.local/lib/python3.11/site-packages/airflow/example_dags/example_dynamic_task_mapping.py
[2024-03-06T14:07:37.465+0000] {processor.py:830} INFO - Processing file /home/airflow/.local/lib/python3.11/site-packages/airflow/example_dags/example_dynamic_task_mapping.py for tasks to queue
[2024-03-06T14:07:37.468+0000] {logging_mixin.py:188} INFO - [2024-03-06T14:07:37.467+0000] {dagbag.py:540} INFO - Filling up the DagBag from /home/airflow/.local/lib/python3.11/site-packages/airflow/example_dags/example_dynamic_task_mapping.py
[2024-03-06T14:07:37.480+0000] {processor.py:840} INFO - DAG(s) 'example_dynamic_task_mapping' retrieved from /home/airflow/.local/lib/python3.11/site-packages/airflow/example_dags/example_dynamic_task_mapping.py
[2024-03-06T14:07:37.511+0000] {logging_mixin.py:188} INFO - [2024-03-06T14:07:37.510+0000] {dag.py:3047} INFO - Sync 1 DAGs
[2024-03-06T14:07:37.557+0000] {logging_mixin.py:188} INFO - [2024-03-06T14:07:37.557+0000] {dag.py:3834} INFO - Setting next_dagrun for example_dynamic_task_mapping to 2022-03-04 00:00:00+00:00, run_after=2022-03-05 00:00:00+00:00
[2024-03-06T14:07:37.612+0000] {processor.py:183} INFO - Processing /home/airflow/.local/lib/python3.11/site-packages/airflow/example_dags/example_dynamic_task_mapping.py took 0.155 seconds
[2024-03-06T14:08:08.405+0000] {processor.py:161} INFO - Started process (PID=11686) to work on /home/airflow/.local/lib/python3.11/site-packages/airflow/example_dags/example_dynamic_task_mapping.py
[2024-03-06T14:08:08.406+0000] {processor.py:830} INFO - Processing file /home/airflow/.local/lib/python3.11/site-packages/airflow/example_dags/example_dynamic_task_mapping.py for tasks to queue
[2024-03-06T14:08:08.408+0000] {logging_mixin.py:188} INFO - [2024-03-06T14:08:08.407+0000] {dagbag.py:540} INFO - Filling up the DagBag from /home/airflow/.local/lib/python3.11/site-packages/airflow/example_dags/example_dynamic_task_mapping.py
[2024-03-06T14:08:08.417+0000] {processor.py:840} INFO - DAG(s) 'example_dynamic_task_mapping' retrieved from /home/airflow/.local/lib/python3.11/site-packages/airflow/example_dags/example_dynamic_task_mapping.py
[2024-03-06T14:08:08.440+0000] {logging_mixin.py:188} INFO - [2024-03-06T14:08:08.440+0000] {dag.py:3047} INFO - Sync 1 DAGs
[2024-03-06T14:08:08.465+0000] {logging_mixin.py:188} INFO - [2024-03-06T14:08:08.465+0000] {dag.py:3834} INFO - Setting next_dagrun for example_dynamic_task_mapping to 2022-03-04 00:00:00+00:00, run_after=2022-03-05 00:00:00+00:00
[2024-03-06T14:08:08.486+0000] {processor.py:183} INFO - Processing /home/airflow/.local/lib/python3.11/site-packages/airflow/example_dags/example_dynamic_task_mapping.py took 0.085 seconds
[2024-03-06T14:08:38.726+0000] {processor.py:161} INFO - Started process (PID=11933) to work on /home/airflow/.local/lib/python3.11/site-packages/airflow/example_dags/example_dynamic_task_mapping.py
[2024-03-06T14:08:38.727+0000] {processor.py:830} INFO - Processing file /home/airflow/.local/lib/python3.11/site-packages/airflow/example_dags/example_dynamic_task_mapping.py for tasks to queue
[2024-03-06T14:08:38.728+0000] {logging_mixin.py:188} INFO - [2024-03-06T14:08:38.728+0000] {dagbag.py:540} INFO - Filling up the DagBag from /home/airflow/.local/lib/python3.11/site-packages/airflow/example_dags/example_dynamic_task_mapping.py
[2024-03-06T14:08:38.737+0000] {processor.py:840} INFO - DAG(s) 'example_dynamic_task_mapping' retrieved from /home/airflow/.local/lib/python3.11/site-packages/airflow/example_dags/example_dynamic_task_mapping.py
[2024-03-06T14:08:38.756+0000] {logging_mixin.py:188} INFO - [2024-03-06T14:08:38.755+0000] {dag.py:3047} INFO - Sync 1 DAGs
[2024-03-06T14:08:38.776+0000] {logging_mixin.py:188} INFO - [2024-03-06T14:08:38.776+0000] {dag.py:3834} INFO - Setting next_dagrun for example_dynamic_task_mapping to 2022-03-04 00:00:00+00:00, run_after=2022-03-05 00:00:00+00:00
[2024-03-06T14:08:38.801+0000] {processor.py:183} INFO - Processing /home/airflow/.local/lib/python3.11/site-packages/airflow/example_dags/example_dynamic_task_mapping.py took 0.078 seconds
[2024-03-06T14:09:09.723+0000] {processor.py:161} INFO - Started process (PID=12179) to work on /home/airflow/.local/lib/python3.11/site-packages/airflow/example_dags/example_dynamic_task_mapping.py
[2024-03-06T14:09:09.726+0000] {processor.py:830} INFO - Processing file /home/airflow/.local/lib/python3.11/site-packages/airflow/example_dags/example_dynamic_task_mapping.py for tasks to queue
[2024-03-06T14:09:09.730+0000] {logging_mixin.py:188} INFO - [2024-03-06T14:09:09.729+0000] {dagbag.py:540} INFO - Filling up the DagBag from /home/airflow/.local/lib/python3.11/site-packages/airflow/example_dags/example_dynamic_task_mapping.py
[2024-03-06T14:09:09.738+0000] {processor.py:840} INFO - DAG(s) 'example_dynamic_task_mapping' retrieved from /home/airflow/.local/lib/python3.11/site-packages/airflow/example_dags/example_dynamic_task_mapping.py
[2024-03-06T14:09:09.762+0000] {logging_mixin.py:188} INFO - [2024-03-06T14:09:09.761+0000] {dag.py:3047} INFO - Sync 1 DAGs
[2024-03-06T14:09:09.789+0000] {logging_mixin.py:188} INFO - [2024-03-06T14:09:09.788+0000] {dag.py:3834} INFO - Setting next_dagrun for example_dynamic_task_mapping to 2022-03-04 00:00:00+00:00, run_after=2022-03-05 00:00:00+00:00
[2024-03-06T14:09:09.812+0000] {processor.py:183} INFO - Processing /home/airflow/.local/lib/python3.11/site-packages/airflow/example_dags/example_dynamic_task_mapping.py took 0.092 seconds
[2024-03-06T14:09:40.559+0000] {processor.py:161} INFO - Started process (PID=12425) to work on /home/airflow/.local/lib/python3.11/site-packages/airflow/example_dags/example_dynamic_task_mapping.py
[2024-03-06T14:09:40.561+0000] {processor.py:830} INFO - Processing file /home/airflow/.local/lib/python3.11/site-packages/airflow/example_dags/example_dynamic_task_mapping.py for tasks to queue
[2024-03-06T14:09:40.562+0000] {logging_mixin.py:188} INFO - [2024-03-06T14:09:40.561+0000] {dagbag.py:540} INFO - Filling up the DagBag from /home/airflow/.local/lib/python3.11/site-packages/airflow/example_dags/example_dynamic_task_mapping.py
[2024-03-06T14:09:40.569+0000] {processor.py:840} INFO - DAG(s) 'example_dynamic_task_mapping' retrieved from /home/airflow/.local/lib/python3.11/site-packages/airflow/example_dags/example_dynamic_task_mapping.py
[2024-03-06T14:09:40.588+0000] {logging_mixin.py:188} INFO - [2024-03-06T14:09:40.588+0000] {dag.py:3047} INFO - Sync 1 DAGs
[2024-03-06T14:09:40.608+0000] {logging_mixin.py:188} INFO - [2024-03-06T14:09:40.608+0000] {dag.py:3834} INFO - Setting next_dagrun for example_dynamic_task_mapping to 2022-03-04 00:00:00+00:00, run_after=2022-03-05 00:00:00+00:00
[2024-03-06T14:09:40.626+0000] {processor.py:183} INFO - Processing /home/airflow/.local/lib/python3.11/site-packages/airflow/example_dags/example_dynamic_task_mapping.py took 0.070 seconds
[2024-03-06T14:10:11.410+0000] {processor.py:161} INFO - Started process (PID=12672) to work on /home/airflow/.local/lib/python3.11/site-packages/airflow/example_dags/example_dynamic_task_mapping.py
[2024-03-06T14:10:11.411+0000] {processor.py:830} INFO - Processing file /home/airflow/.local/lib/python3.11/site-packages/airflow/example_dags/example_dynamic_task_mapping.py for tasks to queue
[2024-03-06T14:10:11.412+0000] {logging_mixin.py:188} INFO - [2024-03-06T14:10:11.411+0000] {dagbag.py:540} INFO - Filling up the DagBag from /home/airflow/.local/lib/python3.11/site-packages/airflow/example_dags/example_dynamic_task_mapping.py
[2024-03-06T14:10:11.419+0000] {processor.py:840} INFO - DAG(s) 'example_dynamic_task_mapping' retrieved from /home/airflow/.local/lib/python3.11/site-packages/airflow/example_dags/example_dynamic_task_mapping.py
[2024-03-06T14:10:11.439+0000] {logging_mixin.py:188} INFO - [2024-03-06T14:10:11.439+0000] {dag.py:3047} INFO - Sync 1 DAGs
[2024-03-06T14:10:11.460+0000] {logging_mixin.py:188} INFO - [2024-03-06T14:10:11.460+0000] {dag.py:3834} INFO - Setting next_dagrun for example_dynamic_task_mapping to 2022-03-04 00:00:00+00:00, run_after=2022-03-05 00:00:00+00:00
[2024-03-06T14:10:11.481+0000] {processor.py:183} INFO - Processing /home/airflow/.local/lib/python3.11/site-packages/airflow/example_dags/example_dynamic_task_mapping.py took 0.074 seconds
[2024-03-06T14:10:41.561+0000] {processor.py:161} INFO - Started process (PID=12919) to work on /home/airflow/.local/lib/python3.11/site-packages/airflow/example_dags/example_dynamic_task_mapping.py
[2024-03-06T14:10:41.562+0000] {processor.py:830} INFO - Processing file /home/airflow/.local/lib/python3.11/site-packages/airflow/example_dags/example_dynamic_task_mapping.py for tasks to queue
[2024-03-06T14:10:41.563+0000] {logging_mixin.py:188} INFO - [2024-03-06T14:10:41.563+0000] {dagbag.py:540} INFO - Filling up the DagBag from /home/airflow/.local/lib/python3.11/site-packages/airflow/example_dags/example_dynamic_task_mapping.py
[2024-03-06T14:10:41.570+0000] {processor.py:840} INFO - DAG(s) 'example_dynamic_task_mapping' retrieved from /home/airflow/.local/lib/python3.11/site-packages/airflow/example_dags/example_dynamic_task_mapping.py
[2024-03-06T14:10:41.588+0000] {logging_mixin.py:188} INFO - [2024-03-06T14:10:41.588+0000] {dag.py:3047} INFO - Sync 1 DAGs
[2024-03-06T14:10:41.607+0000] {logging_mixin.py:188} INFO - [2024-03-06T14:10:41.607+0000] {dag.py:3834} INFO - Setting next_dagrun for example_dynamic_task_mapping to 2022-03-04 00:00:00+00:00, run_after=2022-03-05 00:00:00+00:00
[2024-03-06T14:10:41.627+0000] {processor.py:183} INFO - Processing /home/airflow/.local/lib/python3.11/site-packages/airflow/example_dags/example_dynamic_task_mapping.py took 0.068 seconds
[2024-03-06T14:11:12.513+0000] {processor.py:161} INFO - Started process (PID=13166) to work on /home/airflow/.local/lib/python3.11/site-packages/airflow/example_dags/example_dynamic_task_mapping.py
[2024-03-06T14:11:12.514+0000] {processor.py:830} INFO - Processing file /home/airflow/.local/lib/python3.11/site-packages/airflow/example_dags/example_dynamic_task_mapping.py for tasks to queue
[2024-03-06T14:11:12.515+0000] {logging_mixin.py:188} INFO - [2024-03-06T14:11:12.514+0000] {dagbag.py:540} INFO - Filling up the DagBag from /home/airflow/.local/lib/python3.11/site-packages/airflow/example_dags/example_dynamic_task_mapping.py
[2024-03-06T14:11:12.522+0000] {processor.py:840} INFO - DAG(s) 'example_dynamic_task_mapping' retrieved from /home/airflow/.local/lib/python3.11/site-packages/airflow/example_dags/example_dynamic_task_mapping.py
[2024-03-06T14:11:12.538+0000] {logging_mixin.py:188} INFO - [2024-03-06T14:11:12.538+0000] {dag.py:3047} INFO - Sync 1 DAGs
[2024-03-06T14:11:12.558+0000] {logging_mixin.py:188} INFO - [2024-03-06T14:11:12.557+0000] {dag.py:3834} INFO - Setting next_dagrun for example_dynamic_task_mapping to 2022-03-04 00:00:00+00:00, run_after=2022-03-05 00:00:00+00:00
[2024-03-06T14:11:12.580+0000] {processor.py:183} INFO - Processing /home/airflow/.local/lib/python3.11/site-packages/airflow/example_dags/example_dynamic_task_mapping.py took 0.072 seconds
[2024-03-06T14:11:43.207+0000] {processor.py:161} INFO - Started process (PID=13413) to work on /home/airflow/.local/lib/python3.11/site-packages/airflow/example_dags/example_dynamic_task_mapping.py
[2024-03-06T14:11:43.210+0000] {processor.py:830} INFO - Processing file /home/airflow/.local/lib/python3.11/site-packages/airflow/example_dags/example_dynamic_task_mapping.py for tasks to queue
[2024-03-06T14:11:43.211+0000] {logging_mixin.py:188} INFO - [2024-03-06T14:11:43.211+0000] {dagbag.py:540} INFO - Filling up the DagBag from /home/airflow/.local/lib/python3.11/site-packages/airflow/example_dags/example_dynamic_task_mapping.py
[2024-03-06T14:11:43.221+0000] {processor.py:840} INFO - DAG(s) 'example_dynamic_task_mapping' retrieved from /home/airflow/.local/lib/python3.11/site-packages/airflow/example_dags/example_dynamic_task_mapping.py
[2024-03-06T14:11:43.239+0000] {logging_mixin.py:188} INFO - [2024-03-06T14:11:43.239+0000] {dag.py:3047} INFO - Sync 1 DAGs
[2024-03-06T14:11:43.260+0000] {logging_mixin.py:188} INFO - [2024-03-06T14:11:43.260+0000] {dag.py:3834} INFO - Setting next_dagrun for example_dynamic_task_mapping to 2022-03-04 00:00:00+00:00, run_after=2022-03-05 00:00:00+00:00
[2024-03-06T14:11:43.278+0000] {processor.py:183} INFO - Processing /home/airflow/.local/lib/python3.11/site-packages/airflow/example_dags/example_dynamic_task_mapping.py took 0.076 seconds
[2024-03-06T14:12:13.832+0000] {processor.py:161} INFO - Started process (PID=13660) to work on /home/airflow/.local/lib/python3.11/site-packages/airflow/example_dags/example_dynamic_task_mapping.py
[2024-03-06T14:12:13.833+0000] {processor.py:830} INFO - Processing file /home/airflow/.local/lib/python3.11/site-packages/airflow/example_dags/example_dynamic_task_mapping.py for tasks to queue
[2024-03-06T14:12:13.834+0000] {logging_mixin.py:188} INFO - [2024-03-06T14:12:13.834+0000] {dagbag.py:540} INFO - Filling up the DagBag from /home/airflow/.local/lib/python3.11/site-packages/airflow/example_dags/example_dynamic_task_mapping.py
[2024-03-06T14:12:13.842+0000] {processor.py:840} INFO - DAG(s) 'example_dynamic_task_mapping' retrieved from /home/airflow/.local/lib/python3.11/site-packages/airflow/example_dags/example_dynamic_task_mapping.py
[2024-03-06T14:12:13.860+0000] {logging_mixin.py:188} INFO - [2024-03-06T14:12:13.860+0000] {dag.py:3047} INFO - Sync 1 DAGs
[2024-03-06T14:12:13.882+0000] {logging_mixin.py:188} INFO - [2024-03-06T14:12:13.881+0000] {dag.py:3834} INFO - Setting next_dagrun for example_dynamic_task_mapping to 2022-03-04 00:00:00+00:00, run_after=2022-03-05 00:00:00+00:00
[2024-03-06T14:12:13.898+0000] {processor.py:183} INFO - Processing /home/airflow/.local/lib/python3.11/site-packages/airflow/example_dags/example_dynamic_task_mapping.py took 0.069 seconds
[2024-03-06T14:12:44.437+0000] {processor.py:161} INFO - Started process (PID=13907) to work on /home/airflow/.local/lib/python3.11/site-packages/airflow/example_dags/example_dynamic_task_mapping.py
[2024-03-06T14:12:44.438+0000] {processor.py:830} INFO - Processing file /home/airflow/.local/lib/python3.11/site-packages/airflow/example_dags/example_dynamic_task_mapping.py for tasks to queue
[2024-03-06T14:12:44.439+0000] {logging_mixin.py:188} INFO - [2024-03-06T14:12:44.439+0000] {dagbag.py:540} INFO - Filling up the DagBag from /home/airflow/.local/lib/python3.11/site-packages/airflow/example_dags/example_dynamic_task_mapping.py
[2024-03-06T14:12:44.449+0000] {processor.py:840} INFO - DAG(s) 'example_dynamic_task_mapping' retrieved from /home/airflow/.local/lib/python3.11/site-packages/airflow/example_dags/example_dynamic_task_mapping.py
[2024-03-06T14:12:44.479+0000] {logging_mixin.py:188} INFO - [2024-03-06T14:12:44.478+0000] {dag.py:3047} INFO - Sync 1 DAGs
[2024-03-06T14:12:44.510+0000] {logging_mixin.py:188} INFO - [2024-03-06T14:12:44.510+0000] {dag.py:3834} INFO - Setting next_dagrun for example_dynamic_task_mapping to 2022-03-04 00:00:00+00:00, run_after=2022-03-05 00:00:00+00:00
[2024-03-06T14:12:44.537+0000] {processor.py:183} INFO - Processing /home/airflow/.local/lib/python3.11/site-packages/airflow/example_dags/example_dynamic_task_mapping.py took 0.104 seconds
[2024-03-06T14:13:15.319+0000] {processor.py:161} INFO - Started process (PID=14154) to work on /home/airflow/.local/lib/python3.11/site-packages/airflow/example_dags/example_dynamic_task_mapping.py
[2024-03-06T14:13:15.321+0000] {processor.py:830} INFO - Processing file /home/airflow/.local/lib/python3.11/site-packages/airflow/example_dags/example_dynamic_task_mapping.py for tasks to queue
[2024-03-06T14:13:15.322+0000] {logging_mixin.py:188} INFO - [2024-03-06T14:13:15.321+0000] {dagbag.py:540} INFO - Filling up the DagBag from /home/airflow/.local/lib/python3.11/site-packages/airflow/example_dags/example_dynamic_task_mapping.py
[2024-03-06T14:13:15.331+0000] {processor.py:840} INFO - DAG(s) 'example_dynamic_task_mapping' retrieved from /home/airflow/.local/lib/python3.11/site-packages/airflow/example_dags/example_dynamic_task_mapping.py
[2024-03-06T14:13:15.348+0000] {logging_mixin.py:188} INFO - [2024-03-06T14:13:15.348+0000] {dag.py:3047} INFO - Sync 1 DAGs
[2024-03-06T14:13:15.367+0000] {logging_mixin.py:188} INFO - [2024-03-06T14:13:15.367+0000] {dag.py:3834} INFO - Setting next_dagrun for example_dynamic_task_mapping to 2022-03-04 00:00:00+00:00, run_after=2022-03-05 00:00:00+00:00
[2024-03-06T14:13:15.389+0000] {processor.py:183} INFO - Processing /home/airflow/.local/lib/python3.11/site-packages/airflow/example_dags/example_dynamic_task_mapping.py took 0.074 seconds
[2024-03-06T14:13:45.941+0000] {processor.py:161} INFO - Started process (PID=14401) to work on /home/airflow/.local/lib/python3.11/site-packages/airflow/example_dags/example_dynamic_task_mapping.py
[2024-03-06T14:13:45.942+0000] {processor.py:830} INFO - Processing file /home/airflow/.local/lib/python3.11/site-packages/airflow/example_dags/example_dynamic_task_mapping.py for tasks to queue
[2024-03-06T14:13:45.943+0000] {logging_mixin.py:188} INFO - [2024-03-06T14:13:45.943+0000] {dagbag.py:540} INFO - Filling up the DagBag from /home/airflow/.local/lib/python3.11/site-packages/airflow/example_dags/example_dynamic_task_mapping.py
[2024-03-06T14:13:45.951+0000] {processor.py:840} INFO - DAG(s) 'example_dynamic_task_mapping' retrieved from /home/airflow/.local/lib/python3.11/site-packages/airflow/example_dags/example_dynamic_task_mapping.py
[2024-03-06T14:13:45.976+0000] {logging_mixin.py:188} INFO - [2024-03-06T14:13:45.976+0000] {dag.py:3047} INFO - Sync 1 DAGs
[2024-03-06T14:13:46.001+0000] {logging_mixin.py:188} INFO - [2024-03-06T14:13:46.000+0000] {dag.py:3834} INFO - Setting next_dagrun for example_dynamic_task_mapping to 2022-03-04 00:00:00+00:00, run_after=2022-03-05 00:00:00+00:00
[2024-03-06T14:13:46.029+0000] {processor.py:183} INFO - Processing /home/airflow/.local/lib/python3.11/site-packages/airflow/example_dags/example_dynamic_task_mapping.py took 0.092 seconds
[2024-03-06T14:14:16.845+0000] {processor.py:161} INFO - Started process (PID=14648) to work on /home/airflow/.local/lib/python3.11/site-packages/airflow/example_dags/example_dynamic_task_mapping.py
[2024-03-06T14:14:16.847+0000] {processor.py:830} INFO - Processing file /home/airflow/.local/lib/python3.11/site-packages/airflow/example_dags/example_dynamic_task_mapping.py for tasks to queue
[2024-03-06T14:14:16.848+0000] {logging_mixin.py:188} INFO - [2024-03-06T14:14:16.847+0000] {dagbag.py:540} INFO - Filling up the DagBag from /home/airflow/.local/lib/python3.11/site-packages/airflow/example_dags/example_dynamic_task_mapping.py
[2024-03-06T14:14:16.872+0000] {processor.py:840} INFO - DAG(s) 'example_dynamic_task_mapping' retrieved from /home/airflow/.local/lib/python3.11/site-packages/airflow/example_dags/example_dynamic_task_mapping.py
[2024-03-06T14:14:16.903+0000] {logging_mixin.py:188} INFO - [2024-03-06T14:14:16.902+0000] {dag.py:3047} INFO - Sync 1 DAGs
[2024-03-06T14:14:16.937+0000] {logging_mixin.py:188} INFO - [2024-03-06T14:14:16.937+0000] {dag.py:3834} INFO - Setting next_dagrun for example_dynamic_task_mapping to 2022-03-04 00:00:00+00:00, run_after=2022-03-05 00:00:00+00:00
[2024-03-06T14:14:16.964+0000] {processor.py:183} INFO - Processing /home/airflow/.local/lib/python3.11/site-packages/airflow/example_dags/example_dynamic_task_mapping.py took 0.121 seconds
[2024-03-06T14:14:47.070+0000] {processor.py:161} INFO - Started process (PID=14895) to work on /home/airflow/.local/lib/python3.11/site-packages/airflow/example_dags/example_dynamic_task_mapping.py
[2024-03-06T14:14:47.073+0000] {processor.py:830} INFO - Processing file /home/airflow/.local/lib/python3.11/site-packages/airflow/example_dags/example_dynamic_task_mapping.py for tasks to queue
[2024-03-06T14:14:47.077+0000] {logging_mixin.py:188} INFO - [2024-03-06T14:14:47.076+0000] {dagbag.py:540} INFO - Filling up the DagBag from /home/airflow/.local/lib/python3.11/site-packages/airflow/example_dags/example_dynamic_task_mapping.py
[2024-03-06T14:14:47.089+0000] {processor.py:840} INFO - DAG(s) 'example_dynamic_task_mapping' retrieved from /home/airflow/.local/lib/python3.11/site-packages/airflow/example_dags/example_dynamic_task_mapping.py
[2024-03-06T14:14:47.111+0000] {logging_mixin.py:188} INFO - [2024-03-06T14:14:47.110+0000] {dag.py:3047} INFO - Sync 1 DAGs
[2024-03-06T14:14:47.135+0000] {logging_mixin.py:188} INFO - [2024-03-06T14:14:47.135+0000] {dag.py:3834} INFO - Setting next_dagrun for example_dynamic_task_mapping to 2022-03-04 00:00:00+00:00, run_after=2022-03-05 00:00:00+00:00
[2024-03-06T14:14:47.157+0000] {processor.py:183} INFO - Processing /home/airflow/.local/lib/python3.11/site-packages/airflow/example_dags/example_dynamic_task_mapping.py took 0.094 seconds
[2024-03-06T14:15:17.203+0000] {processor.py:161} INFO - Started process (PID=15142) to work on /home/airflow/.local/lib/python3.11/site-packages/airflow/example_dags/example_dynamic_task_mapping.py
[2024-03-06T14:15:17.204+0000] {processor.py:830} INFO - Processing file /home/airflow/.local/lib/python3.11/site-packages/airflow/example_dags/example_dynamic_task_mapping.py for tasks to queue
[2024-03-06T14:15:17.205+0000] {logging_mixin.py:188} INFO - [2024-03-06T14:15:17.205+0000] {dagbag.py:540} INFO - Filling up the DagBag from /home/airflow/.local/lib/python3.11/site-packages/airflow/example_dags/example_dynamic_task_mapping.py
[2024-03-06T14:15:17.214+0000] {processor.py:840} INFO - DAG(s) 'example_dynamic_task_mapping' retrieved from /home/airflow/.local/lib/python3.11/site-packages/airflow/example_dags/example_dynamic_task_mapping.py
[2024-03-06T14:15:17.234+0000] {logging_mixin.py:188} INFO - [2024-03-06T14:15:17.234+0000] {dag.py:3047} INFO - Sync 1 DAGs
[2024-03-06T14:15:17.256+0000] {logging_mixin.py:188} INFO - [2024-03-06T14:15:17.256+0000] {dag.py:3834} INFO - Setting next_dagrun for example_dynamic_task_mapping to 2022-03-04 00:00:00+00:00, run_after=2022-03-05 00:00:00+00:00
[2024-03-06T14:15:17.279+0000] {processor.py:183} INFO - Processing /home/airflow/.local/lib/python3.11/site-packages/airflow/example_dags/example_dynamic_task_mapping.py took 0.080 seconds
[2024-03-06T14:15:48.238+0000] {processor.py:161} INFO - Started process (PID=15389) to work on /home/airflow/.local/lib/python3.11/site-packages/airflow/example_dags/example_dynamic_task_mapping.py
[2024-03-06T14:15:48.240+0000] {processor.py:830} INFO - Processing file /home/airflow/.local/lib/python3.11/site-packages/airflow/example_dags/example_dynamic_task_mapping.py for tasks to queue
[2024-03-06T14:15:48.242+0000] {logging_mixin.py:188} INFO - [2024-03-06T14:15:48.241+0000] {dagbag.py:540} INFO - Filling up the DagBag from /home/airflow/.local/lib/python3.11/site-packages/airflow/example_dags/example_dynamic_task_mapping.py
[2024-03-06T14:15:48.253+0000] {processor.py:840} INFO - DAG(s) 'example_dynamic_task_mapping' retrieved from /home/airflow/.local/lib/python3.11/site-packages/airflow/example_dags/example_dynamic_task_mapping.py
[2024-03-06T14:15:48.270+0000] {logging_mixin.py:188} INFO - [2024-03-06T14:15:48.270+0000] {dag.py:3047} INFO - Sync 1 DAGs
[2024-03-06T14:15:48.289+0000] {logging_mixin.py:188} INFO - [2024-03-06T14:15:48.289+0000] {dag.py:3834} INFO - Setting next_dagrun for example_dynamic_task_mapping to 2022-03-04 00:00:00+00:00, run_after=2022-03-05 00:00:00+00:00
[2024-03-06T14:15:48.315+0000] {processor.py:183} INFO - Processing /home/airflow/.local/lib/python3.11/site-packages/airflow/example_dags/example_dynamic_task_mapping.py took 0.081 seconds
[2024-03-06T14:16:18.604+0000] {processor.py:161} INFO - Started process (PID=15636) to work on /home/airflow/.local/lib/python3.11/site-packages/airflow/example_dags/example_dynamic_task_mapping.py
[2024-03-06T14:16:18.605+0000] {processor.py:830} INFO - Processing file /home/airflow/.local/lib/python3.11/site-packages/airflow/example_dags/example_dynamic_task_mapping.py for tasks to queue
[2024-03-06T14:16:18.606+0000] {logging_mixin.py:188} INFO - [2024-03-06T14:16:18.606+0000] {dagbag.py:540} INFO - Filling up the DagBag from /home/airflow/.local/lib/python3.11/site-packages/airflow/example_dags/example_dynamic_task_mapping.py
[2024-03-06T14:16:18.614+0000] {processor.py:840} INFO - DAG(s) 'example_dynamic_task_mapping' retrieved from /home/airflow/.local/lib/python3.11/site-packages/airflow/example_dags/example_dynamic_task_mapping.py
[2024-03-06T14:16:18.635+0000] {logging_mixin.py:188} INFO - [2024-03-06T14:16:18.634+0000] {dag.py:3047} INFO - Sync 1 DAGs
[2024-03-06T14:16:18.656+0000] {logging_mixin.py:188} INFO - [2024-03-06T14:16:18.656+0000] {dag.py:3834} INFO - Setting next_dagrun for example_dynamic_task_mapping to 2022-03-04 00:00:00+00:00, run_after=2022-03-05 00:00:00+00:00
[2024-03-06T14:16:18.674+0000] {processor.py:183} INFO - Processing /home/airflow/.local/lib/python3.11/site-packages/airflow/example_dags/example_dynamic_task_mapping.py took 0.073 seconds
[2024-03-06T14:16:49.283+0000] {processor.py:161} INFO - Started process (PID=15883) to work on /home/airflow/.local/lib/python3.11/site-packages/airflow/example_dags/example_dynamic_task_mapping.py
[2024-03-06T14:16:49.284+0000] {processor.py:830} INFO - Processing file /home/airflow/.local/lib/python3.11/site-packages/airflow/example_dags/example_dynamic_task_mapping.py for tasks to queue
[2024-03-06T14:16:49.285+0000] {logging_mixin.py:188} INFO - [2024-03-06T14:16:49.285+0000] {dagbag.py:540} INFO - Filling up the DagBag from /home/airflow/.local/lib/python3.11/site-packages/airflow/example_dags/example_dynamic_task_mapping.py
[2024-03-06T14:16:49.292+0000] {processor.py:840} INFO - DAG(s) 'example_dynamic_task_mapping' retrieved from /home/airflow/.local/lib/python3.11/site-packages/airflow/example_dags/example_dynamic_task_mapping.py
[2024-03-06T14:16:49.310+0000] {logging_mixin.py:188} INFO - [2024-03-06T14:16:49.310+0000] {dag.py:3047} INFO - Sync 1 DAGs
[2024-03-06T14:16:49.333+0000] {logging_mixin.py:188} INFO - [2024-03-06T14:16:49.333+0000] {dag.py:3834} INFO - Setting next_dagrun for example_dynamic_task_mapping to 2022-03-04 00:00:00+00:00, run_after=2022-03-05 00:00:00+00:00
[2024-03-06T14:16:49.357+0000] {processor.py:183} INFO - Processing /home/airflow/.local/lib/python3.11/site-packages/airflow/example_dags/example_dynamic_task_mapping.py took 0.077 seconds
[2024-03-06T14:17:19.518+0000] {processor.py:161} INFO - Started process (PID=16130) to work on /home/airflow/.local/lib/python3.11/site-packages/airflow/example_dags/example_dynamic_task_mapping.py
[2024-03-06T14:17:19.530+0000] {processor.py:830} INFO - Processing file /home/airflow/.local/lib/python3.11/site-packages/airflow/example_dags/example_dynamic_task_mapping.py for tasks to queue
[2024-03-06T14:17:19.539+0000] {logging_mixin.py:188} INFO - [2024-03-06T14:17:19.538+0000] {dagbag.py:540} INFO - Filling up the DagBag from /home/airflow/.local/lib/python3.11/site-packages/airflow/example_dags/example_dynamic_task_mapping.py
[2024-03-06T14:17:19.575+0000] {processor.py:840} INFO - DAG(s) 'example_dynamic_task_mapping' retrieved from /home/airflow/.local/lib/python3.11/site-packages/airflow/example_dags/example_dynamic_task_mapping.py
[2024-03-06T14:17:19.609+0000] {logging_mixin.py:188} INFO - [2024-03-06T14:17:19.609+0000] {dag.py:3047} INFO - Sync 1 DAGs
[2024-03-06T14:17:19.648+0000] {logging_mixin.py:188} INFO - [2024-03-06T14:17:19.647+0000] {dag.py:3834} INFO - Setting next_dagrun for example_dynamic_task_mapping to 2022-03-04 00:00:00+00:00, run_after=2022-03-05 00:00:00+00:00
[2024-03-06T14:17:19.681+0000] {processor.py:183} INFO - Processing /home/airflow/.local/lib/python3.11/site-packages/airflow/example_dags/example_dynamic_task_mapping.py took 0.169 seconds
[2024-03-06T14:17:50.510+0000] {processor.py:161} INFO - Started process (PID=16377) to work on /home/airflow/.local/lib/python3.11/site-packages/airflow/example_dags/example_dynamic_task_mapping.py
[2024-03-06T14:17:50.514+0000] {processor.py:830} INFO - Processing file /home/airflow/.local/lib/python3.11/site-packages/airflow/example_dags/example_dynamic_task_mapping.py for tasks to queue
[2024-03-06T14:17:50.517+0000] {logging_mixin.py:188} INFO - [2024-03-06T14:17:50.516+0000] {dagbag.py:540} INFO - Filling up the DagBag from /home/airflow/.local/lib/python3.11/site-packages/airflow/example_dags/example_dynamic_task_mapping.py
[2024-03-06T14:17:50.531+0000] {processor.py:840} INFO - DAG(s) 'example_dynamic_task_mapping' retrieved from /home/airflow/.local/lib/python3.11/site-packages/airflow/example_dags/example_dynamic_task_mapping.py
[2024-03-06T14:17:50.610+0000] {logging_mixin.py:188} INFO - [2024-03-06T14:17:50.609+0000] {dag.py:3047} INFO - Sync 1 DAGs
[2024-03-06T14:17:50.664+0000] {logging_mixin.py:188} INFO - [2024-03-06T14:17:50.663+0000] {dag.py:3834} INFO - Setting next_dagrun for example_dynamic_task_mapping to 2022-03-04 00:00:00+00:00, run_after=2022-03-05 00:00:00+00:00
[2024-03-06T14:17:50.723+0000] {processor.py:183} INFO - Processing /home/airflow/.local/lib/python3.11/site-packages/airflow/example_dags/example_dynamic_task_mapping.py took 0.218 seconds
[2024-03-06T14:18:21.651+0000] {processor.py:161} INFO - Started process (PID=16626) to work on /home/airflow/.local/lib/python3.11/site-packages/airflow/example_dags/example_dynamic_task_mapping.py
[2024-03-06T14:18:21.653+0000] {processor.py:830} INFO - Processing file /home/airflow/.local/lib/python3.11/site-packages/airflow/example_dags/example_dynamic_task_mapping.py for tasks to queue
[2024-03-06T14:18:21.657+0000] {logging_mixin.py:188} INFO - [2024-03-06T14:18:21.657+0000] {dagbag.py:540} INFO - Filling up the DagBag from /home/airflow/.local/lib/python3.11/site-packages/airflow/example_dags/example_dynamic_task_mapping.py
[2024-03-06T14:18:21.676+0000] {processor.py:840} INFO - DAG(s) 'example_dynamic_task_mapping' retrieved from /home/airflow/.local/lib/python3.11/site-packages/airflow/example_dags/example_dynamic_task_mapping.py
[2024-03-06T14:18:21.721+0000] {logging_mixin.py:188} INFO - [2024-03-06T14:18:21.721+0000] {dag.py:3047} INFO - Sync 1 DAGs
[2024-03-06T14:18:21.777+0000] {logging_mixin.py:188} INFO - [2024-03-06T14:18:21.776+0000] {dag.py:3834} INFO - Setting next_dagrun for example_dynamic_task_mapping to 2022-03-04 00:00:00+00:00, run_after=2022-03-05 00:00:00+00:00
[2024-03-06T14:18:21.826+0000] {processor.py:183} INFO - Processing /home/airflow/.local/lib/python3.11/site-packages/airflow/example_dags/example_dynamic_task_mapping.py took 0.179 seconds
[2024-03-06T14:18:52.724+0000] {processor.py:161} INFO - Started process (PID=16872) to work on /home/airflow/.local/lib/python3.11/site-packages/airflow/example_dags/example_dynamic_task_mapping.py
[2024-03-06T14:18:52.733+0000] {processor.py:830} INFO - Processing file /home/airflow/.local/lib/python3.11/site-packages/airflow/example_dags/example_dynamic_task_mapping.py for tasks to queue
[2024-03-06T14:18:52.735+0000] {logging_mixin.py:188} INFO - [2024-03-06T14:18:52.734+0000] {dagbag.py:540} INFO - Filling up the DagBag from /home/airflow/.local/lib/python3.11/site-packages/airflow/example_dags/example_dynamic_task_mapping.py
[2024-03-06T14:18:52.751+0000] {processor.py:840} INFO - DAG(s) 'example_dynamic_task_mapping' retrieved from /home/airflow/.local/lib/python3.11/site-packages/airflow/example_dags/example_dynamic_task_mapping.py
[2024-03-06T14:18:52.787+0000] {logging_mixin.py:188} INFO - [2024-03-06T14:18:52.787+0000] {dag.py:3047} INFO - Sync 1 DAGs
[2024-03-06T14:18:52.827+0000] {logging_mixin.py:188} INFO - [2024-03-06T14:18:52.827+0000] {dag.py:3834} INFO - Setting next_dagrun for example_dynamic_task_mapping to 2022-03-04 00:00:00+00:00, run_after=2022-03-05 00:00:00+00:00
[2024-03-06T14:18:52.943+0000] {processor.py:183} INFO - Processing /home/airflow/.local/lib/python3.11/site-packages/airflow/example_dags/example_dynamic_task_mapping.py took 0.224 seconds
