[2024-03-06T13:44:34.808+0000] {processor.py:161} INFO - Started process (PID=161) to work on /home/airflow/.local/lib/python3.11/site-packages/airflow/example_dags/example_latest_only_with_trigger.py
[2024-03-06T13:44:34.810+0000] {processor.py:830} INFO - Processing file /home/airflow/.local/lib/python3.11/site-packages/airflow/example_dags/example_latest_only_with_trigger.py for tasks to queue
[2024-03-06T13:44:34.812+0000] {logging_mixin.py:188} INFO - [2024-03-06T13:44:34.812+0000] {dagbag.py:540} INFO - Filling up the DagBag from /home/airflow/.local/lib/python3.11/site-packages/airflow/example_dags/example_latest_only_with_trigger.py
[2024-03-06T13:44:34.826+0000] {processor.py:840} INFO - DAG(s) 'latest_only_with_trigger' retrieved from /home/airflow/.local/lib/python3.11/site-packages/airflow/example_dags/example_latest_only_with_trigger.py
[2024-03-06T13:44:34.926+0000] {logging_mixin.py:188} INFO - [2024-03-06T13:44:34.925+0000] {dag.py:3047} INFO - Sync 1 DAGs
[2024-03-06T13:44:34.983+0000] {logging_mixin.py:188} INFO - [2024-03-06T13:44:34.983+0000] {dag.py:3834} INFO - Setting next_dagrun for latest_only_with_trigger to 2024-03-06 08:00:00+00:00, run_after=2024-03-06 12:00:00+00:00
[2024-03-06T13:44:35.044+0000] {processor.py:183} INFO - Processing /home/airflow/.local/lib/python3.11/site-packages/airflow/example_dags/example_latest_only_with_trigger.py took 0.240 seconds
[2024-03-06T13:45:05.298+0000] {processor.py:161} INFO - Started process (PID=407) to work on /home/airflow/.local/lib/python3.11/site-packages/airflow/example_dags/example_latest_only_with_trigger.py
[2024-03-06T13:45:05.305+0000] {processor.py:830} INFO - Processing file /home/airflow/.local/lib/python3.11/site-packages/airflow/example_dags/example_latest_only_with_trigger.py for tasks to queue
[2024-03-06T13:45:05.306+0000] {logging_mixin.py:188} INFO - [2024-03-06T13:45:05.306+0000] {dagbag.py:540} INFO - Filling up the DagBag from /home/airflow/.local/lib/python3.11/site-packages/airflow/example_dags/example_latest_only_with_trigger.py
[2024-03-06T13:45:05.312+0000] {processor.py:840} INFO - DAG(s) 'latest_only_with_trigger' retrieved from /home/airflow/.local/lib/python3.11/site-packages/airflow/example_dags/example_latest_only_with_trigger.py
[2024-03-06T13:45:05.332+0000] {logging_mixin.py:188} INFO - [2024-03-06T13:45:05.332+0000] {dag.py:3047} INFO - Sync 1 DAGs
[2024-03-06T13:45:05.352+0000] {logging_mixin.py:188} INFO - [2024-03-06T13:45:05.352+0000] {dag.py:3834} INFO - Setting next_dagrun for latest_only_with_trigger to 2024-03-06 08:00:00+00:00, run_after=2024-03-06 12:00:00+00:00
[2024-03-06T13:45:05.376+0000] {processor.py:183} INFO - Processing /home/airflow/.local/lib/python3.11/site-packages/airflow/example_dags/example_latest_only_with_trigger.py took 0.081 seconds
[2024-03-06T13:45:35.572+0000] {processor.py:161} INFO - Started process (PID=653) to work on /home/airflow/.local/lib/python3.11/site-packages/airflow/example_dags/example_latest_only_with_trigger.py
[2024-03-06T13:45:35.574+0000] {processor.py:830} INFO - Processing file /home/airflow/.local/lib/python3.11/site-packages/airflow/example_dags/example_latest_only_with_trigger.py for tasks to queue
[2024-03-06T13:45:35.577+0000] {logging_mixin.py:188} INFO - [2024-03-06T13:45:35.576+0000] {dagbag.py:540} INFO - Filling up the DagBag from /home/airflow/.local/lib/python3.11/site-packages/airflow/example_dags/example_latest_only_with_trigger.py
[2024-03-06T13:45:35.584+0000] {processor.py:840} INFO - DAG(s) 'latest_only_with_trigger' retrieved from /home/airflow/.local/lib/python3.11/site-packages/airflow/example_dags/example_latest_only_with_trigger.py
[2024-03-06T13:45:35.605+0000] {logging_mixin.py:188} INFO - [2024-03-06T13:45:35.605+0000] {dag.py:3047} INFO - Sync 1 DAGs
[2024-03-06T13:45:35.628+0000] {logging_mixin.py:188} INFO - [2024-03-06T13:45:35.627+0000] {dag.py:3834} INFO - Setting next_dagrun for latest_only_with_trigger to 2024-03-06 08:00:00+00:00, run_after=2024-03-06 12:00:00+00:00
[2024-03-06T13:45:35.648+0000] {processor.py:183} INFO - Processing /home/airflow/.local/lib/python3.11/site-packages/airflow/example_dags/example_latest_only_with_trigger.py took 0.079 seconds
[2024-03-06T13:46:05.925+0000] {processor.py:161} INFO - Started process (PID=900) to work on /home/airflow/.local/lib/python3.11/site-packages/airflow/example_dags/example_latest_only_with_trigger.py
[2024-03-06T13:46:05.927+0000] {processor.py:830} INFO - Processing file /home/airflow/.local/lib/python3.11/site-packages/airflow/example_dags/example_latest_only_with_trigger.py for tasks to queue
[2024-03-06T13:46:05.928+0000] {logging_mixin.py:188} INFO - [2024-03-06T13:46:05.928+0000] {dagbag.py:540} INFO - Filling up the DagBag from /home/airflow/.local/lib/python3.11/site-packages/airflow/example_dags/example_latest_only_with_trigger.py
[2024-03-06T13:46:05.936+0000] {processor.py:840} INFO - DAG(s) 'latest_only_with_trigger' retrieved from /home/airflow/.local/lib/python3.11/site-packages/airflow/example_dags/example_latest_only_with_trigger.py
[2024-03-06T13:46:05.968+0000] {logging_mixin.py:188} INFO - [2024-03-06T13:46:05.968+0000] {dag.py:3047} INFO - Sync 1 DAGs
[2024-03-06T13:46:05.989+0000] {logging_mixin.py:188} INFO - [2024-03-06T13:46:05.989+0000] {dag.py:3834} INFO - Setting next_dagrun for latest_only_with_trigger to 2024-03-06 08:00:00+00:00, run_after=2024-03-06 12:00:00+00:00
[2024-03-06T13:46:06.013+0000] {processor.py:183} INFO - Processing /home/airflow/.local/lib/python3.11/site-packages/airflow/example_dags/example_latest_only_with_trigger.py took 0.091 seconds
[2024-03-06T13:46:36.049+0000] {processor.py:161} INFO - Started process (PID=1147) to work on /home/airflow/.local/lib/python3.11/site-packages/airflow/example_dags/example_latest_only_with_trigger.py
[2024-03-06T13:46:36.064+0000] {processor.py:830} INFO - Processing file /home/airflow/.local/lib/python3.11/site-packages/airflow/example_dags/example_latest_only_with_trigger.py for tasks to queue
[2024-03-06T13:46:36.067+0000] {logging_mixin.py:188} INFO - [2024-03-06T13:46:36.066+0000] {dagbag.py:540} INFO - Filling up the DagBag from /home/airflow/.local/lib/python3.11/site-packages/airflow/example_dags/example_latest_only_with_trigger.py
[2024-03-06T13:46:36.076+0000] {processor.py:840} INFO - DAG(s) 'latest_only_with_trigger' retrieved from /home/airflow/.local/lib/python3.11/site-packages/airflow/example_dags/example_latest_only_with_trigger.py
[2024-03-06T13:46:36.095+0000] {logging_mixin.py:188} INFO - [2024-03-06T13:46:36.094+0000] {dag.py:3047} INFO - Sync 1 DAGs
[2024-03-06T13:46:36.118+0000] {logging_mixin.py:188} INFO - [2024-03-06T13:46:36.118+0000] {dag.py:3834} INFO - Setting next_dagrun for latest_only_with_trigger to 2024-03-06 08:00:00+00:00, run_after=2024-03-06 12:00:00+00:00
[2024-03-06T13:46:36.135+0000] {processor.py:183} INFO - Processing /home/airflow/.local/lib/python3.11/site-packages/airflow/example_dags/example_latest_only_with_trigger.py took 0.089 seconds
[2024-03-06T13:47:06.415+0000] {processor.py:161} INFO - Started process (PID=1394) to work on /home/airflow/.local/lib/python3.11/site-packages/airflow/example_dags/example_latest_only_with_trigger.py
[2024-03-06T13:47:06.422+0000] {processor.py:830} INFO - Processing file /home/airflow/.local/lib/python3.11/site-packages/airflow/example_dags/example_latest_only_with_trigger.py for tasks to queue
[2024-03-06T13:47:06.436+0000] {logging_mixin.py:188} INFO - [2024-03-06T13:47:06.435+0000] {dagbag.py:540} INFO - Filling up the DagBag from /home/airflow/.local/lib/python3.11/site-packages/airflow/example_dags/example_latest_only_with_trigger.py
[2024-03-06T13:47:06.490+0000] {processor.py:840} INFO - DAG(s) 'latest_only_with_trigger' retrieved from /home/airflow/.local/lib/python3.11/site-packages/airflow/example_dags/example_latest_only_with_trigger.py
[2024-03-06T13:47:06.557+0000] {logging_mixin.py:188} INFO - [2024-03-06T13:47:06.556+0000] {dag.py:3047} INFO - Sync 1 DAGs
[2024-03-06T13:47:06.613+0000] {logging_mixin.py:188} INFO - [2024-03-06T13:47:06.600+0000] {dag.py:3834} INFO - Setting next_dagrun for latest_only_with_trigger to 2024-03-06 08:00:00+00:00, run_after=2024-03-06 12:00:00+00:00
[2024-03-06T13:47:06.638+0000] {processor.py:183} INFO - Processing /home/airflow/.local/lib/python3.11/site-packages/airflow/example_dags/example_latest_only_with_trigger.py took 0.229 seconds
[2024-03-06T13:47:37.583+0000] {processor.py:161} INFO - Started process (PID=1641) to work on /home/airflow/.local/lib/python3.11/site-packages/airflow/example_dags/example_latest_only_with_trigger.py
[2024-03-06T13:47:37.595+0000] {processor.py:830} INFO - Processing file /home/airflow/.local/lib/python3.11/site-packages/airflow/example_dags/example_latest_only_with_trigger.py for tasks to queue
[2024-03-06T13:47:37.600+0000] {logging_mixin.py:188} INFO - [2024-03-06T13:47:37.599+0000] {dagbag.py:540} INFO - Filling up the DagBag from /home/airflow/.local/lib/python3.11/site-packages/airflow/example_dags/example_latest_only_with_trigger.py
[2024-03-06T13:47:37.640+0000] {processor.py:840} INFO - DAG(s) 'latest_only_with_trigger' retrieved from /home/airflow/.local/lib/python3.11/site-packages/airflow/example_dags/example_latest_only_with_trigger.py
[2024-03-06T13:47:37.763+0000] {logging_mixin.py:188} INFO - [2024-03-06T13:47:37.762+0000] {dag.py:3047} INFO - Sync 1 DAGs
[2024-03-06T13:47:37.887+0000] {logging_mixin.py:188} INFO - [2024-03-06T13:47:37.887+0000] {dag.py:3834} INFO - Setting next_dagrun for latest_only_with_trigger to 2024-03-06 08:00:00+00:00, run_after=2024-03-06 12:00:00+00:00
[2024-03-06T13:47:38.057+0000] {processor.py:183} INFO - Processing /home/airflow/.local/lib/python3.11/site-packages/airflow/example_dags/example_latest_only_with_trigger.py took 0.480 seconds
[2024-03-06T13:48:08.412+0000] {processor.py:161} INFO - Started process (PID=1888) to work on /home/airflow/.local/lib/python3.11/site-packages/airflow/example_dags/example_latest_only_with_trigger.py
[2024-03-06T13:48:08.418+0000] {processor.py:830} INFO - Processing file /home/airflow/.local/lib/python3.11/site-packages/airflow/example_dags/example_latest_only_with_trigger.py for tasks to queue
[2024-03-06T13:48:08.419+0000] {logging_mixin.py:188} INFO - [2024-03-06T13:48:08.419+0000] {dagbag.py:540} INFO - Filling up the DagBag from /home/airflow/.local/lib/python3.11/site-packages/airflow/example_dags/example_latest_only_with_trigger.py
[2024-03-06T13:48:08.434+0000] {processor.py:840} INFO - DAG(s) 'latest_only_with_trigger' retrieved from /home/airflow/.local/lib/python3.11/site-packages/airflow/example_dags/example_latest_only_with_trigger.py
[2024-03-06T13:48:08.454+0000] {logging_mixin.py:188} INFO - [2024-03-06T13:48:08.454+0000] {dag.py:3047} INFO - Sync 1 DAGs
[2024-03-06T13:48:08.476+0000] {logging_mixin.py:188} INFO - [2024-03-06T13:48:08.476+0000] {dag.py:3834} INFO - Setting next_dagrun for latest_only_with_trigger to 2024-03-06 08:00:00+00:00, run_after=2024-03-06 12:00:00+00:00
[2024-03-06T13:48:08.498+0000] {processor.py:183} INFO - Processing /home/airflow/.local/lib/python3.11/site-packages/airflow/example_dags/example_latest_only_with_trigger.py took 0.090 seconds
[2024-03-06T13:48:38.825+0000] {processor.py:161} INFO - Started process (PID=2134) to work on /home/airflow/.local/lib/python3.11/site-packages/airflow/example_dags/example_latest_only_with_trigger.py
[2024-03-06T13:48:38.827+0000] {processor.py:830} INFO - Processing file /home/airflow/.local/lib/python3.11/site-packages/airflow/example_dags/example_latest_only_with_trigger.py for tasks to queue
[2024-03-06T13:48:38.830+0000] {logging_mixin.py:188} INFO - [2024-03-06T13:48:38.829+0000] {dagbag.py:540} INFO - Filling up the DagBag from /home/airflow/.local/lib/python3.11/site-packages/airflow/example_dags/example_latest_only_with_trigger.py
[2024-03-06T13:48:38.842+0000] {processor.py:840} INFO - DAG(s) 'latest_only_with_trigger' retrieved from /home/airflow/.local/lib/python3.11/site-packages/airflow/example_dags/example_latest_only_with_trigger.py
[2024-03-06T13:48:38.882+0000] {logging_mixin.py:188} INFO - [2024-03-06T13:48:38.882+0000] {dag.py:3047} INFO - Sync 1 DAGs
[2024-03-06T13:48:38.926+0000] {logging_mixin.py:188} INFO - [2024-03-06T13:48:38.926+0000] {dag.py:3834} INFO - Setting next_dagrun for latest_only_with_trigger to 2024-03-06 08:00:00+00:00, run_after=2024-03-06 12:00:00+00:00
[2024-03-06T13:48:38.967+0000] {processor.py:183} INFO - Processing /home/airflow/.local/lib/python3.11/site-packages/airflow/example_dags/example_latest_only_with_trigger.py took 0.147 seconds
[2024-03-06T13:49:09.159+0000] {processor.py:161} INFO - Started process (PID=2381) to work on /home/airflow/.local/lib/python3.11/site-packages/airflow/example_dags/example_latest_only_with_trigger.py
[2024-03-06T13:49:09.161+0000] {processor.py:830} INFO - Processing file /home/airflow/.local/lib/python3.11/site-packages/airflow/example_dags/example_latest_only_with_trigger.py for tasks to queue
[2024-03-06T13:49:09.163+0000] {logging_mixin.py:188} INFO - [2024-03-06T13:49:09.162+0000] {dagbag.py:540} INFO - Filling up the DagBag from /home/airflow/.local/lib/python3.11/site-packages/airflow/example_dags/example_latest_only_with_trigger.py
[2024-03-06T13:49:09.171+0000] {processor.py:840} INFO - DAG(s) 'latest_only_with_trigger' retrieved from /home/airflow/.local/lib/python3.11/site-packages/airflow/example_dags/example_latest_only_with_trigger.py
[2024-03-06T13:49:09.192+0000] {logging_mixin.py:188} INFO - [2024-03-06T13:49:09.192+0000] {dag.py:3047} INFO - Sync 1 DAGs
[2024-03-06T13:49:09.214+0000] {logging_mixin.py:188} INFO - [2024-03-06T13:49:09.213+0000] {dag.py:3834} INFO - Setting next_dagrun for latest_only_with_trigger to 2024-03-06 08:00:00+00:00, run_after=2024-03-06 12:00:00+00:00
[2024-03-06T13:49:09.233+0000] {processor.py:183} INFO - Processing /home/airflow/.local/lib/python3.11/site-packages/airflow/example_dags/example_latest_only_with_trigger.py took 0.077 seconds
[2024-03-06T13:49:39.486+0000] {processor.py:161} INFO - Started process (PID=2628) to work on /home/airflow/.local/lib/python3.11/site-packages/airflow/example_dags/example_latest_only_with_trigger.py
[2024-03-06T13:49:39.489+0000] {processor.py:830} INFO - Processing file /home/airflow/.local/lib/python3.11/site-packages/airflow/example_dags/example_latest_only_with_trigger.py for tasks to queue
[2024-03-06T13:49:39.490+0000] {logging_mixin.py:188} INFO - [2024-03-06T13:49:39.490+0000] {dagbag.py:540} INFO - Filling up the DagBag from /home/airflow/.local/lib/python3.11/site-packages/airflow/example_dags/example_latest_only_with_trigger.py
[2024-03-06T13:49:39.499+0000] {processor.py:840} INFO - DAG(s) 'latest_only_with_trigger' retrieved from /home/airflow/.local/lib/python3.11/site-packages/airflow/example_dags/example_latest_only_with_trigger.py
[2024-03-06T13:49:39.523+0000] {logging_mixin.py:188} INFO - [2024-03-06T13:49:39.523+0000] {dag.py:3047} INFO - Sync 1 DAGs
[2024-03-06T13:49:39.546+0000] {logging_mixin.py:188} INFO - [2024-03-06T13:49:39.546+0000] {dag.py:3834} INFO - Setting next_dagrun for latest_only_with_trigger to 2024-03-06 08:00:00+00:00, run_after=2024-03-06 12:00:00+00:00
[2024-03-06T13:49:39.565+0000] {processor.py:183} INFO - Processing /home/airflow/.local/lib/python3.11/site-packages/airflow/example_dags/example_latest_only_with_trigger.py took 0.083 seconds
[2024-03-06T13:50:10.358+0000] {processor.py:161} INFO - Started process (PID=2875) to work on /home/airflow/.local/lib/python3.11/site-packages/airflow/example_dags/example_latest_only_with_trigger.py
[2024-03-06T13:50:10.360+0000] {processor.py:830} INFO - Processing file /home/airflow/.local/lib/python3.11/site-packages/airflow/example_dags/example_latest_only_with_trigger.py for tasks to queue
[2024-03-06T13:50:10.363+0000] {logging_mixin.py:188} INFO - [2024-03-06T13:50:10.363+0000] {dagbag.py:540} INFO - Filling up the DagBag from /home/airflow/.local/lib/python3.11/site-packages/airflow/example_dags/example_latest_only_with_trigger.py
[2024-03-06T13:50:10.373+0000] {processor.py:840} INFO - DAG(s) 'latest_only_with_trigger' retrieved from /home/airflow/.local/lib/python3.11/site-packages/airflow/example_dags/example_latest_only_with_trigger.py
[2024-03-06T13:50:10.396+0000] {logging_mixin.py:188} INFO - [2024-03-06T13:50:10.396+0000] {dag.py:3047} INFO - Sync 1 DAGs
[2024-03-06T13:50:10.419+0000] {logging_mixin.py:188} INFO - [2024-03-06T13:50:10.419+0000] {dag.py:3834} INFO - Setting next_dagrun for latest_only_with_trigger to 2024-03-06 08:00:00+00:00, run_after=2024-03-06 12:00:00+00:00
[2024-03-06T13:50:10.439+0000] {processor.py:183} INFO - Processing /home/airflow/.local/lib/python3.11/site-packages/airflow/example_dags/example_latest_only_with_trigger.py took 0.085 seconds
[2024-03-06T13:50:41.109+0000] {processor.py:161} INFO - Started process (PID=3122) to work on /home/airflow/.local/lib/python3.11/site-packages/airflow/example_dags/example_latest_only_with_trigger.py
[2024-03-06T13:50:41.111+0000] {processor.py:830} INFO - Processing file /home/airflow/.local/lib/python3.11/site-packages/airflow/example_dags/example_latest_only_with_trigger.py for tasks to queue
[2024-03-06T13:50:41.112+0000] {logging_mixin.py:188} INFO - [2024-03-06T13:50:41.112+0000] {dagbag.py:540} INFO - Filling up the DagBag from /home/airflow/.local/lib/python3.11/site-packages/airflow/example_dags/example_latest_only_with_trigger.py
[2024-03-06T13:50:41.119+0000] {processor.py:840} INFO - DAG(s) 'latest_only_with_trigger' retrieved from /home/airflow/.local/lib/python3.11/site-packages/airflow/example_dags/example_latest_only_with_trigger.py
[2024-03-06T13:50:41.139+0000] {logging_mixin.py:188} INFO - [2024-03-06T13:50:41.139+0000] {dag.py:3047} INFO - Sync 1 DAGs
[2024-03-06T13:50:41.158+0000] {logging_mixin.py:188} INFO - [2024-03-06T13:50:41.158+0000] {dag.py:3834} INFO - Setting next_dagrun for latest_only_with_trigger to 2024-03-06 08:00:00+00:00, run_after=2024-03-06 12:00:00+00:00
[2024-03-06T13:50:41.181+0000] {processor.py:183} INFO - Processing /home/airflow/.local/lib/python3.11/site-packages/airflow/example_dags/example_latest_only_with_trigger.py took 0.075 seconds
[2024-03-06T13:51:11.593+0000] {processor.py:161} INFO - Started process (PID=3369) to work on /home/airflow/.local/lib/python3.11/site-packages/airflow/example_dags/example_latest_only_with_trigger.py
[2024-03-06T13:51:11.594+0000] {processor.py:830} INFO - Processing file /home/airflow/.local/lib/python3.11/site-packages/airflow/example_dags/example_latest_only_with_trigger.py for tasks to queue
[2024-03-06T13:51:11.595+0000] {logging_mixin.py:188} INFO - [2024-03-06T13:51:11.595+0000] {dagbag.py:540} INFO - Filling up the DagBag from /home/airflow/.local/lib/python3.11/site-packages/airflow/example_dags/example_latest_only_with_trigger.py
[2024-03-06T13:51:11.602+0000] {processor.py:840} INFO - DAG(s) 'latest_only_with_trigger' retrieved from /home/airflow/.local/lib/python3.11/site-packages/airflow/example_dags/example_latest_only_with_trigger.py
[2024-03-06T13:51:11.621+0000] {logging_mixin.py:188} INFO - [2024-03-06T13:51:11.621+0000] {dag.py:3047} INFO - Sync 1 DAGs
[2024-03-06T13:51:11.639+0000] {logging_mixin.py:188} INFO - [2024-03-06T13:51:11.639+0000] {dag.py:3834} INFO - Setting next_dagrun for latest_only_with_trigger to 2024-03-06 08:00:00+00:00, run_after=2024-03-06 12:00:00+00:00
[2024-03-06T13:51:11.658+0000] {processor.py:183} INFO - Processing /home/airflow/.local/lib/python3.11/site-packages/airflow/example_dags/example_latest_only_with_trigger.py took 0.068 seconds
[2024-03-06T13:51:42.039+0000] {processor.py:161} INFO - Started process (PID=3616) to work on /home/airflow/.local/lib/python3.11/site-packages/airflow/example_dags/example_latest_only_with_trigger.py
[2024-03-06T13:51:42.039+0000] {processor.py:830} INFO - Processing file /home/airflow/.local/lib/python3.11/site-packages/airflow/example_dags/example_latest_only_with_trigger.py for tasks to queue
[2024-03-06T13:51:42.041+0000] {logging_mixin.py:188} INFO - [2024-03-06T13:51:42.040+0000] {dagbag.py:540} INFO - Filling up the DagBag from /home/airflow/.local/lib/python3.11/site-packages/airflow/example_dags/example_latest_only_with_trigger.py
[2024-03-06T13:51:42.048+0000] {processor.py:840} INFO - DAG(s) 'latest_only_with_trigger' retrieved from /home/airflow/.local/lib/python3.11/site-packages/airflow/example_dags/example_latest_only_with_trigger.py
[2024-03-06T13:51:42.067+0000] {logging_mixin.py:188} INFO - [2024-03-06T13:51:42.067+0000] {dag.py:3047} INFO - Sync 1 DAGs
[2024-03-06T13:51:42.089+0000] {logging_mixin.py:188} INFO - [2024-03-06T13:51:42.089+0000] {dag.py:3834} INFO - Setting next_dagrun for latest_only_with_trigger to 2024-03-06 08:00:00+00:00, run_after=2024-03-06 12:00:00+00:00
[2024-03-06T13:51:42.106+0000] {processor.py:183} INFO - Processing /home/airflow/.local/lib/python3.11/site-packages/airflow/example_dags/example_latest_only_with_trigger.py took 0.071 seconds
[2024-03-06T13:52:12.506+0000] {processor.py:161} INFO - Started process (PID=3863) to work on /home/airflow/.local/lib/python3.11/site-packages/airflow/example_dags/example_latest_only_with_trigger.py
[2024-03-06T13:52:12.508+0000] {processor.py:830} INFO - Processing file /home/airflow/.local/lib/python3.11/site-packages/airflow/example_dags/example_latest_only_with_trigger.py for tasks to queue
[2024-03-06T13:52:12.509+0000] {logging_mixin.py:188} INFO - [2024-03-06T13:52:12.509+0000] {dagbag.py:540} INFO - Filling up the DagBag from /home/airflow/.local/lib/python3.11/site-packages/airflow/example_dags/example_latest_only_with_trigger.py
[2024-03-06T13:52:12.516+0000] {processor.py:840} INFO - DAG(s) 'latest_only_with_trigger' retrieved from /home/airflow/.local/lib/python3.11/site-packages/airflow/example_dags/example_latest_only_with_trigger.py
[2024-03-06T13:52:12.540+0000] {logging_mixin.py:188} INFO - [2024-03-06T13:52:12.539+0000] {dag.py:3047} INFO - Sync 1 DAGs
[2024-03-06T13:52:12.565+0000] {logging_mixin.py:188} INFO - [2024-03-06T13:52:12.565+0000] {dag.py:3834} INFO - Setting next_dagrun for latest_only_with_trigger to 2024-03-06 08:00:00+00:00, run_after=2024-03-06 12:00:00+00:00
[2024-03-06T13:52:12.582+0000] {processor.py:183} INFO - Processing /home/airflow/.local/lib/python3.11/site-packages/airflow/example_dags/example_latest_only_with_trigger.py took 0.081 seconds
[2024-03-06T13:52:42.997+0000] {processor.py:161} INFO - Started process (PID=4110) to work on /home/airflow/.local/lib/python3.11/site-packages/airflow/example_dags/example_latest_only_with_trigger.py
[2024-03-06T13:52:43.005+0000] {processor.py:830} INFO - Processing file /home/airflow/.local/lib/python3.11/site-packages/airflow/example_dags/example_latest_only_with_trigger.py for tasks to queue
[2024-03-06T13:52:43.008+0000] {logging_mixin.py:188} INFO - [2024-03-06T13:52:43.007+0000] {dagbag.py:540} INFO - Filling up the DagBag from /home/airflow/.local/lib/python3.11/site-packages/airflow/example_dags/example_latest_only_with_trigger.py
[2024-03-06T13:52:43.030+0000] {processor.py:840} INFO - DAG(s) 'latest_only_with_trigger' retrieved from /home/airflow/.local/lib/python3.11/site-packages/airflow/example_dags/example_latest_only_with_trigger.py
[2024-03-06T13:52:43.053+0000] {logging_mixin.py:188} INFO - [2024-03-06T13:52:43.053+0000] {dag.py:3047} INFO - Sync 1 DAGs
[2024-03-06T13:52:43.076+0000] {logging_mixin.py:188} INFO - [2024-03-06T13:52:43.076+0000] {dag.py:3834} INFO - Setting next_dagrun for latest_only_with_trigger to 2024-03-06 08:00:00+00:00, run_after=2024-03-06 12:00:00+00:00
[2024-03-06T13:52:43.097+0000] {processor.py:183} INFO - Processing /home/airflow/.local/lib/python3.11/site-packages/airflow/example_dags/example_latest_only_with_trigger.py took 0.107 seconds
[2024-03-06T13:53:13.699+0000] {processor.py:161} INFO - Started process (PID=4356) to work on /home/airflow/.local/lib/python3.11/site-packages/airflow/example_dags/example_latest_only_with_trigger.py
[2024-03-06T13:53:13.706+0000] {processor.py:830} INFO - Processing file /home/airflow/.local/lib/python3.11/site-packages/airflow/example_dags/example_latest_only_with_trigger.py for tasks to queue
[2024-03-06T13:53:13.708+0000] {logging_mixin.py:188} INFO - [2024-03-06T13:53:13.707+0000] {dagbag.py:540} INFO - Filling up the DagBag from /home/airflow/.local/lib/python3.11/site-packages/airflow/example_dags/example_latest_only_with_trigger.py
[2024-03-06T13:53:13.721+0000] {processor.py:840} INFO - DAG(s) 'latest_only_with_trigger' retrieved from /home/airflow/.local/lib/python3.11/site-packages/airflow/example_dags/example_latest_only_with_trigger.py
[2024-03-06T13:53:13.806+0000] {logging_mixin.py:188} INFO - [2024-03-06T13:53:13.806+0000] {dag.py:3047} INFO - Sync 1 DAGs
[2024-03-06T13:53:13.866+0000] {logging_mixin.py:188} INFO - [2024-03-06T13:53:13.865+0000] {dag.py:3834} INFO - Setting next_dagrun for latest_only_with_trigger to 2024-03-06 08:00:00+00:00, run_after=2024-03-06 12:00:00+00:00
[2024-03-06T13:53:13.893+0000] {processor.py:183} INFO - Processing /home/airflow/.local/lib/python3.11/site-packages/airflow/example_dags/example_latest_only_with_trigger.py took 0.197 seconds
[2024-03-06T13:53:44.441+0000] {processor.py:161} INFO - Started process (PID=4603) to work on /home/airflow/.local/lib/python3.11/site-packages/airflow/example_dags/example_latest_only_with_trigger.py
[2024-03-06T13:53:44.442+0000] {processor.py:830} INFO - Processing file /home/airflow/.local/lib/python3.11/site-packages/airflow/example_dags/example_latest_only_with_trigger.py for tasks to queue
[2024-03-06T13:53:44.443+0000] {logging_mixin.py:188} INFO - [2024-03-06T13:53:44.443+0000] {dagbag.py:540} INFO - Filling up the DagBag from /home/airflow/.local/lib/python3.11/site-packages/airflow/example_dags/example_latest_only_with_trigger.py
[2024-03-06T13:53:44.450+0000] {processor.py:840} INFO - DAG(s) 'latest_only_with_trigger' retrieved from /home/airflow/.local/lib/python3.11/site-packages/airflow/example_dags/example_latest_only_with_trigger.py
[2024-03-06T13:53:44.475+0000] {logging_mixin.py:188} INFO - [2024-03-06T13:53:44.474+0000] {dag.py:3047} INFO - Sync 1 DAGs
[2024-03-06T13:53:44.505+0000] {logging_mixin.py:188} INFO - [2024-03-06T13:53:44.505+0000] {dag.py:3834} INFO - Setting next_dagrun for latest_only_with_trigger to 2024-03-06 08:00:00+00:00, run_after=2024-03-06 12:00:00+00:00
[2024-03-06T13:53:44.528+0000] {processor.py:183} INFO - Processing /home/airflow/.local/lib/python3.11/site-packages/airflow/example_dags/example_latest_only_with_trigger.py took 0.091 seconds
[2024-03-06T13:54:14.677+0000] {processor.py:161} INFO - Started process (PID=4850) to work on /home/airflow/.local/lib/python3.11/site-packages/airflow/example_dags/example_latest_only_with_trigger.py
[2024-03-06T13:54:14.680+0000] {processor.py:830} INFO - Processing file /home/airflow/.local/lib/python3.11/site-packages/airflow/example_dags/example_latest_only_with_trigger.py for tasks to queue
[2024-03-06T13:54:14.681+0000] {logging_mixin.py:188} INFO - [2024-03-06T13:54:14.681+0000] {dagbag.py:540} INFO - Filling up the DagBag from /home/airflow/.local/lib/python3.11/site-packages/airflow/example_dags/example_latest_only_with_trigger.py
[2024-03-06T13:54:14.690+0000] {processor.py:840} INFO - DAG(s) 'latest_only_with_trigger' retrieved from /home/airflow/.local/lib/python3.11/site-packages/airflow/example_dags/example_latest_only_with_trigger.py
[2024-03-06T13:54:14.712+0000] {logging_mixin.py:188} INFO - [2024-03-06T13:54:14.712+0000] {dag.py:3047} INFO - Sync 1 DAGs
[2024-03-06T13:54:14.734+0000] {logging_mixin.py:188} INFO - [2024-03-06T13:54:14.733+0000] {dag.py:3834} INFO - Setting next_dagrun for latest_only_with_trigger to 2024-03-06 08:00:00+00:00, run_after=2024-03-06 12:00:00+00:00
[2024-03-06T13:54:14.753+0000] {processor.py:183} INFO - Processing /home/airflow/.local/lib/python3.11/site-packages/airflow/example_dags/example_latest_only_with_trigger.py took 0.078 seconds
[2024-03-06T13:54:45.122+0000] {processor.py:161} INFO - Started process (PID=5097) to work on /home/airflow/.local/lib/python3.11/site-packages/airflow/example_dags/example_latest_only_with_trigger.py
[2024-03-06T13:54:45.124+0000] {processor.py:830} INFO - Processing file /home/airflow/.local/lib/python3.11/site-packages/airflow/example_dags/example_latest_only_with_trigger.py for tasks to queue
[2024-03-06T13:54:45.126+0000] {logging_mixin.py:188} INFO - [2024-03-06T13:54:45.126+0000] {dagbag.py:540} INFO - Filling up the DagBag from /home/airflow/.local/lib/python3.11/site-packages/airflow/example_dags/example_latest_only_with_trigger.py
[2024-03-06T13:54:45.132+0000] {processor.py:840} INFO - DAG(s) 'latest_only_with_trigger' retrieved from /home/airflow/.local/lib/python3.11/site-packages/airflow/example_dags/example_latest_only_with_trigger.py
[2024-03-06T13:54:45.155+0000] {logging_mixin.py:188} INFO - [2024-03-06T13:54:45.155+0000] {dag.py:3047} INFO - Sync 1 DAGs
[2024-03-06T13:54:45.181+0000] {logging_mixin.py:188} INFO - [2024-03-06T13:54:45.180+0000] {dag.py:3834} INFO - Setting next_dagrun for latest_only_with_trigger to 2024-03-06 08:00:00+00:00, run_after=2024-03-06 12:00:00+00:00
[2024-03-06T13:54:45.203+0000] {processor.py:183} INFO - Processing /home/airflow/.local/lib/python3.11/site-packages/airflow/example_dags/example_latest_only_with_trigger.py took 0.085 seconds
[2024-03-06T13:55:15.774+0000] {processor.py:161} INFO - Started process (PID=5344) to work on /home/airflow/.local/lib/python3.11/site-packages/airflow/example_dags/example_latest_only_with_trigger.py
[2024-03-06T13:55:15.777+0000] {processor.py:830} INFO - Processing file /home/airflow/.local/lib/python3.11/site-packages/airflow/example_dags/example_latest_only_with_trigger.py for tasks to queue
[2024-03-06T13:55:15.780+0000] {logging_mixin.py:188} INFO - [2024-03-06T13:55:15.779+0000] {dagbag.py:540} INFO - Filling up the DagBag from /home/airflow/.local/lib/python3.11/site-packages/airflow/example_dags/example_latest_only_with_trigger.py
[2024-03-06T13:55:15.791+0000] {processor.py:840} INFO - DAG(s) 'latest_only_with_trigger' retrieved from /home/airflow/.local/lib/python3.11/site-packages/airflow/example_dags/example_latest_only_with_trigger.py
[2024-03-06T13:55:15.823+0000] {logging_mixin.py:188} INFO - [2024-03-06T13:55:15.823+0000] {dag.py:3047} INFO - Sync 1 DAGs
[2024-03-06T13:55:15.864+0000] {logging_mixin.py:188} INFO - [2024-03-06T13:55:15.864+0000] {dag.py:3834} INFO - Setting next_dagrun for latest_only_with_trigger to 2024-03-06 08:00:00+00:00, run_after=2024-03-06 12:00:00+00:00
[2024-03-06T13:55:15.919+0000] {processor.py:183} INFO - Processing /home/airflow/.local/lib/python3.11/site-packages/airflow/example_dags/example_latest_only_with_trigger.py took 0.151 seconds
[2024-03-06T13:55:46.211+0000] {processor.py:161} INFO - Started process (PID=5591) to work on /home/airflow/.local/lib/python3.11/site-packages/airflow/example_dags/example_latest_only_with_trigger.py
[2024-03-06T13:55:46.215+0000] {processor.py:830} INFO - Processing file /home/airflow/.local/lib/python3.11/site-packages/airflow/example_dags/example_latest_only_with_trigger.py for tasks to queue
[2024-03-06T13:55:46.219+0000] {logging_mixin.py:188} INFO - [2024-03-06T13:55:46.218+0000] {dagbag.py:540} INFO - Filling up the DagBag from /home/airflow/.local/lib/python3.11/site-packages/airflow/example_dags/example_latest_only_with_trigger.py
[2024-03-06T13:55:46.233+0000] {processor.py:840} INFO - DAG(s) 'latest_only_with_trigger' retrieved from /home/airflow/.local/lib/python3.11/site-packages/airflow/example_dags/example_latest_only_with_trigger.py
[2024-03-06T13:55:46.264+0000] {logging_mixin.py:188} INFO - [2024-03-06T13:55:46.264+0000] {dag.py:3047} INFO - Sync 1 DAGs
[2024-03-06T13:55:46.299+0000] {logging_mixin.py:188} INFO - [2024-03-06T13:55:46.298+0000] {dag.py:3834} INFO - Setting next_dagrun for latest_only_with_trigger to 2024-03-06 08:00:00+00:00, run_after=2024-03-06 12:00:00+00:00
[2024-03-06T13:55:46.327+0000] {processor.py:183} INFO - Processing /home/airflow/.local/lib/python3.11/site-packages/airflow/example_dags/example_latest_only_with_trigger.py took 0.124 seconds
[2024-03-06T13:56:16.782+0000] {processor.py:161} INFO - Started process (PID=5837) to work on /home/airflow/.local/lib/python3.11/site-packages/airflow/example_dags/example_latest_only_with_trigger.py
[2024-03-06T13:56:16.783+0000] {processor.py:830} INFO - Processing file /home/airflow/.local/lib/python3.11/site-packages/airflow/example_dags/example_latest_only_with_trigger.py for tasks to queue
[2024-03-06T13:56:16.785+0000] {logging_mixin.py:188} INFO - [2024-03-06T13:56:16.784+0000] {dagbag.py:540} INFO - Filling up the DagBag from /home/airflow/.local/lib/python3.11/site-packages/airflow/example_dags/example_latest_only_with_trigger.py
[2024-03-06T13:56:16.792+0000] {processor.py:840} INFO - DAG(s) 'latest_only_with_trigger' retrieved from /home/airflow/.local/lib/python3.11/site-packages/airflow/example_dags/example_latest_only_with_trigger.py
[2024-03-06T13:56:16.815+0000] {logging_mixin.py:188} INFO - [2024-03-06T13:56:16.815+0000] {dag.py:3047} INFO - Sync 1 DAGs
[2024-03-06T13:56:16.836+0000] {logging_mixin.py:188} INFO - [2024-03-06T13:56:16.836+0000] {dag.py:3834} INFO - Setting next_dagrun for latest_only_with_trigger to 2024-03-06 08:00:00+00:00, run_after=2024-03-06 12:00:00+00:00
[2024-03-06T13:56:16.856+0000] {processor.py:183} INFO - Processing /home/airflow/.local/lib/python3.11/site-packages/airflow/example_dags/example_latest_only_with_trigger.py took 0.077 seconds
[2024-03-06T13:56:47.259+0000] {processor.py:161} INFO - Started process (PID=6083) to work on /home/airflow/.local/lib/python3.11/site-packages/airflow/example_dags/example_latest_only_with_trigger.py
[2024-03-06T13:56:47.260+0000] {processor.py:830} INFO - Processing file /home/airflow/.local/lib/python3.11/site-packages/airflow/example_dags/example_latest_only_with_trigger.py for tasks to queue
[2024-03-06T13:56:47.262+0000] {logging_mixin.py:188} INFO - [2024-03-06T13:56:47.261+0000] {dagbag.py:540} INFO - Filling up the DagBag from /home/airflow/.local/lib/python3.11/site-packages/airflow/example_dags/example_latest_only_with_trigger.py
[2024-03-06T13:56:47.272+0000] {processor.py:840} INFO - DAG(s) 'latest_only_with_trigger' retrieved from /home/airflow/.local/lib/python3.11/site-packages/airflow/example_dags/example_latest_only_with_trigger.py
[2024-03-06T13:56:47.299+0000] {logging_mixin.py:188} INFO - [2024-03-06T13:56:47.299+0000] {dag.py:3047} INFO - Sync 1 DAGs
[2024-03-06T13:56:47.326+0000] {logging_mixin.py:188} INFO - [2024-03-06T13:56:47.326+0000] {dag.py:3834} INFO - Setting next_dagrun for latest_only_with_trigger to 2024-03-06 08:00:00+00:00, run_after=2024-03-06 12:00:00+00:00
[2024-03-06T13:56:47.345+0000] {processor.py:183} INFO - Processing /home/airflow/.local/lib/python3.11/site-packages/airflow/example_dags/example_latest_only_with_trigger.py took 0.090 seconds
[2024-03-06T13:57:17.466+0000] {processor.py:161} INFO - Started process (PID=6330) to work on /home/airflow/.local/lib/python3.11/site-packages/airflow/example_dags/example_latest_only_with_trigger.py
[2024-03-06T13:57:17.467+0000] {processor.py:830} INFO - Processing file /home/airflow/.local/lib/python3.11/site-packages/airflow/example_dags/example_latest_only_with_trigger.py for tasks to queue
[2024-03-06T13:57:17.469+0000] {logging_mixin.py:188} INFO - [2024-03-06T13:57:17.468+0000] {dagbag.py:540} INFO - Filling up the DagBag from /home/airflow/.local/lib/python3.11/site-packages/airflow/example_dags/example_latest_only_with_trigger.py
[2024-03-06T13:57:17.477+0000] {processor.py:840} INFO - DAG(s) 'latest_only_with_trigger' retrieved from /home/airflow/.local/lib/python3.11/site-packages/airflow/example_dags/example_latest_only_with_trigger.py
[2024-03-06T13:57:17.502+0000] {logging_mixin.py:188} INFO - [2024-03-06T13:57:17.501+0000] {dag.py:3047} INFO - Sync 1 DAGs
[2024-03-06T13:57:17.538+0000] {logging_mixin.py:188} INFO - [2024-03-06T13:57:17.538+0000] {dag.py:3834} INFO - Setting next_dagrun for latest_only_with_trigger to 2024-03-06 08:00:00+00:00, run_after=2024-03-06 12:00:00+00:00
[2024-03-06T13:57:17.572+0000] {processor.py:183} INFO - Processing /home/airflow/.local/lib/python3.11/site-packages/airflow/example_dags/example_latest_only_with_trigger.py took 0.109 seconds
[2024-03-06T13:57:47.758+0000] {processor.py:161} INFO - Started process (PID=6577) to work on /home/airflow/.local/lib/python3.11/site-packages/airflow/example_dags/example_latest_only_with_trigger.py
[2024-03-06T13:57:47.763+0000] {processor.py:830} INFO - Processing file /home/airflow/.local/lib/python3.11/site-packages/airflow/example_dags/example_latest_only_with_trigger.py for tasks to queue
[2024-03-06T13:57:47.772+0000] {logging_mixin.py:188} INFO - [2024-03-06T13:57:47.770+0000] {dagbag.py:540} INFO - Filling up the DagBag from /home/airflow/.local/lib/python3.11/site-packages/airflow/example_dags/example_latest_only_with_trigger.py
[2024-03-06T13:57:47.782+0000] {processor.py:840} INFO - DAG(s) 'latest_only_with_trigger' retrieved from /home/airflow/.local/lib/python3.11/site-packages/airflow/example_dags/example_latest_only_with_trigger.py
[2024-03-06T13:57:47.804+0000] {logging_mixin.py:188} INFO - [2024-03-06T13:57:47.804+0000] {dag.py:3047} INFO - Sync 1 DAGs
[2024-03-06T13:57:47.830+0000] {logging_mixin.py:188} INFO - [2024-03-06T13:57:47.830+0000] {dag.py:3834} INFO - Setting next_dagrun for latest_only_with_trigger to 2024-03-06 08:00:00+00:00, run_after=2024-03-06 12:00:00+00:00
[2024-03-06T13:57:47.853+0000] {processor.py:183} INFO - Processing /home/airflow/.local/lib/python3.11/site-packages/airflow/example_dags/example_latest_only_with_trigger.py took 0.103 seconds
[2024-03-06T13:58:18.678+0000] {processor.py:161} INFO - Started process (PID=6823) to work on /home/airflow/.local/lib/python3.11/site-packages/airflow/example_dags/example_latest_only_with_trigger.py
[2024-03-06T13:58:18.680+0000] {processor.py:830} INFO - Processing file /home/airflow/.local/lib/python3.11/site-packages/airflow/example_dags/example_latest_only_with_trigger.py for tasks to queue
[2024-03-06T13:58:18.682+0000] {logging_mixin.py:188} INFO - [2024-03-06T13:58:18.681+0000] {dagbag.py:540} INFO - Filling up the DagBag from /home/airflow/.local/lib/python3.11/site-packages/airflow/example_dags/example_latest_only_with_trigger.py
[2024-03-06T13:58:18.691+0000] {processor.py:840} INFO - DAG(s) 'latest_only_with_trigger' retrieved from /home/airflow/.local/lib/python3.11/site-packages/airflow/example_dags/example_latest_only_with_trigger.py
[2024-03-06T13:58:18.722+0000] {logging_mixin.py:188} INFO - [2024-03-06T13:58:18.722+0000] {dag.py:3047} INFO - Sync 1 DAGs
[2024-03-06T13:58:18.751+0000] {logging_mixin.py:188} INFO - [2024-03-06T13:58:18.751+0000] {dag.py:3834} INFO - Setting next_dagrun for latest_only_with_trigger to 2024-03-06 08:00:00+00:00, run_after=2024-03-06 12:00:00+00:00
[2024-03-06T13:58:18.778+0000] {processor.py:183} INFO - Processing /home/airflow/.local/lib/python3.11/site-packages/airflow/example_dags/example_latest_only_with_trigger.py took 0.104 seconds
[2024-03-06T13:58:49.280+0000] {processor.py:161} INFO - Started process (PID=7069) to work on /home/airflow/.local/lib/python3.11/site-packages/airflow/example_dags/example_latest_only_with_trigger.py
[2024-03-06T13:58:49.283+0000] {processor.py:830} INFO - Processing file /home/airflow/.local/lib/python3.11/site-packages/airflow/example_dags/example_latest_only_with_trigger.py for tasks to queue
[2024-03-06T13:58:49.285+0000] {logging_mixin.py:188} INFO - [2024-03-06T13:58:49.285+0000] {dagbag.py:540} INFO - Filling up the DagBag from /home/airflow/.local/lib/python3.11/site-packages/airflow/example_dags/example_latest_only_with_trigger.py
[2024-03-06T13:58:49.294+0000] {processor.py:840} INFO - DAG(s) 'latest_only_with_trigger' retrieved from /home/airflow/.local/lib/python3.11/site-packages/airflow/example_dags/example_latest_only_with_trigger.py
[2024-03-06T13:58:49.337+0000] {logging_mixin.py:188} INFO - [2024-03-06T13:58:49.336+0000] {dag.py:3047} INFO - Sync 1 DAGs
[2024-03-06T13:58:49.391+0000] {logging_mixin.py:188} INFO - [2024-03-06T13:58:49.390+0000] {dag.py:3834} INFO - Setting next_dagrun for latest_only_with_trigger to 2024-03-06 08:00:00+00:00, run_after=2024-03-06 12:00:00+00:00
[2024-03-06T13:58:49.427+0000] {processor.py:183} INFO - Processing /home/airflow/.local/lib/python3.11/site-packages/airflow/example_dags/example_latest_only_with_trigger.py took 0.156 seconds
[2024-03-06T13:59:20.011+0000] {processor.py:161} INFO - Started process (PID=7316) to work on /home/airflow/.local/lib/python3.11/site-packages/airflow/example_dags/example_latest_only_with_trigger.py
[2024-03-06T13:59:20.013+0000] {processor.py:830} INFO - Processing file /home/airflow/.local/lib/python3.11/site-packages/airflow/example_dags/example_latest_only_with_trigger.py for tasks to queue
[2024-03-06T13:59:20.015+0000] {logging_mixin.py:188} INFO - [2024-03-06T13:59:20.014+0000] {dagbag.py:540} INFO - Filling up the DagBag from /home/airflow/.local/lib/python3.11/site-packages/airflow/example_dags/example_latest_only_with_trigger.py
[2024-03-06T13:59:20.025+0000] {processor.py:840} INFO - DAG(s) 'latest_only_with_trigger' retrieved from /home/airflow/.local/lib/python3.11/site-packages/airflow/example_dags/example_latest_only_with_trigger.py
[2024-03-06T13:59:20.057+0000] {logging_mixin.py:188} INFO - [2024-03-06T13:59:20.057+0000] {dag.py:3047} INFO - Sync 1 DAGs
[2024-03-06T13:59:20.091+0000] {logging_mixin.py:188} INFO - [2024-03-06T13:59:20.090+0000] {dag.py:3834} INFO - Setting next_dagrun for latest_only_with_trigger to 2024-03-06 08:00:00+00:00, run_after=2024-03-06 12:00:00+00:00
[2024-03-06T13:59:20.119+0000] {processor.py:183} INFO - Processing /home/airflow/.local/lib/python3.11/site-packages/airflow/example_dags/example_latest_only_with_trigger.py took 0.111 seconds
[2024-03-06T13:59:50.287+0000] {processor.py:161} INFO - Started process (PID=7563) to work on /home/airflow/.local/lib/python3.11/site-packages/airflow/example_dags/example_latest_only_with_trigger.py
[2024-03-06T13:59:50.293+0000] {processor.py:830} INFO - Processing file /home/airflow/.local/lib/python3.11/site-packages/airflow/example_dags/example_latest_only_with_trigger.py for tasks to queue
[2024-03-06T13:59:50.301+0000] {logging_mixin.py:188} INFO - [2024-03-06T13:59:50.300+0000] {dagbag.py:540} INFO - Filling up the DagBag from /home/airflow/.local/lib/python3.11/site-packages/airflow/example_dags/example_latest_only_with_trigger.py
[2024-03-06T13:59:50.308+0000] {processor.py:840} INFO - DAG(s) 'latest_only_with_trigger' retrieved from /home/airflow/.local/lib/python3.11/site-packages/airflow/example_dags/example_latest_only_with_trigger.py
[2024-03-06T13:59:50.341+0000] {logging_mixin.py:188} INFO - [2024-03-06T13:59:50.341+0000] {dag.py:3047} INFO - Sync 1 DAGs
[2024-03-06T13:59:50.377+0000] {logging_mixin.py:188} INFO - [2024-03-06T13:59:50.376+0000] {dag.py:3834} INFO - Setting next_dagrun for latest_only_with_trigger to 2024-03-06 08:00:00+00:00, run_after=2024-03-06 12:00:00+00:00
[2024-03-06T13:59:50.488+0000] {processor.py:183} INFO - Processing /home/airflow/.local/lib/python3.11/site-packages/airflow/example_dags/example_latest_only_with_trigger.py took 0.204 seconds
[2024-03-06T14:00:21.136+0000] {processor.py:161} INFO - Started process (PID=7809) to work on /home/airflow/.local/lib/python3.11/site-packages/airflow/example_dags/example_latest_only_with_trigger.py
[2024-03-06T14:00:21.138+0000] {processor.py:830} INFO - Processing file /home/airflow/.local/lib/python3.11/site-packages/airflow/example_dags/example_latest_only_with_trigger.py for tasks to queue
[2024-03-06T14:00:21.140+0000] {logging_mixin.py:188} INFO - [2024-03-06T14:00:21.139+0000] {dagbag.py:540} INFO - Filling up the DagBag from /home/airflow/.local/lib/python3.11/site-packages/airflow/example_dags/example_latest_only_with_trigger.py
[2024-03-06T14:00:21.148+0000] {processor.py:840} INFO - DAG(s) 'latest_only_with_trigger' retrieved from /home/airflow/.local/lib/python3.11/site-packages/airflow/example_dags/example_latest_only_with_trigger.py
[2024-03-06T14:00:21.175+0000] {logging_mixin.py:188} INFO - [2024-03-06T14:00:21.174+0000] {dag.py:3047} INFO - Sync 1 DAGs
[2024-03-06T14:00:21.200+0000] {logging_mixin.py:188} INFO - [2024-03-06T14:00:21.199+0000] {dag.py:3834} INFO - Setting next_dagrun for latest_only_with_trigger to 2024-03-06 08:00:00+00:00, run_after=2024-03-06 12:00:00+00:00
[2024-03-06T14:00:21.221+0000] {processor.py:183} INFO - Processing /home/airflow/.local/lib/python3.11/site-packages/airflow/example_dags/example_latest_only_with_trigger.py took 0.090 seconds
[2024-03-06T14:00:51.357+0000] {processor.py:161} INFO - Started process (PID=8056) to work on /home/airflow/.local/lib/python3.11/site-packages/airflow/example_dags/example_latest_only_with_trigger.py
[2024-03-06T14:00:51.358+0000] {processor.py:830} INFO - Processing file /home/airflow/.local/lib/python3.11/site-packages/airflow/example_dags/example_latest_only_with_trigger.py for tasks to queue
[2024-03-06T14:00:51.360+0000] {logging_mixin.py:188} INFO - [2024-03-06T14:00:51.360+0000] {dagbag.py:540} INFO - Filling up the DagBag from /home/airflow/.local/lib/python3.11/site-packages/airflow/example_dags/example_latest_only_with_trigger.py
[2024-03-06T14:00:51.371+0000] {processor.py:840} INFO - DAG(s) 'latest_only_with_trigger' retrieved from /home/airflow/.local/lib/python3.11/site-packages/airflow/example_dags/example_latest_only_with_trigger.py
[2024-03-06T14:00:51.407+0000] {logging_mixin.py:188} INFO - [2024-03-06T14:00:51.407+0000] {dag.py:3047} INFO - Sync 1 DAGs
[2024-03-06T14:00:51.438+0000] {logging_mixin.py:188} INFO - [2024-03-06T14:00:51.438+0000] {dag.py:3834} INFO - Setting next_dagrun for latest_only_with_trigger to 2024-03-06 08:00:00+00:00, run_after=2024-03-06 12:00:00+00:00
[2024-03-06T14:00:51.466+0000] {processor.py:183} INFO - Processing /home/airflow/.local/lib/python3.11/site-packages/airflow/example_dags/example_latest_only_with_trigger.py took 0.112 seconds
[2024-03-06T14:01:22.080+0000] {processor.py:161} INFO - Started process (PID=8302) to work on /home/airflow/.local/lib/python3.11/site-packages/airflow/example_dags/example_latest_only_with_trigger.py
[2024-03-06T14:01:22.084+0000] {processor.py:830} INFO - Processing file /home/airflow/.local/lib/python3.11/site-packages/airflow/example_dags/example_latest_only_with_trigger.py for tasks to queue
[2024-03-06T14:01:22.085+0000] {logging_mixin.py:188} INFO - [2024-03-06T14:01:22.084+0000] {dagbag.py:540} INFO - Filling up the DagBag from /home/airflow/.local/lib/python3.11/site-packages/airflow/example_dags/example_latest_only_with_trigger.py
[2024-03-06T14:01:22.092+0000] {processor.py:840} INFO - DAG(s) 'latest_only_with_trigger' retrieved from /home/airflow/.local/lib/python3.11/site-packages/airflow/example_dags/example_latest_only_with_trigger.py
[2024-03-06T14:01:22.113+0000] {logging_mixin.py:188} INFO - [2024-03-06T14:01:22.112+0000] {dag.py:3047} INFO - Sync 1 DAGs
[2024-03-06T14:01:22.139+0000] {logging_mixin.py:188} INFO - [2024-03-06T14:01:22.139+0000] {dag.py:3834} INFO - Setting next_dagrun for latest_only_with_trigger to 2024-03-06 08:00:00+00:00, run_after=2024-03-06 12:00:00+00:00
[2024-03-06T14:01:22.162+0000] {processor.py:183} INFO - Processing /home/airflow/.local/lib/python3.11/site-packages/airflow/example_dags/example_latest_only_with_trigger.py took 0.086 seconds
[2024-03-06T14:01:52.651+0000] {processor.py:161} INFO - Started process (PID=8549) to work on /home/airflow/.local/lib/python3.11/site-packages/airflow/example_dags/example_latest_only_with_trigger.py
[2024-03-06T14:01:52.652+0000] {processor.py:830} INFO - Processing file /home/airflow/.local/lib/python3.11/site-packages/airflow/example_dags/example_latest_only_with_trigger.py for tasks to queue
[2024-03-06T14:01:52.654+0000] {logging_mixin.py:188} INFO - [2024-03-06T14:01:52.653+0000] {dagbag.py:540} INFO - Filling up the DagBag from /home/airflow/.local/lib/python3.11/site-packages/airflow/example_dags/example_latest_only_with_trigger.py
[2024-03-06T14:01:52.673+0000] {processor.py:840} INFO - DAG(s) 'latest_only_with_trigger' retrieved from /home/airflow/.local/lib/python3.11/site-packages/airflow/example_dags/example_latest_only_with_trigger.py
[2024-03-06T14:01:52.732+0000] {logging_mixin.py:188} INFO - [2024-03-06T14:01:52.731+0000] {dag.py:3047} INFO - Sync 1 DAGs
[2024-03-06T14:01:52.771+0000] {logging_mixin.py:188} INFO - [2024-03-06T14:01:52.770+0000] {dag.py:3834} INFO - Setting next_dagrun for latest_only_with_trigger to 2024-03-06 08:00:00+00:00, run_after=2024-03-06 12:00:00+00:00
[2024-03-06T14:01:52.811+0000] {processor.py:183} INFO - Processing /home/airflow/.local/lib/python3.11/site-packages/airflow/example_dags/example_latest_only_with_trigger.py took 0.164 seconds
[2024-03-06T14:02:22.853+0000] {processor.py:161} INFO - Started process (PID=8796) to work on /home/airflow/.local/lib/python3.11/site-packages/airflow/example_dags/example_latest_only_with_trigger.py
[2024-03-06T14:02:22.856+0000] {processor.py:830} INFO - Processing file /home/airflow/.local/lib/python3.11/site-packages/airflow/example_dags/example_latest_only_with_trigger.py for tasks to queue
[2024-03-06T14:02:22.857+0000] {logging_mixin.py:188} INFO - [2024-03-06T14:02:22.857+0000] {dagbag.py:540} INFO - Filling up the DagBag from /home/airflow/.local/lib/python3.11/site-packages/airflow/example_dags/example_latest_only_with_trigger.py
[2024-03-06T14:02:22.863+0000] {processor.py:840} INFO - DAG(s) 'latest_only_with_trigger' retrieved from /home/airflow/.local/lib/python3.11/site-packages/airflow/example_dags/example_latest_only_with_trigger.py
[2024-03-06T14:02:22.887+0000] {logging_mixin.py:188} INFO - [2024-03-06T14:02:22.887+0000] {dag.py:3047} INFO - Sync 1 DAGs
[2024-03-06T14:02:22.913+0000] {logging_mixin.py:188} INFO - [2024-03-06T14:02:22.912+0000] {dag.py:3834} INFO - Setting next_dagrun for latest_only_with_trigger to 2024-03-06 08:00:00+00:00, run_after=2024-03-06 12:00:00+00:00
[2024-03-06T14:02:22.940+0000] {processor.py:183} INFO - Processing /home/airflow/.local/lib/python3.11/site-packages/airflow/example_dags/example_latest_only_with_trigger.py took 0.092 seconds
[2024-03-06T14:02:53.036+0000] {processor.py:161} INFO - Started process (PID=9043) to work on /home/airflow/.local/lib/python3.11/site-packages/airflow/example_dags/example_latest_only_with_trigger.py
[2024-03-06T14:02:53.038+0000] {processor.py:830} INFO - Processing file /home/airflow/.local/lib/python3.11/site-packages/airflow/example_dags/example_latest_only_with_trigger.py for tasks to queue
[2024-03-06T14:02:53.041+0000] {logging_mixin.py:188} INFO - [2024-03-06T14:02:53.040+0000] {dagbag.py:540} INFO - Filling up the DagBag from /home/airflow/.local/lib/python3.11/site-packages/airflow/example_dags/example_latest_only_with_trigger.py
[2024-03-06T14:02:53.050+0000] {processor.py:840} INFO - DAG(s) 'latest_only_with_trigger' retrieved from /home/airflow/.local/lib/python3.11/site-packages/airflow/example_dags/example_latest_only_with_trigger.py
[2024-03-06T14:02:53.087+0000] {logging_mixin.py:188} INFO - [2024-03-06T14:02:53.086+0000] {dag.py:3047} INFO - Sync 1 DAGs
[2024-03-06T14:02:53.120+0000] {logging_mixin.py:188} INFO - [2024-03-06T14:02:53.119+0000] {dag.py:3834} INFO - Setting next_dagrun for latest_only_with_trigger to 2024-03-06 08:00:00+00:00, run_after=2024-03-06 12:00:00+00:00
[2024-03-06T14:02:53.140+0000] {processor.py:183} INFO - Processing /home/airflow/.local/lib/python3.11/site-packages/airflow/example_dags/example_latest_only_with_trigger.py took 0.107 seconds
[2024-03-06T14:03:23.399+0000] {processor.py:161} INFO - Started process (PID=9290) to work on /home/airflow/.local/lib/python3.11/site-packages/airflow/example_dags/example_latest_only_with_trigger.py
[2024-03-06T14:03:23.403+0000] {processor.py:830} INFO - Processing file /home/airflow/.local/lib/python3.11/site-packages/airflow/example_dags/example_latest_only_with_trigger.py for tasks to queue
[2024-03-06T14:03:23.405+0000] {logging_mixin.py:188} INFO - [2024-03-06T14:03:23.405+0000] {dagbag.py:540} INFO - Filling up the DagBag from /home/airflow/.local/lib/python3.11/site-packages/airflow/example_dags/example_latest_only_with_trigger.py
[2024-03-06T14:03:23.419+0000] {processor.py:840} INFO - DAG(s) 'latest_only_with_trigger' retrieved from /home/airflow/.local/lib/python3.11/site-packages/airflow/example_dags/example_latest_only_with_trigger.py
[2024-03-06T14:03:23.505+0000] {logging_mixin.py:188} INFO - [2024-03-06T14:03:23.505+0000] {dag.py:3047} INFO - Sync 1 DAGs
[2024-03-06T14:03:23.543+0000] {logging_mixin.py:188} INFO - [2024-03-06T14:03:23.542+0000] {dag.py:3834} INFO - Setting next_dagrun for latest_only_with_trigger to 2024-03-06 08:00:00+00:00, run_after=2024-03-06 12:00:00+00:00
[2024-03-06T14:03:23.576+0000] {processor.py:183} INFO - Processing /home/airflow/.local/lib/python3.11/site-packages/airflow/example_dags/example_latest_only_with_trigger.py took 0.184 seconds
[2024-03-06T14:03:54.045+0000] {processor.py:161} INFO - Started process (PID=9537) to work on /home/airflow/.local/lib/python3.11/site-packages/airflow/example_dags/example_latest_only_with_trigger.py
[2024-03-06T14:03:54.047+0000] {processor.py:830} INFO - Processing file /home/airflow/.local/lib/python3.11/site-packages/airflow/example_dags/example_latest_only_with_trigger.py for tasks to queue
[2024-03-06T14:03:54.049+0000] {logging_mixin.py:188} INFO - [2024-03-06T14:03:54.048+0000] {dagbag.py:540} INFO - Filling up the DagBag from /home/airflow/.local/lib/python3.11/site-packages/airflow/example_dags/example_latest_only_with_trigger.py
[2024-03-06T14:03:54.057+0000] {processor.py:840} INFO - DAG(s) 'latest_only_with_trigger' retrieved from /home/airflow/.local/lib/python3.11/site-packages/airflow/example_dags/example_latest_only_with_trigger.py
[2024-03-06T14:03:54.082+0000] {logging_mixin.py:188} INFO - [2024-03-06T14:03:54.081+0000] {dag.py:3047} INFO - Sync 1 DAGs
[2024-03-06T14:03:54.109+0000] {logging_mixin.py:188} INFO - [2024-03-06T14:03:54.108+0000] {dag.py:3834} INFO - Setting next_dagrun for latest_only_with_trigger to 2024-03-06 08:00:00+00:00, run_after=2024-03-06 12:00:00+00:00
[2024-03-06T14:03:54.133+0000] {processor.py:183} INFO - Processing /home/airflow/.local/lib/python3.11/site-packages/airflow/example_dags/example_latest_only_with_trigger.py took 0.093 seconds
[2024-03-06T14:04:24.214+0000] {processor.py:161} INFO - Started process (PID=9784) to work on /home/airflow/.local/lib/python3.11/site-packages/airflow/example_dags/example_latest_only_with_trigger.py
[2024-03-06T14:04:24.216+0000] {processor.py:830} INFO - Processing file /home/airflow/.local/lib/python3.11/site-packages/airflow/example_dags/example_latest_only_with_trigger.py for tasks to queue
[2024-03-06T14:04:24.218+0000] {logging_mixin.py:188} INFO - [2024-03-06T14:04:24.218+0000] {dagbag.py:540} INFO - Filling up the DagBag from /home/airflow/.local/lib/python3.11/site-packages/airflow/example_dags/example_latest_only_with_trigger.py
[2024-03-06T14:04:24.228+0000] {processor.py:840} INFO - DAG(s) 'latest_only_with_trigger' retrieved from /home/airflow/.local/lib/python3.11/site-packages/airflow/example_dags/example_latest_only_with_trigger.py
[2024-03-06T14:04:24.255+0000] {logging_mixin.py:188} INFO - [2024-03-06T14:04:24.255+0000] {dag.py:3047} INFO - Sync 1 DAGs
[2024-03-06T14:04:24.281+0000] {logging_mixin.py:188} INFO - [2024-03-06T14:04:24.280+0000] {dag.py:3834} INFO - Setting next_dagrun for latest_only_with_trigger to 2024-03-06 08:00:00+00:00, run_after=2024-03-06 12:00:00+00:00
[2024-03-06T14:04:24.301+0000] {processor.py:183} INFO - Processing /home/airflow/.local/lib/python3.11/site-packages/airflow/example_dags/example_latest_only_with_trigger.py took 0.092 seconds
[2024-03-06T14:04:54.499+0000] {processor.py:161} INFO - Started process (PID=10031) to work on /home/airflow/.local/lib/python3.11/site-packages/airflow/example_dags/example_latest_only_with_trigger.py
[2024-03-06T14:04:54.502+0000] {processor.py:830} INFO - Processing file /home/airflow/.local/lib/python3.11/site-packages/airflow/example_dags/example_latest_only_with_trigger.py for tasks to queue
[2024-03-06T14:04:54.505+0000] {logging_mixin.py:188} INFO - [2024-03-06T14:04:54.504+0000] {dagbag.py:540} INFO - Filling up the DagBag from /home/airflow/.local/lib/python3.11/site-packages/airflow/example_dags/example_latest_only_with_trigger.py
[2024-03-06T14:04:54.522+0000] {processor.py:840} INFO - DAG(s) 'latest_only_with_trigger' retrieved from /home/airflow/.local/lib/python3.11/site-packages/airflow/example_dags/example_latest_only_with_trigger.py
[2024-03-06T14:04:54.567+0000] {logging_mixin.py:188} INFO - [2024-03-06T14:04:54.566+0000] {dag.py:3047} INFO - Sync 1 DAGs
[2024-03-06T14:04:54.591+0000] {logging_mixin.py:188} INFO - [2024-03-06T14:04:54.591+0000] {dag.py:3834} INFO - Setting next_dagrun for latest_only_with_trigger to 2024-03-06 08:00:00+00:00, run_after=2024-03-06 12:00:00+00:00
[2024-03-06T14:04:54.612+0000] {processor.py:183} INFO - Processing /home/airflow/.local/lib/python3.11/site-packages/airflow/example_dags/example_latest_only_with_trigger.py took 0.120 seconds
[2024-03-06T14:05:24.939+0000] {processor.py:161} INFO - Started process (PID=10278) to work on /home/airflow/.local/lib/python3.11/site-packages/airflow/example_dags/example_latest_only_with_trigger.py
[2024-03-06T14:05:24.940+0000] {processor.py:830} INFO - Processing file /home/airflow/.local/lib/python3.11/site-packages/airflow/example_dags/example_latest_only_with_trigger.py for tasks to queue
[2024-03-06T14:05:24.942+0000] {logging_mixin.py:188} INFO - [2024-03-06T14:05:24.941+0000] {dagbag.py:540} INFO - Filling up the DagBag from /home/airflow/.local/lib/python3.11/site-packages/airflow/example_dags/example_latest_only_with_trigger.py
[2024-03-06T14:05:24.948+0000] {processor.py:840} INFO - DAG(s) 'latest_only_with_trigger' retrieved from /home/airflow/.local/lib/python3.11/site-packages/airflow/example_dags/example_latest_only_with_trigger.py
[2024-03-06T14:05:24.967+0000] {logging_mixin.py:188} INFO - [2024-03-06T14:05:24.967+0000] {dag.py:3047} INFO - Sync 1 DAGs
[2024-03-06T14:05:24.986+0000] {logging_mixin.py:188} INFO - [2024-03-06T14:05:24.986+0000] {dag.py:3834} INFO - Setting next_dagrun for latest_only_with_trigger to 2024-03-06 08:00:00+00:00, run_after=2024-03-06 12:00:00+00:00
[2024-03-06T14:05:25.004+0000] {processor.py:183} INFO - Processing /home/airflow/.local/lib/python3.11/site-packages/airflow/example_dags/example_latest_only_with_trigger.py took 0.070 seconds
[2024-03-06T14:05:55.041+0000] {processor.py:161} INFO - Started process (PID=10525) to work on /home/airflow/.local/lib/python3.11/site-packages/airflow/example_dags/example_latest_only_with_trigger.py
[2024-03-06T14:05:55.043+0000] {processor.py:830} INFO - Processing file /home/airflow/.local/lib/python3.11/site-packages/airflow/example_dags/example_latest_only_with_trigger.py for tasks to queue
[2024-03-06T14:05:55.048+0000] {logging_mixin.py:188} INFO - [2024-03-06T14:05:55.047+0000] {dagbag.py:540} INFO - Filling up the DagBag from /home/airflow/.local/lib/python3.11/site-packages/airflow/example_dags/example_latest_only_with_trigger.py
[2024-03-06T14:05:55.064+0000] {processor.py:840} INFO - DAG(s) 'latest_only_with_trigger' retrieved from /home/airflow/.local/lib/python3.11/site-packages/airflow/example_dags/example_latest_only_with_trigger.py
[2024-03-06T14:05:55.093+0000] {logging_mixin.py:188} INFO - [2024-03-06T14:05:55.093+0000] {dag.py:3047} INFO - Sync 1 DAGs
[2024-03-06T14:05:55.115+0000] {logging_mixin.py:188} INFO - [2024-03-06T14:05:55.115+0000] {dag.py:3834} INFO - Setting next_dagrun for latest_only_with_trigger to 2024-03-06 08:00:00+00:00, run_after=2024-03-06 12:00:00+00:00
[2024-03-06T14:05:55.136+0000] {processor.py:183} INFO - Processing /home/airflow/.local/lib/python3.11/site-packages/airflow/example_dags/example_latest_only_with_trigger.py took 0.102 seconds
[2024-03-06T14:06:25.290+0000] {processor.py:161} INFO - Started process (PID=10772) to work on /home/airflow/.local/lib/python3.11/site-packages/airflow/example_dags/example_latest_only_with_trigger.py
[2024-03-06T14:06:25.291+0000] {processor.py:830} INFO - Processing file /home/airflow/.local/lib/python3.11/site-packages/airflow/example_dags/example_latest_only_with_trigger.py for tasks to queue
[2024-03-06T14:06:25.293+0000] {logging_mixin.py:188} INFO - [2024-03-06T14:06:25.292+0000] {dagbag.py:540} INFO - Filling up the DagBag from /home/airflow/.local/lib/python3.11/site-packages/airflow/example_dags/example_latest_only_with_trigger.py
[2024-03-06T14:06:25.300+0000] {processor.py:840} INFO - DAG(s) 'latest_only_with_trigger' retrieved from /home/airflow/.local/lib/python3.11/site-packages/airflow/example_dags/example_latest_only_with_trigger.py
[2024-03-06T14:06:25.325+0000] {logging_mixin.py:188} INFO - [2024-03-06T14:06:25.325+0000] {dag.py:3047} INFO - Sync 1 DAGs
[2024-03-06T14:06:25.350+0000] {logging_mixin.py:188} INFO - [2024-03-06T14:06:25.350+0000] {dag.py:3834} INFO - Setting next_dagrun for latest_only_with_trigger to 2024-03-06 08:00:00+00:00, run_after=2024-03-06 12:00:00+00:00
[2024-03-06T14:06:25.372+0000] {processor.py:183} INFO - Processing /home/airflow/.local/lib/python3.11/site-packages/airflow/example_dags/example_latest_only_with_trigger.py took 0.086 seconds
[2024-03-06T14:06:56.185+0000] {processor.py:161} INFO - Started process (PID=11024) to work on /home/airflow/.local/lib/python3.11/site-packages/airflow/example_dags/example_latest_only_with_trigger.py
[2024-03-06T14:06:56.194+0000] {processor.py:830} INFO - Processing file /home/airflow/.local/lib/python3.11/site-packages/airflow/example_dags/example_latest_only_with_trigger.py for tasks to queue
[2024-03-06T14:06:56.200+0000] {logging_mixin.py:188} INFO - [2024-03-06T14:06:56.199+0000] {dagbag.py:540} INFO - Filling up the DagBag from /home/airflow/.local/lib/python3.11/site-packages/airflow/example_dags/example_latest_only_with_trigger.py
[2024-03-06T14:06:56.238+0000] {processor.py:840} INFO - DAG(s) 'latest_only_with_trigger' retrieved from /home/airflow/.local/lib/python3.11/site-packages/airflow/example_dags/example_latest_only_with_trigger.py
[2024-03-06T14:06:56.296+0000] {logging_mixin.py:188} INFO - [2024-03-06T14:06:56.295+0000] {dag.py:3047} INFO - Sync 1 DAGs
[2024-03-06T14:06:56.336+0000] {logging_mixin.py:188} INFO - [2024-03-06T14:06:56.335+0000] {dag.py:3834} INFO - Setting next_dagrun for latest_only_with_trigger to 2024-03-06 08:00:00+00:00, run_after=2024-03-06 12:00:00+00:00
[2024-03-06T14:06:56.383+0000] {processor.py:183} INFO - Processing /home/airflow/.local/lib/python3.11/site-packages/airflow/example_dags/example_latest_only_with_trigger.py took 0.208 seconds
[2024-03-06T14:07:27.054+0000] {processor.py:161} INFO - Started process (PID=11271) to work on /home/airflow/.local/lib/python3.11/site-packages/airflow/example_dags/example_latest_only_with_trigger.py
[2024-03-06T14:07:27.058+0000] {processor.py:830} INFO - Processing file /home/airflow/.local/lib/python3.11/site-packages/airflow/example_dags/example_latest_only_with_trigger.py for tasks to queue
[2024-03-06T14:07:27.060+0000] {logging_mixin.py:188} INFO - [2024-03-06T14:07:27.059+0000] {dagbag.py:540} INFO - Filling up the DagBag from /home/airflow/.local/lib/python3.11/site-packages/airflow/example_dags/example_latest_only_with_trigger.py
[2024-03-06T14:07:27.073+0000] {processor.py:840} INFO - DAG(s) 'latest_only_with_trigger' retrieved from /home/airflow/.local/lib/python3.11/site-packages/airflow/example_dags/example_latest_only_with_trigger.py
[2024-03-06T14:07:27.103+0000] {logging_mixin.py:188} INFO - [2024-03-06T14:07:27.103+0000] {dag.py:3047} INFO - Sync 1 DAGs
[2024-03-06T14:07:27.137+0000] {logging_mixin.py:188} INFO - [2024-03-06T14:07:27.137+0000] {dag.py:3834} INFO - Setting next_dagrun for latest_only_with_trigger to 2024-03-06 08:00:00+00:00, run_after=2024-03-06 12:00:00+00:00
[2024-03-06T14:07:27.163+0000] {processor.py:183} INFO - Processing /home/airflow/.local/lib/python3.11/site-packages/airflow/example_dags/example_latest_only_with_trigger.py took 0.115 seconds
[2024-03-06T14:07:57.712+0000] {processor.py:161} INFO - Started process (PID=11518) to work on /home/airflow/.local/lib/python3.11/site-packages/airflow/example_dags/example_latest_only_with_trigger.py
[2024-03-06T14:07:57.713+0000] {processor.py:830} INFO - Processing file /home/airflow/.local/lib/python3.11/site-packages/airflow/example_dags/example_latest_only_with_trigger.py for tasks to queue
[2024-03-06T14:07:57.714+0000] {logging_mixin.py:188} INFO - [2024-03-06T14:07:57.713+0000] {dagbag.py:540} INFO - Filling up the DagBag from /home/airflow/.local/lib/python3.11/site-packages/airflow/example_dags/example_latest_only_with_trigger.py
[2024-03-06T14:07:57.719+0000] {processor.py:840} INFO - DAG(s) 'latest_only_with_trigger' retrieved from /home/airflow/.local/lib/python3.11/site-packages/airflow/example_dags/example_latest_only_with_trigger.py
[2024-03-06T14:07:57.739+0000] {logging_mixin.py:188} INFO - [2024-03-06T14:07:57.739+0000] {dag.py:3047} INFO - Sync 1 DAGs
[2024-03-06T14:07:57.762+0000] {logging_mixin.py:188} INFO - [2024-03-06T14:07:57.761+0000] {dag.py:3834} INFO - Setting next_dagrun for latest_only_with_trigger to 2024-03-06 08:00:00+00:00, run_after=2024-03-06 12:00:00+00:00
[2024-03-06T14:07:57.779+0000] {processor.py:183} INFO - Processing /home/airflow/.local/lib/python3.11/site-packages/airflow/example_dags/example_latest_only_with_trigger.py took 0.071 seconds
[2024-03-06T14:08:27.816+0000] {processor.py:161} INFO - Started process (PID=11765) to work on /home/airflow/.local/lib/python3.11/site-packages/airflow/example_dags/example_latest_only_with_trigger.py
[2024-03-06T14:08:27.823+0000] {processor.py:830} INFO - Processing file /home/airflow/.local/lib/python3.11/site-packages/airflow/example_dags/example_latest_only_with_trigger.py for tasks to queue
[2024-03-06T14:08:27.825+0000] {logging_mixin.py:188} INFO - [2024-03-06T14:08:27.824+0000] {dagbag.py:540} INFO - Filling up the DagBag from /home/airflow/.local/lib/python3.11/site-packages/airflow/example_dags/example_latest_only_with_trigger.py
[2024-03-06T14:08:27.836+0000] {processor.py:840} INFO - DAG(s) 'latest_only_with_trigger' retrieved from /home/airflow/.local/lib/python3.11/site-packages/airflow/example_dags/example_latest_only_with_trigger.py
[2024-03-06T14:08:27.855+0000] {logging_mixin.py:188} INFO - [2024-03-06T14:08:27.855+0000] {dag.py:3047} INFO - Sync 1 DAGs
[2024-03-06T14:08:27.880+0000] {logging_mixin.py:188} INFO - [2024-03-06T14:08:27.880+0000] {dag.py:3834} INFO - Setting next_dagrun for latest_only_with_trigger to 2024-03-06 08:00:00+00:00, run_after=2024-03-06 12:00:00+00:00
[2024-03-06T14:08:27.902+0000] {processor.py:183} INFO - Processing /home/airflow/.local/lib/python3.11/site-packages/airflow/example_dags/example_latest_only_with_trigger.py took 0.090 seconds
[2024-03-06T14:08:58.647+0000] {processor.py:161} INFO - Started process (PID=12011) to work on /home/airflow/.local/lib/python3.11/site-packages/airflow/example_dags/example_latest_only_with_trigger.py
[2024-03-06T14:08:58.650+0000] {processor.py:830} INFO - Processing file /home/airflow/.local/lib/python3.11/site-packages/airflow/example_dags/example_latest_only_with_trigger.py for tasks to queue
[2024-03-06T14:08:58.651+0000] {logging_mixin.py:188} INFO - [2024-03-06T14:08:58.651+0000] {dagbag.py:540} INFO - Filling up the DagBag from /home/airflow/.local/lib/python3.11/site-packages/airflow/example_dags/example_latest_only_with_trigger.py
[2024-03-06T14:08:58.658+0000] {processor.py:840} INFO - DAG(s) 'latest_only_with_trigger' retrieved from /home/airflow/.local/lib/python3.11/site-packages/airflow/example_dags/example_latest_only_with_trigger.py
[2024-03-06T14:08:58.676+0000] {logging_mixin.py:188} INFO - [2024-03-06T14:08:58.676+0000] {dag.py:3047} INFO - Sync 1 DAGs
[2024-03-06T14:08:58.700+0000] {logging_mixin.py:188} INFO - [2024-03-06T14:08:58.699+0000] {dag.py:3834} INFO - Setting next_dagrun for latest_only_with_trigger to 2024-03-06 08:00:00+00:00, run_after=2024-03-06 12:00:00+00:00
[2024-03-06T14:08:58.719+0000] {processor.py:183} INFO - Processing /home/airflow/.local/lib/python3.11/site-packages/airflow/example_dags/example_latest_only_with_trigger.py took 0.075 seconds
[2024-03-06T14:09:28.817+0000] {processor.py:161} INFO - Started process (PID=12257) to work on /home/airflow/.local/lib/python3.11/site-packages/airflow/example_dags/example_latest_only_with_trigger.py
[2024-03-06T14:09:28.819+0000] {processor.py:830} INFO - Processing file /home/airflow/.local/lib/python3.11/site-packages/airflow/example_dags/example_latest_only_with_trigger.py for tasks to queue
[2024-03-06T14:09:28.820+0000] {logging_mixin.py:188} INFO - [2024-03-06T14:09:28.819+0000] {dagbag.py:540} INFO - Filling up the DagBag from /home/airflow/.local/lib/python3.11/site-packages/airflow/example_dags/example_latest_only_with_trigger.py
[2024-03-06T14:09:28.827+0000] {processor.py:840} INFO - DAG(s) 'latest_only_with_trigger' retrieved from /home/airflow/.local/lib/python3.11/site-packages/airflow/example_dags/example_latest_only_with_trigger.py
[2024-03-06T14:09:28.845+0000] {logging_mixin.py:188} INFO - [2024-03-06T14:09:28.845+0000] {dag.py:3047} INFO - Sync 1 DAGs
[2024-03-06T14:09:28.863+0000] {logging_mixin.py:188} INFO - [2024-03-06T14:09:28.863+0000] {dag.py:3834} INFO - Setting next_dagrun for latest_only_with_trigger to 2024-03-06 08:00:00+00:00, run_after=2024-03-06 12:00:00+00:00
[2024-03-06T14:09:28.881+0000] {processor.py:183} INFO - Processing /home/airflow/.local/lib/python3.11/site-packages/airflow/example_dags/example_latest_only_with_trigger.py took 0.068 seconds
[2024-03-06T14:09:59.384+0000] {processor.py:161} INFO - Started process (PID=12504) to work on /home/airflow/.local/lib/python3.11/site-packages/airflow/example_dags/example_latest_only_with_trigger.py
[2024-03-06T14:09:59.386+0000] {processor.py:830} INFO - Processing file /home/airflow/.local/lib/python3.11/site-packages/airflow/example_dags/example_latest_only_with_trigger.py for tasks to queue
[2024-03-06T14:09:59.390+0000] {logging_mixin.py:188} INFO - [2024-03-06T14:09:59.390+0000] {dagbag.py:540} INFO - Filling up the DagBag from /home/airflow/.local/lib/python3.11/site-packages/airflow/example_dags/example_latest_only_with_trigger.py
[2024-03-06T14:09:59.401+0000] {processor.py:840} INFO - DAG(s) 'latest_only_with_trigger' retrieved from /home/airflow/.local/lib/python3.11/site-packages/airflow/example_dags/example_latest_only_with_trigger.py
[2024-03-06T14:09:59.426+0000] {logging_mixin.py:188} INFO - [2024-03-06T14:09:59.426+0000] {dag.py:3047} INFO - Sync 1 DAGs
[2024-03-06T14:09:59.457+0000] {logging_mixin.py:188} INFO - [2024-03-06T14:09:59.457+0000] {dag.py:3834} INFO - Setting next_dagrun for latest_only_with_trigger to 2024-03-06 08:00:00+00:00, run_after=2024-03-06 12:00:00+00:00
[2024-03-06T14:09:59.522+0000] {processor.py:183} INFO - Processing /home/airflow/.local/lib/python3.11/site-packages/airflow/example_dags/example_latest_only_with_trigger.py took 0.142 seconds
[2024-03-06T14:10:30.355+0000] {processor.py:161} INFO - Started process (PID=12751) to work on /home/airflow/.local/lib/python3.11/site-packages/airflow/example_dags/example_latest_only_with_trigger.py
[2024-03-06T14:10:30.359+0000] {processor.py:830} INFO - Processing file /home/airflow/.local/lib/python3.11/site-packages/airflow/example_dags/example_latest_only_with_trigger.py for tasks to queue
[2024-03-06T14:10:30.363+0000] {logging_mixin.py:188} INFO - [2024-03-06T14:10:30.362+0000] {dagbag.py:540} INFO - Filling up the DagBag from /home/airflow/.local/lib/python3.11/site-packages/airflow/example_dags/example_latest_only_with_trigger.py
[2024-03-06T14:10:30.375+0000] {processor.py:840} INFO - DAG(s) 'latest_only_with_trigger' retrieved from /home/airflow/.local/lib/python3.11/site-packages/airflow/example_dags/example_latest_only_with_trigger.py
[2024-03-06T14:10:30.428+0000] {logging_mixin.py:188} INFO - [2024-03-06T14:10:30.428+0000] {dag.py:3047} INFO - Sync 1 DAGs
[2024-03-06T14:10:30.457+0000] {logging_mixin.py:188} INFO - [2024-03-06T14:10:30.457+0000] {dag.py:3834} INFO - Setting next_dagrun for latest_only_with_trigger to 2024-03-06 08:00:00+00:00, run_after=2024-03-06 12:00:00+00:00
[2024-03-06T14:10:30.497+0000] {processor.py:183} INFO - Processing /home/airflow/.local/lib/python3.11/site-packages/airflow/example_dags/example_latest_only_with_trigger.py took 0.149 seconds
[2024-03-06T14:11:00.704+0000] {processor.py:161} INFO - Started process (PID=12998) to work on /home/airflow/.local/lib/python3.11/site-packages/airflow/example_dags/example_latest_only_with_trigger.py
[2024-03-06T14:11:00.705+0000] {processor.py:830} INFO - Processing file /home/airflow/.local/lib/python3.11/site-packages/airflow/example_dags/example_latest_only_with_trigger.py for tasks to queue
[2024-03-06T14:11:00.706+0000] {logging_mixin.py:188} INFO - [2024-03-06T14:11:00.706+0000] {dagbag.py:540} INFO - Filling up the DagBag from /home/airflow/.local/lib/python3.11/site-packages/airflow/example_dags/example_latest_only_with_trigger.py
[2024-03-06T14:11:00.713+0000] {processor.py:840} INFO - DAG(s) 'latest_only_with_trigger' retrieved from /home/airflow/.local/lib/python3.11/site-packages/airflow/example_dags/example_latest_only_with_trigger.py
[2024-03-06T14:11:00.731+0000] {logging_mixin.py:188} INFO - [2024-03-06T14:11:00.731+0000] {dag.py:3047} INFO - Sync 1 DAGs
[2024-03-06T14:11:00.752+0000] {logging_mixin.py:188} INFO - [2024-03-06T14:11:00.752+0000] {dag.py:3834} INFO - Setting next_dagrun for latest_only_with_trigger to 2024-03-06 08:00:00+00:00, run_after=2024-03-06 12:00:00+00:00
[2024-03-06T14:11:00.770+0000] {processor.py:183} INFO - Processing /home/airflow/.local/lib/python3.11/site-packages/airflow/example_dags/example_latest_only_with_trigger.py took 0.070 seconds
[2024-03-06T14:11:31.403+0000] {processor.py:161} INFO - Started process (PID=13245) to work on /home/airflow/.local/lib/python3.11/site-packages/airflow/example_dags/example_latest_only_with_trigger.py
[2024-03-06T14:11:31.406+0000] {processor.py:830} INFO - Processing file /home/airflow/.local/lib/python3.11/site-packages/airflow/example_dags/example_latest_only_with_trigger.py for tasks to queue
[2024-03-06T14:11:31.407+0000] {logging_mixin.py:188} INFO - [2024-03-06T14:11:31.406+0000] {dagbag.py:540} INFO - Filling up the DagBag from /home/airflow/.local/lib/python3.11/site-packages/airflow/example_dags/example_latest_only_with_trigger.py
[2024-03-06T14:11:31.414+0000] {processor.py:840} INFO - DAG(s) 'latest_only_with_trigger' retrieved from /home/airflow/.local/lib/python3.11/site-packages/airflow/example_dags/example_latest_only_with_trigger.py
[2024-03-06T14:11:31.433+0000] {logging_mixin.py:188} INFO - [2024-03-06T14:11:31.433+0000] {dag.py:3047} INFO - Sync 1 DAGs
[2024-03-06T14:11:31.457+0000] {logging_mixin.py:188} INFO - [2024-03-06T14:11:31.457+0000] {dag.py:3834} INFO - Setting next_dagrun for latest_only_with_trigger to 2024-03-06 08:00:00+00:00, run_after=2024-03-06 12:00:00+00:00
[2024-03-06T14:11:31.480+0000] {processor.py:183} INFO - Processing /home/airflow/.local/lib/python3.11/site-packages/airflow/example_dags/example_latest_only_with_trigger.py took 0.081 seconds
[2024-03-06T14:12:02.207+0000] {processor.py:161} INFO - Started process (PID=13492) to work on /home/airflow/.local/lib/python3.11/site-packages/airflow/example_dags/example_latest_only_with_trigger.py
[2024-03-06T14:12:02.209+0000] {processor.py:830} INFO - Processing file /home/airflow/.local/lib/python3.11/site-packages/airflow/example_dags/example_latest_only_with_trigger.py for tasks to queue
[2024-03-06T14:12:02.210+0000] {logging_mixin.py:188} INFO - [2024-03-06T14:12:02.209+0000] {dagbag.py:540} INFO - Filling up the DagBag from /home/airflow/.local/lib/python3.11/site-packages/airflow/example_dags/example_latest_only_with_trigger.py
[2024-03-06T14:12:02.215+0000] {processor.py:840} INFO - DAG(s) 'latest_only_with_trigger' retrieved from /home/airflow/.local/lib/python3.11/site-packages/airflow/example_dags/example_latest_only_with_trigger.py
[2024-03-06T14:12:02.238+0000] {logging_mixin.py:188} INFO - [2024-03-06T14:12:02.238+0000] {dag.py:3047} INFO - Sync 1 DAGs
[2024-03-06T14:12:02.260+0000] {logging_mixin.py:188} INFO - [2024-03-06T14:12:02.260+0000] {dag.py:3834} INFO - Setting next_dagrun for latest_only_with_trigger to 2024-03-06 08:00:00+00:00, run_after=2024-03-06 12:00:00+00:00
[2024-03-06T14:12:02.277+0000] {processor.py:183} INFO - Processing /home/airflow/.local/lib/python3.11/site-packages/airflow/example_dags/example_latest_only_with_trigger.py took 0.074 seconds
[2024-03-06T14:12:32.625+0000] {processor.py:161} INFO - Started process (PID=13739) to work on /home/airflow/.local/lib/python3.11/site-packages/airflow/example_dags/example_latest_only_with_trigger.py
[2024-03-06T14:12:32.626+0000] {processor.py:830} INFO - Processing file /home/airflow/.local/lib/python3.11/site-packages/airflow/example_dags/example_latest_only_with_trigger.py for tasks to queue
[2024-03-06T14:12:32.627+0000] {logging_mixin.py:188} INFO - [2024-03-06T14:12:32.627+0000] {dagbag.py:540} INFO - Filling up the DagBag from /home/airflow/.local/lib/python3.11/site-packages/airflow/example_dags/example_latest_only_with_trigger.py
[2024-03-06T14:12:32.633+0000] {processor.py:840} INFO - DAG(s) 'latest_only_with_trigger' retrieved from /home/airflow/.local/lib/python3.11/site-packages/airflow/example_dags/example_latest_only_with_trigger.py
[2024-03-06T14:12:32.655+0000] {logging_mixin.py:188} INFO - [2024-03-06T14:12:32.654+0000] {dag.py:3047} INFO - Sync 1 DAGs
[2024-03-06T14:12:32.674+0000] {logging_mixin.py:188} INFO - [2024-03-06T14:12:32.673+0000] {dag.py:3834} INFO - Setting next_dagrun for latest_only_with_trigger to 2024-03-06 08:00:00+00:00, run_after=2024-03-06 12:00:00+00:00
[2024-03-06T14:12:32.696+0000] {processor.py:183} INFO - Processing /home/airflow/.local/lib/python3.11/site-packages/airflow/example_dags/example_latest_only_with_trigger.py took 0.075 seconds
[2024-03-06T14:13:03.472+0000] {processor.py:161} INFO - Started process (PID=13986) to work on /home/airflow/.local/lib/python3.11/site-packages/airflow/example_dags/example_latest_only_with_trigger.py
[2024-03-06T14:13:03.473+0000] {processor.py:830} INFO - Processing file /home/airflow/.local/lib/python3.11/site-packages/airflow/example_dags/example_latest_only_with_trigger.py for tasks to queue
[2024-03-06T14:13:03.475+0000] {logging_mixin.py:188} INFO - [2024-03-06T14:13:03.474+0000] {dagbag.py:540} INFO - Filling up the DagBag from /home/airflow/.local/lib/python3.11/site-packages/airflow/example_dags/example_latest_only_with_trigger.py
[2024-03-06T14:13:03.481+0000] {processor.py:840} INFO - DAG(s) 'latest_only_with_trigger' retrieved from /home/airflow/.local/lib/python3.11/site-packages/airflow/example_dags/example_latest_only_with_trigger.py
[2024-03-06T14:13:03.506+0000] {logging_mixin.py:188} INFO - [2024-03-06T14:13:03.506+0000] {dag.py:3047} INFO - Sync 1 DAGs
[2024-03-06T14:13:03.528+0000] {logging_mixin.py:188} INFO - [2024-03-06T14:13:03.528+0000] {dag.py:3834} INFO - Setting next_dagrun for latest_only_with_trigger to 2024-03-06 08:00:00+00:00, run_after=2024-03-06 12:00:00+00:00
[2024-03-06T14:13:03.554+0000] {processor.py:183} INFO - Processing /home/airflow/.local/lib/python3.11/site-packages/airflow/example_dags/example_latest_only_with_trigger.py took 0.088 seconds
[2024-03-06T14:13:34.188+0000] {processor.py:161} INFO - Started process (PID=14233) to work on /home/airflow/.local/lib/python3.11/site-packages/airflow/example_dags/example_latest_only_with_trigger.py
[2024-03-06T14:13:34.189+0000] {processor.py:830} INFO - Processing file /home/airflow/.local/lib/python3.11/site-packages/airflow/example_dags/example_latest_only_with_trigger.py for tasks to queue
[2024-03-06T14:13:34.190+0000] {logging_mixin.py:188} INFO - [2024-03-06T14:13:34.190+0000] {dagbag.py:540} INFO - Filling up the DagBag from /home/airflow/.local/lib/python3.11/site-packages/airflow/example_dags/example_latest_only_with_trigger.py
[2024-03-06T14:13:34.196+0000] {processor.py:840} INFO - DAG(s) 'latest_only_with_trigger' retrieved from /home/airflow/.local/lib/python3.11/site-packages/airflow/example_dags/example_latest_only_with_trigger.py
[2024-03-06T14:13:34.217+0000] {logging_mixin.py:188} INFO - [2024-03-06T14:13:34.217+0000] {dag.py:3047} INFO - Sync 1 DAGs
[2024-03-06T14:13:34.237+0000] {logging_mixin.py:188} INFO - [2024-03-06T14:13:34.237+0000] {dag.py:3834} INFO - Setting next_dagrun for latest_only_with_trigger to 2024-03-06 08:00:00+00:00, run_after=2024-03-06 12:00:00+00:00
[2024-03-06T14:13:34.257+0000] {processor.py:183} INFO - Processing /home/airflow/.local/lib/python3.11/site-packages/airflow/example_dags/example_latest_only_with_trigger.py took 0.074 seconds
[2024-03-06T14:14:04.847+0000] {processor.py:161} INFO - Started process (PID=14480) to work on /home/airflow/.local/lib/python3.11/site-packages/airflow/example_dags/example_latest_only_with_trigger.py
[2024-03-06T14:14:04.849+0000] {processor.py:830} INFO - Processing file /home/airflow/.local/lib/python3.11/site-packages/airflow/example_dags/example_latest_only_with_trigger.py for tasks to queue
[2024-03-06T14:14:04.850+0000] {logging_mixin.py:188} INFO - [2024-03-06T14:14:04.850+0000] {dagbag.py:540} INFO - Filling up the DagBag from /home/airflow/.local/lib/python3.11/site-packages/airflow/example_dags/example_latest_only_with_trigger.py
[2024-03-06T14:14:04.856+0000] {processor.py:840} INFO - DAG(s) 'latest_only_with_trigger' retrieved from /home/airflow/.local/lib/python3.11/site-packages/airflow/example_dags/example_latest_only_with_trigger.py
[2024-03-06T14:14:04.878+0000] {logging_mixin.py:188} INFO - [2024-03-06T14:14:04.877+0000] {dag.py:3047} INFO - Sync 1 DAGs
[2024-03-06T14:14:04.900+0000] {logging_mixin.py:188} INFO - [2024-03-06T14:14:04.900+0000] {dag.py:3834} INFO - Setting next_dagrun for latest_only_with_trigger to 2024-03-06 08:00:00+00:00, run_after=2024-03-06 12:00:00+00:00
[2024-03-06T14:14:04.918+0000] {processor.py:183} INFO - Processing /home/airflow/.local/lib/python3.11/site-packages/airflow/example_dags/example_latest_only_with_trigger.py took 0.075 seconds
[2024-03-06T14:14:35.093+0000] {processor.py:161} INFO - Started process (PID=14727) to work on /home/airflow/.local/lib/python3.11/site-packages/airflow/example_dags/example_latest_only_with_trigger.py
[2024-03-06T14:14:35.099+0000] {processor.py:830} INFO - Processing file /home/airflow/.local/lib/python3.11/site-packages/airflow/example_dags/example_latest_only_with_trigger.py for tasks to queue
[2024-03-06T14:14:35.101+0000] {logging_mixin.py:188} INFO - [2024-03-06T14:14:35.100+0000] {dagbag.py:540} INFO - Filling up the DagBag from /home/airflow/.local/lib/python3.11/site-packages/airflow/example_dags/example_latest_only_with_trigger.py
[2024-03-06T14:14:35.111+0000] {processor.py:840} INFO - DAG(s) 'latest_only_with_trigger' retrieved from /home/airflow/.local/lib/python3.11/site-packages/airflow/example_dags/example_latest_only_with_trigger.py
[2024-03-06T14:14:35.133+0000] {logging_mixin.py:188} INFO - [2024-03-06T14:14:35.132+0000] {dag.py:3047} INFO - Sync 1 DAGs
[2024-03-06T14:14:35.158+0000] {logging_mixin.py:188} INFO - [2024-03-06T14:14:35.158+0000] {dag.py:3834} INFO - Setting next_dagrun for latest_only_with_trigger to 2024-03-06 08:00:00+00:00, run_after=2024-03-06 12:00:00+00:00
[2024-03-06T14:14:35.189+0000] {processor.py:183} INFO - Processing /home/airflow/.local/lib/python3.11/site-packages/airflow/example_dags/example_latest_only_with_trigger.py took 0.101 seconds
[2024-03-06T14:15:05.277+0000] {processor.py:161} INFO - Started process (PID=14974) to work on /home/airflow/.local/lib/python3.11/site-packages/airflow/example_dags/example_latest_only_with_trigger.py
[2024-03-06T14:15:05.279+0000] {processor.py:830} INFO - Processing file /home/airflow/.local/lib/python3.11/site-packages/airflow/example_dags/example_latest_only_with_trigger.py for tasks to queue
[2024-03-06T14:15:05.280+0000] {logging_mixin.py:188} INFO - [2024-03-06T14:15:05.279+0000] {dagbag.py:540} INFO - Filling up the DagBag from /home/airflow/.local/lib/python3.11/site-packages/airflow/example_dags/example_latest_only_with_trigger.py
[2024-03-06T14:15:05.290+0000] {processor.py:840} INFO - DAG(s) 'latest_only_with_trigger' retrieved from /home/airflow/.local/lib/python3.11/site-packages/airflow/example_dags/example_latest_only_with_trigger.py
[2024-03-06T14:15:05.315+0000] {logging_mixin.py:188} INFO - [2024-03-06T14:15:05.314+0000] {dag.py:3047} INFO - Sync 1 DAGs
[2024-03-06T14:15:05.342+0000] {logging_mixin.py:188} INFO - [2024-03-06T14:15:05.341+0000] {dag.py:3834} INFO - Setting next_dagrun for latest_only_with_trigger to 2024-03-06 08:00:00+00:00, run_after=2024-03-06 12:00:00+00:00
[2024-03-06T14:15:05.364+0000] {processor.py:183} INFO - Processing /home/airflow/.local/lib/python3.11/site-packages/airflow/example_dags/example_latest_only_with_trigger.py took 0.089 seconds
[2024-03-06T14:15:35.521+0000] {processor.py:161} INFO - Started process (PID=15221) to work on /home/airflow/.local/lib/python3.11/site-packages/airflow/example_dags/example_latest_only_with_trigger.py
[2024-03-06T14:15:35.528+0000] {processor.py:830} INFO - Processing file /home/airflow/.local/lib/python3.11/site-packages/airflow/example_dags/example_latest_only_with_trigger.py for tasks to queue
[2024-03-06T14:15:35.530+0000] {logging_mixin.py:188} INFO - [2024-03-06T14:15:35.529+0000] {dagbag.py:540} INFO - Filling up the DagBag from /home/airflow/.local/lib/python3.11/site-packages/airflow/example_dags/example_latest_only_with_trigger.py
[2024-03-06T14:15:35.536+0000] {processor.py:840} INFO - DAG(s) 'latest_only_with_trigger' retrieved from /home/airflow/.local/lib/python3.11/site-packages/airflow/example_dags/example_latest_only_with_trigger.py
[2024-03-06T14:15:35.556+0000] {logging_mixin.py:188} INFO - [2024-03-06T14:15:35.556+0000] {dag.py:3047} INFO - Sync 1 DAGs
[2024-03-06T14:15:35.575+0000] {logging_mixin.py:188} INFO - [2024-03-06T14:15:35.575+0000] {dag.py:3834} INFO - Setting next_dagrun for latest_only_with_trigger to 2024-03-06 08:00:00+00:00, run_after=2024-03-06 12:00:00+00:00
[2024-03-06T14:15:35.593+0000] {processor.py:183} INFO - Processing /home/airflow/.local/lib/python3.11/site-packages/airflow/example_dags/example_latest_only_with_trigger.py took 0.075 seconds
[2024-03-06T14:16:05.658+0000] {processor.py:161} INFO - Started process (PID=15468) to work on /home/airflow/.local/lib/python3.11/site-packages/airflow/example_dags/example_latest_only_with_trigger.py
[2024-03-06T14:16:05.665+0000] {processor.py:830} INFO - Processing file /home/airflow/.local/lib/python3.11/site-packages/airflow/example_dags/example_latest_only_with_trigger.py for tasks to queue
[2024-03-06T14:16:05.666+0000] {logging_mixin.py:188} INFO - [2024-03-06T14:16:05.666+0000] {dagbag.py:540} INFO - Filling up the DagBag from /home/airflow/.local/lib/python3.11/site-packages/airflow/example_dags/example_latest_only_with_trigger.py
[2024-03-06T14:16:05.674+0000] {processor.py:840} INFO - DAG(s) 'latest_only_with_trigger' retrieved from /home/airflow/.local/lib/python3.11/site-packages/airflow/example_dags/example_latest_only_with_trigger.py
[2024-03-06T14:16:05.697+0000] {logging_mixin.py:188} INFO - [2024-03-06T14:16:05.697+0000] {dag.py:3047} INFO - Sync 1 DAGs
[2024-03-06T14:16:05.722+0000] {logging_mixin.py:188} INFO - [2024-03-06T14:16:05.722+0000] {dag.py:3834} INFO - Setting next_dagrun for latest_only_with_trigger to 2024-03-06 08:00:00+00:00, run_after=2024-03-06 12:00:00+00:00
[2024-03-06T14:16:05.746+0000] {processor.py:183} INFO - Processing /home/airflow/.local/lib/python3.11/site-packages/airflow/example_dags/example_latest_only_with_trigger.py took 0.091 seconds
[2024-03-06T14:16:36.386+0000] {processor.py:161} INFO - Started process (PID=15715) to work on /home/airflow/.local/lib/python3.11/site-packages/airflow/example_dags/example_latest_only_with_trigger.py
[2024-03-06T14:16:36.387+0000] {processor.py:830} INFO - Processing file /home/airflow/.local/lib/python3.11/site-packages/airflow/example_dags/example_latest_only_with_trigger.py for tasks to queue
[2024-03-06T14:16:36.388+0000] {logging_mixin.py:188} INFO - [2024-03-06T14:16:36.388+0000] {dagbag.py:540} INFO - Filling up the DagBag from /home/airflow/.local/lib/python3.11/site-packages/airflow/example_dags/example_latest_only_with_trigger.py
[2024-03-06T14:16:36.397+0000] {processor.py:840} INFO - DAG(s) 'latest_only_with_trigger' retrieved from /home/airflow/.local/lib/python3.11/site-packages/airflow/example_dags/example_latest_only_with_trigger.py
[2024-03-06T14:16:36.418+0000] {logging_mixin.py:188} INFO - [2024-03-06T14:16:36.418+0000] {dag.py:3047} INFO - Sync 1 DAGs
[2024-03-06T14:16:36.441+0000] {logging_mixin.py:188} INFO - [2024-03-06T14:16:36.440+0000] {dag.py:3834} INFO - Setting next_dagrun for latest_only_with_trigger to 2024-03-06 08:00:00+00:00, run_after=2024-03-06 12:00:00+00:00
[2024-03-06T14:16:36.461+0000] {processor.py:183} INFO - Processing /home/airflow/.local/lib/python3.11/site-packages/airflow/example_dags/example_latest_only_with_trigger.py took 0.079 seconds
[2024-03-06T14:17:07.173+0000] {processor.py:161} INFO - Started process (PID=15962) to work on /home/airflow/.local/lib/python3.11/site-packages/airflow/example_dags/example_latest_only_with_trigger.py
[2024-03-06T14:17:07.175+0000] {processor.py:830} INFO - Processing file /home/airflow/.local/lib/python3.11/site-packages/airflow/example_dags/example_latest_only_with_trigger.py for tasks to queue
[2024-03-06T14:17:07.176+0000] {logging_mixin.py:188} INFO - [2024-03-06T14:17:07.176+0000] {dagbag.py:540} INFO - Filling up the DagBag from /home/airflow/.local/lib/python3.11/site-packages/airflow/example_dags/example_latest_only_with_trigger.py
[2024-03-06T14:17:07.185+0000] {processor.py:840} INFO - DAG(s) 'latest_only_with_trigger' retrieved from /home/airflow/.local/lib/python3.11/site-packages/airflow/example_dags/example_latest_only_with_trigger.py
[2024-03-06T14:17:07.211+0000] {logging_mixin.py:188} INFO - [2024-03-06T14:17:07.211+0000] {dag.py:3047} INFO - Sync 1 DAGs
[2024-03-06T14:17:07.236+0000] {logging_mixin.py:188} INFO - [2024-03-06T14:17:07.236+0000] {dag.py:3834} INFO - Setting next_dagrun for latest_only_with_trigger to 2024-03-06 08:00:00+00:00, run_after=2024-03-06 12:00:00+00:00
[2024-03-06T14:17:07.266+0000] {processor.py:183} INFO - Processing /home/airflow/.local/lib/python3.11/site-packages/airflow/example_dags/example_latest_only_with_trigger.py took 0.096 seconds
[2024-03-06T14:17:37.517+0000] {processor.py:161} INFO - Started process (PID=16209) to work on /home/airflow/.local/lib/python3.11/site-packages/airflow/example_dags/example_latest_only_with_trigger.py
[2024-03-06T14:17:37.519+0000] {processor.py:830} INFO - Processing file /home/airflow/.local/lib/python3.11/site-packages/airflow/example_dags/example_latest_only_with_trigger.py for tasks to queue
[2024-03-06T14:17:37.524+0000] {logging_mixin.py:188} INFO - [2024-03-06T14:17:37.520+0000] {dagbag.py:540} INFO - Filling up the DagBag from /home/airflow/.local/lib/python3.11/site-packages/airflow/example_dags/example_latest_only_with_trigger.py
[2024-03-06T14:17:37.557+0000] {processor.py:840} INFO - DAG(s) 'latest_only_with_trigger' retrieved from /home/airflow/.local/lib/python3.11/site-packages/airflow/example_dags/example_latest_only_with_trigger.py
[2024-03-06T14:17:37.593+0000] {logging_mixin.py:188} INFO - [2024-03-06T14:17:37.593+0000] {dag.py:3047} INFO - Sync 1 DAGs
[2024-03-06T14:17:37.634+0000] {logging_mixin.py:188} INFO - [2024-03-06T14:17:37.634+0000] {dag.py:3834} INFO - Setting next_dagrun for latest_only_with_trigger to 2024-03-06 08:00:00+00:00, run_after=2024-03-06 12:00:00+00:00
[2024-03-06T14:17:37.661+0000] {processor.py:183} INFO - Processing /home/airflow/.local/lib/python3.11/site-packages/airflow/example_dags/example_latest_only_with_trigger.py took 0.152 seconds
[2024-03-06T14:18:07.942+0000] {processor.py:161} INFO - Started process (PID=16456) to work on /home/airflow/.local/lib/python3.11/site-packages/airflow/example_dags/example_latest_only_with_trigger.py
[2024-03-06T14:18:07.945+0000] {processor.py:830} INFO - Processing file /home/airflow/.local/lib/python3.11/site-packages/airflow/example_dags/example_latest_only_with_trigger.py for tasks to queue
[2024-03-06T14:18:07.947+0000] {logging_mixin.py:188} INFO - [2024-03-06T14:18:07.946+0000] {dagbag.py:540} INFO - Filling up the DagBag from /home/airflow/.local/lib/python3.11/site-packages/airflow/example_dags/example_latest_only_with_trigger.py
[2024-03-06T14:18:07.969+0000] {processor.py:840} INFO - DAG(s) 'latest_only_with_trigger' retrieved from /home/airflow/.local/lib/python3.11/site-packages/airflow/example_dags/example_latest_only_with_trigger.py
[2024-03-06T14:18:08.019+0000] {logging_mixin.py:188} INFO - [2024-03-06T14:18:08.019+0000] {dag.py:3047} INFO - Sync 1 DAGs
[2024-03-06T14:18:08.087+0000] {logging_mixin.py:188} INFO - [2024-03-06T14:18:08.087+0000] {dag.py:3834} INFO - Setting next_dagrun for latest_only_with_trigger to 2024-03-06 08:00:00+00:00, run_after=2024-03-06 12:00:00+00:00
[2024-03-06T14:18:08.151+0000] {processor.py:183} INFO - Processing /home/airflow/.local/lib/python3.11/site-packages/airflow/example_dags/example_latest_only_with_trigger.py took 0.217 seconds
[2024-03-06T14:18:38.609+0000] {processor.py:161} INFO - Started process (PID=16702) to work on /home/airflow/.local/lib/python3.11/site-packages/airflow/example_dags/example_latest_only_with_trigger.py
[2024-03-06T14:18:38.617+0000] {processor.py:830} INFO - Processing file /home/airflow/.local/lib/python3.11/site-packages/airflow/example_dags/example_latest_only_with_trigger.py for tasks to queue
[2024-03-06T14:18:38.620+0000] {logging_mixin.py:188} INFO - [2024-03-06T14:18:38.619+0000] {dagbag.py:540} INFO - Filling up the DagBag from /home/airflow/.local/lib/python3.11/site-packages/airflow/example_dags/example_latest_only_with_trigger.py
[2024-03-06T14:18:38.683+0000] {processor.py:840} INFO - DAG(s) 'latest_only_with_trigger' retrieved from /home/airflow/.local/lib/python3.11/site-packages/airflow/example_dags/example_latest_only_with_trigger.py
[2024-03-06T14:18:38.842+0000] {logging_mixin.py:188} INFO - [2024-03-06T14:18:38.840+0000] {dag.py:3047} INFO - Sync 1 DAGs
[2024-03-06T14:18:39.039+0000] {logging_mixin.py:188} INFO - [2024-03-06T14:18:39.038+0000] {dag.py:3834} INFO - Setting next_dagrun for latest_only_with_trigger to 2024-03-06 08:00:00+00:00, run_after=2024-03-06 12:00:00+00:00
[2024-03-06T14:18:39.165+0000] {processor.py:183} INFO - Processing /home/airflow/.local/lib/python3.11/site-packages/airflow/example_dags/example_latest_only_with_trigger.py took 0.575 seconds
[2024-03-06T14:19:09.434+0000] {processor.py:161} INFO - Started process (PID=16949) to work on /home/airflow/.local/lib/python3.11/site-packages/airflow/example_dags/example_latest_only_with_trigger.py
[2024-03-06T14:19:09.438+0000] {processor.py:830} INFO - Processing file /home/airflow/.local/lib/python3.11/site-packages/airflow/example_dags/example_latest_only_with_trigger.py for tasks to queue
[2024-03-06T14:19:09.441+0000] {logging_mixin.py:188} INFO - [2024-03-06T14:19:09.440+0000] {dagbag.py:540} INFO - Filling up the DagBag from /home/airflow/.local/lib/python3.11/site-packages/airflow/example_dags/example_latest_only_with_trigger.py
[2024-03-06T14:19:09.456+0000] {processor.py:840} INFO - DAG(s) 'latest_only_with_trigger' retrieved from /home/airflow/.local/lib/python3.11/site-packages/airflow/example_dags/example_latest_only_with_trigger.py
[2024-03-06T14:19:09.491+0000] {logging_mixin.py:188} INFO - [2024-03-06T14:19:09.491+0000] {dag.py:3047} INFO - Sync 1 DAGs
[2024-03-06T14:19:09.524+0000] {logging_mixin.py:188} INFO - [2024-03-06T14:19:09.524+0000] {dag.py:3834} INFO - Setting next_dagrun for latest_only_with_trigger to 2024-03-06 08:00:00+00:00, run_after=2024-03-06 12:00:00+00:00
[2024-03-06T14:19:09.550+0000] {processor.py:183} INFO - Processing /home/airflow/.local/lib/python3.11/site-packages/airflow/example_dags/example_latest_only_with_trigger.py took 0.120 seconds
