[2024-03-06T13:44:40.222+0000] {processor.py:161} INFO - Started process (PID=349) to work on /home/airflow/.local/lib/python3.11/site-packages/airflow/example_dags/example_sensor_decorator.py
[2024-03-06T13:44:40.223+0000] {processor.py:830} INFO - Processing file /home/airflow/.local/lib/python3.11/site-packages/airflow/example_dags/example_sensor_decorator.py for tasks to queue
[2024-03-06T13:44:40.224+0000] {logging_mixin.py:188} INFO - [2024-03-06T13:44:40.224+0000] {dagbag.py:540} INFO - Filling up the DagBag from /home/airflow/.local/lib/python3.11/site-packages/airflow/example_dags/example_sensor_decorator.py
[2024-03-06T13:44:40.236+0000] {processor.py:840} INFO - DAG(s) 'example_sensor_decorator' retrieved from /home/airflow/.local/lib/python3.11/site-packages/airflow/example_dags/example_sensor_decorator.py
[2024-03-06T13:44:40.265+0000] {logging_mixin.py:188} INFO - [2024-03-06T13:44:40.265+0000] {dag.py:3047} INFO - Sync 1 DAGs
[2024-03-06T13:44:40.445+0000] {logging_mixin.py:188} INFO - [2024-03-06T13:44:40.444+0000] {dag.py:3834} INFO - Setting next_dagrun for example_sensor_decorator to None, run_after=None
[2024-03-06T13:44:40.498+0000] {processor.py:183} INFO - Processing /home/airflow/.local/lib/python3.11/site-packages/airflow/example_dags/example_sensor_decorator.py took 0.279 seconds
[2024-03-06T13:45:10.649+0000] {processor.py:161} INFO - Started process (PID=595) to work on /home/airflow/.local/lib/python3.11/site-packages/airflow/example_dags/example_sensor_decorator.py
[2024-03-06T13:45:10.650+0000] {processor.py:830} INFO - Processing file /home/airflow/.local/lib/python3.11/site-packages/airflow/example_dags/example_sensor_decorator.py for tasks to queue
[2024-03-06T13:45:10.651+0000] {logging_mixin.py:188} INFO - [2024-03-06T13:45:10.651+0000] {dagbag.py:540} INFO - Filling up the DagBag from /home/airflow/.local/lib/python3.11/site-packages/airflow/example_dags/example_sensor_decorator.py
[2024-03-06T13:45:10.661+0000] {processor.py:840} INFO - DAG(s) 'example_sensor_decorator' retrieved from /home/airflow/.local/lib/python3.11/site-packages/airflow/example_dags/example_sensor_decorator.py
[2024-03-06T13:45:10.683+0000] {logging_mixin.py:188} INFO - [2024-03-06T13:45:10.683+0000] {dag.py:3047} INFO - Sync 1 DAGs
[2024-03-06T13:45:10.698+0000] {logging_mixin.py:188} INFO - [2024-03-06T13:45:10.698+0000] {dag.py:3834} INFO - Setting next_dagrun for example_sensor_decorator to None, run_after=None
[2024-03-06T13:45:10.717+0000] {processor.py:183} INFO - Processing /home/airflow/.local/lib/python3.11/site-packages/airflow/example_dags/example_sensor_decorator.py took 0.073 seconds
[2024-03-06T13:45:41.199+0000] {processor.py:161} INFO - Started process (PID=841) to work on /home/airflow/.local/lib/python3.11/site-packages/airflow/example_dags/example_sensor_decorator.py
[2024-03-06T13:45:41.201+0000] {processor.py:830} INFO - Processing file /home/airflow/.local/lib/python3.11/site-packages/airflow/example_dags/example_sensor_decorator.py for tasks to queue
[2024-03-06T13:45:41.202+0000] {logging_mixin.py:188} INFO - [2024-03-06T13:45:41.202+0000] {dagbag.py:540} INFO - Filling up the DagBag from /home/airflow/.local/lib/python3.11/site-packages/airflow/example_dags/example_sensor_decorator.py
[2024-03-06T13:45:41.210+0000] {processor.py:840} INFO - DAG(s) 'example_sensor_decorator' retrieved from /home/airflow/.local/lib/python3.11/site-packages/airflow/example_dags/example_sensor_decorator.py
[2024-03-06T13:45:41.233+0000] {logging_mixin.py:188} INFO - [2024-03-06T13:45:41.232+0000] {dag.py:3047} INFO - Sync 1 DAGs
[2024-03-06T13:45:41.251+0000] {logging_mixin.py:188} INFO - [2024-03-06T13:45:41.251+0000] {dag.py:3834} INFO - Setting next_dagrun for example_sensor_decorator to None, run_after=None
[2024-03-06T13:45:41.276+0000] {processor.py:183} INFO - Processing /home/airflow/.local/lib/python3.11/site-packages/airflow/example_dags/example_sensor_decorator.py took 0.081 seconds
[2024-03-06T13:46:12.077+0000] {processor.py:161} INFO - Started process (PID=1088) to work on /home/airflow/.local/lib/python3.11/site-packages/airflow/example_dags/example_sensor_decorator.py
[2024-03-06T13:46:12.078+0000] {processor.py:830} INFO - Processing file /home/airflow/.local/lib/python3.11/site-packages/airflow/example_dags/example_sensor_decorator.py for tasks to queue
[2024-03-06T13:46:12.080+0000] {logging_mixin.py:188} INFO - [2024-03-06T13:46:12.080+0000] {dagbag.py:540} INFO - Filling up the DagBag from /home/airflow/.local/lib/python3.11/site-packages/airflow/example_dags/example_sensor_decorator.py
[2024-03-06T13:46:12.090+0000] {processor.py:840} INFO - DAG(s) 'example_sensor_decorator' retrieved from /home/airflow/.local/lib/python3.11/site-packages/airflow/example_dags/example_sensor_decorator.py
[2024-03-06T13:46:12.120+0000] {logging_mixin.py:188} INFO - [2024-03-06T13:46:12.120+0000] {dag.py:3047} INFO - Sync 1 DAGs
[2024-03-06T13:46:12.137+0000] {logging_mixin.py:188} INFO - [2024-03-06T13:46:12.137+0000] {dag.py:3834} INFO - Setting next_dagrun for example_sensor_decorator to None, run_after=None
[2024-03-06T13:46:12.172+0000] {processor.py:183} INFO - Processing /home/airflow/.local/lib/python3.11/site-packages/airflow/example_dags/example_sensor_decorator.py took 0.100 seconds
[2024-03-06T13:46:42.637+0000] {processor.py:161} INFO - Started process (PID=1335) to work on /home/airflow/.local/lib/python3.11/site-packages/airflow/example_dags/example_sensor_decorator.py
[2024-03-06T13:46:42.638+0000] {processor.py:830} INFO - Processing file /home/airflow/.local/lib/python3.11/site-packages/airflow/example_dags/example_sensor_decorator.py for tasks to queue
[2024-03-06T13:46:42.640+0000] {logging_mixin.py:188} INFO - [2024-03-06T13:46:42.639+0000] {dagbag.py:540} INFO - Filling up the DagBag from /home/airflow/.local/lib/python3.11/site-packages/airflow/example_dags/example_sensor_decorator.py
[2024-03-06T13:46:42.649+0000] {processor.py:840} INFO - DAG(s) 'example_sensor_decorator' retrieved from /home/airflow/.local/lib/python3.11/site-packages/airflow/example_dags/example_sensor_decorator.py
[2024-03-06T13:46:42.672+0000] {logging_mixin.py:188} INFO - [2024-03-06T13:46:42.672+0000] {dag.py:3047} INFO - Sync 1 DAGs
[2024-03-06T13:46:42.688+0000] {logging_mixin.py:188} INFO - [2024-03-06T13:46:42.688+0000] {dag.py:3834} INFO - Setting next_dagrun for example_sensor_decorator to None, run_after=None
[2024-03-06T13:46:42.713+0000] {processor.py:183} INFO - Processing /home/airflow/.local/lib/python3.11/site-packages/airflow/example_dags/example_sensor_decorator.py took 0.080 seconds
[2024-03-06T13:47:13.369+0000] {processor.py:161} INFO - Started process (PID=1582) to work on /home/airflow/.local/lib/python3.11/site-packages/airflow/example_dags/example_sensor_decorator.py
[2024-03-06T13:47:13.371+0000] {processor.py:830} INFO - Processing file /home/airflow/.local/lib/python3.11/site-packages/airflow/example_dags/example_sensor_decorator.py for tasks to queue
[2024-03-06T13:47:13.373+0000] {logging_mixin.py:188} INFO - [2024-03-06T13:47:13.373+0000] {dagbag.py:540} INFO - Filling up the DagBag from /home/airflow/.local/lib/python3.11/site-packages/airflow/example_dags/example_sensor_decorator.py
[2024-03-06T13:47:13.387+0000] {processor.py:840} INFO - DAG(s) 'example_sensor_decorator' retrieved from /home/airflow/.local/lib/python3.11/site-packages/airflow/example_dags/example_sensor_decorator.py
[2024-03-06T13:47:13.419+0000] {logging_mixin.py:188} INFO - [2024-03-06T13:47:13.419+0000] {dag.py:3047} INFO - Sync 1 DAGs
[2024-03-06T13:47:13.443+0000] {logging_mixin.py:188} INFO - [2024-03-06T13:47:13.443+0000] {dag.py:3834} INFO - Setting next_dagrun for example_sensor_decorator to None, run_after=None
[2024-03-06T13:47:13.479+0000] {processor.py:183} INFO - Processing /home/airflow/.local/lib/python3.11/site-packages/airflow/example_dags/example_sensor_decorator.py took 0.117 seconds
[2024-03-06T13:47:44.439+0000] {processor.py:161} INFO - Started process (PID=1829) to work on /home/airflow/.local/lib/python3.11/site-packages/airflow/example_dags/example_sensor_decorator.py
[2024-03-06T13:47:44.440+0000] {processor.py:830} INFO - Processing file /home/airflow/.local/lib/python3.11/site-packages/airflow/example_dags/example_sensor_decorator.py for tasks to queue
[2024-03-06T13:47:44.442+0000] {logging_mixin.py:188} INFO - [2024-03-06T13:47:44.441+0000] {dagbag.py:540} INFO - Filling up the DagBag from /home/airflow/.local/lib/python3.11/site-packages/airflow/example_dags/example_sensor_decorator.py
[2024-03-06T13:47:44.457+0000] {processor.py:840} INFO - DAG(s) 'example_sensor_decorator' retrieved from /home/airflow/.local/lib/python3.11/site-packages/airflow/example_dags/example_sensor_decorator.py
[2024-03-06T13:47:44.503+0000] {logging_mixin.py:188} INFO - [2024-03-06T13:47:44.503+0000] {dag.py:3047} INFO - Sync 1 DAGs
[2024-03-06T13:47:44.528+0000] {logging_mixin.py:188} INFO - [2024-03-06T13:47:44.528+0000] {dag.py:3834} INFO - Setting next_dagrun for example_sensor_decorator to None, run_after=None
[2024-03-06T13:47:44.573+0000] {processor.py:183} INFO - Processing /home/airflow/.local/lib/python3.11/site-packages/airflow/example_dags/example_sensor_decorator.py took 0.140 seconds
[2024-03-06T13:48:15.054+0000] {processor.py:161} INFO - Started process (PID=2076) to work on /home/airflow/.local/lib/python3.11/site-packages/airflow/example_dags/example_sensor_decorator.py
[2024-03-06T13:48:15.056+0000] {processor.py:830} INFO - Processing file /home/airflow/.local/lib/python3.11/site-packages/airflow/example_dags/example_sensor_decorator.py for tasks to queue
[2024-03-06T13:48:15.057+0000] {logging_mixin.py:188} INFO - [2024-03-06T13:48:15.057+0000] {dagbag.py:540} INFO - Filling up the DagBag from /home/airflow/.local/lib/python3.11/site-packages/airflow/example_dags/example_sensor_decorator.py
[2024-03-06T13:48:15.065+0000] {processor.py:840} INFO - DAG(s) 'example_sensor_decorator' retrieved from /home/airflow/.local/lib/python3.11/site-packages/airflow/example_dags/example_sensor_decorator.py
[2024-03-06T13:48:15.091+0000] {logging_mixin.py:188} INFO - [2024-03-06T13:48:15.091+0000] {dag.py:3047} INFO - Sync 1 DAGs
[2024-03-06T13:48:15.109+0000] {logging_mixin.py:188} INFO - [2024-03-06T13:48:15.109+0000] {dag.py:3834} INFO - Setting next_dagrun for example_sensor_decorator to None, run_after=None
[2024-03-06T13:48:15.130+0000] {processor.py:183} INFO - Processing /home/airflow/.local/lib/python3.11/site-packages/airflow/example_dags/example_sensor_decorator.py took 0.080 seconds
[2024-03-06T13:48:46.263+0000] {processor.py:161} INFO - Started process (PID=2324) to work on /home/airflow/.local/lib/python3.11/site-packages/airflow/example_dags/example_sensor_decorator.py
[2024-03-06T13:48:46.265+0000] {processor.py:830} INFO - Processing file /home/airflow/.local/lib/python3.11/site-packages/airflow/example_dags/example_sensor_decorator.py for tasks to queue
[2024-03-06T13:48:46.267+0000] {logging_mixin.py:188} INFO - [2024-03-06T13:48:46.266+0000] {dagbag.py:540} INFO - Filling up the DagBag from /home/airflow/.local/lib/python3.11/site-packages/airflow/example_dags/example_sensor_decorator.py
[2024-03-06T13:48:46.276+0000] {processor.py:840} INFO - DAG(s) 'example_sensor_decorator' retrieved from /home/airflow/.local/lib/python3.11/site-packages/airflow/example_dags/example_sensor_decorator.py
[2024-03-06T13:48:46.305+0000] {logging_mixin.py:188} INFO - [2024-03-06T13:48:46.305+0000] {dag.py:3047} INFO - Sync 1 DAGs
[2024-03-06T13:48:46.323+0000] {logging_mixin.py:188} INFO - [2024-03-06T13:48:46.323+0000] {dag.py:3834} INFO - Setting next_dagrun for example_sensor_decorator to None, run_after=None
[2024-03-06T13:48:46.366+0000] {processor.py:183} INFO - Processing /home/airflow/.local/lib/python3.11/site-packages/airflow/example_dags/example_sensor_decorator.py took 0.107 seconds
[2024-03-06T13:49:16.612+0000] {processor.py:161} INFO - Started process (PID=2569) to work on /home/airflow/.local/lib/python3.11/site-packages/airflow/example_dags/example_sensor_decorator.py
[2024-03-06T13:49:16.614+0000] {processor.py:830} INFO - Processing file /home/airflow/.local/lib/python3.11/site-packages/airflow/example_dags/example_sensor_decorator.py for tasks to queue
[2024-03-06T13:49:16.616+0000] {logging_mixin.py:188} INFO - [2024-03-06T13:49:16.615+0000] {dagbag.py:540} INFO - Filling up the DagBag from /home/airflow/.local/lib/python3.11/site-packages/airflow/example_dags/example_sensor_decorator.py
[2024-03-06T13:49:16.625+0000] {processor.py:840} INFO - DAG(s) 'example_sensor_decorator' retrieved from /home/airflow/.local/lib/python3.11/site-packages/airflow/example_dags/example_sensor_decorator.py
[2024-03-06T13:49:16.649+0000] {logging_mixin.py:188} INFO - [2024-03-06T13:49:16.649+0000] {dag.py:3047} INFO - Sync 1 DAGs
[2024-03-06T13:49:16.665+0000] {logging_mixin.py:188} INFO - [2024-03-06T13:49:16.664+0000] {dag.py:3834} INFO - Setting next_dagrun for example_sensor_decorator to None, run_after=None
[2024-03-06T13:49:16.706+0000] {processor.py:183} INFO - Processing /home/airflow/.local/lib/python3.11/site-packages/airflow/example_dags/example_sensor_decorator.py took 0.098 seconds
[2024-03-06T13:49:47.697+0000] {processor.py:161} INFO - Started process (PID=2816) to work on /home/airflow/.local/lib/python3.11/site-packages/airflow/example_dags/example_sensor_decorator.py
[2024-03-06T13:49:47.702+0000] {processor.py:830} INFO - Processing file /home/airflow/.local/lib/python3.11/site-packages/airflow/example_dags/example_sensor_decorator.py for tasks to queue
[2024-03-06T13:49:47.705+0000] {logging_mixin.py:188} INFO - [2024-03-06T13:49:47.704+0000] {dagbag.py:540} INFO - Filling up the DagBag from /home/airflow/.local/lib/python3.11/site-packages/airflow/example_dags/example_sensor_decorator.py
[2024-03-06T13:49:47.720+0000] {processor.py:840} INFO - DAG(s) 'example_sensor_decorator' retrieved from /home/airflow/.local/lib/python3.11/site-packages/airflow/example_dags/example_sensor_decorator.py
[2024-03-06T13:49:47.745+0000] {logging_mixin.py:188} INFO - [2024-03-06T13:49:47.745+0000] {dag.py:3047} INFO - Sync 1 DAGs
[2024-03-06T13:49:47.759+0000] {logging_mixin.py:188} INFO - [2024-03-06T13:49:47.758+0000] {dag.py:3834} INFO - Setting next_dagrun for example_sensor_decorator to None, run_after=None
[2024-03-06T13:49:47.784+0000] {processor.py:183} INFO - Processing /home/airflow/.local/lib/python3.11/site-packages/airflow/example_dags/example_sensor_decorator.py took 0.097 seconds
[2024-03-06T13:50:18.429+0000] {processor.py:161} INFO - Started process (PID=3063) to work on /home/airflow/.local/lib/python3.11/site-packages/airflow/example_dags/example_sensor_decorator.py
[2024-03-06T13:50:18.430+0000] {processor.py:830} INFO - Processing file /home/airflow/.local/lib/python3.11/site-packages/airflow/example_dags/example_sensor_decorator.py for tasks to queue
[2024-03-06T13:50:18.431+0000] {logging_mixin.py:188} INFO - [2024-03-06T13:50:18.431+0000] {dagbag.py:540} INFO - Filling up the DagBag from /home/airflow/.local/lib/python3.11/site-packages/airflow/example_dags/example_sensor_decorator.py
[2024-03-06T13:50:18.438+0000] {processor.py:840} INFO - DAG(s) 'example_sensor_decorator' retrieved from /home/airflow/.local/lib/python3.11/site-packages/airflow/example_dags/example_sensor_decorator.py
[2024-03-06T13:50:18.457+0000] {logging_mixin.py:188} INFO - [2024-03-06T13:50:18.457+0000] {dag.py:3047} INFO - Sync 1 DAGs
[2024-03-06T13:50:18.469+0000] {logging_mixin.py:188} INFO - [2024-03-06T13:50:18.469+0000] {dag.py:3834} INFO - Setting next_dagrun for example_sensor_decorator to None, run_after=None
[2024-03-06T13:50:18.496+0000] {processor.py:183} INFO - Processing /home/airflow/.local/lib/python3.11/site-packages/airflow/example_dags/example_sensor_decorator.py took 0.070 seconds
[2024-03-06T13:50:48.895+0000] {processor.py:161} INFO - Started process (PID=3310) to work on /home/airflow/.local/lib/python3.11/site-packages/airflow/example_dags/example_sensor_decorator.py
[2024-03-06T13:50:48.896+0000] {processor.py:830} INFO - Processing file /home/airflow/.local/lib/python3.11/site-packages/airflow/example_dags/example_sensor_decorator.py for tasks to queue
[2024-03-06T13:50:48.897+0000] {logging_mixin.py:188} INFO - [2024-03-06T13:50:48.897+0000] {dagbag.py:540} INFO - Filling up the DagBag from /home/airflow/.local/lib/python3.11/site-packages/airflow/example_dags/example_sensor_decorator.py
[2024-03-06T13:50:48.906+0000] {processor.py:840} INFO - DAG(s) 'example_sensor_decorator' retrieved from /home/airflow/.local/lib/python3.11/site-packages/airflow/example_dags/example_sensor_decorator.py
[2024-03-06T13:50:48.925+0000] {logging_mixin.py:188} INFO - [2024-03-06T13:50:48.925+0000] {dag.py:3047} INFO - Sync 1 DAGs
[2024-03-06T13:50:48.937+0000] {logging_mixin.py:188} INFO - [2024-03-06T13:50:48.937+0000] {dag.py:3834} INFO - Setting next_dagrun for example_sensor_decorator to None, run_after=None
[2024-03-06T13:50:48.959+0000] {processor.py:183} INFO - Processing /home/airflow/.local/lib/python3.11/site-packages/airflow/example_dags/example_sensor_decorator.py took 0.069 seconds
[2024-03-06T13:51:19.427+0000] {processor.py:161} INFO - Started process (PID=3557) to work on /home/airflow/.local/lib/python3.11/site-packages/airflow/example_dags/example_sensor_decorator.py
[2024-03-06T13:51:19.428+0000] {processor.py:830} INFO - Processing file /home/airflow/.local/lib/python3.11/site-packages/airflow/example_dags/example_sensor_decorator.py for tasks to queue
[2024-03-06T13:51:19.430+0000] {logging_mixin.py:188} INFO - [2024-03-06T13:51:19.429+0000] {dagbag.py:540} INFO - Filling up the DagBag from /home/airflow/.local/lib/python3.11/site-packages/airflow/example_dags/example_sensor_decorator.py
[2024-03-06T13:51:19.437+0000] {processor.py:840} INFO - DAG(s) 'example_sensor_decorator' retrieved from /home/airflow/.local/lib/python3.11/site-packages/airflow/example_dags/example_sensor_decorator.py
[2024-03-06T13:51:19.454+0000] {logging_mixin.py:188} INFO - [2024-03-06T13:51:19.453+0000] {dag.py:3047} INFO - Sync 1 DAGs
[2024-03-06T13:51:19.466+0000] {logging_mixin.py:188} INFO - [2024-03-06T13:51:19.466+0000] {dag.py:3834} INFO - Setting next_dagrun for example_sensor_decorator to None, run_after=None
[2024-03-06T13:51:19.485+0000] {processor.py:183} INFO - Processing /home/airflow/.local/lib/python3.11/site-packages/airflow/example_dags/example_sensor_decorator.py took 0.062 seconds
[2024-03-06T13:51:49.868+0000] {processor.py:161} INFO - Started process (PID=3804) to work on /home/airflow/.local/lib/python3.11/site-packages/airflow/example_dags/example_sensor_decorator.py
[2024-03-06T13:51:49.870+0000] {processor.py:830} INFO - Processing file /home/airflow/.local/lib/python3.11/site-packages/airflow/example_dags/example_sensor_decorator.py for tasks to queue
[2024-03-06T13:51:49.871+0000] {logging_mixin.py:188} INFO - [2024-03-06T13:51:49.870+0000] {dagbag.py:540} INFO - Filling up the DagBag from /home/airflow/.local/lib/python3.11/site-packages/airflow/example_dags/example_sensor_decorator.py
[2024-03-06T13:51:49.877+0000] {processor.py:840} INFO - DAG(s) 'example_sensor_decorator' retrieved from /home/airflow/.local/lib/python3.11/site-packages/airflow/example_dags/example_sensor_decorator.py
[2024-03-06T13:51:49.896+0000] {logging_mixin.py:188} INFO - [2024-03-06T13:51:49.895+0000] {dag.py:3047} INFO - Sync 1 DAGs
[2024-03-06T13:51:49.914+0000] {logging_mixin.py:188} INFO - [2024-03-06T13:51:49.914+0000] {dag.py:3834} INFO - Setting next_dagrun for example_sensor_decorator to None, run_after=None
[2024-03-06T13:51:49.932+0000] {processor.py:183} INFO - Processing /home/airflow/.local/lib/python3.11/site-packages/airflow/example_dags/example_sensor_decorator.py took 0.067 seconds
[2024-03-06T13:52:20.392+0000] {processor.py:161} INFO - Started process (PID=4051) to work on /home/airflow/.local/lib/python3.11/site-packages/airflow/example_dags/example_sensor_decorator.py
[2024-03-06T13:52:20.394+0000] {processor.py:830} INFO - Processing file /home/airflow/.local/lib/python3.11/site-packages/airflow/example_dags/example_sensor_decorator.py for tasks to queue
[2024-03-06T13:52:20.396+0000] {logging_mixin.py:188} INFO - [2024-03-06T13:52:20.395+0000] {dagbag.py:540} INFO - Filling up the DagBag from /home/airflow/.local/lib/python3.11/site-packages/airflow/example_dags/example_sensor_decorator.py
[2024-03-06T13:52:20.404+0000] {processor.py:840} INFO - DAG(s) 'example_sensor_decorator' retrieved from /home/airflow/.local/lib/python3.11/site-packages/airflow/example_dags/example_sensor_decorator.py
[2024-03-06T13:52:20.427+0000] {logging_mixin.py:188} INFO - [2024-03-06T13:52:20.426+0000] {dag.py:3047} INFO - Sync 1 DAGs
[2024-03-06T13:52:20.438+0000] {logging_mixin.py:188} INFO - [2024-03-06T13:52:20.438+0000] {dag.py:3834} INFO - Setting next_dagrun for example_sensor_decorator to None, run_after=None
[2024-03-06T13:52:20.456+0000] {processor.py:183} INFO - Processing /home/airflow/.local/lib/python3.11/site-packages/airflow/example_dags/example_sensor_decorator.py took 0.067 seconds
[2024-03-06T13:52:50.826+0000] {processor.py:161} INFO - Started process (PID=4298) to work on /home/airflow/.local/lib/python3.11/site-packages/airflow/example_dags/example_sensor_decorator.py
[2024-03-06T13:52:50.827+0000] {processor.py:830} INFO - Processing file /home/airflow/.local/lib/python3.11/site-packages/airflow/example_dags/example_sensor_decorator.py for tasks to queue
[2024-03-06T13:52:50.828+0000] {logging_mixin.py:188} INFO - [2024-03-06T13:52:50.828+0000] {dagbag.py:540} INFO - Filling up the DagBag from /home/airflow/.local/lib/python3.11/site-packages/airflow/example_dags/example_sensor_decorator.py
[2024-03-06T13:52:50.840+0000] {processor.py:840} INFO - DAG(s) 'example_sensor_decorator' retrieved from /home/airflow/.local/lib/python3.11/site-packages/airflow/example_dags/example_sensor_decorator.py
[2024-03-06T13:52:50.870+0000] {logging_mixin.py:188} INFO - [2024-03-06T13:52:50.869+0000] {dag.py:3047} INFO - Sync 1 DAGs
[2024-03-06T13:52:50.897+0000] {logging_mixin.py:188} INFO - [2024-03-06T13:52:50.897+0000] {dag.py:3834} INFO - Setting next_dagrun for example_sensor_decorator to None, run_after=None
[2024-03-06T13:52:50.930+0000] {processor.py:183} INFO - Processing /home/airflow/.local/lib/python3.11/site-packages/airflow/example_dags/example_sensor_decorator.py took 0.109 seconds
[2024-03-06T13:53:22.702+0000] {processor.py:161} INFO - Started process (PID=4544) to work on /home/airflow/.local/lib/python3.11/site-packages/airflow/example_dags/example_sensor_decorator.py
[2024-03-06T13:53:22.703+0000] {processor.py:830} INFO - Processing file /home/airflow/.local/lib/python3.11/site-packages/airflow/example_dags/example_sensor_decorator.py for tasks to queue
[2024-03-06T13:53:22.707+0000] {logging_mixin.py:188} INFO - [2024-03-06T13:53:22.706+0000] {dagbag.py:540} INFO - Filling up the DagBag from /home/airflow/.local/lib/python3.11/site-packages/airflow/example_dags/example_sensor_decorator.py
[2024-03-06T13:53:22.715+0000] {processor.py:840} INFO - DAG(s) 'example_sensor_decorator' retrieved from /home/airflow/.local/lib/python3.11/site-packages/airflow/example_dags/example_sensor_decorator.py
[2024-03-06T13:53:22.733+0000] {logging_mixin.py:188} INFO - [2024-03-06T13:53:22.733+0000] {dag.py:3047} INFO - Sync 1 DAGs
[2024-03-06T13:53:22.744+0000] {logging_mixin.py:188} INFO - [2024-03-06T13:53:22.744+0000] {dag.py:3834} INFO - Setting next_dagrun for example_sensor_decorator to None, run_after=None
[2024-03-06T13:53:22.764+0000] {processor.py:183} INFO - Processing /home/airflow/.local/lib/python3.11/site-packages/airflow/example_dags/example_sensor_decorator.py took 0.065 seconds
[2024-03-06T13:53:53.633+0000] {processor.py:161} INFO - Started process (PID=4791) to work on /home/airflow/.local/lib/python3.11/site-packages/airflow/example_dags/example_sensor_decorator.py
[2024-03-06T13:53:53.635+0000] {processor.py:830} INFO - Processing file /home/airflow/.local/lib/python3.11/site-packages/airflow/example_dags/example_sensor_decorator.py for tasks to queue
[2024-03-06T13:53:53.636+0000] {logging_mixin.py:188} INFO - [2024-03-06T13:53:53.636+0000] {dagbag.py:540} INFO - Filling up the DagBag from /home/airflow/.local/lib/python3.11/site-packages/airflow/example_dags/example_sensor_decorator.py
[2024-03-06T13:53:53.643+0000] {processor.py:840} INFO - DAG(s) 'example_sensor_decorator' retrieved from /home/airflow/.local/lib/python3.11/site-packages/airflow/example_dags/example_sensor_decorator.py
[2024-03-06T13:53:53.670+0000] {logging_mixin.py:188} INFO - [2024-03-06T13:53:53.670+0000] {dag.py:3047} INFO - Sync 1 DAGs
[2024-03-06T13:53:53.688+0000] {logging_mixin.py:188} INFO - [2024-03-06T13:53:53.688+0000] {dag.py:3834} INFO - Setting next_dagrun for example_sensor_decorator to None, run_after=None
[2024-03-06T13:53:53.715+0000] {processor.py:183} INFO - Processing /home/airflow/.local/lib/python3.11/site-packages/airflow/example_dags/example_sensor_decorator.py took 0.088 seconds
[2024-03-06T13:54:24.266+0000] {processor.py:161} INFO - Started process (PID=5038) to work on /home/airflow/.local/lib/python3.11/site-packages/airflow/example_dags/example_sensor_decorator.py
[2024-03-06T13:54:24.267+0000] {processor.py:830} INFO - Processing file /home/airflow/.local/lib/python3.11/site-packages/airflow/example_dags/example_sensor_decorator.py for tasks to queue
[2024-03-06T13:54:24.268+0000] {logging_mixin.py:188} INFO - [2024-03-06T13:54:24.267+0000] {dagbag.py:540} INFO - Filling up the DagBag from /home/airflow/.local/lib/python3.11/site-packages/airflow/example_dags/example_sensor_decorator.py
[2024-03-06T13:54:24.275+0000] {processor.py:840} INFO - DAG(s) 'example_sensor_decorator' retrieved from /home/airflow/.local/lib/python3.11/site-packages/airflow/example_dags/example_sensor_decorator.py
[2024-03-06T13:54:24.295+0000] {logging_mixin.py:188} INFO - [2024-03-06T13:54:24.295+0000] {dag.py:3047} INFO - Sync 1 DAGs
[2024-03-06T13:54:24.328+0000] {logging_mixin.py:188} INFO - [2024-03-06T13:54:24.328+0000] {dag.py:3834} INFO - Setting next_dagrun for example_sensor_decorator to None, run_after=None
[2024-03-06T13:54:24.353+0000] {processor.py:183} INFO - Processing /home/airflow/.local/lib/python3.11/site-packages/airflow/example_dags/example_sensor_decorator.py took 0.091 seconds
[2024-03-06T13:54:55.084+0000] {processor.py:161} INFO - Started process (PID=5291) to work on /home/airflow/.local/lib/python3.11/site-packages/airflow/example_dags/example_sensor_decorator.py
[2024-03-06T13:54:55.086+0000] {processor.py:830} INFO - Processing file /home/airflow/.local/lib/python3.11/site-packages/airflow/example_dags/example_sensor_decorator.py for tasks to queue
[2024-03-06T13:54:55.087+0000] {logging_mixin.py:188} INFO - [2024-03-06T13:54:55.087+0000] {dagbag.py:540} INFO - Filling up the DagBag from /home/airflow/.local/lib/python3.11/site-packages/airflow/example_dags/example_sensor_decorator.py
[2024-03-06T13:54:55.094+0000] {processor.py:840} INFO - DAG(s) 'example_sensor_decorator' retrieved from /home/airflow/.local/lib/python3.11/site-packages/airflow/example_dags/example_sensor_decorator.py
[2024-03-06T13:54:55.111+0000] {logging_mixin.py:188} INFO - [2024-03-06T13:54:55.111+0000] {dag.py:3047} INFO - Sync 1 DAGs
[2024-03-06T13:54:55.123+0000] {logging_mixin.py:188} INFO - [2024-03-06T13:54:55.122+0000] {dag.py:3834} INFO - Setting next_dagrun for example_sensor_decorator to None, run_after=None
[2024-03-06T13:54:55.146+0000] {processor.py:183} INFO - Processing /home/airflow/.local/lib/python3.11/site-packages/airflow/example_dags/example_sensor_decorator.py took 0.065 seconds
[2024-03-06T13:55:25.639+0000] {processor.py:161} INFO - Started process (PID=5538) to work on /home/airflow/.local/lib/python3.11/site-packages/airflow/example_dags/example_sensor_decorator.py
[2024-03-06T13:55:25.644+0000] {processor.py:830} INFO - Processing file /home/airflow/.local/lib/python3.11/site-packages/airflow/example_dags/example_sensor_decorator.py for tasks to queue
[2024-03-06T13:55:25.647+0000] {logging_mixin.py:188} INFO - [2024-03-06T13:55:25.646+0000] {dagbag.py:540} INFO - Filling up the DagBag from /home/airflow/.local/lib/python3.11/site-packages/airflow/example_dags/example_sensor_decorator.py
[2024-03-06T13:55:25.659+0000] {processor.py:840} INFO - DAG(s) 'example_sensor_decorator' retrieved from /home/airflow/.local/lib/python3.11/site-packages/airflow/example_dags/example_sensor_decorator.py
[2024-03-06T13:55:25.723+0000] {logging_mixin.py:188} INFO - [2024-03-06T13:55:25.723+0000] {dag.py:3047} INFO - Sync 1 DAGs
[2024-03-06T13:55:25.764+0000] {logging_mixin.py:188} INFO - [2024-03-06T13:55:25.763+0000] {dag.py:3834} INFO - Setting next_dagrun for example_sensor_decorator to None, run_after=None
[2024-03-06T13:55:25.815+0000] {processor.py:183} INFO - Processing /home/airflow/.local/lib/python3.11/site-packages/airflow/example_dags/example_sensor_decorator.py took 0.187 seconds
[2024-03-06T13:55:56.691+0000] {processor.py:161} INFO - Started process (PID=5784) to work on /home/airflow/.local/lib/python3.11/site-packages/airflow/example_dags/example_sensor_decorator.py
[2024-03-06T13:55:56.692+0000] {processor.py:830} INFO - Processing file /home/airflow/.local/lib/python3.11/site-packages/airflow/example_dags/example_sensor_decorator.py for tasks to queue
[2024-03-06T13:55:56.694+0000] {logging_mixin.py:188} INFO - [2024-03-06T13:55:56.693+0000] {dagbag.py:540} INFO - Filling up the DagBag from /home/airflow/.local/lib/python3.11/site-packages/airflow/example_dags/example_sensor_decorator.py
[2024-03-06T13:55:56.705+0000] {processor.py:840} INFO - DAG(s) 'example_sensor_decorator' retrieved from /home/airflow/.local/lib/python3.11/site-packages/airflow/example_dags/example_sensor_decorator.py
[2024-03-06T13:55:56.736+0000] {logging_mixin.py:188} INFO - [2024-03-06T13:55:56.736+0000] {dag.py:3047} INFO - Sync 1 DAGs
[2024-03-06T13:55:56.754+0000] {logging_mixin.py:188} INFO - [2024-03-06T13:55:56.752+0000] {dag.py:3834} INFO - Setting next_dagrun for example_sensor_decorator to None, run_after=None
[2024-03-06T13:55:56.795+0000] {processor.py:183} INFO - Processing /home/airflow/.local/lib/python3.11/site-packages/airflow/example_dags/example_sensor_decorator.py took 0.113 seconds
[2024-03-06T13:56:27.112+0000] {processor.py:161} INFO - Started process (PID=6030) to work on /home/airflow/.local/lib/python3.11/site-packages/airflow/example_dags/example_sensor_decorator.py
[2024-03-06T13:56:27.122+0000] {processor.py:830} INFO - Processing file /home/airflow/.local/lib/python3.11/site-packages/airflow/example_dags/example_sensor_decorator.py for tasks to queue
[2024-03-06T13:56:27.126+0000] {logging_mixin.py:188} INFO - [2024-03-06T13:56:27.125+0000] {dagbag.py:540} INFO - Filling up the DagBag from /home/airflow/.local/lib/python3.11/site-packages/airflow/example_dags/example_sensor_decorator.py
[2024-03-06T13:56:27.186+0000] {processor.py:840} INFO - DAG(s) 'example_sensor_decorator' retrieved from /home/airflow/.local/lib/python3.11/site-packages/airflow/example_dags/example_sensor_decorator.py
[2024-03-06T13:56:27.255+0000] {logging_mixin.py:188} INFO - [2024-03-06T13:56:27.254+0000] {dag.py:3047} INFO - Sync 1 DAGs
[2024-03-06T13:56:27.305+0000] {logging_mixin.py:188} INFO - [2024-03-06T13:56:27.304+0000] {dag.py:3834} INFO - Setting next_dagrun for example_sensor_decorator to None, run_after=None
[2024-03-06T13:56:27.397+0000] {processor.py:183} INFO - Processing /home/airflow/.local/lib/python3.11/site-packages/airflow/example_dags/example_sensor_decorator.py took 0.301 seconds
[2024-03-06T13:56:57.896+0000] {processor.py:161} INFO - Started process (PID=6277) to work on /home/airflow/.local/lib/python3.11/site-packages/airflow/example_dags/example_sensor_decorator.py
[2024-03-06T13:56:57.898+0000] {processor.py:830} INFO - Processing file /home/airflow/.local/lib/python3.11/site-packages/airflow/example_dags/example_sensor_decorator.py for tasks to queue
[2024-03-06T13:56:57.899+0000] {logging_mixin.py:188} INFO - [2024-03-06T13:56:57.899+0000] {dagbag.py:540} INFO - Filling up the DagBag from /home/airflow/.local/lib/python3.11/site-packages/airflow/example_dags/example_sensor_decorator.py
[2024-03-06T13:56:57.910+0000] {processor.py:840} INFO - DAG(s) 'example_sensor_decorator' retrieved from /home/airflow/.local/lib/python3.11/site-packages/airflow/example_dags/example_sensor_decorator.py
[2024-03-06T13:56:57.942+0000] {logging_mixin.py:188} INFO - [2024-03-06T13:56:57.941+0000] {dag.py:3047} INFO - Sync 1 DAGs
[2024-03-06T13:56:57.962+0000] {logging_mixin.py:188} INFO - [2024-03-06T13:56:57.962+0000] {dag.py:3834} INFO - Setting next_dagrun for example_sensor_decorator to None, run_after=None
[2024-03-06T13:56:58.052+0000] {processor.py:183} INFO - Processing /home/airflow/.local/lib/python3.11/site-packages/airflow/example_dags/example_sensor_decorator.py took 0.161 seconds
[2024-03-06T13:57:28.491+0000] {processor.py:161} INFO - Started process (PID=6524) to work on /home/airflow/.local/lib/python3.11/site-packages/airflow/example_dags/example_sensor_decorator.py
[2024-03-06T13:57:28.492+0000] {processor.py:830} INFO - Processing file /home/airflow/.local/lib/python3.11/site-packages/airflow/example_dags/example_sensor_decorator.py for tasks to queue
[2024-03-06T13:57:28.493+0000] {logging_mixin.py:188} INFO - [2024-03-06T13:57:28.492+0000] {dagbag.py:540} INFO - Filling up the DagBag from /home/airflow/.local/lib/python3.11/site-packages/airflow/example_dags/example_sensor_decorator.py
[2024-03-06T13:57:28.500+0000] {processor.py:840} INFO - DAG(s) 'example_sensor_decorator' retrieved from /home/airflow/.local/lib/python3.11/site-packages/airflow/example_dags/example_sensor_decorator.py
[2024-03-06T13:57:28.524+0000] {logging_mixin.py:188} INFO - [2024-03-06T13:57:28.524+0000] {dag.py:3047} INFO - Sync 1 DAGs
[2024-03-06T13:57:28.542+0000] {logging_mixin.py:188} INFO - [2024-03-06T13:57:28.541+0000] {dag.py:3834} INFO - Setting next_dagrun for example_sensor_decorator to None, run_after=None
[2024-03-06T13:57:28.593+0000] {processor.py:183} INFO - Processing /home/airflow/.local/lib/python3.11/site-packages/airflow/example_dags/example_sensor_decorator.py took 0.106 seconds
[2024-03-06T13:57:58.754+0000] {processor.py:161} INFO - Started process (PID=6770) to work on /home/airflow/.local/lib/python3.11/site-packages/airflow/example_dags/example_sensor_decorator.py
[2024-03-06T13:57:58.759+0000] {processor.py:830} INFO - Processing file /home/airflow/.local/lib/python3.11/site-packages/airflow/example_dags/example_sensor_decorator.py for tasks to queue
[2024-03-06T13:57:58.767+0000] {logging_mixin.py:188} INFO - [2024-03-06T13:57:58.766+0000] {dagbag.py:540} INFO - Filling up the DagBag from /home/airflow/.local/lib/python3.11/site-packages/airflow/example_dags/example_sensor_decorator.py
[2024-03-06T13:57:58.778+0000] {processor.py:840} INFO - DAG(s) 'example_sensor_decorator' retrieved from /home/airflow/.local/lib/python3.11/site-packages/airflow/example_dags/example_sensor_decorator.py
[2024-03-06T13:57:58.822+0000] {logging_mixin.py:188} INFO - [2024-03-06T13:57:58.821+0000] {dag.py:3047} INFO - Sync 1 DAGs
[2024-03-06T13:57:58.854+0000] {logging_mixin.py:188} INFO - [2024-03-06T13:57:58.854+0000] {dag.py:3834} INFO - Setting next_dagrun for example_sensor_decorator to None, run_after=None
[2024-03-06T13:57:58.888+0000] {processor.py:183} INFO - Processing /home/airflow/.local/lib/python3.11/site-packages/airflow/example_dags/example_sensor_decorator.py took 0.141 seconds
[2024-03-06T13:58:29.311+0000] {processor.py:161} INFO - Started process (PID=7016) to work on /home/airflow/.local/lib/python3.11/site-packages/airflow/example_dags/example_sensor_decorator.py
[2024-03-06T13:58:29.312+0000] {processor.py:830} INFO - Processing file /home/airflow/.local/lib/python3.11/site-packages/airflow/example_dags/example_sensor_decorator.py for tasks to queue
[2024-03-06T13:58:29.315+0000] {logging_mixin.py:188} INFO - [2024-03-06T13:58:29.314+0000] {dagbag.py:540} INFO - Filling up the DagBag from /home/airflow/.local/lib/python3.11/site-packages/airflow/example_dags/example_sensor_decorator.py
[2024-03-06T13:58:29.326+0000] {processor.py:840} INFO - DAG(s) 'example_sensor_decorator' retrieved from /home/airflow/.local/lib/python3.11/site-packages/airflow/example_dags/example_sensor_decorator.py
[2024-03-06T13:58:29.355+0000] {logging_mixin.py:188} INFO - [2024-03-06T13:58:29.355+0000] {dag.py:3047} INFO - Sync 1 DAGs
[2024-03-06T13:58:29.373+0000] {logging_mixin.py:188} INFO - [2024-03-06T13:58:29.372+0000] {dag.py:3834} INFO - Setting next_dagrun for example_sensor_decorator to None, run_after=None
[2024-03-06T13:58:29.422+0000] {processor.py:183} INFO - Processing /home/airflow/.local/lib/python3.11/site-packages/airflow/example_dags/example_sensor_decorator.py took 0.114 seconds
[2024-03-06T13:58:59.874+0000] {processor.py:161} INFO - Started process (PID=7263) to work on /home/airflow/.local/lib/python3.11/site-packages/airflow/example_dags/example_sensor_decorator.py
[2024-03-06T13:58:59.876+0000] {processor.py:830} INFO - Processing file /home/airflow/.local/lib/python3.11/site-packages/airflow/example_dags/example_sensor_decorator.py for tasks to queue
[2024-03-06T13:58:59.878+0000] {logging_mixin.py:188} INFO - [2024-03-06T13:58:59.877+0000] {dagbag.py:540} INFO - Filling up the DagBag from /home/airflow/.local/lib/python3.11/site-packages/airflow/example_dags/example_sensor_decorator.py
[2024-03-06T13:58:59.888+0000] {processor.py:840} INFO - DAG(s) 'example_sensor_decorator' retrieved from /home/airflow/.local/lib/python3.11/site-packages/airflow/example_dags/example_sensor_decorator.py
[2024-03-06T13:58:59.915+0000] {logging_mixin.py:188} INFO - [2024-03-06T13:58:59.915+0000] {dag.py:3047} INFO - Sync 1 DAGs
[2024-03-06T13:58:59.936+0000] {logging_mixin.py:188} INFO - [2024-03-06T13:58:59.935+0000] {dag.py:3834} INFO - Setting next_dagrun for example_sensor_decorator to None, run_after=None
[2024-03-06T13:58:59.967+0000] {processor.py:183} INFO - Processing /home/airflow/.local/lib/python3.11/site-packages/airflow/example_dags/example_sensor_decorator.py took 0.100 seconds
[2024-03-06T13:59:30.283+0000] {processor.py:161} INFO - Started process (PID=7510) to work on /home/airflow/.local/lib/python3.11/site-packages/airflow/example_dags/example_sensor_decorator.py
[2024-03-06T13:59:30.287+0000] {processor.py:830} INFO - Processing file /home/airflow/.local/lib/python3.11/site-packages/airflow/example_dags/example_sensor_decorator.py for tasks to queue
[2024-03-06T13:59:30.290+0000] {logging_mixin.py:188} INFO - [2024-03-06T13:59:30.289+0000] {dagbag.py:540} INFO - Filling up the DagBag from /home/airflow/.local/lib/python3.11/site-packages/airflow/example_dags/example_sensor_decorator.py
[2024-03-06T13:59:30.299+0000] {processor.py:840} INFO - DAG(s) 'example_sensor_decorator' retrieved from /home/airflow/.local/lib/python3.11/site-packages/airflow/example_dags/example_sensor_decorator.py
[2024-03-06T13:59:30.334+0000] {logging_mixin.py:188} INFO - [2024-03-06T13:59:30.334+0000] {dag.py:3047} INFO - Sync 1 DAGs
[2024-03-06T13:59:30.353+0000] {logging_mixin.py:188} INFO - [2024-03-06T13:59:30.352+0000] {dag.py:3834} INFO - Setting next_dagrun for example_sensor_decorator to None, run_after=None
[2024-03-06T13:59:30.385+0000] {processor.py:183} INFO - Processing /home/airflow/.local/lib/python3.11/site-packages/airflow/example_dags/example_sensor_decorator.py took 0.107 seconds
[2024-03-06T14:00:01.249+0000] {processor.py:161} INFO - Started process (PID=7756) to work on /home/airflow/.local/lib/python3.11/site-packages/airflow/example_dags/example_sensor_decorator.py
[2024-03-06T14:00:01.250+0000] {processor.py:830} INFO - Processing file /home/airflow/.local/lib/python3.11/site-packages/airflow/example_dags/example_sensor_decorator.py for tasks to queue
[2024-03-06T14:00:01.251+0000] {logging_mixin.py:188} INFO - [2024-03-06T14:00:01.250+0000] {dagbag.py:540} INFO - Filling up the DagBag from /home/airflow/.local/lib/python3.11/site-packages/airflow/example_dags/example_sensor_decorator.py
[2024-03-06T14:00:01.261+0000] {processor.py:840} INFO - DAG(s) 'example_sensor_decorator' retrieved from /home/airflow/.local/lib/python3.11/site-packages/airflow/example_dags/example_sensor_decorator.py
[2024-03-06T14:00:01.280+0000] {logging_mixin.py:188} INFO - [2024-03-06T14:00:01.280+0000] {dag.py:3047} INFO - Sync 1 DAGs
[2024-03-06T14:00:01.292+0000] {logging_mixin.py:188} INFO - [2024-03-06T14:00:01.292+0000] {dag.py:3834} INFO - Setting next_dagrun for example_sensor_decorator to None, run_after=None
[2024-03-06T14:00:01.319+0000] {processor.py:183} INFO - Processing /home/airflow/.local/lib/python3.11/site-packages/airflow/example_dags/example_sensor_decorator.py took 0.074 seconds
[2024-03-06T14:00:31.565+0000] {processor.py:161} INFO - Started process (PID=8003) to work on /home/airflow/.local/lib/python3.11/site-packages/airflow/example_dags/example_sensor_decorator.py
[2024-03-06T14:00:31.567+0000] {processor.py:830} INFO - Processing file /home/airflow/.local/lib/python3.11/site-packages/airflow/example_dags/example_sensor_decorator.py for tasks to queue
[2024-03-06T14:00:31.572+0000] {logging_mixin.py:188} INFO - [2024-03-06T14:00:31.571+0000] {dagbag.py:540} INFO - Filling up the DagBag from /home/airflow/.local/lib/python3.11/site-packages/airflow/example_dags/example_sensor_decorator.py
[2024-03-06T14:00:31.583+0000] {processor.py:840} INFO - DAG(s) 'example_sensor_decorator' retrieved from /home/airflow/.local/lib/python3.11/site-packages/airflow/example_dags/example_sensor_decorator.py
[2024-03-06T14:00:31.611+0000] {logging_mixin.py:188} INFO - [2024-03-06T14:00:31.611+0000] {dag.py:3047} INFO - Sync 1 DAGs
[2024-03-06T14:00:31.626+0000] {logging_mixin.py:188} INFO - [2024-03-06T14:00:31.626+0000] {dag.py:3834} INFO - Setting next_dagrun for example_sensor_decorator to None, run_after=None
[2024-03-06T14:00:31.665+0000] {processor.py:183} INFO - Processing /home/airflow/.local/lib/python3.11/site-packages/airflow/example_dags/example_sensor_decorator.py took 0.109 seconds
[2024-03-06T14:01:01.792+0000] {processor.py:161} INFO - Started process (PID=8249) to work on /home/airflow/.local/lib/python3.11/site-packages/airflow/example_dags/example_sensor_decorator.py
[2024-03-06T14:01:01.794+0000] {processor.py:830} INFO - Processing file /home/airflow/.local/lib/python3.11/site-packages/airflow/example_dags/example_sensor_decorator.py for tasks to queue
[2024-03-06T14:01:01.795+0000] {logging_mixin.py:188} INFO - [2024-03-06T14:01:01.795+0000] {dagbag.py:540} INFO - Filling up the DagBag from /home/airflow/.local/lib/python3.11/site-packages/airflow/example_dags/example_sensor_decorator.py
[2024-03-06T14:01:01.806+0000] {processor.py:840} INFO - DAG(s) 'example_sensor_decorator' retrieved from /home/airflow/.local/lib/python3.11/site-packages/airflow/example_dags/example_sensor_decorator.py
[2024-03-06T14:01:01.863+0000] {logging_mixin.py:188} INFO - [2024-03-06T14:01:01.861+0000] {dag.py:3047} INFO - Sync 1 DAGs
[2024-03-06T14:01:01.888+0000] {logging_mixin.py:188} INFO - [2024-03-06T14:01:01.888+0000] {dag.py:3834} INFO - Setting next_dagrun for example_sensor_decorator to None, run_after=None
[2024-03-06T14:01:01.946+0000] {processor.py:183} INFO - Processing /home/airflow/.local/lib/python3.11/site-packages/airflow/example_dags/example_sensor_decorator.py took 0.159 seconds
[2024-03-06T14:01:32.435+0000] {processor.py:161} INFO - Started process (PID=8496) to work on /home/airflow/.local/lib/python3.11/site-packages/airflow/example_dags/example_sensor_decorator.py
[2024-03-06T14:01:32.437+0000] {processor.py:830} INFO - Processing file /home/airflow/.local/lib/python3.11/site-packages/airflow/example_dags/example_sensor_decorator.py for tasks to queue
[2024-03-06T14:01:32.438+0000] {logging_mixin.py:188} INFO - [2024-03-06T14:01:32.438+0000] {dagbag.py:540} INFO - Filling up the DagBag from /home/airflow/.local/lib/python3.11/site-packages/airflow/example_dags/example_sensor_decorator.py
[2024-03-06T14:01:32.446+0000] {processor.py:840} INFO - DAG(s) 'example_sensor_decorator' retrieved from /home/airflow/.local/lib/python3.11/site-packages/airflow/example_dags/example_sensor_decorator.py
[2024-03-06T14:01:32.496+0000] {logging_mixin.py:188} INFO - [2024-03-06T14:01:32.496+0000] {dag.py:3047} INFO - Sync 1 DAGs
[2024-03-06T14:01:32.525+0000] {logging_mixin.py:188} INFO - [2024-03-06T14:01:32.524+0000] {dag.py:3834} INFO - Setting next_dagrun for example_sensor_decorator to None, run_after=None
[2024-03-06T14:01:32.609+0000] {processor.py:183} INFO - Processing /home/airflow/.local/lib/python3.11/site-packages/airflow/example_dags/example_sensor_decorator.py took 0.179 seconds
[2024-03-06T14:02:02.741+0000] {processor.py:161} INFO - Started process (PID=8740) to work on /home/airflow/.local/lib/python3.11/site-packages/airflow/example_dags/example_sensor_decorator.py
[2024-03-06T14:02:02.742+0000] {processor.py:830} INFO - Processing file /home/airflow/.local/lib/python3.11/site-packages/airflow/example_dags/example_sensor_decorator.py for tasks to queue
[2024-03-06T14:02:02.743+0000] {logging_mixin.py:188} INFO - [2024-03-06T14:02:02.743+0000] {dagbag.py:540} INFO - Filling up the DagBag from /home/airflow/.local/lib/python3.11/site-packages/airflow/example_dags/example_sensor_decorator.py
[2024-03-06T14:02:02.749+0000] {processor.py:840} INFO - DAG(s) 'example_sensor_decorator' retrieved from /home/airflow/.local/lib/python3.11/site-packages/airflow/example_dags/example_sensor_decorator.py
[2024-03-06T14:02:02.767+0000] {logging_mixin.py:188} INFO - [2024-03-06T14:02:02.767+0000] {dag.py:3047} INFO - Sync 1 DAGs
[2024-03-06T14:02:02.777+0000] {logging_mixin.py:188} INFO - [2024-03-06T14:02:02.776+0000] {dag.py:3834} INFO - Setting next_dagrun for example_sensor_decorator to None, run_after=None
[2024-03-06T14:02:02.805+0000] {processor.py:183} INFO - Processing /home/airflow/.local/lib/python3.11/site-packages/airflow/example_dags/example_sensor_decorator.py took 0.067 seconds
[2024-03-06T14:02:33.398+0000] {processor.py:161} INFO - Started process (PID=8990) to work on /home/airflow/.local/lib/python3.11/site-packages/airflow/example_dags/example_sensor_decorator.py
[2024-03-06T14:02:33.400+0000] {processor.py:830} INFO - Processing file /home/airflow/.local/lib/python3.11/site-packages/airflow/example_dags/example_sensor_decorator.py for tasks to queue
[2024-03-06T14:02:33.401+0000] {logging_mixin.py:188} INFO - [2024-03-06T14:02:33.401+0000] {dagbag.py:540} INFO - Filling up the DagBag from /home/airflow/.local/lib/python3.11/site-packages/airflow/example_dags/example_sensor_decorator.py
[2024-03-06T14:02:33.410+0000] {processor.py:840} INFO - DAG(s) 'example_sensor_decorator' retrieved from /home/airflow/.local/lib/python3.11/site-packages/airflow/example_dags/example_sensor_decorator.py
[2024-03-06T14:02:33.435+0000] {logging_mixin.py:188} INFO - [2024-03-06T14:02:33.435+0000] {dag.py:3047} INFO - Sync 1 DAGs
[2024-03-06T14:02:33.449+0000] {logging_mixin.py:188} INFO - [2024-03-06T14:02:33.449+0000] {dag.py:3834} INFO - Setting next_dagrun for example_sensor_decorator to None, run_after=None
[2024-03-06T14:02:33.479+0000] {processor.py:183} INFO - Processing /home/airflow/.local/lib/python3.11/site-packages/airflow/example_dags/example_sensor_decorator.py took 0.087 seconds
[2024-03-06T14:03:03.596+0000] {processor.py:161} INFO - Started process (PID=9237) to work on /home/airflow/.local/lib/python3.11/site-packages/airflow/example_dags/example_sensor_decorator.py
[2024-03-06T14:03:03.597+0000] {processor.py:830} INFO - Processing file /home/airflow/.local/lib/python3.11/site-packages/airflow/example_dags/example_sensor_decorator.py for tasks to queue
[2024-03-06T14:03:03.598+0000] {logging_mixin.py:188} INFO - [2024-03-06T14:03:03.598+0000] {dagbag.py:540} INFO - Filling up the DagBag from /home/airflow/.local/lib/python3.11/site-packages/airflow/example_dags/example_sensor_decorator.py
[2024-03-06T14:03:03.607+0000] {processor.py:840} INFO - DAG(s) 'example_sensor_decorator' retrieved from /home/airflow/.local/lib/python3.11/site-packages/airflow/example_dags/example_sensor_decorator.py
[2024-03-06T14:03:03.626+0000] {logging_mixin.py:188} INFO - [2024-03-06T14:03:03.626+0000] {dag.py:3047} INFO - Sync 1 DAGs
[2024-03-06T14:03:03.639+0000] {logging_mixin.py:188} INFO - [2024-03-06T14:03:03.639+0000] {dag.py:3834} INFO - Setting next_dagrun for example_sensor_decorator to None, run_after=None
[2024-03-06T14:03:03.659+0000] {processor.py:183} INFO - Processing /home/airflow/.local/lib/python3.11/site-packages/airflow/example_dags/example_sensor_decorator.py took 0.067 seconds
[2024-03-06T14:03:34.059+0000] {processor.py:161} INFO - Started process (PID=9484) to work on /home/airflow/.local/lib/python3.11/site-packages/airflow/example_dags/example_sensor_decorator.py
[2024-03-06T14:03:34.061+0000] {processor.py:830} INFO - Processing file /home/airflow/.local/lib/python3.11/site-packages/airflow/example_dags/example_sensor_decorator.py for tasks to queue
[2024-03-06T14:03:34.063+0000] {logging_mixin.py:188} INFO - [2024-03-06T14:03:34.062+0000] {dagbag.py:540} INFO - Filling up the DagBag from /home/airflow/.local/lib/python3.11/site-packages/airflow/example_dags/example_sensor_decorator.py
[2024-03-06T14:03:34.073+0000] {processor.py:840} INFO - DAG(s) 'example_sensor_decorator' retrieved from /home/airflow/.local/lib/python3.11/site-packages/airflow/example_dags/example_sensor_decorator.py
[2024-03-06T14:03:34.124+0000] {logging_mixin.py:188} INFO - [2024-03-06T14:03:34.124+0000] {dag.py:3047} INFO - Sync 1 DAGs
[2024-03-06T14:03:34.168+0000] {logging_mixin.py:188} INFO - [2024-03-06T14:03:34.167+0000] {dag.py:3834} INFO - Setting next_dagrun for example_sensor_decorator to None, run_after=None
[2024-03-06T14:03:34.221+0000] {processor.py:183} INFO - Processing /home/airflow/.local/lib/python3.11/site-packages/airflow/example_dags/example_sensor_decorator.py took 0.165 seconds
[2024-03-06T14:04:04.261+0000] {processor.py:161} INFO - Started process (PID=9728) to work on /home/airflow/.local/lib/python3.11/site-packages/airflow/example_dags/example_sensor_decorator.py
[2024-03-06T14:04:04.263+0000] {processor.py:830} INFO - Processing file /home/airflow/.local/lib/python3.11/site-packages/airflow/example_dags/example_sensor_decorator.py for tasks to queue
[2024-03-06T14:04:04.264+0000] {logging_mixin.py:188} INFO - [2024-03-06T14:04:04.264+0000] {dagbag.py:540} INFO - Filling up the DagBag from /home/airflow/.local/lib/python3.11/site-packages/airflow/example_dags/example_sensor_decorator.py
[2024-03-06T14:04:04.272+0000] {processor.py:840} INFO - DAG(s) 'example_sensor_decorator' retrieved from /home/airflow/.local/lib/python3.11/site-packages/airflow/example_dags/example_sensor_decorator.py
[2024-03-06T14:04:04.297+0000] {logging_mixin.py:188} INFO - [2024-03-06T14:04:04.297+0000] {dag.py:3047} INFO - Sync 1 DAGs
[2024-03-06T14:04:04.309+0000] {logging_mixin.py:188} INFO - [2024-03-06T14:04:04.309+0000] {dag.py:3834} INFO - Setting next_dagrun for example_sensor_decorator to None, run_after=None
[2024-03-06T14:04:04.326+0000] {processor.py:183} INFO - Processing /home/airflow/.local/lib/python3.11/site-packages/airflow/example_dags/example_sensor_decorator.py took 0.068 seconds
[2024-03-06T14:04:34.663+0000] {processor.py:161} INFO - Started process (PID=9978) to work on /home/airflow/.local/lib/python3.11/site-packages/airflow/example_dags/example_sensor_decorator.py
[2024-03-06T14:04:34.668+0000] {processor.py:830} INFO - Processing file /home/airflow/.local/lib/python3.11/site-packages/airflow/example_dags/example_sensor_decorator.py for tasks to queue
[2024-03-06T14:04:34.671+0000] {logging_mixin.py:188} INFO - [2024-03-06T14:04:34.671+0000] {dagbag.py:540} INFO - Filling up the DagBag from /home/airflow/.local/lib/python3.11/site-packages/airflow/example_dags/example_sensor_decorator.py
[2024-03-06T14:04:34.683+0000] {processor.py:840} INFO - DAG(s) 'example_sensor_decorator' retrieved from /home/airflow/.local/lib/python3.11/site-packages/airflow/example_dags/example_sensor_decorator.py
[2024-03-06T14:04:34.717+0000] {logging_mixin.py:188} INFO - [2024-03-06T14:04:34.717+0000] {dag.py:3047} INFO - Sync 1 DAGs
[2024-03-06T14:04:34.741+0000] {logging_mixin.py:188} INFO - [2024-03-06T14:04:34.741+0000] {dag.py:3834} INFO - Setting next_dagrun for example_sensor_decorator to None, run_after=None
[2024-03-06T14:04:34.769+0000] {processor.py:183} INFO - Processing /home/airflow/.local/lib/python3.11/site-packages/airflow/example_dags/example_sensor_decorator.py took 0.115 seconds
[2024-03-06T14:05:05.239+0000] {processor.py:161} INFO - Started process (PID=10227) to work on /home/airflow/.local/lib/python3.11/site-packages/airflow/example_dags/example_sensor_decorator.py
[2024-03-06T14:05:05.240+0000] {processor.py:830} INFO - Processing file /home/airflow/.local/lib/python3.11/site-packages/airflow/example_dags/example_sensor_decorator.py for tasks to queue
[2024-03-06T14:05:05.242+0000] {logging_mixin.py:188} INFO - [2024-03-06T14:05:05.242+0000] {dagbag.py:540} INFO - Filling up the DagBag from /home/airflow/.local/lib/python3.11/site-packages/airflow/example_dags/example_sensor_decorator.py
[2024-03-06T14:05:05.249+0000] {processor.py:840} INFO - DAG(s) 'example_sensor_decorator' retrieved from /home/airflow/.local/lib/python3.11/site-packages/airflow/example_dags/example_sensor_decorator.py
[2024-03-06T14:05:05.270+0000] {logging_mixin.py:188} INFO - [2024-03-06T14:05:05.270+0000] {dag.py:3047} INFO - Sync 1 DAGs
[2024-03-06T14:05:05.282+0000] {logging_mixin.py:188} INFO - [2024-03-06T14:05:05.282+0000] {dag.py:3834} INFO - Setting next_dagrun for example_sensor_decorator to None, run_after=None
[2024-03-06T14:05:05.308+0000] {processor.py:183} INFO - Processing /home/airflow/.local/lib/python3.11/site-packages/airflow/example_dags/example_sensor_decorator.py took 0.072 seconds
[2024-03-06T14:05:36.183+0000] {processor.py:161} INFO - Started process (PID=10474) to work on /home/airflow/.local/lib/python3.11/site-packages/airflow/example_dags/example_sensor_decorator.py
[2024-03-06T14:05:36.184+0000] {processor.py:830} INFO - Processing file /home/airflow/.local/lib/python3.11/site-packages/airflow/example_dags/example_sensor_decorator.py for tasks to queue
[2024-03-06T14:05:36.186+0000] {logging_mixin.py:188} INFO - [2024-03-06T14:05:36.185+0000] {dagbag.py:540} INFO - Filling up the DagBag from /home/airflow/.local/lib/python3.11/site-packages/airflow/example_dags/example_sensor_decorator.py
[2024-03-06T14:05:36.192+0000] {processor.py:840} INFO - DAG(s) 'example_sensor_decorator' retrieved from /home/airflow/.local/lib/python3.11/site-packages/airflow/example_dags/example_sensor_decorator.py
[2024-03-06T14:05:36.226+0000] {logging_mixin.py:188} INFO - [2024-03-06T14:05:36.225+0000] {dag.py:3047} INFO - Sync 1 DAGs
[2024-03-06T14:05:36.254+0000] {logging_mixin.py:188} INFO - [2024-03-06T14:05:36.253+0000] {dag.py:3834} INFO - Setting next_dagrun for example_sensor_decorator to None, run_after=None
[2024-03-06T14:05:36.285+0000] {processor.py:183} INFO - Processing /home/airflow/.local/lib/python3.11/site-packages/airflow/example_dags/example_sensor_decorator.py took 0.106 seconds
[2024-03-06T14:06:06.416+0000] {processor.py:161} INFO - Started process (PID=10719) to work on /home/airflow/.local/lib/python3.11/site-packages/airflow/example_dags/example_sensor_decorator.py
[2024-03-06T14:06:06.421+0000] {processor.py:830} INFO - Processing file /home/airflow/.local/lib/python3.11/site-packages/airflow/example_dags/example_sensor_decorator.py for tasks to queue
[2024-03-06T14:06:06.429+0000] {logging_mixin.py:188} INFO - [2024-03-06T14:06:06.428+0000] {dagbag.py:540} INFO - Filling up the DagBag from /home/airflow/.local/lib/python3.11/site-packages/airflow/example_dags/example_sensor_decorator.py
[2024-03-06T14:06:06.444+0000] {processor.py:840} INFO - DAG(s) 'example_sensor_decorator' retrieved from /home/airflow/.local/lib/python3.11/site-packages/airflow/example_dags/example_sensor_decorator.py
[2024-03-06T14:06:06.528+0000] {logging_mixin.py:188} INFO - [2024-03-06T14:06:06.528+0000] {dag.py:3047} INFO - Sync 1 DAGs
[2024-03-06T14:06:06.556+0000] {logging_mixin.py:188} INFO - [2024-03-06T14:06:06.555+0000] {dag.py:3834} INFO - Setting next_dagrun for example_sensor_decorator to None, run_after=None
[2024-03-06T14:06:06.597+0000] {processor.py:183} INFO - Processing /home/airflow/.local/lib/python3.11/site-packages/airflow/example_dags/example_sensor_decorator.py took 0.187 seconds
[2024-03-06T14:06:37.470+0000] {processor.py:161} INFO - Started process (PID=10967) to work on /home/airflow/.local/lib/python3.11/site-packages/airflow/example_dags/example_sensor_decorator.py
[2024-03-06T14:06:37.471+0000] {processor.py:830} INFO - Processing file /home/airflow/.local/lib/python3.11/site-packages/airflow/example_dags/example_sensor_decorator.py for tasks to queue
[2024-03-06T14:06:37.473+0000] {logging_mixin.py:188} INFO - [2024-03-06T14:06:37.473+0000] {dagbag.py:540} INFO - Filling up the DagBag from /home/airflow/.local/lib/python3.11/site-packages/airflow/example_dags/example_sensor_decorator.py
[2024-03-06T14:06:37.481+0000] {processor.py:840} INFO - DAG(s) 'example_sensor_decorator' retrieved from /home/airflow/.local/lib/python3.11/site-packages/airflow/example_dags/example_sensor_decorator.py
[2024-03-06T14:06:37.502+0000] {logging_mixin.py:188} INFO - [2024-03-06T14:06:37.501+0000] {dag.py:3047} INFO - Sync 1 DAGs
[2024-03-06T14:06:37.514+0000] {logging_mixin.py:188} INFO - [2024-03-06T14:06:37.514+0000] {dag.py:3834} INFO - Setting next_dagrun for example_sensor_decorator to None, run_after=None
[2024-03-06T14:06:37.536+0000] {processor.py:183} INFO - Processing /home/airflow/.local/lib/python3.11/site-packages/airflow/example_dags/example_sensor_decorator.py took 0.069 seconds
[2024-03-06T14:07:07.952+0000] {processor.py:161} INFO - Started process (PID=11212) to work on /home/airflow/.local/lib/python3.11/site-packages/airflow/example_dags/example_sensor_decorator.py
[2024-03-06T14:07:07.954+0000] {processor.py:830} INFO - Processing file /home/airflow/.local/lib/python3.11/site-packages/airflow/example_dags/example_sensor_decorator.py for tasks to queue
[2024-03-06T14:07:07.956+0000] {logging_mixin.py:188} INFO - [2024-03-06T14:07:07.955+0000] {dagbag.py:540} INFO - Filling up the DagBag from /home/airflow/.local/lib/python3.11/site-packages/airflow/example_dags/example_sensor_decorator.py
[2024-03-06T14:07:07.967+0000] {processor.py:840} INFO - DAG(s) 'example_sensor_decorator' retrieved from /home/airflow/.local/lib/python3.11/site-packages/airflow/example_dags/example_sensor_decorator.py
[2024-03-06T14:07:08.014+0000] {logging_mixin.py:188} INFO - [2024-03-06T14:07:08.014+0000] {dag.py:3047} INFO - Sync 1 DAGs
[2024-03-06T14:07:08.054+0000] {logging_mixin.py:188} INFO - [2024-03-06T14:07:08.053+0000] {dag.py:3834} INFO - Setting next_dagrun for example_sensor_decorator to None, run_after=None
[2024-03-06T14:07:08.112+0000] {processor.py:183} INFO - Processing /home/airflow/.local/lib/python3.11/site-packages/airflow/example_dags/example_sensor_decorator.py took 0.165 seconds
[2024-03-06T14:07:38.938+0000] {processor.py:161} INFO - Started process (PID=11461) to work on /home/airflow/.local/lib/python3.11/site-packages/airflow/example_dags/example_sensor_decorator.py
[2024-03-06T14:07:38.939+0000] {processor.py:830} INFO - Processing file /home/airflow/.local/lib/python3.11/site-packages/airflow/example_dags/example_sensor_decorator.py for tasks to queue
[2024-03-06T14:07:38.941+0000] {logging_mixin.py:188} INFO - [2024-03-06T14:07:38.940+0000] {dagbag.py:540} INFO - Filling up the DagBag from /home/airflow/.local/lib/python3.11/site-packages/airflow/example_dags/example_sensor_decorator.py
[2024-03-06T14:07:38.948+0000] {processor.py:840} INFO - DAG(s) 'example_sensor_decorator' retrieved from /home/airflow/.local/lib/python3.11/site-packages/airflow/example_dags/example_sensor_decorator.py
[2024-03-06T14:07:38.969+0000] {logging_mixin.py:188} INFO - [2024-03-06T14:07:38.969+0000] {dag.py:3047} INFO - Sync 1 DAGs
[2024-03-06T14:07:38.984+0000] {logging_mixin.py:188} INFO - [2024-03-06T14:07:38.984+0000] {dag.py:3834} INFO - Setting next_dagrun for example_sensor_decorator to None, run_after=None
[2024-03-06T14:07:39.009+0000] {processor.py:183} INFO - Processing /home/airflow/.local/lib/python3.11/site-packages/airflow/example_dags/example_sensor_decorator.py took 0.075 seconds
[2024-03-06T14:08:09.896+0000] {processor.py:161} INFO - Started process (PID=11708) to work on /home/airflow/.local/lib/python3.11/site-packages/airflow/example_dags/example_sensor_decorator.py
[2024-03-06T14:08:09.898+0000] {processor.py:830} INFO - Processing file /home/airflow/.local/lib/python3.11/site-packages/airflow/example_dags/example_sensor_decorator.py for tasks to queue
[2024-03-06T14:08:09.899+0000] {logging_mixin.py:188} INFO - [2024-03-06T14:08:09.899+0000] {dagbag.py:540} INFO - Filling up the DagBag from /home/airflow/.local/lib/python3.11/site-packages/airflow/example_dags/example_sensor_decorator.py
[2024-03-06T14:08:09.913+0000] {processor.py:840} INFO - DAG(s) 'example_sensor_decorator' retrieved from /home/airflow/.local/lib/python3.11/site-packages/airflow/example_dags/example_sensor_decorator.py
[2024-03-06T14:08:09.943+0000] {logging_mixin.py:188} INFO - [2024-03-06T14:08:09.943+0000] {dag.py:3047} INFO - Sync 1 DAGs
[2024-03-06T14:08:09.959+0000] {logging_mixin.py:188} INFO - [2024-03-06T14:08:09.958+0000] {dag.py:3834} INFO - Setting next_dagrun for example_sensor_decorator to None, run_after=None
[2024-03-06T14:08:09.981+0000] {processor.py:183} INFO - Processing /home/airflow/.local/lib/python3.11/site-packages/airflow/example_dags/example_sensor_decorator.py took 0.090 seconds
[2024-03-06T14:08:40.022+0000] {processor.py:161} INFO - Started process (PID=11955) to work on /home/airflow/.local/lib/python3.11/site-packages/airflow/example_dags/example_sensor_decorator.py
[2024-03-06T14:08:40.023+0000] {processor.py:830} INFO - Processing file /home/airflow/.local/lib/python3.11/site-packages/airflow/example_dags/example_sensor_decorator.py for tasks to queue
[2024-03-06T14:08:40.024+0000] {logging_mixin.py:188} INFO - [2024-03-06T14:08:40.024+0000] {dagbag.py:540} INFO - Filling up the DagBag from /home/airflow/.local/lib/python3.11/site-packages/airflow/example_dags/example_sensor_decorator.py
[2024-03-06T14:08:40.031+0000] {processor.py:840} INFO - DAG(s) 'example_sensor_decorator' retrieved from /home/airflow/.local/lib/python3.11/site-packages/airflow/example_dags/example_sensor_decorator.py
[2024-03-06T14:08:40.048+0000] {logging_mixin.py:188} INFO - [2024-03-06T14:08:40.048+0000] {dag.py:3047} INFO - Sync 1 DAGs
[2024-03-06T14:08:40.059+0000] {logging_mixin.py:188} INFO - [2024-03-06T14:08:40.059+0000] {dag.py:3834} INFO - Setting next_dagrun for example_sensor_decorator to None, run_after=None
[2024-03-06T14:08:40.075+0000] {processor.py:183} INFO - Processing /home/airflow/.local/lib/python3.11/site-packages/airflow/example_dags/example_sensor_decorator.py took 0.056 seconds
[2024-03-06T14:09:10.877+0000] {processor.py:161} INFO - Started process (PID=12199) to work on /home/airflow/.local/lib/python3.11/site-packages/airflow/example_dags/example_sensor_decorator.py
[2024-03-06T14:09:10.878+0000] {processor.py:830} INFO - Processing file /home/airflow/.local/lib/python3.11/site-packages/airflow/example_dags/example_sensor_decorator.py for tasks to queue
[2024-03-06T14:09:10.880+0000] {logging_mixin.py:188} INFO - [2024-03-06T14:09:10.879+0000] {dagbag.py:540} INFO - Filling up the DagBag from /home/airflow/.local/lib/python3.11/site-packages/airflow/example_dags/example_sensor_decorator.py
[2024-03-06T14:09:10.889+0000] {processor.py:840} INFO - DAG(s) 'example_sensor_decorator' retrieved from /home/airflow/.local/lib/python3.11/site-packages/airflow/example_dags/example_sensor_decorator.py
[2024-03-06T14:09:10.919+0000] {logging_mixin.py:188} INFO - [2024-03-06T14:09:10.918+0000] {dag.py:3047} INFO - Sync 1 DAGs
[2024-03-06T14:09:10.940+0000] {logging_mixin.py:188} INFO - [2024-03-06T14:09:10.939+0000] {dag.py:3834} INFO - Setting next_dagrun for example_sensor_decorator to None, run_after=None
[2024-03-06T14:09:10.975+0000] {processor.py:183} INFO - Processing /home/airflow/.local/lib/python3.11/site-packages/airflow/example_dags/example_sensor_decorator.py took 0.101 seconds
[2024-03-06T14:09:41.757+0000] {processor.py:161} INFO - Started process (PID=12445) to work on /home/airflow/.local/lib/python3.11/site-packages/airflow/example_dags/example_sensor_decorator.py
[2024-03-06T14:09:41.758+0000] {processor.py:830} INFO - Processing file /home/airflow/.local/lib/python3.11/site-packages/airflow/example_dags/example_sensor_decorator.py for tasks to queue
[2024-03-06T14:09:41.759+0000] {logging_mixin.py:188} INFO - [2024-03-06T14:09:41.759+0000] {dagbag.py:540} INFO - Filling up the DagBag from /home/airflow/.local/lib/python3.11/site-packages/airflow/example_dags/example_sensor_decorator.py
[2024-03-06T14:09:41.768+0000] {processor.py:840} INFO - DAG(s) 'example_sensor_decorator' retrieved from /home/airflow/.local/lib/python3.11/site-packages/airflow/example_dags/example_sensor_decorator.py
[2024-03-06T14:09:41.789+0000] {logging_mixin.py:188} INFO - [2024-03-06T14:09:41.789+0000] {dag.py:3047} INFO - Sync 1 DAGs
[2024-03-06T14:09:41.803+0000] {logging_mixin.py:188} INFO - [2024-03-06T14:09:41.803+0000] {dag.py:3834} INFO - Setting next_dagrun for example_sensor_decorator to None, run_after=None
[2024-03-06T14:09:41.822+0000] {processor.py:183} INFO - Processing /home/airflow/.local/lib/python3.11/site-packages/airflow/example_dags/example_sensor_decorator.py took 0.068 seconds
[2024-03-06T14:10:12.622+0000] {processor.py:161} INFO - Started process (PID=12692) to work on /home/airflow/.local/lib/python3.11/site-packages/airflow/example_dags/example_sensor_decorator.py
[2024-03-06T14:10:12.624+0000] {processor.py:830} INFO - Processing file /home/airflow/.local/lib/python3.11/site-packages/airflow/example_dags/example_sensor_decorator.py for tasks to queue
[2024-03-06T14:10:12.625+0000] {logging_mixin.py:188} INFO - [2024-03-06T14:10:12.625+0000] {dagbag.py:540} INFO - Filling up the DagBag from /home/airflow/.local/lib/python3.11/site-packages/airflow/example_dags/example_sensor_decorator.py
[2024-03-06T14:10:12.634+0000] {processor.py:840} INFO - DAG(s) 'example_sensor_decorator' retrieved from /home/airflow/.local/lib/python3.11/site-packages/airflow/example_dags/example_sensor_decorator.py
[2024-03-06T14:10:12.654+0000] {logging_mixin.py:188} INFO - [2024-03-06T14:10:12.654+0000] {dag.py:3047} INFO - Sync 1 DAGs
[2024-03-06T14:10:12.667+0000] {logging_mixin.py:188} INFO - [2024-03-06T14:10:12.666+0000] {dag.py:3834} INFO - Setting next_dagrun for example_sensor_decorator to None, run_after=None
[2024-03-06T14:10:12.690+0000] {processor.py:183} INFO - Processing /home/airflow/.local/lib/python3.11/site-packages/airflow/example_dags/example_sensor_decorator.py took 0.072 seconds
[2024-03-06T14:10:42.767+0000] {processor.py:161} INFO - Started process (PID=12939) to work on /home/airflow/.local/lib/python3.11/site-packages/airflow/example_dags/example_sensor_decorator.py
[2024-03-06T14:10:42.769+0000] {processor.py:830} INFO - Processing file /home/airflow/.local/lib/python3.11/site-packages/airflow/example_dags/example_sensor_decorator.py for tasks to queue
[2024-03-06T14:10:42.770+0000] {logging_mixin.py:188} INFO - [2024-03-06T14:10:42.769+0000] {dagbag.py:540} INFO - Filling up the DagBag from /home/airflow/.local/lib/python3.11/site-packages/airflow/example_dags/example_sensor_decorator.py
[2024-03-06T14:10:42.778+0000] {processor.py:840} INFO - DAG(s) 'example_sensor_decorator' retrieved from /home/airflow/.local/lib/python3.11/site-packages/airflow/example_dags/example_sensor_decorator.py
[2024-03-06T14:10:42.799+0000] {logging_mixin.py:188} INFO - [2024-03-06T14:10:42.799+0000] {dag.py:3047} INFO - Sync 1 DAGs
[2024-03-06T14:10:42.813+0000] {logging_mixin.py:188} INFO - [2024-03-06T14:10:42.813+0000] {dag.py:3834} INFO - Setting next_dagrun for example_sensor_decorator to None, run_after=None
[2024-03-06T14:10:42.833+0000] {processor.py:183} INFO - Processing /home/airflow/.local/lib/python3.11/site-packages/airflow/example_dags/example_sensor_decorator.py took 0.069 seconds
[2024-03-06T14:11:13.727+0000] {processor.py:161} INFO - Started process (PID=13188) to work on /home/airflow/.local/lib/python3.11/site-packages/airflow/example_dags/example_sensor_decorator.py
[2024-03-06T14:11:13.729+0000] {processor.py:830} INFO - Processing file /home/airflow/.local/lib/python3.11/site-packages/airflow/example_dags/example_sensor_decorator.py for tasks to queue
[2024-03-06T14:11:13.730+0000] {logging_mixin.py:188} INFO - [2024-03-06T14:11:13.730+0000] {dagbag.py:540} INFO - Filling up the DagBag from /home/airflow/.local/lib/python3.11/site-packages/airflow/example_dags/example_sensor_decorator.py
[2024-03-06T14:11:13.737+0000] {processor.py:840} INFO - DAG(s) 'example_sensor_decorator' retrieved from /home/airflow/.local/lib/python3.11/site-packages/airflow/example_dags/example_sensor_decorator.py
[2024-03-06T14:11:13.757+0000] {logging_mixin.py:188} INFO - [2024-03-06T14:11:13.757+0000] {dag.py:3047} INFO - Sync 1 DAGs
[2024-03-06T14:11:13.771+0000] {logging_mixin.py:188} INFO - [2024-03-06T14:11:13.770+0000] {dag.py:3834} INFO - Setting next_dagrun for example_sensor_decorator to None, run_after=None
[2024-03-06T14:11:13.788+0000] {processor.py:183} INFO - Processing /home/airflow/.local/lib/python3.11/site-packages/airflow/example_dags/example_sensor_decorator.py took 0.064 seconds
[2024-03-06T14:11:44.514+0000] {processor.py:161} INFO - Started process (PID=13435) to work on /home/airflow/.local/lib/python3.11/site-packages/airflow/example_dags/example_sensor_decorator.py
[2024-03-06T14:11:44.515+0000] {processor.py:830} INFO - Processing file /home/airflow/.local/lib/python3.11/site-packages/airflow/example_dags/example_sensor_decorator.py for tasks to queue
[2024-03-06T14:11:44.517+0000] {logging_mixin.py:188} INFO - [2024-03-06T14:11:44.516+0000] {dagbag.py:540} INFO - Filling up the DagBag from /home/airflow/.local/lib/python3.11/site-packages/airflow/example_dags/example_sensor_decorator.py
[2024-03-06T14:11:44.524+0000] {processor.py:840} INFO - DAG(s) 'example_sensor_decorator' retrieved from /home/airflow/.local/lib/python3.11/site-packages/airflow/example_dags/example_sensor_decorator.py
[2024-03-06T14:11:44.549+0000] {logging_mixin.py:188} INFO - [2024-03-06T14:11:44.549+0000] {dag.py:3047} INFO - Sync 1 DAGs
[2024-03-06T14:11:44.565+0000] {logging_mixin.py:188} INFO - [2024-03-06T14:11:44.564+0000] {dag.py:3834} INFO - Setting next_dagrun for example_sensor_decorator to None, run_after=None
[2024-03-06T14:11:44.591+0000] {processor.py:183} INFO - Processing /home/airflow/.local/lib/python3.11/site-packages/airflow/example_dags/example_sensor_decorator.py took 0.081 seconds
[2024-03-06T14:12:14.953+0000] {processor.py:161} INFO - Started process (PID=13680) to work on /home/airflow/.local/lib/python3.11/site-packages/airflow/example_dags/example_sensor_decorator.py
[2024-03-06T14:12:14.955+0000] {processor.py:830} INFO - Processing file /home/airflow/.local/lib/python3.11/site-packages/airflow/example_dags/example_sensor_decorator.py for tasks to queue
[2024-03-06T14:12:14.956+0000] {logging_mixin.py:188} INFO - [2024-03-06T14:12:14.956+0000] {dagbag.py:540} INFO - Filling up the DagBag from /home/airflow/.local/lib/python3.11/site-packages/airflow/example_dags/example_sensor_decorator.py
[2024-03-06T14:12:14.963+0000] {processor.py:840} INFO - DAG(s) 'example_sensor_decorator' retrieved from /home/airflow/.local/lib/python3.11/site-packages/airflow/example_dags/example_sensor_decorator.py
[2024-03-06T14:12:14.981+0000] {logging_mixin.py:188} INFO - [2024-03-06T14:12:14.981+0000] {dag.py:3047} INFO - Sync 1 DAGs
[2024-03-06T14:12:14.991+0000] {logging_mixin.py:188} INFO - [2024-03-06T14:12:14.991+0000] {dag.py:3834} INFO - Setting next_dagrun for example_sensor_decorator to None, run_after=None
[2024-03-06T14:12:15.008+0000] {processor.py:183} INFO - Processing /home/airflow/.local/lib/python3.11/site-packages/airflow/example_dags/example_sensor_decorator.py took 0.057 seconds
[2024-03-06T14:12:45.808+0000] {processor.py:161} INFO - Started process (PID=13929) to work on /home/airflow/.local/lib/python3.11/site-packages/airflow/example_dags/example_sensor_decorator.py
[2024-03-06T14:12:45.810+0000] {processor.py:830} INFO - Processing file /home/airflow/.local/lib/python3.11/site-packages/airflow/example_dags/example_sensor_decorator.py for tasks to queue
[2024-03-06T14:12:45.812+0000] {logging_mixin.py:188} INFO - [2024-03-06T14:12:45.811+0000] {dagbag.py:540} INFO - Filling up the DagBag from /home/airflow/.local/lib/python3.11/site-packages/airflow/example_dags/example_sensor_decorator.py
[2024-03-06T14:12:45.821+0000] {processor.py:840} INFO - DAG(s) 'example_sensor_decorator' retrieved from /home/airflow/.local/lib/python3.11/site-packages/airflow/example_dags/example_sensor_decorator.py
[2024-03-06T14:12:45.848+0000] {logging_mixin.py:188} INFO - [2024-03-06T14:12:45.848+0000] {dag.py:3047} INFO - Sync 1 DAGs
[2024-03-06T14:12:45.864+0000] {logging_mixin.py:188} INFO - [2024-03-06T14:12:45.863+0000] {dag.py:3834} INFO - Setting next_dagrun for example_sensor_decorator to None, run_after=None
[2024-03-06T14:12:45.886+0000] {processor.py:183} INFO - Processing /home/airflow/.local/lib/python3.11/site-packages/airflow/example_dags/example_sensor_decorator.py took 0.081 seconds
[2024-03-06T14:13:16.536+0000] {processor.py:161} INFO - Started process (PID=14176) to work on /home/airflow/.local/lib/python3.11/site-packages/airflow/example_dags/example_sensor_decorator.py
[2024-03-06T14:13:16.537+0000] {processor.py:830} INFO - Processing file /home/airflow/.local/lib/python3.11/site-packages/airflow/example_dags/example_sensor_decorator.py for tasks to queue
[2024-03-06T14:13:16.538+0000] {logging_mixin.py:188} INFO - [2024-03-06T14:13:16.538+0000] {dagbag.py:540} INFO - Filling up the DagBag from /home/airflow/.local/lib/python3.11/site-packages/airflow/example_dags/example_sensor_decorator.py
[2024-03-06T14:13:16.547+0000] {processor.py:840} INFO - DAG(s) 'example_sensor_decorator' retrieved from /home/airflow/.local/lib/python3.11/site-packages/airflow/example_dags/example_sensor_decorator.py
[2024-03-06T14:13:16.574+0000] {logging_mixin.py:188} INFO - [2024-03-06T14:13:16.574+0000] {dag.py:3047} INFO - Sync 1 DAGs
[2024-03-06T14:13:16.588+0000] {logging_mixin.py:188} INFO - [2024-03-06T14:13:16.588+0000] {dag.py:3834} INFO - Setting next_dagrun for example_sensor_decorator to None, run_after=None
[2024-03-06T14:13:16.619+0000] {processor.py:183} INFO - Processing /home/airflow/.local/lib/python3.11/site-packages/airflow/example_dags/example_sensor_decorator.py took 0.085 seconds
[2024-03-06T14:13:47.221+0000] {processor.py:161} INFO - Started process (PID=14423) to work on /home/airflow/.local/lib/python3.11/site-packages/airflow/example_dags/example_sensor_decorator.py
[2024-03-06T14:13:47.222+0000] {processor.py:830} INFO - Processing file /home/airflow/.local/lib/python3.11/site-packages/airflow/example_dags/example_sensor_decorator.py for tasks to queue
[2024-03-06T14:13:47.223+0000] {logging_mixin.py:188} INFO - [2024-03-06T14:13:47.223+0000] {dagbag.py:540} INFO - Filling up the DagBag from /home/airflow/.local/lib/python3.11/site-packages/airflow/example_dags/example_sensor_decorator.py
[2024-03-06T14:13:47.229+0000] {processor.py:840} INFO - DAG(s) 'example_sensor_decorator' retrieved from /home/airflow/.local/lib/python3.11/site-packages/airflow/example_dags/example_sensor_decorator.py
[2024-03-06T14:13:47.249+0000] {logging_mixin.py:188} INFO - [2024-03-06T14:13:47.249+0000] {dag.py:3047} INFO - Sync 1 DAGs
[2024-03-06T14:13:47.261+0000] {logging_mixin.py:188} INFO - [2024-03-06T14:13:47.261+0000] {dag.py:3834} INFO - Setting next_dagrun for example_sensor_decorator to None, run_after=None
[2024-03-06T14:13:47.286+0000] {processor.py:183} INFO - Processing /home/airflow/.local/lib/python3.11/site-packages/airflow/example_dags/example_sensor_decorator.py took 0.068 seconds
[2024-03-06T14:14:18.121+0000] {processor.py:161} INFO - Started process (PID=14670) to work on /home/airflow/.local/lib/python3.11/site-packages/airflow/example_dags/example_sensor_decorator.py
[2024-03-06T14:14:18.123+0000] {processor.py:830} INFO - Processing file /home/airflow/.local/lib/python3.11/site-packages/airflow/example_dags/example_sensor_decorator.py for tasks to queue
[2024-03-06T14:14:18.124+0000] {logging_mixin.py:188} INFO - [2024-03-06T14:14:18.124+0000] {dagbag.py:540} INFO - Filling up the DagBag from /home/airflow/.local/lib/python3.11/site-packages/airflow/example_dags/example_sensor_decorator.py
[2024-03-06T14:14:18.132+0000] {processor.py:840} INFO - DAG(s) 'example_sensor_decorator' retrieved from /home/airflow/.local/lib/python3.11/site-packages/airflow/example_dags/example_sensor_decorator.py
[2024-03-06T14:14:18.157+0000] {logging_mixin.py:188} INFO - [2024-03-06T14:14:18.157+0000] {dag.py:3047} INFO - Sync 1 DAGs
[2024-03-06T14:14:18.169+0000] {logging_mixin.py:188} INFO - [2024-03-06T14:14:18.169+0000] {dag.py:3834} INFO - Setting next_dagrun for example_sensor_decorator to None, run_after=None
[2024-03-06T14:14:18.188+0000] {processor.py:183} INFO - Processing /home/airflow/.local/lib/python3.11/site-packages/airflow/example_dags/example_sensor_decorator.py took 0.069 seconds
[2024-03-06T14:14:48.331+0000] {processor.py:161} INFO - Started process (PID=14917) to work on /home/airflow/.local/lib/python3.11/site-packages/airflow/example_dags/example_sensor_decorator.py
[2024-03-06T14:14:48.332+0000] {processor.py:830} INFO - Processing file /home/airflow/.local/lib/python3.11/site-packages/airflow/example_dags/example_sensor_decorator.py for tasks to queue
[2024-03-06T14:14:48.334+0000] {logging_mixin.py:188} INFO - [2024-03-06T14:14:48.334+0000] {dagbag.py:540} INFO - Filling up the DagBag from /home/airflow/.local/lib/python3.11/site-packages/airflow/example_dags/example_sensor_decorator.py
[2024-03-06T14:14:48.346+0000] {processor.py:840} INFO - DAG(s) 'example_sensor_decorator' retrieved from /home/airflow/.local/lib/python3.11/site-packages/airflow/example_dags/example_sensor_decorator.py
[2024-03-06T14:14:48.373+0000] {logging_mixin.py:188} INFO - [2024-03-06T14:14:48.373+0000] {dag.py:3047} INFO - Sync 1 DAGs
[2024-03-06T14:14:48.384+0000] {logging_mixin.py:188} INFO - [2024-03-06T14:14:48.384+0000] {dag.py:3834} INFO - Setting next_dagrun for example_sensor_decorator to None, run_after=None
[2024-03-06T14:14:48.402+0000] {processor.py:183} INFO - Processing /home/airflow/.local/lib/python3.11/site-packages/airflow/example_dags/example_sensor_decorator.py took 0.075 seconds
[2024-03-06T14:15:18.456+0000] {processor.py:161} INFO - Started process (PID=15164) to work on /home/airflow/.local/lib/python3.11/site-packages/airflow/example_dags/example_sensor_decorator.py
[2024-03-06T14:15:18.457+0000] {processor.py:830} INFO - Processing file /home/airflow/.local/lib/python3.11/site-packages/airflow/example_dags/example_sensor_decorator.py for tasks to queue
[2024-03-06T14:15:18.459+0000] {logging_mixin.py:188} INFO - [2024-03-06T14:15:18.458+0000] {dagbag.py:540} INFO - Filling up the DagBag from /home/airflow/.local/lib/python3.11/site-packages/airflow/example_dags/example_sensor_decorator.py
[2024-03-06T14:15:18.467+0000] {processor.py:840} INFO - DAG(s) 'example_sensor_decorator' retrieved from /home/airflow/.local/lib/python3.11/site-packages/airflow/example_dags/example_sensor_decorator.py
[2024-03-06T14:15:18.490+0000] {logging_mixin.py:188} INFO - [2024-03-06T14:15:18.490+0000] {dag.py:3047} INFO - Sync 1 DAGs
[2024-03-06T14:15:18.502+0000] {logging_mixin.py:188} INFO - [2024-03-06T14:15:18.501+0000] {dag.py:3834} INFO - Setting next_dagrun for example_sensor_decorator to None, run_after=None
[2024-03-06T14:15:18.523+0000] {processor.py:183} INFO - Processing /home/airflow/.local/lib/python3.11/site-packages/airflow/example_dags/example_sensor_decorator.py took 0.071 seconds
[2024-03-06T14:15:49.658+0000] {processor.py:161} INFO - Started process (PID=15411) to work on /home/airflow/.local/lib/python3.11/site-packages/airflow/example_dags/example_sensor_decorator.py
[2024-03-06T14:15:49.659+0000] {processor.py:830} INFO - Processing file /home/airflow/.local/lib/python3.11/site-packages/airflow/example_dags/example_sensor_decorator.py for tasks to queue
[2024-03-06T14:15:49.661+0000] {logging_mixin.py:188} INFO - [2024-03-06T14:15:49.660+0000] {dagbag.py:540} INFO - Filling up the DagBag from /home/airflow/.local/lib/python3.11/site-packages/airflow/example_dags/example_sensor_decorator.py
[2024-03-06T14:15:49.669+0000] {processor.py:840} INFO - DAG(s) 'example_sensor_decorator' retrieved from /home/airflow/.local/lib/python3.11/site-packages/airflow/example_dags/example_sensor_decorator.py
[2024-03-06T14:15:49.697+0000] {logging_mixin.py:188} INFO - [2024-03-06T14:15:49.696+0000] {dag.py:3047} INFO - Sync 1 DAGs
[2024-03-06T14:15:49.711+0000] {logging_mixin.py:188} INFO - [2024-03-06T14:15:49.710+0000] {dag.py:3834} INFO - Setting next_dagrun for example_sensor_decorator to None, run_after=None
[2024-03-06T14:15:49.740+0000] {processor.py:183} INFO - Processing /home/airflow/.local/lib/python3.11/site-packages/airflow/example_dags/example_sensor_decorator.py took 0.085 seconds
[2024-03-06T14:16:19.851+0000] {processor.py:161} INFO - Started process (PID=15658) to work on /home/airflow/.local/lib/python3.11/site-packages/airflow/example_dags/example_sensor_decorator.py
[2024-03-06T14:16:19.852+0000] {processor.py:830} INFO - Processing file /home/airflow/.local/lib/python3.11/site-packages/airflow/example_dags/example_sensor_decorator.py for tasks to queue
[2024-03-06T14:16:19.853+0000] {logging_mixin.py:188} INFO - [2024-03-06T14:16:19.852+0000] {dagbag.py:540} INFO - Filling up the DagBag from /home/airflow/.local/lib/python3.11/site-packages/airflow/example_dags/example_sensor_decorator.py
[2024-03-06T14:16:19.859+0000] {processor.py:840} INFO - DAG(s) 'example_sensor_decorator' retrieved from /home/airflow/.local/lib/python3.11/site-packages/airflow/example_dags/example_sensor_decorator.py
[2024-03-06T14:16:19.883+0000] {logging_mixin.py:188} INFO - [2024-03-06T14:16:19.882+0000] {dag.py:3047} INFO - Sync 1 DAGs
[2024-03-06T14:16:19.893+0000] {logging_mixin.py:188} INFO - [2024-03-06T14:16:19.893+0000] {dag.py:3834} INFO - Setting next_dagrun for example_sensor_decorator to None, run_after=None
[2024-03-06T14:16:19.909+0000] {processor.py:183} INFO - Processing /home/airflow/.local/lib/python3.11/site-packages/airflow/example_dags/example_sensor_decorator.py took 0.062 seconds
[2024-03-06T14:16:50.411+0000] {processor.py:161} INFO - Started process (PID=15903) to work on /home/airflow/.local/lib/python3.11/site-packages/airflow/example_dags/example_sensor_decorator.py
[2024-03-06T14:16:50.411+0000] {processor.py:830} INFO - Processing file /home/airflow/.local/lib/python3.11/site-packages/airflow/example_dags/example_sensor_decorator.py for tasks to queue
[2024-03-06T14:16:50.413+0000] {logging_mixin.py:188} INFO - [2024-03-06T14:16:50.412+0000] {dagbag.py:540} INFO - Filling up the DagBag from /home/airflow/.local/lib/python3.11/site-packages/airflow/example_dags/example_sensor_decorator.py
[2024-03-06T14:16:50.422+0000] {processor.py:840} INFO - DAG(s) 'example_sensor_decorator' retrieved from /home/airflow/.local/lib/python3.11/site-packages/airflow/example_dags/example_sensor_decorator.py
[2024-03-06T14:16:50.440+0000] {logging_mixin.py:188} INFO - [2024-03-06T14:16:50.440+0000] {dag.py:3047} INFO - Sync 1 DAGs
[2024-03-06T14:16:50.451+0000] {logging_mixin.py:188} INFO - [2024-03-06T14:16:50.451+0000] {dag.py:3834} INFO - Setting next_dagrun for example_sensor_decorator to None, run_after=None
[2024-03-06T14:16:50.469+0000] {processor.py:183} INFO - Processing /home/airflow/.local/lib/python3.11/site-packages/airflow/example_dags/example_sensor_decorator.py took 0.063 seconds
[2024-03-06T14:17:21.141+0000] {processor.py:161} INFO - Started process (PID=16150) to work on /home/airflow/.local/lib/python3.11/site-packages/airflow/example_dags/example_sensor_decorator.py
[2024-03-06T14:17:21.144+0000] {processor.py:830} INFO - Processing file /home/airflow/.local/lib/python3.11/site-packages/airflow/example_dags/example_sensor_decorator.py for tasks to queue
[2024-03-06T14:17:21.146+0000] {logging_mixin.py:188} INFO - [2024-03-06T14:17:21.146+0000] {dagbag.py:540} INFO - Filling up the DagBag from /home/airflow/.local/lib/python3.11/site-packages/airflow/example_dags/example_sensor_decorator.py
[2024-03-06T14:17:21.163+0000] {processor.py:840} INFO - DAG(s) 'example_sensor_decorator' retrieved from /home/airflow/.local/lib/python3.11/site-packages/airflow/example_dags/example_sensor_decorator.py
[2024-03-06T14:17:21.203+0000] {logging_mixin.py:188} INFO - [2024-03-06T14:17:21.203+0000] {dag.py:3047} INFO - Sync 1 DAGs
[2024-03-06T14:17:21.259+0000] {logging_mixin.py:188} INFO - [2024-03-06T14:17:21.259+0000] {dag.py:3834} INFO - Setting next_dagrun for example_sensor_decorator to None, run_after=None
[2024-03-06T14:17:21.345+0000] {processor.py:183} INFO - Processing /home/airflow/.local/lib/python3.11/site-packages/airflow/example_dags/example_sensor_decorator.py took 0.219 seconds
[2024-03-06T14:17:52.289+0000] {processor.py:161} INFO - Started process (PID=16399) to work on /home/airflow/.local/lib/python3.11/site-packages/airflow/example_dags/example_sensor_decorator.py
[2024-03-06T14:17:52.293+0000] {processor.py:830} INFO - Processing file /home/airflow/.local/lib/python3.11/site-packages/airflow/example_dags/example_sensor_decorator.py for tasks to queue
[2024-03-06T14:17:52.296+0000] {logging_mixin.py:188} INFO - [2024-03-06T14:17:52.295+0000] {dagbag.py:540} INFO - Filling up the DagBag from /home/airflow/.local/lib/python3.11/site-packages/airflow/example_dags/example_sensor_decorator.py
[2024-03-06T14:17:52.310+0000] {processor.py:840} INFO - DAG(s) 'example_sensor_decorator' retrieved from /home/airflow/.local/lib/python3.11/site-packages/airflow/example_dags/example_sensor_decorator.py
[2024-03-06T14:17:52.343+0000] {logging_mixin.py:188} INFO - [2024-03-06T14:17:52.342+0000] {dag.py:3047} INFO - Sync 1 DAGs
[2024-03-06T14:17:52.396+0000] {logging_mixin.py:188} INFO - [2024-03-06T14:17:52.395+0000] {dag.py:3834} INFO - Setting next_dagrun for example_sensor_decorator to None, run_after=None
[2024-03-06T14:17:52.444+0000] {processor.py:183} INFO - Processing /home/airflow/.local/lib/python3.11/site-packages/airflow/example_dags/example_sensor_decorator.py took 0.159 seconds
[2024-03-06T14:18:23.432+0000] {processor.py:161} INFO - Started process (PID=16646) to work on /home/airflow/.local/lib/python3.11/site-packages/airflow/example_dags/example_sensor_decorator.py
[2024-03-06T14:18:23.434+0000] {processor.py:830} INFO - Processing file /home/airflow/.local/lib/python3.11/site-packages/airflow/example_dags/example_sensor_decorator.py for tasks to queue
[2024-03-06T14:18:23.436+0000] {logging_mixin.py:188} INFO - [2024-03-06T14:18:23.436+0000] {dagbag.py:540} INFO - Filling up the DagBag from /home/airflow/.local/lib/python3.11/site-packages/airflow/example_dags/example_sensor_decorator.py
[2024-03-06T14:18:23.448+0000] {processor.py:840} INFO - DAG(s) 'example_sensor_decorator' retrieved from /home/airflow/.local/lib/python3.11/site-packages/airflow/example_dags/example_sensor_decorator.py
[2024-03-06T14:18:23.531+0000] {logging_mixin.py:188} INFO - [2024-03-06T14:18:23.529+0000] {dag.py:3047} INFO - Sync 1 DAGs
[2024-03-06T14:18:23.559+0000] {logging_mixin.py:188} INFO - [2024-03-06T14:18:23.558+0000] {dag.py:3834} INFO - Setting next_dagrun for example_sensor_decorator to None, run_after=None
[2024-03-06T14:18:23.652+0000] {processor.py:183} INFO - Processing /home/airflow/.local/lib/python3.11/site-packages/airflow/example_dags/example_sensor_decorator.py took 0.227 seconds
[2024-03-06T14:18:54.521+0000] {processor.py:161} INFO - Started process (PID=16892) to work on /home/airflow/.local/lib/python3.11/site-packages/airflow/example_dags/example_sensor_decorator.py
[2024-03-06T14:18:54.525+0000] {processor.py:830} INFO - Processing file /home/airflow/.local/lib/python3.11/site-packages/airflow/example_dags/example_sensor_decorator.py for tasks to queue
[2024-03-06T14:18:54.542+0000] {logging_mixin.py:188} INFO - [2024-03-06T14:18:54.541+0000] {dagbag.py:540} INFO - Filling up the DagBag from /home/airflow/.local/lib/python3.11/site-packages/airflow/example_dags/example_sensor_decorator.py
[2024-03-06T14:18:54.563+0000] {processor.py:840} INFO - DAG(s) 'example_sensor_decorator' retrieved from /home/airflow/.local/lib/python3.11/site-packages/airflow/example_dags/example_sensor_decorator.py
[2024-03-06T14:18:54.659+0000] {logging_mixin.py:188} INFO - [2024-03-06T14:18:54.658+0000] {dag.py:3047} INFO - Sync 1 DAGs
[2024-03-06T14:18:54.703+0000] {logging_mixin.py:188} INFO - [2024-03-06T14:18:54.702+0000] {dag.py:3834} INFO - Setting next_dagrun for example_sensor_decorator to None, run_after=None
[2024-03-06T14:18:54.838+0000] {processor.py:183} INFO - Processing /home/airflow/.local/lib/python3.11/site-packages/airflow/example_dags/example_sensor_decorator.py took 0.325 seconds
