[2024-03-06T13:44:39.272+0000] {processor.py:161} INFO - Started process (PID=324) to work on /home/airflow/.local/lib/python3.11/site-packages/airflow/example_dags/example_task_group_decorator.py
[2024-03-06T13:44:39.274+0000] {processor.py:830} INFO - Processing file /home/airflow/.local/lib/python3.11/site-packages/airflow/example_dags/example_task_group_decorator.py for tasks to queue
[2024-03-06T13:44:39.277+0000] {logging_mixin.py:188} INFO - [2024-03-06T13:44:39.276+0000] {dagbag.py:540} INFO - Filling up the DagBag from /home/airflow/.local/lib/python3.11/site-packages/airflow/example_dags/example_task_group_decorator.py
[2024-03-06T13:44:39.304+0000] {processor.py:840} INFO - DAG(s) 'example_task_group_decorator' retrieved from /home/airflow/.local/lib/python3.11/site-packages/airflow/example_dags/example_task_group_decorator.py
[2024-03-06T13:44:39.509+0000] {logging_mixin.py:188} INFO - [2024-03-06T13:44:39.509+0000] {dag.py:3047} INFO - Sync 1 DAGs
[2024-03-06T13:44:39.537+0000] {logging_mixin.py:188} INFO - [2024-03-06T13:44:39.537+0000] {dag.py:3834} INFO - Setting next_dagrun for example_task_group_decorator to 2024-03-05 00:00:00+00:00, run_after=2024-03-06 00:00:00+00:00
[2024-03-06T13:44:39.566+0000] {processor.py:183} INFO - Processing /home/airflow/.local/lib/python3.11/site-packages/airflow/example_dags/example_task_group_decorator.py took 0.299 seconds
[2024-03-06T13:45:10.357+0000] {processor.py:161} INFO - Started process (PID=570) to work on /home/airflow/.local/lib/python3.11/site-packages/airflow/example_dags/example_task_group_decorator.py
[2024-03-06T13:45:10.358+0000] {processor.py:830} INFO - Processing file /home/airflow/.local/lib/python3.11/site-packages/airflow/example_dags/example_task_group_decorator.py for tasks to queue
[2024-03-06T13:45:10.359+0000] {logging_mixin.py:188} INFO - [2024-03-06T13:45:10.359+0000] {dagbag.py:540} INFO - Filling up the DagBag from /home/airflow/.local/lib/python3.11/site-packages/airflow/example_dags/example_task_group_decorator.py
[2024-03-06T13:45:10.372+0000] {processor.py:840} INFO - DAG(s) 'example_task_group_decorator' retrieved from /home/airflow/.local/lib/python3.11/site-packages/airflow/example_dags/example_task_group_decorator.py
[2024-03-06T13:45:10.394+0000] {logging_mixin.py:188} INFO - [2024-03-06T13:45:10.394+0000] {dag.py:3047} INFO - Sync 1 DAGs
[2024-03-06T13:45:10.416+0000] {logging_mixin.py:188} INFO - [2024-03-06T13:45:10.416+0000] {dag.py:3834} INFO - Setting next_dagrun for example_task_group_decorator to 2024-03-05 00:00:00+00:00, run_after=2024-03-06 00:00:00+00:00
[2024-03-06T13:45:10.438+0000] {processor.py:183} INFO - Processing /home/airflow/.local/lib/python3.11/site-packages/airflow/example_dags/example_task_group_decorator.py took 0.083 seconds
[2024-03-06T13:45:40.876+0000] {processor.py:161} INFO - Started process (PID=816) to work on /home/airflow/.local/lib/python3.11/site-packages/airflow/example_dags/example_task_group_decorator.py
[2024-03-06T13:45:40.878+0000] {processor.py:830} INFO - Processing file /home/airflow/.local/lib/python3.11/site-packages/airflow/example_dags/example_task_group_decorator.py for tasks to queue
[2024-03-06T13:45:40.879+0000] {logging_mixin.py:188} INFO - [2024-03-06T13:45:40.879+0000] {dagbag.py:540} INFO - Filling up the DagBag from /home/airflow/.local/lib/python3.11/site-packages/airflow/example_dags/example_task_group_decorator.py
[2024-03-06T13:45:40.896+0000] {processor.py:840} INFO - DAG(s) 'example_task_group_decorator' retrieved from /home/airflow/.local/lib/python3.11/site-packages/airflow/example_dags/example_task_group_decorator.py
[2024-03-06T13:45:40.921+0000] {logging_mixin.py:188} INFO - [2024-03-06T13:45:40.921+0000] {dag.py:3047} INFO - Sync 1 DAGs
[2024-03-06T13:45:40.948+0000] {logging_mixin.py:188} INFO - [2024-03-06T13:45:40.948+0000] {dag.py:3834} INFO - Setting next_dagrun for example_task_group_decorator to 2024-03-05 00:00:00+00:00, run_after=2024-03-06 00:00:00+00:00
[2024-03-06T13:45:40.966+0000] {processor.py:183} INFO - Processing /home/airflow/.local/lib/python3.11/site-packages/airflow/example_dags/example_task_group_decorator.py took 0.094 seconds
[2024-03-06T13:46:11.764+0000] {processor.py:161} INFO - Started process (PID=1063) to work on /home/airflow/.local/lib/python3.11/site-packages/airflow/example_dags/example_task_group_decorator.py
[2024-03-06T13:46:11.765+0000] {processor.py:830} INFO - Processing file /home/airflow/.local/lib/python3.11/site-packages/airflow/example_dags/example_task_group_decorator.py for tasks to queue
[2024-03-06T13:46:11.767+0000] {logging_mixin.py:188} INFO - [2024-03-06T13:46:11.766+0000] {dagbag.py:540} INFO - Filling up the DagBag from /home/airflow/.local/lib/python3.11/site-packages/airflow/example_dags/example_task_group_decorator.py
[2024-03-06T13:46:11.783+0000] {processor.py:840} INFO - DAG(s) 'example_task_group_decorator' retrieved from /home/airflow/.local/lib/python3.11/site-packages/airflow/example_dags/example_task_group_decorator.py
[2024-03-06T13:46:11.806+0000] {logging_mixin.py:188} INFO - [2024-03-06T13:46:11.806+0000] {dag.py:3047} INFO - Sync 1 DAGs
[2024-03-06T13:46:11.829+0000] {logging_mixin.py:188} INFO - [2024-03-06T13:46:11.828+0000] {dag.py:3834} INFO - Setting next_dagrun for example_task_group_decorator to 2024-03-05 00:00:00+00:00, run_after=2024-03-06 00:00:00+00:00
[2024-03-06T13:46:11.850+0000] {processor.py:183} INFO - Processing /home/airflow/.local/lib/python3.11/site-packages/airflow/example_dags/example_task_group_decorator.py took 0.090 seconds
[2024-03-06T13:46:42.317+0000] {processor.py:161} INFO - Started process (PID=1310) to work on /home/airflow/.local/lib/python3.11/site-packages/airflow/example_dags/example_task_group_decorator.py
[2024-03-06T13:46:42.318+0000] {processor.py:830} INFO - Processing file /home/airflow/.local/lib/python3.11/site-packages/airflow/example_dags/example_task_group_decorator.py for tasks to queue
[2024-03-06T13:46:42.319+0000] {logging_mixin.py:188} INFO - [2024-03-06T13:46:42.319+0000] {dagbag.py:540} INFO - Filling up the DagBag from /home/airflow/.local/lib/python3.11/site-packages/airflow/example_dags/example_task_group_decorator.py
[2024-03-06T13:46:42.336+0000] {processor.py:840} INFO - DAG(s) 'example_task_group_decorator' retrieved from /home/airflow/.local/lib/python3.11/site-packages/airflow/example_dags/example_task_group_decorator.py
[2024-03-06T13:46:42.361+0000] {logging_mixin.py:188} INFO - [2024-03-06T13:46:42.361+0000] {dag.py:3047} INFO - Sync 1 DAGs
[2024-03-06T13:46:42.386+0000] {logging_mixin.py:188} INFO - [2024-03-06T13:46:42.385+0000] {dag.py:3834} INFO - Setting next_dagrun for example_task_group_decorator to 2024-03-05 00:00:00+00:00, run_after=2024-03-06 00:00:00+00:00
[2024-03-06T13:46:42.411+0000] {processor.py:183} INFO - Processing /home/airflow/.local/lib/python3.11/site-packages/airflow/example_dags/example_task_group_decorator.py took 0.097 seconds
[2024-03-06T13:47:12.677+0000] {processor.py:161} INFO - Started process (PID=1559) to work on /home/airflow/.local/lib/python3.11/site-packages/airflow/example_dags/example_task_group_decorator.py
[2024-03-06T13:47:12.679+0000] {processor.py:830} INFO - Processing file /home/airflow/.local/lib/python3.11/site-packages/airflow/example_dags/example_task_group_decorator.py for tasks to queue
[2024-03-06T13:47:12.683+0000] {logging_mixin.py:188} INFO - [2024-03-06T13:47:12.683+0000] {dagbag.py:540} INFO - Filling up the DagBag from /home/airflow/.local/lib/python3.11/site-packages/airflow/example_dags/example_task_group_decorator.py
[2024-03-06T13:47:12.714+0000] {processor.py:840} INFO - DAG(s) 'example_task_group_decorator' retrieved from /home/airflow/.local/lib/python3.11/site-packages/airflow/example_dags/example_task_group_decorator.py
[2024-03-06T13:47:12.761+0000] {logging_mixin.py:188} INFO - [2024-03-06T13:47:12.760+0000] {dag.py:3047} INFO - Sync 1 DAGs
[2024-03-06T13:47:12.817+0000] {logging_mixin.py:188} INFO - [2024-03-06T13:47:12.816+0000] {dag.py:3834} INFO - Setting next_dagrun for example_task_group_decorator to 2024-03-05 00:00:00+00:00, run_after=2024-03-06 00:00:00+00:00
[2024-03-06T13:47:12.913+0000] {processor.py:183} INFO - Processing /home/airflow/.local/lib/python3.11/site-packages/airflow/example_dags/example_task_group_decorator.py took 0.239 seconds
[2024-03-06T13:47:44.020+0000] {processor.py:161} INFO - Started process (PID=1806) to work on /home/airflow/.local/lib/python3.11/site-packages/airflow/example_dags/example_task_group_decorator.py
[2024-03-06T13:47:44.022+0000] {processor.py:830} INFO - Processing file /home/airflow/.local/lib/python3.11/site-packages/airflow/example_dags/example_task_group_decorator.py for tasks to queue
[2024-03-06T13:47:44.023+0000] {logging_mixin.py:188} INFO - [2024-03-06T13:47:44.023+0000] {dagbag.py:540} INFO - Filling up the DagBag from /home/airflow/.local/lib/python3.11/site-packages/airflow/example_dags/example_task_group_decorator.py
[2024-03-06T13:47:44.063+0000] {processor.py:840} INFO - DAG(s) 'example_task_group_decorator' retrieved from /home/airflow/.local/lib/python3.11/site-packages/airflow/example_dags/example_task_group_decorator.py
[2024-03-06T13:47:44.116+0000] {logging_mixin.py:188} INFO - [2024-03-06T13:47:44.115+0000] {dag.py:3047} INFO - Sync 1 DAGs
[2024-03-06T13:47:44.156+0000] {logging_mixin.py:188} INFO - [2024-03-06T13:47:44.156+0000] {dag.py:3834} INFO - Setting next_dagrun for example_task_group_decorator to 2024-03-05 00:00:00+00:00, run_after=2024-03-06 00:00:00+00:00
[2024-03-06T13:47:44.202+0000] {processor.py:183} INFO - Processing /home/airflow/.local/lib/python3.11/site-packages/airflow/example_dags/example_task_group_decorator.py took 0.187 seconds
[2024-03-06T13:48:14.728+0000] {processor.py:161} INFO - Started process (PID=2051) to work on /home/airflow/.local/lib/python3.11/site-packages/airflow/example_dags/example_task_group_decorator.py
[2024-03-06T13:48:14.731+0000] {processor.py:830} INFO - Processing file /home/airflow/.local/lib/python3.11/site-packages/airflow/example_dags/example_task_group_decorator.py for tasks to queue
[2024-03-06T13:48:14.733+0000] {logging_mixin.py:188} INFO - [2024-03-06T13:48:14.732+0000] {dagbag.py:540} INFO - Filling up the DagBag from /home/airflow/.local/lib/python3.11/site-packages/airflow/example_dags/example_task_group_decorator.py
[2024-03-06T13:48:14.751+0000] {processor.py:840} INFO - DAG(s) 'example_task_group_decorator' retrieved from /home/airflow/.local/lib/python3.11/site-packages/airflow/example_dags/example_task_group_decorator.py
[2024-03-06T13:48:14.780+0000] {logging_mixin.py:188} INFO - [2024-03-06T13:48:14.779+0000] {dag.py:3047} INFO - Sync 1 DAGs
[2024-03-06T13:48:14.807+0000] {logging_mixin.py:188} INFO - [2024-03-06T13:48:14.807+0000] {dag.py:3834} INFO - Setting next_dagrun for example_task_group_decorator to 2024-03-05 00:00:00+00:00, run_after=2024-03-06 00:00:00+00:00
[2024-03-06T13:48:14.829+0000] {processor.py:183} INFO - Processing /home/airflow/.local/lib/python3.11/site-packages/airflow/example_dags/example_task_group_decorator.py took 0.104 seconds
[2024-03-06T13:48:45.500+0000] {processor.py:161} INFO - Started process (PID=2297) to work on /home/airflow/.local/lib/python3.11/site-packages/airflow/example_dags/example_task_group_decorator.py
[2024-03-06T13:48:45.503+0000] {processor.py:830} INFO - Processing file /home/airflow/.local/lib/python3.11/site-packages/airflow/example_dags/example_task_group_decorator.py for tasks to queue
[2024-03-06T13:48:45.504+0000] {logging_mixin.py:188} INFO - [2024-03-06T13:48:45.504+0000] {dagbag.py:540} INFO - Filling up the DagBag from /home/airflow/.local/lib/python3.11/site-packages/airflow/example_dags/example_task_group_decorator.py
[2024-03-06T13:48:45.536+0000] {processor.py:840} INFO - DAG(s) 'example_task_group_decorator' retrieved from /home/airflow/.local/lib/python3.11/site-packages/airflow/example_dags/example_task_group_decorator.py
[2024-03-06T13:48:45.581+0000] {logging_mixin.py:188} INFO - [2024-03-06T13:48:45.581+0000] {dag.py:3047} INFO - Sync 1 DAGs
[2024-03-06T13:48:45.625+0000] {logging_mixin.py:188} INFO - [2024-03-06T13:48:45.621+0000] {dag.py:3834} INFO - Setting next_dagrun for example_task_group_decorator to 2024-03-05 00:00:00+00:00, run_after=2024-03-06 00:00:00+00:00
[2024-03-06T13:48:45.658+0000] {processor.py:183} INFO - Processing /home/airflow/.local/lib/python3.11/site-packages/airflow/example_dags/example_task_group_decorator.py took 0.162 seconds
[2024-03-06T13:49:16.224+0000] {processor.py:161} INFO - Started process (PID=2544) to work on /home/airflow/.local/lib/python3.11/site-packages/airflow/example_dags/example_task_group_decorator.py
[2024-03-06T13:49:16.225+0000] {processor.py:830} INFO - Processing file /home/airflow/.local/lib/python3.11/site-packages/airflow/example_dags/example_task_group_decorator.py for tasks to queue
[2024-03-06T13:49:16.226+0000] {logging_mixin.py:188} INFO - [2024-03-06T13:49:16.226+0000] {dagbag.py:540} INFO - Filling up the DagBag from /home/airflow/.local/lib/python3.11/site-packages/airflow/example_dags/example_task_group_decorator.py
[2024-03-06T13:49:16.244+0000] {processor.py:840} INFO - DAG(s) 'example_task_group_decorator' retrieved from /home/airflow/.local/lib/python3.11/site-packages/airflow/example_dags/example_task_group_decorator.py
[2024-03-06T13:49:16.265+0000] {logging_mixin.py:188} INFO - [2024-03-06T13:49:16.265+0000] {dag.py:3047} INFO - Sync 1 DAGs
[2024-03-06T13:49:16.299+0000] {logging_mixin.py:188} INFO - [2024-03-06T13:49:16.299+0000] {dag.py:3834} INFO - Setting next_dagrun for example_task_group_decorator to 2024-03-05 00:00:00+00:00, run_after=2024-03-06 00:00:00+00:00
[2024-03-06T13:49:16.324+0000] {processor.py:183} INFO - Processing /home/airflow/.local/lib/python3.11/site-packages/airflow/example_dags/example_task_group_decorator.py took 0.105 seconds
[2024-03-06T13:49:46.424+0000] {processor.py:161} INFO - Started process (PID=2791) to work on /home/airflow/.local/lib/python3.11/site-packages/airflow/example_dags/example_task_group_decorator.py
[2024-03-06T13:49:46.425+0000] {processor.py:830} INFO - Processing file /home/airflow/.local/lib/python3.11/site-packages/airflow/example_dags/example_task_group_decorator.py for tasks to queue
[2024-03-06T13:49:46.427+0000] {logging_mixin.py:188} INFO - [2024-03-06T13:49:46.426+0000] {dagbag.py:540} INFO - Filling up the DagBag from /home/airflow/.local/lib/python3.11/site-packages/airflow/example_dags/example_task_group_decorator.py
[2024-03-06T13:49:46.442+0000] {processor.py:840} INFO - DAG(s) 'example_task_group_decorator' retrieved from /home/airflow/.local/lib/python3.11/site-packages/airflow/example_dags/example_task_group_decorator.py
[2024-03-06T13:49:46.467+0000] {logging_mixin.py:188} INFO - [2024-03-06T13:49:46.467+0000] {dag.py:3047} INFO - Sync 1 DAGs
[2024-03-06T13:49:46.494+0000] {logging_mixin.py:188} INFO - [2024-03-06T13:49:46.494+0000] {dag.py:3834} INFO - Setting next_dagrun for example_task_group_decorator to 2024-03-05 00:00:00+00:00, run_after=2024-03-06 00:00:00+00:00
[2024-03-06T13:49:46.514+0000] {processor.py:183} INFO - Processing /home/airflow/.local/lib/python3.11/site-packages/airflow/example_dags/example_task_group_decorator.py took 0.095 seconds
[2024-03-06T13:50:17.113+0000] {processor.py:161} INFO - Started process (PID=3038) to work on /home/airflow/.local/lib/python3.11/site-packages/airflow/example_dags/example_task_group_decorator.py
[2024-03-06T13:50:17.114+0000] {processor.py:830} INFO - Processing file /home/airflow/.local/lib/python3.11/site-packages/airflow/example_dags/example_task_group_decorator.py for tasks to queue
[2024-03-06T13:50:17.116+0000] {logging_mixin.py:188} INFO - [2024-03-06T13:50:17.115+0000] {dagbag.py:540} INFO - Filling up the DagBag from /home/airflow/.local/lib/python3.11/site-packages/airflow/example_dags/example_task_group_decorator.py
[2024-03-06T13:50:17.130+0000] {processor.py:840} INFO - DAG(s) 'example_task_group_decorator' retrieved from /home/airflow/.local/lib/python3.11/site-packages/airflow/example_dags/example_task_group_decorator.py
[2024-03-06T13:50:17.154+0000] {logging_mixin.py:188} INFO - [2024-03-06T13:50:17.154+0000] {dag.py:3047} INFO - Sync 1 DAGs
[2024-03-06T13:50:17.180+0000] {logging_mixin.py:188} INFO - [2024-03-06T13:50:17.179+0000] {dag.py:3834} INFO - Setting next_dagrun for example_task_group_decorator to 2024-03-05 00:00:00+00:00, run_after=2024-03-06 00:00:00+00:00
[2024-03-06T13:50:17.198+0000] {processor.py:183} INFO - Processing /home/airflow/.local/lib/python3.11/site-packages/airflow/example_dags/example_task_group_decorator.py took 0.088 seconds
[2024-03-06T13:50:47.672+0000] {processor.py:161} INFO - Started process (PID=3285) to work on /home/airflow/.local/lib/python3.11/site-packages/airflow/example_dags/example_task_group_decorator.py
[2024-03-06T13:50:47.673+0000] {processor.py:830} INFO - Processing file /home/airflow/.local/lib/python3.11/site-packages/airflow/example_dags/example_task_group_decorator.py for tasks to queue
[2024-03-06T13:50:47.674+0000] {logging_mixin.py:188} INFO - [2024-03-06T13:50:47.674+0000] {dagbag.py:540} INFO - Filling up the DagBag from /home/airflow/.local/lib/python3.11/site-packages/airflow/example_dags/example_task_group_decorator.py
[2024-03-06T13:50:47.689+0000] {processor.py:840} INFO - DAG(s) 'example_task_group_decorator' retrieved from /home/airflow/.local/lib/python3.11/site-packages/airflow/example_dags/example_task_group_decorator.py
[2024-03-06T13:50:47.709+0000] {logging_mixin.py:188} INFO - [2024-03-06T13:50:47.709+0000] {dag.py:3047} INFO - Sync 1 DAGs
[2024-03-06T13:50:47.729+0000] {logging_mixin.py:188} INFO - [2024-03-06T13:50:47.729+0000] {dag.py:3834} INFO - Setting next_dagrun for example_task_group_decorator to 2024-03-05 00:00:00+00:00, run_after=2024-03-06 00:00:00+00:00
[2024-03-06T13:50:47.752+0000] {processor.py:183} INFO - Processing /home/airflow/.local/lib/python3.11/site-packages/airflow/example_dags/example_task_group_decorator.py took 0.083 seconds
[2024-03-06T13:51:18.127+0000] {processor.py:161} INFO - Started process (PID=3532) to work on /home/airflow/.local/lib/python3.11/site-packages/airflow/example_dags/example_task_group_decorator.py
[2024-03-06T13:51:18.127+0000] {processor.py:830} INFO - Processing file /home/airflow/.local/lib/python3.11/site-packages/airflow/example_dags/example_task_group_decorator.py for tasks to queue
[2024-03-06T13:51:18.129+0000] {logging_mixin.py:188} INFO - [2024-03-06T13:51:18.128+0000] {dagbag.py:540} INFO - Filling up the DagBag from /home/airflow/.local/lib/python3.11/site-packages/airflow/example_dags/example_task_group_decorator.py
[2024-03-06T13:51:18.145+0000] {processor.py:840} INFO - DAG(s) 'example_task_group_decorator' retrieved from /home/airflow/.local/lib/python3.11/site-packages/airflow/example_dags/example_task_group_decorator.py
[2024-03-06T13:51:18.171+0000] {logging_mixin.py:188} INFO - [2024-03-06T13:51:18.170+0000] {dag.py:3047} INFO - Sync 1 DAGs
[2024-03-06T13:51:18.196+0000] {logging_mixin.py:188} INFO - [2024-03-06T13:51:18.196+0000] {dag.py:3834} INFO - Setting next_dagrun for example_task_group_decorator to 2024-03-05 00:00:00+00:00, run_after=2024-03-06 00:00:00+00:00
[2024-03-06T13:51:18.214+0000] {processor.py:183} INFO - Processing /home/airflow/.local/lib/python3.11/site-packages/airflow/example_dags/example_task_group_decorator.py took 0.091 seconds
[2024-03-06T13:51:48.594+0000] {processor.py:161} INFO - Started process (PID=3779) to work on /home/airflow/.local/lib/python3.11/site-packages/airflow/example_dags/example_task_group_decorator.py
[2024-03-06T13:51:48.595+0000] {processor.py:830} INFO - Processing file /home/airflow/.local/lib/python3.11/site-packages/airflow/example_dags/example_task_group_decorator.py for tasks to queue
[2024-03-06T13:51:48.596+0000] {logging_mixin.py:188} INFO - [2024-03-06T13:51:48.595+0000] {dagbag.py:540} INFO - Filling up the DagBag from /home/airflow/.local/lib/python3.11/site-packages/airflow/example_dags/example_task_group_decorator.py
[2024-03-06T13:51:48.611+0000] {processor.py:840} INFO - DAG(s) 'example_task_group_decorator' retrieved from /home/airflow/.local/lib/python3.11/site-packages/airflow/example_dags/example_task_group_decorator.py
[2024-03-06T13:51:48.635+0000] {logging_mixin.py:188} INFO - [2024-03-06T13:51:48.635+0000] {dag.py:3047} INFO - Sync 1 DAGs
[2024-03-06T13:51:48.654+0000] {logging_mixin.py:188} INFO - [2024-03-06T13:51:48.653+0000] {dag.py:3834} INFO - Setting next_dagrun for example_task_group_decorator to 2024-03-05 00:00:00+00:00, run_after=2024-03-06 00:00:00+00:00
[2024-03-06T13:51:48.670+0000] {processor.py:183} INFO - Processing /home/airflow/.local/lib/python3.11/site-packages/airflow/example_dags/example_task_group_decorator.py took 0.080 seconds
[2024-03-06T13:52:19.170+0000] {processor.py:161} INFO - Started process (PID=4026) to work on /home/airflow/.local/lib/python3.11/site-packages/airflow/example_dags/example_task_group_decorator.py
[2024-03-06T13:52:19.171+0000] {processor.py:830} INFO - Processing file /home/airflow/.local/lib/python3.11/site-packages/airflow/example_dags/example_task_group_decorator.py for tasks to queue
[2024-03-06T13:52:19.173+0000] {logging_mixin.py:188} INFO - [2024-03-06T13:52:19.172+0000] {dagbag.py:540} INFO - Filling up the DagBag from /home/airflow/.local/lib/python3.11/site-packages/airflow/example_dags/example_task_group_decorator.py
[2024-03-06T13:52:19.187+0000] {processor.py:840} INFO - DAG(s) 'example_task_group_decorator' retrieved from /home/airflow/.local/lib/python3.11/site-packages/airflow/example_dags/example_task_group_decorator.py
[2024-03-06T13:52:19.210+0000] {logging_mixin.py:188} INFO - [2024-03-06T13:52:19.209+0000] {dag.py:3047} INFO - Sync 1 DAGs
[2024-03-06T13:52:19.230+0000] {logging_mixin.py:188} INFO - [2024-03-06T13:52:19.230+0000] {dag.py:3834} INFO - Setting next_dagrun for example_task_group_decorator to 2024-03-05 00:00:00+00:00, run_after=2024-03-06 00:00:00+00:00
[2024-03-06T13:52:19.247+0000] {processor.py:183} INFO - Processing /home/airflow/.local/lib/python3.11/site-packages/airflow/example_dags/example_task_group_decorator.py took 0.080 seconds
[2024-03-06T13:52:49.475+0000] {processor.py:161} INFO - Started process (PID=4273) to work on /home/airflow/.local/lib/python3.11/site-packages/airflow/example_dags/example_task_group_decorator.py
[2024-03-06T13:52:49.484+0000] {processor.py:830} INFO - Processing file /home/airflow/.local/lib/python3.11/site-packages/airflow/example_dags/example_task_group_decorator.py for tasks to queue
[2024-03-06T13:52:49.486+0000] {logging_mixin.py:188} INFO - [2024-03-06T13:52:49.485+0000] {dagbag.py:540} INFO - Filling up the DagBag from /home/airflow/.local/lib/python3.11/site-packages/airflow/example_dags/example_task_group_decorator.py
[2024-03-06T13:52:49.518+0000] {processor.py:840} INFO - DAG(s) 'example_task_group_decorator' retrieved from /home/airflow/.local/lib/python3.11/site-packages/airflow/example_dags/example_task_group_decorator.py
[2024-03-06T13:52:49.550+0000] {logging_mixin.py:188} INFO - [2024-03-06T13:52:49.550+0000] {dag.py:3047} INFO - Sync 1 DAGs
[2024-03-06T13:52:49.578+0000] {logging_mixin.py:188} INFO - [2024-03-06T13:52:49.577+0000] {dag.py:3834} INFO - Setting next_dagrun for example_task_group_decorator to 2024-03-05 00:00:00+00:00, run_after=2024-03-06 00:00:00+00:00
[2024-03-06T13:52:49.600+0000] {processor.py:183} INFO - Processing /home/airflow/.local/lib/python3.11/site-packages/airflow/example_dags/example_task_group_decorator.py took 0.132 seconds
[2024-03-06T13:53:20.178+0000] {processor.py:161} INFO - Started process (PID=4519) to work on /home/airflow/.local/lib/python3.11/site-packages/airflow/example_dags/example_task_group_decorator.py
[2024-03-06T13:53:20.179+0000] {processor.py:830} INFO - Processing file /home/airflow/.local/lib/python3.11/site-packages/airflow/example_dags/example_task_group_decorator.py for tasks to queue
[2024-03-06T13:53:20.182+0000] {logging_mixin.py:188} INFO - [2024-03-06T13:53:20.181+0000] {dagbag.py:540} INFO - Filling up the DagBag from /home/airflow/.local/lib/python3.11/site-packages/airflow/example_dags/example_task_group_decorator.py
[2024-03-06T13:53:20.201+0000] {processor.py:840} INFO - DAG(s) 'example_task_group_decorator' retrieved from /home/airflow/.local/lib/python3.11/site-packages/airflow/example_dags/example_task_group_decorator.py
[2024-03-06T13:53:20.235+0000] {logging_mixin.py:188} INFO - [2024-03-06T13:53:20.234+0000] {dag.py:3047} INFO - Sync 1 DAGs
[2024-03-06T13:53:20.269+0000] {logging_mixin.py:188} INFO - [2024-03-06T13:53:20.269+0000] {dag.py:3834} INFO - Setting next_dagrun for example_task_group_decorator to 2024-03-05 00:00:00+00:00, run_after=2024-03-06 00:00:00+00:00
[2024-03-06T13:53:20.295+0000] {processor.py:183} INFO - Processing /home/airflow/.local/lib/python3.11/site-packages/airflow/example_dags/example_task_group_decorator.py took 0.121 seconds
[2024-03-06T13:53:50.360+0000] {processor.py:161} INFO - Started process (PID=4766) to work on /home/airflow/.local/lib/python3.11/site-packages/airflow/example_dags/example_task_group_decorator.py
[2024-03-06T13:53:50.362+0000] {processor.py:830} INFO - Processing file /home/airflow/.local/lib/python3.11/site-packages/airflow/example_dags/example_task_group_decorator.py for tasks to queue
[2024-03-06T13:53:50.364+0000] {logging_mixin.py:188} INFO - [2024-03-06T13:53:50.363+0000] {dagbag.py:540} INFO - Filling up the DagBag from /home/airflow/.local/lib/python3.11/site-packages/airflow/example_dags/example_task_group_decorator.py
[2024-03-06T13:53:50.381+0000] {processor.py:840} INFO - DAG(s) 'example_task_group_decorator' retrieved from /home/airflow/.local/lib/python3.11/site-packages/airflow/example_dags/example_task_group_decorator.py
[2024-03-06T13:53:50.418+0000] {logging_mixin.py:188} INFO - [2024-03-06T13:53:50.417+0000] {dag.py:3047} INFO - Sync 1 DAGs
[2024-03-06T13:53:50.445+0000] {logging_mixin.py:188} INFO - [2024-03-06T13:53:50.445+0000] {dag.py:3834} INFO - Setting next_dagrun for example_task_group_decorator to 2024-03-05 00:00:00+00:00, run_after=2024-03-06 00:00:00+00:00
[2024-03-06T13:53:50.469+0000] {processor.py:183} INFO - Processing /home/airflow/.local/lib/python3.11/site-packages/airflow/example_dags/example_task_group_decorator.py took 0.114 seconds
[2024-03-06T13:54:20.917+0000] {processor.py:161} INFO - Started process (PID=5013) to work on /home/airflow/.local/lib/python3.11/site-packages/airflow/example_dags/example_task_group_decorator.py
[2024-03-06T13:54:20.918+0000] {processor.py:830} INFO - Processing file /home/airflow/.local/lib/python3.11/site-packages/airflow/example_dags/example_task_group_decorator.py for tasks to queue
[2024-03-06T13:54:20.919+0000] {logging_mixin.py:188} INFO - [2024-03-06T13:54:20.918+0000] {dagbag.py:540} INFO - Filling up the DagBag from /home/airflow/.local/lib/python3.11/site-packages/airflow/example_dags/example_task_group_decorator.py
[2024-03-06T13:54:20.934+0000] {processor.py:840} INFO - DAG(s) 'example_task_group_decorator' retrieved from /home/airflow/.local/lib/python3.11/site-packages/airflow/example_dags/example_task_group_decorator.py
[2024-03-06T13:54:20.956+0000] {logging_mixin.py:188} INFO - [2024-03-06T13:54:20.956+0000] {dag.py:3047} INFO - Sync 1 DAGs
[2024-03-06T13:54:20.977+0000] {logging_mixin.py:188} INFO - [2024-03-06T13:54:20.977+0000] {dag.py:3834} INFO - Setting next_dagrun for example_task_group_decorator to 2024-03-05 00:00:00+00:00, run_after=2024-03-06 00:00:00+00:00
[2024-03-06T13:54:20.996+0000] {processor.py:183} INFO - Processing /home/airflow/.local/lib/python3.11/site-packages/airflow/example_dags/example_task_group_decorator.py took 0.083 seconds
[2024-03-06T13:54:51.850+0000] {processor.py:161} INFO - Started process (PID=5260) to work on /home/airflow/.local/lib/python3.11/site-packages/airflow/example_dags/example_task_group_decorator.py
[2024-03-06T13:54:51.851+0000] {processor.py:830} INFO - Processing file /home/airflow/.local/lib/python3.11/site-packages/airflow/example_dags/example_task_group_decorator.py for tasks to queue
[2024-03-06T13:54:51.852+0000] {logging_mixin.py:188} INFO - [2024-03-06T13:54:51.852+0000] {dagbag.py:540} INFO - Filling up the DagBag from /home/airflow/.local/lib/python3.11/site-packages/airflow/example_dags/example_task_group_decorator.py
[2024-03-06T13:54:51.869+0000] {processor.py:840} INFO - DAG(s) 'example_task_group_decorator' retrieved from /home/airflow/.local/lib/python3.11/site-packages/airflow/example_dags/example_task_group_decorator.py
[2024-03-06T13:54:51.896+0000] {logging_mixin.py:188} INFO - [2024-03-06T13:54:51.896+0000] {dag.py:3047} INFO - Sync 1 DAGs
[2024-03-06T13:54:51.922+0000] {logging_mixin.py:188} INFO - [2024-03-06T13:54:51.921+0000] {dag.py:3834} INFO - Setting next_dagrun for example_task_group_decorator to 2024-03-05 00:00:00+00:00, run_after=2024-03-06 00:00:00+00:00
[2024-03-06T13:54:51.939+0000] {processor.py:183} INFO - Processing /home/airflow/.local/lib/python3.11/site-packages/airflow/example_dags/example_task_group_decorator.py took 0.092 seconds
[2024-03-06T13:55:22.992+0000] {processor.py:161} INFO - Started process (PID=5507) to work on /home/airflow/.local/lib/python3.11/site-packages/airflow/example_dags/example_task_group_decorator.py
[2024-03-06T13:55:22.998+0000] {processor.py:830} INFO - Processing file /home/airflow/.local/lib/python3.11/site-packages/airflow/example_dags/example_task_group_decorator.py for tasks to queue
[2024-03-06T13:55:23.000+0000] {logging_mixin.py:188} INFO - [2024-03-06T13:55:22.999+0000] {dagbag.py:540} INFO - Filling up the DagBag from /home/airflow/.local/lib/python3.11/site-packages/airflow/example_dags/example_task_group_decorator.py
[2024-03-06T13:55:23.046+0000] {processor.py:840} INFO - DAG(s) 'example_task_group_decorator' retrieved from /home/airflow/.local/lib/python3.11/site-packages/airflow/example_dags/example_task_group_decorator.py
[2024-03-06T13:55:23.128+0000] {logging_mixin.py:188} INFO - [2024-03-06T13:55:23.127+0000] {dag.py:3047} INFO - Sync 1 DAGs
[2024-03-06T13:55:23.189+0000] {logging_mixin.py:188} INFO - [2024-03-06T13:55:23.189+0000] {dag.py:3834} INFO - Setting next_dagrun for example_task_group_decorator to 2024-03-05 00:00:00+00:00, run_after=2024-03-06 00:00:00+00:00
[2024-03-06T13:55:23.272+0000] {processor.py:183} INFO - Processing /home/airflow/.local/lib/python3.11/site-packages/airflow/example_dags/example_task_group_decorator.py took 0.284 seconds
[2024-03-06T13:55:54.015+0000] {processor.py:161} INFO - Started process (PID=5754) to work on /home/airflow/.local/lib/python3.11/site-packages/airflow/example_dags/example_task_group_decorator.py
[2024-03-06T13:55:54.018+0000] {processor.py:830} INFO - Processing file /home/airflow/.local/lib/python3.11/site-packages/airflow/example_dags/example_task_group_decorator.py for tasks to queue
[2024-03-06T13:55:54.020+0000] {logging_mixin.py:188} INFO - [2024-03-06T13:55:54.020+0000] {dagbag.py:540} INFO - Filling up the DagBag from /home/airflow/.local/lib/python3.11/site-packages/airflow/example_dags/example_task_group_decorator.py
[2024-03-06T13:55:54.056+0000] {processor.py:840} INFO - DAG(s) 'example_task_group_decorator' retrieved from /home/airflow/.local/lib/python3.11/site-packages/airflow/example_dags/example_task_group_decorator.py
[2024-03-06T13:55:54.113+0000] {logging_mixin.py:188} INFO - [2024-03-06T13:55:54.113+0000] {dag.py:3047} INFO - Sync 1 DAGs
[2024-03-06T13:55:54.189+0000] {logging_mixin.py:188} INFO - [2024-03-06T13:55:54.189+0000] {dag.py:3834} INFO - Setting next_dagrun for example_task_group_decorator to 2024-03-05 00:00:00+00:00, run_after=2024-03-06 00:00:00+00:00
[2024-03-06T13:55:54.258+0000] {processor.py:183} INFO - Processing /home/airflow/.local/lib/python3.11/site-packages/airflow/example_dags/example_task_group_decorator.py took 0.248 seconds
[2024-03-06T13:56:24.789+0000] {processor.py:161} INFO - Started process (PID=6005) to work on /home/airflow/.local/lib/python3.11/site-packages/airflow/example_dags/example_task_group_decorator.py
[2024-03-06T13:56:24.791+0000] {processor.py:830} INFO - Processing file /home/airflow/.local/lib/python3.11/site-packages/airflow/example_dags/example_task_group_decorator.py for tasks to queue
[2024-03-06T13:56:24.793+0000] {logging_mixin.py:188} INFO - [2024-03-06T13:56:24.792+0000] {dagbag.py:540} INFO - Filling up the DagBag from /home/airflow/.local/lib/python3.11/site-packages/airflow/example_dags/example_task_group_decorator.py
[2024-03-06T13:56:24.815+0000] {processor.py:840} INFO - DAG(s) 'example_task_group_decorator' retrieved from /home/airflow/.local/lib/python3.11/site-packages/airflow/example_dags/example_task_group_decorator.py
[2024-03-06T13:56:24.862+0000] {logging_mixin.py:188} INFO - [2024-03-06T13:56:24.861+0000] {dag.py:3047} INFO - Sync 1 DAGs
[2024-03-06T13:56:25.084+0000] {logging_mixin.py:188} INFO - [2024-03-06T13:56:25.084+0000] {dag.py:3834} INFO - Setting next_dagrun for example_task_group_decorator to 2024-03-05 00:00:00+00:00, run_after=2024-03-06 00:00:00+00:00
[2024-03-06T13:56:25.320+0000] {processor.py:183} INFO - Processing /home/airflow/.local/lib/python3.11/site-packages/airflow/example_dags/example_task_group_decorator.py took 0.536 seconds
[2024-03-06T13:56:55.640+0000] {processor.py:161} INFO - Started process (PID=6252) to work on /home/airflow/.local/lib/python3.11/site-packages/airflow/example_dags/example_task_group_decorator.py
[2024-03-06T13:56:55.641+0000] {processor.py:830} INFO - Processing file /home/airflow/.local/lib/python3.11/site-packages/airflow/example_dags/example_task_group_decorator.py for tasks to queue
[2024-03-06T13:56:55.643+0000] {logging_mixin.py:188} INFO - [2024-03-06T13:56:55.643+0000] {dagbag.py:540} INFO - Filling up the DagBag from /home/airflow/.local/lib/python3.11/site-packages/airflow/example_dags/example_task_group_decorator.py
[2024-03-06T13:56:55.663+0000] {processor.py:840} INFO - DAG(s) 'example_task_group_decorator' retrieved from /home/airflow/.local/lib/python3.11/site-packages/airflow/example_dags/example_task_group_decorator.py
[2024-03-06T13:56:55.693+0000] {logging_mixin.py:188} INFO - [2024-03-06T13:56:55.692+0000] {dag.py:3047} INFO - Sync 1 DAGs
[2024-03-06T13:56:55.712+0000] {logging_mixin.py:188} INFO - [2024-03-06T13:56:55.712+0000] {dag.py:3834} INFO - Setting next_dagrun for example_task_group_decorator to 2024-03-05 00:00:00+00:00, run_after=2024-03-06 00:00:00+00:00
[2024-03-06T13:56:55.741+0000] {processor.py:183} INFO - Processing /home/airflow/.local/lib/python3.11/site-packages/airflow/example_dags/example_task_group_decorator.py took 0.106 seconds
[2024-03-06T13:57:26.237+0000] {processor.py:161} INFO - Started process (PID=6499) to work on /home/airflow/.local/lib/python3.11/site-packages/airflow/example_dags/example_task_group_decorator.py
[2024-03-06T13:57:26.239+0000] {processor.py:830} INFO - Processing file /home/airflow/.local/lib/python3.11/site-packages/airflow/example_dags/example_task_group_decorator.py for tasks to queue
[2024-03-06T13:57:26.241+0000] {logging_mixin.py:188} INFO - [2024-03-06T13:57:26.240+0000] {dagbag.py:540} INFO - Filling up the DagBag from /home/airflow/.local/lib/python3.11/site-packages/airflow/example_dags/example_task_group_decorator.py
[2024-03-06T13:57:26.260+0000] {processor.py:840} INFO - DAG(s) 'example_task_group_decorator' retrieved from /home/airflow/.local/lib/python3.11/site-packages/airflow/example_dags/example_task_group_decorator.py
[2024-03-06T13:57:26.317+0000] {logging_mixin.py:188} INFO - [2024-03-06T13:57:26.316+0000] {dag.py:3047} INFO - Sync 1 DAGs
[2024-03-06T13:57:26.337+0000] {logging_mixin.py:188} INFO - [2024-03-06T13:57:26.337+0000] {dag.py:3834} INFO - Setting next_dagrun for example_task_group_decorator to 2024-03-05 00:00:00+00:00, run_after=2024-03-06 00:00:00+00:00
[2024-03-06T13:57:26.353+0000] {processor.py:183} INFO - Processing /home/airflow/.local/lib/python3.11/site-packages/airflow/example_dags/example_task_group_decorator.py took 0.120 seconds
[2024-03-06T13:57:56.563+0000] {processor.py:161} INFO - Started process (PID=6745) to work on /home/airflow/.local/lib/python3.11/site-packages/airflow/example_dags/example_task_group_decorator.py
[2024-03-06T13:57:56.565+0000] {processor.py:830} INFO - Processing file /home/airflow/.local/lib/python3.11/site-packages/airflow/example_dags/example_task_group_decorator.py for tasks to queue
[2024-03-06T13:57:56.566+0000] {logging_mixin.py:188} INFO - [2024-03-06T13:57:56.566+0000] {dagbag.py:540} INFO - Filling up the DagBag from /home/airflow/.local/lib/python3.11/site-packages/airflow/example_dags/example_task_group_decorator.py
[2024-03-06T13:57:56.589+0000] {processor.py:840} INFO - DAG(s) 'example_task_group_decorator' retrieved from /home/airflow/.local/lib/python3.11/site-packages/airflow/example_dags/example_task_group_decorator.py
[2024-03-06T13:57:56.627+0000] {logging_mixin.py:188} INFO - [2024-03-06T13:57:56.627+0000] {dag.py:3047} INFO - Sync 1 DAGs
[2024-03-06T13:57:56.685+0000] {logging_mixin.py:188} INFO - [2024-03-06T13:57:56.685+0000] {dag.py:3834} INFO - Setting next_dagrun for example_task_group_decorator to 2024-03-05 00:00:00+00:00, run_after=2024-03-06 00:00:00+00:00
[2024-03-06T13:57:56.748+0000] {processor.py:183} INFO - Processing /home/airflow/.local/lib/python3.11/site-packages/airflow/example_dags/example_task_group_decorator.py took 0.191 seconds
[2024-03-06T13:58:27.076+0000] {processor.py:161} INFO - Started process (PID=6991) to work on /home/airflow/.local/lib/python3.11/site-packages/airflow/example_dags/example_task_group_decorator.py
[2024-03-06T13:58:27.078+0000] {processor.py:830} INFO - Processing file /home/airflow/.local/lib/python3.11/site-packages/airflow/example_dags/example_task_group_decorator.py for tasks to queue
[2024-03-06T13:58:27.080+0000] {logging_mixin.py:188} INFO - [2024-03-06T13:58:27.080+0000] {dagbag.py:540} INFO - Filling up the DagBag from /home/airflow/.local/lib/python3.11/site-packages/airflow/example_dags/example_task_group_decorator.py
[2024-03-06T13:58:27.101+0000] {processor.py:840} INFO - DAG(s) 'example_task_group_decorator' retrieved from /home/airflow/.local/lib/python3.11/site-packages/airflow/example_dags/example_task_group_decorator.py
[2024-03-06T13:58:27.129+0000] {logging_mixin.py:188} INFO - [2024-03-06T13:58:27.129+0000] {dag.py:3047} INFO - Sync 1 DAGs
[2024-03-06T13:58:27.157+0000] {logging_mixin.py:188} INFO - [2024-03-06T13:58:27.156+0000] {dag.py:3834} INFO - Setting next_dagrun for example_task_group_decorator to 2024-03-05 00:00:00+00:00, run_after=2024-03-06 00:00:00+00:00
[2024-03-06T13:58:27.176+0000] {processor.py:183} INFO - Processing /home/airflow/.local/lib/python3.11/site-packages/airflow/example_dags/example_task_group_decorator.py took 0.105 seconds
[2024-03-06T13:58:58.292+0000] {processor.py:161} INFO - Started process (PID=7238) to work on /home/airflow/.local/lib/python3.11/site-packages/airflow/example_dags/example_task_group_decorator.py
[2024-03-06T13:58:58.295+0000] {processor.py:830} INFO - Processing file /home/airflow/.local/lib/python3.11/site-packages/airflow/example_dags/example_task_group_decorator.py for tasks to queue
[2024-03-06T13:58:58.297+0000] {logging_mixin.py:188} INFO - [2024-03-06T13:58:58.296+0000] {dagbag.py:540} INFO - Filling up the DagBag from /home/airflow/.local/lib/python3.11/site-packages/airflow/example_dags/example_task_group_decorator.py
[2024-03-06T13:58:58.322+0000] {processor.py:840} INFO - DAG(s) 'example_task_group_decorator' retrieved from /home/airflow/.local/lib/python3.11/site-packages/airflow/example_dags/example_task_group_decorator.py
[2024-03-06T13:58:58.361+0000] {logging_mixin.py:188} INFO - [2024-03-06T13:58:58.361+0000] {dag.py:3047} INFO - Sync 1 DAGs
[2024-03-06T13:58:58.415+0000] {logging_mixin.py:188} INFO - [2024-03-06T13:58:58.415+0000] {dag.py:3834} INFO - Setting next_dagrun for example_task_group_decorator to 2024-03-05 00:00:00+00:00, run_after=2024-03-06 00:00:00+00:00
[2024-03-06T13:58:58.494+0000] {processor.py:183} INFO - Processing /home/airflow/.local/lib/python3.11/site-packages/airflow/example_dags/example_task_group_decorator.py took 0.207 seconds
[2024-03-06T13:59:28.926+0000] {processor.py:161} INFO - Started process (PID=7485) to work on /home/airflow/.local/lib/python3.11/site-packages/airflow/example_dags/example_task_group_decorator.py
[2024-03-06T13:59:28.928+0000] {processor.py:830} INFO - Processing file /home/airflow/.local/lib/python3.11/site-packages/airflow/example_dags/example_task_group_decorator.py for tasks to queue
[2024-03-06T13:59:28.930+0000] {logging_mixin.py:188} INFO - [2024-03-06T13:59:28.929+0000] {dagbag.py:540} INFO - Filling up the DagBag from /home/airflow/.local/lib/python3.11/site-packages/airflow/example_dags/example_task_group_decorator.py
[2024-03-06T13:59:28.956+0000] {processor.py:840} INFO - DAG(s) 'example_task_group_decorator' retrieved from /home/airflow/.local/lib/python3.11/site-packages/airflow/example_dags/example_task_group_decorator.py
[2024-03-06T13:59:28.998+0000] {logging_mixin.py:188} INFO - [2024-03-06T13:59:28.997+0000] {dag.py:3047} INFO - Sync 1 DAGs
[2024-03-06T13:59:29.037+0000] {logging_mixin.py:188} INFO - [2024-03-06T13:59:29.037+0000] {dag.py:3834} INFO - Setting next_dagrun for example_task_group_decorator to 2024-03-05 00:00:00+00:00, run_after=2024-03-06 00:00:00+00:00
[2024-03-06T13:59:29.071+0000] {processor.py:183} INFO - Processing /home/airflow/.local/lib/python3.11/site-packages/airflow/example_dags/example_task_group_decorator.py took 0.150 seconds
[2024-03-06T13:59:59.911+0000] {processor.py:161} INFO - Started process (PID=7731) to work on /home/airflow/.local/lib/python3.11/site-packages/airflow/example_dags/example_task_group_decorator.py
[2024-03-06T13:59:59.914+0000] {processor.py:830} INFO - Processing file /home/airflow/.local/lib/python3.11/site-packages/airflow/example_dags/example_task_group_decorator.py for tasks to queue
[2024-03-06T13:59:59.919+0000] {logging_mixin.py:188} INFO - [2024-03-06T13:59:59.917+0000] {dagbag.py:540} INFO - Filling up the DagBag from /home/airflow/.local/lib/python3.11/site-packages/airflow/example_dags/example_task_group_decorator.py
[2024-03-06T13:59:59.945+0000] {processor.py:840} INFO - DAG(s) 'example_task_group_decorator' retrieved from /home/airflow/.local/lib/python3.11/site-packages/airflow/example_dags/example_task_group_decorator.py
[2024-03-06T14:00:00.023+0000] {logging_mixin.py:188} INFO - [2024-03-06T14:00:00.022+0000] {dag.py:3047} INFO - Sync 1 DAGs
[2024-03-06T14:00:00.076+0000] {logging_mixin.py:188} INFO - [2024-03-06T14:00:00.075+0000] {dag.py:3834} INFO - Setting next_dagrun for example_task_group_decorator to 2024-03-05 00:00:00+00:00, run_after=2024-03-06 00:00:00+00:00
[2024-03-06T14:00:00.148+0000] {processor.py:183} INFO - Processing /home/airflow/.local/lib/python3.11/site-packages/airflow/example_dags/example_task_group_decorator.py took 0.243 seconds
[2024-03-06T14:00:30.223+0000] {processor.py:161} INFO - Started process (PID=7978) to work on /home/airflow/.local/lib/python3.11/site-packages/airflow/example_dags/example_task_group_decorator.py
[2024-03-06T14:00:30.226+0000] {processor.py:830} INFO - Processing file /home/airflow/.local/lib/python3.11/site-packages/airflow/example_dags/example_task_group_decorator.py for tasks to queue
[2024-03-06T14:00:30.229+0000] {logging_mixin.py:188} INFO - [2024-03-06T14:00:30.228+0000] {dagbag.py:540} INFO - Filling up the DagBag from /home/airflow/.local/lib/python3.11/site-packages/airflow/example_dags/example_task_group_decorator.py
[2024-03-06T14:00:30.257+0000] {processor.py:840} INFO - DAG(s) 'example_task_group_decorator' retrieved from /home/airflow/.local/lib/python3.11/site-packages/airflow/example_dags/example_task_group_decorator.py
[2024-03-06T14:00:30.291+0000] {logging_mixin.py:188} INFO - [2024-03-06T14:00:30.291+0000] {dag.py:3047} INFO - Sync 1 DAGs
[2024-03-06T14:00:30.326+0000] {logging_mixin.py:188} INFO - [2024-03-06T14:00:30.325+0000] {dag.py:3834} INFO - Setting next_dagrun for example_task_group_decorator to 2024-03-05 00:00:00+00:00, run_after=2024-03-06 00:00:00+00:00
[2024-03-06T14:00:30.354+0000] {processor.py:183} INFO - Processing /home/airflow/.local/lib/python3.11/site-packages/airflow/example_dags/example_task_group_decorator.py took 0.136 seconds
[2024-03-06T14:01:00.511+0000] {processor.py:161} INFO - Started process (PID=8226) to work on /home/airflow/.local/lib/python3.11/site-packages/airflow/example_dags/example_task_group_decorator.py
[2024-03-06T14:01:00.513+0000] {processor.py:830} INFO - Processing file /home/airflow/.local/lib/python3.11/site-packages/airflow/example_dags/example_task_group_decorator.py for tasks to queue
[2024-03-06T14:01:00.515+0000] {logging_mixin.py:188} INFO - [2024-03-06T14:01:00.514+0000] {dagbag.py:540} INFO - Filling up the DagBag from /home/airflow/.local/lib/python3.11/site-packages/airflow/example_dags/example_task_group_decorator.py
[2024-03-06T14:01:00.534+0000] {processor.py:840} INFO - DAG(s) 'example_task_group_decorator' retrieved from /home/airflow/.local/lib/python3.11/site-packages/airflow/example_dags/example_task_group_decorator.py
[2024-03-06T14:01:00.568+0000] {logging_mixin.py:188} INFO - [2024-03-06T14:01:00.568+0000] {dag.py:3047} INFO - Sync 1 DAGs
[2024-03-06T14:01:00.607+0000] {logging_mixin.py:188} INFO - [2024-03-06T14:01:00.607+0000] {dag.py:3834} INFO - Setting next_dagrun for example_task_group_decorator to 2024-03-05 00:00:00+00:00, run_after=2024-03-06 00:00:00+00:00
[2024-03-06T14:01:00.639+0000] {processor.py:183} INFO - Processing /home/airflow/.local/lib/python3.11/site-packages/airflow/example_dags/example_task_group_decorator.py took 0.132 seconds
[2024-03-06T14:01:31.166+0000] {processor.py:161} INFO - Started process (PID=8471) to work on /home/airflow/.local/lib/python3.11/site-packages/airflow/example_dags/example_task_group_decorator.py
[2024-03-06T14:01:31.168+0000] {processor.py:830} INFO - Processing file /home/airflow/.local/lib/python3.11/site-packages/airflow/example_dags/example_task_group_decorator.py for tasks to queue
[2024-03-06T14:01:31.170+0000] {logging_mixin.py:188} INFO - [2024-03-06T14:01:31.169+0000] {dagbag.py:540} INFO - Filling up the DagBag from /home/airflow/.local/lib/python3.11/site-packages/airflow/example_dags/example_task_group_decorator.py
[2024-03-06T14:01:31.190+0000] {processor.py:840} INFO - DAG(s) 'example_task_group_decorator' retrieved from /home/airflow/.local/lib/python3.11/site-packages/airflow/example_dags/example_task_group_decorator.py
[2024-03-06T14:01:31.217+0000] {logging_mixin.py:188} INFO - [2024-03-06T14:01:31.217+0000] {dag.py:3047} INFO - Sync 1 DAGs
[2024-03-06T14:01:31.241+0000] {logging_mixin.py:188} INFO - [2024-03-06T14:01:31.241+0000] {dag.py:3834} INFO - Setting next_dagrun for example_task_group_decorator to 2024-03-05 00:00:00+00:00, run_after=2024-03-06 00:00:00+00:00
[2024-03-06T14:01:31.266+0000] {processor.py:183} INFO - Processing /home/airflow/.local/lib/python3.11/site-packages/airflow/example_dags/example_task_group_decorator.py took 0.105 seconds
[2024-03-06T14:02:01.425+0000] {processor.py:161} INFO - Started process (PID=8720) to work on /home/airflow/.local/lib/python3.11/site-packages/airflow/example_dags/example_task_group_decorator.py
[2024-03-06T14:02:01.426+0000] {processor.py:830} INFO - Processing file /home/airflow/.local/lib/python3.11/site-packages/airflow/example_dags/example_task_group_decorator.py for tasks to queue
[2024-03-06T14:02:01.427+0000] {logging_mixin.py:188} INFO - [2024-03-06T14:02:01.427+0000] {dagbag.py:540} INFO - Filling up the DagBag from /home/airflow/.local/lib/python3.11/site-packages/airflow/example_dags/example_task_group_decorator.py
[2024-03-06T14:02:01.442+0000] {processor.py:840} INFO - DAG(s) 'example_task_group_decorator' retrieved from /home/airflow/.local/lib/python3.11/site-packages/airflow/example_dags/example_task_group_decorator.py
[2024-03-06T14:02:01.463+0000] {logging_mixin.py:188} INFO - [2024-03-06T14:02:01.462+0000] {dag.py:3047} INFO - Sync 1 DAGs
[2024-03-06T14:02:01.481+0000] {logging_mixin.py:188} INFO - [2024-03-06T14:02:01.481+0000] {dag.py:3834} INFO - Setting next_dagrun for example_task_group_decorator to 2024-03-05 00:00:00+00:00, run_after=2024-03-06 00:00:00+00:00
[2024-03-06T14:02:01.498+0000] {processor.py:183} INFO - Processing /home/airflow/.local/lib/python3.11/site-packages/airflow/example_dags/example_task_group_decorator.py took 0.076 seconds
[2024-03-06T14:02:32.065+0000] {processor.py:161} INFO - Started process (PID=8965) to work on /home/airflow/.local/lib/python3.11/site-packages/airflow/example_dags/example_task_group_decorator.py
[2024-03-06T14:02:32.066+0000] {processor.py:830} INFO - Processing file /home/airflow/.local/lib/python3.11/site-packages/airflow/example_dags/example_task_group_decorator.py for tasks to queue
[2024-03-06T14:02:32.068+0000] {logging_mixin.py:188} INFO - [2024-03-06T14:02:32.067+0000] {dagbag.py:540} INFO - Filling up the DagBag from /home/airflow/.local/lib/python3.11/site-packages/airflow/example_dags/example_task_group_decorator.py
[2024-03-06T14:02:32.086+0000] {processor.py:840} INFO - DAG(s) 'example_task_group_decorator' retrieved from /home/airflow/.local/lib/python3.11/site-packages/airflow/example_dags/example_task_group_decorator.py
[2024-03-06T14:02:32.111+0000] {logging_mixin.py:188} INFO - [2024-03-06T14:02:32.111+0000] {dag.py:3047} INFO - Sync 1 DAGs
[2024-03-06T14:02:32.134+0000] {logging_mixin.py:188} INFO - [2024-03-06T14:02:32.133+0000] {dag.py:3834} INFO - Setting next_dagrun for example_task_group_decorator to 2024-03-05 00:00:00+00:00, run_after=2024-03-06 00:00:00+00:00
[2024-03-06T14:02:32.155+0000] {processor.py:183} INFO - Processing /home/airflow/.local/lib/python3.11/site-packages/airflow/example_dags/example_task_group_decorator.py took 0.095 seconds
[2024-03-06T14:03:02.355+0000] {processor.py:161} INFO - Started process (PID=9212) to work on /home/airflow/.local/lib/python3.11/site-packages/airflow/example_dags/example_task_group_decorator.py
[2024-03-06T14:03:02.357+0000] {processor.py:830} INFO - Processing file /home/airflow/.local/lib/python3.11/site-packages/airflow/example_dags/example_task_group_decorator.py for tasks to queue
[2024-03-06T14:03:02.359+0000] {logging_mixin.py:188} INFO - [2024-03-06T14:03:02.358+0000] {dagbag.py:540} INFO - Filling up the DagBag from /home/airflow/.local/lib/python3.11/site-packages/airflow/example_dags/example_task_group_decorator.py
[2024-03-06T14:03:02.375+0000] {processor.py:840} INFO - DAG(s) 'example_task_group_decorator' retrieved from /home/airflow/.local/lib/python3.11/site-packages/airflow/example_dags/example_task_group_decorator.py
[2024-03-06T14:03:02.399+0000] {logging_mixin.py:188} INFO - [2024-03-06T14:03:02.399+0000] {dag.py:3047} INFO - Sync 1 DAGs
[2024-03-06T14:03:02.422+0000] {logging_mixin.py:188} INFO - [2024-03-06T14:03:02.421+0000] {dag.py:3834} INFO - Setting next_dagrun for example_task_group_decorator to 2024-03-05 00:00:00+00:00, run_after=2024-03-06 00:00:00+00:00
[2024-03-06T14:03:02.443+0000] {processor.py:183} INFO - Processing /home/airflow/.local/lib/python3.11/site-packages/airflow/example_dags/example_task_group_decorator.py took 0.091 seconds
[2024-03-06T14:03:32.705+0000] {processor.py:161} INFO - Started process (PID=9459) to work on /home/airflow/.local/lib/python3.11/site-packages/airflow/example_dags/example_task_group_decorator.py
[2024-03-06T14:03:32.708+0000] {processor.py:830} INFO - Processing file /home/airflow/.local/lib/python3.11/site-packages/airflow/example_dags/example_task_group_decorator.py for tasks to queue
[2024-03-06T14:03:32.712+0000] {logging_mixin.py:188} INFO - [2024-03-06T14:03:32.712+0000] {dagbag.py:540} INFO - Filling up the DagBag from /home/airflow/.local/lib/python3.11/site-packages/airflow/example_dags/example_task_group_decorator.py
[2024-03-06T14:03:32.733+0000] {processor.py:840} INFO - DAG(s) 'example_task_group_decorator' retrieved from /home/airflow/.local/lib/python3.11/site-packages/airflow/example_dags/example_task_group_decorator.py
[2024-03-06T14:03:32.763+0000] {logging_mixin.py:188} INFO - [2024-03-06T14:03:32.763+0000] {dag.py:3047} INFO - Sync 1 DAGs
[2024-03-06T14:03:32.788+0000] {logging_mixin.py:188} INFO - [2024-03-06T14:03:32.788+0000] {dag.py:3834} INFO - Setting next_dagrun for example_task_group_decorator to 2024-03-05 00:00:00+00:00, run_after=2024-03-06 00:00:00+00:00
[2024-03-06T14:03:32.810+0000] {processor.py:183} INFO - Processing /home/airflow/.local/lib/python3.11/site-packages/airflow/example_dags/example_task_group_decorator.py took 0.109 seconds
[2024-03-06T14:04:03.927+0000] {processor.py:161} INFO - Started process (PID=9706) to work on /home/airflow/.local/lib/python3.11/site-packages/airflow/example_dags/example_task_group_decorator.py
[2024-03-06T14:04:03.967+0000] {processor.py:830} INFO - Processing file /home/airflow/.local/lib/python3.11/site-packages/airflow/example_dags/example_task_group_decorator.py for tasks to queue
[2024-03-06T14:04:03.969+0000] {logging_mixin.py:188} INFO - [2024-03-06T14:04:03.968+0000] {dagbag.py:540} INFO - Filling up the DagBag from /home/airflow/.local/lib/python3.11/site-packages/airflow/example_dags/example_task_group_decorator.py
[2024-03-06T14:04:03.992+0000] {processor.py:840} INFO - DAG(s) 'example_task_group_decorator' retrieved from /home/airflow/.local/lib/python3.11/site-packages/airflow/example_dags/example_task_group_decorator.py
[2024-03-06T14:04:04.026+0000] {logging_mixin.py:188} INFO - [2024-03-06T14:04:04.026+0000] {dag.py:3047} INFO - Sync 1 DAGs
[2024-03-06T14:04:04.075+0000] {logging_mixin.py:188} INFO - [2024-03-06T14:04:04.075+0000] {dag.py:3834} INFO - Setting next_dagrun for example_task_group_decorator to 2024-03-05 00:00:00+00:00, run_after=2024-03-06 00:00:00+00:00
[2024-03-06T14:04:04.101+0000] {processor.py:183} INFO - Processing /home/airflow/.local/lib/python3.11/site-packages/airflow/example_dags/example_task_group_decorator.py took 0.179 seconds
[2024-03-06T14:04:34.288+0000] {processor.py:161} INFO - Started process (PID=9953) to work on /home/airflow/.local/lib/python3.11/site-packages/airflow/example_dags/example_task_group_decorator.py
[2024-03-06T14:04:34.289+0000] {processor.py:830} INFO - Processing file /home/airflow/.local/lib/python3.11/site-packages/airflow/example_dags/example_task_group_decorator.py for tasks to queue
[2024-03-06T14:04:34.290+0000] {logging_mixin.py:188} INFO - [2024-03-06T14:04:34.290+0000] {dagbag.py:540} INFO - Filling up the DagBag from /home/airflow/.local/lib/python3.11/site-packages/airflow/example_dags/example_task_group_decorator.py
[2024-03-06T14:04:34.306+0000] {processor.py:840} INFO - DAG(s) 'example_task_group_decorator' retrieved from /home/airflow/.local/lib/python3.11/site-packages/airflow/example_dags/example_task_group_decorator.py
[2024-03-06T14:04:34.331+0000] {logging_mixin.py:188} INFO - [2024-03-06T14:04:34.330+0000] {dag.py:3047} INFO - Sync 1 DAGs
[2024-03-06T14:04:34.356+0000] {logging_mixin.py:188} INFO - [2024-03-06T14:04:34.356+0000] {dag.py:3834} INFO - Setting next_dagrun for example_task_group_decorator to 2024-03-05 00:00:00+00:00, run_after=2024-03-06 00:00:00+00:00
[2024-03-06T14:04:34.390+0000] {processor.py:183} INFO - Processing /home/airflow/.local/lib/python3.11/site-packages/airflow/example_dags/example_task_group_decorator.py took 0.105 seconds
[2024-03-06T14:05:04.744+0000] {processor.py:161} INFO - Started process (PID=10200) to work on /home/airflow/.local/lib/python3.11/site-packages/airflow/example_dags/example_task_group_decorator.py
[2024-03-06T14:05:04.749+0000] {processor.py:830} INFO - Processing file /home/airflow/.local/lib/python3.11/site-packages/airflow/example_dags/example_task_group_decorator.py for tasks to queue
[2024-03-06T14:05:04.751+0000] {logging_mixin.py:188} INFO - [2024-03-06T14:05:04.751+0000] {dagbag.py:540} INFO - Filling up the DagBag from /home/airflow/.local/lib/python3.11/site-packages/airflow/example_dags/example_task_group_decorator.py
[2024-03-06T14:05:04.773+0000] {processor.py:840} INFO - DAG(s) 'example_task_group_decorator' retrieved from /home/airflow/.local/lib/python3.11/site-packages/airflow/example_dags/example_task_group_decorator.py
[2024-03-06T14:05:04.813+0000] {logging_mixin.py:188} INFO - [2024-03-06T14:05:04.812+0000] {dag.py:3047} INFO - Sync 1 DAGs
[2024-03-06T14:05:04.843+0000] {logging_mixin.py:188} INFO - [2024-03-06T14:05:04.843+0000] {dag.py:3834} INFO - Setting next_dagrun for example_task_group_decorator to 2024-03-05 00:00:00+00:00, run_after=2024-03-06 00:00:00+00:00
[2024-03-06T14:05:04.874+0000] {processor.py:183} INFO - Processing /home/airflow/.local/lib/python3.11/site-packages/airflow/example_dags/example_task_group_decorator.py took 0.134 seconds
[2024-03-06T14:05:35.829+0000] {processor.py:161} INFO - Started process (PID=10449) to work on /home/airflow/.local/lib/python3.11/site-packages/airflow/example_dags/example_task_group_decorator.py
[2024-03-06T14:05:35.835+0000] {processor.py:830} INFO - Processing file /home/airflow/.local/lib/python3.11/site-packages/airflow/example_dags/example_task_group_decorator.py for tasks to queue
[2024-03-06T14:05:35.838+0000] {logging_mixin.py:188} INFO - [2024-03-06T14:05:35.837+0000] {dagbag.py:540} INFO - Filling up the DagBag from /home/airflow/.local/lib/python3.11/site-packages/airflow/example_dags/example_task_group_decorator.py
[2024-03-06T14:05:35.879+0000] {processor.py:840} INFO - DAG(s) 'example_task_group_decorator' retrieved from /home/airflow/.local/lib/python3.11/site-packages/airflow/example_dags/example_task_group_decorator.py
[2024-03-06T14:05:35.910+0000] {logging_mixin.py:188} INFO - [2024-03-06T14:05:35.909+0000] {dag.py:3047} INFO - Sync 1 DAGs
[2024-03-06T14:05:35.930+0000] {logging_mixin.py:188} INFO - [2024-03-06T14:05:35.929+0000] {dag.py:3834} INFO - Setting next_dagrun for example_task_group_decorator to 2024-03-05 00:00:00+00:00, run_after=2024-03-06 00:00:00+00:00
[2024-03-06T14:05:35.950+0000] {processor.py:183} INFO - Processing /home/airflow/.local/lib/python3.11/site-packages/airflow/example_dags/example_task_group_decorator.py took 0.128 seconds
[2024-03-06T14:06:06.070+0000] {processor.py:161} INFO - Started process (PID=10696) to work on /home/airflow/.local/lib/python3.11/site-packages/airflow/example_dags/example_task_group_decorator.py
[2024-03-06T14:06:06.076+0000] {processor.py:830} INFO - Processing file /home/airflow/.local/lib/python3.11/site-packages/airflow/example_dags/example_task_group_decorator.py for tasks to queue
[2024-03-06T14:06:06.078+0000] {logging_mixin.py:188} INFO - [2024-03-06T14:06:06.077+0000] {dagbag.py:540} INFO - Filling up the DagBag from /home/airflow/.local/lib/python3.11/site-packages/airflow/example_dags/example_task_group_decorator.py
[2024-03-06T14:06:06.110+0000] {processor.py:840} INFO - DAG(s) 'example_task_group_decorator' retrieved from /home/airflow/.local/lib/python3.11/site-packages/airflow/example_dags/example_task_group_decorator.py
[2024-03-06T14:06:06.150+0000] {logging_mixin.py:188} INFO - [2024-03-06T14:06:06.149+0000] {dag.py:3047} INFO - Sync 1 DAGs
[2024-03-06T14:06:06.185+0000] {logging_mixin.py:188} INFO - [2024-03-06T14:06:06.184+0000] {dag.py:3834} INFO - Setting next_dagrun for example_task_group_decorator to 2024-03-05 00:00:00+00:00, run_after=2024-03-06 00:00:00+00:00
[2024-03-06T14:06:06.216+0000] {processor.py:183} INFO - Processing /home/airflow/.local/lib/python3.11/site-packages/airflow/example_dags/example_task_group_decorator.py took 0.154 seconds
[2024-03-06T14:06:36.247+0000] {processor.py:161} INFO - Started process (PID=10942) to work on /home/airflow/.local/lib/python3.11/site-packages/airflow/example_dags/example_task_group_decorator.py
[2024-03-06T14:06:36.248+0000] {processor.py:830} INFO - Processing file /home/airflow/.local/lib/python3.11/site-packages/airflow/example_dags/example_task_group_decorator.py for tasks to queue
[2024-03-06T14:06:36.251+0000] {logging_mixin.py:188} INFO - [2024-03-06T14:06:36.250+0000] {dagbag.py:540} INFO - Filling up the DagBag from /home/airflow/.local/lib/python3.11/site-packages/airflow/example_dags/example_task_group_decorator.py
[2024-03-06T14:06:36.266+0000] {processor.py:840} INFO - DAG(s) 'example_task_group_decorator' retrieved from /home/airflow/.local/lib/python3.11/site-packages/airflow/example_dags/example_task_group_decorator.py
[2024-03-06T14:06:36.291+0000] {logging_mixin.py:188} INFO - [2024-03-06T14:06:36.291+0000] {dag.py:3047} INFO - Sync 1 DAGs
[2024-03-06T14:06:36.314+0000] {logging_mixin.py:188} INFO - [2024-03-06T14:06:36.313+0000] {dag.py:3834} INFO - Setting next_dagrun for example_task_group_decorator to 2024-03-05 00:00:00+00:00, run_after=2024-03-06 00:00:00+00:00
[2024-03-06T14:06:36.347+0000] {processor.py:183} INFO - Processing /home/airflow/.local/lib/python3.11/site-packages/airflow/example_dags/example_task_group_decorator.py took 0.103 seconds
[2024-03-06T14:07:06.763+0000] {processor.py:161} INFO - Started process (PID=11189) to work on /home/airflow/.local/lib/python3.11/site-packages/airflow/example_dags/example_task_group_decorator.py
[2024-03-06T14:07:06.766+0000] {processor.py:830} INFO - Processing file /home/airflow/.local/lib/python3.11/site-packages/airflow/example_dags/example_task_group_decorator.py for tasks to queue
[2024-03-06T14:07:06.770+0000] {logging_mixin.py:188} INFO - [2024-03-06T14:07:06.768+0000] {dagbag.py:540} INFO - Filling up the DagBag from /home/airflow/.local/lib/python3.11/site-packages/airflow/example_dags/example_task_group_decorator.py
[2024-03-06T14:07:06.801+0000] {processor.py:840} INFO - DAG(s) 'example_task_group_decorator' retrieved from /home/airflow/.local/lib/python3.11/site-packages/airflow/example_dags/example_task_group_decorator.py
[2024-03-06T14:07:06.823+0000] {logging_mixin.py:188} INFO - [2024-03-06T14:07:06.822+0000] {dag.py:3047} INFO - Sync 1 DAGs
[2024-03-06T14:07:06.848+0000] {logging_mixin.py:188} INFO - [2024-03-06T14:07:06.847+0000] {dag.py:3834} INFO - Setting next_dagrun for example_task_group_decorator to 2024-03-05 00:00:00+00:00, run_after=2024-03-06 00:00:00+00:00
[2024-03-06T14:07:06.869+0000] {processor.py:183} INFO - Processing /home/airflow/.local/lib/python3.11/site-packages/airflow/example_dags/example_task_group_decorator.py took 0.113 seconds
[2024-03-06T14:07:37.448+0000] {processor.py:161} INFO - Started process (PID=11436) to work on /home/airflow/.local/lib/python3.11/site-packages/airflow/example_dags/example_task_group_decorator.py
[2024-03-06T14:07:37.455+0000] {processor.py:830} INFO - Processing file /home/airflow/.local/lib/python3.11/site-packages/airflow/example_dags/example_task_group_decorator.py for tasks to queue
[2024-03-06T14:07:37.456+0000] {logging_mixin.py:188} INFO - [2024-03-06T14:07:37.456+0000] {dagbag.py:540} INFO - Filling up the DagBag from /home/airflow/.local/lib/python3.11/site-packages/airflow/example_dags/example_task_group_decorator.py
[2024-03-06T14:07:37.482+0000] {processor.py:840} INFO - DAG(s) 'example_task_group_decorator' retrieved from /home/airflow/.local/lib/python3.11/site-packages/airflow/example_dags/example_task_group_decorator.py
[2024-03-06T14:07:37.516+0000] {logging_mixin.py:188} INFO - [2024-03-06T14:07:37.515+0000] {dag.py:3047} INFO - Sync 1 DAGs
[2024-03-06T14:07:37.571+0000] {logging_mixin.py:188} INFO - [2024-03-06T14:07:37.571+0000] {dag.py:3834} INFO - Setting next_dagrun for example_task_group_decorator to 2024-03-05 00:00:00+00:00, run_after=2024-03-06 00:00:00+00:00
[2024-03-06T14:07:37.618+0000] {processor.py:183} INFO - Processing /home/airflow/.local/lib/python3.11/site-packages/airflow/example_dags/example_task_group_decorator.py took 0.174 seconds
[2024-03-06T14:08:08.393+0000] {processor.py:161} INFO - Started process (PID=11683) to work on /home/airflow/.local/lib/python3.11/site-packages/airflow/example_dags/example_task_group_decorator.py
[2024-03-06T14:08:08.399+0000] {processor.py:830} INFO - Processing file /home/airflow/.local/lib/python3.11/site-packages/airflow/example_dags/example_task_group_decorator.py for tasks to queue
[2024-03-06T14:08:08.400+0000] {logging_mixin.py:188} INFO - [2024-03-06T14:08:08.400+0000] {dagbag.py:540} INFO - Filling up the DagBag from /home/airflow/.local/lib/python3.11/site-packages/airflow/example_dags/example_task_group_decorator.py
[2024-03-06T14:08:08.417+0000] {processor.py:840} INFO - DAG(s) 'example_task_group_decorator' retrieved from /home/airflow/.local/lib/python3.11/site-packages/airflow/example_dags/example_task_group_decorator.py
[2024-03-06T14:08:08.446+0000] {logging_mixin.py:188} INFO - [2024-03-06T14:08:08.445+0000] {dag.py:3047} INFO - Sync 1 DAGs
[2024-03-06T14:08:08.474+0000] {logging_mixin.py:188} INFO - [2024-03-06T14:08:08.474+0000] {dag.py:3834} INFO - Setting next_dagrun for example_task_group_decorator to 2024-03-05 00:00:00+00:00, run_after=2024-03-06 00:00:00+00:00
[2024-03-06T14:08:08.500+0000] {processor.py:183} INFO - Processing /home/airflow/.local/lib/python3.11/site-packages/airflow/example_dags/example_task_group_decorator.py took 0.110 seconds
[2024-03-06T14:08:38.720+0000] {processor.py:161} INFO - Started process (PID=11930) to work on /home/airflow/.local/lib/python3.11/site-packages/airflow/example_dags/example_task_group_decorator.py
[2024-03-06T14:08:38.721+0000] {processor.py:830} INFO - Processing file /home/airflow/.local/lib/python3.11/site-packages/airflow/example_dags/example_task_group_decorator.py for tasks to queue
[2024-03-06T14:08:38.722+0000] {logging_mixin.py:188} INFO - [2024-03-06T14:08:38.722+0000] {dagbag.py:540} INFO - Filling up the DagBag from /home/airflow/.local/lib/python3.11/site-packages/airflow/example_dags/example_task_group_decorator.py
[2024-03-06T14:08:38.738+0000] {processor.py:840} INFO - DAG(s) 'example_task_group_decorator' retrieved from /home/airflow/.local/lib/python3.11/site-packages/airflow/example_dags/example_task_group_decorator.py
[2024-03-06T14:08:38.760+0000] {logging_mixin.py:188} INFO - [2024-03-06T14:08:38.759+0000] {dag.py:3047} INFO - Sync 1 DAGs
[2024-03-06T14:08:38.780+0000] {logging_mixin.py:188} INFO - [2024-03-06T14:08:38.780+0000] {dag.py:3834} INFO - Setting next_dagrun for example_task_group_decorator to 2024-03-05 00:00:00+00:00, run_after=2024-03-06 00:00:00+00:00
[2024-03-06T14:08:38.802+0000] {processor.py:183} INFO - Processing /home/airflow/.local/lib/python3.11/site-packages/airflow/example_dags/example_task_group_decorator.py took 0.085 seconds
[2024-03-06T14:09:09.709+0000] {processor.py:161} INFO - Started process (PID=12176) to work on /home/airflow/.local/lib/python3.11/site-packages/airflow/example_dags/example_task_group_decorator.py
[2024-03-06T14:09:09.717+0000] {processor.py:830} INFO - Processing file /home/airflow/.local/lib/python3.11/site-packages/airflow/example_dags/example_task_group_decorator.py for tasks to queue
[2024-03-06T14:09:09.718+0000] {logging_mixin.py:188} INFO - [2024-03-06T14:09:09.718+0000] {dagbag.py:540} INFO - Filling up the DagBag from /home/airflow/.local/lib/python3.11/site-packages/airflow/example_dags/example_task_group_decorator.py
[2024-03-06T14:09:09.737+0000] {processor.py:840} INFO - DAG(s) 'example_task_group_decorator' retrieved from /home/airflow/.local/lib/python3.11/site-packages/airflow/example_dags/example_task_group_decorator.py
[2024-03-06T14:09:09.766+0000] {logging_mixin.py:188} INFO - [2024-03-06T14:09:09.765+0000] {dag.py:3047} INFO - Sync 1 DAGs
[2024-03-06T14:09:09.789+0000] {logging_mixin.py:188} INFO - [2024-03-06T14:09:09.789+0000] {dag.py:3834} INFO - Setting next_dagrun for example_task_group_decorator to 2024-03-05 00:00:00+00:00, run_after=2024-03-06 00:00:00+00:00
[2024-03-06T14:09:09.814+0000] {processor.py:183} INFO - Processing /home/airflow/.local/lib/python3.11/site-packages/airflow/example_dags/example_task_group_decorator.py took 0.109 seconds
[2024-03-06T14:09:40.547+0000] {processor.py:161} INFO - Started process (PID=12422) to work on /home/airflow/.local/lib/python3.11/site-packages/airflow/example_dags/example_task_group_decorator.py
[2024-03-06T14:09:40.553+0000] {processor.py:830} INFO - Processing file /home/airflow/.local/lib/python3.11/site-packages/airflow/example_dags/example_task_group_decorator.py for tasks to queue
[2024-03-06T14:09:40.555+0000] {logging_mixin.py:188} INFO - [2024-03-06T14:09:40.554+0000] {dagbag.py:540} INFO - Filling up the DagBag from /home/airflow/.local/lib/python3.11/site-packages/airflow/example_dags/example_task_group_decorator.py
[2024-03-06T14:09:40.571+0000] {processor.py:840} INFO - DAG(s) 'example_task_group_decorator' retrieved from /home/airflow/.local/lib/python3.11/site-packages/airflow/example_dags/example_task_group_decorator.py
[2024-03-06T14:09:40.593+0000] {logging_mixin.py:188} INFO - [2024-03-06T14:09:40.592+0000] {dag.py:3047} INFO - Sync 1 DAGs
[2024-03-06T14:09:40.613+0000] {logging_mixin.py:188} INFO - [2024-03-06T14:09:40.613+0000] {dag.py:3834} INFO - Setting next_dagrun for example_task_group_decorator to 2024-03-05 00:00:00+00:00, run_after=2024-03-06 00:00:00+00:00
[2024-03-06T14:09:40.633+0000] {processor.py:183} INFO - Processing /home/airflow/.local/lib/python3.11/site-packages/airflow/example_dags/example_task_group_decorator.py took 0.090 seconds
[2024-03-06T14:10:11.405+0000] {processor.py:161} INFO - Started process (PID=12669) to work on /home/airflow/.local/lib/python3.11/site-packages/airflow/example_dags/example_task_group_decorator.py
[2024-03-06T14:10:11.406+0000] {processor.py:830} INFO - Processing file /home/airflow/.local/lib/python3.11/site-packages/airflow/example_dags/example_task_group_decorator.py for tasks to queue
[2024-03-06T14:10:11.407+0000] {logging_mixin.py:188} INFO - [2024-03-06T14:10:11.406+0000] {dagbag.py:540} INFO - Filling up the DagBag from /home/airflow/.local/lib/python3.11/site-packages/airflow/example_dags/example_task_group_decorator.py
[2024-03-06T14:10:11.421+0000] {processor.py:840} INFO - DAG(s) 'example_task_group_decorator' retrieved from /home/airflow/.local/lib/python3.11/site-packages/airflow/example_dags/example_task_group_decorator.py
[2024-03-06T14:10:11.445+0000] {logging_mixin.py:188} INFO - [2024-03-06T14:10:11.445+0000] {dag.py:3047} INFO - Sync 1 DAGs
[2024-03-06T14:10:11.467+0000] {logging_mixin.py:188} INFO - [2024-03-06T14:10:11.467+0000] {dag.py:3834} INFO - Setting next_dagrun for example_task_group_decorator to 2024-03-05 00:00:00+00:00, run_after=2024-03-06 00:00:00+00:00
[2024-03-06T14:10:11.486+0000] {processor.py:183} INFO - Processing /home/airflow/.local/lib/python3.11/site-packages/airflow/example_dags/example_task_group_decorator.py took 0.085 seconds
[2024-03-06T14:10:41.557+0000] {processor.py:161} INFO - Started process (PID=12916) to work on /home/airflow/.local/lib/python3.11/site-packages/airflow/example_dags/example_task_group_decorator.py
[2024-03-06T14:10:41.558+0000] {processor.py:830} INFO - Processing file /home/airflow/.local/lib/python3.11/site-packages/airflow/example_dags/example_task_group_decorator.py for tasks to queue
[2024-03-06T14:10:41.559+0000] {logging_mixin.py:188} INFO - [2024-03-06T14:10:41.559+0000] {dagbag.py:540} INFO - Filling up the DagBag from /home/airflow/.local/lib/python3.11/site-packages/airflow/example_dags/example_task_group_decorator.py
[2024-03-06T14:10:41.575+0000] {processor.py:840} INFO - DAG(s) 'example_task_group_decorator' retrieved from /home/airflow/.local/lib/python3.11/site-packages/airflow/example_dags/example_task_group_decorator.py
[2024-03-06T14:10:41.596+0000] {logging_mixin.py:188} INFO - [2024-03-06T14:10:41.595+0000] {dag.py:3047} INFO - Sync 1 DAGs
[2024-03-06T14:10:41.616+0000] {logging_mixin.py:188} INFO - [2024-03-06T14:10:41.615+0000] {dag.py:3834} INFO - Setting next_dagrun for example_task_group_decorator to 2024-03-05 00:00:00+00:00, run_after=2024-03-06 00:00:00+00:00
[2024-03-06T14:10:41.638+0000] {processor.py:183} INFO - Processing /home/airflow/.local/lib/python3.11/site-packages/airflow/example_dags/example_task_group_decorator.py took 0.085 seconds
[2024-03-06T14:11:12.505+0000] {processor.py:161} INFO - Started process (PID=13163) to work on /home/airflow/.local/lib/python3.11/site-packages/airflow/example_dags/example_task_group_decorator.py
[2024-03-06T14:11:12.506+0000] {processor.py:830} INFO - Processing file /home/airflow/.local/lib/python3.11/site-packages/airflow/example_dags/example_task_group_decorator.py for tasks to queue
[2024-03-06T14:11:12.507+0000] {logging_mixin.py:188} INFO - [2024-03-06T14:11:12.507+0000] {dagbag.py:540} INFO - Filling up the DagBag from /home/airflow/.local/lib/python3.11/site-packages/airflow/example_dags/example_task_group_decorator.py
[2024-03-06T14:11:12.521+0000] {processor.py:840} INFO - DAG(s) 'example_task_group_decorator' retrieved from /home/airflow/.local/lib/python3.11/site-packages/airflow/example_dags/example_task_group_decorator.py
[2024-03-06T14:11:12.540+0000] {logging_mixin.py:188} INFO - [2024-03-06T14:11:12.540+0000] {dag.py:3047} INFO - Sync 1 DAGs
[2024-03-06T14:11:12.558+0000] {logging_mixin.py:188} INFO - [2024-03-06T14:11:12.558+0000] {dag.py:3834} INFO - Setting next_dagrun for example_task_group_decorator to 2024-03-05 00:00:00+00:00, run_after=2024-03-06 00:00:00+00:00
[2024-03-06T14:11:12.580+0000] {processor.py:183} INFO - Processing /home/airflow/.local/lib/python3.11/site-packages/airflow/example_dags/example_task_group_decorator.py took 0.079 seconds
[2024-03-06T14:11:43.200+0000] {processor.py:161} INFO - Started process (PID=13410) to work on /home/airflow/.local/lib/python3.11/site-packages/airflow/example_dags/example_task_group_decorator.py
[2024-03-06T14:11:43.201+0000] {processor.py:830} INFO - Processing file /home/airflow/.local/lib/python3.11/site-packages/airflow/example_dags/example_task_group_decorator.py for tasks to queue
[2024-03-06T14:11:43.203+0000] {logging_mixin.py:188} INFO - [2024-03-06T14:11:43.202+0000] {dagbag.py:540} INFO - Filling up the DagBag from /home/airflow/.local/lib/python3.11/site-packages/airflow/example_dags/example_task_group_decorator.py
[2024-03-06T14:11:43.223+0000] {processor.py:840} INFO - DAG(s) 'example_task_group_decorator' retrieved from /home/airflow/.local/lib/python3.11/site-packages/airflow/example_dags/example_task_group_decorator.py
[2024-03-06T14:11:43.242+0000] {logging_mixin.py:188} INFO - [2024-03-06T14:11:43.242+0000] {dag.py:3047} INFO - Sync 1 DAGs
[2024-03-06T14:11:43.262+0000] {logging_mixin.py:188} INFO - [2024-03-06T14:11:43.262+0000] {dag.py:3834} INFO - Setting next_dagrun for example_task_group_decorator to 2024-03-05 00:00:00+00:00, run_after=2024-03-06 00:00:00+00:00
[2024-03-06T14:11:43.280+0000] {processor.py:183} INFO - Processing /home/airflow/.local/lib/python3.11/site-packages/airflow/example_dags/example_task_group_decorator.py took 0.084 seconds
[2024-03-06T14:12:13.826+0000] {processor.py:161} INFO - Started process (PID=13657) to work on /home/airflow/.local/lib/python3.11/site-packages/airflow/example_dags/example_task_group_decorator.py
[2024-03-06T14:12:13.827+0000] {processor.py:830} INFO - Processing file /home/airflow/.local/lib/python3.11/site-packages/airflow/example_dags/example_task_group_decorator.py for tasks to queue
[2024-03-06T14:12:13.828+0000] {logging_mixin.py:188} INFO - [2024-03-06T14:12:13.828+0000] {dagbag.py:540} INFO - Filling up the DagBag from /home/airflow/.local/lib/python3.11/site-packages/airflow/example_dags/example_task_group_decorator.py
[2024-03-06T14:12:13.842+0000] {processor.py:840} INFO - DAG(s) 'example_task_group_decorator' retrieved from /home/airflow/.local/lib/python3.11/site-packages/airflow/example_dags/example_task_group_decorator.py
[2024-03-06T14:12:13.863+0000] {logging_mixin.py:188} INFO - [2024-03-06T14:12:13.862+0000] {dag.py:3047} INFO - Sync 1 DAGs
[2024-03-06T14:12:13.883+0000] {logging_mixin.py:188} INFO - [2024-03-06T14:12:13.883+0000] {dag.py:3834} INFO - Setting next_dagrun for example_task_group_decorator to 2024-03-05 00:00:00+00:00, run_after=2024-03-06 00:00:00+00:00
[2024-03-06T14:12:13.898+0000] {processor.py:183} INFO - Processing /home/airflow/.local/lib/python3.11/site-packages/airflow/example_dags/example_task_group_decorator.py took 0.075 seconds
[2024-03-06T14:12:44.432+0000] {processor.py:161} INFO - Started process (PID=13904) to work on /home/airflow/.local/lib/python3.11/site-packages/airflow/example_dags/example_task_group_decorator.py
[2024-03-06T14:12:44.434+0000] {processor.py:830} INFO - Processing file /home/airflow/.local/lib/python3.11/site-packages/airflow/example_dags/example_task_group_decorator.py for tasks to queue
[2024-03-06T14:12:44.435+0000] {logging_mixin.py:188} INFO - [2024-03-06T14:12:44.435+0000] {dagbag.py:540} INFO - Filling up the DagBag from /home/airflow/.local/lib/python3.11/site-packages/airflow/example_dags/example_task_group_decorator.py
[2024-03-06T14:12:44.453+0000] {processor.py:840} INFO - DAG(s) 'example_task_group_decorator' retrieved from /home/airflow/.local/lib/python3.11/site-packages/airflow/example_dags/example_task_group_decorator.py
[2024-03-06T14:12:44.486+0000] {logging_mixin.py:188} INFO - [2024-03-06T14:12:44.485+0000] {dag.py:3047} INFO - Sync 1 DAGs
[2024-03-06T14:12:44.513+0000] {logging_mixin.py:188} INFO - [2024-03-06T14:12:44.513+0000] {dag.py:3834} INFO - Setting next_dagrun for example_task_group_decorator to 2024-03-05 00:00:00+00:00, run_after=2024-03-06 00:00:00+00:00
[2024-03-06T14:12:44.537+0000] {processor.py:183} INFO - Processing /home/airflow/.local/lib/python3.11/site-packages/airflow/example_dags/example_task_group_decorator.py took 0.108 seconds
[2024-03-06T14:13:15.311+0000] {processor.py:161} INFO - Started process (PID=14151) to work on /home/airflow/.local/lib/python3.11/site-packages/airflow/example_dags/example_task_group_decorator.py
[2024-03-06T14:13:15.312+0000] {processor.py:830} INFO - Processing file /home/airflow/.local/lib/python3.11/site-packages/airflow/example_dags/example_task_group_decorator.py for tasks to queue
[2024-03-06T14:13:15.314+0000] {logging_mixin.py:188} INFO - [2024-03-06T14:13:15.314+0000] {dagbag.py:540} INFO - Filling up the DagBag from /home/airflow/.local/lib/python3.11/site-packages/airflow/example_dags/example_task_group_decorator.py
[2024-03-06T14:13:15.333+0000] {processor.py:840} INFO - DAG(s) 'example_task_group_decorator' retrieved from /home/airflow/.local/lib/python3.11/site-packages/airflow/example_dags/example_task_group_decorator.py
[2024-03-06T14:13:15.353+0000] {logging_mixin.py:188} INFO - [2024-03-06T14:13:15.353+0000] {dag.py:3047} INFO - Sync 1 DAGs
[2024-03-06T14:13:15.373+0000] {logging_mixin.py:188} INFO - [2024-03-06T14:13:15.373+0000] {dag.py:3834} INFO - Setting next_dagrun for example_task_group_decorator to 2024-03-05 00:00:00+00:00, run_after=2024-03-06 00:00:00+00:00
[2024-03-06T14:13:15.389+0000] {processor.py:183} INFO - Processing /home/airflow/.local/lib/python3.11/site-packages/airflow/example_dags/example_task_group_decorator.py took 0.081 seconds
[2024-03-06T14:13:45.934+0000] {processor.py:161} INFO - Started process (PID=14398) to work on /home/airflow/.local/lib/python3.11/site-packages/airflow/example_dags/example_task_group_decorator.py
[2024-03-06T14:13:45.935+0000] {processor.py:830} INFO - Processing file /home/airflow/.local/lib/python3.11/site-packages/airflow/example_dags/example_task_group_decorator.py for tasks to queue
[2024-03-06T14:13:45.936+0000] {logging_mixin.py:188} INFO - [2024-03-06T14:13:45.936+0000] {dagbag.py:540} INFO - Filling up the DagBag from /home/airflow/.local/lib/python3.11/site-packages/airflow/example_dags/example_task_group_decorator.py
[2024-03-06T14:13:45.950+0000] {processor.py:840} INFO - DAG(s) 'example_task_group_decorator' retrieved from /home/airflow/.local/lib/python3.11/site-packages/airflow/example_dags/example_task_group_decorator.py
[2024-03-06T14:13:45.977+0000] {logging_mixin.py:188} INFO - [2024-03-06T14:13:45.977+0000] {dag.py:3047} INFO - Sync 1 DAGs
[2024-03-06T14:13:46.006+0000] {logging_mixin.py:188} INFO - [2024-03-06T14:13:46.005+0000] {dag.py:3834} INFO - Setting next_dagrun for example_task_group_decorator to 2024-03-05 00:00:00+00:00, run_after=2024-03-06 00:00:00+00:00
[2024-03-06T14:13:46.029+0000] {processor.py:183} INFO - Processing /home/airflow/.local/lib/python3.11/site-packages/airflow/example_dags/example_task_group_decorator.py took 0.099 seconds
[2024-03-06T14:14:16.835+0000] {processor.py:161} INFO - Started process (PID=14645) to work on /home/airflow/.local/lib/python3.11/site-packages/airflow/example_dags/example_task_group_decorator.py
[2024-03-06T14:14:16.838+0000] {processor.py:830} INFO - Processing file /home/airflow/.local/lib/python3.11/site-packages/airflow/example_dags/example_task_group_decorator.py for tasks to queue
[2024-03-06T14:14:16.840+0000] {logging_mixin.py:188} INFO - [2024-03-06T14:14:16.840+0000] {dagbag.py:540} INFO - Filling up the DagBag from /home/airflow/.local/lib/python3.11/site-packages/airflow/example_dags/example_task_group_decorator.py
[2024-03-06T14:14:16.862+0000] {processor.py:840} INFO - DAG(s) 'example_task_group_decorator' retrieved from /home/airflow/.local/lib/python3.11/site-packages/airflow/example_dags/example_task_group_decorator.py
[2024-03-06T14:14:16.898+0000] {logging_mixin.py:188} INFO - [2024-03-06T14:14:16.898+0000] {dag.py:3047} INFO - Sync 1 DAGs
[2024-03-06T14:14:16.936+0000] {logging_mixin.py:188} INFO - [2024-03-06T14:14:16.936+0000] {dag.py:3834} INFO - Setting next_dagrun for example_task_group_decorator to 2024-03-05 00:00:00+00:00, run_after=2024-03-06 00:00:00+00:00
[2024-03-06T14:14:16.970+0000] {processor.py:183} INFO - Processing /home/airflow/.local/lib/python3.11/site-packages/airflow/example_dags/example_task_group_decorator.py took 0.142 seconds
[2024-03-06T14:14:47.055+0000] {processor.py:161} INFO - Started process (PID=14892) to work on /home/airflow/.local/lib/python3.11/site-packages/airflow/example_dags/example_task_group_decorator.py
[2024-03-06T14:14:47.058+0000] {processor.py:830} INFO - Processing file /home/airflow/.local/lib/python3.11/site-packages/airflow/example_dags/example_task_group_decorator.py for tasks to queue
[2024-03-06T14:14:47.062+0000] {logging_mixin.py:188} INFO - [2024-03-06T14:14:47.061+0000] {dagbag.py:540} INFO - Filling up the DagBag from /home/airflow/.local/lib/python3.11/site-packages/airflow/example_dags/example_task_group_decorator.py
[2024-03-06T14:14:47.088+0000] {processor.py:840} INFO - DAG(s) 'example_task_group_decorator' retrieved from /home/airflow/.local/lib/python3.11/site-packages/airflow/example_dags/example_task_group_decorator.py
[2024-03-06T14:14:47.115+0000] {logging_mixin.py:188} INFO - [2024-03-06T14:14:47.115+0000] {dag.py:3047} INFO - Sync 1 DAGs
[2024-03-06T14:14:47.137+0000] {logging_mixin.py:188} INFO - [2024-03-06T14:14:47.136+0000] {dag.py:3834} INFO - Setting next_dagrun for example_task_group_decorator to 2024-03-05 00:00:00+00:00, run_after=2024-03-06 00:00:00+00:00
[2024-03-06T14:14:47.156+0000] {processor.py:183} INFO - Processing /home/airflow/.local/lib/python3.11/site-packages/airflow/example_dags/example_task_group_decorator.py took 0.107 seconds
[2024-03-06T14:15:17.197+0000] {processor.py:161} INFO - Started process (PID=15139) to work on /home/airflow/.local/lib/python3.11/site-packages/airflow/example_dags/example_task_group_decorator.py
[2024-03-06T14:15:17.198+0000] {processor.py:830} INFO - Processing file /home/airflow/.local/lib/python3.11/site-packages/airflow/example_dags/example_task_group_decorator.py for tasks to queue
[2024-03-06T14:15:17.199+0000] {logging_mixin.py:188} INFO - [2024-03-06T14:15:17.199+0000] {dagbag.py:540} INFO - Filling up the DagBag from /home/airflow/.local/lib/python3.11/site-packages/airflow/example_dags/example_task_group_decorator.py
[2024-03-06T14:15:17.217+0000] {processor.py:840} INFO - DAG(s) 'example_task_group_decorator' retrieved from /home/airflow/.local/lib/python3.11/site-packages/airflow/example_dags/example_task_group_decorator.py
[2024-03-06T14:15:17.239+0000] {logging_mixin.py:188} INFO - [2024-03-06T14:15:17.239+0000] {dag.py:3047} INFO - Sync 1 DAGs
[2024-03-06T14:15:17.265+0000] {logging_mixin.py:188} INFO - [2024-03-06T14:15:17.264+0000] {dag.py:3834} INFO - Setting next_dagrun for example_task_group_decorator to 2024-03-05 00:00:00+00:00, run_after=2024-03-06 00:00:00+00:00
[2024-03-06T14:15:17.282+0000] {processor.py:183} INFO - Processing /home/airflow/.local/lib/python3.11/site-packages/airflow/example_dags/example_task_group_decorator.py took 0.088 seconds
[2024-03-06T14:15:48.230+0000] {processor.py:161} INFO - Started process (PID=15386) to work on /home/airflow/.local/lib/python3.11/site-packages/airflow/example_dags/example_task_group_decorator.py
[2024-03-06T14:15:48.232+0000] {processor.py:830} INFO - Processing file /home/airflow/.local/lib/python3.11/site-packages/airflow/example_dags/example_task_group_decorator.py for tasks to queue
[2024-03-06T14:15:48.234+0000] {logging_mixin.py:188} INFO - [2024-03-06T14:15:48.233+0000] {dagbag.py:540} INFO - Filling up the DagBag from /home/airflow/.local/lib/python3.11/site-packages/airflow/example_dags/example_task_group_decorator.py
[2024-03-06T14:15:48.249+0000] {processor.py:840} INFO - DAG(s) 'example_task_group_decorator' retrieved from /home/airflow/.local/lib/python3.11/site-packages/airflow/example_dags/example_task_group_decorator.py
[2024-03-06T14:15:48.273+0000] {logging_mixin.py:188} INFO - [2024-03-06T14:15:48.273+0000] {dag.py:3047} INFO - Sync 1 DAGs
[2024-03-06T14:15:48.296+0000] {logging_mixin.py:188} INFO - [2024-03-06T14:15:48.296+0000] {dag.py:3834} INFO - Setting next_dagrun for example_task_group_decorator to 2024-03-05 00:00:00+00:00, run_after=2024-03-06 00:00:00+00:00
[2024-03-06T14:15:48.322+0000] {processor.py:183} INFO - Processing /home/airflow/.local/lib/python3.11/site-packages/airflow/example_dags/example_task_group_decorator.py took 0.096 seconds
[2024-03-06T14:16:18.595+0000] {processor.py:161} INFO - Started process (PID=15633) to work on /home/airflow/.local/lib/python3.11/site-packages/airflow/example_dags/example_task_group_decorator.py
[2024-03-06T14:16:18.596+0000] {processor.py:830} INFO - Processing file /home/airflow/.local/lib/python3.11/site-packages/airflow/example_dags/example_task_group_decorator.py for tasks to queue
[2024-03-06T14:16:18.597+0000] {logging_mixin.py:188} INFO - [2024-03-06T14:16:18.597+0000] {dagbag.py:540} INFO - Filling up the DagBag from /home/airflow/.local/lib/python3.11/site-packages/airflow/example_dags/example_task_group_decorator.py
[2024-03-06T14:16:18.611+0000] {processor.py:840} INFO - DAG(s) 'example_task_group_decorator' retrieved from /home/airflow/.local/lib/python3.11/site-packages/airflow/example_dags/example_task_group_decorator.py
[2024-03-06T14:16:18.638+0000] {logging_mixin.py:188} INFO - [2024-03-06T14:16:18.638+0000] {dag.py:3047} INFO - Sync 1 DAGs
[2024-03-06T14:16:18.659+0000] {logging_mixin.py:188} INFO - [2024-03-06T14:16:18.658+0000] {dag.py:3834} INFO - Setting next_dagrun for example_task_group_decorator to 2024-03-05 00:00:00+00:00, run_after=2024-03-06 00:00:00+00:00
[2024-03-06T14:16:18.676+0000] {processor.py:183} INFO - Processing /home/airflow/.local/lib/python3.11/site-packages/airflow/example_dags/example_task_group_decorator.py took 0.085 seconds
[2024-03-06T14:16:49.277+0000] {processor.py:161} INFO - Started process (PID=15880) to work on /home/airflow/.local/lib/python3.11/site-packages/airflow/example_dags/example_task_group_decorator.py
[2024-03-06T14:16:49.278+0000] {processor.py:830} INFO - Processing file /home/airflow/.local/lib/python3.11/site-packages/airflow/example_dags/example_task_group_decorator.py for tasks to queue
[2024-03-06T14:16:49.280+0000] {logging_mixin.py:188} INFO - [2024-03-06T14:16:49.279+0000] {dagbag.py:540} INFO - Filling up the DagBag from /home/airflow/.local/lib/python3.11/site-packages/airflow/example_dags/example_task_group_decorator.py
[2024-03-06T14:16:49.295+0000] {processor.py:840} INFO - DAG(s) 'example_task_group_decorator' retrieved from /home/airflow/.local/lib/python3.11/site-packages/airflow/example_dags/example_task_group_decorator.py
[2024-03-06T14:16:49.313+0000] {logging_mixin.py:188} INFO - [2024-03-06T14:16:49.313+0000] {dag.py:3047} INFO - Sync 1 DAGs
[2024-03-06T14:16:49.337+0000] {logging_mixin.py:188} INFO - [2024-03-06T14:16:49.337+0000] {dag.py:3834} INFO - Setting next_dagrun for example_task_group_decorator to 2024-03-05 00:00:00+00:00, run_after=2024-03-06 00:00:00+00:00
[2024-03-06T14:16:49.357+0000] {processor.py:183} INFO - Processing /home/airflow/.local/lib/python3.11/site-packages/airflow/example_dags/example_task_group_decorator.py took 0.083 seconds
[2024-03-06T14:17:19.469+0000] {processor.py:161} INFO - Started process (PID=16127) to work on /home/airflow/.local/lib/python3.11/site-packages/airflow/example_dags/example_task_group_decorator.py
[2024-03-06T14:17:19.483+0000] {processor.py:830} INFO - Processing file /home/airflow/.local/lib/python3.11/site-packages/airflow/example_dags/example_task_group_decorator.py for tasks to queue
[2024-03-06T14:17:19.485+0000] {logging_mixin.py:188} INFO - [2024-03-06T14:17:19.484+0000] {dagbag.py:540} INFO - Filling up the DagBag from /home/airflow/.local/lib/python3.11/site-packages/airflow/example_dags/example_task_group_decorator.py
[2024-03-06T14:17:19.572+0000] {processor.py:840} INFO - DAG(s) 'example_task_group_decorator' retrieved from /home/airflow/.local/lib/python3.11/site-packages/airflow/example_dags/example_task_group_decorator.py
[2024-03-06T14:17:19.615+0000] {logging_mixin.py:188} INFO - [2024-03-06T14:17:19.615+0000] {dag.py:3047} INFO - Sync 1 DAGs
[2024-03-06T14:17:19.659+0000] {logging_mixin.py:188} INFO - [2024-03-06T14:17:19.659+0000] {dag.py:3834} INFO - Setting next_dagrun for example_task_group_decorator to 2024-03-05 00:00:00+00:00, run_after=2024-03-06 00:00:00+00:00
[2024-03-06T14:17:19.707+0000] {processor.py:183} INFO - Processing /home/airflow/.local/lib/python3.11/site-packages/airflow/example_dags/example_task_group_decorator.py took 0.242 seconds
[2024-03-06T14:17:50.129+0000] {processor.py:161} INFO - Started process (PID=16372) to work on /home/airflow/.local/lib/python3.11/site-packages/airflow/example_dags/example_task_group_decorator.py
[2024-03-06T14:17:50.141+0000] {processor.py:830} INFO - Processing file /home/airflow/.local/lib/python3.11/site-packages/airflow/example_dags/example_task_group_decorator.py for tasks to queue
[2024-03-06T14:17:50.147+0000] {logging_mixin.py:188} INFO - [2024-03-06T14:17:50.146+0000] {dagbag.py:540} INFO - Filling up the DagBag from /home/airflow/.local/lib/python3.11/site-packages/airflow/example_dags/example_task_group_decorator.py
[2024-03-06T14:17:50.239+0000] {processor.py:840} INFO - DAG(s) 'example_task_group_decorator' retrieved from /home/airflow/.local/lib/python3.11/site-packages/airflow/example_dags/example_task_group_decorator.py
[2024-03-06T14:17:50.386+0000] {logging_mixin.py:188} INFO - [2024-03-06T14:17:50.386+0000] {dag.py:3047} INFO - Sync 1 DAGs
[2024-03-06T14:17:50.476+0000] {logging_mixin.py:188} INFO - [2024-03-06T14:17:50.475+0000] {dag.py:3834} INFO - Setting next_dagrun for example_task_group_decorator to 2024-03-05 00:00:00+00:00, run_after=2024-03-06 00:00:00+00:00
[2024-03-06T14:17:50.521+0000] {processor.py:183} INFO - Processing /home/airflow/.local/lib/python3.11/site-packages/airflow/example_dags/example_task_group_decorator.py took 0.407 seconds
[2024-03-06T14:18:21.113+0000] {processor.py:161} INFO - Started process (PID=16619) to work on /home/airflow/.local/lib/python3.11/site-packages/airflow/example_dags/example_task_group_decorator.py
[2024-03-06T14:18:21.120+0000] {processor.py:830} INFO - Processing file /home/airflow/.local/lib/python3.11/site-packages/airflow/example_dags/example_task_group_decorator.py for tasks to queue
[2024-03-06T14:18:21.125+0000] {logging_mixin.py:188} INFO - [2024-03-06T14:18:21.122+0000] {dagbag.py:540} INFO - Filling up the DagBag from /home/airflow/.local/lib/python3.11/site-packages/airflow/example_dags/example_task_group_decorator.py
[2024-03-06T14:18:21.229+0000] {processor.py:840} INFO - DAG(s) 'example_task_group_decorator' retrieved from /home/airflow/.local/lib/python3.11/site-packages/airflow/example_dags/example_task_group_decorator.py
[2024-03-06T14:18:21.359+0000] {logging_mixin.py:188} INFO - [2024-03-06T14:18:21.359+0000] {dag.py:3047} INFO - Sync 1 DAGs
[2024-03-06T14:18:21.474+0000] {logging_mixin.py:188} INFO - [2024-03-06T14:18:21.474+0000] {dag.py:3834} INFO - Setting next_dagrun for example_task_group_decorator to 2024-03-05 00:00:00+00:00, run_after=2024-03-06 00:00:00+00:00
[2024-03-06T14:18:21.590+0000] {processor.py:183} INFO - Processing /home/airflow/.local/lib/python3.11/site-packages/airflow/example_dags/example_task_group_decorator.py took 0.482 seconds
[2024-03-06T14:18:52.259+0000] {processor.py:161} INFO - Started process (PID=16867) to work on /home/airflow/.local/lib/python3.11/site-packages/airflow/example_dags/example_task_group_decorator.py
[2024-03-06T14:18:52.270+0000] {processor.py:830} INFO - Processing file /home/airflow/.local/lib/python3.11/site-packages/airflow/example_dags/example_task_group_decorator.py for tasks to queue
[2024-03-06T14:18:52.286+0000] {logging_mixin.py:188} INFO - [2024-03-06T14:18:52.273+0000] {dagbag.py:540} INFO - Filling up the DagBag from /home/airflow/.local/lib/python3.11/site-packages/airflow/example_dags/example_task_group_decorator.py
[2024-03-06T14:18:52.325+0000] {processor.py:840} INFO - DAG(s) 'example_task_group_decorator' retrieved from /home/airflow/.local/lib/python3.11/site-packages/airflow/example_dags/example_task_group_decorator.py
[2024-03-06T14:18:52.468+0000] {logging_mixin.py:188} INFO - [2024-03-06T14:18:52.468+0000] {dag.py:3047} INFO - Sync 1 DAGs
[2024-03-06T14:18:52.557+0000] {logging_mixin.py:188} INFO - [2024-03-06T14:18:52.557+0000] {dag.py:3834} INFO - Setting next_dagrun for example_task_group_decorator to 2024-03-05 00:00:00+00:00, run_after=2024-03-06 00:00:00+00:00
[2024-03-06T14:18:52.651+0000] {processor.py:183} INFO - Processing /home/airflow/.local/lib/python3.11/site-packages/airflow/example_dags/example_task_group_decorator.py took 0.407 seconds
