[2024-03-06T13:44:37.229+0000] {processor.py:161} INFO - Started process (PID=264) to work on /home/airflow/.local/lib/python3.11/site-packages/airflow/example_dags/example_local_kubernetes_executor.py
[2024-03-06T13:44:37.230+0000] {processor.py:830} INFO - Processing file /home/airflow/.local/lib/python3.11/site-packages/airflow/example_dags/example_local_kubernetes_executor.py for tasks to queue
[2024-03-06T13:44:37.233+0000] {logging_mixin.py:188} INFO - [2024-03-06T13:44:37.232+0000] {dagbag.py:540} INFO - Filling up the DagBag from /home/airflow/.local/lib/python3.11/site-packages/airflow/example_dags/example_local_kubernetes_executor.py
[2024-03-06T13:44:37.246+0000] {processor.py:840} INFO - DAG(s) 'example_local_kubernetes_executor' retrieved from /home/airflow/.local/lib/python3.11/site-packages/airflow/example_dags/example_local_kubernetes_executor.py
[2024-03-06T13:44:37.303+0000] {logging_mixin.py:188} INFO - [2024-03-06T13:44:37.302+0000] {dag.py:3047} INFO - Sync 1 DAGs
[2024-03-06T13:44:37.323+0000] {logging_mixin.py:188} INFO - [2024-03-06T13:44:37.322+0000] {dag.py:3834} INFO - Setting next_dagrun for example_local_kubernetes_executor to None, run_after=None
[2024-03-06T13:44:37.357+0000] {processor.py:183} INFO - Processing /home/airflow/.local/lib/python3.11/site-packages/airflow/example_dags/example_local_kubernetes_executor.py took 0.132 seconds
[2024-03-06T13:45:07.727+0000] {processor.py:161} INFO - Started process (PID=510) to work on /home/airflow/.local/lib/python3.11/site-packages/airflow/example_dags/example_local_kubernetes_executor.py
[2024-03-06T13:45:07.729+0000] {processor.py:830} INFO - Processing file /home/airflow/.local/lib/python3.11/site-packages/airflow/example_dags/example_local_kubernetes_executor.py for tasks to queue
[2024-03-06T13:45:07.730+0000] {logging_mixin.py:188} INFO - [2024-03-06T13:45:07.730+0000] {dagbag.py:540} INFO - Filling up the DagBag from /home/airflow/.local/lib/python3.11/site-packages/airflow/example_dags/example_local_kubernetes_executor.py
[2024-03-06T13:45:07.741+0000] {processor.py:840} INFO - DAG(s) 'example_local_kubernetes_executor' retrieved from /home/airflow/.local/lib/python3.11/site-packages/airflow/example_dags/example_local_kubernetes_executor.py
[2024-03-06T13:45:07.778+0000] {logging_mixin.py:188} INFO - [2024-03-06T13:45:07.778+0000] {dag.py:3047} INFO - Sync 1 DAGs
[2024-03-06T13:45:07.792+0000] {logging_mixin.py:188} INFO - [2024-03-06T13:45:07.791+0000] {dag.py:3834} INFO - Setting next_dagrun for example_local_kubernetes_executor to None, run_after=None
[2024-03-06T13:45:07.811+0000] {processor.py:183} INFO - Processing /home/airflow/.local/lib/python3.11/site-packages/airflow/example_dags/example_local_kubernetes_executor.py took 0.088 seconds
[2024-03-06T13:45:38.044+0000] {processor.py:161} INFO - Started process (PID=756) to work on /home/airflow/.local/lib/python3.11/site-packages/airflow/example_dags/example_local_kubernetes_executor.py
[2024-03-06T13:45:38.045+0000] {processor.py:830} INFO - Processing file /home/airflow/.local/lib/python3.11/site-packages/airflow/example_dags/example_local_kubernetes_executor.py for tasks to queue
[2024-03-06T13:45:38.047+0000] {logging_mixin.py:188} INFO - [2024-03-06T13:45:38.046+0000] {dagbag.py:540} INFO - Filling up the DagBag from /home/airflow/.local/lib/python3.11/site-packages/airflow/example_dags/example_local_kubernetes_executor.py
[2024-03-06T13:45:38.057+0000] {processor.py:840} INFO - DAG(s) 'example_local_kubernetes_executor' retrieved from /home/airflow/.local/lib/python3.11/site-packages/airflow/example_dags/example_local_kubernetes_executor.py
[2024-03-06T13:45:38.121+0000] {logging_mixin.py:188} INFO - [2024-03-06T13:45:38.121+0000] {dag.py:3047} INFO - Sync 1 DAGs
[2024-03-06T13:45:38.208+0000] {logging_mixin.py:188} INFO - [2024-03-06T13:45:38.207+0000] {dag.py:3834} INFO - Setting next_dagrun for example_local_kubernetes_executor to None, run_after=None
[2024-03-06T13:45:38.287+0000] {processor.py:183} INFO - Processing /home/airflow/.local/lib/python3.11/site-packages/airflow/example_dags/example_local_kubernetes_executor.py took 0.247 seconds
[2024-03-06T13:46:09.265+0000] {processor.py:161} INFO - Started process (PID=1005) to work on /home/airflow/.local/lib/python3.11/site-packages/airflow/example_dags/example_local_kubernetes_executor.py
[2024-03-06T13:46:09.267+0000] {processor.py:830} INFO - Processing file /home/airflow/.local/lib/python3.11/site-packages/airflow/example_dags/example_local_kubernetes_executor.py for tasks to queue
[2024-03-06T13:46:09.268+0000] {logging_mixin.py:188} INFO - [2024-03-06T13:46:09.267+0000] {dagbag.py:540} INFO - Filling up the DagBag from /home/airflow/.local/lib/python3.11/site-packages/airflow/example_dags/example_local_kubernetes_executor.py
[2024-03-06T13:46:09.274+0000] {processor.py:840} INFO - DAG(s) 'example_local_kubernetes_executor' retrieved from /home/airflow/.local/lib/python3.11/site-packages/airflow/example_dags/example_local_kubernetes_executor.py
[2024-03-06T13:46:09.307+0000] {logging_mixin.py:188} INFO - [2024-03-06T13:46:09.306+0000] {dag.py:3047} INFO - Sync 1 DAGs
[2024-03-06T13:46:09.317+0000] {logging_mixin.py:188} INFO - [2024-03-06T13:46:09.317+0000] {dag.py:3834} INFO - Setting next_dagrun for example_local_kubernetes_executor to None, run_after=None
[2024-03-06T13:46:09.339+0000] {processor.py:183} INFO - Processing /home/airflow/.local/lib/python3.11/site-packages/airflow/example_dags/example_local_kubernetes_executor.py took 0.078 seconds
[2024-03-06T13:46:40.329+0000] {processor.py:161} INFO - Started process (PID=1252) to work on /home/airflow/.local/lib/python3.11/site-packages/airflow/example_dags/example_local_kubernetes_executor.py
[2024-03-06T13:46:40.346+0000] {processor.py:830} INFO - Processing file /home/airflow/.local/lib/python3.11/site-packages/airflow/example_dags/example_local_kubernetes_executor.py for tasks to queue
[2024-03-06T13:46:40.351+0000] {logging_mixin.py:188} INFO - [2024-03-06T13:46:40.348+0000] {dagbag.py:540} INFO - Filling up the DagBag from /home/airflow/.local/lib/python3.11/site-packages/airflow/example_dags/example_local_kubernetes_executor.py
[2024-03-06T13:46:40.366+0000] {processor.py:840} INFO - DAG(s) 'example_local_kubernetes_executor' retrieved from /home/airflow/.local/lib/python3.11/site-packages/airflow/example_dags/example_local_kubernetes_executor.py
[2024-03-06T13:46:40.480+0000] {logging_mixin.py:188} INFO - [2024-03-06T13:46:40.479+0000] {dag.py:3047} INFO - Sync 1 DAGs
[2024-03-06T13:46:40.503+0000] {logging_mixin.py:188} INFO - [2024-03-06T13:46:40.503+0000] {dag.py:3834} INFO - Setting next_dagrun for example_local_kubernetes_executor to None, run_after=None
[2024-03-06T13:46:40.573+0000] {processor.py:183} INFO - Processing /home/airflow/.local/lib/python3.11/site-packages/airflow/example_dags/example_local_kubernetes_executor.py took 0.252 seconds
[2024-03-06T13:47:11.507+0000] {processor.py:161} INFO - Started process (PID=1499) to work on /home/airflow/.local/lib/python3.11/site-packages/airflow/example_dags/example_local_kubernetes_executor.py
[2024-03-06T13:47:11.514+0000] {processor.py:830} INFO - Processing file /home/airflow/.local/lib/python3.11/site-packages/airflow/example_dags/example_local_kubernetes_executor.py for tasks to queue
[2024-03-06T13:47:11.517+0000] {logging_mixin.py:188} INFO - [2024-03-06T13:47:11.516+0000] {dagbag.py:540} INFO - Filling up the DagBag from /home/airflow/.local/lib/python3.11/site-packages/airflow/example_dags/example_local_kubernetes_executor.py
[2024-03-06T13:47:11.537+0000] {processor.py:840} INFO - DAG(s) 'example_local_kubernetes_executor' retrieved from /home/airflow/.local/lib/python3.11/site-packages/airflow/example_dags/example_local_kubernetes_executor.py
[2024-03-06T13:47:11.592+0000] {logging_mixin.py:188} INFO - [2024-03-06T13:47:11.592+0000] {dag.py:3047} INFO - Sync 1 DAGs
[2024-03-06T13:47:11.607+0000] {logging_mixin.py:188} INFO - [2024-03-06T13:47:11.607+0000] {dag.py:3834} INFO - Setting next_dagrun for example_local_kubernetes_executor to None, run_after=None
[2024-03-06T13:47:11.640+0000] {processor.py:183} INFO - Processing /home/airflow/.local/lib/python3.11/site-packages/airflow/example_dags/example_local_kubernetes_executor.py took 0.147 seconds
[2024-03-06T13:47:42.042+0000] {processor.py:161} INFO - Started process (PID=1744) to work on /home/airflow/.local/lib/python3.11/site-packages/airflow/example_dags/example_local_kubernetes_executor.py
[2024-03-06T13:47:42.045+0000] {processor.py:830} INFO - Processing file /home/airflow/.local/lib/python3.11/site-packages/airflow/example_dags/example_local_kubernetes_executor.py for tasks to queue
[2024-03-06T13:47:42.048+0000] {logging_mixin.py:188} INFO - [2024-03-06T13:47:42.048+0000] {dagbag.py:540} INFO - Filling up the DagBag from /home/airflow/.local/lib/python3.11/site-packages/airflow/example_dags/example_local_kubernetes_executor.py
[2024-03-06T13:47:42.071+0000] {processor.py:840} INFO - DAG(s) 'example_local_kubernetes_executor' retrieved from /home/airflow/.local/lib/python3.11/site-packages/airflow/example_dags/example_local_kubernetes_executor.py
[2024-03-06T13:47:42.160+0000] {logging_mixin.py:188} INFO - [2024-03-06T13:47:42.159+0000] {dag.py:3047} INFO - Sync 1 DAGs
[2024-03-06T13:47:42.185+0000] {logging_mixin.py:188} INFO - [2024-03-06T13:47:42.184+0000] {dag.py:3834} INFO - Setting next_dagrun for example_local_kubernetes_executor to None, run_after=None
[2024-03-06T13:47:42.237+0000] {processor.py:183} INFO - Processing /home/airflow/.local/lib/python3.11/site-packages/airflow/example_dags/example_local_kubernetes_executor.py took 0.201 seconds
[2024-03-06T13:48:12.830+0000] {processor.py:161} INFO - Started process (PID=1991) to work on /home/airflow/.local/lib/python3.11/site-packages/airflow/example_dags/example_local_kubernetes_executor.py
[2024-03-06T13:48:12.831+0000] {processor.py:830} INFO - Processing file /home/airflow/.local/lib/python3.11/site-packages/airflow/example_dags/example_local_kubernetes_executor.py for tasks to queue
[2024-03-06T13:48:12.833+0000] {logging_mixin.py:188} INFO - [2024-03-06T13:48:12.832+0000] {dagbag.py:540} INFO - Filling up the DagBag from /home/airflow/.local/lib/python3.11/site-packages/airflow/example_dags/example_local_kubernetes_executor.py
[2024-03-06T13:48:12.848+0000] {processor.py:840} INFO - DAG(s) 'example_local_kubernetes_executor' retrieved from /home/airflow/.local/lib/python3.11/site-packages/airflow/example_dags/example_local_kubernetes_executor.py
[2024-03-06T13:48:12.959+0000] {logging_mixin.py:188} INFO - [2024-03-06T13:48:12.959+0000] {dag.py:3047} INFO - Sync 1 DAGs
[2024-03-06T13:48:13.000+0000] {logging_mixin.py:188} INFO - [2024-03-06T13:48:13.000+0000] {dag.py:3834} INFO - Setting next_dagrun for example_local_kubernetes_executor to None, run_after=None
[2024-03-06T13:48:13.049+0000] {processor.py:183} INFO - Processing /home/airflow/.local/lib/python3.11/site-packages/airflow/example_dags/example_local_kubernetes_executor.py took 0.225 seconds
[2024-03-06T13:48:43.598+0000] {processor.py:161} INFO - Started process (PID=2237) to work on /home/airflow/.local/lib/python3.11/site-packages/airflow/example_dags/example_local_kubernetes_executor.py
[2024-03-06T13:48:43.600+0000] {processor.py:830} INFO - Processing file /home/airflow/.local/lib/python3.11/site-packages/airflow/example_dags/example_local_kubernetes_executor.py for tasks to queue
[2024-03-06T13:48:43.602+0000] {logging_mixin.py:188} INFO - [2024-03-06T13:48:43.602+0000] {dagbag.py:540} INFO - Filling up the DagBag from /home/airflow/.local/lib/python3.11/site-packages/airflow/example_dags/example_local_kubernetes_executor.py
[2024-03-06T13:48:43.615+0000] {processor.py:840} INFO - DAG(s) 'example_local_kubernetes_executor' retrieved from /home/airflow/.local/lib/python3.11/site-packages/airflow/example_dags/example_local_kubernetes_executor.py
[2024-03-06T13:48:43.693+0000] {logging_mixin.py:188} INFO - [2024-03-06T13:48:43.693+0000] {dag.py:3047} INFO - Sync 1 DAGs
[2024-03-06T13:48:43.721+0000] {logging_mixin.py:188} INFO - [2024-03-06T13:48:43.720+0000] {dag.py:3834} INFO - Setting next_dagrun for example_local_kubernetes_executor to None, run_after=None
[2024-03-06T13:48:43.774+0000] {processor.py:183} INFO - Processing /home/airflow/.local/lib/python3.11/site-packages/airflow/example_dags/example_local_kubernetes_executor.py took 0.179 seconds
[2024-03-06T13:49:14.455+0000] {processor.py:161} INFO - Started process (PID=2484) to work on /home/airflow/.local/lib/python3.11/site-packages/airflow/example_dags/example_local_kubernetes_executor.py
[2024-03-06T13:49:14.457+0000] {processor.py:830} INFO - Processing file /home/airflow/.local/lib/python3.11/site-packages/airflow/example_dags/example_local_kubernetes_executor.py for tasks to queue
[2024-03-06T13:49:14.459+0000] {logging_mixin.py:188} INFO - [2024-03-06T13:49:14.458+0000] {dagbag.py:540} INFO - Filling up the DagBag from /home/airflow/.local/lib/python3.11/site-packages/airflow/example_dags/example_local_kubernetes_executor.py
[2024-03-06T13:49:14.468+0000] {processor.py:840} INFO - DAG(s) 'example_local_kubernetes_executor' retrieved from /home/airflow/.local/lib/python3.11/site-packages/airflow/example_dags/example_local_kubernetes_executor.py
[2024-03-06T13:49:14.509+0000] {logging_mixin.py:188} INFO - [2024-03-06T13:49:14.509+0000] {dag.py:3047} INFO - Sync 1 DAGs
[2024-03-06T13:49:14.531+0000] {logging_mixin.py:188} INFO - [2024-03-06T13:49:14.530+0000] {dag.py:3834} INFO - Setting next_dagrun for example_local_kubernetes_executor to None, run_after=None
[2024-03-06T13:49:14.568+0000] {processor.py:183} INFO - Processing /home/airflow/.local/lib/python3.11/site-packages/airflow/example_dags/example_local_kubernetes_executor.py took 0.117 seconds
[2024-03-06T13:49:44.686+0000] {processor.py:161} INFO - Started process (PID=2731) to work on /home/airflow/.local/lib/python3.11/site-packages/airflow/example_dags/example_local_kubernetes_executor.py
[2024-03-06T13:49:44.687+0000] {processor.py:830} INFO - Processing file /home/airflow/.local/lib/python3.11/site-packages/airflow/example_dags/example_local_kubernetes_executor.py for tasks to queue
[2024-03-06T13:49:44.688+0000] {logging_mixin.py:188} INFO - [2024-03-06T13:49:44.688+0000] {dagbag.py:540} INFO - Filling up the DagBag from /home/airflow/.local/lib/python3.11/site-packages/airflow/example_dags/example_local_kubernetes_executor.py
[2024-03-06T13:49:44.698+0000] {processor.py:840} INFO - DAG(s) 'example_local_kubernetes_executor' retrieved from /home/airflow/.local/lib/python3.11/site-packages/airflow/example_dags/example_local_kubernetes_executor.py
[2024-03-06T13:49:44.734+0000] {logging_mixin.py:188} INFO - [2024-03-06T13:49:44.733+0000] {dag.py:3047} INFO - Sync 1 DAGs
[2024-03-06T13:49:44.755+0000] {logging_mixin.py:188} INFO - [2024-03-06T13:49:44.754+0000] {dag.py:3834} INFO - Setting next_dagrun for example_local_kubernetes_executor to None, run_after=None
[2024-03-06T13:49:44.783+0000] {processor.py:183} INFO - Processing /home/airflow/.local/lib/python3.11/site-packages/airflow/example_dags/example_local_kubernetes_executor.py took 0.102 seconds
[2024-03-06T13:50:15.512+0000] {processor.py:161} INFO - Started process (PID=2978) to work on /home/airflow/.local/lib/python3.11/site-packages/airflow/example_dags/example_local_kubernetes_executor.py
[2024-03-06T13:50:15.514+0000] {processor.py:830} INFO - Processing file /home/airflow/.local/lib/python3.11/site-packages/airflow/example_dags/example_local_kubernetes_executor.py for tasks to queue
[2024-03-06T13:50:15.517+0000] {logging_mixin.py:188} INFO - [2024-03-06T13:50:15.517+0000] {dagbag.py:540} INFO - Filling up the DagBag from /home/airflow/.local/lib/python3.11/site-packages/airflow/example_dags/example_local_kubernetes_executor.py
[2024-03-06T13:50:15.526+0000] {processor.py:840} INFO - DAG(s) 'example_local_kubernetes_executor' retrieved from /home/airflow/.local/lib/python3.11/site-packages/airflow/example_dags/example_local_kubernetes_executor.py
[2024-03-06T13:50:15.563+0000] {logging_mixin.py:188} INFO - [2024-03-06T13:50:15.563+0000] {dag.py:3047} INFO - Sync 1 DAGs
[2024-03-06T13:50:15.577+0000] {logging_mixin.py:188} INFO - [2024-03-06T13:50:15.576+0000] {dag.py:3834} INFO - Setting next_dagrun for example_local_kubernetes_executor to None, run_after=None
[2024-03-06T13:50:15.598+0000] {processor.py:183} INFO - Processing /home/airflow/.local/lib/python3.11/site-packages/airflow/example_dags/example_local_kubernetes_executor.py took 0.089 seconds
[2024-03-06T13:50:46.095+0000] {processor.py:161} INFO - Started process (PID=3225) to work on /home/airflow/.local/lib/python3.11/site-packages/airflow/example_dags/example_local_kubernetes_executor.py
[2024-03-06T13:50:46.096+0000] {processor.py:830} INFO - Processing file /home/airflow/.local/lib/python3.11/site-packages/airflow/example_dags/example_local_kubernetes_executor.py for tasks to queue
[2024-03-06T13:50:46.099+0000] {logging_mixin.py:188} INFO - [2024-03-06T13:50:46.098+0000] {dagbag.py:540} INFO - Filling up the DagBag from /home/airflow/.local/lib/python3.11/site-packages/airflow/example_dags/example_local_kubernetes_executor.py
[2024-03-06T13:50:46.107+0000] {processor.py:840} INFO - DAG(s) 'example_local_kubernetes_executor' retrieved from /home/airflow/.local/lib/python3.11/site-packages/airflow/example_dags/example_local_kubernetes_executor.py
[2024-03-06T13:50:46.143+0000] {logging_mixin.py:188} INFO - [2024-03-06T13:50:46.142+0000] {dag.py:3047} INFO - Sync 1 DAGs
[2024-03-06T13:50:46.155+0000] {logging_mixin.py:188} INFO - [2024-03-06T13:50:46.155+0000] {dag.py:3834} INFO - Setting next_dagrun for example_local_kubernetes_executor to None, run_after=None
[2024-03-06T13:50:46.175+0000] {processor.py:183} INFO - Processing /home/airflow/.local/lib/python3.11/site-packages/airflow/example_dags/example_local_kubernetes_executor.py took 0.084 seconds
[2024-03-06T13:51:16.531+0000] {processor.py:161} INFO - Started process (PID=3472) to work on /home/airflow/.local/lib/python3.11/site-packages/airflow/example_dags/example_local_kubernetes_executor.py
[2024-03-06T13:51:16.532+0000] {processor.py:830} INFO - Processing file /home/airflow/.local/lib/python3.11/site-packages/airflow/example_dags/example_local_kubernetes_executor.py for tasks to queue
[2024-03-06T13:51:16.533+0000] {logging_mixin.py:188} INFO - [2024-03-06T13:51:16.533+0000] {dagbag.py:540} INFO - Filling up the DagBag from /home/airflow/.local/lib/python3.11/site-packages/airflow/example_dags/example_local_kubernetes_executor.py
[2024-03-06T13:51:16.542+0000] {processor.py:840} INFO - DAG(s) 'example_local_kubernetes_executor' retrieved from /home/airflow/.local/lib/python3.11/site-packages/airflow/example_dags/example_local_kubernetes_executor.py
[2024-03-06T13:51:16.578+0000] {logging_mixin.py:188} INFO - [2024-03-06T13:51:16.578+0000] {dag.py:3047} INFO - Sync 1 DAGs
[2024-03-06T13:51:16.590+0000] {logging_mixin.py:188} INFO - [2024-03-06T13:51:16.590+0000] {dag.py:3834} INFO - Setting next_dagrun for example_local_kubernetes_executor to None, run_after=None
[2024-03-06T13:51:16.610+0000] {processor.py:183} INFO - Processing /home/airflow/.local/lib/python3.11/site-packages/airflow/example_dags/example_local_kubernetes_executor.py took 0.082 seconds
[2024-03-06T13:51:47.037+0000] {processor.py:161} INFO - Started process (PID=3719) to work on /home/airflow/.local/lib/python3.11/site-packages/airflow/example_dags/example_local_kubernetes_executor.py
[2024-03-06T13:51:47.038+0000] {processor.py:830} INFO - Processing file /home/airflow/.local/lib/python3.11/site-packages/airflow/example_dags/example_local_kubernetes_executor.py for tasks to queue
[2024-03-06T13:51:47.040+0000] {logging_mixin.py:188} INFO - [2024-03-06T13:51:47.039+0000] {dagbag.py:540} INFO - Filling up the DagBag from /home/airflow/.local/lib/python3.11/site-packages/airflow/example_dags/example_local_kubernetes_executor.py
[2024-03-06T13:51:47.047+0000] {processor.py:840} INFO - DAG(s) 'example_local_kubernetes_executor' retrieved from /home/airflow/.local/lib/python3.11/site-packages/airflow/example_dags/example_local_kubernetes_executor.py
[2024-03-06T13:51:47.080+0000] {logging_mixin.py:188} INFO - [2024-03-06T13:51:47.080+0000] {dag.py:3047} INFO - Sync 1 DAGs
[2024-03-06T13:51:47.092+0000] {logging_mixin.py:188} INFO - [2024-03-06T13:51:47.092+0000] {dag.py:3834} INFO - Setting next_dagrun for example_local_kubernetes_executor to None, run_after=None
[2024-03-06T13:51:47.111+0000] {processor.py:183} INFO - Processing /home/airflow/.local/lib/python3.11/site-packages/airflow/example_dags/example_local_kubernetes_executor.py took 0.076 seconds
[2024-03-06T13:52:17.551+0000] {processor.py:161} INFO - Started process (PID=3966) to work on /home/airflow/.local/lib/python3.11/site-packages/airflow/example_dags/example_local_kubernetes_executor.py
[2024-03-06T13:52:17.553+0000] {processor.py:830} INFO - Processing file /home/airflow/.local/lib/python3.11/site-packages/airflow/example_dags/example_local_kubernetes_executor.py for tasks to queue
[2024-03-06T13:52:17.555+0000] {logging_mixin.py:188} INFO - [2024-03-06T13:52:17.555+0000] {dagbag.py:540} INFO - Filling up the DagBag from /home/airflow/.local/lib/python3.11/site-packages/airflow/example_dags/example_local_kubernetes_executor.py
[2024-03-06T13:52:17.565+0000] {processor.py:840} INFO - DAG(s) 'example_local_kubernetes_executor' retrieved from /home/airflow/.local/lib/python3.11/site-packages/airflow/example_dags/example_local_kubernetes_executor.py
[2024-03-06T13:52:17.601+0000] {logging_mixin.py:188} INFO - [2024-03-06T13:52:17.601+0000] {dag.py:3047} INFO - Sync 1 DAGs
[2024-03-06T13:52:17.613+0000] {logging_mixin.py:188} INFO - [2024-03-06T13:52:17.613+0000] {dag.py:3834} INFO - Setting next_dagrun for example_local_kubernetes_executor to None, run_after=None
[2024-03-06T13:52:17.633+0000] {processor.py:183} INFO - Processing /home/airflow/.local/lib/python3.11/site-packages/airflow/example_dags/example_local_kubernetes_executor.py took 0.086 seconds
[2024-03-06T13:52:48.431+0000] {processor.py:161} INFO - Started process (PID=4213) to work on /home/airflow/.local/lib/python3.11/site-packages/airflow/example_dags/example_local_kubernetes_executor.py
[2024-03-06T13:52:48.433+0000] {processor.py:830} INFO - Processing file /home/airflow/.local/lib/python3.11/site-packages/airflow/example_dags/example_local_kubernetes_executor.py for tasks to queue
[2024-03-06T13:52:48.434+0000] {logging_mixin.py:188} INFO - [2024-03-06T13:52:48.434+0000] {dagbag.py:540} INFO - Filling up the DagBag from /home/airflow/.local/lib/python3.11/site-packages/airflow/example_dags/example_local_kubernetes_executor.py
[2024-03-06T13:52:48.443+0000] {processor.py:840} INFO - DAG(s) 'example_local_kubernetes_executor' retrieved from /home/airflow/.local/lib/python3.11/site-packages/airflow/example_dags/example_local_kubernetes_executor.py
[2024-03-06T13:52:48.489+0000] {logging_mixin.py:188} INFO - [2024-03-06T13:52:48.489+0000] {dag.py:3047} INFO - Sync 1 DAGs
[2024-03-06T13:52:48.501+0000] {logging_mixin.py:188} INFO - [2024-03-06T13:52:48.501+0000] {dag.py:3834} INFO - Setting next_dagrun for example_local_kubernetes_executor to None, run_after=None
[2024-03-06T13:52:48.523+0000] {processor.py:183} INFO - Processing /home/airflow/.local/lib/python3.11/site-packages/airflow/example_dags/example_local_kubernetes_executor.py took 0.095 seconds
[2024-03-06T13:53:19.310+0000] {processor.py:161} INFO - Started process (PID=4459) to work on /home/airflow/.local/lib/python3.11/site-packages/airflow/example_dags/example_local_kubernetes_executor.py
[2024-03-06T13:53:19.312+0000] {processor.py:830} INFO - Processing file /home/airflow/.local/lib/python3.11/site-packages/airflow/example_dags/example_local_kubernetes_executor.py for tasks to queue
[2024-03-06T13:53:19.313+0000] {logging_mixin.py:188} INFO - [2024-03-06T13:53:19.313+0000] {dagbag.py:540} INFO - Filling up the DagBag from /home/airflow/.local/lib/python3.11/site-packages/airflow/example_dags/example_local_kubernetes_executor.py
[2024-03-06T13:53:19.324+0000] {processor.py:840} INFO - DAG(s) 'example_local_kubernetes_executor' retrieved from /home/airflow/.local/lib/python3.11/site-packages/airflow/example_dags/example_local_kubernetes_executor.py
[2024-03-06T13:53:19.386+0000] {logging_mixin.py:188} INFO - [2024-03-06T13:53:19.385+0000] {dag.py:3047} INFO - Sync 1 DAGs
[2024-03-06T13:53:19.404+0000] {logging_mixin.py:188} INFO - [2024-03-06T13:53:19.403+0000] {dag.py:3834} INFO - Setting next_dagrun for example_local_kubernetes_executor to None, run_after=None
[2024-03-06T13:53:19.431+0000] {processor.py:183} INFO - Processing /home/airflow/.local/lib/python3.11/site-packages/airflow/example_dags/example_local_kubernetes_executor.py took 0.125 seconds
[2024-03-06T13:53:49.594+0000] {processor.py:161} INFO - Started process (PID=4706) to work on /home/airflow/.local/lib/python3.11/site-packages/airflow/example_dags/example_local_kubernetes_executor.py
[2024-03-06T13:53:49.595+0000] {processor.py:830} INFO - Processing file /home/airflow/.local/lib/python3.11/site-packages/airflow/example_dags/example_local_kubernetes_executor.py for tasks to queue
[2024-03-06T13:53:49.596+0000] {logging_mixin.py:188} INFO - [2024-03-06T13:53:49.596+0000] {dagbag.py:540} INFO - Filling up the DagBag from /home/airflow/.local/lib/python3.11/site-packages/airflow/example_dags/example_local_kubernetes_executor.py
[2024-03-06T13:53:49.606+0000] {processor.py:840} INFO - DAG(s) 'example_local_kubernetes_executor' retrieved from /home/airflow/.local/lib/python3.11/site-packages/airflow/example_dags/example_local_kubernetes_executor.py
[2024-03-06T13:53:49.652+0000] {logging_mixin.py:188} INFO - [2024-03-06T13:53:49.652+0000] {dag.py:3047} INFO - Sync 1 DAGs
[2024-03-06T13:53:49.668+0000] {logging_mixin.py:188} INFO - [2024-03-06T13:53:49.668+0000] {dag.py:3834} INFO - Setting next_dagrun for example_local_kubernetes_executor to None, run_after=None
[2024-03-06T13:53:49.695+0000] {processor.py:183} INFO - Processing /home/airflow/.local/lib/python3.11/site-packages/airflow/example_dags/example_local_kubernetes_executor.py took 0.105 seconds
[2024-03-06T13:54:19.934+0000] {processor.py:161} INFO - Started process (PID=4953) to work on /home/airflow/.local/lib/python3.11/site-packages/airflow/example_dags/example_local_kubernetes_executor.py
[2024-03-06T13:54:19.936+0000] {processor.py:830} INFO - Processing file /home/airflow/.local/lib/python3.11/site-packages/airflow/example_dags/example_local_kubernetes_executor.py for tasks to queue
[2024-03-06T13:54:19.938+0000] {logging_mixin.py:188} INFO - [2024-03-06T13:54:19.938+0000] {dagbag.py:540} INFO - Filling up the DagBag from /home/airflow/.local/lib/python3.11/site-packages/airflow/example_dags/example_local_kubernetes_executor.py
[2024-03-06T13:54:19.948+0000] {processor.py:840} INFO - DAG(s) 'example_local_kubernetes_executor' retrieved from /home/airflow/.local/lib/python3.11/site-packages/airflow/example_dags/example_local_kubernetes_executor.py
[2024-03-06T13:54:19.987+0000] {logging_mixin.py:188} INFO - [2024-03-06T13:54:19.987+0000] {dag.py:3047} INFO - Sync 1 DAGs
[2024-03-06T13:54:20.006+0000] {logging_mixin.py:188} INFO - [2024-03-06T13:54:20.005+0000] {dag.py:3834} INFO - Setting next_dagrun for example_local_kubernetes_executor to None, run_after=None
[2024-03-06T13:54:20.028+0000] {processor.py:183} INFO - Processing /home/airflow/.local/lib/python3.11/site-packages/airflow/example_dags/example_local_kubernetes_executor.py took 0.098 seconds
[2024-03-06T13:54:50.214+0000] {processor.py:161} INFO - Started process (PID=5200) to work on /home/airflow/.local/lib/python3.11/site-packages/airflow/example_dags/example_local_kubernetes_executor.py
[2024-03-06T13:54:50.215+0000] {processor.py:830} INFO - Processing file /home/airflow/.local/lib/python3.11/site-packages/airflow/example_dags/example_local_kubernetes_executor.py for tasks to queue
[2024-03-06T13:54:50.216+0000] {logging_mixin.py:188} INFO - [2024-03-06T13:54:50.216+0000] {dagbag.py:540} INFO - Filling up the DagBag from /home/airflow/.local/lib/python3.11/site-packages/airflow/example_dags/example_local_kubernetes_executor.py
[2024-03-06T13:54:50.225+0000] {processor.py:840} INFO - DAG(s) 'example_local_kubernetes_executor' retrieved from /home/airflow/.local/lib/python3.11/site-packages/airflow/example_dags/example_local_kubernetes_executor.py
[2024-03-06T13:54:50.263+0000] {logging_mixin.py:188} INFO - [2024-03-06T13:54:50.262+0000] {dag.py:3047} INFO - Sync 1 DAGs
[2024-03-06T13:54:50.281+0000] {logging_mixin.py:188} INFO - [2024-03-06T13:54:50.281+0000] {dag.py:3834} INFO - Setting next_dagrun for example_local_kubernetes_executor to None, run_after=None
[2024-03-06T13:54:50.302+0000] {processor.py:183} INFO - Processing /home/airflow/.local/lib/python3.11/site-packages/airflow/example_dags/example_local_kubernetes_executor.py took 0.092 seconds
[2024-03-06T13:55:21.674+0000] {processor.py:161} INFO - Started process (PID=5447) to work on /home/airflow/.local/lib/python3.11/site-packages/airflow/example_dags/example_local_kubernetes_executor.py
[2024-03-06T13:55:21.676+0000] {processor.py:830} INFO - Processing file /home/airflow/.local/lib/python3.11/site-packages/airflow/example_dags/example_local_kubernetes_executor.py for tasks to queue
[2024-03-06T13:55:21.681+0000] {logging_mixin.py:188} INFO - [2024-03-06T13:55:21.680+0000] {dagbag.py:540} INFO - Filling up the DagBag from /home/airflow/.local/lib/python3.11/site-packages/airflow/example_dags/example_local_kubernetes_executor.py
[2024-03-06T13:55:21.691+0000] {processor.py:840} INFO - DAG(s) 'example_local_kubernetes_executor' retrieved from /home/airflow/.local/lib/python3.11/site-packages/airflow/example_dags/example_local_kubernetes_executor.py
[2024-03-06T13:55:21.753+0000] {logging_mixin.py:188} INFO - [2024-03-06T13:55:21.753+0000] {dag.py:3047} INFO - Sync 1 DAGs
[2024-03-06T13:55:21.784+0000] {logging_mixin.py:188} INFO - [2024-03-06T13:55:21.783+0000] {dag.py:3834} INFO - Setting next_dagrun for example_local_kubernetes_executor to None, run_after=None
[2024-03-06T13:55:21.807+0000] {processor.py:183} INFO - Processing /home/airflow/.local/lib/python3.11/site-packages/airflow/example_dags/example_local_kubernetes_executor.py took 0.137 seconds
[2024-03-06T13:55:52.138+0000] {processor.py:161} INFO - Started process (PID=5694) to work on /home/airflow/.local/lib/python3.11/site-packages/airflow/example_dags/example_local_kubernetes_executor.py
[2024-03-06T13:55:52.141+0000] {processor.py:830} INFO - Processing file /home/airflow/.local/lib/python3.11/site-packages/airflow/example_dags/example_local_kubernetes_executor.py for tasks to queue
[2024-03-06T13:55:52.144+0000] {logging_mixin.py:188} INFO - [2024-03-06T13:55:52.143+0000] {dagbag.py:540} INFO - Filling up the DagBag from /home/airflow/.local/lib/python3.11/site-packages/airflow/example_dags/example_local_kubernetes_executor.py
[2024-03-06T13:55:52.164+0000] {processor.py:840} INFO - DAG(s) 'example_local_kubernetes_executor' retrieved from /home/airflow/.local/lib/python3.11/site-packages/airflow/example_dags/example_local_kubernetes_executor.py
[2024-03-06T13:55:52.241+0000] {logging_mixin.py:188} INFO - [2024-03-06T13:55:52.241+0000] {dag.py:3047} INFO - Sync 1 DAGs
[2024-03-06T13:55:52.261+0000] {logging_mixin.py:188} INFO - [2024-03-06T13:55:52.260+0000] {dag.py:3834} INFO - Setting next_dagrun for example_local_kubernetes_executor to None, run_after=None
[2024-03-06T13:55:52.316+0000] {processor.py:183} INFO - Processing /home/airflow/.local/lib/python3.11/site-packages/airflow/example_dags/example_local_kubernetes_executor.py took 0.191 seconds
[2024-03-06T13:56:22.527+0000] {processor.py:161} INFO - Started process (PID=5942) to work on /home/airflow/.local/lib/python3.11/site-packages/airflow/example_dags/example_local_kubernetes_executor.py
[2024-03-06T13:56:22.528+0000] {processor.py:830} INFO - Processing file /home/airflow/.local/lib/python3.11/site-packages/airflow/example_dags/example_local_kubernetes_executor.py for tasks to queue
[2024-03-06T13:56:22.530+0000] {logging_mixin.py:188} INFO - [2024-03-06T13:56:22.529+0000] {dagbag.py:540} INFO - Filling up the DagBag from /home/airflow/.local/lib/python3.11/site-packages/airflow/example_dags/example_local_kubernetes_executor.py
[2024-03-06T13:56:22.538+0000] {processor.py:840} INFO - DAG(s) 'example_local_kubernetes_executor' retrieved from /home/airflow/.local/lib/python3.11/site-packages/airflow/example_dags/example_local_kubernetes_executor.py
[2024-03-06T13:56:22.581+0000] {logging_mixin.py:188} INFO - [2024-03-06T13:56:22.581+0000] {dag.py:3047} INFO - Sync 1 DAGs
[2024-03-06T13:56:22.594+0000] {logging_mixin.py:188} INFO - [2024-03-06T13:56:22.593+0000] {dag.py:3834} INFO - Setting next_dagrun for example_local_kubernetes_executor to None, run_after=None
[2024-03-06T13:56:22.626+0000] {processor.py:183} INFO - Processing /home/airflow/.local/lib/python3.11/site-packages/airflow/example_dags/example_local_kubernetes_executor.py took 0.099 seconds
[2024-03-06T13:56:52.692+0000] {processor.py:161} INFO - Started process (PID=6186) to work on /home/airflow/.local/lib/python3.11/site-packages/airflow/example_dags/example_local_kubernetes_executor.py
[2024-03-06T13:56:52.694+0000] {processor.py:830} INFO - Processing file /home/airflow/.local/lib/python3.11/site-packages/airflow/example_dags/example_local_kubernetes_executor.py for tasks to queue
[2024-03-06T13:56:52.696+0000] {logging_mixin.py:188} INFO - [2024-03-06T13:56:52.695+0000] {dagbag.py:540} INFO - Filling up the DagBag from /home/airflow/.local/lib/python3.11/site-packages/airflow/example_dags/example_local_kubernetes_executor.py
[2024-03-06T13:56:52.710+0000] {processor.py:840} INFO - DAG(s) 'example_local_kubernetes_executor' retrieved from /home/airflow/.local/lib/python3.11/site-packages/airflow/example_dags/example_local_kubernetes_executor.py
[2024-03-06T13:56:52.770+0000] {logging_mixin.py:188} INFO - [2024-03-06T13:56:52.770+0000] {dag.py:3047} INFO - Sync 1 DAGs
[2024-03-06T13:56:52.783+0000] {logging_mixin.py:188} INFO - [2024-03-06T13:56:52.782+0000] {dag.py:3834} INFO - Setting next_dagrun for example_local_kubernetes_executor to None, run_after=None
[2024-03-06T13:56:52.802+0000] {processor.py:183} INFO - Processing /home/airflow/.local/lib/python3.11/site-packages/airflow/example_dags/example_local_kubernetes_executor.py took 0.114 seconds
[2024-03-06T13:57:23.225+0000] {processor.py:161} INFO - Started process (PID=6433) to work on /home/airflow/.local/lib/python3.11/site-packages/airflow/example_dags/example_local_kubernetes_executor.py
[2024-03-06T13:57:23.227+0000] {processor.py:830} INFO - Processing file /home/airflow/.local/lib/python3.11/site-packages/airflow/example_dags/example_local_kubernetes_executor.py for tasks to queue
[2024-03-06T13:57:23.232+0000] {logging_mixin.py:188} INFO - [2024-03-06T13:57:23.232+0000] {dagbag.py:540} INFO - Filling up the DagBag from /home/airflow/.local/lib/python3.11/site-packages/airflow/example_dags/example_local_kubernetes_executor.py
[2024-03-06T13:57:23.247+0000] {processor.py:840} INFO - DAG(s) 'example_local_kubernetes_executor' retrieved from /home/airflow/.local/lib/python3.11/site-packages/airflow/example_dags/example_local_kubernetes_executor.py
[2024-03-06T13:57:23.351+0000] {logging_mixin.py:188} INFO - [2024-03-06T13:57:23.350+0000] {dag.py:3047} INFO - Sync 1 DAGs
[2024-03-06T13:57:23.374+0000] {logging_mixin.py:188} INFO - [2024-03-06T13:57:23.374+0000] {dag.py:3834} INFO - Setting next_dagrun for example_local_kubernetes_executor to None, run_after=None
[2024-03-06T13:57:23.400+0000] {processor.py:183} INFO - Processing /home/airflow/.local/lib/python3.11/site-packages/airflow/example_dags/example_local_kubernetes_executor.py took 0.184 seconds
[2024-03-06T13:57:53.591+0000] {processor.py:161} INFO - Started process (PID=6682) to work on /home/airflow/.local/lib/python3.11/site-packages/airflow/example_dags/example_local_kubernetes_executor.py
[2024-03-06T13:57:53.592+0000] {processor.py:830} INFO - Processing file /home/airflow/.local/lib/python3.11/site-packages/airflow/example_dags/example_local_kubernetes_executor.py for tasks to queue
[2024-03-06T13:57:53.594+0000] {logging_mixin.py:188} INFO - [2024-03-06T13:57:53.593+0000] {dagbag.py:540} INFO - Filling up the DagBag from /home/airflow/.local/lib/python3.11/site-packages/airflow/example_dags/example_local_kubernetes_executor.py
[2024-03-06T13:57:53.606+0000] {processor.py:840} INFO - DAG(s) 'example_local_kubernetes_executor' retrieved from /home/airflow/.local/lib/python3.11/site-packages/airflow/example_dags/example_local_kubernetes_executor.py
[2024-03-06T13:57:53.652+0000] {logging_mixin.py:188} INFO - [2024-03-06T13:57:53.651+0000] {dag.py:3047} INFO - Sync 1 DAGs
[2024-03-06T13:57:53.668+0000] {logging_mixin.py:188} INFO - [2024-03-06T13:57:53.668+0000] {dag.py:3834} INFO - Setting next_dagrun for example_local_kubernetes_executor to None, run_after=None
[2024-03-06T13:57:53.712+0000] {processor.py:183} INFO - Processing /home/airflow/.local/lib/python3.11/site-packages/airflow/example_dags/example_local_kubernetes_executor.py took 0.125 seconds
[2024-03-06T13:58:24.183+0000] {processor.py:161} INFO - Started process (PID=6926) to work on /home/airflow/.local/lib/python3.11/site-packages/airflow/example_dags/example_local_kubernetes_executor.py
[2024-03-06T13:58:24.185+0000] {processor.py:830} INFO - Processing file /home/airflow/.local/lib/python3.11/site-packages/airflow/example_dags/example_local_kubernetes_executor.py for tasks to queue
[2024-03-06T13:58:24.187+0000] {logging_mixin.py:188} INFO - [2024-03-06T13:58:24.187+0000] {dagbag.py:540} INFO - Filling up the DagBag from /home/airflow/.local/lib/python3.11/site-packages/airflow/example_dags/example_local_kubernetes_executor.py
[2024-03-06T13:58:24.198+0000] {processor.py:840} INFO - DAG(s) 'example_local_kubernetes_executor' retrieved from /home/airflow/.local/lib/python3.11/site-packages/airflow/example_dags/example_local_kubernetes_executor.py
[2024-03-06T13:58:24.249+0000] {logging_mixin.py:188} INFO - [2024-03-06T13:58:24.249+0000] {dag.py:3047} INFO - Sync 1 DAGs
[2024-03-06T13:58:24.272+0000] {logging_mixin.py:188} INFO - [2024-03-06T13:58:24.272+0000] {dag.py:3834} INFO - Setting next_dagrun for example_local_kubernetes_executor to None, run_after=None
[2024-03-06T13:58:24.301+0000] {processor.py:183} INFO - Processing /home/airflow/.local/lib/python3.11/site-packages/airflow/example_dags/example_local_kubernetes_executor.py took 0.124 seconds
[2024-03-06T13:58:54.839+0000] {processor.py:161} INFO - Started process (PID=7172) to work on /home/airflow/.local/lib/python3.11/site-packages/airflow/example_dags/example_local_kubernetes_executor.py
[2024-03-06T13:58:54.840+0000] {processor.py:830} INFO - Processing file /home/airflow/.local/lib/python3.11/site-packages/airflow/example_dags/example_local_kubernetes_executor.py for tasks to queue
[2024-03-06T13:58:54.844+0000] {logging_mixin.py:188} INFO - [2024-03-06T13:58:54.842+0000] {dagbag.py:540} INFO - Filling up the DagBag from /home/airflow/.local/lib/python3.11/site-packages/airflow/example_dags/example_local_kubernetes_executor.py
[2024-03-06T13:58:54.858+0000] {processor.py:840} INFO - DAG(s) 'example_local_kubernetes_executor' retrieved from /home/airflow/.local/lib/python3.11/site-packages/airflow/example_dags/example_local_kubernetes_executor.py
[2024-03-06T13:58:54.940+0000] {logging_mixin.py:188} INFO - [2024-03-06T13:58:54.940+0000] {dag.py:3047} INFO - Sync 1 DAGs
[2024-03-06T13:58:54.994+0000] {logging_mixin.py:188} INFO - [2024-03-06T13:58:54.987+0000] {dag.py:3834} INFO - Setting next_dagrun for example_local_kubernetes_executor to None, run_after=None
[2024-03-06T13:58:55.133+0000] {processor.py:183} INFO - Processing /home/airflow/.local/lib/python3.11/site-packages/airflow/example_dags/example_local_kubernetes_executor.py took 0.301 seconds
[2024-03-06T13:59:25.916+0000] {processor.py:161} INFO - Started process (PID=7425) to work on /home/airflow/.local/lib/python3.11/site-packages/airflow/example_dags/example_local_kubernetes_executor.py
[2024-03-06T13:59:25.919+0000] {processor.py:830} INFO - Processing file /home/airflow/.local/lib/python3.11/site-packages/airflow/example_dags/example_local_kubernetes_executor.py for tasks to queue
[2024-03-06T13:59:25.922+0000] {logging_mixin.py:188} INFO - [2024-03-06T13:59:25.921+0000] {dagbag.py:540} INFO - Filling up the DagBag from /home/airflow/.local/lib/python3.11/site-packages/airflow/example_dags/example_local_kubernetes_executor.py
[2024-03-06T13:59:25.934+0000] {processor.py:840} INFO - DAG(s) 'example_local_kubernetes_executor' retrieved from /home/airflow/.local/lib/python3.11/site-packages/airflow/example_dags/example_local_kubernetes_executor.py
[2024-03-06T13:59:25.972+0000] {logging_mixin.py:188} INFO - [2024-03-06T13:59:25.972+0000] {dag.py:3047} INFO - Sync 1 DAGs
[2024-03-06T13:59:25.988+0000] {logging_mixin.py:188} INFO - [2024-03-06T13:59:25.988+0000] {dag.py:3834} INFO - Setting next_dagrun for example_local_kubernetes_executor to None, run_after=None
[2024-03-06T13:59:26.017+0000] {processor.py:183} INFO - Processing /home/airflow/.local/lib/python3.11/site-packages/airflow/example_dags/example_local_kubernetes_executor.py took 0.110 seconds
[2024-03-06T13:59:56.071+0000] {processor.py:161} INFO - Started process (PID=7671) to work on /home/airflow/.local/lib/python3.11/site-packages/airflow/example_dags/example_local_kubernetes_executor.py
[2024-03-06T13:59:56.072+0000] {processor.py:830} INFO - Processing file /home/airflow/.local/lib/python3.11/site-packages/airflow/example_dags/example_local_kubernetes_executor.py for tasks to queue
[2024-03-06T13:59:56.073+0000] {logging_mixin.py:188} INFO - [2024-03-06T13:59:56.073+0000] {dagbag.py:540} INFO - Filling up the DagBag from /home/airflow/.local/lib/python3.11/site-packages/airflow/example_dags/example_local_kubernetes_executor.py
[2024-03-06T13:59:56.081+0000] {processor.py:840} INFO - DAG(s) 'example_local_kubernetes_executor' retrieved from /home/airflow/.local/lib/python3.11/site-packages/airflow/example_dags/example_local_kubernetes_executor.py
[2024-03-06T13:59:56.118+0000] {logging_mixin.py:188} INFO - [2024-03-06T13:59:56.117+0000] {dag.py:3047} INFO - Sync 1 DAGs
[2024-03-06T13:59:56.130+0000] {logging_mixin.py:188} INFO - [2024-03-06T13:59:56.130+0000] {dag.py:3834} INFO - Setting next_dagrun for example_local_kubernetes_executor to None, run_after=None
[2024-03-06T13:59:56.159+0000] {processor.py:183} INFO - Processing /home/airflow/.local/lib/python3.11/site-packages/airflow/example_dags/example_local_kubernetes_executor.py took 0.091 seconds
[2024-03-06T14:00:26.421+0000] {processor.py:161} INFO - Started process (PID=7918) to work on /home/airflow/.local/lib/python3.11/site-packages/airflow/example_dags/example_local_kubernetes_executor.py
[2024-03-06T14:00:26.422+0000] {processor.py:830} INFO - Processing file /home/airflow/.local/lib/python3.11/site-packages/airflow/example_dags/example_local_kubernetes_executor.py for tasks to queue
[2024-03-06T14:00:26.424+0000] {logging_mixin.py:188} INFO - [2024-03-06T14:00:26.424+0000] {dagbag.py:540} INFO - Filling up the DagBag from /home/airflow/.local/lib/python3.11/site-packages/airflow/example_dags/example_local_kubernetes_executor.py
[2024-03-06T14:00:26.431+0000] {processor.py:840} INFO - DAG(s) 'example_local_kubernetes_executor' retrieved from /home/airflow/.local/lib/python3.11/site-packages/airflow/example_dags/example_local_kubernetes_executor.py
[2024-03-06T14:00:26.466+0000] {logging_mixin.py:188} INFO - [2024-03-06T14:00:26.466+0000] {dag.py:3047} INFO - Sync 1 DAGs
[2024-03-06T14:00:26.480+0000] {logging_mixin.py:188} INFO - [2024-03-06T14:00:26.480+0000] {dag.py:3834} INFO - Setting next_dagrun for example_local_kubernetes_executor to None, run_after=None
[2024-03-06T14:00:26.507+0000] {processor.py:183} INFO - Processing /home/airflow/.local/lib/python3.11/site-packages/airflow/example_dags/example_local_kubernetes_executor.py took 0.090 seconds
[2024-03-06T14:00:56.755+0000] {processor.py:161} INFO - Started process (PID=8164) to work on /home/airflow/.local/lib/python3.11/site-packages/airflow/example_dags/example_local_kubernetes_executor.py
[2024-03-06T14:00:56.757+0000] {processor.py:830} INFO - Processing file /home/airflow/.local/lib/python3.11/site-packages/airflow/example_dags/example_local_kubernetes_executor.py for tasks to queue
[2024-03-06T14:00:56.760+0000] {logging_mixin.py:188} INFO - [2024-03-06T14:00:56.759+0000] {dagbag.py:540} INFO - Filling up the DagBag from /home/airflow/.local/lib/python3.11/site-packages/airflow/example_dags/example_local_kubernetes_executor.py
[2024-03-06T14:00:56.776+0000] {processor.py:840} INFO - DAG(s) 'example_local_kubernetes_executor' retrieved from /home/airflow/.local/lib/python3.11/site-packages/airflow/example_dags/example_local_kubernetes_executor.py
[2024-03-06T14:00:56.822+0000] {logging_mixin.py:188} INFO - [2024-03-06T14:00:56.822+0000] {dag.py:3047} INFO - Sync 1 DAGs
[2024-03-06T14:00:56.835+0000] {logging_mixin.py:188} INFO - [2024-03-06T14:00:56.835+0000] {dag.py:3834} INFO - Setting next_dagrun for example_local_kubernetes_executor to None, run_after=None
[2024-03-06T14:00:56.874+0000] {processor.py:183} INFO - Processing /home/airflow/.local/lib/python3.11/site-packages/airflow/example_dags/example_local_kubernetes_executor.py took 0.125 seconds
[2024-03-06T14:01:27.445+0000] {processor.py:161} INFO - Started process (PID=8411) to work on /home/airflow/.local/lib/python3.11/site-packages/airflow/example_dags/example_local_kubernetes_executor.py
[2024-03-06T14:01:27.446+0000] {processor.py:830} INFO - Processing file /home/airflow/.local/lib/python3.11/site-packages/airflow/example_dags/example_local_kubernetes_executor.py for tasks to queue
[2024-03-06T14:01:27.448+0000] {logging_mixin.py:188} INFO - [2024-03-06T14:01:27.447+0000] {dagbag.py:540} INFO - Filling up the DagBag from /home/airflow/.local/lib/python3.11/site-packages/airflow/example_dags/example_local_kubernetes_executor.py
[2024-03-06T14:01:27.457+0000] {processor.py:840} INFO - DAG(s) 'example_local_kubernetes_executor' retrieved from /home/airflow/.local/lib/python3.11/site-packages/airflow/example_dags/example_local_kubernetes_executor.py
[2024-03-06T14:01:27.488+0000] {logging_mixin.py:188} INFO - [2024-03-06T14:01:27.488+0000] {dag.py:3047} INFO - Sync 1 DAGs
[2024-03-06T14:01:27.504+0000] {logging_mixin.py:188} INFO - [2024-03-06T14:01:27.504+0000] {dag.py:3834} INFO - Setting next_dagrun for example_local_kubernetes_executor to None, run_after=None
[2024-03-06T14:01:27.527+0000] {processor.py:183} INFO - Processing /home/airflow/.local/lib/python3.11/site-packages/airflow/example_dags/example_local_kubernetes_executor.py took 0.086 seconds
[2024-03-06T14:01:57.576+0000] {processor.py:161} INFO - Started process (PID=8658) to work on /home/airflow/.local/lib/python3.11/site-packages/airflow/example_dags/example_local_kubernetes_executor.py
[2024-03-06T14:01:57.577+0000] {processor.py:830} INFO - Processing file /home/airflow/.local/lib/python3.11/site-packages/airflow/example_dags/example_local_kubernetes_executor.py for tasks to queue
[2024-03-06T14:01:57.579+0000] {logging_mixin.py:188} INFO - [2024-03-06T14:01:57.578+0000] {dagbag.py:540} INFO - Filling up the DagBag from /home/airflow/.local/lib/python3.11/site-packages/airflow/example_dags/example_local_kubernetes_executor.py
[2024-03-06T14:01:57.588+0000] {processor.py:840} INFO - DAG(s) 'example_local_kubernetes_executor' retrieved from /home/airflow/.local/lib/python3.11/site-packages/airflow/example_dags/example_local_kubernetes_executor.py
[2024-03-06T14:01:57.627+0000] {logging_mixin.py:188} INFO - [2024-03-06T14:01:57.627+0000] {dag.py:3047} INFO - Sync 1 DAGs
[2024-03-06T14:01:57.642+0000] {logging_mixin.py:188} INFO - [2024-03-06T14:01:57.642+0000] {dag.py:3834} INFO - Setting next_dagrun for example_local_kubernetes_executor to None, run_after=None
[2024-03-06T14:01:57.668+0000] {processor.py:183} INFO - Processing /home/airflow/.local/lib/python3.11/site-packages/airflow/example_dags/example_local_kubernetes_executor.py took 0.097 seconds
[2024-03-06T14:02:28.375+0000] {processor.py:161} INFO - Started process (PID=8905) to work on /home/airflow/.local/lib/python3.11/site-packages/airflow/example_dags/example_local_kubernetes_executor.py
[2024-03-06T14:02:28.376+0000] {processor.py:830} INFO - Processing file /home/airflow/.local/lib/python3.11/site-packages/airflow/example_dags/example_local_kubernetes_executor.py for tasks to queue
[2024-03-06T14:02:28.377+0000] {logging_mixin.py:188} INFO - [2024-03-06T14:02:28.377+0000] {dagbag.py:540} INFO - Filling up the DagBag from /home/airflow/.local/lib/python3.11/site-packages/airflow/example_dags/example_local_kubernetes_executor.py
[2024-03-06T14:02:28.389+0000] {processor.py:840} INFO - DAG(s) 'example_local_kubernetes_executor' retrieved from /home/airflow/.local/lib/python3.11/site-packages/airflow/example_dags/example_local_kubernetes_executor.py
[2024-03-06T14:02:28.439+0000] {logging_mixin.py:188} INFO - [2024-03-06T14:02:28.439+0000] {dag.py:3047} INFO - Sync 1 DAGs
[2024-03-06T14:02:28.456+0000] {logging_mixin.py:188} INFO - [2024-03-06T14:02:28.455+0000] {dag.py:3834} INFO - Setting next_dagrun for example_local_kubernetes_executor to None, run_after=None
[2024-03-06T14:02:28.481+0000] {processor.py:183} INFO - Processing /home/airflow/.local/lib/python3.11/site-packages/airflow/example_dags/example_local_kubernetes_executor.py took 0.110 seconds
[2024-03-06T14:02:58.786+0000] {processor.py:161} INFO - Started process (PID=9154) to work on /home/airflow/.local/lib/python3.11/site-packages/airflow/example_dags/example_local_kubernetes_executor.py
[2024-03-06T14:02:58.787+0000] {processor.py:830} INFO - Processing file /home/airflow/.local/lib/python3.11/site-packages/airflow/example_dags/example_local_kubernetes_executor.py for tasks to queue
[2024-03-06T14:02:58.788+0000] {logging_mixin.py:188} INFO - [2024-03-06T14:02:58.788+0000] {dagbag.py:540} INFO - Filling up the DagBag from /home/airflow/.local/lib/python3.11/site-packages/airflow/example_dags/example_local_kubernetes_executor.py
[2024-03-06T14:02:58.796+0000] {processor.py:840} INFO - DAG(s) 'example_local_kubernetes_executor' retrieved from /home/airflow/.local/lib/python3.11/site-packages/airflow/example_dags/example_local_kubernetes_executor.py
[2024-03-06T14:02:58.833+0000] {logging_mixin.py:188} INFO - [2024-03-06T14:02:58.833+0000] {dag.py:3047} INFO - Sync 1 DAGs
[2024-03-06T14:02:58.849+0000] {logging_mixin.py:188} INFO - [2024-03-06T14:02:58.848+0000] {dag.py:3834} INFO - Setting next_dagrun for example_local_kubernetes_executor to None, run_after=None
[2024-03-06T14:02:58.880+0000] {processor.py:183} INFO - Processing /home/airflow/.local/lib/python3.11/site-packages/airflow/example_dags/example_local_kubernetes_executor.py took 0.097 seconds
[2024-03-06T14:03:28.945+0000] {processor.py:161} INFO - Started process (PID=9401) to work on /home/airflow/.local/lib/python3.11/site-packages/airflow/example_dags/example_local_kubernetes_executor.py
[2024-03-06T14:03:28.946+0000] {processor.py:830} INFO - Processing file /home/airflow/.local/lib/python3.11/site-packages/airflow/example_dags/example_local_kubernetes_executor.py for tasks to queue
[2024-03-06T14:03:28.947+0000] {logging_mixin.py:188} INFO - [2024-03-06T14:03:28.947+0000] {dagbag.py:540} INFO - Filling up the DagBag from /home/airflow/.local/lib/python3.11/site-packages/airflow/example_dags/example_local_kubernetes_executor.py
[2024-03-06T14:03:28.954+0000] {processor.py:840} INFO - DAG(s) 'example_local_kubernetes_executor' retrieved from /home/airflow/.local/lib/python3.11/site-packages/airflow/example_dags/example_local_kubernetes_executor.py
[2024-03-06T14:03:28.987+0000] {logging_mixin.py:188} INFO - [2024-03-06T14:03:28.987+0000] {dag.py:3047} INFO - Sync 1 DAGs
[2024-03-06T14:03:29.000+0000] {logging_mixin.py:188} INFO - [2024-03-06T14:03:28.999+0000] {dag.py:3834} INFO - Setting next_dagrun for example_local_kubernetes_executor to None, run_after=None
[2024-03-06T14:03:29.019+0000] {processor.py:183} INFO - Processing /home/airflow/.local/lib/python3.11/site-packages/airflow/example_dags/example_local_kubernetes_executor.py took 0.078 seconds
[2024-03-06T14:03:59.076+0000] {processor.py:161} INFO - Started process (PID=9646) to work on /home/airflow/.local/lib/python3.11/site-packages/airflow/example_dags/example_local_kubernetes_executor.py
[2024-03-06T14:03:59.077+0000] {processor.py:830} INFO - Processing file /home/airflow/.local/lib/python3.11/site-packages/airflow/example_dags/example_local_kubernetes_executor.py for tasks to queue
[2024-03-06T14:03:59.080+0000] {logging_mixin.py:188} INFO - [2024-03-06T14:03:59.080+0000] {dagbag.py:540} INFO - Filling up the DagBag from /home/airflow/.local/lib/python3.11/site-packages/airflow/example_dags/example_local_kubernetes_executor.py
[2024-03-06T14:03:59.088+0000] {processor.py:840} INFO - DAG(s) 'example_local_kubernetes_executor' retrieved from /home/airflow/.local/lib/python3.11/site-packages/airflow/example_dags/example_local_kubernetes_executor.py
[2024-03-06T14:03:59.134+0000] {logging_mixin.py:188} INFO - [2024-03-06T14:03:59.133+0000] {dag.py:3047} INFO - Sync 1 DAGs
[2024-03-06T14:03:59.149+0000] {logging_mixin.py:188} INFO - [2024-03-06T14:03:59.149+0000] {dag.py:3834} INFO - Setting next_dagrun for example_local_kubernetes_executor to None, run_after=None
[2024-03-06T14:03:59.168+0000] {processor.py:183} INFO - Processing /home/airflow/.local/lib/python3.11/site-packages/airflow/example_dags/example_local_kubernetes_executor.py took 0.096 seconds
[2024-03-06T14:04:29.551+0000] {processor.py:161} INFO - Started process (PID=9893) to work on /home/airflow/.local/lib/python3.11/site-packages/airflow/example_dags/example_local_kubernetes_executor.py
[2024-03-06T14:04:29.552+0000] {processor.py:830} INFO - Processing file /home/airflow/.local/lib/python3.11/site-packages/airflow/example_dags/example_local_kubernetes_executor.py for tasks to queue
[2024-03-06T14:04:29.553+0000] {logging_mixin.py:188} INFO - [2024-03-06T14:04:29.553+0000] {dagbag.py:540} INFO - Filling up the DagBag from /home/airflow/.local/lib/python3.11/site-packages/airflow/example_dags/example_local_kubernetes_executor.py
[2024-03-06T14:04:29.561+0000] {processor.py:840} INFO - DAG(s) 'example_local_kubernetes_executor' retrieved from /home/airflow/.local/lib/python3.11/site-packages/airflow/example_dags/example_local_kubernetes_executor.py
[2024-03-06T14:04:29.596+0000] {logging_mixin.py:188} INFO - [2024-03-06T14:04:29.596+0000] {dag.py:3047} INFO - Sync 1 DAGs
[2024-03-06T14:04:29.613+0000] {logging_mixin.py:188} INFO - [2024-03-06T14:04:29.613+0000] {dag.py:3834} INFO - Setting next_dagrun for example_local_kubernetes_executor to None, run_after=None
[2024-03-06T14:04:29.641+0000] {processor.py:183} INFO - Processing /home/airflow/.local/lib/python3.11/site-packages/airflow/example_dags/example_local_kubernetes_executor.py took 0.094 seconds
[2024-03-06T14:04:59.917+0000] {processor.py:161} INFO - Started process (PID=10140) to work on /home/airflow/.local/lib/python3.11/site-packages/airflow/example_dags/example_local_kubernetes_executor.py
[2024-03-06T14:04:59.918+0000] {processor.py:830} INFO - Processing file /home/airflow/.local/lib/python3.11/site-packages/airflow/example_dags/example_local_kubernetes_executor.py for tasks to queue
[2024-03-06T14:04:59.920+0000] {logging_mixin.py:188} INFO - [2024-03-06T14:04:59.919+0000] {dagbag.py:540} INFO - Filling up the DagBag from /home/airflow/.local/lib/python3.11/site-packages/airflow/example_dags/example_local_kubernetes_executor.py
[2024-03-06T14:04:59.931+0000] {processor.py:840} INFO - DAG(s) 'example_local_kubernetes_executor' retrieved from /home/airflow/.local/lib/python3.11/site-packages/airflow/example_dags/example_local_kubernetes_executor.py
[2024-03-06T14:04:59.962+0000] {logging_mixin.py:188} INFO - [2024-03-06T14:04:59.962+0000] {dag.py:3047} INFO - Sync 1 DAGs
[2024-03-06T14:04:59.974+0000] {logging_mixin.py:188} INFO - [2024-03-06T14:04:59.973+0000] {dag.py:3834} INFO - Setting next_dagrun for example_local_kubernetes_executor to None, run_after=None
[2024-03-06T14:04:59.992+0000] {processor.py:183} INFO - Processing /home/airflow/.local/lib/python3.11/site-packages/airflow/example_dags/example_local_kubernetes_executor.py took 0.080 seconds
[2024-03-06T14:05:30.112+0000] {processor.py:161} INFO - Started process (PID=10389) to work on /home/airflow/.local/lib/python3.11/site-packages/airflow/example_dags/example_local_kubernetes_executor.py
[2024-03-06T14:05:30.114+0000] {processor.py:830} INFO - Processing file /home/airflow/.local/lib/python3.11/site-packages/airflow/example_dags/example_local_kubernetes_executor.py for tasks to queue
[2024-03-06T14:05:30.116+0000] {logging_mixin.py:188} INFO - [2024-03-06T14:05:30.116+0000] {dagbag.py:540} INFO - Filling up the DagBag from /home/airflow/.local/lib/python3.11/site-packages/airflow/example_dags/example_local_kubernetes_executor.py
[2024-03-06T14:05:30.125+0000] {processor.py:840} INFO - DAG(s) 'example_local_kubernetes_executor' retrieved from /home/airflow/.local/lib/python3.11/site-packages/airflow/example_dags/example_local_kubernetes_executor.py
[2024-03-06T14:05:30.171+0000] {logging_mixin.py:188} INFO - [2024-03-06T14:05:30.171+0000] {dag.py:3047} INFO - Sync 1 DAGs
[2024-03-06T14:05:30.186+0000] {logging_mixin.py:188} INFO - [2024-03-06T14:05:30.185+0000] {dag.py:3834} INFO - Setting next_dagrun for example_local_kubernetes_executor to None, run_after=None
[2024-03-06T14:05:30.202+0000] {processor.py:183} INFO - Processing /home/airflow/.local/lib/python3.11/site-packages/airflow/example_dags/example_local_kubernetes_executor.py took 0.093 seconds
[2024-03-06T14:06:00.251+0000] {processor.py:161} INFO - Started process (PID=10634) to work on /home/airflow/.local/lib/python3.11/site-packages/airflow/example_dags/example_local_kubernetes_executor.py
[2024-03-06T14:06:00.252+0000] {processor.py:830} INFO - Processing file /home/airflow/.local/lib/python3.11/site-packages/airflow/example_dags/example_local_kubernetes_executor.py for tasks to queue
[2024-03-06T14:06:00.253+0000] {logging_mixin.py:188} INFO - [2024-03-06T14:06:00.253+0000] {dagbag.py:540} INFO - Filling up the DagBag from /home/airflow/.local/lib/python3.11/site-packages/airflow/example_dags/example_local_kubernetes_executor.py
[2024-03-06T14:06:00.263+0000] {processor.py:840} INFO - DAG(s) 'example_local_kubernetes_executor' retrieved from /home/airflow/.local/lib/python3.11/site-packages/airflow/example_dags/example_local_kubernetes_executor.py
[2024-03-06T14:06:00.296+0000] {logging_mixin.py:188} INFO - [2024-03-06T14:06:00.295+0000] {dag.py:3047} INFO - Sync 1 DAGs
[2024-03-06T14:06:00.307+0000] {logging_mixin.py:188} INFO - [2024-03-06T14:06:00.306+0000] {dag.py:3834} INFO - Setting next_dagrun for example_local_kubernetes_executor to None, run_after=None
[2024-03-06T14:06:00.322+0000] {processor.py:183} INFO - Processing /home/airflow/.local/lib/python3.11/site-packages/airflow/example_dags/example_local_kubernetes_executor.py took 0.075 seconds
[2024-03-06T14:06:30.445+0000] {processor.py:161} INFO - Started process (PID=10880) to work on /home/airflow/.local/lib/python3.11/site-packages/airflow/example_dags/example_local_kubernetes_executor.py
[2024-03-06T14:06:30.446+0000] {processor.py:830} INFO - Processing file /home/airflow/.local/lib/python3.11/site-packages/airflow/example_dags/example_local_kubernetes_executor.py for tasks to queue
[2024-03-06T14:06:30.447+0000] {logging_mixin.py:188} INFO - [2024-03-06T14:06:30.447+0000] {dagbag.py:540} INFO - Filling up the DagBag from /home/airflow/.local/lib/python3.11/site-packages/airflow/example_dags/example_local_kubernetes_executor.py
[2024-03-06T14:06:30.458+0000] {processor.py:840} INFO - DAG(s) 'example_local_kubernetes_executor' retrieved from /home/airflow/.local/lib/python3.11/site-packages/airflow/example_dags/example_local_kubernetes_executor.py
[2024-03-06T14:06:30.498+0000] {logging_mixin.py:188} INFO - [2024-03-06T14:06:30.498+0000] {dag.py:3047} INFO - Sync 1 DAGs
[2024-03-06T14:06:30.510+0000] {logging_mixin.py:188} INFO - [2024-03-06T14:06:30.509+0000] {dag.py:3834} INFO - Setting next_dagrun for example_local_kubernetes_executor to None, run_after=None
[2024-03-06T14:06:30.525+0000] {processor.py:183} INFO - Processing /home/airflow/.local/lib/python3.11/site-packages/airflow/example_dags/example_local_kubernetes_executor.py took 0.084 seconds
[2024-03-06T14:07:01.653+0000] {processor.py:161} INFO - Started process (PID=11127) to work on /home/airflow/.local/lib/python3.11/site-packages/airflow/example_dags/example_local_kubernetes_executor.py
[2024-03-06T14:07:01.655+0000] {processor.py:830} INFO - Processing file /home/airflow/.local/lib/python3.11/site-packages/airflow/example_dags/example_local_kubernetes_executor.py for tasks to queue
[2024-03-06T14:07:01.658+0000] {logging_mixin.py:188} INFO - [2024-03-06T14:07:01.657+0000] {dagbag.py:540} INFO - Filling up the DagBag from /home/airflow/.local/lib/python3.11/site-packages/airflow/example_dags/example_local_kubernetes_executor.py
[2024-03-06T14:07:01.672+0000] {processor.py:840} INFO - DAG(s) 'example_local_kubernetes_executor' retrieved from /home/airflow/.local/lib/python3.11/site-packages/airflow/example_dags/example_local_kubernetes_executor.py
[2024-03-06T14:07:01.729+0000] {logging_mixin.py:188} INFO - [2024-03-06T14:07:01.729+0000] {dag.py:3047} INFO - Sync 1 DAGs
[2024-03-06T14:07:01.749+0000] {logging_mixin.py:188} INFO - [2024-03-06T14:07:01.748+0000] {dag.py:3834} INFO - Setting next_dagrun for example_local_kubernetes_executor to None, run_after=None
[2024-03-06T14:07:01.779+0000] {processor.py:183} INFO - Processing /home/airflow/.local/lib/python3.11/site-packages/airflow/example_dags/example_local_kubernetes_executor.py took 0.131 seconds
[2024-03-06T14:07:32.606+0000] {processor.py:161} INFO - Started process (PID=11374) to work on /home/airflow/.local/lib/python3.11/site-packages/airflow/example_dags/example_local_kubernetes_executor.py
[2024-03-06T14:07:32.608+0000] {processor.py:830} INFO - Processing file /home/airflow/.local/lib/python3.11/site-packages/airflow/example_dags/example_local_kubernetes_executor.py for tasks to queue
[2024-03-06T14:07:32.610+0000] {logging_mixin.py:188} INFO - [2024-03-06T14:07:32.608+0000] {dagbag.py:540} INFO - Filling up the DagBag from /home/airflow/.local/lib/python3.11/site-packages/airflow/example_dags/example_local_kubernetes_executor.py
[2024-03-06T14:07:32.622+0000] {processor.py:840} INFO - DAG(s) 'example_local_kubernetes_executor' retrieved from /home/airflow/.local/lib/python3.11/site-packages/airflow/example_dags/example_local_kubernetes_executor.py
[2024-03-06T14:07:32.683+0000] {logging_mixin.py:188} INFO - [2024-03-06T14:07:32.682+0000] {dag.py:3047} INFO - Sync 1 DAGs
[2024-03-06T14:07:32.696+0000] {logging_mixin.py:188} INFO - [2024-03-06T14:07:32.695+0000] {dag.py:3834} INFO - Setting next_dagrun for example_local_kubernetes_executor to None, run_after=None
[2024-03-06T14:07:32.718+0000] {processor.py:183} INFO - Processing /home/airflow/.local/lib/python3.11/site-packages/airflow/example_dags/example_local_kubernetes_executor.py took 0.118 seconds
[2024-03-06T14:08:03.310+0000] {processor.py:161} INFO - Started process (PID=11623) to work on /home/airflow/.local/lib/python3.11/site-packages/airflow/example_dags/example_local_kubernetes_executor.py
[2024-03-06T14:08:03.312+0000] {processor.py:830} INFO - Processing file /home/airflow/.local/lib/python3.11/site-packages/airflow/example_dags/example_local_kubernetes_executor.py for tasks to queue
[2024-03-06T14:08:03.316+0000] {logging_mixin.py:188} INFO - [2024-03-06T14:08:03.315+0000] {dagbag.py:540} INFO - Filling up the DagBag from /home/airflow/.local/lib/python3.11/site-packages/airflow/example_dags/example_local_kubernetes_executor.py
[2024-03-06T14:08:03.334+0000] {processor.py:840} INFO - DAG(s) 'example_local_kubernetes_executor' retrieved from /home/airflow/.local/lib/python3.11/site-packages/airflow/example_dags/example_local_kubernetes_executor.py
[2024-03-06T14:08:03.406+0000] {logging_mixin.py:188} INFO - [2024-03-06T14:08:03.406+0000] {dag.py:3047} INFO - Sync 1 DAGs
[2024-03-06T14:08:03.437+0000] {logging_mixin.py:188} INFO - [2024-03-06T14:08:03.437+0000] {dag.py:3834} INFO - Setting next_dagrun for example_local_kubernetes_executor to None, run_after=None
[2024-03-06T14:08:03.476+0000] {processor.py:183} INFO - Processing /home/airflow/.local/lib/python3.11/site-packages/airflow/example_dags/example_local_kubernetes_executor.py took 0.174 seconds
[2024-03-06T14:08:34.159+0000] {processor.py:161} INFO - Started process (PID=11868) to work on /home/airflow/.local/lib/python3.11/site-packages/airflow/example_dags/example_local_kubernetes_executor.py
[2024-03-06T14:08:34.160+0000] {processor.py:830} INFO - Processing file /home/airflow/.local/lib/python3.11/site-packages/airflow/example_dags/example_local_kubernetes_executor.py for tasks to queue
[2024-03-06T14:08:34.162+0000] {logging_mixin.py:188} INFO - [2024-03-06T14:08:34.161+0000] {dagbag.py:540} INFO - Filling up the DagBag from /home/airflow/.local/lib/python3.11/site-packages/airflow/example_dags/example_local_kubernetes_executor.py
[2024-03-06T14:08:34.171+0000] {processor.py:840} INFO - DAG(s) 'example_local_kubernetes_executor' retrieved from /home/airflow/.local/lib/python3.11/site-packages/airflow/example_dags/example_local_kubernetes_executor.py
[2024-03-06T14:08:34.206+0000] {logging_mixin.py:188} INFO - [2024-03-06T14:08:34.205+0000] {dag.py:3047} INFO - Sync 1 DAGs
[2024-03-06T14:08:34.217+0000] {logging_mixin.py:188} INFO - [2024-03-06T14:08:34.217+0000] {dag.py:3834} INFO - Setting next_dagrun for example_local_kubernetes_executor to None, run_after=None
[2024-03-06T14:08:34.237+0000] {processor.py:183} INFO - Processing /home/airflow/.local/lib/python3.11/site-packages/airflow/example_dags/example_local_kubernetes_executor.py took 0.082 seconds
[2024-03-06T14:09:04.834+0000] {processor.py:161} INFO - Started process (PID=12116) to work on /home/airflow/.local/lib/python3.11/site-packages/airflow/example_dags/example_local_kubernetes_executor.py
[2024-03-06T14:09:04.838+0000] {processor.py:830} INFO - Processing file /home/airflow/.local/lib/python3.11/site-packages/airflow/example_dags/example_local_kubernetes_executor.py for tasks to queue
[2024-03-06T14:09:04.840+0000] {logging_mixin.py:188} INFO - [2024-03-06T14:09:04.839+0000] {dagbag.py:540} INFO - Filling up the DagBag from /home/airflow/.local/lib/python3.11/site-packages/airflow/example_dags/example_local_kubernetes_executor.py
[2024-03-06T14:09:04.851+0000] {processor.py:840} INFO - DAG(s) 'example_local_kubernetes_executor' retrieved from /home/airflow/.local/lib/python3.11/site-packages/airflow/example_dags/example_local_kubernetes_executor.py
[2024-03-06T14:09:04.897+0000] {logging_mixin.py:188} INFO - [2024-03-06T14:09:04.896+0000] {dag.py:3047} INFO - Sync 1 DAGs
[2024-03-06T14:09:04.911+0000] {logging_mixin.py:188} INFO - [2024-03-06T14:09:04.911+0000] {dag.py:3834} INFO - Setting next_dagrun for example_local_kubernetes_executor to None, run_after=None
[2024-03-06T14:09:04.963+0000] {processor.py:183} INFO - Processing /home/airflow/.local/lib/python3.11/site-packages/airflow/example_dags/example_local_kubernetes_executor.py took 0.134 seconds
[2024-03-06T14:09:35.964+0000] {processor.py:161} INFO - Started process (PID=12362) to work on /home/airflow/.local/lib/python3.11/site-packages/airflow/example_dags/example_local_kubernetes_executor.py
[2024-03-06T14:09:35.970+0000] {processor.py:830} INFO - Processing file /home/airflow/.local/lib/python3.11/site-packages/airflow/example_dags/example_local_kubernetes_executor.py for tasks to queue
[2024-03-06T14:09:35.971+0000] {logging_mixin.py:188} INFO - [2024-03-06T14:09:35.971+0000] {dagbag.py:540} INFO - Filling up the DagBag from /home/airflow/.local/lib/python3.11/site-packages/airflow/example_dags/example_local_kubernetes_executor.py
[2024-03-06T14:09:35.980+0000] {processor.py:840} INFO - DAG(s) 'example_local_kubernetes_executor' retrieved from /home/airflow/.local/lib/python3.11/site-packages/airflow/example_dags/example_local_kubernetes_executor.py
[2024-03-06T14:09:36.010+0000] {logging_mixin.py:188} INFO - [2024-03-06T14:09:36.010+0000] {dag.py:3047} INFO - Sync 1 DAGs
[2024-03-06T14:09:36.025+0000] {logging_mixin.py:188} INFO - [2024-03-06T14:09:36.024+0000] {dag.py:3834} INFO - Setting next_dagrun for example_local_kubernetes_executor to None, run_after=None
[2024-03-06T14:09:36.046+0000] {processor.py:183} INFO - Processing /home/airflow/.local/lib/python3.11/site-packages/airflow/example_dags/example_local_kubernetes_executor.py took 0.085 seconds
[2024-03-06T14:10:06.777+0000] {processor.py:161} INFO - Started process (PID=12609) to work on /home/airflow/.local/lib/python3.11/site-packages/airflow/example_dags/example_local_kubernetes_executor.py
[2024-03-06T14:10:06.779+0000] {processor.py:830} INFO - Processing file /home/airflow/.local/lib/python3.11/site-packages/airflow/example_dags/example_local_kubernetes_executor.py for tasks to queue
[2024-03-06T14:10:06.781+0000] {logging_mixin.py:188} INFO - [2024-03-06T14:10:06.780+0000] {dagbag.py:540} INFO - Filling up the DagBag from /home/airflow/.local/lib/python3.11/site-packages/airflow/example_dags/example_local_kubernetes_executor.py
[2024-03-06T14:10:06.790+0000] {processor.py:840} INFO - DAG(s) 'example_local_kubernetes_executor' retrieved from /home/airflow/.local/lib/python3.11/site-packages/airflow/example_dags/example_local_kubernetes_executor.py
[2024-03-06T14:10:06.822+0000] {logging_mixin.py:188} INFO - [2024-03-06T14:10:06.821+0000] {dag.py:3047} INFO - Sync 1 DAGs
[2024-03-06T14:10:06.833+0000] {logging_mixin.py:188} INFO - [2024-03-06T14:10:06.832+0000] {dag.py:3834} INFO - Setting next_dagrun for example_local_kubernetes_executor to None, run_after=None
[2024-03-06T14:10:06.853+0000] {processor.py:183} INFO - Processing /home/airflow/.local/lib/python3.11/site-packages/airflow/example_dags/example_local_kubernetes_executor.py took 0.081 seconds
[2024-03-06T14:10:37.818+0000] {processor.py:161} INFO - Started process (PID=12856) to work on /home/airflow/.local/lib/python3.11/site-packages/airflow/example_dags/example_local_kubernetes_executor.py
[2024-03-06T14:10:37.820+0000] {processor.py:830} INFO - Processing file /home/airflow/.local/lib/python3.11/site-packages/airflow/example_dags/example_local_kubernetes_executor.py for tasks to queue
[2024-03-06T14:10:37.821+0000] {logging_mixin.py:188} INFO - [2024-03-06T14:10:37.821+0000] {dagbag.py:540} INFO - Filling up the DagBag from /home/airflow/.local/lib/python3.11/site-packages/airflow/example_dags/example_local_kubernetes_executor.py
[2024-03-06T14:10:37.830+0000] {processor.py:840} INFO - DAG(s) 'example_local_kubernetes_executor' retrieved from /home/airflow/.local/lib/python3.11/site-packages/airflow/example_dags/example_local_kubernetes_executor.py
[2024-03-06T14:10:37.868+0000] {logging_mixin.py:188} INFO - [2024-03-06T14:10:37.867+0000] {dag.py:3047} INFO - Sync 1 DAGs
[2024-03-06T14:10:37.886+0000] {logging_mixin.py:188} INFO - [2024-03-06T14:10:37.886+0000] {dag.py:3834} INFO - Setting next_dagrun for example_local_kubernetes_executor to None, run_after=None
[2024-03-06T14:10:37.912+0000] {processor.py:183} INFO - Processing /home/airflow/.local/lib/python3.11/site-packages/airflow/example_dags/example_local_kubernetes_executor.py took 0.098 seconds
[2024-03-06T14:11:07.939+0000] {processor.py:161} INFO - Started process (PID=13103) to work on /home/airflow/.local/lib/python3.11/site-packages/airflow/example_dags/example_local_kubernetes_executor.py
[2024-03-06T14:11:07.941+0000] {processor.py:830} INFO - Processing file /home/airflow/.local/lib/python3.11/site-packages/airflow/example_dags/example_local_kubernetes_executor.py for tasks to queue
[2024-03-06T14:11:07.943+0000] {logging_mixin.py:188} INFO - [2024-03-06T14:11:07.942+0000] {dagbag.py:540} INFO - Filling up the DagBag from /home/airflow/.local/lib/python3.11/site-packages/airflow/example_dags/example_local_kubernetes_executor.py
[2024-03-06T14:11:07.950+0000] {processor.py:840} INFO - DAG(s) 'example_local_kubernetes_executor' retrieved from /home/airflow/.local/lib/python3.11/site-packages/airflow/example_dags/example_local_kubernetes_executor.py
[2024-03-06T14:11:07.985+0000] {logging_mixin.py:188} INFO - [2024-03-06T14:11:07.984+0000] {dag.py:3047} INFO - Sync 1 DAGs
[2024-03-06T14:11:07.998+0000] {logging_mixin.py:188} INFO - [2024-03-06T14:11:07.998+0000] {dag.py:3834} INFO - Setting next_dagrun for example_local_kubernetes_executor to None, run_after=None
[2024-03-06T14:11:08.018+0000] {processor.py:183} INFO - Processing /home/airflow/.local/lib/python3.11/site-packages/airflow/example_dags/example_local_kubernetes_executor.py took 0.081 seconds
[2024-03-06T14:11:38.567+0000] {processor.py:161} INFO - Started process (PID=13350) to work on /home/airflow/.local/lib/python3.11/site-packages/airflow/example_dags/example_local_kubernetes_executor.py
[2024-03-06T14:11:38.569+0000] {processor.py:830} INFO - Processing file /home/airflow/.local/lib/python3.11/site-packages/airflow/example_dags/example_local_kubernetes_executor.py for tasks to queue
[2024-03-06T14:11:38.572+0000] {logging_mixin.py:188} INFO - [2024-03-06T14:11:38.572+0000] {dagbag.py:540} INFO - Filling up the DagBag from /home/airflow/.local/lib/python3.11/site-packages/airflow/example_dags/example_local_kubernetes_executor.py
[2024-03-06T14:11:38.583+0000] {processor.py:840} INFO - DAG(s) 'example_local_kubernetes_executor' retrieved from /home/airflow/.local/lib/python3.11/site-packages/airflow/example_dags/example_local_kubernetes_executor.py
[2024-03-06T14:11:38.618+0000] {logging_mixin.py:188} INFO - [2024-03-06T14:11:38.617+0000] {dag.py:3047} INFO - Sync 1 DAGs
[2024-03-06T14:11:38.630+0000] {logging_mixin.py:188} INFO - [2024-03-06T14:11:38.630+0000] {dag.py:3834} INFO - Setting next_dagrun for example_local_kubernetes_executor to None, run_after=None
[2024-03-06T14:11:38.648+0000] {processor.py:183} INFO - Processing /home/airflow/.local/lib/python3.11/site-packages/airflow/example_dags/example_local_kubernetes_executor.py took 0.084 seconds
[2024-03-06T14:12:09.266+0000] {processor.py:161} INFO - Started process (PID=13597) to work on /home/airflow/.local/lib/python3.11/site-packages/airflow/example_dags/example_local_kubernetes_executor.py
[2024-03-06T14:12:09.267+0000] {processor.py:830} INFO - Processing file /home/airflow/.local/lib/python3.11/site-packages/airflow/example_dags/example_local_kubernetes_executor.py for tasks to queue
[2024-03-06T14:12:09.268+0000] {logging_mixin.py:188} INFO - [2024-03-06T14:12:09.267+0000] {dagbag.py:540} INFO - Filling up the DagBag from /home/airflow/.local/lib/python3.11/site-packages/airflow/example_dags/example_local_kubernetes_executor.py
[2024-03-06T14:12:09.277+0000] {processor.py:840} INFO - DAG(s) 'example_local_kubernetes_executor' retrieved from /home/airflow/.local/lib/python3.11/site-packages/airflow/example_dags/example_local_kubernetes_executor.py
[2024-03-06T14:12:09.307+0000] {logging_mixin.py:188} INFO - [2024-03-06T14:12:09.307+0000] {dag.py:3047} INFO - Sync 1 DAGs
[2024-03-06T14:12:09.318+0000] {logging_mixin.py:188} INFO - [2024-03-06T14:12:09.318+0000] {dag.py:3834} INFO - Setting next_dagrun for example_local_kubernetes_executor to None, run_after=None
[2024-03-06T14:12:09.340+0000] {processor.py:183} INFO - Processing /home/airflow/.local/lib/python3.11/site-packages/airflow/example_dags/example_local_kubernetes_executor.py took 0.078 seconds
[2024-03-06T14:12:39.794+0000] {processor.py:161} INFO - Started process (PID=13844) to work on /home/airflow/.local/lib/python3.11/site-packages/airflow/example_dags/example_local_kubernetes_executor.py
[2024-03-06T14:12:39.796+0000] {processor.py:830} INFO - Processing file /home/airflow/.local/lib/python3.11/site-packages/airflow/example_dags/example_local_kubernetes_executor.py for tasks to queue
[2024-03-06T14:12:39.798+0000] {logging_mixin.py:188} INFO - [2024-03-06T14:12:39.798+0000] {dagbag.py:540} INFO - Filling up the DagBag from /home/airflow/.local/lib/python3.11/site-packages/airflow/example_dags/example_local_kubernetes_executor.py
[2024-03-06T14:12:39.810+0000] {processor.py:840} INFO - DAG(s) 'example_local_kubernetes_executor' retrieved from /home/airflow/.local/lib/python3.11/site-packages/airflow/example_dags/example_local_kubernetes_executor.py
[2024-03-06T14:12:39.859+0000] {logging_mixin.py:188} INFO - [2024-03-06T14:12:39.858+0000] {dag.py:3047} INFO - Sync 1 DAGs
[2024-03-06T14:12:39.875+0000] {logging_mixin.py:188} INFO - [2024-03-06T14:12:39.874+0000] {dag.py:3834} INFO - Setting next_dagrun for example_local_kubernetes_executor to None, run_after=None
[2024-03-06T14:12:39.898+0000] {processor.py:183} INFO - Processing /home/airflow/.local/lib/python3.11/site-packages/airflow/example_dags/example_local_kubernetes_executor.py took 0.108 seconds
[2024-03-06T14:13:10.669+0000] {processor.py:161} INFO - Started process (PID=14091) to work on /home/airflow/.local/lib/python3.11/site-packages/airflow/example_dags/example_local_kubernetes_executor.py
[2024-03-06T14:13:10.671+0000] {processor.py:830} INFO - Processing file /home/airflow/.local/lib/python3.11/site-packages/airflow/example_dags/example_local_kubernetes_executor.py for tasks to queue
[2024-03-06T14:13:10.673+0000] {logging_mixin.py:188} INFO - [2024-03-06T14:13:10.673+0000] {dagbag.py:540} INFO - Filling up the DagBag from /home/airflow/.local/lib/python3.11/site-packages/airflow/example_dags/example_local_kubernetes_executor.py
[2024-03-06T14:13:10.682+0000] {processor.py:840} INFO - DAG(s) 'example_local_kubernetes_executor' retrieved from /home/airflow/.local/lib/python3.11/site-packages/airflow/example_dags/example_local_kubernetes_executor.py
[2024-03-06T14:13:10.718+0000] {logging_mixin.py:188} INFO - [2024-03-06T14:13:10.717+0000] {dag.py:3047} INFO - Sync 1 DAGs
[2024-03-06T14:13:10.731+0000] {logging_mixin.py:188} INFO - [2024-03-06T14:13:10.731+0000] {dag.py:3834} INFO - Setting next_dagrun for example_local_kubernetes_executor to None, run_after=None
[2024-03-06T14:13:10.753+0000] {processor.py:183} INFO - Processing /home/airflow/.local/lib/python3.11/site-packages/airflow/example_dags/example_local_kubernetes_executor.py took 0.087 seconds
[2024-03-06T14:13:41.242+0000] {processor.py:161} INFO - Started process (PID=14338) to work on /home/airflow/.local/lib/python3.11/site-packages/airflow/example_dags/example_local_kubernetes_executor.py
[2024-03-06T14:13:41.248+0000] {processor.py:830} INFO - Processing file /home/airflow/.local/lib/python3.11/site-packages/airflow/example_dags/example_local_kubernetes_executor.py for tasks to queue
[2024-03-06T14:13:41.251+0000] {logging_mixin.py:188} INFO - [2024-03-06T14:13:41.250+0000] {dagbag.py:540} INFO - Filling up the DagBag from /home/airflow/.local/lib/python3.11/site-packages/airflow/example_dags/example_local_kubernetes_executor.py
[2024-03-06T14:13:41.265+0000] {processor.py:840} INFO - DAG(s) 'example_local_kubernetes_executor' retrieved from /home/airflow/.local/lib/python3.11/site-packages/airflow/example_dags/example_local_kubernetes_executor.py
[2024-03-06T14:13:41.310+0000] {logging_mixin.py:188} INFO - [2024-03-06T14:13:41.310+0000] {dag.py:3047} INFO - Sync 1 DAGs
[2024-03-06T14:13:41.322+0000] {logging_mixin.py:188} INFO - [2024-03-06T14:13:41.322+0000] {dag.py:3834} INFO - Setting next_dagrun for example_local_kubernetes_executor to None, run_after=None
[2024-03-06T14:13:41.343+0000] {processor.py:183} INFO - Processing /home/airflow/.local/lib/python3.11/site-packages/airflow/example_dags/example_local_kubernetes_executor.py took 0.105 seconds
[2024-03-06T14:14:12.171+0000] {processor.py:161} INFO - Started process (PID=14585) to work on /home/airflow/.local/lib/python3.11/site-packages/airflow/example_dags/example_local_kubernetes_executor.py
[2024-03-06T14:14:12.172+0000] {processor.py:830} INFO - Processing file /home/airflow/.local/lib/python3.11/site-packages/airflow/example_dags/example_local_kubernetes_executor.py for tasks to queue
[2024-03-06T14:14:12.173+0000] {logging_mixin.py:188} INFO - [2024-03-06T14:14:12.173+0000] {dagbag.py:540} INFO - Filling up the DagBag from /home/airflow/.local/lib/python3.11/site-packages/airflow/example_dags/example_local_kubernetes_executor.py
[2024-03-06T14:14:12.183+0000] {processor.py:840} INFO - DAG(s) 'example_local_kubernetes_executor' retrieved from /home/airflow/.local/lib/python3.11/site-packages/airflow/example_dags/example_local_kubernetes_executor.py
[2024-03-06T14:14:12.214+0000] {logging_mixin.py:188} INFO - [2024-03-06T14:14:12.213+0000] {dag.py:3047} INFO - Sync 1 DAGs
[2024-03-06T14:14:12.226+0000] {logging_mixin.py:188} INFO - [2024-03-06T14:14:12.226+0000] {dag.py:3834} INFO - Setting next_dagrun for example_local_kubernetes_executor to None, run_after=None
[2024-03-06T14:14:12.243+0000] {processor.py:183} INFO - Processing /home/airflow/.local/lib/python3.11/site-packages/airflow/example_dags/example_local_kubernetes_executor.py took 0.076 seconds
[2024-03-06T14:14:42.397+0000] {processor.py:161} INFO - Started process (PID=14832) to work on /home/airflow/.local/lib/python3.11/site-packages/airflow/example_dags/example_local_kubernetes_executor.py
[2024-03-06T14:14:42.399+0000] {processor.py:830} INFO - Processing file /home/airflow/.local/lib/python3.11/site-packages/airflow/example_dags/example_local_kubernetes_executor.py for tasks to queue
[2024-03-06T14:14:42.400+0000] {logging_mixin.py:188} INFO - [2024-03-06T14:14:42.399+0000] {dagbag.py:540} INFO - Filling up the DagBag from /home/airflow/.local/lib/python3.11/site-packages/airflow/example_dags/example_local_kubernetes_executor.py
[2024-03-06T14:14:42.408+0000] {processor.py:840} INFO - DAG(s) 'example_local_kubernetes_executor' retrieved from /home/airflow/.local/lib/python3.11/site-packages/airflow/example_dags/example_local_kubernetes_executor.py
[2024-03-06T14:14:42.443+0000] {logging_mixin.py:188} INFO - [2024-03-06T14:14:42.443+0000] {dag.py:3047} INFO - Sync 1 DAGs
[2024-03-06T14:14:42.454+0000] {logging_mixin.py:188} INFO - [2024-03-06T14:14:42.454+0000] {dag.py:3834} INFO - Setting next_dagrun for example_local_kubernetes_executor to None, run_after=None
[2024-03-06T14:14:42.470+0000] {processor.py:183} INFO - Processing /home/airflow/.local/lib/python3.11/site-packages/airflow/example_dags/example_local_kubernetes_executor.py took 0.076 seconds
[2024-03-06T14:15:12.500+0000] {processor.py:161} INFO - Started process (PID=15079) to work on /home/airflow/.local/lib/python3.11/site-packages/airflow/example_dags/example_local_kubernetes_executor.py
[2024-03-06T14:15:12.504+0000] {processor.py:830} INFO - Processing file /home/airflow/.local/lib/python3.11/site-packages/airflow/example_dags/example_local_kubernetes_executor.py for tasks to queue
[2024-03-06T14:15:12.510+0000] {logging_mixin.py:188} INFO - [2024-03-06T14:15:12.509+0000] {dagbag.py:540} INFO - Filling up the DagBag from /home/airflow/.local/lib/python3.11/site-packages/airflow/example_dags/example_local_kubernetes_executor.py
[2024-03-06T14:15:12.528+0000] {processor.py:840} INFO - DAG(s) 'example_local_kubernetes_executor' retrieved from /home/airflow/.local/lib/python3.11/site-packages/airflow/example_dags/example_local_kubernetes_executor.py
[2024-03-06T14:15:12.571+0000] {logging_mixin.py:188} INFO - [2024-03-06T14:15:12.570+0000] {dag.py:3047} INFO - Sync 1 DAGs
[2024-03-06T14:15:12.582+0000] {logging_mixin.py:188} INFO - [2024-03-06T14:15:12.582+0000] {dag.py:3834} INFO - Setting next_dagrun for example_local_kubernetes_executor to None, run_after=None
[2024-03-06T14:15:12.607+0000] {processor.py:183} INFO - Processing /home/airflow/.local/lib/python3.11/site-packages/airflow/example_dags/example_local_kubernetes_executor.py took 0.112 seconds
[2024-03-06T14:15:43.582+0000] {processor.py:161} INFO - Started process (PID=15326) to work on /home/airflow/.local/lib/python3.11/site-packages/airflow/example_dags/example_local_kubernetes_executor.py
[2024-03-06T14:15:43.585+0000] {processor.py:830} INFO - Processing file /home/airflow/.local/lib/python3.11/site-packages/airflow/example_dags/example_local_kubernetes_executor.py for tasks to queue
[2024-03-06T14:15:43.586+0000] {logging_mixin.py:188} INFO - [2024-03-06T14:15:43.586+0000] {dagbag.py:540} INFO - Filling up the DagBag from /home/airflow/.local/lib/python3.11/site-packages/airflow/example_dags/example_local_kubernetes_executor.py
[2024-03-06T14:15:43.594+0000] {processor.py:840} INFO - DAG(s) 'example_local_kubernetes_executor' retrieved from /home/airflow/.local/lib/python3.11/site-packages/airflow/example_dags/example_local_kubernetes_executor.py
[2024-03-06T14:15:43.630+0000] {logging_mixin.py:188} INFO - [2024-03-06T14:15:43.630+0000] {dag.py:3047} INFO - Sync 1 DAGs
[2024-03-06T14:15:43.644+0000] {logging_mixin.py:188} INFO - [2024-03-06T14:15:43.643+0000] {dag.py:3834} INFO - Setting next_dagrun for example_local_kubernetes_executor to None, run_after=None
[2024-03-06T14:15:43.669+0000] {processor.py:183} INFO - Processing /home/airflow/.local/lib/python3.11/site-packages/airflow/example_dags/example_local_kubernetes_executor.py took 0.092 seconds
[2024-03-06T14:16:13.878+0000] {processor.py:161} INFO - Started process (PID=15573) to work on /home/airflow/.local/lib/python3.11/site-packages/airflow/example_dags/example_local_kubernetes_executor.py
[2024-03-06T14:16:13.884+0000] {processor.py:830} INFO - Processing file /home/airflow/.local/lib/python3.11/site-packages/airflow/example_dags/example_local_kubernetes_executor.py for tasks to queue
[2024-03-06T14:16:13.886+0000] {logging_mixin.py:188} INFO - [2024-03-06T14:16:13.885+0000] {dagbag.py:540} INFO - Filling up the DagBag from /home/airflow/.local/lib/python3.11/site-packages/airflow/example_dags/example_local_kubernetes_executor.py
[2024-03-06T14:16:13.894+0000] {processor.py:840} INFO - DAG(s) 'example_local_kubernetes_executor' retrieved from /home/airflow/.local/lib/python3.11/site-packages/airflow/example_dags/example_local_kubernetes_executor.py
[2024-03-06T14:16:13.931+0000] {logging_mixin.py:188} INFO - [2024-03-06T14:16:13.930+0000] {dag.py:3047} INFO - Sync 1 DAGs
[2024-03-06T14:16:13.941+0000] {logging_mixin.py:188} INFO - [2024-03-06T14:16:13.941+0000] {dag.py:3834} INFO - Setting next_dagrun for example_local_kubernetes_executor to None, run_after=None
[2024-03-06T14:16:13.959+0000] {processor.py:183} INFO - Processing /home/airflow/.local/lib/python3.11/site-packages/airflow/example_dags/example_local_kubernetes_executor.py took 0.085 seconds
[2024-03-06T14:16:44.676+0000] {processor.py:161} INFO - Started process (PID=15820) to work on /home/airflow/.local/lib/python3.11/site-packages/airflow/example_dags/example_local_kubernetes_executor.py
[2024-03-06T14:16:44.677+0000] {processor.py:830} INFO - Processing file /home/airflow/.local/lib/python3.11/site-packages/airflow/example_dags/example_local_kubernetes_executor.py for tasks to queue
[2024-03-06T14:16:44.678+0000] {logging_mixin.py:188} INFO - [2024-03-06T14:16:44.677+0000] {dagbag.py:540} INFO - Filling up the DagBag from /home/airflow/.local/lib/python3.11/site-packages/airflow/example_dags/example_local_kubernetes_executor.py
[2024-03-06T14:16:44.686+0000] {processor.py:840} INFO - DAG(s) 'example_local_kubernetes_executor' retrieved from /home/airflow/.local/lib/python3.11/site-packages/airflow/example_dags/example_local_kubernetes_executor.py
[2024-03-06T14:16:44.719+0000] {logging_mixin.py:188} INFO - [2024-03-06T14:16:44.718+0000] {dag.py:3047} INFO - Sync 1 DAGs
[2024-03-06T14:16:44.735+0000] {logging_mixin.py:188} INFO - [2024-03-06T14:16:44.734+0000] {dag.py:3834} INFO - Setting next_dagrun for example_local_kubernetes_executor to None, run_after=None
[2024-03-06T14:16:44.751+0000] {processor.py:183} INFO - Processing /home/airflow/.local/lib/python3.11/site-packages/airflow/example_dags/example_local_kubernetes_executor.py took 0.078 seconds
[2024-03-06T14:17:15.034+0000] {processor.py:161} INFO - Started process (PID=16067) to work on /home/airflow/.local/lib/python3.11/site-packages/airflow/example_dags/example_local_kubernetes_executor.py
[2024-03-06T14:17:15.040+0000] {processor.py:830} INFO - Processing file /home/airflow/.local/lib/python3.11/site-packages/airflow/example_dags/example_local_kubernetes_executor.py for tasks to queue
[2024-03-06T14:17:15.042+0000] {logging_mixin.py:188} INFO - [2024-03-06T14:17:15.042+0000] {dagbag.py:540} INFO - Filling up the DagBag from /home/airflow/.local/lib/python3.11/site-packages/airflow/example_dags/example_local_kubernetes_executor.py
[2024-03-06T14:17:15.052+0000] {processor.py:840} INFO - DAG(s) 'example_local_kubernetes_executor' retrieved from /home/airflow/.local/lib/python3.11/site-packages/airflow/example_dags/example_local_kubernetes_executor.py
[2024-03-06T14:17:15.084+0000] {logging_mixin.py:188} INFO - [2024-03-06T14:17:15.084+0000] {dag.py:3047} INFO - Sync 1 DAGs
[2024-03-06T14:17:15.100+0000] {logging_mixin.py:188} INFO - [2024-03-06T14:17:15.100+0000] {dag.py:3834} INFO - Setting next_dagrun for example_local_kubernetes_executor to None, run_after=None
[2024-03-06T14:17:15.139+0000] {processor.py:183} INFO - Processing /home/airflow/.local/lib/python3.11/site-packages/airflow/example_dags/example_local_kubernetes_executor.py took 0.109 seconds
[2024-03-06T14:17:45.632+0000] {processor.py:161} INFO - Started process (PID=16314) to work on /home/airflow/.local/lib/python3.11/site-packages/airflow/example_dags/example_local_kubernetes_executor.py
[2024-03-06T14:17:45.635+0000] {processor.py:830} INFO - Processing file /home/airflow/.local/lib/python3.11/site-packages/airflow/example_dags/example_local_kubernetes_executor.py for tasks to queue
[2024-03-06T14:17:45.637+0000] {logging_mixin.py:188} INFO - [2024-03-06T14:17:45.636+0000] {dagbag.py:540} INFO - Filling up the DagBag from /home/airflow/.local/lib/python3.11/site-packages/airflow/example_dags/example_local_kubernetes_executor.py
[2024-03-06T14:17:45.647+0000] {processor.py:840} INFO - DAG(s) 'example_local_kubernetes_executor' retrieved from /home/airflow/.local/lib/python3.11/site-packages/airflow/example_dags/example_local_kubernetes_executor.py
[2024-03-06T14:17:45.696+0000] {logging_mixin.py:188} INFO - [2024-03-06T14:17:45.695+0000] {dag.py:3047} INFO - Sync 1 DAGs
[2024-03-06T14:17:45.736+0000] {logging_mixin.py:188} INFO - [2024-03-06T14:17:45.735+0000] {dag.py:3834} INFO - Setting next_dagrun for example_local_kubernetes_executor to None, run_after=None
[2024-03-06T14:17:45.791+0000] {processor.py:183} INFO - Processing /home/airflow/.local/lib/python3.11/site-packages/airflow/example_dags/example_local_kubernetes_executor.py took 0.163 seconds
[2024-03-06T14:18:16.342+0000] {processor.py:161} INFO - Started process (PID=16561) to work on /home/airflow/.local/lib/python3.11/site-packages/airflow/example_dags/example_local_kubernetes_executor.py
[2024-03-06T14:18:16.345+0000] {processor.py:830} INFO - Processing file /home/airflow/.local/lib/python3.11/site-packages/airflow/example_dags/example_local_kubernetes_executor.py for tasks to queue
[2024-03-06T14:18:16.348+0000] {logging_mixin.py:188} INFO - [2024-03-06T14:18:16.347+0000] {dagbag.py:540} INFO - Filling up the DagBag from /home/airflow/.local/lib/python3.11/site-packages/airflow/example_dags/example_local_kubernetes_executor.py
[2024-03-06T14:18:16.366+0000] {processor.py:840} INFO - DAG(s) 'example_local_kubernetes_executor' retrieved from /home/airflow/.local/lib/python3.11/site-packages/airflow/example_dags/example_local_kubernetes_executor.py
[2024-03-06T14:18:16.449+0000] {logging_mixin.py:188} INFO - [2024-03-06T14:18:16.448+0000] {dag.py:3047} INFO - Sync 1 DAGs
[2024-03-06T14:18:16.478+0000] {logging_mixin.py:188} INFO - [2024-03-06T14:18:16.478+0000] {dag.py:3834} INFO - Setting next_dagrun for example_local_kubernetes_executor to None, run_after=None
[2024-03-06T14:18:16.536+0000] {processor.py:183} INFO - Processing /home/airflow/.local/lib/python3.11/site-packages/airflow/example_dags/example_local_kubernetes_executor.py took 0.198 seconds
[2024-03-06T14:18:46.735+0000] {processor.py:161} INFO - Started process (PID=16805) to work on /home/airflow/.local/lib/python3.11/site-packages/airflow/example_dags/example_local_kubernetes_executor.py
[2024-03-06T14:18:46.737+0000] {processor.py:830} INFO - Processing file /home/airflow/.local/lib/python3.11/site-packages/airflow/example_dags/example_local_kubernetes_executor.py for tasks to queue
[2024-03-06T14:18:46.740+0000] {logging_mixin.py:188} INFO - [2024-03-06T14:18:46.739+0000] {dagbag.py:540} INFO - Filling up the DagBag from /home/airflow/.local/lib/python3.11/site-packages/airflow/example_dags/example_local_kubernetes_executor.py
[2024-03-06T14:18:46.759+0000] {processor.py:840} INFO - DAG(s) 'example_local_kubernetes_executor' retrieved from /home/airflow/.local/lib/python3.11/site-packages/airflow/example_dags/example_local_kubernetes_executor.py
[2024-03-06T14:18:46.889+0000] {logging_mixin.py:188} INFO - [2024-03-06T14:18:46.889+0000] {dag.py:3047} INFO - Sync 1 DAGs
[2024-03-06T14:18:46.927+0000] {logging_mixin.py:188} INFO - [2024-03-06T14:18:46.927+0000] {dag.py:3834} INFO - Setting next_dagrun for example_local_kubernetes_executor to None, run_after=None
[2024-03-06T14:18:47.026+0000] {processor.py:183} INFO - Processing /home/airflow/.local/lib/python3.11/site-packages/airflow/example_dags/example_local_kubernetes_executor.py took 0.297 seconds
