[2024-03-06T13:44:38.210+0000] {processor.py:161} INFO - Started process (PID=294) to work on /home/airflow/.local/lib/python3.11/site-packages/airflow/example_dags/example_setup_teardown.py
[2024-03-06T13:44:38.211+0000] {processor.py:830} INFO - Processing file /home/airflow/.local/lib/python3.11/site-packages/airflow/example_dags/example_setup_teardown.py for tasks to queue
[2024-03-06T13:44:38.213+0000] {logging_mixin.py:188} INFO - [2024-03-06T13:44:38.212+0000] {dagbag.py:540} INFO - Filling up the DagBag from /home/airflow/.local/lib/python3.11/site-packages/airflow/example_dags/example_setup_teardown.py
[2024-03-06T13:44:38.226+0000] {processor.py:840} INFO - DAG(s) 'example_setup_teardown' retrieved from /home/airflow/.local/lib/python3.11/site-packages/airflow/example_dags/example_setup_teardown.py
[2024-03-06T13:44:38.258+0000] {logging_mixin.py:188} INFO - [2024-03-06T13:44:38.257+0000] {dag.py:3047} INFO - Sync 1 DAGs
[2024-03-06T13:44:38.506+0000] {logging_mixin.py:188} INFO - [2024-03-06T13:44:38.506+0000] {dag.py:3834} INFO - Setting next_dagrun for example_setup_teardown to 2024-03-05 00:00:00+00:00, run_after=2024-03-06 00:00:00+00:00
[2024-03-06T13:44:38.581+0000] {processor.py:183} INFO - Processing /home/airflow/.local/lib/python3.11/site-packages/airflow/example_dags/example_setup_teardown.py took 0.375 seconds
[2024-03-06T13:45:09.062+0000] {processor.py:161} INFO - Started process (PID=542) to work on /home/airflow/.local/lib/python3.11/site-packages/airflow/example_dags/example_setup_teardown.py
[2024-03-06T13:45:09.063+0000] {processor.py:830} INFO - Processing file /home/airflow/.local/lib/python3.11/site-packages/airflow/example_dags/example_setup_teardown.py for tasks to queue
[2024-03-06T13:45:09.064+0000] {logging_mixin.py:188} INFO - [2024-03-06T13:45:09.064+0000] {dagbag.py:540} INFO - Filling up the DagBag from /home/airflow/.local/lib/python3.11/site-packages/airflow/example_dags/example_setup_teardown.py
[2024-03-06T13:45:09.071+0000] {processor.py:840} INFO - DAG(s) 'example_setup_teardown' retrieved from /home/airflow/.local/lib/python3.11/site-packages/airflow/example_dags/example_setup_teardown.py
[2024-03-06T13:45:09.088+0000] {logging_mixin.py:188} INFO - [2024-03-06T13:45:09.088+0000] {dag.py:3047} INFO - Sync 1 DAGs
[2024-03-06T13:45:09.106+0000] {logging_mixin.py:188} INFO - [2024-03-06T13:45:09.106+0000] {dag.py:3834} INFO - Setting next_dagrun for example_setup_teardown to 2024-03-05 00:00:00+00:00, run_after=2024-03-06 00:00:00+00:00
[2024-03-06T13:45:09.120+0000] {processor.py:183} INFO - Processing /home/airflow/.local/lib/python3.11/site-packages/airflow/example_dags/example_setup_teardown.py took 0.061 seconds
[2024-03-06T13:45:39.592+0000] {processor.py:161} INFO - Started process (PID=786) to work on /home/airflow/.local/lib/python3.11/site-packages/airflow/example_dags/example_setup_teardown.py
[2024-03-06T13:45:39.593+0000] {processor.py:830} INFO - Processing file /home/airflow/.local/lib/python3.11/site-packages/airflow/example_dags/example_setup_teardown.py for tasks to queue
[2024-03-06T13:45:39.596+0000] {logging_mixin.py:188} INFO - [2024-03-06T13:45:39.595+0000] {dagbag.py:540} INFO - Filling up the DagBag from /home/airflow/.local/lib/python3.11/site-packages/airflow/example_dags/example_setup_teardown.py
[2024-03-06T13:45:39.605+0000] {processor.py:840} INFO - DAG(s) 'example_setup_teardown' retrieved from /home/airflow/.local/lib/python3.11/site-packages/airflow/example_dags/example_setup_teardown.py
[2024-03-06T13:45:39.627+0000] {logging_mixin.py:188} INFO - [2024-03-06T13:45:39.626+0000] {dag.py:3047} INFO - Sync 1 DAGs
[2024-03-06T13:45:39.652+0000] {logging_mixin.py:188} INFO - [2024-03-06T13:45:39.652+0000] {dag.py:3834} INFO - Setting next_dagrun for example_setup_teardown to 2024-03-05 00:00:00+00:00, run_after=2024-03-06 00:00:00+00:00
[2024-03-06T13:45:39.672+0000] {processor.py:183} INFO - Processing /home/airflow/.local/lib/python3.11/site-packages/airflow/example_dags/example_setup_teardown.py took 0.084 seconds
[2024-03-06T13:46:10.499+0000] {processor.py:161} INFO - Started process (PID=1035) to work on /home/airflow/.local/lib/python3.11/site-packages/airflow/example_dags/example_setup_teardown.py
[2024-03-06T13:46:10.501+0000] {processor.py:830} INFO - Processing file /home/airflow/.local/lib/python3.11/site-packages/airflow/example_dags/example_setup_teardown.py for tasks to queue
[2024-03-06T13:46:10.503+0000] {logging_mixin.py:188} INFO - [2024-03-06T13:46:10.502+0000] {dagbag.py:540} INFO - Filling up the DagBag from /home/airflow/.local/lib/python3.11/site-packages/airflow/example_dags/example_setup_teardown.py
[2024-03-06T13:46:10.513+0000] {processor.py:840} INFO - DAG(s) 'example_setup_teardown' retrieved from /home/airflow/.local/lib/python3.11/site-packages/airflow/example_dags/example_setup_teardown.py
[2024-03-06T13:46:10.539+0000] {logging_mixin.py:188} INFO - [2024-03-06T13:46:10.538+0000] {dag.py:3047} INFO - Sync 1 DAGs
[2024-03-06T13:46:10.571+0000] {logging_mixin.py:188} INFO - [2024-03-06T13:46:10.570+0000] {dag.py:3834} INFO - Setting next_dagrun for example_setup_teardown to 2024-03-05 00:00:00+00:00, run_after=2024-03-06 00:00:00+00:00
[2024-03-06T13:46:10.589+0000] {processor.py:183} INFO - Processing /home/airflow/.local/lib/python3.11/site-packages/airflow/example_dags/example_setup_teardown.py took 0.093 seconds
[2024-03-06T13:46:40.995+0000] {processor.py:161} INFO - Started process (PID=1282) to work on /home/airflow/.local/lib/python3.11/site-packages/airflow/example_dags/example_setup_teardown.py
[2024-03-06T13:46:40.997+0000] {processor.py:830} INFO - Processing file /home/airflow/.local/lib/python3.11/site-packages/airflow/example_dags/example_setup_teardown.py for tasks to queue
[2024-03-06T13:46:40.998+0000] {logging_mixin.py:188} INFO - [2024-03-06T13:46:40.997+0000] {dagbag.py:540} INFO - Filling up the DagBag from /home/airflow/.local/lib/python3.11/site-packages/airflow/example_dags/example_setup_teardown.py
[2024-03-06T13:46:41.010+0000] {processor.py:840} INFO - DAG(s) 'example_setup_teardown' retrieved from /home/airflow/.local/lib/python3.11/site-packages/airflow/example_dags/example_setup_teardown.py
[2024-03-06T13:46:41.036+0000] {logging_mixin.py:188} INFO - [2024-03-06T13:46:41.036+0000] {dag.py:3047} INFO - Sync 1 DAGs
[2024-03-06T13:46:41.075+0000] {logging_mixin.py:188} INFO - [2024-03-06T13:46:41.074+0000] {dag.py:3834} INFO - Setting next_dagrun for example_setup_teardown to 2024-03-05 00:00:00+00:00, run_after=2024-03-06 00:00:00+00:00
[2024-03-06T13:46:41.122+0000] {processor.py:183} INFO - Processing /home/airflow/.local/lib/python3.11/site-packages/airflow/example_dags/example_setup_teardown.py took 0.130 seconds
[2024-03-06T13:47:11.983+0000] {processor.py:161} INFO - Started process (PID=1527) to work on /home/airflow/.local/lib/python3.11/site-packages/airflow/example_dags/example_setup_teardown.py
[2024-03-06T13:47:11.985+0000] {processor.py:830} INFO - Processing file /home/airflow/.local/lib/python3.11/site-packages/airflow/example_dags/example_setup_teardown.py for tasks to queue
[2024-03-06T13:47:11.987+0000] {logging_mixin.py:188} INFO - [2024-03-06T13:47:11.987+0000] {dagbag.py:540} INFO - Filling up the DagBag from /home/airflow/.local/lib/python3.11/site-packages/airflow/example_dags/example_setup_teardown.py
[2024-03-06T13:47:12.006+0000] {processor.py:840} INFO - DAG(s) 'example_setup_teardown' retrieved from /home/airflow/.local/lib/python3.11/site-packages/airflow/example_dags/example_setup_teardown.py
[2024-03-06T13:47:12.039+0000] {logging_mixin.py:188} INFO - [2024-03-06T13:47:12.038+0000] {dag.py:3047} INFO - Sync 1 DAGs
[2024-03-06T13:47:12.072+0000] {logging_mixin.py:188} INFO - [2024-03-06T13:47:12.072+0000] {dag.py:3834} INFO - Setting next_dagrun for example_setup_teardown to 2024-03-05 00:00:00+00:00, run_after=2024-03-06 00:00:00+00:00
[2024-03-06T13:47:12.102+0000] {processor.py:183} INFO - Processing /home/airflow/.local/lib/python3.11/site-packages/airflow/example_dags/example_setup_teardown.py took 0.125 seconds
[2024-03-06T13:47:42.789+0000] {processor.py:161} INFO - Started process (PID=1773) to work on /home/airflow/.local/lib/python3.11/site-packages/airflow/example_dags/example_setup_teardown.py
[2024-03-06T13:47:42.793+0000] {processor.py:830} INFO - Processing file /home/airflow/.local/lib/python3.11/site-packages/airflow/example_dags/example_setup_teardown.py for tasks to queue
[2024-03-06T13:47:42.797+0000] {logging_mixin.py:188} INFO - [2024-03-06T13:47:42.795+0000] {dagbag.py:540} INFO - Filling up the DagBag from /home/airflow/.local/lib/python3.11/site-packages/airflow/example_dags/example_setup_teardown.py
[2024-03-06T13:47:42.833+0000] {processor.py:840} INFO - DAG(s) 'example_setup_teardown' retrieved from /home/airflow/.local/lib/python3.11/site-packages/airflow/example_dags/example_setup_teardown.py
[2024-03-06T13:47:42.904+0000] {logging_mixin.py:188} INFO - [2024-03-06T13:47:42.901+0000] {dag.py:3047} INFO - Sync 1 DAGs
[2024-03-06T13:47:42.957+0000] {logging_mixin.py:188} INFO - [2024-03-06T13:47:42.956+0000] {dag.py:3834} INFO - Setting next_dagrun for example_setup_teardown to 2024-03-05 00:00:00+00:00, run_after=2024-03-06 00:00:00+00:00
[2024-03-06T13:47:43.033+0000] {processor.py:183} INFO - Processing /home/airflow/.local/lib/python3.11/site-packages/airflow/example_dags/example_setup_teardown.py took 0.254 seconds
[2024-03-06T13:48:13.437+0000] {processor.py:161} INFO - Started process (PID=2023) to work on /home/airflow/.local/lib/python3.11/site-packages/airflow/example_dags/example_setup_teardown.py
[2024-03-06T13:48:13.438+0000] {processor.py:830} INFO - Processing file /home/airflow/.local/lib/python3.11/site-packages/airflow/example_dags/example_setup_teardown.py for tasks to queue
[2024-03-06T13:48:13.440+0000] {logging_mixin.py:188} INFO - [2024-03-06T13:48:13.440+0000] {dagbag.py:540} INFO - Filling up the DagBag from /home/airflow/.local/lib/python3.11/site-packages/airflow/example_dags/example_setup_teardown.py
[2024-03-06T13:48:13.451+0000] {processor.py:840} INFO - DAG(s) 'example_setup_teardown' retrieved from /home/airflow/.local/lib/python3.11/site-packages/airflow/example_dags/example_setup_teardown.py
[2024-03-06T13:48:13.476+0000] {logging_mixin.py:188} INFO - [2024-03-06T13:48:13.475+0000] {dag.py:3047} INFO - Sync 1 DAGs
[2024-03-06T13:48:13.507+0000] {logging_mixin.py:188} INFO - [2024-03-06T13:48:13.507+0000] {dag.py:3834} INFO - Setting next_dagrun for example_setup_teardown to 2024-03-05 00:00:00+00:00, run_after=2024-03-06 00:00:00+00:00
[2024-03-06T13:48:13.525+0000] {processor.py:183} INFO - Processing /home/airflow/.local/lib/python3.11/site-packages/airflow/example_dags/example_setup_teardown.py took 0.093 seconds
[2024-03-06T13:48:44.120+0000] {processor.py:161} INFO - Started process (PID=2267) to work on /home/airflow/.local/lib/python3.11/site-packages/airflow/example_dags/example_setup_teardown.py
[2024-03-06T13:48:44.122+0000] {processor.py:830} INFO - Processing file /home/airflow/.local/lib/python3.11/site-packages/airflow/example_dags/example_setup_teardown.py for tasks to queue
[2024-03-06T13:48:44.124+0000] {logging_mixin.py:188} INFO - [2024-03-06T13:48:44.123+0000] {dagbag.py:540} INFO - Filling up the DagBag from /home/airflow/.local/lib/python3.11/site-packages/airflow/example_dags/example_setup_teardown.py
[2024-03-06T13:48:44.135+0000] {processor.py:840} INFO - DAG(s) 'example_setup_teardown' retrieved from /home/airflow/.local/lib/python3.11/site-packages/airflow/example_dags/example_setup_teardown.py
[2024-03-06T13:48:44.162+0000] {logging_mixin.py:188} INFO - [2024-03-06T13:48:44.161+0000] {dag.py:3047} INFO - Sync 1 DAGs
[2024-03-06T13:48:44.188+0000] {logging_mixin.py:188} INFO - [2024-03-06T13:48:44.188+0000] {dag.py:3834} INFO - Setting next_dagrun for example_setup_teardown to 2024-03-05 00:00:00+00:00, run_after=2024-03-06 00:00:00+00:00
[2024-03-06T13:48:44.210+0000] {processor.py:183} INFO - Processing /home/airflow/.local/lib/python3.11/site-packages/airflow/example_dags/example_setup_teardown.py took 0.094 seconds
[2024-03-06T13:49:14.900+0000] {processor.py:161} INFO - Started process (PID=2514) to work on /home/airflow/.local/lib/python3.11/site-packages/airflow/example_dags/example_setup_teardown.py
[2024-03-06T13:49:14.902+0000] {processor.py:830} INFO - Processing file /home/airflow/.local/lib/python3.11/site-packages/airflow/example_dags/example_setup_teardown.py for tasks to queue
[2024-03-06T13:49:14.903+0000] {logging_mixin.py:188} INFO - [2024-03-06T13:49:14.903+0000] {dagbag.py:540} INFO - Filling up the DagBag from /home/airflow/.local/lib/python3.11/site-packages/airflow/example_dags/example_setup_teardown.py
[2024-03-06T13:49:14.912+0000] {processor.py:840} INFO - DAG(s) 'example_setup_teardown' retrieved from /home/airflow/.local/lib/python3.11/site-packages/airflow/example_dags/example_setup_teardown.py
[2024-03-06T13:49:14.934+0000] {logging_mixin.py:188} INFO - [2024-03-06T13:49:14.934+0000] {dag.py:3047} INFO - Sync 1 DAGs
[2024-03-06T13:49:14.964+0000] {logging_mixin.py:188} INFO - [2024-03-06T13:49:14.963+0000] {dag.py:3834} INFO - Setting next_dagrun for example_setup_teardown to 2024-03-05 00:00:00+00:00, run_after=2024-03-06 00:00:00+00:00
[2024-03-06T13:49:14.988+0000] {processor.py:183} INFO - Processing /home/airflow/.local/lib/python3.11/site-packages/airflow/example_dags/example_setup_teardown.py took 0.091 seconds
[2024-03-06T13:49:45.050+0000] {processor.py:161} INFO - Started process (PID=2761) to work on /home/airflow/.local/lib/python3.11/site-packages/airflow/example_dags/example_setup_teardown.py
[2024-03-06T13:49:45.052+0000] {processor.py:830} INFO - Processing file /home/airflow/.local/lib/python3.11/site-packages/airflow/example_dags/example_setup_teardown.py for tasks to queue
[2024-03-06T13:49:45.053+0000] {logging_mixin.py:188} INFO - [2024-03-06T13:49:45.053+0000] {dagbag.py:540} INFO - Filling up the DagBag from /home/airflow/.local/lib/python3.11/site-packages/airflow/example_dags/example_setup_teardown.py
[2024-03-06T13:49:45.063+0000] {processor.py:840} INFO - DAG(s) 'example_setup_teardown' retrieved from /home/airflow/.local/lib/python3.11/site-packages/airflow/example_dags/example_setup_teardown.py
[2024-03-06T13:49:45.080+0000] {logging_mixin.py:188} INFO - [2024-03-06T13:49:45.080+0000] {dag.py:3047} INFO - Sync 1 DAGs
[2024-03-06T13:49:45.098+0000] {logging_mixin.py:188} INFO - [2024-03-06T13:49:45.097+0000] {dag.py:3834} INFO - Setting next_dagrun for example_setup_teardown to 2024-03-05 00:00:00+00:00, run_after=2024-03-06 00:00:00+00:00
[2024-03-06T13:49:45.111+0000] {processor.py:183} INFO - Processing /home/airflow/.local/lib/python3.11/site-packages/airflow/example_dags/example_setup_teardown.py took 0.065 seconds
[2024-03-06T13:50:15.851+0000] {processor.py:161} INFO - Started process (PID=3008) to work on /home/airflow/.local/lib/python3.11/site-packages/airflow/example_dags/example_setup_teardown.py
[2024-03-06T13:50:15.853+0000] {processor.py:830} INFO - Processing file /home/airflow/.local/lib/python3.11/site-packages/airflow/example_dags/example_setup_teardown.py for tasks to queue
[2024-03-06T13:50:15.855+0000] {logging_mixin.py:188} INFO - [2024-03-06T13:50:15.853+0000] {dagbag.py:540} INFO - Filling up the DagBag from /home/airflow/.local/lib/python3.11/site-packages/airflow/example_dags/example_setup_teardown.py
[2024-03-06T13:50:15.863+0000] {processor.py:840} INFO - DAG(s) 'example_setup_teardown' retrieved from /home/airflow/.local/lib/python3.11/site-packages/airflow/example_dags/example_setup_teardown.py
[2024-03-06T13:50:15.885+0000] {logging_mixin.py:188} INFO - [2024-03-06T13:50:15.885+0000] {dag.py:3047} INFO - Sync 1 DAGs
[2024-03-06T13:50:15.909+0000] {logging_mixin.py:188} INFO - [2024-03-06T13:50:15.909+0000] {dag.py:3834} INFO - Setting next_dagrun for example_setup_teardown to 2024-03-05 00:00:00+00:00, run_after=2024-03-06 00:00:00+00:00
[2024-03-06T13:50:15.927+0000] {processor.py:183} INFO - Processing /home/airflow/.local/lib/python3.11/site-packages/airflow/example_dags/example_setup_teardown.py took 0.080 seconds
[2024-03-06T13:50:46.405+0000] {processor.py:161} INFO - Started process (PID=3255) to work on /home/airflow/.local/lib/python3.11/site-packages/airflow/example_dags/example_setup_teardown.py
[2024-03-06T13:50:46.407+0000] {processor.py:830} INFO - Processing file /home/airflow/.local/lib/python3.11/site-packages/airflow/example_dags/example_setup_teardown.py for tasks to queue
[2024-03-06T13:50:46.408+0000] {logging_mixin.py:188} INFO - [2024-03-06T13:50:46.407+0000] {dagbag.py:540} INFO - Filling up the DagBag from /home/airflow/.local/lib/python3.11/site-packages/airflow/example_dags/example_setup_teardown.py
[2024-03-06T13:50:46.416+0000] {processor.py:840} INFO - DAG(s) 'example_setup_teardown' retrieved from /home/airflow/.local/lib/python3.11/site-packages/airflow/example_dags/example_setup_teardown.py
[2024-03-06T13:50:46.439+0000] {logging_mixin.py:188} INFO - [2024-03-06T13:50:46.438+0000] {dag.py:3047} INFO - Sync 1 DAGs
[2024-03-06T13:50:46.466+0000] {logging_mixin.py:188} INFO - [2024-03-06T13:50:46.466+0000] {dag.py:3834} INFO - Setting next_dagrun for example_setup_teardown to 2024-03-05 00:00:00+00:00, run_after=2024-03-06 00:00:00+00:00
[2024-03-06T13:50:46.485+0000] {processor.py:183} INFO - Processing /home/airflow/.local/lib/python3.11/site-packages/airflow/example_dags/example_setup_teardown.py took 0.083 seconds
[2024-03-06T13:51:16.853+0000] {processor.py:161} INFO - Started process (PID=3502) to work on /home/airflow/.local/lib/python3.11/site-packages/airflow/example_dags/example_setup_teardown.py
[2024-03-06T13:51:16.854+0000] {processor.py:830} INFO - Processing file /home/airflow/.local/lib/python3.11/site-packages/airflow/example_dags/example_setup_teardown.py for tasks to queue
[2024-03-06T13:51:16.856+0000] {logging_mixin.py:188} INFO - [2024-03-06T13:51:16.855+0000] {dagbag.py:540} INFO - Filling up the DagBag from /home/airflow/.local/lib/python3.11/site-packages/airflow/example_dags/example_setup_teardown.py
[2024-03-06T13:51:16.864+0000] {processor.py:840} INFO - DAG(s) 'example_setup_teardown' retrieved from /home/airflow/.local/lib/python3.11/site-packages/airflow/example_dags/example_setup_teardown.py
[2024-03-06T13:51:16.886+0000] {logging_mixin.py:188} INFO - [2024-03-06T13:51:16.885+0000] {dag.py:3047} INFO - Sync 1 DAGs
[2024-03-06T13:51:16.909+0000] {logging_mixin.py:188} INFO - [2024-03-06T13:51:16.909+0000] {dag.py:3834} INFO - Setting next_dagrun for example_setup_teardown to 2024-03-05 00:00:00+00:00, run_after=2024-03-06 00:00:00+00:00
[2024-03-06T13:51:16.926+0000] {processor.py:183} INFO - Processing /home/airflow/.local/lib/python3.11/site-packages/airflow/example_dags/example_setup_teardown.py took 0.076 seconds
[2024-03-06T13:51:47.350+0000] {processor.py:161} INFO - Started process (PID=3749) to work on /home/airflow/.local/lib/python3.11/site-packages/airflow/example_dags/example_setup_teardown.py
[2024-03-06T13:51:47.351+0000] {processor.py:830} INFO - Processing file /home/airflow/.local/lib/python3.11/site-packages/airflow/example_dags/example_setup_teardown.py for tasks to queue
[2024-03-06T13:51:47.353+0000] {logging_mixin.py:188} INFO - [2024-03-06T13:51:47.353+0000] {dagbag.py:540} INFO - Filling up the DagBag from /home/airflow/.local/lib/python3.11/site-packages/airflow/example_dags/example_setup_teardown.py
[2024-03-06T13:51:47.361+0000] {processor.py:840} INFO - DAG(s) 'example_setup_teardown' retrieved from /home/airflow/.local/lib/python3.11/site-packages/airflow/example_dags/example_setup_teardown.py
[2024-03-06T13:51:47.383+0000] {logging_mixin.py:188} INFO - [2024-03-06T13:51:47.383+0000] {dag.py:3047} INFO - Sync 1 DAGs
[2024-03-06T13:51:47.407+0000] {logging_mixin.py:188} INFO - [2024-03-06T13:51:47.406+0000] {dag.py:3834} INFO - Setting next_dagrun for example_setup_teardown to 2024-03-05 00:00:00+00:00, run_after=2024-03-06 00:00:00+00:00
[2024-03-06T13:51:47.423+0000] {processor.py:183} INFO - Processing /home/airflow/.local/lib/python3.11/site-packages/airflow/example_dags/example_setup_teardown.py took 0.076 seconds
[2024-03-06T13:52:17.905+0000] {processor.py:161} INFO - Started process (PID=3996) to work on /home/airflow/.local/lib/python3.11/site-packages/airflow/example_dags/example_setup_teardown.py
[2024-03-06T13:52:17.906+0000] {processor.py:830} INFO - Processing file /home/airflow/.local/lib/python3.11/site-packages/airflow/example_dags/example_setup_teardown.py for tasks to queue
[2024-03-06T13:52:17.907+0000] {logging_mixin.py:188} INFO - [2024-03-06T13:52:17.907+0000] {dagbag.py:540} INFO - Filling up the DagBag from /home/airflow/.local/lib/python3.11/site-packages/airflow/example_dags/example_setup_teardown.py
[2024-03-06T13:52:17.916+0000] {processor.py:840} INFO - DAG(s) 'example_setup_teardown' retrieved from /home/airflow/.local/lib/python3.11/site-packages/airflow/example_dags/example_setup_teardown.py
[2024-03-06T13:52:17.937+0000] {logging_mixin.py:188} INFO - [2024-03-06T13:52:17.937+0000] {dag.py:3047} INFO - Sync 1 DAGs
[2024-03-06T13:52:17.959+0000] {logging_mixin.py:188} INFO - [2024-03-06T13:52:17.959+0000] {dag.py:3834} INFO - Setting next_dagrun for example_setup_teardown to 2024-03-05 00:00:00+00:00, run_after=2024-03-06 00:00:00+00:00
[2024-03-06T13:52:17.977+0000] {processor.py:183} INFO - Processing /home/airflow/.local/lib/python3.11/site-packages/airflow/example_dags/example_setup_teardown.py took 0.075 seconds
[2024-03-06T13:52:48.851+0000] {processor.py:161} INFO - Started process (PID=4243) to work on /home/airflow/.local/lib/python3.11/site-packages/airflow/example_dags/example_setup_teardown.py
[2024-03-06T13:52:48.854+0000] {processor.py:830} INFO - Processing file /home/airflow/.local/lib/python3.11/site-packages/airflow/example_dags/example_setup_teardown.py for tasks to queue
[2024-03-06T13:52:48.857+0000] {logging_mixin.py:188} INFO - [2024-03-06T13:52:48.856+0000] {dagbag.py:540} INFO - Filling up the DagBag from /home/airflow/.local/lib/python3.11/site-packages/airflow/example_dags/example_setup_teardown.py
[2024-03-06T13:52:48.869+0000] {processor.py:840} INFO - DAG(s) 'example_setup_teardown' retrieved from /home/airflow/.local/lib/python3.11/site-packages/airflow/example_dags/example_setup_teardown.py
[2024-03-06T13:52:48.892+0000] {logging_mixin.py:188} INFO - [2024-03-06T13:52:48.892+0000] {dag.py:3047} INFO - Sync 1 DAGs
[2024-03-06T13:52:48.920+0000] {logging_mixin.py:188} INFO - [2024-03-06T13:52:48.920+0000] {dag.py:3834} INFO - Setting next_dagrun for example_setup_teardown to 2024-03-05 00:00:00+00:00, run_after=2024-03-06 00:00:00+00:00
[2024-03-06T13:52:48.947+0000] {processor.py:183} INFO - Processing /home/airflow/.local/lib/python3.11/site-packages/airflow/example_dags/example_setup_teardown.py took 0.102 seconds
[2024-03-06T13:53:19.768+0000] {processor.py:161} INFO - Started process (PID=4489) to work on /home/airflow/.local/lib/python3.11/site-packages/airflow/example_dags/example_setup_teardown.py
[2024-03-06T13:53:19.769+0000] {processor.py:830} INFO - Processing file /home/airflow/.local/lib/python3.11/site-packages/airflow/example_dags/example_setup_teardown.py for tasks to queue
[2024-03-06T13:53:19.771+0000] {logging_mixin.py:188} INFO - [2024-03-06T13:53:19.771+0000] {dagbag.py:540} INFO - Filling up the DagBag from /home/airflow/.local/lib/python3.11/site-packages/airflow/example_dags/example_setup_teardown.py
[2024-03-06T13:53:19.782+0000] {processor.py:840} INFO - DAG(s) 'example_setup_teardown' retrieved from /home/airflow/.local/lib/python3.11/site-packages/airflow/example_dags/example_setup_teardown.py
[2024-03-06T13:53:19.810+0000] {logging_mixin.py:188} INFO - [2024-03-06T13:53:19.810+0000] {dag.py:3047} INFO - Sync 1 DAGs
[2024-03-06T13:53:19.842+0000] {logging_mixin.py:188} INFO - [2024-03-06T13:53:19.842+0000] {dag.py:3834} INFO - Setting next_dagrun for example_setup_teardown to 2024-03-05 00:00:00+00:00, run_after=2024-03-06 00:00:00+00:00
[2024-03-06T13:53:19.868+0000] {processor.py:183} INFO - Processing /home/airflow/.local/lib/python3.11/site-packages/airflow/example_dags/example_setup_teardown.py took 0.104 seconds
[2024-03-06T13:53:49.989+0000] {processor.py:161} INFO - Started process (PID=4736) to work on /home/airflow/.local/lib/python3.11/site-packages/airflow/example_dags/example_setup_teardown.py
[2024-03-06T13:53:49.991+0000] {processor.py:830} INFO - Processing file /home/airflow/.local/lib/python3.11/site-packages/airflow/example_dags/example_setup_teardown.py for tasks to queue
[2024-03-06T13:53:49.993+0000] {logging_mixin.py:188} INFO - [2024-03-06T13:53:49.992+0000] {dagbag.py:540} INFO - Filling up the DagBag from /home/airflow/.local/lib/python3.11/site-packages/airflow/example_dags/example_setup_teardown.py
[2024-03-06T13:53:50.006+0000] {processor.py:840} INFO - DAG(s) 'example_setup_teardown' retrieved from /home/airflow/.local/lib/python3.11/site-packages/airflow/example_dags/example_setup_teardown.py
[2024-03-06T13:53:50.028+0000] {logging_mixin.py:188} INFO - [2024-03-06T13:53:50.028+0000] {dag.py:3047} INFO - Sync 1 DAGs
[2024-03-06T13:53:50.056+0000] {logging_mixin.py:188} INFO - [2024-03-06T13:53:50.056+0000] {dag.py:3834} INFO - Setting next_dagrun for example_setup_teardown to 2024-03-05 00:00:00+00:00, run_after=2024-03-06 00:00:00+00:00
[2024-03-06T13:53:50.077+0000] {processor.py:183} INFO - Processing /home/airflow/.local/lib/python3.11/site-packages/airflow/example_dags/example_setup_teardown.py took 0.093 seconds
[2024-03-06T13:54:20.449+0000] {processor.py:161} INFO - Started process (PID=4985) to work on /home/airflow/.local/lib/python3.11/site-packages/airflow/example_dags/example_setup_teardown.py
[2024-03-06T13:54:20.450+0000] {processor.py:830} INFO - Processing file /home/airflow/.local/lib/python3.11/site-packages/airflow/example_dags/example_setup_teardown.py for tasks to queue
[2024-03-06T13:54:20.451+0000] {logging_mixin.py:188} INFO - [2024-03-06T13:54:20.451+0000] {dagbag.py:540} INFO - Filling up the DagBag from /home/airflow/.local/lib/python3.11/site-packages/airflow/example_dags/example_setup_teardown.py
[2024-03-06T13:54:20.460+0000] {processor.py:840} INFO - DAG(s) 'example_setup_teardown' retrieved from /home/airflow/.local/lib/python3.11/site-packages/airflow/example_dags/example_setup_teardown.py
[2024-03-06T13:54:20.482+0000] {logging_mixin.py:188} INFO - [2024-03-06T13:54:20.482+0000] {dag.py:3047} INFO - Sync 1 DAGs
[2024-03-06T13:54:20.505+0000] {logging_mixin.py:188} INFO - [2024-03-06T13:54:20.505+0000] {dag.py:3834} INFO - Setting next_dagrun for example_setup_teardown to 2024-03-05 00:00:00+00:00, run_after=2024-03-06 00:00:00+00:00
[2024-03-06T13:54:20.523+0000] {processor.py:183} INFO - Processing /home/airflow/.local/lib/python3.11/site-packages/airflow/example_dags/example_setup_teardown.py took 0.077 seconds
[2024-03-06T13:54:50.564+0000] {processor.py:161} INFO - Started process (PID=5232) to work on /home/airflow/.local/lib/python3.11/site-packages/airflow/example_dags/example_setup_teardown.py
[2024-03-06T13:54:50.565+0000] {processor.py:830} INFO - Processing file /home/airflow/.local/lib/python3.11/site-packages/airflow/example_dags/example_setup_teardown.py for tasks to queue
[2024-03-06T13:54:50.567+0000] {logging_mixin.py:188} INFO - [2024-03-06T13:54:50.566+0000] {dagbag.py:540} INFO - Filling up the DagBag from /home/airflow/.local/lib/python3.11/site-packages/airflow/example_dags/example_setup_teardown.py
[2024-03-06T13:54:50.573+0000] {processor.py:840} INFO - DAG(s) 'example_setup_teardown' retrieved from /home/airflow/.local/lib/python3.11/site-packages/airflow/example_dags/example_setup_teardown.py
[2024-03-06T13:54:50.589+0000] {logging_mixin.py:188} INFO - [2024-03-06T13:54:50.588+0000] {dag.py:3047} INFO - Sync 1 DAGs
[2024-03-06T13:54:50.605+0000] {logging_mixin.py:188} INFO - [2024-03-06T13:54:50.605+0000] {dag.py:3834} INFO - Setting next_dagrun for example_setup_teardown to 2024-03-05 00:00:00+00:00, run_after=2024-03-06 00:00:00+00:00
[2024-03-06T13:54:50.619+0000] {processor.py:183} INFO - Processing /home/airflow/.local/lib/python3.11/site-packages/airflow/example_dags/example_setup_teardown.py took 0.057 seconds
[2024-03-06T13:55:22.204+0000] {processor.py:161} INFO - Started process (PID=5477) to work on /home/airflow/.local/lib/python3.11/site-packages/airflow/example_dags/example_setup_teardown.py
[2024-03-06T13:55:22.212+0000] {processor.py:830} INFO - Processing file /home/airflow/.local/lib/python3.11/site-packages/airflow/example_dags/example_setup_teardown.py for tasks to queue
[2024-03-06T13:55:22.214+0000] {logging_mixin.py:188} INFO - [2024-03-06T13:55:22.213+0000] {dagbag.py:540} INFO - Filling up the DagBag from /home/airflow/.local/lib/python3.11/site-packages/airflow/example_dags/example_setup_teardown.py
[2024-03-06T13:55:22.223+0000] {processor.py:840} INFO - DAG(s) 'example_setup_teardown' retrieved from /home/airflow/.local/lib/python3.11/site-packages/airflow/example_dags/example_setup_teardown.py
[2024-03-06T13:55:22.256+0000] {logging_mixin.py:188} INFO - [2024-03-06T13:55:22.255+0000] {dag.py:3047} INFO - Sync 1 DAGs
[2024-03-06T13:55:22.315+0000] {logging_mixin.py:188} INFO - [2024-03-06T13:55:22.314+0000] {dag.py:3834} INFO - Setting next_dagrun for example_setup_teardown to 2024-03-05 00:00:00+00:00, run_after=2024-03-06 00:00:00+00:00
[2024-03-06T13:55:22.367+0000] {processor.py:183} INFO - Processing /home/airflow/.local/lib/python3.11/site-packages/airflow/example_dags/example_setup_teardown.py took 0.166 seconds
[2024-03-06T13:55:53.143+0000] {processor.py:161} INFO - Started process (PID=5724) to work on /home/airflow/.local/lib/python3.11/site-packages/airflow/example_dags/example_setup_teardown.py
[2024-03-06T13:55:53.152+0000] {processor.py:830} INFO - Processing file /home/airflow/.local/lib/python3.11/site-packages/airflow/example_dags/example_setup_teardown.py for tasks to queue
[2024-03-06T13:55:53.154+0000] {logging_mixin.py:188} INFO - [2024-03-06T13:55:53.153+0000] {dagbag.py:540} INFO - Filling up the DagBag from /home/airflow/.local/lib/python3.11/site-packages/airflow/example_dags/example_setup_teardown.py
[2024-03-06T13:55:53.181+0000] {processor.py:840} INFO - DAG(s) 'example_setup_teardown' retrieved from /home/airflow/.local/lib/python3.11/site-packages/airflow/example_dags/example_setup_teardown.py
[2024-03-06T13:55:53.258+0000] {logging_mixin.py:188} INFO - [2024-03-06T13:55:53.257+0000] {dag.py:3047} INFO - Sync 1 DAGs
[2024-03-06T13:55:53.310+0000] {logging_mixin.py:188} INFO - [2024-03-06T13:55:53.310+0000] {dag.py:3834} INFO - Setting next_dagrun for example_setup_teardown to 2024-03-05 00:00:00+00:00, run_after=2024-03-06 00:00:00+00:00
[2024-03-06T13:55:53.382+0000] {processor.py:183} INFO - Processing /home/airflow/.local/lib/python3.11/site-packages/airflow/example_dags/example_setup_teardown.py took 0.253 seconds
[2024-03-06T13:56:24.217+0000] {processor.py:161} INFO - Started process (PID=5972) to work on /home/airflow/.local/lib/python3.11/site-packages/airflow/example_dags/example_setup_teardown.py
[2024-03-06T13:56:24.219+0000] {processor.py:830} INFO - Processing file /home/airflow/.local/lib/python3.11/site-packages/airflow/example_dags/example_setup_teardown.py for tasks to queue
[2024-03-06T13:56:24.222+0000] {logging_mixin.py:188} INFO - [2024-03-06T13:56:24.221+0000] {dagbag.py:540} INFO - Filling up the DagBag from /home/airflow/.local/lib/python3.11/site-packages/airflow/example_dags/example_setup_teardown.py
[2024-03-06T13:56:24.236+0000] {processor.py:840} INFO - DAG(s) 'example_setup_teardown' retrieved from /home/airflow/.local/lib/python3.11/site-packages/airflow/example_dags/example_setup_teardown.py
[2024-03-06T13:56:24.266+0000] {logging_mixin.py:188} INFO - [2024-03-06T13:56:24.266+0000] {dag.py:3047} INFO - Sync 1 DAGs
[2024-03-06T13:56:24.301+0000] {logging_mixin.py:188} INFO - [2024-03-06T13:56:24.300+0000] {dag.py:3834} INFO - Setting next_dagrun for example_setup_teardown to 2024-03-05 00:00:00+00:00, run_after=2024-03-06 00:00:00+00:00
[2024-03-06T13:56:24.332+0000] {processor.py:183} INFO - Processing /home/airflow/.local/lib/python3.11/site-packages/airflow/example_dags/example_setup_teardown.py took 0.126 seconds
[2024-03-06T13:56:55.183+0000] {processor.py:161} INFO - Started process (PID=6224) to work on /home/airflow/.local/lib/python3.11/site-packages/airflow/example_dags/example_setup_teardown.py
[2024-03-06T13:56:55.185+0000] {processor.py:830} INFO - Processing file /home/airflow/.local/lib/python3.11/site-packages/airflow/example_dags/example_setup_teardown.py for tasks to queue
[2024-03-06T13:56:55.186+0000] {logging_mixin.py:188} INFO - [2024-03-06T13:56:55.186+0000] {dagbag.py:540} INFO - Filling up the DagBag from /home/airflow/.local/lib/python3.11/site-packages/airflow/example_dags/example_setup_teardown.py
[2024-03-06T13:56:55.195+0000] {processor.py:840} INFO - DAG(s) 'example_setup_teardown' retrieved from /home/airflow/.local/lib/python3.11/site-packages/airflow/example_dags/example_setup_teardown.py
[2024-03-06T13:56:55.222+0000] {logging_mixin.py:188} INFO - [2024-03-06T13:56:55.222+0000] {dag.py:3047} INFO - Sync 1 DAGs
[2024-03-06T13:56:55.296+0000] {logging_mixin.py:188} INFO - [2024-03-06T13:56:55.296+0000] {dag.py:3834} INFO - Setting next_dagrun for example_setup_teardown to 2024-03-05 00:00:00+00:00, run_after=2024-03-06 00:00:00+00:00
[2024-03-06T13:56:55.342+0000] {processor.py:183} INFO - Processing /home/airflow/.local/lib/python3.11/site-packages/airflow/example_dags/example_setup_teardown.py took 0.162 seconds
[2024-03-06T13:57:25.849+0000] {processor.py:161} INFO - Started process (PID=6469) to work on /home/airflow/.local/lib/python3.11/site-packages/airflow/example_dags/example_setup_teardown.py
[2024-03-06T13:57:25.851+0000] {processor.py:830} INFO - Processing file /home/airflow/.local/lib/python3.11/site-packages/airflow/example_dags/example_setup_teardown.py for tasks to queue
[2024-03-06T13:57:25.853+0000] {logging_mixin.py:188} INFO - [2024-03-06T13:57:25.852+0000] {dagbag.py:540} INFO - Filling up the DagBag from /home/airflow/.local/lib/python3.11/site-packages/airflow/example_dags/example_setup_teardown.py
[2024-03-06T13:57:25.863+0000] {processor.py:840} INFO - DAG(s) 'example_setup_teardown' retrieved from /home/airflow/.local/lib/python3.11/site-packages/airflow/example_dags/example_setup_teardown.py
[2024-03-06T13:57:25.885+0000] {logging_mixin.py:188} INFO - [2024-03-06T13:57:25.885+0000] {dag.py:3047} INFO - Sync 1 DAGs
[2024-03-06T13:57:25.915+0000] {logging_mixin.py:188} INFO - [2024-03-06T13:57:25.914+0000] {dag.py:3834} INFO - Setting next_dagrun for example_setup_teardown to 2024-03-05 00:00:00+00:00, run_after=2024-03-06 00:00:00+00:00
[2024-03-06T13:57:25.935+0000] {processor.py:183} INFO - Processing /home/airflow/.local/lib/python3.11/site-packages/airflow/example_dags/example_setup_teardown.py took 0.091 seconds
[2024-03-06T13:57:56.102+0000] {processor.py:161} INFO - Started process (PID=6717) to work on /home/airflow/.local/lib/python3.11/site-packages/airflow/example_dags/example_setup_teardown.py
[2024-03-06T13:57:56.104+0000] {processor.py:830} INFO - Processing file /home/airflow/.local/lib/python3.11/site-packages/airflow/example_dags/example_setup_teardown.py for tasks to queue
[2024-03-06T13:57:56.105+0000] {logging_mixin.py:188} INFO - [2024-03-06T13:57:56.105+0000] {dagbag.py:540} INFO - Filling up the DagBag from /home/airflow/.local/lib/python3.11/site-packages/airflow/example_dags/example_setup_teardown.py
[2024-03-06T13:57:56.118+0000] {processor.py:840} INFO - DAG(s) 'example_setup_teardown' retrieved from /home/airflow/.local/lib/python3.11/site-packages/airflow/example_dags/example_setup_teardown.py
[2024-03-06T13:57:56.149+0000] {logging_mixin.py:188} INFO - [2024-03-06T13:57:56.149+0000] {dag.py:3047} INFO - Sync 1 DAGs
[2024-03-06T13:57:56.175+0000] {logging_mixin.py:188} INFO - [2024-03-06T13:57:56.174+0000] {dag.py:3834} INFO - Setting next_dagrun for example_setup_teardown to 2024-03-05 00:00:00+00:00, run_after=2024-03-06 00:00:00+00:00
[2024-03-06T13:57:56.221+0000] {processor.py:183} INFO - Processing /home/airflow/.local/lib/python3.11/site-packages/airflow/example_dags/example_setup_teardown.py took 0.124 seconds
[2024-03-06T13:58:26.629+0000] {processor.py:161} INFO - Started process (PID=6962) to work on /home/airflow/.local/lib/python3.11/site-packages/airflow/example_dags/example_setup_teardown.py
[2024-03-06T13:58:26.631+0000] {processor.py:830} INFO - Processing file /home/airflow/.local/lib/python3.11/site-packages/airflow/example_dags/example_setup_teardown.py for tasks to queue
[2024-03-06T13:58:26.635+0000] {logging_mixin.py:188} INFO - [2024-03-06T13:58:26.634+0000] {dagbag.py:540} INFO - Filling up the DagBag from /home/airflow/.local/lib/python3.11/site-packages/airflow/example_dags/example_setup_teardown.py
[2024-03-06T13:58:26.648+0000] {processor.py:840} INFO - DAG(s) 'example_setup_teardown' retrieved from /home/airflow/.local/lib/python3.11/site-packages/airflow/example_dags/example_setup_teardown.py
[2024-03-06T13:58:26.690+0000] {logging_mixin.py:188} INFO - [2024-03-06T13:58:26.689+0000] {dag.py:3047} INFO - Sync 1 DAGs
[2024-03-06T13:58:26.722+0000] {logging_mixin.py:188} INFO - [2024-03-06T13:58:26.722+0000] {dag.py:3834} INFO - Setting next_dagrun for example_setup_teardown to 2024-03-05 00:00:00+00:00, run_after=2024-03-06 00:00:00+00:00
[2024-03-06T13:58:26.756+0000] {processor.py:183} INFO - Processing /home/airflow/.local/lib/python3.11/site-packages/airflow/example_dags/example_setup_teardown.py took 0.131 seconds
[2024-03-06T13:58:57.285+0000] {processor.py:161} INFO - Started process (PID=7210) to work on /home/airflow/.local/lib/python3.11/site-packages/airflow/example_dags/example_setup_teardown.py
[2024-03-06T13:58:57.288+0000] {processor.py:830} INFO - Processing file /home/airflow/.local/lib/python3.11/site-packages/airflow/example_dags/example_setup_teardown.py for tasks to queue
[2024-03-06T13:58:57.291+0000] {logging_mixin.py:188} INFO - [2024-03-06T13:58:57.290+0000] {dagbag.py:540} INFO - Filling up the DagBag from /home/airflow/.local/lib/python3.11/site-packages/airflow/example_dags/example_setup_teardown.py
[2024-03-06T13:58:57.309+0000] {processor.py:840} INFO - DAG(s) 'example_setup_teardown' retrieved from /home/airflow/.local/lib/python3.11/site-packages/airflow/example_dags/example_setup_teardown.py
[2024-03-06T13:58:57.344+0000] {logging_mixin.py:188} INFO - [2024-03-06T13:58:57.344+0000] {dag.py:3047} INFO - Sync 1 DAGs
[2024-03-06T13:58:57.391+0000] {logging_mixin.py:188} INFO - [2024-03-06T13:58:57.390+0000] {dag.py:3834} INFO - Setting next_dagrun for example_setup_teardown to 2024-03-05 00:00:00+00:00, run_after=2024-03-06 00:00:00+00:00
[2024-03-06T13:58:57.448+0000] {processor.py:183} INFO - Processing /home/airflow/.local/lib/python3.11/site-packages/airflow/example_dags/example_setup_teardown.py took 0.171 seconds
[2024-03-06T13:59:28.452+0000] {processor.py:161} INFO - Started process (PID=7457) to work on /home/airflow/.local/lib/python3.11/site-packages/airflow/example_dags/example_setup_teardown.py
[2024-03-06T13:59:28.453+0000] {processor.py:830} INFO - Processing file /home/airflow/.local/lib/python3.11/site-packages/airflow/example_dags/example_setup_teardown.py for tasks to queue
[2024-03-06T13:59:28.455+0000] {logging_mixin.py:188} INFO - [2024-03-06T13:59:28.454+0000] {dagbag.py:540} INFO - Filling up the DagBag from /home/airflow/.local/lib/python3.11/site-packages/airflow/example_dags/example_setup_teardown.py
[2024-03-06T13:59:28.466+0000] {processor.py:840} INFO - DAG(s) 'example_setup_teardown' retrieved from /home/airflow/.local/lib/python3.11/site-packages/airflow/example_dags/example_setup_teardown.py
[2024-03-06T13:59:28.497+0000] {logging_mixin.py:188} INFO - [2024-03-06T13:59:28.497+0000] {dag.py:3047} INFO - Sync 1 DAGs
[2024-03-06T13:59:28.528+0000] {logging_mixin.py:188} INFO - [2024-03-06T13:59:28.527+0000] {dag.py:3834} INFO - Setting next_dagrun for example_setup_teardown to 2024-03-05 00:00:00+00:00, run_after=2024-03-06 00:00:00+00:00
[2024-03-06T13:59:28.556+0000] {processor.py:183} INFO - Processing /home/airflow/.local/lib/python3.11/site-packages/airflow/example_dags/example_setup_teardown.py took 0.109 seconds
[2024-03-06T13:59:59.462+0000] {processor.py:161} INFO - Started process (PID=7703) to work on /home/airflow/.local/lib/python3.11/site-packages/airflow/example_dags/example_setup_teardown.py
[2024-03-06T13:59:59.465+0000] {processor.py:830} INFO - Processing file /home/airflow/.local/lib/python3.11/site-packages/airflow/example_dags/example_setup_teardown.py for tasks to queue
[2024-03-06T13:59:59.467+0000] {logging_mixin.py:188} INFO - [2024-03-06T13:59:59.467+0000] {dagbag.py:540} INFO - Filling up the DagBag from /home/airflow/.local/lib/python3.11/site-packages/airflow/example_dags/example_setup_teardown.py
[2024-03-06T13:59:59.477+0000] {processor.py:840} INFO - DAG(s) 'example_setup_teardown' retrieved from /home/airflow/.local/lib/python3.11/site-packages/airflow/example_dags/example_setup_teardown.py
[2024-03-06T13:59:59.503+0000] {logging_mixin.py:188} INFO - [2024-03-06T13:59:59.502+0000] {dag.py:3047} INFO - Sync 1 DAGs
[2024-03-06T13:59:59.526+0000] {logging_mixin.py:188} INFO - [2024-03-06T13:59:59.526+0000] {dag.py:3834} INFO - Setting next_dagrun for example_setup_teardown to 2024-03-05 00:00:00+00:00, run_after=2024-03-06 00:00:00+00:00
[2024-03-06T13:59:59.554+0000] {processor.py:183} INFO - Processing /home/airflow/.local/lib/python3.11/site-packages/airflow/example_dags/example_setup_teardown.py took 0.095 seconds
[2024-03-06T14:00:29.768+0000] {processor.py:161} INFO - Started process (PID=7950) to work on /home/airflow/.local/lib/python3.11/site-packages/airflow/example_dags/example_setup_teardown.py
[2024-03-06T14:00:29.770+0000] {processor.py:830} INFO - Processing file /home/airflow/.local/lib/python3.11/site-packages/airflow/example_dags/example_setup_teardown.py for tasks to queue
[2024-03-06T14:00:29.773+0000] {logging_mixin.py:188} INFO - [2024-03-06T14:00:29.773+0000] {dagbag.py:540} INFO - Filling up the DagBag from /home/airflow/.local/lib/python3.11/site-packages/airflow/example_dags/example_setup_teardown.py
[2024-03-06T14:00:29.782+0000] {processor.py:840} INFO - DAG(s) 'example_setup_teardown' retrieved from /home/airflow/.local/lib/python3.11/site-packages/airflow/example_dags/example_setup_teardown.py
[2024-03-06T14:00:29.807+0000] {logging_mixin.py:188} INFO - [2024-03-06T14:00:29.807+0000] {dag.py:3047} INFO - Sync 1 DAGs
[2024-03-06T14:00:29.837+0000] {logging_mixin.py:188} INFO - [2024-03-06T14:00:29.837+0000] {dag.py:3834} INFO - Setting next_dagrun for example_setup_teardown to 2024-03-05 00:00:00+00:00, run_after=2024-03-06 00:00:00+00:00
[2024-03-06T14:00:29.868+0000] {processor.py:183} INFO - Processing /home/airflow/.local/lib/python3.11/site-packages/airflow/example_dags/example_setup_teardown.py took 0.104 seconds
[2024-03-06T14:01:00.123+0000] {processor.py:161} INFO - Started process (PID=8196) to work on /home/airflow/.local/lib/python3.11/site-packages/airflow/example_dags/example_setup_teardown.py
[2024-03-06T14:01:00.124+0000] {processor.py:830} INFO - Processing file /home/airflow/.local/lib/python3.11/site-packages/airflow/example_dags/example_setup_teardown.py for tasks to queue
[2024-03-06T14:01:00.125+0000] {logging_mixin.py:188} INFO - [2024-03-06T14:01:00.125+0000] {dagbag.py:540} INFO - Filling up the DagBag from /home/airflow/.local/lib/python3.11/site-packages/airflow/example_dags/example_setup_teardown.py
[2024-03-06T14:01:00.133+0000] {processor.py:840} INFO - DAG(s) 'example_setup_teardown' retrieved from /home/airflow/.local/lib/python3.11/site-packages/airflow/example_dags/example_setup_teardown.py
[2024-03-06T14:01:00.154+0000] {logging_mixin.py:188} INFO - [2024-03-06T14:01:00.153+0000] {dag.py:3047} INFO - Sync 1 DAGs
[2024-03-06T14:01:00.174+0000] {logging_mixin.py:188} INFO - [2024-03-06T14:01:00.174+0000] {dag.py:3834} INFO - Setting next_dagrun for example_setup_teardown to 2024-03-05 00:00:00+00:00, run_after=2024-03-06 00:00:00+00:00
[2024-03-06T14:01:00.198+0000] {processor.py:183} INFO - Processing /home/airflow/.local/lib/python3.11/site-packages/airflow/example_dags/example_setup_teardown.py took 0.079 seconds
[2024-03-06T14:01:30.797+0000] {processor.py:161} INFO - Started process (PID=8443) to work on /home/airflow/.local/lib/python3.11/site-packages/airflow/example_dags/example_setup_teardown.py
[2024-03-06T14:01:30.798+0000] {processor.py:830} INFO - Processing file /home/airflow/.local/lib/python3.11/site-packages/airflow/example_dags/example_setup_teardown.py for tasks to queue
[2024-03-06T14:01:30.803+0000] {logging_mixin.py:188} INFO - [2024-03-06T14:01:30.802+0000] {dagbag.py:540} INFO - Filling up the DagBag from /home/airflow/.local/lib/python3.11/site-packages/airflow/example_dags/example_setup_teardown.py
[2024-03-06T14:01:30.813+0000] {processor.py:840} INFO - DAG(s) 'example_setup_teardown' retrieved from /home/airflow/.local/lib/python3.11/site-packages/airflow/example_dags/example_setup_teardown.py
[2024-03-06T14:01:30.838+0000] {logging_mixin.py:188} INFO - [2024-03-06T14:01:30.837+0000] {dag.py:3047} INFO - Sync 1 DAGs
[2024-03-06T14:01:30.863+0000] {logging_mixin.py:188} INFO - [2024-03-06T14:01:30.862+0000] {dag.py:3834} INFO - Setting next_dagrun for example_setup_teardown to 2024-03-05 00:00:00+00:00, run_after=2024-03-06 00:00:00+00:00
[2024-03-06T14:01:30.891+0000] {processor.py:183} INFO - Processing /home/airflow/.local/lib/python3.11/site-packages/airflow/example_dags/example_setup_teardown.py took 0.097 seconds
[2024-03-06T14:02:00.975+0000] {processor.py:161} INFO - Started process (PID=8690) to work on /home/airflow/.local/lib/python3.11/site-packages/airflow/example_dags/example_setup_teardown.py
[2024-03-06T14:02:00.976+0000] {processor.py:830} INFO - Processing file /home/airflow/.local/lib/python3.11/site-packages/airflow/example_dags/example_setup_teardown.py for tasks to queue
[2024-03-06T14:02:00.978+0000] {logging_mixin.py:188} INFO - [2024-03-06T14:02:00.977+0000] {dagbag.py:540} INFO - Filling up the DagBag from /home/airflow/.local/lib/python3.11/site-packages/airflow/example_dags/example_setup_teardown.py
[2024-03-06T14:02:00.986+0000] {processor.py:840} INFO - DAG(s) 'example_setup_teardown' retrieved from /home/airflow/.local/lib/python3.11/site-packages/airflow/example_dags/example_setup_teardown.py
[2024-03-06T14:02:01.007+0000] {logging_mixin.py:188} INFO - [2024-03-06T14:02:01.007+0000] {dag.py:3047} INFO - Sync 1 DAGs
[2024-03-06T14:02:01.030+0000] {logging_mixin.py:188} INFO - [2024-03-06T14:02:01.029+0000] {dag.py:3834} INFO - Setting next_dagrun for example_setup_teardown to 2024-03-05 00:00:00+00:00, run_after=2024-03-06 00:00:00+00:00
[2024-03-06T14:02:01.056+0000] {processor.py:183} INFO - Processing /home/airflow/.local/lib/python3.11/site-packages/airflow/example_dags/example_setup_teardown.py took 0.085 seconds
[2024-03-06T14:02:31.703+0000] {processor.py:161} INFO - Started process (PID=8937) to work on /home/airflow/.local/lib/python3.11/site-packages/airflow/example_dags/example_setup_teardown.py
[2024-03-06T14:02:31.704+0000] {processor.py:830} INFO - Processing file /home/airflow/.local/lib/python3.11/site-packages/airflow/example_dags/example_setup_teardown.py for tasks to queue
[2024-03-06T14:02:31.711+0000] {logging_mixin.py:188} INFO - [2024-03-06T14:02:31.710+0000] {dagbag.py:540} INFO - Filling up the DagBag from /home/airflow/.local/lib/python3.11/site-packages/airflow/example_dags/example_setup_teardown.py
[2024-03-06T14:02:31.723+0000] {processor.py:840} INFO - DAG(s) 'example_setup_teardown' retrieved from /home/airflow/.local/lib/python3.11/site-packages/airflow/example_dags/example_setup_teardown.py
[2024-03-06T14:02:31.746+0000] {logging_mixin.py:188} INFO - [2024-03-06T14:02:31.746+0000] {dag.py:3047} INFO - Sync 1 DAGs
[2024-03-06T14:02:31.773+0000] {logging_mixin.py:188} INFO - [2024-03-06T14:02:31.772+0000] {dag.py:3834} INFO - Setting next_dagrun for example_setup_teardown to 2024-03-05 00:00:00+00:00, run_after=2024-03-06 00:00:00+00:00
[2024-03-06T14:02:31.804+0000] {processor.py:183} INFO - Processing /home/airflow/.local/lib/python3.11/site-packages/airflow/example_dags/example_setup_teardown.py took 0.106 seconds
[2024-03-06T14:03:02.028+0000] {processor.py:161} INFO - Started process (PID=9184) to work on /home/airflow/.local/lib/python3.11/site-packages/airflow/example_dags/example_setup_teardown.py
[2024-03-06T14:03:02.029+0000] {processor.py:830} INFO - Processing file /home/airflow/.local/lib/python3.11/site-packages/airflow/example_dags/example_setup_teardown.py for tasks to queue
[2024-03-06T14:03:02.032+0000] {logging_mixin.py:188} INFO - [2024-03-06T14:03:02.032+0000] {dagbag.py:540} INFO - Filling up the DagBag from /home/airflow/.local/lib/python3.11/site-packages/airflow/example_dags/example_setup_teardown.py
[2024-03-06T14:03:02.042+0000] {processor.py:840} INFO - DAG(s) 'example_setup_teardown' retrieved from /home/airflow/.local/lib/python3.11/site-packages/airflow/example_dags/example_setup_teardown.py
[2024-03-06T14:03:02.067+0000] {logging_mixin.py:188} INFO - [2024-03-06T14:03:02.066+0000] {dag.py:3047} INFO - Sync 1 DAGs
[2024-03-06T14:03:02.089+0000] {logging_mixin.py:188} INFO - [2024-03-06T14:03:02.089+0000] {dag.py:3834} INFO - Setting next_dagrun for example_setup_teardown to 2024-03-05 00:00:00+00:00, run_after=2024-03-06 00:00:00+00:00
[2024-03-06T14:03:02.114+0000] {processor.py:183} INFO - Processing /home/airflow/.local/lib/python3.11/site-packages/airflow/example_dags/example_setup_teardown.py took 0.090 seconds
[2024-03-06T14:03:32.314+0000] {processor.py:161} INFO - Started process (PID=9431) to work on /home/airflow/.local/lib/python3.11/site-packages/airflow/example_dags/example_setup_teardown.py
[2024-03-06T14:03:32.317+0000] {processor.py:830} INFO - Processing file /home/airflow/.local/lib/python3.11/site-packages/airflow/example_dags/example_setup_teardown.py for tasks to queue
[2024-03-06T14:03:32.320+0000] {logging_mixin.py:188} INFO - [2024-03-06T14:03:32.319+0000] {dagbag.py:540} INFO - Filling up the DagBag from /home/airflow/.local/lib/python3.11/site-packages/airflow/example_dags/example_setup_teardown.py
[2024-03-06T14:03:32.337+0000] {processor.py:840} INFO - DAG(s) 'example_setup_teardown' retrieved from /home/airflow/.local/lib/python3.11/site-packages/airflow/example_dags/example_setup_teardown.py
[2024-03-06T14:03:32.369+0000] {logging_mixin.py:188} INFO - [2024-03-06T14:03:32.369+0000] {dag.py:3047} INFO - Sync 1 DAGs
[2024-03-06T14:03:32.396+0000] {logging_mixin.py:188} INFO - [2024-03-06T14:03:32.396+0000] {dag.py:3834} INFO - Setting next_dagrun for example_setup_teardown to 2024-03-05 00:00:00+00:00, run_after=2024-03-06 00:00:00+00:00
[2024-03-06T14:03:32.416+0000] {processor.py:183} INFO - Processing /home/airflow/.local/lib/python3.11/site-packages/airflow/example_dags/example_setup_teardown.py took 0.110 seconds
[2024-03-06T14:04:03.436+0000] {processor.py:161} INFO - Started process (PID=9678) to work on /home/airflow/.local/lib/python3.11/site-packages/airflow/example_dags/example_setup_teardown.py
[2024-03-06T14:04:03.438+0000] {processor.py:830} INFO - Processing file /home/airflow/.local/lib/python3.11/site-packages/airflow/example_dags/example_setup_teardown.py for tasks to queue
[2024-03-06T14:04:03.440+0000] {logging_mixin.py:188} INFO - [2024-03-06T14:04:03.440+0000] {dagbag.py:540} INFO - Filling up the DagBag from /home/airflow/.local/lib/python3.11/site-packages/airflow/example_dags/example_setup_teardown.py
[2024-03-06T14:04:03.451+0000] {processor.py:840} INFO - DAG(s) 'example_setup_teardown' retrieved from /home/airflow/.local/lib/python3.11/site-packages/airflow/example_dags/example_setup_teardown.py
[2024-03-06T14:04:03.481+0000] {logging_mixin.py:188} INFO - [2024-03-06T14:04:03.481+0000] {dag.py:3047} INFO - Sync 1 DAGs
[2024-03-06T14:04:03.511+0000] {logging_mixin.py:188} INFO - [2024-03-06T14:04:03.510+0000] {dag.py:3834} INFO - Setting next_dagrun for example_setup_teardown to 2024-03-05 00:00:00+00:00, run_after=2024-03-06 00:00:00+00:00
[2024-03-06T14:04:03.547+0000] {processor.py:183} INFO - Processing /home/airflow/.local/lib/python3.11/site-packages/airflow/example_dags/example_setup_teardown.py took 0.115 seconds
[2024-03-06T14:04:33.934+0000] {processor.py:161} INFO - Started process (PID=9925) to work on /home/airflow/.local/lib/python3.11/site-packages/airflow/example_dags/example_setup_teardown.py
[2024-03-06T14:04:33.935+0000] {processor.py:830} INFO - Processing file /home/airflow/.local/lib/python3.11/site-packages/airflow/example_dags/example_setup_teardown.py for tasks to queue
[2024-03-06T14:04:33.939+0000] {logging_mixin.py:188} INFO - [2024-03-06T14:04:33.938+0000] {dagbag.py:540} INFO - Filling up the DagBag from /home/airflow/.local/lib/python3.11/site-packages/airflow/example_dags/example_setup_teardown.py
[2024-03-06T14:04:33.948+0000] {processor.py:840} INFO - DAG(s) 'example_setup_teardown' retrieved from /home/airflow/.local/lib/python3.11/site-packages/airflow/example_dags/example_setup_teardown.py
[2024-03-06T14:04:33.969+0000] {logging_mixin.py:188} INFO - [2024-03-06T14:04:33.969+0000] {dag.py:3047} INFO - Sync 1 DAGs
[2024-03-06T14:04:33.991+0000] {logging_mixin.py:188} INFO - [2024-03-06T14:04:33.990+0000] {dag.py:3834} INFO - Setting next_dagrun for example_setup_teardown to 2024-03-05 00:00:00+00:00, run_after=2024-03-06 00:00:00+00:00
[2024-03-06T14:04:34.014+0000] {processor.py:183} INFO - Processing /home/airflow/.local/lib/python3.11/site-packages/airflow/example_dags/example_setup_teardown.py took 0.083 seconds
[2024-03-06T14:05:04.293+0000] {processor.py:161} INFO - Started process (PID=10172) to work on /home/airflow/.local/lib/python3.11/site-packages/airflow/example_dags/example_setup_teardown.py
[2024-03-06T14:05:04.295+0000] {processor.py:830} INFO - Processing file /home/airflow/.local/lib/python3.11/site-packages/airflow/example_dags/example_setup_teardown.py for tasks to queue
[2024-03-06T14:05:04.296+0000] {logging_mixin.py:188} INFO - [2024-03-06T14:05:04.295+0000] {dagbag.py:540} INFO - Filling up the DagBag from /home/airflow/.local/lib/python3.11/site-packages/airflow/example_dags/example_setup_teardown.py
[2024-03-06T14:05:04.305+0000] {processor.py:840} INFO - DAG(s) 'example_setup_teardown' retrieved from /home/airflow/.local/lib/python3.11/site-packages/airflow/example_dags/example_setup_teardown.py
[2024-03-06T14:05:04.331+0000] {logging_mixin.py:188} INFO - [2024-03-06T14:05:04.331+0000] {dag.py:3047} INFO - Sync 1 DAGs
[2024-03-06T14:05:04.357+0000] {logging_mixin.py:188} INFO - [2024-03-06T14:05:04.357+0000] {dag.py:3834} INFO - Setting next_dagrun for example_setup_teardown to 2024-03-05 00:00:00+00:00, run_after=2024-03-06 00:00:00+00:00
[2024-03-06T14:05:04.407+0000] {processor.py:183} INFO - Processing /home/airflow/.local/lib/python3.11/site-packages/airflow/example_dags/example_setup_teardown.py took 0.117 seconds
[2024-03-06T14:05:34.486+0000] {processor.py:161} INFO - Started process (PID=10419) to work on /home/airflow/.local/lib/python3.11/site-packages/airflow/example_dags/example_setup_teardown.py
[2024-03-06T14:05:34.487+0000] {processor.py:830} INFO - Processing file /home/airflow/.local/lib/python3.11/site-packages/airflow/example_dags/example_setup_teardown.py for tasks to queue
[2024-03-06T14:05:34.489+0000] {logging_mixin.py:188} INFO - [2024-03-06T14:05:34.489+0000] {dagbag.py:540} INFO - Filling up the DagBag from /home/airflow/.local/lib/python3.11/site-packages/airflow/example_dags/example_setup_teardown.py
[2024-03-06T14:05:34.501+0000] {processor.py:840} INFO - DAG(s) 'example_setup_teardown' retrieved from /home/airflow/.local/lib/python3.11/site-packages/airflow/example_dags/example_setup_teardown.py
[2024-03-06T14:05:34.523+0000] {logging_mixin.py:188} INFO - [2024-03-06T14:05:34.523+0000] {dag.py:3047} INFO - Sync 1 DAGs
[2024-03-06T14:05:34.543+0000] {logging_mixin.py:188} INFO - [2024-03-06T14:05:34.543+0000] {dag.py:3834} INFO - Setting next_dagrun for example_setup_teardown to 2024-03-05 00:00:00+00:00, run_after=2024-03-06 00:00:00+00:00
[2024-03-06T14:05:34.563+0000] {processor.py:183} INFO - Processing /home/airflow/.local/lib/python3.11/site-packages/airflow/example_dags/example_setup_teardown.py took 0.081 seconds
[2024-03-06T14:06:04.633+0000] {processor.py:161} INFO - Started process (PID=10666) to work on /home/airflow/.local/lib/python3.11/site-packages/airflow/example_dags/example_setup_teardown.py
[2024-03-06T14:06:04.634+0000] {processor.py:830} INFO - Processing file /home/airflow/.local/lib/python3.11/site-packages/airflow/example_dags/example_setup_teardown.py for tasks to queue
[2024-03-06T14:06:04.636+0000] {logging_mixin.py:188} INFO - [2024-03-06T14:06:04.635+0000] {dagbag.py:540} INFO - Filling up the DagBag from /home/airflow/.local/lib/python3.11/site-packages/airflow/example_dags/example_setup_teardown.py
[2024-03-06T14:06:04.646+0000] {processor.py:840} INFO - DAG(s) 'example_setup_teardown' retrieved from /home/airflow/.local/lib/python3.11/site-packages/airflow/example_dags/example_setup_teardown.py
[2024-03-06T14:06:04.667+0000] {logging_mixin.py:188} INFO - [2024-03-06T14:06:04.667+0000] {dag.py:3047} INFO - Sync 1 DAGs
[2024-03-06T14:06:04.696+0000] {logging_mixin.py:188} INFO - [2024-03-06T14:06:04.696+0000] {dag.py:3834} INFO - Setting next_dagrun for example_setup_teardown to 2024-03-05 00:00:00+00:00, run_after=2024-03-06 00:00:00+00:00
[2024-03-06T14:06:04.721+0000] {processor.py:183} INFO - Processing /home/airflow/.local/lib/python3.11/site-packages/airflow/example_dags/example_setup_teardown.py took 0.093 seconds
[2024-03-06T14:06:34.781+0000] {processor.py:161} INFO - Started process (PID=10912) to work on /home/airflow/.local/lib/python3.11/site-packages/airflow/example_dags/example_setup_teardown.py
[2024-03-06T14:06:34.783+0000] {processor.py:830} INFO - Processing file /home/airflow/.local/lib/python3.11/site-packages/airflow/example_dags/example_setup_teardown.py for tasks to queue
[2024-03-06T14:06:34.785+0000] {logging_mixin.py:188} INFO - [2024-03-06T14:06:34.784+0000] {dagbag.py:540} INFO - Filling up the DagBag from /home/airflow/.local/lib/python3.11/site-packages/airflow/example_dags/example_setup_teardown.py
[2024-03-06T14:06:34.796+0000] {processor.py:840} INFO - DAG(s) 'example_setup_teardown' retrieved from /home/airflow/.local/lib/python3.11/site-packages/airflow/example_dags/example_setup_teardown.py
[2024-03-06T14:06:34.820+0000] {logging_mixin.py:188} INFO - [2024-03-06T14:06:34.819+0000] {dag.py:3047} INFO - Sync 1 DAGs
[2024-03-06T14:06:34.854+0000] {logging_mixin.py:188} INFO - [2024-03-06T14:06:34.853+0000] {dag.py:3834} INFO - Setting next_dagrun for example_setup_teardown to 2024-03-05 00:00:00+00:00, run_after=2024-03-06 00:00:00+00:00
[2024-03-06T14:06:34.883+0000] {processor.py:183} INFO - Processing /home/airflow/.local/lib/python3.11/site-packages/airflow/example_dags/example_setup_teardown.py took 0.106 seconds
[2024-03-06T14:07:05.255+0000] {processor.py:161} INFO - Started process (PID=11159) to work on /home/airflow/.local/lib/python3.11/site-packages/airflow/example_dags/example_setup_teardown.py
[2024-03-06T14:07:05.256+0000] {processor.py:830} INFO - Processing file /home/airflow/.local/lib/python3.11/site-packages/airflow/example_dags/example_setup_teardown.py for tasks to queue
[2024-03-06T14:07:05.258+0000] {logging_mixin.py:188} INFO - [2024-03-06T14:07:05.257+0000] {dagbag.py:540} INFO - Filling up the DagBag from /home/airflow/.local/lib/python3.11/site-packages/airflow/example_dags/example_setup_teardown.py
[2024-03-06T14:07:05.267+0000] {processor.py:840} INFO - DAG(s) 'example_setup_teardown' retrieved from /home/airflow/.local/lib/python3.11/site-packages/airflow/example_dags/example_setup_teardown.py
[2024-03-06T14:07:05.291+0000] {logging_mixin.py:188} INFO - [2024-03-06T14:07:05.290+0000] {dag.py:3047} INFO - Sync 1 DAGs
[2024-03-06T14:07:05.321+0000] {logging_mixin.py:188} INFO - [2024-03-06T14:07:05.321+0000] {dag.py:3834} INFO - Setting next_dagrun for example_setup_teardown to 2024-03-05 00:00:00+00:00, run_after=2024-03-06 00:00:00+00:00
[2024-03-06T14:07:05.348+0000] {processor.py:183} INFO - Processing /home/airflow/.local/lib/python3.11/site-packages/airflow/example_dags/example_setup_teardown.py took 0.097 seconds
[2024-03-06T14:07:36.034+0000] {processor.py:161} INFO - Started process (PID=11406) to work on /home/airflow/.local/lib/python3.11/site-packages/airflow/example_dags/example_setup_teardown.py
[2024-03-06T14:07:36.041+0000] {processor.py:830} INFO - Processing file /home/airflow/.local/lib/python3.11/site-packages/airflow/example_dags/example_setup_teardown.py for tasks to queue
[2024-03-06T14:07:36.044+0000] {logging_mixin.py:188} INFO - [2024-03-06T14:07:36.043+0000] {dagbag.py:540} INFO - Filling up the DagBag from /home/airflow/.local/lib/python3.11/site-packages/airflow/example_dags/example_setup_teardown.py
[2024-03-06T14:07:36.065+0000] {processor.py:840} INFO - DAG(s) 'example_setup_teardown' retrieved from /home/airflow/.local/lib/python3.11/site-packages/airflow/example_dags/example_setup_teardown.py
[2024-03-06T14:07:36.098+0000] {logging_mixin.py:188} INFO - [2024-03-06T14:07:36.098+0000] {dag.py:3047} INFO - Sync 1 DAGs
[2024-03-06T14:07:36.130+0000] {logging_mixin.py:188} INFO - [2024-03-06T14:07:36.130+0000] {dag.py:3834} INFO - Setting next_dagrun for example_setup_teardown to 2024-03-05 00:00:00+00:00, run_after=2024-03-06 00:00:00+00:00
[2024-03-06T14:07:36.154+0000] {processor.py:183} INFO - Processing /home/airflow/.local/lib/python3.11/site-packages/airflow/example_dags/example_setup_teardown.py took 0.129 seconds
[2024-03-06T14:08:07.073+0000] {processor.py:161} INFO - Started process (PID=11653) to work on /home/airflow/.local/lib/python3.11/site-packages/airflow/example_dags/example_setup_teardown.py
[2024-03-06T14:08:07.080+0000] {processor.py:830} INFO - Processing file /home/airflow/.local/lib/python3.11/site-packages/airflow/example_dags/example_setup_teardown.py for tasks to queue
[2024-03-06T14:08:07.083+0000] {logging_mixin.py:188} INFO - [2024-03-06T14:08:07.082+0000] {dagbag.py:540} INFO - Filling up the DagBag from /home/airflow/.local/lib/python3.11/site-packages/airflow/example_dags/example_setup_teardown.py
[2024-03-06T14:08:07.093+0000] {processor.py:840} INFO - DAG(s) 'example_setup_teardown' retrieved from /home/airflow/.local/lib/python3.11/site-packages/airflow/example_dags/example_setup_teardown.py
[2024-03-06T14:08:07.113+0000] {logging_mixin.py:188} INFO - [2024-03-06T14:08:07.113+0000] {dag.py:3047} INFO - Sync 1 DAGs
[2024-03-06T14:08:07.134+0000] {logging_mixin.py:188} INFO - [2024-03-06T14:08:07.134+0000] {dag.py:3834} INFO - Setting next_dagrun for example_setup_teardown to 2024-03-05 00:00:00+00:00, run_after=2024-03-06 00:00:00+00:00
[2024-03-06T14:08:07.155+0000] {processor.py:183} INFO - Processing /home/airflow/.local/lib/python3.11/site-packages/airflow/example_dags/example_setup_teardown.py took 0.086 seconds
[2024-03-06T14:08:37.430+0000] {processor.py:161} INFO - Started process (PID=11900) to work on /home/airflow/.local/lib/python3.11/site-packages/airflow/example_dags/example_setup_teardown.py
[2024-03-06T14:08:37.431+0000] {processor.py:830} INFO - Processing file /home/airflow/.local/lib/python3.11/site-packages/airflow/example_dags/example_setup_teardown.py for tasks to queue
[2024-03-06T14:08:37.434+0000] {logging_mixin.py:188} INFO - [2024-03-06T14:08:37.434+0000] {dagbag.py:540} INFO - Filling up the DagBag from /home/airflow/.local/lib/python3.11/site-packages/airflow/example_dags/example_setup_teardown.py
[2024-03-06T14:08:37.443+0000] {processor.py:840} INFO - DAG(s) 'example_setup_teardown' retrieved from /home/airflow/.local/lib/python3.11/site-packages/airflow/example_dags/example_setup_teardown.py
[2024-03-06T14:08:37.467+0000] {logging_mixin.py:188} INFO - [2024-03-06T14:08:37.466+0000] {dag.py:3047} INFO - Sync 1 DAGs
[2024-03-06T14:08:37.486+0000] {logging_mixin.py:188} INFO - [2024-03-06T14:08:37.486+0000] {dag.py:3834} INFO - Setting next_dagrun for example_setup_teardown to 2024-03-05 00:00:00+00:00, run_after=2024-03-06 00:00:00+00:00
[2024-03-06T14:08:37.509+0000] {processor.py:183} INFO - Processing /home/airflow/.local/lib/python3.11/site-packages/airflow/example_dags/example_setup_teardown.py took 0.082 seconds
[2024-03-06T14:09:08.379+0000] {processor.py:161} INFO - Started process (PID=12146) to work on /home/airflow/.local/lib/python3.11/site-packages/airflow/example_dags/example_setup_teardown.py
[2024-03-06T14:09:08.385+0000] {processor.py:830} INFO - Processing file /home/airflow/.local/lib/python3.11/site-packages/airflow/example_dags/example_setup_teardown.py for tasks to queue
[2024-03-06T14:09:08.387+0000] {logging_mixin.py:188} INFO - [2024-03-06T14:09:08.386+0000] {dagbag.py:540} INFO - Filling up the DagBag from /home/airflow/.local/lib/python3.11/site-packages/airflow/example_dags/example_setup_teardown.py
[2024-03-06T14:09:08.396+0000] {processor.py:840} INFO - DAG(s) 'example_setup_teardown' retrieved from /home/airflow/.local/lib/python3.11/site-packages/airflow/example_dags/example_setup_teardown.py
[2024-03-06T14:09:08.416+0000] {logging_mixin.py:188} INFO - [2024-03-06T14:09:08.416+0000] {dag.py:3047} INFO - Sync 1 DAGs
[2024-03-06T14:09:08.437+0000] {logging_mixin.py:188} INFO - [2024-03-06T14:09:08.437+0000] {dag.py:3834} INFO - Setting next_dagrun for example_setup_teardown to 2024-03-05 00:00:00+00:00, run_after=2024-03-06 00:00:00+00:00
[2024-03-06T14:09:08.456+0000] {processor.py:183} INFO - Processing /home/airflow/.local/lib/python3.11/site-packages/airflow/example_dags/example_setup_teardown.py took 0.081 seconds
[2024-03-06T14:09:39.235+0000] {processor.py:161} INFO - Started process (PID=12392) to work on /home/airflow/.local/lib/python3.11/site-packages/airflow/example_dags/example_setup_teardown.py
[2024-03-06T14:09:39.242+0000] {processor.py:830} INFO - Processing file /home/airflow/.local/lib/python3.11/site-packages/airflow/example_dags/example_setup_teardown.py for tasks to queue
[2024-03-06T14:09:39.243+0000] {logging_mixin.py:188} INFO - [2024-03-06T14:09:39.243+0000] {dagbag.py:540} INFO - Filling up the DagBag from /home/airflow/.local/lib/python3.11/site-packages/airflow/example_dags/example_setup_teardown.py
[2024-03-06T14:09:39.252+0000] {processor.py:840} INFO - DAG(s) 'example_setup_teardown' retrieved from /home/airflow/.local/lib/python3.11/site-packages/airflow/example_dags/example_setup_teardown.py
[2024-03-06T14:09:39.271+0000] {logging_mixin.py:188} INFO - [2024-03-06T14:09:39.271+0000] {dag.py:3047} INFO - Sync 1 DAGs
[2024-03-06T14:09:39.295+0000] {logging_mixin.py:188} INFO - [2024-03-06T14:09:39.295+0000] {dag.py:3834} INFO - Setting next_dagrun for example_setup_teardown to 2024-03-05 00:00:00+00:00, run_after=2024-03-06 00:00:00+00:00
[2024-03-06T14:09:39.313+0000] {processor.py:183} INFO - Processing /home/airflow/.local/lib/python3.11/site-packages/airflow/example_dags/example_setup_teardown.py took 0.081 seconds
[2024-03-06T14:10:10.123+0000] {processor.py:161} INFO - Started process (PID=12639) to work on /home/airflow/.local/lib/python3.11/site-packages/airflow/example_dags/example_setup_teardown.py
[2024-03-06T14:10:10.125+0000] {processor.py:830} INFO - Processing file /home/airflow/.local/lib/python3.11/site-packages/airflow/example_dags/example_setup_teardown.py for tasks to queue
[2024-03-06T14:10:10.126+0000] {logging_mixin.py:188} INFO - [2024-03-06T14:10:10.126+0000] {dagbag.py:540} INFO - Filling up the DagBag from /home/airflow/.local/lib/python3.11/site-packages/airflow/example_dags/example_setup_teardown.py
[2024-03-06T14:10:10.136+0000] {processor.py:840} INFO - DAG(s) 'example_setup_teardown' retrieved from /home/airflow/.local/lib/python3.11/site-packages/airflow/example_dags/example_setup_teardown.py
[2024-03-06T14:10:10.155+0000] {logging_mixin.py:188} INFO - [2024-03-06T14:10:10.154+0000] {dag.py:3047} INFO - Sync 1 DAGs
[2024-03-06T14:10:10.174+0000] {logging_mixin.py:188} INFO - [2024-03-06T14:10:10.173+0000] {dag.py:3834} INFO - Setting next_dagrun for example_setup_teardown to 2024-03-05 00:00:00+00:00, run_after=2024-03-06 00:00:00+00:00
[2024-03-06T14:10:10.196+0000] {processor.py:183} INFO - Processing /home/airflow/.local/lib/python3.11/site-packages/airflow/example_dags/example_setup_teardown.py took 0.076 seconds
[2024-03-06T14:10:40.260+0000] {processor.py:161} INFO - Started process (PID=12886) to work on /home/airflow/.local/lib/python3.11/site-packages/airflow/example_dags/example_setup_teardown.py
[2024-03-06T14:10:40.261+0000] {processor.py:830} INFO - Processing file /home/airflow/.local/lib/python3.11/site-packages/airflow/example_dags/example_setup_teardown.py for tasks to queue
[2024-03-06T14:10:40.262+0000] {logging_mixin.py:188} INFO - [2024-03-06T14:10:40.262+0000] {dagbag.py:540} INFO - Filling up the DagBag from /home/airflow/.local/lib/python3.11/site-packages/airflow/example_dags/example_setup_teardown.py
[2024-03-06T14:10:40.270+0000] {processor.py:840} INFO - DAG(s) 'example_setup_teardown' retrieved from /home/airflow/.local/lib/python3.11/site-packages/airflow/example_dags/example_setup_teardown.py
[2024-03-06T14:10:40.289+0000] {logging_mixin.py:188} INFO - [2024-03-06T14:10:40.289+0000] {dag.py:3047} INFO - Sync 1 DAGs
[2024-03-06T14:10:40.310+0000] {logging_mixin.py:188} INFO - [2024-03-06T14:10:40.309+0000] {dag.py:3834} INFO - Setting next_dagrun for example_setup_teardown to 2024-03-05 00:00:00+00:00, run_after=2024-03-06 00:00:00+00:00
[2024-03-06T14:10:40.328+0000] {processor.py:183} INFO - Processing /home/airflow/.local/lib/python3.11/site-packages/airflow/example_dags/example_setup_teardown.py took 0.073 seconds
[2024-03-06T14:11:11.213+0000] {processor.py:161} INFO - Started process (PID=13133) to work on /home/airflow/.local/lib/python3.11/site-packages/airflow/example_dags/example_setup_teardown.py
[2024-03-06T14:11:11.214+0000] {processor.py:830} INFO - Processing file /home/airflow/.local/lib/python3.11/site-packages/airflow/example_dags/example_setup_teardown.py for tasks to queue
[2024-03-06T14:11:11.215+0000] {logging_mixin.py:188} INFO - [2024-03-06T14:11:11.214+0000] {dagbag.py:540} INFO - Filling up the DagBag from /home/airflow/.local/lib/python3.11/site-packages/airflow/example_dags/example_setup_teardown.py
[2024-03-06T14:11:11.223+0000] {processor.py:840} INFO - DAG(s) 'example_setup_teardown' retrieved from /home/airflow/.local/lib/python3.11/site-packages/airflow/example_dags/example_setup_teardown.py
[2024-03-06T14:11:11.242+0000] {logging_mixin.py:188} INFO - [2024-03-06T14:11:11.241+0000] {dag.py:3047} INFO - Sync 1 DAGs
[2024-03-06T14:11:11.260+0000] {logging_mixin.py:188} INFO - [2024-03-06T14:11:11.259+0000] {dag.py:3834} INFO - Setting next_dagrun for example_setup_teardown to 2024-03-05 00:00:00+00:00, run_after=2024-03-06 00:00:00+00:00
[2024-03-06T14:11:11.281+0000] {processor.py:183} INFO - Processing /home/airflow/.local/lib/python3.11/site-packages/airflow/example_dags/example_setup_teardown.py took 0.072 seconds
[2024-03-06T14:11:41.906+0000] {processor.py:161} INFO - Started process (PID=13380) to work on /home/airflow/.local/lib/python3.11/site-packages/airflow/example_dags/example_setup_teardown.py
[2024-03-06T14:11:41.907+0000] {processor.py:830} INFO - Processing file /home/airflow/.local/lib/python3.11/site-packages/airflow/example_dags/example_setup_teardown.py for tasks to queue
[2024-03-06T14:11:41.910+0000] {logging_mixin.py:188} INFO - [2024-03-06T14:11:41.909+0000] {dagbag.py:540} INFO - Filling up the DagBag from /home/airflow/.local/lib/python3.11/site-packages/airflow/example_dags/example_setup_teardown.py
[2024-03-06T14:11:41.919+0000] {processor.py:840} INFO - DAG(s) 'example_setup_teardown' retrieved from /home/airflow/.local/lib/python3.11/site-packages/airflow/example_dags/example_setup_teardown.py
[2024-03-06T14:11:41.946+0000] {logging_mixin.py:188} INFO - [2024-03-06T14:11:41.946+0000] {dag.py:3047} INFO - Sync 1 DAGs
[2024-03-06T14:11:41.968+0000] {logging_mixin.py:188} INFO - [2024-03-06T14:11:41.967+0000] {dag.py:3834} INFO - Setting next_dagrun for example_setup_teardown to 2024-03-05 00:00:00+00:00, run_after=2024-03-06 00:00:00+00:00
[2024-03-06T14:11:41.985+0000] {processor.py:183} INFO - Processing /home/airflow/.local/lib/python3.11/site-packages/airflow/example_dags/example_setup_teardown.py took 0.084 seconds
[2024-03-06T14:12:12.527+0000] {processor.py:161} INFO - Started process (PID=13627) to work on /home/airflow/.local/lib/python3.11/site-packages/airflow/example_dags/example_setup_teardown.py
[2024-03-06T14:12:12.528+0000] {processor.py:830} INFO - Processing file /home/airflow/.local/lib/python3.11/site-packages/airflow/example_dags/example_setup_teardown.py for tasks to queue
[2024-03-06T14:12:12.529+0000] {logging_mixin.py:188} INFO - [2024-03-06T14:12:12.529+0000] {dagbag.py:540} INFO - Filling up the DagBag from /home/airflow/.local/lib/python3.11/site-packages/airflow/example_dags/example_setup_teardown.py
[2024-03-06T14:12:12.539+0000] {processor.py:840} INFO - DAG(s) 'example_setup_teardown' retrieved from /home/airflow/.local/lib/python3.11/site-packages/airflow/example_dags/example_setup_teardown.py
[2024-03-06T14:12:12.558+0000] {logging_mixin.py:188} INFO - [2024-03-06T14:12:12.558+0000] {dag.py:3047} INFO - Sync 1 DAGs
[2024-03-06T14:12:12.576+0000] {logging_mixin.py:188} INFO - [2024-03-06T14:12:12.575+0000] {dag.py:3834} INFO - Setting next_dagrun for example_setup_teardown to 2024-03-05 00:00:00+00:00, run_after=2024-03-06 00:00:00+00:00
[2024-03-06T14:12:12.595+0000] {processor.py:183} INFO - Processing /home/airflow/.local/lib/python3.11/site-packages/airflow/example_dags/example_setup_teardown.py took 0.072 seconds
[2024-03-06T14:12:43.093+0000] {processor.py:161} INFO - Started process (PID=13874) to work on /home/airflow/.local/lib/python3.11/site-packages/airflow/example_dags/example_setup_teardown.py
[2024-03-06T14:12:43.095+0000] {processor.py:830} INFO - Processing file /home/airflow/.local/lib/python3.11/site-packages/airflow/example_dags/example_setup_teardown.py for tasks to queue
[2024-03-06T14:12:43.097+0000] {logging_mixin.py:188} INFO - [2024-03-06T14:12:43.096+0000] {dagbag.py:540} INFO - Filling up the DagBag from /home/airflow/.local/lib/python3.11/site-packages/airflow/example_dags/example_setup_teardown.py
[2024-03-06T14:12:43.110+0000] {processor.py:840} INFO - DAG(s) 'example_setup_teardown' retrieved from /home/airflow/.local/lib/python3.11/site-packages/airflow/example_dags/example_setup_teardown.py
[2024-03-06T14:12:43.135+0000] {logging_mixin.py:188} INFO - [2024-03-06T14:12:43.135+0000] {dag.py:3047} INFO - Sync 1 DAGs
[2024-03-06T14:12:43.159+0000] {logging_mixin.py:188} INFO - [2024-03-06T14:12:43.158+0000] {dag.py:3834} INFO - Setting next_dagrun for example_setup_teardown to 2024-03-05 00:00:00+00:00, run_after=2024-03-06 00:00:00+00:00
[2024-03-06T14:12:43.183+0000] {processor.py:183} INFO - Processing /home/airflow/.local/lib/python3.11/site-packages/airflow/example_dags/example_setup_teardown.py took 0.094 seconds
[2024-03-06T14:13:14.017+0000] {processor.py:161} INFO - Started process (PID=14121) to work on /home/airflow/.local/lib/python3.11/site-packages/airflow/example_dags/example_setup_teardown.py
[2024-03-06T14:13:14.018+0000] {processor.py:830} INFO - Processing file /home/airflow/.local/lib/python3.11/site-packages/airflow/example_dags/example_setup_teardown.py for tasks to queue
[2024-03-06T14:13:14.019+0000] {logging_mixin.py:188} INFO - [2024-03-06T14:13:14.019+0000] {dagbag.py:540} INFO - Filling up the DagBag from /home/airflow/.local/lib/python3.11/site-packages/airflow/example_dags/example_setup_teardown.py
[2024-03-06T14:13:14.032+0000] {processor.py:840} INFO - DAG(s) 'example_setup_teardown' retrieved from /home/airflow/.local/lib/python3.11/site-packages/airflow/example_dags/example_setup_teardown.py
[2024-03-06T14:13:14.056+0000] {logging_mixin.py:188} INFO - [2024-03-06T14:13:14.056+0000] {dag.py:3047} INFO - Sync 1 DAGs
[2024-03-06T14:13:14.080+0000] {logging_mixin.py:188} INFO - [2024-03-06T14:13:14.080+0000] {dag.py:3834} INFO - Setting next_dagrun for example_setup_teardown to 2024-03-05 00:00:00+00:00, run_after=2024-03-06 00:00:00+00:00
[2024-03-06T14:13:14.098+0000] {processor.py:183} INFO - Processing /home/airflow/.local/lib/python3.11/site-packages/airflow/example_dags/example_setup_teardown.py took 0.084 seconds
[2024-03-06T14:13:44.599+0000] {processor.py:161} INFO - Started process (PID=14368) to work on /home/airflow/.local/lib/python3.11/site-packages/airflow/example_dags/example_setup_teardown.py
[2024-03-06T14:13:44.601+0000] {processor.py:830} INFO - Processing file /home/airflow/.local/lib/python3.11/site-packages/airflow/example_dags/example_setup_teardown.py for tasks to queue
[2024-03-06T14:13:44.603+0000] {logging_mixin.py:188} INFO - [2024-03-06T14:13:44.603+0000] {dagbag.py:540} INFO - Filling up the DagBag from /home/airflow/.local/lib/python3.11/site-packages/airflow/example_dags/example_setup_teardown.py
[2024-03-06T14:13:44.616+0000] {processor.py:840} INFO - DAG(s) 'example_setup_teardown' retrieved from /home/airflow/.local/lib/python3.11/site-packages/airflow/example_dags/example_setup_teardown.py
[2024-03-06T14:13:44.643+0000] {logging_mixin.py:188} INFO - [2024-03-06T14:13:44.642+0000] {dag.py:3047} INFO - Sync 1 DAGs
[2024-03-06T14:13:44.675+0000] {logging_mixin.py:188} INFO - [2024-03-06T14:13:44.675+0000] {dag.py:3834} INFO - Setting next_dagrun for example_setup_teardown to 2024-03-05 00:00:00+00:00, run_after=2024-03-06 00:00:00+00:00
[2024-03-06T14:13:44.702+0000] {processor.py:183} INFO - Processing /home/airflow/.local/lib/python3.11/site-packages/airflow/example_dags/example_setup_teardown.py took 0.108 seconds
[2024-03-06T14:14:15.477+0000] {processor.py:161} INFO - Started process (PID=14615) to work on /home/airflow/.local/lib/python3.11/site-packages/airflow/example_dags/example_setup_teardown.py
[2024-03-06T14:14:15.478+0000] {processor.py:830} INFO - Processing file /home/airflow/.local/lib/python3.11/site-packages/airflow/example_dags/example_setup_teardown.py for tasks to queue
[2024-03-06T14:14:15.480+0000] {logging_mixin.py:188} INFO - [2024-03-06T14:14:15.479+0000] {dagbag.py:540} INFO - Filling up the DagBag from /home/airflow/.local/lib/python3.11/site-packages/airflow/example_dags/example_setup_teardown.py
[2024-03-06T14:14:15.494+0000] {processor.py:840} INFO - DAG(s) 'example_setup_teardown' retrieved from /home/airflow/.local/lib/python3.11/site-packages/airflow/example_dags/example_setup_teardown.py
[2024-03-06T14:14:15.528+0000] {logging_mixin.py:188} INFO - [2024-03-06T14:14:15.528+0000] {dag.py:3047} INFO - Sync 1 DAGs
[2024-03-06T14:14:15.553+0000] {logging_mixin.py:188} INFO - [2024-03-06T14:14:15.553+0000] {dag.py:3834} INFO - Setting next_dagrun for example_setup_teardown to 2024-03-05 00:00:00+00:00, run_after=2024-03-06 00:00:00+00:00
[2024-03-06T14:14:15.577+0000] {processor.py:183} INFO - Processing /home/airflow/.local/lib/python3.11/site-packages/airflow/example_dags/example_setup_teardown.py took 0.103 seconds
[2024-03-06T14:14:45.693+0000] {processor.py:161} INFO - Started process (PID=14862) to work on /home/airflow/.local/lib/python3.11/site-packages/airflow/example_dags/example_setup_teardown.py
[2024-03-06T14:14:45.694+0000] {processor.py:830} INFO - Processing file /home/airflow/.local/lib/python3.11/site-packages/airflow/example_dags/example_setup_teardown.py for tasks to queue
[2024-03-06T14:14:45.697+0000] {logging_mixin.py:188} INFO - [2024-03-06T14:14:45.696+0000] {dagbag.py:540} INFO - Filling up the DagBag from /home/airflow/.local/lib/python3.11/site-packages/airflow/example_dags/example_setup_teardown.py
[2024-03-06T14:14:45.705+0000] {processor.py:840} INFO - DAG(s) 'example_setup_teardown' retrieved from /home/airflow/.local/lib/python3.11/site-packages/airflow/example_dags/example_setup_teardown.py
[2024-03-06T14:14:45.724+0000] {logging_mixin.py:188} INFO - [2024-03-06T14:14:45.724+0000] {dag.py:3047} INFO - Sync 1 DAGs
[2024-03-06T14:14:45.742+0000] {logging_mixin.py:188} INFO - [2024-03-06T14:14:45.742+0000] {dag.py:3834} INFO - Setting next_dagrun for example_setup_teardown to 2024-03-05 00:00:00+00:00, run_after=2024-03-06 00:00:00+00:00
[2024-03-06T14:14:45.759+0000] {processor.py:183} INFO - Processing /home/airflow/.local/lib/python3.11/site-packages/airflow/example_dags/example_setup_teardown.py took 0.070 seconds
[2024-03-06T14:15:15.905+0000] {processor.py:161} INFO - Started process (PID=15109) to work on /home/airflow/.local/lib/python3.11/site-packages/airflow/example_dags/example_setup_teardown.py
[2024-03-06T14:15:15.906+0000] {processor.py:830} INFO - Processing file /home/airflow/.local/lib/python3.11/site-packages/airflow/example_dags/example_setup_teardown.py for tasks to queue
[2024-03-06T14:15:15.907+0000] {logging_mixin.py:188} INFO - [2024-03-06T14:15:15.907+0000] {dagbag.py:540} INFO - Filling up the DagBag from /home/airflow/.local/lib/python3.11/site-packages/airflow/example_dags/example_setup_teardown.py
[2024-03-06T14:15:15.921+0000] {processor.py:840} INFO - DAG(s) 'example_setup_teardown' retrieved from /home/airflow/.local/lib/python3.11/site-packages/airflow/example_dags/example_setup_teardown.py
[2024-03-06T14:15:15.942+0000] {logging_mixin.py:188} INFO - [2024-03-06T14:15:15.941+0000] {dag.py:3047} INFO - Sync 1 DAGs
[2024-03-06T14:15:15.966+0000] {logging_mixin.py:188} INFO - [2024-03-06T14:15:15.966+0000] {dag.py:3834} INFO - Setting next_dagrun for example_setup_teardown to 2024-03-05 00:00:00+00:00, run_after=2024-03-06 00:00:00+00:00
[2024-03-06T14:15:15.988+0000] {processor.py:183} INFO - Processing /home/airflow/.local/lib/python3.11/site-packages/airflow/example_dags/example_setup_teardown.py took 0.088 seconds
[2024-03-06T14:15:46.896+0000] {processor.py:161} INFO - Started process (PID=15356) to work on /home/airflow/.local/lib/python3.11/site-packages/airflow/example_dags/example_setup_teardown.py
[2024-03-06T14:15:46.902+0000] {processor.py:830} INFO - Processing file /home/airflow/.local/lib/python3.11/site-packages/airflow/example_dags/example_setup_teardown.py for tasks to queue
[2024-03-06T14:15:46.903+0000] {logging_mixin.py:188} INFO - [2024-03-06T14:15:46.903+0000] {dagbag.py:540} INFO - Filling up the DagBag from /home/airflow/.local/lib/python3.11/site-packages/airflow/example_dags/example_setup_teardown.py
[2024-03-06T14:15:46.912+0000] {processor.py:840} INFO - DAG(s) 'example_setup_teardown' retrieved from /home/airflow/.local/lib/python3.11/site-packages/airflow/example_dags/example_setup_teardown.py
[2024-03-06T14:15:46.930+0000] {logging_mixin.py:188} INFO - [2024-03-06T14:15:46.930+0000] {dag.py:3047} INFO - Sync 1 DAGs
[2024-03-06T14:15:46.954+0000] {logging_mixin.py:188} INFO - [2024-03-06T14:15:46.954+0000] {dag.py:3834} INFO - Setting next_dagrun for example_setup_teardown to 2024-03-05 00:00:00+00:00, run_after=2024-03-06 00:00:00+00:00
[2024-03-06T14:15:47.001+0000] {processor.py:183} INFO - Processing /home/airflow/.local/lib/python3.11/site-packages/airflow/example_dags/example_setup_teardown.py took 0.108 seconds
[2024-03-06T14:16:17.166+0000] {processor.py:161} INFO - Started process (PID=15603) to work on /home/airflow/.local/lib/python3.11/site-packages/airflow/example_dags/example_setup_teardown.py
[2024-03-06T14:16:17.176+0000] {processor.py:830} INFO - Processing file /home/airflow/.local/lib/python3.11/site-packages/airflow/example_dags/example_setup_teardown.py for tasks to queue
[2024-03-06T14:16:17.179+0000] {logging_mixin.py:188} INFO - [2024-03-06T14:16:17.178+0000] {dagbag.py:540} INFO - Filling up the DagBag from /home/airflow/.local/lib/python3.11/site-packages/airflow/example_dags/example_setup_teardown.py
[2024-03-06T14:16:17.191+0000] {processor.py:840} INFO - DAG(s) 'example_setup_teardown' retrieved from /home/airflow/.local/lib/python3.11/site-packages/airflow/example_dags/example_setup_teardown.py
[2024-03-06T14:16:17.226+0000] {logging_mixin.py:188} INFO - [2024-03-06T14:16:17.225+0000] {dag.py:3047} INFO - Sync 1 DAGs
[2024-03-06T14:16:17.253+0000] {logging_mixin.py:188} INFO - [2024-03-06T14:16:17.253+0000] {dag.py:3834} INFO - Setting next_dagrun for example_setup_teardown to 2024-03-05 00:00:00+00:00, run_after=2024-03-06 00:00:00+00:00
[2024-03-06T14:16:17.281+0000] {processor.py:183} INFO - Processing /home/airflow/.local/lib/python3.11/site-packages/airflow/example_dags/example_setup_teardown.py took 0.126 seconds
[2024-03-06T14:16:47.990+0000] {processor.py:161} INFO - Started process (PID=15850) to work on /home/airflow/.local/lib/python3.11/site-packages/airflow/example_dags/example_setup_teardown.py
[2024-03-06T14:16:47.992+0000] {processor.py:830} INFO - Processing file /home/airflow/.local/lib/python3.11/site-packages/airflow/example_dags/example_setup_teardown.py for tasks to queue
[2024-03-06T14:16:47.993+0000] {logging_mixin.py:188} INFO - [2024-03-06T14:16:47.992+0000] {dagbag.py:540} INFO - Filling up the DagBag from /home/airflow/.local/lib/python3.11/site-packages/airflow/example_dags/example_setup_teardown.py
[2024-03-06T14:16:48.006+0000] {processor.py:840} INFO - DAG(s) 'example_setup_teardown' retrieved from /home/airflow/.local/lib/python3.11/site-packages/airflow/example_dags/example_setup_teardown.py
[2024-03-06T14:16:48.024+0000] {logging_mixin.py:188} INFO - [2024-03-06T14:16:48.023+0000] {dag.py:3047} INFO - Sync 1 DAGs
[2024-03-06T14:16:48.043+0000] {logging_mixin.py:188} INFO - [2024-03-06T14:16:48.043+0000] {dag.py:3834} INFO - Setting next_dagrun for example_setup_teardown to 2024-03-05 00:00:00+00:00, run_after=2024-03-06 00:00:00+00:00
[2024-03-06T14:16:48.063+0000] {processor.py:183} INFO - Processing /home/airflow/.local/lib/python3.11/site-packages/airflow/example_dags/example_setup_teardown.py took 0.076 seconds
[2024-03-06T14:17:18.772+0000] {processor.py:161} INFO - Started process (PID=16097) to work on /home/airflow/.local/lib/python3.11/site-packages/airflow/example_dags/example_setup_teardown.py
[2024-03-06T14:17:18.775+0000] {processor.py:830} INFO - Processing file /home/airflow/.local/lib/python3.11/site-packages/airflow/example_dags/example_setup_teardown.py for tasks to queue
[2024-03-06T14:17:18.776+0000] {logging_mixin.py:188} INFO - [2024-03-06T14:17:18.776+0000] {dagbag.py:540} INFO - Filling up the DagBag from /home/airflow/.local/lib/python3.11/site-packages/airflow/example_dags/example_setup_teardown.py
[2024-03-06T14:17:18.787+0000] {processor.py:840} INFO - DAG(s) 'example_setup_teardown' retrieved from /home/airflow/.local/lib/python3.11/site-packages/airflow/example_dags/example_setup_teardown.py
[2024-03-06T14:17:18.829+0000] {logging_mixin.py:188} INFO - [2024-03-06T14:17:18.825+0000] {dag.py:3047} INFO - Sync 1 DAGs
[2024-03-06T14:17:18.858+0000] {logging_mixin.py:188} INFO - [2024-03-06T14:17:18.858+0000] {dag.py:3834} INFO - Setting next_dagrun for example_setup_teardown to 2024-03-05 00:00:00+00:00, run_after=2024-03-06 00:00:00+00:00
[2024-03-06T14:17:18.937+0000] {processor.py:183} INFO - Processing /home/airflow/.local/lib/python3.11/site-packages/airflow/example_dags/example_setup_teardown.py took 0.170 seconds
[2024-03-06T14:17:49.069+0000] {processor.py:161} INFO - Started process (PID=16344) to work on /home/airflow/.local/lib/python3.11/site-packages/airflow/example_dags/example_setup_teardown.py
[2024-03-06T14:17:49.073+0000] {processor.py:830} INFO - Processing file /home/airflow/.local/lib/python3.11/site-packages/airflow/example_dags/example_setup_teardown.py for tasks to queue
[2024-03-06T14:17:49.075+0000] {logging_mixin.py:188} INFO - [2024-03-06T14:17:49.074+0000] {dagbag.py:540} INFO - Filling up the DagBag from /home/airflow/.local/lib/python3.11/site-packages/airflow/example_dags/example_setup_teardown.py
[2024-03-06T14:17:49.103+0000] {processor.py:840} INFO - DAG(s) 'example_setup_teardown' retrieved from /home/airflow/.local/lib/python3.11/site-packages/airflow/example_dags/example_setup_teardown.py
[2024-03-06T14:17:49.178+0000] {logging_mixin.py:188} INFO - [2024-03-06T14:17:49.177+0000] {dag.py:3047} INFO - Sync 1 DAGs
[2024-03-06T14:17:49.281+0000] {logging_mixin.py:188} INFO - [2024-03-06T14:17:49.280+0000] {dag.py:3834} INFO - Setting next_dagrun for example_setup_teardown to 2024-03-05 00:00:00+00:00, run_after=2024-03-06 00:00:00+00:00
[2024-03-06T14:17:49.362+0000] {processor.py:183} INFO - Processing /home/airflow/.local/lib/python3.11/site-packages/airflow/example_dags/example_setup_teardown.py took 0.297 seconds
[2024-03-06T14:18:20.186+0000] {processor.py:161} INFO - Started process (PID=16591) to work on /home/airflow/.local/lib/python3.11/site-packages/airflow/example_dags/example_setup_teardown.py
[2024-03-06T14:18:20.188+0000] {processor.py:830} INFO - Processing file /home/airflow/.local/lib/python3.11/site-packages/airflow/example_dags/example_setup_teardown.py for tasks to queue
[2024-03-06T14:18:20.191+0000] {logging_mixin.py:188} INFO - [2024-03-06T14:18:20.189+0000] {dagbag.py:540} INFO - Filling up the DagBag from /home/airflow/.local/lib/python3.11/site-packages/airflow/example_dags/example_setup_teardown.py
[2024-03-06T14:18:20.211+0000] {processor.py:840} INFO - DAG(s) 'example_setup_teardown' retrieved from /home/airflow/.local/lib/python3.11/site-packages/airflow/example_dags/example_setup_teardown.py
[2024-03-06T14:18:20.311+0000] {logging_mixin.py:188} INFO - [2024-03-06T14:18:20.311+0000] {dag.py:3047} INFO - Sync 1 DAGs
[2024-03-06T14:18:20.390+0000] {logging_mixin.py:188} INFO - [2024-03-06T14:18:20.389+0000] {dag.py:3834} INFO - Setting next_dagrun for example_setup_teardown to 2024-03-05 00:00:00+00:00, run_after=2024-03-06 00:00:00+00:00
[2024-03-06T14:18:20.438+0000] {processor.py:183} INFO - Processing /home/airflow/.local/lib/python3.11/site-packages/airflow/example_dags/example_setup_teardown.py took 0.258 seconds
[2024-03-06T14:18:50.735+0000] {processor.py:161} INFO - Started process (PID=16837) to work on /home/airflow/.local/lib/python3.11/site-packages/airflow/example_dags/example_setup_teardown.py
[2024-03-06T14:18:50.758+0000] {processor.py:830} INFO - Processing file /home/airflow/.local/lib/python3.11/site-packages/airflow/example_dags/example_setup_teardown.py for tasks to queue
[2024-03-06T14:18:50.767+0000] {logging_mixin.py:188} INFO - [2024-03-06T14:18:50.766+0000] {dagbag.py:540} INFO - Filling up the DagBag from /home/airflow/.local/lib/python3.11/site-packages/airflow/example_dags/example_setup_teardown.py
[2024-03-06T14:18:50.786+0000] {processor.py:840} INFO - DAG(s) 'example_setup_teardown' retrieved from /home/airflow/.local/lib/python3.11/site-packages/airflow/example_dags/example_setup_teardown.py
[2024-03-06T14:18:50.877+0000] {logging_mixin.py:188} INFO - [2024-03-06T14:18:50.876+0000] {dag.py:3047} INFO - Sync 1 DAGs
[2024-03-06T14:18:50.995+0000] {logging_mixin.py:188} INFO - [2024-03-06T14:18:50.994+0000] {dag.py:3834} INFO - Setting next_dagrun for example_setup_teardown to 2024-03-05 00:00:00+00:00, run_after=2024-03-06 00:00:00+00:00
[2024-03-06T14:18:51.115+0000] {processor.py:183} INFO - Processing /home/airflow/.local/lib/python3.11/site-packages/airflow/example_dags/example_setup_teardown.py took 0.386 seconds
