[2024-03-06T13:44:35.391+0000] {processor.py:161} INFO - Started process (PID=191) to work on /home/airflow/.local/lib/python3.11/site-packages/airflow/example_dags/tutorial_taskflow_api_virtualenv.py
[2024-03-06T13:44:35.393+0000] {processor.py:830} INFO - Processing file /home/airflow/.local/lib/python3.11/site-packages/airflow/example_dags/tutorial_taskflow_api_virtualenv.py for tasks to queue
[2024-03-06T13:44:35.395+0000] {logging_mixin.py:188} INFO - [2024-03-06T13:44:35.394+0000] {dagbag.py:540} INFO - Filling up the DagBag from /home/airflow/.local/lib/python3.11/site-packages/airflow/example_dags/tutorial_taskflow_api_virtualenv.py
[2024-03-06T13:44:35.421+0000] {processor.py:840} INFO - DAG(s) 'tutorial_taskflow_api_virtualenv' retrieved from /home/airflow/.local/lib/python3.11/site-packages/airflow/example_dags/tutorial_taskflow_api_virtualenv.py
[2024-03-06T13:44:35.827+0000] {logging_mixin.py:188} INFO - [2024-03-06T13:44:35.826+0000] {dag.py:3047} INFO - Sync 1 DAGs
[2024-03-06T13:44:35.841+0000] {logging_mixin.py:188} INFO - [2024-03-06T13:44:35.841+0000] {dag.py:3834} INFO - Setting next_dagrun for tutorial_taskflow_api_virtualenv to None, run_after=None
[2024-03-06T13:44:35.873+0000] {processor.py:183} INFO - Processing /home/airflow/.local/lib/python3.11/site-packages/airflow/example_dags/tutorial_taskflow_api_virtualenv.py took 0.487 seconds
[2024-03-06T13:45:05.936+0000] {processor.py:161} INFO - Started process (PID=452) to work on /home/airflow/.local/lib/python3.11/site-packages/airflow/example_dags/tutorial_taskflow_api_virtualenv.py
[2024-03-06T13:45:05.937+0000] {processor.py:830} INFO - Processing file /home/airflow/.local/lib/python3.11/site-packages/airflow/example_dags/tutorial_taskflow_api_virtualenv.py for tasks to queue
[2024-03-06T13:45:05.938+0000] {logging_mixin.py:188} INFO - [2024-03-06T13:45:05.938+0000] {dagbag.py:540} INFO - Filling up the DagBag from /home/airflow/.local/lib/python3.11/site-packages/airflow/example_dags/tutorial_taskflow_api_virtualenv.py
[2024-03-06T13:45:05.948+0000] {processor.py:840} INFO - DAG(s) 'tutorial_taskflow_api_virtualenv' retrieved from /home/airflow/.local/lib/python3.11/site-packages/airflow/example_dags/tutorial_taskflow_api_virtualenv.py
[2024-03-06T13:45:05.964+0000] {logging_mixin.py:188} INFO - [2024-03-06T13:45:05.964+0000] {dag.py:3047} INFO - Sync 1 DAGs
[2024-03-06T13:45:05.974+0000] {logging_mixin.py:188} INFO - [2024-03-06T13:45:05.974+0000] {dag.py:3834} INFO - Setting next_dagrun for tutorial_taskflow_api_virtualenv to None, run_after=None
[2024-03-06T13:45:05.990+0000] {processor.py:183} INFO - Processing /home/airflow/.local/lib/python3.11/site-packages/airflow/example_dags/tutorial_taskflow_api_virtualenv.py took 0.057 seconds
[2024-03-06T13:45:36.204+0000] {processor.py:161} INFO - Started process (PID=698) to work on /home/airflow/.local/lib/python3.11/site-packages/airflow/example_dags/tutorial_taskflow_api_virtualenv.py
[2024-03-06T13:45:36.206+0000] {processor.py:830} INFO - Processing file /home/airflow/.local/lib/python3.11/site-packages/airflow/example_dags/tutorial_taskflow_api_virtualenv.py for tasks to queue
[2024-03-06T13:45:36.208+0000] {logging_mixin.py:188} INFO - [2024-03-06T13:45:36.208+0000] {dagbag.py:540} INFO - Filling up the DagBag from /home/airflow/.local/lib/python3.11/site-packages/airflow/example_dags/tutorial_taskflow_api_virtualenv.py
[2024-03-06T13:45:36.228+0000] {processor.py:840} INFO - DAG(s) 'tutorial_taskflow_api_virtualenv' retrieved from /home/airflow/.local/lib/python3.11/site-packages/airflow/example_dags/tutorial_taskflow_api_virtualenv.py
[2024-03-06T13:45:36.264+0000] {logging_mixin.py:188} INFO - [2024-03-06T13:45:36.263+0000] {dag.py:3047} INFO - Sync 1 DAGs
[2024-03-06T13:45:36.292+0000] {logging_mixin.py:188} INFO - [2024-03-06T13:45:36.291+0000] {dag.py:3834} INFO - Setting next_dagrun for tutorial_taskflow_api_virtualenv to None, run_after=None
[2024-03-06T13:45:36.355+0000] {processor.py:183} INFO - Processing /home/airflow/.local/lib/python3.11/site-packages/airflow/example_dags/tutorial_taskflow_api_virtualenv.py took 0.156 seconds
[2024-03-06T13:46:06.529+0000] {processor.py:161} INFO - Started process (PID=940) to work on /home/airflow/.local/lib/python3.11/site-packages/airflow/example_dags/tutorial_taskflow_api_virtualenv.py
[2024-03-06T13:46:06.530+0000] {processor.py:830} INFO - Processing file /home/airflow/.local/lib/python3.11/site-packages/airflow/example_dags/tutorial_taskflow_api_virtualenv.py for tasks to queue
[2024-03-06T13:46:06.531+0000] {logging_mixin.py:188} INFO - [2024-03-06T13:46:06.531+0000] {dagbag.py:540} INFO - Filling up the DagBag from /home/airflow/.local/lib/python3.11/site-packages/airflow/example_dags/tutorial_taskflow_api_virtualenv.py
[2024-03-06T13:46:06.544+0000] {processor.py:840} INFO - DAG(s) 'tutorial_taskflow_api_virtualenv' retrieved from /home/airflow/.local/lib/python3.11/site-packages/airflow/example_dags/tutorial_taskflow_api_virtualenv.py
[2024-03-06T13:46:06.569+0000] {logging_mixin.py:188} INFO - [2024-03-06T13:46:06.568+0000] {dag.py:3047} INFO - Sync 1 DAGs
[2024-03-06T13:46:06.580+0000] {logging_mixin.py:188} INFO - [2024-03-06T13:46:06.580+0000] {dag.py:3834} INFO - Setting next_dagrun for tutorial_taskflow_api_virtualenv to None, run_after=None
[2024-03-06T13:46:06.599+0000] {processor.py:183} INFO - Processing /home/airflow/.local/lib/python3.11/site-packages/airflow/example_dags/tutorial_taskflow_api_virtualenv.py took 0.073 seconds
[2024-03-06T13:46:37.375+0000] {processor.py:161} INFO - Started process (PID=1177) to work on /home/airflow/.local/lib/python3.11/site-packages/airflow/example_dags/tutorial_taskflow_api_virtualenv.py
[2024-03-06T13:46:37.376+0000] {processor.py:830} INFO - Processing file /home/airflow/.local/lib/python3.11/site-packages/airflow/example_dags/tutorial_taskflow_api_virtualenv.py for tasks to queue
[2024-03-06T13:46:37.378+0000] {logging_mixin.py:188} INFO - [2024-03-06T13:46:37.377+0000] {dagbag.py:540} INFO - Filling up the DagBag from /home/airflow/.local/lib/python3.11/site-packages/airflow/example_dags/tutorial_taskflow_api_virtualenv.py
[2024-03-06T13:46:37.390+0000] {processor.py:840} INFO - DAG(s) 'tutorial_taskflow_api_virtualenv' retrieved from /home/airflow/.local/lib/python3.11/site-packages/airflow/example_dags/tutorial_taskflow_api_virtualenv.py
[2024-03-06T13:46:37.412+0000] {logging_mixin.py:188} INFO - [2024-03-06T13:46:37.411+0000] {dag.py:3047} INFO - Sync 1 DAGs
[2024-03-06T13:46:37.424+0000] {logging_mixin.py:188} INFO - [2024-03-06T13:46:37.423+0000] {dag.py:3834} INFO - Setting next_dagrun for tutorial_taskflow_api_virtualenv to None, run_after=None
[2024-03-06T13:46:37.443+0000] {processor.py:183} INFO - Processing /home/airflow/.local/lib/python3.11/site-packages/airflow/example_dags/tutorial_taskflow_api_virtualenv.py took 0.071 seconds
[2024-03-06T13:47:07.950+0000] {processor.py:161} INFO - Started process (PID=1424) to work on /home/airflow/.local/lib/python3.11/site-packages/airflow/example_dags/tutorial_taskflow_api_virtualenv.py
[2024-03-06T13:47:07.951+0000] {processor.py:830} INFO - Processing file /home/airflow/.local/lib/python3.11/site-packages/airflow/example_dags/tutorial_taskflow_api_virtualenv.py for tasks to queue
[2024-03-06T13:47:07.954+0000] {logging_mixin.py:188} INFO - [2024-03-06T13:47:07.953+0000] {dagbag.py:540} INFO - Filling up the DagBag from /home/airflow/.local/lib/python3.11/site-packages/airflow/example_dags/tutorial_taskflow_api_virtualenv.py
[2024-03-06T13:47:07.978+0000] {processor.py:840} INFO - DAG(s) 'tutorial_taskflow_api_virtualenv' retrieved from /home/airflow/.local/lib/python3.11/site-packages/airflow/example_dags/tutorial_taskflow_api_virtualenv.py
[2024-03-06T13:47:08.017+0000] {logging_mixin.py:188} INFO - [2024-03-06T13:47:08.017+0000] {dag.py:3047} INFO - Sync 1 DAGs
[2024-03-06T13:47:08.033+0000] {logging_mixin.py:188} INFO - [2024-03-06T13:47:08.033+0000] {dag.py:3834} INFO - Setting next_dagrun for tutorial_taskflow_api_virtualenv to None, run_after=None
[2024-03-06T13:47:08.054+0000] {processor.py:183} INFO - Processing /home/airflow/.local/lib/python3.11/site-packages/airflow/example_dags/tutorial_taskflow_api_virtualenv.py took 0.108 seconds
[2024-03-06T13:47:38.931+0000] {processor.py:161} INFO - Started process (PID=1669) to work on /home/airflow/.local/lib/python3.11/site-packages/airflow/example_dags/tutorial_taskflow_api_virtualenv.py
[2024-03-06T13:47:38.940+0000] {processor.py:830} INFO - Processing file /home/airflow/.local/lib/python3.11/site-packages/airflow/example_dags/tutorial_taskflow_api_virtualenv.py for tasks to queue
[2024-03-06T13:47:38.949+0000] {logging_mixin.py:188} INFO - [2024-03-06T13:47:38.948+0000] {dagbag.py:540} INFO - Filling up the DagBag from /home/airflow/.local/lib/python3.11/site-packages/airflow/example_dags/tutorial_taskflow_api_virtualenv.py
[2024-03-06T13:47:38.984+0000] {processor.py:840} INFO - DAG(s) 'tutorial_taskflow_api_virtualenv' retrieved from /home/airflow/.local/lib/python3.11/site-packages/airflow/example_dags/tutorial_taskflow_api_virtualenv.py
[2024-03-06T13:47:39.067+0000] {logging_mixin.py:188} INFO - [2024-03-06T13:47:39.066+0000] {dag.py:3047} INFO - Sync 1 DAGs
[2024-03-06T13:47:39.122+0000] {logging_mixin.py:188} INFO - [2024-03-06T13:47:39.119+0000] {dag.py:3834} INFO - Setting next_dagrun for tutorial_taskflow_api_virtualenv to None, run_after=None
[2024-03-06T13:47:39.278+0000] {processor.py:183} INFO - Processing /home/airflow/.local/lib/python3.11/site-packages/airflow/example_dags/tutorial_taskflow_api_virtualenv.py took 0.374 seconds
[2024-03-06T13:48:09.747+0000] {processor.py:161} INFO - Started process (PID=1918) to work on /home/airflow/.local/lib/python3.11/site-packages/airflow/example_dags/tutorial_taskflow_api_virtualenv.py
[2024-03-06T13:48:09.749+0000] {processor.py:830} INFO - Processing file /home/airflow/.local/lib/python3.11/site-packages/airflow/example_dags/tutorial_taskflow_api_virtualenv.py for tasks to queue
[2024-03-06T13:48:09.751+0000] {logging_mixin.py:188} INFO - [2024-03-06T13:48:09.750+0000] {dagbag.py:540} INFO - Filling up the DagBag from /home/airflow/.local/lib/python3.11/site-packages/airflow/example_dags/tutorial_taskflow_api_virtualenv.py
[2024-03-06T13:48:09.764+0000] {processor.py:840} INFO - DAG(s) 'tutorial_taskflow_api_virtualenv' retrieved from /home/airflow/.local/lib/python3.11/site-packages/airflow/example_dags/tutorial_taskflow_api_virtualenv.py
[2024-03-06T13:48:09.787+0000] {logging_mixin.py:188} INFO - [2024-03-06T13:48:09.787+0000] {dag.py:3047} INFO - Sync 1 DAGs
[2024-03-06T13:48:09.801+0000] {logging_mixin.py:188} INFO - [2024-03-06T13:48:09.801+0000] {dag.py:3834} INFO - Setting next_dagrun for tutorial_taskflow_api_virtualenv to None, run_after=None
[2024-03-06T13:48:09.829+0000] {processor.py:183} INFO - Processing /home/airflow/.local/lib/python3.11/site-packages/airflow/example_dags/tutorial_taskflow_api_virtualenv.py took 0.085 seconds
[2024-03-06T13:48:40.379+0000] {processor.py:161} INFO - Started process (PID=2164) to work on /home/airflow/.local/lib/python3.11/site-packages/airflow/example_dags/tutorial_taskflow_api_virtualenv.py
[2024-03-06T13:48:40.381+0000] {processor.py:830} INFO - Processing file /home/airflow/.local/lib/python3.11/site-packages/airflow/example_dags/tutorial_taskflow_api_virtualenv.py for tasks to queue
[2024-03-06T13:48:40.383+0000] {logging_mixin.py:188} INFO - [2024-03-06T13:48:40.382+0000] {dagbag.py:540} INFO - Filling up the DagBag from /home/airflow/.local/lib/python3.11/site-packages/airflow/example_dags/tutorial_taskflow_api_virtualenv.py
[2024-03-06T13:48:40.396+0000] {processor.py:840} INFO - DAG(s) 'tutorial_taskflow_api_virtualenv' retrieved from /home/airflow/.local/lib/python3.11/site-packages/airflow/example_dags/tutorial_taskflow_api_virtualenv.py
[2024-03-06T13:48:40.443+0000] {logging_mixin.py:188} INFO - [2024-03-06T13:48:40.442+0000] {dag.py:3047} INFO - Sync 1 DAGs
[2024-03-06T13:48:40.483+0000] {logging_mixin.py:188} INFO - [2024-03-06T13:48:40.482+0000] {dag.py:3834} INFO - Setting next_dagrun for tutorial_taskflow_api_virtualenv to None, run_after=None
[2024-03-06T13:48:40.507+0000] {processor.py:183} INFO - Processing /home/airflow/.local/lib/python3.11/site-packages/airflow/example_dags/tutorial_taskflow_api_virtualenv.py took 0.132 seconds
[2024-03-06T13:49:10.555+0000] {processor.py:161} INFO - Started process (PID=2411) to work on /home/airflow/.local/lib/python3.11/site-packages/airflow/example_dags/tutorial_taskflow_api_virtualenv.py
[2024-03-06T13:49:10.556+0000] {processor.py:830} INFO - Processing file /home/airflow/.local/lib/python3.11/site-packages/airflow/example_dags/tutorial_taskflow_api_virtualenv.py for tasks to queue
[2024-03-06T13:49:10.557+0000] {logging_mixin.py:188} INFO - [2024-03-06T13:49:10.557+0000] {dagbag.py:540} INFO - Filling up the DagBag from /home/airflow/.local/lib/python3.11/site-packages/airflow/example_dags/tutorial_taskflow_api_virtualenv.py
[2024-03-06T13:49:10.569+0000] {processor.py:840} INFO - DAG(s) 'tutorial_taskflow_api_virtualenv' retrieved from /home/airflow/.local/lib/python3.11/site-packages/airflow/example_dags/tutorial_taskflow_api_virtualenv.py
[2024-03-06T13:49:10.588+0000] {logging_mixin.py:188} INFO - [2024-03-06T13:49:10.588+0000] {dag.py:3047} INFO - Sync 1 DAGs
[2024-03-06T13:49:10.604+0000] {logging_mixin.py:188} INFO - [2024-03-06T13:49:10.604+0000] {dag.py:3834} INFO - Setting next_dagrun for tutorial_taskflow_api_virtualenv to None, run_after=None
[2024-03-06T13:49:10.645+0000] {processor.py:183} INFO - Processing /home/airflow/.local/lib/python3.11/site-packages/airflow/example_dags/tutorial_taskflow_api_virtualenv.py took 0.094 seconds
[2024-03-06T13:49:40.783+0000] {processor.py:161} INFO - Started process (PID=2658) to work on /home/airflow/.local/lib/python3.11/site-packages/airflow/example_dags/tutorial_taskflow_api_virtualenv.py
[2024-03-06T13:49:40.784+0000] {processor.py:830} INFO - Processing file /home/airflow/.local/lib/python3.11/site-packages/airflow/example_dags/tutorial_taskflow_api_virtualenv.py for tasks to queue
[2024-03-06T13:49:40.786+0000] {logging_mixin.py:188} INFO - [2024-03-06T13:49:40.785+0000] {dagbag.py:540} INFO - Filling up the DagBag from /home/airflow/.local/lib/python3.11/site-packages/airflow/example_dags/tutorial_taskflow_api_virtualenv.py
[2024-03-06T13:49:40.798+0000] {processor.py:840} INFO - DAG(s) 'tutorial_taskflow_api_virtualenv' retrieved from /home/airflow/.local/lib/python3.11/site-packages/airflow/example_dags/tutorial_taskflow_api_virtualenv.py
[2024-03-06T13:49:40.823+0000] {logging_mixin.py:188} INFO - [2024-03-06T13:49:40.822+0000] {dag.py:3047} INFO - Sync 1 DAGs
[2024-03-06T13:49:40.837+0000] {logging_mixin.py:188} INFO - [2024-03-06T13:49:40.837+0000] {dag.py:3834} INFO - Setting next_dagrun for tutorial_taskflow_api_virtualenv to None, run_after=None
[2024-03-06T13:49:40.855+0000] {processor.py:183} INFO - Processing /home/airflow/.local/lib/python3.11/site-packages/airflow/example_dags/tutorial_taskflow_api_virtualenv.py took 0.077 seconds
[2024-03-06T13:50:11.654+0000] {processor.py:161} INFO - Started process (PID=2905) to work on /home/airflow/.local/lib/python3.11/site-packages/airflow/example_dags/tutorial_taskflow_api_virtualenv.py
[2024-03-06T13:50:11.654+0000] {processor.py:830} INFO - Processing file /home/airflow/.local/lib/python3.11/site-packages/airflow/example_dags/tutorial_taskflow_api_virtualenv.py for tasks to queue
[2024-03-06T13:50:11.655+0000] {logging_mixin.py:188} INFO - [2024-03-06T13:50:11.655+0000] {dagbag.py:540} INFO - Filling up the DagBag from /home/airflow/.local/lib/python3.11/site-packages/airflow/example_dags/tutorial_taskflow_api_virtualenv.py
[2024-03-06T13:50:11.666+0000] {processor.py:840} INFO - DAG(s) 'tutorial_taskflow_api_virtualenv' retrieved from /home/airflow/.local/lib/python3.11/site-packages/airflow/example_dags/tutorial_taskflow_api_virtualenv.py
[2024-03-06T13:50:11.684+0000] {logging_mixin.py:188} INFO - [2024-03-06T13:50:11.683+0000] {dag.py:3047} INFO - Sync 1 DAGs
[2024-03-06T13:50:11.695+0000] {logging_mixin.py:188} INFO - [2024-03-06T13:50:11.695+0000] {dag.py:3834} INFO - Setting next_dagrun for tutorial_taskflow_api_virtualenv to None, run_after=None
[2024-03-06T13:50:11.712+0000] {processor.py:183} INFO - Processing /home/airflow/.local/lib/python3.11/site-packages/airflow/example_dags/tutorial_taskflow_api_virtualenv.py took 0.061 seconds
[2024-03-06T13:50:42.406+0000] {processor.py:161} INFO - Started process (PID=3152) to work on /home/airflow/.local/lib/python3.11/site-packages/airflow/example_dags/tutorial_taskflow_api_virtualenv.py
[2024-03-06T13:50:42.407+0000] {processor.py:830} INFO - Processing file /home/airflow/.local/lib/python3.11/site-packages/airflow/example_dags/tutorial_taskflow_api_virtualenv.py for tasks to queue
[2024-03-06T13:50:42.409+0000] {logging_mixin.py:188} INFO - [2024-03-06T13:50:42.408+0000] {dagbag.py:540} INFO - Filling up the DagBag from /home/airflow/.local/lib/python3.11/site-packages/airflow/example_dags/tutorial_taskflow_api_virtualenv.py
[2024-03-06T13:50:42.419+0000] {processor.py:840} INFO - DAG(s) 'tutorial_taskflow_api_virtualenv' retrieved from /home/airflow/.local/lib/python3.11/site-packages/airflow/example_dags/tutorial_taskflow_api_virtualenv.py
[2024-03-06T13:50:42.441+0000] {logging_mixin.py:188} INFO - [2024-03-06T13:50:42.441+0000] {dag.py:3047} INFO - Sync 1 DAGs
[2024-03-06T13:50:42.453+0000] {logging_mixin.py:188} INFO - [2024-03-06T13:50:42.452+0000] {dag.py:3834} INFO - Setting next_dagrun for tutorial_taskflow_api_virtualenv to None, run_after=None
[2024-03-06T13:50:42.470+0000] {processor.py:183} INFO - Processing /home/airflow/.local/lib/python3.11/site-packages/airflow/example_dags/tutorial_taskflow_api_virtualenv.py took 0.067 seconds
[2024-03-06T13:51:12.863+0000] {processor.py:161} INFO - Started process (PID=3399) to work on /home/airflow/.local/lib/python3.11/site-packages/airflow/example_dags/tutorial_taskflow_api_virtualenv.py
[2024-03-06T13:51:12.864+0000] {processor.py:830} INFO - Processing file /home/airflow/.local/lib/python3.11/site-packages/airflow/example_dags/tutorial_taskflow_api_virtualenv.py for tasks to queue
[2024-03-06T13:51:12.866+0000] {logging_mixin.py:188} INFO - [2024-03-06T13:51:12.865+0000] {dagbag.py:540} INFO - Filling up the DagBag from /home/airflow/.local/lib/python3.11/site-packages/airflow/example_dags/tutorial_taskflow_api_virtualenv.py
[2024-03-06T13:51:12.877+0000] {processor.py:840} INFO - DAG(s) 'tutorial_taskflow_api_virtualenv' retrieved from /home/airflow/.local/lib/python3.11/site-packages/airflow/example_dags/tutorial_taskflow_api_virtualenv.py
[2024-03-06T13:51:12.897+0000] {logging_mixin.py:188} INFO - [2024-03-06T13:51:12.896+0000] {dag.py:3047} INFO - Sync 1 DAGs
[2024-03-06T13:51:12.908+0000] {logging_mixin.py:188} INFO - [2024-03-06T13:51:12.908+0000] {dag.py:3834} INFO - Setting next_dagrun for tutorial_taskflow_api_virtualenv to None, run_after=None
[2024-03-06T13:51:12.924+0000] {processor.py:183} INFO - Processing /home/airflow/.local/lib/python3.11/site-packages/airflow/example_dags/tutorial_taskflow_api_virtualenv.py took 0.064 seconds
[2024-03-06T13:51:43.337+0000] {processor.py:161} INFO - Started process (PID=3646) to work on /home/airflow/.local/lib/python3.11/site-packages/airflow/example_dags/tutorial_taskflow_api_virtualenv.py
[2024-03-06T13:51:43.338+0000] {processor.py:830} INFO - Processing file /home/airflow/.local/lib/python3.11/site-packages/airflow/example_dags/tutorial_taskflow_api_virtualenv.py for tasks to queue
[2024-03-06T13:51:43.341+0000] {logging_mixin.py:188} INFO - [2024-03-06T13:51:43.340+0000] {dagbag.py:540} INFO - Filling up the DagBag from /home/airflow/.local/lib/python3.11/site-packages/airflow/example_dags/tutorial_taskflow_api_virtualenv.py
[2024-03-06T13:51:43.352+0000] {processor.py:840} INFO - DAG(s) 'tutorial_taskflow_api_virtualenv' retrieved from /home/airflow/.local/lib/python3.11/site-packages/airflow/example_dags/tutorial_taskflow_api_virtualenv.py
[2024-03-06T13:51:43.373+0000] {logging_mixin.py:188} INFO - [2024-03-06T13:51:43.372+0000] {dag.py:3047} INFO - Sync 1 DAGs
[2024-03-06T13:51:43.382+0000] {logging_mixin.py:188} INFO - [2024-03-06T13:51:43.382+0000] {dag.py:3834} INFO - Setting next_dagrun for tutorial_taskflow_api_virtualenv to None, run_after=None
[2024-03-06T13:51:43.399+0000] {processor.py:183} INFO - Processing /home/airflow/.local/lib/python3.11/site-packages/airflow/example_dags/tutorial_taskflow_api_virtualenv.py took 0.065 seconds
[2024-03-06T13:52:13.818+0000] {processor.py:161} INFO - Started process (PID=3893) to work on /home/airflow/.local/lib/python3.11/site-packages/airflow/example_dags/tutorial_taskflow_api_virtualenv.py
[2024-03-06T13:52:13.820+0000] {processor.py:830} INFO - Processing file /home/airflow/.local/lib/python3.11/site-packages/airflow/example_dags/tutorial_taskflow_api_virtualenv.py for tasks to queue
[2024-03-06T13:52:13.823+0000] {logging_mixin.py:188} INFO - [2024-03-06T13:52:13.822+0000] {dagbag.py:540} INFO - Filling up the DagBag from /home/airflow/.local/lib/python3.11/site-packages/airflow/example_dags/tutorial_taskflow_api_virtualenv.py
[2024-03-06T13:52:13.835+0000] {processor.py:840} INFO - DAG(s) 'tutorial_taskflow_api_virtualenv' retrieved from /home/airflow/.local/lib/python3.11/site-packages/airflow/example_dags/tutorial_taskflow_api_virtualenv.py
[2024-03-06T13:52:13.861+0000] {logging_mixin.py:188} INFO - [2024-03-06T13:52:13.860+0000] {dag.py:3047} INFO - Sync 1 DAGs
[2024-03-06T13:52:13.876+0000] {logging_mixin.py:188} INFO - [2024-03-06T13:52:13.875+0000] {dag.py:3834} INFO - Setting next_dagrun for tutorial_taskflow_api_virtualenv to None, run_after=None
[2024-03-06T13:52:13.901+0000] {processor.py:183} INFO - Processing /home/airflow/.local/lib/python3.11/site-packages/airflow/example_dags/tutorial_taskflow_api_virtualenv.py took 0.087 seconds
[2024-03-06T13:52:44.334+0000] {processor.py:161} INFO - Started process (PID=4140) to work on /home/airflow/.local/lib/python3.11/site-packages/airflow/example_dags/tutorial_taskflow_api_virtualenv.py
[2024-03-06T13:52:44.335+0000] {processor.py:830} INFO - Processing file /home/airflow/.local/lib/python3.11/site-packages/airflow/example_dags/tutorial_taskflow_api_virtualenv.py for tasks to queue
[2024-03-06T13:52:44.336+0000] {logging_mixin.py:188} INFO - [2024-03-06T13:52:44.336+0000] {dagbag.py:540} INFO - Filling up the DagBag from /home/airflow/.local/lib/python3.11/site-packages/airflow/example_dags/tutorial_taskflow_api_virtualenv.py
[2024-03-06T13:52:44.345+0000] {processor.py:840} INFO - DAG(s) 'tutorial_taskflow_api_virtualenv' retrieved from /home/airflow/.local/lib/python3.11/site-packages/airflow/example_dags/tutorial_taskflow_api_virtualenv.py
[2024-03-06T13:52:44.361+0000] {logging_mixin.py:188} INFO - [2024-03-06T13:52:44.361+0000] {dag.py:3047} INFO - Sync 1 DAGs
[2024-03-06T13:52:44.370+0000] {logging_mixin.py:188} INFO - [2024-03-06T13:52:44.370+0000] {dag.py:3834} INFO - Setting next_dagrun for tutorial_taskflow_api_virtualenv to None, run_after=None
[2024-03-06T13:52:44.385+0000] {processor.py:183} INFO - Processing /home/airflow/.local/lib/python3.11/site-packages/airflow/example_dags/tutorial_taskflow_api_virtualenv.py took 0.054 seconds
[2024-03-06T13:53:15.259+0000] {processor.py:161} INFO - Started process (PID=4386) to work on /home/airflow/.local/lib/python3.11/site-packages/airflow/example_dags/tutorial_taskflow_api_virtualenv.py
[2024-03-06T13:53:15.280+0000] {processor.py:830} INFO - Processing file /home/airflow/.local/lib/python3.11/site-packages/airflow/example_dags/tutorial_taskflow_api_virtualenv.py for tasks to queue
[2024-03-06T13:53:15.284+0000] {logging_mixin.py:188} INFO - [2024-03-06T13:53:15.283+0000] {dagbag.py:540} INFO - Filling up the DagBag from /home/airflow/.local/lib/python3.11/site-packages/airflow/example_dags/tutorial_taskflow_api_virtualenv.py
[2024-03-06T13:53:15.323+0000] {processor.py:840} INFO - DAG(s) 'tutorial_taskflow_api_virtualenv' retrieved from /home/airflow/.local/lib/python3.11/site-packages/airflow/example_dags/tutorial_taskflow_api_virtualenv.py
[2024-03-06T13:53:15.379+0000] {logging_mixin.py:188} INFO - [2024-03-06T13:53:15.379+0000] {dag.py:3047} INFO - Sync 1 DAGs
[2024-03-06T13:53:15.406+0000] {logging_mixin.py:188} INFO - [2024-03-06T13:53:15.406+0000] {dag.py:3834} INFO - Setting next_dagrun for tutorial_taskflow_api_virtualenv to None, run_after=None
[2024-03-06T13:53:15.441+0000] {processor.py:183} INFO - Processing /home/airflow/.local/lib/python3.11/site-packages/airflow/example_dags/tutorial_taskflow_api_virtualenv.py took 0.186 seconds
[2024-03-06T13:53:45.754+0000] {processor.py:161} INFO - Started process (PID=4633) to work on /home/airflow/.local/lib/python3.11/site-packages/airflow/example_dags/tutorial_taskflow_api_virtualenv.py
[2024-03-06T13:53:45.755+0000] {processor.py:830} INFO - Processing file /home/airflow/.local/lib/python3.11/site-packages/airflow/example_dags/tutorial_taskflow_api_virtualenv.py for tasks to queue
[2024-03-06T13:53:45.756+0000] {logging_mixin.py:188} INFO - [2024-03-06T13:53:45.756+0000] {dagbag.py:540} INFO - Filling up the DagBag from /home/airflow/.local/lib/python3.11/site-packages/airflow/example_dags/tutorial_taskflow_api_virtualenv.py
[2024-03-06T13:53:45.765+0000] {processor.py:840} INFO - DAG(s) 'tutorial_taskflow_api_virtualenv' retrieved from /home/airflow/.local/lib/python3.11/site-packages/airflow/example_dags/tutorial_taskflow_api_virtualenv.py
[2024-03-06T13:53:45.783+0000] {logging_mixin.py:188} INFO - [2024-03-06T13:53:45.783+0000] {dag.py:3047} INFO - Sync 1 DAGs
[2024-03-06T13:53:45.795+0000] {logging_mixin.py:188} INFO - [2024-03-06T13:53:45.795+0000] {dag.py:3834} INFO - Setting next_dagrun for tutorial_taskflow_api_virtualenv to None, run_after=None
[2024-03-06T13:53:45.811+0000] {processor.py:183} INFO - Processing /home/airflow/.local/lib/python3.11/site-packages/airflow/example_dags/tutorial_taskflow_api_virtualenv.py took 0.061 seconds
[2024-03-06T13:54:15.975+0000] {processor.py:161} INFO - Started process (PID=4880) to work on /home/airflow/.local/lib/python3.11/site-packages/airflow/example_dags/tutorial_taskflow_api_virtualenv.py
[2024-03-06T13:54:15.976+0000] {processor.py:830} INFO - Processing file /home/airflow/.local/lib/python3.11/site-packages/airflow/example_dags/tutorial_taskflow_api_virtualenv.py for tasks to queue
[2024-03-06T13:54:15.978+0000] {logging_mixin.py:188} INFO - [2024-03-06T13:54:15.977+0000] {dagbag.py:540} INFO - Filling up the DagBag from /home/airflow/.local/lib/python3.11/site-packages/airflow/example_dags/tutorial_taskflow_api_virtualenv.py
[2024-03-06T13:54:15.987+0000] {processor.py:840} INFO - DAG(s) 'tutorial_taskflow_api_virtualenv' retrieved from /home/airflow/.local/lib/python3.11/site-packages/airflow/example_dags/tutorial_taskflow_api_virtualenv.py
[2024-03-06T13:54:16.005+0000] {logging_mixin.py:188} INFO - [2024-03-06T13:54:16.004+0000] {dag.py:3047} INFO - Sync 1 DAGs
[2024-03-06T13:54:16.014+0000] {logging_mixin.py:188} INFO - [2024-03-06T13:54:16.014+0000] {dag.py:3834} INFO - Setting next_dagrun for tutorial_taskflow_api_virtualenv to None, run_after=None
[2024-03-06T13:54:16.029+0000] {processor.py:183} INFO - Processing /home/airflow/.local/lib/python3.11/site-packages/airflow/example_dags/tutorial_taskflow_api_virtualenv.py took 0.056 seconds
[2024-03-06T13:54:46.414+0000] {processor.py:161} INFO - Started process (PID=5127) to work on /home/airflow/.local/lib/python3.11/site-packages/airflow/example_dags/tutorial_taskflow_api_virtualenv.py
[2024-03-06T13:54:46.415+0000] {processor.py:830} INFO - Processing file /home/airflow/.local/lib/python3.11/site-packages/airflow/example_dags/tutorial_taskflow_api_virtualenv.py for tasks to queue
[2024-03-06T13:54:46.417+0000] {logging_mixin.py:188} INFO - [2024-03-06T13:54:46.416+0000] {dagbag.py:540} INFO - Filling up the DagBag from /home/airflow/.local/lib/python3.11/site-packages/airflow/example_dags/tutorial_taskflow_api_virtualenv.py
[2024-03-06T13:54:46.427+0000] {processor.py:840} INFO - DAG(s) 'tutorial_taskflow_api_virtualenv' retrieved from /home/airflow/.local/lib/python3.11/site-packages/airflow/example_dags/tutorial_taskflow_api_virtualenv.py
[2024-03-06T13:54:46.446+0000] {logging_mixin.py:188} INFO - [2024-03-06T13:54:46.446+0000] {dag.py:3047} INFO - Sync 1 DAGs
[2024-03-06T13:54:46.457+0000] {logging_mixin.py:188} INFO - [2024-03-06T13:54:46.457+0000] {dag.py:3834} INFO - Setting next_dagrun for tutorial_taskflow_api_virtualenv to None, run_after=None
[2024-03-06T13:54:46.472+0000] {processor.py:183} INFO - Processing /home/airflow/.local/lib/python3.11/site-packages/airflow/example_dags/tutorial_taskflow_api_virtualenv.py took 0.061 seconds
[2024-03-06T13:55:17.496+0000] {processor.py:161} INFO - Started process (PID=5374) to work on /home/airflow/.local/lib/python3.11/site-packages/airflow/example_dags/tutorial_taskflow_api_virtualenv.py
[2024-03-06T13:55:17.499+0000] {processor.py:830} INFO - Processing file /home/airflow/.local/lib/python3.11/site-packages/airflow/example_dags/tutorial_taskflow_api_virtualenv.py for tasks to queue
[2024-03-06T13:55:17.501+0000] {logging_mixin.py:188} INFO - [2024-03-06T13:55:17.500+0000] {dagbag.py:540} INFO - Filling up the DagBag from /home/airflow/.local/lib/python3.11/site-packages/airflow/example_dags/tutorial_taskflow_api_virtualenv.py
[2024-03-06T13:55:17.519+0000] {processor.py:840} INFO - DAG(s) 'tutorial_taskflow_api_virtualenv' retrieved from /home/airflow/.local/lib/python3.11/site-packages/airflow/example_dags/tutorial_taskflow_api_virtualenv.py
[2024-03-06T13:55:17.559+0000] {logging_mixin.py:188} INFO - [2024-03-06T13:55:17.559+0000] {dag.py:3047} INFO - Sync 1 DAGs
[2024-03-06T13:55:17.580+0000] {logging_mixin.py:188} INFO - [2024-03-06T13:55:17.580+0000] {dag.py:3834} INFO - Setting next_dagrun for tutorial_taskflow_api_virtualenv to None, run_after=None
[2024-03-06T13:55:17.604+0000] {processor.py:183} INFO - Processing /home/airflow/.local/lib/python3.11/site-packages/airflow/example_dags/tutorial_taskflow_api_virtualenv.py took 0.117 seconds
[2024-03-06T13:55:47.655+0000] {processor.py:161} INFO - Started process (PID=5619) to work on /home/airflow/.local/lib/python3.11/site-packages/airflow/example_dags/tutorial_taskflow_api_virtualenv.py
[2024-03-06T13:55:47.656+0000] {processor.py:830} INFO - Processing file /home/airflow/.local/lib/python3.11/site-packages/airflow/example_dags/tutorial_taskflow_api_virtualenv.py for tasks to queue
[2024-03-06T13:55:47.661+0000] {logging_mixin.py:188} INFO - [2024-03-06T13:55:47.660+0000] {dagbag.py:540} INFO - Filling up the DagBag from /home/airflow/.local/lib/python3.11/site-packages/airflow/example_dags/tutorial_taskflow_api_virtualenv.py
[2024-03-06T13:55:47.680+0000] {processor.py:840} INFO - DAG(s) 'tutorial_taskflow_api_virtualenv' retrieved from /home/airflow/.local/lib/python3.11/site-packages/airflow/example_dags/tutorial_taskflow_api_virtualenv.py
[2024-03-06T13:55:47.721+0000] {logging_mixin.py:188} INFO - [2024-03-06T13:55:47.721+0000] {dag.py:3047} INFO - Sync 1 DAGs
[2024-03-06T13:55:47.763+0000] {logging_mixin.py:188} INFO - [2024-03-06T13:55:47.762+0000] {dag.py:3834} INFO - Setting next_dagrun for tutorial_taskflow_api_virtualenv to None, run_after=None
[2024-03-06T13:55:47.817+0000] {processor.py:183} INFO - Processing /home/airflow/.local/lib/python3.11/site-packages/airflow/example_dags/tutorial_taskflow_api_virtualenv.py took 0.167 seconds
[2024-03-06T13:56:18.176+0000] {processor.py:161} INFO - Started process (PID=5867) to work on /home/airflow/.local/lib/python3.11/site-packages/airflow/example_dags/tutorial_taskflow_api_virtualenv.py
[2024-03-06T13:56:18.178+0000] {processor.py:830} INFO - Processing file /home/airflow/.local/lib/python3.11/site-packages/airflow/example_dags/tutorial_taskflow_api_virtualenv.py for tasks to queue
[2024-03-06T13:56:18.181+0000] {logging_mixin.py:188} INFO - [2024-03-06T13:56:18.180+0000] {dagbag.py:540} INFO - Filling up the DagBag from /home/airflow/.local/lib/python3.11/site-packages/airflow/example_dags/tutorial_taskflow_api_virtualenv.py
[2024-03-06T13:56:18.197+0000] {processor.py:840} INFO - DAG(s) 'tutorial_taskflow_api_virtualenv' retrieved from /home/airflow/.local/lib/python3.11/site-packages/airflow/example_dags/tutorial_taskflow_api_virtualenv.py
[2024-03-06T13:56:18.227+0000] {logging_mixin.py:188} INFO - [2024-03-06T13:56:18.227+0000] {dag.py:3047} INFO - Sync 1 DAGs
[2024-03-06T13:56:18.244+0000] {logging_mixin.py:188} INFO - [2024-03-06T13:56:18.244+0000] {dag.py:3834} INFO - Setting next_dagrun for tutorial_taskflow_api_virtualenv to None, run_after=None
[2024-03-06T13:56:18.264+0000] {processor.py:183} INFO - Processing /home/airflow/.local/lib/python3.11/site-packages/airflow/example_dags/tutorial_taskflow_api_virtualenv.py took 0.093 seconds
[2024-03-06T13:56:48.644+0000] {processor.py:161} INFO - Started process (PID=6113) to work on /home/airflow/.local/lib/python3.11/site-packages/airflow/example_dags/tutorial_taskflow_api_virtualenv.py
[2024-03-06T13:56:48.646+0000] {processor.py:830} INFO - Processing file /home/airflow/.local/lib/python3.11/site-packages/airflow/example_dags/tutorial_taskflow_api_virtualenv.py for tasks to queue
[2024-03-06T13:56:48.648+0000] {logging_mixin.py:188} INFO - [2024-03-06T13:56:48.647+0000] {dagbag.py:540} INFO - Filling up the DagBag from /home/airflow/.local/lib/python3.11/site-packages/airflow/example_dags/tutorial_taskflow_api_virtualenv.py
[2024-03-06T13:56:48.661+0000] {processor.py:840} INFO - DAG(s) 'tutorial_taskflow_api_virtualenv' retrieved from /home/airflow/.local/lib/python3.11/site-packages/airflow/example_dags/tutorial_taskflow_api_virtualenv.py
[2024-03-06T13:56:48.696+0000] {logging_mixin.py:188} INFO - [2024-03-06T13:56:48.695+0000] {dag.py:3047} INFO - Sync 1 DAGs
[2024-03-06T13:56:48.715+0000] {logging_mixin.py:188} INFO - [2024-03-06T13:56:48.715+0000] {dag.py:3834} INFO - Setting next_dagrun for tutorial_taskflow_api_virtualenv to None, run_after=None
[2024-03-06T13:56:48.758+0000] {processor.py:183} INFO - Processing /home/airflow/.local/lib/python3.11/site-packages/airflow/example_dags/tutorial_taskflow_api_virtualenv.py took 0.118 seconds
[2024-03-06T13:57:18.873+0000] {processor.py:161} INFO - Started process (PID=6360) to work on /home/airflow/.local/lib/python3.11/site-packages/airflow/example_dags/tutorial_taskflow_api_virtualenv.py
[2024-03-06T13:57:18.874+0000] {processor.py:830} INFO - Processing file /home/airflow/.local/lib/python3.11/site-packages/airflow/example_dags/tutorial_taskflow_api_virtualenv.py for tasks to queue
[2024-03-06T13:57:18.877+0000] {logging_mixin.py:188} INFO - [2024-03-06T13:57:18.876+0000] {dagbag.py:540} INFO - Filling up the DagBag from /home/airflow/.local/lib/python3.11/site-packages/airflow/example_dags/tutorial_taskflow_api_virtualenv.py
[2024-03-06T13:57:18.891+0000] {processor.py:840} INFO - DAG(s) 'tutorial_taskflow_api_virtualenv' retrieved from /home/airflow/.local/lib/python3.11/site-packages/airflow/example_dags/tutorial_taskflow_api_virtualenv.py
[2024-03-06T13:57:18.910+0000] {logging_mixin.py:188} INFO - [2024-03-06T13:57:18.910+0000] {dag.py:3047} INFO - Sync 1 DAGs
[2024-03-06T13:57:18.921+0000] {logging_mixin.py:188} INFO - [2024-03-06T13:57:18.920+0000] {dag.py:3834} INFO - Setting next_dagrun for tutorial_taskflow_api_virtualenv to None, run_after=None
[2024-03-06T13:57:18.944+0000] {processor.py:183} INFO - Processing /home/airflow/.local/lib/python3.11/site-packages/airflow/example_dags/tutorial_taskflow_api_virtualenv.py took 0.075 seconds
[2024-03-06T13:57:49.124+0000] {processor.py:161} INFO - Started process (PID=6607) to work on /home/airflow/.local/lib/python3.11/site-packages/airflow/example_dags/tutorial_taskflow_api_virtualenv.py
[2024-03-06T13:57:49.125+0000] {processor.py:830} INFO - Processing file /home/airflow/.local/lib/python3.11/site-packages/airflow/example_dags/tutorial_taskflow_api_virtualenv.py for tasks to queue
[2024-03-06T13:57:49.127+0000] {logging_mixin.py:188} INFO - [2024-03-06T13:57:49.127+0000] {dagbag.py:540} INFO - Filling up the DagBag from /home/airflow/.local/lib/python3.11/site-packages/airflow/example_dags/tutorial_taskflow_api_virtualenv.py
[2024-03-06T13:57:49.139+0000] {processor.py:840} INFO - DAG(s) 'tutorial_taskflow_api_virtualenv' retrieved from /home/airflow/.local/lib/python3.11/site-packages/airflow/example_dags/tutorial_taskflow_api_virtualenv.py
[2024-03-06T13:57:49.166+0000] {logging_mixin.py:188} INFO - [2024-03-06T13:57:49.165+0000] {dag.py:3047} INFO - Sync 1 DAGs
[2024-03-06T13:57:49.179+0000] {logging_mixin.py:188} INFO - [2024-03-06T13:57:49.179+0000] {dag.py:3834} INFO - Setting next_dagrun for tutorial_taskflow_api_virtualenv to None, run_after=None
[2024-03-06T13:57:49.221+0000] {processor.py:183} INFO - Processing /home/airflow/.local/lib/python3.11/site-packages/airflow/example_dags/tutorial_taskflow_api_virtualenv.py took 0.100 seconds
[2024-03-06T13:58:20.057+0000] {processor.py:161} INFO - Started process (PID=6853) to work on /home/airflow/.local/lib/python3.11/site-packages/airflow/example_dags/tutorial_taskflow_api_virtualenv.py
[2024-03-06T13:58:20.058+0000] {processor.py:830} INFO - Processing file /home/airflow/.local/lib/python3.11/site-packages/airflow/example_dags/tutorial_taskflow_api_virtualenv.py for tasks to queue
[2024-03-06T13:58:20.062+0000] {logging_mixin.py:188} INFO - [2024-03-06T13:58:20.060+0000] {dagbag.py:540} INFO - Filling up the DagBag from /home/airflow/.local/lib/python3.11/site-packages/airflow/example_dags/tutorial_taskflow_api_virtualenv.py
[2024-03-06T13:58:20.080+0000] {processor.py:840} INFO - DAG(s) 'tutorial_taskflow_api_virtualenv' retrieved from /home/airflow/.local/lib/python3.11/site-packages/airflow/example_dags/tutorial_taskflow_api_virtualenv.py
[2024-03-06T13:58:20.107+0000] {logging_mixin.py:188} INFO - [2024-03-06T13:58:20.107+0000] {dag.py:3047} INFO - Sync 1 DAGs
[2024-03-06T13:58:20.125+0000] {logging_mixin.py:188} INFO - [2024-03-06T13:58:20.124+0000] {dag.py:3834} INFO - Setting next_dagrun for tutorial_taskflow_api_virtualenv to None, run_after=None
[2024-03-06T13:58:20.150+0000] {processor.py:183} INFO - Processing /home/airflow/.local/lib/python3.11/site-packages/airflow/example_dags/tutorial_taskflow_api_virtualenv.py took 0.096 seconds
[2024-03-06T13:58:51.329+0000] {processor.py:161} INFO - Started process (PID=7097) to work on /home/airflow/.local/lib/python3.11/site-packages/airflow/example_dags/tutorial_taskflow_api_virtualenv.py
[2024-03-06T13:58:51.334+0000] {processor.py:830} INFO - Processing file /home/airflow/.local/lib/python3.11/site-packages/airflow/example_dags/tutorial_taskflow_api_virtualenv.py for tasks to queue
[2024-03-06T13:58:51.339+0000] {logging_mixin.py:188} INFO - [2024-03-06T13:58:51.338+0000] {dagbag.py:540} INFO - Filling up the DagBag from /home/airflow/.local/lib/python3.11/site-packages/airflow/example_dags/tutorial_taskflow_api_virtualenv.py
[2024-03-06T13:58:51.368+0000] {processor.py:840} INFO - DAG(s) 'tutorial_taskflow_api_virtualenv' retrieved from /home/airflow/.local/lib/python3.11/site-packages/airflow/example_dags/tutorial_taskflow_api_virtualenv.py
[2024-03-06T13:58:51.419+0000] {logging_mixin.py:188} INFO - [2024-03-06T13:58:51.419+0000] {dag.py:3047} INFO - Sync 1 DAGs
[2024-03-06T13:58:51.447+0000] {logging_mixin.py:188} INFO - [2024-03-06T13:58:51.447+0000] {dag.py:3834} INFO - Setting next_dagrun for tutorial_taskflow_api_virtualenv to None, run_after=None
[2024-03-06T13:58:51.493+0000] {processor.py:183} INFO - Processing /home/airflow/.local/lib/python3.11/site-packages/airflow/example_dags/tutorial_taskflow_api_virtualenv.py took 0.175 seconds
[2024-03-06T13:59:21.620+0000] {processor.py:161} INFO - Started process (PID=7346) to work on /home/airflow/.local/lib/python3.11/site-packages/airflow/example_dags/tutorial_taskflow_api_virtualenv.py
[2024-03-06T13:59:21.621+0000] {processor.py:830} INFO - Processing file /home/airflow/.local/lib/python3.11/site-packages/airflow/example_dags/tutorial_taskflow_api_virtualenv.py for tasks to queue
[2024-03-06T13:59:21.623+0000] {logging_mixin.py:188} INFO - [2024-03-06T13:59:21.622+0000] {dagbag.py:540} INFO - Filling up the DagBag from /home/airflow/.local/lib/python3.11/site-packages/airflow/example_dags/tutorial_taskflow_api_virtualenv.py
[2024-03-06T13:59:21.639+0000] {processor.py:840} INFO - DAG(s) 'tutorial_taskflow_api_virtualenv' retrieved from /home/airflow/.local/lib/python3.11/site-packages/airflow/example_dags/tutorial_taskflow_api_virtualenv.py
[2024-03-06T13:59:21.670+0000] {logging_mixin.py:188} INFO - [2024-03-06T13:59:21.669+0000] {dag.py:3047} INFO - Sync 1 DAGs
[2024-03-06T13:59:21.685+0000] {logging_mixin.py:188} INFO - [2024-03-06T13:59:21.685+0000] {dag.py:3834} INFO - Setting next_dagrun for tutorial_taskflow_api_virtualenv to None, run_after=None
[2024-03-06T13:59:21.708+0000] {processor.py:183} INFO - Processing /home/airflow/.local/lib/python3.11/site-packages/airflow/example_dags/tutorial_taskflow_api_virtualenv.py took 0.092 seconds
[2024-03-06T13:59:51.866+0000] {processor.py:161} INFO - Started process (PID=7591) to work on /home/airflow/.local/lib/python3.11/site-packages/airflow/example_dags/tutorial_taskflow_api_virtualenv.py
[2024-03-06T13:59:51.867+0000] {processor.py:830} INFO - Processing file /home/airflow/.local/lib/python3.11/site-packages/airflow/example_dags/tutorial_taskflow_api_virtualenv.py for tasks to queue
[2024-03-06T13:59:51.870+0000] {logging_mixin.py:188} INFO - [2024-03-06T13:59:51.869+0000] {dagbag.py:540} INFO - Filling up the DagBag from /home/airflow/.local/lib/python3.11/site-packages/airflow/example_dags/tutorial_taskflow_api_virtualenv.py
[2024-03-06T13:59:51.888+0000] {processor.py:840} INFO - DAG(s) 'tutorial_taskflow_api_virtualenv' retrieved from /home/airflow/.local/lib/python3.11/site-packages/airflow/example_dags/tutorial_taskflow_api_virtualenv.py
[2024-03-06T13:59:51.924+0000] {logging_mixin.py:188} INFO - [2024-03-06T13:59:51.924+0000] {dag.py:3047} INFO - Sync 1 DAGs
[2024-03-06T13:59:51.945+0000] {logging_mixin.py:188} INFO - [2024-03-06T13:59:51.945+0000] {dag.py:3834} INFO - Setting next_dagrun for tutorial_taskflow_api_virtualenv to None, run_after=None
[2024-03-06T13:59:51.973+0000] {processor.py:183} INFO - Processing /home/airflow/.local/lib/python3.11/site-packages/airflow/example_dags/tutorial_taskflow_api_virtualenv.py took 0.113 seconds
[2024-03-06T14:00:22.481+0000] {processor.py:161} INFO - Started process (PID=7839) to work on /home/airflow/.local/lib/python3.11/site-packages/airflow/example_dags/tutorial_taskflow_api_virtualenv.py
[2024-03-06T14:00:22.482+0000] {processor.py:830} INFO - Processing file /home/airflow/.local/lib/python3.11/site-packages/airflow/example_dags/tutorial_taskflow_api_virtualenv.py for tasks to queue
[2024-03-06T14:00:22.483+0000] {logging_mixin.py:188} INFO - [2024-03-06T14:00:22.483+0000] {dagbag.py:540} INFO - Filling up the DagBag from /home/airflow/.local/lib/python3.11/site-packages/airflow/example_dags/tutorial_taskflow_api_virtualenv.py
[2024-03-06T14:00:22.494+0000] {processor.py:840} INFO - DAG(s) 'tutorial_taskflow_api_virtualenv' retrieved from /home/airflow/.local/lib/python3.11/site-packages/airflow/example_dags/tutorial_taskflow_api_virtualenv.py
[2024-03-06T14:00:22.517+0000] {logging_mixin.py:188} INFO - [2024-03-06T14:00:22.517+0000] {dag.py:3047} INFO - Sync 1 DAGs
[2024-03-06T14:00:22.534+0000] {logging_mixin.py:188} INFO - [2024-03-06T14:00:22.534+0000] {dag.py:3834} INFO - Setting next_dagrun for tutorial_taskflow_api_virtualenv to None, run_after=None
[2024-03-06T14:00:22.574+0000] {processor.py:183} INFO - Processing /home/airflow/.local/lib/python3.11/site-packages/airflow/example_dags/tutorial_taskflow_api_virtualenv.py took 0.082 seconds
[2024-03-06T14:00:52.738+0000] {processor.py:161} INFO - Started process (PID=8086) to work on /home/airflow/.local/lib/python3.11/site-packages/airflow/example_dags/tutorial_taskflow_api_virtualenv.py
[2024-03-06T14:00:52.739+0000] {processor.py:830} INFO - Processing file /home/airflow/.local/lib/python3.11/site-packages/airflow/example_dags/tutorial_taskflow_api_virtualenv.py for tasks to queue
[2024-03-06T14:00:52.741+0000] {logging_mixin.py:188} INFO - [2024-03-06T14:00:52.740+0000] {dagbag.py:540} INFO - Filling up the DagBag from /home/airflow/.local/lib/python3.11/site-packages/airflow/example_dags/tutorial_taskflow_api_virtualenv.py
[2024-03-06T14:00:52.753+0000] {processor.py:840} INFO - DAG(s) 'tutorial_taskflow_api_virtualenv' retrieved from /home/airflow/.local/lib/python3.11/site-packages/airflow/example_dags/tutorial_taskflow_api_virtualenv.py
[2024-03-06T14:00:52.776+0000] {logging_mixin.py:188} INFO - [2024-03-06T14:00:52.776+0000] {dag.py:3047} INFO - Sync 1 DAGs
[2024-03-06T14:00:52.789+0000] {logging_mixin.py:188} INFO - [2024-03-06T14:00:52.789+0000] {dag.py:3834} INFO - Setting next_dagrun for tutorial_taskflow_api_virtualenv to None, run_after=None
[2024-03-06T14:00:52.809+0000] {processor.py:183} INFO - Processing /home/airflow/.local/lib/python3.11/site-packages/airflow/example_dags/tutorial_taskflow_api_virtualenv.py took 0.075 seconds
[2024-03-06T14:01:23.473+0000] {processor.py:161} INFO - Started process (PID=8330) to work on /home/airflow/.local/lib/python3.11/site-packages/airflow/example_dags/tutorial_taskflow_api_virtualenv.py
[2024-03-06T14:01:23.474+0000] {processor.py:830} INFO - Processing file /home/airflow/.local/lib/python3.11/site-packages/airflow/example_dags/tutorial_taskflow_api_virtualenv.py for tasks to queue
[2024-03-06T14:01:23.476+0000] {logging_mixin.py:188} INFO - [2024-03-06T14:01:23.476+0000] {dagbag.py:540} INFO - Filling up the DagBag from /home/airflow/.local/lib/python3.11/site-packages/airflow/example_dags/tutorial_taskflow_api_virtualenv.py
[2024-03-06T14:01:23.493+0000] {processor.py:840} INFO - DAG(s) 'tutorial_taskflow_api_virtualenv' retrieved from /home/airflow/.local/lib/python3.11/site-packages/airflow/example_dags/tutorial_taskflow_api_virtualenv.py
[2024-03-06T14:01:23.520+0000] {logging_mixin.py:188} INFO - [2024-03-06T14:01:23.520+0000] {dag.py:3047} INFO - Sync 1 DAGs
[2024-03-06T14:01:23.540+0000] {logging_mixin.py:188} INFO - [2024-03-06T14:01:23.540+0000] {dag.py:3834} INFO - Setting next_dagrun for tutorial_taskflow_api_virtualenv to None, run_after=None
[2024-03-06T14:01:23.570+0000] {processor.py:183} INFO - Processing /home/airflow/.local/lib/python3.11/site-packages/airflow/example_dags/tutorial_taskflow_api_virtualenv.py took 0.101 seconds
[2024-03-06T14:01:54.193+0000] {processor.py:161} INFO - Started process (PID=8579) to work on /home/airflow/.local/lib/python3.11/site-packages/airflow/example_dags/tutorial_taskflow_api_virtualenv.py
[2024-03-06T14:01:54.194+0000] {processor.py:830} INFO - Processing file /home/airflow/.local/lib/python3.11/site-packages/airflow/example_dags/tutorial_taskflow_api_virtualenv.py for tasks to queue
[2024-03-06T14:01:54.196+0000] {logging_mixin.py:188} INFO - [2024-03-06T14:01:54.195+0000] {dagbag.py:540} INFO - Filling up the DagBag from /home/airflow/.local/lib/python3.11/site-packages/airflow/example_dags/tutorial_taskflow_api_virtualenv.py
[2024-03-06T14:01:54.210+0000] {processor.py:840} INFO - DAG(s) 'tutorial_taskflow_api_virtualenv' retrieved from /home/airflow/.local/lib/python3.11/site-packages/airflow/example_dags/tutorial_taskflow_api_virtualenv.py
[2024-03-06T14:01:54.234+0000] {logging_mixin.py:188} INFO - [2024-03-06T14:01:54.233+0000] {dag.py:3047} INFO - Sync 1 DAGs
[2024-03-06T14:01:54.249+0000] {logging_mixin.py:188} INFO - [2024-03-06T14:01:54.248+0000] {dag.py:3834} INFO - Setting next_dagrun for tutorial_taskflow_api_virtualenv to None, run_after=None
[2024-03-06T14:01:54.271+0000] {processor.py:183} INFO - Processing /home/airflow/.local/lib/python3.11/site-packages/airflow/example_dags/tutorial_taskflow_api_virtualenv.py took 0.082 seconds
[2024-03-06T14:02:25.266+0000] {processor.py:161} INFO - Started process (PID=8824) to work on /home/airflow/.local/lib/python3.11/site-packages/airflow/example_dags/tutorial_taskflow_api_virtualenv.py
[2024-03-06T14:02:25.268+0000] {processor.py:830} INFO - Processing file /home/airflow/.local/lib/python3.11/site-packages/airflow/example_dags/tutorial_taskflow_api_virtualenv.py for tasks to queue
[2024-03-06T14:02:25.271+0000] {logging_mixin.py:188} INFO - [2024-03-06T14:02:25.270+0000] {dagbag.py:540} INFO - Filling up the DagBag from /home/airflow/.local/lib/python3.11/site-packages/airflow/example_dags/tutorial_taskflow_api_virtualenv.py
[2024-03-06T14:02:25.286+0000] {processor.py:840} INFO - DAG(s) 'tutorial_taskflow_api_virtualenv' retrieved from /home/airflow/.local/lib/python3.11/site-packages/airflow/example_dags/tutorial_taskflow_api_virtualenv.py
[2024-03-06T14:02:25.321+0000] {logging_mixin.py:188} INFO - [2024-03-06T14:02:25.321+0000] {dag.py:3047} INFO - Sync 1 DAGs
[2024-03-06T14:02:25.342+0000] {logging_mixin.py:188} INFO - [2024-03-06T14:02:25.342+0000] {dag.py:3834} INFO - Setting next_dagrun for tutorial_taskflow_api_virtualenv to None, run_after=None
[2024-03-06T14:02:25.378+0000] {processor.py:183} INFO - Processing /home/airflow/.local/lib/python3.11/site-packages/airflow/example_dags/tutorial_taskflow_api_virtualenv.py took 0.116 seconds
[2024-03-06T14:02:55.468+0000] {processor.py:161} INFO - Started process (PID=9071) to work on /home/airflow/.local/lib/python3.11/site-packages/airflow/example_dags/tutorial_taskflow_api_virtualenv.py
[2024-03-06T14:02:55.470+0000] {processor.py:830} INFO - Processing file /home/airflow/.local/lib/python3.11/site-packages/airflow/example_dags/tutorial_taskflow_api_virtualenv.py for tasks to queue
[2024-03-06T14:02:55.471+0000] {logging_mixin.py:188} INFO - [2024-03-06T14:02:55.471+0000] {dagbag.py:540} INFO - Filling up the DagBag from /home/airflow/.local/lib/python3.11/site-packages/airflow/example_dags/tutorial_taskflow_api_virtualenv.py
[2024-03-06T14:02:55.486+0000] {processor.py:840} INFO - DAG(s) 'tutorial_taskflow_api_virtualenv' retrieved from /home/airflow/.local/lib/python3.11/site-packages/airflow/example_dags/tutorial_taskflow_api_virtualenv.py
[2024-03-06T14:02:55.509+0000] {logging_mixin.py:188} INFO - [2024-03-06T14:02:55.508+0000] {dag.py:3047} INFO - Sync 1 DAGs
[2024-03-06T14:02:55.527+0000] {logging_mixin.py:188} INFO - [2024-03-06T14:02:55.527+0000] {dag.py:3834} INFO - Setting next_dagrun for tutorial_taskflow_api_virtualenv to None, run_after=None
[2024-03-06T14:02:55.551+0000] {processor.py:183} INFO - Processing /home/airflow/.local/lib/python3.11/site-packages/airflow/example_dags/tutorial_taskflow_api_virtualenv.py took 0.089 seconds
[2024-03-06T14:03:25.646+0000] {processor.py:161} INFO - Started process (PID=9318) to work on /home/airflow/.local/lib/python3.11/site-packages/airflow/example_dags/tutorial_taskflow_api_virtualenv.py
[2024-03-06T14:03:25.647+0000] {processor.py:830} INFO - Processing file /home/airflow/.local/lib/python3.11/site-packages/airflow/example_dags/tutorial_taskflow_api_virtualenv.py for tasks to queue
[2024-03-06T14:03:25.653+0000] {logging_mixin.py:188} INFO - [2024-03-06T14:03:25.652+0000] {dagbag.py:540} INFO - Filling up the DagBag from /home/airflow/.local/lib/python3.11/site-packages/airflow/example_dags/tutorial_taskflow_api_virtualenv.py
[2024-03-06T14:03:25.672+0000] {processor.py:840} INFO - DAG(s) 'tutorial_taskflow_api_virtualenv' retrieved from /home/airflow/.local/lib/python3.11/site-packages/airflow/example_dags/tutorial_taskflow_api_virtualenv.py
[2024-03-06T14:03:25.697+0000] {logging_mixin.py:188} INFO - [2024-03-06T14:03:25.697+0000] {dag.py:3047} INFO - Sync 1 DAGs
[2024-03-06T14:03:25.709+0000] {logging_mixin.py:188} INFO - [2024-03-06T14:03:25.709+0000] {dag.py:3834} INFO - Setting next_dagrun for tutorial_taskflow_api_virtualenv to None, run_after=None
[2024-03-06T14:03:25.728+0000] {processor.py:183} INFO - Processing /home/airflow/.local/lib/python3.11/site-packages/airflow/example_dags/tutorial_taskflow_api_virtualenv.py took 0.086 seconds
[2024-03-06T14:03:56.277+0000] {processor.py:161} INFO - Started process (PID=9573) to work on /home/airflow/.local/lib/python3.11/site-packages/airflow/example_dags/tutorial_taskflow_api_virtualenv.py
[2024-03-06T14:03:56.278+0000] {processor.py:830} INFO - Processing file /home/airflow/.local/lib/python3.11/site-packages/airflow/example_dags/tutorial_taskflow_api_virtualenv.py for tasks to queue
[2024-03-06T14:03:56.279+0000] {logging_mixin.py:188} INFO - [2024-03-06T14:03:56.279+0000] {dagbag.py:540} INFO - Filling up the DagBag from /home/airflow/.local/lib/python3.11/site-packages/airflow/example_dags/tutorial_taskflow_api_virtualenv.py
[2024-03-06T14:03:56.289+0000] {processor.py:840} INFO - DAG(s) 'tutorial_taskflow_api_virtualenv' retrieved from /home/airflow/.local/lib/python3.11/site-packages/airflow/example_dags/tutorial_taskflow_api_virtualenv.py
[2024-03-06T14:03:56.308+0000] {logging_mixin.py:188} INFO - [2024-03-06T14:03:56.307+0000] {dag.py:3047} INFO - Sync 1 DAGs
[2024-03-06T14:03:56.317+0000] {logging_mixin.py:188} INFO - [2024-03-06T14:03:56.317+0000] {dag.py:3834} INFO - Setting next_dagrun for tutorial_taskflow_api_virtualenv to None, run_after=None
[2024-03-06T14:03:56.331+0000] {processor.py:183} INFO - Processing /home/airflow/.local/lib/python3.11/site-packages/airflow/example_dags/tutorial_taskflow_api_virtualenv.py took 0.057 seconds
[2024-03-06T14:04:26.494+0000] {processor.py:161} INFO - Started process (PID=9818) to work on /home/airflow/.local/lib/python3.11/site-packages/airflow/example_dags/tutorial_taskflow_api_virtualenv.py
[2024-03-06T14:04:26.495+0000] {processor.py:830} INFO - Processing file /home/airflow/.local/lib/python3.11/site-packages/airflow/example_dags/tutorial_taskflow_api_virtualenv.py for tasks to queue
[2024-03-06T14:04:26.504+0000] {logging_mixin.py:188} INFO - [2024-03-06T14:04:26.496+0000] {dagbag.py:540} INFO - Filling up the DagBag from /home/airflow/.local/lib/python3.11/site-packages/airflow/example_dags/tutorial_taskflow_api_virtualenv.py
[2024-03-06T14:04:26.523+0000] {processor.py:840} INFO - DAG(s) 'tutorial_taskflow_api_virtualenv' retrieved from /home/airflow/.local/lib/python3.11/site-packages/airflow/example_dags/tutorial_taskflow_api_virtualenv.py
[2024-03-06T14:04:26.550+0000] {logging_mixin.py:188} INFO - [2024-03-06T14:04:26.548+0000] {dag.py:3047} INFO - Sync 1 DAGs
[2024-03-06T14:04:26.568+0000] {logging_mixin.py:188} INFO - [2024-03-06T14:04:26.568+0000] {dag.py:3834} INFO - Setting next_dagrun for tutorial_taskflow_api_virtualenv to None, run_after=None
[2024-03-06T14:04:26.590+0000] {processor.py:183} INFO - Processing /home/airflow/.local/lib/python3.11/site-packages/airflow/example_dags/tutorial_taskflow_api_virtualenv.py took 0.102 seconds
[2024-03-06T14:04:56.951+0000] {processor.py:161} INFO - Started process (PID=10065) to work on /home/airflow/.local/lib/python3.11/site-packages/airflow/example_dags/tutorial_taskflow_api_virtualenv.py
[2024-03-06T14:04:56.958+0000] {processor.py:830} INFO - Processing file /home/airflow/.local/lib/python3.11/site-packages/airflow/example_dags/tutorial_taskflow_api_virtualenv.py for tasks to queue
[2024-03-06T14:04:56.964+0000] {logging_mixin.py:188} INFO - [2024-03-06T14:04:56.964+0000] {dagbag.py:540} INFO - Filling up the DagBag from /home/airflow/.local/lib/python3.11/site-packages/airflow/example_dags/tutorial_taskflow_api_virtualenv.py
[2024-03-06T14:04:56.980+0000] {processor.py:840} INFO - DAG(s) 'tutorial_taskflow_api_virtualenv' retrieved from /home/airflow/.local/lib/python3.11/site-packages/airflow/example_dags/tutorial_taskflow_api_virtualenv.py
[2024-03-06T14:04:57.000+0000] {logging_mixin.py:188} INFO - [2024-03-06T14:04:57.000+0000] {dag.py:3047} INFO - Sync 1 DAGs
[2024-03-06T14:04:57.014+0000] {logging_mixin.py:188} INFO - [2024-03-06T14:04:57.014+0000] {dag.py:3834} INFO - Setting next_dagrun for tutorial_taskflow_api_virtualenv to None, run_after=None
[2024-03-06T14:04:57.036+0000] {processor.py:183} INFO - Processing /home/airflow/.local/lib/python3.11/site-packages/airflow/example_dags/tutorial_taskflow_api_virtualenv.py took 0.090 seconds
[2024-03-06T14:05:27.205+0000] {processor.py:161} INFO - Started process (PID=10314) to work on /home/airflow/.local/lib/python3.11/site-packages/airflow/example_dags/tutorial_taskflow_api_virtualenv.py
[2024-03-06T14:05:27.206+0000] {processor.py:830} INFO - Processing file /home/airflow/.local/lib/python3.11/site-packages/airflow/example_dags/tutorial_taskflow_api_virtualenv.py for tasks to queue
[2024-03-06T14:05:27.207+0000] {logging_mixin.py:188} INFO - [2024-03-06T14:05:27.206+0000] {dagbag.py:540} INFO - Filling up the DagBag from /home/airflow/.local/lib/python3.11/site-packages/airflow/example_dags/tutorial_taskflow_api_virtualenv.py
[2024-03-06T14:05:27.218+0000] {processor.py:840} INFO - DAG(s) 'tutorial_taskflow_api_virtualenv' retrieved from /home/airflow/.local/lib/python3.11/site-packages/airflow/example_dags/tutorial_taskflow_api_virtualenv.py
[2024-03-06T14:05:27.234+0000] {logging_mixin.py:188} INFO - [2024-03-06T14:05:27.234+0000] {dag.py:3047} INFO - Sync 1 DAGs
[2024-03-06T14:05:27.245+0000] {logging_mixin.py:188} INFO - [2024-03-06T14:05:27.245+0000] {dag.py:3834} INFO - Setting next_dagrun for tutorial_taskflow_api_virtualenv to None, run_after=None
[2024-03-06T14:05:27.260+0000] {processor.py:183} INFO - Processing /home/airflow/.local/lib/python3.11/site-packages/airflow/example_dags/tutorial_taskflow_api_virtualenv.py took 0.059 seconds
[2024-03-06T14:05:57.299+0000] {processor.py:161} INFO - Started process (PID=10559) to work on /home/airflow/.local/lib/python3.11/site-packages/airflow/example_dags/tutorial_taskflow_api_virtualenv.py
[2024-03-06T14:05:57.300+0000] {processor.py:830} INFO - Processing file /home/airflow/.local/lib/python3.11/site-packages/airflow/example_dags/tutorial_taskflow_api_virtualenv.py for tasks to queue
[2024-03-06T14:05:57.302+0000] {logging_mixin.py:188} INFO - [2024-03-06T14:05:57.301+0000] {dagbag.py:540} INFO - Filling up the DagBag from /home/airflow/.local/lib/python3.11/site-packages/airflow/example_dags/tutorial_taskflow_api_virtualenv.py
[2024-03-06T14:05:57.317+0000] {processor.py:840} INFO - DAG(s) 'tutorial_taskflow_api_virtualenv' retrieved from /home/airflow/.local/lib/python3.11/site-packages/airflow/example_dags/tutorial_taskflow_api_virtualenv.py
[2024-03-06T14:05:57.337+0000] {logging_mixin.py:188} INFO - [2024-03-06T14:05:57.337+0000] {dag.py:3047} INFO - Sync 1 DAGs
[2024-03-06T14:05:57.349+0000] {logging_mixin.py:188} INFO - [2024-03-06T14:05:57.349+0000] {dag.py:3834} INFO - Setting next_dagrun for tutorial_taskflow_api_virtualenv to None, run_after=None
[2024-03-06T14:05:57.369+0000] {processor.py:183} INFO - Processing /home/airflow/.local/lib/python3.11/site-packages/airflow/example_dags/tutorial_taskflow_api_virtualenv.py took 0.073 seconds
[2024-03-06T14:06:27.619+0000] {processor.py:161} INFO - Started process (PID=10807) to work on /home/airflow/.local/lib/python3.11/site-packages/airflow/example_dags/tutorial_taskflow_api_virtualenv.py
[2024-03-06T14:06:27.620+0000] {processor.py:830} INFO - Processing file /home/airflow/.local/lib/python3.11/site-packages/airflow/example_dags/tutorial_taskflow_api_virtualenv.py for tasks to queue
[2024-03-06T14:06:27.621+0000] {logging_mixin.py:188} INFO - [2024-03-06T14:06:27.621+0000] {dagbag.py:540} INFO - Filling up the DagBag from /home/airflow/.local/lib/python3.11/site-packages/airflow/example_dags/tutorial_taskflow_api_virtualenv.py
[2024-03-06T14:06:27.631+0000] {processor.py:840} INFO - DAG(s) 'tutorial_taskflow_api_virtualenv' retrieved from /home/airflow/.local/lib/python3.11/site-packages/airflow/example_dags/tutorial_taskflow_api_virtualenv.py
[2024-03-06T14:06:27.648+0000] {logging_mixin.py:188} INFO - [2024-03-06T14:06:27.648+0000] {dag.py:3047} INFO - Sync 1 DAGs
[2024-03-06T14:06:27.659+0000] {logging_mixin.py:188} INFO - [2024-03-06T14:06:27.658+0000] {dag.py:3834} INFO - Setting next_dagrun for tutorial_taskflow_api_virtualenv to None, run_after=None
[2024-03-06T14:06:27.675+0000] {processor.py:183} INFO - Processing /home/airflow/.local/lib/python3.11/site-packages/airflow/example_dags/tutorial_taskflow_api_virtualenv.py took 0.058 seconds
[2024-03-06T14:06:58.872+0000] {processor.py:161} INFO - Started process (PID=11054) to work on /home/airflow/.local/lib/python3.11/site-packages/airflow/example_dags/tutorial_taskflow_api_virtualenv.py
[2024-03-06T14:06:58.876+0000] {processor.py:830} INFO - Processing file /home/airflow/.local/lib/python3.11/site-packages/airflow/example_dags/tutorial_taskflow_api_virtualenv.py for tasks to queue
[2024-03-06T14:06:58.878+0000] {logging_mixin.py:188} INFO - [2024-03-06T14:06:58.877+0000] {dagbag.py:540} INFO - Filling up the DagBag from /home/airflow/.local/lib/python3.11/site-packages/airflow/example_dags/tutorial_taskflow_api_virtualenv.py
[2024-03-06T14:06:58.912+0000] {processor.py:840} INFO - DAG(s) 'tutorial_taskflow_api_virtualenv' retrieved from /home/airflow/.local/lib/python3.11/site-packages/airflow/example_dags/tutorial_taskflow_api_virtualenv.py
[2024-03-06T14:06:58.956+0000] {logging_mixin.py:188} INFO - [2024-03-06T14:06:58.956+0000] {dag.py:3047} INFO - Sync 1 DAGs
[2024-03-06T14:06:58.987+0000] {logging_mixin.py:188} INFO - [2024-03-06T14:06:58.986+0000] {dag.py:3834} INFO - Setting next_dagrun for tutorial_taskflow_api_virtualenv to None, run_after=None
[2024-03-06T14:06:59.029+0000] {processor.py:183} INFO - Processing /home/airflow/.local/lib/python3.11/site-packages/airflow/example_dags/tutorial_taskflow_api_virtualenv.py took 0.163 seconds
[2024-03-06T14:07:29.381+0000] {processor.py:161} INFO - Started process (PID=11301) to work on /home/airflow/.local/lib/python3.11/site-packages/airflow/example_dags/tutorial_taskflow_api_virtualenv.py
[2024-03-06T14:07:29.382+0000] {processor.py:830} INFO - Processing file /home/airflow/.local/lib/python3.11/site-packages/airflow/example_dags/tutorial_taskflow_api_virtualenv.py for tasks to queue
[2024-03-06T14:07:29.384+0000] {logging_mixin.py:188} INFO - [2024-03-06T14:07:29.383+0000] {dagbag.py:540} INFO - Filling up the DagBag from /home/airflow/.local/lib/python3.11/site-packages/airflow/example_dags/tutorial_taskflow_api_virtualenv.py
[2024-03-06T14:07:29.397+0000] {processor.py:840} INFO - DAG(s) 'tutorial_taskflow_api_virtualenv' retrieved from /home/airflow/.local/lib/python3.11/site-packages/airflow/example_dags/tutorial_taskflow_api_virtualenv.py
[2024-03-06T14:07:29.429+0000] {logging_mixin.py:188} INFO - [2024-03-06T14:07:29.429+0000] {dag.py:3047} INFO - Sync 1 DAGs
[2024-03-06T14:07:29.447+0000] {logging_mixin.py:188} INFO - [2024-03-06T14:07:29.447+0000] {dag.py:3834} INFO - Setting next_dagrun for tutorial_taskflow_api_virtualenv to None, run_after=None
[2024-03-06T14:07:29.481+0000] {processor.py:183} INFO - Processing /home/airflow/.local/lib/python3.11/site-packages/airflow/example_dags/tutorial_taskflow_api_virtualenv.py took 0.103 seconds
[2024-03-06T14:07:59.954+0000] {processor.py:161} INFO - Started process (PID=11548) to work on /home/airflow/.local/lib/python3.11/site-packages/airflow/example_dags/tutorial_taskflow_api_virtualenv.py
[2024-03-06T14:07:59.955+0000] {processor.py:830} INFO - Processing file /home/airflow/.local/lib/python3.11/site-packages/airflow/example_dags/tutorial_taskflow_api_virtualenv.py for tasks to queue
[2024-03-06T14:07:59.957+0000] {logging_mixin.py:188} INFO - [2024-03-06T14:07:59.956+0000] {dagbag.py:540} INFO - Filling up the DagBag from /home/airflow/.local/lib/python3.11/site-packages/airflow/example_dags/tutorial_taskflow_api_virtualenv.py
[2024-03-06T14:07:59.967+0000] {processor.py:840} INFO - DAG(s) 'tutorial_taskflow_api_virtualenv' retrieved from /home/airflow/.local/lib/python3.11/site-packages/airflow/example_dags/tutorial_taskflow_api_virtualenv.py
[2024-03-06T14:07:59.988+0000] {logging_mixin.py:188} INFO - [2024-03-06T14:07:59.987+0000] {dag.py:3047} INFO - Sync 1 DAGs
[2024-03-06T14:07:59.998+0000] {logging_mixin.py:188} INFO - [2024-03-06T14:07:59.998+0000] {dag.py:3834} INFO - Setting next_dagrun for tutorial_taskflow_api_virtualenv to None, run_after=None
[2024-03-06T14:08:00.014+0000] {processor.py:183} INFO - Processing /home/airflow/.local/lib/python3.11/site-packages/airflow/example_dags/tutorial_taskflow_api_virtualenv.py took 0.063 seconds
[2024-03-06T14:08:30.163+0000] {processor.py:161} INFO - Started process (PID=11795) to work on /home/airflow/.local/lib/python3.11/site-packages/airflow/example_dags/tutorial_taskflow_api_virtualenv.py
[2024-03-06T14:08:30.164+0000] {processor.py:830} INFO - Processing file /home/airflow/.local/lib/python3.11/site-packages/airflow/example_dags/tutorial_taskflow_api_virtualenv.py for tasks to queue
[2024-03-06T14:08:30.165+0000] {logging_mixin.py:188} INFO - [2024-03-06T14:08:30.165+0000] {dagbag.py:540} INFO - Filling up the DagBag from /home/airflow/.local/lib/python3.11/site-packages/airflow/example_dags/tutorial_taskflow_api_virtualenv.py
[2024-03-06T14:08:30.176+0000] {processor.py:840} INFO - DAG(s) 'tutorial_taskflow_api_virtualenv' retrieved from /home/airflow/.local/lib/python3.11/site-packages/airflow/example_dags/tutorial_taskflow_api_virtualenv.py
[2024-03-06T14:08:30.193+0000] {logging_mixin.py:188} INFO - [2024-03-06T14:08:30.192+0000] {dag.py:3047} INFO - Sync 1 DAGs
[2024-03-06T14:08:30.204+0000] {logging_mixin.py:188} INFO - [2024-03-06T14:08:30.204+0000] {dag.py:3834} INFO - Setting next_dagrun for tutorial_taskflow_api_virtualenv to None, run_after=None
[2024-03-06T14:08:30.223+0000] {processor.py:183} INFO - Processing /home/airflow/.local/lib/python3.11/site-packages/airflow/example_dags/tutorial_taskflow_api_virtualenv.py took 0.063 seconds
[2024-03-06T14:09:00.877+0000] {processor.py:161} INFO - Started process (PID=12041) to work on /home/airflow/.local/lib/python3.11/site-packages/airflow/example_dags/tutorial_taskflow_api_virtualenv.py
[2024-03-06T14:09:00.878+0000] {processor.py:830} INFO - Processing file /home/airflow/.local/lib/python3.11/site-packages/airflow/example_dags/tutorial_taskflow_api_virtualenv.py for tasks to queue
[2024-03-06T14:09:00.879+0000] {logging_mixin.py:188} INFO - [2024-03-06T14:09:00.879+0000] {dagbag.py:540} INFO - Filling up the DagBag from /home/airflow/.local/lib/python3.11/site-packages/airflow/example_dags/tutorial_taskflow_api_virtualenv.py
[2024-03-06T14:09:00.888+0000] {processor.py:840} INFO - DAG(s) 'tutorial_taskflow_api_virtualenv' retrieved from /home/airflow/.local/lib/python3.11/site-packages/airflow/example_dags/tutorial_taskflow_api_virtualenv.py
[2024-03-06T14:09:00.905+0000] {logging_mixin.py:188} INFO - [2024-03-06T14:09:00.905+0000] {dag.py:3047} INFO - Sync 1 DAGs
[2024-03-06T14:09:00.915+0000] {logging_mixin.py:188} INFO - [2024-03-06T14:09:00.915+0000] {dag.py:3834} INFO - Setting next_dagrun for tutorial_taskflow_api_virtualenv to None, run_after=None
[2024-03-06T14:09:00.929+0000] {processor.py:183} INFO - Processing /home/airflow/.local/lib/python3.11/site-packages/airflow/example_dags/tutorial_taskflow_api_virtualenv.py took 0.054 seconds
[2024-03-06T14:09:31.052+0000] {processor.py:161} INFO - Started process (PID=12287) to work on /home/airflow/.local/lib/python3.11/site-packages/airflow/example_dags/tutorial_taskflow_api_virtualenv.py
[2024-03-06T14:09:31.053+0000] {processor.py:830} INFO - Processing file /home/airflow/.local/lib/python3.11/site-packages/airflow/example_dags/tutorial_taskflow_api_virtualenv.py for tasks to queue
[2024-03-06T14:09:31.054+0000] {logging_mixin.py:188} INFO - [2024-03-06T14:09:31.054+0000] {dagbag.py:540} INFO - Filling up the DagBag from /home/airflow/.local/lib/python3.11/site-packages/airflow/example_dags/tutorial_taskflow_api_virtualenv.py
[2024-03-06T14:09:31.064+0000] {processor.py:840} INFO - DAG(s) 'tutorial_taskflow_api_virtualenv' retrieved from /home/airflow/.local/lib/python3.11/site-packages/airflow/example_dags/tutorial_taskflow_api_virtualenv.py
[2024-03-06T14:09:31.081+0000] {logging_mixin.py:188} INFO - [2024-03-06T14:09:31.081+0000] {dag.py:3047} INFO - Sync 1 DAGs
[2024-03-06T14:09:31.091+0000] {logging_mixin.py:188} INFO - [2024-03-06T14:09:31.091+0000] {dag.py:3834} INFO - Setting next_dagrun for tutorial_taskflow_api_virtualenv to None, run_after=None
[2024-03-06T14:09:31.106+0000] {processor.py:183} INFO - Processing /home/airflow/.local/lib/python3.11/site-packages/airflow/example_dags/tutorial_taskflow_api_virtualenv.py took 0.057 seconds
[2024-03-06T14:10:01.822+0000] {processor.py:161} INFO - Started process (PID=12534) to work on /home/airflow/.local/lib/python3.11/site-packages/airflow/example_dags/tutorial_taskflow_api_virtualenv.py
[2024-03-06T14:10:01.823+0000] {processor.py:830} INFO - Processing file /home/airflow/.local/lib/python3.11/site-packages/airflow/example_dags/tutorial_taskflow_api_virtualenv.py for tasks to queue
[2024-03-06T14:10:01.824+0000] {logging_mixin.py:188} INFO - [2024-03-06T14:10:01.824+0000] {dagbag.py:540} INFO - Filling up the DagBag from /home/airflow/.local/lib/python3.11/site-packages/airflow/example_dags/tutorial_taskflow_api_virtualenv.py
[2024-03-06T14:10:01.834+0000] {processor.py:840} INFO - DAG(s) 'tutorial_taskflow_api_virtualenv' retrieved from /home/airflow/.local/lib/python3.11/site-packages/airflow/example_dags/tutorial_taskflow_api_virtualenv.py
[2024-03-06T14:10:01.850+0000] {logging_mixin.py:188} INFO - [2024-03-06T14:10:01.850+0000] {dag.py:3047} INFO - Sync 1 DAGs
[2024-03-06T14:10:01.860+0000] {logging_mixin.py:188} INFO - [2024-03-06T14:10:01.859+0000] {dag.py:3834} INFO - Setting next_dagrun for tutorial_taskflow_api_virtualenv to None, run_after=None
[2024-03-06T14:10:01.874+0000] {processor.py:183} INFO - Processing /home/airflow/.local/lib/python3.11/site-packages/airflow/example_dags/tutorial_taskflow_api_virtualenv.py took 0.055 seconds
[2024-03-06T14:10:32.825+0000] {processor.py:161} INFO - Started process (PID=12781) to work on /home/airflow/.local/lib/python3.11/site-packages/airflow/example_dags/tutorial_taskflow_api_virtualenv.py
[2024-03-06T14:10:32.827+0000] {processor.py:830} INFO - Processing file /home/airflow/.local/lib/python3.11/site-packages/airflow/example_dags/tutorial_taskflow_api_virtualenv.py for tasks to queue
[2024-03-06T14:10:32.829+0000] {logging_mixin.py:188} INFO - [2024-03-06T14:10:32.828+0000] {dagbag.py:540} INFO - Filling up the DagBag from /home/airflow/.local/lib/python3.11/site-packages/airflow/example_dags/tutorial_taskflow_api_virtualenv.py
[2024-03-06T14:10:32.843+0000] {processor.py:840} INFO - DAG(s) 'tutorial_taskflow_api_virtualenv' retrieved from /home/airflow/.local/lib/python3.11/site-packages/airflow/example_dags/tutorial_taskflow_api_virtualenv.py
[2024-03-06T14:10:32.870+0000] {logging_mixin.py:188} INFO - [2024-03-06T14:10:32.869+0000] {dag.py:3047} INFO - Sync 1 DAGs
[2024-03-06T14:10:32.888+0000] {logging_mixin.py:188} INFO - [2024-03-06T14:10:32.887+0000] {dag.py:3834} INFO - Setting next_dagrun for tutorial_taskflow_api_virtualenv to None, run_after=None
[2024-03-06T14:10:32.910+0000] {processor.py:183} INFO - Processing /home/airflow/.local/lib/python3.11/site-packages/airflow/example_dags/tutorial_taskflow_api_virtualenv.py took 0.089 seconds
[2024-03-06T14:11:02.970+0000] {processor.py:161} INFO - Started process (PID=13028) to work on /home/airflow/.local/lib/python3.11/site-packages/airflow/example_dags/tutorial_taskflow_api_virtualenv.py
[2024-03-06T14:11:02.971+0000] {processor.py:830} INFO - Processing file /home/airflow/.local/lib/python3.11/site-packages/airflow/example_dags/tutorial_taskflow_api_virtualenv.py for tasks to queue
[2024-03-06T14:11:02.972+0000] {logging_mixin.py:188} INFO - [2024-03-06T14:11:02.972+0000] {dagbag.py:540} INFO - Filling up the DagBag from /home/airflow/.local/lib/python3.11/site-packages/airflow/example_dags/tutorial_taskflow_api_virtualenv.py
[2024-03-06T14:11:02.987+0000] {processor.py:840} INFO - DAG(s) 'tutorial_taskflow_api_virtualenv' retrieved from /home/airflow/.local/lib/python3.11/site-packages/airflow/example_dags/tutorial_taskflow_api_virtualenv.py
[2024-03-06T14:11:03.008+0000] {logging_mixin.py:188} INFO - [2024-03-06T14:11:03.007+0000] {dag.py:3047} INFO - Sync 1 DAGs
[2024-03-06T14:11:03.020+0000] {logging_mixin.py:188} INFO - [2024-03-06T14:11:03.020+0000] {dag.py:3834} INFO - Setting next_dagrun for tutorial_taskflow_api_virtualenv to None, run_after=None
[2024-03-06T14:11:03.037+0000] {processor.py:183} INFO - Processing /home/airflow/.local/lib/python3.11/site-packages/airflow/example_dags/tutorial_taskflow_api_virtualenv.py took 0.071 seconds
[2024-03-06T14:11:33.700+0000] {processor.py:161} INFO - Started process (PID=13275) to work on /home/airflow/.local/lib/python3.11/site-packages/airflow/example_dags/tutorial_taskflow_api_virtualenv.py
[2024-03-06T14:11:33.701+0000] {processor.py:830} INFO - Processing file /home/airflow/.local/lib/python3.11/site-packages/airflow/example_dags/tutorial_taskflow_api_virtualenv.py for tasks to queue
[2024-03-06T14:11:33.702+0000] {logging_mixin.py:188} INFO - [2024-03-06T14:11:33.702+0000] {dagbag.py:540} INFO - Filling up the DagBag from /home/airflow/.local/lib/python3.11/site-packages/airflow/example_dags/tutorial_taskflow_api_virtualenv.py
[2024-03-06T14:11:33.713+0000] {processor.py:840} INFO - DAG(s) 'tutorial_taskflow_api_virtualenv' retrieved from /home/airflow/.local/lib/python3.11/site-packages/airflow/example_dags/tutorial_taskflow_api_virtualenv.py
[2024-03-06T14:11:33.733+0000] {logging_mixin.py:188} INFO - [2024-03-06T14:11:33.733+0000] {dag.py:3047} INFO - Sync 1 DAGs
[2024-03-06T14:11:33.746+0000] {logging_mixin.py:188} INFO - [2024-03-06T14:11:33.745+0000] {dag.py:3834} INFO - Setting next_dagrun for tutorial_taskflow_api_virtualenv to None, run_after=None
[2024-03-06T14:11:33.763+0000] {processor.py:183} INFO - Processing /home/airflow/.local/lib/python3.11/site-packages/airflow/example_dags/tutorial_taskflow_api_virtualenv.py took 0.067 seconds
[2024-03-06T14:12:04.528+0000] {processor.py:161} INFO - Started process (PID=13522) to work on /home/airflow/.local/lib/python3.11/site-packages/airflow/example_dags/tutorial_taskflow_api_virtualenv.py
[2024-03-06T14:12:04.529+0000] {processor.py:830} INFO - Processing file /home/airflow/.local/lib/python3.11/site-packages/airflow/example_dags/tutorial_taskflow_api_virtualenv.py for tasks to queue
[2024-03-06T14:12:04.530+0000] {logging_mixin.py:188} INFO - [2024-03-06T14:12:04.529+0000] {dagbag.py:540} INFO - Filling up the DagBag from /home/airflow/.local/lib/python3.11/site-packages/airflow/example_dags/tutorial_taskflow_api_virtualenv.py
[2024-03-06T14:12:04.539+0000] {processor.py:840} INFO - DAG(s) 'tutorial_taskflow_api_virtualenv' retrieved from /home/airflow/.local/lib/python3.11/site-packages/airflow/example_dags/tutorial_taskflow_api_virtualenv.py
[2024-03-06T14:12:04.555+0000] {logging_mixin.py:188} INFO - [2024-03-06T14:12:04.555+0000] {dag.py:3047} INFO - Sync 1 DAGs
[2024-03-06T14:12:04.564+0000] {logging_mixin.py:188} INFO - [2024-03-06T14:12:04.563+0000] {dag.py:3834} INFO - Setting next_dagrun for tutorial_taskflow_api_virtualenv to None, run_after=None
[2024-03-06T14:12:04.579+0000] {processor.py:183} INFO - Processing /home/airflow/.local/lib/python3.11/site-packages/airflow/example_dags/tutorial_taskflow_api_virtualenv.py took 0.053 seconds
[2024-03-06T14:12:34.922+0000] {processor.py:161} INFO - Started process (PID=13769) to work on /home/airflow/.local/lib/python3.11/site-packages/airflow/example_dags/tutorial_taskflow_api_virtualenv.py
[2024-03-06T14:12:34.923+0000] {processor.py:830} INFO - Processing file /home/airflow/.local/lib/python3.11/site-packages/airflow/example_dags/tutorial_taskflow_api_virtualenv.py for tasks to queue
[2024-03-06T14:12:34.924+0000] {logging_mixin.py:188} INFO - [2024-03-06T14:12:34.924+0000] {dagbag.py:540} INFO - Filling up the DagBag from /home/airflow/.local/lib/python3.11/site-packages/airflow/example_dags/tutorial_taskflow_api_virtualenv.py
[2024-03-06T14:12:34.933+0000] {processor.py:840} INFO - DAG(s) 'tutorial_taskflow_api_virtualenv' retrieved from /home/airflow/.local/lib/python3.11/site-packages/airflow/example_dags/tutorial_taskflow_api_virtualenv.py
[2024-03-06T14:12:34.951+0000] {logging_mixin.py:188} INFO - [2024-03-06T14:12:34.951+0000] {dag.py:3047} INFO - Sync 1 DAGs
[2024-03-06T14:12:34.963+0000] {logging_mixin.py:188} INFO - [2024-03-06T14:12:34.962+0000] {dag.py:3834} INFO - Setting next_dagrun for tutorial_taskflow_api_virtualenv to None, run_after=None
[2024-03-06T14:12:34.976+0000] {processor.py:183} INFO - Processing /home/airflow/.local/lib/python3.11/site-packages/airflow/example_dags/tutorial_taskflow_api_virtualenv.py took 0.057 seconds
[2024-03-06T14:13:05.773+0000] {processor.py:161} INFO - Started process (PID=14016) to work on /home/airflow/.local/lib/python3.11/site-packages/airflow/example_dags/tutorial_taskflow_api_virtualenv.py
[2024-03-06T14:13:05.774+0000] {processor.py:830} INFO - Processing file /home/airflow/.local/lib/python3.11/site-packages/airflow/example_dags/tutorial_taskflow_api_virtualenv.py for tasks to queue
[2024-03-06T14:13:05.776+0000] {logging_mixin.py:188} INFO - [2024-03-06T14:13:05.776+0000] {dagbag.py:540} INFO - Filling up the DagBag from /home/airflow/.local/lib/python3.11/site-packages/airflow/example_dags/tutorial_taskflow_api_virtualenv.py
[2024-03-06T14:13:05.788+0000] {processor.py:840} INFO - DAG(s) 'tutorial_taskflow_api_virtualenv' retrieved from /home/airflow/.local/lib/python3.11/site-packages/airflow/example_dags/tutorial_taskflow_api_virtualenv.py
[2024-03-06T14:13:05.811+0000] {logging_mixin.py:188} INFO - [2024-03-06T14:13:05.811+0000] {dag.py:3047} INFO - Sync 1 DAGs
[2024-03-06T14:13:05.826+0000] {logging_mixin.py:188} INFO - [2024-03-06T14:13:05.826+0000] {dag.py:3834} INFO - Setting next_dagrun for tutorial_taskflow_api_virtualenv to None, run_after=None
[2024-03-06T14:13:05.844+0000] {processor.py:183} INFO - Processing /home/airflow/.local/lib/python3.11/site-packages/airflow/example_dags/tutorial_taskflow_api_virtualenv.py took 0.075 seconds
[2024-03-06T14:13:36.418+0000] {processor.py:161} INFO - Started process (PID=14263) to work on /home/airflow/.local/lib/python3.11/site-packages/airflow/example_dags/tutorial_taskflow_api_virtualenv.py
[2024-03-06T14:13:36.419+0000] {processor.py:830} INFO - Processing file /home/airflow/.local/lib/python3.11/site-packages/airflow/example_dags/tutorial_taskflow_api_virtualenv.py for tasks to queue
[2024-03-06T14:13:36.420+0000] {logging_mixin.py:188} INFO - [2024-03-06T14:13:36.420+0000] {dagbag.py:540} INFO - Filling up the DagBag from /home/airflow/.local/lib/python3.11/site-packages/airflow/example_dags/tutorial_taskflow_api_virtualenv.py
[2024-03-06T14:13:36.429+0000] {processor.py:840} INFO - DAG(s) 'tutorial_taskflow_api_virtualenv' retrieved from /home/airflow/.local/lib/python3.11/site-packages/airflow/example_dags/tutorial_taskflow_api_virtualenv.py
[2024-03-06T14:13:36.445+0000] {logging_mixin.py:188} INFO - [2024-03-06T14:13:36.445+0000] {dag.py:3047} INFO - Sync 1 DAGs
[2024-03-06T14:13:36.455+0000] {logging_mixin.py:188} INFO - [2024-03-06T14:13:36.455+0000] {dag.py:3834} INFO - Setting next_dagrun for tutorial_taskflow_api_virtualenv to None, run_after=None
[2024-03-06T14:13:36.469+0000] {processor.py:183} INFO - Processing /home/airflow/.local/lib/python3.11/site-packages/airflow/example_dags/tutorial_taskflow_api_virtualenv.py took 0.053 seconds
[2024-03-06T14:14:07.206+0000] {processor.py:161} INFO - Started process (PID=14510) to work on /home/airflow/.local/lib/python3.11/site-packages/airflow/example_dags/tutorial_taskflow_api_virtualenv.py
[2024-03-06T14:14:07.207+0000] {processor.py:830} INFO - Processing file /home/airflow/.local/lib/python3.11/site-packages/airflow/example_dags/tutorial_taskflow_api_virtualenv.py for tasks to queue
[2024-03-06T14:14:07.208+0000] {logging_mixin.py:188} INFO - [2024-03-06T14:14:07.208+0000] {dagbag.py:540} INFO - Filling up the DagBag from /home/airflow/.local/lib/python3.11/site-packages/airflow/example_dags/tutorial_taskflow_api_virtualenv.py
[2024-03-06T14:14:07.219+0000] {processor.py:840} INFO - DAG(s) 'tutorial_taskflow_api_virtualenv' retrieved from /home/airflow/.local/lib/python3.11/site-packages/airflow/example_dags/tutorial_taskflow_api_virtualenv.py
[2024-03-06T14:14:07.239+0000] {logging_mixin.py:188} INFO - [2024-03-06T14:14:07.239+0000] {dag.py:3047} INFO - Sync 1 DAGs
[2024-03-06T14:14:07.254+0000] {logging_mixin.py:188} INFO - [2024-03-06T14:14:07.253+0000] {dag.py:3834} INFO - Setting next_dagrun for tutorial_taskflow_api_virtualenv to None, run_after=None
[2024-03-06T14:14:07.275+0000] {processor.py:183} INFO - Processing /home/airflow/.local/lib/python3.11/site-packages/airflow/example_dags/tutorial_taskflow_api_virtualenv.py took 0.073 seconds
[2024-03-06T14:14:37.458+0000] {processor.py:161} INFO - Started process (PID=14757) to work on /home/airflow/.local/lib/python3.11/site-packages/airflow/example_dags/tutorial_taskflow_api_virtualenv.py
[2024-03-06T14:14:37.460+0000] {processor.py:830} INFO - Processing file /home/airflow/.local/lib/python3.11/site-packages/airflow/example_dags/tutorial_taskflow_api_virtualenv.py for tasks to queue
[2024-03-06T14:14:37.461+0000] {logging_mixin.py:188} INFO - [2024-03-06T14:14:37.461+0000] {dagbag.py:540} INFO - Filling up the DagBag from /home/airflow/.local/lib/python3.11/site-packages/airflow/example_dags/tutorial_taskflow_api_virtualenv.py
[2024-03-06T14:14:37.471+0000] {processor.py:840} INFO - DAG(s) 'tutorial_taskflow_api_virtualenv' retrieved from /home/airflow/.local/lib/python3.11/site-packages/airflow/example_dags/tutorial_taskflow_api_virtualenv.py
[2024-03-06T14:14:37.492+0000] {logging_mixin.py:188} INFO - [2024-03-06T14:14:37.491+0000] {dag.py:3047} INFO - Sync 1 DAGs
[2024-03-06T14:14:37.505+0000] {logging_mixin.py:188} INFO - [2024-03-06T14:14:37.505+0000] {dag.py:3834} INFO - Setting next_dagrun for tutorial_taskflow_api_virtualenv to None, run_after=None
[2024-03-06T14:14:37.521+0000] {processor.py:183} INFO - Processing /home/airflow/.local/lib/python3.11/site-packages/airflow/example_dags/tutorial_taskflow_api_virtualenv.py took 0.065 seconds
[2024-03-06T14:15:07.593+0000] {processor.py:161} INFO - Started process (PID=15004) to work on /home/airflow/.local/lib/python3.11/site-packages/airflow/example_dags/tutorial_taskflow_api_virtualenv.py
[2024-03-06T14:15:07.594+0000] {processor.py:830} INFO - Processing file /home/airflow/.local/lib/python3.11/site-packages/airflow/example_dags/tutorial_taskflow_api_virtualenv.py for tasks to queue
[2024-03-06T14:15:07.595+0000] {logging_mixin.py:188} INFO - [2024-03-06T14:15:07.595+0000] {dagbag.py:540} INFO - Filling up the DagBag from /home/airflow/.local/lib/python3.11/site-packages/airflow/example_dags/tutorial_taskflow_api_virtualenv.py
[2024-03-06T14:15:07.605+0000] {processor.py:840} INFO - DAG(s) 'tutorial_taskflow_api_virtualenv' retrieved from /home/airflow/.local/lib/python3.11/site-packages/airflow/example_dags/tutorial_taskflow_api_virtualenv.py
[2024-03-06T14:15:07.624+0000] {logging_mixin.py:188} INFO - [2024-03-06T14:15:07.623+0000] {dag.py:3047} INFO - Sync 1 DAGs
[2024-03-06T14:15:07.635+0000] {logging_mixin.py:188} INFO - [2024-03-06T14:15:07.635+0000] {dag.py:3834} INFO - Setting next_dagrun for tutorial_taskflow_api_virtualenv to None, run_after=None
[2024-03-06T14:15:07.658+0000] {processor.py:183} INFO - Processing /home/airflow/.local/lib/python3.11/site-packages/airflow/example_dags/tutorial_taskflow_api_virtualenv.py took 0.068 seconds
[2024-03-06T14:15:37.745+0000] {processor.py:161} INFO - Started process (PID=15251) to work on /home/airflow/.local/lib/python3.11/site-packages/airflow/example_dags/tutorial_taskflow_api_virtualenv.py
[2024-03-06T14:15:37.746+0000] {processor.py:830} INFO - Processing file /home/airflow/.local/lib/python3.11/site-packages/airflow/example_dags/tutorial_taskflow_api_virtualenv.py for tasks to queue
[2024-03-06T14:15:37.748+0000] {logging_mixin.py:188} INFO - [2024-03-06T14:15:37.747+0000] {dagbag.py:540} INFO - Filling up the DagBag from /home/airflow/.local/lib/python3.11/site-packages/airflow/example_dags/tutorial_taskflow_api_virtualenv.py
[2024-03-06T14:15:37.759+0000] {processor.py:840} INFO - DAG(s) 'tutorial_taskflow_api_virtualenv' retrieved from /home/airflow/.local/lib/python3.11/site-packages/airflow/example_dags/tutorial_taskflow_api_virtualenv.py
[2024-03-06T14:15:37.783+0000] {logging_mixin.py:188} INFO - [2024-03-06T14:15:37.783+0000] {dag.py:3047} INFO - Sync 1 DAGs
[2024-03-06T14:15:37.800+0000] {logging_mixin.py:188} INFO - [2024-03-06T14:15:37.800+0000] {dag.py:3834} INFO - Setting next_dagrun for tutorial_taskflow_api_virtualenv to None, run_after=None
[2024-03-06T14:15:37.820+0000] {processor.py:183} INFO - Processing /home/airflow/.local/lib/python3.11/site-packages/airflow/example_dags/tutorial_taskflow_api_virtualenv.py took 0.079 seconds
[2024-03-06T14:16:07.934+0000] {processor.py:161} INFO - Started process (PID=15498) to work on /home/airflow/.local/lib/python3.11/site-packages/airflow/example_dags/tutorial_taskflow_api_virtualenv.py
[2024-03-06T14:16:07.935+0000] {processor.py:830} INFO - Processing file /home/airflow/.local/lib/python3.11/site-packages/airflow/example_dags/tutorial_taskflow_api_virtualenv.py for tasks to queue
[2024-03-06T14:16:07.936+0000] {logging_mixin.py:188} INFO - [2024-03-06T14:16:07.936+0000] {dagbag.py:540} INFO - Filling up the DagBag from /home/airflow/.local/lib/python3.11/site-packages/airflow/example_dags/tutorial_taskflow_api_virtualenv.py
[2024-03-06T14:16:07.947+0000] {processor.py:840} INFO - DAG(s) 'tutorial_taskflow_api_virtualenv' retrieved from /home/airflow/.local/lib/python3.11/site-packages/airflow/example_dags/tutorial_taskflow_api_virtualenv.py
[2024-03-06T14:16:07.965+0000] {logging_mixin.py:188} INFO - [2024-03-06T14:16:07.964+0000] {dag.py:3047} INFO - Sync 1 DAGs
[2024-03-06T14:16:07.975+0000] {logging_mixin.py:188} INFO - [2024-03-06T14:16:07.975+0000] {dag.py:3834} INFO - Setting next_dagrun for tutorial_taskflow_api_virtualenv to None, run_after=None
[2024-03-06T14:16:07.991+0000] {processor.py:183} INFO - Processing /home/airflow/.local/lib/python3.11/site-packages/airflow/example_dags/tutorial_taskflow_api_virtualenv.py took 0.061 seconds
[2024-03-06T14:16:38.713+0000] {processor.py:161} INFO - Started process (PID=15745) to work on /home/airflow/.local/lib/python3.11/site-packages/airflow/example_dags/tutorial_taskflow_api_virtualenv.py
[2024-03-06T14:16:38.714+0000] {processor.py:830} INFO - Processing file /home/airflow/.local/lib/python3.11/site-packages/airflow/example_dags/tutorial_taskflow_api_virtualenv.py for tasks to queue
[2024-03-06T14:16:38.716+0000] {logging_mixin.py:188} INFO - [2024-03-06T14:16:38.715+0000] {dagbag.py:540} INFO - Filling up the DagBag from /home/airflow/.local/lib/python3.11/site-packages/airflow/example_dags/tutorial_taskflow_api_virtualenv.py
[2024-03-06T14:16:38.725+0000] {processor.py:840} INFO - DAG(s) 'tutorial_taskflow_api_virtualenv' retrieved from /home/airflow/.local/lib/python3.11/site-packages/airflow/example_dags/tutorial_taskflow_api_virtualenv.py
[2024-03-06T14:16:38.741+0000] {logging_mixin.py:188} INFO - [2024-03-06T14:16:38.741+0000] {dag.py:3047} INFO - Sync 1 DAGs
[2024-03-06T14:16:38.751+0000] {logging_mixin.py:188} INFO - [2024-03-06T14:16:38.751+0000] {dag.py:3834} INFO - Setting next_dagrun for tutorial_taskflow_api_virtualenv to None, run_after=None
[2024-03-06T14:16:38.766+0000] {processor.py:183} INFO - Processing /home/airflow/.local/lib/python3.11/site-packages/airflow/example_dags/tutorial_taskflow_api_virtualenv.py took 0.055 seconds
[2024-03-06T14:17:10.040+0000] {processor.py:161} INFO - Started process (PID=15992) to work on /home/airflow/.local/lib/python3.11/site-packages/airflow/example_dags/tutorial_taskflow_api_virtualenv.py
[2024-03-06T14:17:10.073+0000] {processor.py:830} INFO - Processing file /home/airflow/.local/lib/python3.11/site-packages/airflow/example_dags/tutorial_taskflow_api_virtualenv.py for tasks to queue
[2024-03-06T14:17:10.077+0000] {logging_mixin.py:188} INFO - [2024-03-06T14:17:10.074+0000] {dagbag.py:540} INFO - Filling up the DagBag from /home/airflow/.local/lib/python3.11/site-packages/airflow/example_dags/tutorial_taskflow_api_virtualenv.py
[2024-03-06T14:17:10.099+0000] {processor.py:840} INFO - DAG(s) 'tutorial_taskflow_api_virtualenv' retrieved from /home/airflow/.local/lib/python3.11/site-packages/airflow/example_dags/tutorial_taskflow_api_virtualenv.py
[2024-03-06T14:17:10.181+0000] {logging_mixin.py:188} INFO - [2024-03-06T14:17:10.181+0000] {dag.py:3047} INFO - Sync 1 DAGs
[2024-03-06T14:17:10.217+0000] {logging_mixin.py:188} INFO - [2024-03-06T14:17:10.217+0000] {dag.py:3834} INFO - Setting next_dagrun for tutorial_taskflow_api_virtualenv to None, run_after=None
[2024-03-06T14:17:10.253+0000] {processor.py:183} INFO - Processing /home/airflow/.local/lib/python3.11/site-packages/airflow/example_dags/tutorial_taskflow_api_virtualenv.py took 0.217 seconds
[2024-03-06T14:17:41.175+0000] {processor.py:161} INFO - Started process (PID=16239) to work on /home/airflow/.local/lib/python3.11/site-packages/airflow/example_dags/tutorial_taskflow_api_virtualenv.py
[2024-03-06T14:17:41.178+0000] {processor.py:830} INFO - Processing file /home/airflow/.local/lib/python3.11/site-packages/airflow/example_dags/tutorial_taskflow_api_virtualenv.py for tasks to queue
[2024-03-06T14:17:41.180+0000] {logging_mixin.py:188} INFO - [2024-03-06T14:17:41.179+0000] {dagbag.py:540} INFO - Filling up the DagBag from /home/airflow/.local/lib/python3.11/site-packages/airflow/example_dags/tutorial_taskflow_api_virtualenv.py
[2024-03-06T14:17:41.211+0000] {processor.py:840} INFO - DAG(s) 'tutorial_taskflow_api_virtualenv' retrieved from /home/airflow/.local/lib/python3.11/site-packages/airflow/example_dags/tutorial_taskflow_api_virtualenv.py
[2024-03-06T14:17:41.242+0000] {logging_mixin.py:188} INFO - [2024-03-06T14:17:41.241+0000] {dag.py:3047} INFO - Sync 1 DAGs
[2024-03-06T14:17:41.263+0000] {logging_mixin.py:188} INFO - [2024-03-06T14:17:41.262+0000] {dag.py:3834} INFO - Setting next_dagrun for tutorial_taskflow_api_virtualenv to None, run_after=None
[2024-03-06T14:17:41.304+0000] {processor.py:183} INFO - Processing /home/airflow/.local/lib/python3.11/site-packages/airflow/example_dags/tutorial_taskflow_api_virtualenv.py took 0.134 seconds
[2024-03-06T14:18:11.847+0000] {processor.py:161} INFO - Started process (PID=16484) to work on /home/airflow/.local/lib/python3.11/site-packages/airflow/example_dags/tutorial_taskflow_api_virtualenv.py
[2024-03-06T14:18:11.870+0000] {processor.py:830} INFO - Processing file /home/airflow/.local/lib/python3.11/site-packages/airflow/example_dags/tutorial_taskflow_api_virtualenv.py for tasks to queue
[2024-03-06T14:18:11.877+0000] {logging_mixin.py:188} INFO - [2024-03-06T14:18:11.876+0000] {dagbag.py:540} INFO - Filling up the DagBag from /home/airflow/.local/lib/python3.11/site-packages/airflow/example_dags/tutorial_taskflow_api_virtualenv.py
[2024-03-06T14:18:11.905+0000] {processor.py:840} INFO - DAG(s) 'tutorial_taskflow_api_virtualenv' retrieved from /home/airflow/.local/lib/python3.11/site-packages/airflow/example_dags/tutorial_taskflow_api_virtualenv.py
[2024-03-06T14:18:11.964+0000] {logging_mixin.py:188} INFO - [2024-03-06T14:18:11.964+0000] {dag.py:3047} INFO - Sync 1 DAGs
[2024-03-06T14:18:11.998+0000] {logging_mixin.py:188} INFO - [2024-03-06T14:18:11.998+0000] {dag.py:3834} INFO - Setting next_dagrun for tutorial_taskflow_api_virtualenv to None, run_after=None
[2024-03-06T14:18:12.054+0000] {processor.py:183} INFO - Processing /home/airflow/.local/lib/python3.11/site-packages/airflow/example_dags/tutorial_taskflow_api_virtualenv.py took 0.219 seconds
[2024-03-06T14:18:42.322+0000] {processor.py:161} INFO - Started process (PID=16732) to work on /home/airflow/.local/lib/python3.11/site-packages/airflow/example_dags/tutorial_taskflow_api_virtualenv.py
[2024-03-06T14:18:42.325+0000] {processor.py:830} INFO - Processing file /home/airflow/.local/lib/python3.11/site-packages/airflow/example_dags/tutorial_taskflow_api_virtualenv.py for tasks to queue
[2024-03-06T14:18:42.326+0000] {logging_mixin.py:188} INFO - [2024-03-06T14:18:42.326+0000] {dagbag.py:540} INFO - Filling up the DagBag from /home/airflow/.local/lib/python3.11/site-packages/airflow/example_dags/tutorial_taskflow_api_virtualenv.py
[2024-03-06T14:18:42.355+0000] {processor.py:840} INFO - DAG(s) 'tutorial_taskflow_api_virtualenv' retrieved from /home/airflow/.local/lib/python3.11/site-packages/airflow/example_dags/tutorial_taskflow_api_virtualenv.py
[2024-03-06T14:18:42.396+0000] {logging_mixin.py:188} INFO - [2024-03-06T14:18:42.396+0000] {dag.py:3047} INFO - Sync 1 DAGs
[2024-03-06T14:18:42.426+0000] {logging_mixin.py:188} INFO - [2024-03-06T14:18:42.424+0000] {dag.py:3834} INFO - Setting next_dagrun for tutorial_taskflow_api_virtualenv to None, run_after=None
[2024-03-06T14:18:42.512+0000] {processor.py:183} INFO - Processing /home/airflow/.local/lib/python3.11/site-packages/airflow/example_dags/tutorial_taskflow_api_virtualenv.py took 0.198 seconds
[2024-03-06T14:19:12.989+0000] {processor.py:161} INFO - Started process (PID=16979) to work on /home/airflow/.local/lib/python3.11/site-packages/airflow/example_dags/tutorial_taskflow_api_virtualenv.py
[2024-03-06T14:19:12.991+0000] {processor.py:830} INFO - Processing file /home/airflow/.local/lib/python3.11/site-packages/airflow/example_dags/tutorial_taskflow_api_virtualenv.py for tasks to queue
[2024-03-06T14:19:12.993+0000] {logging_mixin.py:188} INFO - [2024-03-06T14:19:12.992+0000] {dagbag.py:540} INFO - Filling up the DagBag from /home/airflow/.local/lib/python3.11/site-packages/airflow/example_dags/tutorial_taskflow_api_virtualenv.py
[2024-03-06T14:19:13.017+0000] {processor.py:840} INFO - DAG(s) 'tutorial_taskflow_api_virtualenv' retrieved from /home/airflow/.local/lib/python3.11/site-packages/airflow/example_dags/tutorial_taskflow_api_virtualenv.py
[2024-03-06T14:19:13.088+0000] {logging_mixin.py:188} INFO - [2024-03-06T14:19:13.088+0000] {dag.py:3047} INFO - Sync 1 DAGs
[2024-03-06T14:19:13.140+0000] {logging_mixin.py:188} INFO - [2024-03-06T14:19:13.139+0000] {dag.py:3834} INFO - Setting next_dagrun for tutorial_taskflow_api_virtualenv to None, run_after=None
[2024-03-06T14:19:13.203+0000] {processor.py:183} INFO - Processing /home/airflow/.local/lib/python3.11/site-packages/airflow/example_dags/tutorial_taskflow_api_virtualenv.py took 0.219 seconds
