[2024-03-06T13:44:37.579+0000] {processor.py:161} INFO - Started process (PID=281) to work on /home/airflow/.local/lib/python3.11/site-packages/airflow/example_dags/tutorial_objectstorage.py
[2024-03-06T13:44:37.581+0000] {processor.py:830} INFO - Processing file /home/airflow/.local/lib/python3.11/site-packages/airflow/example_dags/tutorial_objectstorage.py for tasks to queue
[2024-03-06T13:44:37.582+0000] {logging_mixin.py:188} INFO - [2024-03-06T13:44:37.582+0000] {dagbag.py:540} INFO - Filling up the DagBag from /home/airflow/.local/lib/python3.11/site-packages/airflow/example_dags/tutorial_objectstorage.py
[2024-03-06T13:44:37.596+0000] {processor.py:840} INFO - DAG(s) 'tutorial_objectstorage' retrieved from /home/airflow/.local/lib/python3.11/site-packages/airflow/example_dags/tutorial_objectstorage.py
[2024-03-06T13:44:37.621+0000] {logging_mixin.py:188} INFO - [2024-03-06T13:44:37.621+0000] {dag.py:3047} INFO - Sync 1 DAGs
[2024-03-06T13:44:37.771+0000] {logging_mixin.py:188} INFO - [2024-03-06T13:44:37.771+0000] {dag.py:3834} INFO - Setting next_dagrun for tutorial_objectstorage to None, run_after=None
[2024-03-06T13:44:37.789+0000] {processor.py:183} INFO - Processing /home/airflow/.local/lib/python3.11/site-packages/airflow/example_dags/tutorial_objectstorage.py took 0.214 seconds
[2024-03-06T13:45:07.904+0000] {processor.py:161} INFO - Started process (PID=525) to work on /home/airflow/.local/lib/python3.11/site-packages/airflow/example_dags/tutorial_objectstorage.py
[2024-03-06T13:45:07.906+0000] {processor.py:830} INFO - Processing file /home/airflow/.local/lib/python3.11/site-packages/airflow/example_dags/tutorial_objectstorage.py for tasks to queue
[2024-03-06T13:45:07.907+0000] {logging_mixin.py:188} INFO - [2024-03-06T13:45:07.907+0000] {dagbag.py:540} INFO - Filling up the DagBag from /home/airflow/.local/lib/python3.11/site-packages/airflow/example_dags/tutorial_objectstorage.py
[2024-03-06T13:45:07.917+0000] {processor.py:840} INFO - DAG(s) 'tutorial_objectstorage' retrieved from /home/airflow/.local/lib/python3.11/site-packages/airflow/example_dags/tutorial_objectstorage.py
[2024-03-06T13:45:07.936+0000] {logging_mixin.py:188} INFO - [2024-03-06T13:45:07.935+0000] {dag.py:3047} INFO - Sync 1 DAGs
[2024-03-06T13:45:07.947+0000] {logging_mixin.py:188} INFO - [2024-03-06T13:45:07.947+0000] {dag.py:3834} INFO - Setting next_dagrun for tutorial_objectstorage to None, run_after=None
[2024-03-06T13:45:07.963+0000] {processor.py:183} INFO - Processing /home/airflow/.local/lib/python3.11/site-packages/airflow/example_dags/tutorial_objectstorage.py took 0.062 seconds
[2024-03-06T13:45:38.380+0000] {processor.py:161} INFO - Started process (PID=771) to work on /home/airflow/.local/lib/python3.11/site-packages/airflow/example_dags/tutorial_objectstorage.py
[2024-03-06T13:45:38.382+0000] {processor.py:830} INFO - Processing file /home/airflow/.local/lib/python3.11/site-packages/airflow/example_dags/tutorial_objectstorage.py for tasks to queue
[2024-03-06T13:45:38.383+0000] {logging_mixin.py:188} INFO - [2024-03-06T13:45:38.383+0000] {dagbag.py:540} INFO - Filling up the DagBag from /home/airflow/.local/lib/python3.11/site-packages/airflow/example_dags/tutorial_objectstorage.py
[2024-03-06T13:45:38.391+0000] {processor.py:840} INFO - DAG(s) 'tutorial_objectstorage' retrieved from /home/airflow/.local/lib/python3.11/site-packages/airflow/example_dags/tutorial_objectstorage.py
[2024-03-06T13:45:38.411+0000] {logging_mixin.py:188} INFO - [2024-03-06T13:45:38.410+0000] {dag.py:3047} INFO - Sync 1 DAGs
[2024-03-06T13:45:38.423+0000] {logging_mixin.py:188} INFO - [2024-03-06T13:45:38.423+0000] {dag.py:3834} INFO - Setting next_dagrun for tutorial_objectstorage to None, run_after=None
[2024-03-06T13:45:38.446+0000] {processor.py:183} INFO - Processing /home/airflow/.local/lib/python3.11/site-packages/airflow/example_dags/tutorial_objectstorage.py took 0.070 seconds
[2024-03-06T13:46:09.375+0000] {processor.py:161} INFO - Started process (PID=1018) to work on /home/airflow/.local/lib/python3.11/site-packages/airflow/example_dags/tutorial_objectstorage.py
[2024-03-06T13:46:09.376+0000] {processor.py:830} INFO - Processing file /home/airflow/.local/lib/python3.11/site-packages/airflow/example_dags/tutorial_objectstorage.py for tasks to queue
[2024-03-06T13:46:09.378+0000] {logging_mixin.py:188} INFO - [2024-03-06T13:46:09.378+0000] {dagbag.py:540} INFO - Filling up the DagBag from /home/airflow/.local/lib/python3.11/site-packages/airflow/example_dags/tutorial_objectstorage.py
[2024-03-06T13:46:09.387+0000] {processor.py:840} INFO - DAG(s) 'tutorial_objectstorage' retrieved from /home/airflow/.local/lib/python3.11/site-packages/airflow/example_dags/tutorial_objectstorage.py
[2024-03-06T13:46:09.409+0000] {logging_mixin.py:188} INFO - [2024-03-06T13:46:09.408+0000] {dag.py:3047} INFO - Sync 1 DAGs
[2024-03-06T13:46:09.422+0000] {logging_mixin.py:188} INFO - [2024-03-06T13:46:09.422+0000] {dag.py:3834} INFO - Setting next_dagrun for tutorial_objectstorage to None, run_after=None
[2024-03-06T13:46:09.442+0000] {processor.py:183} INFO - Processing /home/airflow/.local/lib/python3.11/site-packages/airflow/example_dags/tutorial_objectstorage.py took 0.070 seconds
[2024-03-06T13:46:40.732+0000] {processor.py:161} INFO - Started process (PID=1267) to work on /home/airflow/.local/lib/python3.11/site-packages/airflow/example_dags/tutorial_objectstorage.py
[2024-03-06T13:46:40.733+0000] {processor.py:830} INFO - Processing file /home/airflow/.local/lib/python3.11/site-packages/airflow/example_dags/tutorial_objectstorage.py for tasks to queue
[2024-03-06T13:46:40.734+0000] {logging_mixin.py:188} INFO - [2024-03-06T13:46:40.734+0000] {dagbag.py:540} INFO - Filling up the DagBag from /home/airflow/.local/lib/python3.11/site-packages/airflow/example_dags/tutorial_objectstorage.py
[2024-03-06T13:46:40.765+0000] {processor.py:840} INFO - DAG(s) 'tutorial_objectstorage' retrieved from /home/airflow/.local/lib/python3.11/site-packages/airflow/example_dags/tutorial_objectstorage.py
[2024-03-06T13:46:40.800+0000] {logging_mixin.py:188} INFO - [2024-03-06T13:46:40.800+0000] {dag.py:3047} INFO - Sync 1 DAGs
[2024-03-06T13:46:40.815+0000] {logging_mixin.py:188} INFO - [2024-03-06T13:46:40.815+0000] {dag.py:3834} INFO - Setting next_dagrun for tutorial_objectstorage to None, run_after=None
[2024-03-06T13:46:40.837+0000] {processor.py:183} INFO - Processing /home/airflow/.local/lib/python3.11/site-packages/airflow/example_dags/tutorial_objectstorage.py took 0.108 seconds
[2024-03-06T13:47:11.790+0000] {processor.py:161} INFO - Started process (PID=1514) to work on /home/airflow/.local/lib/python3.11/site-packages/airflow/example_dags/tutorial_objectstorage.py
[2024-03-06T13:47:11.792+0000] {processor.py:830} INFO - Processing file /home/airflow/.local/lib/python3.11/site-packages/airflow/example_dags/tutorial_objectstorage.py for tasks to queue
[2024-03-06T13:47:11.794+0000] {logging_mixin.py:188} INFO - [2024-03-06T13:47:11.793+0000] {dagbag.py:540} INFO - Filling up the DagBag from /home/airflow/.local/lib/python3.11/site-packages/airflow/example_dags/tutorial_objectstorage.py
[2024-03-06T13:47:11.808+0000] {processor.py:840} INFO - DAG(s) 'tutorial_objectstorage' retrieved from /home/airflow/.local/lib/python3.11/site-packages/airflow/example_dags/tutorial_objectstorage.py
[2024-03-06T13:47:11.835+0000] {logging_mixin.py:188} INFO - [2024-03-06T13:47:11.835+0000] {dag.py:3047} INFO - Sync 1 DAGs
[2024-03-06T13:47:11.853+0000] {logging_mixin.py:188} INFO - [2024-03-06T13:47:11.853+0000] {dag.py:3834} INFO - Setting next_dagrun for tutorial_objectstorage to None, run_after=None
[2024-03-06T13:47:11.886+0000] {processor.py:183} INFO - Processing /home/airflow/.local/lib/python3.11/site-packages/airflow/example_dags/tutorial_objectstorage.py took 0.099 seconds
[2024-03-06T13:47:42.436+0000] {processor.py:161} INFO - Started process (PID=1761) to work on /home/airflow/.local/lib/python3.11/site-packages/airflow/example_dags/tutorial_objectstorage.py
[2024-03-06T13:47:42.437+0000] {processor.py:830} INFO - Processing file /home/airflow/.local/lib/python3.11/site-packages/airflow/example_dags/tutorial_objectstorage.py for tasks to queue
[2024-03-06T13:47:42.439+0000] {logging_mixin.py:188} INFO - [2024-03-06T13:47:42.439+0000] {dagbag.py:540} INFO - Filling up the DagBag from /home/airflow/.local/lib/python3.11/site-packages/airflow/example_dags/tutorial_objectstorage.py
[2024-03-06T13:47:42.455+0000] {processor.py:840} INFO - DAG(s) 'tutorial_objectstorage' retrieved from /home/airflow/.local/lib/python3.11/site-packages/airflow/example_dags/tutorial_objectstorage.py
[2024-03-06T13:47:42.484+0000] {logging_mixin.py:188} INFO - [2024-03-06T13:47:42.483+0000] {dag.py:3047} INFO - Sync 1 DAGs
[2024-03-06T13:47:42.504+0000] {logging_mixin.py:188} INFO - [2024-03-06T13:47:42.503+0000] {dag.py:3834} INFO - Setting next_dagrun for tutorial_objectstorage to None, run_after=None
[2024-03-06T13:47:42.538+0000] {processor.py:183} INFO - Processing /home/airflow/.local/lib/python3.11/site-packages/airflow/example_dags/tutorial_objectstorage.py took 0.106 seconds
[2024-03-06T13:48:13.205+0000] {processor.py:161} INFO - Started process (PID=2006) to work on /home/airflow/.local/lib/python3.11/site-packages/airflow/example_dags/tutorial_objectstorage.py
[2024-03-06T13:48:13.206+0000] {processor.py:830} INFO - Processing file /home/airflow/.local/lib/python3.11/site-packages/airflow/example_dags/tutorial_objectstorage.py for tasks to queue
[2024-03-06T13:48:13.208+0000] {logging_mixin.py:188} INFO - [2024-03-06T13:48:13.208+0000] {dagbag.py:540} INFO - Filling up the DagBag from /home/airflow/.local/lib/python3.11/site-packages/airflow/example_dags/tutorial_objectstorage.py
[2024-03-06T13:48:13.219+0000] {processor.py:840} INFO - DAG(s) 'tutorial_objectstorage' retrieved from /home/airflow/.local/lib/python3.11/site-packages/airflow/example_dags/tutorial_objectstorage.py
[2024-03-06T13:48:13.248+0000] {logging_mixin.py:188} INFO - [2024-03-06T13:48:13.248+0000] {dag.py:3047} INFO - Sync 1 DAGs
[2024-03-06T13:48:13.268+0000] {logging_mixin.py:188} INFO - [2024-03-06T13:48:13.268+0000] {dag.py:3834} INFO - Setting next_dagrun for tutorial_objectstorage to None, run_after=None
[2024-03-06T13:48:13.296+0000] {processor.py:183} INFO - Processing /home/airflow/.local/lib/python3.11/site-packages/airflow/example_dags/tutorial_objectstorage.py took 0.096 seconds
[2024-03-06T13:48:43.953+0000] {processor.py:161} INFO - Started process (PID=2253) to work on /home/airflow/.local/lib/python3.11/site-packages/airflow/example_dags/tutorial_objectstorage.py
[2024-03-06T13:48:43.955+0000] {processor.py:830} INFO - Processing file /home/airflow/.local/lib/python3.11/site-packages/airflow/example_dags/tutorial_objectstorage.py for tasks to queue
[2024-03-06T13:48:43.957+0000] {logging_mixin.py:188} INFO - [2024-03-06T13:48:43.956+0000] {dagbag.py:540} INFO - Filling up the DagBag from /home/airflow/.local/lib/python3.11/site-packages/airflow/example_dags/tutorial_objectstorage.py
[2024-03-06T13:48:43.973+0000] {processor.py:840} INFO - DAG(s) 'tutorial_objectstorage' retrieved from /home/airflow/.local/lib/python3.11/site-packages/airflow/example_dags/tutorial_objectstorage.py
[2024-03-06T13:48:43.999+0000] {logging_mixin.py:188} INFO - [2024-03-06T13:48:43.999+0000] {dag.py:3047} INFO - Sync 1 DAGs
[2024-03-06T13:48:44.018+0000] {logging_mixin.py:188} INFO - [2024-03-06T13:48:44.018+0000] {dag.py:3834} INFO - Setting next_dagrun for tutorial_objectstorage to None, run_after=None
[2024-03-06T13:48:44.040+0000] {processor.py:183} INFO - Processing /home/airflow/.local/lib/python3.11/site-packages/airflow/example_dags/tutorial_objectstorage.py took 0.091 seconds
[2024-03-06T13:49:14.695+0000] {processor.py:161} INFO - Started process (PID=2499) to work on /home/airflow/.local/lib/python3.11/site-packages/airflow/example_dags/tutorial_objectstorage.py
[2024-03-06T13:49:14.697+0000] {processor.py:830} INFO - Processing file /home/airflow/.local/lib/python3.11/site-packages/airflow/example_dags/tutorial_objectstorage.py for tasks to queue
[2024-03-06T13:49:14.700+0000] {logging_mixin.py:188} INFO - [2024-03-06T13:49:14.699+0000] {dagbag.py:540} INFO - Filling up the DagBag from /home/airflow/.local/lib/python3.11/site-packages/airflow/example_dags/tutorial_objectstorage.py
[2024-03-06T13:49:14.710+0000] {processor.py:840} INFO - DAG(s) 'tutorial_objectstorage' retrieved from /home/airflow/.local/lib/python3.11/site-packages/airflow/example_dags/tutorial_objectstorage.py
[2024-03-06T13:49:14.737+0000] {logging_mixin.py:188} INFO - [2024-03-06T13:49:14.736+0000] {dag.py:3047} INFO - Sync 1 DAGs
[2024-03-06T13:49:14.757+0000] {logging_mixin.py:188} INFO - [2024-03-06T13:49:14.757+0000] {dag.py:3834} INFO - Setting next_dagrun for tutorial_objectstorage to None, run_after=None
[2024-03-06T13:49:14.788+0000] {processor.py:183} INFO - Processing /home/airflow/.local/lib/python3.11/site-packages/airflow/example_dags/tutorial_objectstorage.py took 0.097 seconds
[2024-03-06T13:49:44.873+0000] {processor.py:161} INFO - Started process (PID=2746) to work on /home/airflow/.local/lib/python3.11/site-packages/airflow/example_dags/tutorial_objectstorage.py
[2024-03-06T13:49:44.876+0000] {processor.py:830} INFO - Processing file /home/airflow/.local/lib/python3.11/site-packages/airflow/example_dags/tutorial_objectstorage.py for tasks to queue
[2024-03-06T13:49:44.878+0000] {logging_mixin.py:188} INFO - [2024-03-06T13:49:44.878+0000] {dagbag.py:540} INFO - Filling up the DagBag from /home/airflow/.local/lib/python3.11/site-packages/airflow/example_dags/tutorial_objectstorage.py
[2024-03-06T13:49:44.888+0000] {processor.py:840} INFO - DAG(s) 'tutorial_objectstorage' retrieved from /home/airflow/.local/lib/python3.11/site-packages/airflow/example_dags/tutorial_objectstorage.py
[2024-03-06T13:49:44.909+0000] {logging_mixin.py:188} INFO - [2024-03-06T13:49:44.909+0000] {dag.py:3047} INFO - Sync 1 DAGs
[2024-03-06T13:49:44.922+0000] {logging_mixin.py:188} INFO - [2024-03-06T13:49:44.922+0000] {dag.py:3834} INFO - Setting next_dagrun for tutorial_objectstorage to None, run_after=None
[2024-03-06T13:49:44.943+0000] {processor.py:183} INFO - Processing /home/airflow/.local/lib/python3.11/site-packages/airflow/example_dags/tutorial_objectstorage.py took 0.074 seconds
[2024-03-06T13:50:15.671+0000] {processor.py:161} INFO - Started process (PID=2993) to work on /home/airflow/.local/lib/python3.11/site-packages/airflow/example_dags/tutorial_objectstorage.py
[2024-03-06T13:50:15.672+0000] {processor.py:830} INFO - Processing file /home/airflow/.local/lib/python3.11/site-packages/airflow/example_dags/tutorial_objectstorage.py for tasks to queue
[2024-03-06T13:50:15.673+0000] {logging_mixin.py:188} INFO - [2024-03-06T13:50:15.673+0000] {dagbag.py:540} INFO - Filling up the DagBag from /home/airflow/.local/lib/python3.11/site-packages/airflow/example_dags/tutorial_objectstorage.py
[2024-03-06T13:50:15.682+0000] {processor.py:840} INFO - DAG(s) 'tutorial_objectstorage' retrieved from /home/airflow/.local/lib/python3.11/site-packages/airflow/example_dags/tutorial_objectstorage.py
[2024-03-06T13:50:15.703+0000] {logging_mixin.py:188} INFO - [2024-03-06T13:50:15.703+0000] {dag.py:3047} INFO - Sync 1 DAGs
[2024-03-06T13:50:15.717+0000] {logging_mixin.py:188} INFO - [2024-03-06T13:50:15.717+0000] {dag.py:3834} INFO - Setting next_dagrun for tutorial_objectstorage to None, run_after=None
[2024-03-06T13:50:15.738+0000] {processor.py:183} INFO - Processing /home/airflow/.local/lib/python3.11/site-packages/airflow/example_dags/tutorial_objectstorage.py took 0.070 seconds
[2024-03-06T13:50:46.253+0000] {processor.py:161} INFO - Started process (PID=3240) to work on /home/airflow/.local/lib/python3.11/site-packages/airflow/example_dags/tutorial_objectstorage.py
[2024-03-06T13:50:46.254+0000] {processor.py:830} INFO - Processing file /home/airflow/.local/lib/python3.11/site-packages/airflow/example_dags/tutorial_objectstorage.py for tasks to queue
[2024-03-06T13:50:46.256+0000] {logging_mixin.py:188} INFO - [2024-03-06T13:50:46.255+0000] {dagbag.py:540} INFO - Filling up the DagBag from /home/airflow/.local/lib/python3.11/site-packages/airflow/example_dags/tutorial_objectstorage.py
[2024-03-06T13:50:46.264+0000] {processor.py:840} INFO - DAG(s) 'tutorial_objectstorage' retrieved from /home/airflow/.local/lib/python3.11/site-packages/airflow/example_dags/tutorial_objectstorage.py
[2024-03-06T13:50:46.283+0000] {logging_mixin.py:188} INFO - [2024-03-06T13:50:46.283+0000] {dag.py:3047} INFO - Sync 1 DAGs
[2024-03-06T13:50:46.296+0000] {logging_mixin.py:188} INFO - [2024-03-06T13:50:46.296+0000] {dag.py:3834} INFO - Setting next_dagrun for tutorial_objectstorage to None, run_after=None
[2024-03-06T13:50:46.314+0000] {processor.py:183} INFO - Processing /home/airflow/.local/lib/python3.11/site-packages/airflow/example_dags/tutorial_objectstorage.py took 0.064 seconds
[2024-03-06T13:51:16.715+0000] {processor.py:161} INFO - Started process (PID=3487) to work on /home/airflow/.local/lib/python3.11/site-packages/airflow/example_dags/tutorial_objectstorage.py
[2024-03-06T13:51:16.716+0000] {processor.py:830} INFO - Processing file /home/airflow/.local/lib/python3.11/site-packages/airflow/example_dags/tutorial_objectstorage.py for tasks to queue
[2024-03-06T13:51:16.717+0000] {logging_mixin.py:188} INFO - [2024-03-06T13:51:16.717+0000] {dagbag.py:540} INFO - Filling up the DagBag from /home/airflow/.local/lib/python3.11/site-packages/airflow/example_dags/tutorial_objectstorage.py
[2024-03-06T13:51:16.727+0000] {processor.py:840} INFO - DAG(s) 'tutorial_objectstorage' retrieved from /home/airflow/.local/lib/python3.11/site-packages/airflow/example_dags/tutorial_objectstorage.py
[2024-03-06T13:51:16.746+0000] {logging_mixin.py:188} INFO - [2024-03-06T13:51:16.746+0000] {dag.py:3047} INFO - Sync 1 DAGs
[2024-03-06T13:51:16.759+0000] {logging_mixin.py:188} INFO - [2024-03-06T13:51:16.759+0000] {dag.py:3834} INFO - Setting next_dagrun for tutorial_objectstorage to None, run_after=None
[2024-03-06T13:51:16.777+0000] {processor.py:183} INFO - Processing /home/airflow/.local/lib/python3.11/site-packages/airflow/example_dags/tutorial_objectstorage.py took 0.065 seconds
[2024-03-06T13:51:47.200+0000] {processor.py:161} INFO - Started process (PID=3734) to work on /home/airflow/.local/lib/python3.11/site-packages/airflow/example_dags/tutorial_objectstorage.py
[2024-03-06T13:51:47.201+0000] {processor.py:830} INFO - Processing file /home/airflow/.local/lib/python3.11/site-packages/airflow/example_dags/tutorial_objectstorage.py for tasks to queue
[2024-03-06T13:51:47.202+0000] {logging_mixin.py:188} INFO - [2024-03-06T13:51:47.201+0000] {dagbag.py:540} INFO - Filling up the DagBag from /home/airflow/.local/lib/python3.11/site-packages/airflow/example_dags/tutorial_objectstorage.py
[2024-03-06T13:51:47.211+0000] {processor.py:840} INFO - DAG(s) 'tutorial_objectstorage' retrieved from /home/airflow/.local/lib/python3.11/site-packages/airflow/example_dags/tutorial_objectstorage.py
[2024-03-06T13:51:47.230+0000] {logging_mixin.py:188} INFO - [2024-03-06T13:51:47.230+0000] {dag.py:3047} INFO - Sync 1 DAGs
[2024-03-06T13:51:47.242+0000] {logging_mixin.py:188} INFO - [2024-03-06T13:51:47.242+0000] {dag.py:3834} INFO - Setting next_dagrun for tutorial_objectstorage to None, run_after=None
[2024-03-06T13:51:47.260+0000] {processor.py:183} INFO - Processing /home/airflow/.local/lib/python3.11/site-packages/airflow/example_dags/tutorial_objectstorage.py took 0.063 seconds
[2024-03-06T13:52:17.740+0000] {processor.py:161} INFO - Started process (PID=3981) to work on /home/airflow/.local/lib/python3.11/site-packages/airflow/example_dags/tutorial_objectstorage.py
[2024-03-06T13:52:17.741+0000] {processor.py:830} INFO - Processing file /home/airflow/.local/lib/python3.11/site-packages/airflow/example_dags/tutorial_objectstorage.py for tasks to queue
[2024-03-06T13:52:17.742+0000] {logging_mixin.py:188} INFO - [2024-03-06T13:52:17.742+0000] {dagbag.py:540} INFO - Filling up the DagBag from /home/airflow/.local/lib/python3.11/site-packages/airflow/example_dags/tutorial_objectstorage.py
[2024-03-06T13:52:17.753+0000] {processor.py:840} INFO - DAG(s) 'tutorial_objectstorage' retrieved from /home/airflow/.local/lib/python3.11/site-packages/airflow/example_dags/tutorial_objectstorage.py
[2024-03-06T13:52:17.781+0000] {logging_mixin.py:188} INFO - [2024-03-06T13:52:17.781+0000] {dag.py:3047} INFO - Sync 1 DAGs
[2024-03-06T13:52:17.799+0000] {logging_mixin.py:188} INFO - [2024-03-06T13:52:17.798+0000] {dag.py:3834} INFO - Setting next_dagrun for tutorial_objectstorage to None, run_after=None
[2024-03-06T13:52:17.821+0000] {processor.py:183} INFO - Processing /home/airflow/.local/lib/python3.11/site-packages/airflow/example_dags/tutorial_objectstorage.py took 0.085 seconds
[2024-03-06T13:52:48.643+0000] {processor.py:161} INFO - Started process (PID=4228) to work on /home/airflow/.local/lib/python3.11/site-packages/airflow/example_dags/tutorial_objectstorage.py
[2024-03-06T13:52:48.644+0000] {processor.py:830} INFO - Processing file /home/airflow/.local/lib/python3.11/site-packages/airflow/example_dags/tutorial_objectstorage.py for tasks to queue
[2024-03-06T13:52:48.646+0000] {logging_mixin.py:188} INFO - [2024-03-06T13:52:48.646+0000] {dagbag.py:540} INFO - Filling up the DagBag from /home/airflow/.local/lib/python3.11/site-packages/airflow/example_dags/tutorial_objectstorage.py
[2024-03-06T13:52:48.656+0000] {processor.py:840} INFO - DAG(s) 'tutorial_objectstorage' retrieved from /home/airflow/.local/lib/python3.11/site-packages/airflow/example_dags/tutorial_objectstorage.py
[2024-03-06T13:52:48.674+0000] {logging_mixin.py:188} INFO - [2024-03-06T13:52:48.674+0000] {dag.py:3047} INFO - Sync 1 DAGs
[2024-03-06T13:52:48.688+0000] {logging_mixin.py:188} INFO - [2024-03-06T13:52:48.688+0000] {dag.py:3834} INFO - Setting next_dagrun for tutorial_objectstorage to None, run_after=None
[2024-03-06T13:52:48.713+0000] {processor.py:183} INFO - Processing /home/airflow/.local/lib/python3.11/site-packages/airflow/example_dags/tutorial_objectstorage.py took 0.073 seconds
[2024-03-06T13:53:19.538+0000] {processor.py:161} INFO - Started process (PID=4474) to work on /home/airflow/.local/lib/python3.11/site-packages/airflow/example_dags/tutorial_objectstorage.py
[2024-03-06T13:53:19.539+0000] {processor.py:830} INFO - Processing file /home/airflow/.local/lib/python3.11/site-packages/airflow/example_dags/tutorial_objectstorage.py for tasks to queue
[2024-03-06T13:53:19.542+0000] {logging_mixin.py:188} INFO - [2024-03-06T13:53:19.542+0000] {dagbag.py:540} INFO - Filling up the DagBag from /home/airflow/.local/lib/python3.11/site-packages/airflow/example_dags/tutorial_objectstorage.py
[2024-03-06T13:53:19.554+0000] {processor.py:840} INFO - DAG(s) 'tutorial_objectstorage' retrieved from /home/airflow/.local/lib/python3.11/site-packages/airflow/example_dags/tutorial_objectstorage.py
[2024-03-06T13:53:19.585+0000] {logging_mixin.py:188} INFO - [2024-03-06T13:53:19.584+0000] {dag.py:3047} INFO - Sync 1 DAGs
[2024-03-06T13:53:19.603+0000] {logging_mixin.py:188} INFO - [2024-03-06T13:53:19.603+0000] {dag.py:3834} INFO - Setting next_dagrun for tutorial_objectstorage to None, run_after=None
[2024-03-06T13:53:19.626+0000] {processor.py:183} INFO - Processing /home/airflow/.local/lib/python3.11/site-packages/airflow/example_dags/tutorial_objectstorage.py took 0.092 seconds
[2024-03-06T13:53:49.810+0000] {processor.py:161} INFO - Started process (PID=4721) to work on /home/airflow/.local/lib/python3.11/site-packages/airflow/example_dags/tutorial_objectstorage.py
[2024-03-06T13:53:49.812+0000] {processor.py:830} INFO - Processing file /home/airflow/.local/lib/python3.11/site-packages/airflow/example_dags/tutorial_objectstorage.py for tasks to queue
[2024-03-06T13:53:49.814+0000] {logging_mixin.py:188} INFO - [2024-03-06T13:53:49.813+0000] {dagbag.py:540} INFO - Filling up the DagBag from /home/airflow/.local/lib/python3.11/site-packages/airflow/example_dags/tutorial_objectstorage.py
[2024-03-06T13:53:49.825+0000] {processor.py:840} INFO - DAG(s) 'tutorial_objectstorage' retrieved from /home/airflow/.local/lib/python3.11/site-packages/airflow/example_dags/tutorial_objectstorage.py
[2024-03-06T13:53:49.850+0000] {logging_mixin.py:188} INFO - [2024-03-06T13:53:49.849+0000] {dag.py:3047} INFO - Sync 1 DAGs
[2024-03-06T13:53:49.865+0000] {logging_mixin.py:188} INFO - [2024-03-06T13:53:49.865+0000] {dag.py:3834} INFO - Setting next_dagrun for tutorial_objectstorage to None, run_after=None
[2024-03-06T13:53:49.891+0000] {processor.py:183} INFO - Processing /home/airflow/.local/lib/python3.11/site-packages/airflow/example_dags/tutorial_objectstorage.py took 0.085 seconds
[2024-03-06T13:54:20.200+0000] {processor.py:161} INFO - Started process (PID=4970) to work on /home/airflow/.local/lib/python3.11/site-packages/airflow/example_dags/tutorial_objectstorage.py
[2024-03-06T13:54:20.201+0000] {processor.py:830} INFO - Processing file /home/airflow/.local/lib/python3.11/site-packages/airflow/example_dags/tutorial_objectstorage.py for tasks to queue
[2024-03-06T13:54:20.203+0000] {logging_mixin.py:188} INFO - [2024-03-06T13:54:20.202+0000] {dagbag.py:540} INFO - Filling up the DagBag from /home/airflow/.local/lib/python3.11/site-packages/airflow/example_dags/tutorial_objectstorage.py
[2024-03-06T13:54:20.214+0000] {processor.py:840} INFO - DAG(s) 'tutorial_objectstorage' retrieved from /home/airflow/.local/lib/python3.11/site-packages/airflow/example_dags/tutorial_objectstorage.py
[2024-03-06T13:54:20.234+0000] {logging_mixin.py:188} INFO - [2024-03-06T13:54:20.234+0000] {dag.py:3047} INFO - Sync 1 DAGs
[2024-03-06T13:54:20.248+0000] {logging_mixin.py:188} INFO - [2024-03-06T13:54:20.247+0000] {dag.py:3834} INFO - Setting next_dagrun for tutorial_objectstorage to None, run_after=None
[2024-03-06T13:54:20.266+0000] {processor.py:183} INFO - Processing /home/airflow/.local/lib/python3.11/site-packages/airflow/example_dags/tutorial_objectstorage.py took 0.070 seconds
[2024-03-06T13:54:50.388+0000] {processor.py:161} INFO - Started process (PID=5215) to work on /home/airflow/.local/lib/python3.11/site-packages/airflow/example_dags/tutorial_objectstorage.py
[2024-03-06T13:54:50.389+0000] {processor.py:830} INFO - Processing file /home/airflow/.local/lib/python3.11/site-packages/airflow/example_dags/tutorial_objectstorage.py for tasks to queue
[2024-03-06T13:54:50.391+0000] {logging_mixin.py:188} INFO - [2024-03-06T13:54:50.390+0000] {dagbag.py:540} INFO - Filling up the DagBag from /home/airflow/.local/lib/python3.11/site-packages/airflow/example_dags/tutorial_objectstorage.py
[2024-03-06T13:54:50.399+0000] {processor.py:840} INFO - DAG(s) 'tutorial_objectstorage' retrieved from /home/airflow/.local/lib/python3.11/site-packages/airflow/example_dags/tutorial_objectstorage.py
[2024-03-06T13:54:50.419+0000] {logging_mixin.py:188} INFO - [2024-03-06T13:54:50.418+0000] {dag.py:3047} INFO - Sync 1 DAGs
[2024-03-06T13:54:50.429+0000] {logging_mixin.py:188} INFO - [2024-03-06T13:54:50.428+0000] {dag.py:3834} INFO - Setting next_dagrun for tutorial_objectstorage to None, run_after=None
[2024-03-06T13:54:50.444+0000] {processor.py:183} INFO - Processing /home/airflow/.local/lib/python3.11/site-packages/airflow/example_dags/tutorial_objectstorage.py took 0.059 seconds
[2024-03-06T13:55:21.907+0000] {processor.py:161} INFO - Started process (PID=5462) to work on /home/airflow/.local/lib/python3.11/site-packages/airflow/example_dags/tutorial_objectstorage.py
[2024-03-06T13:55:21.908+0000] {processor.py:830} INFO - Processing file /home/airflow/.local/lib/python3.11/site-packages/airflow/example_dags/tutorial_objectstorage.py for tasks to queue
[2024-03-06T13:55:21.913+0000] {logging_mixin.py:188} INFO - [2024-03-06T13:55:21.912+0000] {dagbag.py:540} INFO - Filling up the DagBag from /home/airflow/.local/lib/python3.11/site-packages/airflow/example_dags/tutorial_objectstorage.py
[2024-03-06T13:55:21.924+0000] {processor.py:840} INFO - DAG(s) 'tutorial_objectstorage' retrieved from /home/airflow/.local/lib/python3.11/site-packages/airflow/example_dags/tutorial_objectstorage.py
[2024-03-06T13:55:21.954+0000] {logging_mixin.py:188} INFO - [2024-03-06T13:55:21.954+0000] {dag.py:3047} INFO - Sync 1 DAGs
[2024-03-06T13:55:21.977+0000] {logging_mixin.py:188} INFO - [2024-03-06T13:55:21.974+0000] {dag.py:3834} INFO - Setting next_dagrun for tutorial_objectstorage to None, run_after=None
[2024-03-06T13:55:22.020+0000] {processor.py:183} INFO - Processing /home/airflow/.local/lib/python3.11/site-packages/airflow/example_dags/tutorial_objectstorage.py took 0.117 seconds
[2024-03-06T13:55:52.593+0000] {processor.py:161} INFO - Started process (PID=5709) to work on /home/airflow/.local/lib/python3.11/site-packages/airflow/example_dags/tutorial_objectstorage.py
[2024-03-06T13:55:52.595+0000] {processor.py:830} INFO - Processing file /home/airflow/.local/lib/python3.11/site-packages/airflow/example_dags/tutorial_objectstorage.py for tasks to queue
[2024-03-06T13:55:52.600+0000] {logging_mixin.py:188} INFO - [2024-03-06T13:55:52.599+0000] {dagbag.py:540} INFO - Filling up the DagBag from /home/airflow/.local/lib/python3.11/site-packages/airflow/example_dags/tutorial_objectstorage.py
[2024-03-06T13:55:52.620+0000] {processor.py:840} INFO - DAG(s) 'tutorial_objectstorage' retrieved from /home/airflow/.local/lib/python3.11/site-packages/airflow/example_dags/tutorial_objectstorage.py
[2024-03-06T13:55:52.693+0000] {logging_mixin.py:188} INFO - [2024-03-06T13:55:52.693+0000] {dag.py:3047} INFO - Sync 1 DAGs
[2024-03-06T13:55:52.731+0000] {logging_mixin.py:188} INFO - [2024-03-06T13:55:52.731+0000] {dag.py:3834} INFO - Setting next_dagrun for tutorial_objectstorage to None, run_after=None
[2024-03-06T13:55:52.785+0000] {processor.py:183} INFO - Processing /home/airflow/.local/lib/python3.11/site-packages/airflow/example_dags/tutorial_objectstorage.py took 0.199 seconds
[2024-03-06T13:56:22.953+0000] {processor.py:161} INFO - Started process (PID=5957) to work on /home/airflow/.local/lib/python3.11/site-packages/airflow/example_dags/tutorial_objectstorage.py
[2024-03-06T13:56:22.954+0000] {processor.py:830} INFO - Processing file /home/airflow/.local/lib/python3.11/site-packages/airflow/example_dags/tutorial_objectstorage.py for tasks to queue
[2024-03-06T13:56:22.956+0000] {logging_mixin.py:188} INFO - [2024-03-06T13:56:22.955+0000] {dagbag.py:540} INFO - Filling up the DagBag from /home/airflow/.local/lib/python3.11/site-packages/airflow/example_dags/tutorial_objectstorage.py
[2024-03-06T13:56:22.965+0000] {processor.py:840} INFO - DAG(s) 'tutorial_objectstorage' retrieved from /home/airflow/.local/lib/python3.11/site-packages/airflow/example_dags/tutorial_objectstorage.py
[2024-03-06T13:56:22.990+0000] {logging_mixin.py:188} INFO - [2024-03-06T13:56:22.990+0000] {dag.py:3047} INFO - Sync 1 DAGs
[2024-03-06T13:56:23.007+0000] {logging_mixin.py:188} INFO - [2024-03-06T13:56:23.006+0000] {dag.py:3834} INFO - Setting next_dagrun for tutorial_objectstorage to None, run_after=None
[2024-03-06T13:56:23.030+0000] {processor.py:183} INFO - Processing /home/airflow/.local/lib/python3.11/site-packages/airflow/example_dags/tutorial_objectstorage.py took 0.083 seconds
[2024-03-06T13:56:53.944+0000] {processor.py:161} INFO - Started process (PID=6203) to work on /home/airflow/.local/lib/python3.11/site-packages/airflow/example_dags/tutorial_objectstorage.py
[2024-03-06T13:56:53.945+0000] {processor.py:830} INFO - Processing file /home/airflow/.local/lib/python3.11/site-packages/airflow/example_dags/tutorial_objectstorage.py for tasks to queue
[2024-03-06T13:56:53.947+0000] {logging_mixin.py:188} INFO - [2024-03-06T13:56:53.946+0000] {dagbag.py:540} INFO - Filling up the DagBag from /home/airflow/.local/lib/python3.11/site-packages/airflow/example_dags/tutorial_objectstorage.py
[2024-03-06T13:56:53.956+0000] {processor.py:840} INFO - DAG(s) 'tutorial_objectstorage' retrieved from /home/airflow/.local/lib/python3.11/site-packages/airflow/example_dags/tutorial_objectstorage.py
[2024-03-06T13:56:53.980+0000] {logging_mixin.py:188} INFO - [2024-03-06T13:56:53.979+0000] {dag.py:3047} INFO - Sync 1 DAGs
[2024-03-06T13:56:54.024+0000] {logging_mixin.py:188} INFO - [2024-03-06T13:56:54.023+0000] {dag.py:3834} INFO - Setting next_dagrun for tutorial_objectstorage to None, run_after=None
[2024-03-06T13:56:54.062+0000] {processor.py:183} INFO - Processing /home/airflow/.local/lib/python3.11/site-packages/airflow/example_dags/tutorial_objectstorage.py took 0.122 seconds
[2024-03-06T13:57:24.605+0000] {processor.py:161} INFO - Started process (PID=6450) to work on /home/airflow/.local/lib/python3.11/site-packages/airflow/example_dags/tutorial_objectstorage.py
[2024-03-06T13:57:24.606+0000] {processor.py:830} INFO - Processing file /home/airflow/.local/lib/python3.11/site-packages/airflow/example_dags/tutorial_objectstorage.py for tasks to queue
[2024-03-06T13:57:24.609+0000] {logging_mixin.py:188} INFO - [2024-03-06T13:57:24.608+0000] {dagbag.py:540} INFO - Filling up the DagBag from /home/airflow/.local/lib/python3.11/site-packages/airflow/example_dags/tutorial_objectstorage.py
[2024-03-06T13:57:24.624+0000] {processor.py:840} INFO - DAG(s) 'tutorial_objectstorage' retrieved from /home/airflow/.local/lib/python3.11/site-packages/airflow/example_dags/tutorial_objectstorage.py
[2024-03-06T13:57:24.655+0000] {logging_mixin.py:188} INFO - [2024-03-06T13:57:24.655+0000] {dag.py:3047} INFO - Sync 1 DAGs
[2024-03-06T13:57:24.668+0000] {logging_mixin.py:188} INFO - [2024-03-06T13:57:24.667+0000] {dag.py:3834} INFO - Setting next_dagrun for tutorial_objectstorage to None, run_after=None
[2024-03-06T13:57:24.688+0000] {processor.py:183} INFO - Processing /home/airflow/.local/lib/python3.11/site-packages/airflow/example_dags/tutorial_objectstorage.py took 0.090 seconds
[2024-03-06T13:57:54.792+0000] {processor.py:161} INFO - Started process (PID=6697) to work on /home/airflow/.local/lib/python3.11/site-packages/airflow/example_dags/tutorial_objectstorage.py
[2024-03-06T13:57:54.796+0000] {processor.py:830} INFO - Processing file /home/airflow/.local/lib/python3.11/site-packages/airflow/example_dags/tutorial_objectstorage.py for tasks to queue
[2024-03-06T13:57:54.799+0000] {logging_mixin.py:188} INFO - [2024-03-06T13:57:54.798+0000] {dagbag.py:540} INFO - Filling up the DagBag from /home/airflow/.local/lib/python3.11/site-packages/airflow/example_dags/tutorial_objectstorage.py
[2024-03-06T13:57:54.810+0000] {processor.py:840} INFO - DAG(s) 'tutorial_objectstorage' retrieved from /home/airflow/.local/lib/python3.11/site-packages/airflow/example_dags/tutorial_objectstorage.py
[2024-03-06T13:57:54.838+0000] {logging_mixin.py:188} INFO - [2024-03-06T13:57:54.838+0000] {dag.py:3047} INFO - Sync 1 DAGs
[2024-03-06T13:57:54.854+0000] {logging_mixin.py:188} INFO - [2024-03-06T13:57:54.853+0000] {dag.py:3834} INFO - Setting next_dagrun for tutorial_objectstorage to None, run_after=None
[2024-03-06T13:57:54.884+0000] {processor.py:183} INFO - Processing /home/airflow/.local/lib/python3.11/site-packages/airflow/example_dags/tutorial_objectstorage.py took 0.097 seconds
[2024-03-06T13:58:25.454+0000] {processor.py:161} INFO - Started process (PID=6948) to work on /home/airflow/.local/lib/python3.11/site-packages/airflow/example_dags/tutorial_objectstorage.py
[2024-03-06T13:58:25.455+0000] {processor.py:830} INFO - Processing file /home/airflow/.local/lib/python3.11/site-packages/airflow/example_dags/tutorial_objectstorage.py for tasks to queue
[2024-03-06T13:58:25.456+0000] {logging_mixin.py:188} INFO - [2024-03-06T13:58:25.456+0000] {dagbag.py:540} INFO - Filling up the DagBag from /home/airflow/.local/lib/python3.11/site-packages/airflow/example_dags/tutorial_objectstorage.py
[2024-03-06T13:58:25.465+0000] {processor.py:840} INFO - DAG(s) 'tutorial_objectstorage' retrieved from /home/airflow/.local/lib/python3.11/site-packages/airflow/example_dags/tutorial_objectstorage.py
[2024-03-06T13:58:25.483+0000] {logging_mixin.py:188} INFO - [2024-03-06T13:58:25.482+0000] {dag.py:3047} INFO - Sync 1 DAGs
[2024-03-06T13:58:25.493+0000] {logging_mixin.py:188} INFO - [2024-03-06T13:58:25.493+0000] {dag.py:3834} INFO - Setting next_dagrun for tutorial_objectstorage to None, run_after=None
[2024-03-06T13:58:25.518+0000] {processor.py:183} INFO - Processing /home/airflow/.local/lib/python3.11/site-packages/airflow/example_dags/tutorial_objectstorage.py took 0.067 seconds
[2024-03-06T13:58:55.975+0000] {processor.py:161} INFO - Started process (PID=7195) to work on /home/airflow/.local/lib/python3.11/site-packages/airflow/example_dags/tutorial_objectstorage.py
[2024-03-06T13:58:55.980+0000] {processor.py:830} INFO - Processing file /home/airflow/.local/lib/python3.11/site-packages/airflow/example_dags/tutorial_objectstorage.py for tasks to queue
[2024-03-06T13:58:55.983+0000] {logging_mixin.py:188} INFO - [2024-03-06T13:58:55.982+0000] {dagbag.py:540} INFO - Filling up the DagBag from /home/airflow/.local/lib/python3.11/site-packages/airflow/example_dags/tutorial_objectstorage.py
[2024-03-06T13:58:55.999+0000] {processor.py:840} INFO - DAG(s) 'tutorial_objectstorage' retrieved from /home/airflow/.local/lib/python3.11/site-packages/airflow/example_dags/tutorial_objectstorage.py
[2024-03-06T13:58:56.046+0000] {logging_mixin.py:188} INFO - [2024-03-06T13:58:56.045+0000] {dag.py:3047} INFO - Sync 1 DAGs
[2024-03-06T13:58:56.072+0000] {logging_mixin.py:188} INFO - [2024-03-06T13:58:56.072+0000] {dag.py:3834} INFO - Setting next_dagrun for tutorial_objectstorage to None, run_after=None
[2024-03-06T13:58:56.111+0000] {processor.py:183} INFO - Processing /home/airflow/.local/lib/python3.11/site-packages/airflow/example_dags/tutorial_objectstorage.py took 0.142 seconds
[2024-03-06T13:59:26.304+0000] {processor.py:161} INFO - Started process (PID=7440) to work on /home/airflow/.local/lib/python3.11/site-packages/airflow/example_dags/tutorial_objectstorage.py
[2024-03-06T13:59:26.307+0000] {processor.py:830} INFO - Processing file /home/airflow/.local/lib/python3.11/site-packages/airflow/example_dags/tutorial_objectstorage.py for tasks to queue
[2024-03-06T13:59:26.310+0000] {logging_mixin.py:188} INFO - [2024-03-06T13:59:26.308+0000] {dagbag.py:540} INFO - Filling up the DagBag from /home/airflow/.local/lib/python3.11/site-packages/airflow/example_dags/tutorial_objectstorage.py
[2024-03-06T13:59:26.323+0000] {processor.py:840} INFO - DAG(s) 'tutorial_objectstorage' retrieved from /home/airflow/.local/lib/python3.11/site-packages/airflow/example_dags/tutorial_objectstorage.py
[2024-03-06T13:59:26.353+0000] {logging_mixin.py:188} INFO - [2024-03-06T13:59:26.353+0000] {dag.py:3047} INFO - Sync 1 DAGs
[2024-03-06T13:59:26.373+0000] {logging_mixin.py:188} INFO - [2024-03-06T13:59:26.372+0000] {dag.py:3834} INFO - Setting next_dagrun for tutorial_objectstorage to None, run_after=None
[2024-03-06T13:59:26.403+0000] {processor.py:183} INFO - Processing /home/airflow/.local/lib/python3.11/site-packages/airflow/example_dags/tutorial_objectstorage.py took 0.105 seconds
[2024-03-06T13:59:57.314+0000] {processor.py:161} INFO - Started process (PID=7688) to work on /home/airflow/.local/lib/python3.11/site-packages/airflow/example_dags/tutorial_objectstorage.py
[2024-03-06T13:59:57.315+0000] {processor.py:830} INFO - Processing file /home/airflow/.local/lib/python3.11/site-packages/airflow/example_dags/tutorial_objectstorage.py for tasks to queue
[2024-03-06T13:59:57.317+0000] {logging_mixin.py:188} INFO - [2024-03-06T13:59:57.317+0000] {dagbag.py:540} INFO - Filling up the DagBag from /home/airflow/.local/lib/python3.11/site-packages/airflow/example_dags/tutorial_objectstorage.py
[2024-03-06T13:59:57.330+0000] {processor.py:840} INFO - DAG(s) 'tutorial_objectstorage' retrieved from /home/airflow/.local/lib/python3.11/site-packages/airflow/example_dags/tutorial_objectstorage.py
[2024-03-06T13:59:57.358+0000] {logging_mixin.py:188} INFO - [2024-03-06T13:59:57.358+0000] {dag.py:3047} INFO - Sync 1 DAGs
[2024-03-06T13:59:57.374+0000] {logging_mixin.py:188} INFO - [2024-03-06T13:59:57.373+0000] {dag.py:3834} INFO - Setting next_dagrun for tutorial_objectstorage to None, run_after=None
[2024-03-06T13:59:57.396+0000] {processor.py:183} INFO - Processing /home/airflow/.local/lib/python3.11/site-packages/airflow/example_dags/tutorial_objectstorage.py took 0.088 seconds
[2024-03-06T14:00:27.609+0000] {processor.py:161} INFO - Started process (PID=7935) to work on /home/airflow/.local/lib/python3.11/site-packages/airflow/example_dags/tutorial_objectstorage.py
[2024-03-06T14:00:27.610+0000] {processor.py:830} INFO - Processing file /home/airflow/.local/lib/python3.11/site-packages/airflow/example_dags/tutorial_objectstorage.py for tasks to queue
[2024-03-06T14:00:27.612+0000] {logging_mixin.py:188} INFO - [2024-03-06T14:00:27.612+0000] {dagbag.py:540} INFO - Filling up the DagBag from /home/airflow/.local/lib/python3.11/site-packages/airflow/example_dags/tutorial_objectstorage.py
[2024-03-06T14:00:27.621+0000] {processor.py:840} INFO - DAG(s) 'tutorial_objectstorage' retrieved from /home/airflow/.local/lib/python3.11/site-packages/airflow/example_dags/tutorial_objectstorage.py
[2024-03-06T14:00:27.639+0000] {logging_mixin.py:188} INFO - [2024-03-06T14:00:27.639+0000] {dag.py:3047} INFO - Sync 1 DAGs
[2024-03-06T14:00:27.650+0000] {logging_mixin.py:188} INFO - [2024-03-06T14:00:27.650+0000] {dag.py:3834} INFO - Setting next_dagrun for tutorial_objectstorage to None, run_after=None
[2024-03-06T14:00:27.667+0000] {processor.py:183} INFO - Processing /home/airflow/.local/lib/python3.11/site-packages/airflow/example_dags/tutorial_objectstorage.py took 0.060 seconds
[2024-03-06T14:00:58.029+0000] {processor.py:161} INFO - Started process (PID=8181) to work on /home/airflow/.local/lib/python3.11/site-packages/airflow/example_dags/tutorial_objectstorage.py
[2024-03-06T14:00:58.030+0000] {processor.py:830} INFO - Processing file /home/airflow/.local/lib/python3.11/site-packages/airflow/example_dags/tutorial_objectstorage.py for tasks to queue
[2024-03-06T14:00:58.031+0000] {logging_mixin.py:188} INFO - [2024-03-06T14:00:58.031+0000] {dagbag.py:540} INFO - Filling up the DagBag from /home/airflow/.local/lib/python3.11/site-packages/airflow/example_dags/tutorial_objectstorage.py
[2024-03-06T14:00:58.040+0000] {processor.py:840} INFO - DAG(s) 'tutorial_objectstorage' retrieved from /home/airflow/.local/lib/python3.11/site-packages/airflow/example_dags/tutorial_objectstorage.py
[2024-03-06T14:00:58.057+0000] {logging_mixin.py:188} INFO - [2024-03-06T14:00:58.057+0000] {dag.py:3047} INFO - Sync 1 DAGs
[2024-03-06T14:00:58.067+0000] {logging_mixin.py:188} INFO - [2024-03-06T14:00:58.067+0000] {dag.py:3834} INFO - Setting next_dagrun for tutorial_objectstorage to None, run_after=None
[2024-03-06T14:00:58.082+0000] {processor.py:183} INFO - Processing /home/airflow/.local/lib/python3.11/site-packages/airflow/example_dags/tutorial_objectstorage.py took 0.056 seconds
[2024-03-06T14:01:28.644+0000] {processor.py:161} INFO - Started process (PID=8428) to work on /home/airflow/.local/lib/python3.11/site-packages/airflow/example_dags/tutorial_objectstorage.py
[2024-03-06T14:01:28.645+0000] {processor.py:830} INFO - Processing file /home/airflow/.local/lib/python3.11/site-packages/airflow/example_dags/tutorial_objectstorage.py for tasks to queue
[2024-03-06T14:01:28.646+0000] {logging_mixin.py:188} INFO - [2024-03-06T14:01:28.646+0000] {dagbag.py:540} INFO - Filling up the DagBag from /home/airflow/.local/lib/python3.11/site-packages/airflow/example_dags/tutorial_objectstorage.py
[2024-03-06T14:01:28.654+0000] {processor.py:840} INFO - DAG(s) 'tutorial_objectstorage' retrieved from /home/airflow/.local/lib/python3.11/site-packages/airflow/example_dags/tutorial_objectstorage.py
[2024-03-06T14:01:28.673+0000] {logging_mixin.py:188} INFO - [2024-03-06T14:01:28.672+0000] {dag.py:3047} INFO - Sync 1 DAGs
[2024-03-06T14:01:28.683+0000] {logging_mixin.py:188} INFO - [2024-03-06T14:01:28.683+0000] {dag.py:3834} INFO - Setting next_dagrun for tutorial_objectstorage to None, run_after=None
[2024-03-06T14:01:28.699+0000] {processor.py:183} INFO - Processing /home/airflow/.local/lib/python3.11/site-packages/airflow/example_dags/tutorial_objectstorage.py took 0.058 seconds
[2024-03-06T14:01:58.828+0000] {processor.py:161} INFO - Started process (PID=8675) to work on /home/airflow/.local/lib/python3.11/site-packages/airflow/example_dags/tutorial_objectstorage.py
[2024-03-06T14:01:58.829+0000] {processor.py:830} INFO - Processing file /home/airflow/.local/lib/python3.11/site-packages/airflow/example_dags/tutorial_objectstorage.py for tasks to queue
[2024-03-06T14:01:58.831+0000] {logging_mixin.py:188} INFO - [2024-03-06T14:01:58.830+0000] {dagbag.py:540} INFO - Filling up the DagBag from /home/airflow/.local/lib/python3.11/site-packages/airflow/example_dags/tutorial_objectstorage.py
[2024-03-06T14:01:58.842+0000] {processor.py:840} INFO - DAG(s) 'tutorial_objectstorage' retrieved from /home/airflow/.local/lib/python3.11/site-packages/airflow/example_dags/tutorial_objectstorage.py
[2024-03-06T14:01:58.862+0000] {logging_mixin.py:188} INFO - [2024-03-06T14:01:58.862+0000] {dag.py:3047} INFO - Sync 1 DAGs
[2024-03-06T14:01:58.875+0000] {logging_mixin.py:188} INFO - [2024-03-06T14:01:58.875+0000] {dag.py:3834} INFO - Setting next_dagrun for tutorial_objectstorage to None, run_after=None
[2024-03-06T14:01:58.895+0000] {processor.py:183} INFO - Processing /home/airflow/.local/lib/python3.11/site-packages/airflow/example_dags/tutorial_objectstorage.py took 0.070 seconds
[2024-03-06T14:02:29.567+0000] {processor.py:161} INFO - Started process (PID=8922) to work on /home/airflow/.local/lib/python3.11/site-packages/airflow/example_dags/tutorial_objectstorage.py
[2024-03-06T14:02:29.569+0000] {processor.py:830} INFO - Processing file /home/airflow/.local/lib/python3.11/site-packages/airflow/example_dags/tutorial_objectstorage.py for tasks to queue
[2024-03-06T14:02:29.571+0000] {logging_mixin.py:188} INFO - [2024-03-06T14:02:29.570+0000] {dagbag.py:540} INFO - Filling up the DagBag from /home/airflow/.local/lib/python3.11/site-packages/airflow/example_dags/tutorial_objectstorage.py
[2024-03-06T14:02:29.579+0000] {processor.py:840} INFO - DAG(s) 'tutorial_objectstorage' retrieved from /home/airflow/.local/lib/python3.11/site-packages/airflow/example_dags/tutorial_objectstorage.py
[2024-03-06T14:02:29.598+0000] {logging_mixin.py:188} INFO - [2024-03-06T14:02:29.598+0000] {dag.py:3047} INFO - Sync 1 DAGs
[2024-03-06T14:02:29.612+0000] {logging_mixin.py:188} INFO - [2024-03-06T14:02:29.611+0000] {dag.py:3834} INFO - Setting next_dagrun for tutorial_objectstorage to None, run_after=None
[2024-03-06T14:02:29.629+0000] {processor.py:183} INFO - Processing /home/airflow/.local/lib/python3.11/site-packages/airflow/example_dags/tutorial_objectstorage.py took 0.066 seconds
[2024-03-06T14:02:59.887+0000] {processor.py:161} INFO - Started process (PID=9169) to work on /home/airflow/.local/lib/python3.11/site-packages/airflow/example_dags/tutorial_objectstorage.py
[2024-03-06T14:02:59.888+0000] {processor.py:830} INFO - Processing file /home/airflow/.local/lib/python3.11/site-packages/airflow/example_dags/tutorial_objectstorage.py for tasks to queue
[2024-03-06T14:02:59.889+0000] {logging_mixin.py:188} INFO - [2024-03-06T14:02:59.888+0000] {dagbag.py:540} INFO - Filling up the DagBag from /home/airflow/.local/lib/python3.11/site-packages/airflow/example_dags/tutorial_objectstorage.py
[2024-03-06T14:02:59.896+0000] {processor.py:840} INFO - DAG(s) 'tutorial_objectstorage' retrieved from /home/airflow/.local/lib/python3.11/site-packages/airflow/example_dags/tutorial_objectstorage.py
[2024-03-06T14:02:59.913+0000] {logging_mixin.py:188} INFO - [2024-03-06T14:02:59.913+0000] {dag.py:3047} INFO - Sync 1 DAGs
[2024-03-06T14:02:59.923+0000] {logging_mixin.py:188} INFO - [2024-03-06T14:02:59.923+0000] {dag.py:3834} INFO - Setting next_dagrun for tutorial_objectstorage to None, run_after=None
[2024-03-06T14:02:59.938+0000] {processor.py:183} INFO - Processing /home/airflow/.local/lib/python3.11/site-packages/airflow/example_dags/tutorial_objectstorage.py took 0.055 seconds
[2024-03-06T14:03:30.088+0000] {processor.py:161} INFO - Started process (PID=9416) to work on /home/airflow/.local/lib/python3.11/site-packages/airflow/example_dags/tutorial_objectstorage.py
[2024-03-06T14:03:30.089+0000] {processor.py:830} INFO - Processing file /home/airflow/.local/lib/python3.11/site-packages/airflow/example_dags/tutorial_objectstorage.py for tasks to queue
[2024-03-06T14:03:30.090+0000] {logging_mixin.py:188} INFO - [2024-03-06T14:03:30.090+0000] {dagbag.py:540} INFO - Filling up the DagBag from /home/airflow/.local/lib/python3.11/site-packages/airflow/example_dags/tutorial_objectstorage.py
[2024-03-06T14:03:30.099+0000] {processor.py:840} INFO - DAG(s) 'tutorial_objectstorage' retrieved from /home/airflow/.local/lib/python3.11/site-packages/airflow/example_dags/tutorial_objectstorage.py
[2024-03-06T14:03:30.123+0000] {logging_mixin.py:188} INFO - [2024-03-06T14:03:30.123+0000] {dag.py:3047} INFO - Sync 1 DAGs
[2024-03-06T14:03:30.141+0000] {logging_mixin.py:188} INFO - [2024-03-06T14:03:30.141+0000] {dag.py:3834} INFO - Setting next_dagrun for tutorial_objectstorage to None, run_after=None
[2024-03-06T14:03:30.163+0000] {processor.py:183} INFO - Processing /home/airflow/.local/lib/python3.11/site-packages/airflow/example_dags/tutorial_objectstorage.py took 0.078 seconds
[2024-03-06T14:04:00.228+0000] {processor.py:161} INFO - Started process (PID=9663) to work on /home/airflow/.local/lib/python3.11/site-packages/airflow/example_dags/tutorial_objectstorage.py
[2024-03-06T14:04:00.229+0000] {processor.py:830} INFO - Processing file /home/airflow/.local/lib/python3.11/site-packages/airflow/example_dags/tutorial_objectstorage.py for tasks to queue
[2024-03-06T14:04:00.230+0000] {logging_mixin.py:188} INFO - [2024-03-06T14:04:00.230+0000] {dagbag.py:540} INFO - Filling up the DagBag from /home/airflow/.local/lib/python3.11/site-packages/airflow/example_dags/tutorial_objectstorage.py
[2024-03-06T14:04:00.238+0000] {processor.py:840} INFO - DAG(s) 'tutorial_objectstorage' retrieved from /home/airflow/.local/lib/python3.11/site-packages/airflow/example_dags/tutorial_objectstorage.py
[2024-03-06T14:04:00.253+0000] {logging_mixin.py:188} INFO - [2024-03-06T14:04:00.253+0000] {dag.py:3047} INFO - Sync 1 DAGs
[2024-03-06T14:04:00.263+0000] {logging_mixin.py:188} INFO - [2024-03-06T14:04:00.263+0000] {dag.py:3834} INFO - Setting next_dagrun for tutorial_objectstorage to None, run_after=None
[2024-03-06T14:04:00.278+0000] {processor.py:183} INFO - Processing /home/airflow/.local/lib/python3.11/site-packages/airflow/example_dags/tutorial_objectstorage.py took 0.053 seconds
[2024-03-06T14:04:30.788+0000] {processor.py:161} INFO - Started process (PID=9910) to work on /home/airflow/.local/lib/python3.11/site-packages/airflow/example_dags/tutorial_objectstorage.py
[2024-03-06T14:04:30.789+0000] {processor.py:830} INFO - Processing file /home/airflow/.local/lib/python3.11/site-packages/airflow/example_dags/tutorial_objectstorage.py for tasks to queue
[2024-03-06T14:04:30.790+0000] {logging_mixin.py:188} INFO - [2024-03-06T14:04:30.790+0000] {dagbag.py:540} INFO - Filling up the DagBag from /home/airflow/.local/lib/python3.11/site-packages/airflow/example_dags/tutorial_objectstorage.py
[2024-03-06T14:04:30.799+0000] {processor.py:840} INFO - DAG(s) 'tutorial_objectstorage' retrieved from /home/airflow/.local/lib/python3.11/site-packages/airflow/example_dags/tutorial_objectstorage.py
[2024-03-06T14:04:30.815+0000] {logging_mixin.py:188} INFO - [2024-03-06T14:04:30.815+0000] {dag.py:3047} INFO - Sync 1 DAGs
[2024-03-06T14:04:30.826+0000] {logging_mixin.py:188} INFO - [2024-03-06T14:04:30.825+0000] {dag.py:3834} INFO - Setting next_dagrun for tutorial_objectstorage to None, run_after=None
[2024-03-06T14:04:30.841+0000] {processor.py:183} INFO - Processing /home/airflow/.local/lib/python3.11/site-packages/airflow/example_dags/tutorial_objectstorage.py took 0.056 seconds
[2024-03-06T14:05:01.099+0000] {processor.py:161} INFO - Started process (PID=10157) to work on /home/airflow/.local/lib/python3.11/site-packages/airflow/example_dags/tutorial_objectstorage.py
[2024-03-06T14:05:01.100+0000] {processor.py:830} INFO - Processing file /home/airflow/.local/lib/python3.11/site-packages/airflow/example_dags/tutorial_objectstorage.py for tasks to queue
[2024-03-06T14:05:01.102+0000] {logging_mixin.py:188} INFO - [2024-03-06T14:05:01.101+0000] {dagbag.py:540} INFO - Filling up the DagBag from /home/airflow/.local/lib/python3.11/site-packages/airflow/example_dags/tutorial_objectstorage.py
[2024-03-06T14:05:01.110+0000] {processor.py:840} INFO - DAG(s) 'tutorial_objectstorage' retrieved from /home/airflow/.local/lib/python3.11/site-packages/airflow/example_dags/tutorial_objectstorage.py
[2024-03-06T14:05:01.137+0000] {logging_mixin.py:188} INFO - [2024-03-06T14:05:01.136+0000] {dag.py:3047} INFO - Sync 1 DAGs
[2024-03-06T14:05:01.154+0000] {logging_mixin.py:188} INFO - [2024-03-06T14:05:01.154+0000] {dag.py:3834} INFO - Setting next_dagrun for tutorial_objectstorage to None, run_after=None
[2024-03-06T14:05:01.180+0000] {processor.py:183} INFO - Processing /home/airflow/.local/lib/python3.11/site-packages/airflow/example_dags/tutorial_objectstorage.py took 0.086 seconds
[2024-03-06T14:05:31.241+0000] {processor.py:161} INFO - Started process (PID=10404) to work on /home/airflow/.local/lib/python3.11/site-packages/airflow/example_dags/tutorial_objectstorage.py
[2024-03-06T14:05:31.242+0000] {processor.py:830} INFO - Processing file /home/airflow/.local/lib/python3.11/site-packages/airflow/example_dags/tutorial_objectstorage.py for tasks to queue
[2024-03-06T14:05:31.244+0000] {logging_mixin.py:188} INFO - [2024-03-06T14:05:31.244+0000] {dagbag.py:540} INFO - Filling up the DagBag from /home/airflow/.local/lib/python3.11/site-packages/airflow/example_dags/tutorial_objectstorage.py
[2024-03-06T14:05:31.252+0000] {processor.py:840} INFO - DAG(s) 'tutorial_objectstorage' retrieved from /home/airflow/.local/lib/python3.11/site-packages/airflow/example_dags/tutorial_objectstorage.py
[2024-03-06T14:05:31.268+0000] {logging_mixin.py:188} INFO - [2024-03-06T14:05:31.268+0000] {dag.py:3047} INFO - Sync 1 DAGs
[2024-03-06T14:05:31.279+0000] {logging_mixin.py:188} INFO - [2024-03-06T14:05:31.278+0000] {dag.py:3834} INFO - Setting next_dagrun for tutorial_objectstorage to None, run_after=None
[2024-03-06T14:05:31.293+0000] {processor.py:183} INFO - Processing /home/airflow/.local/lib/python3.11/site-packages/airflow/example_dags/tutorial_objectstorage.py took 0.055 seconds
[2024-03-06T14:06:01.404+0000] {processor.py:161} INFO - Started process (PID=10651) to work on /home/airflow/.local/lib/python3.11/site-packages/airflow/example_dags/tutorial_objectstorage.py
[2024-03-06T14:06:01.405+0000] {processor.py:830} INFO - Processing file /home/airflow/.local/lib/python3.11/site-packages/airflow/example_dags/tutorial_objectstorage.py for tasks to queue
[2024-03-06T14:06:01.406+0000] {logging_mixin.py:188} INFO - [2024-03-06T14:06:01.405+0000] {dagbag.py:540} INFO - Filling up the DagBag from /home/airflow/.local/lib/python3.11/site-packages/airflow/example_dags/tutorial_objectstorage.py
[2024-03-06T14:06:01.414+0000] {processor.py:840} INFO - DAG(s) 'tutorial_objectstorage' retrieved from /home/airflow/.local/lib/python3.11/site-packages/airflow/example_dags/tutorial_objectstorage.py
[2024-03-06T14:06:01.429+0000] {logging_mixin.py:188} INFO - [2024-03-06T14:06:01.429+0000] {dag.py:3047} INFO - Sync 1 DAGs
[2024-03-06T14:06:01.440+0000] {logging_mixin.py:188} INFO - [2024-03-06T14:06:01.440+0000] {dag.py:3834} INFO - Setting next_dagrun for tutorial_objectstorage to None, run_after=None
[2024-03-06T14:06:01.460+0000] {processor.py:183} INFO - Processing /home/airflow/.local/lib/python3.11/site-packages/airflow/example_dags/tutorial_objectstorage.py took 0.059 seconds
[2024-03-06T14:06:31.593+0000] {processor.py:161} INFO - Started process (PID=10897) to work on /home/airflow/.local/lib/python3.11/site-packages/airflow/example_dags/tutorial_objectstorage.py
[2024-03-06T14:06:31.594+0000] {processor.py:830} INFO - Processing file /home/airflow/.local/lib/python3.11/site-packages/airflow/example_dags/tutorial_objectstorage.py for tasks to queue
[2024-03-06T14:06:31.596+0000] {logging_mixin.py:188} INFO - [2024-03-06T14:06:31.595+0000] {dagbag.py:540} INFO - Filling up the DagBag from /home/airflow/.local/lib/python3.11/site-packages/airflow/example_dags/tutorial_objectstorage.py
[2024-03-06T14:06:31.603+0000] {processor.py:840} INFO - DAG(s) 'tutorial_objectstorage' retrieved from /home/airflow/.local/lib/python3.11/site-packages/airflow/example_dags/tutorial_objectstorage.py
[2024-03-06T14:06:31.619+0000] {logging_mixin.py:188} INFO - [2024-03-06T14:06:31.619+0000] {dag.py:3047} INFO - Sync 1 DAGs
[2024-03-06T14:06:31.629+0000] {logging_mixin.py:188} INFO - [2024-03-06T14:06:31.629+0000] {dag.py:3834} INFO - Setting next_dagrun for tutorial_objectstorage to None, run_after=None
[2024-03-06T14:06:31.644+0000] {processor.py:183} INFO - Processing /home/airflow/.local/lib/python3.11/site-packages/airflow/example_dags/tutorial_objectstorage.py took 0.054 seconds
[2024-03-06T14:07:01.928+0000] {processor.py:161} INFO - Started process (PID=11142) to work on /home/airflow/.local/lib/python3.11/site-packages/airflow/example_dags/tutorial_objectstorage.py
[2024-03-06T14:07:01.929+0000] {processor.py:830} INFO - Processing file /home/airflow/.local/lib/python3.11/site-packages/airflow/example_dags/tutorial_objectstorage.py for tasks to queue
[2024-03-06T14:07:01.939+0000] {logging_mixin.py:188} INFO - [2024-03-06T14:07:01.938+0000] {dagbag.py:540} INFO - Filling up the DagBag from /home/airflow/.local/lib/python3.11/site-packages/airflow/example_dags/tutorial_objectstorage.py
[2024-03-06T14:07:01.960+0000] {processor.py:840} INFO - DAG(s) 'tutorial_objectstorage' retrieved from /home/airflow/.local/lib/python3.11/site-packages/airflow/example_dags/tutorial_objectstorage.py
[2024-03-06T14:07:02.004+0000] {logging_mixin.py:188} INFO - [2024-03-06T14:07:02.004+0000] {dag.py:3047} INFO - Sync 1 DAGs
[2024-03-06T14:07:02.032+0000] {logging_mixin.py:188} INFO - [2024-03-06T14:07:02.031+0000] {dag.py:3834} INFO - Setting next_dagrun for tutorial_objectstorage to None, run_after=None
[2024-03-06T14:07:02.077+0000] {processor.py:183} INFO - Processing /home/airflow/.local/lib/python3.11/site-packages/airflow/example_dags/tutorial_objectstorage.py took 0.154 seconds
[2024-03-06T14:07:32.781+0000] {processor.py:161} INFO - Started process (PID=11389) to work on /home/airflow/.local/lib/python3.11/site-packages/airflow/example_dags/tutorial_objectstorage.py
[2024-03-06T14:07:32.782+0000] {processor.py:830} INFO - Processing file /home/airflow/.local/lib/python3.11/site-packages/airflow/example_dags/tutorial_objectstorage.py for tasks to queue
[2024-03-06T14:07:32.784+0000] {logging_mixin.py:188} INFO - [2024-03-06T14:07:32.783+0000] {dagbag.py:540} INFO - Filling up the DagBag from /home/airflow/.local/lib/python3.11/site-packages/airflow/example_dags/tutorial_objectstorage.py
[2024-03-06T14:07:32.793+0000] {processor.py:840} INFO - DAG(s) 'tutorial_objectstorage' retrieved from /home/airflow/.local/lib/python3.11/site-packages/airflow/example_dags/tutorial_objectstorage.py
[2024-03-06T14:07:32.814+0000] {logging_mixin.py:188} INFO - [2024-03-06T14:07:32.814+0000] {dag.py:3047} INFO - Sync 1 DAGs
[2024-03-06T14:07:32.828+0000] {logging_mixin.py:188} INFO - [2024-03-06T14:07:32.828+0000] {dag.py:3834} INFO - Setting next_dagrun for tutorial_objectstorage to None, run_after=None
[2024-03-06T14:07:32.850+0000] {processor.py:183} INFO - Processing /home/airflow/.local/lib/python3.11/site-packages/airflow/example_dags/tutorial_objectstorage.py took 0.074 seconds
[2024-03-06T14:08:03.767+0000] {processor.py:161} INFO - Started process (PID=11638) to work on /home/airflow/.local/lib/python3.11/site-packages/airflow/example_dags/tutorial_objectstorage.py
[2024-03-06T14:08:03.769+0000] {processor.py:830} INFO - Processing file /home/airflow/.local/lib/python3.11/site-packages/airflow/example_dags/tutorial_objectstorage.py for tasks to queue
[2024-03-06T14:08:03.771+0000] {logging_mixin.py:188} INFO - [2024-03-06T14:08:03.770+0000] {dagbag.py:540} INFO - Filling up the DagBag from /home/airflow/.local/lib/python3.11/site-packages/airflow/example_dags/tutorial_objectstorage.py
[2024-03-06T14:08:03.784+0000] {processor.py:840} INFO - DAG(s) 'tutorial_objectstorage' retrieved from /home/airflow/.local/lib/python3.11/site-packages/airflow/example_dags/tutorial_objectstorage.py
[2024-03-06T14:08:03.808+0000] {logging_mixin.py:188} INFO - [2024-03-06T14:08:03.808+0000] {dag.py:3047} INFO - Sync 1 DAGs
[2024-03-06T14:08:03.821+0000] {logging_mixin.py:188} INFO - [2024-03-06T14:08:03.821+0000] {dag.py:3834} INFO - Setting next_dagrun for tutorial_objectstorage to None, run_after=None
[2024-03-06T14:08:03.839+0000] {processor.py:183} INFO - Processing /home/airflow/.local/lib/python3.11/site-packages/airflow/example_dags/tutorial_objectstorage.py took 0.075 seconds
[2024-03-06T14:08:34.295+0000] {processor.py:161} INFO - Started process (PID=11883) to work on /home/airflow/.local/lib/python3.11/site-packages/airflow/example_dags/tutorial_objectstorage.py
[2024-03-06T14:08:34.297+0000] {processor.py:830} INFO - Processing file /home/airflow/.local/lib/python3.11/site-packages/airflow/example_dags/tutorial_objectstorage.py for tasks to queue
[2024-03-06T14:08:34.298+0000] {logging_mixin.py:188} INFO - [2024-03-06T14:08:34.298+0000] {dagbag.py:540} INFO - Filling up the DagBag from /home/airflow/.local/lib/python3.11/site-packages/airflow/example_dags/tutorial_objectstorage.py
[2024-03-06T14:08:34.307+0000] {processor.py:840} INFO - DAG(s) 'tutorial_objectstorage' retrieved from /home/airflow/.local/lib/python3.11/site-packages/airflow/example_dags/tutorial_objectstorage.py
[2024-03-06T14:08:34.331+0000] {logging_mixin.py:188} INFO - [2024-03-06T14:08:34.331+0000] {dag.py:3047} INFO - Sync 1 DAGs
[2024-03-06T14:08:34.346+0000] {logging_mixin.py:188} INFO - [2024-03-06T14:08:34.346+0000] {dag.py:3834} INFO - Setting next_dagrun for tutorial_objectstorage to None, run_after=None
[2024-03-06T14:08:34.364+0000] {processor.py:183} INFO - Processing /home/airflow/.local/lib/python3.11/site-packages/airflow/example_dags/tutorial_objectstorage.py took 0.073 seconds
[2024-03-06T14:09:05.088+0000] {processor.py:161} INFO - Started process (PID=12129) to work on /home/airflow/.local/lib/python3.11/site-packages/airflow/example_dags/tutorial_objectstorage.py
[2024-03-06T14:09:05.091+0000] {processor.py:830} INFO - Processing file /home/airflow/.local/lib/python3.11/site-packages/airflow/example_dags/tutorial_objectstorage.py for tasks to queue
[2024-03-06T14:09:05.095+0000] {logging_mixin.py:188} INFO - [2024-03-06T14:09:05.094+0000] {dagbag.py:540} INFO - Filling up the DagBag from /home/airflow/.local/lib/python3.11/site-packages/airflow/example_dags/tutorial_objectstorage.py
[2024-03-06T14:09:05.117+0000] {processor.py:840} INFO - DAG(s) 'tutorial_objectstorage' retrieved from /home/airflow/.local/lib/python3.11/site-packages/airflow/example_dags/tutorial_objectstorage.py
[2024-03-06T14:09:05.153+0000] {logging_mixin.py:188} INFO - [2024-03-06T14:09:05.153+0000] {dag.py:3047} INFO - Sync 1 DAGs
[2024-03-06T14:09:05.175+0000] {logging_mixin.py:188} INFO - [2024-03-06T14:09:05.174+0000] {dag.py:3834} INFO - Setting next_dagrun for tutorial_objectstorage to None, run_after=None
[2024-03-06T14:09:05.203+0000] {processor.py:183} INFO - Processing /home/airflow/.local/lib/python3.11/site-packages/airflow/example_dags/tutorial_objectstorage.py took 0.126 seconds
[2024-03-06T14:09:36.076+0000] {processor.py:161} INFO - Started process (PID=12375) to work on /home/airflow/.local/lib/python3.11/site-packages/airflow/example_dags/tutorial_objectstorage.py
[2024-03-06T14:09:36.078+0000] {processor.py:830} INFO - Processing file /home/airflow/.local/lib/python3.11/site-packages/airflow/example_dags/tutorial_objectstorage.py for tasks to queue
[2024-03-06T14:09:36.080+0000] {logging_mixin.py:188} INFO - [2024-03-06T14:09:36.079+0000] {dagbag.py:540} INFO - Filling up the DagBag from /home/airflow/.local/lib/python3.11/site-packages/airflow/example_dags/tutorial_objectstorage.py
[2024-03-06T14:09:36.092+0000] {processor.py:840} INFO - DAG(s) 'tutorial_objectstorage' retrieved from /home/airflow/.local/lib/python3.11/site-packages/airflow/example_dags/tutorial_objectstorage.py
[2024-03-06T14:09:36.117+0000] {logging_mixin.py:188} INFO - [2024-03-06T14:09:36.117+0000] {dag.py:3047} INFO - Sync 1 DAGs
[2024-03-06T14:09:36.130+0000] {logging_mixin.py:188} INFO - [2024-03-06T14:09:36.130+0000] {dag.py:3834} INFO - Setting next_dagrun for tutorial_objectstorage to None, run_after=None
[2024-03-06T14:09:36.149+0000] {processor.py:183} INFO - Processing /home/airflow/.local/lib/python3.11/site-packages/airflow/example_dags/tutorial_objectstorage.py took 0.078 seconds
[2024-03-06T14:10:06.956+0000] {processor.py:161} INFO - Started process (PID=12624) to work on /home/airflow/.local/lib/python3.11/site-packages/airflow/example_dags/tutorial_objectstorage.py
[2024-03-06T14:10:06.957+0000] {processor.py:830} INFO - Processing file /home/airflow/.local/lib/python3.11/site-packages/airflow/example_dags/tutorial_objectstorage.py for tasks to queue
[2024-03-06T14:10:06.958+0000] {logging_mixin.py:188} INFO - [2024-03-06T14:10:06.958+0000] {dagbag.py:540} INFO - Filling up the DagBag from /home/airflow/.local/lib/python3.11/site-packages/airflow/example_dags/tutorial_objectstorage.py
[2024-03-06T14:10:06.966+0000] {processor.py:840} INFO - DAG(s) 'tutorial_objectstorage' retrieved from /home/airflow/.local/lib/python3.11/site-packages/airflow/example_dags/tutorial_objectstorage.py
[2024-03-06T14:10:06.982+0000] {logging_mixin.py:188} INFO - [2024-03-06T14:10:06.982+0000] {dag.py:3047} INFO - Sync 1 DAGs
[2024-03-06T14:10:06.992+0000] {logging_mixin.py:188} INFO - [2024-03-06T14:10:06.992+0000] {dag.py:3834} INFO - Setting next_dagrun for tutorial_objectstorage to None, run_after=None
[2024-03-06T14:10:07.007+0000] {processor.py:183} INFO - Processing /home/airflow/.local/lib/python3.11/site-packages/airflow/example_dags/tutorial_objectstorage.py took 0.054 seconds
[2024-03-06T14:10:38.028+0000] {processor.py:161} INFO - Started process (PID=12871) to work on /home/airflow/.local/lib/python3.11/site-packages/airflow/example_dags/tutorial_objectstorage.py
[2024-03-06T14:10:38.029+0000] {processor.py:830} INFO - Processing file /home/airflow/.local/lib/python3.11/site-packages/airflow/example_dags/tutorial_objectstorage.py for tasks to queue
[2024-03-06T14:10:38.030+0000] {logging_mixin.py:188} INFO - [2024-03-06T14:10:38.029+0000] {dagbag.py:540} INFO - Filling up the DagBag from /home/airflow/.local/lib/python3.11/site-packages/airflow/example_dags/tutorial_objectstorage.py
[2024-03-06T14:10:38.039+0000] {processor.py:840} INFO - DAG(s) 'tutorial_objectstorage' retrieved from /home/airflow/.local/lib/python3.11/site-packages/airflow/example_dags/tutorial_objectstorage.py
[2024-03-06T14:10:38.057+0000] {logging_mixin.py:188} INFO - [2024-03-06T14:10:38.056+0000] {dag.py:3047} INFO - Sync 1 DAGs
[2024-03-06T14:10:38.070+0000] {logging_mixin.py:188} INFO - [2024-03-06T14:10:38.070+0000] {dag.py:3834} INFO - Setting next_dagrun for tutorial_objectstorage to None, run_after=None
[2024-03-06T14:10:38.089+0000] {processor.py:183} INFO - Processing /home/airflow/.local/lib/python3.11/site-packages/airflow/example_dags/tutorial_objectstorage.py took 0.065 seconds
[2024-03-06T14:11:08.118+0000] {processor.py:161} INFO - Started process (PID=13118) to work on /home/airflow/.local/lib/python3.11/site-packages/airflow/example_dags/tutorial_objectstorage.py
[2024-03-06T14:11:08.119+0000] {processor.py:830} INFO - Processing file /home/airflow/.local/lib/python3.11/site-packages/airflow/example_dags/tutorial_objectstorage.py for tasks to queue
[2024-03-06T14:11:08.120+0000] {logging_mixin.py:188} INFO - [2024-03-06T14:11:08.119+0000] {dagbag.py:540} INFO - Filling up the DagBag from /home/airflow/.local/lib/python3.11/site-packages/airflow/example_dags/tutorial_objectstorage.py
[2024-03-06T14:11:08.127+0000] {processor.py:840} INFO - DAG(s) 'tutorial_objectstorage' retrieved from /home/airflow/.local/lib/python3.11/site-packages/airflow/example_dags/tutorial_objectstorage.py
[2024-03-06T14:11:08.143+0000] {logging_mixin.py:188} INFO - [2024-03-06T14:11:08.143+0000] {dag.py:3047} INFO - Sync 1 DAGs
[2024-03-06T14:11:08.153+0000] {logging_mixin.py:188} INFO - [2024-03-06T14:11:08.153+0000] {dag.py:3834} INFO - Setting next_dagrun for tutorial_objectstorage to None, run_after=None
[2024-03-06T14:11:08.167+0000] {processor.py:183} INFO - Processing /home/airflow/.local/lib/python3.11/site-packages/airflow/example_dags/tutorial_objectstorage.py took 0.052 seconds
[2024-03-06T14:11:38.744+0000] {processor.py:161} INFO - Started process (PID=13365) to work on /home/airflow/.local/lib/python3.11/site-packages/airflow/example_dags/tutorial_objectstorage.py
[2024-03-06T14:11:38.744+0000] {processor.py:830} INFO - Processing file /home/airflow/.local/lib/python3.11/site-packages/airflow/example_dags/tutorial_objectstorage.py for tasks to queue
[2024-03-06T14:11:38.745+0000] {logging_mixin.py:188} INFO - [2024-03-06T14:11:38.745+0000] {dagbag.py:540} INFO - Filling up the DagBag from /home/airflow/.local/lib/python3.11/site-packages/airflow/example_dags/tutorial_objectstorage.py
[2024-03-06T14:11:38.753+0000] {processor.py:840} INFO - DAG(s) 'tutorial_objectstorage' retrieved from /home/airflow/.local/lib/python3.11/site-packages/airflow/example_dags/tutorial_objectstorage.py
[2024-03-06T14:11:38.770+0000] {logging_mixin.py:188} INFO - [2024-03-06T14:11:38.770+0000] {dag.py:3047} INFO - Sync 1 DAGs
[2024-03-06T14:11:38.780+0000] {logging_mixin.py:188} INFO - [2024-03-06T14:11:38.780+0000] {dag.py:3834} INFO - Setting next_dagrun for tutorial_objectstorage to None, run_after=None
[2024-03-06T14:11:38.794+0000] {processor.py:183} INFO - Processing /home/airflow/.local/lib/python3.11/site-packages/airflow/example_dags/tutorial_objectstorage.py took 0.053 seconds
[2024-03-06T14:12:09.429+0000] {processor.py:161} INFO - Started process (PID=13612) to work on /home/airflow/.local/lib/python3.11/site-packages/airflow/example_dags/tutorial_objectstorage.py
[2024-03-06T14:12:09.430+0000] {processor.py:830} INFO - Processing file /home/airflow/.local/lib/python3.11/site-packages/airflow/example_dags/tutorial_objectstorage.py for tasks to queue
[2024-03-06T14:12:09.431+0000] {logging_mixin.py:188} INFO - [2024-03-06T14:12:09.431+0000] {dagbag.py:540} INFO - Filling up the DagBag from /home/airflow/.local/lib/python3.11/site-packages/airflow/example_dags/tutorial_objectstorage.py
[2024-03-06T14:12:09.438+0000] {processor.py:840} INFO - DAG(s) 'tutorial_objectstorage' retrieved from /home/airflow/.local/lib/python3.11/site-packages/airflow/example_dags/tutorial_objectstorage.py
[2024-03-06T14:12:09.453+0000] {logging_mixin.py:188} INFO - [2024-03-06T14:12:09.453+0000] {dag.py:3047} INFO - Sync 1 DAGs
[2024-03-06T14:12:09.464+0000] {logging_mixin.py:188} INFO - [2024-03-06T14:12:09.464+0000] {dag.py:3834} INFO - Setting next_dagrun for tutorial_objectstorage to None, run_after=None
[2024-03-06T14:12:09.481+0000] {processor.py:183} INFO - Processing /home/airflow/.local/lib/python3.11/site-packages/airflow/example_dags/tutorial_objectstorage.py took 0.054 seconds
[2024-03-06T14:12:39.938+0000] {processor.py:161} INFO - Started process (PID=13857) to work on /home/airflow/.local/lib/python3.11/site-packages/airflow/example_dags/tutorial_objectstorage.py
[2024-03-06T14:12:39.940+0000] {processor.py:830} INFO - Processing file /home/airflow/.local/lib/python3.11/site-packages/airflow/example_dags/tutorial_objectstorage.py for tasks to queue
[2024-03-06T14:12:39.942+0000] {logging_mixin.py:188} INFO - [2024-03-06T14:12:39.941+0000] {dagbag.py:540} INFO - Filling up the DagBag from /home/airflow/.local/lib/python3.11/site-packages/airflow/example_dags/tutorial_objectstorage.py
[2024-03-06T14:12:39.951+0000] {processor.py:840} INFO - DAG(s) 'tutorial_objectstorage' retrieved from /home/airflow/.local/lib/python3.11/site-packages/airflow/example_dags/tutorial_objectstorage.py
[2024-03-06T14:12:39.971+0000] {logging_mixin.py:188} INFO - [2024-03-06T14:12:39.971+0000] {dag.py:3047} INFO - Sync 1 DAGs
[2024-03-06T14:12:39.987+0000] {logging_mixin.py:188} INFO - [2024-03-06T14:12:39.987+0000] {dag.py:3834} INFO - Setting next_dagrun for tutorial_objectstorage to None, run_after=None
[2024-03-06T14:12:40.009+0000] {processor.py:183} INFO - Processing /home/airflow/.local/lib/python3.11/site-packages/airflow/example_dags/tutorial_objectstorage.py took 0.074 seconds
[2024-03-06T14:13:10.847+0000] {processor.py:161} INFO - Started process (PID=14106) to work on /home/airflow/.local/lib/python3.11/site-packages/airflow/example_dags/tutorial_objectstorage.py
[2024-03-06T14:13:10.848+0000] {processor.py:830} INFO - Processing file /home/airflow/.local/lib/python3.11/site-packages/airflow/example_dags/tutorial_objectstorage.py for tasks to queue
[2024-03-06T14:13:10.849+0000] {logging_mixin.py:188} INFO - [2024-03-06T14:13:10.849+0000] {dagbag.py:540} INFO - Filling up the DagBag from /home/airflow/.local/lib/python3.11/site-packages/airflow/example_dags/tutorial_objectstorage.py
[2024-03-06T14:13:10.856+0000] {processor.py:840} INFO - DAG(s) 'tutorial_objectstorage' retrieved from /home/airflow/.local/lib/python3.11/site-packages/airflow/example_dags/tutorial_objectstorage.py
[2024-03-06T14:13:10.871+0000] {logging_mixin.py:188} INFO - [2024-03-06T14:13:10.871+0000] {dag.py:3047} INFO - Sync 1 DAGs
[2024-03-06T14:13:10.881+0000] {logging_mixin.py:188} INFO - [2024-03-06T14:13:10.881+0000] {dag.py:3834} INFO - Setting next_dagrun for tutorial_objectstorage to None, run_after=None
[2024-03-06T14:13:10.895+0000] {processor.py:183} INFO - Processing /home/airflow/.local/lib/python3.11/site-packages/airflow/example_dags/tutorial_objectstorage.py took 0.051 seconds
[2024-03-06T14:13:41.476+0000] {processor.py:161} INFO - Started process (PID=14353) to work on /home/airflow/.local/lib/python3.11/site-packages/airflow/example_dags/tutorial_objectstorage.py
[2024-03-06T14:13:41.478+0000] {processor.py:830} INFO - Processing file /home/airflow/.local/lib/python3.11/site-packages/airflow/example_dags/tutorial_objectstorage.py for tasks to queue
[2024-03-06T14:13:41.481+0000] {logging_mixin.py:188} INFO - [2024-03-06T14:13:41.479+0000] {dagbag.py:540} INFO - Filling up the DagBag from /home/airflow/.local/lib/python3.11/site-packages/airflow/example_dags/tutorial_objectstorage.py
[2024-03-06T14:13:41.492+0000] {processor.py:840} INFO - DAG(s) 'tutorial_objectstorage' retrieved from /home/airflow/.local/lib/python3.11/site-packages/airflow/example_dags/tutorial_objectstorage.py
[2024-03-06T14:13:41.526+0000] {logging_mixin.py:188} INFO - [2024-03-06T14:13:41.525+0000] {dag.py:3047} INFO - Sync 1 DAGs
[2024-03-06T14:13:41.544+0000] {logging_mixin.py:188} INFO - [2024-03-06T14:13:41.544+0000] {dag.py:3834} INFO - Setting next_dagrun for tutorial_objectstorage to None, run_after=None
[2024-03-06T14:13:41.560+0000] {processor.py:183} INFO - Processing /home/airflow/.local/lib/python3.11/site-packages/airflow/example_dags/tutorial_objectstorage.py took 0.088 seconds
[2024-03-06T14:14:12.352+0000] {processor.py:161} INFO - Started process (PID=14600) to work on /home/airflow/.local/lib/python3.11/site-packages/airflow/example_dags/tutorial_objectstorage.py
[2024-03-06T14:14:12.353+0000] {processor.py:830} INFO - Processing file /home/airflow/.local/lib/python3.11/site-packages/airflow/example_dags/tutorial_objectstorage.py for tasks to queue
[2024-03-06T14:14:12.355+0000] {logging_mixin.py:188} INFO - [2024-03-06T14:14:12.354+0000] {dagbag.py:540} INFO - Filling up the DagBag from /home/airflow/.local/lib/python3.11/site-packages/airflow/example_dags/tutorial_objectstorage.py
[2024-03-06T14:14:12.363+0000] {processor.py:840} INFO - DAG(s) 'tutorial_objectstorage' retrieved from /home/airflow/.local/lib/python3.11/site-packages/airflow/example_dags/tutorial_objectstorage.py
[2024-03-06T14:14:12.379+0000] {logging_mixin.py:188} INFO - [2024-03-06T14:14:12.379+0000] {dag.py:3047} INFO - Sync 1 DAGs
[2024-03-06T14:14:12.389+0000] {logging_mixin.py:188} INFO - [2024-03-06T14:14:12.389+0000] {dag.py:3834} INFO - Setting next_dagrun for tutorial_objectstorage to None, run_after=None
[2024-03-06T14:14:12.403+0000] {processor.py:183} INFO - Processing /home/airflow/.local/lib/python3.11/site-packages/airflow/example_dags/tutorial_objectstorage.py took 0.055 seconds
[2024-03-06T14:14:42.562+0000] {processor.py:161} INFO - Started process (PID=14847) to work on /home/airflow/.local/lib/python3.11/site-packages/airflow/example_dags/tutorial_objectstorage.py
[2024-03-06T14:14:42.563+0000] {processor.py:830} INFO - Processing file /home/airflow/.local/lib/python3.11/site-packages/airflow/example_dags/tutorial_objectstorage.py for tasks to queue
[2024-03-06T14:14:42.564+0000] {logging_mixin.py:188} INFO - [2024-03-06T14:14:42.564+0000] {dagbag.py:540} INFO - Filling up the DagBag from /home/airflow/.local/lib/python3.11/site-packages/airflow/example_dags/tutorial_objectstorage.py
[2024-03-06T14:14:42.571+0000] {processor.py:840} INFO - DAG(s) 'tutorial_objectstorage' retrieved from /home/airflow/.local/lib/python3.11/site-packages/airflow/example_dags/tutorial_objectstorage.py
[2024-03-06T14:14:42.587+0000] {logging_mixin.py:188} INFO - [2024-03-06T14:14:42.586+0000] {dag.py:3047} INFO - Sync 1 DAGs
[2024-03-06T14:14:42.597+0000] {logging_mixin.py:188} INFO - [2024-03-06T14:14:42.596+0000] {dag.py:3834} INFO - Setting next_dagrun for tutorial_objectstorage to None, run_after=None
[2024-03-06T14:14:42.611+0000] {processor.py:183} INFO - Processing /home/airflow/.local/lib/python3.11/site-packages/airflow/example_dags/tutorial_objectstorage.py took 0.052 seconds
[2024-03-06T14:15:12.659+0000] {processor.py:161} INFO - Started process (PID=15092) to work on /home/airflow/.local/lib/python3.11/site-packages/airflow/example_dags/tutorial_objectstorage.py
[2024-03-06T14:15:12.660+0000] {processor.py:830} INFO - Processing file /home/airflow/.local/lib/python3.11/site-packages/airflow/example_dags/tutorial_objectstorage.py for tasks to queue
[2024-03-06T14:15:12.662+0000] {logging_mixin.py:188} INFO - [2024-03-06T14:15:12.661+0000] {dagbag.py:540} INFO - Filling up the DagBag from /home/airflow/.local/lib/python3.11/site-packages/airflow/example_dags/tutorial_objectstorage.py
[2024-03-06T14:15:12.674+0000] {processor.py:840} INFO - DAG(s) 'tutorial_objectstorage' retrieved from /home/airflow/.local/lib/python3.11/site-packages/airflow/example_dags/tutorial_objectstorage.py
[2024-03-06T14:15:12.693+0000] {logging_mixin.py:188} INFO - [2024-03-06T14:15:12.692+0000] {dag.py:3047} INFO - Sync 1 DAGs
[2024-03-06T14:15:12.706+0000] {logging_mixin.py:188} INFO - [2024-03-06T14:15:12.706+0000] {dag.py:3834} INFO - Setting next_dagrun for tutorial_objectstorage to None, run_after=None
[2024-03-06T14:15:12.726+0000] {processor.py:183} INFO - Processing /home/airflow/.local/lib/python3.11/site-packages/airflow/example_dags/tutorial_objectstorage.py took 0.071 seconds
[2024-03-06T14:15:43.799+0000] {processor.py:161} INFO - Started process (PID=15341) to work on /home/airflow/.local/lib/python3.11/site-packages/airflow/example_dags/tutorial_objectstorage.py
[2024-03-06T14:15:43.800+0000] {processor.py:830} INFO - Processing file /home/airflow/.local/lib/python3.11/site-packages/airflow/example_dags/tutorial_objectstorage.py for tasks to queue
[2024-03-06T14:15:43.801+0000] {logging_mixin.py:188} INFO - [2024-03-06T14:15:43.801+0000] {dagbag.py:540} INFO - Filling up the DagBag from /home/airflow/.local/lib/python3.11/site-packages/airflow/example_dags/tutorial_objectstorage.py
[2024-03-06T14:15:43.808+0000] {processor.py:840} INFO - DAG(s) 'tutorial_objectstorage' retrieved from /home/airflow/.local/lib/python3.11/site-packages/airflow/example_dags/tutorial_objectstorage.py
[2024-03-06T14:15:43.826+0000] {logging_mixin.py:188} INFO - [2024-03-06T14:15:43.825+0000] {dag.py:3047} INFO - Sync 1 DAGs
[2024-03-06T14:15:43.836+0000] {logging_mixin.py:188} INFO - [2024-03-06T14:15:43.836+0000] {dag.py:3834} INFO - Setting next_dagrun for tutorial_objectstorage to None, run_after=None
[2024-03-06T14:15:43.850+0000] {processor.py:183} INFO - Processing /home/airflow/.local/lib/python3.11/site-packages/airflow/example_dags/tutorial_objectstorage.py took 0.053 seconds
[2024-03-06T14:16:14.052+0000] {processor.py:161} INFO - Started process (PID=15588) to work on /home/airflow/.local/lib/python3.11/site-packages/airflow/example_dags/tutorial_objectstorage.py
[2024-03-06T14:16:14.053+0000] {processor.py:830} INFO - Processing file /home/airflow/.local/lib/python3.11/site-packages/airflow/example_dags/tutorial_objectstorage.py for tasks to queue
[2024-03-06T14:16:14.054+0000] {logging_mixin.py:188} INFO - [2024-03-06T14:16:14.054+0000] {dagbag.py:540} INFO - Filling up the DagBag from /home/airflow/.local/lib/python3.11/site-packages/airflow/example_dags/tutorial_objectstorage.py
[2024-03-06T14:16:14.062+0000] {processor.py:840} INFO - DAG(s) 'tutorial_objectstorage' retrieved from /home/airflow/.local/lib/python3.11/site-packages/airflow/example_dags/tutorial_objectstorage.py
[2024-03-06T14:16:14.077+0000] {logging_mixin.py:188} INFO - [2024-03-06T14:16:14.076+0000] {dag.py:3047} INFO - Sync 1 DAGs
[2024-03-06T14:16:14.087+0000] {logging_mixin.py:188} INFO - [2024-03-06T14:16:14.087+0000] {dag.py:3834} INFO - Setting next_dagrun for tutorial_objectstorage to None, run_after=None
[2024-03-06T14:16:14.103+0000] {processor.py:183} INFO - Processing /home/airflow/.local/lib/python3.11/site-packages/airflow/example_dags/tutorial_objectstorage.py took 0.053 seconds
[2024-03-06T14:16:44.846+0000] {processor.py:161} INFO - Started process (PID=15835) to work on /home/airflow/.local/lib/python3.11/site-packages/airflow/example_dags/tutorial_objectstorage.py
[2024-03-06T14:16:44.848+0000] {processor.py:830} INFO - Processing file /home/airflow/.local/lib/python3.11/site-packages/airflow/example_dags/tutorial_objectstorage.py for tasks to queue
[2024-03-06T14:16:44.849+0000] {logging_mixin.py:188} INFO - [2024-03-06T14:16:44.848+0000] {dagbag.py:540} INFO - Filling up the DagBag from /home/airflow/.local/lib/python3.11/site-packages/airflow/example_dags/tutorial_objectstorage.py
[2024-03-06T14:16:44.856+0000] {processor.py:840} INFO - DAG(s) 'tutorial_objectstorage' retrieved from /home/airflow/.local/lib/python3.11/site-packages/airflow/example_dags/tutorial_objectstorage.py
[2024-03-06T14:16:44.878+0000] {logging_mixin.py:188} INFO - [2024-03-06T14:16:44.878+0000] {dag.py:3047} INFO - Sync 1 DAGs
[2024-03-06T14:16:44.889+0000] {logging_mixin.py:188} INFO - [2024-03-06T14:16:44.888+0000] {dag.py:3834} INFO - Setting next_dagrun for tutorial_objectstorage to None, run_after=None
[2024-03-06T14:16:44.912+0000] {processor.py:183} INFO - Processing /home/airflow/.local/lib/python3.11/site-packages/airflow/example_dags/tutorial_objectstorage.py took 0.068 seconds
[2024-03-06T14:17:15.194+0000] {processor.py:161} INFO - Started process (PID=16080) to work on /home/airflow/.local/lib/python3.11/site-packages/airflow/example_dags/tutorial_objectstorage.py
[2024-03-06T14:17:15.198+0000] {processor.py:830} INFO - Processing file /home/airflow/.local/lib/python3.11/site-packages/airflow/example_dags/tutorial_objectstorage.py for tasks to queue
[2024-03-06T14:17:15.202+0000] {logging_mixin.py:188} INFO - [2024-03-06T14:17:15.201+0000] {dagbag.py:540} INFO - Filling up the DagBag from /home/airflow/.local/lib/python3.11/site-packages/airflow/example_dags/tutorial_objectstorage.py
[2024-03-06T14:17:15.217+0000] {processor.py:840} INFO - DAG(s) 'tutorial_objectstorage' retrieved from /home/airflow/.local/lib/python3.11/site-packages/airflow/example_dags/tutorial_objectstorage.py
[2024-03-06T14:17:15.252+0000] {logging_mixin.py:188} INFO - [2024-03-06T14:17:15.252+0000] {dag.py:3047} INFO - Sync 1 DAGs
[2024-03-06T14:17:15.279+0000] {logging_mixin.py:188} INFO - [2024-03-06T14:17:15.279+0000] {dag.py:3834} INFO - Setting next_dagrun for tutorial_objectstorage to None, run_after=None
[2024-03-06T14:17:15.310+0000] {processor.py:183} INFO - Processing /home/airflow/.local/lib/python3.11/site-packages/airflow/example_dags/tutorial_objectstorage.py took 0.120 seconds
[2024-03-06T14:17:45.850+0000] {processor.py:161} INFO - Started process (PID=16327) to work on /home/airflow/.local/lib/python3.11/site-packages/airflow/example_dags/tutorial_objectstorage.py
[2024-03-06T14:17:45.856+0000] {processor.py:830} INFO - Processing file /home/airflow/.local/lib/python3.11/site-packages/airflow/example_dags/tutorial_objectstorage.py for tasks to queue
[2024-03-06T14:17:45.859+0000] {logging_mixin.py:188} INFO - [2024-03-06T14:17:45.859+0000] {dagbag.py:540} INFO - Filling up the DagBag from /home/airflow/.local/lib/python3.11/site-packages/airflow/example_dags/tutorial_objectstorage.py
[2024-03-06T14:17:45.876+0000] {processor.py:840} INFO - DAG(s) 'tutorial_objectstorage' retrieved from /home/airflow/.local/lib/python3.11/site-packages/airflow/example_dags/tutorial_objectstorage.py
[2024-03-06T14:17:45.917+0000] {logging_mixin.py:188} INFO - [2024-03-06T14:17:45.917+0000] {dag.py:3047} INFO - Sync 1 DAGs
[2024-03-06T14:17:45.937+0000] {logging_mixin.py:188} INFO - [2024-03-06T14:17:45.937+0000] {dag.py:3834} INFO - Setting next_dagrun for tutorial_objectstorage to None, run_after=None
[2024-03-06T14:17:45.969+0000] {processor.py:183} INFO - Processing /home/airflow/.local/lib/python3.11/site-packages/airflow/example_dags/tutorial_objectstorage.py took 0.125 seconds
[2024-03-06T14:18:16.746+0000] {processor.py:161} INFO - Started process (PID=16576) to work on /home/airflow/.local/lib/python3.11/site-packages/airflow/example_dags/tutorial_objectstorage.py
[2024-03-06T14:18:16.750+0000] {processor.py:830} INFO - Processing file /home/airflow/.local/lib/python3.11/site-packages/airflow/example_dags/tutorial_objectstorage.py for tasks to queue
[2024-03-06T14:18:16.755+0000] {logging_mixin.py:188} INFO - [2024-03-06T14:18:16.753+0000] {dagbag.py:540} INFO - Filling up the DagBag from /home/airflow/.local/lib/python3.11/site-packages/airflow/example_dags/tutorial_objectstorage.py
[2024-03-06T14:18:16.794+0000] {processor.py:840} INFO - DAG(s) 'tutorial_objectstorage' retrieved from /home/airflow/.local/lib/python3.11/site-packages/airflow/example_dags/tutorial_objectstorage.py
[2024-03-06T14:18:16.830+0000] {logging_mixin.py:188} INFO - [2024-03-06T14:18:16.830+0000] {dag.py:3047} INFO - Sync 1 DAGs
[2024-03-06T14:18:16.852+0000] {logging_mixin.py:188} INFO - [2024-03-06T14:18:16.851+0000] {dag.py:3834} INFO - Setting next_dagrun for tutorial_objectstorage to None, run_after=None
[2024-03-06T14:18:16.886+0000] {processor.py:183} INFO - Processing /home/airflow/.local/lib/python3.11/site-packages/airflow/example_dags/tutorial_objectstorage.py took 0.146 seconds
[2024-03-06T14:18:47.445+0000] {processor.py:161} INFO - Started process (PID=16820) to work on /home/airflow/.local/lib/python3.11/site-packages/airflow/example_dags/tutorial_objectstorage.py
[2024-03-06T14:18:47.448+0000] {processor.py:830} INFO - Processing file /home/airflow/.local/lib/python3.11/site-packages/airflow/example_dags/tutorial_objectstorage.py for tasks to queue
[2024-03-06T14:18:47.452+0000] {logging_mixin.py:188} INFO - [2024-03-06T14:18:47.451+0000] {dagbag.py:540} INFO - Filling up the DagBag from /home/airflow/.local/lib/python3.11/site-packages/airflow/example_dags/tutorial_objectstorage.py
[2024-03-06T14:18:47.468+0000] {processor.py:840} INFO - DAG(s) 'tutorial_objectstorage' retrieved from /home/airflow/.local/lib/python3.11/site-packages/airflow/example_dags/tutorial_objectstorage.py
[2024-03-06T14:18:47.567+0000] {logging_mixin.py:188} INFO - [2024-03-06T14:18:47.566+0000] {dag.py:3047} INFO - Sync 1 DAGs
[2024-03-06T14:18:47.588+0000] {logging_mixin.py:188} INFO - [2024-03-06T14:18:47.587+0000] {dag.py:3834} INFO - Setting next_dagrun for tutorial_objectstorage to None, run_after=None
[2024-03-06T14:18:47.643+0000] {processor.py:183} INFO - Processing /home/airflow/.local/lib/python3.11/site-packages/airflow/example_dags/tutorial_objectstorage.py took 0.204 seconds
