[2024-03-06T13:44:35.583+0000] {processor.py:161} INFO - Started process (PID=199) to work on /home/airflow/.local/lib/python3.11/site-packages/airflow/example_dags/tutorial.py
[2024-03-06T13:44:35.585+0000] {processor.py:830} INFO - Processing file /home/airflow/.local/lib/python3.11/site-packages/airflow/example_dags/tutorial.py for tasks to queue
[2024-03-06T13:44:35.587+0000] {logging_mixin.py:188} INFO - [2024-03-06T13:44:35.586+0000] {dagbag.py:540} INFO - Filling up the DagBag from /home/airflow/.local/lib/python3.11/site-packages/airflow/example_dags/tutorial.py
[2024-03-06T13:44:35.599+0000] {processor.py:840} INFO - DAG(s) 'tutorial' retrieved from /home/airflow/.local/lib/python3.11/site-packages/airflow/example_dags/tutorial.py
[2024-03-06T13:44:35.632+0000] {logging_mixin.py:188} INFO - [2024-03-06T13:44:35.631+0000] {dag.py:3047} INFO - Sync 1 DAGs
[2024-03-06T13:44:35.657+0000] {logging_mixin.py:188} INFO - [2024-03-06T13:44:35.657+0000] {dag.py:3834} INFO - Setting next_dagrun for tutorial to 2024-03-05 00:00:00+00:00, run_after=2024-03-06 00:00:00+00:00
[2024-03-06T13:44:35.692+0000] {processor.py:183} INFO - Processing /home/airflow/.local/lib/python3.11/site-packages/airflow/example_dags/tutorial.py took 0.113 seconds
[2024-03-06T13:45:05.784+0000] {processor.py:161} INFO - Started process (PID=442) to work on /home/airflow/.local/lib/python3.11/site-packages/airflow/example_dags/tutorial.py
[2024-03-06T13:45:05.785+0000] {processor.py:830} INFO - Processing file /home/airflow/.local/lib/python3.11/site-packages/airflow/example_dags/tutorial.py for tasks to queue
[2024-03-06T13:45:05.786+0000] {logging_mixin.py:188} INFO - [2024-03-06T13:45:05.786+0000] {dagbag.py:540} INFO - Filling up the DagBag from /home/airflow/.local/lib/python3.11/site-packages/airflow/example_dags/tutorial.py
[2024-03-06T13:45:05.793+0000] {processor.py:840} INFO - DAG(s) 'tutorial' retrieved from /home/airflow/.local/lib/python3.11/site-packages/airflow/example_dags/tutorial.py
[2024-03-06T13:45:05.810+0000] {logging_mixin.py:188} INFO - [2024-03-06T13:45:05.809+0000] {dag.py:3047} INFO - Sync 1 DAGs
[2024-03-06T13:45:05.826+0000] {logging_mixin.py:188} INFO - [2024-03-06T13:45:05.826+0000] {dag.py:3834} INFO - Setting next_dagrun for tutorial to 2024-03-05 00:00:00+00:00, run_after=2024-03-06 00:00:00+00:00
[2024-03-06T13:45:05.840+0000] {processor.py:183} INFO - Processing /home/airflow/.local/lib/python3.11/site-packages/airflow/example_dags/tutorial.py took 0.059 seconds
[2024-03-06T13:45:35.961+0000] {processor.py:161} INFO - Started process (PID=686) to work on /home/airflow/.local/lib/python3.11/site-packages/airflow/example_dags/tutorial.py
[2024-03-06T13:45:35.964+0000] {processor.py:830} INFO - Processing file /home/airflow/.local/lib/python3.11/site-packages/airflow/example_dags/tutorial.py for tasks to queue
[2024-03-06T13:45:35.966+0000] {logging_mixin.py:188} INFO - [2024-03-06T13:45:35.965+0000] {dagbag.py:540} INFO - Filling up the DagBag from /home/airflow/.local/lib/python3.11/site-packages/airflow/example_dags/tutorial.py
[2024-03-06T13:45:35.975+0000] {processor.py:840} INFO - DAG(s) 'tutorial' retrieved from /home/airflow/.local/lib/python3.11/site-packages/airflow/example_dags/tutorial.py
[2024-03-06T13:45:35.997+0000] {logging_mixin.py:188} INFO - [2024-03-06T13:45:35.997+0000] {dag.py:3047} INFO - Sync 1 DAGs
[2024-03-06T13:45:36.023+0000] {logging_mixin.py:188} INFO - [2024-03-06T13:45:36.023+0000] {dag.py:3834} INFO - Setting next_dagrun for tutorial to 2024-03-05 00:00:00+00:00, run_after=2024-03-06 00:00:00+00:00
[2024-03-06T13:45:36.056+0000] {processor.py:183} INFO - Processing /home/airflow/.local/lib/python3.11/site-packages/airflow/example_dags/tutorial.py took 0.100 seconds
[2024-03-06T13:46:06.445+0000] {processor.py:161} INFO - Started process (PID=935) to work on /home/airflow/.local/lib/python3.11/site-packages/airflow/example_dags/tutorial.py
[2024-03-06T13:46:06.446+0000] {processor.py:830} INFO - Processing file /home/airflow/.local/lib/python3.11/site-packages/airflow/example_dags/tutorial.py for tasks to queue
[2024-03-06T13:46:06.447+0000] {logging_mixin.py:188} INFO - [2024-03-06T13:46:06.447+0000] {dagbag.py:540} INFO - Filling up the DagBag from /home/airflow/.local/lib/python3.11/site-packages/airflow/example_dags/tutorial.py
[2024-03-06T13:46:06.454+0000] {processor.py:840} INFO - DAG(s) 'tutorial' retrieved from /home/airflow/.local/lib/python3.11/site-packages/airflow/example_dags/tutorial.py
[2024-03-06T13:46:06.471+0000] {logging_mixin.py:188} INFO - [2024-03-06T13:46:06.471+0000] {dag.py:3047} INFO - Sync 1 DAGs
[2024-03-06T13:46:06.488+0000] {logging_mixin.py:188} INFO - [2024-03-06T13:46:06.488+0000] {dag.py:3834} INFO - Setting next_dagrun for tutorial to 2024-03-05 00:00:00+00:00, run_after=2024-03-06 00:00:00+00:00
[2024-03-06T13:46:06.510+0000] {processor.py:183} INFO - Processing /home/airflow/.local/lib/python3.11/site-packages/airflow/example_dags/tutorial.py took 0.067 seconds
[2024-03-06T13:46:37.471+0000] {processor.py:161} INFO - Started process (PID=1185) to work on /home/airflow/.local/lib/python3.11/site-packages/airflow/example_dags/tutorial.py
[2024-03-06T13:46:37.473+0000] {processor.py:830} INFO - Processing file /home/airflow/.local/lib/python3.11/site-packages/airflow/example_dags/tutorial.py for tasks to queue
[2024-03-06T13:46:37.476+0000] {logging_mixin.py:188} INFO - [2024-03-06T13:46:37.476+0000] {dagbag.py:540} INFO - Filling up the DagBag from /home/airflow/.local/lib/python3.11/site-packages/airflow/example_dags/tutorial.py
[2024-03-06T13:46:37.487+0000] {processor.py:840} INFO - DAG(s) 'tutorial' retrieved from /home/airflow/.local/lib/python3.11/site-packages/airflow/example_dags/tutorial.py
[2024-03-06T13:46:37.510+0000] {logging_mixin.py:188} INFO - [2024-03-06T13:46:37.510+0000] {dag.py:3047} INFO - Sync 1 DAGs
[2024-03-06T13:46:37.533+0000] {logging_mixin.py:188} INFO - [2024-03-06T13:46:37.533+0000] {dag.py:3834} INFO - Setting next_dagrun for tutorial to 2024-03-05 00:00:00+00:00, run_after=2024-03-06 00:00:00+00:00
[2024-03-06T13:46:37.566+0000] {processor.py:183} INFO - Processing /home/airflow/.local/lib/python3.11/site-packages/airflow/example_dags/tutorial.py took 0.099 seconds
[2024-03-06T13:47:08.090+0000] {processor.py:161} INFO - Started process (PID=1432) to work on /home/airflow/.local/lib/python3.11/site-packages/airflow/example_dags/tutorial.py
[2024-03-06T13:47:08.092+0000] {processor.py:830} INFO - Processing file /home/airflow/.local/lib/python3.11/site-packages/airflow/example_dags/tutorial.py for tasks to queue
[2024-03-06T13:47:08.093+0000] {logging_mixin.py:188} INFO - [2024-03-06T13:47:08.092+0000] {dagbag.py:540} INFO - Filling up the DagBag from /home/airflow/.local/lib/python3.11/site-packages/airflow/example_dags/tutorial.py
[2024-03-06T13:47:08.107+0000] {processor.py:840} INFO - DAG(s) 'tutorial' retrieved from /home/airflow/.local/lib/python3.11/site-packages/airflow/example_dags/tutorial.py
[2024-03-06T13:47:08.140+0000] {logging_mixin.py:188} INFO - [2024-03-06T13:47:08.140+0000] {dag.py:3047} INFO - Sync 1 DAGs
[2024-03-06T13:47:08.170+0000] {logging_mixin.py:188} INFO - [2024-03-06T13:47:08.170+0000] {dag.py:3834} INFO - Setting next_dagrun for tutorial to 2024-03-05 00:00:00+00:00, run_after=2024-03-06 00:00:00+00:00
[2024-03-06T13:47:08.209+0000] {processor.py:183} INFO - Processing /home/airflow/.local/lib/python3.11/site-packages/airflow/example_dags/tutorial.py took 0.123 seconds
[2024-03-06T13:47:39.515+0000] {processor.py:161} INFO - Started process (PID=1679) to work on /home/airflow/.local/lib/python3.11/site-packages/airflow/example_dags/tutorial.py
[2024-03-06T13:47:39.528+0000] {processor.py:830} INFO - Processing file /home/airflow/.local/lib/python3.11/site-packages/airflow/example_dags/tutorial.py for tasks to queue
[2024-03-06T13:47:39.531+0000] {logging_mixin.py:188} INFO - [2024-03-06T13:47:39.530+0000] {dagbag.py:540} INFO - Filling up the DagBag from /home/airflow/.local/lib/python3.11/site-packages/airflow/example_dags/tutorial.py
[2024-03-06T13:47:39.574+0000] {processor.py:840} INFO - DAG(s) 'tutorial' retrieved from /home/airflow/.local/lib/python3.11/site-packages/airflow/example_dags/tutorial.py
[2024-03-06T13:47:39.689+0000] {logging_mixin.py:188} INFO - [2024-03-06T13:47:39.687+0000] {dag.py:3047} INFO - Sync 1 DAGs
[2024-03-06T13:47:39.761+0000] {logging_mixin.py:188} INFO - [2024-03-06T13:47:39.760+0000] {dag.py:3834} INFO - Setting next_dagrun for tutorial to 2024-03-05 00:00:00+00:00, run_after=2024-03-06 00:00:00+00:00
[2024-03-06T13:47:39.806+0000] {processor.py:183} INFO - Processing /home/airflow/.local/lib/python3.11/site-packages/airflow/example_dags/tutorial.py took 0.315 seconds
[2024-03-06T13:48:09.871+0000] {processor.py:161} INFO - Started process (PID=1923) to work on /home/airflow/.local/lib/python3.11/site-packages/airflow/example_dags/tutorial.py
[2024-03-06T13:48:09.872+0000] {processor.py:830} INFO - Processing file /home/airflow/.local/lib/python3.11/site-packages/airflow/example_dags/tutorial.py for tasks to queue
[2024-03-06T13:48:09.874+0000] {logging_mixin.py:188} INFO - [2024-03-06T13:48:09.874+0000] {dagbag.py:540} INFO - Filling up the DagBag from /home/airflow/.local/lib/python3.11/site-packages/airflow/example_dags/tutorial.py
[2024-03-06T13:48:09.883+0000] {processor.py:840} INFO - DAG(s) 'tutorial' retrieved from /home/airflow/.local/lib/python3.11/site-packages/airflow/example_dags/tutorial.py
[2024-03-06T13:48:09.907+0000] {logging_mixin.py:188} INFO - [2024-03-06T13:48:09.907+0000] {dag.py:3047} INFO - Sync 1 DAGs
[2024-03-06T13:48:09.930+0000] {logging_mixin.py:188} INFO - [2024-03-06T13:48:09.930+0000] {dag.py:3834} INFO - Setting next_dagrun for tutorial to 2024-03-05 00:00:00+00:00, run_after=2024-03-06 00:00:00+00:00
[2024-03-06T13:48:09.959+0000] {processor.py:183} INFO - Processing /home/airflow/.local/lib/python3.11/site-packages/airflow/example_dags/tutorial.py took 0.092 seconds
[2024-03-06T13:48:40.544+0000] {processor.py:161} INFO - Started process (PID=2172) to work on /home/airflow/.local/lib/python3.11/site-packages/airflow/example_dags/tutorial.py
[2024-03-06T13:48:40.546+0000] {processor.py:830} INFO - Processing file /home/airflow/.local/lib/python3.11/site-packages/airflow/example_dags/tutorial.py for tasks to queue
[2024-03-06T13:48:40.547+0000] {logging_mixin.py:188} INFO - [2024-03-06T13:48:40.547+0000] {dagbag.py:540} INFO - Filling up the DagBag from /home/airflow/.local/lib/python3.11/site-packages/airflow/example_dags/tutorial.py
[2024-03-06T13:48:40.554+0000] {processor.py:840} INFO - DAG(s) 'tutorial' retrieved from /home/airflow/.local/lib/python3.11/site-packages/airflow/example_dags/tutorial.py
[2024-03-06T13:48:40.571+0000] {logging_mixin.py:188} INFO - [2024-03-06T13:48:40.571+0000] {dag.py:3047} INFO - Sync 1 DAGs
[2024-03-06T13:48:40.589+0000] {logging_mixin.py:188} INFO - [2024-03-06T13:48:40.589+0000] {dag.py:3834} INFO - Setting next_dagrun for tutorial to 2024-03-05 00:00:00+00:00, run_after=2024-03-06 00:00:00+00:00
[2024-03-06T13:48:40.604+0000] {processor.py:183} INFO - Processing /home/airflow/.local/lib/python3.11/site-packages/airflow/example_dags/tutorial.py took 0.063 seconds
[2024-03-06T13:49:10.695+0000] {processor.py:161} INFO - Started process (PID=2419) to work on /home/airflow/.local/lib/python3.11/site-packages/airflow/example_dags/tutorial.py
[2024-03-06T13:49:10.696+0000] {processor.py:830} INFO - Processing file /home/airflow/.local/lib/python3.11/site-packages/airflow/example_dags/tutorial.py for tasks to queue
[2024-03-06T13:49:10.698+0000] {logging_mixin.py:188} INFO - [2024-03-06T13:49:10.697+0000] {dagbag.py:540} INFO - Filling up the DagBag from /home/airflow/.local/lib/python3.11/site-packages/airflow/example_dags/tutorial.py
[2024-03-06T13:49:10.706+0000] {processor.py:840} INFO - DAG(s) 'tutorial' retrieved from /home/airflow/.local/lib/python3.11/site-packages/airflow/example_dags/tutorial.py
[2024-03-06T13:49:10.723+0000] {logging_mixin.py:188} INFO - [2024-03-06T13:49:10.723+0000] {dag.py:3047} INFO - Sync 1 DAGs
[2024-03-06T13:49:10.743+0000] {logging_mixin.py:188} INFO - [2024-03-06T13:49:10.743+0000] {dag.py:3834} INFO - Setting next_dagrun for tutorial to 2024-03-05 00:00:00+00:00, run_after=2024-03-06 00:00:00+00:00
[2024-03-06T13:49:10.761+0000] {processor.py:183} INFO - Processing /home/airflow/.local/lib/python3.11/site-packages/airflow/example_dags/tutorial.py took 0.071 seconds
[2024-03-06T13:49:40.883+0000] {processor.py:161} INFO - Started process (PID=2666) to work on /home/airflow/.local/lib/python3.11/site-packages/airflow/example_dags/tutorial.py
[2024-03-06T13:49:40.884+0000] {processor.py:830} INFO - Processing file /home/airflow/.local/lib/python3.11/site-packages/airflow/example_dags/tutorial.py for tasks to queue
[2024-03-06T13:49:40.886+0000] {logging_mixin.py:188} INFO - [2024-03-06T13:49:40.885+0000] {dagbag.py:540} INFO - Filling up the DagBag from /home/airflow/.local/lib/python3.11/site-packages/airflow/example_dags/tutorial.py
[2024-03-06T13:49:40.894+0000] {processor.py:840} INFO - DAG(s) 'tutorial' retrieved from /home/airflow/.local/lib/python3.11/site-packages/airflow/example_dags/tutorial.py
[2024-03-06T13:49:40.917+0000] {logging_mixin.py:188} INFO - [2024-03-06T13:49:40.917+0000] {dag.py:3047} INFO - Sync 1 DAGs
[2024-03-06T13:49:40.943+0000] {logging_mixin.py:188} INFO - [2024-03-06T13:49:40.942+0000] {dag.py:3834} INFO - Setting next_dagrun for tutorial to 2024-03-05 00:00:00+00:00, run_after=2024-03-06 00:00:00+00:00
[2024-03-06T13:49:40.959+0000] {processor.py:183} INFO - Processing /home/airflow/.local/lib/python3.11/site-packages/airflow/example_dags/tutorial.py took 0.080 seconds
[2024-03-06T13:50:11.738+0000] {processor.py:161} INFO - Started process (PID=2913) to work on /home/airflow/.local/lib/python3.11/site-packages/airflow/example_dags/tutorial.py
[2024-03-06T13:50:11.739+0000] {processor.py:830} INFO - Processing file /home/airflow/.local/lib/python3.11/site-packages/airflow/example_dags/tutorial.py for tasks to queue
[2024-03-06T13:50:11.740+0000] {logging_mixin.py:188} INFO - [2024-03-06T13:50:11.740+0000] {dagbag.py:540} INFO - Filling up the DagBag from /home/airflow/.local/lib/python3.11/site-packages/airflow/example_dags/tutorial.py
[2024-03-06T13:50:11.749+0000] {processor.py:840} INFO - DAG(s) 'tutorial' retrieved from /home/airflow/.local/lib/python3.11/site-packages/airflow/example_dags/tutorial.py
[2024-03-06T13:50:11.771+0000] {logging_mixin.py:188} INFO - [2024-03-06T13:50:11.770+0000] {dag.py:3047} INFO - Sync 1 DAGs
[2024-03-06T13:50:11.792+0000] {logging_mixin.py:188} INFO - [2024-03-06T13:50:11.792+0000] {dag.py:3834} INFO - Setting next_dagrun for tutorial to 2024-03-05 00:00:00+00:00, run_after=2024-03-06 00:00:00+00:00
[2024-03-06T13:50:11.816+0000] {processor.py:183} INFO - Processing /home/airflow/.local/lib/python3.11/site-packages/airflow/example_dags/tutorial.py took 0.082 seconds
[2024-03-06T13:50:42.495+0000] {processor.py:161} INFO - Started process (PID=3160) to work on /home/airflow/.local/lib/python3.11/site-packages/airflow/example_dags/tutorial.py
[2024-03-06T13:50:42.496+0000] {processor.py:830} INFO - Processing file /home/airflow/.local/lib/python3.11/site-packages/airflow/example_dags/tutorial.py for tasks to queue
[2024-03-06T13:50:42.498+0000] {logging_mixin.py:188} INFO - [2024-03-06T13:50:42.497+0000] {dagbag.py:540} INFO - Filling up the DagBag from /home/airflow/.local/lib/python3.11/site-packages/airflow/example_dags/tutorial.py
[2024-03-06T13:50:42.506+0000] {processor.py:840} INFO - DAG(s) 'tutorial' retrieved from /home/airflow/.local/lib/python3.11/site-packages/airflow/example_dags/tutorial.py
[2024-03-06T13:50:42.527+0000] {logging_mixin.py:188} INFO - [2024-03-06T13:50:42.527+0000] {dag.py:3047} INFO - Sync 1 DAGs
[2024-03-06T13:50:42.543+0000] {logging_mixin.py:188} INFO - [2024-03-06T13:50:42.543+0000] {dag.py:3834} INFO - Setting next_dagrun for tutorial to 2024-03-05 00:00:00+00:00, run_after=2024-03-06 00:00:00+00:00
[2024-03-06T13:50:42.559+0000] {processor.py:183} INFO - Processing /home/airflow/.local/lib/python3.11/site-packages/airflow/example_dags/tutorial.py took 0.067 seconds
[2024-03-06T13:51:12.949+0000] {processor.py:161} INFO - Started process (PID=3407) to work on /home/airflow/.local/lib/python3.11/site-packages/airflow/example_dags/tutorial.py
[2024-03-06T13:51:12.950+0000] {processor.py:830} INFO - Processing file /home/airflow/.local/lib/python3.11/site-packages/airflow/example_dags/tutorial.py for tasks to queue
[2024-03-06T13:51:12.951+0000] {logging_mixin.py:188} INFO - [2024-03-06T13:51:12.950+0000] {dagbag.py:540} INFO - Filling up the DagBag from /home/airflow/.local/lib/python3.11/site-packages/airflow/example_dags/tutorial.py
[2024-03-06T13:51:12.957+0000] {processor.py:840} INFO - DAG(s) 'tutorial' retrieved from /home/airflow/.local/lib/python3.11/site-packages/airflow/example_dags/tutorial.py
[2024-03-06T13:51:12.978+0000] {logging_mixin.py:188} INFO - [2024-03-06T13:51:12.978+0000] {dag.py:3047} INFO - Sync 1 DAGs
[2024-03-06T13:51:12.995+0000] {logging_mixin.py:188} INFO - [2024-03-06T13:51:12.995+0000] {dag.py:3834} INFO - Setting next_dagrun for tutorial to 2024-03-05 00:00:00+00:00, run_after=2024-03-06 00:00:00+00:00
[2024-03-06T13:51:13.008+0000] {processor.py:183} INFO - Processing /home/airflow/.local/lib/python3.11/site-packages/airflow/example_dags/tutorial.py took 0.063 seconds
[2024-03-06T13:51:43.422+0000] {processor.py:161} INFO - Started process (PID=3654) to work on /home/airflow/.local/lib/python3.11/site-packages/airflow/example_dags/tutorial.py
[2024-03-06T13:51:43.423+0000] {processor.py:830} INFO - Processing file /home/airflow/.local/lib/python3.11/site-packages/airflow/example_dags/tutorial.py for tasks to queue
[2024-03-06T13:51:43.425+0000] {logging_mixin.py:188} INFO - [2024-03-06T13:51:43.424+0000] {dagbag.py:540} INFO - Filling up the DagBag from /home/airflow/.local/lib/python3.11/site-packages/airflow/example_dags/tutorial.py
[2024-03-06T13:51:43.432+0000] {processor.py:840} INFO - DAG(s) 'tutorial' retrieved from /home/airflow/.local/lib/python3.11/site-packages/airflow/example_dags/tutorial.py
[2024-03-06T13:51:43.450+0000] {logging_mixin.py:188} INFO - [2024-03-06T13:51:43.450+0000] {dag.py:3047} INFO - Sync 1 DAGs
[2024-03-06T13:51:43.466+0000] {logging_mixin.py:188} INFO - [2024-03-06T13:51:43.466+0000] {dag.py:3834} INFO - Setting next_dagrun for tutorial to 2024-03-05 00:00:00+00:00, run_after=2024-03-06 00:00:00+00:00
[2024-03-06T13:51:43.480+0000] {processor.py:183} INFO - Processing /home/airflow/.local/lib/python3.11/site-packages/airflow/example_dags/tutorial.py took 0.061 seconds
[2024-03-06T13:52:13.933+0000] {processor.py:161} INFO - Started process (PID=3901) to work on /home/airflow/.local/lib/python3.11/site-packages/airflow/example_dags/tutorial.py
[2024-03-06T13:52:13.934+0000] {processor.py:830} INFO - Processing file /home/airflow/.local/lib/python3.11/site-packages/airflow/example_dags/tutorial.py for tasks to queue
[2024-03-06T13:52:13.935+0000] {logging_mixin.py:188} INFO - [2024-03-06T13:52:13.935+0000] {dagbag.py:540} INFO - Filling up the DagBag from /home/airflow/.local/lib/python3.11/site-packages/airflow/example_dags/tutorial.py
[2024-03-06T13:52:13.944+0000] {processor.py:840} INFO - DAG(s) 'tutorial' retrieved from /home/airflow/.local/lib/python3.11/site-packages/airflow/example_dags/tutorial.py
[2024-03-06T13:52:13.965+0000] {logging_mixin.py:188} INFO - [2024-03-06T13:52:13.965+0000] {dag.py:3047} INFO - Sync 1 DAGs
[2024-03-06T13:52:13.984+0000] {logging_mixin.py:188} INFO - [2024-03-06T13:52:13.984+0000] {dag.py:3834} INFO - Setting next_dagrun for tutorial to 2024-03-05 00:00:00+00:00, run_after=2024-03-06 00:00:00+00:00
[2024-03-06T13:52:14.001+0000] {processor.py:183} INFO - Processing /home/airflow/.local/lib/python3.11/site-packages/airflow/example_dags/tutorial.py took 0.072 seconds
[2024-03-06T13:52:44.411+0000] {processor.py:161} INFO - Started process (PID=4148) to work on /home/airflow/.local/lib/python3.11/site-packages/airflow/example_dags/tutorial.py
[2024-03-06T13:52:44.413+0000] {processor.py:830} INFO - Processing file /home/airflow/.local/lib/python3.11/site-packages/airflow/example_dags/tutorial.py for tasks to queue
[2024-03-06T13:52:44.415+0000] {logging_mixin.py:188} INFO - [2024-03-06T13:52:44.414+0000] {dagbag.py:540} INFO - Filling up the DagBag from /home/airflow/.local/lib/python3.11/site-packages/airflow/example_dags/tutorial.py
[2024-03-06T13:52:44.425+0000] {processor.py:840} INFO - DAG(s) 'tutorial' retrieved from /home/airflow/.local/lib/python3.11/site-packages/airflow/example_dags/tutorial.py
[2024-03-06T13:52:44.451+0000] {logging_mixin.py:188} INFO - [2024-03-06T13:52:44.451+0000] {dag.py:3047} INFO - Sync 1 DAGs
[2024-03-06T13:52:44.475+0000] {logging_mixin.py:188} INFO - [2024-03-06T13:52:44.475+0000] {dag.py:3834} INFO - Setting next_dagrun for tutorial to 2024-03-05 00:00:00+00:00, run_after=2024-03-06 00:00:00+00:00
[2024-03-06T13:52:44.493+0000] {processor.py:183} INFO - Processing /home/airflow/.local/lib/python3.11/site-packages/airflow/example_dags/tutorial.py took 0.084 seconds
[2024-03-06T13:53:15.474+0000] {processor.py:161} INFO - Started process (PID=4394) to work on /home/airflow/.local/lib/python3.11/site-packages/airflow/example_dags/tutorial.py
[2024-03-06T13:53:15.475+0000] {processor.py:830} INFO - Processing file /home/airflow/.local/lib/python3.11/site-packages/airflow/example_dags/tutorial.py for tasks to queue
[2024-03-06T13:53:15.477+0000] {logging_mixin.py:188} INFO - [2024-03-06T13:53:15.476+0000] {dagbag.py:540} INFO - Filling up the DagBag from /home/airflow/.local/lib/python3.11/site-packages/airflow/example_dags/tutorial.py
[2024-03-06T13:53:15.486+0000] {processor.py:840} INFO - DAG(s) 'tutorial' retrieved from /home/airflow/.local/lib/python3.11/site-packages/airflow/example_dags/tutorial.py
[2024-03-06T13:53:15.511+0000] {logging_mixin.py:188} INFO - [2024-03-06T13:53:15.510+0000] {dag.py:3047} INFO - Sync 1 DAGs
[2024-03-06T13:53:15.536+0000] {logging_mixin.py:188} INFO - [2024-03-06T13:53:15.536+0000] {dag.py:3834} INFO - Setting next_dagrun for tutorial to 2024-03-05 00:00:00+00:00, run_after=2024-03-06 00:00:00+00:00
[2024-03-06T13:53:15.553+0000] {processor.py:183} INFO - Processing /home/airflow/.local/lib/python3.11/site-packages/airflow/example_dags/tutorial.py took 0.082 seconds
[2024-03-06T13:53:45.842+0000] {processor.py:161} INFO - Started process (PID=4641) to work on /home/airflow/.local/lib/python3.11/site-packages/airflow/example_dags/tutorial.py
[2024-03-06T13:53:45.843+0000] {processor.py:830} INFO - Processing file /home/airflow/.local/lib/python3.11/site-packages/airflow/example_dags/tutorial.py for tasks to queue
[2024-03-06T13:53:45.845+0000] {logging_mixin.py:188} INFO - [2024-03-06T13:53:45.844+0000] {dagbag.py:540} INFO - Filling up the DagBag from /home/airflow/.local/lib/python3.11/site-packages/airflow/example_dags/tutorial.py
[2024-03-06T13:53:45.853+0000] {processor.py:840} INFO - DAG(s) 'tutorial' retrieved from /home/airflow/.local/lib/python3.11/site-packages/airflow/example_dags/tutorial.py
[2024-03-06T13:53:45.880+0000] {logging_mixin.py:188} INFO - [2024-03-06T13:53:45.880+0000] {dag.py:3047} INFO - Sync 1 DAGs
[2024-03-06T13:53:45.902+0000] {logging_mixin.py:188} INFO - [2024-03-06T13:53:45.902+0000] {dag.py:3834} INFO - Setting next_dagrun for tutorial to 2024-03-05 00:00:00+00:00, run_after=2024-03-06 00:00:00+00:00
[2024-03-06T13:53:45.927+0000] {processor.py:183} INFO - Processing /home/airflow/.local/lib/python3.11/site-packages/airflow/example_dags/tutorial.py took 0.090 seconds
[2024-03-06T13:54:16.064+0000] {processor.py:161} INFO - Started process (PID=4888) to work on /home/airflow/.local/lib/python3.11/site-packages/airflow/example_dags/tutorial.py
[2024-03-06T13:54:16.065+0000] {processor.py:830} INFO - Processing file /home/airflow/.local/lib/python3.11/site-packages/airflow/example_dags/tutorial.py for tasks to queue
[2024-03-06T13:54:16.066+0000] {logging_mixin.py:188} INFO - [2024-03-06T13:54:16.066+0000] {dagbag.py:540} INFO - Filling up the DagBag from /home/airflow/.local/lib/python3.11/site-packages/airflow/example_dags/tutorial.py
[2024-03-06T13:54:16.073+0000] {processor.py:840} INFO - DAG(s) 'tutorial' retrieved from /home/airflow/.local/lib/python3.11/site-packages/airflow/example_dags/tutorial.py
[2024-03-06T13:54:16.095+0000] {logging_mixin.py:188} INFO - [2024-03-06T13:54:16.095+0000] {dag.py:3047} INFO - Sync 1 DAGs
[2024-03-06T13:54:16.115+0000] {logging_mixin.py:188} INFO - [2024-03-06T13:54:16.115+0000] {dag.py:3834} INFO - Setting next_dagrun for tutorial to 2024-03-05 00:00:00+00:00, run_after=2024-03-06 00:00:00+00:00
[2024-03-06T13:54:16.138+0000] {processor.py:183} INFO - Processing /home/airflow/.local/lib/python3.11/site-packages/airflow/example_dags/tutorial.py took 0.078 seconds
[2024-03-06T13:54:46.497+0000] {processor.py:161} INFO - Started process (PID=5135) to work on /home/airflow/.local/lib/python3.11/site-packages/airflow/example_dags/tutorial.py
[2024-03-06T13:54:46.498+0000] {processor.py:830} INFO - Processing file /home/airflow/.local/lib/python3.11/site-packages/airflow/example_dags/tutorial.py for tasks to queue
[2024-03-06T13:54:46.499+0000] {logging_mixin.py:188} INFO - [2024-03-06T13:54:46.499+0000] {dagbag.py:540} INFO - Filling up the DagBag from /home/airflow/.local/lib/python3.11/site-packages/airflow/example_dags/tutorial.py
[2024-03-06T13:54:46.507+0000] {processor.py:840} INFO - DAG(s) 'tutorial' retrieved from /home/airflow/.local/lib/python3.11/site-packages/airflow/example_dags/tutorial.py
[2024-03-06T13:54:46.527+0000] {logging_mixin.py:188} INFO - [2024-03-06T13:54:46.527+0000] {dag.py:3047} INFO - Sync 1 DAGs
[2024-03-06T13:54:46.545+0000] {logging_mixin.py:188} INFO - [2024-03-06T13:54:46.544+0000] {dag.py:3834} INFO - Setting next_dagrun for tutorial to 2024-03-05 00:00:00+00:00, run_after=2024-03-06 00:00:00+00:00
[2024-03-06T13:54:46.558+0000] {processor.py:183} INFO - Processing /home/airflow/.local/lib/python3.11/site-packages/airflow/example_dags/tutorial.py took 0.065 seconds
[2024-03-06T13:55:17.645+0000] {processor.py:161} INFO - Started process (PID=5382) to work on /home/airflow/.local/lib/python3.11/site-packages/airflow/example_dags/tutorial.py
[2024-03-06T13:55:17.646+0000] {processor.py:830} INFO - Processing file /home/airflow/.local/lib/python3.11/site-packages/airflow/example_dags/tutorial.py for tasks to queue
[2024-03-06T13:55:17.648+0000] {logging_mixin.py:188} INFO - [2024-03-06T13:55:17.647+0000] {dagbag.py:540} INFO - Filling up the DagBag from /home/airflow/.local/lib/python3.11/site-packages/airflow/example_dags/tutorial.py
[2024-03-06T13:55:17.659+0000] {processor.py:840} INFO - DAG(s) 'tutorial' retrieved from /home/airflow/.local/lib/python3.11/site-packages/airflow/example_dags/tutorial.py
[2024-03-06T13:55:17.705+0000] {logging_mixin.py:188} INFO - [2024-03-06T13:55:17.704+0000] {dag.py:3047} INFO - Sync 1 DAGs
[2024-03-06T13:55:17.745+0000] {logging_mixin.py:188} INFO - [2024-03-06T13:55:17.744+0000] {dag.py:3834} INFO - Setting next_dagrun for tutorial to 2024-03-05 00:00:00+00:00, run_after=2024-03-06 00:00:00+00:00
[2024-03-06T13:55:17.793+0000] {processor.py:183} INFO - Processing /home/airflow/.local/lib/python3.11/site-packages/airflow/example_dags/tutorial.py took 0.155 seconds
[2024-03-06T13:55:48.101+0000] {processor.py:161} INFO - Started process (PID=5631) to work on /home/airflow/.local/lib/python3.11/site-packages/airflow/example_dags/tutorial.py
[2024-03-06T13:55:48.106+0000] {processor.py:830} INFO - Processing file /home/airflow/.local/lib/python3.11/site-packages/airflow/example_dags/tutorial.py for tasks to queue
[2024-03-06T13:55:48.109+0000] {logging_mixin.py:188} INFO - [2024-03-06T13:55:48.109+0000] {dagbag.py:540} INFO - Filling up the DagBag from /home/airflow/.local/lib/python3.11/site-packages/airflow/example_dags/tutorial.py
[2024-03-06T13:55:48.132+0000] {processor.py:840} INFO - DAG(s) 'tutorial' retrieved from /home/airflow/.local/lib/python3.11/site-packages/airflow/example_dags/tutorial.py
[2024-03-06T13:55:48.184+0000] {logging_mixin.py:188} INFO - [2024-03-06T13:55:48.183+0000] {dag.py:3047} INFO - Sync 1 DAGs
[2024-03-06T13:55:48.231+0000] {logging_mixin.py:188} INFO - [2024-03-06T13:55:48.230+0000] {dag.py:3834} INFO - Setting next_dagrun for tutorial to 2024-03-05 00:00:00+00:00, run_after=2024-03-06 00:00:00+00:00
[2024-03-06T13:55:48.275+0000] {processor.py:183} INFO - Processing /home/airflow/.local/lib/python3.11/site-packages/airflow/example_dags/tutorial.py took 0.186 seconds
[2024-03-06T13:56:18.404+0000] {processor.py:161} INFO - Started process (PID=5877) to work on /home/airflow/.local/lib/python3.11/site-packages/airflow/example_dags/tutorial.py
[2024-03-06T13:56:18.407+0000] {processor.py:830} INFO - Processing file /home/airflow/.local/lib/python3.11/site-packages/airflow/example_dags/tutorial.py for tasks to queue
[2024-03-06T13:56:18.408+0000] {logging_mixin.py:188} INFO - [2024-03-06T13:56:18.407+0000] {dagbag.py:540} INFO - Filling up the DagBag from /home/airflow/.local/lib/python3.11/site-packages/airflow/example_dags/tutorial.py
[2024-03-06T13:56:18.422+0000] {processor.py:840} INFO - DAG(s) 'tutorial' retrieved from /home/airflow/.local/lib/python3.11/site-packages/airflow/example_dags/tutorial.py
[2024-03-06T13:56:18.440+0000] {logging_mixin.py:188} INFO - [2024-03-06T13:56:18.440+0000] {dag.py:3047} INFO - Sync 1 DAGs
[2024-03-06T13:56:18.459+0000] {logging_mixin.py:188} INFO - [2024-03-06T13:56:18.459+0000] {dag.py:3834} INFO - Setting next_dagrun for tutorial to 2024-03-05 00:00:00+00:00, run_after=2024-03-06 00:00:00+00:00
[2024-03-06T13:56:18.475+0000] {processor.py:183} INFO - Processing /home/airflow/.local/lib/python3.11/site-packages/airflow/example_dags/tutorial.py took 0.079 seconds
[2024-03-06T13:56:48.793+0000] {processor.py:161} INFO - Started process (PID=6121) to work on /home/airflow/.local/lib/python3.11/site-packages/airflow/example_dags/tutorial.py
[2024-03-06T13:56:48.794+0000] {processor.py:830} INFO - Processing file /home/airflow/.local/lib/python3.11/site-packages/airflow/example_dags/tutorial.py for tasks to queue
[2024-03-06T13:56:48.797+0000] {logging_mixin.py:188} INFO - [2024-03-06T13:56:48.797+0000] {dagbag.py:540} INFO - Filling up the DagBag from /home/airflow/.local/lib/python3.11/site-packages/airflow/example_dags/tutorial.py
[2024-03-06T13:56:48.807+0000] {processor.py:840} INFO - DAG(s) 'tutorial' retrieved from /home/airflow/.local/lib/python3.11/site-packages/airflow/example_dags/tutorial.py
[2024-03-06T13:56:48.837+0000] {logging_mixin.py:188} INFO - [2024-03-06T13:56:48.836+0000] {dag.py:3047} INFO - Sync 1 DAGs
[2024-03-06T13:56:48.866+0000] {logging_mixin.py:188} INFO - [2024-03-06T13:56:48.865+0000] {dag.py:3834} INFO - Setting next_dagrun for tutorial to 2024-03-05 00:00:00+00:00, run_after=2024-03-06 00:00:00+00:00
[2024-03-06T13:56:48.904+0000] {processor.py:183} INFO - Processing /home/airflow/.local/lib/python3.11/site-packages/airflow/example_dags/tutorial.py took 0.115 seconds
[2024-03-06T13:57:19.086+0000] {processor.py:161} INFO - Started process (PID=6370) to work on /home/airflow/.local/lib/python3.11/site-packages/airflow/example_dags/tutorial.py
[2024-03-06T13:57:19.087+0000] {processor.py:830} INFO - Processing file /home/airflow/.local/lib/python3.11/site-packages/airflow/example_dags/tutorial.py for tasks to queue
[2024-03-06T13:57:19.089+0000] {logging_mixin.py:188} INFO - [2024-03-06T13:57:19.088+0000] {dagbag.py:540} INFO - Filling up the DagBag from /home/airflow/.local/lib/python3.11/site-packages/airflow/example_dags/tutorial.py
[2024-03-06T13:57:19.095+0000] {processor.py:840} INFO - DAG(s) 'tutorial' retrieved from /home/airflow/.local/lib/python3.11/site-packages/airflow/example_dags/tutorial.py
[2024-03-06T13:57:19.114+0000] {logging_mixin.py:188} INFO - [2024-03-06T13:57:19.113+0000] {dag.py:3047} INFO - Sync 1 DAGs
[2024-03-06T13:57:19.133+0000] {logging_mixin.py:188} INFO - [2024-03-06T13:57:19.133+0000] {dag.py:3834} INFO - Setting next_dagrun for tutorial to 2024-03-05 00:00:00+00:00, run_after=2024-03-06 00:00:00+00:00
[2024-03-06T13:57:19.150+0000] {processor.py:183} INFO - Processing /home/airflow/.local/lib/python3.11/site-packages/airflow/example_dags/tutorial.py took 0.067 seconds
[2024-03-06T13:57:49.249+0000] {processor.py:161} INFO - Started process (PID=6615) to work on /home/airflow/.local/lib/python3.11/site-packages/airflow/example_dags/tutorial.py
[2024-03-06T13:57:49.252+0000] {processor.py:830} INFO - Processing file /home/airflow/.local/lib/python3.11/site-packages/airflow/example_dags/tutorial.py for tasks to queue
[2024-03-06T13:57:49.255+0000] {logging_mixin.py:188} INFO - [2024-03-06T13:57:49.254+0000] {dagbag.py:540} INFO - Filling up the DagBag from /home/airflow/.local/lib/python3.11/site-packages/airflow/example_dags/tutorial.py
[2024-03-06T13:57:49.265+0000] {processor.py:840} INFO - DAG(s) 'tutorial' retrieved from /home/airflow/.local/lib/python3.11/site-packages/airflow/example_dags/tutorial.py
[2024-03-06T13:57:49.286+0000] {logging_mixin.py:188} INFO - [2024-03-06T13:57:49.286+0000] {dag.py:3047} INFO - Sync 1 DAGs
[2024-03-06T13:57:49.308+0000] {logging_mixin.py:188} INFO - [2024-03-06T13:57:49.307+0000] {dag.py:3834} INFO - Setting next_dagrun for tutorial to 2024-03-05 00:00:00+00:00, run_after=2024-03-06 00:00:00+00:00
[2024-03-06T13:57:49.325+0000] {processor.py:183} INFO - Processing /home/airflow/.local/lib/python3.11/site-packages/airflow/example_dags/tutorial.py took 0.080 seconds
[2024-03-06T13:58:20.185+0000] {processor.py:161} INFO - Started process (PID=6861) to work on /home/airflow/.local/lib/python3.11/site-packages/airflow/example_dags/tutorial.py
[2024-03-06T13:58:20.186+0000] {processor.py:830} INFO - Processing file /home/airflow/.local/lib/python3.11/site-packages/airflow/example_dags/tutorial.py for tasks to queue
[2024-03-06T13:58:20.187+0000] {logging_mixin.py:188} INFO - [2024-03-06T13:58:20.187+0000] {dagbag.py:540} INFO - Filling up the DagBag from /home/airflow/.local/lib/python3.11/site-packages/airflow/example_dags/tutorial.py
[2024-03-06T13:58:20.199+0000] {processor.py:840} INFO - DAG(s) 'tutorial' retrieved from /home/airflow/.local/lib/python3.11/site-packages/airflow/example_dags/tutorial.py
[2024-03-06T13:58:20.229+0000] {logging_mixin.py:188} INFO - [2024-03-06T13:58:20.229+0000] {dag.py:3047} INFO - Sync 1 DAGs
[2024-03-06T13:58:20.251+0000] {logging_mixin.py:188} INFO - [2024-03-06T13:58:20.251+0000] {dag.py:3834} INFO - Setting next_dagrun for tutorial to 2024-03-05 00:00:00+00:00, run_after=2024-03-06 00:00:00+00:00
[2024-03-06T13:58:20.276+0000] {processor.py:183} INFO - Processing /home/airflow/.local/lib/python3.11/site-packages/airflow/example_dags/tutorial.py took 0.095 seconds
[2024-03-06T13:58:51.565+0000] {processor.py:161} INFO - Started process (PID=7107) to work on /home/airflow/.local/lib/python3.11/site-packages/airflow/example_dags/tutorial.py
[2024-03-06T13:58:51.568+0000] {processor.py:830} INFO - Processing file /home/airflow/.local/lib/python3.11/site-packages/airflow/example_dags/tutorial.py for tasks to queue
[2024-03-06T13:58:51.578+0000] {logging_mixin.py:188} INFO - [2024-03-06T13:58:51.577+0000] {dagbag.py:540} INFO - Filling up the DagBag from /home/airflow/.local/lib/python3.11/site-packages/airflow/example_dags/tutorial.py
[2024-03-06T13:58:51.606+0000] {processor.py:840} INFO - DAG(s) 'tutorial' retrieved from /home/airflow/.local/lib/python3.11/site-packages/airflow/example_dags/tutorial.py
[2024-03-06T13:58:51.652+0000] {logging_mixin.py:188} INFO - [2024-03-06T13:58:51.651+0000] {dag.py:3047} INFO - Sync 1 DAGs
[2024-03-06T13:58:51.711+0000] {logging_mixin.py:188} INFO - [2024-03-06T13:58:51.711+0000] {dag.py:3834} INFO - Setting next_dagrun for tutorial to 2024-03-05 00:00:00+00:00, run_after=2024-03-06 00:00:00+00:00
[2024-03-06T13:58:51.765+0000] {processor.py:183} INFO - Processing /home/airflow/.local/lib/python3.11/site-packages/airflow/example_dags/tutorial.py took 0.214 seconds
[2024-03-06T13:59:21.889+0000] {processor.py:161} INFO - Started process (PID=7356) to work on /home/airflow/.local/lib/python3.11/site-packages/airflow/example_dags/tutorial.py
[2024-03-06T13:59:21.890+0000] {processor.py:830} INFO - Processing file /home/airflow/.local/lib/python3.11/site-packages/airflow/example_dags/tutorial.py for tasks to queue
[2024-03-06T13:59:21.892+0000] {logging_mixin.py:188} INFO - [2024-03-06T13:59:21.891+0000] {dagbag.py:540} INFO - Filling up the DagBag from /home/airflow/.local/lib/python3.11/site-packages/airflow/example_dags/tutorial.py
[2024-03-06T13:59:21.901+0000] {processor.py:840} INFO - DAG(s) 'tutorial' retrieved from /home/airflow/.local/lib/python3.11/site-packages/airflow/example_dags/tutorial.py
[2024-03-06T13:59:21.927+0000] {logging_mixin.py:188} INFO - [2024-03-06T13:59:21.927+0000] {dag.py:3047} INFO - Sync 1 DAGs
[2024-03-06T13:59:21.954+0000] {logging_mixin.py:188} INFO - [2024-03-06T13:59:21.953+0000] {dag.py:3834} INFO - Setting next_dagrun for tutorial to 2024-03-05 00:00:00+00:00, run_after=2024-03-06 00:00:00+00:00
[2024-03-06T13:59:21.983+0000] {processor.py:183} INFO - Processing /home/airflow/.local/lib/python3.11/site-packages/airflow/example_dags/tutorial.py took 0.098 seconds
[2024-03-06T13:59:52.029+0000] {processor.py:161} INFO - Started process (PID=7601) to work on /home/airflow/.local/lib/python3.11/site-packages/airflow/example_dags/tutorial.py
[2024-03-06T13:59:52.031+0000] {processor.py:830} INFO - Processing file /home/airflow/.local/lib/python3.11/site-packages/airflow/example_dags/tutorial.py for tasks to queue
[2024-03-06T13:59:52.033+0000] {logging_mixin.py:188} INFO - [2024-03-06T13:59:52.032+0000] {dagbag.py:540} INFO - Filling up the DagBag from /home/airflow/.local/lib/python3.11/site-packages/airflow/example_dags/tutorial.py
[2024-03-06T13:59:52.045+0000] {processor.py:840} INFO - DAG(s) 'tutorial' retrieved from /home/airflow/.local/lib/python3.11/site-packages/airflow/example_dags/tutorial.py
[2024-03-06T13:59:52.075+0000] {logging_mixin.py:188} INFO - [2024-03-06T13:59:52.074+0000] {dag.py:3047} INFO - Sync 1 DAGs
[2024-03-06T13:59:52.107+0000] {logging_mixin.py:188} INFO - [2024-03-06T13:59:52.106+0000] {dag.py:3834} INFO - Setting next_dagrun for tutorial to 2024-03-05 00:00:00+00:00, run_after=2024-03-06 00:00:00+00:00
[2024-03-06T13:59:52.133+0000] {processor.py:183} INFO - Processing /home/airflow/.local/lib/python3.11/site-packages/airflow/example_dags/tutorial.py took 0.109 seconds
[2024-03-06T14:00:22.614+0000] {processor.py:161} INFO - Started process (PID=7847) to work on /home/airflow/.local/lib/python3.11/site-packages/airflow/example_dags/tutorial.py
[2024-03-06T14:00:22.619+0000] {processor.py:830} INFO - Processing file /home/airflow/.local/lib/python3.11/site-packages/airflow/example_dags/tutorial.py for tasks to queue
[2024-03-06T14:00:22.620+0000] {logging_mixin.py:188} INFO - [2024-03-06T14:00:22.620+0000] {dagbag.py:540} INFO - Filling up the DagBag from /home/airflow/.local/lib/python3.11/site-packages/airflow/example_dags/tutorial.py
[2024-03-06T14:00:22.629+0000] {processor.py:840} INFO - DAG(s) 'tutorial' retrieved from /home/airflow/.local/lib/python3.11/site-packages/airflow/example_dags/tutorial.py
[2024-03-06T14:00:22.654+0000] {logging_mixin.py:188} INFO - [2024-03-06T14:00:22.654+0000] {dag.py:3047} INFO - Sync 1 DAGs
[2024-03-06T14:00:22.682+0000] {logging_mixin.py:188} INFO - [2024-03-06T14:00:22.681+0000] {dag.py:3834} INFO - Setting next_dagrun for tutorial to 2024-03-05 00:00:00+00:00, run_after=2024-03-06 00:00:00+00:00
[2024-03-06T14:00:22.708+0000] {processor.py:183} INFO - Processing /home/airflow/.local/lib/python3.11/site-packages/airflow/example_dags/tutorial.py took 0.098 seconds
[2024-03-06T14:00:52.837+0000] {processor.py:161} INFO - Started process (PID=8094) to work on /home/airflow/.local/lib/python3.11/site-packages/airflow/example_dags/tutorial.py
[2024-03-06T14:00:52.838+0000] {processor.py:830} INFO - Processing file /home/airflow/.local/lib/python3.11/site-packages/airflow/example_dags/tutorial.py for tasks to queue
[2024-03-06T14:00:52.840+0000] {logging_mixin.py:188} INFO - [2024-03-06T14:00:52.840+0000] {dagbag.py:540} INFO - Filling up the DagBag from /home/airflow/.local/lib/python3.11/site-packages/airflow/example_dags/tutorial.py
[2024-03-06T14:00:52.850+0000] {processor.py:840} INFO - DAG(s) 'tutorial' retrieved from /home/airflow/.local/lib/python3.11/site-packages/airflow/example_dags/tutorial.py
[2024-03-06T14:00:52.876+0000] {logging_mixin.py:188} INFO - [2024-03-06T14:00:52.876+0000] {dag.py:3047} INFO - Sync 1 DAGs
[2024-03-06T14:00:52.902+0000] {logging_mixin.py:188} INFO - [2024-03-06T14:00:52.901+0000] {dag.py:3834} INFO - Setting next_dagrun for tutorial to 2024-03-05 00:00:00+00:00, run_after=2024-03-06 00:00:00+00:00
[2024-03-06T14:00:52.922+0000] {processor.py:183} INFO - Processing /home/airflow/.local/lib/python3.11/site-packages/airflow/example_dags/tutorial.py took 0.089 seconds
[2024-03-06T14:01:23.615+0000] {processor.py:161} INFO - Started process (PID=8340) to work on /home/airflow/.local/lib/python3.11/site-packages/airflow/example_dags/tutorial.py
[2024-03-06T14:01:23.617+0000] {processor.py:830} INFO - Processing file /home/airflow/.local/lib/python3.11/site-packages/airflow/example_dags/tutorial.py for tasks to queue
[2024-03-06T14:01:23.618+0000] {logging_mixin.py:188} INFO - [2024-03-06T14:01:23.618+0000] {dagbag.py:540} INFO - Filling up the DagBag from /home/airflow/.local/lib/python3.11/site-packages/airflow/example_dags/tutorial.py
[2024-03-06T14:01:23.630+0000] {processor.py:840} INFO - DAG(s) 'tutorial' retrieved from /home/airflow/.local/lib/python3.11/site-packages/airflow/example_dags/tutorial.py
[2024-03-06T14:01:23.667+0000] {logging_mixin.py:188} INFO - [2024-03-06T14:01:23.667+0000] {dag.py:3047} INFO - Sync 1 DAGs
[2024-03-06T14:01:23.707+0000] {logging_mixin.py:188} INFO - [2024-03-06T14:01:23.707+0000] {dag.py:3834} INFO - Setting next_dagrun for tutorial to 2024-03-05 00:00:00+00:00, run_after=2024-03-06 00:00:00+00:00
[2024-03-06T14:01:23.768+0000] {processor.py:183} INFO - Processing /home/airflow/.local/lib/python3.11/site-packages/airflow/example_dags/tutorial.py took 0.157 seconds
[2024-03-06T14:01:54.355+0000] {processor.py:161} INFO - Started process (PID=8587) to work on /home/airflow/.local/lib/python3.11/site-packages/airflow/example_dags/tutorial.py
[2024-03-06T14:01:54.358+0000] {processor.py:830} INFO - Processing file /home/airflow/.local/lib/python3.11/site-packages/airflow/example_dags/tutorial.py for tasks to queue
[2024-03-06T14:01:54.360+0000] {logging_mixin.py:188} INFO - [2024-03-06T14:01:54.359+0000] {dagbag.py:540} INFO - Filling up the DagBag from /home/airflow/.local/lib/python3.11/site-packages/airflow/example_dags/tutorial.py
[2024-03-06T14:01:54.379+0000] {processor.py:840} INFO - DAG(s) 'tutorial' retrieved from /home/airflow/.local/lib/python3.11/site-packages/airflow/example_dags/tutorial.py
[2024-03-06T14:01:54.423+0000] {logging_mixin.py:188} INFO - [2024-03-06T14:01:54.423+0000] {dag.py:3047} INFO - Sync 1 DAGs
[2024-03-06T14:01:54.480+0000] {logging_mixin.py:188} INFO - [2024-03-06T14:01:54.480+0000] {dag.py:3834} INFO - Setting next_dagrun for tutorial to 2024-03-05 00:00:00+00:00, run_after=2024-03-06 00:00:00+00:00
[2024-03-06T14:01:54.574+0000] {processor.py:183} INFO - Processing /home/airflow/.local/lib/python3.11/site-packages/airflow/example_dags/tutorial.py took 0.230 seconds
[2024-03-06T14:02:25.466+0000] {processor.py:161} INFO - Started process (PID=8834) to work on /home/airflow/.local/lib/python3.11/site-packages/airflow/example_dags/tutorial.py
[2024-03-06T14:02:25.469+0000] {processor.py:830} INFO - Processing file /home/airflow/.local/lib/python3.11/site-packages/airflow/example_dags/tutorial.py for tasks to queue
[2024-03-06T14:02:25.473+0000] {logging_mixin.py:188} INFO - [2024-03-06T14:02:25.470+0000] {dagbag.py:540} INFO - Filling up the DagBag from /home/airflow/.local/lib/python3.11/site-packages/airflow/example_dags/tutorial.py
[2024-03-06T14:02:25.487+0000] {processor.py:840} INFO - DAG(s) 'tutorial' retrieved from /home/airflow/.local/lib/python3.11/site-packages/airflow/example_dags/tutorial.py
[2024-03-06T14:02:25.516+0000] {logging_mixin.py:188} INFO - [2024-03-06T14:02:25.516+0000] {dag.py:3047} INFO - Sync 1 DAGs
[2024-03-06T14:02:25.548+0000] {logging_mixin.py:188} INFO - [2024-03-06T14:02:25.548+0000] {dag.py:3834} INFO - Setting next_dagrun for tutorial to 2024-03-05 00:00:00+00:00, run_after=2024-03-06 00:00:00+00:00
[2024-03-06T14:02:25.574+0000] {processor.py:183} INFO - Processing /home/airflow/.local/lib/python3.11/site-packages/airflow/example_dags/tutorial.py took 0.113 seconds
[2024-03-06T14:02:55.635+0000] {processor.py:161} INFO - Started process (PID=9081) to work on /home/airflow/.local/lib/python3.11/site-packages/airflow/example_dags/tutorial.py
[2024-03-06T14:02:55.637+0000] {processor.py:830} INFO - Processing file /home/airflow/.local/lib/python3.11/site-packages/airflow/example_dags/tutorial.py for tasks to queue
[2024-03-06T14:02:55.640+0000] {logging_mixin.py:188} INFO - [2024-03-06T14:02:55.639+0000] {dagbag.py:540} INFO - Filling up the DagBag from /home/airflow/.local/lib/python3.11/site-packages/airflow/example_dags/tutorial.py
[2024-03-06T14:02:55.648+0000] {processor.py:840} INFO - DAG(s) 'tutorial' retrieved from /home/airflow/.local/lib/python3.11/site-packages/airflow/example_dags/tutorial.py
[2024-03-06T14:02:55.695+0000] {logging_mixin.py:188} INFO - [2024-03-06T14:02:55.694+0000] {dag.py:3047} INFO - Sync 1 DAGs
[2024-03-06T14:02:55.726+0000] {logging_mixin.py:188} INFO - [2024-03-06T14:02:55.726+0000] {dag.py:3834} INFO - Setting next_dagrun for tutorial to 2024-03-05 00:00:00+00:00, run_after=2024-03-06 00:00:00+00:00
[2024-03-06T14:02:55.760+0000] {processor.py:183} INFO - Processing /home/airflow/.local/lib/python3.11/site-packages/airflow/example_dags/tutorial.py took 0.130 seconds
[2024-03-06T14:03:26.771+0000] {processor.py:161} INFO - Started process (PID=9334) to work on /home/airflow/.local/lib/python3.11/site-packages/airflow/example_dags/tutorial.py
[2024-03-06T14:03:26.773+0000] {processor.py:830} INFO - Processing file /home/airflow/.local/lib/python3.11/site-packages/airflow/example_dags/tutorial.py for tasks to queue
[2024-03-06T14:03:26.774+0000] {logging_mixin.py:188} INFO - [2024-03-06T14:03:26.774+0000] {dagbag.py:540} INFO - Filling up the DagBag from /home/airflow/.local/lib/python3.11/site-packages/airflow/example_dags/tutorial.py
[2024-03-06T14:03:26.781+0000] {processor.py:840} INFO - DAG(s) 'tutorial' retrieved from /home/airflow/.local/lib/python3.11/site-packages/airflow/example_dags/tutorial.py
[2024-03-06T14:03:26.808+0000] {logging_mixin.py:188} INFO - [2024-03-06T14:03:26.808+0000] {dag.py:3047} INFO - Sync 1 DAGs
[2024-03-06T14:03:26.834+0000] {logging_mixin.py:188} INFO - [2024-03-06T14:03:26.834+0000] {dag.py:3834} INFO - Setting next_dagrun for tutorial to 2024-03-05 00:00:00+00:00, run_after=2024-03-06 00:00:00+00:00
[2024-03-06T14:03:26.862+0000] {processor.py:183} INFO - Processing /home/airflow/.local/lib/python3.11/site-packages/airflow/example_dags/tutorial.py took 0.094 seconds
[2024-03-06T14:03:57.310+0000] {processor.py:161} INFO - Started process (PID=9581) to work on /home/airflow/.local/lib/python3.11/site-packages/airflow/example_dags/tutorial.py
[2024-03-06T14:03:57.314+0000] {processor.py:830} INFO - Processing file /home/airflow/.local/lib/python3.11/site-packages/airflow/example_dags/tutorial.py for tasks to queue
[2024-03-06T14:03:57.315+0000] {logging_mixin.py:188} INFO - [2024-03-06T14:03:57.314+0000] {dagbag.py:540} INFO - Filling up the DagBag from /home/airflow/.local/lib/python3.11/site-packages/airflow/example_dags/tutorial.py
[2024-03-06T14:03:57.322+0000] {processor.py:840} INFO - DAG(s) 'tutorial' retrieved from /home/airflow/.local/lib/python3.11/site-packages/airflow/example_dags/tutorial.py
[2024-03-06T14:03:57.341+0000] {logging_mixin.py:188} INFO - [2024-03-06T14:03:57.341+0000] {dag.py:3047} INFO - Sync 1 DAGs
[2024-03-06T14:03:57.362+0000] {logging_mixin.py:188} INFO - [2024-03-06T14:03:57.362+0000] {dag.py:3834} INFO - Setting next_dagrun for tutorial to 2024-03-05 00:00:00+00:00, run_after=2024-03-06 00:00:00+00:00
[2024-03-06T14:03:57.384+0000] {processor.py:183} INFO - Processing /home/airflow/.local/lib/python3.11/site-packages/airflow/example_dags/tutorial.py took 0.076 seconds
[2024-03-06T14:04:27.544+0000] {processor.py:161} INFO - Started process (PID=9828) to work on /home/airflow/.local/lib/python3.11/site-packages/airflow/example_dags/tutorial.py
[2024-03-06T14:04:27.545+0000] {processor.py:830} INFO - Processing file /home/airflow/.local/lib/python3.11/site-packages/airflow/example_dags/tutorial.py for tasks to queue
[2024-03-06T14:04:27.546+0000] {logging_mixin.py:188} INFO - [2024-03-06T14:04:27.546+0000] {dagbag.py:540} INFO - Filling up the DagBag from /home/airflow/.local/lib/python3.11/site-packages/airflow/example_dags/tutorial.py
[2024-03-06T14:04:27.555+0000] {processor.py:840} INFO - DAG(s) 'tutorial' retrieved from /home/airflow/.local/lib/python3.11/site-packages/airflow/example_dags/tutorial.py
[2024-03-06T14:04:27.581+0000] {logging_mixin.py:188} INFO - [2024-03-06T14:04:27.581+0000] {dag.py:3047} INFO - Sync 1 DAGs
[2024-03-06T14:04:27.606+0000] {logging_mixin.py:188} INFO - [2024-03-06T14:04:27.606+0000] {dag.py:3834} INFO - Setting next_dagrun for tutorial to 2024-03-05 00:00:00+00:00, run_after=2024-03-06 00:00:00+00:00
[2024-03-06T14:04:27.629+0000] {processor.py:183} INFO - Processing /home/airflow/.local/lib/python3.11/site-packages/airflow/example_dags/tutorial.py took 0.089 seconds
[2024-03-06T14:04:58.020+0000] {processor.py:161} INFO - Started process (PID=10075) to work on /home/airflow/.local/lib/python3.11/site-packages/airflow/example_dags/tutorial.py
[2024-03-06T14:04:58.022+0000] {processor.py:830} INFO - Processing file /home/airflow/.local/lib/python3.11/site-packages/airflow/example_dags/tutorial.py for tasks to queue
[2024-03-06T14:04:58.025+0000] {logging_mixin.py:188} INFO - [2024-03-06T14:04:58.024+0000] {dagbag.py:540} INFO - Filling up the DagBag from /home/airflow/.local/lib/python3.11/site-packages/airflow/example_dags/tutorial.py
[2024-03-06T14:04:58.037+0000] {processor.py:840} INFO - DAG(s) 'tutorial' retrieved from /home/airflow/.local/lib/python3.11/site-packages/airflow/example_dags/tutorial.py
[2024-03-06T14:04:58.067+0000] {logging_mixin.py:188} INFO - [2024-03-06T14:04:58.067+0000] {dag.py:3047} INFO - Sync 1 DAGs
[2024-03-06T14:04:58.088+0000] {logging_mixin.py:188} INFO - [2024-03-06T14:04:58.088+0000] {dag.py:3834} INFO - Setting next_dagrun for tutorial to 2024-03-05 00:00:00+00:00, run_after=2024-03-06 00:00:00+00:00
[2024-03-06T14:04:58.107+0000] {processor.py:183} INFO - Processing /home/airflow/.local/lib/python3.11/site-packages/airflow/example_dags/tutorial.py took 0.094 seconds
[2024-03-06T14:05:28.235+0000] {processor.py:161} INFO - Started process (PID=10322) to work on /home/airflow/.local/lib/python3.11/site-packages/airflow/example_dags/tutorial.py
[2024-03-06T14:05:28.236+0000] {processor.py:830} INFO - Processing file /home/airflow/.local/lib/python3.11/site-packages/airflow/example_dags/tutorial.py for tasks to queue
[2024-03-06T14:05:28.237+0000] {logging_mixin.py:188} INFO - [2024-03-06T14:05:28.237+0000] {dagbag.py:540} INFO - Filling up the DagBag from /home/airflow/.local/lib/python3.11/site-packages/airflow/example_dags/tutorial.py
[2024-03-06T14:05:28.243+0000] {processor.py:840} INFO - DAG(s) 'tutorial' retrieved from /home/airflow/.local/lib/python3.11/site-packages/airflow/example_dags/tutorial.py
[2024-03-06T14:05:28.263+0000] {logging_mixin.py:188} INFO - [2024-03-06T14:05:28.263+0000] {dag.py:3047} INFO - Sync 1 DAGs
[2024-03-06T14:05:28.283+0000] {logging_mixin.py:188} INFO - [2024-03-06T14:05:28.282+0000] {dag.py:3834} INFO - Setting next_dagrun for tutorial to 2024-03-05 00:00:00+00:00, run_after=2024-03-06 00:00:00+00:00
[2024-03-06T14:05:28.308+0000] {processor.py:183} INFO - Processing /home/airflow/.local/lib/python3.11/site-packages/airflow/example_dags/tutorial.py took 0.076 seconds
[2024-03-06T14:05:58.410+0000] {processor.py:161} INFO - Started process (PID=10569) to work on /home/airflow/.local/lib/python3.11/site-packages/airflow/example_dags/tutorial.py
[2024-03-06T14:05:58.411+0000] {processor.py:830} INFO - Processing file /home/airflow/.local/lib/python3.11/site-packages/airflow/example_dags/tutorial.py for tasks to queue
[2024-03-06T14:05:58.412+0000] {logging_mixin.py:188} INFO - [2024-03-06T14:05:58.411+0000] {dagbag.py:540} INFO - Filling up the DagBag from /home/airflow/.local/lib/python3.11/site-packages/airflow/example_dags/tutorial.py
[2024-03-06T14:05:58.421+0000] {processor.py:840} INFO - DAG(s) 'tutorial' retrieved from /home/airflow/.local/lib/python3.11/site-packages/airflow/example_dags/tutorial.py
[2024-03-06T14:05:58.445+0000] {logging_mixin.py:188} INFO - [2024-03-06T14:05:58.445+0000] {dag.py:3047} INFO - Sync 1 DAGs
[2024-03-06T14:05:58.471+0000] {logging_mixin.py:188} INFO - [2024-03-06T14:05:58.471+0000] {dag.py:3834} INFO - Setting next_dagrun for tutorial to 2024-03-05 00:00:00+00:00, run_after=2024-03-06 00:00:00+00:00
[2024-03-06T14:05:58.503+0000] {processor.py:183} INFO - Processing /home/airflow/.local/lib/python3.11/site-packages/airflow/example_dags/tutorial.py took 0.096 seconds
[2024-03-06T14:06:28.646+0000] {processor.py:161} INFO - Started process (PID=10815) to work on /home/airflow/.local/lib/python3.11/site-packages/airflow/example_dags/tutorial.py
[2024-03-06T14:06:28.648+0000] {processor.py:830} INFO - Processing file /home/airflow/.local/lib/python3.11/site-packages/airflow/example_dags/tutorial.py for tasks to queue
[2024-03-06T14:06:28.649+0000] {logging_mixin.py:188} INFO - [2024-03-06T14:06:28.648+0000] {dagbag.py:540} INFO - Filling up the DagBag from /home/airflow/.local/lib/python3.11/site-packages/airflow/example_dags/tutorial.py
[2024-03-06T14:06:28.656+0000] {processor.py:840} INFO - DAG(s) 'tutorial' retrieved from /home/airflow/.local/lib/python3.11/site-packages/airflow/example_dags/tutorial.py
[2024-03-06T14:06:28.678+0000] {logging_mixin.py:188} INFO - [2024-03-06T14:06:28.677+0000] {dag.py:3047} INFO - Sync 1 DAGs
[2024-03-06T14:06:28.699+0000] {logging_mixin.py:188} INFO - [2024-03-06T14:06:28.699+0000] {dag.py:3834} INFO - Setting next_dagrun for tutorial to 2024-03-05 00:00:00+00:00, run_after=2024-03-06 00:00:00+00:00
[2024-03-06T14:06:28.722+0000] {processor.py:183} INFO - Processing /home/airflow/.local/lib/python3.11/site-packages/airflow/example_dags/tutorial.py took 0.080 seconds
[2024-03-06T14:06:59.106+0000] {processor.py:161} INFO - Started process (PID=11062) to work on /home/airflow/.local/lib/python3.11/site-packages/airflow/example_dags/tutorial.py
[2024-03-06T14:06:59.110+0000] {processor.py:830} INFO - Processing file /home/airflow/.local/lib/python3.11/site-packages/airflow/example_dags/tutorial.py for tasks to queue
[2024-03-06T14:06:59.116+0000] {logging_mixin.py:188} INFO - [2024-03-06T14:06:59.115+0000] {dagbag.py:540} INFO - Filling up the DagBag from /home/airflow/.local/lib/python3.11/site-packages/airflow/example_dags/tutorial.py
[2024-03-06T14:06:59.133+0000] {processor.py:840} INFO - DAG(s) 'tutorial' retrieved from /home/airflow/.local/lib/python3.11/site-packages/airflow/example_dags/tutorial.py
[2024-03-06T14:06:59.183+0000] {logging_mixin.py:188} INFO - [2024-03-06T14:06:59.183+0000] {dag.py:3047} INFO - Sync 1 DAGs
[2024-03-06T14:06:59.215+0000] {logging_mixin.py:188} INFO - [2024-03-06T14:06:59.215+0000] {dag.py:3834} INFO - Setting next_dagrun for tutorial to 2024-03-05 00:00:00+00:00, run_after=2024-03-06 00:00:00+00:00
[2024-03-06T14:06:59.261+0000] {processor.py:183} INFO - Processing /home/airflow/.local/lib/python3.11/site-packages/airflow/example_dags/tutorial.py took 0.160 seconds
[2024-03-06T14:07:29.510+0000] {processor.py:161} INFO - Started process (PID=11309) to work on /home/airflow/.local/lib/python3.11/site-packages/airflow/example_dags/tutorial.py
[2024-03-06T14:07:29.511+0000] {processor.py:830} INFO - Processing file /home/airflow/.local/lib/python3.11/site-packages/airflow/example_dags/tutorial.py for tasks to queue
[2024-03-06T14:07:29.513+0000] {logging_mixin.py:188} INFO - [2024-03-06T14:07:29.512+0000] {dagbag.py:540} INFO - Filling up the DagBag from /home/airflow/.local/lib/python3.11/site-packages/airflow/example_dags/tutorial.py
[2024-03-06T14:07:29.522+0000] {processor.py:840} INFO - DAG(s) 'tutorial' retrieved from /home/airflow/.local/lib/python3.11/site-packages/airflow/example_dags/tutorial.py
[2024-03-06T14:07:29.555+0000] {logging_mixin.py:188} INFO - [2024-03-06T14:07:29.555+0000] {dag.py:3047} INFO - Sync 1 DAGs
[2024-03-06T14:07:29.599+0000] {logging_mixin.py:188} INFO - [2024-03-06T14:07:29.599+0000] {dag.py:3834} INFO - Setting next_dagrun for tutorial to 2024-03-05 00:00:00+00:00, run_after=2024-03-06 00:00:00+00:00
[2024-03-06T14:07:29.621+0000] {processor.py:183} INFO - Processing /home/airflow/.local/lib/python3.11/site-packages/airflow/example_dags/tutorial.py took 0.116 seconds
[2024-03-06T14:08:00.044+0000] {processor.py:161} INFO - Started process (PID=11556) to work on /home/airflow/.local/lib/python3.11/site-packages/airflow/example_dags/tutorial.py
[2024-03-06T14:08:00.045+0000] {processor.py:830} INFO - Processing file /home/airflow/.local/lib/python3.11/site-packages/airflow/example_dags/tutorial.py for tasks to queue
[2024-03-06T14:08:00.047+0000] {logging_mixin.py:188} INFO - [2024-03-06T14:08:00.046+0000] {dagbag.py:540} INFO - Filling up the DagBag from /home/airflow/.local/lib/python3.11/site-packages/airflow/example_dags/tutorial.py
[2024-03-06T14:08:00.054+0000] {processor.py:840} INFO - DAG(s) 'tutorial' retrieved from /home/airflow/.local/lib/python3.11/site-packages/airflow/example_dags/tutorial.py
[2024-03-06T14:08:00.078+0000] {logging_mixin.py:188} INFO - [2024-03-06T14:08:00.078+0000] {dag.py:3047} INFO - Sync 1 DAGs
[2024-03-06T14:08:00.101+0000] {logging_mixin.py:188} INFO - [2024-03-06T14:08:00.101+0000] {dag.py:3834} INFO - Setting next_dagrun for tutorial to 2024-03-05 00:00:00+00:00, run_after=2024-03-06 00:00:00+00:00
[2024-03-06T14:08:00.124+0000] {processor.py:183} INFO - Processing /home/airflow/.local/lib/python3.11/site-packages/airflow/example_dags/tutorial.py took 0.084 seconds
[2024-03-06T14:08:30.253+0000] {processor.py:161} INFO - Started process (PID=11803) to work on /home/airflow/.local/lib/python3.11/site-packages/airflow/example_dags/tutorial.py
[2024-03-06T14:08:30.255+0000] {processor.py:830} INFO - Processing file /home/airflow/.local/lib/python3.11/site-packages/airflow/example_dags/tutorial.py for tasks to queue
[2024-03-06T14:08:30.261+0000] {logging_mixin.py:188} INFO - [2024-03-06T14:08:30.260+0000] {dagbag.py:540} INFO - Filling up the DagBag from /home/airflow/.local/lib/python3.11/site-packages/airflow/example_dags/tutorial.py
[2024-03-06T14:08:30.269+0000] {processor.py:840} INFO - DAG(s) 'tutorial' retrieved from /home/airflow/.local/lib/python3.11/site-packages/airflow/example_dags/tutorial.py
[2024-03-06T14:08:30.297+0000] {logging_mixin.py:188} INFO - [2024-03-06T14:08:30.297+0000] {dag.py:3047} INFO - Sync 1 DAGs
[2024-03-06T14:08:30.333+0000] {logging_mixin.py:188} INFO - [2024-03-06T14:08:30.333+0000] {dag.py:3834} INFO - Setting next_dagrun for tutorial to 2024-03-05 00:00:00+00:00, run_after=2024-03-06 00:00:00+00:00
[2024-03-06T14:08:30.362+0000] {processor.py:183} INFO - Processing /home/airflow/.local/lib/python3.11/site-packages/airflow/example_dags/tutorial.py took 0.113 seconds
[2024-03-06T14:09:00.956+0000] {processor.py:161} INFO - Started process (PID=12049) to work on /home/airflow/.local/lib/python3.11/site-packages/airflow/example_dags/tutorial.py
[2024-03-06T14:09:00.960+0000] {processor.py:830} INFO - Processing file /home/airflow/.local/lib/python3.11/site-packages/airflow/example_dags/tutorial.py for tasks to queue
[2024-03-06T14:09:00.961+0000] {logging_mixin.py:188} INFO - [2024-03-06T14:09:00.961+0000] {dagbag.py:540} INFO - Filling up the DagBag from /home/airflow/.local/lib/python3.11/site-packages/airflow/example_dags/tutorial.py
[2024-03-06T14:09:00.969+0000] {processor.py:840} INFO - DAG(s) 'tutorial' retrieved from /home/airflow/.local/lib/python3.11/site-packages/airflow/example_dags/tutorial.py
[2024-03-06T14:09:00.989+0000] {logging_mixin.py:188} INFO - [2024-03-06T14:09:00.988+0000] {dag.py:3047} INFO - Sync 1 DAGs
[2024-03-06T14:09:01.012+0000] {logging_mixin.py:188} INFO - [2024-03-06T14:09:01.011+0000] {dag.py:3834} INFO - Setting next_dagrun for tutorial to 2024-03-05 00:00:00+00:00, run_after=2024-03-06 00:00:00+00:00
[2024-03-06T14:09:01.035+0000] {processor.py:183} INFO - Processing /home/airflow/.local/lib/python3.11/site-packages/airflow/example_dags/tutorial.py took 0.083 seconds
[2024-03-06T14:09:31.130+0000] {processor.py:161} INFO - Started process (PID=12295) to work on /home/airflow/.local/lib/python3.11/site-packages/airflow/example_dags/tutorial.py
[2024-03-06T14:09:31.132+0000] {processor.py:830} INFO - Processing file /home/airflow/.local/lib/python3.11/site-packages/airflow/example_dags/tutorial.py for tasks to queue
[2024-03-06T14:09:31.133+0000] {logging_mixin.py:188} INFO - [2024-03-06T14:09:31.132+0000] {dagbag.py:540} INFO - Filling up the DagBag from /home/airflow/.local/lib/python3.11/site-packages/airflow/example_dags/tutorial.py
[2024-03-06T14:09:31.142+0000] {processor.py:840} INFO - DAG(s) 'tutorial' retrieved from /home/airflow/.local/lib/python3.11/site-packages/airflow/example_dags/tutorial.py
[2024-03-06T14:09:31.166+0000] {logging_mixin.py:188} INFO - [2024-03-06T14:09:31.165+0000] {dag.py:3047} INFO - Sync 1 DAGs
[2024-03-06T14:09:31.194+0000] {logging_mixin.py:188} INFO - [2024-03-06T14:09:31.194+0000] {dag.py:3834} INFO - Setting next_dagrun for tutorial to 2024-03-05 00:00:00+00:00, run_after=2024-03-06 00:00:00+00:00
[2024-03-06T14:09:31.215+0000] {processor.py:183} INFO - Processing /home/airflow/.local/lib/python3.11/site-packages/airflow/example_dags/tutorial.py took 0.089 seconds
[2024-03-06T14:10:01.904+0000] {processor.py:161} INFO - Started process (PID=12542) to work on /home/airflow/.local/lib/python3.11/site-packages/airflow/example_dags/tutorial.py
[2024-03-06T14:10:01.905+0000] {processor.py:830} INFO - Processing file /home/airflow/.local/lib/python3.11/site-packages/airflow/example_dags/tutorial.py for tasks to queue
[2024-03-06T14:10:01.907+0000] {logging_mixin.py:188} INFO - [2024-03-06T14:10:01.906+0000] {dagbag.py:540} INFO - Filling up the DagBag from /home/airflow/.local/lib/python3.11/site-packages/airflow/example_dags/tutorial.py
[2024-03-06T14:10:01.914+0000] {processor.py:840} INFO - DAG(s) 'tutorial' retrieved from /home/airflow/.local/lib/python3.11/site-packages/airflow/example_dags/tutorial.py
[2024-03-06T14:10:01.935+0000] {logging_mixin.py:188} INFO - [2024-03-06T14:10:01.935+0000] {dag.py:3047} INFO - Sync 1 DAGs
[2024-03-06T14:10:01.961+0000] {logging_mixin.py:188} INFO - [2024-03-06T14:10:01.961+0000] {dag.py:3834} INFO - Setting next_dagrun for tutorial to 2024-03-05 00:00:00+00:00, run_after=2024-03-06 00:00:00+00:00
[2024-03-06T14:10:01.982+0000] {processor.py:183} INFO - Processing /home/airflow/.local/lib/python3.11/site-packages/airflow/example_dags/tutorial.py took 0.081 seconds
[2024-03-06T14:10:32.950+0000] {processor.py:161} INFO - Started process (PID=12789) to work on /home/airflow/.local/lib/python3.11/site-packages/airflow/example_dags/tutorial.py
[2024-03-06T14:10:32.953+0000] {processor.py:830} INFO - Processing file /home/airflow/.local/lib/python3.11/site-packages/airflow/example_dags/tutorial.py for tasks to queue
[2024-03-06T14:10:32.956+0000] {logging_mixin.py:188} INFO - [2024-03-06T14:10:32.955+0000] {dagbag.py:540} INFO - Filling up the DagBag from /home/airflow/.local/lib/python3.11/site-packages/airflow/example_dags/tutorial.py
[2024-03-06T14:10:32.966+0000] {processor.py:840} INFO - DAG(s) 'tutorial' retrieved from /home/airflow/.local/lib/python3.11/site-packages/airflow/example_dags/tutorial.py
[2024-03-06T14:10:33.003+0000] {logging_mixin.py:188} INFO - [2024-03-06T14:10:33.003+0000] {dag.py:3047} INFO - Sync 1 DAGs
[2024-03-06T14:10:33.031+0000] {logging_mixin.py:188} INFO - [2024-03-06T14:10:33.031+0000] {dag.py:3834} INFO - Setting next_dagrun for tutorial to 2024-03-05 00:00:00+00:00, run_after=2024-03-06 00:00:00+00:00
[2024-03-06T14:10:33.059+0000] {processor.py:183} INFO - Processing /home/airflow/.local/lib/python3.11/site-packages/airflow/example_dags/tutorial.py took 0.113 seconds
[2024-03-06T14:11:03.174+0000] {processor.py:161} INFO - Started process (PID=13038) to work on /home/airflow/.local/lib/python3.11/site-packages/airflow/example_dags/tutorial.py
[2024-03-06T14:11:03.175+0000] {processor.py:830} INFO - Processing file /home/airflow/.local/lib/python3.11/site-packages/airflow/example_dags/tutorial.py for tasks to queue
[2024-03-06T14:11:03.176+0000] {logging_mixin.py:188} INFO - [2024-03-06T14:11:03.176+0000] {dagbag.py:540} INFO - Filling up the DagBag from /home/airflow/.local/lib/python3.11/site-packages/airflow/example_dags/tutorial.py
[2024-03-06T14:11:03.189+0000] {processor.py:840} INFO - DAG(s) 'tutorial' retrieved from /home/airflow/.local/lib/python3.11/site-packages/airflow/example_dags/tutorial.py
[2024-03-06T14:11:03.220+0000] {logging_mixin.py:188} INFO - [2024-03-06T14:11:03.220+0000] {dag.py:3047} INFO - Sync 1 DAGs
[2024-03-06T14:11:03.244+0000] {logging_mixin.py:188} INFO - [2024-03-06T14:11:03.244+0000] {dag.py:3834} INFO - Setting next_dagrun for tutorial to 2024-03-05 00:00:00+00:00, run_after=2024-03-06 00:00:00+00:00
[2024-03-06T14:11:03.270+0000] {processor.py:183} INFO - Processing /home/airflow/.local/lib/python3.11/site-packages/airflow/example_dags/tutorial.py took 0.100 seconds
[2024-03-06T14:11:33.788+0000] {processor.py:161} INFO - Started process (PID=13283) to work on /home/airflow/.local/lib/python3.11/site-packages/airflow/example_dags/tutorial.py
[2024-03-06T14:11:33.789+0000] {processor.py:830} INFO - Processing file /home/airflow/.local/lib/python3.11/site-packages/airflow/example_dags/tutorial.py for tasks to queue
[2024-03-06T14:11:33.790+0000] {logging_mixin.py:188} INFO - [2024-03-06T14:11:33.790+0000] {dagbag.py:540} INFO - Filling up the DagBag from /home/airflow/.local/lib/python3.11/site-packages/airflow/example_dags/tutorial.py
[2024-03-06T14:11:33.798+0000] {processor.py:840} INFO - DAG(s) 'tutorial' retrieved from /home/airflow/.local/lib/python3.11/site-packages/airflow/example_dags/tutorial.py
[2024-03-06T14:11:33.819+0000] {logging_mixin.py:188} INFO - [2024-03-06T14:11:33.819+0000] {dag.py:3047} INFO - Sync 1 DAGs
[2024-03-06T14:11:33.843+0000] {logging_mixin.py:188} INFO - [2024-03-06T14:11:33.843+0000] {dag.py:3834} INFO - Setting next_dagrun for tutorial to 2024-03-05 00:00:00+00:00, run_after=2024-03-06 00:00:00+00:00
[2024-03-06T14:11:33.864+0000] {processor.py:183} INFO - Processing /home/airflow/.local/lib/python3.11/site-packages/airflow/example_dags/tutorial.py took 0.080 seconds
[2024-03-06T14:12:04.605+0000] {processor.py:161} INFO - Started process (PID=13530) to work on /home/airflow/.local/lib/python3.11/site-packages/airflow/example_dags/tutorial.py
[2024-03-06T14:12:04.606+0000] {processor.py:830} INFO - Processing file /home/airflow/.local/lib/python3.11/site-packages/airflow/example_dags/tutorial.py for tasks to queue
[2024-03-06T14:12:04.607+0000] {logging_mixin.py:188} INFO - [2024-03-06T14:12:04.607+0000] {dagbag.py:540} INFO - Filling up the DagBag from /home/airflow/.local/lib/python3.11/site-packages/airflow/example_dags/tutorial.py
[2024-03-06T14:12:04.615+0000] {processor.py:840} INFO - DAG(s) 'tutorial' retrieved from /home/airflow/.local/lib/python3.11/site-packages/airflow/example_dags/tutorial.py
[2024-03-06T14:12:04.634+0000] {logging_mixin.py:188} INFO - [2024-03-06T14:12:04.634+0000] {dag.py:3047} INFO - Sync 1 DAGs
[2024-03-06T14:12:04.653+0000] {logging_mixin.py:188} INFO - [2024-03-06T14:12:04.653+0000] {dag.py:3834} INFO - Setting next_dagrun for tutorial to 2024-03-05 00:00:00+00:00, run_after=2024-03-06 00:00:00+00:00
[2024-03-06T14:12:04.671+0000] {processor.py:183} INFO - Processing /home/airflow/.local/lib/python3.11/site-packages/airflow/example_dags/tutorial.py took 0.069 seconds
[2024-03-06T14:12:35.002+0000] {processor.py:161} INFO - Started process (PID=13777) to work on /home/airflow/.local/lib/python3.11/site-packages/airflow/example_dags/tutorial.py
[2024-03-06T14:12:35.003+0000] {processor.py:830} INFO - Processing file /home/airflow/.local/lib/python3.11/site-packages/airflow/example_dags/tutorial.py for tasks to queue
[2024-03-06T14:12:35.004+0000] {logging_mixin.py:188} INFO - [2024-03-06T14:12:35.003+0000] {dagbag.py:540} INFO - Filling up the DagBag from /home/airflow/.local/lib/python3.11/site-packages/airflow/example_dags/tutorial.py
[2024-03-06T14:12:35.010+0000] {processor.py:840} INFO - DAG(s) 'tutorial' retrieved from /home/airflow/.local/lib/python3.11/site-packages/airflow/example_dags/tutorial.py
[2024-03-06T14:12:35.031+0000] {logging_mixin.py:188} INFO - [2024-03-06T14:12:35.030+0000] {dag.py:3047} INFO - Sync 1 DAGs
[2024-03-06T14:12:35.050+0000] {logging_mixin.py:188} INFO - [2024-03-06T14:12:35.050+0000] {dag.py:3834} INFO - Setting next_dagrun for tutorial to 2024-03-05 00:00:00+00:00, run_after=2024-03-06 00:00:00+00:00
[2024-03-06T14:12:35.069+0000] {processor.py:183} INFO - Processing /home/airflow/.local/lib/python3.11/site-packages/airflow/example_dags/tutorial.py took 0.069 seconds
[2024-03-06T14:13:05.877+0000] {processor.py:161} INFO - Started process (PID=14024) to work on /home/airflow/.local/lib/python3.11/site-packages/airflow/example_dags/tutorial.py
[2024-03-06T14:13:05.878+0000] {processor.py:830} INFO - Processing file /home/airflow/.local/lib/python3.11/site-packages/airflow/example_dags/tutorial.py for tasks to queue
[2024-03-06T14:13:05.880+0000] {logging_mixin.py:188} INFO - [2024-03-06T14:13:05.879+0000] {dagbag.py:540} INFO - Filling up the DagBag from /home/airflow/.local/lib/python3.11/site-packages/airflow/example_dags/tutorial.py
[2024-03-06T14:13:05.891+0000] {processor.py:840} INFO - DAG(s) 'tutorial' retrieved from /home/airflow/.local/lib/python3.11/site-packages/airflow/example_dags/tutorial.py
[2024-03-06T14:13:05.913+0000] {logging_mixin.py:188} INFO - [2024-03-06T14:13:05.913+0000] {dag.py:3047} INFO - Sync 1 DAGs
[2024-03-06T14:13:05.936+0000] {logging_mixin.py:188} INFO - [2024-03-06T14:13:05.936+0000] {dag.py:3834} INFO - Setting next_dagrun for tutorial to 2024-03-05 00:00:00+00:00, run_after=2024-03-06 00:00:00+00:00
[2024-03-06T14:13:05.960+0000] {processor.py:183} INFO - Processing /home/airflow/.local/lib/python3.11/site-packages/airflow/example_dags/tutorial.py took 0.087 seconds
[2024-03-06T14:13:36.494+0000] {processor.py:161} INFO - Started process (PID=14271) to work on /home/airflow/.local/lib/python3.11/site-packages/airflow/example_dags/tutorial.py
[2024-03-06T14:13:36.494+0000] {processor.py:830} INFO - Processing file /home/airflow/.local/lib/python3.11/site-packages/airflow/example_dags/tutorial.py for tasks to queue
[2024-03-06T14:13:36.495+0000] {logging_mixin.py:188} INFO - [2024-03-06T14:13:36.495+0000] {dagbag.py:540} INFO - Filling up the DagBag from /home/airflow/.local/lib/python3.11/site-packages/airflow/example_dags/tutorial.py
[2024-03-06T14:13:36.503+0000] {processor.py:840} INFO - DAG(s) 'tutorial' retrieved from /home/airflow/.local/lib/python3.11/site-packages/airflow/example_dags/tutorial.py
[2024-03-06T14:13:36.526+0000] {logging_mixin.py:188} INFO - [2024-03-06T14:13:36.525+0000] {dag.py:3047} INFO - Sync 1 DAGs
[2024-03-06T14:13:36.550+0000] {logging_mixin.py:188} INFO - [2024-03-06T14:13:36.550+0000] {dag.py:3834} INFO - Setting next_dagrun for tutorial to 2024-03-05 00:00:00+00:00, run_after=2024-03-06 00:00:00+00:00
[2024-03-06T14:13:36.569+0000] {processor.py:183} INFO - Processing /home/airflow/.local/lib/python3.11/site-packages/airflow/example_dags/tutorial.py took 0.079 seconds
[2024-03-06T14:14:07.306+0000] {processor.py:161} INFO - Started process (PID=14518) to work on /home/airflow/.local/lib/python3.11/site-packages/airflow/example_dags/tutorial.py
[2024-03-06T14:14:07.307+0000] {processor.py:830} INFO - Processing file /home/airflow/.local/lib/python3.11/site-packages/airflow/example_dags/tutorial.py for tasks to queue
[2024-03-06T14:14:07.309+0000] {logging_mixin.py:188} INFO - [2024-03-06T14:14:07.308+0000] {dagbag.py:540} INFO - Filling up the DagBag from /home/airflow/.local/lib/python3.11/site-packages/airflow/example_dags/tutorial.py
[2024-03-06T14:14:07.316+0000] {processor.py:840} INFO - DAG(s) 'tutorial' retrieved from /home/airflow/.local/lib/python3.11/site-packages/airflow/example_dags/tutorial.py
[2024-03-06T14:14:07.340+0000] {logging_mixin.py:188} INFO - [2024-03-06T14:14:07.339+0000] {dag.py:3047} INFO - Sync 1 DAGs
[2024-03-06T14:14:07.363+0000] {logging_mixin.py:188} INFO - [2024-03-06T14:14:07.362+0000] {dag.py:3834} INFO - Setting next_dagrun for tutorial to 2024-03-05 00:00:00+00:00, run_after=2024-03-06 00:00:00+00:00
[2024-03-06T14:14:07.385+0000] {processor.py:183} INFO - Processing /home/airflow/.local/lib/python3.11/site-packages/airflow/example_dags/tutorial.py took 0.082 seconds
[2024-03-06T14:14:37.549+0000] {processor.py:161} INFO - Started process (PID=14765) to work on /home/airflow/.local/lib/python3.11/site-packages/airflow/example_dags/tutorial.py
[2024-03-06T14:14:37.550+0000] {processor.py:830} INFO - Processing file /home/airflow/.local/lib/python3.11/site-packages/airflow/example_dags/tutorial.py for tasks to queue
[2024-03-06T14:14:37.551+0000] {logging_mixin.py:188} INFO - [2024-03-06T14:14:37.550+0000] {dagbag.py:540} INFO - Filling up the DagBag from /home/airflow/.local/lib/python3.11/site-packages/airflow/example_dags/tutorial.py
[2024-03-06T14:14:37.558+0000] {processor.py:840} INFO - DAG(s) 'tutorial' retrieved from /home/airflow/.local/lib/python3.11/site-packages/airflow/example_dags/tutorial.py
[2024-03-06T14:14:37.579+0000] {logging_mixin.py:188} INFO - [2024-03-06T14:14:37.579+0000] {dag.py:3047} INFO - Sync 1 DAGs
[2024-03-06T14:14:37.602+0000] {logging_mixin.py:188} INFO - [2024-03-06T14:14:37.601+0000] {dag.py:3834} INFO - Setting next_dagrun for tutorial to 2024-03-05 00:00:00+00:00, run_after=2024-03-06 00:00:00+00:00
[2024-03-06T14:14:37.619+0000] {processor.py:183} INFO - Processing /home/airflow/.local/lib/python3.11/site-packages/airflow/example_dags/tutorial.py took 0.074 seconds
[2024-03-06T14:15:07.692+0000] {processor.py:161} INFO - Started process (PID=15012) to work on /home/airflow/.local/lib/python3.11/site-packages/airflow/example_dags/tutorial.py
[2024-03-06T14:15:07.693+0000] {processor.py:830} INFO - Processing file /home/airflow/.local/lib/python3.11/site-packages/airflow/example_dags/tutorial.py for tasks to queue
[2024-03-06T14:15:07.695+0000] {logging_mixin.py:188} INFO - [2024-03-06T14:15:07.694+0000] {dagbag.py:540} INFO - Filling up the DagBag from /home/airflow/.local/lib/python3.11/site-packages/airflow/example_dags/tutorial.py
[2024-03-06T14:15:07.703+0000] {processor.py:840} INFO - DAG(s) 'tutorial' retrieved from /home/airflow/.local/lib/python3.11/site-packages/airflow/example_dags/tutorial.py
[2024-03-06T14:15:07.724+0000] {logging_mixin.py:188} INFO - [2024-03-06T14:15:07.724+0000] {dag.py:3047} INFO - Sync 1 DAGs
[2024-03-06T14:15:07.748+0000] {logging_mixin.py:188} INFO - [2024-03-06T14:15:07.748+0000] {dag.py:3834} INFO - Setting next_dagrun for tutorial to 2024-03-05 00:00:00+00:00, run_after=2024-03-06 00:00:00+00:00
[2024-03-06T14:15:07.769+0000] {processor.py:183} INFO - Processing /home/airflow/.local/lib/python3.11/site-packages/airflow/example_dags/tutorial.py took 0.080 seconds
[2024-03-06T14:15:37.855+0000] {processor.py:161} INFO - Started process (PID=15259) to work on /home/airflow/.local/lib/python3.11/site-packages/airflow/example_dags/tutorial.py
[2024-03-06T14:15:37.857+0000] {processor.py:830} INFO - Processing file /home/airflow/.local/lib/python3.11/site-packages/airflow/example_dags/tutorial.py for tasks to queue
[2024-03-06T14:15:37.859+0000] {logging_mixin.py:188} INFO - [2024-03-06T14:15:37.858+0000] {dagbag.py:540} INFO - Filling up the DagBag from /home/airflow/.local/lib/python3.11/site-packages/airflow/example_dags/tutorial.py
[2024-03-06T14:15:37.866+0000] {processor.py:840} INFO - DAG(s) 'tutorial' retrieved from /home/airflow/.local/lib/python3.11/site-packages/airflow/example_dags/tutorial.py
[2024-03-06T14:15:37.890+0000] {logging_mixin.py:188} INFO - [2024-03-06T14:15:37.890+0000] {dag.py:3047} INFO - Sync 1 DAGs
[2024-03-06T14:15:37.914+0000] {logging_mixin.py:188} INFO - [2024-03-06T14:15:37.913+0000] {dag.py:3834} INFO - Setting next_dagrun for tutorial to 2024-03-05 00:00:00+00:00, run_after=2024-03-06 00:00:00+00:00
[2024-03-06T14:15:37.933+0000] {processor.py:183} INFO - Processing /home/airflow/.local/lib/python3.11/site-packages/airflow/example_dags/tutorial.py took 0.082 seconds
[2024-03-06T14:16:08.146+0000] {processor.py:161} INFO - Started process (PID=15508) to work on /home/airflow/.local/lib/python3.11/site-packages/airflow/example_dags/tutorial.py
[2024-03-06T14:16:08.147+0000] {processor.py:830} INFO - Processing file /home/airflow/.local/lib/python3.11/site-packages/airflow/example_dags/tutorial.py for tasks to queue
[2024-03-06T14:16:08.151+0000] {logging_mixin.py:188} INFO - [2024-03-06T14:16:08.150+0000] {dagbag.py:540} INFO - Filling up the DagBag from /home/airflow/.local/lib/python3.11/site-packages/airflow/example_dags/tutorial.py
[2024-03-06T14:16:08.162+0000] {processor.py:840} INFO - DAG(s) 'tutorial' retrieved from /home/airflow/.local/lib/python3.11/site-packages/airflow/example_dags/tutorial.py
[2024-03-06T14:16:08.188+0000] {logging_mixin.py:188} INFO - [2024-03-06T14:16:08.187+0000] {dag.py:3047} INFO - Sync 1 DAGs
[2024-03-06T14:16:08.215+0000] {logging_mixin.py:188} INFO - [2024-03-06T14:16:08.215+0000] {dag.py:3834} INFO - Setting next_dagrun for tutorial to 2024-03-05 00:00:00+00:00, run_after=2024-03-06 00:00:00+00:00
[2024-03-06T14:16:08.239+0000] {processor.py:183} INFO - Processing /home/airflow/.local/lib/python3.11/site-packages/airflow/example_dags/tutorial.py took 0.097 seconds
[2024-03-06T14:16:38.794+0000] {processor.py:161} INFO - Started process (PID=15753) to work on /home/airflow/.local/lib/python3.11/site-packages/airflow/example_dags/tutorial.py
[2024-03-06T14:16:38.795+0000] {processor.py:830} INFO - Processing file /home/airflow/.local/lib/python3.11/site-packages/airflow/example_dags/tutorial.py for tasks to queue
[2024-03-06T14:16:38.796+0000] {logging_mixin.py:188} INFO - [2024-03-06T14:16:38.796+0000] {dagbag.py:540} INFO - Filling up the DagBag from /home/airflow/.local/lib/python3.11/site-packages/airflow/example_dags/tutorial.py
[2024-03-06T14:16:38.814+0000] {processor.py:840} INFO - DAG(s) 'tutorial' retrieved from /home/airflow/.local/lib/python3.11/site-packages/airflow/example_dags/tutorial.py
[2024-03-06T14:16:38.837+0000] {logging_mixin.py:188} INFO - [2024-03-06T14:16:38.836+0000] {dag.py:3047} INFO - Sync 1 DAGs
[2024-03-06T14:16:38.859+0000] {logging_mixin.py:188} INFO - [2024-03-06T14:16:38.859+0000] {dag.py:3834} INFO - Setting next_dagrun for tutorial to 2024-03-05 00:00:00+00:00, run_after=2024-03-06 00:00:00+00:00
[2024-03-06T14:16:38.878+0000] {processor.py:183} INFO - Processing /home/airflow/.local/lib/python3.11/site-packages/airflow/example_dags/tutorial.py took 0.088 seconds
[2024-03-06T14:17:10.311+0000] {processor.py:161} INFO - Started process (PID=15999) to work on /home/airflow/.local/lib/python3.11/site-packages/airflow/example_dags/tutorial.py
[2024-03-06T14:17:10.316+0000] {processor.py:830} INFO - Processing file /home/airflow/.local/lib/python3.11/site-packages/airflow/example_dags/tutorial.py for tasks to queue
[2024-03-06T14:17:10.319+0000] {logging_mixin.py:188} INFO - [2024-03-06T14:17:10.318+0000] {dagbag.py:540} INFO - Filling up the DagBag from /home/airflow/.local/lib/python3.11/site-packages/airflow/example_dags/tutorial.py
[2024-03-06T14:17:10.341+0000] {processor.py:840} INFO - DAG(s) 'tutorial' retrieved from /home/airflow/.local/lib/python3.11/site-packages/airflow/example_dags/tutorial.py
[2024-03-06T14:17:10.409+0000] {logging_mixin.py:188} INFO - [2024-03-06T14:17:10.408+0000] {dag.py:3047} INFO - Sync 1 DAGs
[2024-03-06T14:17:10.447+0000] {logging_mixin.py:188} INFO - [2024-03-06T14:17:10.447+0000] {dag.py:3834} INFO - Setting next_dagrun for tutorial to 2024-03-05 00:00:00+00:00, run_after=2024-03-06 00:00:00+00:00
[2024-03-06T14:17:10.481+0000] {processor.py:183} INFO - Processing /home/airflow/.local/lib/python3.11/site-packages/airflow/example_dags/tutorial.py took 0.179 seconds
[2024-03-06T14:17:41.375+0000] {processor.py:161} INFO - Started process (PID=16246) to work on /home/airflow/.local/lib/python3.11/site-packages/airflow/example_dags/tutorial.py
[2024-03-06T14:17:41.381+0000] {processor.py:830} INFO - Processing file /home/airflow/.local/lib/python3.11/site-packages/airflow/example_dags/tutorial.py for tasks to queue
[2024-03-06T14:17:41.385+0000] {logging_mixin.py:188} INFO - [2024-03-06T14:17:41.384+0000] {dagbag.py:540} INFO - Filling up the DagBag from /home/airflow/.local/lib/python3.11/site-packages/airflow/example_dags/tutorial.py
[2024-03-06T14:17:41.408+0000] {processor.py:840} INFO - DAG(s) 'tutorial' retrieved from /home/airflow/.local/lib/python3.11/site-packages/airflow/example_dags/tutorial.py
[2024-03-06T14:17:41.485+0000] {logging_mixin.py:188} INFO - [2024-03-06T14:17:41.485+0000] {dag.py:3047} INFO - Sync 1 DAGs
[2024-03-06T14:17:41.536+0000] {logging_mixin.py:188} INFO - [2024-03-06T14:17:41.536+0000] {dag.py:3834} INFO - Setting next_dagrun for tutorial to 2024-03-05 00:00:00+00:00, run_after=2024-03-06 00:00:00+00:00
[2024-03-06T14:17:41.610+0000] {processor.py:183} INFO - Processing /home/airflow/.local/lib/python3.11/site-packages/airflow/example_dags/tutorial.py took 0.245 seconds
[2024-03-06T14:18:12.127+0000] {processor.py:161} INFO - Started process (PID=16494) to work on /home/airflow/.local/lib/python3.11/site-packages/airflow/example_dags/tutorial.py
[2024-03-06T14:18:12.129+0000] {processor.py:830} INFO - Processing file /home/airflow/.local/lib/python3.11/site-packages/airflow/example_dags/tutorial.py for tasks to queue
[2024-03-06T14:18:12.130+0000] {logging_mixin.py:188} INFO - [2024-03-06T14:18:12.130+0000] {dagbag.py:540} INFO - Filling up the DagBag from /home/airflow/.local/lib/python3.11/site-packages/airflow/example_dags/tutorial.py
[2024-03-06T14:18:12.142+0000] {processor.py:840} INFO - DAG(s) 'tutorial' retrieved from /home/airflow/.local/lib/python3.11/site-packages/airflow/example_dags/tutorial.py
[2024-03-06T14:18:12.206+0000] {logging_mixin.py:188} INFO - [2024-03-06T14:18:12.203+0000] {dag.py:3047} INFO - Sync 1 DAGs
[2024-03-06T14:18:12.265+0000] {logging_mixin.py:188} INFO - [2024-03-06T14:18:12.265+0000] {dag.py:3834} INFO - Setting next_dagrun for tutorial to 2024-03-05 00:00:00+00:00, run_after=2024-03-06 00:00:00+00:00
[2024-03-06T14:18:12.347+0000] {processor.py:183} INFO - Processing /home/airflow/.local/lib/python3.11/site-packages/airflow/example_dags/tutorial.py took 0.225 seconds
[2024-03-06T14:18:42.888+0000] {processor.py:161} INFO - Started process (PID=16742) to work on /home/airflow/.local/lib/python3.11/site-packages/airflow/example_dags/tutorial.py
[2024-03-06T14:18:42.895+0000] {processor.py:830} INFO - Processing file /home/airflow/.local/lib/python3.11/site-packages/airflow/example_dags/tutorial.py for tasks to queue
[2024-03-06T14:18:42.899+0000] {logging_mixin.py:188} INFO - [2024-03-06T14:18:42.898+0000] {dagbag.py:540} INFO - Filling up the DagBag from /home/airflow/.local/lib/python3.11/site-packages/airflow/example_dags/tutorial.py
[2024-03-06T14:18:42.915+0000] {processor.py:840} INFO - DAG(s) 'tutorial' retrieved from /home/airflow/.local/lib/python3.11/site-packages/airflow/example_dags/tutorial.py
[2024-03-06T14:18:42.961+0000] {logging_mixin.py:188} INFO - [2024-03-06T14:18:42.958+0000] {dag.py:3047} INFO - Sync 1 DAGs
[2024-03-06T14:18:43.056+0000] {logging_mixin.py:188} INFO - [2024-03-06T14:18:43.055+0000] {dag.py:3834} INFO - Setting next_dagrun for tutorial to 2024-03-05 00:00:00+00:00, run_after=2024-03-06 00:00:00+00:00
[2024-03-06T14:18:43.165+0000] {processor.py:183} INFO - Processing /home/airflow/.local/lib/python3.11/site-packages/airflow/example_dags/tutorial.py took 0.284 seconds
[2024-03-06T14:19:13.317+0000] {processor.py:161} INFO - Started process (PID=16987) to work on /home/airflow/.local/lib/python3.11/site-packages/airflow/example_dags/tutorial.py
[2024-03-06T14:19:13.320+0000] {processor.py:830} INFO - Processing file /home/airflow/.local/lib/python3.11/site-packages/airflow/example_dags/tutorial.py for tasks to queue
[2024-03-06T14:19:13.323+0000] {logging_mixin.py:188} INFO - [2024-03-06T14:19:13.322+0000] {dagbag.py:540} INFO - Filling up the DagBag from /home/airflow/.local/lib/python3.11/site-packages/airflow/example_dags/tutorial.py
[2024-03-06T14:19:13.343+0000] {processor.py:840} INFO - DAG(s) 'tutorial' retrieved from /home/airflow/.local/lib/python3.11/site-packages/airflow/example_dags/tutorial.py
[2024-03-06T14:19:13.409+0000] {logging_mixin.py:188} INFO - [2024-03-06T14:19:13.408+0000] {dag.py:3047} INFO - Sync 1 DAGs
[2024-03-06T14:19:13.462+0000] {logging_mixin.py:188} INFO - [2024-03-06T14:19:13.462+0000] {dag.py:3834} INFO - Setting next_dagrun for tutorial to 2024-03-05 00:00:00+00:00, run_after=2024-03-06 00:00:00+00:00
[2024-03-06T14:19:13.547+0000] {processor.py:183} INFO - Processing /home/airflow/.local/lib/python3.11/site-packages/airflow/example_dags/tutorial.py took 0.247 seconds
