[2024-03-06T13:44:34.845+0000] {processor.py:161} INFO - Started process (PID=164) to work on /home/airflow/.local/lib/python3.11/site-packages/airflow/example_dags/tutorial_taskflow_api.py
[2024-03-06T13:44:34.850+0000] {processor.py:830} INFO - Processing file /home/airflow/.local/lib/python3.11/site-packages/airflow/example_dags/tutorial_taskflow_api.py for tasks to queue
[2024-03-06T13:44:34.853+0000] {logging_mixin.py:188} INFO - [2024-03-06T13:44:34.852+0000] {dagbag.py:540} INFO - Filling up the DagBag from /home/airflow/.local/lib/python3.11/site-packages/airflow/example_dags/tutorial_taskflow_api.py
[2024-03-06T13:44:34.881+0000] {processor.py:840} INFO - DAG(s) 'tutorial_taskflow_api' retrieved from /home/airflow/.local/lib/python3.11/site-packages/airflow/example_dags/tutorial_taskflow_api.py
[2024-03-06T13:44:34.956+0000] {logging_mixin.py:188} INFO - [2024-03-06T13:44:34.955+0000] {dag.py:3047} INFO - Sync 1 DAGs
[2024-03-06T13:44:34.987+0000] {logging_mixin.py:188} INFO - [2024-03-06T13:44:34.987+0000] {dag.py:3834} INFO - Setting next_dagrun for tutorial_taskflow_api to None, run_after=None
[2024-03-06T13:44:35.018+0000] {processor.py:183} INFO - Processing /home/airflow/.local/lib/python3.11/site-packages/airflow/example_dags/tutorial_taskflow_api.py took 0.177 seconds
[2024-03-06T13:45:05.302+0000] {processor.py:161} INFO - Started process (PID=410) to work on /home/airflow/.local/lib/python3.11/site-packages/airflow/example_dags/tutorial_taskflow_api.py
[2024-03-06T13:45:05.304+0000] {processor.py:830} INFO - Processing file /home/airflow/.local/lib/python3.11/site-packages/airflow/example_dags/tutorial_taskflow_api.py for tasks to queue
[2024-03-06T13:45:05.306+0000] {logging_mixin.py:188} INFO - [2024-03-06T13:45:05.305+0000] {dagbag.py:540} INFO - Filling up the DagBag from /home/airflow/.local/lib/python3.11/site-packages/airflow/example_dags/tutorial_taskflow_api.py
[2024-03-06T13:45:05.312+0000] {processor.py:840} INFO - DAG(s) 'tutorial_taskflow_api' retrieved from /home/airflow/.local/lib/python3.11/site-packages/airflow/example_dags/tutorial_taskflow_api.py
[2024-03-06T13:45:05.332+0000] {logging_mixin.py:188} INFO - [2024-03-06T13:45:05.332+0000] {dag.py:3047} INFO - Sync 1 DAGs
[2024-03-06T13:45:05.343+0000] {logging_mixin.py:188} INFO - [2024-03-06T13:45:05.343+0000] {dag.py:3834} INFO - Setting next_dagrun for tutorial_taskflow_api to None, run_after=None
[2024-03-06T13:45:05.363+0000] {processor.py:183} INFO - Processing /home/airflow/.local/lib/python3.11/site-packages/airflow/example_dags/tutorial_taskflow_api.py took 0.063 seconds
[2024-03-06T13:45:35.575+0000] {processor.py:161} INFO - Started process (PID=656) to work on /home/airflow/.local/lib/python3.11/site-packages/airflow/example_dags/tutorial_taskflow_api.py
[2024-03-06T13:45:35.576+0000] {processor.py:830} INFO - Processing file /home/airflow/.local/lib/python3.11/site-packages/airflow/example_dags/tutorial_taskflow_api.py for tasks to queue
[2024-03-06T13:45:35.577+0000] {logging_mixin.py:188} INFO - [2024-03-06T13:45:35.577+0000] {dagbag.py:540} INFO - Filling up the DagBag from /home/airflow/.local/lib/python3.11/site-packages/airflow/example_dags/tutorial_taskflow_api.py
[2024-03-06T13:45:35.586+0000] {processor.py:840} INFO - DAG(s) 'tutorial_taskflow_api' retrieved from /home/airflow/.local/lib/python3.11/site-packages/airflow/example_dags/tutorial_taskflow_api.py
[2024-03-06T13:45:35.607+0000] {logging_mixin.py:188} INFO - [2024-03-06T13:45:35.606+0000] {dag.py:3047} INFO - Sync 1 DAGs
[2024-03-06T13:45:35.618+0000] {logging_mixin.py:188} INFO - [2024-03-06T13:45:35.618+0000] {dag.py:3834} INFO - Setting next_dagrun for tutorial_taskflow_api to None, run_after=None
[2024-03-06T13:45:35.637+0000] {processor.py:183} INFO - Processing /home/airflow/.local/lib/python3.11/site-packages/airflow/example_dags/tutorial_taskflow_api.py took 0.066 seconds
[2024-03-06T13:46:05.931+0000] {processor.py:161} INFO - Started process (PID=903) to work on /home/airflow/.local/lib/python3.11/site-packages/airflow/example_dags/tutorial_taskflow_api.py
[2024-03-06T13:46:05.934+0000] {processor.py:830} INFO - Processing file /home/airflow/.local/lib/python3.11/site-packages/airflow/example_dags/tutorial_taskflow_api.py for tasks to queue
[2024-03-06T13:46:05.935+0000] {logging_mixin.py:188} INFO - [2024-03-06T13:46:05.935+0000] {dagbag.py:540} INFO - Filling up the DagBag from /home/airflow/.local/lib/python3.11/site-packages/airflow/example_dags/tutorial_taskflow_api.py
[2024-03-06T13:46:05.943+0000] {processor.py:840} INFO - DAG(s) 'tutorial_taskflow_api' retrieved from /home/airflow/.local/lib/python3.11/site-packages/airflow/example_dags/tutorial_taskflow_api.py
[2024-03-06T13:46:05.967+0000] {logging_mixin.py:188} INFO - [2024-03-06T13:46:05.967+0000] {dag.py:3047} INFO - Sync 1 DAGs
[2024-03-06T13:46:05.980+0000] {logging_mixin.py:188} INFO - [2024-03-06T13:46:05.980+0000] {dag.py:3834} INFO - Setting next_dagrun for tutorial_taskflow_api to None, run_after=None
[2024-03-06T13:46:06.006+0000] {processor.py:183} INFO - Processing /home/airflow/.local/lib/python3.11/site-packages/airflow/example_dags/tutorial_taskflow_api.py took 0.078 seconds
[2024-03-06T13:46:36.072+0000] {processor.py:161} INFO - Started process (PID=1150) to work on /home/airflow/.local/lib/python3.11/site-packages/airflow/example_dags/tutorial_taskflow_api.py
[2024-03-06T13:46:36.073+0000] {processor.py:830} INFO - Processing file /home/airflow/.local/lib/python3.11/site-packages/airflow/example_dags/tutorial_taskflow_api.py for tasks to queue
[2024-03-06T13:46:36.075+0000] {logging_mixin.py:188} INFO - [2024-03-06T13:46:36.074+0000] {dagbag.py:540} INFO - Filling up the DagBag from /home/airflow/.local/lib/python3.11/site-packages/airflow/example_dags/tutorial_taskflow_api.py
[2024-03-06T13:46:36.082+0000] {processor.py:840} INFO - DAG(s) 'tutorial_taskflow_api' retrieved from /home/airflow/.local/lib/python3.11/site-packages/airflow/example_dags/tutorial_taskflow_api.py
[2024-03-06T13:46:36.103+0000] {logging_mixin.py:188} INFO - [2024-03-06T13:46:36.102+0000] {dag.py:3047} INFO - Sync 1 DAGs
[2024-03-06T13:46:36.116+0000] {logging_mixin.py:188} INFO - [2024-03-06T13:46:36.116+0000] {dag.py:3834} INFO - Setting next_dagrun for tutorial_taskflow_api to None, run_after=None
[2024-03-06T13:46:36.133+0000] {processor.py:183} INFO - Processing /home/airflow/.local/lib/python3.11/site-packages/airflow/example_dags/tutorial_taskflow_api.py took 0.064 seconds
[2024-03-06T13:47:06.468+0000] {processor.py:161} INFO - Started process (PID=1397) to work on /home/airflow/.local/lib/python3.11/site-packages/airflow/example_dags/tutorial_taskflow_api.py
[2024-03-06T13:47:06.486+0000] {processor.py:830} INFO - Processing file /home/airflow/.local/lib/python3.11/site-packages/airflow/example_dags/tutorial_taskflow_api.py for tasks to queue
[2024-03-06T13:47:06.493+0000] {logging_mixin.py:188} INFO - [2024-03-06T13:47:06.492+0000] {dagbag.py:540} INFO - Filling up the DagBag from /home/airflow/.local/lib/python3.11/site-packages/airflow/example_dags/tutorial_taskflow_api.py
[2024-03-06T13:47:06.534+0000] {processor.py:840} INFO - DAG(s) 'tutorial_taskflow_api' retrieved from /home/airflow/.local/lib/python3.11/site-packages/airflow/example_dags/tutorial_taskflow_api.py
[2024-03-06T13:47:06.577+0000] {logging_mixin.py:188} INFO - [2024-03-06T13:47:06.570+0000] {dag.py:3047} INFO - Sync 1 DAGs
[2024-03-06T13:47:06.599+0000] {logging_mixin.py:188} INFO - [2024-03-06T13:47:06.598+0000] {dag.py:3834} INFO - Setting next_dagrun for tutorial_taskflow_api to None, run_after=None
[2024-03-06T13:47:06.626+0000] {processor.py:183} INFO - Processing /home/airflow/.local/lib/python3.11/site-packages/airflow/example_dags/tutorial_taskflow_api.py took 0.176 seconds
[2024-03-06T13:47:37.611+0000] {processor.py:161} INFO - Started process (PID=1643) to work on /home/airflow/.local/lib/python3.11/site-packages/airflow/example_dags/tutorial_taskflow_api.py
[2024-03-06T13:47:37.614+0000] {processor.py:830} INFO - Processing file /home/airflow/.local/lib/python3.11/site-packages/airflow/example_dags/tutorial_taskflow_api.py for tasks to queue
[2024-03-06T13:47:37.616+0000] {logging_mixin.py:188} INFO - [2024-03-06T13:47:37.615+0000] {dagbag.py:540} INFO - Filling up the DagBag from /home/airflow/.local/lib/python3.11/site-packages/airflow/example_dags/tutorial_taskflow_api.py
[2024-03-06T13:47:37.645+0000] {processor.py:840} INFO - DAG(s) 'tutorial_taskflow_api' retrieved from /home/airflow/.local/lib/python3.11/site-packages/airflow/example_dags/tutorial_taskflow_api.py
[2024-03-06T13:47:37.782+0000] {logging_mixin.py:188} INFO - [2024-03-06T13:47:37.781+0000] {dag.py:3047} INFO - Sync 1 DAGs
[2024-03-06T13:47:37.815+0000] {logging_mixin.py:188} INFO - [2024-03-06T13:47:37.815+0000] {dag.py:3834} INFO - Setting next_dagrun for tutorial_taskflow_api to None, run_after=None
[2024-03-06T13:47:38.001+0000] {processor.py:183} INFO - Processing /home/airflow/.local/lib/python3.11/site-packages/airflow/example_dags/tutorial_taskflow_api.py took 0.405 seconds
[2024-03-06T13:48:08.423+0000] {processor.py:161} INFO - Started process (PID=1891) to work on /home/airflow/.local/lib/python3.11/site-packages/airflow/example_dags/tutorial_taskflow_api.py
[2024-03-06T13:48:08.426+0000] {processor.py:830} INFO - Processing file /home/airflow/.local/lib/python3.11/site-packages/airflow/example_dags/tutorial_taskflow_api.py for tasks to queue
[2024-03-06T13:48:08.427+0000] {logging_mixin.py:188} INFO - [2024-03-06T13:48:08.426+0000] {dagbag.py:540} INFO - Filling up the DagBag from /home/airflow/.local/lib/python3.11/site-packages/airflow/example_dags/tutorial_taskflow_api.py
[2024-03-06T13:48:08.435+0000] {processor.py:840} INFO - DAG(s) 'tutorial_taskflow_api' retrieved from /home/airflow/.local/lib/python3.11/site-packages/airflow/example_dags/tutorial_taskflow_api.py
[2024-03-06T13:48:08.458+0000] {logging_mixin.py:188} INFO - [2024-03-06T13:48:08.458+0000] {dag.py:3047} INFO - Sync 1 DAGs
[2024-03-06T13:48:08.470+0000] {logging_mixin.py:188} INFO - [2024-03-06T13:48:08.470+0000] {dag.py:3834} INFO - Setting next_dagrun for tutorial_taskflow_api to None, run_after=None
[2024-03-06T13:48:08.489+0000] {processor.py:183} INFO - Processing /home/airflow/.local/lib/python3.11/site-packages/airflow/example_dags/tutorial_taskflow_api.py took 0.069 seconds
[2024-03-06T13:48:38.836+0000] {processor.py:161} INFO - Started process (PID=2137) to work on /home/airflow/.local/lib/python3.11/site-packages/airflow/example_dags/tutorial_taskflow_api.py
[2024-03-06T13:48:38.840+0000] {processor.py:830} INFO - Processing file /home/airflow/.local/lib/python3.11/site-packages/airflow/example_dags/tutorial_taskflow_api.py for tasks to queue
[2024-03-06T13:48:38.842+0000] {logging_mixin.py:188} INFO - [2024-03-06T13:48:38.842+0000] {dagbag.py:540} INFO - Filling up the DagBag from /home/airflow/.local/lib/python3.11/site-packages/airflow/example_dags/tutorial_taskflow_api.py
[2024-03-06T13:48:38.856+0000] {processor.py:840} INFO - DAG(s) 'tutorial_taskflow_api' retrieved from /home/airflow/.local/lib/python3.11/site-packages/airflow/example_dags/tutorial_taskflow_api.py
[2024-03-06T13:48:38.896+0000] {logging_mixin.py:188} INFO - [2024-03-06T13:48:38.896+0000] {dag.py:3047} INFO - Sync 1 DAGs
[2024-03-06T13:48:38.916+0000] {logging_mixin.py:188} INFO - [2024-03-06T13:48:38.916+0000] {dag.py:3834} INFO - Setting next_dagrun for tutorial_taskflow_api to None, run_after=None
[2024-03-06T13:48:38.949+0000] {processor.py:183} INFO - Processing /home/airflow/.local/lib/python3.11/site-packages/airflow/example_dags/tutorial_taskflow_api.py took 0.118 seconds
[2024-03-06T13:49:09.169+0000] {processor.py:161} INFO - Started process (PID=2384) to work on /home/airflow/.local/lib/python3.11/site-packages/airflow/example_dags/tutorial_taskflow_api.py
[2024-03-06T13:49:09.170+0000] {processor.py:830} INFO - Processing file /home/airflow/.local/lib/python3.11/site-packages/airflow/example_dags/tutorial_taskflow_api.py for tasks to queue
[2024-03-06T13:49:09.171+0000] {logging_mixin.py:188} INFO - [2024-03-06T13:49:09.171+0000] {dagbag.py:540} INFO - Filling up the DagBag from /home/airflow/.local/lib/python3.11/site-packages/airflow/example_dags/tutorial_taskflow_api.py
[2024-03-06T13:49:09.181+0000] {processor.py:840} INFO - DAG(s) 'tutorial_taskflow_api' retrieved from /home/airflow/.local/lib/python3.11/site-packages/airflow/example_dags/tutorial_taskflow_api.py
[2024-03-06T13:49:09.204+0000] {logging_mixin.py:188} INFO - [2024-03-06T13:49:09.203+0000] {dag.py:3047} INFO - Sync 1 DAGs
[2024-03-06T13:49:09.217+0000] {logging_mixin.py:188} INFO - [2024-03-06T13:49:09.217+0000] {dag.py:3834} INFO - Setting next_dagrun for tutorial_taskflow_api to None, run_after=None
[2024-03-06T13:49:09.236+0000] {processor.py:183} INFO - Processing /home/airflow/.local/lib/python3.11/site-packages/airflow/example_dags/tutorial_taskflow_api.py took 0.071 seconds
[2024-03-06T13:49:39.488+0000] {processor.py:161} INFO - Started process (PID=2631) to work on /home/airflow/.local/lib/python3.11/site-packages/airflow/example_dags/tutorial_taskflow_api.py
[2024-03-06T13:49:39.490+0000] {processor.py:830} INFO - Processing file /home/airflow/.local/lib/python3.11/site-packages/airflow/example_dags/tutorial_taskflow_api.py for tasks to queue
[2024-03-06T13:49:39.491+0000] {logging_mixin.py:188} INFO - [2024-03-06T13:49:39.491+0000] {dagbag.py:540} INFO - Filling up the DagBag from /home/airflow/.local/lib/python3.11/site-packages/airflow/example_dags/tutorial_taskflow_api.py
[2024-03-06T13:49:39.500+0000] {processor.py:840} INFO - DAG(s) 'tutorial_taskflow_api' retrieved from /home/airflow/.local/lib/python3.11/site-packages/airflow/example_dags/tutorial_taskflow_api.py
[2024-03-06T13:49:39.523+0000] {logging_mixin.py:188} INFO - [2024-03-06T13:49:39.522+0000] {dag.py:3047} INFO - Sync 1 DAGs
[2024-03-06T13:49:39.535+0000] {logging_mixin.py:188} INFO - [2024-03-06T13:49:39.535+0000] {dag.py:3834} INFO - Setting next_dagrun for tutorial_taskflow_api to None, run_after=None
[2024-03-06T13:49:39.561+0000] {processor.py:183} INFO - Processing /home/airflow/.local/lib/python3.11/site-packages/airflow/example_dags/tutorial_taskflow_api.py took 0.076 seconds
[2024-03-06T13:50:10.364+0000] {processor.py:161} INFO - Started process (PID=2878) to work on /home/airflow/.local/lib/python3.11/site-packages/airflow/example_dags/tutorial_taskflow_api.py
[2024-03-06T13:50:10.366+0000] {processor.py:830} INFO - Processing file /home/airflow/.local/lib/python3.11/site-packages/airflow/example_dags/tutorial_taskflow_api.py for tasks to queue
[2024-03-06T13:50:10.367+0000] {logging_mixin.py:188} INFO - [2024-03-06T13:50:10.367+0000] {dagbag.py:540} INFO - Filling up the DagBag from /home/airflow/.local/lib/python3.11/site-packages/airflow/example_dags/tutorial_taskflow_api.py
[2024-03-06T13:50:10.378+0000] {processor.py:840} INFO - DAG(s) 'tutorial_taskflow_api' retrieved from /home/airflow/.local/lib/python3.11/site-packages/airflow/example_dags/tutorial_taskflow_api.py
[2024-03-06T13:50:10.399+0000] {logging_mixin.py:188} INFO - [2024-03-06T13:50:10.399+0000] {dag.py:3047} INFO - Sync 1 DAGs
[2024-03-06T13:50:10.415+0000] {logging_mixin.py:188} INFO - [2024-03-06T13:50:10.415+0000] {dag.py:3834} INFO - Setting next_dagrun for tutorial_taskflow_api to None, run_after=None
[2024-03-06T13:50:10.433+0000] {processor.py:183} INFO - Processing /home/airflow/.local/lib/python3.11/site-packages/airflow/example_dags/tutorial_taskflow_api.py took 0.073 seconds
[2024-03-06T13:50:41.115+0000] {processor.py:161} INFO - Started process (PID=3125) to work on /home/airflow/.local/lib/python3.11/site-packages/airflow/example_dags/tutorial_taskflow_api.py
[2024-03-06T13:50:41.116+0000] {processor.py:830} INFO - Processing file /home/airflow/.local/lib/python3.11/site-packages/airflow/example_dags/tutorial_taskflow_api.py for tasks to queue
[2024-03-06T13:50:41.117+0000] {logging_mixin.py:188} INFO - [2024-03-06T13:50:41.117+0000] {dagbag.py:540} INFO - Filling up the DagBag from /home/airflow/.local/lib/python3.11/site-packages/airflow/example_dags/tutorial_taskflow_api.py
[2024-03-06T13:50:41.124+0000] {processor.py:840} INFO - DAG(s) 'tutorial_taskflow_api' retrieved from /home/airflow/.local/lib/python3.11/site-packages/airflow/example_dags/tutorial_taskflow_api.py
[2024-03-06T13:50:41.144+0000] {logging_mixin.py:188} INFO - [2024-03-06T13:50:41.144+0000] {dag.py:3047} INFO - Sync 1 DAGs
[2024-03-06T13:50:41.157+0000] {logging_mixin.py:188} INFO - [2024-03-06T13:50:41.157+0000] {dag.py:3834} INFO - Setting next_dagrun for tutorial_taskflow_api to None, run_after=None
[2024-03-06T13:50:41.180+0000] {processor.py:183} INFO - Processing /home/airflow/.local/lib/python3.11/site-packages/airflow/example_dags/tutorial_taskflow_api.py took 0.069 seconds
[2024-03-06T13:51:11.599+0000] {processor.py:161} INFO - Started process (PID=3372) to work on /home/airflow/.local/lib/python3.11/site-packages/airflow/example_dags/tutorial_taskflow_api.py
[2024-03-06T13:51:11.600+0000] {processor.py:830} INFO - Processing file /home/airflow/.local/lib/python3.11/site-packages/airflow/example_dags/tutorial_taskflow_api.py for tasks to queue
[2024-03-06T13:51:11.601+0000] {logging_mixin.py:188} INFO - [2024-03-06T13:51:11.601+0000] {dagbag.py:540} INFO - Filling up the DagBag from /home/airflow/.local/lib/python3.11/site-packages/airflow/example_dags/tutorial_taskflow_api.py
[2024-03-06T13:51:11.608+0000] {processor.py:840} INFO - DAG(s) 'tutorial_taskflow_api' retrieved from /home/airflow/.local/lib/python3.11/site-packages/airflow/example_dags/tutorial_taskflow_api.py
[2024-03-06T13:51:11.626+0000] {logging_mixin.py:188} INFO - [2024-03-06T13:51:11.626+0000] {dag.py:3047} INFO - Sync 1 DAGs
[2024-03-06T13:51:11.637+0000] {logging_mixin.py:188} INFO - [2024-03-06T13:51:11.637+0000] {dag.py:3834} INFO - Setting next_dagrun for tutorial_taskflow_api to None, run_after=None
[2024-03-06T13:51:11.658+0000] {processor.py:183} INFO - Processing /home/airflow/.local/lib/python3.11/site-packages/airflow/example_dags/tutorial_taskflow_api.py took 0.062 seconds
[2024-03-06T13:51:42.042+0000] {processor.py:161} INFO - Started process (PID=3619) to work on /home/airflow/.local/lib/python3.11/site-packages/airflow/example_dags/tutorial_taskflow_api.py
[2024-03-06T13:51:42.043+0000] {processor.py:830} INFO - Processing file /home/airflow/.local/lib/python3.11/site-packages/airflow/example_dags/tutorial_taskflow_api.py for tasks to queue
[2024-03-06T13:51:42.044+0000] {logging_mixin.py:188} INFO - [2024-03-06T13:51:42.044+0000] {dagbag.py:540} INFO - Filling up the DagBag from /home/airflow/.local/lib/python3.11/site-packages/airflow/example_dags/tutorial_taskflow_api.py
[2024-03-06T13:51:42.051+0000] {processor.py:840} INFO - DAG(s) 'tutorial_taskflow_api' retrieved from /home/airflow/.local/lib/python3.11/site-packages/airflow/example_dags/tutorial_taskflow_api.py
[2024-03-06T13:51:42.068+0000] {logging_mixin.py:188} INFO - [2024-03-06T13:51:42.068+0000] {dag.py:3047} INFO - Sync 1 DAGs
[2024-03-06T13:51:42.079+0000] {logging_mixin.py:188} INFO - [2024-03-06T13:51:42.079+0000] {dag.py:3834} INFO - Setting next_dagrun for tutorial_taskflow_api to None, run_after=None
[2024-03-06T13:51:42.100+0000] {processor.py:183} INFO - Processing /home/airflow/.local/lib/python3.11/site-packages/airflow/example_dags/tutorial_taskflow_api.py took 0.061 seconds
[2024-03-06T13:52:12.511+0000] {processor.py:161} INFO - Started process (PID=3866) to work on /home/airflow/.local/lib/python3.11/site-packages/airflow/example_dags/tutorial_taskflow_api.py
[2024-03-06T13:52:12.512+0000] {processor.py:830} INFO - Processing file /home/airflow/.local/lib/python3.11/site-packages/airflow/example_dags/tutorial_taskflow_api.py for tasks to queue
[2024-03-06T13:52:12.513+0000] {logging_mixin.py:188} INFO - [2024-03-06T13:52:12.513+0000] {dagbag.py:540} INFO - Filling up the DagBag from /home/airflow/.local/lib/python3.11/site-packages/airflow/example_dags/tutorial_taskflow_api.py
[2024-03-06T13:52:12.521+0000] {processor.py:840} INFO - DAG(s) 'tutorial_taskflow_api' retrieved from /home/airflow/.local/lib/python3.11/site-packages/airflow/example_dags/tutorial_taskflow_api.py
[2024-03-06T13:52:12.543+0000] {logging_mixin.py:188} INFO - [2024-03-06T13:52:12.543+0000] {dag.py:3047} INFO - Sync 1 DAGs
[2024-03-06T13:52:12.558+0000] {logging_mixin.py:188} INFO - [2024-03-06T13:52:12.558+0000] {dag.py:3834} INFO - Setting next_dagrun for tutorial_taskflow_api to None, run_after=None
[2024-03-06T13:52:12.582+0000] {processor.py:183} INFO - Processing /home/airflow/.local/lib/python3.11/site-packages/airflow/example_dags/tutorial_taskflow_api.py took 0.074 seconds
[2024-03-06T13:52:43.021+0000] {processor.py:161} INFO - Started process (PID=4113) to work on /home/airflow/.local/lib/python3.11/site-packages/airflow/example_dags/tutorial_taskflow_api.py
[2024-03-06T13:52:43.024+0000] {processor.py:830} INFO - Processing file /home/airflow/.local/lib/python3.11/site-packages/airflow/example_dags/tutorial_taskflow_api.py for tasks to queue
[2024-03-06T13:52:43.026+0000] {logging_mixin.py:188} INFO - [2024-03-06T13:52:43.026+0000] {dagbag.py:540} INFO - Filling up the DagBag from /home/airflow/.local/lib/python3.11/site-packages/airflow/example_dags/tutorial_taskflow_api.py
[2024-03-06T13:52:43.037+0000] {processor.py:840} INFO - DAG(s) 'tutorial_taskflow_api' retrieved from /home/airflow/.local/lib/python3.11/site-packages/airflow/example_dags/tutorial_taskflow_api.py
[2024-03-06T13:52:43.057+0000] {logging_mixin.py:188} INFO - [2024-03-06T13:52:43.057+0000] {dag.py:3047} INFO - Sync 1 DAGs
[2024-03-06T13:52:43.070+0000] {logging_mixin.py:188} INFO - [2024-03-06T13:52:43.070+0000] {dag.py:3834} INFO - Setting next_dagrun for tutorial_taskflow_api to None, run_after=None
[2024-03-06T13:52:43.088+0000] {processor.py:183} INFO - Processing /home/airflow/.local/lib/python3.11/site-packages/airflow/example_dags/tutorial_taskflow_api.py took 0.080 seconds
[2024-03-06T13:53:13.720+0000] {processor.py:161} INFO - Started process (PID=4359) to work on /home/airflow/.local/lib/python3.11/site-packages/airflow/example_dags/tutorial_taskflow_api.py
[2024-03-06T13:53:13.727+0000] {processor.py:830} INFO - Processing file /home/airflow/.local/lib/python3.11/site-packages/airflow/example_dags/tutorial_taskflow_api.py for tasks to queue
[2024-03-06T13:53:13.733+0000] {logging_mixin.py:188} INFO - [2024-03-06T13:53:13.732+0000] {dagbag.py:540} INFO - Filling up the DagBag from /home/airflow/.local/lib/python3.11/site-packages/airflow/example_dags/tutorial_taskflow_api.py
[2024-03-06T13:53:13.754+0000] {processor.py:840} INFO - DAG(s) 'tutorial_taskflow_api' retrieved from /home/airflow/.local/lib/python3.11/site-packages/airflow/example_dags/tutorial_taskflow_api.py
[2024-03-06T13:53:13.805+0000] {logging_mixin.py:188} INFO - [2024-03-06T13:53:13.804+0000] {dag.py:3047} INFO - Sync 1 DAGs
[2024-03-06T13:53:13.825+0000] {logging_mixin.py:188} INFO - [2024-03-06T13:53:13.825+0000] {dag.py:3834} INFO - Setting next_dagrun for tutorial_taskflow_api to None, run_after=None
[2024-03-06T13:53:13.874+0000] {processor.py:183} INFO - Processing /home/airflow/.local/lib/python3.11/site-packages/airflow/example_dags/tutorial_taskflow_api.py took 0.162 seconds
[2024-03-06T13:53:44.447+0000] {processor.py:161} INFO - Started process (PID=4606) to work on /home/airflow/.local/lib/python3.11/site-packages/airflow/example_dags/tutorial_taskflow_api.py
[2024-03-06T13:53:44.448+0000] {processor.py:830} INFO - Processing file /home/airflow/.local/lib/python3.11/site-packages/airflow/example_dags/tutorial_taskflow_api.py for tasks to queue
[2024-03-06T13:53:44.449+0000] {logging_mixin.py:188} INFO - [2024-03-06T13:53:44.449+0000] {dagbag.py:540} INFO - Filling up the DagBag from /home/airflow/.local/lib/python3.11/site-packages/airflow/example_dags/tutorial_taskflow_api.py
[2024-03-06T13:53:44.458+0000] {processor.py:840} INFO - DAG(s) 'tutorial_taskflow_api' retrieved from /home/airflow/.local/lib/python3.11/site-packages/airflow/example_dags/tutorial_taskflow_api.py
[2024-03-06T13:53:44.483+0000] {logging_mixin.py:188} INFO - [2024-03-06T13:53:44.482+0000] {dag.py:3047} INFO - Sync 1 DAGs
[2024-03-06T13:53:44.496+0000] {logging_mixin.py:188} INFO - [2024-03-06T13:53:44.495+0000] {dag.py:3834} INFO - Setting next_dagrun for tutorial_taskflow_api to None, run_after=None
[2024-03-06T13:53:44.520+0000] {processor.py:183} INFO - Processing /home/airflow/.local/lib/python3.11/site-packages/airflow/example_dags/tutorial_taskflow_api.py took 0.076 seconds
[2024-03-06T13:54:14.680+0000] {processor.py:161} INFO - Started process (PID=4853) to work on /home/airflow/.local/lib/python3.11/site-packages/airflow/example_dags/tutorial_taskflow_api.py
[2024-03-06T13:54:14.681+0000] {processor.py:830} INFO - Processing file /home/airflow/.local/lib/python3.11/site-packages/airflow/example_dags/tutorial_taskflow_api.py for tasks to queue
[2024-03-06T13:54:14.682+0000] {logging_mixin.py:188} INFO - [2024-03-06T13:54:14.682+0000] {dagbag.py:540} INFO - Filling up the DagBag from /home/airflow/.local/lib/python3.11/site-packages/airflow/example_dags/tutorial_taskflow_api.py
[2024-03-06T13:54:14.688+0000] {processor.py:840} INFO - DAG(s) 'tutorial_taskflow_api' retrieved from /home/airflow/.local/lib/python3.11/site-packages/airflow/example_dags/tutorial_taskflow_api.py
[2024-03-06T13:54:14.708+0000] {logging_mixin.py:188} INFO - [2024-03-06T13:54:14.708+0000] {dag.py:3047} INFO - Sync 1 DAGs
[2024-03-06T13:54:14.720+0000] {logging_mixin.py:188} INFO - [2024-03-06T13:54:14.719+0000] {dag.py:3834} INFO - Setting next_dagrun for tutorial_taskflow_api to None, run_after=None
[2024-03-06T13:54:14.737+0000] {processor.py:183} INFO - Processing /home/airflow/.local/lib/python3.11/site-packages/airflow/example_dags/tutorial_taskflow_api.py took 0.059 seconds
[2024-03-06T13:54:45.129+0000] {processor.py:161} INFO - Started process (PID=5100) to work on /home/airflow/.local/lib/python3.11/site-packages/airflow/example_dags/tutorial_taskflow_api.py
[2024-03-06T13:54:45.132+0000] {processor.py:830} INFO - Processing file /home/airflow/.local/lib/python3.11/site-packages/airflow/example_dags/tutorial_taskflow_api.py for tasks to queue
[2024-03-06T13:54:45.133+0000] {logging_mixin.py:188} INFO - [2024-03-06T13:54:45.133+0000] {dagbag.py:540} INFO - Filling up the DagBag from /home/airflow/.local/lib/python3.11/site-packages/airflow/example_dags/tutorial_taskflow_api.py
[2024-03-06T13:54:45.142+0000] {processor.py:840} INFO - DAG(s) 'tutorial_taskflow_api' retrieved from /home/airflow/.local/lib/python3.11/site-packages/airflow/example_dags/tutorial_taskflow_api.py
[2024-03-06T13:54:45.166+0000] {logging_mixin.py:188} INFO - [2024-03-06T13:54:45.165+0000] {dag.py:3047} INFO - Sync 1 DAGs
[2024-03-06T13:54:45.180+0000] {logging_mixin.py:188} INFO - [2024-03-06T13:54:45.180+0000] {dag.py:3834} INFO - Setting next_dagrun for tutorial_taskflow_api to None, run_after=None
[2024-03-06T13:54:45.204+0000] {processor.py:183} INFO - Processing /home/airflow/.local/lib/python3.11/site-packages/airflow/example_dags/tutorial_taskflow_api.py took 0.078 seconds
[2024-03-06T13:55:15.796+0000] {processor.py:161} INFO - Started process (PID=5347) to work on /home/airflow/.local/lib/python3.11/site-packages/airflow/example_dags/tutorial_taskflow_api.py
[2024-03-06T13:55:15.803+0000] {processor.py:830} INFO - Processing file /home/airflow/.local/lib/python3.11/site-packages/airflow/example_dags/tutorial_taskflow_api.py for tasks to queue
[2024-03-06T13:55:15.810+0000] {logging_mixin.py:188} INFO - [2024-03-06T13:55:15.809+0000] {dagbag.py:540} INFO - Filling up the DagBag from /home/airflow/.local/lib/python3.11/site-packages/airflow/example_dags/tutorial_taskflow_api.py
[2024-03-06T13:55:15.838+0000] {processor.py:840} INFO - DAG(s) 'tutorial_taskflow_api' retrieved from /home/airflow/.local/lib/python3.11/site-packages/airflow/example_dags/tutorial_taskflow_api.py
[2024-03-06T13:55:15.906+0000] {logging_mixin.py:188} INFO - [2024-03-06T13:55:15.905+0000] {dag.py:3047} INFO - Sync 1 DAGs
[2024-03-06T13:55:15.942+0000] {logging_mixin.py:188} INFO - [2024-03-06T13:55:15.941+0000] {dag.py:3834} INFO - Setting next_dagrun for tutorial_taskflow_api to None, run_after=None
[2024-03-06T13:55:15.993+0000] {processor.py:183} INFO - Processing /home/airflow/.local/lib/python3.11/site-packages/airflow/example_dags/tutorial_taskflow_api.py took 0.203 seconds
[2024-03-06T13:55:46.225+0000] {processor.py:161} INFO - Started process (PID=5594) to work on /home/airflow/.local/lib/python3.11/site-packages/airflow/example_dags/tutorial_taskflow_api.py
[2024-03-06T13:55:46.226+0000] {processor.py:830} INFO - Processing file /home/airflow/.local/lib/python3.11/site-packages/airflow/example_dags/tutorial_taskflow_api.py for tasks to queue
[2024-03-06T13:55:46.227+0000] {logging_mixin.py:188} INFO - [2024-03-06T13:55:46.227+0000] {dagbag.py:540} INFO - Filling up the DagBag from /home/airflow/.local/lib/python3.11/site-packages/airflow/example_dags/tutorial_taskflow_api.py
[2024-03-06T13:55:46.240+0000] {processor.py:840} INFO - DAG(s) 'tutorial_taskflow_api' retrieved from /home/airflow/.local/lib/python3.11/site-packages/airflow/example_dags/tutorial_taskflow_api.py
[2024-03-06T13:55:46.271+0000] {logging_mixin.py:188} INFO - [2024-03-06T13:55:46.270+0000] {dag.py:3047} INFO - Sync 1 DAGs
[2024-03-06T13:55:46.288+0000] {logging_mixin.py:188} INFO - [2024-03-06T13:55:46.288+0000] {dag.py:3834} INFO - Setting next_dagrun for tutorial_taskflow_api to None, run_after=None
[2024-03-06T13:55:46.322+0000] {processor.py:183} INFO - Processing /home/airflow/.local/lib/python3.11/site-packages/airflow/example_dags/tutorial_taskflow_api.py took 0.102 seconds
[2024-03-06T13:56:16.790+0000] {processor.py:161} INFO - Started process (PID=5840) to work on /home/airflow/.local/lib/python3.11/site-packages/airflow/example_dags/tutorial_taskflow_api.py
[2024-03-06T13:56:16.791+0000] {processor.py:830} INFO - Processing file /home/airflow/.local/lib/python3.11/site-packages/airflow/example_dags/tutorial_taskflow_api.py for tasks to queue
[2024-03-06T13:56:16.793+0000] {logging_mixin.py:188} INFO - [2024-03-06T13:56:16.792+0000] {dagbag.py:540} INFO - Filling up the DagBag from /home/airflow/.local/lib/python3.11/site-packages/airflow/example_dags/tutorial_taskflow_api.py
[2024-03-06T13:56:16.802+0000] {processor.py:840} INFO - DAG(s) 'tutorial_taskflow_api' retrieved from /home/airflow/.local/lib/python3.11/site-packages/airflow/example_dags/tutorial_taskflow_api.py
[2024-03-06T13:56:16.824+0000] {logging_mixin.py:188} INFO - [2024-03-06T13:56:16.824+0000] {dag.py:3047} INFO - Sync 1 DAGs
[2024-03-06T13:56:16.837+0000] {logging_mixin.py:188} INFO - [2024-03-06T13:56:16.836+0000] {dag.py:3834} INFO - Setting next_dagrun for tutorial_taskflow_api to None, run_after=None
[2024-03-06T13:56:16.862+0000] {processor.py:183} INFO - Processing /home/airflow/.local/lib/python3.11/site-packages/airflow/example_dags/tutorial_taskflow_api.py took 0.075 seconds
[2024-03-06T13:56:47.270+0000] {processor.py:161} INFO - Started process (PID=6086) to work on /home/airflow/.local/lib/python3.11/site-packages/airflow/example_dags/tutorial_taskflow_api.py
[2024-03-06T13:56:47.272+0000] {processor.py:830} INFO - Processing file /home/airflow/.local/lib/python3.11/site-packages/airflow/example_dags/tutorial_taskflow_api.py for tasks to queue
[2024-03-06T13:56:47.274+0000] {logging_mixin.py:188} INFO - [2024-03-06T13:56:47.274+0000] {dagbag.py:540} INFO - Filling up the DagBag from /home/airflow/.local/lib/python3.11/site-packages/airflow/example_dags/tutorial_taskflow_api.py
[2024-03-06T13:56:47.284+0000] {processor.py:840} INFO - DAG(s) 'tutorial_taskflow_api' retrieved from /home/airflow/.local/lib/python3.11/site-packages/airflow/example_dags/tutorial_taskflow_api.py
[2024-03-06T13:56:47.304+0000] {logging_mixin.py:188} INFO - [2024-03-06T13:56:47.304+0000] {dag.py:3047} INFO - Sync 1 DAGs
[2024-03-06T13:56:47.318+0000] {logging_mixin.py:188} INFO - [2024-03-06T13:56:47.318+0000] {dag.py:3834} INFO - Setting next_dagrun for tutorial_taskflow_api to None, run_after=None
[2024-03-06T13:56:47.344+0000] {processor.py:183} INFO - Processing /home/airflow/.local/lib/python3.11/site-packages/airflow/example_dags/tutorial_taskflow_api.py took 0.080 seconds
[2024-03-06T13:57:17.472+0000] {processor.py:161} INFO - Started process (PID=6333) to work on /home/airflow/.local/lib/python3.11/site-packages/airflow/example_dags/tutorial_taskflow_api.py
[2024-03-06T13:57:17.473+0000] {processor.py:830} INFO - Processing file /home/airflow/.local/lib/python3.11/site-packages/airflow/example_dags/tutorial_taskflow_api.py for tasks to queue
[2024-03-06T13:57:17.475+0000] {logging_mixin.py:188} INFO - [2024-03-06T13:57:17.474+0000] {dagbag.py:540} INFO - Filling up the DagBag from /home/airflow/.local/lib/python3.11/site-packages/airflow/example_dags/tutorial_taskflow_api.py
[2024-03-06T13:57:17.484+0000] {processor.py:840} INFO - DAG(s) 'tutorial_taskflow_api' retrieved from /home/airflow/.local/lib/python3.11/site-packages/airflow/example_dags/tutorial_taskflow_api.py
[2024-03-06T13:57:17.510+0000] {logging_mixin.py:188} INFO - [2024-03-06T13:57:17.509+0000] {dag.py:3047} INFO - Sync 1 DAGs
[2024-03-06T13:57:17.529+0000] {logging_mixin.py:188} INFO - [2024-03-06T13:57:17.529+0000] {dag.py:3834} INFO - Setting next_dagrun for tutorial_taskflow_api to None, run_after=None
[2024-03-06T13:57:17.572+0000] {processor.py:183} INFO - Processing /home/airflow/.local/lib/python3.11/site-packages/airflow/example_dags/tutorial_taskflow_api.py took 0.105 seconds
[2024-03-06T13:57:47.775+0000] {processor.py:161} INFO - Started process (PID=6580) to work on /home/airflow/.local/lib/python3.11/site-packages/airflow/example_dags/tutorial_taskflow_api.py
[2024-03-06T13:57:47.777+0000] {processor.py:830} INFO - Processing file /home/airflow/.local/lib/python3.11/site-packages/airflow/example_dags/tutorial_taskflow_api.py for tasks to queue
[2024-03-06T13:57:47.779+0000] {logging_mixin.py:188} INFO - [2024-03-06T13:57:47.778+0000] {dagbag.py:540} INFO - Filling up the DagBag from /home/airflow/.local/lib/python3.11/site-packages/airflow/example_dags/tutorial_taskflow_api.py
[2024-03-06T13:57:47.788+0000] {processor.py:840} INFO - DAG(s) 'tutorial_taskflow_api' retrieved from /home/airflow/.local/lib/python3.11/site-packages/airflow/example_dags/tutorial_taskflow_api.py
[2024-03-06T13:57:47.808+0000] {logging_mixin.py:188} INFO - [2024-03-06T13:57:47.808+0000] {dag.py:3047} INFO - Sync 1 DAGs
[2024-03-06T13:57:47.825+0000] {logging_mixin.py:188} INFO - [2024-03-06T13:57:47.825+0000] {dag.py:3834} INFO - Setting next_dagrun for tutorial_taskflow_api to None, run_after=None
[2024-03-06T13:57:47.848+0000] {processor.py:183} INFO - Processing /home/airflow/.local/lib/python3.11/site-packages/airflow/example_dags/tutorial_taskflow_api.py took 0.078 seconds
[2024-03-06T13:58:18.682+0000] {processor.py:161} INFO - Started process (PID=6826) to work on /home/airflow/.local/lib/python3.11/site-packages/airflow/example_dags/tutorial_taskflow_api.py
[2024-03-06T13:58:18.684+0000] {processor.py:830} INFO - Processing file /home/airflow/.local/lib/python3.11/site-packages/airflow/example_dags/tutorial_taskflow_api.py for tasks to queue
[2024-03-06T13:58:18.686+0000] {logging_mixin.py:188} INFO - [2024-03-06T13:58:18.685+0000] {dagbag.py:540} INFO - Filling up the DagBag from /home/airflow/.local/lib/python3.11/site-packages/airflow/example_dags/tutorial_taskflow_api.py
[2024-03-06T13:58:18.696+0000] {processor.py:840} INFO - DAG(s) 'tutorial_taskflow_api' retrieved from /home/airflow/.local/lib/python3.11/site-packages/airflow/example_dags/tutorial_taskflow_api.py
[2024-03-06T13:58:18.722+0000] {logging_mixin.py:188} INFO - [2024-03-06T13:58:18.722+0000] {dag.py:3047} INFO - Sync 1 DAGs
[2024-03-06T13:58:18.736+0000] {logging_mixin.py:188} INFO - [2024-03-06T13:58:18.735+0000] {dag.py:3834} INFO - Setting next_dagrun for tutorial_taskflow_api to None, run_after=None
[2024-03-06T13:58:18.769+0000] {processor.py:183} INFO - Processing /home/airflow/.local/lib/python3.11/site-packages/airflow/example_dags/tutorial_taskflow_api.py took 0.091 seconds
[2024-03-06T13:58:49.290+0000] {processor.py:161} INFO - Started process (PID=7072) to work on /home/airflow/.local/lib/python3.11/site-packages/airflow/example_dags/tutorial_taskflow_api.py
[2024-03-06T13:58:49.294+0000] {processor.py:830} INFO - Processing file /home/airflow/.local/lib/python3.11/site-packages/airflow/example_dags/tutorial_taskflow_api.py for tasks to queue
[2024-03-06T13:58:49.297+0000] {logging_mixin.py:188} INFO - [2024-03-06T13:58:49.297+0000] {dagbag.py:540} INFO - Filling up the DagBag from /home/airflow/.local/lib/python3.11/site-packages/airflow/example_dags/tutorial_taskflow_api.py
[2024-03-06T13:58:49.310+0000] {processor.py:840} INFO - DAG(s) 'tutorial_taskflow_api' retrieved from /home/airflow/.local/lib/python3.11/site-packages/airflow/example_dags/tutorial_taskflow_api.py
[2024-03-06T13:58:49.347+0000] {logging_mixin.py:188} INFO - [2024-03-06T13:58:49.347+0000] {dag.py:3047} INFO - Sync 1 DAGs
[2024-03-06T13:58:49.378+0000] {logging_mixin.py:188} INFO - [2024-03-06T13:58:49.378+0000] {dag.py:3834} INFO - Setting next_dagrun for tutorial_taskflow_api to None, run_after=None
[2024-03-06T13:58:49.419+0000] {processor.py:183} INFO - Processing /home/airflow/.local/lib/python3.11/site-packages/airflow/example_dags/tutorial_taskflow_api.py took 0.134 seconds
[2024-03-06T13:59:20.022+0000] {processor.py:161} INFO - Started process (PID=7319) to work on /home/airflow/.local/lib/python3.11/site-packages/airflow/example_dags/tutorial_taskflow_api.py
[2024-03-06T13:59:20.024+0000] {processor.py:830} INFO - Processing file /home/airflow/.local/lib/python3.11/site-packages/airflow/example_dags/tutorial_taskflow_api.py for tasks to queue
[2024-03-06T13:59:20.026+0000] {logging_mixin.py:188} INFO - [2024-03-06T13:59:20.025+0000] {dagbag.py:540} INFO - Filling up the DagBag from /home/airflow/.local/lib/python3.11/site-packages/airflow/example_dags/tutorial_taskflow_api.py
[2024-03-06T13:59:20.038+0000] {processor.py:840} INFO - DAG(s) 'tutorial_taskflow_api' retrieved from /home/airflow/.local/lib/python3.11/site-packages/airflow/example_dags/tutorial_taskflow_api.py
[2024-03-06T13:59:20.067+0000] {logging_mixin.py:188} INFO - [2024-03-06T13:59:20.067+0000] {dag.py:3047} INFO - Sync 1 DAGs
[2024-03-06T13:59:20.086+0000] {logging_mixin.py:188} INFO - [2024-03-06T13:59:20.086+0000] {dag.py:3834} INFO - Setting next_dagrun for tutorial_taskflow_api to None, run_after=None
[2024-03-06T13:59:20.114+0000] {processor.py:183} INFO - Processing /home/airflow/.local/lib/python3.11/site-packages/airflow/example_dags/tutorial_taskflow_api.py took 0.097 seconds
[2024-03-06T13:59:50.295+0000] {processor.py:161} INFO - Started process (PID=7566) to work on /home/airflow/.local/lib/python3.11/site-packages/airflow/example_dags/tutorial_taskflow_api.py
[2024-03-06T13:59:50.300+0000] {processor.py:830} INFO - Processing file /home/airflow/.local/lib/python3.11/site-packages/airflow/example_dags/tutorial_taskflow_api.py for tasks to queue
[2024-03-06T13:59:50.301+0000] {logging_mixin.py:188} INFO - [2024-03-06T13:59:50.301+0000] {dagbag.py:540} INFO - Filling up the DagBag from /home/airflow/.local/lib/python3.11/site-packages/airflow/example_dags/tutorial_taskflow_api.py
[2024-03-06T13:59:50.314+0000] {processor.py:840} INFO - DAG(s) 'tutorial_taskflow_api' retrieved from /home/airflow/.local/lib/python3.11/site-packages/airflow/example_dags/tutorial_taskflow_api.py
[2024-03-06T13:59:50.348+0000] {logging_mixin.py:188} INFO - [2024-03-06T13:59:50.348+0000] {dag.py:3047} INFO - Sync 1 DAGs
[2024-03-06T13:59:50.372+0000] {logging_mixin.py:188} INFO - [2024-03-06T13:59:50.371+0000] {dag.py:3834} INFO - Setting next_dagrun for tutorial_taskflow_api to None, run_after=None
[2024-03-06T13:59:50.414+0000] {processor.py:183} INFO - Processing /home/airflow/.local/lib/python3.11/site-packages/airflow/example_dags/tutorial_taskflow_api.py took 0.123 seconds
[2024-03-06T14:00:21.142+0000] {processor.py:161} INFO - Started process (PID=7812) to work on /home/airflow/.local/lib/python3.11/site-packages/airflow/example_dags/tutorial_taskflow_api.py
[2024-03-06T14:00:21.144+0000] {processor.py:830} INFO - Processing file /home/airflow/.local/lib/python3.11/site-packages/airflow/example_dags/tutorial_taskflow_api.py for tasks to queue
[2024-03-06T14:00:21.145+0000] {logging_mixin.py:188} INFO - [2024-03-06T14:00:21.145+0000] {dagbag.py:540} INFO - Filling up the DagBag from /home/airflow/.local/lib/python3.11/site-packages/airflow/example_dags/tutorial_taskflow_api.py
[2024-03-06T14:00:21.155+0000] {processor.py:840} INFO - DAG(s) 'tutorial_taskflow_api' retrieved from /home/airflow/.local/lib/python3.11/site-packages/airflow/example_dags/tutorial_taskflow_api.py
[2024-03-06T14:00:21.183+0000] {logging_mixin.py:188} INFO - [2024-03-06T14:00:21.183+0000] {dag.py:3047} INFO - Sync 1 DAGs
[2024-03-06T14:00:21.195+0000] {logging_mixin.py:188} INFO - [2024-03-06T14:00:21.195+0000] {dag.py:3834} INFO - Setting next_dagrun for tutorial_taskflow_api to None, run_after=None
[2024-03-06T14:00:21.215+0000] {processor.py:183} INFO - Processing /home/airflow/.local/lib/python3.11/site-packages/airflow/example_dags/tutorial_taskflow_api.py took 0.076 seconds
[2024-03-06T14:00:51.370+0000] {processor.py:161} INFO - Started process (PID=8059) to work on /home/airflow/.local/lib/python3.11/site-packages/airflow/example_dags/tutorial_taskflow_api.py
[2024-03-06T14:00:51.371+0000] {processor.py:830} INFO - Processing file /home/airflow/.local/lib/python3.11/site-packages/airflow/example_dags/tutorial_taskflow_api.py for tasks to queue
[2024-03-06T14:00:51.375+0000] {logging_mixin.py:188} INFO - [2024-03-06T14:00:51.374+0000] {dagbag.py:540} INFO - Filling up the DagBag from /home/airflow/.local/lib/python3.11/site-packages/airflow/example_dags/tutorial_taskflow_api.py
[2024-03-06T14:00:51.386+0000] {processor.py:840} INFO - DAG(s) 'tutorial_taskflow_api' retrieved from /home/airflow/.local/lib/python3.11/site-packages/airflow/example_dags/tutorial_taskflow_api.py
[2024-03-06T14:00:51.420+0000] {logging_mixin.py:188} INFO - [2024-03-06T14:00:51.420+0000] {dag.py:3047} INFO - Sync 1 DAGs
[2024-03-06T14:00:51.435+0000] {logging_mixin.py:188} INFO - [2024-03-06T14:00:51.435+0000] {dag.py:3834} INFO - Setting next_dagrun for tutorial_taskflow_api to None, run_after=None
[2024-03-06T14:00:51.459+0000] {processor.py:183} INFO - Processing /home/airflow/.local/lib/python3.11/site-packages/airflow/example_dags/tutorial_taskflow_api.py took 0.092 seconds
[2024-03-06T14:01:22.084+0000] {processor.py:161} INFO - Started process (PID=8305) to work on /home/airflow/.local/lib/python3.11/site-packages/airflow/example_dags/tutorial_taskflow_api.py
[2024-03-06T14:01:22.085+0000] {processor.py:830} INFO - Processing file /home/airflow/.local/lib/python3.11/site-packages/airflow/example_dags/tutorial_taskflow_api.py for tasks to queue
[2024-03-06T14:01:22.086+0000] {logging_mixin.py:188} INFO - [2024-03-06T14:01:22.085+0000] {dagbag.py:540} INFO - Filling up the DagBag from /home/airflow/.local/lib/python3.11/site-packages/airflow/example_dags/tutorial_taskflow_api.py
[2024-03-06T14:01:22.093+0000] {processor.py:840} INFO - DAG(s) 'tutorial_taskflow_api' retrieved from /home/airflow/.local/lib/python3.11/site-packages/airflow/example_dags/tutorial_taskflow_api.py
[2024-03-06T14:01:22.113+0000] {logging_mixin.py:188} INFO - [2024-03-06T14:01:22.112+0000] {dag.py:3047} INFO - Sync 1 DAGs
[2024-03-06T14:01:22.128+0000] {logging_mixin.py:188} INFO - [2024-03-06T14:01:22.128+0000] {dag.py:3834} INFO - Setting next_dagrun for tutorial_taskflow_api to None, run_after=None
[2024-03-06T14:01:22.154+0000] {processor.py:183} INFO - Processing /home/airflow/.local/lib/python3.11/site-packages/airflow/example_dags/tutorial_taskflow_api.py took 0.074 seconds
[2024-03-06T14:01:52.674+0000] {processor.py:161} INFO - Started process (PID=8552) to work on /home/airflow/.local/lib/python3.11/site-packages/airflow/example_dags/tutorial_taskflow_api.py
[2024-03-06T14:01:52.676+0000] {processor.py:830} INFO - Processing file /home/airflow/.local/lib/python3.11/site-packages/airflow/example_dags/tutorial_taskflow_api.py for tasks to queue
[2024-03-06T14:01:52.678+0000] {logging_mixin.py:188} INFO - [2024-03-06T14:01:52.677+0000] {dagbag.py:540} INFO - Filling up the DagBag from /home/airflow/.local/lib/python3.11/site-packages/airflow/example_dags/tutorial_taskflow_api.py
[2024-03-06T14:01:52.702+0000] {processor.py:840} INFO - DAG(s) 'tutorial_taskflow_api' retrieved from /home/airflow/.local/lib/python3.11/site-packages/airflow/example_dags/tutorial_taskflow_api.py
[2024-03-06T14:01:52.750+0000] {logging_mixin.py:188} INFO - [2024-03-06T14:01:52.749+0000] {dag.py:3047} INFO - Sync 1 DAGs
[2024-03-06T14:01:52.773+0000] {logging_mixin.py:188} INFO - [2024-03-06T14:01:52.771+0000] {dag.py:3834} INFO - Setting next_dagrun for tutorial_taskflow_api to None, run_after=None
[2024-03-06T14:01:52.811+0000] {processor.py:183} INFO - Processing /home/airflow/.local/lib/python3.11/site-packages/airflow/example_dags/tutorial_taskflow_api.py took 0.147 seconds
[2024-03-06T14:02:22.856+0000] {processor.py:161} INFO - Started process (PID=8799) to work on /home/airflow/.local/lib/python3.11/site-packages/airflow/example_dags/tutorial_taskflow_api.py
[2024-03-06T14:02:22.858+0000] {processor.py:830} INFO - Processing file /home/airflow/.local/lib/python3.11/site-packages/airflow/example_dags/tutorial_taskflow_api.py for tasks to queue
[2024-03-06T14:02:22.858+0000] {logging_mixin.py:188} INFO - [2024-03-06T14:02:22.858+0000] {dagbag.py:540} INFO - Filling up the DagBag from /home/airflow/.local/lib/python3.11/site-packages/airflow/example_dags/tutorial_taskflow_api.py
[2024-03-06T14:02:22.865+0000] {processor.py:840} INFO - DAG(s) 'tutorial_taskflow_api' retrieved from /home/airflow/.local/lib/python3.11/site-packages/airflow/example_dags/tutorial_taskflow_api.py
[2024-03-06T14:02:22.887+0000] {logging_mixin.py:188} INFO - [2024-03-06T14:02:22.887+0000] {dag.py:3047} INFO - Sync 1 DAGs
[2024-03-06T14:02:22.903+0000] {logging_mixin.py:188} INFO - [2024-03-06T14:02:22.903+0000] {dag.py:3834} INFO - Setting next_dagrun for tutorial_taskflow_api to None, run_after=None
[2024-03-06T14:02:22.931+0000] {processor.py:183} INFO - Processing /home/airflow/.local/lib/python3.11/site-packages/airflow/example_dags/tutorial_taskflow_api.py took 0.078 seconds
[2024-03-06T14:02:53.049+0000] {processor.py:161} INFO - Started process (PID=9046) to work on /home/airflow/.local/lib/python3.11/site-packages/airflow/example_dags/tutorial_taskflow_api.py
[2024-03-06T14:02:53.050+0000] {processor.py:830} INFO - Processing file /home/airflow/.local/lib/python3.11/site-packages/airflow/example_dags/tutorial_taskflow_api.py for tasks to queue
[2024-03-06T14:02:53.052+0000] {logging_mixin.py:188} INFO - [2024-03-06T14:02:53.052+0000] {dagbag.py:540} INFO - Filling up the DagBag from /home/airflow/.local/lib/python3.11/site-packages/airflow/example_dags/tutorial_taskflow_api.py
[2024-03-06T14:02:53.060+0000] {processor.py:840} INFO - DAG(s) 'tutorial_taskflow_api' retrieved from /home/airflow/.local/lib/python3.11/site-packages/airflow/example_dags/tutorial_taskflow_api.py
[2024-03-06T14:02:53.093+0000] {logging_mixin.py:188} INFO - [2024-03-06T14:02:53.093+0000] {dag.py:3047} INFO - Sync 1 DAGs
[2024-03-06T14:02:53.116+0000] {logging_mixin.py:188} INFO - [2024-03-06T14:02:53.116+0000] {dag.py:3834} INFO - Setting next_dagrun for tutorial_taskflow_api to None, run_after=None
[2024-03-06T14:02:53.140+0000] {processor.py:183} INFO - Processing /home/airflow/.local/lib/python3.11/site-packages/airflow/example_dags/tutorial_taskflow_api.py took 0.095 seconds
[2024-03-06T14:03:23.400+0000] {processor.py:161} INFO - Started process (PID=9292) to work on /home/airflow/.local/lib/python3.11/site-packages/airflow/example_dags/tutorial_taskflow_api.py
[2024-03-06T14:03:23.403+0000] {processor.py:830} INFO - Processing file /home/airflow/.local/lib/python3.11/site-packages/airflow/example_dags/tutorial_taskflow_api.py for tasks to queue
[2024-03-06T14:03:23.408+0000] {logging_mixin.py:188} INFO - [2024-03-06T14:03:23.408+0000] {dagbag.py:540} INFO - Filling up the DagBag from /home/airflow/.local/lib/python3.11/site-packages/airflow/example_dags/tutorial_taskflow_api.py
[2024-03-06T14:03:23.438+0000] {processor.py:840} INFO - DAG(s) 'tutorial_taskflow_api' retrieved from /home/airflow/.local/lib/python3.11/site-packages/airflow/example_dags/tutorial_taskflow_api.py
[2024-03-06T14:03:23.512+0000] {logging_mixin.py:188} INFO - [2024-03-06T14:03:23.511+0000] {dag.py:3047} INFO - Sync 1 DAGs
[2024-03-06T14:03:23.542+0000] {logging_mixin.py:188} INFO - [2024-03-06T14:03:23.542+0000] {dag.py:3834} INFO - Setting next_dagrun for tutorial_taskflow_api to None, run_after=None
[2024-03-06T14:03:23.576+0000] {processor.py:183} INFO - Processing /home/airflow/.local/lib/python3.11/site-packages/airflow/example_dags/tutorial_taskflow_api.py took 0.181 seconds
[2024-03-06T14:03:54.054+0000] {processor.py:161} INFO - Started process (PID=9540) to work on /home/airflow/.local/lib/python3.11/site-packages/airflow/example_dags/tutorial_taskflow_api.py
[2024-03-06T14:03:54.055+0000] {processor.py:830} INFO - Processing file /home/airflow/.local/lib/python3.11/site-packages/airflow/example_dags/tutorial_taskflow_api.py for tasks to queue
[2024-03-06T14:03:54.056+0000] {logging_mixin.py:188} INFO - [2024-03-06T14:03:54.056+0000] {dagbag.py:540} INFO - Filling up the DagBag from /home/airflow/.local/lib/python3.11/site-packages/airflow/example_dags/tutorial_taskflow_api.py
[2024-03-06T14:03:54.067+0000] {processor.py:840} INFO - DAG(s) 'tutorial_taskflow_api' retrieved from /home/airflow/.local/lib/python3.11/site-packages/airflow/example_dags/tutorial_taskflow_api.py
[2024-03-06T14:03:54.089+0000] {logging_mixin.py:188} INFO - [2024-03-06T14:03:54.089+0000] {dag.py:3047} INFO - Sync 1 DAGs
[2024-03-06T14:03:54.104+0000] {logging_mixin.py:188} INFO - [2024-03-06T14:03:54.103+0000] {dag.py:3834} INFO - Setting next_dagrun for tutorial_taskflow_api to None, run_after=None
[2024-03-06T14:03:54.134+0000] {processor.py:183} INFO - Processing /home/airflow/.local/lib/python3.11/site-packages/airflow/example_dags/tutorial_taskflow_api.py took 0.083 seconds
[2024-03-06T14:04:24.224+0000] {processor.py:161} INFO - Started process (PID=9787) to work on /home/airflow/.local/lib/python3.11/site-packages/airflow/example_dags/tutorial_taskflow_api.py
[2024-03-06T14:04:24.229+0000] {processor.py:830} INFO - Processing file /home/airflow/.local/lib/python3.11/site-packages/airflow/example_dags/tutorial_taskflow_api.py for tasks to queue
[2024-03-06T14:04:24.231+0000] {logging_mixin.py:188} INFO - [2024-03-06T14:04:24.230+0000] {dagbag.py:540} INFO - Filling up the DagBag from /home/airflow/.local/lib/python3.11/site-packages/airflow/example_dags/tutorial_taskflow_api.py
[2024-03-06T14:04:24.240+0000] {processor.py:840} INFO - DAG(s) 'tutorial_taskflow_api' retrieved from /home/airflow/.local/lib/python3.11/site-packages/airflow/example_dags/tutorial_taskflow_api.py
[2024-03-06T14:04:24.264+0000] {logging_mixin.py:188} INFO - [2024-03-06T14:04:24.264+0000] {dag.py:3047} INFO - Sync 1 DAGs
[2024-03-06T14:04:24.278+0000] {logging_mixin.py:188} INFO - [2024-03-06T14:04:24.278+0000] {dag.py:3834} INFO - Setting next_dagrun for tutorial_taskflow_api to None, run_after=None
[2024-03-06T14:04:24.298+0000] {processor.py:183} INFO - Processing /home/airflow/.local/lib/python3.11/site-packages/airflow/example_dags/tutorial_taskflow_api.py took 0.079 seconds
[2024-03-06T14:04:54.516+0000] {processor.py:161} INFO - Started process (PID=10034) to work on /home/airflow/.local/lib/python3.11/site-packages/airflow/example_dags/tutorial_taskflow_api.py
[2024-03-06T14:04:54.521+0000] {processor.py:830} INFO - Processing file /home/airflow/.local/lib/python3.11/site-packages/airflow/example_dags/tutorial_taskflow_api.py for tasks to queue
[2024-03-06T14:04:54.524+0000] {logging_mixin.py:188} INFO - [2024-03-06T14:04:54.523+0000] {dagbag.py:540} INFO - Filling up the DagBag from /home/airflow/.local/lib/python3.11/site-packages/airflow/example_dags/tutorial_taskflow_api.py
[2024-03-06T14:04:54.537+0000] {processor.py:840} INFO - DAG(s) 'tutorial_taskflow_api' retrieved from /home/airflow/.local/lib/python3.11/site-packages/airflow/example_dags/tutorial_taskflow_api.py
[2024-03-06T14:04:54.572+0000] {logging_mixin.py:188} INFO - [2024-03-06T14:04:54.572+0000] {dag.py:3047} INFO - Sync 1 DAGs
[2024-03-06T14:04:54.586+0000] {logging_mixin.py:188} INFO - [2024-03-06T14:04:54.586+0000] {dag.py:3834} INFO - Setting next_dagrun for tutorial_taskflow_api to None, run_after=None
[2024-03-06T14:04:54.606+0000] {processor.py:183} INFO - Processing /home/airflow/.local/lib/python3.11/site-packages/airflow/example_dags/tutorial_taskflow_api.py took 0.100 seconds
[2024-03-06T14:05:24.945+0000] {processor.py:161} INFO - Started process (PID=10281) to work on /home/airflow/.local/lib/python3.11/site-packages/airflow/example_dags/tutorial_taskflow_api.py
[2024-03-06T14:05:24.946+0000] {processor.py:830} INFO - Processing file /home/airflow/.local/lib/python3.11/site-packages/airflow/example_dags/tutorial_taskflow_api.py for tasks to queue
[2024-03-06T14:05:24.947+0000] {logging_mixin.py:188} INFO - [2024-03-06T14:05:24.947+0000] {dagbag.py:540} INFO - Filling up the DagBag from /home/airflow/.local/lib/python3.11/site-packages/airflow/example_dags/tutorial_taskflow_api.py
[2024-03-06T14:05:24.954+0000] {processor.py:840} INFO - DAG(s) 'tutorial_taskflow_api' retrieved from /home/airflow/.local/lib/python3.11/site-packages/airflow/example_dags/tutorial_taskflow_api.py
[2024-03-06T14:05:24.973+0000] {logging_mixin.py:188} INFO - [2024-03-06T14:05:24.972+0000] {dag.py:3047} INFO - Sync 1 DAGs
[2024-03-06T14:05:24.986+0000] {logging_mixin.py:188} INFO - [2024-03-06T14:05:24.986+0000] {dag.py:3834} INFO - Setting next_dagrun for tutorial_taskflow_api to None, run_after=None
[2024-03-06T14:05:25.004+0000] {processor.py:183} INFO - Processing /home/airflow/.local/lib/python3.11/site-packages/airflow/example_dags/tutorial_taskflow_api.py took 0.063 seconds
[2024-03-06T14:05:55.053+0000] {processor.py:161} INFO - Started process (PID=10528) to work on /home/airflow/.local/lib/python3.11/site-packages/airflow/example_dags/tutorial_taskflow_api.py
[2024-03-06T14:05:55.056+0000] {processor.py:830} INFO - Processing file /home/airflow/.local/lib/python3.11/site-packages/airflow/example_dags/tutorial_taskflow_api.py for tasks to queue
[2024-03-06T14:05:55.058+0000] {logging_mixin.py:188} INFO - [2024-03-06T14:05:55.058+0000] {dagbag.py:540} INFO - Filling up the DagBag from /home/airflow/.local/lib/python3.11/site-packages/airflow/example_dags/tutorial_taskflow_api.py
[2024-03-06T14:05:55.072+0000] {processor.py:840} INFO - DAG(s) 'tutorial_taskflow_api' retrieved from /home/airflow/.local/lib/python3.11/site-packages/airflow/example_dags/tutorial_taskflow_api.py
[2024-03-06T14:05:55.097+0000] {logging_mixin.py:188} INFO - [2024-03-06T14:05:55.097+0000] {dag.py:3047} INFO - Sync 1 DAGs
[2024-03-06T14:05:55.110+0000] {logging_mixin.py:188} INFO - [2024-03-06T14:05:55.109+0000] {dag.py:3834} INFO - Setting next_dagrun for tutorial_taskflow_api to None, run_after=None
[2024-03-06T14:05:55.137+0000] {processor.py:183} INFO - Processing /home/airflow/.local/lib/python3.11/site-packages/airflow/example_dags/tutorial_taskflow_api.py took 0.093 seconds
[2024-03-06T14:06:25.297+0000] {processor.py:161} INFO - Started process (PID=10775) to work on /home/airflow/.local/lib/python3.11/site-packages/airflow/example_dags/tutorial_taskflow_api.py
[2024-03-06T14:06:25.298+0000] {processor.py:830} INFO - Processing file /home/airflow/.local/lib/python3.11/site-packages/airflow/example_dags/tutorial_taskflow_api.py for tasks to queue
[2024-03-06T14:06:25.299+0000] {logging_mixin.py:188} INFO - [2024-03-06T14:06:25.299+0000] {dagbag.py:540} INFO - Filling up the DagBag from /home/airflow/.local/lib/python3.11/site-packages/airflow/example_dags/tutorial_taskflow_api.py
[2024-03-06T14:06:25.307+0000] {processor.py:840} INFO - DAG(s) 'tutorial_taskflow_api' retrieved from /home/airflow/.local/lib/python3.11/site-packages/airflow/example_dags/tutorial_taskflow_api.py
[2024-03-06T14:06:25.328+0000] {logging_mixin.py:188} INFO - [2024-03-06T14:06:25.328+0000] {dag.py:3047} INFO - Sync 1 DAGs
[2024-03-06T14:06:25.342+0000] {logging_mixin.py:188} INFO - [2024-03-06T14:06:25.342+0000] {dag.py:3834} INFO - Setting next_dagrun for tutorial_taskflow_api to None, run_after=None
[2024-03-06T14:06:25.367+0000] {processor.py:183} INFO - Processing /home/airflow/.local/lib/python3.11/site-packages/airflow/example_dags/tutorial_taskflow_api.py took 0.074 seconds
[2024-03-06T14:06:56.220+0000] {processor.py:161} INFO - Started process (PID=11027) to work on /home/airflow/.local/lib/python3.11/site-packages/airflow/example_dags/tutorial_taskflow_api.py
[2024-03-06T14:06:56.221+0000] {processor.py:830} INFO - Processing file /home/airflow/.local/lib/python3.11/site-packages/airflow/example_dags/tutorial_taskflow_api.py for tasks to queue
[2024-03-06T14:06:56.223+0000] {logging_mixin.py:188} INFO - [2024-03-06T14:06:56.222+0000] {dagbag.py:540} INFO - Filling up the DagBag from /home/airflow/.local/lib/python3.11/site-packages/airflow/example_dags/tutorial_taskflow_api.py
[2024-03-06T14:06:56.241+0000] {processor.py:840} INFO - DAG(s) 'tutorial_taskflow_api' retrieved from /home/airflow/.local/lib/python3.11/site-packages/airflow/example_dags/tutorial_taskflow_api.py
[2024-03-06T14:06:56.291+0000] {logging_mixin.py:188} INFO - [2024-03-06T14:06:56.291+0000] {dag.py:3047} INFO - Sync 1 DAGs
[2024-03-06T14:06:56.332+0000] {logging_mixin.py:188} INFO - [2024-03-06T14:06:56.332+0000] {dag.py:3834} INFO - Setting next_dagrun for tutorial_taskflow_api to None, run_after=None
[2024-03-06T14:06:56.382+0000] {processor.py:183} INFO - Processing /home/airflow/.local/lib/python3.11/site-packages/airflow/example_dags/tutorial_taskflow_api.py took 0.171 seconds
[2024-03-06T14:07:27.067+0000] {processor.py:161} INFO - Started process (PID=11274) to work on /home/airflow/.local/lib/python3.11/site-packages/airflow/example_dags/tutorial_taskflow_api.py
[2024-03-06T14:07:27.070+0000] {processor.py:830} INFO - Processing file /home/airflow/.local/lib/python3.11/site-packages/airflow/example_dags/tutorial_taskflow_api.py for tasks to queue
[2024-03-06T14:07:27.073+0000] {logging_mixin.py:188} INFO - [2024-03-06T14:07:27.072+0000] {dagbag.py:540} INFO - Filling up the DagBag from /home/airflow/.local/lib/python3.11/site-packages/airflow/example_dags/tutorial_taskflow_api.py
[2024-03-06T14:07:27.086+0000] {processor.py:840} INFO - DAG(s) 'tutorial_taskflow_api' retrieved from /home/airflow/.local/lib/python3.11/site-packages/airflow/example_dags/tutorial_taskflow_api.py
[2024-03-06T14:07:27.118+0000] {logging_mixin.py:188} INFO - [2024-03-06T14:07:27.117+0000] {dag.py:3047} INFO - Sync 1 DAGs
[2024-03-06T14:07:27.137+0000] {logging_mixin.py:188} INFO - [2024-03-06T14:07:27.136+0000] {dag.py:3834} INFO - Setting next_dagrun for tutorial_taskflow_api to None, run_after=None
[2024-03-06T14:07:27.171+0000] {processor.py:183} INFO - Processing /home/airflow/.local/lib/python3.11/site-packages/airflow/example_dags/tutorial_taskflow_api.py took 0.109 seconds
[2024-03-06T14:07:57.716+0000] {processor.py:161} INFO - Started process (PID=11521) to work on /home/airflow/.local/lib/python3.11/site-packages/airflow/example_dags/tutorial_taskflow_api.py
[2024-03-06T14:07:57.719+0000] {processor.py:830} INFO - Processing file /home/airflow/.local/lib/python3.11/site-packages/airflow/example_dags/tutorial_taskflow_api.py for tasks to queue
[2024-03-06T14:07:57.723+0000] {logging_mixin.py:188} INFO - [2024-03-06T14:07:57.722+0000] {dagbag.py:540} INFO - Filling up the DagBag from /home/airflow/.local/lib/python3.11/site-packages/airflow/example_dags/tutorial_taskflow_api.py
[2024-03-06T14:07:57.730+0000] {processor.py:840} INFO - DAG(s) 'tutorial_taskflow_api' retrieved from /home/airflow/.local/lib/python3.11/site-packages/airflow/example_dags/tutorial_taskflow_api.py
[2024-03-06T14:07:57.750+0000] {logging_mixin.py:188} INFO - [2024-03-06T14:07:57.749+0000] {dag.py:3047} INFO - Sync 1 DAGs
[2024-03-06T14:07:57.764+0000] {logging_mixin.py:188} INFO - [2024-03-06T14:07:57.764+0000] {dag.py:3834} INFO - Setting next_dagrun for tutorial_taskflow_api to None, run_after=None
[2024-03-06T14:07:57.782+0000] {processor.py:183} INFO - Processing /home/airflow/.local/lib/python3.11/site-packages/airflow/example_dags/tutorial_taskflow_api.py took 0.068 seconds
[2024-03-06T14:08:27.828+0000] {processor.py:161} INFO - Started process (PID=11768) to work on /home/airflow/.local/lib/python3.11/site-packages/airflow/example_dags/tutorial_taskflow_api.py
[2024-03-06T14:08:27.830+0000] {processor.py:830} INFO - Processing file /home/airflow/.local/lib/python3.11/site-packages/airflow/example_dags/tutorial_taskflow_api.py for tasks to queue
[2024-03-06T14:08:27.831+0000] {logging_mixin.py:188} INFO - [2024-03-06T14:08:27.830+0000] {dagbag.py:540} INFO - Filling up the DagBag from /home/airflow/.local/lib/python3.11/site-packages/airflow/example_dags/tutorial_taskflow_api.py
[2024-03-06T14:08:27.838+0000] {processor.py:840} INFO - DAG(s) 'tutorial_taskflow_api' retrieved from /home/airflow/.local/lib/python3.11/site-packages/airflow/example_dags/tutorial_taskflow_api.py
[2024-03-06T14:08:27.855+0000] {logging_mixin.py:188} INFO - [2024-03-06T14:08:27.855+0000] {dag.py:3047} INFO - Sync 1 DAGs
[2024-03-06T14:08:27.869+0000] {logging_mixin.py:188} INFO - [2024-03-06T14:08:27.869+0000] {dag.py:3834} INFO - Setting next_dagrun for tutorial_taskflow_api to None, run_after=None
[2024-03-06T14:08:27.890+0000] {processor.py:183} INFO - Processing /home/airflow/.local/lib/python3.11/site-packages/airflow/example_dags/tutorial_taskflow_api.py took 0.065 seconds
[2024-03-06T14:08:58.651+0000] {processor.py:161} INFO - Started process (PID=12014) to work on /home/airflow/.local/lib/python3.11/site-packages/airflow/example_dags/tutorial_taskflow_api.py
[2024-03-06T14:08:58.652+0000] {processor.py:830} INFO - Processing file /home/airflow/.local/lib/python3.11/site-packages/airflow/example_dags/tutorial_taskflow_api.py for tasks to queue
[2024-03-06T14:08:58.653+0000] {logging_mixin.py:188} INFO - [2024-03-06T14:08:58.653+0000] {dagbag.py:540} INFO - Filling up the DagBag from /home/airflow/.local/lib/python3.11/site-packages/airflow/example_dags/tutorial_taskflow_api.py
[2024-03-06T14:08:58.659+0000] {processor.py:840} INFO - DAG(s) 'tutorial_taskflow_api' retrieved from /home/airflow/.local/lib/python3.11/site-packages/airflow/example_dags/tutorial_taskflow_api.py
[2024-03-06T14:08:58.676+0000] {logging_mixin.py:188} INFO - [2024-03-06T14:08:58.676+0000] {dag.py:3047} INFO - Sync 1 DAGs
[2024-03-06T14:08:58.690+0000] {logging_mixin.py:188} INFO - [2024-03-06T14:08:58.690+0000] {dag.py:3834} INFO - Setting next_dagrun for tutorial_taskflow_api to None, run_after=None
[2024-03-06T14:08:58.708+0000] {processor.py:183} INFO - Processing /home/airflow/.local/lib/python3.11/site-packages/airflow/example_dags/tutorial_taskflow_api.py took 0.061 seconds
[2024-03-06T14:09:28.827+0000] {processor.py:161} INFO - Started process (PID=12260) to work on /home/airflow/.local/lib/python3.11/site-packages/airflow/example_dags/tutorial_taskflow_api.py
[2024-03-06T14:09:28.830+0000] {processor.py:830} INFO - Processing file /home/airflow/.local/lib/python3.11/site-packages/airflow/example_dags/tutorial_taskflow_api.py for tasks to queue
[2024-03-06T14:09:28.831+0000] {logging_mixin.py:188} INFO - [2024-03-06T14:09:28.830+0000] {dagbag.py:540} INFO - Filling up the DagBag from /home/airflow/.local/lib/python3.11/site-packages/airflow/example_dags/tutorial_taskflow_api.py
[2024-03-06T14:09:28.837+0000] {processor.py:840} INFO - DAG(s) 'tutorial_taskflow_api' retrieved from /home/airflow/.local/lib/python3.11/site-packages/airflow/example_dags/tutorial_taskflow_api.py
[2024-03-06T14:09:28.855+0000] {logging_mixin.py:188} INFO - [2024-03-06T14:09:28.855+0000] {dag.py:3047} INFO - Sync 1 DAGs
[2024-03-06T14:09:28.865+0000] {logging_mixin.py:188} INFO - [2024-03-06T14:09:28.865+0000] {dag.py:3834} INFO - Setting next_dagrun for tutorial_taskflow_api to None, run_after=None
[2024-03-06T14:09:28.884+0000] {processor.py:183} INFO - Processing /home/airflow/.local/lib/python3.11/site-packages/airflow/example_dags/tutorial_taskflow_api.py took 0.061 seconds
[2024-03-06T14:09:59.392+0000] {processor.py:161} INFO - Started process (PID=12507) to work on /home/airflow/.local/lib/python3.11/site-packages/airflow/example_dags/tutorial_taskflow_api.py
[2024-03-06T14:09:59.401+0000] {processor.py:830} INFO - Processing file /home/airflow/.local/lib/python3.11/site-packages/airflow/example_dags/tutorial_taskflow_api.py for tasks to queue
[2024-03-06T14:09:59.403+0000] {logging_mixin.py:188} INFO - [2024-03-06T14:09:59.403+0000] {dagbag.py:540} INFO - Filling up the DagBag from /home/airflow/.local/lib/python3.11/site-packages/airflow/example_dags/tutorial_taskflow_api.py
[2024-03-06T14:09:59.420+0000] {processor.py:840} INFO - DAG(s) 'tutorial_taskflow_api' retrieved from /home/airflow/.local/lib/python3.11/site-packages/airflow/example_dags/tutorial_taskflow_api.py
[2024-03-06T14:09:59.456+0000] {logging_mixin.py:188} INFO - [2024-03-06T14:09:59.456+0000] {dag.py:3047} INFO - Sync 1 DAGs
[2024-03-06T14:09:59.489+0000] {logging_mixin.py:188} INFO - [2024-03-06T14:09:59.489+0000] {dag.py:3834} INFO - Setting next_dagrun for tutorial_taskflow_api to None, run_after=None
[2024-03-06T14:09:59.562+0000] {processor.py:183} INFO - Processing /home/airflow/.local/lib/python3.11/site-packages/airflow/example_dags/tutorial_taskflow_api.py took 0.175 seconds
[2024-03-06T14:10:30.368+0000] {processor.py:161} INFO - Started process (PID=12754) to work on /home/airflow/.local/lib/python3.11/site-packages/airflow/example_dags/tutorial_taskflow_api.py
[2024-03-06T14:10:30.370+0000] {processor.py:830} INFO - Processing file /home/airflow/.local/lib/python3.11/site-packages/airflow/example_dags/tutorial_taskflow_api.py for tasks to queue
[2024-03-06T14:10:30.372+0000] {logging_mixin.py:188} INFO - [2024-03-06T14:10:30.371+0000] {dagbag.py:540} INFO - Filling up the DagBag from /home/airflow/.local/lib/python3.11/site-packages/airflow/example_dags/tutorial_taskflow_api.py
[2024-03-06T14:10:30.385+0000] {processor.py:840} INFO - DAG(s) 'tutorial_taskflow_api' retrieved from /home/airflow/.local/lib/python3.11/site-packages/airflow/example_dags/tutorial_taskflow_api.py
[2024-03-06T14:10:30.418+0000] {logging_mixin.py:188} INFO - [2024-03-06T14:10:30.418+0000] {dag.py:3047} INFO - Sync 1 DAGs
[2024-03-06T14:10:30.446+0000] {logging_mixin.py:188} INFO - [2024-03-06T14:10:30.445+0000] {dag.py:3834} INFO - Setting next_dagrun for tutorial_taskflow_api to None, run_after=None
[2024-03-06T14:10:30.473+0000] {processor.py:183} INFO - Processing /home/airflow/.local/lib/python3.11/site-packages/airflow/example_dags/tutorial_taskflow_api.py took 0.108 seconds
[2024-03-06T14:11:00.711+0000] {processor.py:161} INFO - Started process (PID=13001) to work on /home/airflow/.local/lib/python3.11/site-packages/airflow/example_dags/tutorial_taskflow_api.py
[2024-03-06T14:11:00.712+0000] {processor.py:830} INFO - Processing file /home/airflow/.local/lib/python3.11/site-packages/airflow/example_dags/tutorial_taskflow_api.py for tasks to queue
[2024-03-06T14:11:00.713+0000] {logging_mixin.py:188} INFO - [2024-03-06T14:11:00.713+0000] {dagbag.py:540} INFO - Filling up the DagBag from /home/airflow/.local/lib/python3.11/site-packages/airflow/example_dags/tutorial_taskflow_api.py
[2024-03-06T14:11:00.720+0000] {processor.py:840} INFO - DAG(s) 'tutorial_taskflow_api' retrieved from /home/airflow/.local/lib/python3.11/site-packages/airflow/example_dags/tutorial_taskflow_api.py
[2024-03-06T14:11:00.738+0000] {logging_mixin.py:188} INFO - [2024-03-06T14:11:00.738+0000] {dag.py:3047} INFO - Sync 1 DAGs
[2024-03-06T14:11:00.749+0000] {logging_mixin.py:188} INFO - [2024-03-06T14:11:00.749+0000] {dag.py:3834} INFO - Setting next_dagrun for tutorial_taskflow_api to None, run_after=None
[2024-03-06T14:11:00.770+0000] {processor.py:183} INFO - Processing /home/airflow/.local/lib/python3.11/site-packages/airflow/example_dags/tutorial_taskflow_api.py took 0.063 seconds
[2024-03-06T14:11:31.406+0000] {processor.py:161} INFO - Started process (PID=13248) to work on /home/airflow/.local/lib/python3.11/site-packages/airflow/example_dags/tutorial_taskflow_api.py
[2024-03-06T14:11:31.407+0000] {processor.py:830} INFO - Processing file /home/airflow/.local/lib/python3.11/site-packages/airflow/example_dags/tutorial_taskflow_api.py for tasks to queue
[2024-03-06T14:11:31.408+0000] {logging_mixin.py:188} INFO - [2024-03-06T14:11:31.408+0000] {dagbag.py:540} INFO - Filling up the DagBag from /home/airflow/.local/lib/python3.11/site-packages/airflow/example_dags/tutorial_taskflow_api.py
[2024-03-06T14:11:31.415+0000] {processor.py:840} INFO - DAG(s) 'tutorial_taskflow_api' retrieved from /home/airflow/.local/lib/python3.11/site-packages/airflow/example_dags/tutorial_taskflow_api.py
[2024-03-06T14:11:31.433+0000] {logging_mixin.py:188} INFO - [2024-03-06T14:11:31.433+0000] {dag.py:3047} INFO - Sync 1 DAGs
[2024-03-06T14:11:31.446+0000] {logging_mixin.py:188} INFO - [2024-03-06T14:11:31.445+0000] {dag.py:3834} INFO - Setting next_dagrun for tutorial_taskflow_api to None, run_after=None
[2024-03-06T14:11:31.466+0000] {processor.py:183} INFO - Processing /home/airflow/.local/lib/python3.11/site-packages/airflow/example_dags/tutorial_taskflow_api.py took 0.063 seconds
[2024-03-06T14:12:02.209+0000] {processor.py:161} INFO - Started process (PID=13495) to work on /home/airflow/.local/lib/python3.11/site-packages/airflow/example_dags/tutorial_taskflow_api.py
[2024-03-06T14:12:02.210+0000] {processor.py:830} INFO - Processing file /home/airflow/.local/lib/python3.11/site-packages/airflow/example_dags/tutorial_taskflow_api.py for tasks to queue
[2024-03-06T14:12:02.211+0000] {logging_mixin.py:188} INFO - [2024-03-06T14:12:02.211+0000] {dagbag.py:540} INFO - Filling up the DagBag from /home/airflow/.local/lib/python3.11/site-packages/airflow/example_dags/tutorial_taskflow_api.py
[2024-03-06T14:12:02.218+0000] {processor.py:840} INFO - DAG(s) 'tutorial_taskflow_api' retrieved from /home/airflow/.local/lib/python3.11/site-packages/airflow/example_dags/tutorial_taskflow_api.py
[2024-03-06T14:12:02.238+0000] {logging_mixin.py:188} INFO - [2024-03-06T14:12:02.237+0000] {dag.py:3047} INFO - Sync 1 DAGs
[2024-03-06T14:12:02.251+0000] {logging_mixin.py:188} INFO - [2024-03-06T14:12:02.250+0000] {dag.py:3834} INFO - Setting next_dagrun for tutorial_taskflow_api to None, run_after=None
[2024-03-06T14:12:02.273+0000] {processor.py:183} INFO - Processing /home/airflow/.local/lib/python3.11/site-packages/airflow/example_dags/tutorial_taskflow_api.py took 0.067 seconds
[2024-03-06T14:12:32.632+0000] {processor.py:161} INFO - Started process (PID=13742) to work on /home/airflow/.local/lib/python3.11/site-packages/airflow/example_dags/tutorial_taskflow_api.py
[2024-03-06T14:12:32.634+0000] {processor.py:830} INFO - Processing file /home/airflow/.local/lib/python3.11/site-packages/airflow/example_dags/tutorial_taskflow_api.py for tasks to queue
[2024-03-06T14:12:32.635+0000] {logging_mixin.py:188} INFO - [2024-03-06T14:12:32.634+0000] {dagbag.py:540} INFO - Filling up the DagBag from /home/airflow/.local/lib/python3.11/site-packages/airflow/example_dags/tutorial_taskflow_api.py
[2024-03-06T14:12:32.642+0000] {processor.py:840} INFO - DAG(s) 'tutorial_taskflow_api' retrieved from /home/airflow/.local/lib/python3.11/site-packages/airflow/example_dags/tutorial_taskflow_api.py
[2024-03-06T14:12:32.664+0000] {logging_mixin.py:188} INFO - [2024-03-06T14:12:32.664+0000] {dag.py:3047} INFO - Sync 1 DAGs
[2024-03-06T14:12:32.675+0000] {logging_mixin.py:188} INFO - [2024-03-06T14:12:32.675+0000] {dag.py:3834} INFO - Setting next_dagrun for tutorial_taskflow_api to None, run_after=None
[2024-03-06T14:12:32.696+0000] {processor.py:183} INFO - Processing /home/airflow/.local/lib/python3.11/site-packages/airflow/example_dags/tutorial_taskflow_api.py took 0.066 seconds
[2024-03-06T14:13:03.483+0000] {processor.py:161} INFO - Started process (PID=13989) to work on /home/airflow/.local/lib/python3.11/site-packages/airflow/example_dags/tutorial_taskflow_api.py
[2024-03-06T14:13:03.485+0000] {processor.py:830} INFO - Processing file /home/airflow/.local/lib/python3.11/site-packages/airflow/example_dags/tutorial_taskflow_api.py for tasks to queue
[2024-03-06T14:13:03.488+0000] {logging_mixin.py:188} INFO - [2024-03-06T14:13:03.487+0000] {dagbag.py:540} INFO - Filling up the DagBag from /home/airflow/.local/lib/python3.11/site-packages/airflow/example_dags/tutorial_taskflow_api.py
[2024-03-06T14:13:03.496+0000] {processor.py:840} INFO - DAG(s) 'tutorial_taskflow_api' retrieved from /home/airflow/.local/lib/python3.11/site-packages/airflow/example_dags/tutorial_taskflow_api.py
[2024-03-06T14:13:03.523+0000] {logging_mixin.py:188} INFO - [2024-03-06T14:13:03.523+0000] {dag.py:3047} INFO - Sync 1 DAGs
[2024-03-06T14:13:03.535+0000] {logging_mixin.py:188} INFO - [2024-03-06T14:13:03.535+0000] {dag.py:3834} INFO - Setting next_dagrun for tutorial_taskflow_api to None, run_after=None
[2024-03-06T14:13:03.554+0000] {processor.py:183} INFO - Processing /home/airflow/.local/lib/python3.11/site-packages/airflow/example_dags/tutorial_taskflow_api.py took 0.074 seconds
[2024-03-06T14:13:34.194+0000] {processor.py:161} INFO - Started process (PID=14236) to work on /home/airflow/.local/lib/python3.11/site-packages/airflow/example_dags/tutorial_taskflow_api.py
[2024-03-06T14:13:34.195+0000] {processor.py:830} INFO - Processing file /home/airflow/.local/lib/python3.11/site-packages/airflow/example_dags/tutorial_taskflow_api.py for tasks to queue
[2024-03-06T14:13:34.197+0000] {logging_mixin.py:188} INFO - [2024-03-06T14:13:34.197+0000] {dagbag.py:540} INFO - Filling up the DagBag from /home/airflow/.local/lib/python3.11/site-packages/airflow/example_dags/tutorial_taskflow_api.py
[2024-03-06T14:13:34.205+0000] {processor.py:840} INFO - DAG(s) 'tutorial_taskflow_api' retrieved from /home/airflow/.local/lib/python3.11/site-packages/airflow/example_dags/tutorial_taskflow_api.py
[2024-03-06T14:13:34.226+0000] {logging_mixin.py:188} INFO - [2024-03-06T14:13:34.226+0000] {dag.py:3047} INFO - Sync 1 DAGs
[2024-03-06T14:13:34.237+0000] {logging_mixin.py:188} INFO - [2024-03-06T14:13:34.237+0000] {dag.py:3834} INFO - Setting next_dagrun for tutorial_taskflow_api to None, run_after=None
[2024-03-06T14:13:34.257+0000] {processor.py:183} INFO - Processing /home/airflow/.local/lib/python3.11/site-packages/airflow/example_dags/tutorial_taskflow_api.py took 0.066 seconds
[2024-03-06T14:14:04.854+0000] {processor.py:161} INFO - Started process (PID=14483) to work on /home/airflow/.local/lib/python3.11/site-packages/airflow/example_dags/tutorial_taskflow_api.py
[2024-03-06T14:14:04.855+0000] {processor.py:830} INFO - Processing file /home/airflow/.local/lib/python3.11/site-packages/airflow/example_dags/tutorial_taskflow_api.py for tasks to queue
[2024-03-06T14:14:04.856+0000] {logging_mixin.py:188} INFO - [2024-03-06T14:14:04.856+0000] {dagbag.py:540} INFO - Filling up the DagBag from /home/airflow/.local/lib/python3.11/site-packages/airflow/example_dags/tutorial_taskflow_api.py
[2024-03-06T14:14:04.862+0000] {processor.py:840} INFO - DAG(s) 'tutorial_taskflow_api' retrieved from /home/airflow/.local/lib/python3.11/site-packages/airflow/example_dags/tutorial_taskflow_api.py
[2024-03-06T14:14:04.887+0000] {logging_mixin.py:188} INFO - [2024-03-06T14:14:04.887+0000] {dag.py:3047} INFO - Sync 1 DAGs
[2024-03-06T14:14:04.902+0000] {logging_mixin.py:188} INFO - [2024-03-06T14:14:04.902+0000] {dag.py:3834} INFO - Setting next_dagrun for tutorial_taskflow_api to None, run_after=None
[2024-03-06T14:14:04.920+0000] {processor.py:183} INFO - Processing /home/airflow/.local/lib/python3.11/site-packages/airflow/example_dags/tutorial_taskflow_api.py took 0.070 seconds
[2024-03-06T14:14:35.104+0000] {processor.py:161} INFO - Started process (PID=14730) to work on /home/airflow/.local/lib/python3.11/site-packages/airflow/example_dags/tutorial_taskflow_api.py
[2024-03-06T14:14:35.106+0000] {processor.py:830} INFO - Processing file /home/airflow/.local/lib/python3.11/site-packages/airflow/example_dags/tutorial_taskflow_api.py for tasks to queue
[2024-03-06T14:14:35.109+0000] {logging_mixin.py:188} INFO - [2024-03-06T14:14:35.108+0000] {dagbag.py:540} INFO - Filling up the DagBag from /home/airflow/.local/lib/python3.11/site-packages/airflow/example_dags/tutorial_taskflow_api.py
[2024-03-06T14:14:35.116+0000] {processor.py:840} INFO - DAG(s) 'tutorial_taskflow_api' retrieved from /home/airflow/.local/lib/python3.11/site-packages/airflow/example_dags/tutorial_taskflow_api.py
[2024-03-06T14:14:35.136+0000] {logging_mixin.py:188} INFO - [2024-03-06T14:14:35.135+0000] {dag.py:3047} INFO - Sync 1 DAGs
[2024-03-06T14:14:35.150+0000] {logging_mixin.py:188} INFO - [2024-03-06T14:14:35.150+0000] {dag.py:3834} INFO - Setting next_dagrun for tutorial_taskflow_api to None, run_after=None
[2024-03-06T14:14:35.172+0000] {processor.py:183} INFO - Processing /home/airflow/.local/lib/python3.11/site-packages/airflow/example_dags/tutorial_taskflow_api.py took 0.072 seconds
[2024-03-06T14:15:05.287+0000] {processor.py:161} INFO - Started process (PID=14977) to work on /home/airflow/.local/lib/python3.11/site-packages/airflow/example_dags/tutorial_taskflow_api.py
[2024-03-06T14:15:05.288+0000] {processor.py:830} INFO - Processing file /home/airflow/.local/lib/python3.11/site-packages/airflow/example_dags/tutorial_taskflow_api.py for tasks to queue
[2024-03-06T14:15:05.289+0000] {logging_mixin.py:188} INFO - [2024-03-06T14:15:05.289+0000] {dagbag.py:540} INFO - Filling up the DagBag from /home/airflow/.local/lib/python3.11/site-packages/airflow/example_dags/tutorial_taskflow_api.py
[2024-03-06T14:15:05.296+0000] {processor.py:840} INFO - DAG(s) 'tutorial_taskflow_api' retrieved from /home/airflow/.local/lib/python3.11/site-packages/airflow/example_dags/tutorial_taskflow_api.py
[2024-03-06T14:15:05.317+0000] {logging_mixin.py:188} INFO - [2024-03-06T14:15:05.316+0000] {dag.py:3047} INFO - Sync 1 DAGs
[2024-03-06T14:15:05.333+0000] {logging_mixin.py:188} INFO - [2024-03-06T14:15:05.333+0000] {dag.py:3834} INFO - Setting next_dagrun for tutorial_taskflow_api to None, run_after=None
[2024-03-06T14:15:05.353+0000] {processor.py:183} INFO - Processing /home/airflow/.local/lib/python3.11/site-packages/airflow/example_dags/tutorial_taskflow_api.py took 0.071 seconds
[2024-03-06T14:15:35.524+0000] {processor.py:161} INFO - Started process (PID=15224) to work on /home/airflow/.local/lib/python3.11/site-packages/airflow/example_dags/tutorial_taskflow_api.py
[2024-03-06T14:15:35.528+0000] {processor.py:830} INFO - Processing file /home/airflow/.local/lib/python3.11/site-packages/airflow/example_dags/tutorial_taskflow_api.py for tasks to queue
[2024-03-06T14:15:35.529+0000] {logging_mixin.py:188} INFO - [2024-03-06T14:15:35.529+0000] {dagbag.py:540} INFO - Filling up the DagBag from /home/airflow/.local/lib/python3.11/site-packages/airflow/example_dags/tutorial_taskflow_api.py
[2024-03-06T14:15:35.536+0000] {processor.py:840} INFO - DAG(s) 'tutorial_taskflow_api' retrieved from /home/airflow/.local/lib/python3.11/site-packages/airflow/example_dags/tutorial_taskflow_api.py
[2024-03-06T14:15:35.556+0000] {logging_mixin.py:188} INFO - [2024-03-06T14:15:35.556+0000] {dag.py:3047} INFO - Sync 1 DAGs
[2024-03-06T14:15:35.566+0000] {logging_mixin.py:188} INFO - [2024-03-06T14:15:35.566+0000] {dag.py:3834} INFO - Setting next_dagrun for tutorial_taskflow_api to None, run_after=None
[2024-03-06T14:15:35.583+0000] {processor.py:183} INFO - Processing /home/airflow/.local/lib/python3.11/site-packages/airflow/example_dags/tutorial_taskflow_api.py took 0.061 seconds
[2024-03-06T14:16:05.670+0000] {processor.py:161} INFO - Started process (PID=15471) to work on /home/airflow/.local/lib/python3.11/site-packages/airflow/example_dags/tutorial_taskflow_api.py
[2024-03-06T14:16:05.671+0000] {processor.py:830} INFO - Processing file /home/airflow/.local/lib/python3.11/site-packages/airflow/example_dags/tutorial_taskflow_api.py for tasks to queue
[2024-03-06T14:16:05.673+0000] {logging_mixin.py:188} INFO - [2024-03-06T14:16:05.672+0000] {dagbag.py:540} INFO - Filling up the DagBag from /home/airflow/.local/lib/python3.11/site-packages/airflow/example_dags/tutorial_taskflow_api.py
[2024-03-06T14:16:05.681+0000] {processor.py:840} INFO - DAG(s) 'tutorial_taskflow_api' retrieved from /home/airflow/.local/lib/python3.11/site-packages/airflow/example_dags/tutorial_taskflow_api.py
[2024-03-06T14:16:05.703+0000] {logging_mixin.py:188} INFO - [2024-03-06T14:16:05.702+0000] {dag.py:3047} INFO - Sync 1 DAGs
[2024-03-06T14:16:05.719+0000] {logging_mixin.py:188} INFO - [2024-03-06T14:16:05.718+0000] {dag.py:3834} INFO - Setting next_dagrun for tutorial_taskflow_api to None, run_after=None
[2024-03-06T14:16:05.741+0000] {processor.py:183} INFO - Processing /home/airflow/.local/lib/python3.11/site-packages/airflow/example_dags/tutorial_taskflow_api.py took 0.073 seconds
[2024-03-06T14:16:36.393+0000] {processor.py:161} INFO - Started process (PID=15718) to work on /home/airflow/.local/lib/python3.11/site-packages/airflow/example_dags/tutorial_taskflow_api.py
[2024-03-06T14:16:36.394+0000] {processor.py:830} INFO - Processing file /home/airflow/.local/lib/python3.11/site-packages/airflow/example_dags/tutorial_taskflow_api.py for tasks to queue
[2024-03-06T14:16:36.395+0000] {logging_mixin.py:188} INFO - [2024-03-06T14:16:36.395+0000] {dagbag.py:540} INFO - Filling up the DagBag from /home/airflow/.local/lib/python3.11/site-packages/airflow/example_dags/tutorial_taskflow_api.py
[2024-03-06T14:16:36.403+0000] {processor.py:840} INFO - DAG(s) 'tutorial_taskflow_api' retrieved from /home/airflow/.local/lib/python3.11/site-packages/airflow/example_dags/tutorial_taskflow_api.py
[2024-03-06T14:16:36.424+0000] {logging_mixin.py:188} INFO - [2024-03-06T14:16:36.423+0000] {dag.py:3047} INFO - Sync 1 DAGs
[2024-03-06T14:16:36.436+0000] {logging_mixin.py:188} INFO - [2024-03-06T14:16:36.436+0000] {dag.py:3834} INFO - Setting next_dagrun for tutorial_taskflow_api to None, run_after=None
[2024-03-06T14:16:36.457+0000] {processor.py:183} INFO - Processing /home/airflow/.local/lib/python3.11/site-packages/airflow/example_dags/tutorial_taskflow_api.py took 0.068 seconds
[2024-03-06T14:17:07.176+0000] {processor.py:161} INFO - Started process (PID=15965) to work on /home/airflow/.local/lib/python3.11/site-packages/airflow/example_dags/tutorial_taskflow_api.py
[2024-03-06T14:17:07.178+0000] {processor.py:830} INFO - Processing file /home/airflow/.local/lib/python3.11/site-packages/airflow/example_dags/tutorial_taskflow_api.py for tasks to queue
[2024-03-06T14:17:07.180+0000] {logging_mixin.py:188} INFO - [2024-03-06T14:17:07.179+0000] {dagbag.py:540} INFO - Filling up the DagBag from /home/airflow/.local/lib/python3.11/site-packages/airflow/example_dags/tutorial_taskflow_api.py
[2024-03-06T14:17:07.189+0000] {processor.py:840} INFO - DAG(s) 'tutorial_taskflow_api' retrieved from /home/airflow/.local/lib/python3.11/site-packages/airflow/example_dags/tutorial_taskflow_api.py
[2024-03-06T14:17:07.211+0000] {logging_mixin.py:188} INFO - [2024-03-06T14:17:07.211+0000] {dag.py:3047} INFO - Sync 1 DAGs
[2024-03-06T14:17:07.225+0000] {logging_mixin.py:188} INFO - [2024-03-06T14:17:07.224+0000] {dag.py:3834} INFO - Setting next_dagrun for tutorial_taskflow_api to None, run_after=None
[2024-03-06T14:17:07.247+0000] {processor.py:183} INFO - Processing /home/airflow/.local/lib/python3.11/site-packages/airflow/example_dags/tutorial_taskflow_api.py took 0.074 seconds
[2024-03-06T14:17:37.516+0000] {processor.py:161} INFO - Started process (PID=16211) to work on /home/airflow/.local/lib/python3.11/site-packages/airflow/example_dags/tutorial_taskflow_api.py
[2024-03-06T14:17:37.518+0000] {processor.py:830} INFO - Processing file /home/airflow/.local/lib/python3.11/site-packages/airflow/example_dags/tutorial_taskflow_api.py for tasks to queue
[2024-03-06T14:17:37.523+0000] {logging_mixin.py:188} INFO - [2024-03-06T14:17:37.519+0000] {dagbag.py:540} INFO - Filling up the DagBag from /home/airflow/.local/lib/python3.11/site-packages/airflow/example_dags/tutorial_taskflow_api.py
[2024-03-06T14:17:37.557+0000] {processor.py:840} INFO - DAG(s) 'tutorial_taskflow_api' retrieved from /home/airflow/.local/lib/python3.11/site-packages/airflow/example_dags/tutorial_taskflow_api.py
[2024-03-06T14:17:37.593+0000] {logging_mixin.py:188} INFO - [2024-03-06T14:17:37.593+0000] {dag.py:3047} INFO - Sync 1 DAGs
[2024-03-06T14:17:37.613+0000] {logging_mixin.py:188} INFO - [2024-03-06T14:17:37.613+0000] {dag.py:3834} INFO - Setting next_dagrun for tutorial_taskflow_api to None, run_after=None
[2024-03-06T14:17:37.645+0000] {processor.py:183} INFO - Processing /home/airflow/.local/lib/python3.11/site-packages/airflow/example_dags/tutorial_taskflow_api.py took 0.136 seconds
[2024-03-06T14:18:07.943+0000] {processor.py:161} INFO - Started process (PID=16459) to work on /home/airflow/.local/lib/python3.11/site-packages/airflow/example_dags/tutorial_taskflow_api.py
[2024-03-06T14:18:07.945+0000] {processor.py:830} INFO - Processing file /home/airflow/.local/lib/python3.11/site-packages/airflow/example_dags/tutorial_taskflow_api.py for tasks to queue
[2024-03-06T14:18:07.947+0000] {logging_mixin.py:188} INFO - [2024-03-06T14:18:07.946+0000] {dagbag.py:540} INFO - Filling up the DagBag from /home/airflow/.local/lib/python3.11/site-packages/airflow/example_dags/tutorial_taskflow_api.py
[2024-03-06T14:18:07.971+0000] {processor.py:840} INFO - DAG(s) 'tutorial_taskflow_api' retrieved from /home/airflow/.local/lib/python3.11/site-packages/airflow/example_dags/tutorial_taskflow_api.py
[2024-03-06T14:18:08.037+0000] {logging_mixin.py:188} INFO - [2024-03-06T14:18:08.037+0000] {dag.py:3047} INFO - Sync 1 DAGs
[2024-03-06T14:18:08.065+0000] {logging_mixin.py:188} INFO - [2024-03-06T14:18:08.065+0000] {dag.py:3834} INFO - Setting next_dagrun for tutorial_taskflow_api to None, run_after=None
[2024-03-06T14:18:08.143+0000] {processor.py:183} INFO - Processing /home/airflow/.local/lib/python3.11/site-packages/airflow/example_dags/tutorial_taskflow_api.py took 0.206 seconds
[2024-03-06T14:18:38.614+0000] {processor.py:161} INFO - Started process (PID=16705) to work on /home/airflow/.local/lib/python3.11/site-packages/airflow/example_dags/tutorial_taskflow_api.py
[2024-03-06T14:18:38.619+0000] {processor.py:830} INFO - Processing file /home/airflow/.local/lib/python3.11/site-packages/airflow/example_dags/tutorial_taskflow_api.py for tasks to queue
[2024-03-06T14:18:38.621+0000] {logging_mixin.py:188} INFO - [2024-03-06T14:18:38.620+0000] {dagbag.py:540} INFO - Filling up the DagBag from /home/airflow/.local/lib/python3.11/site-packages/airflow/example_dags/tutorial_taskflow_api.py
[2024-03-06T14:18:38.686+0000] {processor.py:840} INFO - DAG(s) 'tutorial_taskflow_api' retrieved from /home/airflow/.local/lib/python3.11/site-packages/airflow/example_dags/tutorial_taskflow_api.py
[2024-03-06T14:18:38.814+0000] {logging_mixin.py:188} INFO - [2024-03-06T14:18:38.814+0000] {dag.py:3047} INFO - Sync 1 DAGs
[2024-03-06T14:18:38.881+0000] {logging_mixin.py:188} INFO - [2024-03-06T14:18:38.881+0000] {dag.py:3834} INFO - Setting next_dagrun for tutorial_taskflow_api to None, run_after=None
[2024-03-06T14:18:39.011+0000] {processor.py:183} INFO - Processing /home/airflow/.local/lib/python3.11/site-packages/airflow/example_dags/tutorial_taskflow_api.py took 0.405 seconds
[2024-03-06T14:19:09.437+0000] {processor.py:161} INFO - Started process (PID=16952) to work on /home/airflow/.local/lib/python3.11/site-packages/airflow/example_dags/tutorial_taskflow_api.py
[2024-03-06T14:19:09.439+0000] {processor.py:830} INFO - Processing file /home/airflow/.local/lib/python3.11/site-packages/airflow/example_dags/tutorial_taskflow_api.py for tasks to queue
[2024-03-06T14:19:09.441+0000] {logging_mixin.py:188} INFO - [2024-03-06T14:19:09.441+0000] {dagbag.py:540} INFO - Filling up the DagBag from /home/airflow/.local/lib/python3.11/site-packages/airflow/example_dags/tutorial_taskflow_api.py
[2024-03-06T14:19:09.454+0000] {processor.py:840} INFO - DAG(s) 'tutorial_taskflow_api' retrieved from /home/airflow/.local/lib/python3.11/site-packages/airflow/example_dags/tutorial_taskflow_api.py
[2024-03-06T14:19:09.486+0000] {logging_mixin.py:188} INFO - [2024-03-06T14:19:09.486+0000] {dag.py:3047} INFO - Sync 1 DAGs
[2024-03-06T14:19:09.508+0000] {logging_mixin.py:188} INFO - [2024-03-06T14:19:09.507+0000] {dag.py:3834} INFO - Setting next_dagrun for tutorial_taskflow_api to None, run_after=None
[2024-03-06T14:19:09.535+0000] {processor.py:183} INFO - Processing /home/airflow/.local/lib/python3.11/site-packages/airflow/example_dags/tutorial_taskflow_api.py took 0.102 seconds
